#                                                                            --- full sequence --- -------------- this domain -------------   hmm coord   ali coord   env coord
# target name        accession   tlen query name           accession   qlen   E-value  score  bias   #  of  c-Evalue  i-Evalue  score  bias  from    to  from    to  from    to  acc description of target
#------------------- ---------- ----- -------------------- ---------- ----- --------- ------ ----- --- --- --------- --------- ------ ----- ----- ----- ----- ----- ----- ----- ---- ---------------------
d1fsga_c.61.1.1      -            233 d1a3ca_c.61.1.1.aln  -            207   2.3e-74  244.8   0.1   1   1   4.8e-76   2.7e-74  244.6   0.1     2   207    35   231    34   231 0.99 -
d1tc1a_c.61.1.1      -            184 d1a3ca_c.61.1.1.aln  -            207   2.7e-56  185.8   1.0   1   1   5.3e-58     3e-56  185.7   1.0     8   201     1   183     1   184 0.99 -
d1qb7a_c.61.1.1      -            236 d1a3ca_c.61.1.1.aln  -            207   8.2e-55  181.0   0.0   1   1   1.6e-56   9.2e-55  180.8   0.0     2   205     7   205     6   207 0.98 -
d1xtta1c.61.1.1      -            215 d1a3ca_c.61.1.1.aln  -            207   2.7e-49  162.9   3.0   1   1   5.5e-51   3.1e-49  162.8   3.0     2   205     8   215     7   215 0.99 -
d1ecfa1c.61.1.1      -            243 d1a3ca_c.61.1.1.aln  -            207   4.5e-47  155.7   0.2   1   1   9.2e-49   5.2e-47  155.5   0.2     1   205     6   213     6   215 0.99 -
d1dqna_c.61.1.1      -            230 d1a3ca_c.61.1.1.aln  -            207   1.3e-43  144.4   0.1   1   1   2.7e-45   1.5e-43  144.2   0.1     2   206     1   208     1   209 0.98 -
d1y0ba1c.61.1.1      -            191 d1a3ca_c.61.1.1.aln  -            207   2.4e-27   91.3   0.1   1   1   4.5e-29   2.6e-27   91.2   0.1    16   198     3   184     1   191 0.96 -
d2aeea1c.61.1.1      -            208 d1a3ca_c.61.1.1.aln  -            207   6.3e-27   89.9   0.1   1   1   1.3e-28   7.3e-27   89.7   0.1     3   197     4   196     1   205 0.95 -
d1vdma1c.61.1.1      -            153 d1a3ca_c.61.1.1.aln  -            207   6.4e-26   86.6   1.8   1   1   2.9e-27   1.6e-25   85.3   1.8    11   189     1   152     1   153 0.92 -
d1wd5a_c.61.1.1      -            208 d1a3ca_c.61.1.1.aln  -            207   2.7e-25   84.6   2.3   1   1   5.1e-27   2.9e-25   84.5   2.3     3   203     5   206     2   208 0.97 -
d1p4aa2c.61.1.1      -            202 d1a3ca_c.61.1.1.aln  -            207     8e-25   83.0   0.1   1   1   1.5e-26   8.7e-25   82.9   0.1    13   204     2   195     1   198 0.96 -
d1nula_c.61.1.1      -            150 d1a3ca_c.61.1.1.aln  -            207     9e-18   60.0   0.0   1   1   5.3e-19     3e-17   58.3   0.0    12   179     1   141     1   146 0.88 -
d1vcha1c.61.1.1      -            174 d1a3ca_c.61.1.1.aln  -            207   1.9e-17   58.9   0.4   1   1   3.9e-19   2.2e-17   58.7   0.4    14   173     3   160     1   173 0.94 -
d1a3ca_c.61.1.1      -            178 d1a3ca_c.61.1.1.aln  -            207   1.8e-15   52.5   2.3   1   1   3.6e-17     2e-15   52.3   2.3    30   190    21   177     3   178 0.92 -
#
# Program:         hmmsearch
# Version:         3.1b2 (February 2015)
# Pipeline mode:   SEARCH
# Query file:      hmmModels95/d1a3ca_c.61.1.1.hmm
# Target file:     scop/scopTestSeq.fasta
# Option settings: hmmsearch --domtblout hmmModels95/d1a3ca_c.61.1.1.out -E 1 hmmModels95/d1a3ca_c.61.1.1.hmm scop/scopTestSeq.fasta 
# Current dir:     /users/nfs/Etu7/3801677/SBAS/TME8
# Date:            Tue Apr  4 15:53:34 2023
# [ok]
