#                                                                            --- full sequence --- -------------- this domain -------------   hmm coord   ali coord   env coord
# target name        accession   tlen query name           accession   qlen   E-value  score  bias   #  of  c-Evalue  i-Evalue  score  bias  from    to  from    to  from    to  acc description of target
#------------------- ---------- ----- -------------------- ---------- ----- --------- ------ ----- --- --- --------- --------- ------ ----- ----- ----- ----- ----- ----- ----- ---- ---------------------
d1g41a_c.37.1.20     -            443 d1a5ta2c.37.1.20.aln -            299  1.3e-140  463.0   8.4   1   1  5.4e-142  1.8e-140  462.6   8.4     1   299     6   428     6   428 1.00 -
d1um8a_c.37.1.20     -            364 d1a5ta2c.37.1.20.aln -            299     5e-95  313.4   4.6   1   1   1.7e-96   5.6e-95  313.2   4.6     1   299     9   357     9   357 0.99 -
d2p65a_c.37.1.20     -            185 d1a5ta2c.37.1.20.aln -            299     2e-60  199.8   1.7   1   1   6.8e-62   2.2e-60  199.6   1.7     2   198     1   184     1   185 0.99 -
d1svma_c.37.1.20     -            362 d1a5ta2c.37.1.20.aln -            299   1.2e-50  167.7   0.0   1   1     4e-52   1.3e-50  167.6   0.0     2   298     2   352     1   353 0.99 -
d1iqpa2c.37.1.20     -            231 d1a5ta2c.37.1.20.aln -            299   4.1e-43  143.0   0.3   1   1   1.6e-44   5.2e-43  142.6   0.3     4   239     7   226     5   230 0.97 -
d1r6bx3c.37.1.20     -            315 d1a5ta2c.37.1.20.aln -            299   2.1e-42  140.6   0.1   1   1   7.9e-44   2.6e-42  140.3   0.1     3   295     4   302     2   305 0.98 -
d1lv7a_c.37.1.20     -            256 d1a5ta2c.37.1.20.aln -            299   8.5e-36  118.9   0.0   1   1     3e-37     1e-35  118.7   0.0    28   256    26   254    14   256 0.95 -
d1sxja2c.37.1.20     -            253 d1a5ta2c.37.1.20.aln -            299   1.3e-35  118.3   0.0   1   1   4.5e-37   1.5e-35  118.1   0.0     8   247     1   250     1   253 0.98 -
d1njfa_c.37.1.20     -            239 d1a5ta2c.37.1.20.aln -            299   5.9e-29   96.5   0.0   1   1   2.2e-30   7.1e-29   96.2   0.0    11   232     2   225     1   236 0.95 -
d1g8pa_c.37.1.20     -            333 d1a5ta2c.37.1.20.aln -            299   5.9e-28   93.2   0.0   1   2    0.0029     0.096    7.1   0.0    47    68    31    52    19    54 0.92 -
d1g8pa_c.37.1.20     -            333 d1a5ta2c.37.1.20.aln -            299   5.9e-28   93.2   0.0   2   2   6.3e-27   2.1e-25   84.8   0.0    45   298    54   316    50   317 0.97 -
d1in4a2c.37.1.20     -            238 d1a5ta2c.37.1.20.aln -            299   1.1e-21   72.6   5.0   1   1   5.5e-21   1.8e-19   65.3   5.0    15   250     3   233     1   237 0.96 -
d1fnna2c.37.1.20     -            276 d1a5ta2c.37.1.20.aln -            299   1.2e-21   72.4   0.0   1   1   4.7e-23   1.6e-21   72.1   0.0     6   267     4   275     1   276 0.96 -
d2a5yb3c.37.1.20     -            277 d1a5ta2c.37.1.20.aln -            299   9.7e-18   59.6   0.0   1   1   3.5e-19   1.2e-17   59.4   0.0     5   284     5   273     2   277 0.98 -
d1w5sa2c.37.1.20     -            287 d1a5ta2c.37.1.20.aln -            299   2.7e-17   58.1   0.1   1   1   9.1e-19     3e-17   58.0   0.1     4   278     2   281     1   287 0.94 -
d1ny5a2c.37.1.20     -            247 d1a5ta2c.37.1.20.aln -            299   3.5e-17   57.8   0.3   1   1   1.3e-18   4.2e-17   57.5   0.3    24   244     7   224     1   245 0.92 -
d1d2na_c.37.1.20     -            246 d1a5ta2c.37.1.20.aln -            299     7e-17   56.8   0.0   1   1   2.3e-18   7.5e-17   56.7   0.0    12   252    11   243     1   246 0.87 -
d2fnaa2c.37.1.20     -            283 d1a5ta2c.37.1.20.aln -            299   8.6e-16   53.2   0.1   1   1   2.8e-17   9.3e-16   53.1   0.1    17   286     8   279     1   283 0.94 -
d1u0ja_c.37.1.20     -            267 d1a5ta2c.37.1.20.aln -            299   9.1e-10   33.4   0.0   1   1   3.5e-11   1.1e-09   33.1   0.0     7   270     5   264     1   266 0.96 -
d1l8qa2c.37.1.20     -            213 d1a5ta2c.37.1.20.aln -            299   2.7e-09   31.9   0.2   1   2   5.9e-10   1.9e-08   29.1   0.0    13   136     5   114     2   128 0.90 -
d1l8qa2c.37.1.20     -            213 d1a5ta2c.37.1.20.aln -            299   2.7e-09   31.9   0.2   2   2      0.25       8.1    0.8   0.1   194   224   162   192   144   212 0.60 -
d1jqlb_c.37.1.20     -            140 d1a5ta2c.37.1.20.aln -            299   2.5e-05   18.9   0.0   1   1   8.5e-07   2.8e-05   18.7   0.0    25   163     4   132     2   140 0.88 -
d1y63a_c.37.1.1      -            174 d1a5ta2c.37.1.20.aln -            299   3.3e-05   18.5   0.1   1   3     1e-06   3.3e-05   18.5   0.1    46    71     7    32     4    45 0.87 -
d1y63a_c.37.1.1      -            174 d1a5ta2c.37.1.20.aln -            299   3.3e-05   18.5   0.1   2   3       2.8        92   -2.7   0.0     6    21    53    68    51    70 0.84 -
d1y63a_c.37.1.1      -            174 d1a5ta2c.37.1.20.aln -            299   3.3e-05   18.5   0.1   3   3       1.6        52   -1.9   0.3   171   179   132   140   111   171 0.53 -
d1tuea_c.37.1.20     -            205 d1a5ta2c.37.1.20.aln -            299   8.2e-05   17.2   0.0   1   1   5.1e-06   0.00017   16.2   0.0    14   168    10   149     1   205 0.82 -
d2gnoa2c.37.1.20     -            198 d1a5ta2c.37.1.20.aln -            299   0.00089   13.8   0.1   1   1   2.9e-05   0.00095   13.7   0.1    34   216    10   175     1   197 0.70 -
d1ly1a_c.37.1.1      -            152 d1a5ta2c.37.1.20.aln -            299    0.0056   11.2   0.0   1   1   0.00023    0.0077   10.7   0.0    44    62     2    20     1    25 0.91 -
#
# Program:         hmmsearch
# Version:         3.1b2 (February 2015)
# Pipeline mode:   SEARCH
# Query file:      hmmModels95/d1a5ta2c.37.1.20.hmm
# Target file:     scop/scopTestSeq.fasta
# Option settings: hmmsearch --domtblout hmmModels95/d1a5ta2c.37.1.20.out -E 1 hmmModels95/d1a5ta2c.37.1.20.hmm scop/scopTestSeq.fasta 
# Current dir:     /users/nfs/Etu7/3801677/SBAS/TME8
# Date:            Tue Apr  4 15:53:34 2023
# [ok]
