#                                                                            --- full sequence --- -------------- this domain -------------   hmm coord   ali coord   env coord
# target name        accession   tlen query name           accession   qlen   E-value  score  bias   #  of  c-Evalue  i-Evalue  score  bias  from    to  from    to  from    to  acc description of target
#------------------- ---------- ----- -------------------- ---------- ----- --------- ------ ----- --- --- --------- --------- ------ ----- ----- ----- ----- ----- ----- ----- ---- ---------------------
d1d7qa_b.40.4.5      -            143 d1a62a2b.40.4.5.aln  -             92     4e-20   67.6   0.7   1   2   1.7e-21   5.6e-20   67.2   0.1     2    91    19   112    18   113 0.97 -
d1d7qa_b.40.4.5      -            143 d1a62a2b.40.4.5.aln  -             92     4e-20   67.6   0.7   2   2       9.5   3.1e+02   -2.4   0.1    57    75   118   136   115   138 0.63 -
d2vnud3b.40.4.5      -            148 d1a62a2b.40.4.5.aln  -             92   7.1e-19   63.6   0.0   1   1   2.8e-20   9.1e-19   63.3   0.0     1    92    23   119    23   119 0.98 -
d2nn6i1b.40.4.5      -            125 d1a62a2b.40.4.5.aln  -             92   1.1e-18   63.1   0.0   1   1   3.8e-20   1.3e-18   62.8   0.0     3    90     2    93     1    95 0.96 -
d2uubl1b.40.4.5      -            118 d1a62a2b.40.4.5.aln  -             92   2.9e-18   61.7   2.1   1   1   8.9e-20   2.9e-18   61.7   1.3     2    91    22   105    21   106 0.96 -
d1rl2a2b.40.4.5      -             66 d1a62a2b.40.4.5.aln  -             92     3e-15   52.0   0.3   1   1   9.7e-17   3.2e-15   51.9   0.3    26    90     2    64     1    66 0.97 -
d2uubq1b.40.4.5      -            100 d1a62a2b.40.4.5.aln  -             92   1.3e-14   50.0   1.9   1   1   4.9e-16   1.6e-14   49.7   1.9     7    89     3    83     1    86 0.96 -
d1wi5a_b.40.4.5      -            119 d1a62a2b.40.4.5.aln  -             92   7.4e-12   41.2   0.0   1   1   2.6e-13   8.4e-12   41.0   0.0     3    90    16   108    14   110 0.95 -
d1kl9a2b.40.4.5      -             86 d1a62a2b.40.4.5.aln  -             92   1.4e-11   40.3   0.7   1   1   4.8e-13   1.6e-11   40.1   0.7     1    85     6    86     6    86 0.94 -
d1go3e1b.40.4.5      -            106 d1a62a2b.40.4.5.aln  -             92   5.5e-11   38.4   0.5   1   1     2e-12   6.6e-11   38.1   0.5     6    82     1    81     1    90 0.90 -
d3bzka4b.40.4.5      -             94 d1a62a2b.40.4.5.aln  -             92   8.8e-11   37.7   0.6   1   1     3e-12   9.7e-11   37.6   0.6     2    88    12    92    11    94 0.90 -
d1jt8a_b.40.4.5      -            102 d1a62a2b.40.4.5.aln  -             92   5.9e-09   31.9   1.2   1   1   2.3e-10   7.7e-09   31.5   1.2     3    89     9   100     7   101 0.95 -
d2ja9a1b.40.4.5      -             90 d1a62a2b.40.4.5.aln  -             92   1.7e-08   30.4   0.0   1   1   6.3e-10   2.1e-08   30.1   0.0     2    82     1    75     1    84 0.93 -
d2je6i1b.40.4.5      -             87 d1a62a2b.40.4.5.aln  -             92   2.7e-08   29.8   0.8   1   1     9e-10     3e-08   29.6   0.8     3    89     2    85     1    87 0.93 -
d2nn6h1b.40.4.5      -             95 d1a62a2b.40.4.5.aln  -             92   1.2e-07   27.7   0.0   1   1   4.3e-09   1.4e-07   27.5   0.0     3    84     3    87     1    91 0.88 -
d1e3pa2b.40.4.5      -             62 d1a62a2b.40.4.5.aln  -             92   1.3e-06   24.4   0.2   1   1   4.1e-08   1.3e-06   24.3   0.2    14    74     1    59     1    62 0.95 -
d1c9oa_b.40.4.5      -             66 d1a62a2b.40.4.5.aln  -             92   1.9e-06   23.9   0.1   1   1   6.3e-08   2.1e-06   23.7   0.1    13    78     3    60     1    65 0.91 -
d1smxa_b.40.4.5      -             87 d1a62a2b.40.4.5.aln  -             92   4.2e-06   22.8   0.0   1   1   1.4e-07   4.6e-06   22.6   0.0    11    82     3    79     2    87 0.89 -
d1luza_b.40.4.5      -             85 d1a62a2b.40.4.5.aln  -             92   1.2e-05   21.2   0.6   1   1   4.3e-07   1.4e-05   21.1   0.6     6    88     6    83     2    85 0.93 -
d2asba1b.40.4.5      -             76 d1a62a2b.40.4.5.aln  -             92   2.4e-05   20.4   0.3   1   1   7.5e-07   2.5e-05   20.3   0.3     5    83     4    74     1    76 0.80 -
d1jjga_b.40.4.5      -            102 d1a62a2b.40.4.5.aln  -             92   3.6e-05   19.8   0.4   1   1   1.5e-06   4.8e-05   19.4   0.4     2    84     8    95     7   101 0.86 -
d1hh2p1b.40.4.5      -             72 d1a62a2b.40.4.5.aln  -             92    0.0002   17.4   0.3   1   1     6e-06    0.0002   17.4   0.3    25    77    13    64     2    72 0.83 -
d1x6oa2b.40.4.5      -             79 d1a62a2b.40.4.5.aln  -             92    0.0008   15.5   0.0   1   1   9.4e-05    0.0031   13.6   0.0     2    85     2    78     1    79 0.84 -
d3i4oa_b.40.4.5      -             68 d1a62a2b.40.4.5.aln  -             92   0.00091   15.3   0.3   1   1   2.9e-05   0.00096   15.2   0.3     8    73     4    67     1    68 0.84 -
d1y14b1b.40.4.5      -             91 d1a62a2b.40.4.5.aln  -             92    0.0024   13.9   0.0   1   1   8.1e-05    0.0026   13.8   0.0     4    90     2    86     1    88 0.87 -
#
# Program:         hmmsearch
# Version:         3.1b2 (February 2015)
# Pipeline mode:   SEARCH
# Query file:      hmmModels95/d1a62a2b.40.4.5.hmm
# Target file:     scop/scopTestSeq.fasta
# Option settings: hmmsearch --domtblout hmmModels95/d1a62a2b.40.4.5.out -E 1 hmmModels95/d1a62a2b.40.4.5.hmm scop/scopTestSeq.fasta 
# Current dir:     /users/nfs/Etu7/3801677/SBAS/TME8
# Date:            Tue Apr  4 15:53:34 2023
# [ok]
