#                                                                            --- full sequence --- -------------- this domain -------------   hmm coord   ali coord   env coord
# target name        accession   tlen query name           accession   qlen   E-value  score  bias   #  of  c-Evalue  i-Evalue  score  bias  from    to  from    to  from    to  acc description of target
#------------------- ---------- ----- -------------------- ---------- ----- --------- ------ ----- --- --- --------- --------- ------ ----- ----- ----- ----- ----- ----- ----- ---- ---------------------
d2bg1a1e.3.1.1       -            453 d1alqa_e.3.1.1.aln   -            313  5.9e-104  343.1  14.2   1   1  1.6e-105  7.1e-104  342.9  14.2     1   313    48   429    48   429 1.00 -
d2v2ff_e.3.1.1       -            384 d1alqa_e.3.1.1.aln   -            313     4e-84  278.0  17.2   1   1     1e-85   4.6e-84  277.8  17.2     2   313    32   375    31   375 1.00 -
d1qmea4e.3.1.1       -            357 d1alqa_e.3.1.1.aln   -            313   8.6e-80  263.7   5.9   1   1   2.2e-81   9.7e-80  263.6   5.9     1   313     1   352     1   352 0.99 -
d2p74a_e.3.1.1       -            263 d1alqa_e.3.1.1.aln   -            313   1.5e-75  249.9   3.6   1   1   3.7e-77   1.6e-75  249.7   3.6     8   298     3   263     1   263 0.99 -
d2hdsa_e.3.1.1       -            358 d1alqa_e.3.1.1.aln   -            313   1.3e-73  243.4   3.2   1   1   3.4e-75   1.5e-73  243.3   3.2     5   299     3   358     1   358 0.99 -
d2olua2e.3.1.1       -            400 d1alqa_e.3.1.1.aln   -            313   4.2e-67  222.1  18.1   1   1   1.6e-68   7.1e-67  221.3  18.1     1   312    27   382    27   383 0.99 -
d2drwa1e.3.1.1       -            362 d1alqa_e.3.1.1.aln   -            313   3.2e-56  186.3   0.0   1   1   8.2e-58   3.6e-56  186.2   0.0     4   312     8   360     5   361 0.99 -
d2dcfa1e.3.1.1       -            388 d1alqa_e.3.1.1.aln   -            313   1.5e-53  177.6   0.0   1   1   3.7e-55   1.6e-53  177.4   0.0     1   313     2   366     2   366 0.99 -
d1ci9a_e.3.1.1       -            377 d1alqa_e.3.1.1.aln   -            313   3.2e-46  153.5   0.0   1   1   8.2e-48   3.6e-46  153.3   0.0     3   312     9   374     7   375 0.99 -
d1alqa_e.3.1.1       -            263 d1alqa_e.3.1.1.aln   -            313   4.4e-45  149.7   2.2   1   2    0.0015     0.067    7.9   0.0   251   298     2    35     1    39 0.93 -
d1alqa_e.3.1.1       -            263 d1alqa_e.3.1.1.aln   -            313   4.4e-45  149.7   2.2   2   2   7.6e-44   3.3e-42  140.3   2.0    12   242    44   262    41   263 0.98 -
d1yqsa_e.3.1.1       -            345 d1alqa_e.3.1.1.aln   -            313   1.8e-40  134.6   4.2   1   1   4.5e-42     2e-40  134.5   4.2     2   312     5   344     4   345 0.99 -
d1e25a_e.3.1.1       -            278 d1alqa_e.3.1.1.aln   -            313     1e-38  128.8   0.1   1   1     3e-40   1.3e-38  128.5   0.1    11   298     5   271     2   277 0.97 -
d1vqqa3e.3.1.1       -            341 d1alqa_e.3.1.1.aln   -            313   1.3e-37  125.2   9.7   1   1   3.2e-39   1.4e-37  125.1   9.7     2   313     2   335     1   335 0.98 -
d1ei5a3e.3.1.1       -            333 d1alqa_e.3.1.1.aln   -            313   6.2e-36  119.7   0.0   1   1   1.6e-37   6.9e-36  119.5   0.0     4   311     7   328     4   330 0.98 -
d1tvfa2e.3.1.1       -            301 d1alqa_e.3.1.1.aln   -            313   7.1e-34  112.9  14.3   1   1   1.9e-35   8.5e-34  112.7  14.3    26   304    36   301     6   301 0.94 -
d1xa1a_e.3.1.1       -            246 d1alqa_e.3.1.1.aln   -            313   1.8e-31  105.0   6.1   1   1   4.4e-33   1.9e-31  104.9   6.1    22   293     2   240     1   246 0.94 -
d1xp4a2e.3.1.1       -            269 d1alqa_e.3.1.1.aln   -            313   1.2e-29   99.0   5.8   1   1     3e-31   1.3e-29   98.9   5.8    22   302     3   268     1   269 0.98 -
d1es5a_e.3.1.1       -            260 d1alqa_e.3.1.1.aln   -            313   5.6e-26   87.0   9.3   1   1   1.4e-27   6.3e-26   86.8   9.3    20   232     2   212     1   244 0.93 -
#
# Program:         hmmsearch
# Version:         3.1b2 (February 2015)
# Pipeline mode:   SEARCH
# Query file:      hmmModels95/d1alqa_e.3.1.1.hmm
# Target file:     scop/scopTestSeq.fasta
# Option settings: hmmsearch --domtblout hmmModels95/d1alqa_e.3.1.1.out -E 1 hmmModels95/d1alqa_e.3.1.1.hmm scop/scopTestSeq.fasta 
# Current dir:     /users/nfs/Etu7/3801677/SBAS/TME8
# Date:            Tue Apr  4 15:53:34 2023
# [ok]
