#                                                                            --- full sequence --- -------------- this domain -------------   hmm coord   ali coord   env coord
# target name        accession   tlen query name           accession   qlen   E-value  score  bias   #  of  c-Evalue  i-Evalue  score  bias  from    to  from    to  from    to  acc description of target
#------------------- ---------- ----- -------------------- ---------- ----- --------- ------ ----- --- --- --------- --------- ------ ----- ----- ----- ----- ----- ----- ----- ---- ---------------------
d3vlva_c.94.1.1      -            490 d1atga_c.94.1.1.aln  -            349  7.7e-134  442.0  14.5   1   1  1.7e-135  9.5e-134  441.7  14.5     1   349    19   412    19   412 1.00 -
d1jeta_c.94.1.1      -            517 d1atga_c.94.1.1.aln  -            349  6.8e-104  343.6  16.4   1   1  1.5e-105  8.2e-104  343.4  16.4     2   349   130   516   129   516 0.99 -
d1vr5a1c.94.1.1      -            535 d1atga_c.94.1.1.aln  -            349   1.5e-71  237.3  19.4   1   2         2   1.1e+02   -2.1   0.2    90   128    17    55    13    66 0.81 -
d1vr5a1c.94.1.1      -            535 d1atga_c.94.1.1.aln  -            349   1.5e-71  237.3  19.4   2   2   2.7e-73   1.5e-71  237.3  19.4     2   348   123   509   122   510 0.99 -
d1xoca1c.94.1.1      -            504 d1atga_c.94.1.1.aln  -            349   9.3e-65  215.0  23.4   1   1     2e-66   1.1e-64  214.8  23.4     2   348   111   492   110   493 0.99 -
d1uqwa_c.94.1.1      -            487 d1atga_c.94.1.1.aln  -            349     4e-64  213.0  13.0   1   2      0.94        53   -1.0   0.2   212   292    15    87     7    96 0.61 -
d1uqwa_c.94.1.1      -            487 d1atga_c.94.1.1.aln  -            349     4e-64  213.0  13.0   2   2     7e-66     4e-64  213.0  13.0     3   348   103   477   101   478 0.99 -
d2nooa_c.94.1.1      -            496 d1atga_c.94.1.1.aln  -            349   3.3e-58  193.5   0.3   1   1   7.1e-60     4e-58  193.2   0.3     2   348   101   486   100   487 0.99 -
d1eu8a_c.94.1.1      -            407 d1atga_c.94.1.1.aln  -            349   7.6e-46  152.9   9.9   1   1   1.6e-47   9.2e-46  152.6   9.9     3   343    10   388     8   393 0.98 -
d1ursa_c.94.1.1      -            367 d1atga_c.94.1.1.aln  -            349   6.5e-34  113.7  12.6   1   1   1.4e-35   7.7e-34  113.4  12.6    15   346    17   355     5   358 0.97 -
d1nnfa_c.94.1.1      -            308 d1atga_c.94.1.1.aln  -            349   1.1e-24   83.3   8.0   1   1   4.9e-26   2.7e-24   82.0   8.0     5   315     1   287     1   295 0.86 -
d1q35a_c.94.1.1      -            318 d1atga_c.94.1.1.aln  -            349   1.2e-24   83.2   2.3   1   1   2.4e-26   1.3e-24   83.1   2.3     5   286     3   266     1   316 0.94 -
d1ixha_c.94.1.1      -            321 d1atga_c.94.1.1.aln  -            349   2.2e-24   82.4  14.7   1   1   4.3e-26   2.4e-24   82.2  14.7    17   348     7   321     1   321 0.92 -
d3thia_c.94.1.1      -            362 d1atga_c.94.1.1.aln  -            349   7.7e-18   60.9   0.5   1   1   1.6e-19   9.3e-18   60.6   0.5     5   346     6   359     3   362 0.97 -
d1pb7a_c.94.1.1      -            289 d1atga_c.94.1.1.aln  -            349   8.3e-13   44.3   0.0   1   1   1.6e-14   9.2e-13   44.2   0.0    16   323     3   287     1   289 0.94 -
d1r9la_c.94.1.1      -            309 d1atga_c.94.1.1.aln  -            349   1.9e-05   20.1  12.9   1   1     4e-07   2.3e-05   19.9  12.9     6   346     3   303     1   305 0.94 -
#
# Program:         hmmsearch
# Version:         3.1b2 (February 2015)
# Pipeline mode:   SEARCH
# Query file:      hmmModels95/d1atga_c.94.1.1.hmm
# Target file:     scop/scopTestSeq.fasta
# Option settings: hmmsearch --domtblout hmmModels95/d1atga_c.94.1.1.out -E 1 hmmModels95/d1atga_c.94.1.1.hmm scop/scopTestSeq.fasta 
# Current dir:     /users/nfs/Etu7/3801677/SBAS/TME8
# Date:            Tue Apr  4 15:53:34 2023
# [ok]
