#                                                                            --- full sequence --- -------------- this domain -------------   hmm coord   ali coord   env coord
# target name        accession   tlen query name           accession   qlen   E-value  score  bias   #  of  c-Evalue  i-Evalue  score  bias  from    to  from    to  from    to  acc description of target
#------------------- ---------- ----- -------------------- ---------- ----- --------- ------ ----- --- --- --------- --------- ------ ----- ----- ----- ----- ----- ----- ----- ---- ---------------------
d2dw4a2c.3.1.2       -            450 d1b5qa1c.3.1.2.aln   -            359  5.6e-132  435.7   0.5   1   2   2.1e-09   6.9e-08   27.5   0.2    10    45     8    43     2    43 0.96 -
d2dw4a2c.3.1.2       -            450 d1b5qa1c.3.1.2.aln   -            359  5.6e-132  435.7   0.5   2   2  4.7e-127  1.6e-125  414.5   0.0     1   359    28   412    28   412 1.00 -
d2iida1c.3.1.2       -            371 d1b5qa1c.3.1.2.aln   -            359   1.9e-97  322.1   0.0   1   1   6.4e-99   2.1e-97  322.0   0.0     2   338    25   371    24   371 0.99 -
d1n4wa1c.3.1.2       -            368 d1b5qa1c.3.1.2.aln   -            359   1.5e-87  289.5   0.3   1   1   5.2e-89   1.7e-87  289.4   0.3     1   356    12   367    12   368 0.99 -
d2gmha1c.3.1.2       -            381 d1b5qa1c.3.1.2.aln   -            359   3.2e-80  265.4   0.0   1   1   1.1e-81   3.6e-80  265.3   0.0     1   358    26   378    26   379 0.99 -
d1kdga1c.3.1.2       -            361 d1b5qa1c.3.1.2.aln   -            359     1e-79  263.8   0.0   1   1   3.5e-81   1.1e-79  263.6   0.0     6   357     1   360     1   361 0.99 -
d2f5va1c.3.1.2       -            380 d1b5qa1c.3.1.2.aln   -            359   6.9e-77  254.5   0.0   1   1   2.8e-78   9.3e-77  254.0   0.0     2   358    13   377     4   378 0.99 -
d1seza1c.3.1.2       -            374 d1b5qa1c.3.1.2.aln   -            359   1.3e-74  247.0   0.0   1   1   4.3e-76   1.4e-74  246.9   0.0     8   357     2   364     1   366 0.99 -
d1pn0a1c.3.1.2       -            361 d1b5qa1c.3.1.2.aln   -            359   7.8e-70  231.3   0.0   1   1   2.6e-71   8.7e-70  231.1   0.0     2   359     2   357     1   357 0.99 -
d1ju2a1c.3.1.2       -            352 d1b5qa1c.3.1.2.aln   -            359   5.3e-69  228.5   0.1   1   1   1.8e-70   5.9e-69  228.4   0.1     3   357    23   350    21   352 0.99 -
d2ivda1c.3.1.2       -            348 d1b5qa1c.3.1.2.aln   -            359   2.8e-59  196.6   0.4   1   1   9.4e-61   3.1e-59  196.4   0.4     9   358     2   345     1   346 0.99 -
d1k0ia1c.3.1.2       -            293 d1b5qa1c.3.1.2.aln   -            359   1.3e-51  171.4   0.0   1   1   4.3e-53   1.4e-51  171.2   0.0     7   347     2   292     1   293 0.98 -
d1pj5a2c.3.1.2       -            306 d1b5qa1c.3.1.2.aln   -            359   1.1e-46  155.2   0.1   1   1   3.6e-48   1.2e-46  155.0   0.1     8   353     2   305     1   306 0.99 -
d2gf3a1c.3.1.2       -            282 d1b5qa1c.3.1.2.aln   -            359   3.1e-43  143.8   0.0   1   1   1.2e-44   3.8e-43  143.5   0.0     5   353     1   282     1   282 0.99 -
d1ryia1c.3.1.2       -            277 d1b5qa1c.3.1.2.aln   -            359   3.4e-43  143.7   0.1   1   1   5.5e-44   1.8e-42  141.3   0.1     5   355     2   275     1   277 0.98 -
d2voua1c.3.1.2       -            266 d1b5qa1c.3.1.2.aln   -            359   7.9e-41  135.9   0.3   1   1   3.5e-42   1.1e-40  135.3   0.3     5   343     2   262     1   266 0.98 -
d3c96a1c.3.1.2       -            289 d1b5qa1c.3.1.2.aln   -            359   7.9e-41  135.8   0.9   1   1   3.3e-42   1.1e-40  135.4   0.9     8   351     2   289     1   289 0.99 -
d1b5qa1c.3.1.2       -            348 d1b5qa1c.3.1.2.aln   -            359   2.4e-09   32.3   0.1   1   2   2.2e-10   7.4e-09   30.7   0.1     9    66     2    60     1   102 0.88 -
d1b5qa1c.3.1.2       -            348 d1b5qa1c.3.1.2.aln   -            359   2.4e-09   32.3   0.1   2   2       1.6        51   -1.7   0.0   265   312   272   318   271   323 0.80 -
d1v59a2c.3.1.5       -            122 d1b5qa1c.3.1.2.aln   -            359   1.9e-05   19.4   0.3   1   2   1.2e-06     4e-05   18.4   0.2     7    40    23    56    21    79 0.84 -
d1v59a2c.3.1.5       -            122 d1b5qa1c.3.1.2.aln   -            359   1.9e-05   19.4   0.3   2   2       1.3        43   -1.4   0.0   206   248    69   114    62   117 0.65 -
d1v59a1c.3.1.5       -            234 d1b5qa1c.3.1.2.aln   -            359     2e-05   19.4   0.5   1   1   9.9e-07   3.3e-05   18.7   0.5     9    44     7    42     5    44 0.95 -
d1w4xa1c.3.1.5       -            299 d1b5qa1c.3.1.2.aln   -            359   5.1e-05   18.0   0.0   1   2   9.4e-06   0.00031   15.5   0.1     9    48     9    48     5    57 0.88 -
d1w4xa1c.3.1.5       -            299 d1b5qa1c.3.1.2.aln   -            359   5.1e-05   18.0   0.0   2   2      0.48        16   -0.0   0.0   104   137   113   146   108   152 0.87 -
d1nhpa2c.3.1.5       -            123 d1b5qa1c.3.1.2.aln   -            359   0.00036   15.3   0.1   1   1   1.3e-05   0.00042   15.0   0.1     9    37    32    60    29    88 0.93 -
d2gv8a1c.3.1.5       -            336 d1b5qa1c.3.1.2.aln   -            359    0.0013   13.4   0.0   1   1   6.3e-05    0.0021   12.8   0.0    10    45     7    44     5    58 0.88 -
d1fl2a1c.3.1.5       -            185 d1b5qa1c.3.1.2.aln   -            359     0.003   12.2   1.4   1   1   0.00015    0.0049   11.5   1.4     7    32     1    26     1    32 0.90 -
d1xhca2c.3.1.5       -            122 d1b5qa1c.3.1.2.aln   -            359    0.0039   11.9   0.3   1   1   0.00017    0.0056   11.3   0.3    10    39    35    64    27    66 0.91 -
#
# Program:         hmmsearch
# Version:         3.1b2 (February 2015)
# Pipeline mode:   SEARCH
# Query file:      hmmModels95/d1b5qa1c.3.1.2.hmm
# Target file:     scop/scopTestSeq.fasta
# Option settings: hmmsearch --domtblout hmmModels95/d1b5qa1c.3.1.2.out -E 1 hmmModels95/d1b5qa1c.3.1.2.hmm scop/scopTestSeq.fasta 
# Current dir:     /users/nfs/Etu7/3801677/SBAS/TME8
# Date:            Tue Apr  4 15:53:35 2023
# [ok]
