#                                                                            --- full sequence --- -------------- this domain -------------   hmm coord   ali coord   env coord
# target name        accession   tlen query name           accession   qlen   E-value  score  bias   #  of  c-Evalue  i-Evalue  score  bias  from    to  from    to  from    to  acc description of target
#------------------- ---------- ----- -------------------- ---------- ----- --------- ------ ----- --- --- --------- --------- ------ ----- ----- ----- ----- ----- ----- ----- ---- ---------------------
d1atia2d.104.1.1     -            394 d1b8aa2d.104.1.1.aln -            311    2e-136  449.9   6.8   1   1  4.3e-138  2.2e-136  449.7   6.8     1   310     1   380     1   381 1.00 -
d1h4vb2d.104.1.1     -            324 d1b8aa2d.104.1.1.aln -            311   1.1e-59  197.7   7.5   1   1   2.4e-61   1.3e-59  197.5   7.5     2   309    20   323    19   324 0.99 -
d1g5ha2d.104.1.1     -            290 d1b8aa2d.104.1.1.aln -            311   1.2e-57  191.0   0.0   1   1   2.6e-59   1.4e-57  190.9   0.0     7   307     2   289     1   290 0.98 -
d1nnha_d.104.1.1     -            293 d1b8aa2d.104.1.1.aln -            311   8.5e-54  178.4   4.2   1   1   1.9e-55   9.7e-54  178.2   4.2     9   311     5   281     1   281 0.98 -
d12asa_d.104.1.1     -            327 d1b8aa2d.104.1.1.aln -            311   6.2e-53  175.6   0.1   1   1   1.3e-54   6.9e-53  175.4   0.1     2   311     1   311     1   311 0.98 -
d1wu7a2d.104.1.1     -            327 d1b8aa2d.104.1.1.aln -            311   2.8e-49  163.6   0.1   1   1   6.1e-51   3.2e-49  163.4   0.1     2   308    22   326    21   327 0.99 -
d1z7ma1d.104.1.1     -            318 d1b8aa2d.104.1.1.aln -            311     4e-48  159.8   0.1   1   1   8.4e-50   4.4e-48  159.6   0.1     1   305    18   317    18   318 0.98 -
d1qf6a4d.104.1.1     -            291 d1b8aa2d.104.1.1.aln -            311   2.1e-40  134.4   0.3   1   1   4.5e-42   2.4e-40  134.3   0.3    14   307     2   282     1   286 0.96 -
d1b8aa2d.104.1.1     -            335 d1b8aa2d.104.1.1.aln -            311   4.5e-39  130.1   6.2   1   1   4.3e-40   2.3e-38  127.7   6.2     5   311    22   324    18   324 0.88 -
d1seta2d.104.1.1     -            311 d1b8aa2d.104.1.1.aln -            311   2.1e-38  127.9   2.4   1   1   4.3e-40   2.3e-38  127.8   2.4     6   310     4   310     1   311 0.98 -
d1hc7a2d.104.1.1     -            272 d1b8aa2d.104.1.1.aln -            311   3.4e-38  127.2   3.3   1   1     7e-40   3.7e-38  127.1   3.3     8   286     6   270     1   272 0.94 -
d1usya_d.104.1.1     -            275 d1b8aa2d.104.1.1.aln -            311   3.5e-34  114.0   0.0   1   1   7.4e-36   3.9e-34  113.8   0.0    18   298     2   274     1   275 0.97 -
d1j5wa_d.104.1.1     -            281 d1b8aa2d.104.1.1.aln -            311   1.1e-32  109.1   2.2   1   1   2.2e-34   1.2e-32  109.0   2.2    22   303     4   276     1   281 0.97 -
d1yfsa2d.104.1.1     -            236 d1b8aa2d.104.1.1.aln -            311   7.7e-25   83.3   2.9   1   1   3.8e-24     2e-22   75.4   2.9    22   307     5   235     2   236 0.98 -
d1jjcb5d.104.1.1     -            207 d1b8aa2d.104.1.1.aln -            311   3.7e-09   31.8   9.1   1   1   9.3e-09   4.9e-07   24.8   9.1    72   306    19   203     6   207 0.94 -
#
# Program:         hmmsearch
# Version:         3.1b2 (February 2015)
# Pipeline mode:   SEARCH
# Query file:      hmmModels95/d1b8aa2d.104.1.1.hmm
# Target file:     scop/scopTestSeq.fasta
# Option settings: hmmsearch --domtblout hmmModels95/d1b8aa2d.104.1.1.out -E 1 hmmModels95/d1b8aa2d.104.1.1.hmm scop/scopTestSeq.fasta 
# Current dir:     /users/nfs/Etu7/3801677/SBAS/TME8
# Date:            Tue Apr  4 15:53:35 2023
# [ok]
