#                                                                            --- full sequence --- -------------- this domain -------------   hmm coord   ali coord   env coord
# target name        accession   tlen query name           accession   qlen   E-value  score  bias   #  of  c-Evalue  i-Evalue  score  bias  from    to  from    to  from    to  acc description of target
#------------------- ---------- ----- -------------------- ---------- ----- --------- ------ ----- --- --- --------- --------- ------ ----- ----- ----- ----- ----- ----- ----- ---- ---------------------
d1uoka2c.1.8.1       -            479 d1bf2a3c.1.8.1.aln   -            424    2e-120  398.2  22.5   1   1  5.7e-122  2.3e-120  398.0  22.5     6   424     2   479     1   479 0.99 -
d1g5aa2c.1.8.1       -            554 d1bf2a3c.1.8.1.aln   -            424   2.8e-99  328.5   5.0   1   1  8.3e-101   3.3e-99  328.3   5.0     2   423    44   552    43   553 0.98 -
d3bmva4c.1.8.1       -            406 d1bf2a3c.1.8.1.aln   -            424   7.5e-97  320.5  15.6   1   1   2.3e-98   9.1e-97  320.2  15.6     7   424     9   406     4   406 0.97 -
d1wzaa2c.1.8.1       -            409 d1bf2a3c.1.8.1.aln   -            424   1.6e-89  296.3  19.9   1   1   4.6e-91   1.8e-89  296.2  19.9    10   422     2   407     1   409 0.97 -
d1e43a2c.1.8.1       -            393 d1bf2a3c.1.8.1.aln   -            424   3.3e-87  288.7  16.9   1   1   9.4e-89   3.7e-87  288.6  16.9    12   418     2   393     1   393 0.98 -
d2guya2c.1.8.1       -            381 d1bf2a3c.1.8.1.aln   -            424   1.1e-86  287.0   8.0   1   1   3.5e-88   1.4e-86  286.7   8.0     6   418     2   371     1   375 0.97 -
d1ji1a3c.1.8.1       -            432 d1bf2a3c.1.8.1.aln   -            424   4.1e-82  271.9  22.1   1   1   1.2e-83   4.7e-82  271.8  22.1     3   423     1   430     1   431 0.97 -
d1h3ga3c.1.8.1       -            422 d1bf2a3c.1.8.1.aln   -            424   2.3e-81  269.5  10.1   1   1   6.5e-83   2.5e-81  269.3  10.1     5   423     4   420     1   421 0.96 -
d1gjwa2c.1.8.1       -            572 d1bf2a3c.1.8.1.aln   -            424   7.4e-78  257.9   0.6   1   1   2.1e-79   8.3e-78  257.7   0.6     2   423    29   570    28   571 0.99 -
d1wdpa_c.1.8.1       -            493 d1bf2a3c.1.8.1.aln   -            424   3.8e-75  249.0   1.1   1   1   1.1e-76   4.2e-75  248.8   1.1     3   422     7   491     5   493 0.98 -
d1x1na1c.1.8.1       -            523 d1bf2a3c.1.8.1.aln   -            424   8.6e-72  237.9   0.4   1   1   2.5e-73   9.8e-72  237.8   0.4     2   423    28   521    27   522 0.99 -
d2fhfa5c.1.8.1       -            563 d1bf2a3c.1.8.1.aln   -            424   9.3e-72  237.8   0.3   1   1   2.7e-73     1e-71  237.7   0.3     2   423    33   561    32   562 0.99 -
d2bhua3c.1.8.1       -            420 d1bf2a3c.1.8.1.aln   -            424   3.8e-57  189.7   2.1   1   1   6.3e-58   2.5e-56  187.0   2.1     4   423     8   418     5   419 0.96 -
d1ht6a2c.1.8.1       -            347 d1bf2a3c.1.8.1.aln   -            424   8.6e-55  181.9   7.0   1   1   2.5e-56   9.7e-55  181.7   7.0    12   419     1   346     1   347 0.94 -
d1ua7a2c.1.8.1       -            344 d1bf2a3c.1.8.1.aln   -            424     4e-46  153.4  12.1   1   1   2.1e-47   8.4e-46  152.3  12.1    38   418     8   339     5   343 0.91 -
d1m7xa3c.1.8.1       -            396 d1bf2a3c.1.8.1.aln   -            424   4.8e-43  143.2  20.4   1   1   1.5e-44   5.8e-43  143.0  20.4    14   422    18   390     6   392 0.95 -
d1vema2c.1.8.1       -            417 d1bf2a3c.1.8.1.aln   -            424     3e-33  110.9   9.0   1   1   9.1e-35   3.6e-33  110.7   9.0     4   380     6   405     3   416 0.95 -
d1r7aa2c.1.8.1       -            434 d1bf2a3c.1.8.1.aln   -            424   4.4e-32  107.1   0.2   1   1   1.5e-33     6e-32  106.7   0.2     5   423     9   430     6   431 0.95 -
d1bf2a3c.1.8.1       -            475 d1bf2a3c.1.8.1.aln   -            424   1.6e-28   95.4  19.3   1   1   1.1e-29   4.3e-28   94.0  19.3    11   423    15   471    13   472 0.83 -
d1kwga2c.1.8.1       -            393 d1bf2a3c.1.8.1.aln   -            424   1.1e-24   82.7   0.0   1   1   3.1e-26   1.2e-24   82.6   0.0     2   420     3   388     2   392 0.95 -
#
# Program:         hmmsearch
# Version:         3.1b2 (February 2015)
# Pipeline mode:   SEARCH
# Query file:      hmmModels95/d1bf2a3c.1.8.1.hmm
# Target file:     scop/scopTestSeq.fasta
# Option settings: hmmsearch --domtblout hmmModels95/d1bf2a3c.1.8.1.out -E 1 hmmModels95/d1bf2a3c.1.8.1.hmm scop/scopTestSeq.fasta 
# Current dir:     /users/nfs/Etu7/3801677/SBAS/TME8
# Date:            Tue Apr  4 15:53:35 2023
# [ok]
