#                                                                            --- full sequence --- -------------- this domain -------------   hmm coord   ali coord   env coord
# target name        accession   tlen query name           accession   qlen   E-value  score  bias   #  of  c-Evalue  i-Evalue  score  bias  from    to  from    to  from    to  acc description of target
#------------------- ---------- ----- -------------------- ---------- ----- --------- ------ ----- --- --- --------- --------- ------ ----- ----- ----- ----- ----- ----- ----- ---- ---------------------
d2vnud3b.40.4.5      -            148 d1bkba2b.40.4.5.aln  -             90     9e-24   79.0   0.0   1   1   3.8e-25   1.2e-23   78.6   0.0     1    90    42   138    42   138 0.99 -
d1d7qa_b.40.4.5      -            143 d1bkba2b.40.4.5.aln  -             90   1.4e-19   65.6   0.0   1   1   7.5e-21   2.4e-19   64.8   0.0     2    90    24   115    23   115 0.98 -
d2nn6i1b.40.4.5      -            125 d1bkba2b.40.4.5.aln  -             90   1.9e-19   65.1   0.0   1   1   7.1e-21   2.2e-19   64.9   0.0     3    89     2    95     1    96 0.97 -
d2uubq1b.40.4.5      -            100 d1bkba2b.40.4.5.aln  -             90   2.9e-17   58.2   2.4   1   1   1.1e-18   3.5e-17   57.9   2.4     8    90     2    77     1    77 0.97 -
d2uubl1b.40.4.5      -            118 d1bkba2b.40.4.5.aln  -             90   7.9e-17   56.8   2.4   1   2       4.1   1.3e+02   -1.5   0.1    68    82     8    18     5    23 0.48 -
d2uubl1b.40.4.5      -            118 d1bkba2b.40.4.5.aln  -             90   7.9e-17   56.8   2.4   2   2   2.5e-18   7.9e-17   56.8   2.4     2    87    25   117    24   118 0.98 -
d1rl2a2b.40.4.5      -             66 d1bkba2b.40.4.5.aln  -             90   5.3e-14   47.7   0.3   1   1   1.8e-15   5.7e-14   47.6   0.3    21    87     2    66     1    66 0.97 -
d1wi5a_b.40.4.5      -            119 d1bkba2b.40.4.5.aln  -             90   2.3e-13   45.7   0.0   1   1   8.2e-15   2.6e-13   45.5   0.0     5    88    18   100    14   102 0.94 -
d1kl9a2b.40.4.5      -             86 d1bkba2b.40.4.5.aln  -             90   8.9e-13   43.8   0.7   1   1     3e-14   9.6e-13   43.7   0.7     4    82     9    86     6    86 0.97 -
d3bzka4b.40.4.5      -             94 d1bkba2b.40.4.5.aln  -             90   3.9e-12   41.8   0.5   1   1   1.3e-13   4.2e-12   41.7   0.5     2    82    12    89    11    94 0.93 -
d1jt8a_b.40.4.5      -            102 d1bkba2b.40.4.5.aln  -             90   3.3e-11   38.8   0.7   1   1   1.2e-12   3.8e-11   38.6   0.7     2    85    13   100    12   102 0.96 -
d1go3e1b.40.4.5      -            106 d1bkba2b.40.4.5.aln  -             90   8.2e-11   37.5   0.7   1   1   3.4e-12   1.1e-10   37.2   0.7     6    87     1    89     1    91 0.96 -
d2je6i1b.40.4.5      -             87 d1bkba2b.40.4.5.aln  -             90   6.3e-10   34.7   1.4   1   1   2.4e-11   7.6e-10   34.4   1.4     2    83     1    82     1    86 0.95 -
d3i4oa_b.40.4.5      -             68 d1bkba2b.40.4.5.aln  -             90   1.1e-09   33.9   0.1   1   1     4e-11   1.3e-09   33.7   0.1     9    81     3    68     2    68 0.96 -
d1c9oa_b.40.4.5      -             66 d1bkba2b.40.4.5.aln  -             90   1.1e-07   27.5   0.0   1   1   3.8e-09   1.2e-07   27.4   0.0    10    81     3    64     1    66 0.91 -
d1luza_b.40.4.5      -             85 d1bkba2b.40.4.5.aln  -             90   2.2e-07   26.6   0.6   1   1   7.9e-09   2.5e-07   26.4   0.6     4    86     4    84     1    85 0.89 -
d2nn6h1b.40.4.5      -             95 d1bkba2b.40.4.5.aln  -             90   1.2e-06   24.2   0.0   1   1   4.2e-08   1.3e-06   24.1   0.0     3    83     3    90     1    95 0.93 -
d1smxa_b.40.4.5      -             87 d1bkba2b.40.4.5.aln  -             90   3.9e-06   22.6   0.0   1   1   1.5e-07   4.9e-06   22.3   0.0     4    78     4    78     2    83 0.76 -
d1wfqa_b.40.4.5      -             89 d1bkba2b.40.4.5.aln  -             90     4e-06   22.5   0.0   1   1   1.4e-07   4.6e-06   22.4   0.0     9    85     7    85     2    88 0.91 -
d2ja9a1b.40.4.5      -             90 d1bkba2b.40.4.5.aln  -             90   1.7e-05   20.5   0.0   1   1   6.6e-07   2.1e-05   20.2   0.0     3    82     2    78     1    85 0.90 -
d1a62a2b.40.4.5      -             78 d1bkba2b.40.4.5.aln  -             90   2.1e-05   20.3   0.0   1   1   7.2e-07   2.3e-05   20.1   0.0    10    78     1    66     1    75 0.91 -
d1u0la1b.40.4.5      -             66 d1bkba2b.40.4.5.aln  -             90   3.6e-05   19.5   0.2   1   1   1.3e-06   4.1e-05   19.3   0.2    12    70     3    55     2    66 0.88 -
d1e3pa2b.40.4.5      -             62 d1bkba2b.40.4.5.aln  -             90   0.00053   15.8   0.2   1   1   2.4e-05   0.00076   15.3   0.2    16    72     3    60     1    62 0.79 -
d2ix0a3b.40.4.5      -             87 d1bkba2b.40.4.5.aln  -             90   0.00072   15.3   0.1   1   1   2.8e-05   0.00087   15.1   0.1    16    83    14    81     7    87 0.87 -
d2asba1b.40.4.5      -             76 d1bkba2b.40.4.5.aln  -             90    0.0016   14.2   0.1   1   1   5.5e-05    0.0017   14.1   0.1     5    79     4    73     1    76 0.92 -
d1hh2p1b.40.4.5      -             72 d1bkba2b.40.4.5.aln  -             90    0.0032   13.3   0.3   1   1   0.00012    0.0037   13.1   0.3     7    78     7    68     1    72 0.82 -
#
# Program:         hmmsearch
# Version:         3.1b2 (February 2015)
# Pipeline mode:   SEARCH
# Query file:      hmmModels95/d1bkba2b.40.4.5.hmm
# Target file:     scop/scopTestSeq.fasta
# Option settings: hmmsearch --domtblout hmmModels95/d1bkba2b.40.4.5.out -E 1 hmmModels95/d1bkba2b.40.4.5.hmm scop/scopTestSeq.fasta 
# Current dir:     /users/nfs/Etu7/3801677/SBAS/TME8
# Date:            Tue Apr  4 15:53:35 2023
# [ok]
