#                                                                            --- full sequence --- -------------- this domain -------------   hmm coord   ali coord   env coord
# target name        accession   tlen query name           accession   qlen   E-value  score  bias   #  of  c-Evalue  i-Evalue  score  bias  from    to  from    to  from    to  acc description of target
#------------------- ---------- ----- -------------------- ---------- ----- --------- ------ ----- --- --- --------- --------- ------ ----- ----- ----- ----- ----- ----- ----- ---- ---------------------
d3fvsa_c.67.1.1      -            419 d1bw0a_c.67.1.1.aln  -            391  2.6e-129  426.9   0.0   1   1  5.2e-131  2.9e-129  426.8   0.0     5   390     2   418     1   419 0.99 -
d1gdea_c.67.1.1      -            388 d1bw0a_c.67.1.1.aln  -            391  3.9e-121  400.0   0.1   1   1  7.8e-123  4.4e-121  399.8   0.1     2   390     3   384     2   385 0.97 -
d2gb3a1c.67.1.1      -            389 d1bw0a_c.67.1.1.aln  -            391     3e-98  324.7   0.0   1   1  5.9e-100   3.3e-98  324.5   0.0     2   390     2   386     1   387 0.97 -
d2hoxa_c.67.1.1      -            425 d1bw0a_c.67.1.1.aln  -            391   1.4e-93  309.3   0.0   1   1   2.7e-95   1.5e-93  309.2   0.0     1   390     2   424     2   425 0.99 -
d1fg7a_c.67.1.1      -            354 d1bw0a_c.67.1.1.aln  -            391   2.1e-71  236.3   0.0   1   1   4.1e-73   2.3e-71  236.1   0.0    11   387     5   352     1   354 0.96 -
d1lc5a_c.67.1.1      -            355 d1bw0a_c.67.1.1.aln  -            391   2.7e-69  229.3   0.0   1   1   5.4e-71     3e-69  229.2   0.0    10   388     5   355     1   355 0.98 -
d1svva_c.67.1.1      -            340 d1bw0a_c.67.1.1.aln  -            391   1.3e-60  200.7   0.0   1   1   2.7e-62   1.5e-60  200.5   0.0     7   390     3   339     1   340 0.98 -
d1v72a1c.67.1.1      -            345 d1bw0a_c.67.1.1.aln  -            391   7.3e-55  181.8   0.0   1   1   1.4e-56   8.1e-55  181.7   0.0     6   389     5   343     1   345 0.98 -
d1m6sa_c.67.1.1      -            343 d1bw0a_c.67.1.1.aln  -            391     2e-54  180.4   0.1   1   1   2.9e-55   1.6e-53  177.4   0.1     4   387     1   342     1   343 0.98 -
d1bw0a_c.67.1.1      -            412 d1bw0a_c.67.1.1.aln  -            391   3.4e-40  133.5   0.0   1   1   7.4e-42   4.2e-40  133.2   0.0    30   387    34   406    14   409 0.88 -
d3piua_c.67.1.4      -            416 d1bw0a_c.67.1.1.aln  -            391   1.2e-33  112.0   0.0   1   1   2.7e-35   1.5e-33  111.6   0.0    69   389    68   413    48   415 0.83 -
d3ftba_c.67.1.0      -            334 d1bw0a_c.67.1.1.aln  -            391   5.2e-32  106.6   0.0   1   1   1.2e-33   6.8e-32  106.2   0.0   100   387    57   330    46   332 0.88 -
d2c81a_c.67.1.0      -            409 d1bw0a_c.67.1.1.aln  -            391    0.0025   12.1   0.1   1   1   0.00013    0.0075   10.6   0.1   102   210    58   158    53   161 0.87 -
d2bhua3c.1.8.1       -            420 d1bw0a_c.67.1.1.aln  -            391    0.0038   11.6   0.0   1   1   9.9e-05    0.0056   11.0   0.0   188   226    82   120    80   133 0.87 -
#
# Program:         hmmsearch
# Version:         3.1b2 (February 2015)
# Pipeline mode:   SEARCH
# Query file:      hmmModels95/d1bw0a_c.67.1.1.hmm
# Target file:     scop/scopTestSeq.fasta
# Option settings: hmmsearch --domtblout hmmModels95/d1bw0a_c.67.1.1.out -E 1 hmmModels95/d1bw0a_c.67.1.1.hmm scop/scopTestSeq.fasta 
# Current dir:     /users/nfs/Etu7/3801677/SBAS/TME8
# Date:            Tue Apr  4 15:53:36 2023
# [ok]
