#                                                                            --- full sequence --- -------------- this domain -------------   hmm coord   ali coord   env coord
# target name        accession   tlen query name           accession   qlen   E-value  score  bias   #  of  c-Evalue  i-Evalue  score  bias  from    to  from    to  from    to  acc description of target
#------------------- ---------- ----- -------------------- ---------- ----- --------- ------ ----- --- --- --------- --------- ------ ----- ----- ----- ----- ----- ----- ----- ---- ---------------------
d1i8oa_a.3.1.1       -            114 d1c52a_a.3.1.1.aln   -            105   4.3e-29   97.1   0.4   1   1   4.9e-31   4.9e-29   96.9   0.4     4   104     1   113     1   114 0.96 -
d1h32b_a.3.1.1       -            138 d1c52a_a.3.1.1.aln   -            105     1e-19   67.0   0.0   1   1   1.2e-21   1.2e-19   66.8   0.0     2   104    23   136    22   137 0.98 -
d1e29a_a.3.1.1       -            135 d1c52a_a.3.1.1.aln   -            105   7.2e-16   54.6   0.0   1   1   8.2e-18   8.1e-16   54.4   0.0     3   102    23   129    21   132 0.87 -
d1gu2a_a.3.1.1       -            124 d1c52a_a.3.1.1.aln   -            105   5.8e-15   51.6   0.2   1   1   7.4e-17   7.3e-15   51.3   0.2     3    92    25   123    23   124 0.95 -
d1dw0a_a.3.1.1       -            112 d1c52a_a.3.1.1.aln   -            105   5.2e-14   48.6   0.0   1   1   6.1e-16     6e-14   48.4   0.0     2    89    18   110    17   112 0.94 -
d1c75a_a.3.1.1       -             71 d1c52a_a.3.1.1.aln   -            105   2.6e-07   27.0   0.3   1   1   3.9e-09   3.9e-07   26.5   0.3     8    58     2    47     1    71 0.73 -
d1c52a_a.3.1.1       -            131 d1c52a_a.3.1.1.aln   -            105   6.6e-06   22.5   0.2   1   1   9.7e-08   9.5e-06   22.0   0.2     7    90     2    89     1   127 0.82 -
d1wvec_a.3.1.1       -             75 d1c52a_a.3.1.1.aln   -            105   1.1e-05   21.8   0.0   1   1   3.6e-07   3.6e-05   20.2   0.0     5    44     2    39     1    75 0.77 -
#
# Program:         hmmsearch
# Version:         3.1b2 (February 2015)
# Pipeline mode:   SEARCH
# Query file:      hmmModels95/d1c52a_a.3.1.1.hmm
# Target file:     scop/scopTestSeq.fasta
# Option settings: hmmsearch --domtblout hmmModels95/d1c52a_a.3.1.1.out -E 1 hmmModels95/d1c52a_a.3.1.1.hmm scop/scopTestSeq.fasta 
# Current dir:     /users/nfs/Etu7/3801677/SBAS/TME8
# Date:            Tue Apr  4 15:53:36 2023
# [ok]
