#                                                                            --- full sequence --- -------------- this domain -------------   hmm coord   ali coord   env coord
# target name        accession   tlen query name           accession   qlen   E-value  score  bias   #  of  c-Evalue  i-Evalue  score  bias  from    to  from    to  from    to  acc description of target
#------------------- ---------- ----- -------------------- ---------- ----- --------- ------ ----- --- --- --------- --------- ------ ----- ----- ----- ----- ----- ----- ----- ---- ---------------------
d1i8oa_a.3.1.1       -            114 d1c75a_a.3.1.1.aln   -             97     2e-19   66.3   0.2   1   1   2.4e-21   2.4e-19   66.0   0.2     4    94     1   113     1   114 0.95 -
d1e29a_a.3.1.1       -            135 d1c75a_a.3.1.1.aln   -             97   6.9e-17   58.1   0.0   1   1   8.1e-19     8e-17   57.9   0.0     3    96    23   127    21   128 0.89 -
d1h32b_a.3.1.1       -            138 d1c75a_a.3.1.1.aln   -             97   1.7e-14   50.4   0.0   1   1   2.1e-16   2.1e-14   50.2   0.0     1    95    22   137    22   138 0.90 -
d1dw0a_a.3.1.1       -            112 d1c75a_a.3.1.1.aln   -             97   8.4e-14   48.2   0.0   1   1     1e-15   9.8e-14   48.0   0.0     2    93    18   111    17   112 0.97 -
d1gu2a_a.3.1.1       -            124 d1c75a_a.3.1.1.aln   -             97   1.6e-13   47.3   0.1   1   1   2.3e-15   2.3e-13   46.9   0.1     3    96    25   121    23   122 0.95 -
d1c52a_a.3.1.1       -            131 d1c75a_a.3.1.1.aln   -             97   7.7e-12   41.9   0.1   1   1   1.5e-13   1.5e-11   41.1   0.1     7    94     2    90     1   125 0.82 -
d1c75a_a.3.1.1       -             71 d1c75a_a.3.1.1.aln   -             97   2.3e-07   27.6   0.1   1   1   2.7e-09   2.6e-07   27.4   0.1     8    89     2    68     1    71 0.87 -
d1wvec_a.3.1.1       -             75 d1c75a_a.3.1.1.aln   -             97   2.1e-05   21.3   0.0   1   1   3.8e-07   3.7e-05   20.5   0.0     6    92     3    73     1    75 0.82 -
#
# Program:         hmmsearch
# Version:         3.1b2 (February 2015)
# Pipeline mode:   SEARCH
# Query file:      hmmModels95/d1c75a_a.3.1.1.hmm
# Target file:     scop/scopTestSeq.fasta
# Option settings: hmmsearch --domtblout hmmModels95/d1c75a_a.3.1.1.out -E 1 hmmModels95/d1c75a_a.3.1.1.hmm scop/scopTestSeq.fasta 
# Current dir:     /users/nfs/Etu7/3801677/SBAS/TME8
# Date:            Tue Apr  4 15:53:36 2023
# [ok]
