#                                                                            --- full sequence --- -------------- this domain -------------   hmm coord   ali coord   env coord
# target name        accession   tlen query name           accession   qlen   E-value  score  bias   #  of  c-Evalue  i-Evalue  score  bias  from    to  from    to  from    to  acc description of target
#------------------- ---------- ----- -------------------- ---------- ----- --------- ------ ----- --- --- --------- --------- ------ ----- ----- ----- ----- ----- ----- ----- ---- ---------------------
d1i1wa_c.1.8.3       -            303 d1ceoa_c.1.8.3.aln   -            345     2e-82  272.5   6.6   1   1   6.8e-84   2.4e-82  272.2   6.6    10   340     9   301     4   303 0.95 -
d3n9ka_c.1.8.3       -            394 d1ceoa_c.1.8.3.aln   -            345   1.9e-80  266.1  24.0   1   1   5.9e-82   2.1e-80  265.9  24.0     1   345    11   381    11   381 0.99 -
d1uuqa_c.1.8.3       -            410 d1ceoa_c.1.8.3.aln   -            345   5.1e-66  218.6  18.7   1   1   1.6e-67   5.7e-66  218.4  18.7     1   344     3   399     3   400 0.99 -
d1odza_c.1.8.3       -            381 d1ceoa_c.1.8.3.aln   -            345   1.6e-51  170.9  15.0   1   1   4.9e-53   1.8e-51  170.8  15.0     2   343    17   368    16   370 0.98 -
d1qw9a2c.1.8.3       -            367 d1ceoa_c.1.8.3.aln   -            345   1.6e-45  151.2   2.1   1   1   5.5e-47     2e-45  150.9   2.1     6   343     5   366     2   367 0.98 -
d1rh9a1c.1.8.3       -            370 d1ceoa_c.1.8.3.aln   -            345   6.4e-44  145.9   7.7   1   1     2e-45   7.1e-44  145.8   7.7     1   342     3   366     3   369 0.99 -
d1hjua_c.1.8.3       -            332 d1ceoa_c.1.8.3.aln   -            345   1.6e-41  138.1  18.9   1   1   4.7e-43   1.7e-41  137.9  18.9     5   340     4   324     1   329 0.97 -
d1w91a2c.1.8.3       -            347 d1ceoa_c.1.8.3.aln   -            345   1.9e-40  134.5   0.1   1   1   5.9e-42   2.1e-40  134.3   0.1     5   342     4   345     1   347 0.98 -
d7a3ha_c.1.8.3       -            300 d1ceoa_c.1.8.3.aln   -            345   2.2e-40  134.2  15.4   1   1   7.6e-42   2.7e-40  134.0  15.4    10   338    16   297    13   300 0.94 -
d1ur4a_c.1.8.3       -            387 d1ceoa_c.1.8.3.aln   -            345   8.1e-40  132.4  16.5   1   1   2.7e-41   9.8e-40  132.1  16.5     7   344    17   386    13   387 0.98 -
d1edga_c.1.8.3       -            380 d1ceoa_c.1.8.3.aln   -            345   1.3e-38  128.4  18.9   1   1   4.2e-40   1.5e-38  128.2  18.9     3   345    19   376    17   376 0.99 -
d2je8a5c.1.8.3       -            348 d1ceoa_c.1.8.3.aln   -            345   5.4e-32  106.7   7.0   1   1   1.7e-33   6.2e-32  106.5   7.0    13   342    12   335     2   338 0.97 -
d1bqca_c.1.8.3       -            302 d1ceoa_c.1.8.3.aln   -            345   1.5e-28   95.3  11.5   1   1   4.7e-30   1.7e-28   95.2  11.5     3   342     5   301     3   302 0.93 -
d2nt0a2c.1.8.3       -            354 d1ceoa_c.1.8.3.aln   -            345   3.8e-28   94.0   0.1   1   1   1.2e-29   4.1e-28   93.9   0.1     7   344    12   351     6   352 0.96 -
d2vzsa5c.1.8.3       -            339 d1ceoa_c.1.8.3.aln   -            345   9.3e-27   89.5   3.4   1   1   2.9e-28     1e-26   89.3   3.4     4   340     2   338     1   339 0.96 -
d1jz8a5c.1.8.3       -            292 d1ceoa_c.1.8.3.aln   -            345   6.4e-26   86.7   1.2   1   1   3.4e-27   1.2e-25   85.8   1.2     2   340     2   291     1   292 0.94 -
d1ecea_c.1.8.3       -            358 d1ceoa_c.1.8.3.aln   -            345   1.2e-25   85.8  19.2   1   1   3.6e-27   1.3e-25   85.7  19.2     2   333     7   342     6   354 0.95 -
d1qnra_c.1.8.3       -            344 d1ceoa_c.1.8.3.aln   -            345     3e-25   84.5  22.9   1   1     1e-26   3.6e-25   84.2  22.9     1   338     4   331     4   337 0.97 -
d1vjza_c.1.8.3       -            325 d1ceoa_c.1.8.3.aln   -            345   6.2e-25   83.5   0.5   1   1     2e-26   7.3e-25   83.2   0.5     5   310     4   299     1   318 0.96 -
d1h1na_c.1.8.3       -            305 d1ceoa_c.1.8.3.aln   -            345   4.8e-19   64.1  15.0   1   1   1.6e-20   5.6e-19   63.9  15.0     2   337     3   298     2   304 0.94 -
d2v3ga_c.1.8.3       -            273 d1ceoa_c.1.8.3.aln   -            345   4.1e-12   41.3  22.9   1   1   1.4e-13   4.9e-12   41.0  22.9    36   309    24   258     1   264 0.93 -
d1nofa2c.1.8.3       -            277 d1ceoa_c.1.8.3.aln   -            345   2.2e-10   35.7   4.4   1   1   1.1e-11     4e-10   34.8   4.4     6   309     5   256     2   260 0.95 -
#
# Program:         hmmsearch
# Version:         3.1b2 (February 2015)
# Pipeline mode:   SEARCH
# Query file:      hmmModels95/d1ceoa_c.1.8.3.hmm
# Target file:     scop/scopTestSeq.fasta
# Option settings: hmmsearch --domtblout hmmModels95/d1ceoa_c.1.8.3.out -E 1 hmmModels95/d1ceoa_c.1.8.3.hmm scop/scopTestSeq.fasta 
# Current dir:     /users/nfs/Etu7/3801677/SBAS/TME8
# Date:            Tue Apr  4 15:53:36 2023
# [ok]
