#                                                                            --- full sequence --- -------------- this domain -------------   hmm coord   ali coord   env coord
# target name        accession   tlen query name           accession   qlen   E-value  score  bias   #  of  c-Evalue  i-Evalue  score  bias  from    to  from    to  from    to  acc description of target
#------------------- ---------- ----- -------------------- ---------- ----- --------- ------ ----- --- --- --------- --------- ------ ----- ----- ----- ----- ----- ----- ----- ---- ---------------------
d1p1ja1c.2.1.3       -            411 d1cf2o1c.2.1.3.aln   -            197  2.7e-100  329.8   0.0   1   1    1e-101  3.6e-100  329.4   0.0     1   197    55   337    55   337 1.00 -
d3cina1c.2.1.3       -            276 d1cf2o1c.2.1.3.aln   -            197   6.6e-34  113.1   0.3   1   1     3e-35     1e-33  112.5   0.3     4   197    45   239    42   239 0.98 -
d2g82a1c.2.1.3       -            169 d1cf2o1c.2.1.3.aln   -            197   2.6e-33  111.2   0.4   1   1   8.3e-35   2.9e-33  111.0   0.4     6   185     2   166     1   169 0.98 -
d1h6da1c.2.1.3       -            222 d1cf2o1c.2.1.3.aln   -            197   9.9e-31  102.8   0.2   1   1   3.3e-32   1.1e-30  102.6   0.2     2   196    32   206    31   207 0.97 -
d1gr0a1c.2.1.3       -            244 d1cf2o1c.2.1.3.aln   -            197   1.1e-23   79.8   2.6   1   1     4e-25   1.4e-23   79.5   2.6     3   196     4   214     2   215 0.95 -
d2nvwa1c.2.1.3       -            238 d1cf2o1c.2.1.3.aln   -            197   1.4e-23   79.4   0.0   1   1   4.9e-25   1.7e-23   79.2   0.0     2   196    15   207    14   208 0.99 -
d1qkia1c.2.1.3       -            204 d1cf2o1c.2.1.3.aln   -            197   3.4e-17   58.6   0.0   1   1   1.1e-18   3.9e-17   58.4   0.0     5   191    19   202    15   204 0.92 -
d1h9aa1c.2.1.3       -            196 d1cf2o1c.2.1.3.aln   -            197   1.5e-15   53.2   0.1   1   1   5.1e-17   1.8e-15   53.0   0.1     5   179     4   178     1   194 0.94 -
d1zh8a1c.2.1.3       -            182 d1cf2o1c.2.1.3.aln   -            197     2e-12   43.0   0.0   1   1     7e-14   2.4e-12   42.8   0.0     2   167     2   157     1   174 0.92 -
d1ydwa1c.2.1.3       -            185 d1cf2o1c.2.1.3.aln   -            197   7.1e-12   41.2   0.0   1   1   2.4e-13   8.4e-12   41.0   0.0     4   188     2   177     1   182 0.95 -
d1tlta1c.2.1.3       -            165 d1cf2o1c.2.1.3.aln   -            197     9e-12   40.9   0.0   1   1     3e-13     1e-11   40.7   0.0     3   182     1   160     1   164 0.97 -
d1q0qa2c.2.1.3       -            152 d1cf2o1c.2.1.3.aln   -            197   3.4e-10   35.7   0.0   1   1   1.1e-11   3.9e-10   35.6   0.0     4   144     2   135     1   151 0.90 -
d1drua1c.2.1.3       -            161 d1cf2o1c.2.1.3.aln   -            197   9.4e-10   34.3   0.1   1   1   3.3e-11   1.1e-09   34.0   0.1     4   187     3   158     2   161 0.89 -
d1xeaa1c.2.1.3       -            168 d1cf2o1c.2.1.3.aln   -            197   3.9e-09   32.3   0.0   1   1   1.3e-10   4.5e-09   32.1   0.0     4   166     2   148     1   167 0.93 -
d1cf2o1c.2.1.3       -            172 d1cf2o1c.2.1.3.aln   -            197   6.8e-09   31.5   1.3   1   1   2.3e-10   7.8e-09   31.3   1.3     7   148     4   142     1   168 0.91 -
d1lc0a1c.2.1.3       -            173 d1cf2o1c.2.1.3.aln   -            197   8.5e-08   27.9   0.0   1   1   3.1e-09   1.1e-07   27.6   0.0     7   169    10   157     6   172 0.89 -
d1vkna1c.2.1.3       -            177 d1cf2o1c.2.1.3.aln   -            197   8.7e-08   27.9   0.0   1   1   2.8e-09   9.7e-08   27.7   0.0     3   195     1   173     1   175 0.92 -
d1t4ba1c.2.1.3       -            147 d1cf2o1c.2.1.3.aln   -            197   2.1e-07   26.6   0.0   1   2   7.5e-06   0.00026   16.5   0.0     5    96     3    81     1    82 0.85 -
d1t4ba1c.2.1.3       -            147 d1cf2o1c.2.1.3.aln   -            197   2.1e-07   26.6   0.0   2   2    0.0022     0.075    8.5   0.0   125   182    89   143    86   147 0.86 -
d1ebfa1c.2.1.3       -            169 d1cf2o1c.2.1.3.aln   -            197   6.3e-07   25.1   0.2   1   1   2.1e-08   7.3e-07   24.9   0.2     3   183     3   168     1   169 0.96 -
d1f06a1c.2.1.3       -            171 d1cf2o1c.2.1.3.aln   -            197   3.7e-05   19.3   0.0   1   1   1.2e-06   4.2e-05   19.1   0.0     6   121     5   106     2   169 0.78 -
d1nvmb1c.2.1.3       -            158 d1cf2o1c.2.1.3.aln   -            197   0.00056   15.4   0.1   1   1   2.3e-05   0.00078   15.0   0.1     4   144     4   130     1   136 0.77 -
d1e5qa1c.2.1.3       -            183 d1cf2o1c.2.1.3.aln   -            197   0.00073   15.1   0.1   1   1   2.3e-05   0.00079   15.0   0.1     6   192     4   179     1   182 0.88 -
d1vm6a3c.2.1.3       -            129 d1cf2o1c.2.1.3.aln   -            197    0.0017   13.8   0.0   1   2   0.00085     0.029    9.8   0.0     5    52     2    65     1    70 0.91 -
d1vm6a3c.2.1.3       -            129 d1cf2o1c.2.1.3.aln   -            197    0.0017   13.8   0.0   2   2    0.0079      0.27    6.7   0.0    76   129    42    92    39   106 0.87 -
#
# Program:         hmmsearch
# Version:         3.1b2 (February 2015)
# Pipeline mode:   SEARCH
# Query file:      hmmModels95/d1cf2o1c.2.1.3.hmm
# Target file:     scop/scopTestSeq.fasta
# Option settings: hmmsearch --domtblout hmmModels95/d1cf2o1c.2.1.3.out -E 1 hmmModels95/d1cf2o1c.2.1.3.hmm scop/scopTestSeq.fasta 
# Current dir:     /users/nfs/Etu7/3801677/SBAS/TME8
# Date:            Tue Apr  4 15:53:36 2023
# [ok]
