#                                                                            --- full sequence --- -------------- this domain -------------   hmm coord   ali coord   env coord
# target name        accession   tlen query name           accession   qlen   E-value  score  bias   #  of  c-Evalue  i-Evalue  score  bias  from    to  from    to  from    to  acc description of target
#------------------- ---------- ----- -------------------- ---------- ----- --------- ------ ----- --- --- --------- --------- ------ ----- ----- ----- ----- ----- ----- ----- ---- ---------------------
d1exra_a.39.1.5      -            146 d1ctaa_a.39.1.5.aln  -            161   9.5e-56  183.5  12.5   1   1   1.8e-56   1.1e-54  180.1  12.5    12   156     1   145     1   146 0.98 -
d1omra_a.39.1.5      -            201 d1ctaa_a.39.1.5.aln  -            161     2e-51  169.4   0.4   1   1   4.5e-53   2.7e-51  169.0   0.4     4   161     8   163     5   163 0.98 -
d1qv0a_a.39.1.5      -            189 d1ctaa_a.39.1.5.aln  -            161     8e-43  141.5   0.3   1   1   1.5e-44     9e-43  141.3   0.3     7   161     1   177     1   177 0.97 -
d1jbaa_a.39.1.5      -            189 d1ctaa_a.39.1.5.aln  -            161   7.9e-37  122.0   5.4   1   2   2.3e-36   1.4e-34  114.7   1.9     5   161     5   161     1   161 0.95 -
d1jbaa_a.39.1.5      -            189 d1ctaa_a.39.1.5.aln  -            161   7.9e-37  122.0   5.4   2   2   7.9e-06   0.00048   15.4   0.1    50    82   140   172   135   186 0.79 -
d2zfda1a.39.1.5      -            183 d1ctaa_a.39.1.5.aln  -            161   6.3e-27   89.8   7.8   1   2     1e-25   6.2e-24   80.1   5.0    15   141    12   138     5   143 0.95 -
d2zfda1a.39.1.5      -            183 d1ctaa_a.39.1.5.aln  -            161   6.3e-27   89.8   7.8   2   2   8.5e-06   0.00051   15.3   0.6    87   120   128   161   121   164 0.89 -
d1jfka_a.39.1.5      -            134 d1ctaa_a.39.1.5.aln  -            161   5.7e-26   86.7   9.0   1   3   3.8e-21   2.3e-19   65.2   1.5    59   133     2    75     1    82 0.95 -
d1jfka_a.39.1.5      -            134 d1ctaa_a.39.1.5.aln  -            161   5.7e-26   86.7   9.0   2   3   3.4e-06   0.00021   16.6   0.2    97   133    78   114    75   116 0.85 -
d1jfka_a.39.1.5      -            134 d1ctaa_a.39.1.5.aln  -            161   5.7e-26   86.7   9.0   3   3   0.00063     0.038    9.2   0.1   104   119   117   132   114   133 0.79 -
d1s6ja_a.39.1.5      -             87 d1ctaa_a.39.1.5.aln  -            161   8.7e-23   76.3   4.3   1   1   1.5e-24   9.2e-23   76.3   4.3     4    83     7    85     4    87 0.95 -
d2sasa_a.39.1.5      -            185 d1ctaa_a.39.1.5.aln  -            161   3.7e-21   71.1   1.2   1   1     6e-22   3.6e-20   67.8   0.9     3   158    10   172     8   175 0.95 -
d1xo5a_a.39.1.5      -            180 d1ctaa_a.39.1.5.aln  -            161   8.4e-19   63.4   0.1   1   2   2.7e-17   1.7e-15   52.7   0.0    47   142    47   143     4   149 0.87 -
d1xo5a_a.39.1.5      -            180 d1ctaa_a.39.1.5.aln  -            161   8.4e-19   63.4   0.1   2   2    0.0003     0.018   10.3   0.1    96   120   142   166   138   171 0.75 -
d2scpa_a.39.1.5      -            174 d1ctaa_a.39.1.5.aln  -            161   1.1e-17   59.7   5.2   1   1     3e-19   1.8e-17   59.1   5.2    20   160     6   163     2   164 0.93 -
d1nyaa_a.39.1.5      -            176 d1ctaa_a.39.1.5.aln  -            161   3.2e-16   55.0   3.5   1   1     1e-15   6.2e-14   47.6   3.5    21   159     8   170     5   172 0.69 -
d1ctaa_a.39.1.5      -             34 d1ctaa_a.39.1.5.aln  -            161   7.6e-14   47.3   0.2   1   1   1.3e-15     8e-14   47.2   0.2    17    50     1    34     1    34 0.98 -
d1j7qa_a.39.1.5      -             86 d1ctaa_a.39.1.5.aln  -            161   1.2e-11   40.2   0.1   1   1   2.1e-13   1.3e-11   40.0   0.1    13    68     7    61     2    81 0.89 -
#
# Program:         hmmsearch
# Version:         3.1b2 (February 2015)
# Pipeline mode:   SEARCH
# Query file:      hmmModels95/d1ctaa_a.39.1.5.hmm
# Target file:     scop/scopTestSeq.fasta
# Option settings: hmmsearch --domtblout hmmModels95/d1ctaa_a.39.1.5.out -E 1 hmmModels95/d1ctaa_a.39.1.5.hmm scop/scopTestSeq.fasta 
# Current dir:     /users/nfs/Etu7/3801677/SBAS/TME8
# Date:            Tue Apr  4 15:53:37 2023
# [ok]
