#                                                                            --- full sequence --- -------------- this domain -------------   hmm coord   ali coord   env coord
# target name        accession   tlen query name           accession   qlen   E-value  score  bias   #  of  c-Evalue  i-Evalue  score  bias  from    to  from    to  from    to  acc description of target
#------------------- ---------- ----- -------------------- ---------- ----- --------- ------ ----- --- --- --------- --------- ------ ----- ----- ----- ----- ----- ----- ----- ---- ---------------------
d2nn6i1b.40.4.5      -            125 d1d7qa_b.40.4.5.aln  -             91   6.3e-35  115.0   0.0   1   1   1.9e-36   7.5e-35  114.7   0.0     2    91     1    94     1    94 0.99 -
d2vnud3b.40.4.5      -            148 d1d7qa_b.40.4.5.aln  -             91   1.5e-24   81.7   0.0   1   1   4.8e-26   1.9e-24   81.4   0.0     2    91    41   137    40   137 0.98 -
d2uubl1b.40.4.5      -            118 d1d7qa_b.40.4.5.aln  -             91   5.9e-19   63.8   2.4   1   1   1.5e-20   5.9e-19   63.8   2.4     2    88    24   117    23   118 0.98 -
d3bzka4b.40.4.5      -             94 d1d7qa_b.40.4.5.aln  -             91   2.4e-13   45.8   0.5   1   1   6.8e-15   2.7e-13   45.7   0.5     4    86    14    90    11    93 0.93 -
d1go3e1b.40.4.5      -            106 d1d7qa_b.40.4.5.aln  -             91   2.9e-12   42.4   0.6   1   1   9.8e-14   3.9e-12   42.0   0.6     7    91     2    90     1    90 0.96 -
d1wi5a_b.40.4.5      -            119 d1d7qa_b.40.4.5.aln  -             91   5.6e-12   41.4   0.0   1   1   1.6e-13   6.4e-12   41.3   0.0     2    89    15   109    14   111 0.96 -
d2uubq1b.40.4.5      -            100 d1d7qa_b.40.4.5.aln  -             91     6e-12   41.4   2.5   1   1   1.7e-13   6.8e-12   41.2   2.5     4    90     3    88     1    89 0.96 -
d1kl9a2b.40.4.5      -             86 d1d7qa_b.40.4.5.aln  -             91   7.7e-11   37.8   0.7   1   1   2.1e-12   8.3e-11   37.7   0.7     3    85     8    86     6    86 0.95 -
d2nn6h1b.40.4.5      -             95 d1d7qa_b.40.4.5.aln  -             91   2.5e-09   33.0   0.0   1   1   7.3e-11   2.9e-09   32.8   0.0     4    88     4    92     2    94 0.95 -
d1rl2a2b.40.4.5      -             66 d1d7qa_b.40.4.5.aln  -             91   2.6e-09   32.9   0.3   1   1     7e-11   2.8e-09   32.8   0.3    23    87     2    65     1    66 0.95 -
d2je6i1b.40.4.5      -             87 d1d7qa_b.40.4.5.aln  -             91   2.8e-09   32.8   1.5   1   1   1.1e-10   4.2e-09   32.2   1.5     4    80     3    76     1    87 0.81 -
d1jt8a_b.40.4.5      -            102 d1d7qa_b.40.4.5.aln  -             91   4.7e-09   32.1   0.4   1   1   1.3e-10   5.1e-09   32.0   0.4     3    87     4    87     2    91 0.92 -
d1c9oa_b.40.4.5      -             66 d1d7qa_b.40.4.5.aln  -             91   2.8e-08   29.6   0.0   1   1   8.1e-10   3.2e-08   29.4   0.0    12    82     3    62     1    65 0.87 -
d1luza_b.40.4.5      -             85 d1d7qa_b.40.4.5.aln  -             91   2.2e-07   26.7   0.3   1   1   5.8e-09   2.3e-07   26.7   0.3     5    88     5    83     1    85 0.90 -
d2ja9a1b.40.4.5      -             90 d1d7qa_b.40.4.5.aln  -             91     9e-06   21.6   0.0   1   1   2.9e-07   1.1e-05   21.2   0.0     4    85     3    78     1    83 0.80 -
d3i4oa_b.40.4.5      -             68 d1d7qa_b.40.4.5.aln  -             91   5.3e-05   19.1   0.1   1   1   1.6e-06   6.3e-05   18.8   0.1     9    78     1    62     1    67 0.84 -
d1x6oa2b.40.4.5      -             79 d1d7qa_b.40.4.5.aln  -             91   0.00016   17.5   0.0   1   1   4.2e-06   0.00016   17.5   0.0     4    79     4    72     1    79 0.79 -
d1y14b1b.40.4.5      -             91 d1d7qa_b.40.4.5.aln  -             91   0.00051   15.9   0.0   1   1   1.8e-05   0.00071   15.5   0.0     2    89     3    89     2    91 0.94 -
d1smxa_b.40.4.5      -             87 d1d7qa_b.40.4.5.aln  -             91   0.00058   15.8   0.0   1   1   1.8e-05   0.00071   15.5   0.0    40    83    40    80    18    84 0.81 -
d1jjga_b.40.4.5      -            102 d1d7qa_b.40.4.5.aln  -             91   0.00065   15.6   0.5   1   1     2e-05   0.00078   15.4   0.5     6    90     8    96     4    97 0.93 -
#
# Program:         hmmsearch
# Version:         3.1b2 (February 2015)
# Pipeline mode:   SEARCH
# Query file:      hmmModels95/d1d7qa_b.40.4.5.hmm
# Target file:     scop/scopTestSeq.fasta
# Option settings: hmmsearch --domtblout hmmModels95/d1d7qa_b.40.4.5.out -E 1 hmmModels95/d1d7qa_b.40.4.5.hmm scop/scopTestSeq.fasta 
# Current dir:     /users/nfs/Etu7/3801677/SBAS/TME8
# Date:            Tue Apr  4 15:53:37 2023
# [ok]
