#                                                                            --- full sequence --- -------------- this domain -------------   hmm coord   ali coord   env coord
# target name        accession   tlen query name           accession   qlen   E-value  score  bias   #  of  c-Evalue  i-Evalue  score  bias  from    to  from    to  from    to  acc description of target
#------------------- ---------- ----- -------------------- ---------- ----- --------- ------ ----- --- --- --------- --------- ------ ----- ----- ----- ----- ----- ----- ----- ---- ---------------------
d1s8na_c.23.1.1      -            190 d1dbwa_c.23.1.1.aln  -            130   9.3e-57  185.8   0.7   1   1     3e-58   1.4e-56  185.2   0.7     2   129     3   129     2   130 0.98 -
d1jbea_c.23.1.1      -            128 d1dbwa_c.23.1.1.aln  -            130   7.6e-39  127.9   0.0   1   1   1.8e-40   8.2e-39  127.8   0.0     3   122     5   126     3   128 0.96 -
d1kgsa2c.23.1.1      -            122 d1dbwa_c.23.1.1.aln  -            130   3.2e-37  122.6   0.2   1   1   7.5e-39   3.5e-37  122.5   0.2     3   124     2   122     1   122 0.96 -
d2v0na2c.23.1.1      -            153 d1dbwa_c.23.1.1.aln  -            130   1.1e-35  117.6   0.1   1   1   2.8e-37   1.3e-35  117.4   0.1     3   130    14   140    12   140 0.98 -
d1mb3a_c.23.1.1      -            123 d1dbwa_c.23.1.1.aln  -            130   2.4e-35  116.5   0.1   1   1   5.7e-37   2.6e-35  116.4   0.1     3   122     2   122     1   123 0.98 -
d1k66a_c.23.1.1      -            149 d1dbwa_c.23.1.1.aln  -            130   1.1e-34  114.4   0.0   1   1   2.6e-36   1.2e-34  114.3   0.0     3   129     7   146     5   147 0.97 -
d2r25b_c.23.1.1      -            133 d1dbwa_c.23.1.1.aln  -            130   3.7e-34  112.7   0.0   1   1   8.5e-36     4e-34  112.6   0.0     3   123     3   129     1   133 0.94 -
d1dz3a_c.23.1.1      -            123 d1dbwa_c.23.1.1.aln  -            130   6.5e-33  108.7   0.0   1   1   1.5e-34     7e-33  108.6   0.0     3   120     2   121     1   123 0.96 -
d1dbwa_c.23.1.1      -            123 d1dbwa_c.23.1.1.aln  -            130   2.8e-26   87.3   0.2   1   1   6.4e-28     3e-26   87.2   0.2     4   121     5   121     2   123 0.96 -
d3cfya_c.23.1.0      -            130 d1dbwa_c.23.1.1.aln  -            130     1e-25   85.4   0.2   1   1   2.5e-27   1.2e-25   85.2   0.2     3   123     3   122     1   128 0.95 -
d3heba_c.23.1.0      -            142 d1dbwa_c.23.1.1.aln  -            130   7.4e-25   82.6   0.0   1   1     2e-26   9.2e-25   82.3   0.0     4   118     2   128     1   139 0.92 -
d3khta_c.23.1.0      -            132 d1dbwa_c.23.1.1.aln  -            130   1.2e-23   78.8   0.0   1   1   2.9e-25   1.4e-23   78.5   0.0     3   124     2   127     1   131 0.93 -
d2b4aa1c.23.1.1      -            118 d1dbwa_c.23.1.1.aln  -            130   4.8e-20   67.1   0.0   1   1   1.2e-21   5.8e-20   66.8   0.0     2   117     2   114     1   117 0.90 -
d3eqza_c.23.1.0      -            124 d1dbwa_c.23.1.1.aln  -            130   1.4e-15   52.7   0.0   1   1   4.1e-17   1.9e-15   52.2   0.0     4   112     3   114     2   124 0.71 -
d2plna_c.23.1.0      -            118 d1dbwa_c.23.1.1.aln  -            130   7.9e-14   47.0   0.1   1   1     2e-15   9.4e-14   46.7   0.1     2   117     4   115     3   118 0.92 -
d3ktoa_c.23.1.0      -            122 d1dbwa_c.23.1.1.aln  -            130   4.4e-12   41.3   0.2   1   1   1.1e-13     5e-12   41.1   0.2     5   120     3   119     1   122 0.91 -
d1q0qa2c.2.1.3       -            152 d1dbwa_c.23.1.1.aln  -            130    0.0027   12.9   0.5   1   2      0.59        27   -0.1   0.0    62    95    15    48    14    53 0.68 -
d1q0qa2c.2.1.3       -            152 d1dbwa_c.23.1.1.aln  -            130    0.0027   12.9   0.5   2   2   0.00021    0.0098   11.1   0.2     7    50    55    97    49   119 0.80 -
#
# Program:         hmmsearch
# Version:         3.1b2 (February 2015)
# Pipeline mode:   SEARCH
# Query file:      hmmModels95/d1dbwa_c.23.1.1.hmm
# Target file:     scop/scopTestSeq.fasta
# Option settings: hmmsearch --domtblout hmmModels95/d1dbwa_c.23.1.1.out -E 1 hmmModels95/d1dbwa_c.23.1.1.hmm scop/scopTestSeq.fasta 
# Current dir:     /users/nfs/Etu7/3801677/SBAS/TME8
# Date:            Tue Apr  4 15:53:37 2023
# [ok]
