#                                                                            --- full sequence --- -------------- this domain -------------   hmm coord   ali coord   env coord
# target name        accession   tlen query name           accession   qlen   E-value  score  bias   #  of  c-Evalue  i-Evalue  score  bias  from    to  from    to  from    to  acc description of target
#------------------- ---------- ----- -------------------- ---------- ----- --------- ------ ----- --- --- --------- --------- ------ ----- ----- ----- ----- ----- ----- ----- ---- ---------------------
d1e2ka_c.37.1.1      -            329 d1deka_c.37.1.1.aln  -            208   6.7e-82  269.8   0.0   1   2    0.0011     0.043    9.1   0.0     5    25     6    26     4    28 0.91 -
d1e2ka_c.37.1.1      -            329 d1deka_c.37.1.1.aln  -            208   6.7e-82  269.8   0.0   2   2   3.9e-80   1.5e-78  258.8   0.0     2   208    30   278    29   278 0.99 -
d1p5zb_c.37.1.1      -            241 d1deka_c.37.1.1.aln  -            208   1.1e-49  164.6   0.0   1   1   3.2e-51   1.2e-49  164.4   0.0     4   206     3   228     1   230 0.99 -
d1zina1c.37.1.1      -            183 d1deka_c.37.1.1.aln  -            208   2.1e-34  114.7   0.1   1   1   5.8e-36   2.3e-34  114.6   0.1     4   199     1   179     1   183 0.97 -
d1t0hb_c.37.1.1      -            219 d1deka_c.37.1.1.aln  -            208   4.3e-33  110.4   0.0   1   1   1.2e-34   4.7e-33  110.3   0.0     2   206    19   213    18   215 0.98 -
d1qf9a_c.37.1.1      -            194 d1deka_c.37.1.1.aln  -            208   3.1e-27   91.3   0.0   1   1   9.5e-29   3.7e-27   91.0   0.0     2   201     5   192     4   193 0.94 -
d1vhta_c.37.1.1      -            208 d1deka_c.37.1.1.aln  -            208   1.4e-23   79.3   0.3   1   1   4.2e-25   1.6e-23   79.1   0.3     4   204     4   204     2   208 0.89 -
d1khta_c.37.1.1      -            190 d1deka_c.37.1.1.aln  -            208     2e-21   72.3   0.1   1   1   5.5e-23   2.2e-21   72.2   0.1     3   198     1   186     1   190 0.94 -
d1kjwa2c.37.1.1      -            199 d1deka_c.37.1.1.aln  -            208   1.9e-18   62.6   0.0   1   1   5.4e-20   2.1e-18   62.4   0.0    13   205    16   198     9   199 0.93 -
d1gsia_c.37.1.1      -            208 d1deka_c.37.1.1.aln  -            208   1.2e-15   53.4   0.0   1   1   3.6e-17   1.4e-15   53.1   0.0     4   194     1   198     1   204 0.92 -
d1lw7a2c.37.1.1      -            192 d1deka_c.37.1.1.aln  -            208   2.1e-14   49.4   0.0   1   1   1.1e-15   4.3e-14   48.3   0.0     4   196     8   184     6   191 0.96 -
d1y63a_c.37.1.1      -            174 d1deka_c.37.1.1.aln  -            208   2.6e-14   49.0   1.5   1   1   2.3e-15   8.9e-14   47.3   1.5     2   195     4   171     3   174 0.83 -
d1kgda_c.37.1.1      -            178 d1deka_c.37.1.1.aln  -            208   5.2e-14   48.1   0.1   1   1   1.5e-15   5.8e-14   47.9   0.1     2   191     2   175     1   178 0.89 -
d2grja_c.37.1.1      -            179 d1deka_c.37.1.1.aln  -            208   6.5e-13   44.5   0.6   1   1   2.9e-14   1.1e-12   43.7   0.6     2   201     2   178     1   179 0.93 -
d1yj5a2c.37.1.1      -            172 d1deka_c.37.1.1.aln  -            208   3.9e-10   35.4   0.1   1   2     0.011      0.45    5.8   0.0     5    36    16    47    13    53 0.70 -
d1yj5a2c.37.1.1      -            172 d1deka_c.37.1.1.aln  -            208   3.9e-10   35.4   0.1   2   2   7.9e-10   3.1e-08   29.2   0.0    63   192    42   163    32   170 0.92 -
d3kb2a_c.37.1.1      -            171 d1deka_c.37.1.1.aln  -            208     2e-09   33.1   0.0   1   1   5.5e-10   2.2e-08   29.7   0.0     5   202     2   170     1   171 0.96 -
d1ly1a_c.37.1.1      -            152 d1deka_c.37.1.1.aln  -            208   2.8e-07   26.1   0.0   1   1     8e-09   3.2e-07   25.9   0.0     3    60     2    59     1   103 0.83 -
d2qora_c.37.1.0      -            196 d1deka_c.37.1.1.aln  -            208   2.9e-07   26.0   0.0   1   2   1.1e-07   4.4e-06   22.2   0.0     3    65     4    65     2    86 0.87 -
d2qora_c.37.1.0      -            196 d1deka_c.37.1.1.aln  -            208   2.9e-07   26.0   0.0   2   2      0.17       6.6    2.0   0.0   110   190   107   186   101   189 0.69 -
d3akea_c.37.1.0      -            208 d1deka_c.37.1.1.aln  -            208   3.1e-06   22.7   0.1   1   2   1.6e-07   6.5e-06   21.6   0.0     5    41     4    40     1    45 0.95 -
d3akea_c.37.1.0      -            208 d1deka_c.37.1.1.aln  -            208   3.1e-06   22.7   0.1   2   2       6.8   2.7e+02   -3.3   0.0   140   147   157   164   139   184 0.53 -
d1in4a2c.37.1.20     -            238 d1deka_c.37.1.1.aln  -            208   0.00046   15.6   0.1   1   2   5.1e-05     0.002   13.5   0.0     6    35    38    67    36    84 0.83 -
d1in4a2c.37.1.20     -            238 d1deka_c.37.1.1.aln  -            208   0.00046   15.6   0.1   2   2       1.1        45   -0.7   0.0   159   194    76   106    70   114 0.63 -
d1um8a_c.37.1.20     -            364 d1deka_c.37.1.1.aln  -            208    0.0066   11.8   0.0   1   1   0.00035     0.014   10.8   0.0     5    30    70    95    67   105 0.90 -
#
# Program:         hmmsearch
# Version:         3.1b2 (February 2015)
# Pipeline mode:   SEARCH
# Query file:      hmmModels95/d1deka_c.37.1.1.hmm
# Target file:     scop/scopTestSeq.fasta
# Option settings: hmmsearch --domtblout hmmModels95/d1deka_c.37.1.1.out -E 1 hmmModels95/d1deka_c.37.1.1.hmm scop/scopTestSeq.fasta 
# Current dir:     /users/nfs/Etu7/3801677/SBAS/TME8
# Date:            Tue Apr  4 15:53:37 2023
# [ok]
