#                                                                            --- full sequence --- -------------- this domain -------------   hmm coord   ali coord   env coord
# target name        accession   tlen query name           accession   qlen   E-value  score  bias   #  of  c-Evalue  i-Evalue  score  bias  from    to  from    to  from    to  acc description of target
#------------------- ---------- ----- -------------------- ---------- ----- --------- ------ ----- --- --- --------- --------- ------ ----- ----- ----- ----- ----- ----- ----- ---- ---------------------
d1lj8a4c.2.1.6       -            286 d1dlja2c.2.1.6.aln   -            186   3.7e-85  279.7   0.0   1   1   9.5e-87   4.7e-85  279.4   0.0     1   186    55   246    55   246 1.00 -
d1jaya_c.2.1.6       -            212 d1dlja2c.2.1.6.aln   -            186     1e-42  141.3   0.4   1   1   2.3e-44   1.2e-42  141.2   0.4     2   186     2   189     1   189 0.98 -
d1mv8a2c.2.1.6       -            202 d1dlja2c.2.1.6.aln   -            186   1.7e-37  124.4   0.0   1   1   3.7e-39   1.8e-37  124.2   0.0     2   185     1   198     1   199 0.99 -
d1evya2c.2.1.6       -            189 d1dlja2c.2.1.6.aln   -            186   3.2e-37  123.5   0.0   1   1   7.1e-39   3.5e-37  123.3   0.0     3   178     9   189     7   189 0.99 -
d1bg6a2c.2.1.6       -            184 d1dlja2c.2.1.6.aln   -            186   6.9e-34  112.6   0.3   1   1   1.5e-35   7.5e-34  112.4   0.3     2   179     2   182     1   184 0.98 -
d1vpda2c.2.1.6       -            161 d1dlja2c.2.1.6.aln   -            186   1.6e-32  108.1   1.5   1   1   3.6e-34   1.8e-32  108.0   1.5     2   172     1   160     1   161 0.98 -
d2f1ka2c.2.1.6       -            165 d1dlja2c.2.1.6.aln   -            186   3.6e-29   97.2   0.0   1   1     8e-31     4e-29   97.0   0.0     2   175     1   165     1   165 0.98 -
d1f0ya2c.2.1.6       -            192 d1dlja2c.2.1.6.aln   -            186   1.7e-28   95.0   1.6   1   1   4.2e-30   2.1e-28   94.7   1.6     5   186    13   188     7   188 0.97 -
d1txga2c.2.1.6       -            180 d1dlja2c.2.1.6.aln   -            186   1.4e-26   88.8   0.0   1   1   3.1e-28   1.5e-26   88.6   0.0     2   176     1   179     1   180 0.98 -
d1ks9a2c.2.1.6       -            167 d1dlja2c.2.1.6.aln   -            186   4.4e-26   87.1   0.0   1   1   9.7e-28   4.8e-26   87.0   0.0     2   173     1   165     1   167 0.97 -
d2ahra2c.2.1.6       -            152 d1dlja2c.2.1.6.aln   -            186   1.6e-19   65.7   0.0   1   1   3.8e-21   1.9e-19   65.5   0.0     2   172     1   151     1   152 0.97 -
d2pv7a2c.2.1.6       -            152 d1dlja2c.2.1.6.aln   -            186   3.3e-19   64.7   0.0   1   1   7.8e-21   3.8e-19   64.5   0.0     7   172     5   151     2   152 0.95 -
d2i76a2c.2.1.6       -            153 d1dlja2c.2.1.6.aln   -            186   4.6e-17   57.7   0.0   1   1   1.8e-18   8.9e-17   56.8   0.0     5   175     3   152     1   153 0.95 -
d1yqga2c.2.1.6       -            152 d1dlja2c.2.1.6.aln   -            186     1e-15   53.3   0.1   1   1   2.4e-17   1.2e-15   53.1   0.1     2   171     1   151     1   152 0.95 -
d1i36a2c.2.1.6       -            152 d1dlja2c.2.1.6.aln   -            186   1.2e-15   53.1   0.1   1   1   2.7e-17   1.3e-15   52.9   0.1     2   166     1   146     1   151 0.93 -
d1gpja2c.2.1.7       -            159 d1dlja2c.2.1.6.aln   -            186   0.00018   16.6   0.4   1   1   5.2e-06   0.00026   16.1   0.4     2   102    25   121    25   145 0.80 -
#
# Program:         hmmsearch
# Version:         3.1b2 (February 2015)
# Pipeline mode:   SEARCH
# Query file:      hmmModels95/d1dlja2c.2.1.6.hmm
# Target file:     scop/scopTestSeq.fasta
# Option settings: hmmsearch --domtblout hmmModels95/d1dlja2c.2.1.6.out -E 1 hmmModels95/d1dlja2c.2.1.6.hmm scop/scopTestSeq.fasta 
# Current dir:     /users/nfs/Etu7/3801677/SBAS/TME8
# Date:            Tue Apr  4 15:53:37 2023
# [ok]
