#                                                                            --- full sequence --- -------------- this domain -------------   hmm coord   ali coord   env coord
# target name        accession   tlen query name           accession   qlen   E-value  score  bias   #  of  c-Evalue  i-Evalue  score  bias  from    to  from    to  from    to  acc description of target
#------------------- ---------- ----- -------------------- ---------- ----- --------- ------ ----- --- --- --------- --------- ------ ----- ----- ----- ----- ----- ----- ----- ---- ---------------------
d1p1ja1c.2.1.3       -            411 d1drua1c.2.1.3.aln   -            200  2.3e-100  329.9   0.0   1   1  8.1e-102  2.9e-100  329.6   0.0     1   200    57   289    57   289 1.00 -
d2g82a1c.2.1.3       -            169 d1drua1c.2.1.3.aln   -            200   2.4e-35  117.7   0.3   1   1   7.3e-37   2.6e-35  117.5   0.3     9   192     2   168     1   169 0.95 -
d3cina1c.2.1.3       -            276 d1drua1c.2.1.3.aln   -            200   4.3e-32  107.0   0.9   1   2       2.3        83   -1.6   0.1     7    23     2    18     1    22 0.89 -
d3cina1c.2.1.3       -            276 d1drua1c.2.1.3.aln   -            200   4.3e-32  107.0   0.9   2   2   1.7e-33   6.1e-32  106.6   0.1     2   199    34   256    33   257 0.99 -
d1h6da1c.2.1.3       -            222 d1drua1c.2.1.3.aln   -            200   3.6e-26   87.7   0.0   1   1   1.1e-27     4e-26   87.6   0.0     2   195    28   222    27   222 0.97 -
d1gr0a1c.2.1.3       -            244 d1drua1c.2.1.3.aln   -            200   3.7e-25   84.4   0.5   1   2       7.5   2.7e+02   -3.3   0.0     9    23     4    18     2    19 0.85 -
d1gr0a1c.2.1.3       -            244 d1drua1c.2.1.3.aln   -            200   3.7e-25   84.4   0.5   2   2     1e-26   3.7e-25   84.4   0.5     3   196    26   228    24   232 0.96 -
d2nvwa1c.2.1.3       -            238 d1drua1c.2.1.3.aln   -            200   2.8e-23   78.3   0.0   1   1   8.9e-25   3.2e-23   78.1   0.0     3   199    16   234    14   235 0.95 -
d1qkia1c.2.1.3       -            204 d1drua1c.2.1.3.aln   -            200   3.5e-16   55.1   0.0   1   1   1.1e-17   3.9e-16   55.0   0.0     3   196    17   201    15   204 0.96 -
d1cf2o1c.2.1.3       -            172 d1drua1c.2.1.3.aln   -            200   1.2e-13   46.8   1.0   1   1   3.6e-15   1.3e-13   46.7   1.0     9   189     3   169     1   172 0.93 -
d1h9aa1c.2.1.3       -            196 d1drua1c.2.1.3.aln   -            200   1.2e-12   43.6   0.1   1   1   3.6e-14   1.3e-12   43.5   0.1     6   197     5   190     1   193 0.94 -
d1zh8a1c.2.1.3       -            182 d1drua1c.2.1.3.aln   -            200   8.9e-12   40.7   0.0   1   1     3e-13   1.1e-11   40.5   0.0     6   188     2   174     1   179 0.95 -
d1ydwa1c.2.1.3       -            185 d1drua1c.2.1.3.aln   -            200   1.2e-10   37.0   0.1   1   1   3.9e-12   1.4e-10   36.8   0.1     8   187     2   176     1   183 0.95 -
d1lc0a1c.2.1.3       -            173 d1drua1c.2.1.3.aln   -            200   1.5e-09   33.5   0.0   1   1   4.9e-11   1.8e-09   33.2   0.0     7   191     7   171     2   173 0.93 -
d1vkna1c.2.1.3       -            177 d1drua1c.2.1.3.aln   -            200   1.4e-08   30.3   0.0   1   1   5.2e-10   1.9e-08   29.9   0.0     7   194     2   171     1   177 0.91 -
d1xeaa1c.2.1.3       -            168 d1drua1c.2.1.3.aln   -            200   1.3e-06   23.8   0.0   1   1   4.2e-08   1.5e-06   23.7   0.0     8   137     2   120     1   142 0.92 -
d1t4ba1c.2.1.3       -            147 d1drua1c.2.1.3.aln   -            200   1.6e-06   23.6   0.0   1   1   1.2e-07   4.3e-06   22.2   0.0     7   185     2   145     1   147 0.90 -
d1f06a1c.2.1.3       -            171 d1drua1c.2.1.3.aln   -            200   2.8e-06   22.8   0.0   1   1     9e-08   3.2e-06   22.6   0.0     5   118     1   104     1   169 0.79 -
d1tlta1c.2.1.3       -            165 d1drua1c.2.1.3.aln   -            200   8.1e-06   21.3   0.0   1   1   2.5e-07   8.8e-06   21.2   0.0     8   155     2   137     1   163 0.85 -
d1q0qa2c.2.1.3       -            152 d1drua1c.2.1.3.aln   -            200   2.9e-05   19.5   0.0   1   1   1.3e-05   0.00046   15.6   0.0    85   191    56   151     1   152 0.83 -
d1e5qa1c.2.1.3       -            183 d1drua1c.2.1.3.aln   -            200    0.0004   15.8   0.1   1   1   1.2e-05   0.00043   15.7   0.1    10   194     5   180     1   183 0.94 -
d1nvmb1c.2.1.3       -            158 d1drua1c.2.1.3.aln   -            200   0.00043   15.6   0.1   1   1   2.1e-05   0.00076   14.8   0.1     6   107     3    93     1   152 0.77 -
d1yl7a1c.2.1.3       -            136 d1drua1c.2.1.3.aln   -            200    0.0022   13.3   0.1   1   1   7.3e-05    0.0026   13.1   0.1     9   106     2    93     1   105 0.86 -
d1ebfa1c.2.1.3       -            169 d1drua1c.2.1.3.aln   -            200    0.0045   12.3   0.2   1   1   0.00023    0.0084   11.4   0.2     7   184     4   164     1   169 0.66 -
#
# Program:         hmmsearch
# Version:         3.1b2 (February 2015)
# Pipeline mode:   SEARCH
# Query file:      hmmModels95/d1drua1c.2.1.3.hmm
# Target file:     scop/scopTestSeq.fasta
# Option settings: hmmsearch --domtblout hmmModels95/d1drua1c.2.1.3.out -E 1 hmmModels95/d1drua1c.2.1.3.hmm scop/scopTestSeq.fasta 
# Current dir:     /users/nfs/Etu7/3801677/SBAS/TME8
# Date:            Tue Apr  4 15:53:38 2023
# [ok]
