#                                                                            --- full sequence --- -------------- this domain -------------   hmm coord   ali coord   env coord
# target name        accession   tlen query name           accession   qlen   E-value  score  bias   #  of  c-Evalue  i-Evalue  score  bias  from    to  from    to  from    to  acc description of target
#------------------- ---------- ----- -------------------- ---------- ----- --------- ------ ----- --- --- --------- --------- ------ ----- ----- ----- ----- ----- ----- ----- ---- ---------------------
d1i8oa_a.3.1.1       -            114 d1dw0a_a.3.1.1.aln   -            105   1.7e-26   88.7   0.4   1   1   1.7e-28   1.9e-26   88.5   0.4     3   103     1   113     1   114 0.97 -
d1h32b_a.3.1.1       -            138 d1dw0a_a.3.1.1.aln   -            105   5.8e-19   64.5   0.0   1   1   6.1e-21   6.9e-19   64.2   0.0     2   104    24   137    23   138 0.97 -
d1gu2a_a.3.1.1       -            124 d1dw0a_a.3.1.1.aln   -            105   7.3e-18   60.9   0.1   1   1   9.2e-20     1e-17   60.4   0.1     3   104    26   123    24   124 0.96 -
d1c52a_a.3.1.1       -            131 d1dw0a_a.3.1.1.aln   -            105   1.3e-17   60.1   0.1   1   1   1.4e-19   1.5e-17   59.9   0.1     6   103     2   120     1   122 0.95 -
d1e29a_a.3.1.1       -            135 d1dw0a_a.3.1.1.aln   -            105   3.1e-17   58.9   0.0   1   1   3.2e-19   3.6e-17   58.7   0.0     3   103    24   125    22   127 0.93 -
d1c75a_a.3.1.1       -             71 d1dw0a_a.3.1.1.aln   -            105   1.2e-07   28.0   0.7   1   1   2.9e-09   3.2e-07   26.7   0.7     7    61     2    56     1    71 0.81 -
d1wvec_a.3.1.1       -             75 d1dw0a_a.3.1.1.aln   -            105   2.9e-05   20.4   0.1   1   1   2.6e-07     3e-05   20.4   0.1     4    38     2    34     1    73 0.82 -
#
# Program:         hmmsearch
# Version:         3.1b2 (February 2015)
# Pipeline mode:   SEARCH
# Query file:      hmmModels95/d1dw0a_a.3.1.1.hmm
# Target file:     scop/scopTestSeq.fasta
# Option settings: hmmsearch --domtblout hmmModels95/d1dw0a_a.3.1.1.out -E 1 hmmModels95/d1dw0a_a.3.1.1.hmm scop/scopTestSeq.fasta 
# Current dir:     /users/nfs/Etu7/3801677/SBAS/TME8
# Date:            Tue Apr  4 15:53:38 2023
# [ok]
