#                                                                            --- full sequence --- -------------- this domain -------------   hmm coord   ali coord   env coord
# target name        accession   tlen query name           accession   qlen   E-value  score  bias   #  of  c-Evalue  i-Evalue  score  bias  from    to  from    to  from    to  acc description of target
#------------------- ---------- ----- -------------------- ---------- ----- --------- ------ ----- --- --- --------- --------- ------ ----- ----- ----- ----- ----- ----- ----- ---- ---------------------
d3kffa_b.60.1.1      -            152 d1dzka_b.60.1.1.aln  -            170   9.9e-51  167.6   0.4   1   1   1.9e-52   1.1e-50  167.5   0.4    15   169     2   150     1   151 0.98 -
d1kt7a_b.60.1.1      -            175 d1dzka_b.60.1.1.aln  -            170   7.2e-50  164.8   0.1   1   1   1.4e-51     8e-50  164.6   0.1     2   167     3   174     2   175 0.99 -
d1kxoa_b.60.1.1      -            171 d1dzka_b.60.1.1.aln  -            170   1.8e-48  160.2   0.9   1   1   3.6e-50     2e-48  160.1   0.9     1   168     4   171     4   171 0.96 -
d3s26a_b.60.1.1      -            176 d1dzka_b.60.1.1.aln  -            170   3.4e-46  152.8   0.1   1   1   6.7e-48   3.7e-46  152.7   0.1     3   169     6   174     4   175 0.97 -
d3saoa_b.60.1.1      -            155 d1dzka_b.60.1.1.aln  -            170   1.3e-42  141.2   0.2   1   1   2.5e-44   1.4e-42  141.0   0.2    17   169     1   148     1   149 0.98 -
d1i4ua_b.60.1.1      -            181 d1dzka_b.60.1.1.aln  -            170   2.7e-37  123.8   0.6   1   1   5.5e-39   3.1e-37  123.7   0.6     2   169     9   175     8   176 0.96 -
d1lf7a_b.60.1.1      -            171 d1dzka_b.60.1.1.aln  -            170   4.2e-36  120.0   0.0   1   1   8.4e-38   4.7e-36  119.8   0.0     3   169     2   161     1   162 0.96 -
d1epba_b.60.1.1      -            160 d1dzka_b.60.1.1.aln  -            170   7.5e-35  115.9   0.1   1   1   1.5e-36   8.2e-35  115.8   0.1    11   169     1   154     1   155 0.98 -
d1x8qa_b.60.1.1      -            184 d1dzka_b.60.1.1.aln  -            170   3.4e-34  113.8   7.2   1   1   6.6e-36   3.7e-34  113.6   7.2     2   169     2   179     1   180 0.98 -
d1qwda_b.60.1.1      -            167 d1dzka_b.60.1.1.aln  -            170   7.4e-33  109.4   0.0   1   1   1.5e-34   8.2e-33  109.3   0.0     3   163     9   166     7   167 0.96 -
d1qfta_b.60.1.1      -            175 d1dzka_b.60.1.1.aln  -            170   1.6e-27   92.0   7.3   1   1   3.1e-29   1.8e-27   91.9   7.3     2   166     3   172     2   175 0.95 -
d1dzka_b.60.1.1      -            148 d1dzka_b.60.1.1.aln  -            170   1.3e-26   89.1   0.1   1   1   2.8e-28   1.6e-26   88.8   0.1    19   168     3   147     2   148 0.96 -
d1xkia_b.60.1.1      -            139 d1dzka_b.60.1.1.aln  -            170   1.9e-25   85.3   0.0   1   1   3.7e-27   2.1e-25   85.2   0.0    19   162     2   137     1   139 0.96 -
d2joza1b.60.1.1      -            126 d1dzka_b.60.1.1.aln  -            170   2.4e-10   36.1   0.0   1   2   0.00015    0.0084   11.6   0.1    18    67     2    51     1    53 0.95 -
d2joza1b.60.1.1      -            126 d1dzka_b.60.1.1.aln  -            170   2.4e-10   36.1   0.0   2   2   2.8e-08   1.6e-06   23.7   0.0    95   168    52   125    50   126 0.92 -
#
# Program:         hmmsearch
# Version:         3.1b2 (February 2015)
# Pipeline mode:   SEARCH
# Query file:      hmmModels95/d1dzka_b.60.1.1.hmm
# Target file:     scop/scopTestSeq.fasta
# Option settings: hmmsearch --domtblout hmmModels95/d1dzka_b.60.1.1.out -E 1 hmmModels95/d1dzka_b.60.1.1.hmm scop/scopTestSeq.fasta 
# Current dir:     /users/nfs/Etu7/3801677/SBAS/TME8
# Date:            Tue Apr  4 15:53:38 2023
# [ok]
