#                                                                            --- full sequence --- -------------- this domain -------------   hmm coord   ali coord   env coord
# target name        accession   tlen query name           accession   qlen   E-value  score  bias   #  of  c-Evalue  i-Evalue  score  bias  from    to  from    to  from    to  acc description of target
#------------------- ---------- ----- -------------------- ---------- ----- --------- ------ ----- --- --- --------- --------- ------ ----- ----- ----- ----- ----- ----- ----- ---- ---------------------
d2bg1a1e.3.1.1       -            453 d1e25a_e.3.1.1.aln   -            312  2.6e-107  354.0  14.5   1   1  7.2e-109  3.2e-107  353.8  14.5     1   312    52   422    52   422 1.00 -
d1qmea4e.3.1.1       -            357 d1e25a_e.3.1.1.aln   -            312   3.4e-91  301.1   6.8   1   1   9.3e-93   4.1e-91  300.9   6.8     6   312     1   341     1   341 0.99 -
d2hdsa_e.3.1.1       -            358 d1e25a_e.3.1.1.aln   -            312   4.4e-77  254.8   2.6   1   1   1.1e-78     5e-77  254.6   2.6     1   311    20   357    20   358 0.99 -
d2v2ff_e.3.1.1       -            384 d1e25a_e.3.1.1.aln   -            312   8.7e-74  243.9  19.8   1   1   2.3e-75     1e-73  243.7  19.8     1   311    26   363    26   364 0.99 -
d2p74a_e.3.1.1       -            263 d1e25a_e.3.1.1.aln   -            312   1.9e-70  232.9   3.0   1   1   4.8e-72   2.1e-70  232.8   3.0    30   306     2   262     1   263 0.98 -
d2olua2e.3.1.1       -            400 d1e25a_e.3.1.1.aln   -            312   1.2e-65  217.2  13.6   1   1   3.1e-67   1.4e-65  217.0  13.6     1   311    34   375    34   376 0.96 -
d2dcfa1e.3.1.1       -            388 d1e25a_e.3.1.1.aln   -            312   8.5e-60  198.0   0.0   1   1   2.2e-61   9.6e-60  197.8   0.0     2   311    36   386    35   387 0.97 -
d2drwa1e.3.1.1       -            362 d1e25a_e.3.1.1.aln   -            312   1.6e-59  197.1   0.0   1   1   4.2e-61   1.8e-59  196.9   0.0     3   311    20   361    18   362 0.98 -
d1alqa_e.3.1.1       -            263 d1e25a_e.3.1.1.aln   -            312   2.5e-57  189.9   3.5   1   2      0.17       7.3    1.1   0.0   274   303     2    31     1    35 0.87 -
d1alqa_e.3.1.1       -            263 d1e25a_e.3.1.1.aln   -            312   2.5e-57  189.9   3.5   2   2     2e-58   8.9e-57  188.1   3.7    19   270    28   263    10   263 0.96 -
d1ci9a_e.3.1.1       -            377 d1e25a_e.3.1.1.aln   -            312   1.8e-47  157.5   0.0   1   1   4.6e-49     2e-47  157.3   0.0     3   311    22   367    20   368 0.99 -
d1yqsa_e.3.1.1       -            345 d1e25a_e.3.1.1.aln   -            312   1.5e-46  154.4   7.5   1   1   3.9e-48   1.7e-46  154.3   7.5     1   308    19   335    19   339 0.94 -
d1vqqa3e.3.1.1       -            341 d1e25a_e.3.1.1.aln   -            312   5.5e-46  152.6   9.1   1   1   1.5e-47   6.8e-46  152.3   9.1     5   307     2   320     1   324 0.96 -
d1ei5a3e.3.1.1       -            333 d1e25a_e.3.1.1.aln   -            312   3.5e-36  120.4   0.0   1   1   9.8e-38   4.3e-36  120.1   0.0     2   309    20   325    19   327 0.98 -
d1tvfa2e.3.1.1       -            301 d1e25a_e.3.1.1.aln   -            312   5.4e-32  106.7  16.0   1   1   1.3e-33   5.9e-32  106.5  16.0     3   308     3   299     1   301 0.97 -
d1xp4a2e.3.1.1       -            269 d1e25a_e.3.1.1.aln   -            312   1.2e-28   95.7   5.9   1   1   2.9e-30   1.3e-28   95.6   5.9    31   307     2   267     1   269 0.97 -
d1xa1a_e.3.1.1       -            246 d1e25a_e.3.1.1.aln   -            312   2.9e-28   94.4   5.8   1   1   7.1e-30   3.1e-28   94.3   5.8    27   292     2   230     1   246 0.95 -
d1es5a_e.3.1.1       -            260 d1e25a_e.3.1.1.aln   -            312   3.7e-26   87.5  13.1   1   1   9.2e-28     4e-26   87.3  13.1    29   302     1   258     1   260 0.98 -
d1e25a_e.3.1.1       -            278 d1e25a_e.3.1.1.aln   -            312   3.8e-13   44.7   0.1   1   1   1.1e-14     5e-13   44.3   0.1    68   302    38   266    33   269 0.93 -
#
# Program:         hmmsearch
# Version:         3.1b2 (February 2015)
# Pipeline mode:   SEARCH
# Query file:      hmmModels95/d1e25a_e.3.1.1.hmm
# Target file:     scop/scopTestSeq.fasta
# Option settings: hmmsearch --domtblout hmmModels95/d1e25a_e.3.1.1.out -E 1 hmmModels95/d1e25a_e.3.1.1.hmm scop/scopTestSeq.fasta 
# Current dir:     /users/nfs/Etu7/3801677/SBAS/TME8
# Date:            Tue Apr  4 15:53:38 2023
# [ok]
