#                                                                            --- full sequence --- -------------- this domain -------------   hmm coord   ali coord   env coord
# target name        accession   tlen query name           accession   qlen   E-value  score  bias   #  of  c-Evalue  i-Evalue  score  bias  from    to  from    to  from    to  acc description of target
#------------------- ---------- ----- -------------------- ---------- ----- --------- ------ ----- --- --- --------- --------- ------ ----- ----- ----- ----- ----- ----- ----- ---- ---------------------
d1p5zb_c.37.1.1      -            241 d1e2ka_c.37.1.1.aln  -            207   5.2e-45  149.0   0.0   1   1   1.8e-46   5.9e-45  148.8   0.0     3   203     2   229     1   233 0.98 -
d1t0hb_c.37.1.1      -            219 d1e2ka_c.37.1.1.aln  -            207   9.8e-40  131.7   0.0   1   1   3.3e-41   1.1e-39  131.6   0.0     2   206    19   208    18   209 0.99 -
d1zina1c.37.1.1      -            183 d1e2ka_c.37.1.1.aln  -            207   3.9e-33  110.2   0.0   1   1   1.4e-34   4.7e-33  109.9   0.0     4   197     1   177     1   182 0.97 -
d1qf9a_c.37.1.1      -            194 d1e2ka_c.37.1.1.aln  -            207   7.5e-29   96.2   0.0   1   1   2.7e-30   8.8e-29   96.0   0.0     3   194     6   185     4   192 0.89 -
d1e2ka_c.37.1.1      -            329 d1e2ka_c.37.1.1.aln  -            207   3.5e-28   94.0   0.0   1   1   1.3e-29   4.2e-28   93.7   0.0     2   196     3   220     2   231 0.95 -
d1deka_c.37.1.1      -            241 d1e2ka_c.37.1.1.aln  -            207   1.3e-26   88.8   0.0   1   1   4.5e-28   1.5e-26   88.7   0.0     3   202     1   226     1   231 0.96 -
d1khta_c.37.1.1      -            190 d1e2ka_c.37.1.1.aln  -            207   6.9e-24   80.0   0.1   1   1   2.3e-25   7.6e-24   79.8   0.1     4   198     2   189     1   190 0.98 -
d1lw7a2c.37.1.1      -            192 d1e2ka_c.37.1.1.aln  -            207   9.6e-18   59.9   0.0   1   1   3.5e-19   1.2e-17   59.7   0.0     4   198     8   186     6   192 0.91 -
d1kgda_c.37.1.1      -            178 d1e2ka_c.37.1.1.aln  -            207   8.6e-16   53.5   0.1   1   1   2.8e-17   9.1e-16   53.5   0.1     2   171     2   161     1   178 0.93 -
d1vhta_c.37.1.1      -            208 d1e2ka_c.37.1.1.aln  -            207   1.5e-14   49.5   0.0   1   1   7.2e-16   2.4e-14   48.8   0.0     4   198     4   205     2   208 0.91 -
d1gsia_c.37.1.1      -            208 d1e2ka_c.37.1.1.aln  -            207     3e-14   48.5   0.0   1   1   1.1e-15   3.6e-14   48.3   0.0     4   199     1   200     1   207 0.95 -
d2grja_c.37.1.1      -            179 d1e2ka_c.37.1.1.aln  -            207   1.1e-13   46.7   0.2   1   1   4.5e-15   1.5e-13   46.2   0.2     2   183     2   162     1   177 0.92 -
d1y63a_c.37.1.1      -            174 d1e2ka_c.37.1.1.aln  -            207   3.8e-13   44.9   0.4   1   1   1.2e-14   4.1e-13   44.8   0.4     2   186     4   165     3   174 0.91 -
d1kjwa2c.37.1.1      -            199 d1e2ka_c.37.1.1.aln  -            207   7.1e-12   40.8   0.0   1   1   2.6e-13   8.5e-12   40.5   0.0    13   186    16   180     7   193 0.87 -
d3kb2a_c.37.1.1      -            171 d1e2ka_c.37.1.1.aln  -            207   6.7e-11   37.6   0.0   1   1   2.2e-12   7.3e-11   37.4   0.0     5   157     2   136     1   170 0.92 -
d1yj5a2c.37.1.1      -            172 d1e2ka_c.37.1.1.aln  -            207   2.7e-10   35.6   0.0   1   2   0.00016    0.0051   11.8   0.0     6    41    17    52    14    55 0.89 -
d1yj5a2c.37.1.1      -            172 d1e2ka_c.37.1.1.aln  -            207   2.7e-10   35.6   0.0   2   2   9.2e-08     3e-06   22.4   0.0    99   199    75   170    46   172 0.91 -
d1ly1a_c.37.1.1      -            152 d1e2ka_c.37.1.1.aln  -            207   1.4e-09   33.3   0.0   1   1   5.4e-11   1.8e-09   32.9   0.0     3   156     2   136     1   150 0.77 -
d2qora_c.37.1.0      -            196 d1e2ka_c.37.1.1.aln  -            207   2.6e-08   29.1   0.0   1   1   1.7e-09   5.7e-08   28.0   0.0     3    94     4   102     2   185 0.74 -
d3akea_c.37.1.0      -            208 d1e2ka_c.37.1.1.aln  -            207   2.8e-07   25.7   0.3   1   2   6.5e-08   2.1e-06   22.8   0.0     5    45     4    44     2    59 0.87 -
d3akea_c.37.1.0      -            208 d1e2ka_c.37.1.1.aln  -            207   2.8e-07   25.7   0.3   2   2       0.4        13    0.7   0.1   121   156   130   165   123   181 0.76 -
d2jaqa_c.37.1.0      -            201 d1e2ka_c.37.1.1.aln  -            207   5.7e-05   18.2   0.6   1   1   2.2e-05   0.00073   14.6   0.6     4    81     1    68     1   174 0.76 -
d1sxja2c.37.1.20     -            253 d1e2ka_c.37.1.1.aln  -            207   0.00013   17.0   0.0   1   1   6.6e-06   0.00022   16.3   0.0     7    29    56    78    53   109 0.81 -
d1g41a_c.37.1.20     -            443 d1e2ka_c.37.1.1.aln  -            207   0.00026   16.0   0.1   1   2   2.4e-05   0.00079   14.5   0.0     2    45    48    91    47   129 0.84 -
d1g41a_c.37.1.20     -            443 d1e2ka_c.37.1.1.aln  -            207   0.00026   16.0   0.1   2   2       2.7        90   -2.1   0.0   141   170   336   365   302   396 0.67 -
d1in4a2c.37.1.20     -            238 d1e2ka_c.37.1.1.aln  -            207    0.0018   13.3   0.0   1   1   9.2e-05     0.003   12.6   0.0     6    31    38    63    37    91 0.86 -
d1um8a_c.37.1.20     -            364 d1e2ka_c.37.1.1.aln  -            207    0.0027   12.7   0.0   1   1   0.00016    0.0052   11.8   0.0     5    31    70    96    68   128 0.88 -
#
# Program:         hmmsearch
# Version:         3.1b2 (February 2015)
# Pipeline mode:   SEARCH
# Query file:      hmmModels95/d1e2ka_c.37.1.1.hmm
# Target file:     scop/scopTestSeq.fasta
# Option settings: hmmsearch --domtblout hmmModels95/d1e2ka_c.37.1.1.out -E 1 hmmModels95/d1e2ka_c.37.1.1.hmm scop/scopTestSeq.fasta 
# Current dir:     /users/nfs/Etu7/3801677/SBAS/TME8
# Date:            Tue Apr  4 15:53:38 2023
# [ok]
