#                                                                            --- full sequence --- -------------- this domain -------------   hmm coord   ali coord   env coord
# target name        accession   tlen query name           accession   qlen   E-value  score  bias   #  of  c-Evalue  i-Evalue  score  bias  from    to  from    to  from    to  acc description of target
#------------------- ---------- ----- -------------------- ---------- ----- --------- ------ ----- --- --- --------- --------- ------ ----- ----- ----- ----- ----- ----- ----- ---- ---------------------
d2nn6i1b.40.4.5      -            125 d1e3pa2b.40.4.5.aln  -             92   3.2e-21   71.1   0.0   1   1     1e-22   3.8e-21   70.9   0.0     5    91     1    93     1    94 0.98 -
d1d7qa_b.40.4.5      -            143 d1e3pa2b.40.4.5.aln  -             92     5e-19   64.1   0.2   1   2   3.7e-20   1.4e-18   62.7   0.0     1    91    19   115    19   116 0.98 -
d1d7qa_b.40.4.5      -            143 d1e3pa2b.40.4.5.aln  -             92     5e-19   64.1   0.2   2   2         3   1.1e+02   -0.8   0.0    57    74   117   134   115   136 0.78 -
d2vnud3b.40.4.5      -            148 d1e3pa2b.40.4.5.aln  -             92   5.2e-17   57.7   0.0   1   1   1.9e-18     7e-17   57.3   0.0     1    91    26   122    26   123 0.98 -
d2uubl1b.40.4.5      -            118 d1e3pa2b.40.4.5.aln  -             92   3.6e-16   55.0   1.0   1   1   1.2e-17   4.7e-16   54.6   1.0     1    90    17   103    17   105 0.97 -
d2uubq1b.40.4.5      -            100 d1e3pa2b.40.4.5.aln  -             92   5.9e-13   44.7   1.6   1   1   1.9e-14   7.2e-13   44.5   1.6    11    90     1    80     1    82 0.96 -
d1rl2a2b.40.4.5      -             66 d1e3pa2b.40.4.5.aln  -             92     3e-12   42.5   0.4   1   1   8.4e-14   3.2e-12   42.4   0.4    24    89     2    65     1    66 0.97 -
d1wi5a_b.40.4.5      -            119 d1e3pa2b.40.4.5.aln  -             92   7.2e-12   41.3   0.0   1   1   2.2e-13   8.1e-12   41.1   0.0     2    88    12    96    11   100 0.93 -
d3bzka4b.40.4.5      -             94 d1e3pa2b.40.4.5.aln  -             92   4.5e-11   38.7   0.5   1   1   1.4e-12   5.2e-11   38.5   0.5     5    86    12    89     8    93 0.91 -
d2je6i1b.40.4.5      -             87 d1e3pa2b.40.4.5.aln  -             92   3.2e-08   29.7   1.4   1   1   9.1e-10   3.4e-08   29.5   1.4     5    90     1    85     1    87 0.91 -
d1jt8a_b.40.4.5      -            102 d1e3pa2b.40.4.5.aln  -             92   6.6e-08   28.6   0.6   1   1     2e-09   7.3e-08   28.5   0.6     9    85    16    98     8   102 0.93 -
d1go3e1b.40.4.5      -            106 d1e3pa2b.40.4.5.aln  -             92   7.3e-08   28.5   0.7   1   1   2.3e-09   8.7e-08   28.2   0.7     9    89     7    87     2    90 0.92 -
d1kl9a2b.40.4.5      -             86 d1e3pa2b.40.4.5.aln  -             92   1.3e-06   24.5   0.6   1   1   3.9e-08   1.5e-06   24.3   0.6     6    86     8    86     3    86 0.92 -
d2nn6h1b.40.4.5      -             95 d1e3pa2b.40.4.5.aln  -             92   2.9e-06   23.4   0.0   1   1   9.1e-08   3.4e-06   23.2   0.0     6    84     3    87     1    94 0.94 -
d3i4oa_b.40.4.5      -             68 d1e3pa2b.40.4.5.aln  -             92     6e-06   22.4   0.1   1   1     2e-07   7.6e-06   22.0   0.1    15    62     5    52     2    67 0.91 -
d1c9oa_b.40.4.5      -             66 d1e3pa2b.40.4.5.aln  -             92   2.5e-05   20.4   0.0   1   1   7.1e-07   2.7e-05   20.3   0.0    18    86     4    65     1    66 0.84 -
d2ja9a1b.40.4.5      -             90 d1e3pa2b.40.4.5.aln  -             92     4e-05   19.8   0.0   1   1   1.2e-06   4.5e-05   19.6   0.0     6    76     2    68     1    84 0.89 -
d1smxa_b.40.4.5      -             87 d1e3pa2b.40.4.5.aln  -             92   0.00017   17.7   0.1   1   1   6.5e-06   0.00024   17.2   0.1    26    83    19    79     3    85 0.84 -
d2ix0a3b.40.4.5      -             87 d1e3pa2b.40.4.5.aln  -             92   0.00017   17.7   0.2   1   1   5.2e-06    0.0002   17.5   0.2    14    90     6    84     3    86 0.94 -
d1y14b1b.40.4.5      -             91 d1e3pa2b.40.4.5.aln  -             92   0.00088   15.5   0.0   1   1   2.9e-05    0.0011   15.2   0.0     3    90     3    88     1    90 0.88 -
d1luza_b.40.4.5      -             85 d1e3pa2b.40.4.5.aln  -             92    0.0014   14.8   2.0   1   1   5.2e-05    0.0019   14.4   2.0    45    89    39    83     9    85 0.84 -
d1wfqa_b.40.4.5      -             89 d1e3pa2b.40.4.5.aln  -             92    0.0022   14.2   0.1   1   1    0.0001    0.0038   13.4   0.1    55    89    51    85    44    88 0.88 -
#
# Program:         hmmsearch
# Version:         3.1b2 (February 2015)
# Pipeline mode:   SEARCH
# Query file:      hmmModels95/d1e3pa2b.40.4.5.hmm
# Target file:     scop/scopTestSeq.fasta
# Option settings: hmmsearch --domtblout hmmModels95/d1e3pa2b.40.4.5.out -E 1 hmmModels95/d1e3pa2b.40.4.5.hmm scop/scopTestSeq.fasta 
# Current dir:     /users/nfs/Etu7/3801677/SBAS/TME8
# Date:            Tue Apr  4 15:53:38 2023
# [ok]
