#                                                                            --- full sequence --- -------------- this domain -------------   hmm coord   ali coord   env coord
# target name        accession   tlen query name           accession   qlen   E-value  score  bias   #  of  c-Evalue  i-Evalue  score  bias  from    to  from    to  from    to  acc description of target
#------------------- ---------- ----- -------------------- ---------- ----- --------- ------ ----- --- --- --------- --------- ------ ----- ----- ----- ----- ----- ----- ----- ---- ---------------------
d1uoka2c.1.8.1       -            479 d1e43a2c.1.8.1.aln   -            415  9.8e-125  412.4  21.8   1   1  2.8e-126  1.1e-124  412.3  21.8     4   415     1   479     1   479 0.99 -
d3bmva4c.1.8.1       -            406 d1e43a2c.1.8.1.aln   -            415   1.3e-92  306.6  17.5   1   1   3.8e-94   1.5e-92  306.4  17.5     5   415     8   406     4   406 0.94 -
d1wzaa2c.1.8.1       -            409 d1e43a2c.1.8.1.aln   -            415   4.5e-92  304.8  20.2   1   1   1.3e-93   5.1e-92  304.7  20.2     9   413     2   407     1   409 0.97 -
d2guya2c.1.8.1       -            381 d1e43a2c.1.8.1.aln   -            415   6.9e-86  284.5   8.0   1   1   2.1e-87   8.4e-86  284.2   8.0     5   408     2   370     1   375 0.97 -
d1gjwa2c.1.8.1       -            572 d1e43a2c.1.8.1.aln   -            415   1.1e-82  273.9   0.7   1   1   3.6e-84   1.4e-82  273.6   0.7     1   414    29   570    29   571 0.99 -
d1ji1a3c.1.8.1       -            432 d1e43a2c.1.8.1.aln   -            415   5.7e-80  265.0  22.6   1   1   1.6e-81   6.4e-80  264.8  22.6     3   414     2   430     1   431 0.98 -
d1e43a2c.1.8.1       -            393 d1e43a2c.1.8.1.aln   -            415   3.4e-79  262.4  17.7   1   1     1e-80     4e-79  262.2  17.7    11   409     2   393     2   393 0.98 -
d1h3ga3c.1.8.1       -            422 d1e43a2c.1.8.1.aln   -            415   1.2e-74  247.5  11.1   1   1   3.2e-76   1.3e-74  247.4  11.1     8   414     8   420     1   421 0.96 -
d1g5aa2c.1.8.1       -            554 d1e43a2c.1.8.1.aln   -            415   1.8e-72  240.3   6.2   1   1     5e-74     2e-72  240.1   6.2     1   414    22   552    22   553 0.93 -
d1x1na1c.1.8.1       -            523 d1e43a2c.1.8.1.aln   -            415     2e-72  240.1   0.4   1   1   5.6e-74   2.2e-72  240.0   0.4     1   414    28   521    28   522 0.99 -
d1wdpa_c.1.8.1       -            493 d1e43a2c.1.8.1.aln   -            415   1.8e-71  237.0   1.0   1   1     5e-73     2e-71  236.8   1.0     3   412     8   490     6   493 0.98 -
d2fhfa5c.1.8.1       -            563 d1e43a2c.1.8.1.aln   -            415   7.4e-65  215.2   0.5   1   1   2.3e-66   9.1e-65  214.9   0.5     2   414    12   561    11   562 0.99 -
d1bf2a3c.1.8.1       -            475 d1e43a2c.1.8.1.aln   -            415   1.3e-61  204.5  19.6   1   1   1.6e-61   6.2e-60  199.0  19.6     4   414     9   471     6   472 0.92 -
d1ht6a2c.1.8.1       -            347 d1e43a2c.1.8.1.aln   -            415   2.4e-51  170.7   7.3   1   1   7.4e-53   2.9e-51  170.4   7.3    12   410     2   346     1   347 0.88 -
d1ua7a2c.1.8.1       -            344 d1e43a2c.1.8.1.aln   -            415   2.7e-43  144.2  12.3   1   1   5.1e-44     2e-42  141.3  12.3    38   410    16   340     2   343 0.82 -
d2bhua3c.1.8.1       -            420 d1e43a2c.1.8.1.aln   -            415     3e-39  130.8   0.0   1   1   3.2e-39   1.3e-37  125.5   0.0     5   414     8   418     4   419 0.92 -
d1m7xa3c.1.8.1       -            396 d1e43a2c.1.8.1.aln   -            415   3.4e-36  120.8  19.9   1   1   9.6e-38   3.8e-36  120.6  19.9    28   414    13   391     1   392 0.92 -
d1vema2c.1.8.1       -            417 d1e43a2c.1.8.1.aln   -            415     3e-30  101.2   9.2   1   1   9.3e-32   3.7e-30  100.9   9.2     4   395     7   406     4   417 0.95 -
d1r7aa2c.1.8.1       -            434 d1e43a2c.1.8.1.aln   -            415   2.7e-27   91.5   0.3   1   1   7.6e-29     3e-27   91.3   0.3    10   414     2   430     1   431 0.97 -
d1kwga2c.1.8.1       -            393 d1e43a2c.1.8.1.aln   -            415   1.1e-22   76.3   0.1   1   1   3.2e-24   1.2e-22   76.1   0.1     1   413     3   390     3   392 0.95 -
#
# Program:         hmmsearch
# Version:         3.1b2 (February 2015)
# Pipeline mode:   SEARCH
# Query file:      hmmModels95/d1e43a2c.1.8.1.hmm
# Target file:     scop/scopTestSeq.fasta
# Option settings: hmmsearch --domtblout hmmModels95/d1e43a2c.1.8.1.out -E 1 hmmModels95/d1e43a2c.1.8.1.hmm scop/scopTestSeq.fasta 
# Current dir:     /users/nfs/Etu7/3801677/SBAS/TME8
# Date:            Tue Apr  4 15:53:38 2023
# [ok]
