#                                                                            --- full sequence --- -------------- this domain -------------   hmm coord   ali coord   env coord
# target name        accession   tlen query name           accession   qlen   E-value  score  bias   #  of  c-Evalue  i-Evalue  score  bias  from    to  from    to  from    to  acc description of target
#------------------- ---------- ----- -------------------- ---------- ----- --------- ------ ----- --- --- --------- --------- ------ ----- ----- ----- ----- ----- ----- ----- ---- ---------------------
d2fhfa4b.71.1.1      -            118 d1e43a1b.71.1.1.aln  -             89   1.8e-25   84.5   0.1   1   1   5.4e-27   2.1e-25   84.2   0.1     1    89    18   106    18   106 0.98 -
d1bf2a2b.71.1.1      -            113 d1e43a1b.71.1.1.aln  -             89   7.2e-25   82.5   8.4   1   1   2.3e-26   8.9e-25   82.2   8.4     2    89    19   106    18   106 0.98 -
d1m7xa2b.71.1.1      -            106 d1e43a1b.71.1.1.aln  -             89   2.5e-20   68.0   0.0   1   1   7.1e-22   2.8e-20   67.9   0.0     5    88     9    92     5    93 0.94 -
d2guya1b.71.1.1      -             95 d1e43a1b.71.1.1.aln  -             89   5.5e-20   66.9   0.6   1   1   1.5e-21   5.9e-20   66.8   0.6     4    88     3    87     1    88 0.96 -
d3bmva3b.71.1.1      -             89 d1e43a1b.71.1.1.aln  -             89   1.1e-19   65.9   5.5   1   1     3e-21   1.2e-19   65.8   5.5     1    86     1    86     1    89 0.98 -
d1szna1b.71.1.1      -            103 d1e43a1b.71.1.1.aln  -             89   8.7e-19   63.1   0.1   1   1   2.5e-20     1e-18   62.9   0.1     3    89    14   100    12   100 0.98 -
d1e43a1b.71.1.1      -             90 d1e43a1b.71.1.1.aln  -             89   4.8e-14   47.9   2.2   1   1   1.4e-15   5.6e-14   47.7   2.2     3    85     6    88     4    89 0.98 -
d1uasa1b.71.1.1      -             89 d1e43a1b.71.1.1.aln  -             89   1.2e-12   43.4   1.1   1   1   3.3e-14   1.3e-12   43.4   1.1     3    87     3    87     1    89 0.96 -
d1ji1a2b.71.1.1      -             83 d1e43a1b.71.1.1.aln  -             89   1.4e-12   43.3   2.9   1   1   3.7e-14   1.5e-12   43.2   2.9     5    80     4    79     1    82 0.94 -
d1ea9c2b.71.1.1      -             80 d1e43a1b.71.1.1.aln  -             89   3.7e-10   35.5   0.0   1   1   9.9e-12   3.9e-10   35.5   0.0     3    80     2    79     1    80 0.96 -
d1h3ga2b.71.1.1      -             83 d1e43a1b.71.1.1.aln  -             89   8.8e-09   31.1   0.0   1   1   2.4e-10   9.4e-09   31.0   0.0     5    83     2    75     1    81 0.88 -
d1j0ha2b.71.1.1      -             83 d1e43a1b.71.1.1.aln  -             89   3.8e-07   25.9   0.0   1   1   9.9e-09   3.9e-07   25.9   0.0     5    77     5    74     1    83 0.87 -
d1g5aa1b.71.1.1      -             74 d1e43a1b.71.1.1.aln  -             89     5e-07   25.5   0.0   1   1   1.4e-08   5.4e-07   25.4   0.0     9    78     4    73     1    74 0.93 -
d1ua7a1b.71.1.1      -             78 d1e43a1b.71.1.1.aln  -             89   1.6e-06   23.9   0.9   1   1     5e-08     2e-06   23.6   0.9     8    73     9    74     5    77 0.94 -
d1mxga1b.71.1.1      -             74 d1e43a1b.71.1.1.aln  -             89     2e-06   23.6   1.7   1   1   5.7e-08   2.3e-06   23.4   1.7     6    73     5    72     2    74 0.96 -
d1wzaa1b.71.1.1      -             79 d1e43a1b.71.1.1.aln  -             89     5e-06   22.3   0.1   1   1   1.4e-07   5.6e-06   22.2   0.1     5    77     3    75     1    78 0.93 -
d1ht6a1b.71.1.1      -             57 d1e43a1b.71.1.1.aln  -             89    0.0004   16.3   0.0   1   1     1e-05   0.00041   16.2   0.0     4    54     6    56     3    57 0.94 -
d1lwha1b.71.1.1      -             50 d1e43a1b.71.1.1.aln  -             89   0.00052   15.9   0.0   1   1   1.3e-05   0.00052   15.9   0.0     5    49     3    47     1    50 0.91 -
d1gjwa1b.71.1.1      -             64 d1e43a1b.71.1.1.aln  -             89   0.00064   15.6   0.0   1   1   1.6e-05   0.00064   15.6   0.0     4    60     3    59     1    64 0.89 -
d1r7aa1b.71.1.1      -             70 d1e43a1b.71.1.1.aln  -             89    0.0012   14.8   0.1   1   1   3.2e-05    0.0012   14.7   0.1     5    71     3    69     1    70 0.91 -
#
# Program:         hmmsearch
# Version:         3.1b2 (February 2015)
# Pipeline mode:   SEARCH
# Query file:      hmmModels95/d1e43a1b.71.1.1.hmm
# Target file:     scop/scopTestSeq.fasta
# Option settings: hmmsearch --domtblout hmmModels95/d1e43a1b.71.1.1.out -E 1 hmmModels95/d1e43a1b.71.1.1.hmm scop/scopTestSeq.fasta 
# Current dir:     /users/nfs/Etu7/3801677/SBAS/TME8
# Date:            Tue Apr  4 15:53:38 2023
# [ok]
