#                                                                            --- full sequence --- -------------- this domain -------------   hmm coord   ali coord   env coord
# target name        accession   tlen query name           accession   qlen   E-value  score  bias   #  of  c-Evalue  i-Evalue  score  bias  from    to  from    to  from    to  acc description of target
#------------------- ---------- ----- -------------------- ---------- ----- --------- ------ ----- --- --- --------- --------- ------ ----- ----- ----- ----- ----- ----- ----- ---- ---------------------
d1p1ja1c.2.1.3       -            411 d1e5qa1c.2.1.3.aln   -            192     3e-90  296.7   0.0   1   1   1.1e-91   3.8e-90  296.4   0.0     1   192    56   329    56   329 1.00 -
d3cina1c.2.1.3       -            276 d1e5qa1c.2.1.3.aln   -            192   1.7e-37  124.6   1.6   1   2       1.2        42   -0.6   0.0     3    23     2    22     1    33 0.85 -
d3cina1c.2.1.3       -            276 d1e5qa1c.2.1.3.aln   -            192   1.7e-37  124.6   1.6   2   2     8e-39   2.7e-37  123.9   0.4     2   192    48   266    47   266 0.99 -
d2g82a1c.2.1.3       -            169 d1e5qa1c.2.1.3.aln   -            192   1.3e-33  111.9   0.4   1   1   4.3e-35   1.5e-33  111.7   0.4     5   181     2   164     1   168 0.98 -
d1h6da1c.2.1.3       -            222 d1e5qa1c.2.1.3.aln   -            192   7.9e-32  106.1   0.1   1   1   2.6e-33   8.9e-32  105.9   0.1     1   188    32   219    32   222 0.98 -
d2nvwa1c.2.1.3       -            238 d1e5qa1c.2.1.3.aln   -            192   8.1e-30   99.5   0.0   1   1   2.7e-31   9.3e-30   99.3   0.0     1   191    15   215    15   216 0.99 -
d1gr0a1c.2.1.3       -            244 d1e5qa1c.2.1.3.aln   -            192   5.1e-26   87.2   2.1   1   2       8.4   2.9e+02   -3.4   0.1     6    22     5    21     3    24 0.84 -
d1gr0a1c.2.1.3       -            244 d1e5qa1c.2.1.3.aln   -            192   5.1e-26   87.2   2.1   2   2   1.5e-27   5.1e-26   87.2   2.1     2   190    50   239    49   241 0.98 -
d1qkia1c.2.1.3       -            204 d1e5qa1c.2.1.3.aln   -            192   4.9e-17   57.8   0.0   1   1   1.6e-18   5.4e-17   57.7   0.0     4   186    22   202    19   204 0.97 -
d1cf2o1c.2.1.3       -            172 d1e5qa1c.2.1.3.aln   -            192     2e-15   52.6   1.6   1   1   6.6e-17   2.3e-15   52.4   1.6     3   181     1   171     1   172 0.97 -
d1h9aa1c.2.1.3       -            196 d1e5qa1c.2.1.3.aln   -            192   2.4e-12   42.5   0.1   1   1   8.3e-14   2.9e-12   42.3   0.1     2   180     5   184     4   192 0.97 -
d1ydwa1c.2.1.3       -            185 d1e5qa1c.2.1.3.aln   -            192     5e-12   41.5   0.1   1   1   1.6e-13   5.6e-12   41.3   0.1     3   155     2   152     1   179 0.90 -
d1zh8a1c.2.1.3       -            182 d1e5qa1c.2.1.3.aln   -            192     2e-10   36.3   0.0   1   1   6.5e-12   2.2e-10   36.1   0.0     1   152     2   149     2   174 0.93 -
d1vkna1c.2.1.3       -            177 d1e5qa1c.2.1.3.aln   -            192     2e-10   36.3   0.0   1   1   6.5e-12   2.2e-10   36.1   0.0     2   187     1   170     1   175 0.94 -
d1tlta1c.2.1.3       -            165 d1e5qa1c.2.1.3.aln   -            192     3e-10   35.7   0.0   1   1   9.5e-12   3.3e-10   35.6   0.0     2   183     1   163     1   165 0.94 -
d1q0qa2c.2.1.3       -            152 d1e5qa1c.2.1.3.aln   -            192   1.3e-09   33.6   0.0   1   1   4.5e-11   1.5e-09   33.4   0.0     4   128     3   119     1   137 0.93 -
d1t4ba1c.2.1.3       -            147 d1e5qa1c.2.1.3.aln   -            192     2e-07   26.5   0.0   1   1   9.3e-09   3.2e-07   25.8   0.0     4   101     3    87     1   142 0.82 -
d1xeaa1c.2.1.3       -            168 d1e5qa1c.2.1.3.aln   -            192   4.2e-07   25.4   0.0   1   1   1.5e-08   5.1e-07   25.2   0.0     3   138     2   131     1   139 0.95 -
d1ebfa1c.2.1.3       -            169 d1e5qa1c.2.1.3.aln   -            192   1.8e-06   23.3   0.1   1   1     6e-08   2.1e-06   23.2   0.1     2   179     3   166     2   169 0.96 -
d1drua1c.2.1.3       -            161 d1e5qa1c.2.1.3.aln   -            192   5.7e-06   21.7   0.1   1   1   2.4e-07   8.2e-06   21.2   0.1     3   131     3   119     1   140 0.85 -
d1nvmb1c.2.1.3       -            158 d1e5qa1c.2.1.3.aln   -            192   2.3e-05   19.8   0.1   1   1   7.3e-07   2.5e-05   19.7   0.1     4   103     5    97     2   128 0.87 -
d1f06a1c.2.1.3       -            171 d1e5qa1c.2.1.3.aln   -            192   8.8e-05   17.9   0.1   1   1   6.2e-06   0.00021   16.6   0.1     5    71     5    69     2   170 0.74 -
d1vm6a3c.2.1.3       -            129 d1e5qa1c.2.1.3.aln   -            192   0.00023   16.5   0.2   1   2      0.11       3.7    2.8   0.1     3    34     1    32     1    35 0.79 -
d1vm6a3c.2.1.3       -            129 d1e5qa1c.2.1.3.aln   -            192   0.00023   16.5   0.2   2   2   3.6e-05    0.0012   14.1   0.0    55   131    23    91    14   123 0.89 -
d1lc0a1c.2.1.3       -            173 d1e5qa1c.2.1.3.aln   -            192    0.0005   15.4   0.0   1   1     2e-05   0.00068   15.0   0.0    30   178    21   165     5   171 0.76 -
d1yl7a1c.2.1.3       -            136 d1e5qa1c.2.1.3.aln   -            192   0.00052   15.4   0.2   1   1   1.7e-05   0.00059   15.2   0.2     4    53     1    48     1   133 0.78 -
#
# Program:         hmmsearch
# Version:         3.1b2 (February 2015)
# Pipeline mode:   SEARCH
# Query file:      hmmModels95/d1e5qa1c.2.1.3.hmm
# Target file:     scop/scopTestSeq.fasta
# Option settings: hmmsearch --domtblout hmmModels95/d1e5qa1c.2.1.3.out -E 1 hmmModels95/d1e5qa1c.2.1.3.hmm scop/scopTestSeq.fasta 
# Current dir:     /users/nfs/Etu7/3801677/SBAS/TME8
# Date:            Tue Apr  4 15:53:39 2023
# [ok]
