#                                                                            --- full sequence --- -------------- this domain -------------   hmm coord   ali coord   env coord
# target name        accession   tlen query name           accession   qlen   E-value  score  bias   #  of  c-Evalue  i-Evalue  score  bias  from    to  from    to  from    to  acc description of target
#------------------- ---------- ----- -------------------- ---------- ----- --------- ------ ----- --- --- --------- --------- ------ ----- ----- ----- ----- ----- ----- ----- ---- ---------------------
d1szna1b.71.1.1      -            103 d1ea9c2b.71.1.1.aln  -             90   3.7e-28   93.2   0.1   1   1     1e-29   4.4e-28   93.0   0.1     1    90    13   102    13   102 0.99 -
d1bf2a2b.71.1.1      -            113 d1ea9c2b.71.1.1.aln  -             90   3.1e-24   80.6   9.0   1   1   8.9e-26   3.9e-24   80.3   9.0     2    90     7   106     6   106 0.99 -
d2fhfa4b.71.1.1      -            118 d1ea9c2b.71.1.1.aln  -             90   2.9e-22   74.3   0.1   1   1   7.7e-24   3.4e-22   74.1   0.1     2    90     9   106     8   106 0.98 -
d3bmva3b.71.1.1      -             89 d1ea9c2b.71.1.1.aln  -             90   4.4e-21   70.5   5.1   1   1   1.1e-22   4.8e-21   70.4   5.1     3    87     2    86     1    89 0.97 -
d2guya1b.71.1.1      -             95 d1ea9c2b.71.1.1.aln  -             90   3.4e-20   67.7   0.6   1   1   8.3e-22   3.7e-20   67.6   0.6     5    89     3    86     1    87 0.96 -
d1e43a1b.71.1.1      -             90 d1ea9c2b.71.1.1.aln  -             90   2.2e-19   65.1   2.0   1   1   5.4e-21   2.4e-19   65.0   2.0     2    85     4    87     3    90 0.96 -
d1m7xa2b.71.1.1      -            106 d1ea9c2b.71.1.1.aln  -             90     1e-18   63.0   0.0   1   1   2.6e-20   1.1e-18   62.8   0.0     2    89     5    92     4    93 0.97 -
d1uasa1b.71.1.1      -             89 d1ea9c2b.71.1.1.aln  -             90   2.7e-11   39.2   1.2   1   1   6.4e-13   2.8e-11   39.1   1.2     7    87     8    88     2    89 0.94 -
d1h3ga2b.71.1.1      -             83 d1ea9c2b.71.1.1.aln  -             90   1.2e-10   37.1   0.0   1   1   3.3e-12   1.4e-10   36.8   0.0     4    79     2    80     1    82 0.96 -
d1ua7a1b.71.1.1      -             78 d1ea9c2b.71.1.1.aln  -             90   7.7e-10   34.5   0.8   1   1     2e-11   8.7e-10   34.3   0.8     9    75     9    75     5    78 0.93 -
d1j0ha2b.71.1.1      -             83 d1ea9c2b.71.1.1.aln  -             90     2e-08   30.0   0.0   1   1   4.7e-10   2.1e-08   29.9   0.0     7    82     7    82     1    83 0.94 -
d1ji1a2b.71.1.1      -             83 d1ea9c2b.71.1.1.aln  -             90   2.4e-08   29.7   3.3   1   1   5.9e-10   2.6e-08   29.6   3.3     4    83     2    81     1    83 0.96 -
d1g5aa1b.71.1.1      -             74 d1ea9c2b.71.1.1.aln  -             90   4.4e-07   25.7   0.0   1   1   1.1e-08   4.8e-07   25.6   0.0     6    78     3    74     1    74 0.95 -
d1mxga1b.71.1.1      -             74 d1ea9c2b.71.1.1.aln  -             90   3.1e-06   23.0   1.6   1   1   7.4e-08   3.2e-06   22.9   1.6     4    73     3    73     1    74 0.96 -
d1wzaa1b.71.1.1      -             79 d1ea9c2b.71.1.1.aln  -             90   3.3e-06   22.9   0.0   1   1   8.4e-08   3.7e-06   22.7   0.0     6    76     4    74     1    78 0.94 -
d1r7aa1b.71.1.1      -             70 d1ea9c2b.71.1.1.aln  -             90   8.5e-05   18.4   0.1   1   1   2.1e-06     9e-05   18.3   0.1     2    66     4    69     3    70 0.95 -
d1lwha1b.71.1.1      -             50 d1ea9c2b.71.1.1.aln  -             90    0.0018   14.1   0.0   1   1   4.2e-05    0.0018   14.1   0.0     6    50     4    48     1    50 0.91 -
d1gjwa1b.71.1.1      -             64 d1ea9c2b.71.1.1.aln  -             90    0.0048   12.8   0.0   1   1   0.00011     0.005   12.7   0.0     5    59     3    57     1    63 0.89 -
#
# Program:         hmmsearch
# Version:         3.1b2 (February 2015)
# Pipeline mode:   SEARCH
# Query file:      hmmModels95/d1ea9c2b.71.1.1.hmm
# Target file:     scop/scopTestSeq.fasta
# Option settings: hmmsearch --domtblout hmmModels95/d1ea9c2b.71.1.1.out -E 1 hmmModels95/d1ea9c2b.71.1.1.hmm scop/scopTestSeq.fasta 
# Current dir:     /users/nfs/Etu7/3801677/SBAS/TME8
# Date:            Tue Apr  4 15:53:39 2023
# [ok]
