#                                                                            --- full sequence --- -------------- this domain -------------   hmm coord   ali coord   env coord
# target name        accession   tlen query name           accession   qlen   E-value  score  bias   #  of  c-Evalue  i-Evalue  score  bias  from    to  from    to  from    to  acc description of target
#------------------- ---------- ----- -------------------- ---------- ----- --------- ------ ----- --- --- --------- --------- ------ ----- ----- ----- ----- ----- ----- ----- ---- ---------------------
d3n9ka_c.1.8.3       -            394 d1ecea_c.1.8.3.aln   -            336   5.2e-82  271.4  21.7   1   1   1.6e-83   5.9e-82  271.2  21.7     1   335    10   381    10   382 0.99 -
d1i1wa_c.1.8.3       -            303 d1ecea_c.1.8.3.aln   -            336   7.8e-82  270.8   5.3   1   1   2.6e-83   9.7e-82  270.5   5.3    11   333     9   300     2   302 0.97 -
d1uuqa_c.1.8.3       -            410 d1ecea_c.1.8.3.aln   -            336   1.1e-58  194.7  18.1   1   1   3.5e-60   1.3e-58  194.5  18.1     2   334    20   408    19   410 0.99 -
d1odza_c.1.8.3       -            381 d1ecea_c.1.8.3.aln   -            336     6e-49  162.7  14.4   1   1   1.8e-50   6.9e-49  162.5  14.4     2   335    16   373    15   374 0.98 -
d1qw9a2c.1.8.3       -            367 d1ecea_c.1.8.3.aln   -            336   1.1e-45  152.0   2.5   1   1   3.2e-47   1.2e-45  151.8   2.5     3   335     3   364     1   365 0.98 -
d1edga_c.1.8.3       -            380 d1ecea_c.1.8.3.aln   -            336     4e-45  150.1  17.8   1   1   1.2e-46   4.5e-45  150.0  17.8     2   334    17   371    16   373 0.97 -
d1qnra_c.1.8.3       -            344 d1ecea_c.1.8.3.aln   -            336   4.2e-39  130.4  21.1   1   1   1.2e-40   4.7e-39  130.2  21.1     3   333    22   342    20   344 0.97 -
d1rh9a1c.1.8.3       -            370 d1ecea_c.1.8.3.aln   -            336     1e-38  129.1   8.0   1   1   3.3e-40   1.2e-38  128.8   8.0     1   319    19   351    19   357 0.95 -
d1hjua_c.1.8.3       -            332 d1ecea_c.1.8.3.aln   -            336   1.2e-37  125.6  15.6   1   1   3.5e-39   1.3e-37  125.4  15.6    11   329     9   326     2   332 0.94 -
d7a3ha_c.1.8.3       -            300 d1ecea_c.1.8.3.aln   -            336     3e-36  120.9  15.0   1   1   1.1e-37     4e-36  120.6  15.0    12   327    17   296    15   299 0.93 -
d2je8a5c.1.8.3       -            348 d1ecea_c.1.8.3.aln   -            336   3.4e-36  120.8   7.6   1   1   1.1e-37     4e-36  120.5   7.6     6   335    14   347    10   348 0.98 -
d1ur4a_c.1.8.3       -            387 d1ecea_c.1.8.3.aln   -            336     3e-31  104.5  16.0   1   1   9.3e-33   3.5e-31  104.3  16.0     5   332    14   380    11   384 0.98 -
d1w91a2c.1.8.3       -            347 d1ecea_c.1.8.3.aln   -            336     1e-29   99.5   0.1   1   1   3.1e-31   1.1e-29   99.3   0.1     2   335    10   344     9   345 0.97 -
d1bqca_c.1.8.3       -            302 d1ecea_c.1.8.3.aln   -            336   2.6e-29   98.1  10.5   1   1   7.8e-31   2.9e-29   98.0  10.5     4   332     5   301     2   302 0.95 -
d2vzsa5c.1.8.3       -            339 d1ecea_c.1.8.3.aln   -            336     5e-26   87.3   3.1   1   1   1.5e-27   5.6e-26   87.2   3.1     3   333     7   337     5   339 0.97 -
d1jz8a5c.1.8.3       -            292 d1ecea_c.1.8.3.aln   -            336   3.4e-25   84.6   0.4   1   1     1e-26   3.9e-25   84.4   0.4     3   299     2   272     1   291 0.94 -
d1ceoa_c.1.8.3       -            340 d1ecea_c.1.8.3.aln   -            336   4.8e-25   84.1   2.0   1   1   1.6e-26   5.9e-25   83.8   2.0     4   329     3   332     1   336 0.91 -
d1vjza_c.1.8.3       -            325 d1ecea_c.1.8.3.aln   -            336   5.5e-25   83.9   0.9   1   1   1.7e-26   6.3e-25   83.7   0.9     6   318     4   307     1   319 0.93 -
d2nt0a2c.1.8.3       -            354 d1ecea_c.1.8.3.aln   -            336   4.5e-24   80.9   0.1   1   1   1.3e-25   4.9e-24   80.8   0.1     4   333    12   347     9   350 0.97 -
d1h1na_c.1.8.3       -            305 d1ecea_c.1.8.3.aln   -            336   4.3e-22   74.4  13.9   1   1   1.2e-23   4.7e-22   74.3  13.9     7   332     4   299     1   303 0.96 -
d2v3ga_c.1.8.3       -            273 d1ecea_c.1.8.3.aln   -            336   1.8e-11   39.5  23.4   1   1     6e-13   2.2e-11   39.2  23.4    35   318    13   262     4   267 0.90 -
#
# Program:         hmmsearch
# Version:         3.1b2 (February 2015)
# Pipeline mode:   SEARCH
# Query file:      hmmModels95/d1ecea_c.1.8.3.hmm
# Target file:     scop/scopTestSeq.fasta
# Option settings: hmmsearch --domtblout hmmModels95/d1ecea_c.1.8.3.out -E 1 hmmModels95/d1ecea_c.1.8.3.hmm scop/scopTestSeq.fasta 
# Current dir:     /users/nfs/Etu7/3801677/SBAS/TME8
# Date:            Tue Apr  4 15:53:39 2023
# [ok]
