#                                                                            --- full sequence --- -------------- this domain -------------   hmm coord   ali coord   env coord
# target name        accession   tlen query name           accession   qlen   E-value  score  bias   #  of  c-Evalue  i-Evalue  score  bias  from    to  from    to  from    to  acc description of target
#------------------- ---------- ----- -------------------- ---------- ----- --------- ------ ----- --- --- --------- --------- ------ ----- ----- ----- ----- ----- ----- ----- ---- ---------------------
d3mw9a1c.2.1.7       -            293 d1edza1c.2.1.7.aln   -            235  2.5e-104  343.3   0.0   1   1  6.3e-106  2.9e-104  343.1   0.0     1   235     3   292     3   292 1.00 -
d1o0sa1c.2.1.7       -            308 d1edza1c.2.1.7.aln   -            235   4.7e-93  306.4   0.5   1   1   1.2e-94   5.5e-93  306.2   0.5     4   235     1   262     1   262 0.99 -
d1euza1c.2.1.7       -            239 d1edza1c.2.1.7.aln   -            235   1.1e-78  259.4   2.8   1   1   2.8e-80   1.3e-78  259.1   2.8     3   234     9   237     7   238 0.95 -
d1bgva1c.2.1.7       -            255 d1edza1c.2.1.7.aln   -            235   2.7e-62  205.7   3.3   1   1   6.5e-64     3e-62  205.6   3.3     1   235    11   255    11   255 0.99 -
d1vl6a1c.2.1.7       -            222 d1edza1c.2.1.7.aln   -            235   3.2e-41  136.7   0.3   1   1   7.7e-43   3.6e-41  136.6   0.3     4   221     2   221     1   222 0.95 -
d1c1da1c.2.1.7       -            201 d1edza1c.2.1.7.aln   -            235   9.9e-37  122.0   2.0   1   1   2.3e-38   1.1e-36  121.9   2.0     3   214     3   197     1   201 0.94 -
d1nyta1c.2.1.7       -            170 d1edza1c.2.1.7.aln   -            235   6.6e-24   80.1   0.0   1   1   3.4e-24   1.6e-22   75.6   0.0     7   214     3   167     1   170 0.97 -
d1luaa1c.2.1.7       -            191 d1edza1c.2.1.7.aln   -            235   5.5e-19   64.0   5.3   1   1   1.4e-20   6.6e-19   63.7   5.3     5   217     5   191     2   191 0.94 -
d1npya1c.2.1.7       -            167 d1edza1c.2.1.7.aln   -            235   1.8e-16   55.7   5.8   1   2   5.6e-07   2.6e-05   19.2   1.4    13    57     5    49     2    53 0.90 -
d1npya1c.2.1.7       -            167 d1edza1c.2.1.7.aln   -            235   1.8e-16   55.7   5.8   2   2   2.7e-14   1.2e-12   43.2   0.3    93   215    43   165    41   167 0.91 -
d1gpja2c.2.1.7       -            159 d1edza1c.2.1.7.aln   -            235   1.6e-14   49.3   1.3   1   1   5.6e-15   2.6e-13   45.4   1.3     4   178     4   137     1   157 0.89 -
d1pl8a2c.2.1.1       -            171 d1edza1c.2.1.7.aln   -            235   4.5e-05   18.4   0.3   1   1   1.2e-06   5.8e-05   18.1   0.3    17    81    21    89    12   131 0.80 -
d1vj0a2c.2.1.1       -            182 d1edza1c.2.1.7.aln   -            235   6.5e-05   17.9   0.0   1   1   1.6e-06   7.6e-05   17.7   0.0    21    81    25    94     7   124 0.79 -
d1cf2o1c.2.1.3       -            172 d1edza1c.2.1.7.aln   -            235   0.00015   16.7   0.5   1   1   4.6e-06   0.00021   16.2   0.5    26    68     2    46     1   115 0.65 -
d1jaya_c.2.1.6       -            212 d1edza1c.2.1.7.aln   -            235    0.0015   13.5   0.5   1   1   5.3e-05    0.0025   12.7   0.5    30   105     6    69     3    71 0.80 -
d1kola2c.2.1.1       -            195 d1edza1c.2.1.7.aln   -            235    0.0027   12.6   0.2   1   1   7.7e-05    0.0036   12.2   0.2    25    57    26    57    18    85 0.86 -
d2iida1c.3.1.2       -            371 d1edza1c.2.1.7.aln   -            235     0.003   12.4   0.3   1   1   0.00012    0.0057   11.6   0.3    25    55    30    60    17    66 0.84 -
d1f0ya2c.2.1.6       -            192 d1edza1c.2.1.7.aln   -            235    0.0039   12.1   1.4   1   1   0.00014    0.0067   11.3   1.4    26   123     5   130     1   144 0.63 -
#
# Program:         hmmsearch
# Version:         3.1b2 (February 2015)
# Pipeline mode:   SEARCH
# Query file:      hmmModels95/d1edza1c.2.1.7.hmm
# Target file:     scop/scopTestSeq.fasta
# Option settings: hmmsearch --domtblout hmmModels95/d1edza1c.2.1.7.out -E 1 hmmModels95/d1edza1c.2.1.7.hmm scop/scopTestSeq.fasta 
# Current dir:     /users/nfs/Etu7/3801677/SBAS/TME8
# Date:            Tue Apr  4 15:53:39 2023
# [ok]
