#                                                                            --- full sequence --- -------------- this domain -------------   hmm coord   ali coord   env coord
# target name        accession   tlen query name           accession   qlen   E-value  score  bias   #  of  c-Evalue  i-Evalue  score  bias  from    to  from    to  from    to  acc description of target
#------------------- ---------- ----- -------------------- ---------- ----- --------- ------ ----- --- --- --------- --------- ------ ----- ----- ----- ----- ----- ----- ----- ---- ---------------------
d2c4ja1a.45.1.1      -            133 d1eema1a.45.1.1.aln  -            140   6.4e-42  138.3   0.1   1   1   1.1e-43     7e-42  138.1   0.1     1   140     1   133     1   133 0.99 -
d1k3ya1a.45.1.1      -            142 d1eema1a.45.1.1.aln  -            140   3.4e-34  113.2   0.1   1   1   5.7e-36   3.7e-34  113.1   0.1     1   137     1   135     1   138 0.97 -
d1tu7a1a.45.1.1      -            131 d1eema1a.45.1.1.aln  -            140   4.4e-32  106.4   0.1   1   1   7.4e-34   4.9e-32  106.2   0.1     3   136     1   131     1   131 0.96 -
d1okta1a.45.1.1      -            126 d1eema1a.45.1.1.aln  -            140   3.1e-27   90.7   0.1   1   1   5.6e-29   3.7e-27   90.4   0.1     2   125     1   123     1   125 0.98 -
d1tw9a1a.45.1.1      -            129 d1eema1a.45.1.1.aln  -            140   3.5e-24   80.8   0.0   1   1   5.9e-26   3.9e-24   80.6   0.0     2   127     1   128     1   129 0.97 -
d1nhya1a.45.1.1      -            144 d1eema1a.45.1.1.aln  -            140   1.7e-22   75.3   0.0   1   1   2.9e-24   1.9e-22   75.1   0.0     3   134    12   144    10   144 0.94 -
d2cvda1a.45.1.1      -            124 d1eema1a.45.1.1.aln  -            140     1e-21   72.8   0.1   1   1   1.7e-23   1.1e-21   72.6   0.1     1   127     2   123     2   124 0.93 -
d1gnwa1a.45.1.1      -            126 d1eema1a.45.1.1.aln  -            140   3.5e-18   61.3   0.1   1   1   6.2e-20   4.1e-18   61.1   0.1    14   119    21   125    13   126 0.92 -
d1z9ha1a.45.1.1      -            161 d1eema1a.45.1.1.aln  -            140   3.9e-16   54.7   0.2   1   1   7.2e-18   4.7e-16   54.4   0.2     3   140    10   150     8   150 0.98 -
d1k0ma1a.45.1.1      -            149 d1eema1a.45.1.1.aln  -            140     5e-14   47.9   0.0   1   1   9.4e-16   6.2e-14   47.6   0.0    16   139    19   147     5   148 0.88 -
d2fnoa1a.45.1.1      -            149 d1eema1a.45.1.1.aln  -            140     4e-11   38.5   0.0   1   1   6.7e-13   4.4e-11   38.3   0.0     2   134     1   138     1   144 0.94 -
d1eema1a.45.1.1      -            139 d1eema1a.45.1.1.aln  -            140   2.9e-09   32.4   0.1   1   1   6.2e-11   4.1e-09   32.0   0.1    34   124    29   118     1   122 0.83 -
#
# Program:         hmmsearch
# Version:         3.1b2 (February 2015)
# Pipeline mode:   SEARCH
# Query file:      hmmModels95/d1eema1a.45.1.1.hmm
# Target file:     scop/scopTestSeq.fasta
# Option settings: hmmsearch --domtblout hmmModels95/d1eema1a.45.1.1.out -E 1 hmmModels95/d1eema1a.45.1.1.hmm scop/scopTestSeq.fasta 
# Current dir:     /users/nfs/Etu7/3801677/SBAS/TME8
# Date:            Tue Apr  4 15:53:39 2023
# [ok]
