#                                                                            --- full sequence --- -------------- this domain -------------   hmm coord   ali coord   env coord
# target name        accession   tlen query name           accession   qlen   E-value  score  bias   #  of  c-Evalue  i-Evalue  score  bias  from    to  from    to  from    to  acc description of target
#------------------- ---------- ----- -------------------- ---------- ----- --------- ------ ----- --- --- --------- --------- ------ ----- ----- ----- ----- ----- ----- ----- ---- ---------------------
d2bg1a1e.3.1.1       -            453 d1ei5a3e.3.1.1.aln   -            321  7.6e-105  346.2  15.0   1   1    2e-106    9e-105  346.0  15.0     1   321    52   440    52   440 1.00 -
d1qmea4e.3.1.1       -            357 d1ei5a3e.3.1.1.aln   -            321   3.2e-97  321.2   6.6   1   1   8.3e-99   3.6e-97  321.0   6.6     1   319     1   356     1   357 0.99 -
d2hdsa_e.3.1.1       -            358 d1ei5a3e.3.1.1.aln   -            321   4.4e-82  271.4   2.1   1   1   1.1e-83   4.9e-82  271.3   2.1     1   320    20   356    20   357 1.00 -
d2v2ff_e.3.1.1       -            384 d1ei5a3e.3.1.1.aln   -            321   1.4e-80  266.5  17.3   1   1   3.7e-82   1.6e-80  266.3  17.3     2   320    32   380    31   381 0.99 -
d2p74a_e.3.1.1       -            263 d1ei5a3e.3.1.1.aln   -            321   1.6e-71  236.7   2.9   1   1     4e-73   1.8e-71  236.6   2.9    30   298     2   260     1   263 0.98 -
d2olua2e.3.1.1       -            400 d1ei5a3e.3.1.1.aln   -            321   1.1e-62  207.7  14.2   1   1   3.2e-64   1.4e-62  207.3  14.2     1   321    34   391    34   391 0.99 -
d1alqa_e.3.1.1       -            263 d1ei5a3e.3.1.1.aln   -            321   1.8e-60  200.4   2.7   1   1   5.3e-62   2.3e-60  200.1   2.7    18   261    27   262     2   263 0.97 -
d1yqsa_e.3.1.1       -            345 d1ei5a3e.3.1.1.aln   -            321   3.8e-56  186.2   5.0   1   1   9.7e-58   4.2e-56  186.1   5.0     1   313    19   344    19   345 0.99 -
d2dcfa1e.3.1.1       -            388 d1ei5a3e.3.1.1.aln   -            321     2e-53  177.2   0.0   1   1   5.2e-55   2.3e-53  177.1   0.0     2   321    36   388    35   388 0.99 -
d1ci9a_e.3.1.1       -            377 d1ei5a3e.3.1.1.aln   -            321   6.5e-53  175.6   0.0   1   1   1.7e-54   7.2e-53  175.4   0.0     2   321    21   375    20   375 0.98 -
d2drwa1e.3.1.1       -            362 d1ei5a3e.3.1.1.aln   -            321   3.8e-52  173.1   0.0   1   1   9.5e-54   4.2e-52  172.9   0.0     3   319    20   360    18   362 0.98 -
d1e25a_e.3.1.1       -            278 d1ei5a3e.3.1.1.aln   -            321   6.2e-48  159.2   0.0   1   1   1.7e-49   7.2e-48  159.0   0.0    44   304    15   274     2   278 0.95 -
d1vqqa3e.3.1.1       -            341 d1ei5a3e.3.1.1.aln   -            321   2.1e-43  144.4  12.1   1   1   5.3e-45   2.3e-43  144.2  12.1     2   319     4   339     3   341 0.98 -
d1xa1a_e.3.1.1       -            246 d1ei5a3e.3.1.1.aln   -            321   7.8e-34  112.9   6.2   1   1   1.9e-35   8.4e-34  112.8   6.2    22   296     2   241     1   246 0.91 -
d1tvfa2e.3.1.1       -            301 d1ei5a3e.3.1.1.aln   -            321   1.4e-28   95.7  16.4   1   1   3.5e-30   1.5e-28   95.5  16.4    16   302     3   299     1   301 0.98 -
d1xp4a2e.3.1.1       -            269 d1ei5a3e.3.1.1.aln   -            321   3.6e-21   71.3   5.9   1   1   9.7e-23   4.3e-21   71.0   5.9    32   301     4   269     1   269 0.92 -
d1es5a_e.3.1.1       -            260 d1ei5a3e.3.1.1.aln   -            321     7e-20   67.1  12.5   1   1   1.8e-21   7.8e-20   66.9  12.5    30   295     2   259     1   260 0.91 -
d3fvsa_c.67.1.1      -            419 d1ei5a3e.3.1.1.aln   -            321    0.0073   11.1   0.0   1   1   0.00025     0.011   10.6   0.0   210   263   207   258   201   283 0.85 -
#
# Program:         hmmsearch
# Version:         3.1b2 (February 2015)
# Pipeline mode:   SEARCH
# Query file:      hmmModels95/d1ei5a3e.3.1.1.hmm
# Target file:     scop/scopTestSeq.fasta
# Option settings: hmmsearch --domtblout hmmModels95/d1ei5a3e.3.1.1.out -E 1 hmmModels95/d1ei5a3e.3.1.1.hmm scop/scopTestSeq.fasta 
# Current dir:     /users/nfs/Etu7/3801677/SBAS/TME8
# Date:            Tue Apr  4 15:53:39 2023
# [ok]
