#                                                                            --- full sequence --- -------------- this domain -------------   hmm coord   ali coord   env coord
# target name        accession   tlen query name           accession   qlen   E-value  score  bias   #  of  c-Evalue  i-Evalue  score  bias  from    to  from    to  from    to  acc description of target
#------------------- ---------- ----- -------------------- ---------- ----- --------- ------ ----- --- --- --------- --------- ------ ----- ----- ----- ----- ----- ----- ----- ---- ---------------------
d3vlva_c.94.1.1      -            490 d1eu8a_c.94.1.1.aln  -            348  3.2e-138  456.4  13.8   1   1  6.7e-140  3.8e-138  456.1  13.8     1   348    12   415    12   415 1.00 -
d1jeta_c.94.1.1      -            517 d1eu8a_c.94.1.1.aln  -            348  1.6e-119  394.8  16.7   1   1  3.5e-121    2e-119  394.6  16.7     2   348   127   517   126   517 1.00 -
d1vr5a1c.94.1.1      -            535 d1eu8a_c.94.1.1.aln  -            348   5.7e-90  297.7  17.1   1   1   1.2e-91   6.9e-90  297.4  17.1     2   348   101   504   100   504 1.00 -
d1uqwa_c.94.1.1      -            487 d1eu8a_c.94.1.1.aln  -            348   6.1e-75  248.2  13.4   1   1   1.3e-76   7.1e-75  248.0  13.4     3   348    87   472    85   472 0.99 -
d1xoca1c.94.1.1      -            504 d1eu8a_c.94.1.1.aln  -            348   2.1e-72  239.9  22.0   1   1   4.5e-74   2.5e-72  239.6  22.0     3   348    90   487    88   487 0.99 -
d2nooa_c.94.1.1      -            496 d1eu8a_c.94.1.1.aln  -            348   8.8e-64  211.5   0.2   1   1   1.9e-65   1.1e-63  211.3   0.2     3   347    84   480    82   481 0.98 -
d1ursa_c.94.1.1      -            367 d1eu8a_c.94.1.1.aln  -            348   7.5e-40  132.8  12.4   1   1   1.6e-41     9e-40  132.6  12.4     5   346     5   355     2   357 0.98 -
d1nnfa_c.94.1.1      -            308 d1eu8a_c.94.1.1.aln  -            348   6.1e-29   97.0  10.2   1   1   1.3e-30   7.3e-29   96.7  10.2     6   312     2   288     1   297 0.95 -
d1q35a_c.94.1.1      -            318 d1eu8a_c.94.1.1.aln  -            348     1e-18   63.3   2.3   1   1   2.7e-20   1.5e-18   62.8   2.3     6   289     4   269     2   311 0.88 -
d1pb7a_c.94.1.1      -            289 d1eu8a_c.94.1.1.aln  -            348   6.5e-18   60.7   0.0   1   1   1.5e-19   8.5e-18   60.3   0.0    21   320     5   286     2   288 0.93 -
d3thia_c.94.1.1      -            362 d1eu8a_c.94.1.1.aln  -            348   3.4e-13   45.2   0.5   1   1   7.5e-15   4.2e-13   44.9   0.5    11   344    13   361     6   362 0.91 -
d1r9la_c.94.1.1      -            309 d1eu8a_c.94.1.1.aln  -            348   3.7e-12   41.8  11.6   1   1   7.5e-14   4.2e-12   41.6  11.6     4   344     6   301     3   304 0.94 -
d2czla1c.94.1.1      -            270 d1eu8a_c.94.1.1.aln  -            348   3.4e-05   18.9   0.0   1   1   7.3e-07   4.1e-05   18.6   0.0    99   332    34   261    12   265 0.91 -
d2i6ea1c.94.1.1      -            272 d1eu8a_c.94.1.1.aln  -            348      0.01   10.7   0.0   1   1   0.00025     0.014   10.3   0.0   195   311   138   252   120   265 0.87 -
#
# Program:         hmmsearch
# Version:         3.1b2 (February 2015)
# Pipeline mode:   SEARCH
# Query file:      hmmModels95/d1eu8a_c.94.1.1.hmm
# Target file:     scop/scopTestSeq.fasta
# Option settings: hmmsearch --domtblout hmmModels95/d1eu8a_c.94.1.1.out -E 1 hmmModels95/d1eu8a_c.94.1.1.hmm scop/scopTestSeq.fasta 
# Current dir:     /users/nfs/Etu7/3801677/SBAS/TME8
# Date:            Tue Apr  4 15:53:40 2023
# [ok]
