#                                                                            --- full sequence --- -------------- this domain -------------   hmm coord   ali coord   env coord
# target name        accession   tlen query name           accession   qlen   E-value  score  bias   #  of  c-Evalue  i-Evalue  score  bias  from    to  from    to  from    to  acc description of target
#------------------- ---------- ----- -------------------- ---------- ----- --------- ------ ----- --- --- --------- --------- ------ ----- ----- ----- ----- ----- ----- ----- ---- ---------------------
d3mw9a1c.2.1.7       -            293 d1euza1c.2.1.7.aln   -            241  1.5e-111  367.0   0.0   1   1  4.3e-113  1.7e-111  366.9   0.0     1   241     1   292     1   292 1.00 -
d1o0sa1c.2.1.7       -            308 d1euza1c.2.1.7.aln   -            241   5.2e-92  303.1   1.1   1   1   1.5e-93   5.8e-92  302.9   1.1     1   241     4   287     4   287 1.00 -
d1euza1c.2.1.7       -            239 d1euza1c.2.1.7.aln   -            241   9.6e-71  233.4   3.1   1   1   2.7e-72   1.1e-70  233.3   3.1     2   240     6   237     5   238 0.96 -
d1bgva1c.2.1.7       -            255 d1euza1c.2.1.7.aln   -            241   1.7e-60  199.9   3.1   1   1   4.7e-62   1.9e-60  199.8   3.1     2   241    10   255     9   255 0.98 -
d1c1da1c.2.1.7       -            201 d1euza1c.2.1.7.aln   -            241   2.6e-38  127.2   2.2   1   1   7.4e-40   2.9e-38  127.1   2.2     5   221     3   198     1   201 0.94 -
d1vl6a1c.2.1.7       -            222 d1euza1c.2.1.7.aln   -            241   8.8e-35  115.7   0.4   1   1   2.5e-36     1e-34  115.5   0.4    11   240     5   221     3   222 0.96 -
d1luaa1c.2.1.7       -            191 d1euza1c.2.1.7.aln   -            241   5.4e-22   73.8   5.6   1   1   1.5e-23   5.9e-22   73.7   5.6    11   229     7   190     1   191 0.93 -
d1nyta1c.2.1.7       -            170 d1euza1c.2.1.7.aln   -            241   1.7e-19   65.7   0.0   1   1   4.8e-21   1.9e-19   65.5   0.0    19   223     6   168     1   170 0.90 -
d1npya1c.2.1.7       -            167 d1euza1c.2.1.7.aln   -            241   5.1e-15   51.0   3.9   1   1   4.3e-16   1.7e-14   49.3   3.9    18   223     4   165     1   167 0.94 -
d1edza1c.2.1.7       -            171 d1euza1c.2.1.7.aln   -            241   2.5e-14   48.7   0.0   1   1   7.4e-16   2.9e-14   48.5   0.0    19   218     5   171     2   171 0.96 -
d1gpja2c.2.1.7       -            159 d1euza1c.2.1.7.aln   -            241   9.5e-11   37.0   1.3   1   1   5.3e-11   2.1e-09   32.6   1.3    11    76     7    65     1   159 0.70 -
d1vj0a2c.2.1.1       -            182 d1euza1c.2.1.7.aln   -            241   2.1e-05   19.5   0.1   1   1   6.6e-07   2.6e-05   19.2   0.1    12    94    11    90     4   116 0.80 -
d1cf2o1c.2.1.3       -            172 d1euza1c.2.1.7.aln   -            241   0.00021   16.2   0.3   1   1   8.2e-06   0.00032   15.6   0.3    32   126     2    92     1   115 0.61 -
d2iida1c.3.1.2       -            371 d1euza1c.2.1.7.aln   -            241   0.00026   15.9   0.3   1   1   1.4e-05   0.00053   14.9   0.3    29   213    28   256    19   277 0.86 -
d2jhfa2c.2.1.1       -            176 d1euza1c.2.1.7.aln   -            241    0.0011   13.9   0.6   1   1   3.7e-05    0.0015   13.5   0.6    20    78    24    76    11    93 0.73 -
d1kola2c.2.1.1       -            195 d1euza1c.2.1.7.aln   -            241    0.0018   13.2   0.1   1   1   5.9e-05    0.0023   12.8   0.1    31    79    26    68    17   100 0.80 -
d1pl8a2c.2.1.1       -            171 d1euza1c.2.1.7.aln   -            241    0.0018   13.2   0.6   1   1   6.7e-05    0.0027   12.6   0.4    20    83    17    79     8   116 0.80 -
d1jaya_c.2.1.6       -            212 d1euza1c.2.1.7.aln   -            241    0.0024   12.8   0.4   1   1   0.00012    0.0046   11.9   0.3    37   111     7    69     4    96 0.85 -
d2dw4a2c.3.1.2       -            450 d1euza1c.2.1.7.aln   -            241    0.0038   12.1   1.7   1   1   0.00021    0.0084   11.0   1.7    31   191     5   183     1   194 0.74 -
d3c96a1c.3.1.2       -            289 d1euza1c.2.1.7.aln   -            241    0.0042   12.0   0.1   1   2   0.00033     0.013   10.4   0.0    34    67     4    45     3    69 0.78 -
d3c96a1c.3.1.2       -            289 d1euza1c.2.1.7.aln   -            241    0.0042   12.0   0.1   2   2       3.3   1.3e+02   -2.7   0.0    38    53   121   136    82   162 0.62 -
#
# Program:         hmmsearch
# Version:         3.1b2 (February 2015)
# Pipeline mode:   SEARCH
# Query file:      hmmModels95/d1euza1c.2.1.7.hmm
# Target file:     scop/scopTestSeq.fasta
# Option settings: hmmsearch --domtblout hmmModels95/d1euza1c.2.1.7.out -E 1 hmmModels95/d1euza1c.2.1.7.hmm scop/scopTestSeq.fasta 
# Current dir:     /users/nfs/Etu7/3801677/SBAS/TME8
# Date:            Tue Apr  4 15:53:40 2023
# [ok]
