#                                                                            --- full sequence --- -------------- this domain -------------   hmm coord   ali coord   env coord
# target name        accession   tlen query name           accession   qlen   E-value  score  bias   #  of  c-Evalue  i-Evalue  score  bias  from    to  from    to  from    to  acc description of target
#------------------- ---------- ----- -------------------- ---------- ----- --------- ------ ----- --- --- --------- --------- ------ ----- ----- ----- ----- ----- ----- ----- ---- ---------------------
d1exra_a.39.1.5      -            146 d1exra_a.39.1.5.aln  -            161   4.6e-56  184.6  11.7   1   1   2.2e-57   1.3e-55  183.1  11.7     9   155     1   144     1   146 0.98 -
d1omra_a.39.1.5      -            201 d1exra_a.39.1.5.aln  -            161   5.6e-46  151.8   2.7   1   1   1.1e-47   6.5e-46  151.6   2.7     3   160    10   180     8   181 0.98 -
d1qv0a_a.39.1.5      -            189 d1exra_a.39.1.5.aln  -            161   1.6e-41  137.3   0.2   1   1   2.9e-43   1.8e-41  137.2   0.2     4   160     1   176     1   177 0.95 -
d1jbaa_a.39.1.5      -            189 d1exra_a.39.1.5.aln  -            161   2.2e-37  123.8   0.9   1   1   4.1e-39   2.5e-37  123.7   0.9     4   160     7   178     4   179 0.95 -
d1jfka_a.39.1.5      -            134 d1exra_a.39.1.5.aln  -            161   1.4e-29   98.5  14.2   1   2     8e-27   4.8e-25   83.7   4.9    56   153     2    99     1   105 0.96 -
d1jfka_a.39.1.5      -            134 d1exra_a.39.1.5.aln  -            161   1.4e-29   98.5  14.2   2   2   3.2e-09     2e-07   26.5   1.8    20   153    78   131    71   133 0.50 -
d2zfda1a.39.1.5      -            183 d1exra_a.39.1.5.aln  -            161   4.4e-29   96.9   3.6   1   1   9.1e-31   5.5e-29   96.6   3.6    11   160    11   166     4   167 0.95 -
d1s6ja_a.39.1.5      -             87 d1exra_a.39.1.5.aln  -            161   5.9e-27   90.0   5.7   1   1   1.1e-28   6.4e-27   89.8   5.7     4    81    10    86     7    87 0.96 -
d2scpa_a.39.1.5      -            174 d1exra_a.39.1.5.aln  -            161   2.6e-26   87.8   4.4   1   1   4.9e-28     3e-26   87.7   4.4    14   160     3   159     1   160 0.97 -
d2sasa_a.39.1.5      -            185 d1exra_a.39.1.5.aln  -            161   3.2e-22   74.6   1.4   1   2   0.00084     0.051    8.9   3.0    15    46     6    38     1    43 0.76 -
d2sasa_a.39.1.5      -            185 d1exra_a.39.1.5.aln  -            161   3.2e-22   74.6   1.4   2   2   3.7e-23   2.2e-21   71.8   0.6     2   159    12   177    11   179 0.96 -
d1xo5a_a.39.1.5      -            180 d1exra_a.39.1.5.aln  -            161   3.1e-19   64.9   0.0   1   1   5.5e-21   3.4e-19   64.7   0.0     5   159     5   170     1   172 0.90 -
d1nyaa_a.39.1.5      -            176 d1exra_a.39.1.5.aln  -            161     4e-16   54.7   3.0   1   2   2.5e-06   0.00015   17.1   0.5    17    94     7    98     6   108 0.70 -
d1nyaa_a.39.1.5      -            176 d1exra_a.39.1.5.aln  -            161     4e-16   54.7   3.0   2   2   6.5e-12     4e-10   35.2   0.1    25    84   110   166   107   174 0.93 -
d1ctaa_a.39.1.5      -             34 d1exra_a.39.1.5.aln  -            161   7.4e-14   47.4   0.2   1   1   1.3e-15   7.8e-14   47.3   0.2    14    47     1    34     1    34 0.98 -
d1j7qa_a.39.1.5      -             86 d1exra_a.39.1.5.aln  -            161   1.9e-11   39.5   0.1   1   1   3.5e-13   2.1e-11   39.4   0.1    10    66     7    62     2    85 0.86 -
#
# Program:         hmmsearch
# Version:         3.1b2 (February 2015)
# Pipeline mode:   SEARCH
# Query file:      hmmModels95/d1exra_a.39.1.5.hmm
# Target file:     scop/scopTestSeq.fasta
# Option settings: hmmsearch --domtblout hmmModels95/d1exra_a.39.1.5.out -E 1 hmmModels95/d1exra_a.39.1.5.hmm scop/scopTestSeq.fasta 
# Current dir:     /users/nfs/Etu7/3801677/SBAS/TME8
# Date:            Tue Apr  4 15:53:40 2023
# [ok]
