#                                                                            --- full sequence --- -------------- this domain -------------   hmm coord   ali coord   env coord
# target name        accession   tlen query name           accession   qlen   E-value  score  bias   #  of  c-Evalue  i-Evalue  score  bias  from    to  from    to  from    to  acc description of target
#------------------- ---------- ----- -------------------- ---------- ----- --------- ------ ----- --- --- --------- --------- ------ ----- ----- ----- ----- ----- ----- ----- ---- ---------------------
d1p1ja1c.2.1.3       -            411 d1f06a1c.2.1.3.aln   -            189   6.9e-85  279.6   0.0   1   1   2.6e-86   8.9e-85  279.2   0.0     1   189    54   338    54   338 1.00 -
d3cina1c.2.1.3       -            276 d1f06a1c.2.1.3.aln   -            189   2.8e-37  124.4   0.2   1   1   9.3e-39   3.2e-37  124.2   0.2     1   187     1   233     1   235 0.99 -
d1h6da1c.2.1.3       -            222 d1f06a1c.2.1.3.aln   -            189   1.1e-35  119.2   0.2   1   1   3.6e-37   1.2e-35  119.0   0.2     2   188    31   207    30   208 0.98 -
d2g82a1c.2.1.3       -            169 d1f06a1c.2.1.3.aln   -            189   2.2e-33  111.7   0.6   1   1   7.3e-35   2.5e-33  111.5   0.6     4   182     2   165     1   168 0.97 -
d1gr0a1c.2.1.3       -            244 d1f06a1c.2.1.3.aln   -            189   1.9e-27   92.3   2.1   1   1   6.3e-29   2.2e-27   92.1   2.1     3   188     3   209     1   210 0.99 -
d2nvwa1c.2.1.3       -            238 d1f06a1c.2.1.3.aln   -            189   1.7e-24   82.7   0.0   1   1   5.9e-26     2e-24   82.4   0.0     2   188    16   208    15   209 0.98 -
d1cf2o1c.2.1.3       -            172 d1f06a1c.2.1.3.aln   -            189     9e-15   51.0   1.9   1   1   2.8e-16   9.6e-15   50.9   1.9     2   176     1   166     1   172 0.91 -
d1vkna1c.2.1.3       -            177 d1f06a1c.2.1.3.aln   -            189   1.8e-12   43.5   0.0   1   1   5.6e-14   1.9e-12   43.3   0.0     3   182     3   171     1   177 0.91 -
d1zh8a1c.2.1.3       -            182 d1f06a1c.2.1.3.aln   -            189   3.8e-11   39.1   0.0   1   1   1.3e-12   4.3e-11   39.0   0.0     2   184     3   177     2   181 0.92 -
d1tlta1c.2.1.3       -            165 d1f06a1c.2.1.3.aln   -            189   2.1e-10   36.7   0.0   1   1     7e-12   2.4e-10   36.5   0.0     3   144     2   127     1   162 0.92 -
d1drua1c.2.1.3       -            161 d1f06a1c.2.1.3.aln   -            189   5.6e-10   35.3   0.1   1   1   1.9e-11   6.5e-10   35.1   0.1     7   135     5   126     2   159 0.88 -
d1h9aa1c.2.1.3       -            196 d1f06a1c.2.1.3.aln   -            189   5.6e-10   35.3   0.1   1   1   1.8e-11   6.1e-10   35.2   0.1     2   182     6   183     5   190 0.96 -
d1ydwa1c.2.1.3       -            185 d1f06a1c.2.1.3.aln   -            189   3.9e-09   32.6   0.0   1   1   1.3e-10   4.4e-09   32.4   0.0     3   173     2   169     1   184 0.88 -
d1q0qa2c.2.1.3       -            152 d1f06a1c.2.1.3.aln   -            189   1.8e-08   30.4   0.0   1   1     6e-10   2.1e-08   30.2   0.0     5   178     5   151     1   152 0.94 -
d1ebfa1c.2.1.3       -            169 d1f06a1c.2.1.3.aln   -            189   2.9e-08   29.7   0.2   1   1   9.4e-10   3.2e-08   29.6   0.2     2   181     4   168     3   169 0.94 -
d1qkia1c.2.1.3       -            204 d1f06a1c.2.1.3.aln   -            189   4.1e-08   29.2   0.0   1   1   1.4e-09   4.7e-08   29.0   0.0    21   187    24   200     6   202 0.92 -
d1nvmb1c.2.1.3       -            158 d1f06a1c.2.1.3.aln   -            189   7.6e-07   25.1   0.1   1   1   2.3e-08   7.9e-07   25.0   0.1     2   100     4   111     3   155 0.81 -
d1t4ba1c.2.1.3       -            147 d1f06a1c.2.1.3.aln   -            189   1.4e-06   24.3   0.0   1   1   5.2e-08   1.8e-06   23.9   0.0     2   169     2   141     1   146 0.88 -
d1lc0a1c.2.1.3       -            173 d1f06a1c.2.1.3.aln   -            189     2e-06   23.7   0.0   1   1   7.1e-08   2.4e-06   23.5   0.0     5   177    10   165     7   173 0.84 -
d1xeaa1c.2.1.3       -            168 d1f06a1c.2.1.3.aln   -            189   5.6e-06   22.3   0.0   1   1   1.9e-07   6.5e-06   22.1   0.0     4   172     3   151     1   165 0.88 -
d1e5qa1c.2.1.3       -            183 d1f06a1c.2.1.3.aln   -            189   0.00012   18.0   0.1   1   1   3.9e-06   0.00013   17.8   0.1     3   145     3   146     1   174 0.92 -
d1f06a1c.2.1.3       -            171 d1f06a1c.2.1.3.aln   -            189    0.0059   12.4   0.0   1   1   0.00032     0.011   11.5   0.0     3    39     4    39     2    65 0.87 -
d1j5pa4c.2.1.3       -            133 d1f06a1c.2.1.3.aln   -            189     0.019   10.8   2.0   1   1    0.0095      0.33    6.7   2.0     6    96     6    73     1   117 0.61 -
#
# Program:         hmmsearch
# Version:         3.1b2 (February 2015)
# Pipeline mode:   SEARCH
# Query file:      hmmModels95/d1f06a1c.2.1.3.hmm
# Target file:     scop/scopTestSeq.fasta
# Option settings: hmmsearch --domtblout hmmModels95/d1f06a1c.2.1.3.out -E 1 hmmModels95/d1f06a1c.2.1.3.hmm scop/scopTestSeq.fasta 
# Current dir:     /users/nfs/Etu7/3801677/SBAS/TME8
# Date:            Tue Apr  4 15:53:40 2023
# [ok]
