#                                                                            --- full sequence --- -------------- this domain -------------   hmm coord   ali coord   env coord
# target name        accession   tlen query name           accession   qlen   E-value  score  bias   #  of  c-Evalue  i-Evalue  score  bias  from    to  from    to  from    to  acc description of target
#------------------- ---------- ----- -------------------- ---------- ----- --------- ------ ----- --- --- --------- --------- ------ ----- ----- ----- ----- ----- ----- ----- ---- ---------------------
d1mo9a1c.3.1.5       -            262 d1fcda2c.3.1.5.aln   -            205   1.9e-79  262.0   0.0   1   1   7.3e-81   2.2e-79  261.8   0.0     1   204    39   262    39   262 0.99 -
d2gv8a1c.3.1.5       -            336 d1fcda2c.3.1.5.aln   -            205   1.3e-66  220.0   0.0   1   1     5e-68   1.5e-66  219.8   0.0     2   205     2   293     1   293 1.00 -
d1v59a1c.3.1.5       -            234 d1fcda2c.3.1.5.aln   -            205     1e-51  171.4   2.4   1   1   4.2e-53   1.3e-51  171.1   2.4     4   204     5   234     3   234 0.96 -
d1w4xa1c.3.1.5       -            299 d1fcda2c.3.1.5.aln   -            205   9.2e-43  142.2   0.0   1   1   3.4e-44     1e-42  142.0   0.0     1   204     4   281     4   282 0.99 -
d1m6ia1c.3.1.5       -            214 d1fcda2c.3.1.5.aln   -            205   9.9e-39  129.0   0.0   1   1   3.6e-40   1.1e-38  128.8   0.0     2   204     2   206     1   207 0.98 -
d1xdia1c.3.1.5       -            234 d1fcda2c.3.1.5.aln   -            205     2e-37  124.7   0.3   1   1   7.2e-39   2.2e-37  124.6   0.3     6   202     3   231     1   234 0.96 -
d1fl2a1c.3.1.5       -            185 d1fcda2c.3.1.5.aln   -            205   5.7e-32  106.9   1.3   1   1   2.1e-33   6.3e-32  106.8   1.3     5   203     2   180     1   182 0.95 -
d1nhpa1c.3.1.5       -            199 d1fcda2c.3.1.5.aln   -            205     3e-22   75.2   0.0   1   1   1.2e-23   3.7e-22   74.9   0.0     6   195     2   190     1   192 0.93 -
d1w4xa2c.3.1.5       -            235 d1fcda2c.3.1.5.aln   -            205   1.7e-19   66.2   0.0   1   1   6.2e-21   1.9e-19   66.0   0.0     7   204     8   224     2   225 0.96 -
d1aoga2c.3.1.5       -            117 d1fcda2c.3.1.5.aln   -            205   2.3e-11   39.6   0.0   1   1   8.6e-13   2.6e-11   39.4   0.0     9   114     1   100     1   114 0.91 -
d1v59a2c.3.1.5       -            122 d1fcda2c.3.1.5.aln   -            205   4.5e-10   35.4   0.1   1   1   1.7e-11   5.2e-10   35.2   0.1    10   146     5   119     2   122 0.90 -
d1nhpa2c.3.1.5       -            123 d1fcda2c.3.1.5.aln   -            205   1.7e-07   27.0   4.3   1   2   9.7e-07   2.9e-05   19.7   0.3     1    41    27    68    27    73 0.89 -
d1nhpa2c.3.1.5       -            123 d1fcda2c.3.1.5.aln   -            205   1.7e-07   27.0   4.3   2   2    0.0014     0.042    9.4   0.4   118   172    80   123    69   123 0.71 -
d1fl2a2c.3.1.5       -            126 d1fcda2c.3.1.5.aln   -            205   1.4e-06   24.0   0.0   1   1     5e-08   1.5e-06   23.9   0.0    25   110    28    99     7   124 0.78 -
d2gf3a1c.3.1.2       -            282 d1fcda2c.3.1.5.aln   -            205   1.4e-05   20.7   0.0   1   2   1.6e-06     5e-05   18.9   0.0     3    34     2    33     1    48 0.91 -
d2gf3a1c.3.1.2       -            282 d1fcda2c.3.1.5.aln   -            205   1.4e-05   20.7   0.0   2   2       2.2        68   -1.1   0.0   116   145   188   210   127   242 0.69 -
d1vdca2c.3.1.5       -            130 d1fcda2c.3.1.5.aln   -            205   2.4e-05   20.0   0.0   1   1   9.6e-07   2.9e-05   19.7   0.0     9   132    16   117    13   126 0.83 -
d1kdga1c.3.1.2       -            361 d1fcda2c.3.1.5.aln   -            205   3.4e-05   19.5   0.2   1   1     2e-06     6e-05   18.7   0.2     4    36     2    34     1    46 0.88 -
d2gmha1c.3.1.2       -            381 d1fcda2c.3.1.5.aln   -            205   5.7e-05   18.7   0.1   1   2   1.3e-05    0.0004   16.0   0.1     3    29    31    57    30    84 0.87 -
d2gmha1c.3.1.2       -            381 d1fcda2c.3.1.5.aln   -            205   5.7e-05   18.7   0.1   2   2       1.2        36   -0.2   0.0   179   204   263   288   203   289 0.81 -
d2iida1c.3.1.2       -            371 d1fcda2c.3.1.5.aln   -            205   0.00017   17.1   0.0   1   1     1e-05   0.00032   16.3   0.0     6    87    32   112    28   192 0.74 -
d1xhca2c.3.1.5       -            122 d1fcda2c.3.1.5.aln   -            205   0.00023   16.7   0.0   1   1   9.7e-06   0.00029   16.4   0.0    13    96    17    89     6   122 0.74 -
d1ryia1c.3.1.2       -            277 d1fcda2c.3.1.5.aln   -            205   0.00038   16.0   0.3   1   1   2.7e-05   0.00083   14.9   0.3     3    39     3    39     2    52 0.88 -
d1b5qa1c.3.1.2       -            348 d1fcda2c.3.1.5.aln   -            205    0.0017   13.9   0.1   1   1   0.00011    0.0033   13.0   0.1     7    47     3    38     2    54 0.83 -
d1onfa2c.3.1.5       -            117 d1fcda2c.3.1.5.aln   -            205    0.0023   13.5   0.0   1   1   9.2e-05    0.0028   13.2   0.0     9   126     4    99     1   117 0.76 -
d1pl8a2c.2.1.1       -            171 d1fcda2c.3.1.5.aln   -            205    0.0024   13.5   0.1   1   1   0.00013     0.004   12.7   0.1     5    35    28    58    25    75 0.91 -
d2dw4a2c.3.1.2       -            450 d1fcda2c.3.1.5.aln   -            205    0.0029   13.2   0.0   1   2   0.00044     0.013   11.0   0.0     5    40     6    46     3   114 0.78 -
d2dw4a2c.3.1.2       -            450 d1fcda2c.3.1.5.aln   -            205    0.0029   13.2   0.0   2   2         2        60   -0.9   0.0    39    52   289   305   261   342 0.87 -
d1seza1c.3.1.2       -            374 d1fcda2c.3.1.5.aln   -            205    0.0081   11.7   0.3   1   1   0.00046     0.014   10.9   0.3     6    36     3    33     1    56 0.87 -
d1kola2c.2.1.1       -            195 d1fcda2c.3.1.5.aln   -            205    0.0083   11.7   1.7   1   1   0.00047     0.014   10.9   1.7     7    36    29    56    26    61 0.83 -
#
# Program:         hmmsearch
# Version:         3.1b2 (February 2015)
# Pipeline mode:   SEARCH
# Query file:      hmmModels95/d1fcda2c.3.1.5.hmm
# Target file:     scop/scopTestSeq.fasta
# Option settings: hmmsearch --domtblout hmmModels95/d1fcda2c.3.1.5.out -E 1 hmmModels95/d1fcda2c.3.1.5.hmm scop/scopTestSeq.fasta 
# Current dir:     /users/nfs/Etu7/3801677/SBAS/TME8
# Date:            Tue Apr  4 15:53:40 2023
# [ok]
