#                                                                            --- full sequence --- -------------- this domain -------------   hmm coord   ali coord   env coord
# target name        accession   tlen query name           accession   qlen   E-value  score  bias   #  of  c-Evalue  i-Evalue  score  bias  from    to  from    to  from    to  acc description of target
#------------------- ---------- ----- -------------------- ---------- ----- --------- ------ ----- --- --- --------- --------- ------ ----- ----- ----- ----- ----- ----- ----- ---- ---------------------
d3fvsa_c.67.1.1      -            419 d1fg7a_c.67.1.1.aln  -            391  1.5e-126  417.8   0.0   1   1  3.3e-128  1.6e-126  417.6   0.0     5   390     2   418     1   419 0.99 -
d1gdea_c.67.1.1      -            388 d1fg7a_c.67.1.1.aln  -            391  4.9e-124  409.5   0.1   1   1  1.1e-125  5.4e-124  409.3   0.1     2   390     3   384     2   385 0.98 -
d1bw0a_c.67.1.1      -            412 d1fg7a_c.67.1.1.aln  -            391  2.7e-111  367.5   0.0   1   1  6.1e-113    3e-111  367.4   0.0     2   390     4   409     3   410 0.97 -
d2gb3a1c.67.1.1      -            389 d1fg7a_c.67.1.1.aln  -            391  3.7e-100  330.9   0.0   1   1  8.3e-102  4.1e-100  330.7   0.0     2   389     2   386     1   388 0.97 -
d2hoxa_c.67.1.1      -            425 d1fg7a_c.67.1.1.aln  -            391   6.6e-92  303.7   0.0   1   1   1.5e-93   7.4e-92  303.5   0.0     1   389     2   424     2   425 0.99 -
d1lc5a_c.67.1.1      -            355 d1fg7a_c.67.1.1.aln  -            391   2.5e-73  242.5   0.0   1   1   5.6e-75   2.8e-73  242.4   0.0     9   384     3   353     1   355 0.98 -
d1svva_c.67.1.1      -            340 d1fg7a_c.67.1.1.aln  -            391   5.9e-60  198.5   0.0   1   1   1.4e-61   6.9e-60  198.3   0.0     7   390     3   339     1   340 0.98 -
d1v72a1c.67.1.1      -            345 d1fg7a_c.67.1.1.aln  -            391     2e-57  190.2   0.0   1   1     5e-59   2.5e-57  189.9   0.0     7   388     6   342     2   345 0.98 -
d1m6sa_c.67.1.1      -            343 d1fg7a_c.67.1.1.aln  -            391   7.4e-57  188.3   0.0   1   1   1.7e-58   8.3e-57  188.1   0.0     6   390     2   341     1   342 0.98 -
d3piua_c.67.1.4      -            416 d1fg7a_c.67.1.1.aln  -            391   4.2e-32  106.8   0.0   1   1     1e-33   5.2e-32  106.5   0.0    70   390    69   414    45   415 0.84 -
d3ftba_c.67.1.0      -            334 d1fg7a_c.67.1.1.aln  -            391   1.7e-30  101.5   0.0   1   1   4.4e-32   2.2e-30  101.2   0.0    96   376    53   321    27   330 0.91 -
d1fg7a_c.67.1.1      -            354 d1fg7a_c.67.1.1.aln  -            391   2.8e-28   94.2   0.0   1   1   6.8e-30   3.3e-28   94.0   0.0    84   384    70   349    57   354 0.84 -
d2c81a_c.67.1.0      -            409 d1fg7a_c.67.1.1.aln  -            391    0.0001   16.7   0.1   1   1   4.9e-06   0.00024   15.4   0.1   100   210    56   158    26   161 0.89 -
d1bs0a_c.67.1.4      -            383 d1fg7a_c.67.1.1.aln  -            391    0.0026   12.0   0.1   1   2      0.46        23   -1.0   0.0    64    93   100   129    77   141 0.67 -
d1bs0a_c.67.1.4      -            383 d1fg7a_c.67.1.1.aln  -            391    0.0026   12.0   0.1   2   2    0.0002    0.0099   10.1   0.0   191   286   186   280   182   308 0.82 -
d2bwna1c.67.1.4      -            396 d1fg7a_c.67.1.1.aln  -            391    0.0044   11.3   0.0   1   1   0.00017    0.0082   10.4   0.0   191   319   196   324   195   382 0.79 -
d2bhua3c.1.8.1       -            420 d1fg7a_c.67.1.1.aln  -            391    0.0088   10.3   0.0   1   1   0.00026     0.013    9.7   0.0   188   224    82   118    80   126 0.90 -
#
# Program:         hmmsearch
# Version:         3.1b2 (February 2015)
# Pipeline mode:   SEARCH
# Query file:      hmmModels95/d1fg7a_c.67.1.1.hmm
# Target file:     scop/scopTestSeq.fasta
# Option settings: hmmsearch --domtblout hmmModels95/d1fg7a_c.67.1.1.out -E 1 hmmModels95/d1fg7a_c.67.1.1.hmm scop/scopTestSeq.fasta 
# Current dir:     /users/nfs/Etu7/3801677/SBAS/TME8
# Date:            Tue Apr  4 15:53:41 2023
# [ok]
