#                                                                            --- full sequence --- -------------- this domain -------------   hmm coord   ali coord   env coord
# target name        accession   tlen query name           accession   qlen   E-value  score  bias   #  of  c-Evalue  i-Evalue  score  bias  from    to  from    to  from    to  acc description of target
#------------------- ---------- ----- -------------------- ---------- ----- --------- ------ ----- --- --- --------- --------- ------ ----- ----- ----- ----- ----- ----- ----- ---- ---------------------
d1mo9a1c.3.1.5       -            262 d1fl2a2c.3.1.5.aln   -            192   1.2e-80  265.4   0.0   1   1   6.1e-82   1.5e-80  265.2   0.0     1   192    39   262    39   262 1.00 -
d2gv8a1c.3.1.5       -            336 d1fl2a2c.3.1.5.aln   -            192   5.6e-56  185.0   0.0   1   1   2.8e-57   6.6e-56  184.7   0.0     2   192     2   307     1   307 0.99 -
d1v59a1c.3.1.5       -            234 d1fl2a2c.3.1.5.aln   -            192   4.9e-51  168.8   2.0   1   1   2.3e-52   5.5e-51  168.7   2.0     3   188     4   230     2   234 0.96 -
d1xdia1c.3.1.5       -            234 d1fl2a2c.3.1.5.aln   -            192   1.5e-34  115.1   0.2   1   1   7.8e-36   1.9e-34  114.8   0.2     5   189     2   230     1   232 0.98 -
d1w4xa1c.3.1.5       -            299 d1fl2a2c.3.1.5.aln   -            192   1.4e-33  112.0   0.0   1   1   6.9e-35   1.6e-33  111.7   0.0     1   191     4   291     4   292 0.99 -
d1m6ia1c.3.1.5       -            214 d1fl2a2c.3.1.5.aln   -            192   7.3e-31  103.1   0.0   1   1   3.5e-32   8.3e-31  102.9   0.0     2   192     2   214     1   214 0.98 -
d1fl2a1c.3.1.5       -            185 d1fl2a2c.3.1.5.aln   -            192   1.8e-28   95.2   1.1   1   1   8.4e-30     2e-28   95.1   1.1     5   190     2   179     1   181 0.94 -
d1nhpa1c.3.1.5       -            199 d1fl2a2c.3.1.5.aln   -            192   2.6e-27   91.5   0.0   1   1   1.2e-28   2.9e-27   91.3   0.0     6   190     2   197     1   199 0.97 -
d1w4xa2c.3.1.5       -            235 d1fl2a2c.3.1.5.aln   -            192   2.9e-22   75.0   0.0   1   1   1.3e-23   3.2e-22   74.9   0.0     7   192    11   225     5   225 0.97 -
d1v59a2c.3.1.5       -            122 d1fl2a2c.3.1.5.aln   -            192   1.3e-12   43.5   0.1   1   1   5.9e-14   1.4e-12   43.4   0.1    10   119     5   103     2   122 0.87 -
d1aoga2c.3.1.5       -            117 d1fl2a2c.3.1.5.aln   -            192   2.5e-12   42.6   0.0   1   1   1.2e-13   2.9e-12   42.4   0.0     9   113     1   103     1   107 0.91 -
d1m6ia2c.3.1.5       -            137 d1fl2a2c.3.1.5.aln   -            192   8.8e-12   40.8   0.0   1   1   4.5e-13   1.1e-11   40.5   0.0    12   114    21   122    11   132 0.93 -
d1mo9a2c.3.1.5       -            121 d1fl2a2c.3.1.5.aln   -            192   1.7e-09   33.3   0.0   1   1   9.2e-11   2.2e-09   33.0   0.0    18   109    11    96     4   106 0.78 -
d1onfa2c.3.1.5       -            117 d1fl2a2c.3.1.5.aln   -            192   3.8e-08   29.0   0.0   1   1   1.8e-09   4.3e-08   28.8   0.0    11   110     6    97     2   107 0.90 -
d1nhpa2c.3.1.5       -            123 d1fl2a2c.3.1.5.aln   -            192   5.9e-08   28.3   0.1   1   1   2.9e-09     7e-08   28.1   0.1    28   109    30   102    11   115 0.84 -
d1h6va2c.3.1.5       -            122 d1fl2a2c.3.1.5.aln   -            192   4.2e-07   25.5   0.0   1   1   2.1e-08   5.1e-07   25.3   0.0    13   117     5   102     3   114 0.87 -
d1vdca2c.3.1.5       -            130 d1fl2a2c.3.1.5.aln   -            192   6.2e-07   25.0   0.0   1   1     3e-08   7.3e-07   24.8   0.0    10    97    17    96    12   121 0.80 -
d2gf3a1c.3.1.2       -            282 d1fl2a2c.3.1.5.aln   -            192   1.4e-06   23.8   0.1   1   1   2.2e-07   5.3e-06   21.9   0.1     3    77     2    96     1   237 0.65 -
d1xhca2c.3.1.5       -            122 d1fl2a2c.3.1.5.aln   -            192   1.6e-06   23.6   0.0   1   1   7.7e-08   1.8e-06   23.4   0.0    13    97    17    93     6   113 0.89 -
d1kdga1c.3.1.2       -            361 d1fl2a2c.3.1.5.aln   -            192   2.8e-06   22.8   0.4   1   1   2.5e-07   5.9e-06   21.8   0.4     4    41     2    44     1    48 0.92 -
d2gmha1c.3.1.2       -            381 d1fl2a2c.3.1.5.aln   -            192     2e-05   20.1   0.0   1   2   1.7e-05    0.0004   15.8   0.1     3    29    31    57    30    88 0.77 -
d2gmha1c.3.1.2       -            381 d1fl2a2c.3.1.5.aln   -            192     2e-05   20.1   0.0   2   2      0.31       7.4    1.9   0.0   167   190   263   286   235   288 0.84 -
d1ryia1c.3.1.2       -            277 d1fl2a2c.3.1.5.aln   -            192   0.00037   15.9   0.1   1   1   2.7e-05   0.00065   15.1   0.1     3    37     3    37     2    69 0.85 -
d1fcda2c.3.1.5       -            141 d1fl2a2c.3.1.5.aln   -            192   0.00037   15.9   0.0   1   1   1.7e-05   0.00041   15.8   0.0     7   108    11   107     5   122 0.90 -
d1pl8a2c.2.1.1       -            171 d1fl2a2c.3.1.5.aln   -            192   0.00069   15.1   0.1   1   1   4.7e-05    0.0011   14.3   0.1     5    36    28    59    26    68 0.88 -
d1pj5a2c.3.1.2       -            306 d1fl2a2c.3.1.5.aln   -            192   0.00079   14.9   0.0   1   1   0.00051     0.012   11.0   0.0     8   134     5   250     2   264 0.66 -
d2iida1c.3.1.2       -            371 d1fl2a2c.3.1.5.aln   -            192    0.0022   13.4   0.6   1   1   0.00019    0.0046   12.4   0.2     6    36    32    62    28    74 0.85 -
d1vl6a1c.2.1.7       -            222 d1fl2a2c.3.1.5.aln   -            192    0.0022   13.4   0.0   1   1   0.00011    0.0027   13.1   0.0     4    38    26    66    25   149 0.88 -
d1seza1c.3.1.2       -            374 d1fl2a2c.3.1.5.aln   -            192    0.0024   13.3   0.2   1   1   0.00016    0.0039   12.6   0.2     6    46     3    41     1    59 0.86 -
d1vcha1c.61.1.1      -            174 d1fl2a2c.3.1.5.aln   -            192    0.0027   13.1   0.0   1   1   0.00026    0.0061   12.0   0.0   123   182    74   152    27   155 0.77 -
d2dw4a2c.3.1.2       -            450 d1fl2a2c.3.1.5.aln   -            192    0.0032   12.9   0.4   1   2   0.00047     0.011   11.1   0.1     5    33     6    34     3    53 0.85 -
d2dw4a2c.3.1.2       -            450 d1fl2a2c.3.1.5.aln   -            192    0.0032   12.9   0.4   2   2       3.3        79   -1.5   0.0    30    50   290   308   288   326 0.76 -
d1kola2c.2.1.1       -            195 d1fl2a2c.3.1.5.aln   -            192    0.0036   12.7   1.5   1   1   0.00025     0.006   12.0   1.5     7    34    29    56    26    74 0.89 -
d1b5qa1c.3.1.2       -            348 d1fl2a2c.3.1.5.aln   -            192     0.007   11.8   0.1   1   1   0.00064     0.015   10.7   0.1     7    37     3    33     2    53 0.86 -
d1vj0a2c.2.1.1       -            182 d1fl2a2c.3.1.5.aln   -            192     0.011   11.2   0.7   1   1   0.00076     0.018   10.4   0.7     6    36    31    61    28   140 0.91 -
#
# Program:         hmmsearch
# Version:         3.1b2 (February 2015)
# Pipeline mode:   SEARCH
# Query file:      hmmModels95/d1fl2a2c.3.1.5.hmm
# Target file:     scop/scopTestSeq.fasta
# Option settings: hmmsearch --domtblout hmmModels95/d1fl2a2c.3.1.5.out -E 1 hmmModels95/d1fl2a2c.3.1.5.hmm scop/scopTestSeq.fasta 
# Current dir:     /users/nfs/Etu7/3801677/SBAS/TME8
# Date:            Tue Apr  4 15:53:41 2023
# [ok]
