#                                                                            --- full sequence --- -------------- this domain -------------   hmm coord   ali coord   env coord
# target name        accession   tlen query name           accession   qlen   E-value  score  bias   #  of  c-Evalue  i-Evalue  score  bias  from    to  from    to  from    to  acc description of target
#------------------- ---------- ----- -------------------- ---------- ----- --------- ------ ----- --- --- --------- --------- ------ ----- ----- ----- ----- ----- ----- ----- ---- ---------------------
d1g41a_c.37.1.20     -            443 d1fnna2c.37.1.20.aln -            284  3.2e-139  458.3   0.0   1   1  1.4e-140    5e-139  457.7   0.0     1   284     5   429     5   429 1.00 -
d1um8a_c.37.1.20     -            364 d1fnna2c.37.1.20.aln -            284   5.5e-95  313.1   3.6   1   1   1.8e-96   6.3e-95  312.9   3.6     1   284     8   358     8   358 1.00 -
d1svma_c.37.1.20     -            362 d1fnna2c.37.1.20.aln -            284   2.5e-54  179.7   0.0   1   1   8.4e-56   2.9e-54  179.5   0.0     2   283     5   332     4   333 0.99 -
d2p65a_c.37.1.20     -            185 d1fnna2c.37.1.20.aln -            284   2.6e-53  176.4   1.2   1   1   8.1e-55   2.8e-53  176.3   1.2     4   180     2   182     1   185 0.98 -
d1lv7a_c.37.1.20     -            256 d1fnna2c.37.1.20.aln -            284   2.1e-46  153.7   0.1   1   1   6.7e-48   2.3e-46  153.6   0.1     3   259     6   252     4   256 0.96 -
d1r6bx3c.37.1.20     -            315 d1fnna2c.37.1.20.aln -            284   1.3e-44  147.9   0.1   1   1   4.1e-46   1.4e-44  147.7   0.1     3   283    12   314    10   315 0.98 -
d1iqpa2c.37.1.20     -            231 d1fnna2c.37.1.20.aln -            284   1.2e-39  131.6   0.4   1   1   4.8e-41   1.6e-39  131.1   0.4     5   238     7   220     5   228 0.96 -
d1g8pa_c.37.1.20     -            333 d1fnna2c.37.1.20.aln -            284   7.8e-37  122.3   0.0   1   1   2.7e-38   9.3e-37  122.1   0.0     2   282    16   331    15   333 0.95 -
d1sxja2c.37.1.20     -            253 d1fnna2c.37.1.20.aln -            284   1.7e-28   95.0   0.0   1   1   5.5e-30   1.9e-28   94.8   0.0     4   254    10   252     7   253 0.97 -
d1njfa_c.37.1.20     -            239 d1fnna2c.37.1.20.aln -            284   1.9e-28   94.8   0.0   1   1   6.3e-30   2.2e-28   94.6   0.0    13   247     3   235     1   238 0.96 -
d1d2na_c.37.1.20     -            246 d1fnna2c.37.1.20.aln -            284   5.3e-23   77.0   0.0   1   1   1.6e-24   5.4e-23   76.9   0.0    34   257    31   243     1   246 0.92 -
d1in4a2c.37.1.20     -            238 d1fnna2c.37.1.20.aln -            284   2.8e-19   64.7   3.4   1   1     2e-20   6.9e-19   63.5   3.4    18   259     5   237     2   238 0.85 -
d2a5yb3c.37.1.20     -            277 d1fnna2c.37.1.20.aln -            284   3.4e-16   54.6   0.0   1   1   1.1e-17   3.8e-16   54.5   0.0     5   263     4   262     1   276 0.91 -
d1w5sa2c.37.1.20     -            287 d1fnna2c.37.1.20.aln -            284   1.4e-14   49.3   0.1   1   1     5e-16   1.7e-14   49.0   0.1     7   271     9   279     4   287 0.93 -
d2fnaa2c.37.1.20     -            283 d1fnna2c.37.1.20.aln -            284     2e-14   48.8   0.3   1   1   6.9e-16   2.4e-14   48.6   0.3     5   275     5   278     1   282 0.96 -
d1ny5a2c.37.1.20     -            247 d1fnna2c.37.1.20.aln -            284   1.4e-13   46.0   0.4   1   1   4.9e-15   1.7e-13   45.8   0.4    46   265    26   245     7   247 0.96 -
d1u0ja_c.37.1.20     -            267 d1fnna2c.37.1.20.aln -            284   4.4e-10   34.5   0.0   1   1   1.7e-11   5.9e-10   34.1   0.0     4   274     3   264     1   266 0.97 -
d1l8qa2c.37.1.20     -            213 d1fnna2c.37.1.20.aln -            284   6.7e-08   27.4   1.7   1   2   3.6e-07   1.2e-05   19.9   0.0    12    90     3    83     1   106 0.79 -
d1l8qa2c.37.1.20     -            213 d1fnna2c.37.1.20.aln -            284   6.7e-08   27.4   1.7   2   2    0.0036      0.13    6.8   0.8   151   252   112   211    96   213 0.91 -
d2gnoa2c.37.1.20     -            198 d1fnna2c.37.1.20.aln -            284   1.2e-06   23.3   0.1   1   1   8.1e-08   2.8e-06   22.1   0.1    16   237     1   189     1   198 0.94 -
d1y63a_c.37.1.1      -            174 d1fnna2c.37.1.20.aln -            284   4.6e-05   18.1   0.6   1   2   2.5e-06   8.4e-05   17.2   0.1    45    70     7    32     6    43 0.88 -
d1y63a_c.37.1.1      -            174 d1fnna2c.37.1.20.aln -            284   4.6e-05   18.1   0.6   2   2       5.7   1.9e+02   -3.7   0.0     7    21    53    67    52    68 0.83 -
d1jqlb_c.37.1.20     -            140 d1fnna2c.37.1.20.aln -            284   4.7e-05   18.1   0.0   1   1   1.6e-06   5.5e-05   17.8   0.0    26   188     4   139     1   140 0.92 -
d1a5ta2c.37.1.20     -            207 d1fnna2c.37.1.20.aln -            284   0.00081   14.0   0.0   1   1   8.1e-05    0.0028   12.2   0.0    43   257    24   205    12   207 0.89 -
d1tuea_c.37.1.20     -            205 d1fnna2c.37.1.20.aln -            284     0.001   13.7   0.0   1   2      0.12       4.2    1.8   0.0     4    57     4    67     1    69 0.82 -
d1tuea_c.37.1.20     -            205 d1fnna2c.37.1.20.aln -            284     0.001   13.7   0.0   2   2   0.00038     0.013   10.0   0.0   168   239   132   203   104   205 0.92 -
#
# Program:         hmmsearch
# Version:         3.1b2 (February 2015)
# Pipeline mode:   SEARCH
# Query file:      hmmModels95/d1fnna2c.37.1.20.hmm
# Target file:     scop/scopTestSeq.fasta
# Option settings: hmmsearch --domtblout hmmModels95/d1fnna2c.37.1.20.out -E 1 hmmModels95/d1fnna2c.37.1.20.hmm scop/scopTestSeq.fasta 
# Current dir:     /users/nfs/Etu7/3801677/SBAS/TME8
# Date:            Tue Apr  4 15:53:41 2023
# [ok]
