#                                                                            --- full sequence --- -------------- this domain -------------   hmm coord   ali coord   env coord
# target name        accession   tlen query name           accession   qlen   E-value  score  bias   #  of  c-Evalue  i-Evalue  score  bias  from    to  from    to  from    to  acc description of target
#------------------- ---------- ----- -------------------- ---------- ----- --------- ------ ----- --- --- --------- --------- ------ ----- ----- ----- ----- ----- ----- ----- ---- ---------------------
d1qb7a_c.61.1.1      -            236 d1fsga_c.61.1.1.aln  -            205   4.3e-55  181.8   0.0   1   1   8.6e-57   4.8e-55  181.7   0.0     2   203    10   205     9   207 0.98 -
d1tc1a_c.61.1.1      -            184 d1fsga_c.61.1.1.aln  -            205   1.7e-54  179.9   0.8   1   1   3.4e-56   1.9e-54  179.7   0.8     6   199     1   183     1   184 0.98 -
d1xtta1c.61.1.1      -            215 d1fsga_c.61.1.1.aln  -            205     3e-52  172.6   3.6   1   1   5.9e-54   3.3e-52  172.4   3.6     1   203     9   215     9   215 0.99 -
d1ecfa1c.61.1.1      -            243 d1fsga_c.61.1.1.aln  -            205   1.2e-47  157.5   0.2   1   1   2.4e-49   1.4e-47  157.3   0.2     1   203     9   213     9   215 0.99 -
d1dqna_c.61.1.1      -            230 d1fsga_c.61.1.1.aln  -            205   3.6e-43  142.9   0.0   1   1   7.3e-45   4.1e-43  142.7   0.0     1   204     2   208     2   209 0.99 -
d1a3ca_c.61.1.1      -            178 d1fsga_c.61.1.1.aln  -            205   7.5e-32  105.9   2.4   1   1   1.5e-33   8.2e-32  105.8   2.4     2   182     2   177     1   178 0.97 -
d1fsga_c.61.1.1      -            233 d1fsga_c.61.1.1.aln  -            205   1.4e-31  105.1   0.0   1   1   2.8e-33   1.6e-31  104.9   0.0     2   204    38   230    37   231 0.95 -
d1y0ba1c.61.1.1      -            191 d1fsga_c.61.1.1.aln  -            205   1.5e-27   91.9   0.1   1   1   2.9e-29   1.7e-27   91.8   0.1    14   201     3   189     1   191 0.97 -
d2aeea1c.61.1.1      -            208 d1fsga_c.61.1.1.aln  -            205   1.2e-26   89.0   0.1   1   1   2.2e-28   1.2e-26   88.9   0.1     9   200    10   201     2   206 0.93 -
d1p4aa2c.61.1.1      -            202 d1fsga_c.61.1.1.aln  -            205   3.1e-26   87.6   0.1   1   1   6.1e-28   3.4e-26   87.5   0.1    11   202     2   195     1   198 0.97 -
d1vdma1c.61.1.1      -            153 d1fsga_c.61.1.1.aln  -            205   6.3e-26   86.6   1.1   1   1   1.3e-27   7.6e-26   86.3   1.1     9   176     1   145     1   152 0.93 -
d1wd5a_c.61.1.1      -            208 d1fsga_c.61.1.1.aln  -            205   4.8e-25   83.7   2.8   1   1   9.3e-27   5.2e-25   83.6   2.8     3   201     7   206     5   208 0.96 -
d1vcha1c.61.1.1      -            174 d1fsga_c.61.1.1.aln  -            205     4e-19   64.4   0.5   1   1   8.3e-21   4.7e-19   64.2   0.5    12   172     3   161     1   173 0.95 -
d1nula_c.61.1.1      -            150 d1fsga_c.61.1.1.aln  -            205     5e-17   57.5   0.0   1   1   1.2e-18   6.8e-17   57.1   0.0    10   176     1   141     1   147 0.91 -
#
# Program:         hmmsearch
# Version:         3.1b2 (February 2015)
# Pipeline mode:   SEARCH
# Query file:      hmmModels95/d1fsga_c.61.1.1.hmm
# Target file:     scop/scopTestSeq.fasta
# Option settings: hmmsearch --domtblout hmmModels95/d1fsga_c.61.1.1.out -E 1 hmmModels95/d1fsga_c.61.1.1.hmm scop/scopTestSeq.fasta 
# Current dir:     /users/nfs/Etu7/3801677/SBAS/TME8
# Date:            Tue Apr  4 15:53:41 2023
# [ok]
