#                                                                            --- full sequence --- -------------- this domain -------------   hmm coord   ali coord   env coord
# target name        accession   tlen query name           accession   qlen   E-value  score  bias   #  of  c-Evalue  i-Evalue  score  bias  from    to  from    to  from    to  acc description of target
#------------------- ---------- ----- -------------------- ---------- ----- --------- ------ ----- --- --- --------- --------- ------ ----- ----- ----- ----- ----- ----- ----- ---- ---------------------
d1qdda_d.169.1.1     -            144 d1g1ta1d.169.1.1.aln -            130   2.3e-38  127.0   3.6   1   1   4.2e-40   2.5e-38  126.9   3.6     2   128    13   143    12   144 0.98 -
d1wmza_d.169.1.1     -            140 d1g1ta1d.169.1.1.aln -            130   8.2e-34  112.3   8.6   1   1   1.5e-35   9.3e-34  112.1   8.6     2   128     2   138     1   140 0.97 -
d2ziba_d.169.1.1     -            130 d1g1ta1d.169.1.1.aln -            130   3.2e-30  100.7   2.7   1   1   5.7e-32   3.5e-30  100.6   2.7     3   129     7   129     5   130 0.94 -
d1gz2a_d.169.1.1     -            139 d1g1ta1d.169.1.1.aln -            130   3.5e-29   97.3   0.0   1   1   6.5e-31   3.9e-29   97.2   0.0     3   128     2   138     1   139 0.95 -
d1qo3c_d.169.1.1     -            133 d1g1ta1d.169.1.1.aln -            130   3.9e-28   93.9   5.0   1   1     7e-30   4.3e-28   93.8   5.0     5   128    16   131    12   133 0.91 -
d1wk1a_d.169.1.1     -            150 d1g1ta1d.169.1.1.aln -            130   3.1e-27   91.0   0.1   1   1   6.3e-29   3.8e-27   90.7   0.1    10   129     6   131     2   132 0.95 -
d3l9jc_d.169.1.1     -            134 d1g1ta1d.169.1.1.aln -            130   2.7e-25   84.7   2.6   1   1   5.2e-27   3.1e-25   84.5   2.6    10   127    10   132     4   134 0.92 -
d3hupa_d.169.1.1     -            121 d1g1ta1d.169.1.1.aln -            130   1.3e-24   82.6  11.0   1   1   2.4e-26   1.4e-24   82.4  11.0     2   128     6   119     5   121 0.86 -
d1pwba1d.169.1.1     -            121 d1g1ta1d.169.1.1.aln -            130   1.4e-24   82.4   0.0   1   1   2.5e-26   1.5e-24   82.3   0.0     7   127     3   121     1   121 0.96 -
d1g1ta1d.169.1.1     -            118 d1g1ta1d.169.1.1.aln -            130   7.5e-20   67.1   3.9   1   1   1.5e-21   9.2e-20   66.9   3.9    15   125     3   117     2   118 0.86 -
d1h8ua_d.169.1.1     -            115 d1g1ta1d.169.1.1.aln -            130   3.3e-19   65.1   2.8   1   1   5.9e-21   3.6e-19   65.0   2.8    15   126     2   114     1   115 0.89 -
d1byfa_d.169.1.1     -            123 d1g1ta1d.169.1.1.aln -            130   2.8e-18   62.1   0.1   1   1   5.3e-20   3.2e-18   61.9   0.1    17   129     6   122     2   123 0.84 -
d1kg0c_d.169.1.1     -            136 d1g1ta1d.169.1.1.aln -            130   2.3e-16   55.8   4.1   1   1   4.6e-18   2.8e-16   55.6   4.1     3   129    17   135    15   136 0.85 -
#
# Program:         hmmsearch
# Version:         3.1b2 (February 2015)
# Pipeline mode:   SEARCH
# Query file:      hmmModels95/d1g1ta1d.169.1.1.hmm
# Target file:     scop/scopTestSeq.fasta
# Option settings: hmmsearch --domtblout hmmModels95/d1g1ta1d.169.1.1.out -E 1 hmmModels95/d1g1ta1d.169.1.1.hmm scop/scopTestSeq.fasta 
# Current dir:     /users/nfs/Etu7/3801677/SBAS/TME8
# Date:            Tue Apr  4 15:53:41 2023
# [ok]
