#                                                                            --- full sequence --- -------------- this domain -------------   hmm coord   ali coord   env coord
# target name        accession   tlen query name           accession   qlen   E-value  score  bias   #  of  c-Evalue  i-Evalue  score  bias  from    to  from    to  from    to  acc description of target
#------------------- ---------- ----- -------------------- ---------- ----- --------- ------ ----- --- --- --------- --------- ------ ----- ----- ----- ----- ----- ----- ----- ---- ---------------------
d1g41a_c.37.1.20     -            443 d1g41a_c.37.1.20.aln -            287  6.1e-117  385.4   6.7   1   1  2.4e-118  7.5e-117  385.1   6.7     1   285     5   433     5   435 0.99 -
d1um8a_c.37.1.20     -            364 d1g41a_c.37.1.20.aln -            287  1.1e-102  338.7   4.0   1   1  4.2e-104  1.3e-102  338.4   4.0     1   287     8   364     8   364 0.99 -
d1r6bx3c.37.1.20     -            315 d1g41a_c.37.1.20.aln -            287   1.2e-54  181.0   0.1   1   1   4.3e-56   1.4e-54  180.8   0.1     2   286    14   306    13   307 0.99 -
d2p65a_c.37.1.20     -            185 d1g41a_c.37.1.20.aln -            287   1.1e-53  177.9   1.1   1   1   3.7e-55   1.2e-53  177.8   1.1     4   188     2   185     1   185 0.98 -
d1svma_c.37.1.20     -            362 d1g41a_c.37.1.20.aln -            287   2.7e-44  147.0   0.0   1   1   9.6e-46     3e-44  146.9   0.0     2   287     4   335     3   335 0.99 -
d1iqpa2c.37.1.20     -            231 d1g41a_c.37.1.20.aln -            287     2e-42  140.9   0.4   1   1   8.2e-44   2.6e-42  140.5   0.4    10   240    11   221     5   229 0.95 -
d1sxja2c.37.1.20     -            253 d1g41a_c.37.1.20.aln -            287   1.6e-38  128.1   0.0   1   1   5.8e-40   1.8e-38  127.9   0.0    11   253     2   250     1   253 0.97 -
d1lv7a_c.37.1.20     -            256 d1g41a_c.37.1.20.aln -            287     3e-38  127.2   0.0   1   1   1.2e-39   3.8e-38  126.8   0.0     7   259     9   251     4   255 0.97 -
d1g8pa_c.37.1.20     -            333 d1g41a_c.37.1.20.aln -            287   1.5e-32  108.4   0.0   1   1   1.3e-33   4.2e-32  107.0   0.0     4   286    10   310     7   311 0.98 -
d1njfa_c.37.1.20     -            239 d1g41a_c.37.1.20.aln -            287   4.2e-32  107.0   0.0   1   1   1.5e-33   4.7e-32  106.9   0.0    14   229     3   216     1   236 0.96 -
d1in4a2c.37.1.20     -            238 d1g41a_c.37.1.20.aln -            287   2.6e-21   71.6   1.3   1   2   2.5e-10   7.8e-09   30.7   0.0    19    79     5    70     1    82 0.74 -
d1in4a2c.37.1.20     -            238 d1g41a_c.37.1.20.aln -            287   2.6e-21   71.6   1.3   2   2   2.7e-13   8.5e-12   40.4   0.3   117   252    85   229    75   238 0.93 -
d1w5sa2c.37.1.20     -            287 d1g41a_c.37.1.20.aln -            287   3.7e-19   64.5   0.0   1   1   1.4e-20   4.5e-19   64.3   0.0     9   279     5   286     2   287 0.97 -
d2a5yb3c.37.1.20     -            277 d1g41a_c.37.1.20.aln -            287   1.4e-17   59.3   0.0   1   1   4.9e-19   1.5e-17   59.2   0.0     7   268     5   266     1   276 0.91 -
d1ny5a2c.37.1.20     -            247 d1g41a_c.37.1.20.aln -            287   7.2e-17   57.0   0.3   1   1   2.7e-18   8.4e-17   56.8   0.3    47   247    26   226     3   244 0.90 -
d1fnna2c.37.1.20     -            276 d1g41a_c.37.1.20.aln -            287   1.2e-15   53.0   0.0   1   1   6.1e-17   1.9e-15   52.3   0.0     7   266     3   271     1   275 0.83 -
d1d2na_c.37.1.20     -            246 d1g41a_c.37.1.20.aln -            287   8.3e-15   50.3   0.0   1   1   3.1e-16   9.7e-15   50.0   0.0    15   256    12   241     4   246 0.81 -
d1a5ta2c.37.1.20     -            207 d1g41a_c.37.1.20.aln -            287   4.7e-11   37.9   0.0   1   1   1.6e-12     5e-11   37.8   0.0    10   227     3   202     1   207 0.93 -
d2fnaa2c.37.1.20     -            283 d1g41a_c.37.1.20.aln -            287   2.6e-10   35.5   0.3   1   1   9.7e-12     3e-10   35.3   0.3     9   272     7   273     1   280 0.90 -
d1l8qa2c.37.1.20     -            213 d1g41a_c.37.1.20.aln -            287     3e-09   32.0   0.8   1   1     3e-10   9.6e-09   30.4   0.8    13   107     3    99     1   212 0.84 -
d1u0ja_c.37.1.20     -            267 d1g41a_c.37.1.20.aln -            287   5.7e-07   24.5   0.0   1   1   2.7e-08   8.5e-07   24.0   0.0    11   275     8   264     2   266 0.94 -
d1jqlb_c.37.1.20     -            140 d1g41a_c.37.1.20.aln -            287   1.3e-06   23.4   0.0   1   1   4.5e-08   1.4e-06   23.2   0.0    27   160     5   129     2   140 0.88 -
d2gnoa2c.37.1.20     -            198 d1g41a_c.37.1.20.aln -            287   2.6e-05   19.1   0.1   1   1   9.5e-07     3e-05   18.9   0.1    47   238    18   189     6   196 0.85 -
d1y63a_c.37.1.1      -            174 d1g41a_c.37.1.20.aln -            287     9e-05   17.3   0.1   1   3   2.8e-06     9e-05   17.3   0.1    46    73     7    34     6    43 0.87 -
d1y63a_c.37.1.1      -            174 d1g41a_c.37.1.20.aln -            287     9e-05   17.3   0.1   2   3       5.1   1.6e+02   -3.2   0.1     7    22    53    68    50    69 0.85 -
d1y63a_c.37.1.1      -            174 d1g41a_c.37.1.20.aln -            287     9e-05   17.3   0.1   3   3      0.33        10    0.7   0.5   138   197   119   171   108   174 0.52 -
d1tuea_c.37.1.20     -            205 d1g41a_c.37.1.20.aln -            287     0.003   12.3   0.0   1   1    0.0021     0.065    7.9   0.0   172   243   127   198     3   203 0.71 -
d1ly1a_c.37.1.1      -            152 d1g41a_c.37.1.20.aln -            287    0.0056   11.4   0.1   1   2   0.00031    0.0099   10.6   0.0    44    63     2    21     1    26 0.90 -
d1ly1a_c.37.1.1      -            152 d1g41a_c.37.1.20.aln -            287    0.0056   11.4   0.1   2   2       4.9   1.5e+02   -3.1   0.0    14    38    34    58    31    65 0.72 -
#
# Program:         hmmsearch
# Version:         3.1b2 (February 2015)
# Pipeline mode:   SEARCH
# Query file:      hmmModels95/d1g41a_c.37.1.20.hmm
# Target file:     scop/scopTestSeq.fasta
# Option settings: hmmsearch --domtblout hmmModels95/d1g41a_c.37.1.20.out -E 1 hmmModels95/d1g41a_c.37.1.20.hmm scop/scopTestSeq.fasta 
# Current dir:     /users/nfs/Etu7/3801677/SBAS/TME8
# Date:            Tue Apr  4 15:53:41 2023
# [ok]
