#                                                                            --- full sequence --- -------------- this domain -------------   hmm coord   ali coord   env coord
# target name        accession   tlen query name           accession   qlen   E-value  score  bias   #  of  c-Evalue  i-Evalue  score  bias  from    to  from    to  from    to  acc description of target
#------------------- ---------- ----- -------------------- ---------- ----- --------- ------ ----- --- --- --------- --------- ------ ----- ----- ----- ----- ----- ----- ----- ---- ---------------------
d1uoka2c.1.8.1       -            479 d1g5aa2c.1.8.1.aln   -            413  4.2e-115  380.4  22.5   1   1  1.2e-116  4.7e-115  380.3  22.5     7   412     2   479     1   479 0.99 -
d3bmva4c.1.8.1       -            406 d1g5aa2c.1.8.1.aln   -            413   1.4e-93  309.6  16.8   1   1   3.8e-95   1.5e-93  309.4  16.8     4   412     5   406     2   406 0.96 -
d1wdpa_c.1.8.1       -            493 d1g5aa2c.1.8.1.aln   -            413   2.6e-93  308.6   1.1   1   1   7.6e-95     3e-93  308.5   1.1     2   411    39   492    38   493 0.99 -
d1e43a2c.1.8.1       -            393 d1g5aa2c.1.8.1.aln   -            413   2.8e-89  295.4  18.0   1   1     8e-91   3.2e-89  295.2  18.0    13   406     2   393     1   393 0.97 -
d1ji1a3c.1.8.1       -            432 d1g5aa2c.1.8.1.aln   -            413   6.1e-83  274.5  23.9   1   1   1.7e-84   6.8e-83  274.3  23.9     5   412     2   431     1   432 0.98 -
d1wzaa2c.1.8.1       -            409 d1g5aa2c.1.8.1.aln   -            413   3.5e-82  272.0  20.4   1   1   9.8e-84   3.9e-82  271.8  20.4    11   410     2   407     1   409 0.95 -
d2guya2c.1.8.1       -            381 d1g5aa2c.1.8.1.aln   -            413   1.2e-80  266.9   9.2   1   1   3.7e-82   1.5e-80  266.7   9.2     7   406     2   371     1   376 0.93 -
d1bf2a3c.1.8.1       -            475 d1g5aa2c.1.8.1.aln   -            413   2.3e-80  266.0  14.0   1   1   6.6e-82   2.6e-80  265.8  14.0     4   412     7   472     4   473 0.98 -
d1h3ga3c.1.8.1       -            422 d1g5aa2c.1.8.1.aln   -            413   1.6e-75  250.1  11.6   1   1   4.9e-77   1.9e-75  249.8  11.6    11   412     9   421     3   422 0.95 -
d1gjwa2c.1.8.1       -            572 d1g5aa2c.1.8.1.aln   -            413   1.4e-67  223.9   0.0   1   1   5.5e-69   2.2e-67  223.3   0.0    11   412    52   571    42   572 0.94 -
d1x1na1c.1.8.1       -            523 d1g5aa2c.1.8.1.aln   -            413     1e-65  217.7   0.3   1   1     3e-67   1.2e-65  217.6   0.3     2   412    30   522    29   523 0.98 -
d2fhfa5c.1.8.1       -            563 d1g5aa2c.1.8.1.aln   -            413   1.3e-65  217.4   0.6   1   1     4e-67   1.6e-65  217.2   0.6    28   412    58   562    13   563 0.92 -
d2bhua3c.1.8.1       -            420 d1g5aa2c.1.8.1.aln   -            413   3.3e-55  183.1   4.2   1   1   9.5e-57   3.8e-55  183.0   4.2     2   412     3   419     2   420 0.97 -
d1ht6a2c.1.8.1       -            347 d1g5aa2c.1.8.1.aln   -            413   1.5e-54  181.0   8.0   1   1   4.3e-56   1.7e-54  180.8   8.0    14   407     2   346     1   347 0.94 -
d1m7xa3c.1.8.1       -            396 d1g5aa2c.1.8.1.aln   -            413   3.4e-40  133.7  21.1   1   1     1e-41   4.1e-40  133.4  21.1    13   411    16   391     6   393 0.96 -
d1ua7a2c.1.8.1       -            344 d1g5aa2c.1.8.1.aln   -            413   1.9e-36  121.4  12.3   1   1   6.4e-38   2.5e-36  121.0  12.3    10   402     2   335     1   344 0.86 -
d1vema2c.1.8.1       -            417 d1g5aa2c.1.8.1.aln   -            413   2.7e-36  120.9   7.6   1   1   8.3e-38   3.3e-36  120.6   7.6     2   369    37   388    36   408 0.96 -
d1r7aa2c.1.8.1       -            434 d1g5aa2c.1.8.1.aln   -            413     8e-29   96.2   0.2   1   1   2.3e-30   8.9e-29   96.1   0.2     4   412     6   431     3   432 0.96 -
d1kwga2c.1.8.1       -            393 d1g5aa2c.1.8.1.aln   -            413   1.8e-23   78.6   0.0   1   1   5.1e-25     2e-23   78.5   0.0     3   410     3   390     1   393 0.94 -
d1g5aa2c.1.8.1       -            554 d1g5aa2c.1.8.1.aln   -            413   1.9e-19   65.4   3.8   1   1   1.5e-20   5.9e-19   63.7   3.8    29   412   106   553    69   554 0.84 -
#
# Program:         hmmsearch
# Version:         3.1b2 (February 2015)
# Pipeline mode:   SEARCH
# Query file:      hmmModels95/d1g5aa2c.1.8.1.hmm
# Target file:     scop/scopTestSeq.fasta
# Option settings: hmmsearch --domtblout hmmModels95/d1g5aa2c.1.8.1.out -E 1 hmmModels95/d1g5aa2c.1.8.1.hmm scop/scopTestSeq.fasta 
# Current dir:     /users/nfs/Etu7/3801677/SBAS/TME8
# Date:            Tue Apr  4 15:53:42 2023
# [ok]
