#                                                                            --- full sequence --- -------------- this domain -------------   hmm coord   ali coord   env coord
# target name        accession   tlen query name           accession   qlen   E-value  score  bias   #  of  c-Evalue  i-Evalue  score  bias  from    to  from    to  from    to  acc description of target
#------------------- ---------- ----- -------------------- ---------- ----- --------- ------ ----- --- --- --------- --------- ------ ----- ----- ----- ----- ----- ----- ----- ---- ---------------------
d1g41a_c.37.1.20     -            443 d1g8pa_c.37.1.20.aln -            289  1.1e-139  459.8   7.3   1   1  4.1e-141  1.5e-139  459.5   7.3     1   289     5   432     5   432 1.00 -
d1um8a_c.37.1.20     -            364 d1g8pa_c.37.1.20.aln -            289  2.8e-102  337.1   4.4   1   1  8.7e-104  3.1e-102  336.9   4.4     1   289     8   361     8   361 1.00 -
d2p65a_c.37.1.20     -            185 d1g8pa_c.37.1.20.aln -            289   4.7e-56  185.4   1.2   1   1   1.4e-57   5.2e-56  185.3   1.2     4   184     2   184     1   185 0.98 -
d1svma_c.37.1.20     -            362 d1g8pa_c.37.1.20.aln -            289   6.3e-54  178.4   0.0   1   1     2e-55   7.1e-54  178.2   0.0     2   288     5   356     4   357 0.99 -
d1lv7a_c.37.1.20     -            256 d1g8pa_c.37.1.20.aln -            289   7.2e-46  152.0   0.0   1   1   2.2e-47   7.8e-46  151.9   0.0     3   258     6   250     4   256 0.95 -
d1r6bx3c.37.1.20     -            315 d1g8pa_c.37.1.20.aln -            289   9.7e-40  131.8   0.0   1   1   3.3e-41   1.2e-39  131.6   0.0     1   281     1   302     1   308 0.98 -
d1iqpa2c.37.1.20     -            231 d1g8pa_c.37.1.20.aln -            289   2.9e-36  120.5   0.5   1   1   9.9e-38   3.5e-36  120.2   0.5     4   245     6   225     4   230 0.97 -
d1sxja2c.37.1.20     -            253 d1g8pa_c.37.1.20.aln -            289   1.7e-23   78.6   0.0   1   1     5e-25   1.8e-23   78.5   0.0     9   255    15   251     7   253 0.94 -
d1njfa_c.37.1.20     -            239 d1g8pa_c.37.1.20.aln -            289   5.2e-23   77.0   0.0   1   1   1.7e-24   6.1e-23   76.7   0.0    12   241     2   228     1   237 0.96 -
d2a5yb3c.37.1.20     -            277 d1g8pa_c.37.1.20.aln -            289   5.6e-20   67.0   0.0   1   1   1.7e-21   6.2e-20   66.9   0.0     6   277     5   275     1   277 0.96 -
d1in4a2c.37.1.20     -            238 d1g8pa_c.37.1.20.aln -            289   1.9e-19   65.3   2.6   1   1   7.2e-21   2.6e-19   64.8   2.6    17   259     4   235     1   238 0.95 -
d1fnna2c.37.1.20     -            276 d1g8pa_c.37.1.20.aln -            289   2.1e-19   65.1   0.0   1   1   6.8e-21   2.4e-19   64.9   0.0     6   267     3   272     1   276 0.94 -
d1d2na_c.37.1.20     -            246 d1g8pa_c.37.1.20.aln -            289   1.1e-18   62.8   0.0   1   1   3.3e-20   1.2e-18   62.7   0.0    32   252    30   236     1   243 0.89 -
d2fnaa2c.37.1.20     -            283 d1g8pa_c.37.1.20.aln -            289   1.7e-14   49.0   0.3   1   1     6e-16   2.2e-14   48.7   0.3     5   276     5   277     2   282 0.96 -
d1a5ta2c.37.1.20     -            207 d1g8pa_c.37.1.20.aln -            289   5.6e-14   47.3   0.0   1   1   1.9e-15   6.7e-14   47.0   0.0    41   208    22   188     6   193 0.94 -
d1ny5a2c.37.1.20     -            247 d1g8pa_c.37.1.20.aln -            289   4.4e-12   41.1   0.3   1   1   1.5e-13   5.4e-12   40.8   0.3    46   257    26   236     4   246 0.90 -
d1w5sa2c.37.1.20     -            287 d1g8pa_c.37.1.20.aln -            289   1.1e-11   39.8   0.0   1   1   3.6e-13   1.3e-11   39.6   0.0     9   276     6   284     2   287 0.95 -
d1u0ja_c.37.1.20     -            267 d1g8pa_c.37.1.20.aln -            289     3e-11   38.4   0.0   1   1   1.1e-12   3.9e-11   38.0   0.0     6   274     5   263     2   266 0.95 -
d1jqlb_c.37.1.20     -            140 d1g8pa_c.37.1.20.aln -            289   5.2e-09   31.0   0.0   1   1   1.9e-10   6.9e-09   30.6   0.0    23   187     1   137     1   140 0.84 -
d1l8qa2c.37.1.20     -            213 d1g8pa_c.37.1.20.aln -            289   1.3e-07   26.4   1.4   1   1   3.9e-08   1.4e-06   23.0   1.4    27   238    18   211     2   213 0.84 -
d2gnoa2c.37.1.20     -            198 d1g8pa_c.37.1.20.aln -            289   6.7e-06   20.8   0.1   1   1   2.1e-07   7.4e-06   20.6   0.1   112   241    63   192     4   197 0.88 -
d1y63a_c.37.1.1      -            174 d1g8pa_c.37.1.20.aln -            289     7e-05   17.4   0.1   1   2     2e-06     7e-05   17.4   0.1    45    72     7    34     4    46 0.86 -
d1y63a_c.37.1.1      -            174 d1g8pa_c.37.1.20.aln -            289     7e-05   17.4   0.1   2   2       3.2   1.1e+02   -2.9   0.4   235   255   115   135   105   165 0.51 -
#
# Program:         hmmsearch
# Version:         3.1b2 (February 2015)
# Pipeline mode:   SEARCH
# Query file:      hmmModels95/d1g8pa_c.37.1.20.hmm
# Target file:     scop/scopTestSeq.fasta
# Option settings: hmmsearch --domtblout hmmModels95/d1g8pa_c.37.1.20.out -E 1 hmmModels95/d1g8pa_c.37.1.20.hmm scop/scopTestSeq.fasta 
# Current dir:     /users/nfs/Etu7/3801677/SBAS/TME8
# Date:            Tue Apr  4 15:53:42 2023
# [ok]
