#                                                                            --- full sequence --- -------------- this domain -------------   hmm coord   ali coord   env coord
# target name        accession   tlen query name           accession   qlen   E-value  score  bias   #  of  c-Evalue  i-Evalue  score  bias  from    to  from    to  from    to  acc description of target
#------------------- ---------- ----- -------------------- ---------- ----- --------- ------ ----- --- --- --------- --------- ------ ----- ----- ----- ----- ----- ----- ----- ---- ---------------------
d1uoka2c.1.8.1       -            479 d1gjwa2c.1.8.1.aln   -            422  4.9e-121  400.2  23.1   1   1  1.4e-122  5.7e-121  400.0  23.1     5   421     2   479     1   479 0.99 -
d3bmva4c.1.8.1       -            406 d1gjwa2c.1.8.1.aln   -            422   1.1e-92  306.8  17.6   1   1   3.3e-94   1.3e-92  306.6  17.6    10   421    13   406     5   406 0.97 -
d1x1na1c.1.8.1       -            523 d1gjwa2c.1.8.1.aln   -            422     3e-89  295.5   0.3   1   1   8.6e-91   3.4e-89  295.3   0.3     2   419    28   501    27   504 0.99 -
d1wzaa2c.1.8.1       -            409 d1gjwa2c.1.8.1.aln   -            422   4.2e-89  295.0  19.5   1   1   1.2e-90   4.7e-89  294.9  19.5     9   420     2   408     1   409 0.95 -
d1e43a2c.1.8.1       -            393 d1gjwa2c.1.8.1.aln   -            422   1.2e-85  283.6  17.7   1   1   3.4e-87   1.4e-85  283.5  17.7    11   415     2   393     1   393 0.98 -
d1ji1a3c.1.8.1       -            432 d1gjwa2c.1.8.1.aln   -            422   1.2e-82  273.8  23.8   1   1   3.3e-84   1.3e-82  273.6  23.8     3   421     2   431     1   432 0.98 -
d2guya2c.1.8.1       -            381 d1gjwa2c.1.8.1.aln   -            422   1.6e-77  256.9   8.4   1   1   4.9e-79   1.9e-77  256.6   8.4     5   415     2   371     1   377 0.97 -
d1h3ga3c.1.8.1       -            422 d1gjwa2c.1.8.1.aln   -            422   6.6e-74  244.9  11.4   1   1     2e-75   7.8e-74  244.7  11.4     8   421     8   421     2   422 0.96 -
d1wdpa_c.1.8.1       -            493 d1gjwa2c.1.8.1.aln   -            422   6.3e-71  235.1   0.5   1   1   1.8e-72   7.1e-71  235.0   0.5     3   421     8   489     6   490 0.99 -
d1g5aa2c.1.8.1       -            554 d1gjwa2c.1.8.1.aln   -            422   7.4e-70  231.6   8.9   1   1   1.1e-70   4.5e-69  229.0   8.9     2   421     2   553     1   554 0.93 -
d2fhfa5c.1.8.1       -            563 d1gjwa2c.1.8.1.aln   -            422     1e-69  231.2   0.7   1   1   2.8e-71   1.1e-69  231.0   0.7     2   421    12   562    11   563 0.99 -
d1bf2a3c.1.8.1       -            475 d1gjwa2c.1.8.1.aln   -            422   2.9e-58  193.4  14.5   1   1   8.2e-60   3.2e-58  193.3  14.5     3   420     8   471     6   473 0.97 -
d1ht6a2c.1.8.1       -            347 d1gjwa2c.1.8.1.aln   -            422   5.2e-55  182.7   8.6   1   1   1.4e-56   5.7e-55  182.6   8.6    11   410     1   340     1   347 0.93 -
d2bhua3c.1.8.1       -            420 d1gjwa2c.1.8.1.aln   -            422   1.8e-47  157.8   2.7   1   1   6.1e-49   2.4e-47  157.4   2.7     9   421    12   419     6   420 0.94 -
d1ua7a2c.1.8.1       -            344 d1gjwa2c.1.8.1.aln   -            422   3.6e-44  147.0  14.3   1   1   2.2e-45   8.5e-44  145.8  14.3    36   416    12   340     7   343 0.89 -
d1vema2c.1.8.1       -            417 d1gjwa2c.1.8.1.aln   -            422   1.3e-35  118.7   8.4   1   1   3.7e-37   1.5e-35  118.6   8.4     3   379     9   405     7   417 0.93 -
d1r7aa2c.1.8.1       -            434 d1gjwa2c.1.8.1.aln   -            422   1.4e-28   95.6   0.2   1   1     4e-30   1.6e-28   95.4   0.2     2   421     2   431     1   432 0.97 -
d1m7xa3c.1.8.1       -            396 d1gjwa2c.1.8.1.aln   -            422   7.2e-27   90.0  21.9   1   1   2.3e-28   9.1e-27   89.6  21.9    12   420    12   391     2   392 0.94 -
d1kwga2c.1.8.1       -            393 d1gjwa2c.1.8.1.aln   -            422   2.7e-24   81.5   0.0   1   1   8.3e-26   3.3e-24   81.2   0.0     3   381     5   371     3   390 0.96 -
d1gjwa2c.1.8.1       -            572 d1gjwa2c.1.8.1.aln   -            422   1.9e-08   29.3   0.0   1   2   8.7e-07   3.4e-05   18.6   0.0    54   134   128   221    74   288 0.81 -
d1gjwa2c.1.8.1       -            572 d1gjwa2c.1.8.1.aln   -            422   1.9e-08   29.3   0.0   2   2   0.00093     0.037    8.6   0.0   361   415   490   565   468   570 0.85 -
#
# Program:         hmmsearch
# Version:         3.1b2 (February 2015)
# Pipeline mode:   SEARCH
# Query file:      hmmModels95/d1gjwa2c.1.8.1.hmm
# Target file:     scop/scopTestSeq.fasta
# Option settings: hmmsearch --domtblout hmmModels95/d1gjwa2c.1.8.1.out -E 1 hmmModels95/d1gjwa2c.1.8.1.hmm scop/scopTestSeq.fasta 
# Current dir:     /users/nfs/Etu7/3801677/SBAS/TME8
# Date:            Tue Apr  4 15:53:42 2023
# [ok]
