#                                                                            --- full sequence --- -------------- this domain -------------   hmm coord   ali coord   env coord
# target name        accession   tlen query name           accession   qlen   E-value  score  bias   #  of  c-Evalue  i-Evalue  score  bias  from    to  from    to  from    to  acc description of target
#------------------- ---------- ----- -------------------- ---------- ----- --------- ------ ----- --- --- --------- --------- ------ ----- ----- ----- ----- ----- ----- ----- ---- ---------------------
d1d7qa_b.40.4.5      -            143 d1go3e1b.40.4.5.aln  -            100     2e-28   94.4   0.1   1   1     8e-30   2.9e-28   93.9   0.1     1   100    18   117    18   117 0.99 -
d2vnud3b.40.4.5      -            148 d1go3e1b.40.4.5.aln  -            100   6.5e-27   89.5   0.0   1   1   2.6e-28   9.2e-27   89.0   0.0     1    99    24   122    24   123 0.98 -
d2uubl1b.40.4.5      -            118 d1go3e1b.40.4.5.aln  -            100   2.1e-24   81.5   2.3   1   1     9e-26   3.2e-24   80.9   2.3     1    98    20   117    20   118 0.99 -
d2nn6i1b.40.4.5      -            125 d1go3e1b.40.4.5.aln  -            100     3e-20   68.1   0.0   1   1   9.7e-22   3.5e-20   67.9   0.0     2   100     2   100     1   100 0.98 -
d1rl2a2b.40.4.5      -             66 d1go3e1b.40.4.5.aln  -            100   7.2e-16   54.1   0.3   1   1   2.4e-17   8.6e-16   53.8   0.3    29    93     2    65     1    65 0.97 -
d3bzka4b.40.4.5      -             94 d1go3e1b.40.4.5.aln  -            100   5.8e-15   51.2   0.5   1   1   1.6e-16   5.8e-15   51.2   0.5     6    86    11    87     6    94 0.90 -
d2uubq1b.40.4.5      -            100 d1go3e1b.40.4.5.aln  -            100   3.5e-13   45.4   2.7   1   1   1.1e-14     4e-13   45.3   2.7     9    99     2    91     1    92 0.96 -
d1wi5a_b.40.4.5      -            119 d1go3e1b.40.4.5.aln  -            100   1.9e-10   36.7   0.0   1   1   5.9e-12   2.1e-10   36.5   0.0     2    99    10   107     9   108 0.94 -
d1jt8a_b.40.4.5      -            102 d1go3e1b.40.4.5.aln  -            100   3.6e-10   35.8   1.1   1   1   1.1e-11   3.9e-10   35.7   1.1     2    93     8    99     7   102 0.96 -
d3i4oa_b.40.4.5      -             68 d1go3e1b.40.4.5.aln  -            100   2.7e-08   29.8   0.2   1   1   8.7e-10   3.1e-08   29.6   0.2    15    83     4    64     2    68 0.94 -
d2je6i1b.40.4.5      -             87 d1go3e1b.40.4.5.aln  -            100   1.1e-07   27.8   1.3   1   1   3.4e-09   1.2e-07   27.7   1.3     9    93     3    86     1    87 0.96 -
d1c9oa_b.40.4.5      -             66 d1go3e1b.40.4.5.aln  -            100     1e-06   24.7   0.0   1   1   3.1e-08   1.1e-06   24.6   0.0    15    88     3    65     1    66 0.92 -
d1e3pa2b.40.4.5      -             62 d1go3e1b.40.4.5.aln  -            100   1.9e-06   23.9   0.1   1   1   5.4e-08   1.9e-06   23.8   0.1    20    77     2    59     1    62 0.95 -
d1luza_b.40.4.5      -             85 d1go3e1b.40.4.5.aln  -            100   1.9e-06   23.8   0.8   1   1   6.3e-08   2.3e-06   23.6   0.8    42    93    34    85    11    85 0.86 -
d1kl9a2b.40.4.5      -             86 d1go3e1b.40.4.5.aln  -            100   1.9e-05   20.6   0.1   1   1   6.5e-07   2.3e-05   20.4   0.1    14   100     3    83     1    83 0.94 -
d2ja9a1b.40.4.5      -             90 d1go3e1b.40.4.5.aln  -            100   2.6e-05   20.2   0.0   1   1   7.7e-07   2.8e-05   20.1   0.0     8    82     2    72     1    89 0.88 -
d1hh2p1b.40.4.5      -             72 d1go3e1b.40.4.5.aln  -            100   0.00011   18.2   0.3   1   1   3.4e-06   0.00012   18.1   0.3    24    86     8    70     3    72 0.91 -
d2nn6h1b.40.4.5      -             95 d1go3e1b.40.4.5.aln  -            100   0.00028   16.9   0.1   1   1   1.4e-05    0.0005   16.1   0.1     6    55     1    50     1    60 0.86 -
d2vnud2b.40.4.5      -             88 d1go3e1b.40.4.5.aln  -            100    0.0012   14.9   0.3   1   1   3.6e-05    0.0013   14.8   0.3    13    90     9    86     2    88 0.93 -
d1y14b1b.40.4.5      -             91 d1go3e1b.40.4.5.aln  -            100    0.0022   14.0   0.0   1   1   6.4e-05    0.0023   14.0   0.0    12    97     2    85     1    88 0.83 -
d1smxa_b.40.4.5      -             87 d1go3e1b.40.4.5.aln  -            100    0.0022   14.0   0.1   1   1   8.8e-05    0.0032   13.5   0.1    52    86    46    80    28    87 0.88 -
d2vnud1b.40.4.5      -             95 d1go3e1b.40.4.5.aln  -            100    0.0044   13.1   0.0   1   1   0.00012    0.0044   13.1   0.0    17    93    12    88     1    94 0.83 -
#
# Program:         hmmsearch
# Version:         3.1b2 (February 2015)
# Pipeline mode:   SEARCH
# Query file:      hmmModels95/d1go3e1b.40.4.5.hmm
# Target file:     scop/scopTestSeq.fasta
# Option settings: hmmsearch --domtblout hmmModels95/d1go3e1b.40.4.5.out -E 1 hmmModels95/d1go3e1b.40.4.5.hmm scop/scopTestSeq.fasta 
# Current dir:     /users/nfs/Etu7/3801677/SBAS/TME8
# Date:            Tue Apr  4 15:53:42 2023
# [ok]
