#                                                                            --- full sequence --- -------------- this domain -------------   hmm coord   ali coord   env coord
# target name        accession   tlen query name           accession   qlen   E-value  score  bias   #  of  c-Evalue  i-Evalue  score  bias  from    to  from    to  from    to  acc description of target
#------------------- ---------- ----- -------------------- ---------- ----- --------- ------ ----- --- --- --------- --------- ------ ----- ----- ----- ----- ----- ----- ----- ---- ---------------------
d1ofda2c.1.4.1       -            809 d1gtea2c.1.4.1.aln   -            385  8.3e-203  668.8   0.1   1   1  1.6e-204  1.3e-202  668.2   0.1     1   385   259   776   259   776 1.00 -
d1vyra_c.1.4.1       -            363 d1gtea2c.1.4.1.aln   -            385     1e-63  211.0   0.0   1   1   1.4e-65   1.1e-63  210.9   0.0     2   382     2   360     1   363 0.95 -
d2e6fa_c.1.4.1       -            312 d1gtea2c.1.4.1.aln   -            385   6.7e-59  195.1   0.0   1   1   9.5e-61   7.5e-59  195.0   0.0    54   381     3   311     1   312 0.96 -
d1p4ca_c.1.4.1       -            353 d1gtea2c.1.4.1.aln   -            385   6.7e-48  158.9   0.0   1   1   9.6e-50   7.6e-48  158.8   0.0    22   381     1   351     1   353 0.97 -
d1djqa1c.1.4.1       -            340 d1gtea2c.1.4.1.aln   -            385   5.3e-44  146.1   0.0   1   1   7.4e-46   5.9e-44  145.9   0.0     5   359     5   337     1   340 0.95 -
d1p0ka_c.1.4.1       -            329 d1gtea2c.1.4.1.aln   -            385   3.3e-34  113.9   0.4   1   1   5.1e-36     4e-34  113.6   0.4    59   379     4   305     1   310 0.93 -
d1ep3a_c.1.4.1       -            311 d1gtea2c.1.4.1.aln   -            385     2e-33  111.3   0.0   1   1     3e-35   2.4e-33  111.0   0.0    51   381     4   308     1   311 0.95 -
d1vhna_c.1.4.1       -            305 d1gtea2c.1.4.1.aln   -            385   5.6e-20   67.0   0.0   1   1   3.7e-21   2.9e-19   64.7   0.0    32   375     8   304     3   305 0.94 -
d1gtea2c.1.4.1       -            312 d1gtea2c.1.4.1.aln   -            385    0.0089   10.4   0.0   1   1   0.00023     0.018    9.4   0.0   286   367   231   309   225   312 0.83 -
d1jbea_c.23.1.1      -            128 d1gtea2c.1.4.1.aln   -            385     0.011   10.1   0.9   1   2    0.0004     0.032    8.6   0.1   345   382     5    42     3    45 0.89 -
d1jbea_c.23.1.1      -            128 d1gtea2c.1.4.1.aln   -            385     0.011   10.1   0.9   2   2      0.14        11    0.2   0.1   324   353    90   123    76   127 0.61 -
#
# Program:         hmmsearch
# Version:         3.1b2 (February 2015)
# Pipeline mode:   SEARCH
# Query file:      hmmModels95/d1gtea2c.1.4.1.hmm
# Target file:     scop/scopTestSeq.fasta
# Option settings: hmmsearch --domtblout hmmModels95/d1gtea2c.1.4.1.out -E 1 hmmModels95/d1gtea2c.1.4.1.hmm scop/scopTestSeq.fasta 
# Current dir:     /users/nfs/Etu7/3801677/SBAS/TME8
# Date:            Tue Apr  4 15:53:43 2023
# [ok]
