#                                                                            --- full sequence --- -------------- this domain -------------   hmm coord   ali coord   env coord
# target name        accession   tlen query name           accession   qlen   E-value  score  bias   #  of  c-Evalue  i-Evalue  score  bias  from    to  from    to  from    to  acc description of target
#------------------- ---------- ----- -------------------- ---------- ----- --------- ------ ----- --- --- --------- --------- ------ ----- ----- ----- ----- ----- ----- ----- ---- ---------------------
d1i8oa_a.3.1.1       -            114 d1gu2a_a.3.1.1.aln   -            102   2.2e-22   75.5   0.4   1   1   2.6e-24   2.6e-22   75.3   0.4     4   101     1   113     1   114 0.95 -
d1h32b_a.3.1.1       -            138 d1gu2a_a.3.1.1.aln   -            102   7.4e-18   61.0   0.0   1   1     9e-20   8.8e-18   60.7   0.0     1   101    22   136    22   137 0.93 -
d1dw0a_a.3.1.1       -            112 d1gu2a_a.3.1.1.aln   -            102   2.4e-16   56.1   0.1   1   1   2.8e-18   2.8e-16   55.9   0.1     2    89    18   112    17   112 0.97 -
d1e29a_a.3.1.1       -            135 d1gu2a_a.3.1.1.aln   -            102   1.8e-15   53.3   0.0   1   1   2.3e-17   2.2e-15   53.0   0.0     4    96    24   129    21   134 0.94 -
d1c52a_a.3.1.1       -            131 d1gu2a_a.3.1.1.aln   -            102   6.6e-14   48.3   0.1   1   1   1.2e-15   1.1e-13   47.5   0.1     7   101     2   119     1   120 0.81 -
d1c75a_a.3.1.1       -             71 d1gu2a_a.3.1.1.aln   -            102   2.6e-07   27.1   0.5   1   1   4.6e-09   4.6e-07   26.3   0.5     8    89     2    70     1    71 0.75 -
d1wvec_a.3.1.1       -             75 d1gu2a_a.3.1.1.aln   -            102   7.9e-06   22.4   0.0   1   1   2.9e-07   2.8e-05   20.6   0.0     5    89     2    72     1    75 0.70 -
d1gu2a_a.3.1.1       -            124 d1gu2a_a.3.1.1.aln   -            102   0.00014   18.4   0.4   1   1   2.8e-06   0.00027   17.4   0.4    15    90    47   120     1   124 0.84 -
#
# Program:         hmmsearch
# Version:         3.1b2 (February 2015)
# Pipeline mode:   SEARCH
# Query file:      hmmModels95/d1gu2a_a.3.1.1.hmm
# Target file:     scop/scopTestSeq.fasta
# Option settings: hmmsearch --domtblout hmmModels95/d1gu2a_a.3.1.1.out -E 1 hmmModels95/d1gu2a_a.3.1.1.hmm scop/scopTestSeq.fasta 
# Current dir:     /users/nfs/Etu7/3801677/SBAS/TME8
# Date:            Tue Apr  4 15:53:43 2023
# [ok]
