#                                                                            --- full sequence --- -------------- this domain -------------   hmm coord   ali coord   env coord
# target name        accession   tlen query name           accession   qlen   E-value  score  bias   #  of  c-Evalue  i-Evalue  score  bias  from    to  from    to  from    to  acc description of target
#------------------- ---------- ----- -------------------- ---------- ----- --------- ------ ----- --- --- --------- --------- ------ ----- ----- ----- ----- ----- ----- ----- ---- ---------------------
d2jhfa2c.2.1.1       -            176 d1gu7a2c.2.1.1.aln   -            179   1.5e-61  202.7   1.6   1   1   3.2e-63   1.7e-61  202.5   1.6     2   178     2   176     1   176 0.99 -
d1kola2c.2.1.1       -            195 d1gu7a2c.2.1.1.aln   -            179     8e-55  180.8   4.3   1   1   1.7e-56     9e-55  180.6   4.3     4   178     2   186     1   187 0.98 -
d1pqwa_c.2.1.1       -            183 d1gu7a2c.2.1.1.aln   -            179   1.2e-45  150.9   0.5   1   1   2.5e-47   1.3e-45  150.8   0.5     4   178     1   170     1   171 0.97 -
d1vj0a2c.2.1.1       -            182 d1gu7a2c.2.1.1.aln   -            179   1.7e-45  150.4   0.0   1   1   3.5e-47   1.8e-45  150.3   0.0     3   178     3   177     1   178 0.98 -
d1piwa2c.2.1.1       -            168 d1gu7a2c.2.1.1.aln   -            179   5.5e-45  148.7   0.0   1   1   1.2e-46   6.1e-45  148.6   0.0     2   177     2   168     1   168 0.97 -
d2dm6a2c.2.1.1       -            182 d1gu7a2c.2.1.1.aln   -            179   1.8e-44  147.1   0.2   1   1   3.8e-46     2e-44  146.9   0.2     3   177     4   174     2   176 0.95 -
d1h2ba2c.2.1.1       -            172 d1gu7a2c.2.1.1.aln   -            179   2.9e-43  143.1   2.7   1   1     6e-45   3.2e-43  143.0   2.7     2   174     5   171     4   172 0.94 -
d1jqba2c.2.1.1       -            174 d1gu7a2c.2.1.1.aln   -            179   5.7e-43  142.2   4.8   1   1   1.2e-44   6.2e-43  142.0   4.8     2   177     2   172     1   174 0.97 -
d1qora2c.2.1.1       -            179 d1gu7a2c.2.1.1.aln   -            179   1.3e-42  141.0   0.1   1   1   2.8e-44   1.5e-42  140.8   0.1     2   176     2   172     1   175 0.98 -
d1yb5a2c.2.1.1       -            174 d1gu7a2c.2.1.1.aln   -            179   6.6e-42  138.7   1.3   1   1   1.4e-43   7.2e-42  138.6   1.3     2   176     2   171     1   174 0.98 -
d1o89a2c.2.1.1       -            177 d1gu7a2c.2.1.1.aln   -            179   7.5e-40  132.0   2.2   1   1   1.6e-41   8.2e-40  131.9   2.2     2   177     5   170     4   172 0.97 -
d1pl8a2c.2.1.1       -            171 d1gu7a2c.2.1.1.aln   -            179   1.1e-37  125.0   6.3   1   1   2.2e-39   1.2e-37  124.9   6.3     5   175     4   169     1   171 0.89 -
d1gu7a2c.2.1.1       -            189 d1gu7a2c.2.1.1.aln   -            179   1.2e-06   23.8   0.0   1   1   2.7e-08   1.4e-06   23.6   0.0     3    90     3    91     1   160 0.85 -
d1c1da1c.2.1.7       -            201 d1gu7a2c.2.1.1.aln   -            179   0.00082   14.6   6.2   1   2   1.6e-05   0.00082   14.6   6.2    31    79    28    75     3    83 0.86 -
d1c1da1c.2.1.7       -            201 d1gu7a2c.2.1.1.aln   -            179   0.00082   14.6   6.2   2   2      0.44        23    0.1   0.4    19    63    75   115    72   129 0.76 -
d1luaa1c.2.1.7       -            191 d1gu7a2c.2.1.1.aln   -            179    0.0076   11.5   8.8   1   1   0.00024     0.013   10.7   8.8    23   109    17   100     4   118 0.64 -
#
# Program:         hmmsearch
# Version:         3.1b2 (February 2015)
# Pipeline mode:   SEARCH
# Query file:      hmmModels95/d1gu7a2c.2.1.1.hmm
# Target file:     scop/scopTestSeq.fasta
# Option settings: hmmsearch --domtblout hmmModels95/d1gu7a2c.2.1.1.out -E 1 hmmModels95/d1gu7a2c.2.1.1.hmm scop/scopTestSeq.fasta 
# Current dir:     /users/nfs/Etu7/3801677/SBAS/TME8
# Date:            Tue Apr  4 15:53:43 2023
# [ok]
