#                                                                            --- full sequence --- -------------- this domain -------------   hmm coord   ali coord   env coord
# target name        accession   tlen query name           accession   qlen   E-value  score  bias   #  of  c-Evalue  i-Evalue  score  bias  from    to  from    to  from    to  acc description of target
#------------------- ---------- ----- -------------------- ---------- ----- --------- ------ ----- --- --- --------- --------- ------ ----- ----- ----- ----- ----- ----- ----- ---- ---------------------
d3n9ka_c.1.8.3       -            394 d1h1na_c.1.8.3.aln   -            349   8.1e-88  290.3  22.8   1   1   2.7e-89   9.6e-88  290.1  22.8     1   349    29   387    29   387 0.99 -
d1i1wa_c.1.8.3       -            303 d1h1na_c.1.8.3.aln   -            349     2e-84  279.2   6.0   1   1   6.2e-86   2.2e-84  279.0   6.0     3   344     2   301     1   303 0.96 -
d1edga_c.1.8.3       -            380 d1h1na_c.1.8.3.aln   -            349   2.4e-55  183.5  17.2   1   1   8.3e-57     3e-55  183.2  17.2     2   346    22   374    21   376 0.98 -
d1odza_c.1.8.3       -            381 d1h1na_c.1.8.3.aln   -            349   7.8e-53  175.3  14.1   1   1   2.5e-54   9.1e-53  175.0  14.1     2   348    12   369    11   370 0.99 -
d1uuqa_c.1.8.3       -            410 d1h1na_c.1.8.3.aln   -            349     2e-52  174.0  18.6   1   1   6.1e-54   2.2e-52  173.8  18.6     2   349    18   408    17   408 0.99 -
d1qw9a2c.1.8.3       -            367 d1h1na_c.1.8.3.aln   -            349   9.3e-47  155.3   2.6   1   1   2.9e-48     1e-46  155.1   2.6     4   346     4   365     1   367 0.98 -
d1ecea_c.1.8.3       -            358 d1h1na_c.1.8.3.aln   -            349   8.7e-46  152.1  16.5   1   1   2.6e-47   9.4e-46  152.0  16.5     2   315     5   330     4   355 0.96 -
d1hjua_c.1.8.3       -            332 d1h1na_c.1.8.3.aln   -            349   6.6e-42  139.3  16.7   1   1     2e-43   7.2e-42  139.2  16.7     9   346     3   326     1   329 0.96 -
d7a3ha_c.1.8.3       -            300 d1h1na_c.1.8.3.aln   -            349   1.1e-41  138.6  15.3   1   1   3.7e-43   1.3e-41  138.3  15.3     9   318    10   276     7   292 0.93 -
d1ur4a_c.1.8.3       -            387 d1h1na_c.1.8.3.aln   -            349   7.2e-40  132.6  14.5   1   1   2.4e-41   8.6e-40  132.4  14.5     7   349    12   387     7   387 0.98 -
d1rh9a1c.1.8.3       -            370 d1h1na_c.1.8.3.aln   -            349   1.3e-37  125.2   6.6   1   1     4e-39   1.5e-37  125.1   6.6     1   347     3   367     3   369 0.98 -
d1bqca_c.1.8.3       -            302 d1h1na_c.1.8.3.aln   -            349   1.4e-37  125.1  10.2   1   1   5.1e-39   1.8e-37  124.7  10.2    10   345     6   296     1   299 0.92 -
d1w91a2c.1.8.3       -            347 d1h1na_c.1.8.3.aln   -            349   5.8e-36  119.8   0.1   1   1   1.8e-37   6.5e-36  119.6   0.1     2   346    10   345     9   347 0.97 -
d1ceoa_c.1.8.3       -            340 d1h1na_c.1.8.3.aln   -            349   9.9e-32  105.9   1.7   1   1   3.3e-33   1.2e-31  105.6   1.7     8   346     3   332     1   334 0.98 -
d1vjza_c.1.8.3       -            325 d1h1na_c.1.8.3.aln   -            349   6.5e-31  103.2   0.6   1   1   2.1e-32   7.5e-31  103.0   0.6    41   345    20   320     3   324 0.92 -
d2nt0a2c.1.8.3       -            354 d1h1na_c.1.8.3.aln   -            349   1.5e-26   88.8   0.1   1   1   4.6e-28   1.7e-26   88.7   0.1     9   347    13   350     5   352 0.94 -
d2vzsa5c.1.8.3       -            339 d1h1na_c.1.8.3.aln   -            349   6.1e-25   83.5   3.1   1   1   1.9e-26   6.8e-25   83.4   3.1     6   344     4   338     1   339 0.97 -
d1jz8a5c.1.8.3       -            292 d1h1na_c.1.8.3.aln   -            349   2.4e-21   71.7   2.3   1   1   1.6e-22   5.6e-21   70.5   2.3    12   344     8   291     2   292 0.92 -
d2je8a5c.1.8.3       -            348 d1h1na_c.1.8.3.aln   -            349   6.5e-20   67.0   7.2   1   1     2e-21   7.3e-20   66.8   7.2     5   349     1   346     1   346 0.96 -
d1qnra_c.1.8.3       -            344 d1h1na_c.1.8.3.aln   -            349   8.1e-20   66.7  20.5   1   1   2.6e-21   9.4e-20   66.5  20.5     1   345     4   341     4   344 0.83 -
d2v3ga_c.1.8.3       -            273 d1h1na_c.1.8.3.aln   -            349   6.9e-10   34.0  18.7   1   1   6.6e-11   2.4e-09   32.3  18.7    10   286     4   234     1   263 0.88 -
d1nofa2c.1.8.3       -            277 d1h1na_c.1.8.3.aln   -            349   2.8e-08   28.8   2.2   1   1   9.7e-10   3.5e-08   28.4   2.2     9   345     3   274     1   277 0.92 -
#
# Program:         hmmsearch
# Version:         3.1b2 (February 2015)
# Pipeline mode:   SEARCH
# Query file:      hmmModels95/d1h1na_c.1.8.3.hmm
# Target file:     scop/scopTestSeq.fasta
# Option settings: hmmsearch --domtblout hmmModels95/d1h1na_c.1.8.3.out -E 1 hmmModels95/d1h1na_c.1.8.3.hmm scop/scopTestSeq.fasta 
# Current dir:     /users/nfs/Etu7/3801677/SBAS/TME8
# Date:            Tue Apr  4 15:53:43 2023
# [ok]
