#                                                                            --- full sequence --- -------------- this domain -------------   hmm coord   ali coord   env coord
# target name        accession   tlen query name           accession   qlen   E-value  score  bias   #  of  c-Evalue  i-Evalue  score  bias  from    to  from    to  from    to  acc description of target
#------------------- ---------- ----- -------------------- ---------- ----- --------- ------ ----- --- --- --------- --------- ------ ----- ----- ----- ----- ----- ----- ----- ---- ---------------------
d2jhfa2c.2.1.1       -            176 d1h2ba2c.2.1.1.aln   -            177   1.1e-59  196.8   1.7   1   1   2.4e-61   1.2e-59  196.6   1.7     2   177     2   176     1   176 0.99 -
d1kola2c.2.1.1       -            195 d1h2ba2c.2.1.1.aln   -            177   6.7e-55  181.2   3.3   1   1   1.4e-56   7.4e-55  181.1   3.3     3   176     1   185     1   186 0.98 -
d2dm6a2c.2.1.1       -            182 d1h2ba2c.2.1.1.aln   -            177   1.6e-46  153.9   0.2   1   1   3.4e-48   1.8e-46  153.8   0.2     4   177     5   178     2   178 0.94 -
d1vj0a2c.2.1.1       -            182 d1h2ba2c.2.1.1.aln   -            177   2.8e-45  149.9   0.0   1   1   5.9e-47   3.1e-45  149.7   0.0     3   176     3   176     1   177 0.97 -
d1qora2c.2.1.1       -            179 d1h2ba2c.2.1.1.aln   -            177   1.3e-42  141.2   0.2   1   1   2.9e-44   1.5e-42  141.0   0.2     2   173     2   175     1   178 0.98 -
d1jqba2c.2.1.1       -            174 d1h2ba2c.2.1.1.aln   -            177   2.8e-42  140.1   4.7   1   1   5.7e-44     3e-42  140.0   4.7     2   174     2   170     1   173 0.96 -
d1o89a2c.2.1.1       -            177 d1h2ba2c.2.1.1.aln   -            177   6.9e-42  138.8   1.2   1   1   1.4e-43   7.6e-42  138.7   1.2     2   174     5   171     4   174 0.93 -
d1yb5a2c.2.1.1       -            174 d1h2ba2c.2.1.1.aln   -            177   1.6e-40  134.4   2.1   1   1   3.3e-42   1.8e-40  134.3   2.1     2   175     2   171     1   173 0.97 -
d1pqwa_c.2.1.1       -            183 d1h2ba2c.2.1.1.aln   -            177   2.4e-39  130.6   0.6   1   1     5e-41   2.6e-39  130.4   0.6     4   175     1   174     1   176 0.94 -
d1pl8a2c.2.1.1       -            171 d1h2ba2c.2.1.1.aln   -            177   5.3e-39  129.4   5.4   1   1   1.1e-40   5.8e-39  129.3   5.4     5   174     4   169     1   171 0.93 -
d1piwa2c.2.1.1       -            168 d1h2ba2c.2.1.1.aln   -            177   1.9e-38  127.6   0.0   1   1     4e-40   2.1e-38  127.5   0.0     2   176     2   168     1   168 0.97 -
d1gu7a2c.2.1.1       -            189 d1h2ba2c.2.1.1.aln   -            177     3e-38  127.0   0.0   1   1   6.3e-40   3.3e-38  126.8   0.0     2   175     2   181     1   183 0.97 -
d1h2ba2c.2.1.1       -            172 d1h2ba2c.2.1.1.aln   -            177   9.7e-24   79.7   1.7   1   1   2.1e-25   1.1e-23   79.5   1.7     3   169     6   167     4   172 0.83 -
d1c1da1c.2.1.7       -            201 d1h2ba2c.2.1.1.aln   -            177   9.8e-05   17.8   5.8   1   2   1.9e-06   9.8e-05   17.8   5.8    22    77    19    74     7    81 0.89 -
d1c1da1c.2.1.7       -            201 d1h2ba2c.2.1.1.aln   -            177   9.8e-05   17.8   5.8   2   2       0.9        47   -0.7   0.3    32    69    87   122    73   128 0.73 -
d1luaa1c.2.1.7       -            191 d1h2ba2c.2.1.1.aln   -            177     0.043    9.2  10.9   1   1    0.0021      0.11    7.9  10.9    24    70    19    65     4   107 0.73 -
#
# Program:         hmmsearch
# Version:         3.1b2 (February 2015)
# Pipeline mode:   SEARCH
# Query file:      hmmModels95/d1h2ba2c.2.1.1.hmm
# Target file:     scop/scopTestSeq.fasta
# Option settings: hmmsearch --domtblout hmmModels95/d1h2ba2c.2.1.1.out -E 1 hmmModels95/d1h2ba2c.2.1.1.hmm scop/scopTestSeq.fasta 
# Current dir:     /users/nfs/Etu7/3801677/SBAS/TME8
# Date:            Tue Apr  4 15:53:43 2023
# [ok]
