#                                                                            --- full sequence --- -------------- this domain -------------   hmm coord   ali coord   env coord
# target name        accession   tlen query name           accession   qlen   E-value  score  bias   #  of  c-Evalue  i-Evalue  score  bias  from    to  from    to  from    to  acc description of target
#------------------- ---------- ----- -------------------- ---------- ----- --------- ------ ----- --- --- --------- --------- ------ ----- ----- ----- ----- ----- ----- ----- ---- ---------------------
d1uoka2c.1.8.1       -            479 d1h3ga3c.1.8.1.aln   -            425  1.8e-115  382.0  23.5   1   1  5.4e-117    2e-115  381.8  23.5     5   425     2   479     1   479 0.99 -
d1g5aa2c.1.8.1       -            554 d1h3ga3c.1.8.1.aln   -            425   9.9e-97  320.2   0.8   1   1   5.5e-98     2e-96  319.2   0.8     2   424     2   552     1   553 0.97 -
d1wzaa2c.1.8.1       -            409 d1h3ga3c.1.8.1.aln   -            425   1.1e-93  310.2  20.6   1   1   3.3e-95   1.2e-93  310.0  20.6     9   423     2   407     1   409 0.95 -
d1e43a2c.1.8.1       -            393 d1h3ga3c.1.8.1.aln   -            425   7.3e-93  307.5  17.8   1   1   2.2e-94   8.1e-93  307.3  17.8    11   418     2   392     1   393 0.97 -
d3bmva4c.1.8.1       -            406 d1h3ga3c.1.8.1.aln   -            425   3.2e-92  305.4  17.2   1   1   9.9e-94   3.7e-92  305.2  17.2    10   425    13   406     5   406 0.95 -
d1gjwa2c.1.8.1       -            572 d1h3ga3c.1.8.1.aln   -            425   1.5e-82  273.5   0.5   1   1   4.6e-84   1.7e-82  273.3   0.5     1   424    10   570    10   571 0.99 -
d1ji1a3c.1.8.1       -            432 d1h3ga3c.1.8.1.aln   -            425     7e-82  271.3  22.6   1   1   2.1e-83   7.8e-82  271.1  22.6     2   424     1   430     1   431 0.98 -
d1x1na1c.1.8.1       -            523 d1h3ga3c.1.8.1.aln   -            425     1e-80  267.5   0.1   1   1   3.1e-82   1.2e-80  267.3   0.1     4   424    22   489    19   490 0.99 -
d2guya2c.1.8.1       -            381 d1h3ga3c.1.8.1.aln   -            425   2.4e-76  253.1   8.0   1   1   7.2e-78   2.7e-76  252.9   8.0     5   422     2   374     1   377 0.95 -
d2fhfa5c.1.8.1       -            563 d1h3ga3c.1.8.1.aln   -            425   5.4e-73  242.0   0.3   1   1   1.6e-74   6.1e-73  241.8   0.3     2   424    12   561    11   562 0.99 -
d1wdpa_c.1.8.1       -            493 d1h3ga3c.1.8.1.aln   -            425   6.6e-68  225.3   0.6   1   1   2.3e-69   8.7e-68  224.9   0.6     3   401     8   468     7   482 0.98 -
d1bf2a3c.1.8.1       -            475 d1h3ga3c.1.8.1.aln   -            425   4.5e-60  199.5  11.2   1   1   1.4e-61   5.1e-60  199.3  11.2     3   424     8   471     6   472 0.98 -
d2bhua3c.1.8.1       -            420 d1h3ga3c.1.8.1.aln   -            425   1.7e-51  171.2   0.7   1   1   5.5e-53   2.1e-51  170.9   0.7     5   424    10   418     6   419 0.96 -
d1ht6a2c.1.8.1       -            347 d1h3ga3c.1.8.1.aln   -            425   3.3e-51  170.2   7.4   1   1   9.7e-53   3.7e-51  170.1   7.4    11   419     1   345     1   347 0.96 -
d1m7xa3c.1.8.1       -            396 d1h3ga3c.1.8.1.aln   -            425     4e-40  133.7  21.4   1   1   1.2e-41   4.4e-40  133.6  21.4     4   422     9   389     6   392 0.94 -
d1ua7a2c.1.8.1       -            344 d1h3ga3c.1.8.1.aln   -            425   1.5e-37  125.3  11.6   1   1   5.2e-39     2e-37  124.9  11.6    53   365    29   305     4   336 0.85 -
d1h3ga3c.1.8.1       -            422 d1h3ga3c.1.8.1.aln   -            425   4.8e-35  117.0  13.5   1   1   1.2e-35   4.5e-34  113.8  13.5    13   423    13   419     5   421 0.80 -
d1r7aa2c.1.8.1       -            434 d1h3ga3c.1.8.1.aln   -            425     6e-28   93.6   0.1   1   1   1.8e-29   6.7e-28   93.5   0.1     2   421     2   434     1   434 0.97 -
d1vema2c.1.8.1       -            417 d1h3ga3c.1.8.1.aln   -            425   9.1e-22   73.2   9.9   1   1     3e-23   1.1e-21   72.9   9.9     2   382     8   397     7   413 0.95 -
d1kwga2c.1.8.1       -            393 d1h3ga3c.1.8.1.aln   -            425   1.1e-20   69.6   0.0   1   1   3.7e-22   1.4e-20   69.4   0.0     3   382     5   370     3   389 0.94 -
d1ly1a_c.37.1.1      -            152 d1h3ga3c.1.8.1.aln   -            425    0.0014   13.3   0.2   1   1     4e-05    0.0015   13.2   0.2   176   269    18   104    15   144 0.71 -
#
# Program:         hmmsearch
# Version:         3.1b2 (February 2015)
# Pipeline mode:   SEARCH
# Query file:      hmmModels95/d1h3ga3c.1.8.1.hmm
# Target file:     scop/scopTestSeq.fasta
# Option settings: hmmsearch --domtblout hmmModels95/d1h3ga3c.1.8.1.out -E 1 hmmModels95/d1h3ga3c.1.8.1.hmm scop/scopTestSeq.fasta 
# Current dir:     /users/nfs/Etu7/3801677/SBAS/TME8
# Date:            Tue Apr  4 15:53:44 2023
# [ok]
