#                                                                            --- full sequence --- -------------- this domain -------------   hmm coord   ali coord   env coord
# target name        accession   tlen query name           accession   qlen   E-value  score  bias   #  of  c-Evalue  i-Evalue  score  bias  from    to  from    to  from    to  acc description of target
#------------------- ---------- ----- -------------------- ---------- ----- --------- ------ ----- --- --- --------- --------- ------ ----- ----- ----- ----- ----- ----- ----- ---- ---------------------
d1i8oa_a.3.1.1       -            114 d1h32b_a.3.1.1.aln   -             98   7.4e-22   73.7   0.2   1   1     1e-23     1e-21   73.3   0.2     3    94     1   114     1   114 0.97 -
d1e29a_a.3.1.1       -            135 d1h32b_a.3.1.1.aln   -             98   3.6e-17   58.7   0.0   1   1   4.3e-19   4.2e-17   58.5   0.0     3    95    24   124    22   127 0.94 -
d1gu2a_a.3.1.1       -            124 d1h32b_a.3.1.1.aln   -             98   3.1e-16   55.7   0.1   1   1   4.9e-18   4.9e-16   55.1   0.1     4    97    37   123    34   124 0.93 -
d1c52a_a.3.1.1       -            131 d1h32b_a.3.1.1.aln   -             98   1.1e-15   53.9   0.1   1   2   4.2e-16   4.2e-14   48.9   0.0     6    93     2    90     1    95 0.81 -
d1c52a_a.3.1.1       -            131 d1h32b_a.3.1.1.aln   -             98   1.1e-15   53.9   0.1   2   2     0.041       4.1    4.0   0.0    71    95    94   120    89   123 0.74 -
d1dw0a_a.3.1.1       -            112 d1h32b_a.3.1.1.aln   -             98   1.8e-14   50.1   0.0   1   1   2.5e-16   2.4e-14   49.6   0.0     5    93    32   112    29   112 0.93 -
d1c75a_a.3.1.1       -             71 d1h32b_a.3.1.1.aln   -             98     8e-09   31.9   0.5   1   1   1.7e-10   1.7e-08   30.9   0.5     8    93     3    70     1    71 0.87 -
d1wvec_a.3.1.1       -             75 d1h32b_a.3.1.1.aln   -             98   2.3e-07   27.3   0.0   1   1   1.1e-08   1.1e-06   25.1   0.0     4    94     2    73     1    75 0.83 -
d1h32b_a.3.1.1       -            138 d1h32b_a.3.1.1.aln   -             98   9.8e-07   25.2   0.0   1   1   2.1e-08   2.1e-06   24.2   0.0    14    94    40   137    24   138 0.76 -
#
# Program:         hmmsearch
# Version:         3.1b2 (February 2015)
# Pipeline mode:   SEARCH
# Query file:      hmmModels95/d1h32b_a.3.1.1.hmm
# Target file:     scop/scopTestSeq.fasta
# Option settings: hmmsearch --domtblout hmmModels95/d1h32b_a.3.1.1.out -E 1 hmmModels95/d1h32b_a.3.1.1.hmm scop/scopTestSeq.fasta 
# Current dir:     /users/nfs/Etu7/3801677/SBAS/TME8
# Date:            Tue Apr  4 15:53:43 2023
# [ok]
