#                                                                            --- full sequence --- -------------- this domain -------------   hmm coord   ali coord   env coord
# target name        accession   tlen query name           accession   qlen   E-value  score  bias   #  of  c-Evalue  i-Evalue  score  bias  from    to  from    to  from    to  acc description of target
#------------------- ---------- ----- -------------------- ---------- ----- --------- ------ ----- --- --- --------- --------- ------ ----- ----- ----- ----- ----- ----- ----- ---- ---------------------
d1bf2a1b.1.18.2      -            162 d1h3ga1b.1.18.2.aln  -            111   2.4e-35  117.2   4.6   1   1   6.7e-37   2.9e-35  116.9   4.6     1   111    18   142    18   142 0.99 -
d1j0ha1b.1.18.2      -            123 d1h3ga1b.1.18.2.aln  -            111   5.9e-29   96.6   0.0   1   1   1.5e-30   6.6e-29   96.5   0.0     1   111     6   115     6   115 0.99 -
d1ji1a1b.1.18.2      -            122 d1h3ga1b.1.18.2.aln  -            111   9.5e-26   86.3   2.8   1   1   2.4e-27   1.1e-25   86.1   2.8     2   110    13   120    12   121 0.98 -
d2fhfa2b.1.18.2      -            125 d1h3ga1b.1.18.2.aln  -            111   2.3e-20   68.9   0.4   1   1   5.9e-22   2.6e-20   68.8   0.4     2   108     9   124     8   125 0.98 -
d1m7xa1b.1.18.2      -            110 d1h3ga1b.1.18.2.aln  -            111   2.8e-16   55.8   0.0   1   1   6.8e-18     3e-16   55.7   0.0     2   109     2   109     1   110 0.98 -
d2fhfa1b.1.18.2      -            115 d1h3ga1b.1.18.2.aln  -            111   2.2e-14   49.7   2.2   1   1   5.3e-16   2.3e-14   49.6   2.2     6   110     3   113     1   114 0.97 -
d1txka1b.1.18.2      -            115 d1h3ga1b.1.18.2.aln  -            111   1.4e-13   47.1   1.1   1   1   3.4e-15   1.5e-13   47.0   1.1     2   105     5   111     4   115 0.97 -
d3bmva1b.1.18.2      -             83 d1h3ga1b.1.18.2.aln  -            111   3.7e-13   45.7   1.1   1   1     9e-15   3.9e-13   45.6   1.1    16   101     3    81     1    83 0.95 -
d1ut9a2b.1.18.2      -             98 d1h3ga1b.1.18.2.aln  -            111   3.3e-12   42.7   0.2   1   1   8.6e-14   3.8e-12   42.5   0.2     7    95     3    92     1    96 0.96 -
d1k3ia1b.1.18.2      -            102 d1h3ga1b.1.18.2.aln  -            111   6.9e-12   41.7   0.7   1   1   1.7e-13   7.3e-12   41.6   0.7    14   103     4   101     1   102 0.96 -
d1qbaa1b.1.18.2      -            105 d1h3ga1b.1.18.2.aln  -            111   1.2e-11   40.8   0.0   1   1     3e-13   1.3e-11   40.7   0.0     9   107     2    98     1   102 0.96 -
d1edqa1b.1.18.2      -            109 d1h3ga1b.1.18.2.aln  -            111   4.5e-10   35.8   3.9   1   1   1.1e-11   4.9e-10   35.7   3.9     5   105     4   107     1   109 0.97 -
d1clca2b.1.18.2      -            100 d1h3ga1b.1.18.2.aln  -            111   7.5e-09   31.9   0.1   1   1   1.8e-10   7.8e-09   31.8   0.1    10   105     2    97     1   100 0.94 -
d2bvya1b.1.18.2      -             94 d1h3ga1b.1.18.2.aln  -            111   2.7e-08   30.1   8.9   1   1   6.4e-10   2.8e-08   30.0   8.9    16   101     9    93     1    94 0.92 -
d1w8oa1b.1.18.2      -            103 d1h3ga1b.1.18.2.aln  -            111     3e-08   29.9   1.4   1   1     7e-10   3.1e-08   29.9   1.4    16   107     9   101     1   103 0.94 -
d2bhua1b.1.18.2      -             97 d1h3ga1b.1.18.2.aln  -            111   8.9e-08   28.4   0.0   1   1   2.2e-09   9.6e-08   28.3   0.0    12   108     3    94     1    97 0.92 -
d1f1sa2b.1.18.2      -             78 d1h3ga1b.1.18.2.aln  -            111   7.8e-05   18.9   0.1   1   1     3e-05    0.0013   15.0   0.1    17   103     2    76     1    78 0.81 -
d1ulva2b.1.18.2      -             89 d1h3ga1b.1.18.2.aln  -            111   0.00049   16.4   5.3   1   1   1.2e-05   0.00051   16.3   5.3    14   100     3    84     1    89 0.93 -
#
# Program:         hmmsearch
# Version:         3.1b2 (February 2015)
# Pipeline mode:   SEARCH
# Query file:      hmmModels95/d1h3ga1b.1.18.2.hmm
# Target file:     scop/scopTestSeq.fasta
# Option settings: hmmsearch --domtblout hmmModels95/d1h3ga1b.1.18.2.out -E 1 hmmModels95/d1h3ga1b.1.18.2.hmm scop/scopTestSeq.fasta 
# Current dir:     /users/nfs/Etu7/3801677/SBAS/TME8
# Date:            Tue Apr  4 15:53:43 2023
# [ok]
