#                                                                            --- full sequence --- -------------- this domain -------------   hmm coord   ali coord   env coord
# target name        accession   tlen query name           accession   qlen   E-value  score  bias   #  of  c-Evalue  i-Evalue  score  bias  from    to  from    to  from    to  acc description of target
#------------------- ---------- ----- -------------------- ---------- ----- --------- ------ ----- --- --- --------- --------- ------ ----- ----- ----- ----- ----- ----- ----- ---- ---------------------
d1atia2d.104.1.1     -            394 d1h4vb2d.104.1.1.aln -            319  6.1e-143  471.3   7.6   1   1  1.4e-144  7.2e-143  471.1   7.6     1   319     8   388     8   388 1.00 -
d1b8aa2d.104.1.1     -            335 d1h4vb2d.104.1.1.aln -            319   9.3e-81  267.0   7.9   1   1   2.1e-82   1.1e-80  266.8   7.9     7   318     6   330     2   331 0.98 -
d1g5ha2d.104.1.1     -            290 d1h4vb2d.104.1.1.aln -            319   7.4e-55  181.9   0.0   1   1   1.6e-56   8.3e-55  181.7   0.0     1   308     3   289     3   290 0.99 -
d1qf6a4d.104.1.1     -            291 d1h4vb2d.104.1.1.aln -            319   1.8e-48  160.9   0.4   1   1   4.1e-50   2.2e-48  160.7   0.4     6   318     1   281     1   282 0.96 -
d12asa_d.104.1.1     -            327 d1h4vb2d.104.1.1.aln -            319   2.7e-47  157.1   0.0   1   1   5.7e-49     3e-47  156.9   0.0     3   318     2   317     1   318 0.98 -
d1nnha_d.104.1.1     -            293 d1h4vb2d.104.1.1.aln -            319   4.9e-46  152.9   4.0   1   1     1e-47   5.5e-46  152.8   4.0     3   318     5   287     3   288 0.96 -
d1z7ma1d.104.1.1     -            318 d1h4vb2d.104.1.1.aln -            319   1.6e-45  151.2   0.0   1   1   3.4e-47   1.8e-45  151.1   0.0     4   310     3   317     1   318 0.98 -
d1wu7a2d.104.1.1     -            327 d1h4vb2d.104.1.1.aln -            319   3.9e-43  143.4   0.3   1   1   8.3e-45   4.4e-43  143.2   0.3     2   309     4   326     3   327 0.99 -
d1hc7a2d.104.1.1     -            272 d1h4vb2d.104.1.1.aln -            319   7.8e-43  142.4   4.7   1   1   1.6e-44   8.6e-43  142.3   4.7     3   299     8   271     6   272 0.97 -
d1seta2d.104.1.1     -            311 d1h4vb2d.104.1.1.aln -            319   1.1e-37  125.5   2.1   1   1   2.2e-39   1.2e-37  125.4   2.1     5   310     5   309     1   311 0.98 -
d1j5wa_d.104.1.1     -            281 d1h4vb2d.104.1.1.aln -            319   1.9e-33  111.6   2.7   1   1     4e-35   2.1e-33  111.4   2.7     8   306     3   279     1   281 0.98 -
d1yfsa2d.104.1.1     -            236 d1h4vb2d.104.1.1.aln -            319     1e-30  102.6   0.3   1   1   2.6e-32   1.4e-30  102.2   0.3    40   308     5   235     2   236 0.97 -
d1usya_d.104.1.1     -            275 d1h4vb2d.104.1.1.aln -            319     5e-28   93.7   0.1   1   1   1.1e-29     6e-28   93.5   0.1    11   300     2   265     1   274 0.98 -
d1h4vb2d.104.1.1     -            324 d1h4vb2d.104.1.1.aln -            319   5.7e-23   77.1   7.4   1   1   1.3e-24   7.1e-23   76.8   7.4     6   307     6   320     3   324 0.93 -
d1jjcb5d.104.1.1     -            207 d1h4vb2d.104.1.1.aln -            319   6.1e-10   34.3   2.5   1   1   1.3e-11   6.8e-10   34.2   2.5   104   296    31   202     7   207 0.96 -
#
# Program:         hmmsearch
# Version:         3.1b2 (February 2015)
# Pipeline mode:   SEARCH
# Query file:      hmmModels95/d1h4vb2d.104.1.1.hmm
# Target file:     scop/scopTestSeq.fasta
# Option settings: hmmsearch --domtblout hmmModels95/d1h4vb2d.104.1.1.out -E 1 hmmModels95/d1h4vb2d.104.1.1.hmm scop/scopTestSeq.fasta 
# Current dir:     /users/nfs/Etu7/3801677/SBAS/TME8
# Date:            Tue Apr  4 15:53:44 2023
# [ok]
