#                                                                            --- full sequence --- -------------- this domain -------------   hmm coord   ali coord   env coord
# target name        accession   tlen query name           accession   qlen   E-value  score  bias   #  of  c-Evalue  i-Evalue  score  bias  from    to  from    to  from    to  acc description of target
#------------------- ---------- ----- -------------------- ---------- ----- --------- ------ ----- --- --- --------- --------- ------ ----- ----- ----- ----- ----- ----- ----- ---- ---------------------
d2gv8a1c.3.1.5       -            336 d1h6va2c.3.1.5.aln   -            195   1.4e-68  226.0   0.0   1   1   5.7e-70   1.7e-68  225.8   0.0     1   195     2   292     2   292 1.00 -
d1mo9a1c.3.1.5       -            262 d1h6va2c.3.1.5.aln   -            195   1.3e-61  203.3   0.0   1   1   5.3e-63   1.5e-61  203.1   0.0     1   195    40   262    40   262 0.99 -
d1v59a1c.3.1.5       -            234 d1h6va2c.3.1.5.aln   -            195   2.2e-50  166.6   1.7   1   1   9.2e-52   2.7e-50  166.4   1.7     2   195     4   234     3   234 0.98 -
d1m6ia1c.3.1.5       -            214 d1h6va2c.3.1.5.aln   -            195   7.3e-43  142.1   0.3   1   2       5.7   1.7e+02   -2.6   0.1     9    24    10    25     6    36 0.69 -
d1m6ia1c.3.1.5       -            214 d1h6va2c.3.1.5.aln   -            195   7.3e-43  142.1   0.3   2   2   4.3e-44   1.3e-42  141.3   0.0     1   169    47   205    47   213 0.96 -
d1w4xa1c.3.1.5       -            299 d1h6va2c.3.1.5.aln   -            195   5.2e-38  126.3   0.0   1   1     2e-39   5.9e-38  126.1   0.0     1   194     5   294     5   295 0.99 -
d1xdia1c.3.1.5       -            234 d1h6va2c.3.1.5.aln   -            195   9.6e-31  102.6   0.2   1   1   3.8e-32   1.1e-30  102.4   0.2     4   190     2   228     1   232 0.98 -
d1fl2a1c.3.1.5       -            185 d1h6va2c.3.1.5.aln   -            195   2.3e-28   94.8   1.1   1   1   8.8e-30   2.6e-28   94.7   1.1     4   194     2   180     1   181 0.97 -
d1w4xa2c.3.1.5       -            235 d1h6va2c.3.1.5.aln   -            195   6.3e-24   80.3   0.0   1   1   2.4e-25     7e-24   80.2   0.0     7   193     2   229     1   231 0.98 -
d1nhpa1c.3.1.5       -            199 d1h6va2c.3.1.5.aln   -            195     5e-23   77.4   0.0   1   1   1.9e-24   5.6e-23   77.3   0.0     5   190     2   187     1   192 0.96 -
d1v59a2c.3.1.5       -            122 d1h6va2c.3.1.5.aln   -            195   5.7e-11   38.1   0.1   1   1   2.4e-12   6.9e-11   37.8   0.1    20   125     9   106     5   121 0.87 -
d1m6ia2c.3.1.5       -            137 d1h6va2c.3.1.5.aln   -            195   4.1e-10   35.3   0.0   1   1   1.6e-11   4.8e-10   35.0   0.0    35   164    29   136     7   137 0.84 -
d1nhpa2c.3.1.5       -            123 d1h6va2c.3.1.5.aln   -            195   7.9e-09   31.1   1.2   1   1   6.2e-10   1.8e-08   29.9   1.2    15   162    14   122    11   123 0.81 -
d1aoga2c.3.1.5       -            117 d1h6va2c.3.1.5.aln   -            195   6.5e-07   24.8   0.0   1   1   2.8e-08   8.1e-07   24.5   0.0    21   126     7   107     2   110 0.93 -
d1fl2a2c.3.1.5       -            126 d1h6va2c.3.1.5.aln   -            195   7.7e-07   24.6   0.0   1   1   3.1e-08   9.1e-07   24.3   0.0    36   100    30   104     9   116 0.79 -
d1vdca2c.3.1.5       -            130 d1h6va2c.3.1.5.aln   -            195   1.6e-06   23.5   0.0   1   1   6.7e-08   1.9e-06   23.3   0.0    10   122    11   114     8   124 0.82 -
d2gmha1c.3.1.2       -            381 d1h6va2c.3.1.5.aln   -            195   1.8e-06   23.4   0.0   1   2   1.2e-06   3.4e-05   19.2   0.0     3    44    32    85    30   144 0.79 -
d2gmha1c.3.1.2       -            381 d1h6va2c.3.1.5.aln   -            195   1.8e-06   23.4   0.0   2   2       0.2       5.9    2.1   0.0   170   194   263   287   180   288 0.84 -
d1onfa2c.3.1.5       -            117 d1h6va2c.3.1.5.aln   -            195   4.2e-06   22.2   0.0   1   1   1.7e-07   4.8e-06   22.0   0.0    22   163    11   117     1   117 0.84 -
d1xhca2c.3.1.5       -            122 d1h6va2c.3.1.5.aln   -            195   4.5e-06   22.1   0.0   1   1   1.9e-07   5.6e-06   21.8   0.0    11   112     9   101     3   116 0.79 -
d1mo9a2c.3.1.5       -            121 d1h6va2c.3.1.5.aln   -            195   7.2e-06   21.4   0.0   1   1   2.9e-07   8.5e-06   21.2   0.0    25   126     5   106     2   114 0.88 -
d1kdga1c.3.1.2       -            361 d1h6va2c.3.1.5.aln   -            195   2.7e-05   19.5   0.2   1   1   2.1e-06   6.1e-05   18.4   0.2     3    42     2    46     1    48 0.89 -
d2gf3a1c.3.1.2       -            282 d1h6va2c.3.1.5.aln   -            195   0.00017   16.9   0.0   1   2   2.8e-05   0.00083   14.7   0.0     2    34     2    34     1    46 0.89 -
d2gf3a1c.3.1.2       -            282 d1h6va2c.3.1.5.aln   -            195   0.00017   16.9   0.0   2   2       1.8        52   -1.0   0.0   143   164   181   202   148   206 0.72 -
d1fcda2c.3.1.5       -            141 d1h6va2c.3.1.5.aln   -            195   0.00019   16.8   0.0   1   1   7.1e-06   0.00021   16.7   0.0    23   126    14   119     7   139 0.87 -
d1b5qa1c.3.1.2       -            348 d1h6va2c.3.1.5.aln   -            195   0.00048   15.5   0.1   1   2   5.2e-05    0.0015   13.8   0.1     5    35     2    32     1    62 0.82 -
d1b5qa1c.3.1.2       -            348 d1h6va2c.3.1.5.aln   -            195   0.00048   15.5   0.1   2   2       2.5        74   -1.5   0.0    53   107   194   250   191   256 0.62 -
d1h6va2c.3.1.5       -            122 d1h6va2c.3.1.5.aln   -            195   0.00075   14.8   0.0   1   1     3e-05   0.00087   14.6   0.0    36   125    20   102     5   116 0.83 -
d1seza1c.3.1.2       -            374 d1h6va2c.3.1.5.aln   -            195    0.0019   13.5   0.2   1   1   0.00011    0.0032   12.8   0.2     4    35     2    33     1    46 0.87 -
d1ryia1c.3.1.2       -            277 d1h6va2c.3.1.5.aln   -            195    0.0021   13.3   0.3   1   2   0.00027    0.0078   11.5   0.1     2    35     3    36     2    58 0.86 -
d1ryia1c.3.1.2       -            277 d1h6va2c.3.1.5.aln   -            195    0.0021   13.3   0.3   2   2       1.8        53   -1.0   0.0    44    65   143   164   138   178 0.83 -
d1pl8a2c.2.1.1       -            171 d1h6va2c.3.1.5.aln   -            195    0.0059   11.9   0.0   1   1   0.00032    0.0092   11.3   0.0     3    40    27    62    25    67 0.87 -
#
# Program:         hmmsearch
# Version:         3.1b2 (February 2015)
# Pipeline mode:   SEARCH
# Query file:      hmmModels95/d1h6va2c.3.1.5.hmm
# Target file:     scop/scopTestSeq.fasta
# Option settings: hmmsearch --domtblout hmmModels95/d1h6va2c.3.1.5.out -E 1 hmmModels95/d1h6va2c.3.1.5.hmm scop/scopTestSeq.fasta 
# Current dir:     /users/nfs/Etu7/3801677/SBAS/TME8
# Date:            Tue Apr  4 15:53:44 2023
# [ok]
