#                                                                            --- full sequence --- -------------- this domain -------------   hmm coord   ali coord   env coord
# target name        accession   tlen query name           accession   qlen   E-value  score  bias   #  of  c-Evalue  i-Evalue  score  bias  from    to  from    to  from    to  acc description of target
#------------------- ---------- ----- -------------------- ---------- ----- --------- ------ ----- --- --- --------- --------- ------ ----- ----- ----- ----- ----- ----- ----- ---- ---------------------
d1qdda_d.169.1.1     -            144 d1h8ua_d.169.1.1.aln -            129   4.6e-37  122.8   2.7   1   1   8.6e-39   5.2e-37  122.6   2.7     2   127    13   143    12   144 0.97 -
d1wmza_d.169.1.1     -            140 d1h8ua_d.169.1.1.aln -            129   3.2e-31  103.9   7.1   1   1   5.9e-33   3.6e-31  103.7   7.1     2   127     2   138     1   140 0.96 -
d1qo3c_d.169.1.1     -            133 d1h8ua_d.169.1.1.aln -            129   9.2e-31  102.4   4.2   1   1   1.7e-32     1e-30  102.3   4.2     5   128    16   132    12   133 0.96 -
d2ziba_d.169.1.1     -            130 d1h8ua_d.169.1.1.aln -            129     5e-30  100.1   2.3   1   1     9e-32   5.5e-30   99.9   2.3     3   128     7   129     5   130 0.94 -
d1gz2a_d.169.1.1     -            139 d1h8ua_d.169.1.1.aln -            129   1.1e-29   99.0   0.0   1   1     2e-31   1.2e-29   98.8   0.0     3   127     2   138     1   139 0.97 -
d3hupa_d.169.1.1     -            121 d1h8ua_d.169.1.1.aln -            129   2.1e-28   94.8  10.4   1   1   3.8e-30   2.3e-28   94.6  10.4     2   127     6   119     5   121 0.92 -
d1wk1a_d.169.1.1     -            150 d1h8ua_d.169.1.1.aln -            129   1.6e-26   88.7   0.0   1   1   3.6e-28   2.2e-26   88.3   0.0    10   128     6   131     2   132 0.93 -
d3l9jc_d.169.1.1     -            134 d1h8ua_d.169.1.1.aln -            129   1.7e-25   85.4   2.0   1   1   3.1e-27   1.9e-25   85.2   2.0    10   126    10   132     4   134 0.87 -
d1g1ta1d.169.1.1     -            118 d1h8ua_d.169.1.1.aln -            129   2.2e-25   85.0   5.4   1   1     4e-27   2.4e-25   84.9   5.4    14   124     2   117     1   118 0.95 -
d1pwba1d.169.1.1     -            121 d1h8ua_d.169.1.1.aln -            129   9.6e-24   79.7   0.0   1   1   1.7e-25     1e-23   79.6   0.0     7   126     3   121     1   121 0.89 -
d1byfa_d.169.1.1     -            123 d1h8ua_d.169.1.1.aln -            129   1.3e-16   56.6   0.0   1   1   2.6e-18   1.6e-16   56.4   0.0    17   128     6   122     2   123 0.85 -
d1kg0c_d.169.1.1     -            136 d1h8ua_d.169.1.1.aln -            129   3.5e-16   55.3   3.4   1   1   7.2e-18   4.4e-16   55.0   3.4     3   128    17   135    15   136 0.87 -
d1h8ua_d.169.1.1     -            115 d1h8ua_d.169.1.1.aln -            129   6.9e-14   47.9   1.5   1   1   1.2e-15   7.5e-14   47.7   1.5    15   125     2   114     1   115 0.92 -
#
# Program:         hmmsearch
# Version:         3.1b2 (February 2015)
# Pipeline mode:   SEARCH
# Query file:      hmmModels95/d1h8ua_d.169.1.1.hmm
# Target file:     scop/scopTestSeq.fasta
# Option settings: hmmsearch --domtblout hmmModels95/d1h8ua_d.169.1.1.out -E 1 hmmModels95/d1h8ua_d.169.1.1.hmm scop/scopTestSeq.fasta 
# Current dir:     /users/nfs/Etu7/3801677/SBAS/TME8
# Date:            Tue Apr  4 15:53:44 2023
# [ok]
