#                                                                            --- full sequence --- -------------- this domain -------------   hmm coord   ali coord   env coord
# target name        accession   tlen query name           accession   qlen   E-value  score  bias   #  of  c-Evalue  i-Evalue  score  bias  from    to  from    to  from    to  acc description of target
#------------------- ---------- ----- -------------------- ---------- ----- --------- ------ ----- --- --- --------- --------- ------ ----- ----- ----- ----- ----- ----- ----- ---- ---------------------
d2fbka1a.4.5.28      -            172 d1hsja1a.4.5.28.aln  -            143   1.3e-57  189.2   0.1   1   1   3.9e-59   1.5e-57  188.9   0.1     1   143    29   172    29   172 0.99 -
d2fxaa1a.4.5.28      -            162 d1hsja1a.4.5.28.aln  -            143   7.5e-52  170.5   0.0   1   1   2.1e-53   8.4e-52  170.3   0.0     2   142     9   152     8   153 0.98 -
d1lj9a_a.4.5.28      -            144 d1hsja1a.4.5.28.aln  -            143   6.5e-40  131.8   1.1   1   1   1.8e-41   7.2e-40  131.6   1.1     7   142     2   135     1   136 0.98 -
d2fbia1a.4.5.28      -            136 d1hsja1a.4.5.28.aln  -            143   4.1e-39  129.2   0.7   1   1   1.1e-40   4.4e-39  129.1   0.7     7   140     3   134     1   136 0.98 -
d2etha1a.4.5.28      -            140 d1hsja1a.4.5.28.aln  -            143   1.6e-38  127.3   0.0   1   1   4.3e-40   1.7e-38  127.2   0.0     6   142     4   138     1   139 0.98 -
d2fbha1a.4.5.28      -            137 d1hsja1a.4.5.28.aln  -            143   7.9e-38  125.0   0.4   1   1   2.2e-39   8.6e-38  124.9   0.4     8   142     2   135     1   136 0.97 -
d2a61a1a.4.5.28      -            139 d1hsja1a.4.5.28.aln  -            143   7.5e-37  121.8   0.0   1   1   2.1e-38   8.2e-37  121.7   0.0     6   142     2   136     1   137 0.98 -
d1s3ja_a.4.5.28      -            143 d1hsja1a.4.5.28.aln  -            143   2.9e-36  119.9   4.2   1   1   7.9e-38   3.1e-36  119.8   4.2     3   142     4   141     2   142 0.97 -
d3broa1a.4.5.28      -            135 d1hsja1a.4.5.28.aln  -            143   1.1e-35  118.0   5.3   1   1   3.2e-37   1.3e-35  117.9   5.3     7   139     2   134     1   135 0.99 -
d1jgsa_a.4.5.28      -            138 d1hsja1a.4.5.28.aln  -            143   1.9e-35  117.3   0.0   1   1   5.1e-37     2e-35  117.2   0.0     3   137     3   136     1   138 0.92 -
d3echa_a.4.5.28      -            142 d1hsja1a.4.5.28.aln  -            143   2.8e-34  113.5   0.1   1   1   7.7e-36     3e-34  113.4   0.1     4   140     5   141     2   142 0.97 -
d2hr3a1a.4.5.28      -            145 d1hsja1a.4.5.28.aln  -            143   7.4e-33  108.9   0.2   1   1   2.1e-34   8.1e-33  108.8   0.2     2   143     2   142     1   142 0.97 -
d1p4xa1a.4.5.28      -            125 d1hsja1a.4.5.28.aln  -            143   3.2e-32  106.8   1.2   1   1   8.8e-34   3.5e-32  106.7   1.2     1   124     1   124     1   125 0.97 -
d1p4xa2a.4.5.28      -            125 d1hsja1a.4.5.28.aln  -            143   9.5e-31  102.0   3.0   1   1   2.5e-32     1e-30  102.0   3.0     3   121     2   120     1   125 0.96 -
d3jw4a_a.4.5.0       -            137 d1hsja1a.4.5.28.aln  -            143   1.4e-23   78.8   0.1   1   1     4e-25   1.6e-23   78.6   0.1    11   137     7   133     2   137 0.96 -
d3bjaa_a.4.5.0       -            139 d1hsja1a.4.5.28.aln  -            143   4.2e-22   74.0   0.1   1   1   1.1e-23   4.5e-22   73.9   0.1    17   140    16   137     2   139 0.92 -
d1ub9a_a.4.5.28      -            100 d1hsja1a.4.5.28.aln  -            143   1.3e-19   66.0   0.0   1   1   3.5e-21   1.4e-19   65.9   0.0    19   117     1    97     1   100 0.97 -
d1hsja1a.4.5.28      -            115 d1hsja1a.4.5.28.aln  -            143   5.1e-19   64.0   2.7   1   1   1.4e-20   5.4e-19   63.9   2.7     5   115     3   113     1   115 0.95 -
d3ctaa1a.4.5.28      -             85 d1hsja1a.4.5.28.aln  -            143     8e-15   50.4   0.2   1   1   2.3e-16   9.2e-15   50.2   0.2    47   115    18    83     3    85 0.92 -
d3df8a_a.4.5.0       -            109 d1hsja1a.4.5.28.aln  -            143   0.00068   15.0   0.0   1   1   2.6e-05     0.001   14.4   0.0    42   110    34    99    14   105 0.78 -
#
# Program:         hmmsearch
# Version:         3.1b2 (February 2015)
# Pipeline mode:   SEARCH
# Query file:      hmmModels95/d1hsja1a.4.5.28.hmm
# Target file:     scop/scopTestSeq.fasta
# Option settings: hmmsearch --domtblout hmmModels95/d1hsja1a.4.5.28.out -E 1 hmmModels95/d1hsja1a.4.5.28.hmm scop/scopTestSeq.fasta 
# Current dir:     /users/nfs/Etu7/3801677/SBAS/TME8
# Date:            Tue Apr  4 15:53:45 2023
# [ok]
