#                                                                            --- full sequence --- -------------- this domain -------------   hmm coord   ali coord   env coord
# target name        accession   tlen query name           accession   qlen   E-value  score  bias   #  of  c-Evalue  i-Evalue  score  bias  from    to  from    to  from    to  acc description of target
#------------------- ---------- ----- -------------------- ---------- ----- --------- ------ ----- --- --- --------- --------- ------ ----- ----- ----- ----- ----- ----- ----- ---- ---------------------
d1uoka2c.1.8.1       -            479 d1ht6a2c.1.8.1.aln   -            447  2.6e-123  408.0  25.3   1   1  7.4e-125  2.9e-123  407.8  25.3     4   446     2   479     1   479 0.99 -
d1g5aa2c.1.8.1       -            554 d1ht6a2c.1.8.1.aln   -            447  1.4e-106  352.8   4.9   1   1    4e-108  1.6e-106  352.7   4.9     1   447    24   554    24   554 0.99 -
d1gjwa2c.1.8.1       -            572 d1ht6a2c.1.8.1.aln   -            447   4.8e-94  311.5   0.6   1   1   1.4e-95   5.4e-94  311.3   0.6     1   445    36   570    36   572 0.99 -
d1wzaa2c.1.8.1       -            409 d1ht6a2c.1.8.1.aln   -            447   3.2e-91  302.2  21.7   1   1   9.1e-93   3.6e-91  302.1  21.7     8   445     2   408     1   409 0.97 -
d3bmva4c.1.8.1       -            406 d1ht6a2c.1.8.1.aln   -            447   7.5e-91  301.0  16.8   1   1   2.3e-92     9e-91  300.7  16.8     7   446    11   406     6   406 0.96 -
d1x1na1c.1.8.1       -            523 d1ht6a2c.1.8.1.aln   -            447   2.7e-88  292.5   0.1   1   1   7.8e-90   3.1e-88  292.4   0.1     4   447    23   491    20   491 0.99 -
d1ji1a3c.1.8.1       -            432 d1ht6a2c.1.8.1.aln   -            447   1.4e-83  277.0  23.7   1   1     4e-85   1.6e-83  276.9  23.7     2   447     2   432     1   432 0.98 -
d2fhfa5c.1.8.1       -            563 d1ht6a2c.1.8.1.aln   -            447   5.4e-73  242.1   0.4   1   1   1.6e-74   6.1e-73  242.0   0.4     2   446    35   555    34   556 0.99 -
d1h3ga3c.1.8.1       -            422 d1ht6a2c.1.8.1.aln   -            447     3e-72  239.7  10.0   1   1     9e-74   3.5e-72  239.4  10.0     7   447     8   422     3   422 0.94 -
d2guya2c.1.8.1       -            381 d1ht6a2c.1.8.1.aln   -            447   1.7e-71  237.2   8.6   1   1   4.8e-73   1.9e-71  237.0   8.6     5   441     3   372     1   378 0.97 -
d1bf2a3c.1.8.1       -            475 d1ht6a2c.1.8.1.aln   -            447   2.5e-69  230.0  11.5   1   1   7.2e-71   2.9e-69  229.9  11.5     3   446     9   472     7   473 0.98 -
d1e43a2c.1.8.1       -            393 d1ht6a2c.1.8.1.aln   -            447   3.8e-65  216.3  17.8   1   1   1.1e-66   4.2e-65  216.1  17.8    10   444     2   391     1   393 0.97 -
d1wdpa_c.1.8.1       -            493 d1ht6a2c.1.8.1.aln   -            447   3.6e-57  190.0   0.4   1   1   1.1e-58   4.2e-57  189.7   0.4     2   427     8   478     7   482 0.97 -
d1m7xa3c.1.8.1       -            396 d1ht6a2c.1.8.1.aln   -            447   9.3e-39  129.3  20.6   1   1   2.9e-40   1.1e-38  129.0  20.6     2   445     8   391     7   392 0.96 -
d2bhua3c.1.8.1       -            420 d1ht6a2c.1.8.1.aln   -            447   2.1e-37  124.8   1.2   1   1   7.2e-39   2.9e-37  124.4   1.2    45   445    31   411     4   416 0.94 -
d1ht6a2c.1.8.1       -            347 d1ht6a2c.1.8.1.aln   -            447   2.1e-36  121.5   8.6   1   1   1.7e-37   6.7e-36  119.9   8.6    11   394     2   332     1   336 0.88 -
d1ua7a2c.1.8.1       -            344 d1ht6a2c.1.8.1.aln   -            447   1.3e-35  118.9  14.0   1   1   7.6e-37     3e-35  117.7  14.0     9   385     4   300     2   343 0.84 -
d1r7aa2c.1.8.1       -            434 d1ht6a2c.1.8.1.aln   -            447   1.6e-24   82.3   0.2   1   1   8.5e-26   3.4e-24   81.3   0.2    11   446    12   431     3   432 0.95 -
d1vema2c.1.8.1       -            417 d1ht6a2c.1.8.1.aln   -            447     7e-19   63.8   9.6   1   1   2.1e-20   8.5e-19   63.5   9.6     5   444     3   411     1   413 0.97 -
d1kwga2c.1.8.1       -            393 d1ht6a2c.1.8.1.aln   -            447   3.6e-14   48.3   1.6   1   2      0.79        31   -1.0   0.2   245   281    22    58    11    64 0.85 -
d1kwga2c.1.8.1       -            393 d1ht6a2c.1.8.1.aln   -            447   3.6e-14   48.3   1.6   2   2   1.1e-15   4.3e-14   48.0   0.1   142   439   113   385   103   392 0.90 -
#
# Program:         hmmsearch
# Version:         3.1b2 (February 2015)
# Pipeline mode:   SEARCH
# Query file:      hmmModels95/d1ht6a2c.1.8.1.hmm
# Target file:     scop/scopTestSeq.fasta
# Option settings: hmmsearch --domtblout hmmModels95/d1ht6a2c.1.8.1.out -E 1 hmmModels95/d1ht6a2c.1.8.1.hmm scop/scopTestSeq.fasta 
# Current dir:     /users/nfs/Etu7/3801677/SBAS/TME8
# Date:            Tue Apr  4 15:53:45 2023
# [ok]
