#                                                                            --- full sequence --- -------------- this domain -------------   hmm coord   ali coord   env coord
# target name        accession   tlen query name           accession   qlen   E-value  score  bias   #  of  c-Evalue  i-Evalue  score  bias  from    to  from    to  from    to  acc description of target
#------------------- ---------- ----- -------------------- ---------- ----- --------- ------ ----- --- --- --------- --------- ------ ----- ----- ----- ----- ----- ----- ----- ---- ---------------------
d3n9ka_c.1.8.3       -            394 d1i1wa_c.1.8.3.aln   -            343   9.1e-89  293.5  23.2   1   1   3.3e-90   1.1e-88  293.2  23.2     4   343    39   394    37   394 0.99 -
d1i1wa_c.1.8.3       -            303 d1i1wa_c.1.8.3.aln   -            343   2.5e-82  272.3   6.1   1   1   8.6e-84   2.9e-82  272.1   6.1    19   340    18   302     3   303 0.95 -
d1odza_c.1.8.3       -            381 d1i1wa_c.1.8.3.aln   -            343   2.9e-55  183.4  15.1   1   1   9.4e-57   3.2e-55  183.2  15.1     2   342    12   374    11   375 0.99 -
d1uuqa_c.1.8.3       -            410 d1i1wa_c.1.8.3.aln   -            343   1.9e-53  177.4  18.6   1   1     6e-55   2.1e-53  177.2  18.6     2   343    18   409    17   409 0.99 -
d1edga_c.1.8.3       -            380 d1i1wa_c.1.8.3.aln   -            343   4.3e-52  172.9  17.1   1   1   1.4e-53   4.8e-52  172.7  17.1     1   342    25   378    25   379 0.99 -
d1ur4a_c.1.8.3       -            387 d1i1wa_c.1.8.3.aln   -            343   3.1e-49  163.5  14.7   1   1     1e-50   3.5e-49  163.3  14.7     2   342     7   385     6   386 0.96 -
d1qw9a2c.1.8.3       -            367 d1i1wa_c.1.8.3.aln   -            343   2.9e-48  160.3   2.4   1   1   9.3e-50   3.2e-48  160.2   2.4     3   339    12   363    10   367 0.98 -
d1hjua_c.1.8.3       -            332 d1i1wa_c.1.8.3.aln   -            343   5.3e-46  152.9  17.4   1   1   1.8e-47   6.3e-46  152.6  17.4    12   340     6   331     2   332 0.97 -
d7a3ha_c.1.8.3       -            300 d1i1wa_c.1.8.3.aln   -            343   6.3e-40  132.9  15.0   1   1   2.3e-41     8e-40  132.6  15.0    10   323    13   293    10   299 0.95 -
d1w91a2c.1.8.3       -            347 d1i1wa_c.1.8.3.aln   -            343   4.5e-37  123.5   0.1   1   1   1.5e-38     5e-37  123.4   0.1     3   341    12   345    10   347 0.98 -
d1rh9a1c.1.8.3       -            370 d1i1wa_c.1.8.3.aln   -            343   1.1e-33  112.4   7.6   1   1   3.8e-35   1.3e-33  112.2   7.6     1   339     3   364     3   367 0.98 -
d1ceoa_c.1.8.3       -            340 d1i1wa_c.1.8.3.aln   -            343   2.6e-32  107.9   1.8   1   1   8.3e-34   2.9e-32  107.7   1.8     7   340     2   339     1   340 0.98 -
d1bqca_c.1.8.3       -            302 d1i1wa_c.1.8.3.aln   -            343   5.4e-31  103.5  11.0   1   1   1.7e-32     6e-31  103.4  11.0     4   340     2   301     1   302 0.95 -
d1ecea_c.1.8.3       -            358 d1i1wa_c.1.8.3.aln   -            343   3.3e-30  100.9  17.0   1   1   1.2e-31   4.2e-30  100.6  17.0     7   337    14   352     9   356 0.95 -
d1qnra_c.1.8.3       -            344 d1i1wa_c.1.8.3.aln   -            343   8.4e-27   89.8  23.0   1   1   2.7e-28   9.2e-27   89.6  23.0     6   340     5   342     1   344 0.96 -
d2nt0a2c.1.8.3       -            354 d1i1wa_c.1.8.3.aln   -            343   1.3e-24   82.6   0.1   1   1     4e-26   1.4e-24   82.5   0.1     3   341    13   349    11   351 0.98 -
d1h1na_c.1.8.3       -            305 d1i1wa_c.1.8.3.aln   -            343   4.8e-24   80.7  14.0   1   1   1.8e-25   6.1e-24   80.4  14.0    15   340    13   302     2   304 0.96 -
d1jz8a5c.1.8.3       -            292 d1i1wa_c.1.8.3.aln   -            343     7e-23   76.9   0.3   1   1   2.8e-24   9.6e-23   76.4   0.3     7   339     2   291     1   292 0.94 -
d1vjza_c.1.8.3       -            325 d1i1wa_c.1.8.3.aln   -            343   1.5e-22   75.8   0.4   1   1   4.7e-24   1.6e-22   75.7   0.4     6   302     1   298     1   325 0.95 -
d2je8a5c.1.8.3       -            348 d1i1wa_c.1.8.3.aln   -            343   1.8e-22   75.5   7.7   1   1   6.5e-24   2.2e-22   75.2   7.7     6   333     5   338     2   346 0.96 -
d2vzsa5c.1.8.3       -            339 d1i1wa_c.1.8.3.aln   -            343   5.7e-20   67.3   2.9   1   1   1.9e-21   6.4e-20   67.1   2.9     2   339     2   338     1   339 0.97 -
d1nofa2c.1.8.3       -            277 d1i1wa_c.1.8.3.aln   -            343   2.1e-14   49.0   2.4   1   1   7.3e-16   2.5e-14   48.7   2.4    26   336     4   275     1   277 0.89 -
d2v3ga_c.1.8.3       -            273 d1i1wa_c.1.8.3.aln   -            343   6.9e-12   40.7  25.2   1   1     7e-13   2.4e-11   38.9  25.2    23   302    20   258     5   262 0.95 -
#
# Program:         hmmsearch
# Version:         3.1b2 (February 2015)
# Pipeline mode:   SEARCH
# Query file:      hmmModels95/d1i1wa_c.1.8.3.hmm
# Target file:     scop/scopTestSeq.fasta
# Option settings: hmmsearch --domtblout hmmModels95/d1i1wa_c.1.8.3.out -E 1 hmmModels95/d1i1wa_c.1.8.3.hmm scop/scopTestSeq.fasta 
# Current dir:     /users/nfs/Etu7/3801677/SBAS/TME8
# Date:            Tue Apr  4 15:53:45 2023
# [ok]
