#                                                                            --- full sequence --- -------------- this domain -------------   hmm coord   ali coord   env coord
# target name        accession   tlen query name           accession   qlen   E-value  score  bias   #  of  c-Evalue  i-Evalue  score  bias  from    to  from    to  from    to  acc description of target
#------------------- ---------- ----- -------------------- ---------- ----- --------- ------ ----- --- --- --------- --------- ------ ----- ----- ----- ----- ----- ----- ----- ---- ---------------------
d3kffa_b.60.1.1      -            152 d1i4ua_b.60.1.1.aln  -            166   1.9e-53  176.2   0.4   1   1   3.7e-55   2.1e-53  176.0   0.4    15   165     2   150     1   151 0.98 -
d1kt7a_b.60.1.1      -            175 d1i4ua_b.60.1.1.aln  -            166   1.7e-48  160.1   0.1   1   1   3.4e-50   1.9e-48  159.9   0.1     2   163     3   174     2   175 0.99 -
d1kxoa_b.60.1.1      -            171 d1i4ua_b.60.1.1.aln  -            166   1.1e-46  154.2   0.8   1   1   2.2e-48   1.2e-46  154.0   0.8     1   164     4   171     4   171 0.98 -
d3s26a_b.60.1.1      -            176 d1i4ua_b.60.1.1.aln  -            166     1e-45  151.0   0.1   1   1     2e-47   1.1e-45  150.9   0.1     2   165     5   174     4   175 0.97 -
d3saoa_b.60.1.1      -            155 d1i4ua_b.60.1.1.aln  -            166   1.4e-43  144.1   0.2   1   1   2.7e-45   1.5e-43  144.0   0.2    17   164     1   147     1   149 0.99 -
d1qwda_b.60.1.1      -            167 d1i4ua_b.60.1.1.aln  -            166   4.1e-40  132.8   0.0   1   1   8.2e-42   4.6e-40  132.6   0.0     2   160    13   166    12   167 0.98 -
d1dzka_b.60.1.1      -            148 d1i4ua_b.60.1.1.aln  -            166   9.5e-38  125.1   0.2   1   1   1.8e-39     1e-37  125.0   0.2    18   164     2   147     1   148 0.98 -
d1epba_b.60.1.1      -            160 d1i4ua_b.60.1.1.aln  -            166   4.6e-35  116.4   0.1   1   1   9.1e-37   5.1e-35  116.2   0.1    11   165     1   154     1   155 0.97 -
d1lf7a_b.60.1.1      -            171 d1i4ua_b.60.1.1.aln  -            166   1.2e-34  115.1   0.0   1   1   2.3e-36   1.3e-34  114.9   0.0     2   165     1   161     1   162 0.97 -
d1x8qa_b.60.1.1      -            184 d1i4ua_b.60.1.1.aln  -            166     7e-33  109.3   6.7   1   1   1.4e-34   7.8e-33  109.1   6.7     2   165     2   179     1   180 0.97 -
d1xkia_b.60.1.1      -            139 d1i4ua_b.60.1.1.aln  -            166     6e-26   86.7   0.0   1   1   1.2e-27   6.6e-26   86.6   0.0    19   159     2   138     1   139 0.97 -
d1qfta_b.60.1.1      -            175 d1i4ua_b.60.1.1.aln  -            166   1.3e-24   82.4   7.6   1   1   2.4e-26   1.4e-24   82.3   7.6     2   162     8   172     7   175 0.97 -
d1i4ua_b.60.1.1      -            181 d1i4ua_b.60.1.1.aln  -            166     3e-16   55.2   0.3   1   1   6.9e-18   3.9e-16   54.8   0.3    16   165    28   175    22   176 0.89 -
d2joza1b.60.1.1      -            126 d1i4ua_b.60.1.1.aln  -            166   9.8e-12   40.5   0.3   1   2   1.3e-10   7.2e-09   31.2   0.1     6    68     3    66     1    78 0.93 -
d2joza1b.60.1.1      -            126 d1i4ua_b.60.1.1.aln  -            166   9.8e-12   40.5   0.3   2   2    0.0014      0.08    8.3   0.0   117   164    80   125    68   126 0.86 -
#
# Program:         hmmsearch
# Version:         3.1b2 (February 2015)
# Pipeline mode:   SEARCH
# Query file:      hmmModels95/d1i4ua_b.60.1.1.hmm
# Target file:     scop/scopTestSeq.fasta
# Option settings: hmmsearch --domtblout hmmModels95/d1i4ua_b.60.1.1.out -E 1 hmmModels95/d1i4ua_b.60.1.1.hmm scop/scopTestSeq.fasta 
# Current dir:     /users/nfs/Etu7/3801677/SBAS/TME8
# Date:            Tue Apr  4 15:53:45 2023
# [ok]
