#                                                                            --- full sequence --- -------------- this domain -------------   hmm coord   ali coord   env coord
# target name        accession   tlen query name           accession   qlen   E-value  score  bias   #  of  c-Evalue  i-Evalue  score  bias  from    to  from    to  from    to  acc description of target
#------------------- ---------- ----- -------------------- ---------- ----- --------- ------ ----- --- --- --------- --------- ------ ----- ----- ----- ----- ----- ----- ----- ---- ---------------------
d3vlva_c.94.1.1      -            490 d1ii5a_c.94.1.1.aln  -            350  7.9e-137  451.6  14.9   1   1  1.7e-138  9.8e-137  451.3  14.9     1   350    19   412    19   412 1.00 -
d1jeta_c.94.1.1      -            517 d1ii5a_c.94.1.1.aln  -            350    1e-100  332.9  16.6   1   1  2.2e-102  1.3e-100  332.7  16.6     1   350   129   516   129   516 0.99 -
d1vr5a1c.94.1.1      -            535 d1ii5a_c.94.1.1.aln  -            350   4.6e-72  238.8  20.0   1   2      0.55        31   -0.6   0.2    90   128    17    55    14    66 0.85 -
d1vr5a1c.94.1.1      -            535 d1ii5a_c.94.1.1.aln  -            350   4.6e-72  238.8  20.0   2   2   8.2e-74   4.6e-72  238.8  20.0     2   349   123   509   122   510 0.99 -
d1uqwa_c.94.1.1      -            487 d1ii5a_c.94.1.1.aln  -            350   4.7e-68  225.6  13.6   1   1   1.3e-69   7.6e-68  224.9  13.6     2   349   102   477   101   478 0.99 -
d1xoca1c.94.1.1      -            504 d1ii5a_c.94.1.1.aln  -            350   1.5e-64  214.1  23.8   1   1   4.1e-66   2.3e-64  213.5  23.8     1   349   123   492   123   493 0.99 -
d2nooa_c.94.1.1      -            496 d1ii5a_c.94.1.1.aln  -            350     4e-61  202.8   0.2   1   1   8.7e-63   4.9e-61  202.5   0.2     2   349   109   486   108   487 0.99 -
d1eu8a_c.94.1.1      -            407 d1ii5a_c.94.1.1.aln  -            350   1.4e-45  151.8  10.5   1   1     3e-47   1.7e-45  151.5  10.5     2   346     9   390     8   393 0.98 -
d1ursa_c.94.1.1      -            367 d1ii5a_c.94.1.1.aln  -            350   2.1e-34  115.0  12.7   1   1   4.3e-36   2.4e-34  114.8  12.7    12   347    14   355     5   358 0.97 -
d1nnfa_c.94.1.1      -            308 d1ii5a_c.94.1.1.aln  -            350   6.9e-27   90.3   8.7   1   1     2e-28   1.1e-26   89.6   8.7     6   319     2   290     1   307 0.92 -
d1ixha_c.94.1.1      -            321 d1ii5a_c.94.1.1.aln  -            350   1.5e-26   89.2  15.2   1   1   2.9e-28   1.6e-26   89.1  15.2    15   349     5   321     1   321 0.94 -
d1q35a_c.94.1.1      -            318 d1ii5a_c.94.1.1.aln  -            350     1e-22   76.6   2.5   1   1   2.2e-24   1.3e-22   76.3   2.5     6   287     4   266     1   315 0.93 -
d3thia_c.94.1.1      -            362 d1ii5a_c.94.1.1.aln  -            350   3.6e-18   61.7   0.5   1   1     8e-20   4.5e-18   61.3   0.5     4   346     9   358     7   362 0.93 -
d1pb7a_c.94.1.1      -            289 d1ii5a_c.94.1.1.aln  -            350   9.2e-15   50.5   0.0   1   1   1.9e-16     1e-14   50.3   0.0    18   324     5   287     1   289 0.94 -
d1sbpa_c.94.1.1      -            309 d1ii5a_c.94.1.1.aln  -            350   1.3e-08   30.3   9.2   1   1   2.8e-10   1.6e-08   30.0   9.2     7   336     7   294     2   301 0.86 -
#
# Program:         hmmsearch
# Version:         3.1b2 (February 2015)
# Pipeline mode:   SEARCH
# Query file:      hmmModels95/d1ii5a_c.94.1.1.hmm
# Target file:     scop/scopTestSeq.fasta
# Option settings: hmmsearch --domtblout hmmModels95/d1ii5a_c.94.1.1.out -E 1 hmmModels95/d1ii5a_c.94.1.1.hmm scop/scopTestSeq.fasta 
# Current dir:     /users/nfs/Etu7/3801677/SBAS/TME8
# Date:            Tue Apr  4 15:53:46 2023
# [ok]
