#                                                                            --- full sequence --- -------------- this domain -------------   hmm coord   ali coord   env coord
# target name        accession   tlen query name           accession   qlen   E-value  score  bias   #  of  c-Evalue  i-Evalue  score  bias  from    to  from    to  from    to  acc description of target
#------------------- ---------- ----- -------------------- ---------- ----- --------- ------ ----- --- --- --------- --------- ------ ----- ----- ----- ----- ----- ----- ----- ---- ---------------------
d1z6na1c.47.1.1      -            166 d1iloa_c.47.1.1.aln  -            110   3.4e-38  125.4   0.0   1   1   8.3e-40   4.1e-38  125.1   0.0     1   110    33   153    33   153 0.99 -
d2i4aa_c.47.1.1      -            107 d1iloa_c.47.1.1.aln  -            110   4.2e-36  118.7   0.0   1   1   8.9e-38   4.4e-36  118.6   0.0     5   107     3   105     1   107 0.96 -
d1r26a_c.47.1.1      -            113 d1iloa_c.47.1.1.aln  -            110   2.7e-24   80.7   0.0   1   1   6.4e-26   3.1e-24   80.5   0.0     8   106    12   109     6   112 0.95 -
d1sena_c.47.1.1      -            135 d1iloa_c.47.1.1.aln  -            110   9.7e-24   78.9   0.0   1   1   2.3e-25   1.1e-23   78.7   0.0     2   108     5   118     4   120 0.97 -
d2fwha_c.47.1.1      -            117 d1iloa_c.47.1.1.aln  -            110     1e-19   65.9   0.0   1   1   2.3e-21   1.1e-19   65.8   0.0     3   106     3   115     1   117 0.93 -
d1zmaa1c.47.1.1      -            115 d1iloa_c.47.1.1.aln  -            110   2.9e-17   58.0   0.0   1   1   6.5e-19   3.2e-17   57.9   0.0     3   106     7   114     5   115 0.95 -
d3gnja_c.47.1.0      -            111 d1iloa_c.47.1.1.aln  -            110   2.3e-15   51.9   0.0   1   1   5.6e-17   2.8e-15   51.7   0.0     8    98     8    98     4   109 0.93 -
d1wjka_c.47.1.1      -            100 d1iloa_c.47.1.1.aln  -            110     8e-11   37.3   0.0   1   1   1.8e-12   8.7e-11   37.2   0.0    11   103     4    94     1    99 0.88 -
d3qmxa_c.47.1.0      -             99 d1iloa_c.47.1.1.aln  -            110   9.8e-11   37.0   0.0   1   1   2.2e-12   1.1e-10   36.9   0.0    23   108    15    93     6    95 0.86 -
d1abaa_c.47.1.1      -             87 d1iloa_c.47.1.1.aln  -            110   2.5e-10   35.7   0.0   1   1   5.2e-12   2.6e-10   35.7   0.0    23   100     3    83     1    87 0.87 -
d2hzfa_c.47.1.0      -            110 d1iloa_c.47.1.1.aln  -            110   1.2e-08   30.3   0.0   1   1   2.9e-10   1.4e-08   30.0   0.0    23   102    15    92     2    99 0.83 -
d3feua_c.47.1.0      -            183 d1iloa_c.47.1.1.aln  -            110   1.2e-05   20.6   0.0   1   2    0.0082       0.4    6.1   0.0    30    51    28    49    12    65 0.85 -
d3feua_c.47.1.0      -            183 d1iloa_c.47.1.1.aln  -            110   1.2e-05   20.6   0.0   2   2   9.1e-05    0.0045   12.3   0.0    55    99   131   170   122   178 0.73 -
d1ttza_c.47.1.1      -             75 d1iloa_c.47.1.1.aln  -            110   7.6e-05   18.1   0.0   1   1   1.6e-06   7.6e-05   18.0   0.0    26    81     2    56     1    74 0.86 -
d2wcia_c.47.1.0      -            113 d1iloa_c.47.1.1.aln  -            110   0.00012   17.5   0.0   1   1   3.1e-06   0.00015   17.1   0.0    16   108     9    96     2    98 0.83 -
d3h93a_c.47.1.0      -            192 d1iloa_c.47.1.1.aln  -            110    0.0011   14.4   0.1   1   2      0.15       7.4    2.0   0.0    33    57    36    60    24    64 0.79 -
d3h93a_c.47.1.0      -            192 d1iloa_c.47.1.1.aln  -            110    0.0011   14.4   0.1   2   2   0.00044     0.022   10.1   0.0    57    96   133   172   112   184 0.75 -
d1iloa_c.47.1.1      -             77 d1iloa_c.47.1.1.aln  -            110    0.0042   12.4   0.1   1   1    0.0001     0.005   12.2   0.1    32    92     9    66     5    76 0.86 -
#
# Program:         hmmsearch
# Version:         3.1b2 (February 2015)
# Pipeline mode:   SEARCH
# Query file:      hmmModels95/d1iloa_c.47.1.1.hmm
# Target file:     scop/scopTestSeq.fasta
# Option settings: hmmsearch --domtblout hmmModels95/d1iloa_c.47.1.1.out -E 1 hmmModels95/d1iloa_c.47.1.1.hmm scop/scopTestSeq.fasta 
# Current dir:     /users/nfs/Etu7/3801677/SBAS/TME8
# Date:            Tue Apr  4 15:53:46 2023
# [ok]
