#                                                                            --- full sequence --- -------------- this domain -------------   hmm coord   ali coord   env coord
# target name        accession   tlen query name           accession   qlen   E-value  score  bias   #  of  c-Evalue  i-Evalue  score  bias  from    to  from    to  from    to  acc description of target
#------------------- ---------- ----- -------------------- ---------- ----- --------- ------ ----- --- --- --------- --------- ------ ----- ----- ----- ----- ----- ----- ----- ---- ---------------------
d1g41a_c.37.1.20     -            443 d1iqpa2c.37.1.20.aln -            289  2.6e-137  452.2   7.5   1   1  9.2e-139  3.1e-137  451.9   7.5     1   289     5   435     5   435 1.00 -
d1um8a_c.37.1.20     -            364 d1iqpa2c.37.1.20.aln -            289  5.9e-106  349.3   3.7   1   1    2e-107  6.7e-106  349.1   3.7     1   289     8   364     8   364 1.00 -
d2p65a_c.37.1.20     -            185 d1iqpa2c.37.1.20.aln -            289   9.2e-58  191.1   1.3   1   1   2.9e-59     1e-57  191.0   1.3     4   190     2   185     1   185 0.99 -
d1r6bx3c.37.1.20     -            315 d1iqpa2c.37.1.20.aln -            289   7.3e-55  181.6   0.1   1   1   2.4e-56   8.2e-55  181.4   0.1     2   288    14   306    13   307 0.98 -
d1svma_c.37.1.20     -            362 d1iqpa2c.37.1.20.aln -            289     3e-44  146.8   0.0   1   1   9.8e-46   3.3e-44  146.6   0.0     2   288     4   346     3   347 0.99 -
d1lv7a_c.37.1.20     -            256 d1iqpa2c.37.1.20.aln -            289   1.3e-34  115.2   0.0   1   1   4.5e-36   1.5e-34  114.9   0.0     7   260     9   251     5   256 0.96 -
d1g8pa_c.37.1.20     -            333 d1iqpa2c.37.1.20.aln -            289   1.1e-32  108.9   0.0   1   1   8.7e-34     3e-32  107.4   0.0     4   288    10   310     7   311 0.98 -
d1njfa_c.37.1.20     -            239 d1iqpa2c.37.1.20.aln -            289   6.3e-29   96.5   0.0   1   1   2.1e-30   7.3e-29   96.3   0.0    14   235     3   219     1   236 0.97 -
d1in4a2c.37.1.20     -            238 d1iqpa2c.37.1.20.aln -            289   1.4e-24   82.2   1.5   1   2   5.3e-10   1.8e-08   29.3   0.0    12    82    11    73     1    82 0.72 -
d1in4a2c.37.1.20     -            238 d1iqpa2c.37.1.20.aln -            289   1.4e-24   82.2   1.5   2   2   5.4e-17   1.8e-15   52.3   0.3   117   262    85   236    81   238 0.95 -
d1iqpa2c.37.1.20     -            231 d1iqpa2c.37.1.20.aln -            289   3.1e-21   71.2   0.6   1   1   1.6e-22   5.5e-21   70.4   0.6    12   240    13   218     8   226 0.86 -
d1w5sa2c.37.1.20     -            287 d1iqpa2c.37.1.20.aln -            289   2.2e-20   68.5   0.0   1   1   7.8e-22   2.7e-20   68.2   0.0     9   278     5   285     2   287 0.97 -
d1sxja2c.37.1.20     -            253 d1iqpa2c.37.1.20.aln -            289   2.7e-19   64.9   0.0   1   1   9.6e-21   3.3e-19   64.6   0.0     7   238    11   232     5   250 0.89 -
d1fnna2c.37.1.20     -            276 d1iqpa2c.37.1.20.aln -            289   3.3e-19   64.6   0.0   1   1   1.1e-20   3.8e-19   64.4   0.0     7   270     3   274     1   276 0.94 -
d1ny5a2c.37.1.20     -            247 d1iqpa2c.37.1.20.aln -            289   2.7e-18   61.6   0.3   1   1   9.7e-20   3.3e-18   61.3   0.3    47   252    26   229     4   240 0.95 -
d2a5yb3c.37.1.20     -            277 d1iqpa2c.37.1.20.aln -            289     9e-18   59.9   0.0   1   1     3e-19     1e-17   59.7   0.0     7   254     5   250     1   274 0.94 -
d1d2na_c.37.1.20     -            246 d1iqpa2c.37.1.20.aln -            289   6.7e-16   53.7   0.0   1   1   2.4e-17   8.3e-16   53.4   0.0    15   254    12   239     4   246 0.91 -
d2fnaa2c.37.1.20     -            283 d1iqpa2c.37.1.20.aln -            289   1.3e-13   46.2   0.1   1   1     5e-15   1.7e-13   45.8   0.1    20   281    18   277     2   282 0.88 -
d1l8qa2c.37.1.20     -            213 d1iqpa2c.37.1.20.aln -            289   3.5e-09   31.7   0.1   1   1   1.4e-10   4.9e-09   31.2   0.1    13   107     3    98     1   180 0.83 -
d1a5ta2c.37.1.20     -            207 d1iqpa2c.37.1.20.aln -            289     8e-07   23.9   0.0   1   1   3.1e-08   1.1e-06   23.6   0.0    40   180    16   159     2   201 0.87 -
d1u0ja_c.37.1.20     -            267 d1iqpa2c.37.1.20.aln -            289   1.9e-06   22.7   0.0   1   1   3.8e-07   1.3e-05   20.0   0.0    16   279    10   265     6   267 0.94 -
d1jqlb_c.37.1.20     -            140 d1iqpa2c.37.1.20.aln -            289   5.6e-06   21.2   0.0   1   1     2e-07   6.8e-06   20.9   0.0    27   164     5   133     2   139 0.88 -
d1tuea_c.37.1.20     -            205 d1iqpa2c.37.1.20.aln -            289   2.7e-05   18.9   0.0   1   1   2.1e-06   7.3e-05   17.5   0.0    66   242    54   199    42   202 0.90 -
d1y63a_c.37.1.1      -            174 d1iqpa2c.37.1.20.aln -            289   5.2e-05   18.0   2.4   1   3   1.6e-06   5.5e-05   17.9   0.1    46    72     7    33     6    43 0.87 -
d1y63a_c.37.1.1      -            174 d1iqpa2c.37.1.20.aln -            289   5.2e-05   18.0   2.4   2   3       1.1        36   -1.2   0.0     5    22    51    68    48    72 0.84 -
d1y63a_c.37.1.1      -            174 d1iqpa2c.37.1.20.aln -            289   5.2e-05   18.0   2.4   3   3         3     1e+02   -2.6   0.1   250   250   128   128   101   161 0.58 -
#
# Program:         hmmsearch
# Version:         3.1b2 (February 2015)
# Pipeline mode:   SEARCH
# Query file:      hmmModels95/d1iqpa2c.37.1.20.hmm
# Target file:     scop/scopTestSeq.fasta
# Option settings: hmmsearch --domtblout hmmModels95/d1iqpa2c.37.1.20.out -E 1 hmmModels95/d1iqpa2c.37.1.20.hmm scop/scopTestSeq.fasta 
# Current dir:     /users/nfs/Etu7/3801677/SBAS/TME8
# Date:            Tue Apr  4 15:53:46 2023
# [ok]
