#                                                                            --- full sequence --- -------------- this domain -------------   hmm coord   ali coord   env coord
# target name        accession   tlen query name           accession   qlen   E-value  score  bias   #  of  c-Evalue  i-Evalue  score  bias  from    to  from    to  from    to  acc description of target
#------------------- ---------- ----- -------------------- ---------- ----- --------- ------ ----- --- --- --------- --------- ------ ----- ----- ----- ----- ----- ----- ----- ---- ---------------------
d3vlva_c.94.1.1      -            490 d1ixha_c.94.1.1.aln  -            349  3.1e-139  459.5  14.2   1   1    7e-141  3.9e-139  459.1  14.2     1   349    17   410    17   410 1.00 -
d1jeta_c.94.1.1      -            517 d1ixha_c.94.1.1.aln  -            349  1.1e-113  375.5  16.8   1   1  2.9e-115  1.6e-113  374.9  16.8     1   348   137   513   137   514 1.00 -
d1vr5a1c.94.1.1      -            535 d1ixha_c.94.1.1.aln  -            349   2.7e-76  252.6  19.5   1   2       2.9   1.6e+02   -3.1   0.0    79   104    30    55    25    57 0.84 -
d1vr5a1c.94.1.1      -            535 d1ixha_c.94.1.1.aln  -            349   2.7e-76  252.6  19.5   2   2   4.8e-78   2.7e-76  252.6  19.5     2   348   111   518   110   519 1.00 -
d1xoca1c.94.1.1      -            504 d1ixha_c.94.1.1.aln  -            349     1e-68  227.7  25.7   1   1   2.1e-70   1.2e-68  227.4  25.7     3   348   114   501   112   502 0.99 -
d1uqwa_c.94.1.1      -            487 d1ixha_c.94.1.1.aln  -            349   1.2e-67  224.2  12.3   1   1   2.4e-69   1.4e-67  224.0  12.3     2   346   112   484   111   487 0.99 -
d2nooa_c.94.1.1      -            496 d1ixha_c.94.1.1.aln  -            349   8.4e-66  218.1   0.2   1   1   1.9e-67   1.1e-65  217.8   0.2     1   348   108   495   108   496 0.99 -
d1eu8a_c.94.1.1      -            407 d1ixha_c.94.1.1.aln  -            349   1.6e-47  158.0  11.4   1   1   3.4e-49   1.9e-47  157.8  11.4    17   348    23   406    14   407 0.98 -
d1ursa_c.94.1.1      -            367 d1ixha_c.94.1.1.aln  -            349   2.5e-36  121.2  12.2   1   1   4.8e-38   2.7e-36  121.1  12.2     6   347     6   352     1   354 0.97 -
d1nnfa_c.94.1.1      -            308 d1ixha_c.94.1.1.aln  -            349   2.2e-28   95.1   9.5   1   1   4.6e-30   2.6e-28   94.8   9.5     8   319     2   289     1   306 0.96 -
d1q35a_c.94.1.1      -            318 d1ixha_c.94.1.1.aln  -            349   3.3e-25   84.7   2.9   1   1   6.5e-27   3.7e-25   84.5   2.9     6   288     2   266     1   315 0.93 -
d3thia_c.94.1.1      -            362 d1ixha_c.94.1.1.aln  -            349   5.6e-15   51.0   0.3   1   1   1.2e-16   6.5e-15   50.8   0.3   106   345   114   356    20   359 0.93 -
d1r9la_c.94.1.1      -            309 d1ixha_c.94.1.1.aln  -            349   2.2e-12   42.5  11.0   1   1   4.4e-14   2.5e-12   42.3  11.0    39   347    42   300     8   302 0.93 -
d1pb7a_c.94.1.1      -            289 d1ixha_c.94.1.1.aln  -            349   4.2e-12   41.6   0.0   1   2   1.6e-13   9.1e-12   40.5   0.0     7   173     2   163     1   175 0.92 -
d1pb7a_c.94.1.1      -            289 d1ixha_c.94.1.1.aln  -            349   4.2e-12   41.6   0.0   2   2       1.3        75   -2.0   0.0   284   323   247   285   231   289 0.62 -
d1ixha_c.94.1.1      -            321 d1ixha_c.94.1.1.aln  -            349   2.5e-08   29.2  12.3   1   1   6.1e-10   3.4e-08   28.7  12.3    11   340     8   311     5   317 0.90 -
#
# Program:         hmmsearch
# Version:         3.1b2 (February 2015)
# Pipeline mode:   SEARCH
# Query file:      hmmModels95/d1ixha_c.94.1.1.hmm
# Target file:     scop/scopTestSeq.fasta
# Option settings: hmmsearch --domtblout hmmModels95/d1ixha_c.94.1.1.out -E 1 hmmModels95/d1ixha_c.94.1.1.hmm scop/scopTestSeq.fasta 
# Current dir:     /users/nfs/Etu7/3801677/SBAS/TME8
# Date:            Tue Apr  4 15:53:46 2023
# [ok]
