#                                                                            --- full sequence --- -------------- this domain -------------   hmm coord   ali coord   env coord
# target name        accession   tlen query name           accession   qlen   E-value  score  bias   #  of  c-Evalue  i-Evalue  score  bias  from    to  from    to  from    to  acc description of target
#------------------- ---------- ----- -------------------- ---------- ----- --------- ------ ----- --- --- --------- --------- ------ ----- ----- ----- ----- ----- ----- ----- ---- ---------------------
d1jeta_c.94.1.1      -            517 d1ixca2c.94.1.1.aln  -            336  2.1e-104  345.1  17.2   1   1  5.9e-106  3.1e-104  344.5  17.2     1   336    93   499    93   499 1.00 -
d3vlva_c.94.1.1      -            490 d1ixca2c.94.1.1.aln  -            336  4.6e-104  344.0  16.4   1   2       4.7   2.5e+02   -3.2   0.0   159   181    23    48    21    85 0.68 -
d3vlva_c.94.1.1      -            490 d1ixca2c.94.1.1.aln  -            336  4.6e-104  344.0  16.4   2   2  8.7e-106  4.6e-104  344.0  16.4     1   336   119   479   119   479 1.00 -
d1vr5a1c.94.1.1      -            535 d1ixca2c.94.1.1.aln  -            336     1e-85  283.7  19.8   1   1   2.6e-87   1.4e-85  283.3  19.8     1   336    86   504    86   504 1.00 -
d1uqwa_c.94.1.1      -            487 d1ixca2c.94.1.1.aln  -            336   5.6e-64  212.3  13.9   1   1   1.3e-65   6.7e-64  212.1  13.9     2   335    66   472    65   473 0.99 -
d1xoca1c.94.1.1      -            504 d1ixca2c.94.1.1.aln  -            336   1.9e-61  204.0  22.9   1   1   4.3e-63   2.3e-61  203.8  22.9     1   335    74   487    74   488 0.99 -
d2nooa_c.94.1.1      -            496 d1ixca2c.94.1.1.aln  -            336   2.4e-61  203.7   0.2   1   1   5.3e-63   2.8e-61  203.5   0.2     2   335    65   480    64   481 0.99 -
d1eu8a_c.94.1.1      -            407 d1ixca2c.94.1.1.aln  -            336   1.3e-40  135.6  11.5   1   1   2.8e-42   1.5e-40  135.4  11.5     2   335    18   388    17   389 0.98 -
d1ursa_c.94.1.1      -            367 d1ixca2c.94.1.1.aln  -            336   1.7e-32  109.0  12.5   1   1     4e-34   2.1e-32  108.7  12.5     4   328     4   345     1   351 0.96 -
d1q35a_c.94.1.1      -            318 d1ixca2c.94.1.1.aln  -            336   4.6e-30  101.0   4.0   1   1   1.1e-31   5.6e-30  100.7   4.0     9   314     5   306     2   317 0.92 -
d3thia_c.94.1.1      -            362 d1ixca2c.94.1.1.aln  -            336   4.2e-21   71.6   0.3   1   1   9.6e-23     5e-21   71.3   0.3     2   329    22   352    21   356 0.99 -
d1pb7a_c.94.1.1      -            289 d1ixca2c.94.1.1.aln  -            336     2e-19   66.1   0.0   1   1   4.7e-21   2.5e-19   65.8   0.0    32   326     2   287     1   289 0.94 -
d1nnfa_c.94.1.1      -            308 d1ixca2c.94.1.1.aln  -            336     2e-19   66.1  10.9   1   1   4.4e-21   2.3e-19   65.9  10.9     8   308     2   296     1   306 0.94 -
d1ixha_c.94.1.1      -            321 d1ixca2c.94.1.1.aln  -            336   3.6e-15   52.1  14.4   1   1   8.3e-17   4.4e-15   51.8  14.4    15   328    28   316    15   321 0.88 -
d1r9la_c.94.1.1      -            309 d1ixca2c.94.1.1.aln  -            336   2.7e-11   39.4  12.3   1   1   6.6e-13   3.5e-11   39.0  12.3    25   322    25   302     6   308 0.94 -
d1sbpa_c.94.1.1      -            309 d1ixca2c.94.1.1.aln  -            336   7.8e-09   31.3  10.6   1   1     2e-10     1e-08   30.9  10.6     5   324     7   305     3   309 0.94 -
#
# Program:         hmmsearch
# Version:         3.1b2 (February 2015)
# Pipeline mode:   SEARCH
# Query file:      hmmModels95/d1ixca2c.94.1.1.hmm
# Target file:     scop/scopTestSeq.fasta
# Option settings: hmmsearch --domtblout hmmModels95/d1ixca2c.94.1.1.out -E 1 hmmModels95/d1ixca2c.94.1.1.hmm scop/scopTestSeq.fasta 
# Current dir:     /users/nfs/Etu7/3801677/SBAS/TME8
# Date:            Tue Apr  4 15:53:46 2023
# [ok]
