#                                                                            --- full sequence --- -------------- this domain -------------   hmm coord   ali coord   env coord
# target name        accession   tlen query name           accession   qlen   E-value  score  bias   #  of  c-Evalue  i-Evalue  score  bias  from    to  from    to  from    to  acc description of target
#------------------- ---------- ----- -------------------- ---------- ----- --------- ------ ----- --- --- --------- --------- ------ ----- ----- ----- ----- ----- ----- ----- ---- ---------------------
d2ov9a1d.38.1.5      -            203 d1ixla_d.38.1.5.aln  -            139   1.9e-66  217.8   0.1   1   1   5.2e-68   2.4e-66  217.4   0.1     1   137    71   203    71   203 0.99 -
d3f5oa_d.38.1.5      -            138 d1ixla_d.38.1.5.aln  -            139   1.1e-42  140.8   0.9   1   1   2.6e-44   1.2e-42  140.6   0.9     4   137     5   136     2   138 0.97 -
d1vh5a_d.38.1.5      -            138 d1ixla_d.38.1.5.aln  -            139   1.5e-39  130.6   0.0   1   1   3.5e-41   1.6e-39  130.5   0.0     2   137     3   136     2   138 0.98 -
d2hboa1d.38.1.5      -            142 d1ixla_d.38.1.5.aln  -            139   2.1e-39  130.1   0.0   1   1   4.9e-41   2.3e-39  130.0   0.0     6   138     2   131     1   132 0.97 -
d1sh8a_d.38.1.5      -            153 d1ixla_d.38.1.5.aln  -            139     3e-38  126.4   0.0   1   1   7.3e-40   3.4e-38  126.2   0.0     2   138     1   146     1   147 0.99 -
d1q4ta_d.38.1.5      -            142 d1ixla_d.38.1.5.aln  -            139     9e-36  118.4   0.9   1   1   2.3e-37   1.1e-35  118.1   0.9     7   138     8   138     3   139 0.94 -
d1yoca1d.38.1.5      -            145 d1ixla_d.38.1.5.aln  -            139   1.4e-34  114.5   0.0   1   1   3.4e-36   1.6e-34  114.3   0.0     1   138     7   144     7   145 0.98 -
d1t82a_d.38.1.5      -            143 d1ixla_d.38.1.5.aln  -            139   2.2e-33  110.6   0.0   1   1   5.2e-35   2.4e-33  110.5   0.0     3   138     1   141     1   142 0.98 -
d1wlua_d.38.1.5      -            117 d1ixla_d.38.1.5.aln  -            139   3.5e-28   93.8   0.3   1   1     8e-30   3.7e-28   93.7   0.3    17   138     3   116     1   117 0.92 -
d2f41a1d.38.1.5      -            111 d1ixla_d.38.1.5.aln  -            139   3.7e-24   80.7   0.1   1   1   8.7e-26     4e-24   80.6   0.1    22   136     2   110     1   111 0.97 -
d1ixla_d.38.1.5      -            130 d1ixla_d.38.1.5.aln  -            139   8.2e-11   37.5   0.0   1   1   2.2e-12     1e-10   37.2   0.0    32   132    24   119    16   125 0.80 -
d2gvha1d.38.1.1      -            135 d1ixla_d.38.1.5.aln  -            139   1.9e-10   36.3   0.1   1   1   5.6e-12   2.6e-10   35.9   0.1    47   123    20    94    16   107 0.87 -
d1s5ua_d.38.1.1      -            129 d1ixla_d.38.1.5.aln  -            139   3.9e-06   22.3   0.2   1   1   1.2e-07   5.4e-06   21.9   0.2    76   136    50   109    36   111 0.88 -
d1njka_d.38.1.1      -            133 d1ixla_d.38.1.5.aln  -            139   6.1e-05   18.5   0.0   1   1   1.9e-06   8.7e-05   18.0   0.0    72   135    44   106    39   109 0.86 -
d2hlja1d.38.1.1      -            156 d1ixla_d.38.1.5.aln  -            139   0.00045   15.7   0.0   1   1   1.5e-05   0.00067   15.1   0.0    60   136    37   112    33   114 0.87 -
d2gf6a1d.38.1.1      -            134 d1ixla_d.38.1.5.aln  -            139    0.0042   12.5   0.0   1   1   0.00013     0.006   12.0   0.0    81   117    58    93    51   110 0.78 -
d2nuja1d.38.1.1      -            159 d1ixla_d.38.1.5.aln  -            139     0.006   12.0   0.0   1   1    0.0002    0.0094   11.4   0.0    79   136    72   128    64   131 0.85 -
#
# Program:         hmmsearch
# Version:         3.1b2 (February 2015)
# Pipeline mode:   SEARCH
# Query file:      hmmModels95/d1ixla_d.38.1.5.hmm
# Target file:     scop/scopTestSeq.fasta
# Option settings: hmmsearch --domtblout hmmModels95/d1ixla_d.38.1.5.out -E 1 hmmModels95/d1ixla_d.38.1.5.hmm scop/scopTestSeq.fasta 
# Current dir:     /users/nfs/Etu7/3801677/SBAS/TME8
# Date:            Tue Apr  4 15:53:46 2023
# [ok]
