#                                                                            --- full sequence --- -------------- this domain -------------   hmm coord   ali coord   env coord
# target name        accession   tlen query name           accession   qlen   E-value  score  bias   #  of  c-Evalue  i-Evalue  score  bias  from    to  from    to  from    to  acc description of target
#------------------- ---------- ----- -------------------- ---------- ----- --------- ------ ----- --- --- --------- --------- ------ ----- ----- ----- ----- ----- ----- ----- ---- ---------------------
d2fhfa4b.71.1.1      -            118 d1j0ha2b.71.1.1.aln  -             90   7.6e-31  101.5   0.1   1   1     2e-32   8.9e-31  101.3   0.1     1    90    18   107    18   107 0.98 -
d1bf2a2b.71.1.1      -            113 d1j0ha2b.71.1.1.aln  -             90   9.1e-30   98.1   9.4   1   1   2.5e-31   1.1e-29   97.8   9.4     1    90     3    92     3    92 0.99 -
d1m7xa2b.71.1.1      -            106 d1j0ha2b.71.1.1.aln  -             90   1.4e-21   71.9   0.0   1   1   3.7e-23   1.6e-21   71.7   0.0     1    89     1    89     1    90 0.98 -
d3bmva3b.71.1.1      -             89 d1j0ha2b.71.1.1.aln  -             90     8e-21   69.4   5.6   1   1     2e-22   8.6e-21   69.3   5.6     1    87     1    87     1    89 0.98 -
d1szna1b.71.1.1      -            103 d1j0ha2b.71.1.1.aln  -             90   4.4e-20   67.1   0.2   1   1   1.1e-21   4.9e-20   66.9   0.2     1    90    11   100    11   100 0.98 -
d2guya1b.71.1.1      -             95 d1j0ha2b.71.1.1.aln  -             90   1.3e-19   65.5   0.3   1   1   3.4e-21   1.5e-19   65.4   0.3     2    90     1    88     1    88 0.98 -
d1e43a1b.71.1.1      -             90 d1j0ha2b.71.1.1.aln  -             90   6.9e-19   63.2   1.8   1   1   1.7e-20   7.6e-19   63.1   1.8     1    86     4    89     4    90 0.98 -
d1uasa1b.71.1.1      -             89 d1j0ha2b.71.1.1.aln  -             90   2.5e-12   42.3   1.6   1   1     6e-14   2.6e-12   42.2   1.6     8    88     8    88     2    89 0.96 -
d1h3ga2b.71.1.1      -             83 d1j0ha2b.71.1.1.aln  -             90   8.9e-10   34.1   0.0   1   1   2.3e-11     1e-09   33.9   0.0     6    76     5    75     1    79 0.92 -
d1ea9c2b.71.1.1      -             80 d1j0ha2b.71.1.1.aln  -             90   2.5e-08   29.5   0.0   1   1   5.7e-10   2.5e-08   29.4   0.0     3    75     4    76     2    80 0.92 -
d1ua7a1b.71.1.1      -             78 d1j0ha2b.71.1.1.aln  -             90   3.1e-07   25.9   0.6   1   1   8.1e-09   3.6e-07   25.7   0.6     7    73     8    74     3    78 0.92 -
d1ji1a2b.71.1.1      -             83 d1j0ha2b.71.1.1.aln  -             90   3.3e-07   25.8   3.5   1   1   8.6e-09   3.8e-07   25.7   3.5    10    86     7    83     3    83 0.96 -
d1mxga1b.71.1.1      -             74 d1j0ha2b.71.1.1.aln  -             90   3.4e-05   19.4   2.0   1   1   8.1e-07   3.5e-05   19.3   2.0    10    77     5    72     1    74 0.94 -
d1g5aa1b.71.1.1      -             74 d1j0ha2b.71.1.1.aln  -             90   3.7e-05   19.3   0.0   1   1   8.7e-07   3.8e-05   19.2   0.0     5    72     4    71     1    74 0.95 -
d1gjwa1b.71.1.1      -             64 d1j0ha2b.71.1.1.aln  -             90    0.0001   17.9   0.0   1   1   2.3e-06    0.0001   17.9   0.0     3    57     2    56     1    64 0.89 -
d1wzaa1b.71.1.1      -             79 d1j0ha2b.71.1.1.aln  -             90   0.00036   16.1   0.0   1   1   8.2e-06   0.00036   16.1   0.0    10    77    10    77     1    79 0.93 -
d1ht6a1b.71.1.1      -             57 d1j0ha2b.71.1.1.aln  -             90   0.00037   16.1   0.0   1   1   8.8e-06   0.00038   16.0   0.0     8    54    10    56     4    57 0.92 -
d1r7aa1b.71.1.1      -             70 d1j0ha2b.71.1.1.aln  -             90    0.0015   14.2   0.1   1   1   3.4e-05    0.0015   14.2   0.1    11    73     3    65     1    70 0.90 -
#
# Program:         hmmsearch
# Version:         3.1b2 (February 2015)
# Pipeline mode:   SEARCH
# Query file:      hmmModels95/d1j0ha2b.71.1.1.hmm
# Target file:     scop/scopTestSeq.fasta
# Option settings: hmmsearch --domtblout hmmModels95/d1j0ha2b.71.1.1.out -E 1 hmmModels95/d1j0ha2b.71.1.1.hmm scop/scopTestSeq.fasta 
# Current dir:     /users/nfs/Etu7/3801677/SBAS/TME8
# Date:            Tue Apr  4 15:53:46 2023
# [ok]
