#                                                                            --- full sequence --- -------------- this domain -------------   hmm coord   ali coord   env coord
# target name        accession   tlen query name           accession   qlen   E-value  score  bias   #  of  c-Evalue  i-Evalue  score  bias  from    to  from    to  from    to  acc description of target
#------------------- ---------- ----- -------------------- ---------- ----- --------- ------ ----- --- --- --------- --------- ------ ----- ----- ----- ----- ----- ----- ----- ---- ---------------------
d1atia2d.104.1.1     -            394 d1j5wa_d.104.1.1.aln -            319  3.1e-147  485.5   1.4   1   1  1.7e-148  9.6e-147  483.9   1.4     1   319     8   386     8   386 0.99 -
d1b8aa2d.104.1.1     -            335 d1j5wa_d.104.1.1.aln -            319   1.2e-78  260.2   7.0   1   1   2.4e-80   1.4e-78  259.9   7.0     8   319     7   330     2   330 0.98 -
d1g5ha2d.104.1.1     -            290 d1j5wa_d.104.1.1.aln -            319   1.1e-57  191.3   0.0   1   1   2.2e-59   1.2e-57  191.1   0.0     1   310     3   289     3   290 0.99 -
d1h4vb2d.104.1.1     -            324 d1j5wa_d.104.1.1.aln -            319     2e-56  187.1   7.9   1   1   3.9e-58   2.2e-56  187.0   7.9     4   309     4   321     1   324 0.95 -
d12asa_d.104.1.1     -            327 d1j5wa_d.104.1.1.aln -            319     1e-52  174.9   0.0   1   1     2e-54   1.1e-52  174.8   0.0     3   318     6   316     4   317 0.98 -
d1wu7a2d.104.1.1     -            327 d1j5wa_d.104.1.1.aln -            319   3.7e-51  169.8   0.3   1   1   7.2e-53   4.1e-51  169.7   0.3     2   309     4   325     3   327 0.98 -
d1qf6a4d.104.1.1     -            291 d1j5wa_d.104.1.1.aln -            319   4.6e-50  166.2   0.2   1   1   1.1e-51     6e-50  165.8   0.2     6   316     1   282     1   285 0.96 -
d1nnha_d.104.1.1     -            293 d1j5wa_d.104.1.1.aln -            319   3.2e-45  150.3   4.1   1   1   6.5e-47   3.6e-45  150.1   4.1     4   318     6   286     3   287 0.98 -
d1z7ma1d.104.1.1     -            318 d1j5wa_d.104.1.1.aln -            319   2.2e-43  144.3   0.1   1   1   4.3e-45   2.4e-43  144.1   0.1     4   308     3   316     1   318 0.97 -
d1hc7a2d.104.1.1     -            272 d1j5wa_d.104.1.1.aln -            319   5.3e-42  139.7   4.5   1   1     1e-43   5.8e-42  139.6   4.5     3   297     8   272     6   272 0.98 -
d1seta2d.104.1.1     -            311 d1j5wa_d.104.1.1.aln -            319   7.4e-39  129.4   1.4   1   1   1.5e-40   8.3e-39  129.2   1.4     2   312     7   310     6   311 0.98 -
d1usya_d.104.1.1     -            275 d1j5wa_d.104.1.1.aln -            319   2.6e-29   98.0   0.0   1   1     5e-31   2.8e-29   97.9   0.0    11   305     2   273     1   275 0.98 -
d1yfsa2d.104.1.1     -            236 d1j5wa_d.104.1.1.aln -            319   1.4e-26   89.0   0.3   1   1   3.1e-28   1.7e-26   88.7   0.3    18   309     4   235     1   236 0.97 -
d1jjcb5d.104.1.1     -            207 d1j5wa_d.104.1.1.aln -            319   5.2e-08   28.1   8.0   1   1   9.5e-08   5.4e-06   21.4   8.0    26   308     2   203     1   207 0.86 -
#
# Program:         hmmsearch
# Version:         3.1b2 (February 2015)
# Pipeline mode:   SEARCH
# Query file:      hmmModels95/d1j5wa_d.104.1.1.hmm
# Target file:     scop/scopTestSeq.fasta
# Option settings: hmmsearch --domtblout hmmModels95/d1j5wa_d.104.1.1.out -E 1 hmmModels95/d1j5wa_d.104.1.1.hmm scop/scopTestSeq.fasta 
# Current dir:     /users/nfs/Etu7/3801677/SBAS/TME8
# Date:            Tue Apr  4 15:53:46 2023
# [ok]
