#                                                                            --- full sequence --- -------------- this domain -------------   hmm coord   ali coord   env coord
# target name        accession   tlen query name           accession   qlen   E-value  score  bias   #  of  c-Evalue  i-Evalue  score  bias  from    to  from    to  from    to  acc description of target
#------------------- ---------- ----- -------------------- ---------- ----- --------- ------ ----- --- --- --------- --------- ------ ----- ----- ----- ----- ----- ----- ----- ---- ---------------------
d1lj8a4c.2.1.6       -            286 d1jaya_c.2.1.6.aln   -            186   2.5e-84  277.0   0.0   1   1   6.7e-86   2.9e-84  276.8   0.0     1   186    55   256    55   256 1.00 -
d1mv8a2c.2.1.6       -            202 d1jaya_c.2.1.6.aln   -            186   9.3e-38  125.2   0.0   1   1   2.4e-39     1e-37  125.0   0.0     2   183     1   188     1   191 0.98 -
d1f0ya2c.2.1.6       -            192 d1jaya_c.2.1.6.aln   -            186   3.2e-35  116.9   2.5   1   1   8.2e-37   3.6e-35  116.7   2.5     2   184     5   185     4   187 0.98 -
d1vpda2c.2.1.6       -            161 d1jaya_c.2.1.6.aln   -            186   7.5e-34  112.4   1.3   1   1   1.9e-35   8.3e-34  112.3   1.3     2   176     1   160     1   161 0.99 -
d1dlja2c.2.1.6       -            196 d1jaya_c.2.1.6.aln   -            186   6.2e-32  106.2   0.0   1   1   1.6e-33   6.9e-32  106.0   0.0     2   185     1   195     1   196 0.98 -
d1evya2c.2.1.6       -            189 d1jaya_c.2.1.6.aln   -            186   1.1e-31  105.4   0.0   1   1   2.8e-33   1.2e-31  105.2   0.0     3   180     9   187     7   189 0.98 -
d1bg6a2c.2.1.6       -            184 d1jaya_c.2.1.6.aln   -            186   1.2e-28   95.5   0.3   1   1     3e-30   1.3e-28   95.3   0.3     2   181     2   183     1   184 0.98 -
d1txga2c.2.1.6       -            180 d1jaya_c.2.1.6.aln   -            186   1.9e-27   91.6   0.0   1   1   4.7e-29   2.1e-27   91.4   0.0     2   175     1   179     1   180 0.98 -
d1ks9a2c.2.1.6       -            167 d1jaya_c.2.1.6.aln   -            186   1.9e-24   81.8   0.0   1   1   4.9e-26   2.1e-24   81.6   0.0     2   178     1   167     1   167 0.98 -
d2f1ka2c.2.1.6       -            165 d1jaya_c.2.1.6.aln   -            186   2.3e-22   75.0   0.0   1   1   5.6e-24   2.5e-22   74.9   0.0     2   175     1   161     1   165 0.96 -
d2ahra2c.2.1.6       -            152 d1jaya_c.2.1.6.aln   -            186   7.2e-20   66.9   0.0   1   1   2.6e-21   1.1e-19   66.2   0.0     2   178     1   151     1   152 0.99 -
d1i36a2c.2.1.6       -            152 d1jaya_c.2.1.6.aln   -            186   8.3e-18   60.1   0.1   1   1   2.1e-19   9.3e-18   60.0   0.1     2   145     1   124     1   148 0.94 -
d1yqga2c.2.1.6       -            152 d1jaya_c.2.1.6.aln   -            186   1.9e-17   58.9   0.0   1   1   5.7e-19   2.5e-17   58.6   0.0     2   174     1   148     1   152 0.97 -
d2i76a2c.2.1.6       -            153 d1jaya_c.2.1.6.aln   -            186   5.4e-14   47.7   0.0   1   1   1.9e-15   8.4e-14   47.1   0.0     5   178     3   150     1   153 0.97 -
d2pv7a2c.2.1.6       -            152 d1jaya_c.2.1.6.aln   -            186   1.8e-13   46.0   0.0   1   1   5.6e-15   2.4e-13   45.6   0.0    16   175     9   151     1   152 0.86 -
d1gpja2c.2.1.7       -            159 d1jaya_c.2.1.6.aln   -            186    0.0012   14.0   0.0   1   1   3.8e-05    0.0017   13.5   0.0     2    31    25    54    25   110 0.80 -
d1xhca2c.3.1.5       -            122 d1jaya_c.2.1.6.aln   -            186    0.0012   13.9   0.3   1   1   5.4e-05    0.0024   13.0   0.3     6    29    37    60    34    65 0.88 -
d2ivda1c.3.1.2       -            348 d1jaya_c.2.1.6.aln   -            186    0.0035   12.4   0.2   1   1   0.00019    0.0083   11.2   0.2     2    33     1    30     1    33 0.92 -
#
# Program:         hmmsearch
# Version:         3.1b2 (February 2015)
# Pipeline mode:   SEARCH
# Query file:      hmmModels95/d1jaya_c.2.1.6.hmm
# Target file:     scop/scopTestSeq.fasta
# Option settings: hmmsearch --domtblout hmmModels95/d1jaya_c.2.1.6.out -E 1 hmmModels95/d1jaya_c.2.1.6.hmm scop/scopTestSeq.fasta 
# Current dir:     /users/nfs/Etu7/3801677/SBAS/TME8
# Date:            Tue Apr  4 15:53:47 2023
# [ok]
