#                                                                            --- full sequence --- -------------- this domain -------------   hmm coord   ali coord   env coord
# target name        accession   tlen query name           accession   qlen   E-value  score  bias   #  of  c-Evalue  i-Evalue  score  bias  from    to  from    to  from    to  acc description of target
#------------------- ---------- ----- -------------------- ---------- ----- --------- ------ ----- --- --- --------- --------- ------ ----- ----- ----- ----- ----- ----- ----- ---- ---------------------
d1exra_a.39.1.5      -            146 d1jfka_a.39.1.5.aln  -            182   1.2e-58  193.3  13.0   1   1   3.4e-60   2.1e-58  192.6  13.1    38   182     1   144     1   144 0.99 -
d1omra_a.39.1.5      -            201 d1jfka_a.39.1.5.aln  -            182   5.9e-49  161.8   2.7   1   1   1.1e-50   6.9e-49  161.5   2.7     2   179    19   192    18   195 0.97 -
d1jbaa_a.39.1.5      -            189 d1jfka_a.39.1.5.aln  -            182   3.7e-46  152.6   0.3   1   1   6.8e-48   4.1e-46  152.5   0.3     2   175    15   186    14   189 0.97 -
d1qv0a_a.39.1.5      -            189 d1jfka_a.39.1.5.aln  -            182   8.5e-41  135.2   0.1   1   2    0.0024      0.15    7.3   0.1    86   104    17    35    14    37 0.50 -
d1qv0a_a.39.1.5      -            189 d1jfka_a.39.1.5.aln  -            182   8.5e-41  135.2   0.1   2   2   3.6e-42   2.2e-40  133.8   0.0     2   181    26   188    25   189 0.98 -
d1s6ja_a.39.1.5      -             87 d1jfka_a.39.1.5.aln  -            182   3.9e-36  120.0   4.5   1   1   6.7e-38   4.1e-36  119.9   4.5    29   111     6    87     1    87 0.96 -
d2zfda1a.39.1.5      -            183 d1jfka_a.39.1.5.aln  -            182   1.2e-31  105.4   4.6   1   1   2.1e-33   1.3e-31  105.3   4.6     5   179    13   178     9   181 0.95 -
d1xo5a_a.39.1.5      -            180 d1jfka_a.39.1.5.aln  -            182   2.2e-24   81.7   0.0   1   1     4e-26   2.4e-24   81.5   0.0     4   170    15   174    12   180 0.94 -
d2sasa_a.39.1.5      -            185 d1jfka_a.39.1.5.aln  -            182   3.4e-23   77.8   0.7   1   1   6.1e-25   3.7e-23   77.7   0.7     2   179     2   182     1   185 0.95 -
d1jfka_a.39.1.5      -            134 d1jfka_a.39.1.5.aln  -            182   3.4e-22   74.5  12.9   1   2   5.5e-20   3.3e-18   61.5   4.7    48   165     2   104     1   113 0.89 -
d1jfka_a.39.1.5      -            134 d1jfka_a.39.1.5.aln  -            182   3.4e-22   74.5  12.9   2   2   1.4e-08   8.7e-07   24.3   1.2    48   108    77   132    76   133 0.82 -
d2scpa_a.39.1.5      -            174 d1jfka_a.39.1.5.aln  -            182   2.3e-21   71.9   3.3   1   1   4.4e-23   2.7e-21   71.6   3.3     8   178     3   170     1   173 0.96 -
d1nyaa_a.39.1.5      -            176 d1jfka_a.39.1.5.aln  -            182   7.8e-21   70.1   0.7   1   1   1.5e-22     9e-21   69.9   0.7     4   168     2   168     1   175 0.97 -
d1j7qa_a.39.1.5      -             86 d1jfka_a.39.1.5.aln  -            182     4e-13   45.0   0.2   1   1   7.2e-15   4.4e-13   44.9   0.2    37   110     5    79     2    86 0.85 -
d1ctaa_a.39.1.5      -             34 d1jfka_a.39.1.5.aln  -            182     3e-12   42.1   0.2   1   1   5.2e-14   3.1e-12   42.1   0.2    43    76     1    34     1    34 0.97 -
#
# Program:         hmmsearch
# Version:         3.1b2 (February 2015)
# Pipeline mode:   SEARCH
# Query file:      hmmModels95/d1jfka_a.39.1.5.hmm
# Target file:     scop/scopTestSeq.fasta
# Option settings: hmmsearch --domtblout hmmModels95/d1jfka_a.39.1.5.out -E 1 hmmModels95/d1jfka_a.39.1.5.hmm scop/scopTestSeq.fasta 
# Current dir:     /users/nfs/Etu7/3801677/SBAS/TME8
# Date:            Tue Apr  4 15:53:47 2023
# [ok]
