#                                                                            --- full sequence --- -------------- this domain -------------   hmm coord   ali coord   env coord
# target name        accession   tlen query name           accession   qlen   E-value  score  bias   #  of  c-Evalue  i-Evalue  score  bias  from    to  from    to  from    to  acc description of target
#------------------- ---------- ----- -------------------- ---------- ----- --------- ------ ----- --- --- --------- --------- ------ ----- ----- ----- ----- ----- ----- ----- ---- ---------------------
d2fbka1a.4.5.28      -            172 d1jgsa_a.4.5.28.aln  -            143   1.3e-57  189.2   0.0   1   1   3.9e-59   1.6e-57  188.9   0.0     1   143    29   172    29   172 0.99 -
d2fxaa1a.4.5.28      -            162 d1jgsa_a.4.5.28.aln  -            143   2.3e-52  172.1   0.0   1   1   6.5e-54   2.5e-52  172.0   0.0     2   143     9   148     8   148 0.98 -
d1lj9a_a.4.5.28      -            144 d1jgsa_a.4.5.28.aln  -            143   3.2e-39  129.5   1.3   1   1     9e-41   3.5e-39  129.4   1.3     7   142     2   135     1   136 0.98 -
d2fbia1a.4.5.28      -            136 d1jgsa_a.4.5.28.aln  -            143   7.3e-39  128.4   0.6   1   1     2e-40   7.8e-39  128.3   0.6     7   140     3   134     1   136 0.97 -
d2etha1a.4.5.28      -            140 d1jgsa_a.4.5.28.aln  -            143   2.1e-38  126.9   0.1   1   1   5.7e-40   2.3e-38  126.8   0.1     5   143     3   139     1   139 0.98 -
d2fbha1a.4.5.28      -            137 d1jgsa_a.4.5.28.aln  -            143   2.5e-37  123.4   0.3   1   1   6.8e-39   2.7e-37  123.3   0.3     8   142     2   135     1   136 0.97 -
d2a61a1a.4.5.28      -            139 d1jgsa_a.4.5.28.aln  -            143   3.6e-37  122.9   0.0   1   1   9.9e-39   3.9e-37  122.8   0.0     6   143     2   137     1   137 0.98 -
d1s3ja_a.4.5.28      -            143 d1jgsa_a.4.5.28.aln  -            143   4.8e-36  119.2   4.5   1   1   1.3e-37   5.2e-36  119.1   4.5     3   142     4   141     2   142 0.97 -
d3broa1a.4.5.28      -            135 d1jgsa_a.4.5.28.aln  -            143   7.3e-36  118.6   5.7   1   1     2e-37     8e-36  118.5   5.7     7   139     2   134     1   135 0.99 -
d3echa_a.4.5.28      -            142 d1jgsa_a.4.5.28.aln  -            143   1.4e-34  114.4   0.1   1   1     4e-36   1.6e-34  114.3   0.1     4   140     5   141     2   142 0.97 -
d2hr3a1a.4.5.28      -            145 d1jgsa_a.4.5.28.aln  -            143   1.3e-32  108.1   0.1   1   1   3.5e-34   1.4e-32  108.0   0.1     2   143     2   142     1   142 0.97 -
d1p4xa1a.4.5.28      -            125 d1jgsa_a.4.5.28.aln  -            143   1.5e-32  107.9   1.8   1   1   4.2e-34   1.7e-32  107.7   1.8     1   124     1   124     1   125 0.97 -
d1p4xa2a.4.5.28      -            125 d1jgsa_a.4.5.28.aln  -            143   1.1e-30  101.8   3.5   1   1     3e-32   1.2e-30  101.8   3.5     3   120     2   119     1   125 0.96 -
d1hsja1a.4.5.28      -            115 d1jgsa_a.4.5.28.aln  -            143   1.2e-30  101.7   3.8   1   1   3.4e-32   1.3e-30  101.6   3.8     4   116     2   114     1   115 0.98 -
d3jw4a_a.4.5.0       -            137 d1jgsa_a.4.5.28.aln  -            143   2.5e-24   81.2   0.1   1   1     7e-26   2.8e-24   81.1   0.1    11   137     7   133     2   137 0.95 -
d3bjaa_a.4.5.0       -            139 d1jgsa_a.4.5.28.aln  -            143     3e-21   71.3   0.1   1   1     8e-23   3.1e-21   71.2   0.1    18   139    17   136     2   139 0.90 -
d1ub9a_a.4.5.28      -            100 d1jgsa_a.4.5.28.aln  -            143     1e-19   66.3   0.0   1   1   2.8e-21   1.1e-19   66.2   0.0    19   118     1    98     1   100 0.96 -
d1jgsa_a.4.5.28      -            138 d1jgsa_a.4.5.28.aln  -            143   1.7e-19   65.6   0.0   1   1   4.9e-21   1.9e-19   65.4   0.0     6   138     6   137     3   138 0.93 -
d3ctaa1a.4.5.28      -             85 d1jgsa_a.4.5.28.aln  -            143     2e-14   49.1   0.2   1   1   5.7e-16   2.3e-14   49.0   0.2    46   115    17    83     3    85 0.92 -
d3df8a_a.4.5.0       -            109 d1jgsa_a.4.5.28.aln  -            143   0.00089   14.6   0.0   1   1   3.5e-05    0.0014   14.0   0.0    43   110    35    99    21   105 0.81 -
#
# Program:         hmmsearch
# Version:         3.1b2 (February 2015)
# Pipeline mode:   SEARCH
# Query file:      hmmModels95/d1jgsa_a.4.5.28.hmm
# Target file:     scop/scopTestSeq.fasta
# Option settings: hmmsearch --domtblout hmmModels95/d1jgsa_a.4.5.28.out -E 1 hmmModels95/d1jgsa_a.4.5.28.hmm scop/scopTestSeq.fasta 
# Current dir:     /users/nfs/Etu7/3801677/SBAS/TME8
# Date:            Tue Apr  4 15:53:47 2023
# [ok]
