#                                                                            --- full sequence --- -------------- this domain -------------   hmm coord   ali coord   env coord
# target name        accession   tlen query name           accession   qlen   E-value  score  bias   #  of  c-Evalue  i-Evalue  score  bias  from    to  from    to  from    to  acc description of target
#------------------- ---------- ----- -------------------- ---------- ----- --------- ------ ----- --- --- --------- --------- ------ ----- ----- ----- ----- ----- ----- ----- ---- ---------------------
d1bf2a2b.71.1.1      -            113 d1ji1a2b.71.1.1.aln  -             90   4.4e-28   92.6   8.0   1   1   1.4e-29   5.5e-28   92.3   8.0     1    90    19   108    19   108 0.98 -
d2fhfa4b.71.1.1      -            118 d1ji1a2b.71.1.1.aln  -             90   4.3e-24   79.9   0.1   1   1   1.3e-25     5e-24   79.6   0.1     1    90    17   106    17   106 0.98 -
d3bmva3b.71.1.1      -             89 d1ji1a2b.71.1.1.aln  -             90     2e-21   71.3   5.1   1   1   5.4e-23   2.1e-21   71.2   5.1     2    87     1    86     1    89 0.98 -
d2guya1b.71.1.1      -             95 d1ji1a2b.71.1.1.aln  -             90   5.8e-21   69.8   0.6   1   1   1.6e-22   6.3e-21   69.7   0.6     4    89     2    86     1    87 0.97 -
d1m7xa2b.71.1.1      -            106 d1ji1a2b.71.1.1.aln  -             90   3.1e-20   67.5   0.0   1   1     9e-22   3.5e-20   67.3   0.0     2    90     5    93     4    93 0.97 -
d1szna1b.71.1.1      -            103 d1ji1a2b.71.1.1.aln  -             90   4.6e-19   63.7   0.1   1   1   1.4e-20   5.4e-19   63.5   0.1     2    90    14   102    13   102 0.98 -
d1e43a1b.71.1.1      -             90 d1ji1a2b.71.1.1.aln  -             90   4.5e-18   60.6   2.1   1   1   1.2e-19   4.9e-18   60.5   2.1     2    87     4    89     3    90 0.97 -
d1uasa1b.71.1.1      -             89 d1ji1a2b.71.1.1.aln  -             90   7.6e-14   47.0   1.3   1   1     2e-15   8.1e-14   47.0   1.3     3    87     4    88     2    89 0.95 -
d1j0ha2b.71.1.1      -             83 d1ji1a2b.71.1.1.aln  -             90   8.8e-12   40.5   0.0   1   1   2.3e-13   9.1e-12   40.4   0.0     5    83     5    83     1    83 0.95 -
d1ea9c2b.71.1.1      -             80 d1ji1a2b.71.1.1.aln  -             90   2.2e-10   36.0   0.0   1   1   5.8e-12   2.3e-10   35.9   0.0     5    81     2    78     1    80 0.94 -
d1h3ga2b.71.1.1      -             83 d1ji1a2b.71.1.1.aln  -             90   6.9e-10   34.4   0.0   1   1   1.9e-11   7.5e-10   34.3   0.0     5    78     3    76     1    81 0.95 -
d1wzaa1b.71.1.1      -             79 d1ji1a2b.71.1.1.aln  -             90   6.2e-08   28.1   0.0   1   1   1.6e-09   6.3e-08   28.1   0.0    12    78    10    76     2    79 0.93 -
d1mxga1b.71.1.1      -             74 d1ji1a2b.71.1.1.aln  -             90   1.3e-07   27.1   1.9   1   1   3.5e-09   1.4e-07   27.0   1.9    12    81     4    73     1    74 0.97 -
d1g5aa1b.71.1.1      -             74 d1ji1a2b.71.1.1.aln  -             90   7.6e-07   24.6   0.0   1   1     2e-08   7.9e-07   24.6   0.0     4    74     2    72     1    74 0.93 -
d1ua7a1b.71.1.1      -             78 d1ji1a2b.71.1.1.aln  -             90   2.9e-06   22.8   0.3   1   1   7.9e-08   3.1e-06   22.7   0.3    10    79     7    76     1    78 0.84 -
d1gjwa1b.71.1.1      -             64 d1ji1a2b.71.1.1.aln  -             90   1.1e-05   20.9   0.0   1   1   2.8e-07   1.1e-05   20.9   0.0     7    52     4    49     1    63 0.87 -
d1lwha1b.71.1.1      -             50 d1ji1a2b.71.1.1.aln  -             90   1.7e-05   20.3   0.0   1   1   4.8e-07   1.9e-05   20.2   0.0     7    49     5    47     2    50 0.93 -
d1r7aa1b.71.1.1      -             70 d1ji1a2b.71.1.1.aln  -             90   6.5e-05   18.5   0.1   1   1   1.7e-06   6.6e-05   18.4   0.1    12    76     3    67     1    70 0.92 -
d2bhua2b.71.1.1      -             72 d1ji1a2b.71.1.1.aln  -             90   0.00015   17.3   0.0   1   1   3.8e-06   0.00015   17.3   0.0     3    67     2    66     1    72 0.91 -
d1gcya1b.71.1.1      -             61 d1ji1a2b.71.1.1.aln  -             90   0.00019   17.0   1.0   1   1   5.6e-06   0.00022   16.8   1.0    41    86    15    60     3    61 0.93 -
#
# Program:         hmmsearch
# Version:         3.1b2 (February 2015)
# Pipeline mode:   SEARCH
# Query file:      hmmModels95/d1ji1a2b.71.1.1.hmm
# Target file:     scop/scopTestSeq.fasta
# Option settings: hmmsearch --domtblout hmmModels95/d1ji1a2b.71.1.1.out -E 1 hmmModels95/d1ji1a2b.71.1.1.hmm scop/scopTestSeq.fasta 
# Current dir:     /users/nfs/Etu7/3801677/SBAS/TME8
# Date:            Tue Apr  4 15:53:47 2023
# [ok]
