#                                                                            --- full sequence --- -------------- this domain -------------   hmm coord   ali coord   env coord
# target name        accession   tlen query name           accession   qlen   E-value  score  bias   #  of  c-Evalue  i-Evalue  score  bias  from    to  from    to  from    to  acc description of target
#------------------- ---------- ----- -------------------- ---------- ----- --------- ------ ----- --- --- --------- --------- ------ ----- ----- ----- ----- ----- ----- ----- ---- ---------------------
d1bf2a1b.1.18.2      -            162 d1ji1a1b.1.18.2.aln  -            110     6e-36  119.1   4.0   1   1   1.7e-37   7.8e-36  118.7   4.0     1   110    18   141    18   141 0.99 -
d1j0ha1b.1.18.2      -            123 d1ji1a1b.1.18.2.aln  -            110   4.1e-28   93.9   0.0   1   1   9.8e-30   4.5e-28   93.7   0.0     1   109     6   112     6   113 0.98 -
d2fhfa2b.1.18.2      -            125 d1ji1a1b.1.18.2.aln  -            110   1.2e-20   69.8   0.3   1   1   2.9e-22   1.3e-20   69.7   0.3     2   108     9   124     8   125 0.98 -
d1m7xa1b.1.18.2      -            110 d1ji1a1b.1.18.2.aln  -            110   4.8e-17   58.3   0.0   1   1   1.1e-18   5.2e-17   58.1   0.0     2   109     2   109     1   110 0.98 -
d2fhfa1b.1.18.2      -            115 d1ji1a1b.1.18.2.aln  -            110   2.4e-15   52.8   2.9   1   1   5.5e-17   2.6e-15   52.7   2.9     5   109     2   112     1   113 0.97 -
d3bmva1b.1.18.2      -             83 d1ji1a1b.1.18.2.aln  -            110   3.9e-14   48.9   0.6   1   1   9.1e-16   4.2e-14   48.8   0.6    16   103     3    82     1    83 0.96 -
d1txka1b.1.18.2      -            115 d1ji1a1b.1.18.2.aln  -            110   1.9e-13   46.7   1.1   1   1   4.5e-15   2.1e-13   46.5   1.1     1   106     4   112     4   115 0.97 -
d1k3ia1b.1.18.2      -            102 d1ji1a1b.1.18.2.aln  -            110   1.2e-11   40.9   0.5   1   1   2.7e-13   1.2e-11   40.8   0.5    15   103     5   100     1   102 0.96 -
d1edqa1b.1.18.2      -            109 d1ji1a1b.1.18.2.aln  -            110   2.9e-11   39.7   3.1   1   1   6.6e-13   3.1e-11   39.6   3.1     3   106     4   107     2   109 0.96 -
d1w8oa1b.1.18.2      -            103 d1ji1a1b.1.18.2.aln  -            110     1e-09   34.6   1.5   1   1   2.3e-11   1.1e-09   34.6   1.5    15   106     8   100     1   103 0.94 -
d2bvya1b.1.18.2      -             94 d1ji1a1b.1.18.2.aln  -            110   2.5e-08   30.2   8.9   1   1   5.7e-10   2.6e-08   30.1   8.9    13   102     6    93     1    94 0.93 -
d1qbaa1b.1.18.2      -            105 d1ji1a1b.1.18.2.aln  -            110   2.8e-08   30.0   0.0   1   1   6.5e-10     3e-08   29.9   0.0    10   108     2    99     1   101 0.96 -
d1ut9a2b.1.18.2      -             98 d1ji1a1b.1.18.2.aln  -            110   3.6e-08   29.7   0.3   1   1   8.8e-10   4.1e-08   29.5   0.3    15   104     6    95     2    98 0.94 -
d1clca2b.1.18.2      -            100 d1ji1a1b.1.18.2.aln  -            110     2e-07   27.3   0.1   1   1   4.4e-09     2e-07   27.3   0.1    10   105     2    97     1   100 0.94 -
d1f1sa2b.1.18.2      -             78 d1ji1a1b.1.18.2.aln  -            110   6.6e-07   25.6   0.2   1   1   1.5e-08     7e-07   25.5   0.2    17    95     2    77     1    78 0.95 -
d1h3ga1b.1.18.2      -             93 d1ji1a1b.1.18.2.aln  -            110   1.1e-06   24.9   0.0   1   1   2.4e-08   1.1e-06   24.9   0.0    15    99     5    86     1    93 0.91 -
d2bhua1b.1.18.2      -             97 d1ji1a1b.1.18.2.aln  -            110     2e-06   24.0   0.1   1   1   4.6e-08   2.1e-06   24.0   0.1    13   106     4    95     1    97 0.94 -
#
# Program:         hmmsearch
# Version:         3.1b2 (February 2015)
# Pipeline mode:   SEARCH
# Query file:      hmmModels95/d1ji1a1b.1.18.2.hmm
# Target file:     scop/scopTestSeq.fasta
# Option settings: hmmsearch --domtblout hmmModels95/d1ji1a1b.1.18.2.out -E 1 hmmModels95/d1ji1a1b.1.18.2.hmm scop/scopTestSeq.fasta 
# Current dir:     /users/nfs/Etu7/3801677/SBAS/TME8
# Date:            Tue Apr  4 15:53:47 2023
# [ok]
