#                                                                            --- full sequence --- -------------- this domain -------------   hmm coord   ali coord   env coord
# target name        accession   tlen query name           accession   qlen   E-value  score  bias   #  of  c-Evalue  i-Evalue  score  bias  from    to  from    to  from    to  acc description of target
#------------------- ---------- ----- -------------------- ---------- ----- --------- ------ ----- --- --- --------- --------- ------ ----- ----- ----- ----- ----- ----- ----- ---- ---------------------
d1uoka2c.1.8.1       -            479 d1ji1a3c.1.8.1.aln   -            429  9.4e-120  396.1  23.4   1   1  2.7e-121  1.1e-119  395.9  23.4     4   428     2   479     1   479 0.99 -
d1gjwa2c.1.8.1       -            572 d1ji1a3c.1.8.1.aln   -            429   2.3e-98  325.6   0.2   1   1  6.7e-100   2.6e-98  325.4   0.2     2   428    75   571    74   572 1.00 -
d3bmva4c.1.8.1       -            406 d1ji1a3c.1.8.1.aln   -            429   1.2e-96  319.9  15.6   1   1   3.7e-98   1.5e-96  319.7  15.6     9   428    13   406     7   406 0.97 -
d1wzaa2c.1.8.1       -            409 d1ji1a3c.1.8.1.aln   -            429   3.9e-87  288.6  20.4   1   1   1.2e-88   4.6e-87  288.4  20.4     8   426     2   407     1   409 0.92 -
d1e43a2c.1.8.1       -            393 d1ji1a3c.1.8.1.aln   -            429   5.1e-87  288.2  17.2   1   1   1.5e-88   5.7e-87  288.1  17.2     9   422     3   393     1   393 0.98 -
d1x1na1c.1.8.1       -            523 d1ji1a3c.1.8.1.aln   -            429   1.5e-86  286.7   0.2   1   1   4.2e-88   1.7e-86  286.6   0.2     3   428    20   490    18   491 0.99 -
d1g5aa2c.1.8.1       -            554 d1ji1a3c.1.8.1.aln   -            429   5.9e-82  271.6   5.9   1   1   1.8e-83   7.1e-82  271.3   5.9     3   429    47   554    45   554 0.97 -
d2fhfa5c.1.8.1       -            563 d1ji1a3c.1.8.1.aln   -            429   1.6e-79  263.6   0.2   1   1   4.5e-81   1.8e-79  263.4   0.2     2   429    58   563    57   563 0.99 -
d2guya2c.1.8.1       -            381 d1ji1a3c.1.8.1.aln   -            429   1.1e-75  250.9   8.2   1   1   3.4e-77   1.3e-75  250.6   8.2     4   421     2   370     1   377 0.97 -
d1h3ga3c.1.8.1       -            422 d1ji1a3c.1.8.1.aln   -            429   1.2e-73  244.2  12.4   1   1   3.2e-75   1.3e-73  244.1  12.4     3   429     4   422     2   422 0.95 -
d1wdpa_c.1.8.1       -            493 d1ji1a3c.1.8.1.aln   -            429   7.7e-70  231.6   1.7   1   1   2.1e-71   8.5e-70  231.5   1.7     4   422    27   487    24   493 0.97 -
d1bf2a3c.1.8.1       -            475 d1ji1a3c.1.8.1.aln   -            429   2.7e-63  210.1  13.0   1   1   7.6e-65     3e-63  209.9  13.0     5   427    11   471     7   473 0.98 -
d2bhua3c.1.8.1       -            420 d1ji1a3c.1.8.1.aln   -            429   6.2e-56  185.8   3.4   1   1   1.8e-57   7.1e-56  185.6   3.4     4   428    10   419     7   420 0.96 -
d1ht6a2c.1.8.1       -            347 d1ji1a3c.1.8.1.aln   -            429   3.4e-51  170.2  10.1   1   1   1.2e-52   4.6e-51  169.8  10.1    13   367     6   325     2   346 0.95 -
d1m7xa3c.1.8.1       -            396 d1ji1a3c.1.8.1.aln   -            429   3.4e-45  150.4  22.2   1   1   1.1e-46   4.1e-45  150.2  22.2     3   427     6   391     4   392 0.96 -
d1ua7a2c.1.8.1       -            344 d1ji1a3c.1.8.1.aln   -            429   1.2e-41  138.7  11.6   1   1   3.8e-43   1.5e-41  138.4  11.6     8   383     3   322     1   342 0.93 -
d1ji1a3c.1.8.1       -            432 d1ji1a3c.1.8.1.aln   -            429   2.5e-36  121.2  34.1   1   1   9.5e-38   3.7e-36  120.6  34.1     1   428     1   431     1   432 0.89 -
d1r7aa2c.1.8.1       -            434 d1ji1a3c.1.8.1.aln   -            429   1.7e-31  105.3   0.1   1   1     5e-33     2e-31  105.1   0.1     4   424    10   434     7   434 0.93 -
d1kwga2c.1.8.1       -            393 d1ji1a3c.1.8.1.aln   -            429   2.4e-27   91.6   0.1   1   1   6.7e-29   2.7e-27   91.5   0.1    11   427     3   391     1   393 0.98 -
d1vema2c.1.8.1       -            417 d1ji1a3c.1.8.1.aln   -            429   2.8e-25   84.8   9.3   1   1   8.3e-27   3.3e-25   84.6   9.3     2   415     6   400     5   411 0.95 -
#
# Program:         hmmsearch
# Version:         3.1b2 (February 2015)
# Pipeline mode:   SEARCH
# Query file:      hmmModels95/d1ji1a3c.1.8.1.hmm
# Target file:     scop/scopTestSeq.fasta
# Option settings: hmmsearch --domtblout hmmModels95/d1ji1a3c.1.8.1.out -E 1 hmmModels95/d1ji1a3c.1.8.1.hmm scop/scopTestSeq.fasta 
# Current dir:     /users/nfs/Etu7/3801677/SBAS/TME8
# Date:            Tue Apr  4 15:53:47 2023
# [ok]
