#                                                                            --- full sequence --- -------------- this domain -------------   hmm coord   ali coord   env coord
# target name        accession   tlen query name           accession   qlen   E-value  score  bias   #  of  c-Evalue  i-Evalue  score  bias  from    to  from    to  from    to  acc description of target
#------------------- ---------- ----- -------------------- ---------- ----- --------- ------ ----- --- --- --------- --------- ------ ----- ----- ----- ----- ----- ----- ----- ---- ---------------------
d2nn6i1b.40.4.5      -            125 d1jjga_b.40.4.5.aln  -             96   4.2e-31  102.7   0.0   1   1   1.6e-32   4.9e-31  102.5   0.0     2    96     1    99     1    99 0.99 -
d1wi5a_b.40.4.5      -            119 d1jjga_b.40.4.5.aln  -             96   2.4e-22   74.7   0.0   1   1   8.8e-24   2.8e-22   74.4   0.0     2    96    15   119    14   119 0.98 -
d2vnud3b.40.4.5      -            148 d1jjga_b.40.4.5.aln  -             96   6.8e-21   70.0   0.0   1   1   2.7e-22   8.6e-21   69.7   0.0     2    96    41   139    40   139 0.98 -
d2uubq1b.40.4.5      -            100 d1jjga_b.40.4.5.aln  -             96   1.5e-18   62.4   2.7   1   1   5.6e-20   1.8e-18   62.3   2.7     8    96     1    87     1    87 0.98 -
d2uubl1b.40.4.5      -            118 d1jjga_b.40.4.5.aln  -             96   5.3e-18   60.7   2.0   1   1   1.7e-19   5.3e-18   60.7   2.0     1    90    33   117    33   118 0.98 -
d1d7qa_b.40.4.5      -            143 d1jjga_b.40.4.5.aln  -             96   7.3e-17   57.1   0.0   1   1   3.2e-18     1e-16   56.6   0.0     2    96    31   129    30   129 0.98 -
d3bzka4b.40.4.5      -             94 d1jjga_b.40.4.5.aln  -             96   1.2e-14   50.0   0.6   1   1   4.4e-16   1.4e-14   49.8   0.6     5    82    15    86    11    93 0.93 -
d1go3e1b.40.4.5      -            106 d1jjga_b.40.4.5.aln  -             96   3.5e-12   42.1   0.4   1   1   1.2e-13   3.9e-12   41.9   0.4     6    94     1    93     1    95 0.95 -
d2nn6h1b.40.4.5      -             95 d1jjga_b.40.4.5.aln  -             96   4.1e-12   41.9   0.0   1   1   1.4e-13   4.5e-12   41.7   0.0     1    84     1    88     1    94 0.95 -
d1kl9a2b.40.4.5      -             86 d1jjga_b.40.4.5.aln  -             96     5e-12   41.6   0.6   1   1   1.7e-13   5.4e-12   41.5   0.6     4    85     9    86     6    86 0.93 -
d1rl2a2b.40.4.5      -             66 d1jjga_b.40.4.5.aln  -             96   6.8e-10   34.7   0.2   1   1   2.2e-11   7.1e-10   34.7   0.2    24    87     2    64     1    66 0.92 -
d2je6i1b.40.4.5      -             87 d1jjga_b.40.4.5.aln  -             96   2.9e-09   32.7   0.8   1   1   1.1e-10   3.4e-09   32.5   0.8     3    90     2    86     1    87 0.90 -
d1luza_b.40.4.5      -             85 d1jjga_b.40.4.5.aln  -             96   5.3e-08   28.7   0.2   1   1     2e-09   6.2e-08   28.5   0.2     5    88     5    83     2    85 0.94 -
d1c9oa_b.40.4.5      -             66 d1jjga_b.40.4.5.aln  -             96   7.7e-07   24.9   0.0   1   1   2.5e-08   7.9e-07   24.9   0.0    16    82     3    62     1    66 0.89 -
d1jt8a_b.40.4.5      -            102 d1jjga_b.40.4.5.aln  -             96   3.3e-06   22.9   0.4   1   1   1.2e-07   3.7e-06   22.8   0.4     3    96     4    96     2    96 0.88 -
d2ja9a1b.40.4.5      -             90 d1jjga_b.40.4.5.aln  -             96   4.2e-06   22.6   0.0   1   1   1.6e-07     5e-06   22.3   0.0     3    91     2    84     1    89 0.92 -
d1y14b1b.40.4.5      -             91 d1jjga_b.40.4.5.aln  -             96   5.2e-06   22.3   0.1   1   1   2.4e-07   7.7e-06   21.7   0.1     6    62     1    57     1    89 0.73 -
d1e3pa2b.40.4.5      -             62 d1jjga_b.40.4.5.aln  -             96   1.4e-05   20.9   0.2   1   1   4.7e-07   1.5e-05   20.8   0.2    16    76     3    61     1    62 0.93 -
d1khia2b.40.4.5      -             71 d1jjga_b.40.4.5.aln  -             96    0.0004   16.2   0.1   1   1   1.4e-05   0.00045   16.1   0.1    16    85     5    69     1    70 0.93 -
d1wfqa_b.40.4.5      -             89 d1jjga_b.40.4.5.aln  -             96   0.00045   16.1   0.0   1   1   1.4e-05   0.00045   16.1   0.0    56    91    53    88    15    89 0.82 -
d3i4oa_b.40.4.5      -             68 d1jjga_b.40.4.5.aln  -             96   0.00074   15.4   0.2   1   1   2.4e-05   0.00077   15.3   0.2    25    82    13    66     1    68 0.86 -
d2asba1b.40.4.5      -             76 d1jjga_b.40.4.5.aln  -             96    0.0018   14.2   0.1   1   1   5.8e-05    0.0018   14.1   0.1     7    82     3    73     1    76 0.90 -
d1hh2p1b.40.4.5      -             72 d1jjga_b.40.4.5.aln  -             96    0.0031   13.4   0.2   1   1   0.00011    0.0035   13.2   0.2    26    84    18    71     7    72 0.83 -
d2ix0a3b.40.4.5      -             87 d1jjga_b.40.4.5.aln  -             96    0.0032   13.3   0.1   1   1   0.00012    0.0037   13.1   0.1    15    90    10    85     6    87 0.94 -
d1smxa_b.40.4.5      -             87 d1jjga_b.40.4.5.aln  -             96    0.0052   12.7   0.0   1   1   0.00017    0.0052   12.7   0.0    45    86    45    83     3    87 0.76 -
#
# Program:         hmmsearch
# Version:         3.1b2 (February 2015)
# Pipeline mode:   SEARCH
# Query file:      hmmModels95/d1jjga_b.40.4.5.hmm
# Target file:     scop/scopTestSeq.fasta
# Option settings: hmmsearch --domtblout hmmModels95/d1jjga_b.40.4.5.out -E 1 hmmModels95/d1jjga_b.40.4.5.hmm scop/scopTestSeq.fasta 
# Current dir:     /users/nfs/Etu7/3801677/SBAS/TME8
# Date:            Tue Apr  4 15:53:48 2023
# [ok]
