#                                                                            --- full sequence --- -------------- this domain -------------   hmm coord   ali coord   env coord
# target name        accession   tlen query name           accession   qlen   E-value  score  bias   #  of  c-Evalue  i-Evalue  score  bias  from    to  from    to  from    to  acc description of target
#------------------- ---------- ----- -------------------- ---------- ----- --------- ------ ----- --- --- --------- --------- ------ ----- ----- ----- ----- ----- ----- ----- ---- ---------------------
d1kkoa2d.54.1.1      -            160 d1jpdx2d.54.1.1.aln  -            137   5.9e-49  161.4   0.0   1   1   9.3e-51   6.7e-49  161.2   0.0     1   137    15   158    15   158 0.99 -
d2akza2d.54.1.1      -            139 d1jpdx2d.54.1.1.aln  -            137   7.3e-40  131.9   0.0   1   1   1.1e-41     8e-40  131.8   0.0     3   136     2   136     1   137 0.99 -
d1wuea2d.54.1.1      -            126 d1jpdx2d.54.1.1.aln  -            137   1.5e-34  114.7   0.0   1   1   2.3e-36   1.7e-34  114.6   0.0     1   134     1   125     1   126 0.98 -
d1yeya2d.54.1.1      -            139 d1jpdx2d.54.1.1.aln  -            137   2.9e-30  100.8   0.3   1   1   4.5e-32   3.2e-30  100.7   0.3     2   136     2   138     1   139 0.98 -
d1r0ma2d.54.1.1      -            127 d1jpdx2d.54.1.1.aln  -            137   1.5e-28   95.3   0.1   1   1   2.3e-30   1.6e-28   95.2   0.1     1   135     3   127     3   127 0.99 -
d2mnra2d.54.1.1      -            130 d1jpdx2d.54.1.1.aln  -            137   1.6e-28   95.2   0.4   1   1   2.4e-30   1.8e-28   95.1   0.4     2   135     3   127     2   129 0.98 -
d1sjda2d.54.1.1      -            125 d1jpdx2d.54.1.1.aln  -            137   2.8e-28   94.4   0.0   1   1   4.3e-30   3.1e-28   94.3   0.0     1   135     1   125     1   125 0.95 -
d2gdqa2d.54.1.1      -            115 d1jpdx2d.54.1.1.aln  -            137   7.2e-27   89.8   0.0   1   1   1.2e-28   8.6e-27   89.6   0.0     1   135     1   115     1   115 0.98 -
d2gl5a2d.54.1.1      -            122 d1jpdx2d.54.1.1.aln  -            137   1.1e-26   89.2   0.0   1   1   1.9e-28   1.4e-26   88.9   0.0     2   135     2   122     1   122 0.96 -
d1r6wa2d.54.1.1      -            101 d1jpdx2d.54.1.1.aln  -            137   3.2e-15   52.1   0.0   1   2   2.2e-09   1.6e-07   27.2   0.0     2    49     2    48     1    50 0.96 -
d1r6wa2d.54.1.1      -            101 d1jpdx2d.54.1.1.aln  -            137   3.2e-15   52.1   0.0   2   2   1.5e-08   1.1e-06   24.5   0.0    78   135    48    99    47   101 0.94 -
d1jpdx2d.54.1.1      -            116 d1jpdx2d.54.1.1.aln  -            137   2.8e-11   39.3   0.9   1   1     1e-11   7.3e-10   34.8   0.9     2   134     3   115     2   116 0.84 -
#
# Program:         hmmsearch
# Version:         3.1b2 (February 2015)
# Pipeline mode:   SEARCH
# Query file:      hmmModels95/d1jpdx2d.54.1.1.hmm
# Target file:     scop/scopTestSeq.fasta
# Option settings: hmmsearch --domtblout hmmModels95/d1jpdx2d.54.1.1.out -E 1 hmmModels95/d1jpdx2d.54.1.1.hmm scop/scopTestSeq.fasta 
# Current dir:     /users/nfs/Etu7/3801677/SBAS/TME8
# Date:            Tue Apr  4 15:53:48 2023
# [ok]
