#                                                                            --- full sequence --- -------------- this domain -------------   hmm coord   ali coord   env coord
# target name        accession   tlen query name           accession   qlen   E-value  score  bias   #  of  c-Evalue  i-Evalue  score  bias  from    to  from    to  from    to  acc description of target
#------------------- ---------- ----- -------------------- ---------- ----- --------- ------ ----- --- --- --------- --------- ------ ----- ----- ----- ----- ----- ----- ----- ---- ---------------------
d1g41a_c.37.1.20     -            443 d1jqlb_c.37.1.20.aln -            289    6e-135  444.7   7.3   1   1  2.2e-136  7.4e-135  444.4   7.3     1   289     4   435     4   435 1.00 -
d1um8a_c.37.1.20     -            364 d1jqlb_c.37.1.20.aln -            289  4.8e-106  349.8   3.9   1   1  1.6e-107  5.5e-106  349.6   3.9     2   289     8   364     7   364 0.99 -
d2p65a_c.37.1.20     -            185 d1jqlb_c.37.1.20.aln -            289   4.5e-57  189.1   1.2   1   1   1.5e-58     5e-57  189.0   1.2     5   190     2   185     1   185 0.99 -
d1r6bx3c.37.1.20     -            315 d1jqlb_c.37.1.20.aln -            289   8.6e-54  178.3   0.1   1   1   2.8e-55   9.7e-54  178.2   0.1     1   288    12   306    12   307 0.98 -
d1svma_c.37.1.20     -            362 d1jqlb_c.37.1.20.aln -            289   1.1e-45  151.8   0.0   1   1   3.5e-47   1.2e-45  151.6   0.0     2   289     3   335     2   335 0.99 -
d1iqpa2c.37.1.20     -            231 d1jqlb_c.37.1.20.aln -            289   5.1e-41  136.4   0.7   1   1   1.8e-42     6e-41  136.2   0.7     9   245     9   224     3   230 0.96 -
d1lv7a_c.37.1.20     -            256 d1jqlb_c.37.1.20.aln -            289   2.7e-37  124.2   0.0   1   1     1e-38   3.5e-37  123.8   0.0     8   261     9   251     4   255 0.96 -
d1njfa_c.37.1.20     -            239 d1jqlb_c.37.1.20.aln -            289   6.6e-33  109.8   0.0   1   1   2.3e-34   7.9e-33  109.5   0.0    15   227     3   212     1   224 0.97 -
d1g8pa_c.37.1.20     -            333 d1jqlb_c.37.1.20.aln -            289   9.1e-30   99.5   0.0   1   1   1.1e-30   3.9e-29   97.4   0.0     6   287    11   309     8   311 0.98 -
d1sxja2c.37.1.20     -            253 d1jqlb_c.37.1.20.aln -            289   5.4e-25   83.8   0.0   1   1   1.7e-26   5.7e-25   83.7   0.0    10   251    13   246     4   253 0.92 -
d2fnaa2c.37.1.20     -            283 d1jqlb_c.37.1.20.aln -            289     6e-25   83.7   0.1   1   1   7.3e-25   2.5e-23   78.4   0.1    37   261    21   280    16   283 0.89 -
d1in4a2c.37.1.20     -            238 d1jqlb_c.37.1.20.aln -            289   5.3e-22   74.0   1.7   1   2   4.3e-10   1.5e-08   29.9   0.1    13    77    11    67     3    83 0.77 -
d1in4a2c.37.1.20     -            238 d1jqlb_c.37.1.20.aln -            289   5.3e-22   74.0   1.7   2   2   2.3e-14   7.9e-13   43.9   0.2   118   255    85   230    75   238 0.93 -
d2a5yb3c.37.1.20     -            277 d1jqlb_c.37.1.20.aln -            289   1.6e-19   65.8   0.0   1   1   5.3e-21   1.8e-19   65.7   0.0     7   272     4   268     1   276 0.93 -
d1w5sa2c.37.1.20     -            287 d1jqlb_c.37.1.20.aln -            289     7e-19   63.8   0.1   1   1   2.5e-20   8.6e-19   63.5   0.1     6   251     6   271     2   286 0.93 -
d1ny5a2c.37.1.20     -            247 d1jqlb_c.37.1.20.aln -            289   9.6e-16   53.5   0.3   1   1   3.4e-17   1.2e-15   53.2   0.3    48   242    26   219     6   242 0.86 -
d1fnna2c.37.1.20     -            276 d1jqlb_c.37.1.20.aln -            289   2.7e-15   52.0   0.0   1   1     1e-16   3.5e-15   51.6   0.0     8   267     3   270     1   275 0.88 -
d1d2na_c.37.1.20     -            246 d1jqlb_c.37.1.20.aln -            289     1e-14   50.1   0.0   1   1   3.5e-16   1.2e-14   49.9   0.0    22   263    18   246     4   246 0.89 -
d1l8qa2c.37.1.20     -            213 d1jqlb_c.37.1.20.aln -            289     9e-13   43.7   1.0   1   1   2.9e-14   9.9e-13   43.6   1.0    15   240     4   211     1   213 0.94 -
d1a5ta2c.37.1.20     -            207 d1jqlb_c.37.1.20.aln -            289   5.2e-10   34.6   0.0   1   1   1.6e-11   5.4e-10   34.6   0.0    11   225     3   198     1   207 0.88 -
d1u0ja_c.37.1.20     -            267 d1jqlb_c.37.1.20.aln -            289   5.9e-06   21.3   0.0   1   1   2.2e-07   7.4e-06   21.0   0.0     9   258    14   262     7   266 0.94 -
d2gnoa2c.37.1.20     -            198 d1jqlb_c.37.1.20.aln -            289   3.2e-05   19.0   0.0   1   1   1.1e-06   3.6e-05   18.7   0.0   121   240    81   189    30   196 0.91 -
d1y63a_c.37.1.1      -            174 d1jqlb_c.37.1.20.aln -            289   0.00012   17.1   0.1   1   3   3.4e-06   0.00012   17.1   0.1    47    76     7    36     6    45 0.86 -
d1y63a_c.37.1.1      -            174 d1jqlb_c.37.1.20.aln -            289   0.00012   17.1   0.1   2   3      0.68        23   -0.3   0.0     6    24    51    69    47    72 0.85 -
d1y63a_c.37.1.1      -            174 d1jqlb_c.37.1.20.aln -            289   0.00012   17.1   0.1   3   3       1.6        55   -1.5   0.5   226   256   122   152   109   173 0.59 -
d1tuea_c.37.1.20     -            205 d1jqlb_c.37.1.20.aln -            289   0.00042   15.3   0.0   1   1   2.6e-05   0.00087   14.2   0.0    15   242     6   203     2   205 0.90 -
#
# Program:         hmmsearch
# Version:         3.1b2 (February 2015)
# Pipeline mode:   SEARCH
# Query file:      hmmModels95/d1jqlb_c.37.1.20.hmm
# Target file:     scop/scopTestSeq.fasta
# Option settings: hmmsearch --domtblout hmmModels95/d1jqlb_c.37.1.20.out -E 1 hmmModels95/d1jqlb_c.37.1.20.hmm scop/scopTestSeq.fasta 
# Current dir:     /users/nfs/Etu7/3801677/SBAS/TME8
# Date:            Tue Apr  4 15:53:48 2023
# [ok]
