#                                                                            --- full sequence --- -------------- this domain -------------   hmm coord   ali coord   env coord
# target name        accession   tlen query name           accession   qlen   E-value  score  bias   #  of  c-Evalue  i-Evalue  score  bias  from    to  from    to  from    to  acc description of target
#------------------- ---------- ----- -------------------- ---------- ----- --------- ------ ----- --- --- --------- --------- ------ ----- ----- ----- ----- ----- ----- ----- ---- ---------------------
d2jhfa2c.2.1.1       -            176 d1jqba2c.2.1.1.aln   -            178   2.6e-61  202.0   1.8   1   1     5e-63   2.8e-61  201.9   1.8     2   175     2   176     1   176 0.99 -
d1kola2c.2.1.1       -            195 d1jqba2c.2.1.1.aln   -            178   3.6e-53  175.5   3.2   1   1   7.2e-55     4e-53  175.3   3.2     5   177     2   178     1   179 0.98 -
d1qora2c.2.1.1       -            179 d1jqba2c.2.1.1.aln   -            178   1.8e-45  150.4   0.2   1   1   3.5e-47   1.9e-45  150.3   0.2     3   174     3   174     1   178 0.97 -
d1pqwa_c.2.1.1       -            183 d1jqba2c.2.1.1.aln   -            178   2.7e-44  146.6   0.5   1   1   5.2e-46   2.9e-44  146.4   0.5     5   175     2   172     1   175 0.98 -
d2dm6a2c.2.1.1       -            182 d1jqba2c.2.1.1.aln   -            178   1.5e-43  144.1   0.3   1   1     3e-45   1.7e-43  144.0   0.3     2   177     5   176     4   177 0.96 -
d1gu7a2c.2.1.1       -            189 d1jqba2c.2.1.1.aln   -            178   1.6e-43  144.1   0.0   1   1   3.1e-45   1.7e-43  143.9   0.0     2   178     3   186     2   186 0.98 -
d1vj0a2c.2.1.1       -            182 d1jqba2c.2.1.1.aln   -            178   3.2e-43  143.0   0.0   1   1   6.2e-45   3.5e-43  142.9   0.0     4   176     4   179     1   181 0.97 -
d1h2ba2c.2.1.1       -            172 d1jqba2c.2.1.1.aln   -            178     1e-42  141.4   2.3   1   1     2e-44   1.1e-42  141.3   2.3     2   171     6   171     5   172 0.94 -
d1pl8a2c.2.1.1       -            171 d1jqba2c.2.1.1.aln   -            178   7.7e-42  138.6   5.7   1   1   1.5e-43   8.3e-42  138.4   5.7     5   175     4   169     1   171 0.95 -
d1yb5a2c.2.1.1       -            174 d1jqba2c.2.1.1.aln   -            178   3.7e-40  133.1   1.6   1   1   7.9e-42   4.5e-40  132.8   1.6     3   176     3   174     2   174 0.95 -
d1o89a2c.2.1.1       -            177 d1jqba2c.2.1.1.aln   -            178   7.8e-40  132.0   1.5   1   1   1.5e-41   8.6e-40  131.9   1.5     1   176     6   171     6   173 0.96 -
d1piwa2c.2.1.1       -            168 d1jqba2c.2.1.1.aln   -            178   7.2e-38  125.6   0.0   1   1   1.4e-39   7.9e-38  125.5   0.0     3   174     4   168     2   168 0.97 -
d1jqba2c.2.1.1       -            174 d1jqba2c.2.1.1.aln   -            178   3.3e-34  113.7   4.8   1   1   6.7e-36   3.8e-34  113.5   4.8     2   154     1   153     1   170 0.95 -
d1c1da1c.2.1.7       -            201 d1jqba2c.2.1.1.aln   -            178   2.7e-05   19.5   7.6   1   1     7e-07   3.9e-05   19.0   7.6    23    81    22    78     4   118 0.85 -
#
# Program:         hmmsearch
# Version:         3.1b2 (February 2015)
# Pipeline mode:   SEARCH
# Query file:      hmmModels95/d1jqba2c.2.1.1.hmm
# Target file:     scop/scopTestSeq.fasta
# Option settings: hmmsearch --domtblout hmmModels95/d1jqba2c.2.1.1.out -E 1 hmmModels95/d1jqba2c.2.1.1.hmm scop/scopTestSeq.fasta 
# Current dir:     /users/nfs/Etu7/3801677/SBAS/TME8
# Date:            Tue Apr  4 15:53:48 2023
# [ok]
