#                                                                            --- full sequence --- -------------- this domain -------------   hmm coord   ali coord   env coord
# target name        accession   tlen query name           accession   qlen   E-value  score  bias   #  of  c-Evalue  i-Evalue  score  bias  from    to  from    to  from    to  acc description of target
#------------------- ---------- ----- -------------------- ---------- ----- --------- ------ ----- --- --- --------- --------- ------ ----- ----- ----- ----- ----- ----- ----- ---- ---------------------
d2dw4a2c.3.1.2       -            450 d1ju2a1c.3.1.2.aln   -            370    2e-136  450.3   1.5   1   2   4.8e-11   1.7e-09   32.7   0.2     7    43     8    44     4    44 0.97 -
d2dw4a2c.3.1.2       -            450 d1ju2a1c.3.1.2.aln   -            370    2e-136  450.3   1.5   2   2  3.4e-130  1.2e-128  424.8   0.1     7   370    37   410    36   410 1.00 -
d2iida1c.3.1.2       -            371 d1ju2a1c.3.1.2.aln   -            370  1.5e-104  345.4   0.0   1   1    5e-106  1.7e-104  345.2   0.0     2   351    28   371    27   371 0.99 -
d1n4wa1c.3.1.2       -            368 d1ju2a1c.3.1.2.aln   -            370   1.5e-87  289.5   0.2   1   1   4.9e-89   1.7e-87  289.3   0.2     3   369    17   367    15   368 0.99 -
d2f5va1c.3.1.2       -            380 d1ju2a1c.3.1.2.aln   -            370   4.6e-86  284.6   0.0   1   1   1.5e-87   5.1e-86  284.4   0.0     1   369     1   375     1   376 0.99 -
d2gmha1c.3.1.2       -            381 d1ju2a1c.3.1.2.aln   -            370   3.7e-84  278.3   0.0   1   1   1.2e-85   4.2e-84  278.1   0.0     3   361    31   381    29   381 0.99 -
d1seza1c.3.1.2       -            374 d1ju2a1c.3.1.2.aln   -            370   5.3e-83  274.5   0.0   1   1   1.7e-84   5.9e-83  274.4   0.0     5   369     2   371     1   372 0.99 -
d1b5qa1c.3.1.2       -            348 d1ju2a1c.3.1.2.aln   -            370     1e-80  267.0   0.1   1   1   3.4e-82   1.2e-80  266.8   0.1     5   354     1   348     1   348 1.00 -
d1kdga1c.3.1.2       -            361 d1ju2a1c.3.1.2.aln   -            370     1e-76  253.8   0.0   1   1   3.4e-78   1.2e-76  253.6   0.0     3   368     1   358     1   360 0.99 -
d1pn0a1c.3.1.2       -            361 d1ju2a1c.3.1.2.aln   -            370   4.9e-74  245.0   0.0   1   1   1.6e-75   5.4e-74  244.9   0.0     2   369     5   360     4   361 0.99 -
d2ivda1c.3.1.2       -            348 d1ju2a1c.3.1.2.aln   -            370     6e-60  198.6   0.3   1   1     2e-61   6.7e-60  198.5   0.3     6   365     2   347     1   348 0.99 -
d1pj5a2c.3.1.2       -            306 d1ju2a1c.3.1.2.aln   -            370   1.7e-47  157.7   0.1   1   1   5.5e-49   1.9e-47  157.5   0.1     5   362     2   306     1   306 0.99 -
d1k0ia1c.3.1.2       -            293 d1ju2a1c.3.1.2.aln   -            370   2.2e-47  157.3   0.0   1   1   7.2e-49   2.5e-47  157.1   0.0     4   361     2   293     1   293 0.99 -
d2gf3a1c.3.1.2       -            282 d1ju2a1c.3.1.2.aln   -            370   9.3e-46  151.9   0.0   1   1   3.3e-47   1.1e-45  151.7   0.0     2   359     1   282     1   282 0.99 -
d1ryia1c.3.1.2       -            277 d1ju2a1c.3.1.2.aln   -            370   4.9e-45  149.6   0.0   1   1   1.6e-46   5.6e-45  149.4   0.0     1   350     1   274     1   277 0.98 -
d3c96a1c.3.1.2       -            289 d1ju2a1c.3.1.2.aln   -            370   4.4e-41  136.6   0.5   1   1   1.4e-42   4.9e-41  136.4   0.5     5   356     2   288     1   289 0.98 -
d2voua1c.3.1.2       -            266 d1ju2a1c.3.1.2.aln   -            370     6e-40  132.8   0.8   1   1     9e-41   3.1e-39  130.5   0.8     2   344     2   264     1   266 0.98 -
d1w4xa1c.3.1.5       -            299 d1ju2a1c.3.1.2.aln   -            370     5e-06   21.2   0.1   1   1   2.8e-07   9.6e-06   20.3   0.1     5    45     8    48     5    54 0.93 -
d1nhpa2c.3.1.5       -            123 d1ju2a1c.3.1.2.aln   -            370   9.7e-06   20.3   0.1   1   1   3.1e-07   1.1e-05   20.1   0.1     6    41    32    67    29   113 0.92 -
d1v59a2c.3.1.5       -            122 d1ju2a1c.3.1.2.aln   -            370     2e-05   19.3   0.2   1   1   9.3e-07   3.2e-05   18.6   0.2     4    34    23    53    21    70 0.92 -
d1ju2a1c.3.1.2       -            352 d1ju2a1c.3.1.2.aln   -            370   3.4e-05   18.5   0.0   1   2   2.4e-06   8.4e-05   17.2   0.0     5    39    27    60    26    63 0.93 -
d1ju2a1c.3.1.2       -            352 d1ju2a1c.3.1.2.aln   -            370   3.4e-05   18.5   0.0   2   2       3.5   1.2e+02   -3.1   0.0   318   340   298   320   241   336 0.56 -
d1v59a1c.3.1.5       -            234 d1ju2a1c.3.1.2.aln   -            370   0.00012   16.7   1.1   1   2   4.6e-06   0.00016   16.3   0.4     6    41     7    42     5    44 0.96 -
d1v59a1c.3.1.5       -            234 d1ju2a1c.3.1.2.aln   -            370   0.00012   16.7   1.1   2   2       3.4   1.2e+02   -3.0   0.0    74   105    91   122    71   127 0.69 -
d2gv8a1c.3.1.5       -            336 d1ju2a1c.3.1.2.aln   -            370   0.00015   16.3   0.0   1   1   6.8e-06   0.00023   15.7   0.0     7    63     7    68     5    85 0.81 -
d1xhca2c.3.1.5       -            122 d1ju2a1c.3.1.2.aln   -            370   0.00049   14.7   0.7   1   1   2.1e-05   0.00071   14.1   0.7     8    36    36    64    34    70 0.92 -
#
# Program:         hmmsearch
# Version:         3.1b2 (February 2015)
# Pipeline mode:   SEARCH
# Query file:      hmmModels95/d1ju2a1c.3.1.2.hmm
# Target file:     scop/scopTestSeq.fasta
# Option settings: hmmsearch --domtblout hmmModels95/d1ju2a1c.3.1.2.out -E 1 hmmModels95/d1ju2a1c.3.1.2.hmm scop/scopTestSeq.fasta 
# Current dir:     /users/nfs/Etu7/3801677/SBAS/TME8
# Date:            Tue Apr  4 15:53:48 2023
# [ok]
