#                                                                            --- full sequence --- -------------- this domain -------------   hmm coord   ali coord   env coord
# target name        accession   tlen query name           accession   qlen   E-value  score  bias   #  of  c-Evalue  i-Evalue  score  bias  from    to  from    to  from    to  acc description of target
#------------------- ---------- ----- -------------------- ---------- ----- --------- ------ ----- --- --- --------- --------- ------ ----- ----- ----- ----- ----- ----- ----- ---- ---------------------
d2c4ja1a.45.1.1      -            133 d1k0ma1a.45.1.1.aln  -            138   3.8e-43  142.3   0.1   1   1   5.8e-45   4.1e-43  142.1   0.1     1   138     1   132     1   132 0.99 -
d1k3ya1a.45.1.1      -            142 d1k0ma1a.45.1.1.aln  -            138   3.2e-33  110.1   0.0   1   1   4.8e-35   3.5e-33  110.0   0.0     1   133     1   132     1   137 0.97 -
d1tu7a1a.45.1.1      -            131 d1k0ma1a.45.1.1.aln  -            138   1.5e-31  104.7   0.1   1   1   2.2e-33   1.6e-31  104.6   0.1     3   134     1   130     1   131 0.98 -
d1z9ha1a.45.1.1      -            161 d1k0ma1a.45.1.1.aln  -            138   3.2e-28   93.9   0.1   1   1   5.1e-30   3.6e-28   93.7   0.1     2   137    10   160     9   161 0.98 -
d1nhya1a.45.1.1      -            144 d1k0ma1a.45.1.1.aln  -            138   2.9e-26   87.6   0.0   1   1   4.6e-28   3.3e-26   87.4   0.0     3   133    13   144    11   144 0.95 -
d1okta1a.45.1.1      -            126 d1k0ma1a.45.1.1.aln  -            138   1.1e-25   85.7   0.0   1   1   1.8e-27   1.3e-25   85.5   0.0     2   124     1   123     1   125 0.94 -
d2cvda1a.45.1.1      -            124 d1k0ma1a.45.1.1.aln  -            138   3.8e-23   77.5   0.1   1   1   5.8e-25   4.1e-23   77.4   0.1     2   126     3   123     2   124 0.94 -
d1tw9a1a.45.1.1      -            129 d1k0ma1a.45.1.1.aln  -            138     1e-22   76.1   0.0   1   1   1.6e-24   1.1e-22   76.0   0.0     3   125     2   127     1   129 0.96 -
d1eema1a.45.1.1      -            139 d1k0ma1a.45.1.1.aln  -            138     1e-22   76.1   0.1   1   1   1.7e-24   1.2e-22   75.9   0.1     2   132     1   127     1   132 0.96 -
d2fnoa1a.45.1.1      -            149 d1k0ma1a.45.1.1.aln  -            138     1e-20   69.6   0.0   1   1   1.6e-22   1.1e-20   69.5   0.0     2   135     1   140     1   143 0.96 -
d1gnwa1a.45.1.1      -            126 d1k0ma1a.45.1.1.aln  -            138   2.3e-19   65.2   0.1   1   1   3.4e-21   2.4e-19   65.2   0.1    12   117    15   124     5   126 0.93 -
#
# Program:         hmmsearch
# Version:         3.1b2 (February 2015)
# Pipeline mode:   SEARCH
# Query file:      hmmModels95/d1k0ma1a.45.1.1.hmm
# Target file:     scop/scopTestSeq.fasta
# Option settings: hmmsearch --domtblout hmmModels95/d1k0ma1a.45.1.1.out -E 1 hmmModels95/d1k0ma1a.45.1.1.hmm scop/scopTestSeq.fasta 
# Current dir:     /users/nfs/Etu7/3801677/SBAS/TME8
# Date:            Tue Apr  4 15:53:49 2023
# [ok]
