#                                                                            --- full sequence --- -------------- this domain -------------   hmm coord   ali coord   env coord
# target name        accession   tlen query name           accession   qlen   E-value  score  bias   #  of  c-Evalue  i-Evalue  score  bias  from    to  from    to  from    to  acc description of target
#------------------- ---------- ----- -------------------- ---------- ----- --------- ------ ----- --- --- --------- --------- ------ ----- ----- ----- ----- ----- ----- ----- ---- ---------------------
d2c4ja1a.45.1.1      -            133 d1k3ya1a.45.1.1.aln  -            138   1.9e-42  139.7   0.1   1   1   3.3e-44   2.1e-42  139.6   0.1     1   138     1   132     1   132 0.99 -
d1tu7a1a.45.1.1      -            131 d1k3ya1a.45.1.1.aln  -            138   5.9e-34  112.2   0.1   1   1   9.9e-36   6.5e-34  112.1   0.1     3   134     1   130     1   131 0.97 -
d1k3ya1a.45.1.1      -            142 d1k3ya1a.45.1.1.aln  -            138   1.8e-29   97.7   0.1   1   1   3.2e-31   2.1e-29   97.5   0.1     1   132     1   131     1   136 0.98 -
d1okta1a.45.1.1      -            126 d1k3ya1a.45.1.1.aln  -            138   1.9e-27   91.1   0.1   1   1   3.4e-29   2.2e-27   90.9   0.1     2   124     1   123     1   125 0.97 -
d1eema1a.45.1.1      -            139 d1k3ya1a.45.1.1.aln  -            138     6e-24   79.8   0.1   1   1     1e-25   6.6e-24   79.7   0.1     2   134     1   129     1   133 0.95 -
d1tw9a1a.45.1.1      -            129 d1k3ya1a.45.1.1.aln  -            138   1.2e-22   75.5   0.0   1   1   2.1e-24   1.4e-22   75.4   0.0     3   125     2   127     1   129 0.91 -
d2cvda1a.45.1.1      -            124 d1k3ya1a.45.1.1.aln  -            138     5e-21   70.3   0.1   1   1   8.4e-23   5.5e-21   70.2   0.1     2   126     3   123     2   124 0.94 -
d1nhya1a.45.1.1      -            144 d1k3ya1a.45.1.1.aln  -            138   1.2e-20   69.1   0.0   1   1     2e-22   1.3e-20   69.0   0.0     1   133     8   144     8   144 0.98 -
d1gnwa1a.45.1.1      -            126 d1k3ya1a.45.1.1.aln  -            138   5.1e-18   60.6   0.1   1   1   8.3e-20   5.5e-18   60.5   0.1     5   117    10   124     6   126 0.94 -
d1k0ma1a.45.1.1      -            149 d1k3ya1a.45.1.1.aln  -            138   4.8e-17   57.4   0.0   1   1   8.2e-19   5.4e-17   57.3   0.0     4   134     9   147     6   149 0.96 -
d1z9ha1a.45.1.1      -            161 d1k3ya1a.45.1.1.aln  -            138   5.1e-14   47.7   0.4   1   2     8e-10   5.3e-08   28.2   0.1     4    92    10   104     7   106 0.96 -
d1z9ha1a.45.1.1      -            161 d1k3ya1a.45.1.1.aln  -            138   5.1e-14   47.7   0.4   2   2   6.7e-07   4.4e-05   18.7   0.0    61   110   106   155   101   158 0.93 -
d2fnoa1a.45.1.1      -            149 d1k3ya1a.45.1.1.aln  -            138   5.2e-12   41.1   0.0   1   1   9.2e-14     6e-12   40.9   0.0     2   130     1   135     1   142 0.95 -
#
# Program:         hmmsearch
# Version:         3.1b2 (February 2015)
# Pipeline mode:   SEARCH
# Query file:      hmmModels95/d1k3ya1a.45.1.1.hmm
# Target file:     scop/scopTestSeq.fasta
# Option settings: hmmsearch --domtblout hmmModels95/d1k3ya1a.45.1.1.out -E 1 hmmModels95/d1k3ya1a.45.1.1.hmm scop/scopTestSeq.fasta 
# Current dir:     /users/nfs/Etu7/3801677/SBAS/TME8
# Date:            Tue Apr  4 15:53:49 2023
# [ok]
