#                                                                            --- full sequence --- -------------- this domain -------------   hmm coord   ali coord   env coord
# target name        accession   tlen query name           accession   qlen   E-value  score  bias   #  of  c-Evalue  i-Evalue  score  bias  from    to  from    to  from    to  acc description of target
#------------------- ---------- ----- -------------------- ---------- ----- --------- ------ ----- --- --- --------- --------- ------ ----- ----- ----- ----- ----- ----- ----- ---- ---------------------
d1s8na_c.23.1.1      -            190 d1k66a_c.23.1.1.aln  -            129     6e-59  193.0   0.9   1   1   1.9e-60   8.8e-59  192.4   0.9     2   129     3   128     2   128 0.98 -
d1jbea_c.23.1.1      -            128 d1k66a_c.23.1.1.aln  -            129   2.4e-41  136.0   0.1   1   1   5.7e-43   2.6e-41  135.9   0.1     3   123     5   126     3   128 0.98 -
d1kgsa2c.23.1.1      -            122 d1k66a_c.23.1.1.aln  -            129     2e-38  126.6   0.2   1   1   4.6e-40   2.2e-38  126.5   0.2     3   124     2   121     1   122 0.97 -
d1mb3a_c.23.1.1      -            123 d1k66a_c.23.1.1.aln  -            129   6.3e-37  121.8   0.1   1   1   1.5e-38   6.9e-37  121.6   0.1     3   123     2   122     1   123 0.98 -
d1dz3a_c.23.1.1      -            123 d1k66a_c.23.1.1.aln  -            129     6e-36  118.6   0.0   1   1   1.4e-37   6.5e-36  118.5   0.0     3   121     2   121     1   123 0.95 -
d2r25b_c.23.1.1      -            133 d1k66a_c.23.1.1.aln  -            129   3.3e-35  116.2   0.0   1   1   7.6e-37   3.5e-35  116.1   0.0     2   124     2   129     1   133 0.96 -
d1dbwa_c.23.1.1      -            123 d1k66a_c.23.1.1.aln  -            129   9.2e-33  108.3   0.3   1   1   2.1e-34   9.9e-33  108.2   0.3     2   122     3   121     2   123 0.97 -
d3cfya_c.23.1.0      -            130 d1k66a_c.23.1.1.aln  -            129   2.6e-28   93.9   0.1   1   1   6.7e-30   3.1e-28   93.6   0.1     3   124     3   122     2   126 0.96 -
d2v0na2c.23.1.1      -            153 d1k66a_c.23.1.1.aln  -            129   8.9e-27   88.9   0.1   1   1   2.4e-28   1.1e-26   88.6   0.1     4   128    15   137     6   138 0.85 -
d3heba_c.23.1.0      -            142 d1k66a_c.23.1.1.aln  -            129   7.6e-26   85.9   0.0   1   1   1.9e-27     9e-26   85.7   0.0     4   119     2   128     1   136 0.95 -
d3khta_c.23.1.0      -            132 d1k66a_c.23.1.1.aln  -            129   7.4e-24   79.5   0.0   1   1   1.7e-25     8e-24   79.4   0.0     3   120     2   122     1   130 0.91 -
d1k66a_c.23.1.1      -            149 d1k66a_c.23.1.1.aln  -            129   5.5e-23   76.7   0.0   1   1   1.5e-24   7.1e-23   76.3   0.0     6   123    10   139     6   144 0.96 -
d2b4aa1c.23.1.1      -            118 d1k66a_c.23.1.1.aln  -            129   5.1e-20   67.1   0.0   1   1   1.3e-21   6.1e-20   66.8   0.0     2   118     2   114     1   117 0.91 -
d3eqza_c.23.1.0      -            124 d1k66a_c.23.1.1.aln  -            129   4.7e-16   54.3   0.0   1   1   1.4e-17   6.4e-16   53.8   0.0     4   113     3   114     2   124 0.73 -
d2plna_c.23.1.0      -            118 d1k66a_c.23.1.1.aln  -            129   3.6e-14   48.2   0.1   1   1   9.2e-16   4.3e-14   47.9   0.1     2   119     4   116     3   118 0.91 -
d3ktoa_c.23.1.0      -            122 d1k66a_c.23.1.1.aln  -            129   6.3e-12   40.9   0.3   1   1   1.5e-13   7.1e-12   40.8   0.3     5   121     3   119     1   122 0.89 -
d1q0qa2c.2.1.3       -            152 d1k66a_c.23.1.1.aln  -            129   7.5e-05   18.0   0.1   1   2       1.2        58   -1.0   0.0    64    93    16    44    14    49 0.63 -
d1q0qa2c.2.1.3       -            152 d1k66a_c.23.1.1.aln  -            129   7.5e-05   18.0   0.1   2   2   5.1e-06   0.00023   16.4   0.1     8    52    55    98    50   116 0.90 -
#
# Program:         hmmsearch
# Version:         3.1b2 (February 2015)
# Pipeline mode:   SEARCH
# Query file:      hmmModels95/d1k66a_c.23.1.1.hmm
# Target file:     scop/scopTestSeq.fasta
# Option settings: hmmsearch --domtblout hmmModels95/d1k66a_c.23.1.1.out -E 1 hmmModels95/d1k66a_c.23.1.1.hmm scop/scopTestSeq.fasta 
# Current dir:     /users/nfs/Etu7/3801677/SBAS/TME8
# Date:            Tue Apr  4 15:53:49 2023
# [ok]
