#                                                                            --- full sequence --- -------------- this domain -------------   hmm coord   ali coord   env coord
# target name        accession   tlen query name           accession   qlen   E-value  score  bias   #  of  c-Evalue  i-Evalue  score  bias  from    to  from    to  from    to  acc description of target
#------------------- ---------- ----- -------------------- ---------- ----- --------- ------ ----- --- --- --------- --------- ------ ----- ----- ----- ----- ----- ----- ----- ---- ---------------------
d2dw4a2c.3.1.2       -            450 d1kdga1c.3.1.2.aln   -            365  1.1e-132  437.9   1.2   1   2   1.1e-09   3.8e-08   28.2   0.2    10    46     8    44     3    44 0.96 -
d2dw4a2c.3.1.2       -            450 d1kdga1c.3.1.2.aln   -            365  1.1e-132  437.9   1.2   2   2  9.8e-128  3.4e-126  416.6   0.1     1   365    28   411    28   411 1.00 -
d2iida1c.3.1.2       -            371 d1kdga1c.3.1.2.aln   -            365  3.6e-101  334.3   0.0   1   1  1.2e-102    4e-101  334.1   0.0     2   344    25   370    24   371 0.99 -
d1n4wa1c.3.1.2       -            368 d1kdga1c.3.1.2.aln   -            365   6.4e-91  300.5   0.3   1   1   2.1e-92   7.2e-91  300.4   0.3     1   363    12   367    12   368 0.99 -
d2gmha1c.3.1.2       -            381 d1kdga1c.3.1.2.aln   -            365   8.1e-82  270.6   0.0   1   1   2.7e-83   9.2e-82  270.4   0.0     1   364    26   379    26   380 0.99 -
d1seza1c.3.1.2       -            374 d1kdga1c.3.1.2.aln   -            365   1.4e-80  266.5   0.0   1   1   4.6e-82   1.6e-80  266.4   0.0     7   363     1   371     1   373 0.99 -
d2f5va1c.3.1.2       -            380 d1kdga1c.3.1.2.aln   -            365   1.6e-76  253.1   0.0   1   1   6.3e-78   2.2e-76  252.7   0.0     2   364    15   376     5   377 0.99 -
d1b5qa1c.3.1.2       -            348 d1kdga1c.3.1.2.aln   -            365   2.9e-76  252.3   0.1   1   1   9.6e-78   3.3e-76  252.1   0.1     8   348     1   348     1   348 1.00 -
d1pn0a1c.3.1.2       -            361 d1kdga1c.3.1.2.aln   -            365   4.2e-70  232.0   0.0   1   1   1.4e-71   4.7e-70  231.9   0.0     2   359     2   360     1   361 0.99 -
d1ju2a1c.3.1.2       -            352 d1kdga1c.3.1.2.aln   -            365   2.6e-67  222.8   0.1   1   1   8.5e-69   2.9e-67  222.7   0.1     3   363    23   349    21   351 0.99 -
d2ivda1c.3.1.2       -            348 d1kdga1c.3.1.2.aln   -            365   1.2e-54  181.2   0.2   1   1   3.8e-56   1.3e-54  181.1   0.2     9   363     2   346     1   348 0.98 -
d1k0ia1c.3.1.2       -            293 d1kdga1c.3.1.2.aln   -            365   5.1e-48  159.4   0.1   1   1   1.7e-49   5.7e-48  159.2   0.1     7   354     2   292     1   293 0.98 -
d2gf3a1c.3.1.2       -            282 d1kdga1c.3.1.2.aln   -            365   1.3e-46  154.7   0.0   1   1   4.4e-48   1.5e-46  154.5   0.0     5   352     1   281     1   282 0.99 -
d1pj5a2c.3.1.2       -            306 d1kdga1c.3.1.2.aln   -            365   2.7e-46  153.7   0.0   1   1   8.7e-48     3e-46  153.6   0.0     8   361     2   304     1   306 0.99 -
d1ryia1c.3.1.2       -            277 d1kdga1c.3.1.2.aln   -            365   6.8e-44  145.8   0.0   1   1   2.2e-45   7.5e-44  145.7   0.0     5   345     2   275     1   277 0.98 -
d3c96a1c.3.1.2       -            289 d1kdga1c.3.1.2.aln   -            365     7e-44  145.8   0.6   1   1   2.3e-45   7.7e-44  145.6   0.6     8   349     2   287     1   289 0.99 -
d2voua1c.3.1.2       -            266 d1kdga1c.3.1.2.aln   -            365   2.9e-41  137.2   0.8   1   1   9.3e-41   3.2e-39  130.4   0.8     5   353     2   265     1   266 0.98 -
d1kdga1c.3.1.2       -            361 d1kdga1c.3.1.2.aln   -            365   2.8e-10   35.2   0.5   1   2   2.6e-09   8.9e-08   27.0   0.2     7    45     2    40     1    44 0.90 -
d1kdga1c.3.1.2       -            361 d1kdga1c.3.1.2.aln   -            365   2.8e-10   35.2   0.5   2   2    0.0046      0.16    6.4   0.0   314   361   310   357   308   361 0.91 -
d1w4xa1c.3.1.5       -            299 d1kdga1c.3.1.2.aln   -            365   3.5e-06   21.7   0.1   1   1   1.6e-07   5.4e-06   21.1   0.1     9    48     9    48     5    54 0.93 -
d1v59a2c.3.1.5       -            122 d1kdga1c.3.1.2.aln   -            365   3.2e-05   18.6   0.0   1   1   1.3e-06   4.4e-05   18.1   0.0     7    37    23    53    21    62 0.92 -
d1v59a1c.3.1.5       -            234 d1kdga1c.3.1.2.aln   -            365   0.00049   14.7   0.7   1   1   2.4e-05   0.00082   13.9   0.7     9    44     7    42     5    43 0.95 -
d1nhpa2c.3.1.5       -            123 d1kdga1c.3.1.2.aln   -            365    0.0018   12.8   0.3   1   1   7.5e-05    0.0026   12.3   0.3     9    37    32    60    28    68 0.92 -
d2gv8a1c.3.1.5       -            336 d1kdga1c.3.1.2.aln   -            365    0.0019   12.7   0.0   1   1   8.1e-05    0.0028   12.2   0.0     9    45     6    44     2    67 0.86 -
d1xhca2c.3.1.5       -            122 d1kdga1c.3.1.2.aln   -            365    0.0073   10.8   0.5   1   1   0.00031     0.011   10.3   0.5    10    39    35    64    29    66 0.91 -
#
# Program:         hmmsearch
# Version:         3.1b2 (February 2015)
# Pipeline mode:   SEARCH
# Query file:      hmmModels95/d1kdga1c.3.1.2.hmm
# Target file:     scop/scopTestSeq.fasta
# Option settings: hmmsearch --domtblout hmmModels95/d1kdga1c.3.1.2.out -E 1 hmmModels95/d1kdga1c.3.1.2.hmm scop/scopTestSeq.fasta 
# Current dir:     /users/nfs/Etu7/3801677/SBAS/TME8
# Date:            Tue Apr  4 15:53:49 2023
# [ok]
