#                                                                            --- full sequence --- -------------- this domain -------------   hmm coord   ali coord   env coord
# target name        accession   tlen query name           accession   qlen   E-value  score  bias   #  of  c-Evalue  i-Evalue  score  bias  from    to  from    to  from    to  acc description of target
#------------------- ---------- ----- -------------------- ---------- ----- --------- ------ ----- --- --- --------- --------- ------ ----- ----- ----- ----- ----- ----- ----- ---- ---------------------
d3hl8a_c.55.3.5      -            470 d1kfsa1c.55.3.5.aln  -            326  6.5e-151  497.5   0.5   1   1  1.5e-152  8.4e-151  497.2   0.5     1   326    21   417    21   417 1.00 -
d1s5ja1c.55.3.5      -            410 d1kfsa1c.55.3.5.aln  -            326   2.2e-99  328.2   2.2   1   1  4.5e-101   2.5e-99  328.0   2.2     1   325    13   409    13   410 0.99 -
d1q8ia1c.55.3.5      -            388 d1kfsa1c.55.3.5.aln  -            326   1.9e-92  305.3   0.0   1   1   3.9e-94   2.2e-92  305.2   0.0     2   326     7   381     6   381 1.00 -
d2hbja2c.55.3.5      -            292 d1kfsa1c.55.3.5.aln  -            326   1.4e-54  180.9   0.6   1   1   2.9e-56   1.6e-54  180.7   0.6     2   324     5   290     4   292 0.98 -
d3mxma_c.55.3.5      -            229 d1kfsa1c.55.3.5.aln  -            326   6.5e-44  145.9   0.0   1   1   1.3e-45   7.2e-44  145.7   0.0    57   312     3   228     1   229 0.99 -
d2igia_c.55.3.5      -            180 d1kfsa1c.55.3.5.aln  -            326   9.5e-25   82.9   0.1   1   1   1.8e-26     1e-24   82.8   0.1    60   297     4   180     1   180 0.97 -
d1x9ma1c.55.3.5      -            204 d1kfsa1c.55.3.5.aln  -            326   5.8e-21   70.4   0.0   1   1   1.2e-22     7e-21   70.2   0.0    50   324     2   202     1   204 0.98 -
d1w0ha_c.55.3.5      -            200 d1kfsa1c.55.3.5.aln  -            326   1.6e-18   62.4   0.0   1   1   3.3e-20   1.9e-18   62.2   0.0    56   321     1   193     1   198 0.89 -
d2f96a1c.55.3.5      -            202 d1kfsa1c.55.3.5.aln  -            326   5.6e-18   60.6   0.0   1   1   1.2e-19   6.9e-18   60.3   0.0    55   321     2   202     1   202 0.98 -
d2py5a1c.55.3.5      -            183 d1kfsa1c.55.3.5.aln  -            326     3e-16   55.0   0.1   1   1   6.6e-18   3.7e-16   54.6   0.1    54   313     3   179     1   183 0.92 -
d1yt3a3c.55.3.5      -            193 d1kfsa1c.55.3.5.aln  -            326   3.7e-16   54.6   0.0   1   1     1e-17   5.8e-16   54.0   0.0    53   325     1   190     1   191 0.98 -
d1vk0a_c.55.3.5      -            206 d1kfsa1c.55.3.5.aln  -            326   6.4e-16   53.9   0.0   1   1   1.7e-17   9.4e-16   53.3   0.0    53   319     6   202     1   206 0.89 -
d1wlja_c.55.3.5      -            173 d1kfsa1c.55.3.5.aln  -            326     4e-14   48.0   0.0   1   1   8.6e-16   4.8e-14   47.7   0.0    63   295     2   165     1   173 0.94 -
d2guia_c.55.3.5      -            176 d1kfsa1c.55.3.5.aln  -            326   4.2e-12   41.3   0.0   1   1     1e-13   5.7e-12   40.9   0.0    61   310     2   174     1   176 0.97 -
#
# Program:         hmmsearch
# Version:         3.1b2 (February 2015)
# Pipeline mode:   SEARCH
# Query file:      hmmModels95/d1kfsa1c.55.3.5.hmm
# Target file:     scop/scopTestSeq.fasta
# Option settings: hmmsearch --domtblout hmmModels95/d1kfsa1c.55.3.5.out -E 1 hmmModels95/d1kfsa1c.55.3.5.hmm scop/scopTestSeq.fasta 
# Current dir:     /users/nfs/Etu7/3801677/SBAS/TME8
# Date:            Tue Apr  4 15:53:49 2023
# [ok]
