#                                                                            --- full sequence --- -------------- this domain -------------   hmm coord   ali coord   env coord
# target name        accession   tlen query name           accession   qlen   E-value  score  bias   #  of  c-Evalue  i-Evalue  score  bias  from    to  from    to  from    to  acc description of target
#------------------- ---------- ----- -------------------- ---------- ----- --------- ------ ----- --- --- --------- --------- ------ ----- ----- ----- ----- ----- ----- ----- ---- ---------------------
d1s8na_c.23.1.1      -            190 d1kgsa2c.23.1.1.aln  -            133   4.8e-58  190.1   0.8   1   1   1.5e-59   7.1e-58  189.6   0.8     2   132     2   129     1   130 0.98 -
d1jbea_c.23.1.1      -            128 d1kgsa2c.23.1.1.aln  -            133     4e-39  128.9   0.0   1   1   9.3e-41   4.3e-39  128.8   0.0     3   125     4   126     2   128 0.97 -
d1k66a_c.23.1.1      -            149 d1kgsa2c.23.1.1.aln  -            133   4.6e-36  119.0   0.0   1   1   1.1e-37   5.1e-36  118.9   0.0     3   132     6   146     4   147 0.97 -
d1mb3a_c.23.1.1      -            123 d1kgsa2c.23.1.1.aln  -            133   2.2e-35  116.8   0.1   1   1   5.1e-37   2.4e-35  116.7   0.1     4   125     2   122     1   123 0.96 -
d2v0na2c.23.1.1      -            153 d1kgsa2c.23.1.1.aln  -            133   1.4e-34  114.2   0.2   1   1   3.7e-36   1.7e-34  113.9   0.2     4   133    14   140    12   140 0.97 -
d2r25b_c.23.1.1      -            133 d1kgsa2c.23.1.1.aln  -            133   2.1e-34  113.6   0.0   1   1     5e-36   2.3e-34  113.5   0.0     4   126     3   129     1   133 0.92 -
d1dz3a_c.23.1.1      -            123 d1kgsa2c.23.1.1.aln  -            133   2.2e-34  113.6   0.0   1   1   5.1e-36   2.4e-34  113.5   0.0     4   123     2   121     1   123 0.97 -
d1kgsa2c.23.1.1      -            122 d1kgsa2c.23.1.1.aln  -            133   8.4e-33  108.4   0.2   1   1     2e-34   9.2e-33  108.3   0.2     4   126     2   121     1   122 0.91 -
d1dbwa_c.23.1.1      -            123 d1kgsa2c.23.1.1.aln  -            133   2.1e-32  107.2   0.3   1   1   4.9e-34   2.3e-32  107.0   0.3     2   124     2   121     1   123 0.96 -
d3cfya_c.23.1.0      -            130 d1kgsa2c.23.1.1.aln  -            133   1.1e-25   85.4   0.2   1   1   2.8e-27   1.3e-25   85.2   0.2     4   126     3   122     1   128 0.93 -
d3heba_c.23.1.0      -            142 d1kgsa2c.23.1.1.aln  -            133   1.2e-24   82.1   0.0   1   1   2.9e-26   1.4e-24   81.9   0.0     5   121     2   128     1   139 0.90 -
d3khta_c.23.1.0      -            132 d1kgsa2c.23.1.1.aln  -            133   7.7e-24   79.4   0.0   1   1   1.9e-25     9e-24   79.2   0.0     4   127     2   127     1   131 0.94 -
d2b4aa1c.23.1.1      -            118 d1kgsa2c.23.1.1.aln  -            133   1.4e-20   68.9   0.0   1   1   3.5e-22   1.6e-20   68.7   0.0     3   120     2   114     1   117 0.88 -
d3eqza_c.23.1.0      -            124 d1kgsa2c.23.1.1.aln  -            133   6.2e-15   50.6   0.0   1   1   1.9e-16   8.9e-15   50.1   0.0     5   115     3   114     2   124 0.68 -
d2plna_c.23.1.0      -            118 d1kgsa2c.23.1.1.aln  -            133   8.9e-14   46.9   0.1   1   1   2.5e-15   1.1e-13   46.5   0.1     3   120     4   115     3   118 0.88 -
d3ktoa_c.23.1.0      -            122 d1kgsa2c.23.1.1.aln  -            133   1.4e-12   43.0   0.3   1   1   3.5e-14   1.6e-12   42.8   0.3     6   123     3   119     1   122 0.91 -
d1q0qa2c.2.1.3       -            152 d1kgsa2c.23.1.1.aln  -            133    0.0023   13.2   0.6   1   2      0.77        36   -0.4   0.0    66    98    16    48    14    51 0.65 -
d1q0qa2c.2.1.3       -            152 d1kgsa2c.23.1.1.aln  -            133    0.0023   13.2   0.6   2   2   0.00019    0.0089   11.3   0.3    10    53    56    97    50   102 0.83 -
#
# Program:         hmmsearch
# Version:         3.1b2 (February 2015)
# Pipeline mode:   SEARCH
# Query file:      hmmModels95/d1kgsa2c.23.1.1.hmm
# Target file:     scop/scopTestSeq.fasta
# Option settings: hmmsearch --domtblout hmmModels95/d1kgsa2c.23.1.1.out -E 1 hmmModels95/d1kgsa2c.23.1.1.hmm scop/scopTestSeq.fasta 
# Current dir:     /users/nfs/Etu7/3801677/SBAS/TME8
# Date:            Tue Apr  4 15:53:49 2023
# [ok]
