#                                                                            --- full sequence --- -------------- this domain -------------   hmm coord   ali coord   env coord
# target name        accession   tlen query name           accession   qlen   E-value  score  bias   #  of  c-Evalue  i-Evalue  score  bias  from    to  from    to  from    to  acc description of target
#------------------- ---------- ----- -------------------- ---------- ----- --------- ------ ----- --- --- --------- --------- ------ ----- ----- ----- ----- ----- ----- ----- ---- ---------------------
d1qdda_d.169.1.1     -            144 d1kg0c_d.169.1.1.aln -            133   6.4e-39  128.9   2.7   1   1   1.2e-40   7.2e-39  128.7   2.7     2   131    13   143    12   144 0.96 -
d1wmza_d.169.1.1     -            140 d1kg0c_d.169.1.1.aln -            133   1.6e-32  108.2   7.7   1   1   2.9e-34   1.8e-32  108.0   7.7     2   131     2   138     1   140 0.93 -
d2ziba_d.169.1.1     -            130 d1kg0c_d.169.1.1.aln -            133   5.3e-31  103.3   3.0   1   1   9.6e-33   5.8e-31  103.1   3.0     3   132     7   129     5   130 0.95 -
d1gz2a_d.169.1.1     -            139 d1kg0c_d.169.1.1.aln -            133   7.7e-30   99.5   0.0   1   1   1.5e-31   8.9e-30   99.3   0.0     3   131     2   138     1   139 0.93 -
d1qo3c_d.169.1.1     -            133 d1kg0c_d.169.1.1.aln -            133   5.9e-29   96.7   4.8   1   1   1.1e-30   6.5e-29   96.5   4.8     5   132    16   132    12   133 0.93 -
d3l9jc_d.169.1.1     -            134 d1kg0c_d.169.1.1.aln -            133   1.3e-28   95.6   2.0   1   1   2.3e-30   1.4e-28   95.4   2.0    11   130    11   132     4   134 0.95 -
d3hupa_d.169.1.1     -            121 d1kg0c_d.169.1.1.aln -            133   2.3e-27   91.5  10.4   1   1   4.2e-29   2.6e-27   91.3  10.4     2   131     6   119     5   121 0.92 -
d1wk1a_d.169.1.1     -            150 d1kg0c_d.169.1.1.aln -            133   6.4e-27   90.1   0.0   1   1   1.3e-28   7.7e-27   89.8   0.0    10   132     6   131     2   132 0.92 -
d1pwba1d.169.1.1     -            121 d1kg0c_d.169.1.1.aln -            133   5.1e-26   87.1   0.0   1   1   9.2e-28   5.6e-26   87.0   0.0     7   130     3   121     1   121 0.94 -
d1g1ta1d.169.1.1     -            118 d1kg0c_d.169.1.1.aln -            133   1.5e-25   85.7   5.5   1   1   2.7e-27   1.6e-25   85.5   5.5    14   128     2   117     1   118 0.94 -
d1h8ua_d.169.1.1     -            115 d1kg0c_d.169.1.1.aln -            133   5.5e-21   70.8   1.8   1   1     1e-22     6e-21   70.7   1.8    15   129     2   114     1   115 0.93 -
d1byfa_d.169.1.1     -            123 d1kg0c_d.169.1.1.aln -            133   3.4e-19   65.0   0.1   1   1   6.6e-21     4e-19   64.8   0.1    17   132     6   122     2   123 0.87 -
d1kg0c_d.169.1.1     -            136 d1kg0c_d.169.1.1.aln -            133   7.2e-06   21.9   3.7   1   1   2.4e-07   1.5e-05   20.9   3.6     5   128    21   131    17   135 0.73 -
#
# Program:         hmmsearch
# Version:         3.1b2 (February 2015)
# Pipeline mode:   SEARCH
# Query file:      hmmModels95/d1kg0c_d.169.1.1.hmm
# Target file:     scop/scopTestSeq.fasta
# Option settings: hmmsearch --domtblout hmmModels95/d1kg0c_d.169.1.1.out -E 1 hmmModels95/d1kg0c_d.169.1.1.hmm scop/scopTestSeq.fasta 
# Current dir:     /users/nfs/Etu7/3801677/SBAS/TME8
# Date:            Tue Apr  4 15:53:49 2023
# [ok]
