#                                                                            --- full sequence --- -------------- this domain -------------   hmm coord   ali coord   env coord
# target name        accession   tlen query name           accession   qlen   E-value  score  bias   #  of  c-Evalue  i-Evalue  score  bias  from    to  from    to  from    to  acc description of target
#------------------- ---------- ----- -------------------- ---------- ----- --------- ------ ----- --- --- --------- --------- ------ ----- ----- ----- ----- ----- ----- ----- ---- ---------------------
d1e2ka_c.37.1.1      -            329 d1kgda_c.37.1.1.aln  -            210   3.2e-79  260.8   0.0   1   1   1.2e-80   3.8e-79  260.5   0.0     1   210     2   232     2   232 0.99 -
d1p5zb_c.37.1.1      -            241 d1kgda_c.37.1.1.aln  -            210     7e-46  151.8   0.0   1   1   2.4e-47   7.8e-46  151.7   0.0     3   207     2   228     1   231 0.99 -
d1t0hb_c.37.1.1      -            219 d1kgda_c.37.1.1.aln  -            210   2.5e-42  140.2   0.0   1   1   8.5e-44   2.8e-42  140.1   0.0     1   208    18   206    18   208 0.98 -
d1zina1c.37.1.1      -            183 d1kgda_c.37.1.1.aln  -            210   1.4e-38  128.0   0.1   1   1   4.7e-40   1.5e-38  127.9   0.1     4   204     1   179     1   183 0.98 -
d1qf9a_c.37.1.1      -            194 d1kgda_c.37.1.1.aln  -            210   2.1e-34  114.3   0.0   1   1   7.7e-36   2.5e-34  114.1   0.0     3   206     6   192     4   193 0.95 -
d1deka_c.37.1.1      -            241 d1kgda_c.37.1.1.aln  -            210     6e-30   99.8   0.0   1   1   2.2e-31   7.2e-30   99.5   0.0     3   202     1   212     1   219 0.98 -
d1gsia_c.37.1.1      -            208 d1kgda_c.37.1.1.aln  -            210   2.8e-21   71.5   0.0   1   1     1e-22   3.3e-21   71.2   0.0     4   191     1   192     1   203 0.95 -
d1vhta_c.37.1.1      -            208 d1kgda_c.37.1.1.aln  -            210   2.8e-21   71.4   0.2   1   1     1e-22   3.4e-21   71.2   0.2     4   203     4   205     2   208 0.94 -
d1khta_c.37.1.1      -            190 d1kgda_c.37.1.1.aln  -            210   5.8e-19   63.9   0.1   1   1   2.1e-20     7e-19   63.6   0.1     4   202     2   185     1   189 0.97 -
d1y63a_c.37.1.1      -            174 d1kgda_c.37.1.1.aln  -            210   2.3e-17   58.7   0.2   1   1   8.3e-19   2.7e-17   58.4   0.2     1   203     3   174     3   174 0.93 -
d1kjwa2c.37.1.1      -            199 d1kgda_c.37.1.1.aln  -            210   6.3e-17   57.3   0.0   1   1   2.2e-18   7.2e-17   57.1   0.0     3   201     3   195     1   198 0.92 -
d1lw7a2c.37.1.1      -            192 d1kgda_c.37.1.1.aln  -            210   4.9e-16   54.3   0.0   1   1   1.7e-17   5.6e-16   54.2   0.0     4   208     8   191     7   192 0.96 -
d2grja_c.37.1.1      -            179 d1kgda_c.37.1.1.aln  -            210   5.7e-12   41.1   0.5   1   1   2.9e-13   9.4e-12   40.3   0.5     2   197     2   176     1   178 0.95 -
d3kb2a_c.37.1.1      -            171 d1kgda_c.37.1.1.aln  -            210   5.7e-10   34.5   0.0   1   1   3.3e-11   1.1e-09   33.6   0.0     5   207     2   171     1   171 0.90 -
d1yj5a2c.37.1.1      -            172 d1kgda_c.37.1.1.aln  -            210   9.2e-09   30.6   0.1   1   2   0.00085     0.028    9.4   0.0     6    40    17    51    14    66 0.80 -
d1yj5a2c.37.1.1      -            172 d1kgda_c.37.1.1.aln  -            210   9.2e-09   30.6   0.1   2   2   1.2e-07     4e-06   22.0   0.0    47   204    33   170    31   172 0.87 -
d1ly1a_c.37.1.1      -            152 d1kgda_c.37.1.1.aln  -            210   9.5e-09   30.5   0.0   1   1   2.9e-10   9.7e-09   30.5   0.0     3   139     2   125     1   152 0.81 -
d3akea_c.37.1.0      -            208 d1kgda_c.37.1.1.aln  -            210     1e-08   30.4   0.6   1   2   8.2e-09   2.7e-07   25.8   0.0     5    42     4    47     2    83 0.83 -
d3akea_c.37.1.0      -            208 d1kgda_c.37.1.1.aln  -            210     1e-08   30.4   0.6   2   2     0.072       2.4    3.1   0.2   120   166   125   170   122   176 0.83 -
d2qora_c.37.1.0      -            196 d1kgda_c.37.1.1.aln  -            210   5.1e-07   24.9   0.0   1   1   1.1e-07   3.6e-06   22.1   0.0     3   195     4   182     2   188 0.75 -
d1in4a2c.37.1.20     -            238 d1kgda_c.37.1.1.aln  -            210   0.00013   17.0   0.1   1   2   9.5e-06   0.00031   15.8   0.0     6    36    38    68    37   112 0.86 -
d1in4a2c.37.1.20     -            238 d1kgda_c.37.1.1.aln  -            210   0.00013   17.0   0.1   2   2       2.2        73   -1.8   0.0   138   138   196   196   151   234 0.53 -
d1sxja2c.37.1.20     -            253 d1kgda_c.37.1.1.aln  -            210   0.00018   16.6   0.0   1   1   7.8e-06   0.00026   16.0   0.0     7    29    56    78    53   127 0.88 -
d2jaqa_c.37.1.0      -            201 d1kgda_c.37.1.1.aln  -            210   0.00023   16.2   0.0   1   1   1.2e-05   0.00039   15.5   0.0     4    75     1    69     1    79 0.86 -
d1kgda_c.37.1.1      -            178 d1kgda_c.37.1.1.aln  -            210   0.00075   14.5   0.1   1   1   5.4e-05    0.0018   13.3   0.1     3    75     3    72     1   177 0.83 -
d1um8a_c.37.1.20     -            364 d1kgda_c.37.1.1.aln  -            210    0.0048   11.9   0.1   1   2   0.00037     0.012   10.6   0.0     5    36    70   100    67   126 0.84 -
d1um8a_c.37.1.20     -            364 d1kgda_c.37.1.1.aln  -            210    0.0048   11.9   0.1   2   2       6.3   2.1e+02   -3.3   0.0    55    80   283   308   262   319 0.70 -
d1d2na_c.37.1.20     -            246 d1kgda_c.37.1.1.aln  -            210    0.0062   11.5   0.0   1   1   0.00046     0.015   10.3   0.0     6    33    43    70    40    75 0.91 -
#
# Program:         hmmsearch
# Version:         3.1b2 (February 2015)
# Pipeline mode:   SEARCH
# Query file:      hmmModels95/d1kgda_c.37.1.1.hmm
# Target file:     scop/scopTestSeq.fasta
# Option settings: hmmsearch --domtblout hmmModels95/d1kgda_c.37.1.1.out -E 1 hmmModels95/d1kgda_c.37.1.1.hmm scop/scopTestSeq.fasta 
# Current dir:     /users/nfs/Etu7/3801677/SBAS/TME8
# Date:            Tue Apr  4 15:53:49 2023
# [ok]
