#                                                                            --- full sequence --- -------------- this domain -------------   hmm coord   ali coord   env coord
# target name        accession   tlen query name           accession   qlen   E-value  score  bias   #  of  c-Evalue  i-Evalue  score  bias  from    to  from    to  from    to  acc description of target
#------------------- ---------- ----- -------------------- ---------- ----- --------- ------ ----- --- --- --------- --------- ------ ----- ----- ----- ----- ----- ----- ----- ---- ---------------------
d1q33a_d.113.1.1     -            292 d1ktga_d.113.1.1.aln -            173   3.1e-83  273.4   0.1   1   1   7.8e-85   3.9e-83  273.1   0.1     1   173    74   275    74   275 1.00 -
d1g0sa_d.113.1.1     -            209 d1ktga_d.113.1.1.aln -            173   1.9e-47  156.9   1.0   1   1   4.5e-49   2.2e-47  156.7   1.0     2   173    33   209    32   209 0.99 -
d1vhza_d.113.1.1     -            186 d1ktga_d.113.1.1.aln -            173   7.3e-37  122.4   0.0   1   1   1.7e-38   8.2e-37  122.3   0.0     2   168    22   186    21   186 0.97 -
d3o69a_d.113.1.1     -            190 d1ktga_d.113.1.1.aln -            173   5.2e-35  116.4   0.1   1   1   1.2e-36   5.9e-35  116.2   0.1     2   167    22   189    21   190 0.98 -
d1nqza_d.113.1.1     -            187 d1ktga_d.113.1.1.aln -            173   1.2e-34  115.2   0.0   1   1   2.7e-36   1.3e-34  115.1   0.0     3   172    10   178     8   179 0.95 -
d1v8ya_d.113.1.1     -            158 d1ktga_d.113.1.1.aln -            173   5.2e-32  106.6   0.7   1   1   1.2e-33   5.7e-32  106.5   0.7     2   161     2   156     1   158 0.97 -
d3zr0a_d.113.1.1     -            154 d1ktga_d.113.1.1.aln -            173   2.8e-31  104.2   0.0   1   1   6.2e-33     3e-31  104.1   0.0    25   171     5   147     1   149 0.95 -
d1jkna_d.113.1.1     -            165 d1ktga_d.113.1.1.aln -            173   3.2e-31  104.1   0.0   1   1   7.1e-33   3.5e-31  103.9   0.0    14   171     4   157     1   159 0.96 -
d3a6sa_d.113.1.1     -            129 d1ktga_d.113.1.1.aln -            173   1.8e-30  101.7   0.4   1   1   3.8e-32   1.9e-30  101.6   0.4    24   153     5   127     1   129 0.95 -
d2azwa1d.113.1.1     -            147 d1ktga_d.113.1.1.aln -            173   3.6e-30  100.7   0.3   1   1   7.8e-32   3.9e-30  100.5   0.3    10   159     3   145     1   147 0.94 -
d1sjya_d.113.1.1     -            158 d1ktga_d.113.1.1.aln -            173   3.9e-29   97.3   0.1   1   1   9.2e-31   4.5e-29   97.1   0.1    14   168     2   153     1   157 0.91 -
d2fvva1d.113.1.1     -            135 d1ktga_d.113.1.1.aln -            173   6.9e-29   96.5   0.7   1   1   1.5e-30   7.5e-29   96.4   0.7    13   154     1   132     1   135 0.96 -
d2b06a1d.113.1.1     -            155 d1ktga_d.113.1.1.aln -            173     1e-28   95.9   0.0   1   1   2.2e-30   1.1e-28   95.8   0.0    15   170     3   154     1   155 0.95 -
d1k2ea_d.113.1.1     -            152 d1ktga_d.113.1.1.aln -            173   1.4e-28   95.4   0.2   1   1   3.2e-30   1.6e-28   95.3   0.2    25   173     3   148     1   148 0.96 -
d2b0va1d.113.1.1     -            146 d1ktga_d.113.1.1.aln -            173   7.3e-26   86.6   0.0   1   1   1.6e-27   7.8e-26   86.5   0.0    24   171     4   145     1   146 0.95 -
d1ktga_d.113.1.1     -            137 d1ktga_d.113.1.1.aln -            173   9.2e-15   50.5   0.0   1   1   2.1e-16     1e-14   50.3   0.0    33   150    11   126     3   137 0.85 -
#
# Program:         hmmsearch
# Version:         3.1b2 (February 2015)
# Pipeline mode:   SEARCH
# Query file:      hmmModels95/d1ktga_d.113.1.1.hmm
# Target file:     scop/scopTestSeq.fasta
# Option settings: hmmsearch --domtblout hmmModels95/d1ktga_d.113.1.1.out -E 1 hmmModels95/d1ktga_d.113.1.1.hmm scop/scopTestSeq.fasta 
# Current dir:     /users/nfs/Etu7/3801677/SBAS/TME8
# Date:            Tue Apr  4 15:53:50 2023
# [ok]
