#                                                                            --- full sequence --- -------------- this domain -------------   hmm coord   ali coord   env coord
# target name        accession   tlen query name           accession   qlen   E-value  score  bias   #  of  c-Evalue  i-Evalue  score  bias  from    to  from    to  from    to  acc description of target
#------------------- ---------- ----- -------------------- ---------- ----- --------- ------ ----- --- --- --------- --------- ------ ----- ----- ----- ----- ----- ----- ----- ---- ---------------------
d1e43a2c.1.8.1       -            393 d1kwga2c.1.8.1.aln   -            426    9e-102  336.8  17.8   1   1  2.4e-103    1e-101  336.6  17.8    11   420     2   393     1   393 0.98 -
d1uoka2c.1.8.1       -            479 d1kwga2c.1.8.1.aln   -            426    4e-101  334.6  25.1   1   1  1.1e-102  4.6e-101  334.5  25.1     5   425     2   478     1   479 0.98 -
d3bmva4c.1.8.1       -            406 d1kwga2c.1.8.1.aln   -            426   2.4e-87  289.2  17.1   1   1   7.2e-89     3e-87  288.9  17.1    11   425    14   405    10   406 0.96 -
d1g5aa2c.1.8.1       -            554 d1kwga2c.1.8.1.aln   -            426   1.4e-84  280.2   4.5   1   1     4e-86   1.7e-84  279.9   4.5     2   425     2   552     1   553 0.92 -
d1wzaa2c.1.8.1       -            409 d1kwga2c.1.8.1.aln   -            426   2.4e-80  266.2  19.6   1   1   6.4e-82   2.7e-80  266.0  19.6     9   424     2   407     1   409 0.95 -
d1x1na1c.1.8.1       -            523 d1kwga2c.1.8.1.aln   -            426   4.2e-77  255.5   0.2   1   1   1.1e-78   4.8e-77  255.3   0.2     2   423    31   519    30   522 0.99 -
d1wdpa_c.1.8.1       -            493 d1kwga2c.1.8.1.aln   -            426   8.2e-76  251.3   0.9   1   1   2.4e-77     1e-75  251.0   0.9     7   407     5   479     2   492 0.94 -
d1ji1a3c.1.8.1       -            432 d1kwga2c.1.8.1.aln   -            426   1.5e-74  247.1  23.4   1   1   4.1e-76   1.7e-74  246.9  23.4     3   425     2   430     1   431 0.97 -
d2guya2c.1.8.1       -            381 d1kwga2c.1.8.1.aln   -            426   4.8e-74  245.4   7.6   1   1   1.4e-75   5.7e-74  245.2   7.6     5   419     2   370     1   374 0.95 -
d1gjwa2c.1.8.1       -            572 d1kwga2c.1.8.1.aln   -            426   2.4e-73  243.1   0.2   1   1   6.6e-75   2.7e-73  242.9   0.2     2   425    10   570     9   571 0.98 -
d2fhfa5c.1.8.1       -            563 d1kwga2c.1.8.1.aln   -            426     1e-68  227.9   0.4   1   1   2.9e-70   1.2e-68  227.7   0.4     2   425    12   561    11   562 0.99 -
d1h3ga3c.1.8.1       -            422 d1kwga2c.1.8.1.aln   -            426   2.1e-66  220.3   8.7   1   1   6.1e-68   2.6e-66  220.0   8.7     7   425     7   420     3   421 0.89 -
d1bf2a3c.1.8.1       -            475 d1kwga2c.1.8.1.aln   -            426   3.9e-64  212.8  11.9   1   1     1e-65   4.3e-64  212.6  11.9     4   425     9   471     6   472 0.98 -
d1ht6a2c.1.8.1       -            347 d1kwga2c.1.8.1.aln   -            426   8.1e-57  188.7   5.8   1   1   2.2e-58     9e-57  188.5   5.8    12   421     2   346     1   347 0.95 -
d2bhua3c.1.8.1       -            420 d1kwga2c.1.8.1.aln   -            426   2.1e-52  174.1   0.1   1   1   1.3e-52   5.6e-51  169.4   0.1     2   425     7   418     6   419 0.95 -
d1ua7a2c.1.8.1       -            344 d1kwga2c.1.8.1.aln   -            426   2.1e-38  128.0  13.4   1   1   1.3e-39   5.3e-38  126.7  13.4    10   392     4   316     2   341 0.80 -
d1m7xa3c.1.8.1       -            396 d1kwga2c.1.8.1.aln   -            426   3.5e-36  120.7  18.7   1   1   9.8e-38   4.1e-36  120.5  18.7     4   425     9   391     6   392 0.94 -
d1vema2c.1.8.1       -            417 d1kwga2c.1.8.1.aln   -            426   3.9e-30  100.8   9.7   1   1     1e-31   4.3e-30  100.6   9.7     7   422     6   412     1   416 0.94 -
d1r7aa2c.1.8.1       -            434 d1kwga2c.1.8.1.aln   -            426   2.5e-23   78.3   0.1   1   1   6.9e-25   2.9e-23   78.1   0.1     3   424     3   433     1   434 0.94 -
#
# Program:         hmmsearch
# Version:         3.1b2 (February 2015)
# Pipeline mode:   SEARCH
# Query file:      hmmModels95/d1kwga2c.1.8.1.hmm
# Target file:     scop/scopTestSeq.fasta
# Option settings: hmmsearch --domtblout hmmModels95/d1kwga2c.1.8.1.out -E 1 hmmModels95/d1kwga2c.1.8.1.hmm scop/scopTestSeq.fasta 
# Current dir:     /users/nfs/Etu7/3801677/SBAS/TME8
# Date:            Tue Apr  4 15:53:50 2023
# [ok]
