#                                                                            --- full sequence --- -------------- this domain -------------   hmm coord   ali coord   env coord
# target name        accession   tlen query name           accession   qlen   E-value  score  bias   #  of  c-Evalue  i-Evalue  score  bias  from    to  from    to  from    to  acc description of target
#------------------- ---------- ----- -------------------- ---------- ----- --------- ------ ----- --- --- --------- --------- ------ ----- ----- ----- ----- ----- ----- ----- ---- ---------------------
d3kffa_b.60.1.1      -            152 d1kxoa_b.60.1.1.aln  -            162   9.1e-50  164.4   0.4   1   1   1.8e-51     1e-49  164.3   0.4    11   161     2   150     1   151 0.98 -
d3s26a_b.60.1.1      -            176 d1kxoa_b.60.1.1.aln  -            162   4.9e-46  152.3   0.2   1   1   9.8e-48   5.5e-46  152.1   0.2     3   161    10   174     8   175 0.98 -
d1kt7a_b.60.1.1      -            175 d1kxoa_b.60.1.1.aln  -            162   1.7e-45  150.5   0.1   1   1   3.4e-47   1.9e-45  150.4   0.1     1   159     6   174     6   175 0.99 -
d3saoa_b.60.1.1      -            155 d1kxoa_b.60.1.1.aln  -            162   2.9e-43  143.3   0.2   1   1   5.6e-45   3.2e-43  143.1   0.2    13   161     1   148     1   149 0.99 -
d1kxoa_b.60.1.1      -            171 d1kxoa_b.60.1.1.aln  -            162   8.1e-41  135.3   0.9   1   1   1.6e-42   9.1e-41  135.2   0.9     1   160     8   171     8   171 0.99 -
d1dzka_b.60.1.1      -            148 d1kxoa_b.60.1.1.aln  -            162     5e-37  123.0   0.2   1   1   9.7e-39   5.5e-37  122.9   0.2    14   161     2   148     1   148 0.98 -
d1epba_b.60.1.1      -            160 d1kxoa_b.60.1.1.aln  -            162   3.5e-35  117.0   0.1   1   1   6.8e-37   3.9e-35  116.9   0.1     7   161     1   154     1   155 0.98 -
d1lf7a_b.60.1.1      -            171 d1kxoa_b.60.1.1.aln  -            162   6.6e-35  116.1   0.0   1   1   1.3e-36   7.4e-35  115.9   0.0     2   161     5   161     4   162 0.96 -
d1i4ua_b.60.1.1      -            181 d1kxoa_b.60.1.1.aln  -            162   3.9e-34  113.6   0.7   1   1   7.9e-36   4.5e-34  113.4   0.7     2   161    13   175    12   176 0.93 -
d1x8qa_b.60.1.1      -            184 d1kxoa_b.60.1.1.aln  -            162   7.8e-32  106.1   6.4   1   1   1.5e-33   8.6e-32  106.0   6.4     6   161     5   179     1   180 0.95 -
d1qwda_b.60.1.1      -            167 d1kxoa_b.60.1.1.aln  -            162   4.2e-31  103.7   0.0   1   1   8.5e-33   4.8e-31  103.5   0.0     6   155    16   166    11   167 0.95 -
d1xkia_b.60.1.1      -            139 d1kxoa_b.60.1.1.aln  -            162   1.7e-24   82.3   0.0   1   1   3.2e-26   1.8e-24   82.2   0.0    15   154     2   137     1   139 0.97 -
d1qfta_b.60.1.1      -            175 d1kxoa_b.60.1.1.aln  -            162   3.1e-23   78.1   7.3   1   1   6.4e-25   3.6e-23   77.9   7.3     7   158    17   172     7   175 0.96 -
d2joza1b.60.1.1      -            126 d1kxoa_b.60.1.1.aln  -            162   5.7e-08   28.5   0.1   1   1   2.2e-09   1.2e-07   27.5   0.1    14   159     2   124     1   126 0.94 -
#
# Program:         hmmsearch
# Version:         3.1b2 (February 2015)
# Pipeline mode:   SEARCH
# Query file:      hmmModels95/d1kxoa_b.60.1.1.hmm
# Target file:     scop/scopTestSeq.fasta
# Option settings: hmmsearch --domtblout hmmModels95/d1kxoa_b.60.1.1.out -E 1 hmmModels95/d1kxoa_b.60.1.1.hmm scop/scopTestSeq.fasta 
# Current dir:     /users/nfs/Etu7/3801677/SBAS/TME8
# Date:            Tue Apr  4 15:53:50 2023
# [ok]
