#                                                                            --- full sequence --- -------------- this domain -------------   hmm coord   ali coord   env coord
# target name        accession   tlen query name           accession   qlen   E-value  score  bias   #  of  c-Evalue  i-Evalue  score  bias  from    to  from    to  from    to  acc description of target
#------------------- ---------- ----- -------------------- ---------- ----- --------- ------ ----- --- --- --------- --------- ------ ----- ----- ----- ----- ----- ----- ----- ---- ---------------------
d1lb3a_a.25.1.1      -            179 d1lb3a_a.25.1.1.aln  -            154   9.4e-45  147.7   0.4   1   1   1.6e-46     1e-44  147.6   0.4     2   150     4   153     3   157 0.98 -
d1z6om1a.25.1.1      -            191 d1lb3a_a.25.1.1.aln  -            154   4.9e-42  138.9   0.0   1   1   8.4e-44   5.5e-42  138.7   0.0     3   153    15   173    13   174 0.97 -
d2y3qa_a.25.1.1      -            158 d1lb3a_a.25.1.1.aln  -            154   5.1e-41  135.6   2.1   1   1   9.1e-43     6e-41  135.4   2.1     4   153     2   148     1   149 0.97 -
d3bvfa_a.25.1.1      -            172 d1lb3a_a.25.1.1.aln  -            154   7.9e-39  128.5   5.7   1   1   1.4e-40     9e-39  128.3   5.7     4   153     7   153     4   154 0.97 -
d1nf4a_a.25.1.1      -            169 d1lb3a_a.25.1.1.aln  -            154   1.2e-38  127.9   4.9   1   1   2.1e-40   1.4e-38  127.7   4.9     2   152     2   149     1   151 0.96 -
d2cf7a_a.25.1.1      -            159 d1lb3a_a.25.1.1.aln  -            154   5.4e-37  122.5   0.1   1   1   9.8e-39   6.5e-37  122.3   0.1     7   148    10   158     6   159 0.98 -
d1tjoa_a.25.1.1      -            180 d1lb3a_a.25.1.1.aln  -            154   1.1e-36  121.5   7.4   1   1     2e-38   1.3e-36  121.3   7.4     2   151    22   177    21   180 0.94 -
d1yuza1a.25.1.1      -            135 d1lb3a_a.25.1.1.aln  -            154   2.9e-36  120.1   0.6   1   1   5.1e-38   3.3e-36  119.9   0.6     8   140     6   135     2   135 0.98 -
d1z6oa1a.25.1.1      -            200 d1lb3a_a.25.1.1.aln  -            154   2.5e-32  107.4  11.1   1   1   4.4e-34   2.9e-32  107.2  11.1     3   153    19   179    17   180 0.96 -
d1zs3a1a.25.1.1      -            171 d1lb3a_a.25.1.1.aln  -            154   1.2e-25   85.7   0.3   1   1   2.2e-27   1.4e-25   85.4   0.3     2   149    18   170    17   171 0.98 -
d1vjxa_a.25.1.1      -            149 d1lb3a_a.25.1.1.aln  -            154   1.1e-19   66.3   6.9   1   1   1.9e-21   1.2e-19   66.2   6.9     3   146     1   148     1   149 0.96 -
d2fzfa1a.25.1.1      -            158 d1lb3a_a.25.1.1.aln  -            154   1.7e-18   62.4  11.0   1   1   2.8e-20   1.9e-18   62.3  11.0     3   152     6   157     4   158 0.97 -
#
# Program:         hmmsearch
# Version:         3.1b2 (February 2015)
# Pipeline mode:   SEARCH
# Query file:      hmmModels95/d1lb3a_a.25.1.1.hmm
# Target file:     scop/scopTestSeq.fasta
# Option settings: hmmsearch --domtblout hmmModels95/d1lb3a_a.25.1.1.out -E 1 hmmModels95/d1lb3a_a.25.1.1.hmm scop/scopTestSeq.fasta 
# Current dir:     /users/nfs/Etu7/3801677/SBAS/TME8
# Date:            Tue Apr  4 15:53:50 2023
# [ok]
