#                                                                            --- full sequence --- -------------- this domain -------------   hmm coord   ali coord   env coord
# target name        accession   tlen query name           accession   qlen   E-value  score  bias   #  of  c-Evalue  i-Evalue  score  bias  from    to  from    to  from    to  acc description of target
#------------------- ---------- ----- -------------------- ---------- ----- --------- ------ ----- --- --- --------- --------- ------ ----- ----- ----- ----- ----- ----- ----- ---- ---------------------
d3fvsa_c.67.1.1      -            419 d1lc5a_c.67.1.1.aln  -            392  4.6e-127  419.5   0.0   1   1    1e-128  5.1e-127  419.3   0.0     5   391     2   418     1   419 0.99 -
d1gdea_c.67.1.1      -            388 d1lc5a_c.67.1.1.aln  -            392  6.2e-125  412.4   0.1   1   1  1.4e-126  6.9e-125  412.3   0.1     2   391     3   384     2   385 0.97 -
d1bw0a_c.67.1.1      -            412 d1lc5a_c.67.1.1.aln  -            392  1.5e-110  365.1   0.0   1   1  3.4e-112  1.7e-110  364.9   0.0     2   391     4   409     3   410 0.98 -
d2gb3a1c.67.1.1      -            389 d1lc5a_c.67.1.1.aln  -            392  1.9e-101  335.2   0.0   1   1  4.2e-103  2.1e-101  335.0   0.0     2   390     2   386     1   388 0.97 -
d2hoxa_c.67.1.1      -            425 d1lc5a_c.67.1.1.aln  -            392   6.7e-92  303.7   0.0   1   1   1.5e-93   7.5e-92  303.5   0.0     1   390     2   424     2   425 0.99 -
d1fg7a_c.67.1.1      -            354 d1lc5a_c.67.1.1.aln  -            392   3.7e-73  242.0   0.0   1   1   8.4e-75   4.1e-73  241.8   0.0    12   388     3   354     1   354 0.95 -
d1m6sa_c.67.1.1      -            343 d1lc5a_c.67.1.1.aln  -            392   1.3e-66  220.4   0.0   1   1   3.1e-68   1.5e-66  220.2   0.0    47   391    15   341     5   342 0.94 -
d1svva_c.67.1.1      -            340 d1lc5a_c.67.1.1.aln  -            392   1.4e-65  217.0   0.0   1   1   3.3e-67   1.6e-65  216.8   0.0    60   391    25   339     6   340 0.96 -
d1v72a1c.67.1.1      -            345 d1lc5a_c.67.1.1.aln  -            392   3.5e-61  202.6   0.0   1   1   8.2e-63     4e-61  202.4   0.0    12   389     7   342     1   345 0.96 -
d3piua_c.67.1.4      -            416 d1lc5a_c.67.1.1.aln  -            392   1.4e-32  108.4   0.0   1   1   3.7e-34   1.8e-32  108.0   0.0    71   391    70   414    64   415 0.86 -
d3ftba_c.67.1.0      -            334 d1lc5a_c.67.1.1.aln  -            392   2.1e-27   91.4   0.0   1   1   5.2e-29   2.5e-27   91.1   0.0    97   386    54   328    26   332 0.84 -
d1lc5a_c.67.1.1      -            355 d1lc5a_c.67.1.1.aln  -            392   1.2e-20   69.1   0.0   1   1   2.8e-22   1.4e-20   68.9   0.0   122   335   100   305    66   354 0.82 -
d2c81a_c.67.1.0      -            409 d1lc5a_c.67.1.1.aln  -            392   9.6e-06   20.0   0.2   1   1   6.1e-07     3e-05   18.4   0.2   100   211    56   158    31   161 0.88 -
d1gpja2c.2.1.7       -            159 d1lc5a_c.67.1.1.aln  -            392    0.0016   12.8   0.0   1   1   4.4e-05    0.0022   12.3   0.0    77   151     9    81     1    96 0.79 -
d2bwna1c.67.1.4      -            396 d1lc5a_c.67.1.1.aln  -            392    0.0039   11.4   0.0   1   1   0.00013    0.0064   10.7   0.0   192   323   196   327   195   390 0.73 -
d1bs0a_c.67.1.4      -            383 d1lc5a_c.67.1.1.aln  -            392     0.004   11.4   0.1   1   2       1.8        87   -2.9   0.1    74   121    87   125    85   129 0.71 -
d1bs0a_c.67.1.4      -            383 d1lc5a_c.67.1.1.aln  -            392     0.004   11.4   0.1   2   2   0.00017    0.0083   10.4   0.0   192   286   186   279   182   309 0.75 -
#
# Program:         hmmsearch
# Version:         3.1b2 (February 2015)
# Pipeline mode:   SEARCH
# Query file:      hmmModels95/d1lc5a_c.67.1.1.hmm
# Target file:     scop/scopTestSeq.fasta
# Option settings: hmmsearch --domtblout hmmModels95/d1lc5a_c.67.1.1.out -E 1 hmmModels95/d1lc5a_c.67.1.1.hmm scop/scopTestSeq.fasta 
# Current dir:     /users/nfs/Etu7/3801677/SBAS/TME8
# Date:            Tue Apr  4 15:53:51 2023
# [ok]
