#                                                                            --- full sequence --- -------------- this domain -------------   hmm coord   ali coord   env coord
# target name        accession   tlen query name           accession   qlen   E-value  score  bias   #  of  c-Evalue  i-Evalue  score  bias  from    to  from    to  from    to  acc description of target
#------------------- ---------- ----- -------------------- ---------- ----- --------- ------ ----- --- --- --------- --------- ------ ----- ----- ----- ----- ----- ----- ----- ---- ---------------------
d2fbka1a.4.5.28      -            172 d1lj9a_a.4.5.28.aln  -            142   3.1e-56  184.6   0.0   1   1   9.1e-58   3.8e-56  184.4   0.0     1   142    29   171    29   171 0.99 -
d2fxaa1a.4.5.28      -            162 d1lj9a_a.4.5.28.aln  -            142   1.2e-54  179.5   0.0   1   1   3.3e-56   1.4e-54  179.3   0.0     2   142     9   147     8   147 0.99 -
d2fbia1a.4.5.28      -            136 d1lj9a_a.4.5.28.aln  -            142   5.7e-39  128.7   0.6   1   1   1.5e-40   6.1e-39  128.6   0.6     7   139     3   133     1   136 0.97 -
d2etha1a.4.5.28      -            140 d1lj9a_a.4.5.28.aln  -            142     7e-38  125.1   0.0   1   1   1.8e-39   7.6e-38  125.0   0.0     5   141     3   137     1   138 0.98 -
d2a61a1a.4.5.28      -            139 d1lj9a_a.4.5.28.aln  -            142   5.8e-37  122.2   0.0   1   1   1.5e-38   6.3e-37  122.0   0.0     5   142     1   136     1   136 0.98 -
d2fbha1a.4.5.28      -            137 d1lj9a_a.4.5.28.aln  -            142     3e-36  119.9   0.4   1   1   7.9e-38   3.3e-36  119.7   0.4     8   142     2   135     1   135 0.97 -
d1s3ja_a.4.5.28      -            143 d1lj9a_a.4.5.28.aln  -            142   3.6e-36  119.6   4.1   1   1   9.4e-38   3.9e-36  119.5   4.1     3   141     4   140     2   141 0.97 -
d3broa1a.4.5.28      -            135 d1lj9a_a.4.5.28.aln  -            142   3.1e-35  116.5   5.4   1   1   8.3e-37   3.4e-35  116.4   5.4     7   139     2   134     1   135 0.99 -
d1jgsa_a.4.5.28      -            138 d1lj9a_a.4.5.28.aln  -            142   1.1e-34  114.8   0.0   1   1   2.9e-36   1.2e-34  114.7   0.0     3   137     3   136     1   138 0.92 -
d3echa_a.4.5.28      -            142 d1lj9a_a.4.5.28.aln  -            142   3.5e-34  113.1   0.1   1   1   9.3e-36   3.9e-34  113.0   0.1     4   140     5   141     2   142 0.96 -
d2hr3a1a.4.5.28      -            145 d1lj9a_a.4.5.28.aln  -            142   4.4e-33  109.6   0.1   1   1   1.2e-34   4.8e-33  109.5   0.1     2   141     2   140     1   141 0.97 -
d1p4xa1a.4.5.28      -            125 d1lj9a_a.4.5.28.aln  -            142   1.3e-32  108.0   1.5   1   1   3.5e-34   1.5e-32  107.9   1.5     1   124     1   124     1   125 0.97 -
d1hsja1a.4.5.28      -            115 d1lj9a_a.4.5.28.aln  -            142   7.6e-31  102.3   3.1   1   1     2e-32   8.2e-31  102.2   3.1     4   116     2   114     1   115 0.98 -
d1p4xa2a.4.5.28      -            125 d1lj9a_a.4.5.28.aln  -            142   9.4e-31  102.0   3.3   1   1   2.4e-32   9.9e-31  102.0   3.3     3   121     2   120     1   125 0.96 -
d3bjaa_a.4.5.0       -            139 d1lj9a_a.4.5.28.aln  -            142   1.6e-22   75.4   0.1   1   1     4e-24   1.6e-22   75.3   0.1    18   139    17   136     2   139 0.92 -
d3jw4a_a.4.5.0       -            137 d1lj9a_a.4.5.28.aln  -            142   1.5e-21   72.2   0.1   1   1   4.2e-23   1.7e-21   72.0   0.1    11   137     7   133     3   137 0.95 -
d1ub9a_a.4.5.28      -            100 d1lj9a_a.4.5.28.aln  -            142   1.5e-20   68.9   0.0   1   1   3.9e-22   1.6e-20   68.9   0.0    19   118     1    98     1   100 0.97 -
d1lj9a_a.4.5.28      -            144 d1lj9a_a.4.5.28.aln  -            142   3.8e-16   54.7   0.6   1   1     1e-17   4.1e-16   54.6   0.6     8   140     3   133     1   135 0.94 -
d3ctaa1a.4.5.28      -             85 d1lj9a_a.4.5.28.aln  -            142   2.5e-14   48.8   0.2   1   1   6.7e-16   2.8e-14   48.7   0.2    46   115    17    83     4    85 0.92 -
#
# Program:         hmmsearch
# Version:         3.1b2 (February 2015)
# Pipeline mode:   SEARCH
# Query file:      hmmModels95/d1lj9a_a.4.5.28.hmm
# Target file:     scop/scopTestSeq.fasta
# Option settings: hmmsearch --domtblout hmmModels95/d1lj9a_a.4.5.28.out -E 1 hmmModels95/d1lj9a_a.4.5.28.hmm scop/scopTestSeq.fasta 
# Current dir:     /users/nfs/Etu7/3801677/SBAS/TME8
# Date:            Tue Apr  4 15:53:51 2023
# [ok]
