#                                                                            --- full sequence --- -------------- this domain -------------   hmm coord   ali coord   env coord
# target name        accession   tlen query name           accession   qlen   E-value  score  bias   #  of  c-Evalue  i-Evalue  score  bias  from    to  from    to  from    to  acc description of target
#------------------- ---------- ----- -------------------- ---------- ----- --------- ------ ----- --- --- --------- --------- ------ ----- ----- ----- ----- ----- ----- ----- ---- ---------------------
d2nuja1d.38.1.1      -            159 d1lo7a_d.38.1.1.aln  -            136   1.9e-51  168.8   0.0   1   1   4.6e-53   2.1e-51  168.6   0.0     2   134    21   154    20   156 0.98 -
d2hx5a1d.38.1.1      -            144 d1lo7a_d.38.1.1.aln  -            136   1.9e-44  146.1   0.0   1   1   4.5e-46   2.1e-44  145.9   0.0     2   133     4   143     3   144 0.98 -
d1vpma_d.38.1.1      -            155 d1lo7a_d.38.1.1.aln  -            136     1e-41  137.2   0.1   1   1   2.5e-43   1.2e-41  137.0   0.1     2   134     2   138     1   140 0.98 -
d3bjka_d.38.1.1      -            140 d1lo7a_d.38.1.1.aln  -            136   4.8e-40  131.8   0.0   1   1   1.1e-41   5.2e-40  131.7   0.0    10   134     4   135     1   137 0.97 -
d2hlja1d.38.1.1      -            156 d1lo7a_d.38.1.1.aln  -            136   2.9e-39  129.3   0.0   1   1   7.1e-41   3.3e-39  129.1   0.0     2   135     2   137     1   138 0.98 -
d2oiwa1d.38.1.1      -            131 d1lo7a_d.38.1.1.aln  -            136   2.4e-37  123.1   0.2   1   1   5.7e-39   2.6e-37  122.9   0.2     4   136     1   130     1   130 0.98 -
d1njka_d.38.1.1      -            133 d1lo7a_d.38.1.1.aln  -            136   4.2e-37  122.3   0.0   1   1   9.9e-39   4.6e-37  122.1   0.0     5   134     2   132     1   133 0.98 -
d2oafa1d.38.1.1      -            143 d1lo7a_d.38.1.1.aln  -            136     8e-37  121.4   0.0   1   1   1.9e-38   8.7e-37  121.2   0.0     2   134     6   141     5   143 0.98 -
d2gvha1d.38.1.1      -            135 d1lo7a_d.38.1.1.aln  -            136   1.2e-36  120.8   0.1   1   1   2.8e-38   1.3e-36  120.7   0.1     5   131     3   133     1   135 0.97 -
d3qy3a1d.38.1.1      -            130 d1lo7a_d.38.1.1.aln  -            136   1.8e-36  120.3   0.0   1   1   4.2e-38   1.9e-36  120.1   0.0     3   130     2   129     1   130 0.97 -
d1s5ua_d.38.1.1      -            129 d1lo7a_d.38.1.1.aln  -            136   8.2e-36  118.1   1.5   1   1     2e-37   9.1e-36  118.0   1.5     4   130     2   129     1   129 0.99 -
d2gf6a1d.38.1.1      -            134 d1lo7a_d.38.1.1.aln  -            136     1e-35  117.8   0.0   1   1   2.3e-37   1.1e-35  117.7   0.0     2   131     3   132     2   134 0.98 -
d1lo7a_d.38.1.1      -            140 d1lo7a_d.38.1.1.aln  -            136   2.9e-12   41.8   0.0   1   1     8e-14   3.7e-12   41.5   0.0     6   122     5   129     3   134 0.88 -
d1wlua_d.38.1.5      -            117 d1lo7a_d.38.1.1.aln  -            136   1.7e-08   29.6   0.1   1   2      0.29        13    0.8   0.0    34    64     1    32     1    34 0.80 -
d1wlua_d.38.1.5      -            117 d1lo7a_d.38.1.1.aln  -            136   1.7e-08   29.6   0.1   2   2   1.5e-09   6.9e-08   27.7   0.1    21   107    31   114    26   117 0.74 -
d3f5oa_d.38.1.5      -            138 d1lo7a_d.38.1.1.aln  -            136   7.6e-08   27.5   0.0   1   1     2e-09   9.3e-08   27.3   0.0    19   106    45   132    30   135 0.85 -
d1ixla_d.38.1.5      -            130 d1lo7a_d.38.1.1.aln  -            136   1.4e-05   20.2   0.0   1   1   3.5e-07   1.6e-05   20.0   0.0    45   110    59   122    32   127 0.82 -
d2hboa1d.38.1.5      -            142 d1lo7a_d.38.1.1.aln  -            136   0.00017   16.7   0.0   1   1   4.5e-06   0.00021   16.4   0.0    34   116    57   134    32   140 0.77 -
#
# Program:         hmmsearch
# Version:         3.1b2 (February 2015)
# Pipeline mode:   SEARCH
# Query file:      hmmModels95/d1lo7a_d.38.1.1.hmm
# Target file:     scop/scopTestSeq.fasta
# Option settings: hmmsearch --domtblout hmmModels95/d1lo7a_d.38.1.1.out -E 1 hmmModels95/d1lo7a_d.38.1.1.hmm scop/scopTestSeq.fasta 
# Current dir:     /users/nfs/Etu7/3801677/SBAS/TME8
# Date:            Tue Apr  4 15:53:51 2023
# [ok]
