#                                                                            --- full sequence --- -------------- this domain -------------   hmm coord   ali coord   env coord
# target name        accession   tlen query name           accession   qlen   E-value  score  bias   #  of  c-Evalue  i-Evalue  score  bias  from    to  from    to  from    to  acc description of target
#------------------- ---------- ----- -------------------- ---------- ----- --------- ------ ----- --- --- --------- --------- ------ ----- ----- ----- ----- ----- ----- ----- ---- ---------------------
d3mw9a1c.2.1.7       -            293 d1luaa1c.2.1.7.aln   -            245  2.3e-111  366.5   0.0   1   1  5.6e-113  2.6e-111  366.3   0.0     4   245     1   292     1   292 1.00 -
d1o0sa1c.2.1.7       -            308 d1luaa1c.2.1.7.aln   -            245   1.9e-96  317.6   0.9   1   1   4.7e-98   2.2e-96  317.4   0.9     1   245     2   287     2   287 1.00 -
d1euza1c.2.1.7       -            239 d1luaa1c.2.1.7.aln   -            245   4.7e-81  267.2   2.5   1   1   1.1e-82   5.2e-81  267.1   2.5     1   244     2   237     2   238 0.99 -
d1bgva1c.2.1.7       -            255 d1luaa1c.2.1.7.aln   -            245   8.6e-60  197.6   2.3   1   1   2.1e-61   9.6e-60  197.4   2.3     1   245     6   255     6   255 0.98 -
d1c1da1c.2.1.7       -            201 d1luaa1c.2.1.7.aln   -            245   8.6e-39  128.8   0.7   1   1     2e-40   9.5e-39  128.7   0.7     7   225     2   198     1   201 0.96 -
d1vl6a1c.2.1.7       -            222 d1luaa1c.2.1.7.aln   -            245   4.7e-38  126.4   0.2   1   1   1.1e-39   5.2e-38  126.3   0.2     1   244     3   221     3   222 0.97 -
d1edza1c.2.1.7       -            171 d1luaa1c.2.1.7.aln   -            245   1.1e-23   79.3   0.0   1   1   2.6e-25   1.2e-23   79.2   0.0    41   224     1   170     1   171 0.97 -
d1nyta1c.2.1.7       -            170 d1luaa1c.2.1.7.aln   -            245   6.3e-19   63.8   0.0   1   1   1.6e-20   7.6e-19   63.5   0.0     4   227     1   168     1   170 0.89 -
d1npya1c.2.1.7       -            167 d1luaa1c.2.1.7.aln   -            245   6.7e-16   53.8   3.4   1   1   2.4e-17   1.1e-15   53.1   3.4     5   227     2   165     1   167 0.95 -
d1gpja2c.2.1.7       -            159 d1luaa1c.2.1.7.aln   -            245   2.1e-11   39.2   1.7   1   1   4.8e-11   2.2e-09   32.5   1.7     2   210     3   147     2   159 0.65 -
d1vj0a2c.2.1.1       -            182 d1luaa1c.2.1.7.aln   -            245   7.4e-05   17.7   0.0   1   1     2e-06   9.1e-05   17.4   0.0    30    97    25    90     9   123 0.80 -
d1h2ba2c.2.1.1       -            172 d1luaa1c.2.1.7.aln   -            245     0.001   14.0   0.4   1   1   2.9e-05    0.0014   13.6   0.4    11    90    16    89    13   102 0.86 -
d1luaa1c.2.1.7       -            191 d1luaa1c.2.1.7.aln   -            245    0.0013   13.6   2.0   1   1   4.2e-05     0.002   13.0   2.0    25    86    15    71     3   102 0.75 -
d1cf2o1c.2.1.3       -            172 d1luaa1c.2.1.7.aln   -            245    0.0013   13.6   0.4   1   1   4.6e-05    0.0022   12.9   0.5    35    84     2    73     1   114 0.70 -
d2iida1c.3.1.2       -            371 d1luaa1c.2.1.7.aln   -            245    0.0034   12.2   0.5   1   1   0.00023     0.011   10.6   0.5    27   216    23   255    13   279 0.81 -
d2jhfa2c.2.1.1       -            176 d1luaa1c.2.1.7.aln   -            245    0.0039   12.0   0.5   1   1   0.00011     0.005   11.7   0.5    31    84    26    79    10    92 0.80 -
d1kola2c.2.1.1       -            195 d1luaa1c.2.1.7.aln   -            245    0.0058   11.5   0.0   1   1   0.00016    0.0074   11.1   0.0    34    68    26    59    15   100 0.83 -
#
# Program:         hmmsearch
# Version:         3.1b2 (February 2015)
# Pipeline mode:   SEARCH
# Query file:      hmmModels95/d1luaa1c.2.1.7.hmm
# Target file:     scop/scopTestSeq.fasta
# Option settings: hmmsearch --domtblout hmmModels95/d1luaa1c.2.1.7.out -E 1 hmmModels95/d1luaa1c.2.1.7.hmm scop/scopTestSeq.fasta 
# Current dir:     /users/nfs/Etu7/3801677/SBAS/TME8
# Date:            Tue Apr  4 15:53:51 2023
# [ok]
