#                                                                            --- full sequence --- -------------- this domain -------------   hmm coord   ali coord   env coord
# target name        accession   tlen query name           accession   qlen   E-value  score  bias   #  of  c-Evalue  i-Evalue  score  bias  from    to  from    to  from    to  acc description of target
#------------------- ---------- ----- -------------------- ---------- ----- --------- ------ ----- --- --- --------- --------- ------ ----- ----- ----- ----- ----- ----- ----- ---- ---------------------
d1e2ka_c.37.1.1      -            329 d1lw7a2c.37.1.1.aln  -            212   4.1e-84  277.1   0.0   1   2   0.00055     0.022   10.1   0.0     5    26     6    27     4    29 0.91 -
d1e2ka_c.37.1.1      -            329 d1lw7a2c.37.1.1.aln  -            212   4.1e-84  277.1   0.0   2   2   4.2e-82   1.7e-80  265.3   0.0     2   212    30   283    29   283 0.99 -
d1p5zb_c.37.1.1      -            241 d1lw7a2c.37.1.1.aln  -            212   5.2e-40  133.0   0.0   1   1   1.5e-41   5.9e-40  132.8   0.0     4   209     3   232     1   235 0.98 -
d1zina1c.37.1.1      -            183 d1lw7a2c.37.1.1.aln  -            212   2.9e-36  120.8   0.1   1   1     8e-38   3.2e-36  120.6   0.1     4   209     1   180     1   183 0.97 -
d1deka_c.37.1.1      -            241 d1lw7a2c.37.1.1.aln  -            212   5.1e-33  110.2   0.0   1   1   1.5e-34   5.8e-33  110.0   0.0     3   211     1   238     1   239 0.97 -
d1t0hb_c.37.1.1      -            219 d1lw7a2c.37.1.1.aln  -            212   5.9e-33  110.0   0.0   1   1   1.6e-34   6.4e-33  109.8   0.0     2   207    19   215    18   219 0.97 -
d1qf9a_c.37.1.1      -            194 d1lw7a2c.37.1.1.aln  -            212   1.4e-30  102.2   0.0   1   1   4.1e-32   1.6e-30  102.0   0.0     2   209     5   191     4   193 0.95 -
d1khta_c.37.1.1      -            190 d1lw7a2c.37.1.1.aln  -            212   1.7e-21   72.5   0.1   1   1   4.6e-23   1.8e-21   72.4   0.1     3   206     1   185     1   190 0.96 -
d1kgda_c.37.1.1      -            178 d1lw7a2c.37.1.1.aln  -            212   1.3e-18   63.1   0.1   1   1   3.5e-20   1.4e-18   63.0   0.1     2   191     2   176     1   178 0.97 -
d1vhta_c.37.1.1      -            208 d1lw7a2c.37.1.1.aln  -            212   1.3e-18   63.1   1.3   1   1   5.3e-20   2.1e-18   62.4   1.3     4   201     4   196     2   206 0.89 -
d1gsia_c.37.1.1      -            208 d1lw7a2c.37.1.1.aln  -            212     6e-18   60.9   0.0   1   1   1.7e-19   6.5e-18   60.8   0.0     4   203     1   200     1   208 0.94 -
d1kjwa2c.37.1.1      -            199 d1lw7a2c.37.1.1.aln  -            212   3.9e-16   55.0   0.0   1   1   1.1e-17   4.5e-16   54.8   0.0    12   204    15   198     9   199 0.95 -
d2grja_c.37.1.1      -            179 d1lw7a2c.37.1.1.aln  -            212   1.1e-13   47.0   0.2   1   1   3.3e-15   1.3e-13   46.8   0.2     2   194     2   179     1   179 0.89 -
d1y63a_c.37.1.1      -            174 d1lw7a2c.37.1.1.aln  -            212   1.4e-13   46.6   1.2   1   1   5.3e-15   2.1e-13   46.1   1.2     2   205     4   172     3   174 0.93 -
d1ly1a_c.37.1.1      -            152 d1lw7a2c.37.1.1.aln  -            212   7.7e-11   37.7   0.0   1   1     3e-12   1.2e-10   37.1   0.0     3   148     2   123     1   151 0.87 -
d1yj5a2c.37.1.1      -            172 d1lw7a2c.37.1.1.aln  -            212   3.4e-10   35.6   0.0   1   2     0.034       1.3    4.2   0.0     5    22    16    33    13    46 0.72 -
d1yj5a2c.37.1.1      -            172 d1lw7a2c.37.1.1.aln  -            212   3.4e-10   35.6   0.0   2   2   4.2e-10   1.6e-08   30.1   0.0    72   203    43   169    40   172 0.96 -
d3kb2a_c.37.1.1      -            171 d1lw7a2c.37.1.1.aln  -            212   1.9e-08   29.9   0.0   1   1   8.1e-10   3.2e-08   29.1   0.0     5   199     2   169     1   171 0.93 -
d2qora_c.37.1.0      -            196 d1lw7a2c.37.1.1.aln  -            212   2.8e-07   26.0   0.0   1   1   9.3e-09   3.7e-07   25.7   0.0     4   142     5   140     2   186 0.75 -
d3akea_c.37.1.0      -            208 d1lw7a2c.37.1.1.aln  -            212     3e-07   26.0   0.3   1   2   8.3e-07   3.3e-05   19.3   0.0     5    41     4    40     1    46 0.95 -
d3akea_c.37.1.0      -            208 d1lw7a2c.37.1.1.aln  -            212     3e-07   26.0   0.3   2   2     0.021      0.81    4.9   0.1   106   156   110   159    87   193 0.78 -
d1in4a2c.37.1.20     -            238 d1lw7a2c.37.1.1.aln  -            212    0.0007   15.0   0.0   1   1   3.1e-05    0.0012   14.2   0.0     6    36    38    68    36   138 0.80 -
d1um8a_c.37.1.20     -            364 d1lw7a2c.37.1.1.aln  -            212    0.0052   12.1   0.1   1   2   0.00031     0.012   10.9   0.0     5    29    70    94    67   120 0.89 -
d1um8a_c.37.1.20     -            364 d1lw7a2c.37.1.1.aln  -            212    0.0052   12.1   0.1   2   2       6.5   2.6e+02   -3.2   0.0   151   174   229   249   212   286 0.56 -
#
# Program:         hmmsearch
# Version:         3.1b2 (February 2015)
# Pipeline mode:   SEARCH
# Query file:      hmmModels95/d1lw7a2c.37.1.1.hmm
# Target file:     scop/scopTestSeq.fasta
# Option settings: hmmsearch --domtblout hmmModels95/d1lw7a2c.37.1.1.out -E 1 hmmModels95/d1lw7a2c.37.1.1.hmm scop/scopTestSeq.fasta 
# Current dir:     /users/nfs/Etu7/3801677/SBAS/TME8
# Date:            Tue Apr  4 15:53:51 2023
# [ok]
