#                                                                            --- full sequence --- -------------- this domain -------------   hmm coord   ali coord   env coord
# target name        accession   tlen query name           accession   qlen   E-value  score  bias   #  of  c-Evalue  i-Evalue  score  bias  from    to  from    to  from    to  acc description of target
#------------------- ---------- ----- -------------------- ---------- ----- --------- ------ ----- --- --- --------- --------- ------ ----- ----- ----- ----- ----- ----- ----- ---- ---------------------
d2fhfa4b.71.1.1      -            118 d1lwha1b.71.1.1.aln  -             89   6.9e-27   89.1   0.2   1   1   2.2e-28   8.5e-27   88.8   0.2     1    89    18   106    18   106 0.99 -
d1bf2a2b.71.1.1      -            113 d1lwha1b.71.1.1.aln  -             89   9.4e-23   75.9   8.1   1   1   2.9e-24   1.1e-22   75.6   8.1     3    89    17   103    15   103 0.98 -
d2guya1b.71.1.1      -             95 d1lwha1b.71.1.1.aln  -             89   1.7e-20   68.7   0.5   1   1   4.7e-22   1.8e-20   68.6   0.5     4    88     3    87     1    88 0.96 -
d3bmva3b.71.1.1      -             89 d1lwha1b.71.1.1.aln  -             89   2.9e-20   67.9   5.5   1   1   8.5e-22   3.4e-20   67.7   5.5     1    86     1    86     1    88 0.99 -
d1m7xa2b.71.1.1      -            106 d1lwha1b.71.1.1.aln  -             89     2e-19   65.2   0.0   1   1   5.8e-21   2.3e-19   65.1   0.0     3    88     7    92     5    93 0.95 -
d1szna1b.71.1.1      -            103 d1lwha1b.71.1.1.aln  -             89   6.2e-19   63.7   0.1   1   1   1.8e-20   7.3e-19   63.5   0.1     2    89    13   100    12   100 0.98 -
d1e43a1b.71.1.1      -             90 d1lwha1b.71.1.1.aln  -             89   6.6e-18   60.4   2.0   1   1   1.8e-19   7.2e-18   60.3   2.0     1    85     4    88     4    90 0.98 -
d1uasa1b.71.1.1      -             89 d1lwha1b.71.1.1.aln  -             89   1.3e-13   46.6   1.2   1   1   3.5e-15   1.4e-13   46.6   1.2     3    87     3    87     1    89 0.96 -
d1ji1a2b.71.1.1      -             83 d1lwha1b.71.1.1.aln  -             89   3.5e-12   42.1   2.9   1   1   9.8e-14   3.9e-12   42.0   2.9     4    79     3    78     1    82 0.92 -
d1ea9c2b.71.1.1      -             80 d1lwha1b.71.1.1.aln  -             89   7.8e-12   41.0   0.0   1   1   2.1e-13   8.3e-12   40.9   0.0     3    80     2    79     1    80 0.96 -
d1h3ga2b.71.1.1      -             83 d1lwha1b.71.1.1.aln  -             89   7.2e-09   31.5   0.0   1   1   2.1e-10   8.3e-09   31.3   0.0     5    79     2    76     1    82 0.90 -
d1g5aa1b.71.1.1      -             74 d1lwha1b.71.1.1.aln  -             89   9.4e-07   24.7   0.0   1   1   2.5e-08     1e-06   24.7   0.0     9    77     4    72     1    74 0.92 -
d1ua7a1b.71.1.1      -             78 d1lwha1b.71.1.1.aln  -             89     1e-06   24.6   1.2   1   1   3.2e-08   1.3e-06   24.3   1.2     9    73    10    74     6    77 0.94 -
d1r7aa1b.71.1.1      -             70 d1lwha1b.71.1.1.aln  -             89     1e-06   24.6   0.1   1   1   2.7e-08   1.1e-06   24.6   0.1     2    63     4    65     3    70 0.94 -
d1wzaa1b.71.1.1      -             79 d1lwha1b.71.1.1.aln  -             89   1.8e-06   23.8   0.0   1   1   5.2e-08     2e-06   23.7   0.0     6    77     4    75     2    79 0.94 -
d1j0ha2b.71.1.1      -             83 d1lwha1b.71.1.1.aln  -             89   4.9e-06   22.4   0.0   1   1   1.2e-07   4.9e-06   22.4   0.0     4    63     4    60     1    83 0.81 -
d1ht6a1b.71.1.1      -             57 d1lwha1b.71.1.1.aln  -             89   7.8e-05   18.6   0.0   1   1   2.2e-06   8.7e-05   18.5   0.0     5    54     7    56     4    57 0.93 -
d1mxga1b.71.1.1      -             74 d1lwha1b.71.1.1.aln  -             89   9.5e-05   18.3   1.4   1   1   2.5e-06    0.0001   18.3   1.4     4    74     4    74     1    74 0.94 -
d1gjwa1b.71.1.1      -             64 d1lwha1b.71.1.1.aln  -             89   0.00013   17.9   0.0   1   1   3.3e-06   0.00013   17.9   0.0     3    58     2    57     1    64 0.88 -
d2bhua2b.71.1.1      -             72 d1lwha1b.71.1.1.aln  -             89   0.00017   17.5   0.0   1   1   4.6e-06   0.00018   17.4   0.0     4    73     2    71     1    72 0.95 -
#
# Program:         hmmsearch
# Version:         3.1b2 (February 2015)
# Pipeline mode:   SEARCH
# Query file:      hmmModels95/d1lwha1b.71.1.1.hmm
# Target file:     scop/scopTestSeq.fasta
# Option settings: hmmsearch --domtblout hmmModels95/d1lwha1b.71.1.1.out -E 1 hmmModels95/d1lwha1b.71.1.1.hmm scop/scopTestSeq.fasta 
# Current dir:     /users/nfs/Etu7/3801677/SBAS/TME8
# Date:            Tue Apr  4 15:53:51 2023
# [ok]
