#                                                                            --- full sequence --- -------------- this domain -------------   hmm coord   ali coord   env coord
# target name        accession   tlen query name           accession   qlen   E-value  score  bias   #  of  c-Evalue  i-Evalue  score  bias  from    to  from    to  from    to  acc description of target
#------------------- ---------- ----- -------------------- ---------- ----- --------- ------ ----- --- --- --------- --------- ------ ----- ----- ----- ----- ----- ----- ----- ---- ---------------------
d1p0ha_d.108.1.1     -            308 d1m4ia_d.108.1.1.aln -            173     6e-61  201.1   0.0   1   3   1.2e-58   2.2e-57  189.5   0.0     1   173     1   175     1   175 1.00 -
d1p0ha_d.108.1.1     -            308 d1m4ia_d.108.1.1.aln -            173     6e-61  201.1   0.0   2   3      0.31       5.6    2.6   0.0    79   108   222   251   218   254 0.92 -
d1p0ha_d.108.1.1     -            308 d1m4ia_d.108.1.1.aln -            173     6e-61  201.1   0.0   3   3      0.04      0.74    5.5   0.0   123   153   276   306   266   308 0.79 -
d2pq8a_d.108.1.1     -            271 d1m4ia_d.108.1.1.aln -            173   1.3e-58  193.6   1.0   1   1   9.6e-60   1.8e-58  193.1   1.0     3   173     2   172     1   172 0.99 -
d2p0wa_d.108.1.1     -            319 d1m4ia_d.108.1.1.aln -            173   2.1e-52  173.3   0.6   1   1   1.2e-53   2.1e-52  173.3   0.6     1   173    12   228    12   228 1.00 -
d1boba_d.108.1.1     -            315 d1m4ia_d.108.1.1.aln -            173   3.6e-41  136.7   0.2   1   1   2.7e-42   4.9e-41  136.3   0.2     1   173    13   214    13   214 0.99 -
d1u6ma_d.108.1.1     -            189 d1m4ia_d.108.1.1.aln -            173   2.6e-31  104.7   0.1   1   1   1.6e-32   2.9e-31  104.5   0.1     4   163     3   187     1   189 0.99 -
d2b5ga_d.108.1.1     -            168 d1m4ia_d.108.1.1.aln -            173   2.1e-23   78.9   0.3   1   1   1.3e-24   2.3e-23   78.8   0.3     3   167     4   167     2   168 0.95 -
d1z4ea1d.108.1.1     -            150 d1m4ia_d.108.1.1.aln -            173   1.1e-20   70.0   0.1   1   1   7.6e-22   1.4e-20   69.7   0.1     1   146     1   141     1   145 0.97 -
d1tiqa_d.108.1.1     -            173 d1m4ia_d.108.1.1.aln -            173   2.7e-20   68.8   0.0   1   1   1.8e-21   3.4e-20   68.5   0.0     5   167     5   169     1   172 0.95 -
d2cy2a1d.108.1.1     -            174 d1m4ia_d.108.1.1.aln -            173   5.2e-19   64.6   0.7   1   1   3.4e-20   6.2e-19   64.4   0.7     2   161     1   162     1   166 0.97 -
d1y9ka1d.108.1.1     -            152 d1m4ia_d.108.1.1.aln -            173   2.7e-18   62.3   0.0   1   1   1.7e-19   3.1e-18   62.1   0.0    27   165    11   137     7   144 0.93 -
d1i12a_d.108.1.1     -            157 d1m4ia_d.108.1.1.aln -            173   3.6e-18   61.9   0.0   1   1   2.7e-19     5e-18   61.4   0.0     3   152     6   154     5   157 0.93 -
d2gana1d.108.1.1     -            182 d1m4ia_d.108.1.1.aln -            173   9.8e-18   60.4   1.0   1   1   7.9e-19   1.4e-17   59.9   1.0     3   161     9   179     7   182 0.89 -
d2ae6a1d.108.1.1     -            161 d1m4ia_d.108.1.1.aln -            173   1.4e-17   60.0   0.0   1   1   8.9e-19   1.6e-17   59.7   0.0     2   164     5   155     4   159 0.97 -
d1qsma_d.108.1.1     -            150 d1m4ia_d.108.1.1.aln -            173   1.4e-17   60.0   0.0   1   1   8.3e-19   1.5e-17   59.8   0.0     2   151     3   145     2   150 0.95 -
d1y9wa1d.108.1.1     -            140 d1m4ia_d.108.1.1.aln -            173   2.1e-17   59.4   0.3   1   1   1.1e-18   2.1e-17   59.4   0.3    70   163    46   137     5   140 0.92 -
d2euia1d.108.1.1     -            153 d1m4ia_d.108.1.1.aln -            173   2.6e-17   59.1   0.1   1   1   1.8e-18   3.3e-17   58.7   0.1     2   153     1   144     1   152 0.95 -
d1z4ra1d.108.1.1     -            162 d1m4ia_d.108.1.1.aln -            173   3.9e-17   58.5   0.1   1   1   2.3e-18   4.3e-17   58.4   0.1     5   169    10   161     6   162 0.97 -
d1yk3a1d.108.1.1     -            198 d1m4ia_d.108.1.1.aln -            173   2.3e-16   56.0   0.1   1   1   1.6e-17   2.9e-16   55.7   0.1     3   169     7   189     6   192 0.97 -
d1mk4a_d.108.1.1     -            157 d1m4ia_d.108.1.1.aln -            173   2.5e-16   55.8   0.0   1   1   1.9e-17   3.5e-16   55.4   0.0     1   163     1   144     1   147 0.94 -
d1vkca_d.108.1.1     -            149 d1m4ia_d.108.1.1.aln -            173   4.4e-16   55.1   0.8   1   1   2.8e-17   5.1e-16   54.9   0.8     8   152     7   146     4   149 0.95 -
d2fcka1d.108.1.1     -            178 d1m4ia_d.108.1.1.aln -            173   6.4e-16   54.5   0.2   1   1   4.1e-17   7.5e-16   54.3   0.2     2   153    12   161    11   170 0.95 -
d1ufha_d.108.1.1     -            155 d1m4ia_d.108.1.1.aln -            173   4.3e-15   51.8   0.3   1   1   2.7e-16   4.9e-15   51.7   0.3     4   151     4   151     1   153 0.96 -
d1nsla_d.108.1.1     -            180 d1m4ia_d.108.1.1.aln -            173   9.4e-15   50.7   0.1   1   1   5.6e-16     1e-14   50.6   0.1     1   167    10   174    10   180 0.95 -
d1wwza1d.108.1.1     -            157 d1m4ia_d.108.1.1.aln -            173   4.5e-14   48.5   0.6   1   1   3.2e-15   5.9e-14   48.1   0.6     4   155     6   152     3   156 0.78 -
d2fiaa1d.108.1.1     -            157 d1m4ia_d.108.1.1.aln -            173   4.6e-13   45.3   0.6   1   1   3.1e-14   5.6e-13   45.0   0.6     2   167     1   155     1   157 0.97 -
d1ghea_d.108.1.1     -            170 d1m4ia_d.108.1.1.aln -            173   6.6e-13   44.7   0.0   1   1   4.5e-14   8.3e-13   44.4   0.0     4   164     3   163     1   169 0.78 -
d1yx0a1d.108.1.1     -            151 d1m4ia_d.108.1.1.aln -            173   6.6e-13   44.7   0.0   1   1   3.7e-14   6.8e-13   44.7   0.0    54   157    37   142     7   151 0.90 -
d2fiwa1d.108.1.1     -            156 d1m4ia_d.108.1.1.aln -            173     8e-13   44.5   0.0   1   1   5.1e-14   9.4e-13   44.2   0.0     4   149     6   137     5   154 0.95 -
d1cjwa_d.108.1.1     -            166 d1m4ia_d.108.1.1.aln -            173     2e-12   43.1   0.0   1   1   1.5e-13   2.7e-12   42.7   0.0     4   164     8   164     5   166 0.95 -
d2g3aa1d.108.1.1     -            137 d1m4ia_d.108.1.1.aln -            173   4.3e-11   38.8   0.0   1   1   2.6e-12   4.9e-11   38.7   0.0    69   148    42   119     9   121 0.88 -
d2jdca1d.108.1.1     -            145 d1m4ia_d.108.1.1.aln -            173   3.6e-10   35.8   0.1   1   1   2.3e-11   4.1e-10   35.6   0.1    83   153    64   131    20   142 0.86 -
d2aj6a1d.108.1.1     -            118 d1m4ia_d.108.1.1.aln -            173   3.6e-10   35.8   0.0   1   1   2.2e-11   4.1e-10   35.6   0.0     2   124     2   115     1   117 0.95 -
d1bo4a_d.108.1.1     -            137 d1m4ia_d.108.1.1.aln -            173   3.8e-10   35.8   0.0   1   1   2.1e-11   3.9e-10   35.7   0.0    68   143    62   137     3   137 0.78 -
d1n71a_d.108.1.1     -            180 d1m4ia_d.108.1.1.aln -            173   8.5e-10   34.6   0.0   1   1   5.3e-11   9.8e-10   34.4   0.0    19   169    23   177    10   180 0.93 -
d2fl4a1d.108.1.1     -            146 d1m4ia_d.108.1.1.aln -            173   2.5e-09   33.1   0.1   1   1   1.4e-10   2.6e-09   33.0   0.1    69   155    51   138     3   146 0.79 -
d1xeba_d.108.1.1     -            149 d1m4ia_d.108.1.1.aln -            173   5.3e-09   32.0   0.2   1   1   3.9e-10   7.2e-09   31.6   0.2    49   151    47   136     5   144 0.81 -
d2atra1d.108.1.1     -            137 d1m4ia_d.108.1.1.aln -            173   6.7e-09   31.7   0.0   1   1   3.9e-10   7.2e-09   31.6   0.0    67   160    40   136     6   137 0.81 -
d1y7ra1d.108.1.1     -            133 d1m4ia_d.108.1.1.aln -            173   2.3e-08   29.9   0.0   1   1   1.3e-09   2.5e-08   29.8   0.0    73   152    49   127    20   133 0.89 -
d1r57a_d.108.1.1     -            102 d1m4ia_d.108.1.1.aln -            173   5.6e-07   25.4   0.1   1   1   3.2e-08   5.8e-07   25.4   0.1    71   151    21    95     8   102 0.78 -
d1q2ya_d.108.1.1     -            140 d1m4ia_d.108.1.1.aln -            173   6.6e-07   25.2   0.0   1   1     5e-08   9.1e-07   24.7   0.0     9   145     6   120     2   135 0.95 -
d1m4ia_d.108.1.1     -            181 d1m4ia_d.108.1.1.aln -            173   2.7e-06   23.2   0.2   1   1   1.9e-07   3.4e-06   22.9   0.2    82   145    73   132    32   135 0.90 -
d2fsra1d.108.1.1     -            164 d1m4ia_d.108.1.1.aln -            173   6.5e-05   18.7   0.0   1   1   4.7e-06   8.6e-05   18.3   0.0     2   144    10   144     9   152 0.92 -
d1xmta_d.108.1.1     -             95 d1m4ia_d.108.1.1.aln -            173   0.00022   17.0   0.0   1   1   1.4e-05   0.00025   16.8   0.0    66   123    11    68     2    77 0.88 -
#
# Program:         hmmsearch
# Version:         3.1b2 (February 2015)
# Pipeline mode:   SEARCH
# Query file:      hmmModels95/d1m4ia_d.108.1.1.hmm
# Target file:     scop/scopTestSeq.fasta
# Option settings: hmmsearch --domtblout hmmModels95/d1m4ia_d.108.1.1.out -E 1 hmmModels95/d1m4ia_d.108.1.1.hmm scop/scopTestSeq.fasta 
# Current dir:     /users/nfs/Etu7/3801677/SBAS/TME8
# Date:            Tue Apr  4 15:53:52 2023
# [ok]
