#                                                                            --- full sequence --- -------------- this domain -------------   hmm coord   ali coord   env coord
# target name        accession   tlen query name           accession   qlen   E-value  score  bias   #  of  c-Evalue  i-Evalue  score  bias  from    to  from    to  from    to  acc description of target
#------------------- ---------- ----- -------------------- ---------- ----- --------- ------ ----- --- --- --------- --------- ------ ----- ----- ----- ----- ----- ----- ----- ---- ---------------------
d3fvsa_c.67.1.1      -            419 d1m6sa_c.67.1.1.aln  -            397    3e-140  463.0   0.0   1   1  6.8e-142  3.4e-140  462.9   0.0     5   396     2   418     1   419 0.99 -
d1gdea_c.67.1.1      -            388 d1m6sa_c.67.1.1.aln  -            397  3.3e-129  426.7   0.1   1   1  7.5e-131  3.7e-129  426.5   0.1     2   396     3   384     2   385 0.98 -
d1bw0a_c.67.1.1      -            412 d1m6sa_c.67.1.1.aln  -            397  6.3e-113  373.1   0.0   1   1  1.4e-114  7.1e-113  372.9   0.0     2   396     4   409     3   410 0.98 -
d2gb3a1c.67.1.1      -            389 d1m6sa_c.67.1.1.aln  -            397  1.8e-102  338.6   0.0   1   1  4.1e-104    2e-102  338.5   0.0     2   396     2   386     1   387 0.97 -
d2hoxa_c.67.1.1      -            425 d1m6sa_c.67.1.1.aln  -            397   1.4e-88  292.9   0.0   1   1   3.3e-90   1.6e-88  292.7   0.0     1   397     2   421     2   421 0.99 -
d1fg7a_c.67.1.1      -            354 d1m6sa_c.67.1.1.aln  -            397   1.1e-73  243.9   0.0   1   1   2.4e-75   1.2e-73  243.7   0.0    11   393     2   354     1   354 0.97 -
d1lc5a_c.67.1.1      -            355 d1m6sa_c.67.1.1.aln  -            397   1.3e-72  240.3   0.0   1   1   2.9e-74   1.4e-72  240.2   0.0     9   394     3   355     1   355 0.97 -
d1svva_c.67.1.1      -            340 d1m6sa_c.67.1.1.aln  -            397   7.9e-65  214.7   0.0   1   1   1.9e-66   9.4e-65  214.5   0.0    61   396    26   339    10   340 0.95 -
d1v72a1c.67.1.1      -            345 d1m6sa_c.67.1.1.aln  -            397   3.5e-61  202.7   0.0   1   1   8.7e-63   4.3e-61  202.4   0.0    46   394    17   342     1   345 0.96 -
d3piua_c.67.1.4      -            416 d1m6sa_c.67.1.1.aln  -            397   3.4e-33  110.5   0.0   1   1     9e-35   4.4e-33  110.2   0.0    71   396    70   414    64   415 0.86 -
d3ftba_c.67.1.0      -            334 d1m6sa_c.67.1.1.aln  -            397   3.8e-32  107.1   0.0   1   1   9.5e-34   4.7e-32  106.8   0.0    67   392    31   329    10   332 0.87 -
d1m6sa_c.67.1.1      -            343 d1m6sa_c.67.1.1.aln  -            397   3.5e-12   41.4   0.0   1   1   8.4e-14   4.1e-12   41.1   0.0    44   268    12   222     5   274 0.78 -
d2c81a_c.67.1.0      -            409 d1m6sa_c.67.1.1.aln  -            397   3.2e-05   18.4   0.1   1   1   2.5e-06   0.00012   16.5   0.1   100   211    56   158    31   161 0.87 -
d1bs0a_c.67.1.4      -            383 d1m6sa_c.67.1.1.aln  -            397   0.00085   13.7   0.0   1   1   2.7e-05    0.0013   13.1   0.0   192   288   186   280   182   380 0.75 -
d1gpja2c.2.1.7       -            159 d1m6sa_c.67.1.1.aln  -            397    0.0019   12.6   0.0   1   1   5.1e-05    0.0025   12.2   0.0    77   151     9    81     1    96 0.81 -
d2bhua3c.1.8.1       -            420 d1m6sa_c.67.1.1.aln  -            397    0.0026   12.1   0.0   1   1     8e-05     0.004   11.5   0.0   189   227    82   120    80   129 0.89 -
#
# Program:         hmmsearch
# Version:         3.1b2 (February 2015)
# Pipeline mode:   SEARCH
# Query file:      hmmModels95/d1m6sa_c.67.1.1.hmm
# Target file:     scop/scopTestSeq.fasta
# Option settings: hmmsearch --domtblout hmmModels95/d1m6sa_c.67.1.1.out -E 1 hmmModels95/d1m6sa_c.67.1.1.hmm scop/scopTestSeq.fasta 
# Current dir:     /users/nfs/Etu7/3801677/SBAS/TME8
# Date:            Tue Apr  4 15:53:52 2023
# [ok]
