#                                                                            --- full sequence --- -------------- this domain -------------   hmm coord   ali coord   env coord
# target name        accession   tlen query name           accession   qlen   E-value  score  bias   #  of  c-Evalue  i-Evalue  score  bias  from    to  from    to  from    to  acc description of target
#------------------- ---------- ----- -------------------- ---------- ----- --------- ------ ----- --- --- --------- --------- ------ ----- ----- ----- ----- ----- ----- ----- ---- ---------------------
d2gv8a1c.3.1.5       -            336 d1m6ia1c.3.1.5.aln   -            201   2.2e-73  241.8   0.0   1   1   8.7e-75   2.5e-73  241.6   0.0     2   200     2   281     1   282 0.99 -
d1mo9a1c.3.1.5       -            262 d1m6ia1c.3.1.5.aln   -            201   3.5e-72  237.8   0.0   1   1   1.4e-73   4.1e-72  237.6   0.0     1   201    39   262    39   262 0.99 -
d1v59a1c.3.1.5       -            234 d1m6ia1c.3.1.5.aln   -            201   1.9e-50  166.9   1.0   1   1   7.9e-52   2.3e-50  166.6   1.0     4   199     5   232     3   234 0.97 -
d1w4xa1c.3.1.5       -            299 d1m6ia1c.3.1.5.aln   -            201   5.2e-50  165.5   0.0   1   1     2e-51   5.9e-50  165.3   0.0     2   201     5   272     4   272 0.99 -
d1xdia1c.3.1.5       -            234 d1m6ia1c.3.1.5.aln   -            201   4.9e-32  106.8   0.2   1   1     2e-33   5.8e-32  106.5   0.2     5   196     2   228     1   232 0.97 -
d1fl2a1c.3.1.5       -            185 d1m6ia1c.3.1.5.aln   -            201   4.9e-29   97.0   1.3   1   1   1.9e-30   5.4e-29   96.8   1.3     5   198     2   178     1   181 0.94 -
d1w4xa2c.3.1.5       -            235 d1m6ia1c.3.1.5.aln   -            201   1.2e-27   92.4   0.0   1   1   4.8e-29   1.4e-27   92.2   0.0     2   192    23   234    22   235 0.98 -
d1nhpa1c.3.1.5       -            199 d1m6ia1c.3.1.5.aln   -            201   4.6e-24   80.8   0.0   1   1   1.8e-25   5.2e-24   80.6   0.0     6   199     2   197     1   199 0.93 -
d1m6ia1c.3.1.5       -            214 d1m6ia1c.3.1.5.aln   -            201     5e-18   61.1   0.0   1   1   2.2e-19   6.5e-18   60.7   0.0     2   201     2   214     1   214 0.88 -
d1v59a2c.3.1.5       -            122 d1m6ia1c.3.1.5.aln   -            201   5.3e-12   41.4   0.4   1   1   6.1e-13   1.8e-11   39.6   0.4    10   187     5   118     2   122 0.89 -
d1aoga2c.3.1.5       -            117 d1m6ia1c.3.1.5.aln   -            201   1.2e-10   36.9   0.0   1   1   4.7e-12   1.4e-10   36.8   0.0     9   183     1   109     1   117 0.93 -
d1mo9a2c.3.1.5       -            121 d1m6ia1c.3.1.5.aln   -            201   2.7e-08   29.3   0.1   1   1   1.2e-09   3.5e-08   28.9   0.1    13   192     6   121     2   121 0.93 -
d2gmha1c.3.1.2       -            381 d1m6ia1c.3.1.5.aln   -            201     8e-07   24.5   0.1   1   2   5.1e-06   0.00015   17.0   0.1     3    29    31    57    30    84 0.86 -
d2gmha1c.3.1.2       -            381 d1m6ia1c.3.1.5.aln   -            201     8e-07   24.5   0.1   2   2     0.018      0.51    5.5   0.0   175   197   256   284   179   288 0.88 -
d2gf3a1c.3.1.2       -            282 d1m6ia1c.3.1.5.aln   -            201   3.3e-06   22.4   0.0   1   1   2.5e-07   7.4e-06   21.3   0.0     3    35     2    34     1    46 0.93 -
d1vdca2c.3.1.5       -            130 d1m6ia1c.3.1.5.aln   -            201   8.2e-06   21.2   0.0   1   1   3.4e-07   9.9e-06   20.9   0.0    10   112    17   111    14   126 0.85 -
d1kdga1c.3.1.2       -            361 d1m6ia1c.3.1.5.aln   -            201   1.1e-05   20.8   0.8   1   2   8.9e-07   2.6e-05   19.5   0.4     5    42     3    43     1    46 0.85 -
d1kdga1c.3.1.2       -            361 d1m6ia1c.3.1.5.aln   -            201   1.1e-05   20.8   0.8   2   2       2.6        76   -1.6   0.0   146   175   301   324   263   356 0.58 -
d1m6ia2c.3.1.5       -            137 d1m6ia1c.3.1.5.aln   -            201   2.3e-05   19.7   0.0   1   1   1.2e-06   3.5e-05   19.1   0.0     5    77    14    82    10   137 0.79 -
d1nhpa2c.3.1.5       -            123 d1m6ia1c.3.1.5.aln   -            201   3.5e-05   19.1   0.4   1   2   1.2e-06   3.5e-05   19.1   0.4     2    38    28    64    27    72 0.84 -
d1nhpa2c.3.1.5       -            123 d1m6ia1c.3.1.5.aln   -            201   3.5e-05   19.1   0.4   2   2      0.21       6.1    2.0   0.5   138   190    81   122    64   123 0.78 -
d1ryia1c.3.1.2       -            277 d1m6ia1c.3.1.5.aln   -            201   6.5e-05   18.2   0.0   1   1     4e-06   0.00012   17.4   0.0     3    56     3    63     2    72 0.87 -
d2iida1c.3.1.2       -            371 d1m6ia1c.3.1.5.aln   -            201    0.0001   17.6   0.3   1   2   1.2e-05   0.00034   15.9   0.1     7    43    33    67    31   102 0.87 -
d2iida1c.3.1.2       -            371 d1m6ia1c.3.1.5.aln   -            201    0.0001   17.6   0.3   2   2       2.8        82   -1.7   0.0   146   171   153   178   121   189 0.80 -
d1pl8a2c.2.1.1       -            171 d1m6ia1c.3.1.5.aln   -            201    0.0005   15.3   0.2   1   1   2.7e-05   0.00079   14.7   0.2     5    41    28    60    26    75 0.86 -
d1seza1c.3.1.2       -            374 d1m6ia1c.3.1.5.aln   -            201   0.00072   14.8   0.7   1   1   3.9e-05    0.0011   14.2   0.7     6    49     3    42     1    49 0.87 -
d1b5qa1c.3.1.2       -            348 d1m6ia1c.3.1.5.aln   -            201   0.00092   14.5   0.2   1   1     6e-05    0.0017   13.6   0.2     7    42     3    38     2    54 0.81 -
d1fl2a2c.3.1.5       -            126 d1m6ia1c.3.1.5.aln   -            201    0.0014   13.9   0.1   1   1   5.1e-05    0.0015   13.8   0.1    27    77    29    73     7   126 0.83 -
d2dw4a2c.3.1.2       -            450 d1m6ia1c.3.1.5.aln   -            201    0.0014   13.8   1.5   1   2   5.5e-05    0.0016   13.7   0.3     6    42     7    42     3    75 0.81 -
d2dw4a2c.3.1.2       -            450 d1m6ia1c.3.1.5.aln   -            201    0.0014   13.8   1.5   2   2       7.1   2.1e+02   -3.0   0.0    32    50   292   306   289   308 0.74 -
d1kola2c.2.1.1       -            195 d1m6ia1c.3.1.5.aln   -            201    0.0048   12.1   1.1   1   1   0.00028    0.0081   11.4   1.1     7    33    29    55    25    67 0.85 -
d1vj0a2c.2.1.1       -            182 d1m6ia1c.3.1.5.aln   -            201    0.0055   11.9   0.2   1   1   0.00024    0.0069   11.6   0.2     6    36    31    61    28   117 0.89 -
#
# Program:         hmmsearch
# Version:         3.1b2 (February 2015)
# Pipeline mode:   SEARCH
# Query file:      hmmModels95/d1m6ia1c.3.1.5.hmm
# Target file:     scop/scopTestSeq.fasta
# Option settings: hmmsearch --domtblout hmmModels95/d1m6ia1c.3.1.5.out -E 1 hmmModels95/d1m6ia1c.3.1.5.hmm scop/scopTestSeq.fasta 
# Current dir:     /users/nfs/Etu7/3801677/SBAS/TME8
# Date:            Tue Apr  4 15:53:52 2023
# [ok]
