#                                                                            --- full sequence --- -------------- this domain -------------   hmm coord   ali coord   env coord
# target name        accession   tlen query name           accession   qlen   E-value  score  bias   #  of  c-Evalue  i-Evalue  score  bias  from    to  from    to  from    to  acc description of target
#------------------- ---------- ----- -------------------- ---------- ----- --------- ------ ----- --- --- --------- --------- ------ ----- ----- ----- ----- ----- ----- ----- ---- ---------------------
d1uoka2c.1.8.1       -            479 d1m7xa3c.1.8.1.aln   -            431  2.1e-125  414.5  23.2   1   1  6.4e-127  2.5e-125  414.3  23.2     4   430     2   479     1   479 0.99 -
d1g5aa2c.1.8.1       -            554 d1m7xa3c.1.8.1.aln   -            431   1.1e-96  319.8   6.5   1   1   3.4e-98   1.3e-96  319.6   6.5     2   431     3   554     2   554 0.98 -
d1e43a2c.1.8.1       -            393 d1m7xa3c.1.8.1.aln   -            431   1.1e-95  316.7  17.7   1   1     3e-97   1.2e-95  316.5  17.7    10   424     2   393     1   393 0.98 -
d3bmva4c.1.8.1       -            406 d1m7xa3c.1.8.1.aln   -            431   8.2e-95  313.7  15.6   1   1   2.4e-96   9.7e-95  313.5  15.6    10   430    14   406     6   406 0.97 -
d1wzaa2c.1.8.1       -            409 d1m7xa3c.1.8.1.aln   -            431     6e-92  304.3  20.9   1   1   1.7e-93   6.8e-92  304.1  20.9     8   429     2   408     1   409 0.96 -
d1gjwa2c.1.8.1       -            572 d1m7xa3c.1.8.1.aln   -            431     4e-87  288.4   0.4   1   1   1.2e-88   4.6e-87  288.2   0.4     3   430    39   571    37   572 0.99 -
d1x1na1c.1.8.1       -            523 d1m7xa3c.1.8.1.aln   -            431   1.9e-86  286.2   0.1   1   1   5.4e-88   2.1e-86  286.0   0.1     2   430    21   490    20   491 0.99 -
d2guya2c.1.8.1       -            381 d1m7xa3c.1.8.1.aln   -            431   2.4e-83  275.9   7.8   1   1   6.7e-85   2.6e-83  275.8   7.8     4   424     2   371     1   378 0.97 -
d1ji1a3c.1.8.1       -            432 d1m7xa3c.1.8.1.aln   -            431   3.4e-78  259.0  22.6   1   1   9.5e-80   3.8e-78  258.8  22.6     2   431     2   432     1   432 0.97 -
d1h3ga3c.1.8.1       -            422 d1m7xa3c.1.8.1.aln   -            431   3.5e-71  235.9  11.4   1   1   9.9e-73   3.9e-71  235.7  11.4     4   430     5   421     2   422 0.90 -
d2fhfa5c.1.8.1       -            563 d1m7xa3c.1.8.1.aln   -            431   9.2e-68  224.6   0.4   1   1   2.6e-69     1e-67  224.4   0.4     3   431    25   563    23   563 0.99 -
d1wdpa_c.1.8.1       -            493 d1m7xa3c.1.8.1.aln   -            431   1.4e-64  214.1   1.2   1   1   4.7e-66   1.8e-64  213.7   1.2     7   406     6   469     2   492 0.97 -
d1bf2a3c.1.8.1       -            475 d1m7xa3c.1.8.1.aln   -            431   4.1e-63  209.3  12.5   1   1   1.3e-64   5.2e-63  208.9  12.5     5   429    11   471     8   473 0.98 -
d2bhua3c.1.8.1       -            420 d1m7xa3c.1.8.1.aln   -            431   4.6e-59  195.9   1.7   1   1   1.4e-60   5.5e-59  195.7   1.7     9   429    15   418     9   420 0.98 -
d1ht6a2c.1.8.1       -            347 d1m7xa3c.1.8.1.aln   -            431   2.6e-53  177.0   8.5   1   1   7.3e-55   2.9e-53  176.8   8.5    11   412     2   333     1   347 0.94 -
d1ua7a2c.1.8.1       -            344 d1m7xa3c.1.8.1.aln   -            431     2e-43  144.4  12.0   1   1   7.6e-45     3e-43  143.8  12.0    56   386    28   312     2   340 0.90 -
d1r7aa2c.1.8.1       -            434 d1m7xa3c.1.8.1.aln   -            431   3.6e-29   97.4   0.2   1   1     1e-30   3.9e-29   97.3   0.2    33   426    26   434     2   434 0.94 -
d1vema2c.1.8.1       -            417 d1m7xa3c.1.8.1.aln   -            431     3e-18   61.4   9.2   1   1   9.1e-20   3.6e-18   61.2   9.2     7   413     7   399     1   415 0.94 -
d1kwga2c.1.8.1       -            393 d1m7xa3c.1.8.1.aln   -            431   1.7e-17   58.9   0.5   1   1   6.4e-19   2.5e-17   58.4   0.5     3   396     6   380     4   389 0.87 -
d1m7xa3c.1.8.1       -            396 d1m7xa3c.1.8.1.aln   -            431   7.2e-14   47.0   2.7   1   2   1.8e-14   7.1e-13   43.7   0.7    45   131    44   119    27   153 0.76 -
d1m7xa3c.1.8.1       -            396 d1m7xa3c.1.8.1.aln   -            431   7.2e-14   47.0   2.7   2   2     0.056       2.2    2.6   0.1   207   228   163   184   148   203 0.81 -
#
# Program:         hmmsearch
# Version:         3.1b2 (February 2015)
# Pipeline mode:   SEARCH
# Query file:      hmmModels95/d1m7xa3c.1.8.1.hmm
# Target file:     scop/scopTestSeq.fasta
# Option settings: hmmsearch --domtblout hmmModels95/d1m7xa3c.1.8.1.out -E 1 hmmModels95/d1m7xa3c.1.8.1.hmm scop/scopTestSeq.fasta 
# Current dir:     /users/nfs/Etu7/3801677/SBAS/TME8
# Date:            Tue Apr  4 15:53:52 2023
# [ok]
