#                                                                            --- full sequence --- -------------- this domain -------------   hmm coord   ali coord   env coord
# target name        accession   tlen query name           accession   qlen   E-value  score  bias   #  of  c-Evalue  i-Evalue  score  bias  from    to  from    to  from    to  acc description of target
#------------------- ---------- ----- -------------------- ---------- ----- --------- ------ ----- --- --- --------- --------- ------ ----- ----- ----- ----- ----- ----- ----- ---- ---------------------
d1s8na_c.23.1.1      -            190 d1mb3a_c.23.1.1.aln  -            132   2.7e-57  187.7   0.9   1   1   8.4e-59   3.9e-57  187.2   0.9     2   131     2   129     1   130 0.97 -
d1jbea_c.23.1.1      -            128 d1mb3a_c.23.1.1.aln  -            132   2.5e-40  132.8   0.1   1   1   5.9e-42   2.7e-40  132.7   0.1     3   124     4   126     2   128 0.97 -
d1kgsa2c.23.1.1      -            122 d1mb3a_c.23.1.1.aln  -            132   1.2e-37  124.1   0.2   1   1   2.8e-39   1.3e-37  124.0   0.2     4   126     2   122     1   122 0.96 -
d1k66a_c.23.1.1      -            149 d1mb3a_c.23.1.1.aln  -            132   3.2e-35  116.3   0.0   1   1   7.7e-37   3.6e-35  116.1   0.0     3   131     6   146     4   147 0.97 -
d2v0na2c.23.1.1      -            153 d1mb3a_c.23.1.1.aln  -            132   4.8e-35  115.7   0.2   1   1   1.3e-36     6e-35  115.4   0.2     4   132    14   140    12   140 0.97 -
d2r25b_c.23.1.1      -            133 d1mb3a_c.23.1.1.aln  -            132   3.2e-34  113.0   0.0   1   1   7.4e-36   3.4e-34  112.9   0.0     4   125     3   129     1   133 0.95 -
d1dz3a_c.23.1.1      -            123 d1mb3a_c.23.1.1.aln  -            132   1.5e-32  107.6   0.0   1   1   3.5e-34   1.6e-32  107.5   0.0     4   122     2   121     1   123 0.88 -
d1dbwa_c.23.1.1      -            123 d1mb3a_c.23.1.1.aln  -            132   2.9e-32  106.7   0.4   1   1   6.9e-34   3.2e-32  106.6   0.4     2   123     2   121     1   123 0.96 -
d1mb3a_c.23.1.1      -            123 d1mb3a_c.23.1.1.aln  -            132   1.9e-30  100.8   0.1   1   1   4.5e-32   2.1e-30  100.7   0.1     4   123     2   121     1   123 0.98 -
d3heba_c.23.1.0      -            142 d1mb3a_c.23.1.1.aln  -            132   1.3e-24   82.0   0.0   1   1   3.5e-26   1.6e-24   81.6   0.0     5   120     2   128     1   139 0.88 -
d3cfya_c.23.1.0      -            130 d1mb3a_c.23.1.1.aln  -            132   3.6e-24   80.5   0.2   1   1   8.7e-26   4.1e-24   80.3   0.2     4   125     3   122     1   128 0.95 -
d3khta_c.23.1.0      -            132 d1mb3a_c.23.1.1.aln  -            132   2.5e-22   74.6   0.0   1   1   6.1e-24   2.8e-22   74.4   0.0     4   125     2   126     1   131 0.87 -
d2b4aa1c.23.1.1      -            118 d1mb3a_c.23.1.1.aln  -            132   2.1e-19   65.1   0.0   1   1   5.5e-21   2.6e-19   64.8   0.0     3   119     2   114     1   117 0.95 -
d3eqza_c.23.1.0      -            124 d1mb3a_c.23.1.1.aln  -            132   1.4e-14   49.5   0.0   1   1   4.2e-16     2e-14   49.0   0.0     5   114     3   114     2   124 0.69 -
d3ktoa_c.23.1.0      -            122 d1mb3a_c.23.1.1.aln  -            132   1.3e-13   46.4   0.3   1   1     3e-15   1.4e-13   46.3   0.3     6   122     3   119     1   122 0.91 -
d2plna_c.23.1.0      -            118 d1mb3a_c.23.1.1.aln  -            132   3.5e-12   41.7   0.1   1   1     1e-13   4.7e-12   41.3   0.1     3   119     4   115     3   118 0.87 -
d1q0qa2c.2.1.3       -            152 d1mb3a_c.23.1.1.aln  -            132    0.0039   12.4   0.7   1   2      0.64        30   -0.1   0.0    66    97    18    48    13    50 0.62 -
d1q0qa2c.2.1.3       -            152 d1mb3a_c.23.1.1.aln  -            132    0.0039   12.4   0.7   2   2   0.00035     0.016   10.5   0.3    10    52    56    98    48   102 0.83 -
#
# Program:         hmmsearch
# Version:         3.1b2 (February 2015)
# Pipeline mode:   SEARCH
# Query file:      hmmModels95/d1mb3a_c.23.1.1.hmm
# Target file:     scop/scopTestSeq.fasta
# Option settings: hmmsearch --domtblout hmmModels95/d1mb3a_c.23.1.1.out -E 1 hmmModels95/d1mb3a_c.23.1.1.hmm scop/scopTestSeq.fasta 
# Current dir:     /users/nfs/Etu7/3801677/SBAS/TME8
# Date:            Tue Apr  4 15:53:52 2023
# [ok]
