#                                                                            --- full sequence --- -------------- this domain -------------   hmm coord   ali coord   env coord
# target name        accession   tlen query name           accession   qlen   E-value  score  bias   #  of  c-Evalue  i-Evalue  score  bias  from    to  from    to  from    to  acc description of target
#------------------- ---------- ----- -------------------- ---------- ----- --------- ------ ----- --- --- --------- --------- ------ ----- ----- ----- ----- ----- ----- ----- ---- ---------------------
d2gv8a1c.3.1.5       -            336 d1mo9a1c.3.1.5.aln   -            194   9.8e-80  262.3   0.0   1   1   3.9e-81   1.1e-79  262.1   0.0     1   194     1   293     1   293 1.00 -
d1v59a1c.3.1.5       -            234 d1mo9a1c.3.1.5.aln   -            194   1.8e-49  163.6   1.7   1   1   6.8e-51     2e-49  163.4   1.7     3   193     4   234     2   234 0.98 -
d1w4xa1c.3.1.5       -            299 d1mo9a1c.3.1.5.aln   -            194   8.1e-44  145.1   0.0   1   1   3.2e-45   9.4e-44  144.9   0.0     2   193     5   289     4   290 0.99 -
d1fl2a1c.3.1.5       -            185 d1mo9a1c.3.1.5.aln   -            194     1e-40  135.0   1.4   1   1   3.8e-42   1.1e-40  134.9   1.4     5   193     2   181     1   182 0.97 -
d1xdia1c.3.1.5       -            234 d1mo9a1c.3.1.5.aln   -            194   5.1e-35  116.4   0.3   1   1   2.2e-36   6.3e-35  116.1   0.3     5   187     2   227     1   231 0.92 -
d1m6ia1c.3.1.5       -            214 d1mo9a1c.3.1.5.aln   -            194   4.4e-33  110.1   0.0   1   1   1.7e-34   4.9e-33  110.0   0.0     2   193     2   214     1   214 0.98 -
d1nhpa1c.3.1.5       -            199 d1mo9a1c.3.1.5.aln   -            194   5.4e-27   90.2   0.0   1   1     2e-28   5.9e-27   90.1   0.0     6   191     2   197     1   199 0.96 -
d1w4xa2c.3.1.5       -            235 d1mo9a1c.3.1.5.aln   -            194   1.1e-23   79.5   0.0   1   1   4.1e-25   1.2e-23   79.3   0.0     2   192     5   230     4   232 0.97 -
d1aoga2c.3.1.5       -            117 d1mo9a1c.3.1.5.aln   -            194   8.3e-15   50.5   0.0   1   1   3.1e-16   9.2e-15   50.3   0.0    10   119     1   103     1   115 0.89 -
d1mo9a1c.3.1.5       -            262 d1mo9a1c.3.1.5.aln   -            194   3.7e-13   45.1   0.3   1   1   3.2e-14   9.3e-13   43.8   0.3   104   189   146   258    39   262 0.86 -
d1v59a2c.3.1.5       -            122 d1mo9a1c.3.1.5.aln   -            194   2.3e-11   39.2   0.1   1   1   8.5e-13   2.5e-11   39.1   0.1    15   142     9   107     3   122 0.86 -
d1mo9a2c.3.1.5       -            121 d1mo9a1c.3.1.5.aln   -            194   1.2e-08   30.3   0.0   1   1   4.8e-10   1.4e-08   30.2   0.0    13   147     6   111     1   119 0.83 -
d1xhca2c.3.1.5       -            122 d1mo9a1c.3.1.5.aln   -            194   2.3e-08   29.5   0.0   1   1   8.6e-10   2.5e-08   29.3   0.0     9   105    12   101     4   118 0.84 -
d1m6ia2c.3.1.5       -            137 d1mo9a1c.3.1.5.aln   -            194   4.2e-08   28.6   0.0   1   1   1.7e-09   5.1e-08   28.3   0.0    24   162    32   136    20   137 0.86 -
d1nhpa2c.3.1.5       -            123 d1mo9a1c.3.1.5.aln   -            194   7.9e-08   27.7   0.4   1   1   4.1e-09   1.2e-07   27.1   0.4     8   161     9   123     3   123 0.86 -
d1onfa2c.3.1.5       -            117 d1mo9a1c.3.1.5.aln   -            194   3.3e-07   25.7   0.0   1   1   1.3e-08   3.7e-07   25.5   0.0    18   161    12   117     2   117 0.85 -
d1kdga1c.3.1.2       -            361 d1mo9a1c.3.1.5.aln   -            194   2.6e-06   22.7   0.2   1   1   1.9e-07   5.5e-06   21.7   0.2     4    39     2    44     1    52 0.83 -
d1fl2a2c.3.1.5       -            126 d1mo9a1c.3.1.5.aln   -            194   4.8e-06   21.9   0.0   1   1   1.9e-07   5.6e-06   21.7   0.0    26   148    27   113    25   126 0.79 -
d2gmha1c.3.1.2       -            381 d1mo9a1c.3.1.5.aln   -            194   5.1e-06   21.8   0.1   1   2   6.6e-06   0.00019   16.7   0.1     4    29    32    57    30    87 0.90 -
d2gmha1c.3.1.2       -            381 d1mo9a1c.3.1.5.aln   -            194   5.1e-06   21.8   0.1   2   2      0.12       3.6    2.7   0.0   167   191   252   286   156   289 0.82 -
d1fcda2c.3.1.5       -            141 d1mo9a1c.3.1.5.aln   -            194     7e-06   21.3   0.0   1   1   2.9e-07   8.5e-06   21.1   0.0    12   159     9   137     2   140 0.90 -
d1vdca2c.3.1.5       -            130 d1mo9a1c.3.1.5.aln   -            194   1.6e-05   20.2   0.0   1   1   6.4e-07   1.9e-05   20.0   0.0    11   123    16   108     8   129 0.76 -
d1seza1c.3.1.2       -            374 d1mo9a1c.3.1.5.aln   -            194   9.8e-05   17.6   0.9   1   1   6.5e-06   0.00019   16.7   0.9     6    39     3    39     1    47 0.84 -
d2gf3a1c.3.1.2       -            282 d1mo9a1c.3.1.5.aln   -            194   0.00012   17.4   0.1   1   2   2.6e-05   0.00075   14.7   0.0     2    34     1    32     1    51 0.86 -
d2gf3a1c.3.1.2       -            282 d1mo9a1c.3.1.5.aln   -            194   0.00012   17.4   0.1   2   2      0.87        25   -0.1   0.0   132   158   181   198    82   215 0.60 -
d1h6va2c.3.1.5       -            122 d1mo9a1c.3.1.5.aln   -            194    0.0012   14.1   0.0   1   1   4.3e-05    0.0013   14.0   0.0    11   160     2   120     1   122 0.79 -
d2dw4a2c.3.1.2       -            450 d1mo9a1c.3.1.5.aln   -            194    0.0016   13.7   0.1   1   1   0.00012    0.0036   12.5   0.1     5    38     6    42     3    60 0.84 -
d1b5qa1c.3.1.2       -            348 d1mo9a1c.3.1.5.aln   -            194     0.002   13.3   0.1   1   1   0.00013    0.0037   12.5   0.1     6    37     2    37     1    57 0.88 -
d2iida1c.3.1.2       -            371 d1mo9a1c.3.1.5.aln   -            194    0.0041   12.3   0.0   1   1   0.00023    0.0066   11.6   0.0     6    38    32    67    27   113 0.82 -
#
# Program:         hmmsearch
# Version:         3.1b2 (February 2015)
# Pipeline mode:   SEARCH
# Query file:      hmmModels95/d1mo9a1c.3.1.5.hmm
# Target file:     scop/scopTestSeq.fasta
# Option settings: hmmsearch --domtblout hmmModels95/d1mo9a1c.3.1.5.out -E 1 hmmModels95/d1mo9a1c.3.1.5.hmm scop/scopTestSeq.fasta 
# Current dir:     /users/nfs/Etu7/3801677/SBAS/TME8
# Date:            Tue Apr  4 15:53:53 2023
# [ok]
