#                                                                            --- full sequence --- -------------- this domain -------------   hmm coord   ali coord   env coord
# target name        accession   tlen query name           accession   qlen   E-value  score  bias   #  of  c-Evalue  i-Evalue  score  bias  from    to  from    to  from    to  acc description of target
#------------------- ---------- ----- -------------------- ---------- ----- --------- ------ ----- --- --- --------- --------- ------ ----- ----- ----- ----- ----- ----- ----- ---- ---------------------
d1mo9a1c.3.1.5       -            262 d1mo9a2c.3.1.5.aln   -            206   1.4e-81  268.6   0.0   1   1   6.6e-83   1.7e-81  268.4   0.0     1   206    40   262    40   262 1.00 -
d2gv8a1c.3.1.5       -            336 d1mo9a2c.3.1.5.aln   -            206     1e-77  256.0   0.0   1   1     5e-79   1.3e-77  255.7   0.0     1   206     2   292     2   292 1.00 -
d1v59a1c.3.1.5       -            234 d1mo9a2c.3.1.5.aln   -            206   1.8e-54  180.2   1.9   1   1   7.7e-56     2e-54  180.0   1.9     2   206     4   234     3   234 0.94 -
d1w4xa1c.3.1.5       -            299 d1mo9a2c.3.1.5.aln   -            206   5.2e-42  139.4   0.0   1   1   2.3e-43   5.9e-42  139.2   0.0     1   205     5   294     5   295 0.99 -
d1xdia1c.3.1.5       -            234 d1mo9a2c.3.1.5.aln   -            206   5.3e-35  116.5   0.3   1   1   2.5e-36   6.4e-35  116.3   0.3     4   201     2   228     1   232 0.93 -
d1fl2a1c.3.1.5       -            185 d1mo9a2c.3.1.5.aln   -            206   8.4e-35  115.9   1.3   1   1   3.7e-36   9.5e-35  115.7   1.3     4   205     2   180     1   181 0.97 -
d1m6ia1c.3.1.5       -            214 d1mo9a2c.3.1.5.aln   -            206   3.2e-33  110.7   0.0   1   1   1.4e-34   3.6e-33  110.5   0.0     1   206     2   214     2   214 0.99 -
d1nhpa1c.3.1.5       -            199 d1mo9a2c.3.1.5.aln   -            206   2.5e-26   88.2   0.0   1   1   1.1e-27   2.8e-26   88.0   0.0     5   202     2   195     1   199 0.97 -
d1w4xa2c.3.1.5       -            235 d1mo9a2c.3.1.5.aln   -            206   4.4e-22   74.3   0.0   1   1   1.9e-23   4.8e-22   74.2   0.0     5   204     2   229     1   231 0.97 -
d1aoga2c.3.1.5       -            117 d1mo9a2c.3.1.5.aln   -            206   8.5e-13   44.0   0.0   1   1   3.8e-14   9.6e-13   43.8   0.0    18   122     3   105     1   113 0.93 -
d1nhpa2c.3.1.5       -            123 d1mo9a2c.3.1.5.aln   -            206   1.2e-10   37.0   0.9   1   1   4.1e-11   1.1e-09   33.9   0.9    17   121    13   112    10   123 0.88 -
d1onfa2c.3.1.5       -            117 d1mo9a2c.3.1.5.aln   -            206   1.4e-09   33.5   0.0   1   1   5.7e-11   1.4e-09   33.5   0.0    17   112     5    94     1   117 0.92 -
d1v59a2c.3.1.5       -            122 d1mo9a2c.3.1.5.aln   -            206     2e-08   29.7   0.0   1   1   1.1e-09   2.7e-08   29.3   0.0    20   128     8   114     4   120 0.90 -
d1m6ia2c.3.1.5       -            137 d1mo9a2c.3.1.5.aln   -            206   1.4e-07   26.9   0.0   1   1   7.7e-09     2e-07   26.5   0.0    15   109     8   111     4   137 0.90 -
d1xhca2c.3.1.5       -            122 d1mo9a2c.3.1.5.aln   -            206   2.2e-07   26.3   0.0   1   1     1e-08   2.7e-07   26.0   0.0    12   113     9   104     5   115 0.90 -
d1h6va2c.3.1.5       -            122 d1mo9a2c.3.1.5.aln   -            206   5.1e-07   25.1   0.0   1   1   2.2e-08   5.7e-07   25.0   0.0    20   126     5   105     3   122 0.87 -
d1kdga1c.3.1.2       -            361 d1mo9a2c.3.1.5.aln   -            206   2.5e-06   22.9   0.2   1   1     2e-07   5.2e-06   21.8   0.2     4    41     3    44     1    55 0.86 -
d2gmha1c.3.1.2       -            381 d1mo9a2c.3.1.5.aln   -            206   2.1e-05   19.9   0.1   1   2   2.8e-05    0.0007   14.9   0.1     3    27    32    56    30    78 0.89 -
d2gmha1c.3.1.2       -            381 d1mo9a2c.3.1.5.aln   -            206   2.1e-05   19.9   0.1   2   2      0.14       3.6    2.8   0.0   181   205   263   287   204   288 0.84 -
d1fl2a2c.3.1.5       -            126 d1mo9a2c.3.1.5.aln   -            206   4.9e-05   18.7   0.0   1   1     2e-06   5.2e-05   18.6   0.0    15    87    13    78     1   111 0.79 -
d1vdca2c.3.1.5       -            130 d1mo9a2c.3.1.5.aln   -            206     6e-05   18.4   0.0   1   1   2.6e-06   6.5e-05   18.2   0.0    17    82    17    77    10   113 0.88 -
d2gf3a1c.3.1.2       -            282 d1mo9a2c.3.1.5.aln   -            206   0.00013   17.3   0.0   1   1   9.1e-06   0.00023   16.5   0.0     2    33     2    33     1    43 0.93 -
d1mo9a2c.3.1.5       -            121 d1mo9a2c.3.1.5.aln   -            206   0.00016   17.0   0.0   1   1   7.5e-06   0.00019   16.7   0.0    28   109     8    91     3   103 0.82 -
d1ryia1c.3.1.2       -            277 d1mo9a2c.3.1.5.aln   -            206   0.00032   16.0   0.1   1   1     2e-05   0.00052   15.3   0.1     2    36     3    40     2    70 0.85 -
d1pl8a2c.2.1.1       -            171 d1mo9a2c.3.1.5.aln   -            206   0.00072   14.8   0.2   1   1   4.5e-05    0.0011   14.2   0.1     4    34    28    58    25    93 0.88 -
d1seza1c.3.1.2       -            374 d1mo9a2c.3.1.5.aln   -            206   0.00086   14.6   0.6   1   1   6.4e-05    0.0016   13.7   0.6     6    40     4    38     2    44 0.91 -
d2iida1c.3.1.2       -            371 d1mo9a2c.3.1.5.aln   -            206   0.00087   14.6   0.2   1   1   7.6e-05    0.0019   13.4   0.2     6    40    33    67    31    76 0.92 -
d2f5va1c.3.1.2       -            380 d1mo9a2c.3.1.5.aln   -            206    0.0011   14.2   0.1   1   1   7.3e-05    0.0019   13.5   0.1     3    35     4    36     2    54 0.88 -
d2ivda1c.3.1.2       -            348 d1mo9a2c.3.1.5.aln   -            206    0.0017   13.6   0.3   1   1   0.00013    0.0033   12.7   0.3     5    44     2    41     1    44 0.93 -
d1b5qa1c.3.1.2       -            348 d1mo9a2c.3.1.5.aln   -            206     0.004   12.4   0.1   1   1   0.00028    0.0071   11.6   0.1     5    35     2    32     1    52 0.85 -
d2dw4a2c.3.1.2       -            450 d1mo9a2c.3.1.5.aln   -            206    0.0055   12.0   0.2   1   1   0.00049     0.012   10.8   0.2     5    40     7    42     5    47 0.90 -
d1pn0a1c.3.1.2       -            361 d1mo9a2c.3.1.5.aln   -            206    0.0077   11.5   0.0   1   1   0.00081     0.021   10.1   0.0     5    24     9    28     8    48 0.88 -
#
# Program:         hmmsearch
# Version:         3.1b2 (February 2015)
# Pipeline mode:   SEARCH
# Query file:      hmmModels95/d1mo9a2c.3.1.5.hmm
# Target file:     scop/scopTestSeq.fasta
# Option settings: hmmsearch --domtblout hmmModels95/d1mo9a2c.3.1.5.out -E 1 hmmModels95/d1mo9a2c.3.1.5.hmm scop/scopTestSeq.fasta 
# Current dir:     /users/nfs/Etu7/3801677/SBAS/TME8
# Date:            Tue Apr  4 15:53:53 2023
# [ok]
