#                                                                            --- full sequence --- -------------- this domain -------------   hmm coord   ali coord   env coord
# target name        accession   tlen query name           accession   qlen   E-value  score  bias   #  of  c-Evalue  i-Evalue  score  bias  from    to  from    to  from    to  acc description of target
#------------------- ---------- ----- -------------------- ---------- ----- --------- ------ ----- --- --- --------- --------- ------ ----- ----- ----- ----- ----- ----- ----- ---- ---------------------
d1lj8a4c.2.1.6       -            286 d1mv8a2c.2.1.6.aln   -            186     2e-75  248.6   0.0   1   1   5.6e-77   2.5e-75  248.3   0.0     1   186    55   270    55   270 0.99 -
d1jaya_c.2.1.6       -            212 d1mv8a2c.2.1.6.aln   -            186   2.9e-48  160.1   0.2   1   1   7.5e-50   3.3e-48  159.9   0.2     1   186     1   200     1   200 0.99 -
d1evya2c.2.1.6       -            189 d1mv8a2c.2.1.6.aln   -            186   4.9e-36  120.2   0.0   1   1   1.2e-37   5.4e-36  120.1   0.0     2   175     8   188     7   189 0.98 -
d1vpda2c.2.1.6       -            161 d1mv8a2c.2.1.6.aln   -            186     1e-32  109.3   1.6   1   1   2.6e-34   1.2e-32  109.2   1.6     2   174     1   160     1   161 0.99 -
d1f0ya2c.2.1.6       -            192 d1mv8a2c.2.1.6.aln   -            186   4.7e-30  100.7   2.2   1   1   1.2e-31   5.2e-30  100.5   2.2     2   185     5   188     4   189 0.98 -
d1bg6a2c.2.1.6       -            184 d1mv8a2c.2.1.6.aln   -            186   2.2e-29   98.5   0.2   1   1   5.5e-31   2.4e-29   98.4   0.2     2   178     2   182     1   184 0.98 -
d1dlja2c.2.1.6       -            196 d1mv8a2c.2.1.6.aln   -            186   9.2e-29   96.5   0.0   1   1   2.3e-30     1e-28   96.3   0.0     2   185     1   195     1   196 0.98 -
d2f1ka2c.2.1.6       -            165 d1mv8a2c.2.1.6.aln   -            186   7.1e-27   90.3   0.0   1   1   1.8e-28   7.8e-27   90.2   0.0     2   177     1   165     1   165 0.95 -
d1txga2c.2.1.6       -            180 d1mv8a2c.2.1.6.aln   -            186   3.4e-26   88.1   0.0   1   1   8.5e-28   3.7e-26   88.0   0.0     2   182     1   179     1   180 0.98 -
d1ks9a2c.2.1.6       -            167 d1mv8a2c.2.1.6.aln   -            186   1.2e-24   83.1   0.0   1   1     3e-26   1.3e-24   82.9   0.0     2   174     1   166     1   167 0.96 -
d2pv7a2c.2.1.6       -            152 d1mv8a2c.2.1.6.aln   -            186   1.7e-20   69.5   0.3   1   1     6e-21   2.7e-19   65.7   0.3    36   173    30   151    10   152 0.90 -
d1yqga2c.2.1.6       -            152 d1mv8a2c.2.1.6.aln   -            186   2.5e-19   65.7   0.0   1   1   6.4e-21   2.8e-19   65.6   0.0     2   176     1   150     1   152 0.97 -
d2i76a2c.2.1.6       -            153 d1mv8a2c.2.1.6.aln   -            186   2.9e-16   55.7   0.0   1   1   7.3e-18   3.2e-16   55.6   0.0     5   176     3   151     1   153 0.96 -
d2ahra2c.2.1.6       -            152 d1mv8a2c.2.1.6.aln   -            186   2.4e-15   52.8   0.0   1   1   6.5e-17   2.9e-15   52.5   0.0     2   174     1   151     1   152 0.92 -
d1i36a2c.2.1.6       -            152 d1mv8a2c.2.1.6.aln   -            186   5.3e-14   48.4   0.0   1   1   1.3e-15   5.7e-14   48.3   0.0     3   171     2   147     1   152 0.88 -
d1gpja2c.2.1.7       -            159 d1mv8a2c.2.1.6.aln   -            186   4.1e-05   19.4   0.9   1   1   1.3e-06   5.8e-05   18.9   0.4     2    93    25   109    25   119 0.86 -
d1mv8a2c.2.1.6       -            202 d1mv8a2c.2.1.6.aln   -            186   4.9e-05   19.1   0.2   1   1   1.2e-06   5.4e-05   19.0   0.2     2    40     1    37     1   128 0.89 -
d1xhca2c.3.1.5       -            122 d1mv8a2c.2.1.6.aln   -            186    0.0066   12.2   0.5   1   2   0.00032     0.014   11.1   0.4     6    29    37    60    34    64 0.87 -
d1xhca2c.3.1.5       -            122 d1mv8a2c.2.1.6.aln   -            186    0.0066   12.2   0.5   2   2       6.4   2.8e+02   -2.9   0.0    20    43    82   103    65   107 0.57 -
#
# Program:         hmmsearch
# Version:         3.1b2 (February 2015)
# Pipeline mode:   SEARCH
# Query file:      hmmModels95/d1mv8a2c.2.1.6.hmm
# Target file:     scop/scopTestSeq.fasta
# Option settings: hmmsearch --domtblout hmmModels95/d1mv8a2c.2.1.6.out -E 1 hmmModels95/d1mv8a2c.2.1.6.hmm scop/scopTestSeq.fasta 
# Current dir:     /users/nfs/Etu7/3801677/SBAS/TME8
# Date:            Tue Apr  4 15:53:53 2023
# [ok]
