#                                                                            --- full sequence --- -------------- this domain -------------   hmm coord   ali coord   env coord
# target name        accession   tlen query name           accession   qlen   E-value  score  bias   #  of  c-Evalue  i-Evalue  score  bias  from    to  from    to  from    to  acc description of target
#------------------- ---------- ----- -------------------- ---------- ----- --------- ------ ----- --- --- --------- --------- ------ ----- ----- ----- ----- ----- ----- ----- ---- ---------------------
d1g41a_c.37.1.20     -            443 d1njfa_c.37.1.20.aln -            288  4.1e-134  441.8   7.4   1   1  1.4e-135    5e-134  441.5   7.4     1   288     5   435     5   435 1.00 -
d1um8a_c.37.1.20     -            364 d1njfa_c.37.1.20.aln -            288  8.8e-103  338.9   3.8   1   1  2.8e-104    1e-102  338.7   3.8     1   288     8   364     8   364 1.00 -
d2p65a_c.37.1.20     -            185 d1njfa_c.37.1.20.aln -            288   2.3e-56  186.6   1.2   1   1   7.2e-58   2.6e-56  186.4   1.2     4   189     2   185     1   185 0.99 -
d1r6bx3c.37.1.20     -            315 d1njfa_c.37.1.20.aln -            288   2.7e-54  179.8   0.1   1   1   8.4e-56     3e-54  179.7   0.1     2   287    14   306    13   307 0.98 -
d1svma_c.37.1.20     -            362 d1njfa_c.37.1.20.aln -            288   9.4e-46  151.8   0.0   1   1     3e-47   1.1e-45  151.6   0.0     2   288     4   335     3   335 0.99 -
d1iqpa2c.37.1.20     -            231 d1njfa_c.37.1.20.aln -            288   5.1e-39  129.7   0.6   1   1   1.7e-40   5.9e-39  129.5   0.6     8   242     9   222     3   230 0.95 -
d1sxja2c.37.1.20     -            253 d1njfa_c.37.1.20.aln -            288   1.4e-37  125.0   0.0   1   1   4.3e-39   1.5e-37  124.8   0.0    11   255     2   251     1   253 0.97 -
d1lv7a_c.37.1.20     -            256 d1njfa_c.37.1.20.aln -            288   1.4e-36  121.7   0.0   1   1   5.1e-38   1.8e-36  121.3   0.0     7   260     9   251     4   255 0.96 -
d1g8pa_c.37.1.20     -            333 d1njfa_c.37.1.20.aln -            288   3.1e-29   97.6   0.0   1   1   1.3e-30   4.8e-29   97.0   0.0     5   287    11   310     8   311 0.98 -
d2fnaa2c.37.1.20     -            283 d1njfa_c.37.1.20.aln -            288   7.4e-24   79.9   0.6   1   1   2.3e-25   8.2e-24   79.8   0.6     3   261    10   281     8   283 0.97 -
d1in4a2c.37.1.20     -            238 d1njfa_c.37.1.20.aln -            288   3.7e-21   71.1   1.7   1   2     5e-10   1.8e-08   29.4   0.1    12    74    11    65     3    82 0.75 -
d1in4a2c.37.1.20     -            238 d1njfa_c.37.1.20.aln -            288   3.7e-21   71.1   1.7   2   2   1.3e-13   4.5e-12   41.3   0.2   117   253    85   229    81   238 0.94 -
d2a5yb3c.37.1.20     -            277 d1njfa_c.37.1.20.aln -            288     6e-19   63.8   0.0   1   1   1.9e-20   6.8e-19   63.6   0.0     6   275     4   272     1   276 0.94 -
d1w5sa2c.37.1.20     -            287 d1njfa_c.37.1.20.aln -            288   4.9e-18   60.8   0.0   1   1   1.7e-19     6e-18   60.5   0.0     9   280     5   286     2   287 0.97 -
d1d2na_c.37.1.20     -            246 d1njfa_c.37.1.20.aln -            288     2e-16   55.6   0.0   1   1   6.4e-18   2.3e-16   55.3   0.0    15   261    12   245     4   246 0.90 -
d1njfa_c.37.1.20     -            239 d1njfa_c.37.1.20.aln -            288   4.2e-16   54.5   0.0   1   1   2.7e-17   9.8e-16   53.3   0.0    15   221     4   207     1   216 0.94 -
d1ny5a2c.37.1.20     -            247 d1njfa_c.37.1.20.aln -            288   8.1e-16   53.6   0.2   1   1   2.6e-17   9.4e-16   53.3   0.2    47   234    26   212     2   241 0.83 -
d1fnna2c.37.1.20     -            276 d1njfa_c.37.1.20.aln -            288   3.6e-15   51.4   0.0   1   1   1.4e-16   4.9e-15   51.0   0.0     7   266     3   270     2   275 0.91 -
d1u0ja_c.37.1.20     -            267 d1njfa_c.37.1.20.aln -            288   1.7e-09   32.8   0.0   1   1   6.1e-11   2.2e-09   32.4   0.0     9   257    15   262     9   266 0.95 -
d1l8qa2c.37.1.20     -            213 d1njfa_c.37.1.20.aln -            288   2.2e-09   32.4   0.3   1   1   1.3e-10   4.7e-09   31.4   0.3    14   107     4    99     1   212 0.85 -
d1jqlb_c.37.1.20     -            140 d1njfa_c.37.1.20.aln -            288   4.5e-07   24.9   0.0   1   1   1.4e-08   5.1e-07   24.7   0.0    26   156     4   135     2   140 0.89 -
d1tuea_c.37.1.20     -            205 d1njfa_c.37.1.20.aln -            288   5.1e-05   18.1   0.0   1   1   0.00012    0.0045   11.7   0.0   173   246   127   200     3   204 0.68 -
d1y63a_c.37.1.1      -            174 d1njfa_c.37.1.20.aln -            288   8.7e-05   17.4   0.1   1   3   2.4e-06   8.7e-05   17.4   0.1    46    75     7    36     6    43 0.87 -
d1y63a_c.37.1.1      -            174 d1njfa_c.37.1.20.aln -            288   8.7e-05   17.4   0.1   2   3      0.82        29   -0.8   0.0     7    23    53    69    49    72 0.87 -
d1y63a_c.37.1.1      -            174 d1njfa_c.37.1.20.aln -            288   8.7e-05   17.4   0.1   3   3      0.28        10    0.7   0.5   140   199   121   172   109   174 0.61 -
#
# Program:         hmmsearch
# Version:         3.1b2 (February 2015)
# Pipeline mode:   SEARCH
# Query file:      hmmModels95/d1njfa_c.37.1.20.hmm
# Target file:     scop/scopTestSeq.fasta
# Option settings: hmmsearch --domtblout hmmModels95/d1njfa_c.37.1.20.out -E 1 hmmModels95/d1njfa_c.37.1.20.hmm scop/scopTestSeq.fasta 
# Current dir:     /users/nfs/Etu7/3801677/SBAS/TME8
# Date:            Tue Apr  4 15:53:54 2023
# [ok]
