#                                                                            --- full sequence --- -------------- this domain -------------   hmm coord   ali coord   env coord
# target name        accession   tlen query name           accession   qlen   E-value  score  bias   #  of  c-Evalue  i-Evalue  score  bias  from    to  from    to  from    to  acc description of target
#------------------- ---------- ----- -------------------- ---------- ----- --------- ------ ----- --- --- --------- --------- ------ ----- ----- ----- ----- ----- ----- ----- ---- ---------------------
d2nuja1d.38.1.1      -            159 d1njka_d.38.1.1.aln  -            135   1.4e-51  169.2   0.0   1   1   3.3e-53   1.6e-51  169.1   0.0     2   135    20   153    19   153 0.99 -
d2hx5a1d.38.1.1      -            144 d1njka_d.38.1.1.aln  -            135   1.9e-41  136.4   0.0   1   1   4.5e-43   2.2e-41  136.2   0.0     2   131     3   143     2   144 0.98 -
d1vpma_d.38.1.1      -            155 d1njka_d.38.1.1.aln  -            135   2.3e-41  136.2   0.1   1   1   5.2e-43   2.6e-41  136.0   0.1     2   134     7   136     6   137 0.98 -
d2hlja1d.38.1.1      -            156 d1njka_d.38.1.1.aln  -            135   1.5e-38  127.0   0.0   1   1   3.5e-40   1.7e-38  126.9   0.0     3   135     2   137     1   137 0.98 -
d1lo7a_d.38.1.1      -            140 d1njka_d.38.1.1.aln  -            135   4.2e-38  125.6   0.0   1   1   9.3e-40   4.6e-38  125.5   0.0     5   134     3   139     1   140 0.98 -
d1s5ua_d.38.1.1      -            129 d1njka_d.38.1.1.aln  -            135   5.8e-35  115.4   1.4   1   1   1.3e-36   6.4e-35  115.3   1.4     5   132     2   129     1   129 0.98 -
d3bjka_d.38.1.1      -            140 d1njka_d.38.1.1.aln  -            135   8.3e-35  115.0   0.0   1   1   1.8e-36     9e-35  114.8   0.0     5   133     4   132     1   134 0.97 -
d2oiwa1d.38.1.1      -            131 d1njka_d.38.1.1.aln  -            135   8.8e-35  114.9   0.3   1   1     2e-36   9.6e-35  114.7   0.3     5   134     1   130     1   131 0.95 -
d3qy3a1d.38.1.1      -            130 d1njka_d.38.1.1.aln  -            135   1.1e-34  114.6   0.0   1   1   2.3e-36   1.1e-34  114.5   0.0     4   131     2   126     1   130 0.97 -
d2oafa1d.38.1.1      -            143 d1njka_d.38.1.1.aln  -            135   2.9e-34  113.2   0.0   1   1   6.5e-36   3.2e-34  113.0   0.0     2   134     5   142     4   143 0.98 -
d2gf6a1d.38.1.1      -            134 d1njka_d.38.1.1.aln  -            135   4.4e-34  112.6   0.0   1   1   9.6e-36   4.8e-34  112.5   0.0     2   130     2   133     1   134 0.98 -
d2gvha1d.38.1.1      -            135 d1njka_d.38.1.1.aln  -            135   2.5e-33  110.2   0.1   1   1   5.6e-35   2.7e-33  110.0   0.1     2   134     5   134     4   135 0.98 -
d1njka_d.38.1.1      -            133 d1njka_d.38.1.1.aln  -            135   5.2e-14   47.6   0.0   1   1   1.2e-15     6e-14   47.4   0.0     9   132     5   128     2   131 0.94 -
d1wlua_d.38.1.5      -            117 d1njka_d.38.1.1.aln  -            135   4.3e-06   22.0   0.4   1   1   4.8e-07   2.4e-05   19.6   0.4     7   100    22   107    17   116 0.85 -
d2hboa1d.38.1.5      -            142 d1njka_d.38.1.1.aln  -            135   1.6e-05   20.1   0.0   1   1     6e-07     3e-05   19.3   0.0     7   117    33   133    29   140 0.79 -
d3f5oa_d.38.1.5      -            138 d1njka_d.38.1.1.aln  -            135   0.00012   17.3   0.0   1   1   5.1e-06   0.00025   16.3   0.0     7    80    38   105    32   121 0.81 -
#
# Program:         hmmsearch
# Version:         3.1b2 (February 2015)
# Pipeline mode:   SEARCH
# Query file:      hmmModels95/d1njka_d.38.1.1.hmm
# Target file:     scop/scopTestSeq.fasta
# Option settings: hmmsearch --domtblout hmmModels95/d1njka_d.38.1.1.out -E 1 hmmModels95/d1njka_d.38.1.1.hmm scop/scopTestSeq.fasta 
# Current dir:     /users/nfs/Etu7/3801677/SBAS/TME8
# Date:            Tue Apr  4 15:53:54 2023
# [ok]
