#                                                                            --- full sequence --- -------------- this domain -------------   hmm coord   ali coord   env coord
# target name        accession   tlen query name           accession   qlen   E-value  score  bias   #  of  c-Evalue  i-Evalue  score  bias  from    to  from    to  from    to  acc description of target
#------------------- ---------- ----- -------------------- ---------- ----- --------- ------ ----- --- --- --------- --------- ------ ----- ----- ----- ----- ----- ----- ----- ---- ---------------------
d1atia2d.104.1.1     -            394 d1nnha_d.104.1.1.aln -            322  2.1e-144  476.3   6.9   1   1  4.5e-146  2.4e-144  476.1   6.9     1   322     1   379     1   379 1.00 -
d1b8aa2d.104.1.1     -            335 d1nnha_d.104.1.1.aln -            322   2.1e-74  246.3   7.1   1   1   4.6e-76   2.4e-74  246.1   7.1     7   322     7   322     2   322 0.98 -
d1h4vb2d.104.1.1     -            324 d1nnha_d.104.1.1.aln -            322   4.8e-64  212.2   8.4   1   1     1e-65   5.4e-64  212.1   8.4     3   321     4   322     2   323 0.98 -
d1g5ha2d.104.1.1     -            290 d1nnha_d.104.1.1.aln -            322   1.8e-57  190.7   0.0   1   1   3.8e-59     2e-57  190.5   0.0     7   320     2   289     1   290 0.97 -
d1wu7a2d.104.1.1     -            327 d1nnha_d.104.1.1.aln -            322   2.3e-49  164.0   0.3   1   1   4.9e-51   2.6e-49  163.8   0.3     2   320     5   325     4   327 0.98 -
d1z7ma1d.104.1.1     -            318 d1nnha_d.104.1.1.aln -            322   5.4e-48  159.5   0.1   1   1   1.1e-49   5.9e-48  159.4   0.1     4   318     4   313     1   317 0.97 -
d1qf6a4d.104.1.1     -            291 d1nnha_d.104.1.1.aln -            322   9.2e-47  155.5   0.5   1   1   1.9e-48     1e-46  155.3   0.5     5   318     1   288     1   291 0.96 -
d1hc7a2d.104.1.1     -            272 d1nnha_d.104.1.1.aln -            322   5.2e-41  136.5   3.5   1   1   1.1e-42   5.8e-41  136.4   3.5     2   275     8   268     7   272 0.97 -
d1seta2d.104.1.1     -            311 d1nnha_d.104.1.1.aln -            322   9.1e-40  132.5   3.2   1   1     2e-41   1.1e-39  132.2   3.2     7   316     8   311     3   311 0.98 -
d12asa_d.104.1.1     -            327 d1nnha_d.104.1.1.aln -            322   6.1e-39  129.8   0.0   1   1   1.3e-40   6.8e-39  129.6   0.0     3   319     7   325     5   327 0.98 -
d1j5wa_d.104.1.1     -            281 d1nnha_d.104.1.1.aln -            322   5.3e-34  113.5   2.2   1   1   1.1e-35   5.9e-34  113.4   2.2     7   316     3   280     1   281 0.96 -
d1usya_d.104.1.1     -            275 d1nnha_d.104.1.1.aln -            322     4e-30  100.8   0.1   1   1     9e-32   4.7e-30  100.5   0.1    37   313     4   266     1   274 0.98 -
d1yfsa2d.104.1.1     -            236 d1nnha_d.104.1.1.aln -            322   2.9e-26   88.1   0.4   1   1   8.1e-28   4.3e-26   87.6   0.4    39   321     5   236     2   236 0.97 -
d1jjcb5d.104.1.1     -            207 d1nnha_d.104.1.1.aln -            322   1.8e-13   46.0   3.5   1   1   3.8e-15     2e-13   45.9   3.5    27   240     6   204     1   207 0.92 -
d1nnha_d.104.1.1     -            293 d1nnha_d.104.1.1.aln -            322   1.6e-05   20.0   6.5   1   2      0.16       8.5    1.1   0.0    34    54    13    33     8    34 0.92 -
d1nnha_d.104.1.1     -            293 d1nnha_d.104.1.1.aln -            322   1.6e-05   20.0   6.5   2   2   1.9e-05     0.001   14.0   5.3    85   188    69   179    64   279 0.83 -
#
# Program:         hmmsearch
# Version:         3.1b2 (February 2015)
# Pipeline mode:   SEARCH
# Query file:      hmmModels95/d1nnha_d.104.1.1.hmm
# Target file:     scop/scopTestSeq.fasta
# Option settings: hmmsearch --domtblout hmmModels95/d1nnha_d.104.1.1.out -E 1 hmmModels95/d1nnha_d.104.1.1.hmm scop/scopTestSeq.fasta 
# Current dir:     /users/nfs/Etu7/3801677/SBAS/TME8
# Date:            Tue Apr  4 15:53:54 2023
# [ok]
