#                                                                            --- full sequence --- -------------- this domain -------------   hmm coord   ali coord   env coord
# target name        accession   tlen query name           accession   qlen   E-value  score  bias   #  of  c-Evalue  i-Evalue  score  bias  from    to  from    to  from    to  acc description of target
#------------------- ---------- ----- -------------------- ---------- ----- --------- ------ ----- --- --- --------- --------- ------ ----- ----- ----- ----- ----- ----- ----- ---- ---------------------
d3vlva_c.94.1.1      -            490 d1nnfa_c.94.1.1.aln  -            350  1.2e-134  444.9  14.7   1   1  2.1e-136  1.4e-134  444.6  14.7     1   350    12   417    12   417 1.00 -
d1jeta_c.94.1.1      -            517 d1nnfa_c.94.1.1.aln  -            350    2e-112  371.7  16.5   1   1  3.9e-114  2.6e-112  371.4  16.5     2   350   135   514   134   514 1.00 -
d1vr5a1c.94.1.1      -            535 d1nnfa_c.94.1.1.aln  -            350   5.7e-88  291.4  20.1   1   1   1.1e-89   6.9e-88  291.1  20.1     2   349   100   518    99   519 1.00 -
d1uqwa_c.94.1.1      -            487 d1nnfa_c.94.1.1.aln  -            350   1.3e-73  244.1  12.8   1   1   2.4e-75   1.6e-73  243.9  12.8     2   347   109   484   108   487 0.99 -
d1xoca1c.94.1.1      -            504 d1nnfa_c.94.1.1.aln  -            350   6.1e-71  235.4  24.7   1   1   1.1e-72   7.2e-71  235.1  24.7     2   349   105   501   104   502 0.99 -
d2nooa_c.94.1.1      -            496 d1nnfa_c.94.1.1.aln  -            350   7.4e-67  221.9   0.2   1   1   1.3e-68   8.8e-67  221.7   0.2     2   349   104   495   103   496 0.99 -
d1eu8a_c.94.1.1      -            407 d1nnfa_c.94.1.1.aln  -            350   1.6e-49  164.9  12.0   1   1   2.8e-51   1.8e-49  164.7  12.0    10   348    13   397     4   399 0.98 -
d1ursa_c.94.1.1      -            367 d1nnfa_c.94.1.1.aln  -            350   4.8e-37  123.9  12.1   1   1   8.7e-39   5.7e-37  123.6  12.1     6   336     6   349     1   360 0.97 -
d1q35a_c.94.1.1      -            318 d1nnfa_c.94.1.1.aln  -            350   8.6e-21   70.4   3.0   1   1   1.6e-22     1e-20   70.2   3.0     6   333     4   313     2   318 0.91 -
d3thia_c.94.1.1      -            362 d1nnfa_c.94.1.1.aln  -            350   2.3e-15   52.6   0.6   1   1   4.5e-17     3e-15   52.2   0.6     1   349     2   355     2   356 0.88 -
d1pb7a_c.94.1.1      -            289 d1nnfa_c.94.1.1.aln  -            350   2.6e-14   49.1   0.0   1   1     2e-15   1.3e-13   46.8   0.0    11   328     3   289     1   289 0.95 -
d1nnfa_c.94.1.1      -            308 d1nnfa_c.94.1.1.aln  -            350   2.9e-06   22.7   8.3   1   1   1.2e-07   8.1e-06   21.2   8.3     7   288     3   261     1   274 0.88 -
#
# Program:         hmmsearch
# Version:         3.1b2 (February 2015)
# Pipeline mode:   SEARCH
# Query file:      hmmModels95/d1nnfa_c.94.1.1.hmm
# Target file:     scop/scopTestSeq.fasta
# Option settings: hmmsearch --domtblout hmmModels95/d1nnfa_c.94.1.1.out -E 1 hmmModels95/d1nnfa_c.94.1.1.hmm scop/scopTestSeq.fasta 
# Current dir:     /users/nfs/Etu7/3801677/SBAS/TME8
# Date:            Tue Apr  4 15:53:54 2023
# [ok]
