#                                                                            --- full sequence --- -------------- this domain -------------   hmm coord   ali coord   env coord
# target name        accession   tlen query name           accession   qlen   E-value  score  bias   #  of  c-Evalue  i-Evalue  score  bias  from    to  from    to  from    to  acc description of target
#------------------- ---------- ----- -------------------- ---------- ----- --------- ------ ----- --- --- --------- --------- ------ ----- ----- ----- ----- ----- ----- ----- ---- ---------------------
d1i1wa_c.1.8.3       -            303 d1nofa2c.1.8.3.aln   -            352   1.3e-86  286.5   5.7   1   1     4e-88   1.4e-86  286.4   5.7    11   348    13   302     3   303 0.94 -
d3n9ka_c.1.8.3       -            394 d1nofa2c.1.8.3.aln   -            352     7e-85  280.8  22.3   1   1   2.3e-86   8.1e-85  280.6  22.3     1   352    27   387    27   387 0.99 -
d1uuqa_c.1.8.3       -            410 d1nofa2c.1.8.3.aln   -            352   2.7e-63  209.8  19.0   1   1   8.4e-65     3e-63  209.7  19.0     3   351    17   405    15   406 0.99 -
d1ur4a_c.1.8.3       -            387 d1nofa2c.1.8.3.aln   -            352   2.8e-58  193.3  14.6   1   1   8.7e-60   3.1e-58  193.2  14.6     2   351     5   386     4   387 0.99 -
d1odza_c.1.8.3       -            381 d1nofa2c.1.8.3.aln   -            352   9.9e-56  184.9  14.8   1   1   3.1e-57   1.1e-55  184.8  14.8     2   350    10   373     9   375 0.99 -
d1qw9a2c.1.8.3       -            367 d1nofa2c.1.8.3.aln   -            352   2.1e-55  183.9   2.7   1   1   6.2e-57   2.2e-55  183.8   2.7    11   327     2   337     1   361 0.96 -
d1hjua_c.1.8.3       -            332 d1nofa2c.1.8.3.aln   -            352   3.5e-50  166.7  16.0   1   1   1.1e-51   3.8e-50  166.6  16.0    11   347     3   329     1   332 0.96 -
d1edga_c.1.8.3       -            380 d1nofa2c.1.8.3.aln   -            352   3.2e-42  140.5  17.6   1   1     1e-43   3.7e-42  140.3  17.6     2   349    11   374    10   377 0.97 -
d1rh9a1c.1.8.3       -            370 d1nofa2c.1.8.3.aln   -            352   2.4e-40  134.3   5.4   1   1   7.5e-42   2.7e-40  134.2   5.4     2   350    16   367    15   369 0.98 -
d7a3ha_c.1.8.3       -            300 d1nofa2c.1.8.3.aln   -            352   8.2e-37  122.7  14.3   1   1   2.8e-38   9.9e-37  122.4  14.3    17   338    16   295     9   299 0.94 -
d1w91a2c.1.8.3       -            347 d1nofa2c.1.8.3.aln   -            352   1.5e-34  115.3   0.1   1   1   4.7e-36   1.7e-34  115.1   0.1     5   352     4   341     1   341 0.96 -
d1ecea_c.1.8.3       -            358 d1nofa2c.1.8.3.aln   -            352   2.3e-32  108.1  17.6   1   1     7e-34   2.5e-32  108.0  17.6     8   350    11   353     4   355 0.95 -
d1jz8a5c.1.8.3       -            292 d1nofa2c.1.8.3.aln   -            352   8.3e-32  106.3   0.7   1   1   2.5e-33     9e-32  106.1   0.7    10   316     4   287     1   292 0.96 -
d1qnra_c.1.8.3       -            344 d1nofa2c.1.8.3.aln   -            352   6.6e-31  103.3  22.1   1   1   2.2e-32   7.9e-31  103.0  22.1     4   347    10   340     8   344 0.97 -
d1bqca_c.1.8.3       -            302 d1nofa2c.1.8.3.aln   -            352     1e-30  102.6  10.6   1   1   3.3e-32   1.2e-30  102.5  10.6    12   349     6   297     1   299 0.94 -
d1ceoa_c.1.8.3       -            340 d1nofa2c.1.8.3.aln   -            352   3.6e-27   91.0   1.9   1   1   1.2e-28   4.2e-27   90.8   1.9     4   347     2   330     1   334 0.95 -
d2je8a5c.1.8.3       -            348 d1nofa2c.1.8.3.aln   -            352   1.4e-24   82.5   7.1   1   1   4.2e-26   1.5e-24   82.4   7.1     5   351     5   346     1   347 0.98 -
d2nt0a2c.1.8.3       -            354 d1nofa2c.1.8.3.aln   -            352   1.2e-21   72.8   0.1   1   1   3.8e-23   1.4e-21   72.7   0.1     6   351     4   348     1   349 0.95 -
d1h1na_c.1.8.3       -            305 d1nofa2c.1.8.3.aln   -            352     8e-21   70.1  13.0   1   1   2.7e-22   9.6e-21   69.9  13.0     3   349     4   303     2   305 0.93 -
d1vjza_c.1.8.3       -            325 d1nofa2c.1.8.3.aln   -            352   1.5e-19   65.9   1.3   1   1   5.5e-21     2e-19   65.5   1.3    16   317     6   295     2   315 0.91 -
d2vzsa5c.1.8.3       -            339 d1nofa2c.1.8.3.aln   -            352   8.5e-19   63.5   2.8   1   1   2.6e-20   9.5e-19   63.3   2.8     7   348     3   336     1   339 0.95 -
d2v3ga_c.1.8.3       -            273 d1nofa2c.1.8.3.aln   -            352   5.2e-08   28.0  24.6   1   1   2.8e-09     1e-07   27.0  24.6    13   343     5   268     1   273 0.86 -
#
# Program:         hmmsearch
# Version:         3.1b2 (February 2015)
# Pipeline mode:   SEARCH
# Query file:      hmmModels95/d1nofa2c.1.8.3.hmm
# Target file:     scop/scopTestSeq.fasta
# Option settings: hmmsearch --domtblout hmmModels95/d1nofa2c.1.8.3.out -E 1 hmmModels95/d1nofa2c.1.8.3.hmm scop/scopTestSeq.fasta 
# Current dir:     /users/nfs/Etu7/3801677/SBAS/TME8
# Date:            Tue Apr  4 15:53:54 2023
# [ok]
