#                                                                            --- full sequence --- -------------- this domain -------------   hmm coord   ali coord   env coord
# target name        accession   tlen query name           accession   qlen   E-value  score  bias   #  of  c-Evalue  i-Evalue  score  bias  from    to  from    to  from    to  acc description of target
#------------------- ---------- ----- -------------------- ---------- ----- --------- ------ ----- --- --- --------- --------- ------ ----- ----- ----- ----- ----- ----- ----- ---- ---------------------
d3mw9a1c.2.1.7       -            293 d1npya1c.2.1.7.aln   -            244  3.7e-112  369.0   0.0   1   1  8.5e-114  4.2e-112  368.9   0.0     4   244     1   292     1   292 1.00 -
d1o0sa1c.2.1.7       -            308 d1npya1c.2.1.7.aln   -            244   4.5e-94  309.8   0.8   1   1     1e-95   5.1e-94  309.6   0.8     1   244     2   287     2   287 1.00 -
d1euza1c.2.1.7       -            239 d1npya1c.2.1.7.aln   -            244   1.4e-82  272.2   2.7   1   1   3.1e-84   1.5e-82  272.1   2.7     1   243     2   237     2   238 0.98 -
d1bgva1c.2.1.7       -            255 d1npya1c.2.1.7.aln   -            244     5e-60  198.3   2.5   1   1   1.1e-61   5.6e-60  198.2   2.5     1   244     6   255     6   255 0.98 -
d1c1da1c.2.1.7       -            201 d1npya1c.2.1.7.aln   -            244   5.8e-40  132.6   1.3   1   1   1.3e-41   6.3e-40  132.5   1.3     8   223     3   197     1   201 0.96 -
d1vl6a1c.2.1.7       -            222 d1npya1c.2.1.7.aln   -            244   1.9e-37  124.4   0.2   1   1   4.3e-39   2.1e-37  124.2   0.2     1   243     3   221     3   222 0.98 -
d1edza1c.2.1.7       -            171 d1npya1c.2.1.7.aln   -            244   5.4e-22   73.8   0.0   1   1   1.2e-23   5.9e-22   73.7   0.0    40   223     1   170     1   171 0.97 -
d1luaa1c.2.1.7       -            191 d1npya1c.2.1.7.aln   -            244   3.6e-19   64.5   5.2   1   1   8.1e-21     4e-19   64.4   5.2     2   229     1   191     1   191 0.94 -
d1nyta1c.2.1.7       -            170 d1npya1c.2.1.7.aln   -            244   8.8e-18   60.0   0.0   1   1   2.2e-19   1.1e-17   59.7   0.0     5   226     2   168     1   170 0.90 -
d1gpja2c.2.1.7       -            159 d1npya1c.2.1.7.aln   -            244   1.1e-11   40.0   1.8   1   1   5.8e-11   2.8e-09   32.1   1.8     2   214     3   152     2   159 0.69 -
d1vj0a2c.2.1.1       -            182 d1npya1c.2.1.7.aln   -            244   3.5e-05   18.8   0.0   1   1     9e-07   4.4e-05   18.4   0.0    27    96    23    90     7   115 0.81 -
d1cf2o1c.2.1.3       -            172 d1npya1c.2.1.7.aln   -            244   0.00018   16.4   0.6   1   1   4.6e-06   0.00023   16.1   0.6    34    86     2    76     1   170 0.89 -
d2iida1c.3.1.2       -            371 d1npya1c.2.1.7.aln   -            244    0.0004   15.3   0.2   1   1   1.9e-05   0.00094   14.1   0.2    26   217    23   257    14   276 0.88 -
d1kola2c.2.1.1       -            195 d1npya1c.2.1.7.aln   -            244   0.00077   14.3   0.2   1   1   1.7e-05   0.00086   14.2   0.2    33    69    26    64    14   157 0.70 -
d1pl8a2c.2.1.1       -            171 d1npya1c.2.1.7.aln   -            244    0.0025   12.7   0.2   1   1   6.2e-05     0.003   12.4   0.2    27   117    22   105     9   131 0.79 -
d2jhfa2c.2.1.1       -            176 d1npya1c.2.1.7.aln   -            244    0.0028   12.5   0.6   1   1   7.7e-05    0.0038   12.1   0.6    30    84    26    80    10    93 0.81 -
#
# Program:         hmmsearch
# Version:         3.1b2 (February 2015)
# Pipeline mode:   SEARCH
# Query file:      hmmModels95/d1npya1c.2.1.7.hmm
# Target file:     scop/scopTestSeq.fasta
# Option settings: hmmsearch --domtblout hmmModels95/d1npya1c.2.1.7.out -E 1 hmmModels95/d1npya1c.2.1.7.hmm scop/scopTestSeq.fasta 
# Current dir:     /users/nfs/Etu7/3801677/SBAS/TME8
# Date:            Tue Apr  4 15:53:54 2023
# [ok]
