#                                                                            --- full sequence --- -------------- this domain -------------   hmm coord   ali coord   env coord
# target name        accession   tlen query name           accession   qlen   E-value  score  bias   #  of  c-Evalue  i-Evalue  score  bias  from    to  from    to  from    to  acc description of target
#------------------- ---------- ----- -------------------- ---------- ----- --------- ------ ----- --- --- --------- --------- ------ ----- ----- ----- ----- ----- ----- ----- ---- ---------------------
d1q33a_d.113.1.1     -            292 d1nqza_d.113.1.1.aln -            177     1e-86  284.4   0.2   1   1   2.8e-88   1.4e-86  284.0   0.2     1   177    94   292    94   292 1.00 -
d1g0sa_d.113.1.1     -            209 d1nqza_d.113.1.1.aln -            177   1.7e-50  166.5   1.4   1   1     4e-52     2e-50  166.2   1.4     1   176    36   208    36   209 0.99 -
d3o69a_d.113.1.1     -            190 d1nqza_d.113.1.1.aln -            177   5.2e-40  132.3   0.0   1   1   1.2e-41   5.8e-40  132.2   0.0     2   171    24   189    23   190 0.98 -
d1vhza_d.113.1.1     -            186 d1nqza_d.113.1.1.aln -            177   5.6e-38  125.7   0.0   1   1   1.3e-39   6.3e-38  125.5   0.0     2   169    19   184    18   186 0.98 -
d1jkna_d.113.1.1     -            165 d1nqza_d.113.1.1.aln -            177   9.2e-38  125.0   0.0   1   1     2e-39     1e-37  124.9   0.0    18   167     3   165     1   165 0.97 -
d1v8ya_d.113.1.1     -            158 d1nqza_d.113.1.1.aln -            177   9.5e-36  118.4   0.2   1   1     2e-37     1e-35  118.4   0.2     9   167     2   154     1   158 0.95 -
d1ktga_d.113.1.1     -            137 d1nqza_d.113.1.1.aln -            177   1.4e-33  111.4   0.1   1   1   3.2e-35   1.6e-33  111.2   0.1    26   165     8   135     2   137 0.93 -
d2azwa1d.113.1.1     -            147 d1nqza_d.113.1.1.aln -            177   1.8e-31  104.5   0.1   1   1     4e-33     2e-31  104.4   0.1    15   164     2   146     1   147 0.98 -
d1sjya_d.113.1.1     -            158 d1nqza_d.113.1.1.aln -            177   5.1e-31  103.0   0.0   1   1   1.1e-32   5.5e-31  102.9   0.0    13   172     2   154     1   158 0.95 -
d2b06a1d.113.1.1     -            155 d1nqza_d.113.1.1.aln -            177   8.9e-31  102.2   0.0   1   1   1.9e-32   9.5e-31  102.2   0.0    26   172     6   153     1   155 0.96 -
d2fvva1d.113.1.1     -            135 d1nqza_d.113.1.1.aln -            177   1.2e-28   95.3   0.4   1   1   2.5e-30   1.2e-28   95.3   0.4    19   160     4   134     1   135 0.93 -
d3zr0a_d.113.1.1     -            154 d1nqza_d.113.1.1.aln -            177   2.4e-27   91.1   0.0   1   1   5.5e-29   2.7e-27   90.9   0.0    44   174    19   151     7   154 0.94 -
d1k2ea_d.113.1.1     -            152 d1nqza_d.113.1.1.aln -            177   5.7e-27   89.8   0.1   1   1   1.3e-28   6.6e-27   89.6   0.1    38   175     8   147     3   149 0.96 -
d3a6sa_d.113.1.1     -            129 d1nqza_d.113.1.1.aln -            177   5.6e-26   86.6   0.3   1   1   1.2e-27   5.9e-26   86.5   0.3    31   162     5   128     1   129 0.95 -
d2b0va1d.113.1.1     -            146 d1nqza_d.113.1.1.aln -            177   9.5e-24   79.4   0.0   1   1   2.2e-25   1.1e-23   79.1   0.0    34   174     8   142     3   145 0.94 -
d1nqza_d.113.1.1     -            187 d1nqza_d.113.1.1.aln -            177   4.1e-11   38.2   0.0   1   1   1.1e-12   5.4e-11   37.8   0.0    51    94    57   100    21   111 0.82 -
#
# Program:         hmmsearch
# Version:         3.1b2 (February 2015)
# Pipeline mode:   SEARCH
# Query file:      hmmModels95/d1nqza_d.113.1.1.hmm
# Target file:     scop/scopTestSeq.fasta
# Option settings: hmmsearch --domtblout hmmModels95/d1nqza_d.113.1.1.out -E 1 hmmModels95/d1nqza_d.113.1.1.hmm scop/scopTestSeq.fasta 
# Current dir:     /users/nfs/Etu7/3801677/SBAS/TME8
# Date:            Tue Apr  4 15:53:54 2023
# [ok]
