#                                                                            --- full sequence --- -------------- this domain -------------   hmm coord   ali coord   env coord
# target name        accession   tlen query name           accession   qlen   E-value  score  bias   #  of  c-Evalue  i-Evalue  score  bias  from    to  from    to  from    to  acc description of target
#------------------- ---------- ----- -------------------- ---------- ----- --------- ------ ----- --- --- --------- --------- ------ ----- ----- ----- ----- ----- ----- ----- ---- ---------------------
d1fsga_c.61.1.1      -            233 d1nula_c.61.1.1.aln  -            207   4.1e-74  244.0   0.1   1   1   8.2e-76   4.6e-74  243.8   0.1     2   207    35   231    34   231 0.99 -
d1tc1a_c.61.1.1      -            184 d1nula_c.61.1.1.aln  -            207   1.2e-55  183.8   0.9   1   1   2.3e-57   1.3e-55  183.6   0.9     8   201     1   183     1   184 0.99 -
d1qb7a_c.61.1.1      -            236 d1nula_c.61.1.1.aln  -            207   2.4e-55  182.7   0.0   1   1   4.8e-57   2.7e-55  182.6   0.0     2   205     7   205     6   207 0.98 -
d1xtta1c.61.1.1      -            215 d1nula_c.61.1.1.aln  -            207   1.5e-49  163.8   3.1   1   1   3.1e-51   1.7e-49  163.6   3.1     2   205     8   215     7   215 0.99 -
d1ecfa1c.61.1.1      -            243 d1nula_c.61.1.1.aln  -            207   4.9e-47  155.6   0.2   1   1     1e-48   5.7e-47  155.4   0.2     1   205     6   213     6   215 0.99 -
d1dqna_c.61.1.1      -            230 d1nula_c.61.1.1.aln  -            207   1.8e-43  143.9   0.1   1   1   3.8e-45   2.1e-43  143.7   0.1     2   206     1   208     1   209 0.98 -
d1a3ca_c.61.1.1      -            178 d1nula_c.61.1.1.aln  -            207   1.7e-31  104.8   2.0   1   1   3.4e-33   1.9e-31  104.7   2.0     6   184     4   177     1   178 0.95 -
d1y0ba1c.61.1.1      -            191 d1nula_c.61.1.1.aln  -            207   5.8e-28   93.3   0.1   1   1   1.1e-29   6.2e-28   93.2   0.1    16   200     3   186     1   191 0.96 -
d2aeea1c.61.1.1      -            208 d1nula_c.61.1.1.aln  -            207   2.5e-27   91.2   0.1   1   1   5.3e-29     3e-27   91.0   0.1     3   198     4   197     1   205 0.94 -
d1vdma1c.61.1.1      -            153 d1nula_c.61.1.1.aln  -            207   6.1e-26   86.7   1.6   1   1   6.1e-27   3.4e-25   84.2   1.6    11   176     1   142     1   152 0.91 -
d1wd5a_c.61.1.1      -            208 d1nula_c.61.1.1.aln  -            207   1.4e-25   85.5   1.8   1   1   2.7e-27   1.5e-25   85.4   1.8     3   203     5   206     2   208 0.96 -
d1p4aa2c.61.1.1      -            202 d1nula_c.61.1.1.aln  -            207   1.5e-25   85.4   0.1   1   1   2.8e-27   1.6e-25   85.3   0.1    13   204     2   195     1   198 0.96 -
d1vcha1c.61.1.1      -            174 d1nula_c.61.1.1.aln  -            207   9.8e-18   59.9   0.3   1   1   1.8e-19     1e-17   59.8   0.3    14   180     3   168     1   174 0.93 -
d1nula_c.61.1.1      -            150 d1nula_c.61.1.1.aln  -            207   1.7e-06   23.2   0.1   1   1   3.7e-08   2.1e-06   22.9   0.1    85   161    51   117    33   134 0.85 -
#
# Program:         hmmsearch
# Version:         3.1b2 (February 2015)
# Pipeline mode:   SEARCH
# Query file:      hmmModels95/d1nula_c.61.1.1.hmm
# Target file:     scop/scopTestSeq.fasta
# Option settings: hmmsearch --domtblout hmmModels95/d1nula_c.61.1.1.out -E 1 hmmModels95/d1nula_c.61.1.1.hmm scop/scopTestSeq.fasta 
# Current dir:     /users/nfs/Etu7/3801677/SBAS/TME8
# Date:            Tue Apr  4 15:53:54 2023
# [ok]
