#                                                                            --- full sequence --- -------------- this domain -------------   hmm coord   ali coord   env coord
# target name        accession   tlen query name           accession   qlen   E-value  score  bias   #  of  c-Evalue  i-Evalue  score  bias  from    to  from    to  from    to  acc description of target
#------------------- ---------- ----- -------------------- ---------- ----- --------- ------ ----- --- --- --------- --------- ------ ----- ----- ----- ----- ----- ----- ----- ---- ---------------------
d1p1ja1c.2.1.3       -            411 d1nvmb1c.2.1.3.aln   -            195   2.7e-88  290.6   0.0   1   1   9.8e-90   3.7e-88  290.2   0.0     1   195    56   291    56   291 0.99 -
d3cina1c.2.1.3       -            276 d1nvmb1c.2.1.3.aln   -            195   1.1e-43  145.0   0.1   1   1   3.4e-45   1.3e-43  144.8   0.1     1   195     1   240     1   240 1.00 -
d1h6da1c.2.1.3       -            222 d1nvmb1c.2.1.3.aln   -            195   4.8e-39  129.9   0.0   1   1   1.4e-40   5.4e-39  129.8   0.0     2   187    33   222    32   222 0.99 -
d2g82a1c.2.1.3       -            169 d1nvmb1c.2.1.3.aln   -            195   3.9e-33  110.7   0.6   1   1   1.1e-34   4.3e-33  110.5   0.6     3   184     1   168     1   169 0.96 -
d1gr0a1c.2.1.3       -            244 d1nvmb1c.2.1.3.aln   -            195     8e-33  109.6   1.8   1   1   2.6e-34   9.7e-33  109.4   1.8     2   195     2   216     1   216 0.99 -
d2nvwa1c.2.1.3       -            238 d1nvmb1c.2.1.3.aln   -            195   5.9e-31  103.5   0.0   1   1   1.8e-32   6.6e-31  103.4   0.0     1   194    15   237    15   238 0.99 -
d1qkia1c.2.1.3       -            204 d1nvmb1c.2.1.3.aln   -            195   3.1e-16   55.5   0.0   1   1   9.5e-18   3.6e-16   55.3   0.0     6   194     9   192     6   193 0.97 -
d1cf2o1c.2.1.3       -            172 d1nvmb1c.2.1.3.aln   -            195   3.1e-16   55.5   1.1   1   1   9.3e-18   3.5e-16   55.3   1.1     3   179     2   170     1   172 0.95 -
d1tlta1c.2.1.3       -            165 d1nvmb1c.2.1.3.aln   -            195   3.1e-15   52.2   0.0   1   1   9.3e-17   3.5e-15   52.1   0.0     2   181     1   162     1   165 0.97 -
d1ydwa1c.2.1.3       -            185 d1nvmb1c.2.1.3.aln   -            195   1.9e-13   46.4   0.1   1   1   5.6e-15   2.1e-13   46.3   0.1     3   181     2   168     1   182 0.92 -
d1h9aa1c.2.1.3       -            196 d1nvmb1c.2.1.3.aln   -            195   5.3e-12   41.7   0.2   1   1   1.6e-13   5.9e-12   41.5   0.2     5   192     9   178     5   181 0.96 -
d1zh8a1c.2.1.3       -            182 d1nvmb1c.2.1.3.aln   -            195   1.9e-10   36.6   0.0   1   1   5.7e-12   2.2e-10   36.4   0.0     1   185     2   170     2   180 0.85 -
d1xeaa1c.2.1.3       -            168 d1nvmb1c.2.1.3.aln   -            195   5.1e-10   35.2   0.0   1   1   1.6e-11   5.9e-10   35.0   0.0     3   187     2   167     1   168 0.89 -
d1vkna1c.2.1.3       -            177 d1nvmb1c.2.1.3.aln   -            195   5.8e-10   35.0   0.0   1   1   1.9e-11   7.1e-10   34.8   0.0     2   190     1   174     1   177 0.88 -
d1t4ba1c.2.1.3       -            147 d1nvmb1c.2.1.3.aln   -            195     9e-10   34.4   0.0   1   1     3e-11   1.1e-09   34.1   0.0     3   154     2   124     1   143 0.92 -
d1e5qa1c.2.1.3       -            183 d1nvmb1c.2.1.3.aln   -            195   9.1e-09   31.1   0.1   1   1   2.6e-10   9.9e-09   31.0   0.1     4   192     4   176     1   179 0.96 -
d1drua1c.2.1.3       -            161 d1nvmb1c.2.1.3.aln   -            195   4.3e-08   28.9   0.1   1   1   1.4e-09   5.3e-08   28.6   0.1     2   173     2   153     1   161 0.90 -
d1f06a1c.2.1.3       -            171 d1nvmb1c.2.1.3.aln   -            195   4.1e-07   25.7   0.1   1   1   1.7e-08   6.2e-07   25.1   0.1     2    89     3    73     2   113 0.83 -
d1lc0a1c.2.1.3       -            173 d1nvmb1c.2.1.3.aln   -            195   2.5e-06   23.2   0.3   1   1     1e-07   3.9e-06   22.6   0.3    42   182    40   167     7   173 0.80 -
d1gpja2c.2.1.7       -            159 d1nvmb1c.2.1.3.aln   -            195    0.0004   16.0   0.0   1   1   1.2e-05   0.00044   15.8   0.0     3    66    25    93    23   141 0.86 -
d1ebfa1c.2.1.3       -            169 d1nvmb1c.2.1.3.aln   -            195   0.00091   14.8   0.2   1   1   2.9e-05    0.0011   14.6   0.1     2    53     4    57     3   148 0.75 -
#
# Program:         hmmsearch
# Version:         3.1b2 (February 2015)
# Pipeline mode:   SEARCH
# Query file:      hmmModels95/d1nvmb1c.2.1.3.hmm
# Target file:     scop/scopTestSeq.fasta
# Option settings: hmmsearch --domtblout hmmModels95/d1nvmb1c.2.1.3.out -E 1 hmmModels95/d1nvmb1c.2.1.3.hmm scop/scopTestSeq.fasta 
# Current dir:     /users/nfs/Etu7/3801677/SBAS/TME8
# Date:            Tue Apr  4 15:53:54 2023
# [ok]
