#                                                                            --- full sequence --- -------------- this domain -------------   hmm coord   ali coord   env coord
# target name        accession   tlen query name           accession   qlen   E-value  score  bias   #  of  c-Evalue  i-Evalue  score  bias  from    to  from    to  from    to  acc description of target
#------------------- ---------- ----- -------------------- ---------- ----- --------- ------ ----- --- --- --------- --------- ------ ----- ----- ----- ----- ----- ----- ----- ---- ---------------------
d1omra_a.39.1.5      -            201 d1nyaa_a.39.1.5.aln  -            176   6.2e-59  194.3   2.7   1   1   1.2e-60   7.2e-59  194.1   2.7     1   175    10   188    10   189 0.99 -
d1exra_a.39.1.5      -            146 d1nyaa_a.39.1.5.aln  -            176   2.3e-52  172.9  14.8   1   2   2.2e-35   1.3e-33  111.8   5.9    47   132     2    86     1    87 0.97 -
d1exra_a.39.1.5      -            146 d1nyaa_a.39.1.5.aln  -            176   2.3e-52  172.9  14.8   2   2   2.3e-23   1.4e-21   72.6   4.8    46   118    74   145    73   146 0.96 -
d1qv0a_a.39.1.5      -            189 d1nyaa_a.39.1.5.aln  -            176   2.2e-45  150.1   0.1   1   1   4.2e-47   2.5e-45  150.0   0.1     1   174    17   181    17   183 0.99 -
d1jbaa_a.39.1.5      -            189 d1nyaa_a.39.1.5.aln  -            176   7.3e-45  148.5   2.1   1   1   1.3e-46   8.1e-45  148.3   2.1     2   175     7   186     6   187 0.97 -
d2zfda1a.39.1.5      -            183 d1nyaa_a.39.1.5.aln  -            176   2.8e-35  117.3   3.6   1   1     5e-37   3.1e-35  117.1   3.6     5   175     5   174     1   175 0.96 -
d2sasa_a.39.1.5      -            185 d1nyaa_a.39.1.5.aln  -            176   1.4e-29   98.7   0.2   1   1   2.7e-31   1.6e-29   98.5   0.2     3   173    14   184    12   185 0.98 -
d1xo5a_a.39.1.5      -            180 d1nyaa_a.39.1.5.aln  -            176   7.3e-28   93.1   0.0   1   1   1.3e-29   7.8e-28   93.0   0.0     7   174    10   178     4   180 0.95 -
d1jfka_a.39.1.5      -            134 d1nyaa_a.39.1.5.aln  -            176   6.2e-27   90.1  10.0   1   2   3.4e-24     2e-22   75.4   5.8    55   164     1   103     1   114 0.92 -
d1jfka_a.39.1.5      -            134 d1nyaa_a.39.1.5.aln  -            176   6.2e-27   90.1  10.0   2   2   3.3e-08     2e-06   23.3   2.3    62   115    83   131    82   133 0.48 -
d1s6ja_a.39.1.5      -             87 d1nyaa_a.39.1.5.aln  -            176   7.4e-19   63.8   5.0   1   1   1.5e-20   8.9e-19   63.5   5.0    39   115     9    83     3    86 0.89 -
d2scpa_a.39.1.5      -            174 d1nyaa_a.39.1.5.aln  -            176   5.1e-18   61.0   4.7   1   1   9.8e-20   5.9e-18   60.8   4.7     2   173     2   172     1   174 0.92 -
d1nyaa_a.39.1.5      -            176 d1nyaa_a.39.1.5.aln  -            176   6.3e-13   44.5   0.9   1   2    0.0018      0.11    7.9   0.2    91   162     7    84     2    92 0.70 -
d1nyaa_a.39.1.5      -            176 d1nyaa_a.39.1.5.aln  -            176   6.3e-13   44.5   0.9   2   2   7.9e-12   4.8e-10   35.1   0.0    57   118   105   163   102   166 0.90 -
d1ctaa_a.39.1.5      -             34 d1nyaa_a.39.1.5.aln  -            176     1e-11   40.5   0.1   1   1   1.8e-13   1.1e-11   40.4   0.1    51    84     1    34     1    34 0.97 -
d1j7qa_a.39.1.5      -             86 d1nyaa_a.39.1.5.aln  -            176   1.3e-11   40.2   0.2   1   1   2.3e-13   1.4e-11   40.1   0.2    48   104     8    63     2    86 0.85 -
#
# Program:         hmmsearch
# Version:         3.1b2 (February 2015)
# Pipeline mode:   SEARCH
# Query file:      hmmModels95/d1nyaa_a.39.1.5.hmm
# Target file:     scop/scopTestSeq.fasta
# Option settings: hmmsearch --domtblout hmmModels95/d1nyaa_a.39.1.5.out -E 1 hmmModels95/d1nyaa_a.39.1.5.hmm scop/scopTestSeq.fasta 
# Current dir:     /users/nfs/Etu7/3801677/SBAS/TME8
# Date:            Tue Apr  4 15:53:55 2023
# [ok]
