#                                                                            --- full sequence --- -------------- this domain -------------   hmm coord   ali coord   env coord
# target name        accession   tlen query name           accession   qlen   E-value  score  bias   #  of  c-Evalue  i-Evalue  score  bias  from    to  from    to  from    to  acc description of target
#------------------- ---------- ----- -------------------- ---------- ----- --------- ------ ----- --- --- --------- --------- ------ ----- ----- ----- ----- ----- ----- ----- ---- ---------------------
d3bpza_b.82.3.2      -            194 d1o5la1b.82.3.2.aln  -            136   2.7e-65  213.7   0.1   1   2       1.7   1.1e+02   -2.0   0.0     8    30    14    36    11    42 0.69 -
d3bpza_b.82.3.2      -            194 d1o5la1b.82.3.2.aln  -            136   2.7e-65  213.7   0.1   2   2   8.9e-67   5.9e-65  212.6   0.1     1   136    63   193    63   193 0.99 -
d1cx4a2b.82.3.2      -            147 d1o5la1b.82.3.2.aln  -            136   7.6e-40  131.3   0.1   1   1   1.3e-41   8.4e-40  131.2   0.1     6   134     2   136     1   138 0.98 -
d1vp6a_b.82.3.2      -            133 d1o5la1b.82.3.2.aln  -            136   6.1e-39  128.4   0.0   1   1     1e-40   6.9e-39  128.2   0.0     5   133    10   131     7   133 0.98 -
d1cx4a1b.82.3.2      -            136 d1o5la1b.82.3.2.aln  -            136   2.4e-37  123.2   0.0   1   1   4.1e-39   2.7e-37  123.0   0.0     2   127    12   136    11   136 0.98 -
d1zyba2b.82.3.2      -            147 d1o5la1b.82.3.2.aln  -            136   6.3e-33  108.9   0.0   1   1   1.1e-34     7e-33  108.8   0.0     1   133     1   146     1   147 0.95 -
d1o7fa2b.82.3.2      -            155 d1o5la1b.82.3.2.aln  -            136   6.3e-32  105.7   0.0   1   1   1.1e-33     7e-32  105.5   0.0     3   134    22   153    20   155 0.92 -
d1o7fa3b.82.3.2      -            124 d1o5la1b.82.3.2.aln  -            136   2.9e-31  103.5   0.0   1   1   4.8e-33   3.2e-31  103.4   0.0     2   121     7   123     6   124 0.97 -
d2gaua2b.82.3.2      -            142 d1o5la1b.82.3.2.aln  -            136   4.6e-31  102.9   0.0   1   1   8.4e-33   5.5e-31  102.6   0.0    11   134     6   129     2   131 0.95 -
d1wgpa_b.82.3.2      -            137 d1o5la1b.82.3.2.aln  -            136   3.7e-30   99.9   0.0   1   1   6.6e-32   4.3e-30   99.7   0.0     5   130     5   133     2   137 0.96 -
d3e5ua2b.82.3.2      -            139 d1o5la1b.82.3.2.aln  -            136   5.3e-29   96.2   0.0   1   1     9e-31   5.9e-29   96.0   0.0     6   135     1   130     1   131 0.98 -
d2zcwa2b.82.3.2      -            112 d1o5la1b.82.3.2.aln  -            136     7e-23   76.4   0.0   1   1   1.2e-24   7.7e-23   76.2   0.0    31   136     2   108     1   108 0.97 -
d1o5la1b.82.3.2      -            129 d1o5la1b.82.3.2.aln  -            136   4.3e-05   18.8   0.0   1   1   8.2e-07   5.4e-05   18.5   0.0    28   123     9   105     2   116 0.90 -
#
# Program:         hmmsearch
# Version:         3.1b2 (February 2015)
# Pipeline mode:   SEARCH
# Query file:      hmmModels95/d1o5la1b.82.3.2.hmm
# Target file:     scop/scopTestSeq.fasta
# Option settings: hmmsearch --domtblout hmmModels95/d1o5la1b.82.3.2.out -E 1 hmmModels95/d1o5la1b.82.3.2.hmm scop/scopTestSeq.fasta 
# Current dir:     /users/nfs/Etu7/3801677/SBAS/TME8
# Date:            Tue Apr  4 15:53:55 2023
# [ok]
