#                                                                            --- full sequence --- -------------- this domain -------------   hmm coord   ali coord   env coord
# target name        accession   tlen query name           accession   qlen   E-value  score  bias   #  of  c-Evalue  i-Evalue  score  bias  from    to  from    to  from    to  acc description of target
#------------------- ---------- ----- -------------------- ---------- ----- --------- ------ ----- --- --- --------- --------- ------ ----- ----- ----- ----- ----- ----- ----- ---- ---------------------
d2nyca1d.37.1.1      -            140 d1o50a3d.37.1.1.aln  -            141   2.5e-38  126.9   0.3   1   1   6.6e-40   2.9e-38  126.7   0.3     6   132    11   137     7   140 0.98 -
d2v8qe2d.37.1.1      -            159 d1o50a3d.37.1.1.aln  -            141   2.5e-37  123.7   0.0   1   1   7.4e-39   3.2e-37  123.3   0.0     1   138    12   159    12   159 0.98 -
d1pvma4d.37.1.1      -            142 d1o50a3d.37.1.1.aln  -            141   1.2e-35  118.2   0.7   1   1   3.1e-37   1.3e-35  118.1   0.7     2   140     1   133     1   134 0.96 -
d2j9la1d.37.1.1      -            169 d1o50a3d.37.1.1.aln  -            141   9.1e-35  115.4   0.4   1   1   2.4e-36     1e-34  115.2   0.4     2   140    19   163    18   164 0.98 -
d2yzqa1d.37.1.1      -            156 d1o50a3d.37.1.1.aln  -            141   2.2e-32  107.7   0.1   1   1   5.7e-34   2.5e-32  107.5   0.1     2   138     2   152     1   155 0.98 -
d2yzia1d.37.1.1      -            132 d1o50a3d.37.1.1.aln  -            141   2.1e-28   94.7   0.8   1   1   5.3e-30   2.3e-28   94.6   0.8     4   138     5   131     2   132 0.95 -
d1y5ha3d.37.1.1      -            123 d1o50a3d.37.1.1.aln  -            141   5.6e-28   93.4   0.0   1   1   1.4e-29   6.1e-28   93.3   0.0     7   132     4   122     1   123 0.97 -
d2yzqa2d.37.1.1      -            122 d1o50a3d.37.1.1.aln  -            141   1.3e-27   92.2   2.5   1   1   1.1e-28   4.8e-27   90.4   2.5     4   135     1   119     1   122 0.92 -
d2d4za3d.37.1.1      -            161 d1o50a3d.37.1.1.aln  -            141   4.1e-26   87.4   0.0   1   1     1e-27   4.5e-26   87.2   0.0     1   140     8   158     8   159 0.95 -
d3ddja1d.37.1.1      -            141 d1o50a3d.37.1.1.aln  -            141   4.7e-26   87.2   5.9   1   1   1.2e-27   5.1e-26   87.1   5.9     5   136     3   133     1   138 0.96 -
d2ouxa2d.37.1.1      -            127 d1o50a3d.37.1.1.aln  -            141   1.8e-25   85.2   6.0   1   1   4.5e-27     2e-25   85.1   6.0    14   137     3   126     1   127 0.98 -
d1pbja3d.37.1.1      -            120 d1o50a3d.37.1.1.aln  -            141   7.6e-25   83.2   6.1   1   1   1.9e-26   8.2e-25   83.1   6.1     5   131     1   118     1   120 0.97 -
d1zfja4d.37.1.1      -            126 d1o50a3d.37.1.1.aln  -            141   4.8e-24   80.7   0.2   1   1   1.3e-25   5.7e-24   80.4   0.2    10   136     3   120     1   125 0.93 -
d3ddja2d.37.1.1      -            135 d1o50a3d.37.1.1.aln  -            141   8.3e-24   79.9   0.1   1   1   2.1e-25   9.1e-24   79.7   0.1     4   136     1   134     1   135 0.93 -
d2rc3a1d.37.1.1      -            127 d1o50a3d.37.1.1.aln  -            141   1.5e-23   79.0   1.3   1   1   3.7e-25   1.6e-23   78.9   1.3     8   132     9   125     2   127 0.90 -
d2riha_d.37.1.1      -            131 d1o50a3d.37.1.1.aln  -            141   3.5e-23   77.8   0.5   1   1   8.8e-25   3.9e-23   77.7   0.5     7   138     4   128     1   131 0.88 -
d1vr9a3d.37.1.1      -            121 d1o50a3d.37.1.1.aln  -            141   7.3e-23   76.8   0.1   1   1   2.5e-24   1.1e-22   76.2   0.1     4   136     1   120     1   121 0.96 -
d1o50a3d.37.1.1      -            145 d1o50a3d.37.1.1.aln  -            141   1.5e-09   33.7   3.5   1   2   0.00065     0.028   10.1   0.5    86   124    14    52     8    76 0.85 -
d1o50a3d.37.1.1      -            145 d1o50a3d.37.1.1.aln  -            141   1.5e-09   33.7   3.5   2   2   1.8e-08     8e-07   24.8   0.2    77   121    84   128    64   137 0.77 -
#
# Program:         hmmsearch
# Version:         3.1b2 (February 2015)
# Pipeline mode:   SEARCH
# Query file:      hmmModels95/d1o50a3d.37.1.1.hmm
# Target file:     scop/scopTestSeq.fasta
# Option settings: hmmsearch --domtblout hmmModels95/d1o50a3d.37.1.1.out -E 1 hmmModels95/d1o50a3d.37.1.1.hmm scop/scopTestSeq.fasta 
# Current dir:     /users/nfs/Etu7/3801677/SBAS/TME8
# Date:            Tue Apr  4 15:53:55 2023
# [ok]
