#                                                                            --- full sequence --- -------------- this domain -------------   hmm coord   ali coord   env coord
# target name        accession   tlen query name           accession   qlen   E-value  score  bias   #  of  c-Evalue  i-Evalue  score  bias  from    to  from    to  from    to  acc description of target
#------------------- ---------- ----- -------------------- ---------- ----- --------- ------ ----- --- --- --------- --------- ------ ----- ----- ----- ----- ----- ----- ----- ---- ---------------------
d1ohwa_c.67.1.4      -            461 d1o69a_c.67.1.4.aln  -            420  2.1e-139  460.5   0.0   1   1  3.3e-141  2.4e-139  460.3   0.0     2   418    12   461    11   461 0.99 -
d2dkja_c.67.1.4      -            402 d1o69a_c.67.1.4.aln  -            420  4.1e-117  387.0   0.0   1   1  6.5e-119  4.7e-117  386.8   0.0     6   416     3   398     1   401 0.98 -
d1vefa1c.67.1.4      -            387 d1o69a_c.67.1.4.aln  -            420    3e-102  338.1   0.0   1   1  4.6e-104  3.3e-102  337.9   0.0    10   415     4   386     1   387 0.98 -
d1zoda_c.67.1.4      -            431 d1o69a_c.67.1.4.aln  -            420   5.7e-93  307.5   0.0   1   1   9.7e-95     7e-93  307.2   0.0     4   416     2   428     1   430 0.99 -
d3piua_c.67.1.4      -            416 d1o69a_c.67.1.4.aln  -            420   3.3e-91  301.7   0.0   1   1   5.1e-93   3.6e-91  301.6   0.0     7   418     2   414     1   416 0.99 -
d1w23a_c.67.1.4      -            360 d1o69a_c.67.1.4.aln  -            420   3.6e-73  242.3   0.0   1   1   5.5e-75     4e-73  242.1   0.0    22   419     3   358     1   359 0.98 -
d2bwna1c.67.1.4      -            396 d1o69a_c.67.1.4.aln  -            420   4.6e-70  232.1   0.1   1   1   7.1e-72   5.1e-70  231.9   0.1     3   414     4   395     2   396 0.98 -
d1bs0a_c.67.1.4      -            383 d1o69a_c.67.1.4.aln  -            420   6.2e-70  231.6   0.1   1   1   9.6e-72   6.9e-70  231.5   0.1     8   412     2   380     1   383 0.98 -
d2epja_c.67.1.0      -            426 d1o69a_c.67.1.4.aln  -            420   3.5e-57  189.6   0.3   1   1   6.1e-59   4.4e-57  189.3   0.3    20   337    25   342    20   387 0.91 -
d2fnua_c.67.1.4      -            373 d1o69a_c.67.1.4.aln  -            420   3.6e-48  159.9   0.1   1   1   5.8e-50   4.1e-48  159.7   0.1    14   419     2   373     1   373 0.98 -
d1jqba2c.2.1.1       -            174 d1o69a_c.67.1.4.aln  -            420   0.00097   13.5   0.0   1   1   2.5e-05    0.0018   12.7   0.0    97   153    90   138    60   145 0.80 -
#
# Program:         hmmsearch
# Version:         3.1b2 (February 2015)
# Pipeline mode:   SEARCH
# Query file:      hmmModels95/d1o69a_c.67.1.4.hmm
# Target file:     scop/scopTestSeq.fasta
# Option settings: hmmsearch --domtblout hmmModels95/d1o69a_c.67.1.4.out -E 1 hmmModels95/d1o69a_c.67.1.4.hmm scop/scopTestSeq.fasta 
# Current dir:     /users/nfs/Etu7/3801677/SBAS/TME8
# Date:            Tue Apr  4 15:53:55 2023
# [ok]
