#                                                                            --- full sequence --- -------------- this domain -------------   hmm coord   ali coord   env coord
# target name        accession   tlen query name           accession   qlen   E-value  score  bias   #  of  c-Evalue  i-Evalue  score  bias  from    to  from    to  from    to  acc description of target
#------------------- ---------- ----- -------------------- ---------- ----- --------- ------ ----- --- --- --------- --------- ------ ----- ----- ----- ----- ----- ----- ----- ---- ---------------------
d2jhfa2c.2.1.1       -            176 d1o89a2c.2.1.1.aln   -            177   7.4e-65  213.5   1.8   1   1   1.4e-66   8.1e-65  213.3   1.8     2   177     2   176     1   176 0.99 -
d1kola2c.2.1.1       -            195 d1o89a2c.2.1.1.aln   -            177   4.6e-51  168.6   3.1   1   1   9.1e-53   5.1e-51  168.4   3.1     4   176     2   182     1   183 0.98 -
d1vj0a2c.2.1.1       -            182 d1o89a2c.2.1.1.aln   -            177   2.7e-43  143.3   0.0   1   1   5.4e-45   3.1e-43  143.1   0.0     3   172     3   174     1   178 0.97 -
d2dm6a2c.2.1.1       -            182 d1o89a2c.2.1.1.aln   -            177     1e-42  141.3   0.3   1   1   2.1e-44   1.2e-42  141.2   0.3     2   173     5   171     4   175 0.94 -
d1jqba2c.2.1.1       -            174 d1o89a2c.2.1.1.aln   -            177   4.7e-42  139.2   4.7   1   1   9.2e-44   5.2e-42  139.1   4.7     2   176     2   172     1   173 0.97 -
d1h2ba2c.2.1.1       -            172 d1o89a2c.2.1.1.aln   -            177   2.1e-41  137.1   2.2   1   1   4.1e-43   2.3e-41  137.0   2.2     2   174     6   172     5   172 0.95 -
d1yb5a2c.2.1.1       -            174 d1o89a2c.2.1.1.aln   -            177   1.8e-40  134.1   1.6   1   1   3.4e-42   1.9e-40  133.9   1.6     3   175     3   174     1   174 0.97 -
d1pqwa_c.2.1.1       -            183 d1o89a2c.2.1.1.aln   -            177   4.9e-40  132.6   0.5   1   1   9.7e-42   5.5e-40  132.5   0.5     5   175     2   171     1   173 0.95 -
d1qora2c.2.1.1       -            179 d1o89a2c.2.1.1.aln   -            177   1.6e-39  131.0   0.1   1   1     3e-41   1.7e-39  130.9   0.1     3   174     3   173     1   176 0.91 -
d1pl8a2c.2.1.1       -            171 d1o89a2c.2.1.1.aln   -            177   5.8e-39  129.1   5.4   1   1   1.1e-40   6.3e-39  129.0   5.4     5   174     4   169     1   171 0.95 -
d1gu7a2c.2.1.1       -            189 d1o89a2c.2.1.1.aln   -            177   7.2e-39  128.8   0.0   1   1   1.4e-40   8.1e-39  128.7   0.0     2   176     3   185     2   186 0.98 -
d1piwa2c.2.1.1       -            168 d1o89a2c.2.1.1.aln   -            177     5e-37  122.8   0.0   1   1   9.6e-39   5.4e-37  122.7   0.0     3   175     4   167     2   168 0.96 -
d1o89a2c.2.1.1       -            177 d1o89a2c.2.1.1.aln   -            177   1.1e-31  105.4   1.4   1   1   2.4e-33   1.4e-31  105.1   1.4     2   173     7   171     6   172 0.94 -
d1c1da1c.2.1.7       -            201 d1o89a2c.2.1.1.aln   -            177    0.0003   16.1   6.2   1   2   5.3e-06    0.0003   16.1   6.2    21    78    20    75     3    81 0.84 -
d1c1da1c.2.1.7       -            201 d1o89a2c.2.1.1.aln   -            177    0.0003   16.1   6.2   2   2       2.2   1.2e+02   -2.2   0.1    48    70   101   123    91   146 0.59 -
#
# Program:         hmmsearch
# Version:         3.1b2 (February 2015)
# Pipeline mode:   SEARCH
# Query file:      hmmModels95/d1o89a2c.2.1.1.hmm
# Target file:     scop/scopTestSeq.fasta
# Option settings: hmmsearch --domtblout hmmModels95/d1o89a2c.2.1.1.out -E 1 hmmModels95/d1o89a2c.2.1.1.hmm scop/scopTestSeq.fasta 
# Current dir:     /users/nfs/Etu7/3801677/SBAS/TME8
# Date:            Tue Apr  4 15:53:55 2023
# [ok]
