#                                                                            --- full sequence --- -------------- this domain -------------   hmm coord   ali coord   env coord
# target name        accession   tlen query name           accession   qlen   E-value  score  bias   #  of  c-Evalue  i-Evalue  score  bias  from    to  from    to  from    to  acc description of target
#------------------- ---------- ----- -------------------- ---------- ----- --------- ------ ----- --- --- --------- --------- ------ ----- ----- ----- ----- ----- ----- ----- ---- ---------------------
d1ofda2c.1.4.1       -            809 d1ofda2c.1.4.1.aln   -            367   1.2e-76  253.5   0.0   1   2   1.5e-14   1.3e-12   42.8   0.0    91   167   405   481   398   489 0.87 -
d1ofda2c.1.4.1       -            809 d1ofda2c.1.4.1.aln   -            367   1.2e-76  253.5   0.0   2   2   7.2e-65   6.3e-63  208.3   0.0   172   364   504   774   501   777 0.99 -
d1vyra_c.1.4.1       -            363 d1ofda2c.1.4.1.aln   -            367   2.1e-65  216.5   0.0   1   1   2.6e-67   2.3e-65  216.4   0.0     7   364     2   361     1   363 0.96 -
d2e6fa_c.1.4.1       -            312 d1ofda2c.1.4.1.aln   -            367   3.6e-62  205.8   0.0   1   1   4.9e-64   4.3e-62  205.6   0.0    44   362     7   311     2   312 0.97 -
d1p4ca_c.1.4.1       -            353 d1ofda2c.1.4.1.aln   -            367   6.3e-50  165.6   0.0   1   1     8e-52     7e-50  165.4   0.0    11   362     3   351     1   353 0.97 -
d1p0ka_c.1.4.1       -            329 d1ofda2c.1.4.1.aln   -            367   8.8e-38  125.6   0.3   1   1   1.2e-39     1e-37  125.4   0.3    44   359     2   304     1   311 0.97 -
d1djqa1c.1.4.1       -            340 d1ofda2c.1.4.1.aln   -            367   6.6e-37  122.7   0.0   1   1   9.3e-39   8.2e-37  122.4   0.0     2   335     2   332     1   337 0.96 -
d1ep3a_c.1.4.1       -            311 d1ofda2c.1.4.1.aln   -            367   1.7e-35  118.1   0.0   1   1   2.1e-37   1.9e-35  117.9   0.0    36   362     3   308     1   311 0.94 -
d1gtea2c.1.4.1       -            312 d1ofda2c.1.4.1.aln   -            367   4.4e-33  110.1   0.0   1   1   5.6e-35   4.9e-33  110.0   0.0    41   349     2   310     1   312 0.95 -
d1vhna_c.1.4.1       -            305 d1ofda2c.1.4.1.aln   -            367   9.6e-18   59.7   0.0   1   1   1.6e-19   1.4e-17   59.1   0.0    43   360     7   300     4   304 0.97 -
#
# Program:         hmmsearch
# Version:         3.1b2 (February 2015)
# Pipeline mode:   SEARCH
# Query file:      hmmModels95/d1ofda2c.1.4.1.hmm
# Target file:     scop/scopTestSeq.fasta
# Option settings: hmmsearch --domtblout hmmModels95/d1ofda2c.1.4.1.out -E 1 hmmModels95/d1ofda2c.1.4.1.hmm scop/scopTestSeq.fasta 
# Current dir:     /users/nfs/Etu7/3801677/SBAS/TME8
# Date:            Tue Apr  4 15:53:56 2023
# [ok]
