#                                                                            --- full sequence --- -------------- this domain -------------   hmm coord   ali coord   env coord
# target name        accession   tlen query name           accession   qlen   E-value  score  bias   #  of  c-Evalue  i-Evalue  score  bias  from    to  from    to  from    to  acc description of target
#------------------- ---------- ----- -------------------- ---------- ----- --------- ------ ----- --- --- --------- --------- ------ ----- ----- ----- ----- ----- ----- ----- ---- ---------------------
d2dkja_c.67.1.4      -            402 d1ohwa_c.67.1.4.aln  -            419  4.3e-122  403.3   0.0   1   1  7.6e-124    5e-122  403.1   0.0     3   414     2   398     1   401 0.98 -
d1vefa1c.67.1.4      -            387 d1ohwa_c.67.1.4.aln  -            419   5.7e-99  327.2   0.0   1   1  9.6e-101   6.3e-99  327.0   0.0    10   413     6   386     1   387 0.98 -
d1zoda_c.67.1.4      -            431 d1ohwa_c.67.1.4.aln  -            419   1.6e-96  319.1   0.0   1   1   2.7e-98   1.7e-96  319.0   0.0     2   415     2   429     1   431 0.99 -
d3piua_c.67.1.4      -            416 d1ohwa_c.67.1.4.aln  -            419   5.1e-86  284.5   0.0   1   1   8.7e-88   5.7e-86  284.4   0.0    12   416     2   414     1   416 0.99 -
d1bs0a_c.67.1.4      -            383 d1ohwa_c.67.1.4.aln  -            419   1.1e-73  243.9   0.0   1   1     2e-75   1.3e-73  243.6   0.0     6   409     2   379     1   382 0.99 -
d2bwna1c.67.1.4      -            396 d1ohwa_c.67.1.4.aln  -            419   1.6e-71  236.8   0.1   1   1   2.7e-73   1.8e-71  236.6   0.1     3   413     6   396     4   396 0.99 -
d1w23a_c.67.1.4      -            360 d1ohwa_c.67.1.4.aln  -            419   8.1e-70  231.2   0.0   1   1   2.5e-71   1.7e-69  230.1   0.0    13   417     2   358     1   360 0.98 -
d1o69a_c.67.1.4      -            374 d1ohwa_c.67.1.4.aln  -            419   2.2e-65  216.5   0.0   1   1   3.7e-67   2.4e-65  216.4   0.0    23   418     2   372     1   373 0.98 -
d2fnua_c.67.1.4      -            373 d1ohwa_c.67.1.4.aln  -            419     3e-55  183.1   0.0   1   1   5.2e-57   3.4e-55  183.0   0.0    11   417     1   373     1   373 0.99 -
d2epja_c.67.1.0      -            426 d1ohwa_c.67.1.4.aln  -            419     6e-53  175.6   0.7   1   1   1.1e-54   7.5e-53  175.3   0.7    17   382    24   389    20   410 0.88 -
d1ohwa_c.67.1.4      -            461 d1ohwa_c.67.1.4.aln  -            419   1.1e-10   36.4   0.2   1   3      0.32        21   -0.8   0.0    28    63    40    75    38    78 0.85 -
d1ohwa_c.67.1.4      -            461 d1ohwa_c.67.1.4.aln  -            419   1.1e-10   36.4   0.2   2   3   2.2e-10   1.5e-08   29.3   0.1   128   260   168   325   157   328 0.86 -
d1ohwa_c.67.1.4      -            461 d1ohwa_c.67.1.4.aln  -            419   1.1e-10   36.4   0.2   3   3      0.03         2    2.6   0.0   294   379   349   427   343   442 0.68 -
d2c81a_c.67.1.0      -            409 d1ohwa_c.67.1.4.aln  -            419   1.2e-08   29.6   0.0   1   1   2.8e-10   1.8e-08   29.0   0.0    64   243    57   199    33   217 0.92 -
#
# Program:         hmmsearch
# Version:         3.1b2 (February 2015)
# Pipeline mode:   SEARCH
# Query file:      hmmModels95/d1ohwa_c.67.1.4.hmm
# Target file:     scop/scopTestSeq.fasta
# Option settings: hmmsearch --domtblout hmmModels95/d1ohwa_c.67.1.4.out -E 1 hmmModels95/d1ohwa_c.67.1.4.hmm scop/scopTestSeq.fasta 
# Current dir:     /users/nfs/Etu7/3801677/SBAS/TME8
# Date:            Tue Apr  4 15:53:56 2023
# [ok]
