#                                                                            --- full sequence --- -------------- this domain -------------   hmm coord   ali coord   env coord
# target name        accession   tlen query name           accession   qlen   E-value  score  bias   #  of  c-Evalue  i-Evalue  score  bias  from    to  from    to  from    to  acc description of target
#------------------- ---------- ----- -------------------- ---------- ----- --------- ------ ----- --- --- --------- --------- ------ ----- ----- ----- ----- ----- ----- ----- ---- ---------------------
d2c4ja1a.45.1.1      -            133 d1okta1a.45.1.1.aln  -            138     2e-42  139.7   0.1   1   1   3.3e-44   2.2e-42  139.5   0.1     1   138     1   132     1   132 0.99 -
d1k3ya1a.45.1.1      -            142 d1okta1a.45.1.1.aln  -            138   1.1e-33  111.4   0.1   1   1   1.8e-35   1.2e-33  111.2   0.1     1   133     1   132     1   137 0.97 -
d1tu7a1a.45.1.1      -            131 d1okta1a.45.1.1.aln  -            138   2.7e-33  110.1   0.1   1   1   4.5e-35     3e-33  110.0   0.1     3   134     1   130     1   131 0.97 -
d1eema1a.45.1.1      -            139 d1okta1a.45.1.1.aln  -            138   5.6e-24   79.9   0.1   1   1   9.4e-26   6.2e-24   79.8   0.1     2   133     1   128     1   133 0.95 -
d1tw9a1a.45.1.1      -            129 d1okta1a.45.1.1.aln  -            138   1.7e-22   75.1   0.0   1   1     3e-24     2e-22   74.9   0.0     2   125     1   127     1   129 0.92 -
d1nhya1a.45.1.1      -            144 d1okta1a.45.1.1.aln  -            138   5.7e-21   70.2   0.0   1   1   9.7e-23   6.4e-21   70.0   0.0     1   133     8   144     8   144 0.98 -
d2cvda1a.45.1.1      -            124 d1okta1a.45.1.1.aln  -            138   7.2e-21   69.9   0.1   1   1   1.2e-22   7.9e-21   69.7   0.1     2   126     3   123     2   124 0.94 -
d1gnwa1a.45.1.1      -            126 d1okta1a.45.1.1.aln  -            138   3.1e-18   61.3   0.1   1   1     5e-20   3.3e-18   61.2   0.1     5   117    10   124     6   126 0.94 -
d1okta1a.45.1.1      -            126 d1okta1a.45.1.1.aln  -            138   4.1e-18   60.9   0.0   1   1   7.3e-20   4.8e-18   60.7   0.0     3   123     2   122     1   124 0.90 -
d1k0ma1a.45.1.1      -            149 d1okta1a.45.1.1.aln  -            138   4.2e-17   57.7   0.0   1   1   7.1e-19   4.7e-17   57.5   0.0     4   134     9   147     6   149 0.95 -
d1z9ha1a.45.1.1      -            161 d1okta1a.45.1.1.aln  -            138   3.9e-14   48.0   0.5   1   2   5.4e-10   3.5e-08   28.7   0.1     4    92    10   104     7   106 0.96 -
d1z9ha1a.45.1.1      -            161 d1okta1a.45.1.1.aln  -            138   3.9e-14   48.0   0.5   2   2   4.6e-07     3e-05   19.2   0.1    60   110   105   155    97   159 0.90 -
d2fnoa1a.45.1.1      -            149 d1okta1a.45.1.1.aln  -            138   5.5e-12   41.1   0.0   1   1   9.5e-14   6.3e-12   40.9   0.0     2   130     1   135     1   142 0.95 -
#
# Program:         hmmsearch
# Version:         3.1b2 (February 2015)
# Pipeline mode:   SEARCH
# Query file:      hmmModels95/d1okta1a.45.1.1.hmm
# Target file:     scop/scopTestSeq.fasta
# Option settings: hmmsearch --domtblout hmmModels95/d1okta1a.45.1.1.out -E 1 hmmModels95/d1okta1a.45.1.1.hmm scop/scopTestSeq.fasta 
# Current dir:     /users/nfs/Etu7/3801677/SBAS/TME8
# Date:            Tue Apr  4 15:53:56 2023
# [ok]
