#                                                                            --- full sequence --- -------------- this domain -------------   hmm coord   ali coord   env coord
# target name        accession   tlen query name           accession   qlen   E-value  score  bias   #  of  c-Evalue  i-Evalue  score  bias  from    to  from    to  from    to  acc description of target
#------------------- ---------- ----- -------------------- ---------- ----- --------- ------ ----- --- --- --------- --------- ------ ----- ----- ----- ----- ----- ----- ----- ---- ---------------------
d1mo9a1c.3.1.5       -            262 d1onfa2c.3.1.5.aln   -            192   5.2e-76  250.5   0.0   1   1   2.5e-77   6.1e-76  250.3   0.0     1   192    39   262    39   262 0.99 -
d2gv8a1c.3.1.5       -            336 d1onfa2c.3.1.5.aln   -            192   5.4e-53  175.5   0.0   1   1   2.5e-54   6.2e-53  175.3   0.0     2   192     2   312     1   312 0.99 -
d1v59a1c.3.1.5       -            234 d1onfa2c.3.1.5.aln   -            192   1.8e-51  170.5   1.6   1   1   1.6e-52   3.9e-51  169.4   1.6     3   190     4   232     2   234 0.98 -
d1w4xa1c.3.1.5       -            299 d1onfa2c.3.1.5.aln   -            192     7e-41  135.9   0.0   1   1   3.4e-42   8.5e-41  135.7   0.0     1   191     4   291     4   292 0.99 -
d1m6ia1c.3.1.5       -            214 d1onfa2c.3.1.5.aln   -            192   2.6e-33  111.2   0.0   1   1   1.2e-34   2.9e-33  111.1   0.0     2   192     2   214     1   214 0.98 -
d1fl2a1c.3.1.5       -            185 d1onfa2c.3.1.5.aln   -            192   7.5e-33  109.7   1.4   1   1   3.4e-34   8.4e-33  109.6   1.4     5   190     2   179     1   181 0.92 -
d1xdia1c.3.1.5       -            234 d1onfa2c.3.1.5.aln   -            192   1.5e-32  108.7   0.2   1   1     8e-34     2e-32  108.4   0.2     5   188     2   229     1   232 0.98 -
d1w4xa2c.3.1.5       -            235 d1onfa2c.3.1.5.aln   -            192     6e-27   90.5   0.0   1   1   2.7e-28   6.6e-27   90.4   0.0     7   189    11   228     5   231 0.96 -
d1nhpa1c.3.1.5       -            199 d1onfa2c.3.1.5.aln   -            192   7.3e-26   86.9   0.0   1   1   3.3e-27   8.1e-26   86.8   0.0     6   192     2   199     1   199 0.98 -
d1v59a2c.3.1.5       -            122 d1onfa2c.3.1.5.aln   -            192   9.7e-11   37.6   0.2   1   1   4.8e-12   1.2e-10   37.3   0.2    11   148     6   104     2   121 0.84 -
d1aoga2c.3.1.5       -            117 d1onfa2c.3.1.5.aln   -            192   2.7e-09   32.9   0.0   1   1   1.1e-10   2.8e-09   32.9   0.0     9   128     1    97     1   117 0.84 -
d1nhpa2c.3.1.5       -            123 d1onfa2c.3.1.5.aln   -            192   2.9e-09   32.8   0.3   1   1   1.3e-10   3.3e-09   32.6   0.3    27   127    29   104     8   122 0.88 -
d1mo9a2c.3.1.5       -            121 d1onfa2c.3.1.5.aln   -            192   3.8e-09   32.4   0.1   1   1   1.6e-10     4e-09   32.3   0.1    18   174    11   118     2   121 0.81 -
d1m6ia2c.3.1.5       -            137 d1onfa2c.3.1.5.aln   -            192     4e-08   29.1   0.0   1   1   2.1e-09   5.3e-08   28.7   0.0     4   127    13   115    10   136 0.87 -
d2gmha1c.3.1.2       -            381 d1onfa2c.3.1.5.aln   -            192   1.4e-06   24.1   0.1   1   2   1.7e-05   0.00042   16.0   0.1     3    29    31    57    30    84 0.87 -
d2gmha1c.3.1.2       -            381 d1onfa2c.3.1.5.aln   -            192   1.4e-06   24.1   0.1   2   2     0.039      0.97    5.0   0.0    96   186   142   282   137   288 0.67 -
d1h6va2c.3.1.5       -            122 d1onfa2c.3.1.5.aln   -            192   1.5e-06   23.9   0.0   1   1   8.6e-08   2.1e-06   23.4   0.0    14   155     6   108     3   122 0.86 -
d1vdca2c.3.1.5       -            130 d1onfa2c.3.1.5.aln   -            192   1.7e-06   23.8   0.0   1   1   8.6e-08   2.1e-06   23.4   0.0    10   102    16    83    12   123 0.82 -
d1kdga1c.3.1.2       -            361 d1onfa2c.3.1.5.aln   -            192   4.3e-06   22.4   0.2   1   1   3.9e-07   9.5e-06   21.3   0.2     4    49     2    44     1    57 0.82 -
d2gf3a1c.3.1.2       -            282 d1onfa2c.3.1.5.aln   -            192   7.6e-06   21.6   0.0   1   1     5e-07   1.2e-05   21.0   0.0     3    36     2    35     1   125 0.81 -
d1ryia1c.3.1.2       -            277 d1onfa2c.3.1.5.aln   -            192   0.00026   16.7   0.3   1   2   3.2e-05    0.0008   15.1   0.3     3    36     3    36     2    55 0.87 -
d1ryia1c.3.1.2       -            277 d1onfa2c.3.1.5.aln   -            192   0.00026   16.7   0.3   2   2       6.8   1.7e+02   -2.3   0.0    50    67   255   272   251   273 0.80 -
d1fl2a2c.3.1.5       -            126 d1onfa2c.3.1.5.aln   -            192    0.0011   14.5   0.1   1   1   6.1e-05    0.0015   14.2   0.1    26   102    28    79    26   124 0.74 -
d1pl8a2c.2.1.1       -            171 d1onfa2c.3.1.5.aln   -            192    0.0012   14.5   0.3   1   1     8e-05     0.002   13.8   0.2     5    35    28    58    25    67 0.91 -
d2dw4a2c.3.1.2       -            450 d1onfa2c.3.1.5.aln   -            192    0.0013   14.3   0.2   1   1   0.00013    0.0031   13.1   0.2     5    38     6    39     3    60 0.87 -
d1fcda2c.3.1.5       -            141 d1onfa2c.3.1.5.aln   -            192    0.0014   14.3   0.0   1   1   6.8e-05    0.0017   14.0   0.0     6   128    10   108     5   136 0.87 -
d1vl6a1c.2.1.7       -            222 d1onfa2c.3.1.5.aln   -            192    0.0015   14.1   0.0   1   1   0.00012    0.0029   13.2   0.0     4    45    26    72    24    77 0.90 -
d1kola2c.2.1.1       -            195 d1onfa2c.3.1.5.aln   -            192    0.0016   14.1   1.1   1   1   0.00011    0.0027   13.3   1.1     7    33    29    55    25    75 0.89 -
d1seza1c.3.1.2       -            374 d1onfa2c.3.1.5.aln   -            192    0.0019   13.9   0.6   1   1   0.00016     0.004   12.8   0.6     6    41     3    35     1    48 0.87 -
d1xhca2c.3.1.5       -            122 d1onfa2c.3.1.5.aln   -            192    0.0022   13.6   0.1   1   1   0.00011    0.0027   13.3   0.1    25    85    29    62     8   115 0.56 -
d2iida1c.3.1.2       -            371 d1onfa2c.3.1.5.aln   -            192    0.0024   13.5   0.0   1   1   0.00019    0.0046   12.6   0.0     6    39    32    65    28   113 0.86 -
d1b5qa1c.3.1.2       -            348 d1onfa2c.3.1.5.aln   -            192    0.0033   13.0   0.1   1   1   0.00024    0.0058   12.2   0.1     7    39     3    43     2    56 0.80 -
d1vj0a2c.2.1.1       -            182 d1onfa2c.3.1.5.aln   -            192    0.0066   12.1   0.1   1   1   0.00035    0.0086   11.7   0.1     6    46    31    68    28   112 0.89 -
d2f5va1c.3.1.2       -            380 d1onfa2c.3.1.5.aln   -            192    0.0075   11.9   0.1   1   2   0.00089     0.022   10.4   0.1     4    34     4    34     2    50 0.87 -
d2f5va1c.3.1.2       -            380 d1onfa2c.3.1.5.aln   -            192    0.0075   11.9   0.1   2   2       6.5   1.6e+02   -2.2   0.0    76    97   217   249   193   258 0.66 -
#
# Program:         hmmsearch
# Version:         3.1b2 (February 2015)
# Pipeline mode:   SEARCH
# Query file:      hmmModels95/d1onfa2c.3.1.5.hmm
# Target file:     scop/scopTestSeq.fasta
# Option settings: hmmsearch --domtblout hmmModels95/d1onfa2c.3.1.5.out -E 1 hmmModels95/d1onfa2c.3.1.5.hmm scop/scopTestSeq.fasta 
# Current dir:     /users/nfs/Etu7/3801677/SBAS/TME8
# Date:            Tue Apr  4 15:53:56 2023
# [ok]
