#                                                                            --- full sequence --- -------------- this domain -------------   hmm coord   ali coord   env coord
# target name        accession   tlen query name           accession   qlen   E-value  score  bias   #  of  c-Evalue  i-Evalue  score  bias  from    to  from    to  from    to  acc description of target
#------------------- ---------- ----- -------------------- ---------- ----- --------- ------ ----- --- --- --------- --------- ------ ----- ----- ----- ----- ----- ----- ----- ---- ---------------------
d2pq8a_d.108.1.1     -            271 d1p0ha_d.108.1.1.aln -            173   3.4e-67  221.2   3.5   1   1   2.3e-68   4.3e-67  220.9   3.5     4   173     2   179     1   179 0.99 -
d2p0wa_d.108.1.1     -            319 d1p0ha_d.108.1.1.aln -            173   9.5e-53  174.2   1.8   1   1     8e-54   1.5e-52  173.6   1.8     2   173    12   226    11   226 0.99 -
d1boba_d.108.1.1     -            315 d1p0ha_d.108.1.1.aln -            173   1.3e-48  160.7   1.2   1   1   9.1e-50   1.7e-48  160.3   1.2     2   173    17   224    16   224 0.99 -
d1u6ma_d.108.1.1     -            189 d1p0ha_d.108.1.1.aln -            173   3.5e-29   97.5   0.0   1   1   2.7e-30   4.9e-29   97.0   0.0     5   165     3   187     2   189 0.98 -
d1yk3a1d.108.1.1     -            198 d1p0ha_d.108.1.1.aln -            173   8.9e-28   92.9   0.0   1   1   6.1e-29   1.1e-27   92.5   0.0     4   167     7   197     5   198 0.98 -
d2b5ga_d.108.1.1     -            168 d1p0ha_d.108.1.1.aln -            173   1.4e-25   85.7   0.7   1   1   9.2e-27   1.7e-25   85.5   0.7     4   168     4   166     2   168 0.96 -
d2gana1d.108.1.1     -            182 d1p0ha_d.108.1.1.aln -            173   3.9e-23   77.8   1.8   1   1   2.4e-24   4.4e-23   77.6   1.8     3   164     8   180     6   182 0.97 -
d2fcka1d.108.1.1     -            178 d1p0ha_d.108.1.1.aln -            173   1.9e-22   75.6   0.0   1   1   1.1e-23     2e-22   75.4   0.0     3   169    12   175    10   178 0.97 -
d1tiqa_d.108.1.1     -            173 d1p0ha_d.108.1.1.aln -            173   8.7e-21   70.1   0.1   1   1   5.7e-22     1e-20   69.8   0.1     3   159     2   159     1   171 0.94 -
d1z4ea1d.108.1.1     -            150 d1p0ha_d.108.1.1.aln -            173   2.2e-20   68.8   0.1   1   1   1.7e-21   3.1e-20   68.3   0.1     2   152     1   145     1   150 0.93 -
d1mk4a_d.108.1.1     -            157 d1p0ha_d.108.1.1.aln -            173   2.3e-20   68.7   0.0   1   1   1.4e-21   2.6e-20   68.6   0.0     2   152     1   131     1   147 0.94 -
d2ae6a1d.108.1.1     -            161 d1p0ha_d.108.1.1.aln -            173   2.9e-20   68.4   0.0   1   1   1.9e-21   3.4e-20   68.2   0.0     2   169     4   158     3   160 0.97 -
d1nsla_d.108.1.1     -            180 d1p0ha_d.108.1.1.aln -            173     1e-19   66.6   0.1   1   1   6.2e-21   1.1e-19   66.5   0.1     2   169    10   174     9   178 0.97 -
d1y9ka1d.108.1.1     -            152 d1p0ha_d.108.1.1.aln -            173   1.7e-19   65.9   0.1   1   1   1.1e-20     2e-19   65.7   0.1    84   166    55   136    29   143 0.91 -
d2euia1d.108.1.1     -            153 d1p0ha_d.108.1.1.aln -            173   1.9e-19   65.8   0.1   1   1   1.2e-20   2.3e-19   65.5   0.1     3   156     1   145     1   150 0.96 -
d1qsma_d.108.1.1     -            150 d1p0ha_d.108.1.1.aln -            173   4.4e-19   64.6   0.2   1   1   2.7e-20     5e-19   64.4   0.2     3   154     3   146     1   150 0.96 -
d1wwza1d.108.1.1     -            157 d1p0ha_d.108.1.1.aln -            173   6.9e-19   63.9   2.4   1   1   4.5e-20   8.2e-19   63.7   2.4     3   159     4   154     2   157 0.82 -
d1ufha_d.108.1.1     -            155 d1p0ha_d.108.1.1.aln -            173   1.6e-18   62.8   0.2   1   1   9.1e-20   1.7e-18   62.7   0.2     5   156     4   154     1   155 0.93 -
d1i12a_d.108.1.1     -            157 d1p0ha_d.108.1.1.aln -            173   8.2e-18   60.4   0.0   1   1   6.4e-19   1.2e-17   59.9   0.0     4   153     6   153     4   157 0.91 -
d2cy2a1d.108.1.1     -            174 d1p0ha_d.108.1.1.aln -            173   2.4e-17   58.9   0.0   1   1   1.6e-18     3e-17   58.6   0.0     3   164     1   163     1   168 0.96 -
d1y9wa1d.108.1.1     -            140 d1p0ha_d.108.1.1.aln -            173   9.3e-17   57.0   0.7   1   1   5.1e-18   9.4e-17   57.0   0.7    77   166    52   138    15   140 0.92 -
d1z4ra1d.108.1.1     -            162 d1p0ha_d.108.1.1.aln -            173     1e-16   56.9   0.2   1   1   5.7e-18   1.1e-16   56.8   0.2     5   160     9   159     5   162 0.93 -
d2fl4a1d.108.1.1     -            146 d1p0ha_d.108.1.1.aln -            173   1.6e-16   56.2   0.3   1   1   9.8e-18   1.8e-16   56.1   0.3     2   164     2   145     1   146 0.94 -
d1yx0a1d.108.1.1     -            151 d1p0ha_d.108.1.1.aln -            173   8.5e-15   50.6   0.0   1   1   5.1e-16   9.4e-15   50.5   0.0    29   158    27   141    11   151 0.91 -
d1vkca_d.108.1.1     -            149 d1p0ha_d.108.1.1.aln -            173   1.5e-14   49.8   0.8   1   1     1e-15   1.9e-14   49.5   0.8    16   148    17   140     2   148 0.81 -
d2fiaa1d.108.1.1     -            157 d1p0ha_d.108.1.1.aln -            173   2.2e-14   49.3   1.3   1   1   3.3e-15     6e-14   47.8   1.3     5   166     3   152     1   156 0.76 -
d1bo4a_d.108.1.1     -            137 d1p0ha_d.108.1.1.aln -            173   2.1e-13   46.1   0.0   1   1   1.2e-14   2.3e-13   46.0   0.0     6   145     6   137     2   137 0.95 -
d1ghea_d.108.1.1     -            170 d1p0ha_d.108.1.1.aln -            173   8.9e-13   44.0   0.0   1   1     6e-14   1.1e-12   43.7   0.0    68   156    67   153     2   166 0.78 -
d2fiwa1d.108.1.1     -            156 d1p0ha_d.108.1.1.aln -            173   9.6e-13   43.9   0.0   1   1   6.8e-14   1.2e-12   43.6   0.0     5   148     6   134     4   149 0.95 -
d1cjwa_d.108.1.1     -            166 d1p0ha_d.108.1.1.aln -            173     1e-12   43.8   0.0   1   1     8e-14   1.5e-12   43.3   0.0     5   158     8   156     6   164 0.93 -
d1m4ia_d.108.1.1     -            181 d1p0ha_d.108.1.1.aln -            173   1.7e-12   43.2   0.0   1   1   1.2e-13   2.2e-12   42.8   0.0     2   145     2   130     1   131 0.95 -
d1xeba_d.108.1.1     -            149 d1p0ha_d.108.1.1.aln -            173   5.2e-12   41.5   0.3   1   1   3.4e-13   6.3e-12   41.3   0.3    13   157    14   140     4   146 0.89 -
d2g3aa1d.108.1.1     -            137 d1p0ha_d.108.1.1.aln -            173   1.3e-11   40.3   0.0   1   1   9.1e-13   1.7e-11   39.9   0.0    86   150    58   119    39   123 0.92 -
d2jdca1d.108.1.1     -            145 d1p0ha_d.108.1.1.aln -            173   2.7e-11   39.2   0.1   1   1   1.6e-12   2.9e-11   39.1   0.1    80   161    60   137     1   144 0.77 -
d1y7ra1d.108.1.1     -            133 d1p0ha_d.108.1.1.aln -            173   3.1e-10   35.8   0.0   1   1     2e-11   3.7e-10   35.5   0.0    84   159    59   132    46   133 0.92 -
d1n71a_d.108.1.1     -            180 d1p0ha_d.108.1.1.aln -            173   4.4e-10   35.3   0.0   1   1   3.3e-11   6.1e-10   34.8   0.0     4   171     2   177     1   179 0.93 -
d2atra1d.108.1.1     -            137 d1p0ha_d.108.1.1.aln -            173   4.6e-10   35.2   0.0   1   1   2.9e-11   5.3e-10   35.0   0.0     3   157     2   131     1   137 0.91 -
d2aj6a1d.108.1.1     -            118 d1p0ha_d.108.1.1.aln -            173   6.1e-09   31.5   0.0   1   1   3.8e-10     7e-09   31.3   0.0     3   125     2   115     1   117 0.95 -
d1q2ya_d.108.1.1     -            140 d1p0ha_d.108.1.1.aln -            173   9.2e-09   31.0   0.1   1   1   6.2e-10   1.1e-08   30.7   0.1    88   154    65   127     9   139 0.84 -
d1r57a_d.108.1.1     -            102 d1p0ha_d.108.1.1.aln -            173   3.3e-08   29.1   0.0   1   1     2e-09   3.6e-08   29.0   0.0    87   133    34    83    14   100 0.87 -
d1xmta_d.108.1.1     -             95 d1p0ha_d.108.1.1.aln -            173   1.7e-06   23.6   0.0   1   1   1.2e-07   2.1e-06   23.3   0.0    80   130    24    74     4    90 0.86 -
d1p0ha_d.108.1.1     -            308 d1p0ha_d.108.1.1.aln -            173    0.0066   11.9   0.0   1   2      0.28       5.1    2.5   0.0    79   108   221   250   193   253 0.81 -
d1p0ha_d.108.1.1     -            308 d1p0ha_d.108.1.1.aln -            173    0.0066   11.9   0.0   2   2     0.015      0.27    6.7   0.0   125   153   277   304   274   308 0.81 -
d2d4pa1d.108.1.1     -            130 d1p0ha_d.108.1.1.aln -            173    0.0067   11.9   0.0   1   1   0.00077     0.014   10.8   0.0     3    62     1    60     1   115 0.95 -
#
# Program:         hmmsearch
# Version:         3.1b2 (February 2015)
# Pipeline mode:   SEARCH
# Query file:      hmmModels95/d1p0ha_d.108.1.1.hmm
# Target file:     scop/scopTestSeq.fasta
# Option settings: hmmsearch --domtblout hmmModels95/d1p0ha_d.108.1.1.out -E 1 hmmModels95/d1p0ha_d.108.1.1.hmm scop/scopTestSeq.fasta 
# Current dir:     /users/nfs/Etu7/3801677/SBAS/TME8
# Date:            Tue Apr  4 15:53:56 2023
# [ok]
