#                                                                            --- full sequence --- -------------- this domain -------------   hmm coord   ali coord   env coord
# target name        accession   tlen query name           accession   qlen   E-value  score  bias   #  of  c-Evalue  i-Evalue  score  bias  from    to  from    to  from    to  acc description of target
#------------------- ---------- ----- -------------------- ---------- ----- --------- ------ ----- --- --- --------- --------- ------ ----- ----- ----- ----- ----- ----- ----- ---- ---------------------
d1fsga_c.61.1.1      -            233 d1p4aa2c.61.1.1.aln  -            206     2e-74  244.9   0.1   1   1     4e-76   2.3e-74  244.7   0.1     1   205    35   230    35   231 0.99 -
d1tc1a_c.61.1.1      -            184 d1p4aa2c.61.1.1.aln  -            206   4.4e-56  185.0   1.1   1   1   8.5e-58   4.8e-56  184.9   1.1     7   200     1   183     1   184 0.99 -
d1qb7a_c.61.1.1      -            236 d1p4aa2c.61.1.1.aln  -            206   1.5e-53  176.8   0.0   1   1   2.9e-55   1.7e-53  176.6   0.0     2   204     9   205     7   207 0.98 -
d1xtta1c.61.1.1      -            215 d1p4aa2c.61.1.1.aln  -            206   6.7e-49  161.5   2.5   1   1   1.4e-50   7.7e-49  161.3   2.5     2   204     9   215     8   215 0.99 -
d1ecfa1c.61.1.1      -            243 d1p4aa2c.61.1.1.aln  -            206   5.5e-47  155.3   0.2   1   1   1.1e-48   6.3e-47  155.1   0.2     1   204     7   213     7   215 0.99 -
d1dqna_c.61.1.1      -            230 d1p4aa2c.61.1.1.aln  -            206   2.2e-43  143.5   0.1   1   1   4.5e-45   2.5e-43  143.3   0.1     4   205     2   208     1   209 0.98 -
d1a3ca_c.61.1.1      -            178 d1p4aa2c.61.1.1.aln  -            206   1.1e-31  105.4   2.0   1   1   2.1e-33   1.2e-31  105.2   2.0     4   183     3   177     1   178 0.96 -
d1y0ba1c.61.1.1      -            191 d1p4aa2c.61.1.1.aln  -            206   1.8e-25   85.0   0.1   1   1   3.5e-27   1.9e-25   84.9   0.1    15   202     3   189     1   191 0.96 -
d2aeea1c.61.1.1      -            208 d1p4aa2c.61.1.1.aln  -            206   2.3e-25   84.7   0.0   1   1   4.3e-27   2.4e-25   84.6   0.0    10   200    10   200     1   206 0.92 -
d1vdma1c.61.1.1      -            153 d1p4aa2c.61.1.1.aln  -            206   3.5e-25   84.1   1.9   1   1   2.8e-26   1.6e-24   81.9   1.9    10   187     1   151     1   153 0.91 -
d1wd5a_c.61.1.1      -            208 d1p4aa2c.61.1.1.aln  -            206   4.4e-24   80.5   2.5   1   1   8.5e-26   4.8e-24   80.4   2.5     4   202     7   206     3   208 0.96 -
d1nula_c.61.1.1      -            150 d1p4aa2c.61.1.1.aln  -            206   1.8e-16   55.6   0.0   1   1   1.3e-17   7.4e-16   53.6   0.0    11   176     1   139     1   147 0.89 -
d1vcha1c.61.1.1      -            174 d1p4aa2c.61.1.1.aln  -            206   1.1e-15   53.0   0.5   1   1   2.1e-17   1.2e-15   52.9   0.5    12   180     2   169     1   174 0.92 -
d1p4aa2c.61.1.1      -            202 d1p4aa2c.61.1.1.aln  -            206   9.1e-07   23.9   0.1   1   1   3.4e-08   1.9e-06   22.9   0.1    34   154    29   160    22   171 0.92 -
#
# Program:         hmmsearch
# Version:         3.1b2 (February 2015)
# Pipeline mode:   SEARCH
# Query file:      hmmModels95/d1p4aa2c.61.1.1.hmm
# Target file:     scop/scopTestSeq.fasta
# Option settings: hmmsearch --domtblout hmmModels95/d1p4aa2c.61.1.1.out -E 1 hmmModels95/d1p4aa2c.61.1.1.hmm scop/scopTestSeq.fasta 
# Current dir:     /users/nfs/Etu7/3801677/SBAS/TME8
# Date:            Tue Apr  4 15:53:56 2023
# [ok]
