#                                                                            --- full sequence --- -------------- this domain -------------   hmm coord   ali coord   env coord
# target name        accession   tlen query name           accession   qlen   E-value  score  bias   #  of  c-Evalue  i-Evalue  score  bias  from    to  from    to  from    to  acc description of target
#------------------- ---------- ----- -------------------- ---------- ----- --------- ------ ----- --- --- --------- --------- ------ ----- ----- ----- ----- ----- ----- ----- ---- ---------------------
d2fbka1a.4.5.28      -            172 d1p4xa1a.4.5.28.aln  -            142   1.1e-56  186.2   0.1   1   1   3.3e-58   1.3e-56  185.9   0.1     1   142    29   172    29   172 0.99 -
d2fxaa1a.4.5.28      -            162 d1p4xa1a.4.5.28.aln  -            142   1.2e-52  173.1   0.0   1   1   3.4e-54   1.3e-52  172.9   0.0     2   142     9   148     8   148 0.99 -
d1lj9a_a.4.5.28      -            144 d1p4xa1a.4.5.28.aln  -            142   3.3e-40  132.7   1.1   1   1   9.2e-42   3.6e-40  132.6   1.1     7   141     2   135     1   136 0.98 -
d2fbia1a.4.5.28      -            136 d1p4xa1a.4.5.28.aln  -            142     4e-39  129.2   0.7   1   1   1.1e-40   4.3e-39  129.1   0.7     8   138     4   133     1   136 0.96 -
d2a61a1a.4.5.28      -            139 d1p4xa1a.4.5.28.aln  -            142   5.2e-38  125.6   0.0   1   1   1.5e-39   5.8e-38  125.4   0.0     6   142     2   137     1   137 0.98 -
d2etha1a.4.5.28      -            140 d1p4xa1a.4.5.28.aln  -            142   7.4e-38  125.1   0.0   1   1   2.1e-39   8.1e-38  125.0   0.0     4   142     2   139     1   139 0.98 -
d2fbha1a.4.5.28      -            137 d1p4xa1a.4.5.28.aln  -            142   8.6e-38  124.9   0.4   1   1   2.4e-39   9.5e-38  124.7   0.4     8   141     2   135     1   136 0.98 -
d1s3ja_a.4.5.28      -            143 d1p4xa1a.4.5.28.aln  -            142   9.1e-37  121.6   4.3   1   1   2.5e-38   9.9e-37  121.4   4.3     4   141     5   141     2   142 0.97 -
d3echa_a.4.5.28      -            142 d1p4xa1a.4.5.28.aln  -            142   6.3e-36  118.8   0.1   1   1   1.7e-37   6.8e-36  118.7   0.1     2   139     5   141     4   142 0.97 -
d1jgsa_a.4.5.28      -            138 d1p4xa1a.4.5.28.aln  -            142     8e-36  118.5   0.0   1   1   2.2e-37   8.6e-36  118.4   0.0     3   136     3   135     1   138 0.95 -
d3broa1a.4.5.28      -            135 d1p4xa1a.4.5.28.aln  -            142   6.3e-35  115.6   5.5   1   1   1.7e-36   6.9e-35  115.5   5.5     7   138     2   134     1   135 0.99 -
d2hr3a1a.4.5.28      -            145 d1p4xa1a.4.5.28.aln  -            142   1.8e-33  110.8   0.2   1   1   5.1e-35     2e-33  110.7   0.2     1   142     1   142     1   142 0.98 -
d1p4xa2a.4.5.28      -            125 d1p4xa1a.4.5.28.aln  -            142   6.2e-30   99.4   3.0   1   1   1.7e-31   6.6e-30   99.3   3.0     2   121     2   121     1   125 0.96 -
d1hsja1a.4.5.28      -            115 d1p4xa1a.4.5.28.aln  -            142   1.1e-29   98.5   3.0   1   1   3.1e-31   1.2e-29   98.4   3.0     5   115     3   114     1   115 0.95 -
d3jw4a_a.4.5.0       -            137 d1p4xa1a.4.5.28.aln  -            142   3.8e-24   80.7   0.1   1   1   1.1e-25   4.3e-24   80.5   0.1    11   135     7   132     2   137 0.95 -
d3bjaa_a.4.5.0       -            139 d1p4xa1a.4.5.28.aln  -            142   4.3e-23   77.2   0.1   1   1   1.2e-24   4.9e-23   77.0   0.1    19   140    18   138     5   139 0.95 -
d1ub9a_a.4.5.28      -            100 d1p4xa1a.4.5.28.aln  -            142     7e-20   66.8   0.0   1   1   1.9e-21   7.4e-20   66.7   0.0    19   116     1    97     1   100 0.97 -
d1p4xa1a.4.5.28      -            125 d1p4xa1a.4.5.28.aln  -            142   2.1e-17   58.8   0.9   1   1   5.7e-19   2.2e-17   58.7   0.9    17   117    17   118     6   125 0.94 -
d3ctaa1a.4.5.28      -             85 d1p4xa1a.4.5.28.aln  -            142   9.8e-15   50.1   0.3   1   1   2.6e-16     1e-14   50.1   0.3    33   114    10    83     1    85 0.84 -
d3df8a_a.4.5.0       -            109 d1p4xa1a.4.5.28.aln  -            142    0.0031   12.9   0.1   1   1   0.00012    0.0047   12.3   0.1    60   109    54    99    31   105 0.88 -
#
# Program:         hmmsearch
# Version:         3.1b2 (February 2015)
# Pipeline mode:   SEARCH
# Query file:      hmmModels95/d1p4xa1a.4.5.28.hmm
# Target file:     scop/scopTestSeq.fasta
# Option settings: hmmsearch --domtblout hmmModels95/d1p4xa1a.4.5.28.out -E 1 hmmModels95/d1p4xa1a.4.5.28.hmm scop/scopTestSeq.fasta 
# Current dir:     /users/nfs/Etu7/3801677/SBAS/TME8
# Date:            Tue Apr  4 15:53:57 2023
# [ok]
