#                                                                            --- full sequence --- -------------- this domain -------------   hmm coord   ali coord   env coord
# target name        accession   tlen query name           accession   qlen   E-value  score  bias   #  of  c-Evalue  i-Evalue  score  bias  from    to  from    to  from    to  acc description of target
#------------------- ---------- ----- -------------------- ---------- ----- --------- ------ ----- --- --- --------- --------- ------ ----- ----- ----- ----- ----- ----- ----- ---- ---------------------
d1jeta_c.94.1.1      -            517 d1pb7a_c.94.1.1.aln  -            364  1.9e-132  437.6  19.1   1   1  5.3e-134  2.3e-132  437.3  19.1     1   364    87   507    87   507 1.00 -
d3vlva_c.94.1.1      -            490 d1pb7a_c.94.1.1.aln  -            364  1.8e-131  434.3  13.6   1   1  5.1e-133  2.3e-131  434.0  13.6     1   364    17   411    17   411 1.00 -
d1vr5a1c.94.1.1      -            535 d1pb7a_c.94.1.1.aln  -            364   6.6e-89  294.4  16.0   1   1   2.1e-90   9.1e-89  294.0  16.0     1   364    80   487    80   487 1.00 -
d2nooa_c.94.1.1      -            496 d1pb7a_c.94.1.1.aln  -            364   9.5e-62  205.1   0.8   1   2       6.3   2.8e+02   -3.6   0.0   186   218     7    62     2    66 0.64 -
d2nooa_c.94.1.1      -            496 d1pb7a_c.94.1.1.aln  -            364   9.5e-62  205.1   0.8   2   2   2.6e-63   1.1e-61  204.9   0.4     3   364    80   464    78   464 0.96 -
d1xoca1c.94.1.1      -            504 d1pb7a_c.94.1.1.aln  -            364   4.9e-61  202.8  23.8   1   1   1.4e-62     6e-61  202.5  23.8     1   363    81   469    81   470 1.00 -
d1uqwa_c.94.1.1      -            487 d1pb7a_c.94.1.1.aln  -            364   7.1e-56  185.8  16.5   1   1     2e-57   8.6e-56  185.5  16.5     2   364    79   455    78   455 0.99 -
d1eu8a_c.94.1.1      -            407 d1pb7a_c.94.1.1.aln  -            364   1.7e-36  122.1  10.5   1   1   5.2e-38   2.3e-36  121.7  10.5    13   360    19   381    12   384 0.97 -
d1ursa_c.94.1.1      -            367 d1pb7a_c.94.1.1.aln  -            364   4.9e-35  117.3  11.5   1   1   1.3e-36   5.9e-35  117.0  11.5     8   362     8   348     4   350 0.97 -
d1q35a_c.94.1.1      -            318 d1pb7a_c.94.1.1.aln  -            364   1.3e-29   99.5   3.9   1   1   3.6e-31   1.6e-29   99.2   3.9     6   353     2   313     1   317 0.96 -
d1nnfa_c.94.1.1      -            308 d1pb7a_c.94.1.1.aln  -            364   1.1e-27   93.2  10.3   1   1   2.9e-29   1.3e-27   92.9  10.3     8   344     2   300     1   307 0.93 -
d1ixha_c.94.1.1      -            321 d1pb7a_c.94.1.1.aln  -            364   1.7e-23   79.4  15.8   1   1   4.7e-25     2e-23   79.1  15.8     3   362     3   311     1   313 0.95 -
d3thia_c.94.1.1      -            362 d1pb7a_c.94.1.1.aln  -            364   8.1e-23   77.1   0.8   1   1   2.3e-24     1e-22   76.8   0.8    11   361    13   357     6   359 0.97 -
d1r9la_c.94.1.1      -            309 d1pb7a_c.94.1.1.aln  -            364   1.1e-11   40.5  12.7   1   1     3e-13   1.3e-11   40.3  12.7     7   358     6   308     2   309 0.93 -
d1sbpa_c.94.1.1      -            309 d1pb7a_c.94.1.1.aln  -            364   2.3e-09   32.9  11.1   1   1   1.1e-10     5e-09   31.8  11.1     7   350     8   306     4   309 0.94 -
d2czla1c.94.1.1      -            270 d1pb7a_c.94.1.1.aln  -            364   1.6e-06   23.5   0.0   1   1   4.6e-08     2e-06   23.2   0.0    17   325     7   264     2   267 0.94 -
d2i6ea1c.94.1.1      -            272 d1pb7a_c.94.1.1.aln  -            364     1e-05   20.9   0.0   1   1   2.9e-07   1.3e-05   20.6   0.0    12   262     5   210     1   241 0.89 -
d1sw5a_c.94.1.1      -            270 d1pb7a_c.94.1.1.aln  -            364   1.8e-05   20.1   3.9   1   1   1.4e-06     6e-05   18.4   3.9     7   324     4   266     2   270 0.93 -
d1twya_c.94.1.1      -            249 d1pb7a_c.94.1.1.aln  -            364   0.00033   15.9   0.1   1   1   7.8e-06   0.00034   15.9   0.1    18   261    17   205     5   249 0.72 -
#
# Program:         hmmsearch
# Version:         3.1b2 (February 2015)
# Pipeline mode:   SEARCH
# Query file:      hmmModels95/d1pb7a_c.94.1.1.hmm
# Target file:     scop/scopTestSeq.fasta
# Option settings: hmmsearch --domtblout hmmModels95/d1pb7a_c.94.1.1.out -E 1 hmmModels95/d1pb7a_c.94.1.1.hmm scop/scopTestSeq.fasta 
# Current dir:     /users/nfs/Etu7/3801677/SBAS/TME8
# Date:            Tue Apr  4 15:53:57 2023
# [ok]
