#                                                                            --- full sequence --- -------------- this domain -------------   hmm coord   ali coord   env coord
# target name        accession   tlen query name           accession   qlen   E-value  score  bias   #  of  c-Evalue  i-Evalue  score  bias  from    to  from    to  from    to  acc description of target
#------------------- ---------- ----- -------------------- ---------- ----- --------- ------ ----- --- --- --------- --------- ------ ----- ----- ----- ----- ----- ----- ----- ---- ---------------------
d2v8qe2d.37.1.1      -            159 d1pbja3d.37.1.1.aln  -            141   5.3e-38  125.5   0.0   1   1   2.7e-39   1.2e-37  124.3   0.0     1   138    12   159    12   159 0.99 -
d2j9la1d.37.1.1      -            169 d1pbja3d.37.1.1.aln  -            141   4.5e-37  122.5   1.1   1   1   1.6e-38     7e-37  121.8   1.1     1   140     6   163     6   164 0.99 -
d2nyca1d.37.1.1      -            140 d1pbja3d.37.1.1.aln  -            141   4.4e-36  119.3   0.4   1   1   1.1e-37   4.7e-36  119.1   0.4     4   133     9   138     6   140 0.98 -
d1o50a3d.37.1.1      -            145 d1pbja3d.37.1.1.aln  -            141   4.6e-32  106.2   2.4   1   1   1.2e-33   5.1e-32  106.1   2.4     1   137     1   144     1   145 0.99 -
d1pvma4d.37.1.1      -            142 d1pbja3d.37.1.1.aln  -            141   2.4e-29   97.4   0.9   1   1     6e-31   2.6e-29   97.3   0.9     8   140     1   133     1   134 0.98 -
d2d4za3d.37.1.1      -            161 d1pbja3d.37.1.1.aln  -            141   1.6e-28   94.8   0.0   1   1     4e-30   1.8e-28   94.6   0.0     1   140     8   158     8   159 0.98 -
d2yzqa1d.37.1.1      -            156 d1pbja3d.37.1.1.aln  -            141     3e-28   93.9   0.1   1   1   1.1e-29   4.6e-28   93.3   0.1     2   139     2   140     1   142 0.98 -
d2yzqa2d.37.1.1      -            122 d1pbja3d.37.1.1.aln  -            141   1.8e-26   88.1   1.1   1   2   2.9e-10   1.3e-08   30.2   0.0    79   129     4    54     2    56 0.95 -
d2yzqa2d.37.1.1      -            122 d1pbja3d.37.1.1.aln  -            141   1.8e-26   88.1   1.1   2   2   1.1e-18   4.8e-17   57.6   0.3    72   137    56   121    54   122 0.94 -
d3ddja2d.37.1.1      -            135 d1pbja3d.37.1.1.aln  -            141     6e-25   83.2   0.2   1   1   1.5e-26   6.5e-25   83.1   0.2     4   134     1   132     1   135 0.97 -
d2ouxa2d.37.1.1      -            127 d1pbja3d.37.1.1.aln  -            141   1.5e-24   81.9   5.5   1   1   3.6e-26   1.6e-24   81.8   5.5    16   136     5   125     1   127 0.97 -
d1zfja4d.37.1.1      -            126 d1pbja3d.37.1.1.aln  -            141   1.6e-23   78.6   0.2   1   1   4.7e-25   2.1e-23   78.2   0.2    10   136     3   120     1   125 0.92 -
d1vr9a3d.37.1.1      -            121 d1pbja3d.37.1.1.aln  -            141   3.5e-23   77.5   0.1   1   1   8.6e-25   3.8e-23   77.3   0.1    18   136     2   120     1   121 0.98 -
d1y5ha3d.37.1.1      -            123 d1pbja3d.37.1.1.aln  -            141   3.8e-23   77.3   0.0   1   1   1.5e-24   6.4e-23   76.6   0.0    11   132     2   122     1   123 0.98 -
d3ddja1d.37.1.1      -            141 d1pbja3d.37.1.1.aln  -            141   6.3e-23   76.6   5.7   1   1   1.5e-24   6.8e-23   76.5   5.7     5   137     3   134     1   138 0.96 -
d2yzia1d.37.1.1      -            132 d1pbja3d.37.1.1.aln  -            141   1.3e-22   75.6   1.3   1   1   3.1e-24   1.4e-22   75.5   1.3     7   138     2   131     1   132 0.94 -
d2rc3a1d.37.1.1      -            127 d1pbja3d.37.1.1.aln  -            141   1.9e-19   65.3   1.4   1   1   1.2e-20   5.3e-19   63.9   1.4    17   132    12   125     1   127 0.92 -
d2riha_d.37.1.1      -            131 d1pbja3d.37.1.1.aln  -            141   1.1e-16   56.4   1.3   1   2   2.6e-05    0.0012   14.2   0.1    82   136     7    63     2    66 0.78 -
d2riha_d.37.1.1      -            131 d1pbja3d.37.1.1.aln  -            141   1.1e-16   56.4   1.3   2   2   4.7e-14     2e-12   42.5   0.2    71   137    62   127    60   131 0.88 -
d1pbja3d.37.1.1      -            120 d1pbja3d.37.1.1.aln  -            141   2.6e-11   38.9   2.3   1   2   3.3e-06   0.00015   17.1   0.1    92   134    16    57     2    63 0.86 -
d1pbja3d.37.1.1      -            120 d1pbja3d.37.1.1.aln  -            141   2.6e-11   38.9   2.3   2   2   6.5e-08   2.9e-06   22.6   0.3    74   131    62   118    56   118 0.88 -
#
# Program:         hmmsearch
# Version:         3.1b2 (February 2015)
# Pipeline mode:   SEARCH
# Query file:      hmmModels95/d1pbja3d.37.1.1.hmm
# Target file:     scop/scopTestSeq.fasta
# Option settings: hmmsearch --domtblout hmmModels95/d1pbja3d.37.1.1.out -E 1 hmmModels95/d1pbja3d.37.1.1.hmm scop/scopTestSeq.fasta 
# Current dir:     /users/nfs/Etu7/3801677/SBAS/TME8
# Date:            Tue Apr  4 15:53:57 2023
# [ok]
