#                                                                            --- full sequence --- -------------- this domain -------------   hmm coord   ali coord   env coord
# target name        accession   tlen query name           accession   qlen   E-value  score  bias   #  of  c-Evalue  i-Evalue  score  bias  from    to  from    to  from    to  acc description of target
#------------------- ---------- ----- -------------------- ---------- ----- --------- ------ ----- --- --- --------- --------- ------ ----- ----- ----- ----- ----- ----- ----- ---- ---------------------
d2jhfa2c.2.1.1       -            176 d1piwa2c.2.1.1.aln   -            177   8.5e-60  196.8   1.3   1   1   1.8e-61   9.4e-60  196.7   1.3     2   177     2   176     1   176 0.99 -
d1kola2c.2.1.1       -            195 d1piwa2c.2.1.1.aln   -            177   9.2e-53  173.9   3.5   1   1     2e-54     1e-52  173.8   3.5     4   176     2   178     1   179 0.98 -
d1vj0a2c.2.1.1       -            182 d1piwa2c.2.1.1.aln   -            177   6.9e-47  154.8   0.0   1   1   1.4e-48   7.5e-47  154.7   0.0     3   175     3   175     1   177 0.97 -
d1jqba2c.2.1.1       -            174 d1piwa2c.2.1.1.aln   -            177     1e-45  151.0   4.2   1   1   2.2e-47   1.1e-45  150.8   4.2     2   174     2   170     1   173 0.97 -
d1o89a2c.2.1.1       -            177 d1piwa2c.2.1.1.aln   -            177   2.5e-43  143.2   1.3   1   1   5.2e-45   2.7e-43  143.1   1.3     2   174     6   171     5   174 0.96 -
d2dm6a2c.2.1.1       -            182 d1piwa2c.2.1.1.aln   -            177   3.6e-42  139.4   0.1   1   1   7.6e-44     4e-42  139.3   0.1     2   177     4   178     3   178 0.96 -
d1h2ba2c.2.1.1       -            172 d1piwa2c.2.1.1.aln   -            177   3.7e-42  139.4   1.9   1   1   7.7e-44     4e-42  139.3   1.9     2   173     5   171     4   172 0.96 -
d1pl8a2c.2.1.1       -            171 d1piwa2c.2.1.1.aln   -            177     7e-42  138.5   5.4   1   1   1.4e-43   7.6e-42  138.4   5.4     4   173     3   168     1   171 0.93 -
d1gu7a2c.2.1.1       -            189 d1piwa2c.2.1.1.aln   -            177   8.4e-41  135.0   0.0   1   1   1.8e-42   9.3e-41  134.8   0.0     2   175     2   181     1   183 0.96 -
d1yb5a2c.2.1.1       -            174 d1piwa2c.2.1.1.aln   -            177   1.1e-40  134.5   2.0   1   1   2.4e-42   1.3e-40  134.4   2.0     2   175     2   171     1   173 0.93 -
d1qora2c.2.1.1       -            179 d1piwa2c.2.1.1.aln   -            177   1.3e-40  134.4   0.1   1   1   2.9e-42   1.5e-40  134.1   0.1     2   173     2   175     1   178 0.97 -
d1pqwa_c.2.1.1       -            183 d1piwa2c.2.1.1.aln   -            177   9.6e-39  128.3   0.5   1   1     2e-40   1.1e-38  128.1   0.5     4   176     1   175     1   176 0.95 -
d1piwa2c.2.1.1       -            168 d1piwa2c.2.1.1.aln   -            177   2.1e-20   68.5   0.0   1   1   4.8e-22   2.5e-20   68.3   0.0     4   173     4   165     1   168 0.86 -
d1k0ia1c.3.1.2       -            293 d1piwa2c.2.1.1.aln   -            177   0.00027   16.1   0.0   1   2   0.00029     0.015   10.4   0.0    30    57     3    30     1    37 0.93 -
d1k0ia1c.3.1.2       -            293 d1piwa2c.2.1.1.aln   -            177   0.00027   16.1   0.0   2   2      0.04       2.1    3.4   0.0    50    89    91   133    88   196 0.82 -
d1c1da1c.2.1.7       -            201 d1piwa2c.2.1.1.aln   -            177    0.0004   15.5   6.5   1   2   7.6e-06    0.0004   15.5   6.5    29    77    27    74     5    82 0.88 -
d1c1da1c.2.1.7       -            201 d1piwa2c.2.1.1.aln   -            177    0.0004   15.5   6.5   2   2      0.17       8.7    1.4   0.1   100   133   118   151    94   173 0.76 -
#
# Program:         hmmsearch
# Version:         3.1b2 (February 2015)
# Pipeline mode:   SEARCH
# Query file:      hmmModels95/d1piwa2c.2.1.1.hmm
# Target file:     scop/scopTestSeq.fasta
# Option settings: hmmsearch --domtblout hmmModels95/d1piwa2c.2.1.1.out -E 1 hmmModels95/d1piwa2c.2.1.1.hmm scop/scopTestSeq.fasta 
# Current dir:     /users/nfs/Etu7/3801677/SBAS/TME8
# Date:            Tue Apr  4 15:53:57 2023
# [ok]
