#                                                                            --- full sequence --- -------------- this domain -------------   hmm coord   ali coord   env coord
# target name        accession   tlen query name           accession   qlen   E-value  score  bias   #  of  c-Evalue  i-Evalue  score  bias  from    to  from    to  from    to  acc description of target
#------------------- ---------- ----- -------------------- ---------- ----- --------- ------ ----- --- --- --------- --------- ------ ----- ----- ----- ----- ----- ----- ----- ---- ---------------------
d2jhfa1b.35.1.2      -            199 d1piwa1b.35.1.2.aln  -            181   2.6e-73  241.4   0.1   1   1   4.1e-75   2.9e-73  241.2   0.1     1   180     5   199     5   199 0.98 -
d1pl8a1b.35.1.2      -            186 d1piwa1b.35.1.2.aln  -            181   4.2e-54  178.8   0.0   1   1   6.4e-56   4.6e-54  178.7   0.0     6   179     8   178     3   180 0.96 -
d1f8fa1b.35.1.2      -            195 d1piwa1b.35.1.2.aln  -            181   2.3e-48  160.1   0.1   1   1   3.5e-50   2.5e-48  160.0   0.1     3   180     2   194     1   195 0.97 -
d1h2ba1b.35.1.2      -            172 d1piwa1b.35.1.2.aln  -            181   3.3e-48  159.6   0.0   1   1   5.1e-50   3.6e-48  159.5   0.0     6   180     1   171     1   172 0.94 -
d1jqba1b.35.1.2      -            178 d1piwa1b.35.1.2.aln  -            181   6.3e-48  158.7   0.0   1   1     1e-49   7.2e-48  158.5   0.0     7   179     2   175     1   177 0.97 -
d1kola1b.35.1.2      -            202 d1piwa1b.35.1.2.aln  -            181     2e-44  147.3   0.6   1   1     3e-46   2.2e-44  147.2   0.6     5   180     6   196     2   197 0.95 -
d1gu7a1b.35.1.2      -            176 d1piwa1b.35.1.2.aln  -            181   8.5e-38  125.7   0.0   1   1   1.3e-39   9.5e-38  125.5   0.0     2   180     4   175     3   176 0.98 -
d1yb5a1b.35.1.2      -            151 d1piwa1b.35.1.2.aln  -            181   3.3e-32  107.5   0.1   1   1   1.1e-32   8.1e-31  102.9   0.1     5   180     5   149     1   150 0.87 -
d1piwa1b.35.1.2      -            193 d1piwa1b.35.1.2.aln  -            181   2.4e-27   91.6   1.7   1   1   4.1e-29   2.9e-27   91.3   1.7    26   176    30   181    14   185 0.88 -
d1o89a1b.35.1.2      -            147 d1piwa1b.35.1.2.aln  -            181   9.9e-25   83.1   0.0   1   1   2.2e-26   1.6e-24   82.4   0.0     4   180     2   146     1   147 0.96 -
d2dm6a1b.35.1.2      -            148 d1piwa1b.35.1.2.aln  -            181   2.4e-20   68.8   0.0   1   1   3.7e-22   2.7e-20   68.7   0.0     5   180     1   147     1   148 0.98 -
#
# Program:         hmmsearch
# Version:         3.1b2 (February 2015)
# Pipeline mode:   SEARCH
# Query file:      hmmModels95/d1piwa1b.35.1.2.hmm
# Target file:     scop/scopTestSeq.fasta
# Option settings: hmmsearch --domtblout hmmModels95/d1piwa1b.35.1.2.out -E 1 hmmModels95/d1piwa1b.35.1.2.hmm scop/scopTestSeq.fasta 
# Current dir:     /users/nfs/Etu7/3801677/SBAS/TME8
# Date:            Tue Apr  4 15:53:57 2023
# [ok]
