#                                                                            --- full sequence --- -------------- this domain -------------   hmm coord   ali coord   env coord
# target name        accession   tlen query name           accession   qlen   E-value  score  bias   #  of  c-Evalue  i-Evalue  score  bias  from    to  from    to  from    to  acc description of target
#------------------- ---------- ----- -------------------- ---------- ----- --------- ------ ----- --- --- --------- --------- ------ ----- ----- ----- ----- ----- ----- ----- ---- ---------------------
d2dw4a2c.3.1.2       -            450 d1pj5a2c.3.1.2.aln   -            368  1.9e-133  440.9   0.8   1   3   2.8e-11   9.6e-10   33.9   0.2     7    44     8    45     6    46 0.96 -
d2dw4a2c.3.1.2       -            450 d1pj5a2c.3.1.2.aln   -            368  1.9e-133  440.9   0.8   2   3  9.3e-126  3.2e-124  410.5   0.0     8   368    38   409    37   409 0.99 -
d2dw4a2c.3.1.2       -            450 d1pj5a2c.3.1.2.aln   -            368  1.9e-133  440.9   0.8   3   3     0.041       1.4    3.7   0.0   310   344   410   444   410   447 0.93 -
d2iida1c.3.1.2       -            371 d1pj5a2c.3.1.2.aln   -            368  4.5e-103  340.9   0.0   1   1  1.5e-104    5e-103  340.8   0.0     2   349    28   370    27   371 0.99 -
d1n4wa1c.3.1.2       -            368 d1pj5a2c.3.1.2.aln   -            368   5.8e-87  288.0   0.2   1   1   1.9e-88   6.4e-87  287.8   0.2     3   367    17   366    15   367 0.99 -
d2f5va1c.3.1.2       -            380 d1pj5a2c.3.1.2.aln   -            368   5.1e-86  284.8   0.0   1   1   1.7e-87   5.7e-86  284.7   0.0     1   367     1   374     1   375 0.99 -
d2gmha1c.3.1.2       -            381 d1pj5a2c.3.1.2.aln   -            368   4.1e-82  272.0   0.0   1   1   1.4e-83   4.6e-82  271.8   0.0     3   366    31   381    29   381 0.99 -
d1b5qa1c.3.1.2       -            348 d1pj5a2c.3.1.2.aln   -            368   3.7e-81  268.8   0.1   1   1   1.2e-82   4.1e-81  268.7   0.1     6   353     2   348     1   348 1.00 -
d1seza1c.3.1.2       -            374 d1pj5a2c.3.1.2.aln   -            368   8.9e-80  264.3   0.0   1   1   2.9e-81   9.9e-80  264.1   0.0     5   367     2   369     1   370 1.00 -
d1kdga1c.3.1.2       -            361 d1pj5a2c.3.1.2.aln   -            368   4.3e-77  255.5   0.0   1   1   1.4e-78   4.8e-77  255.3   0.0     3   366     1   357     1   359 0.99 -
d1pn0a1c.3.1.2       -            361 d1pj5a2c.3.1.2.aln   -            368   2.6e-73  243.0   0.0   1   1   8.4e-75   2.9e-73  242.9   0.0     2   367     5   360     4   361 0.99 -
d1ju2a1c.3.1.2       -            352 d1pj5a2c.3.1.2.aln   -            368   5.8e-68  225.4   0.2   1   1   1.9e-69   6.6e-68  225.2   0.2     3   366    26   347    24   349 0.98 -
d2ivda1c.3.1.2       -            348 d1pj5a2c.3.1.2.aln   -            368   2.5e-62  206.9   0.4   1   1   8.1e-64   2.8e-62  206.7   0.4     6   364     2   346     1   348 0.99 -
d1k0ia1c.3.1.2       -            293 d1pj5a2c.3.1.2.aln   -            368   2.8e-48  160.7   0.0   1   1   9.1e-50   3.1e-48  160.5   0.0     4   359     2   292     1   293 0.99 -
d2gf3a1c.3.1.2       -            282 d1pj5a2c.3.1.2.aln   -            368   5.1e-46  153.2   0.0   1   1   1.7e-47   5.8e-46  153.0   0.0     2   358     1   282     1   282 0.99 -
d1ryia1c.3.1.2       -            277 d1pj5a2c.3.1.2.aln   -            368   5.9e-43  143.1   0.0   1   1     2e-44   6.7e-43  142.9   0.0     1   349     1   274     1   277 0.98 -
d3c96a1c.3.1.2       -            289 d1pj5a2c.3.1.2.aln   -            368   8.7e-41  136.0   0.5   1   1   2.8e-42   9.7e-41  135.8   0.5     5   354     2   287     1   289 0.99 -
d2voua1c.3.1.2       -            266 d1pj5a2c.3.1.2.aln   -            368   7.7e-40  132.9   0.8   1   1   3.4e-39   1.2e-37  125.7   0.8     2   357     2   264     1   266 0.98 -
d1nhpa2c.3.1.5       -            123 d1pj5a2c.3.1.2.aln   -            368   2.4e-06   22.7   0.4   1   1   8.6e-08     3e-06   22.4   0.4     6    82    32   107    29   116 0.81 -
d1w4xa1c.3.1.5       -            299 d1pj5a2c.3.1.2.aln   -            368   6.2e-06   21.3   0.1   1   1   3.7e-07   1.3e-05   20.3   0.1     5    45     8    48     5    54 0.92 -
d1v59a2c.3.1.5       -            122 d1pj5a2c.3.1.2.aln   -            368   2.2e-05   19.5   1.4   1   2   1.8e-06   6.1e-05   18.1   0.2     4    34    23    53    21    62 0.93 -
d1v59a2c.3.1.5       -            122 d1pj5a2c.3.1.2.aln   -            368   2.2e-05   19.5   1.4   2   2      0.39        13    0.5   0.1   216   262    67   116    61   119 0.76 -
d2gv8a1c.3.1.5       -            336 d1pj5a2c.3.1.2.aln   -            368   7.6e-05   17.7   0.0   1   1   3.4e-06   0.00012   17.1   0.0     7    63     7    68     5    99 0.81 -
d1v59a1c.3.1.5       -            234 d1pj5a2c.3.1.2.aln   -            368   0.00029   15.8   0.7   1   1   1.5e-05   0.00053   15.0   0.7     6    41     7    42     5    43 0.94 -
d1xhca2c.3.1.5       -            122 d1pj5a2c.3.1.2.aln   -            368    0.0006   14.8   0.4   1   1   2.6e-05   0.00088   14.2   0.4     8    37    36    65    34    67 0.92 -
d1fl2a1c.3.1.5       -            185 d1pj5a2c.3.1.2.aln   -            368    0.0058   11.5   1.8   1   1    0.0003      0.01   10.7   1.7     4    28     1    25     1    35 0.87 -
#
# Program:         hmmsearch
# Version:         3.1b2 (February 2015)
# Pipeline mode:   SEARCH
# Query file:      hmmModels95/d1pj5a2c.3.1.2.hmm
# Target file:     scop/scopTestSeq.fasta
# Option settings: hmmsearch --domtblout hmmModels95/d1pj5a2c.3.1.2.out -E 1 hmmModels95/d1pj5a2c.3.1.2.hmm scop/scopTestSeq.fasta 
# Current dir:     /users/nfs/Etu7/3801677/SBAS/TME8
# Date:            Tue Apr  4 15:53:57 2023
# [ok]
