#                                                                            --- full sequence --- -------------- this domain -------------   hmm coord   ali coord   env coord
# target name        accession   tlen query name           accession   qlen   E-value  score  bias   #  of  c-Evalue  i-Evalue  score  bias  from    to  from    to  from    to  acc description of target
#------------------- ---------- ----- -------------------- ---------- ----- --------- ------ ----- --- --- --------- --------- ------ ----- ----- ----- ----- ----- ----- ----- ---- ---------------------
d2jhfa1b.35.1.2      -            199 d1pl8a1b.35.1.2.aln  -            182   2.4e-74  244.9   0.1   1   1   3.7e-76   2.7e-74  244.8   0.1     1   181     5   199     5   199 0.98 -
d1piwa1b.35.1.2      -            193 d1pl8a1b.35.1.2.aln  -            182   7.9e-57  187.8   1.9   1   1   1.2e-58   8.8e-57  187.7   1.9     2   180     6   184     5   186 0.98 -
d1f8fa1b.35.1.2      -            195 d1pl8a1b.35.1.2.aln  -            182   1.9e-50  167.0   0.1   1   1   2.9e-52   2.1e-50  166.9   0.1     4   181     3   194     1   195 0.98 -
d1h2ba1b.35.1.2      -            172 d1pl8a1b.35.1.2.aln  -            182   8.1e-48  158.5   0.0   1   1   1.2e-49   8.9e-48  158.3   0.0     6   181     1   171     1   172 0.96 -
d1jqba1b.35.1.2      -            178 d1pl8a1b.35.1.2.aln  -            182   6.6e-46  152.2   0.0   1   1   1.1e-47   7.7e-46  152.0   0.0     7   180     2   175     1   177 0.96 -
d1kola1b.35.1.2      -            202 d1pl8a1b.35.1.2.aln  -            182   2.7e-44  147.0   0.7   1   1   4.1e-46   2.9e-44  146.9   0.7     5   181     6   196     2   197 0.96 -
d1pl8a1b.35.1.2      -            186 d1pl8a1b.35.1.2.aln  -            182   1.7e-38  128.1   0.0   1   1     3e-40   2.1e-38  127.8   0.0    13   178    15   176    10   179 0.92 -
d1gu7a1b.35.1.2      -            176 d1pl8a1b.35.1.2.aln  -            182   2.6e-36  121.0   0.0   1   1   4.1e-38     3e-36  120.8   0.0     2   181     4   175     3   176 0.98 -
d1yb5a1b.35.1.2      -            151 d1pl8a1b.35.1.2.aln  -            182   2.6e-32  107.9   0.1   1   1   3.1e-32   2.2e-30  101.6   0.1    14   180    14   148     1   150 0.88 -
d1o89a1b.35.1.2      -            147 d1pl8a1b.35.1.2.aln  -            182   2.3e-25   85.3   0.0   1   1   8.6e-26   6.2e-24   80.6   0.0     4   181     2   146     1   147 0.94 -
d2dm6a1b.35.1.2      -            148 d1pl8a1b.35.1.2.aln  -            182     2e-17   59.4   0.0   1   1     1e-18   7.2e-17   57.6   0.0     5   181     1   147     1   148 0.94 -
#
# Program:         hmmsearch
# Version:         3.1b2 (February 2015)
# Pipeline mode:   SEARCH
# Query file:      hmmModels95/d1pl8a1b.35.1.2.hmm
# Target file:     scop/scopTestSeq.fasta
# Option settings: hmmsearch --domtblout hmmModels95/d1pl8a1b.35.1.2.out -E 1 hmmModels95/d1pl8a1b.35.1.2.hmm scop/scopTestSeq.fasta 
# Current dir:     /users/nfs/Etu7/3801677/SBAS/TME8
# Date:            Tue Apr  4 15:53:58 2023
# [ok]
