#                                                                            --- full sequence --- -------------- this domain -------------   hmm coord   ali coord   env coord
# target name        accession   tlen query name           accession   qlen   E-value  score  bias   #  of  c-Evalue  i-Evalue  score  bias  from    to  from    to  from    to  acc description of target
#------------------- ---------- ----- -------------------- ---------- ----- --------- ------ ----- --- --- --------- --------- ------ ----- ----- ----- ----- ----- ----- ----- ---- ---------------------
d2j9la1d.37.1.1      -            169 d1pvma4d.37.1.1.aln  -            141   9.8e-44  144.2   0.3   1   1   2.7e-45   1.2e-43  144.0   0.3     1   141    24   164    24   164 0.99 -
d2nyca1d.37.1.1      -            140 d1pvma4d.37.1.1.aln  -            141   4.3e-37  122.7   0.3   1   1     1e-38   4.6e-37  122.6   0.3     5   133    10   138     6   140 0.97 -
d2v8qe2d.37.1.1      -            159 d1pvma4d.37.1.1.aln  -            141   2.8e-34  113.6   0.0   1   1   7.9e-36   3.5e-34  113.3   0.0     1   138     9   159     9   159 0.99 -
d1o50a3d.37.1.1      -            145 d1pvma4d.37.1.1.aln  -            141   1.9e-29   97.9   1.9   1   1   4.6e-31     2e-29   97.8   1.9     1   137     1   144     1   145 0.98 -
d2yzqa1d.37.1.1      -            156 d1pvma4d.37.1.1.aln  -            141   1.9e-29   97.9   0.1   1   1   4.7e-31   2.1e-29   97.8   0.1     3   138     3   152     1   155 0.97 -
d2yzia1d.37.1.1      -            132 d1pvma4d.37.1.1.aln  -            141     1e-28   95.5   1.0   1   1   2.6e-30   1.1e-28   95.4   1.0     2   137     3   130     2   132 0.96 -
d3ddja2d.37.1.1      -            135 d1pvma4d.37.1.1.aln  -            141   1.2e-27   92.1   0.1   1   1     3e-29   1.3e-27   91.9   0.1     5   136     2   134     1   135 0.98 -
d1zfja4d.37.1.1      -            126 d1pvma4d.37.1.1.aln  -            141   1.4e-27   91.9   0.2   1   1   3.3e-29   1.5e-27   91.8   0.2     9   136     2   120     1   125 0.94 -
d1y5ha3d.37.1.1      -            123 d1pvma4d.37.1.1.aln  -            141   6.2e-26   86.5   0.0   1   1   1.5e-27   6.7e-26   86.4   0.0     7   132     4   122     1   123 0.98 -
d3ddja1d.37.1.1      -            141 d1pvma4d.37.1.1.aln  -            141   4.7e-25   83.7   5.6   1   1   1.2e-26     5e-25   83.6   5.6     5   136     3   133     1   138 0.96 -
d2yzqa2d.37.1.1      -            122 d1pvma4d.37.1.1.aln  -            141   4.7e-25   83.7   2.3   1   1   2.7e-26   1.2e-24   82.3   2.3     4   134     1   118     1   122 0.89 -
d2ouxa2d.37.1.1      -            127 d1pvma4d.37.1.1.aln  -            141   8.3e-25   82.9   6.1   1   1   2.1e-26     9e-25   82.7   6.1     7   137     2   126     1   127 0.98 -
d2rc3a1d.37.1.1      -            127 d1pvma4d.37.1.1.aln  -            141   1.2e-23   79.1   1.2   1   1     3e-25   1.3e-23   79.0   1.2     5   132     6   125     2   127 0.91 -
d1vr9a3d.37.1.1      -            121 d1pvma4d.37.1.1.aln  -            141   2.8e-23   77.9   0.1   1   1   7.5e-25   3.3e-23   77.7   0.1     4   135     1   119     1   121 0.97 -
d2riha_d.37.1.1      -            131 d1pvma4d.37.1.1.aln  -            141   6.8e-23   76.7   0.4   1   1   1.9e-24   8.1e-23   76.4   0.4     5   136     2   126     1   130 0.95 -
d2d4za3d.37.1.1      -            161 d1pvma4d.37.1.1.aln  -            141   8.1e-22   73.2   0.0   1   1   2.1e-23     9e-22   73.0   0.0     2   140     9   158     8   159 0.98 -
d1pbja3d.37.1.1      -            120 d1pvma4d.37.1.1.aln  -            141   4.8e-20   67.4   5.7   1   1   1.2e-21   5.2e-20   67.3   5.7     5   131     1   118     1   120 0.94 -
d1pvma4d.37.1.1      -            142 d1pvma4d.37.1.1.aln  -            141   9.8e-16   53.5   0.7   1   1   2.5e-17   1.1e-15   53.3   0.7     4   138     3   131     1   134 0.96 -
#
# Program:         hmmsearch
# Version:         3.1b2 (February 2015)
# Pipeline mode:   SEARCH
# Query file:      hmmModels95/d1pvma4d.37.1.1.hmm
# Target file:     scop/scopTestSeq.fasta
# Option settings: hmmsearch --domtblout hmmModels95/d1pvma4d.37.1.1.out -E 1 hmmModels95/d1pvma4d.37.1.1.hmm scop/scopTestSeq.fasta 
# Current dir:     /users/nfs/Etu7/3801677/SBAS/TME8
# Date:            Tue Apr  4 15:53:58 2023
# [ok]
