#                                                                            --- full sequence --- -------------- this domain -------------   hmm coord   ali coord   env coord
# target name        accession   tlen query name           accession   qlen   E-value  score  bias   #  of  c-Evalue  i-Evalue  score  bias  from    to  from    to  from    to  acc description of target
#------------------- ---------- ----- -------------------- ---------- ----- --------- ------ ----- --- --- --------- --------- ------ ----- ----- ----- ----- ----- ----- ----- ---- ---------------------
d1qdda_d.169.1.1     -            144 d1pwba1d.169.1.1.aln -            131   7.3e-37  122.3   3.2   1   1   1.4e-38   8.2e-37  122.1   3.2     2   129    13   143    12   144 0.97 -
d1wmza_d.169.1.1     -            140 d1pwba1d.169.1.1.aln -            131   4.2e-30  100.5   7.5   1   1   7.8e-32   4.7e-30  100.3   7.5     2   129     2   138     1   140 0.94 -
d2ziba_d.169.1.1     -            130 d1pwba1d.169.1.1.aln -            131   1.7e-29   98.5   2.5   1   1     3e-31   1.8e-29   98.4   2.5     3   130     7   129     5   130 0.97 -
d1gz2a_d.169.1.1     -            139 d1pwba1d.169.1.1.aln -            131   1.5e-28   95.4   0.0   1   1   2.8e-30   1.7e-28   95.2   0.0     3   129     2   138     1   139 0.94 -
d1qo3c_d.169.1.1     -            133 d1pwba1d.169.1.1.aln -            131   2.1e-28   94.9   5.2   1   1   3.8e-30   2.3e-28   94.8   5.2     5   130    16   132    12   133 0.93 -
d1wk1a_d.169.1.1     -            150 d1pwba1d.169.1.1.aln -            131   2.3e-27   91.6   0.0   1   1   4.6e-29   2.8e-27   91.3   0.0    11   130     7   131     2   132 0.96 -
d3hupa_d.169.1.1     -            121 d1pwba1d.169.1.1.aln -            131   7.4e-26   86.7  10.6   1   1   1.3e-27   8.2e-26   86.6  10.6     2   129     6   119     5   121 0.87 -
d3l9jc_d.169.1.1     -            134 d1pwba1d.169.1.1.aln -            131   4.4e-25   84.2   2.2   1   1   8.3e-27     5e-25   84.0   2.2    10   128    10   132     4   134 0.90 -
d1g1ta1d.169.1.1     -            118 d1pwba1d.169.1.1.aln -            131   4.8e-23   77.6   5.3   1   1   8.8e-25   5.3e-23   77.5   5.3    14   126     2   117     1   118 0.88 -
d1h8ua_d.169.1.1     -            115 d1pwba1d.169.1.1.aln -            131   4.4e-21   71.3   2.0   1   1   7.9e-23   4.8e-21   71.1   2.0    15   127     2   114     1   115 0.95 -
d1pwba1d.169.1.1     -            121 d1pwba1d.169.1.1.aln -            131     3e-18   62.1   0.0   1   1   5.3e-20   3.2e-18   62.0   0.0     8   128     4   121     1   121 0.88 -
d1byfa_d.169.1.1     -            123 d1pwba1d.169.1.1.aln -            131   5.8e-18   61.2   0.1   1   1   1.1e-19   6.9e-18   60.9   0.1    17   130     6   122     2   123 0.81 -
d1kg0c_d.169.1.1     -            136 d1pwba1d.169.1.1.aln -            131   8.9e-16   54.1   4.1   1   1   1.8e-17   1.1e-15   53.8   4.1     3   130    17   135    15   136 0.86 -
#
# Program:         hmmsearch
# Version:         3.1b2 (February 2015)
# Pipeline mode:   SEARCH
# Query file:      hmmModels95/d1pwba1d.169.1.1.hmm
# Target file:     scop/scopTestSeq.fasta
# Option settings: hmmsearch --domtblout hmmModels95/d1pwba1d.169.1.1.out -E 1 hmmModels95/d1pwba1d.169.1.1.hmm scop/scopTestSeq.fasta 
# Current dir:     /users/nfs/Etu7/3801677/SBAS/TME8
# Date:            Tue Apr  4 15:53:58 2023
# [ok]
