#                                                                            --- full sequence --- -------------- this domain -------------   hmm coord   ali coord   env coord
# target name        accession   tlen query name           accession   qlen   E-value  score  bias   #  of  c-Evalue  i-Evalue  score  bias  from    to  from    to  from    to  acc description of target
#------------------- ---------- ----- -------------------- ---------- ----- --------- ------ ----- --- --- --------- --------- ------ ----- ----- ----- ----- ----- ----- ----- ---- ---------------------
d1p1ja1c.2.1.3       -            411 d1q0qa2c.2.1.3.aln   -            190   1.2e-89  294.7   0.0   1   1   4.4e-91   1.4e-89  294.4   0.0     1   190    57   328    57   328 1.00 -
d3cina1c.2.1.3       -            276 d1q0qa2c.2.1.3.aln   -            190   1.2e-42  141.5   0.1   1   1   4.1e-44   1.4e-42  141.2   0.1     1   190     1   235     1   235 0.99 -
d1h6da1c.2.1.3       -            222 d1q0qa2c.2.1.3.aln   -            190   7.2e-39  129.1   0.1   1   1   2.4e-40     8e-39  128.9   0.1     3   189    34   220    32   221 0.98 -
d2g82a1c.2.1.3       -            169 d1q0qa2c.2.1.3.aln   -            190   1.9e-33  111.4   0.4   1   1   6.8e-35   2.2e-33  111.2   0.4     4   181     2   165     1   168 0.98 -
d1gr0a1c.2.1.3       -            244 d1q0qa2c.2.1.3.aln   -            190     5e-29   97.0   2.1   1   1   1.8e-30   5.8e-29   96.8   2.1     2   188     2   209     1   211 0.98 -
d2nvwa1c.2.1.3       -            238 d1q0qa2c.2.1.3.aln   -            190   7.7e-27   89.8   0.0   1   1     3e-28   9.8e-27   89.5   0.0     2   186     5   191     4   195 0.97 -
d1qkia1c.2.1.3       -            204 d1q0qa2c.2.1.3.aln   -            190     2e-22   75.4   0.0   1   1   6.8e-24   2.2e-22   75.3   0.0     2   184    21   201    20   204 0.97 -
d1h9aa1c.2.1.3       -            196 d1q0qa2c.2.1.3.aln   -            190   8.9e-12   40.7   0.0   1   1   3.2e-13     1e-11   40.5   0.0     1   177     5   182     5   193 0.96 -
d1cf2o1c.2.1.3       -            172 d1q0qa2c.2.1.3.aln   -            190     1e-11   40.5   1.6   1   1   3.5e-13   1.2e-11   40.4   1.6     2   178     1   169     1   172 0.95 -
d1t4ba1c.2.1.3       -            147 d1q0qa2c.2.1.3.aln   -            190   4.2e-11   38.5   0.0   1   1   1.5e-12   4.9e-11   38.3   0.0     2   145     2   124     1   144 0.89 -
d1zh8a1c.2.1.3       -            182 d1q0qa2c.2.1.3.aln   -            190   1.6e-10   36.7   0.0   1   1   5.5e-12   1.8e-10   36.5   0.0     2   161     3   159     2   175 0.89 -
d1ydwa1c.2.1.3       -            185 d1q0qa2c.2.1.3.aln   -            190   2.5e-09   32.7   0.1   1   1     9e-11     3e-09   32.5   0.1     3   179     2   176     1   182 0.96 -
d1vkna1c.2.1.3       -            177 d1q0qa2c.2.1.3.aln   -            190   7.4e-09   31.2   0.0   1   1   2.7e-10   8.9e-09   30.9   0.0     5   179     5   172     1   177 0.86 -
d1nvmb1c.2.1.3       -            158 d1q0qa2c.2.1.3.aln   -            190   3.5e-08   29.0   0.3   1   1   5.7e-09   1.9e-07   26.6   0.3     2   169     4   149     3   155 0.94 -
d1ebfa1c.2.1.3       -            169 d1q0qa2c.2.1.3.aln   -            190   1.4e-07   27.1   0.1   1   1   4.6e-09   1.5e-07   26.9   0.1     3   179     5   167     3   169 0.97 -
d1e5qa1c.2.1.3       -            183 d1q0qa2c.2.1.3.aln   -            190   2.1e-07   26.5   0.1   1   1   6.8e-09   2.2e-07   26.4   0.1     2   182     2   178     1   183 0.94 -
d1xeaa1c.2.1.3       -            168 d1q0qa2c.2.1.3.aln   -            190   2.3e-07   26.4   0.0   1   1   7.9e-09   2.6e-07   26.2   0.0     4   162     3   147     1   161 0.93 -
d1tlta1c.2.1.3       -            165 d1q0qa2c.2.1.3.aln   -            190   5.7e-07   25.0   0.0   1   1   1.9e-08   6.1e-07   24.9   0.0     3   175     2   159     1   165 0.90 -
d1drua1c.2.1.3       -            161 d1q0qa2c.2.1.3.aln   -            190   7.1e-07   24.7   0.1   1   1   2.6e-08   8.6e-07   24.5   0.1     4   143     5   132     2   138 0.86 -
d1j5pa4c.2.1.3       -            133 d1q0qa2c.2.1.3.aln   -            190   3.2e-05   19.3   0.6   1   2    0.0012      0.04    9.3   0.4     2    20     2    20     1    36 0.87 -
d1j5pa4c.2.1.3       -            133 d1q0qa2c.2.1.3.aln   -            190   3.2e-05   19.3   0.6   2   2    0.0016     0.052    8.9   0.0   102   156    51   105    29   130 0.81 -
d1f06a1c.2.1.3       -            171 d1q0qa2c.2.1.3.aln   -            190   0.00012   17.5   0.1   1   1   5.6e-06   0.00018   16.9   0.1     3    61     4    60     2   170 0.82 -
d1o89a2c.2.1.1       -            177 d1q0qa2c.2.1.3.aln   -            190    0.0037   12.6   0.1   1   1   0.00016    0.0053   12.1   0.1     4    28    35    97    35   117 0.68 -
d1lc0a1c.2.1.3       -            173 d1q0qa2c.2.1.3.aln   -            190    0.0078   11.6   0.1   1   1   0.00043     0.014   10.7   0.1     3   181     8   169     6   173 0.75 -
d2pv7a2c.2.1.6       -            152 d1q0qa2c.2.1.3.aln   -            190     0.011   11.0   0.5   1   2    0.0017     0.055    8.8   0.6     3    32    11    54    10    65 0.74 -
d2pv7a2c.2.1.6       -            152 d1q0qa2c.2.1.3.aln   -            190     0.011   11.0   0.5   2   2      0.36        12    1.2   0.0   118   151    46    75    44    86 0.78 -
#
# Program:         hmmsearch
# Version:         3.1b2 (February 2015)
# Pipeline mode:   SEARCH
# Query file:      hmmModels95/d1q0qa2c.2.1.3.hmm
# Target file:     scop/scopTestSeq.fasta
# Option settings: hmmsearch --domtblout hmmModels95/d1q0qa2c.2.1.3.out -E 1 hmmModels95/d1q0qa2c.2.1.3.hmm scop/scopTestSeq.fasta 
# Current dir:     /users/nfs/Etu7/3801677/SBAS/TME8
# Date:            Tue Apr  4 15:53:58 2023
# [ok]
