#                                                                            --- full sequence --- -------------- this domain -------------   hmm coord   ali coord   env coord
# target name        accession   tlen query name           accession   qlen   E-value  score  bias   #  of  c-Evalue  i-Evalue  score  bias  from    to  from    to  from    to  acc description of target
#------------------- ---------- ----- -------------------- ---------- ----- --------- ------ ----- --- --- --------- --------- ------ ----- ----- ----- ----- ----- ----- ----- ---- ---------------------
d1g0sa_d.113.1.1     -            209 d1q33a_d.113.1.1.aln -            158     9e-60  196.4   2.8   1   1   2.1e-61   1.1e-59  196.1   2.8     1   158    49   209    49   209 0.99 -
d3o69a_d.113.1.1     -            190 d1q33a_d.113.1.1.aln -            158   4.5e-45  148.6   0.1   1   1     1e-46   5.2e-45  148.4   0.1     1   153    36   190    36   190 0.99 -
d1vhza_d.113.1.1     -            186 d1q33a_d.113.1.1.aln -            158     4e-42  139.0   0.0   1   1   9.6e-44   4.8e-42  138.8   0.0     2   153    33   184    32   186 0.98 -
d1jkna_d.113.1.1     -            165 d1q33a_d.113.1.1.aln -            158   5.1e-39  128.9   0.0   1   1   1.2e-40   5.7e-39  128.8   0.0     7   148     3   165     1   165 0.98 -
d1v8ya_d.113.1.1     -            158 d1q33a_d.113.1.1.aln -            158   1.9e-38  127.1   2.2   1   1   4.1e-40     2e-38  127.0   2.2     3   148    11   154     9   158 0.95 -
d1sjya_d.113.1.1     -            158 d1q33a_d.113.1.1.aln -            158   3.3e-35  116.5   0.2   1   1   7.3e-37   3.6e-35  116.4   0.2     2   154     2   155     1   158 0.96 -
d1nqza_d.113.1.1     -            187 d1q33a_d.113.1.1.aln -            158   1.5e-34  114.4   0.3   1   1   3.5e-36   1.7e-34  114.2   0.3     2   157    21   184    20   185 0.98 -
d2b06a1d.113.1.1     -            155 d1q33a_d.113.1.1.aln -            158   1.2e-33  111.5   0.0   1   1   2.6e-35   1.3e-33  111.4   0.0     9   157     2   154     1   155 0.97 -
d1ktga_d.113.1.1     -            137 d1q33a_d.113.1.1.aln -            158     2e-33  110.8   0.0   1   1   4.3e-35   2.1e-33  110.7   0.0    10   146     3   135     1   137 0.94 -
d2fvva1d.113.1.1     -            135 d1q33a_d.113.1.1.aln -            158   2.2e-33  110.6   0.8   1   1   5.3e-35   2.6e-33  110.4   0.8     5   138     1   131     1   134 0.97 -
d2azwa1d.113.1.1     -            147 d1q33a_d.113.1.1.aln -            158   3.6e-32  106.7   0.6   1   1     8e-34   3.9e-32  106.5   0.6     6   144     3   145     1   147 0.97 -
d3zr0a_d.113.1.1     -            154 d1q33a_d.113.1.1.aln -            158     1e-31  105.2   0.0   1   1   2.2e-33   1.1e-31  105.1   0.0    19   156     4   152     1   154 0.96 -
d3a6sa_d.113.1.1     -            129 d1q33a_d.113.1.1.aln -            158   1.1e-29   98.6   0.7   1   1   2.5e-31   1.2e-29   98.5   0.7    26   143    15   128     2   129 0.90 -
d2b0va1d.113.1.1     -            146 d1q33a_d.113.1.1.aln -            158   1.2e-25   85.4   0.0   1   1   2.7e-27   1.3e-25   85.3   0.0    17   157     2   144     1   145 0.93 -
d1k2ea_d.113.1.1     -            152 d1q33a_d.113.1.1.aln -            158   4.3e-25   83.7   0.2   1   1     1e-26     5e-25   83.5   0.2    35   153    16   144     7   149 0.95 -
d1q33a_d.113.1.1     -            292 d1q33a_d.113.1.1.aln -            158   3.8e-08   28.6   0.4   1   1     2e-09   9.7e-08   27.3   0.4    40    69   148   177   131   287 0.88 -
#
# Program:         hmmsearch
# Version:         3.1b2 (February 2015)
# Pipeline mode:   SEARCH
# Query file:      hmmModels95/d1q33a_d.113.1.1.hmm
# Target file:     scop/scopTestSeq.fasta
# Option settings: hmmsearch --domtblout hmmModels95/d1q33a_d.113.1.1.out -E 1 hmmModels95/d1q33a_d.113.1.1.hmm scop/scopTestSeq.fasta 
# Current dir:     /users/nfs/Etu7/3801677/SBAS/TME8
# Date:            Tue Apr  4 15:53:58 2023
# [ok]
