#                                                                            --- full sequence --- -------------- this domain -------------   hmm coord   ali coord   env coord
# target name        accession   tlen query name           accession   qlen   E-value  score  bias   #  of  c-Evalue  i-Evalue  score  bias  from    to  from    to  from    to  acc description of target
#------------------- ---------- ----- -------------------- ---------- ----- --------- ------ ----- --- --- --------- --------- ------ ----- ----- ----- ----- ----- ----- ----- ---- ---------------------
d2ov9a1d.38.1.5      -            203 d1q4ta_d.38.1.5.aln  -            136   7.3e-67  219.0   0.1   1   1   1.9e-68   9.8e-67  218.6   0.1     1   135    71   203    71   203 0.99 -
d3f5oa_d.38.1.5      -            138 d1q4ta_d.38.1.5.aln  -            136   2.6e-41  136.2   1.0   1   1   5.5e-43   2.9e-41  136.1   1.0     3   135     5   136     3   137 0.97 -
d1vh5a_d.38.1.5      -            138 d1q4ta_d.38.1.5.aln  -            136     2e-39  130.1   0.0   1   1   4.2e-41   2.2e-39  130.0   0.0     1   134     3   135     3   137 0.98 -
d1t82a_d.38.1.5      -            143 d1q4ta_d.38.1.5.aln  -            136   1.2e-34  114.7   0.0   1   1   2.5e-36   1.3e-34  114.5   0.0     2   135     1   141     1   142 0.98 -
d1sh8a_d.38.1.5      -            153 d1q4ta_d.38.1.5.aln  -            136   2.4e-34  113.7   0.0   1   1   5.1e-36   2.7e-34  113.5   0.0     1   135     1   145     1   146 0.98 -
d2hboa1d.38.1.5      -            142 d1q4ta_d.38.1.5.aln  -            136   4.1e-33  109.7   0.0   1   1   9.5e-35     5e-33  109.4   0.0     5   133     2   135     1   137 0.98 -
d1yoca1d.38.1.5      -            145 d1q4ta_d.38.1.5.aln  -            136   5.9e-33  109.2   0.0   1   1   1.3e-34   6.6e-33  109.0   0.0     2   135     9   144     8   145 0.98 -
d1wlua_d.38.1.5      -            117 d1q4ta_d.38.1.5.aln  -            136   7.1e-30   99.2   0.4   1   1   1.5e-31   7.7e-30   99.1   0.4    15   135     1   116     1   117 0.96 -
d1ixla_d.38.1.5      -            130 d1q4ta_d.38.1.5.aln  -            136   3.8e-29   96.8   0.1   1   1   7.9e-31   4.2e-29   96.7   0.1     9   135     2   124     1   125 0.97 -
d2f41a1d.38.1.5      -            111 d1q4ta_d.38.1.5.aln  -            136   1.6e-22   75.4   0.1   1   1   3.2e-24   1.7e-22   75.3   0.1    22   134     2   110     1   111 0.96 -
d1q4ta_d.38.1.5      -            142 d1q4ta_d.38.1.5.aln  -            136   9.3e-21   69.7   1.3   1   1   2.3e-22   1.2e-20   69.3   1.3    23   131    25   133    19   137 0.95 -
d2gvha1d.38.1.1      -            135 d1q4ta_d.38.1.5.aln  -            136     4e-09   32.0   0.1   1   1   1.2e-10   6.1e-09   31.4   0.1    46   121    20    94    15    97 0.88 -
d1s5ua_d.38.1.1      -            129 d1q4ta_d.38.1.5.aln  -            136    0.0001   17.7   0.1   1   1   2.5e-06   0.00013   17.4   0.1    78   134    53   109    34   111 0.91 -
d1njka_d.38.1.1      -            133 d1q4ta_d.38.1.5.aln  -            136   0.00058   15.3   0.0   1   1   1.5e-05    0.0008   14.8   0.0    78   128    51   102    42   109 0.84 -
d3bjka_d.38.1.1      -            140 d1q4ta_d.38.1.5.aln  -            136    0.0023   13.4   0.0   1   1   5.6e-05     0.003   13.0   0.0    46   118    16    87     3    93 0.86 -
#
# Program:         hmmsearch
# Version:         3.1b2 (February 2015)
# Pipeline mode:   SEARCH
# Query file:      hmmModels95/d1q4ta_d.38.1.5.hmm
# Target file:     scop/scopTestSeq.fasta
# Option settings: hmmsearch --domtblout hmmModels95/d1q4ta_d.38.1.5.out -E 1 hmmModels95/d1q4ta_d.38.1.5.hmm scop/scopTestSeq.fasta 
# Current dir:     /users/nfs/Etu7/3801677/SBAS/TME8
# Date:            Tue Apr  4 15:53:58 2023
# [ok]
