#                                                                            --- full sequence --- -------------- this domain -------------   hmm coord   ali coord   env coord
# target name        accession   tlen query name           accession   qlen   E-value  score  bias   #  of  c-Evalue  i-Evalue  score  bias  from    to  from    to  from    to  acc description of target
#------------------- ---------- ----- -------------------- ---------- ----- --------- ------ ----- --- --- --------- --------- ------ ----- ----- ----- ----- ----- ----- ----- ---- ---------------------
d3kffa_b.60.1.1      -            152 d1qfta_b.60.1.1.aln  -            162   5.4e-50  165.2   0.3   1   1   9.7e-52   5.9e-50  165.1   0.3    11   161     2   150     1   151 0.98 -
d3s26a_b.60.1.1      -            176 d1qfta_b.60.1.1.aln  -            162     2e-46  153.7   0.2   1   1   3.6e-48   2.2e-46  153.5   0.2     3   161    10   174     8   175 0.98 -
d1kt7a_b.60.1.1      -            175 d1qfta_b.60.1.1.aln  -            162   1.5e-45  150.8   0.1   1   1   2.7e-47   1.7e-45  150.7   0.1     1   159     6   174     6   175 0.99 -
d1kxoa_b.60.1.1      -            171 d1qfta_b.60.1.1.aln  -            162   3.2e-45  149.7   0.9   1   1   5.9e-47   3.6e-45  149.5   0.9     1   160     8   171     8   171 0.98 -
d3saoa_b.60.1.1      -            155 d1qfta_b.60.1.1.aln  -            162   1.2e-43  144.6   0.1   1   1   2.1e-45   1.3e-43  144.5   0.1    13   161     1   148     1   149 0.99 -
d1dzka_b.60.1.1      -            148 d1qfta_b.60.1.1.aln  -            162   1.1e-36  121.9   0.1   1   1     2e-38   1.2e-36  121.8   0.1    14   160     2   147     1   148 0.98 -
d1lf7a_b.60.1.1      -            171 d1qfta_b.60.1.1.aln  -            162   2.8e-35  117.4   0.0   1   1   5.3e-37   3.2e-35  117.2   0.0     2   160     5   160     4   162 0.96 -
d1epba_b.60.1.1      -            160 d1qfta_b.60.1.1.aln  -            162   3.8e-35  117.0   0.1   1   1     7e-37   4.2e-35  116.8   0.1     7   161     1   154     1   155 0.98 -
d1i4ua_b.60.1.1      -            181 d1qfta_b.60.1.1.aln  -            162   1.5e-34  115.1   0.5   1   1   2.7e-36   1.7e-34  114.9   0.5     2   161    13   175    12   176 0.92 -
d1x8qa_b.60.1.1      -            184 d1qfta_b.60.1.1.aln  -            162     1e-32  109.1   5.4   1   1   1.9e-34   1.1e-32  108.9   5.4     5   161     9   179     1   180 0.95 -
d1qwda_b.60.1.1      -            167 d1qfta_b.60.1.1.aln  -            162   4.5e-32  107.0   0.0   1   1   8.4e-34   5.1e-32  106.8   0.0     6   155    16   166    11   167 0.95 -
d1xkia_b.60.1.1      -            139 d1qfta_b.60.1.1.aln  -            162   2.3e-24   81.9   0.0   1   1   4.2e-26   2.5e-24   81.8   0.0    15   154     2   137     1   139 0.97 -
d2joza1b.60.1.1      -            126 d1qfta_b.60.1.1.aln  -            162   1.9e-08   30.2   0.1   1   1   6.9e-10   4.2e-08   29.0   0.1    14   160     2   125     1   126 0.95 -
#
# Program:         hmmsearch
# Version:         3.1b2 (February 2015)
# Pipeline mode:   SEARCH
# Query file:      hmmModels95/d1qfta_b.60.1.1.hmm
# Target file:     scop/scopTestSeq.fasta
# Option settings: hmmsearch --domtblout hmmModels95/d1qfta_b.60.1.1.out -E 1 hmmModels95/d1qfta_b.60.1.1.hmm scop/scopTestSeq.fasta 
# Current dir:     /users/nfs/Etu7/3801677/SBAS/TME8
# Date:            Tue Apr  4 15:53:59 2023
# [ok]
