#                                                                            --- full sequence --- -------------- this domain -------------   hmm coord   ali coord   env coord
# target name        accession   tlen query name           accession   qlen   E-value  score  bias   #  of  c-Evalue  i-Evalue  score  bias  from    to  from    to  from    to  acc description of target
#------------------- ---------- ----- -------------------- ---------- ----- --------- ------ ----- --- --- --------- --------- ------ ----- ----- ----- ----- ----- ----- ----- ---- ---------------------
d1p1ja1c.2.1.3       -            411 d1qkia1c.2.1.3.aln   -            188   3.3e-84  277.1   0.0   1   1   1.3e-85   4.6e-84  276.7   0.0     1   188    54   338    54   338 1.00 -
d1h6da1c.2.1.3       -            222 d1qkia1c.2.1.3.aln   -            188     1e-34  115.7   0.2   1   1   3.4e-36   1.2e-34  115.5   0.2     2   186    31   206    30   208 0.99 -
d3cina1c.2.1.3       -            276 d1qkia1c.2.1.3.aln   -            188   1.8e-34  114.9   0.2   1   1   6.1e-36   2.1e-34  114.7   0.2     1   188     1   233     1   233 0.99 -
d2g82a1c.2.1.3       -            169 d1qkia1c.2.1.3.aln   -            188   6.8e-34  113.1   0.6   1   1   2.3e-35     8e-34  112.8   0.6     4   181     2   165     1   168 0.98 -
d1gr0a1c.2.1.3       -            244 d1qkia1c.2.1.3.aln   -            188   4.1e-25   84.4   2.5   1   1   1.4e-26   4.8e-25   84.2   2.5     2   187     2   208     1   209 0.98 -
d2nvwa1c.2.1.3       -            238 d1qkia1c.2.1.3.aln   -            188   8.3e-24   80.2   0.0   1   1   2.9e-25   9.8e-24   79.9   0.0     2   187    16   208    15   209 0.99 -
d1cf2o1c.2.1.3       -            172 d1qkia1c.2.1.3.aln   -            188   5.8e-15   51.3   2.3   1   1   1.8e-16   6.2e-15   51.2   2.3     2   177     1   168     1   172 0.93 -
d1vkna1c.2.1.3       -            177 d1qkia1c.2.1.3.aln   -            188   1.3e-12   43.6   0.0   1   1   4.6e-14   1.6e-12   43.4   0.0     3   180     3   170     1   176 0.92 -
d1tlta1c.2.1.3       -            165 d1qkia1c.2.1.3.aln   -            188   1.8e-12   43.2   0.0   1   1   5.8e-14     2e-12   43.0   0.0     3   178     2   159     1   164 0.95 -
d1h9aa1c.2.1.3       -            196 d1qkia1c.2.1.3.aln   -            188   6.4e-12   41.4   0.1   1   1   2.1e-13   7.3e-12   41.2   0.1     2   183     3   187     2   191 0.96 -
d1ydwa1c.2.1.3       -            185 d1qkia1c.2.1.3.aln   -            188   9.4e-11   37.6   0.1   1   1   3.2e-12   1.1e-10   37.4   0.1     3   174     2   171     1   182 0.94 -
d1drua1c.2.1.3       -            161 d1qkia1c.2.1.3.aln   -            188     3e-10   35.9   0.1   1   1     1e-11   3.5e-10   35.7   0.1     7   145     5   134     2   159 0.89 -
d1f06a1c.2.1.3       -            171 d1qkia1c.2.1.3.aln   -            188   8.9e-09   31.1   0.0   1   1     3e-10     1e-08   31.0   0.0     3   173     4   161     2   169 0.82 -
d1ebfa1c.2.1.3       -            169 d1qkia1c.2.1.3.aln   -            188   1.5e-08   30.4   0.2   1   1     5e-10   1.7e-08   30.2   0.2     3   179     5   167     3   169 0.95 -
d1zh8a1c.2.1.3       -            182 d1qkia1c.2.1.3.aln   -            188     3e-08   29.4   0.0   1   1     1e-09   3.5e-08   29.2   0.0     2   143     3   144     2   174 0.86 -
d1t4ba1c.2.1.3       -            147 d1qkia1c.2.1.3.aln   -            188   2.1e-07   26.7   0.0   1   1   6.8e-09   2.3e-07   26.5   0.0     2   172     2   145     1   147 0.91 -
d1lc0a1c.2.1.3       -            173 d1qkia1c.2.1.3.aln   -            188   5.8e-07   25.3   0.0   1   1     2e-08     7e-07   25.0   0.0     5   182    10   171     7   173 0.85 -
d1xeaa1c.2.1.3       -            168 d1qkia1c.2.1.3.aln   -            188   5.8e-07   25.2   0.0   1   1     2e-08   6.9e-07   25.0   0.0     4   178     3   158     1   165 0.94 -
d1q0qa2c.2.1.3       -            152 d1qkia1c.2.1.3.aln   -            188   7.9e-07   24.8   0.0   1   1   2.7e-08   9.2e-07   24.6   0.0     4   176     4   150     1   152 0.95 -
d1nvmb1c.2.1.3       -            158 d1qkia1c.2.1.3.aln   -            188   2.1e-06   23.4   0.1   1   1   6.7e-08   2.3e-06   23.3   0.1     2    98     4    96     3   152 0.82 -
d1e5qa1c.2.1.3       -            183 d1qkia1c.2.1.3.aln   -            188   1.3e-05   20.9   0.1   1   1   4.4e-07   1.5e-05   20.6   0.1     3   182     3   178     1   182 0.96 -
d1vm6a3c.2.1.3       -            129 d1qkia1c.2.1.3.aln   -            188   0.00086   14.9   0.1   1   2      0.85        29    0.1   0.1     7    44     3    37     3    39 0.76 -
d1vm6a3c.2.1.3       -            129 d1qkia1c.2.1.3.aln   -            188   0.00086   14.9   0.1   2   2   4.4e-05    0.0015   14.1   0.0    54   162    24   117    13   124 0.85 -
d1yl7a1c.2.1.3       -            136 d1qkia1c.2.1.3.aln   -            188    0.0079   11.8   0.4   1   1    0.0023      0.08    8.5   0.4     3    27     1    25     1   116 0.71 -
#
# Program:         hmmsearch
# Version:         3.1b2 (February 2015)
# Pipeline mode:   SEARCH
# Query file:      hmmModels95/d1qkia1c.2.1.3.hmm
# Target file:     scop/scopTestSeq.fasta
# Option settings: hmmsearch --domtblout hmmModels95/d1qkia1c.2.1.3.out -E 1 hmmModels95/d1qkia1c.2.1.3.hmm scop/scopTestSeq.fasta 
# Current dir:     /users/nfs/Etu7/3801677/SBAS/TME8
# Date:            Tue Apr  4 15:53:59 2023
# [ok]
