#                                                                            --- full sequence --- -------------- this domain -------------   hmm coord   ali coord   env coord
# target name        accession   tlen query name           accession   qlen   E-value  score  bias   #  of  c-Evalue  i-Evalue  score  bias  from    to  from    to  from    to  acc description of target
#------------------- ---------- ----- -------------------- ---------- ----- --------- ------ ----- --- --- --------- --------- ------ ----- ----- ----- ----- ----- ----- ----- ---- ---------------------
d3kffa_b.60.1.1      -            152 d1qwda_b.60.1.1.aln  -            165   1.1e-51  170.5   0.4   1   1   2.2e-53   1.2e-51  170.4   0.4    11   164     2   150     1   151 0.98 -
d1kt7a_b.60.1.1      -            175 d1qwda_b.60.1.1.aln  -            165   3.2e-47  156.0   0.1   1   1   6.3e-49   3.6e-47  155.9   0.1     2   162     7   174     6   175 0.99 -
d1kxoa_b.60.1.1      -            171 d1qwda_b.60.1.1.aln  -            165   2.2e-46  153.3   0.9   1   1   4.4e-48   2.5e-46  153.1   0.9     1   163     8   171     8   171 0.98 -
d3s26a_b.60.1.1      -            176 d1qwda_b.60.1.1.aln  -            165   2.6e-46  153.1   0.2   1   1   5.3e-48     3e-46  152.9   0.2     3   164    10   174     8   175 0.98 -
d3saoa_b.60.1.1      -            155 d1qwda_b.60.1.1.aln  -            165   1.5e-43  144.1   0.1   1   1     3e-45   1.7e-43  143.9   0.1    13   163     1   147     1   149 0.99 -
d1dzka_b.60.1.1      -            148 d1qwda_b.60.1.1.aln  -            165   3.2e-37  123.5   0.2   1   1   6.2e-39   3.5e-37  123.4   0.2    14   164     2   148     1   148 0.98 -
d1lf7a_b.60.1.1      -            171 d1qwda_b.60.1.1.aln  -            165   1.1e-35  118.5   0.0   1   1   2.2e-37   1.3e-35  118.3   0.0     2   164     5   161     4   162 0.95 -
d1i4ua_b.60.1.1      -            181 d1qwda_b.60.1.1.aln  -            165   3.3e-34  113.7   0.7   1   1   6.7e-36   3.8e-34  113.5   0.7     3   164    14   175    12   176 0.93 -
d1epba_b.60.1.1      -            160 d1qwda_b.60.1.1.aln  -            165   8.1e-34  112.5   0.1   1   1   1.6e-35   8.9e-34  112.3   0.1     8   164     2   154     1   155 0.98 -
d1x8qa_b.60.1.1      -            184 d1qwda_b.60.1.1.aln  -            165   2.1e-33  111.1   6.7   1   1     4e-35   2.2e-33  111.0   6.7     4   164     8   179     1   180 0.96 -
d1qfta_b.60.1.1      -            175 d1qwda_b.60.1.1.aln  -            165   4.9e-26   87.1   7.2   1   1     1e-27   5.7e-26   86.9   7.2     7   161    17   172     7   175 0.96 -
d1xkia_b.60.1.1      -            139 d1qwda_b.60.1.1.aln  -            165   5.1e-25   83.8   0.0   1   1   9.8e-27   5.5e-25   83.7   0.0    15   157     2   137     1   139 0.96 -
d2joza1b.60.1.1      -            126 d1qwda_b.60.1.1.aln  -            165   8.9e-10   34.3   0.0   1   2   0.00024     0.013   10.9   0.1    14    62     2    51     1    53 0.95 -
d2joza1b.60.1.1      -            126 d1qwda_b.60.1.1.aln  -            165   8.9e-10   34.3   0.0   2   2   4.5e-08   2.5e-06   23.0   0.0    88   163    52   125    47   126 0.91 -
d1qwda_b.60.1.1      -            167 d1qwda_b.60.1.1.aln  -            165   1.8e-08   30.0   0.0   1   1   7.6e-10   4.3e-08   28.8   0.0     4   148    19   155    11   165 0.86 -
#
# Program:         hmmsearch
# Version:         3.1b2 (February 2015)
# Pipeline mode:   SEARCH
# Query file:      hmmModels95/d1qwda_b.60.1.1.hmm
# Target file:     scop/scopTestSeq.fasta
# Option settings: hmmsearch --domtblout hmmModels95/d1qwda_b.60.1.1.out -E 1 hmmModels95/d1qwda_b.60.1.1.hmm scop/scopTestSeq.fasta 
# Current dir:     /users/nfs/Etu7/3801677/SBAS/TME8
# Date:            Tue Apr  4 15:54:00 2023
# [ok]
