#                                                                            --- full sequence --- -------------- this domain -------------   hmm coord   ali coord   env coord
# target name        accession   tlen query name           accession   qlen   E-value  score  bias   #  of  c-Evalue  i-Evalue  score  bias  from    to  from    to  from    to  acc description of target
#------------------- ---------- ----- -------------------- ---------- ----- --------- ------ ----- --- --- --------- --------- ------ ----- ----- ----- ----- ----- ----- ----- ---- ---------------------
d1uuqa_c.1.8.3       -            410 d1qw9a2c.1.8.3.aln   -            342   8.4e-97  320.1  18.4   1   1   2.7e-98   9.4e-97  320.0  18.4     2   341     2   405     1   406 0.99 -
d3n9ka_c.1.8.3       -            394 d1qw9a2c.1.8.3.aln   -            342   1.2e-87  290.0  22.8   1   1   4.1e-89   1.4e-87  289.8  22.8     1   342     9   381     9   381 0.99 -
d1i1wa_c.1.8.3       -            303 d1qw9a2c.1.8.3.aln   -            342   9.7e-81  267.3   6.2   1   1   3.4e-82   1.2e-80  267.0   6.2    16   337    12   301     3   303 0.97 -
d1odza_c.1.8.3       -            381 d1qw9a2c.1.8.3.aln   -            342   2.2e-60  200.4  14.6   1   1   7.1e-62   2.4e-60  200.2  14.6     2   340    14   371    13   373 0.99 -
d1edga_c.1.8.3       -            380 d1qw9a2c.1.8.3.aln   -            342   1.7e-54  181.0  18.9   1   1   5.6e-56   1.9e-54  180.9  18.9     3   341    16   375    14   376 0.98 -
d1rh9a1c.1.8.3       -            370 d1qw9a2c.1.8.3.aln   -            342     3e-47  157.2   8.8   1   1   9.6e-49   3.3e-47  157.1   8.8     2   338     2   365     1   369 0.97 -
d1ceoa_c.1.8.3       -            340 d1qw9a2c.1.8.3.aln   -            342   2.3e-38  128.0   2.0   1   1     8e-40   2.7e-38  127.7   2.0     9   336     2   332     1   336 0.96 -
d1w91a2c.1.8.3       -            347 d1qw9a2c.1.8.3.aln   -            342   2.1e-34  115.0   0.1   1   1     7e-36   2.4e-34  114.8   0.1     7   336     3   342     1   346 0.96 -
d1hjua_c.1.8.3       -            332 d1qw9a2c.1.8.3.aln   -            342   2.7e-34  114.6  17.2   1   1   8.8e-36     3e-34  114.4  17.2     3   340     3   330     1   332 0.98 -
d1ecea_c.1.8.3       -            358 d1qw9a2c.1.8.3.aln   -            342   1.3e-33  112.4  16.1   1   1   4.1e-35   1.4e-33  112.2  16.1     3   337    10   349     8   354 0.95 -
d1vjza_c.1.8.3       -            325 d1qw9a2c.1.8.3.aln   -            342   6.7e-33  110.0   0.6   1   1   2.4e-34   8.4e-33  109.7   0.6    32   332    17   318     4   324 0.86 -
d1ur4a_c.1.8.3       -            387 d1qw9a2c.1.8.3.aln   -            342   1.1e-31  106.1  16.0   1   1   3.5e-33   1.2e-31  105.9  16.0     2   340    13   379    12   381 0.98 -
d7a3ha_c.1.8.3       -            300 d1qw9a2c.1.8.3.aln   -            342   1.4e-30  102.3  14.5   1   1   5.4e-32   1.9e-30  102.0  14.5    12   334    16   296    15   299 0.95 -
d2je8a5c.1.8.3       -            348 d1qw9a2c.1.8.3.aln   -            342   2.1e-27   91.9   7.0   1   1   6.8e-29   2.3e-27   91.8   7.0     9   338     5   343     1   347 0.97 -
d1jz8a5c.1.8.3       -            292 d1qw9a2c.1.8.3.aln   -            342   1.3e-26   89.3   1.3   1   1   1.4e-27   4.7e-26   87.5   1.3     4   337     2   291     1   292 0.95 -
d2vzsa5c.1.8.3       -            339 d1qw9a2c.1.8.3.aln   -            342   2.7e-23   78.5   2.4   1   1   8.6e-25   2.9e-23   78.3   2.4     4   340     6   337     3   339 0.97 -
d1bqca_c.1.8.3       -            302 d1qw9a2c.1.8.3.aln   -            342   7.8e-23   76.9  10.6   1   1   2.5e-24   8.6e-23   76.8  10.6     2   339     2   301     1   302 0.89 -
d1qnra_c.1.8.3       -            344 d1qw9a2c.1.8.3.aln   -            342   9.7e-23   76.6  23.3   1   1   3.2e-24   1.1e-22   76.4  23.3     2   338     3   340     2   344 0.98 -
d1h1na_c.1.8.3       -            305 d1qw9a2c.1.8.3.aln   -            342   7.1e-22   73.8  15.1   1   1   2.6e-23   8.9e-22   73.4  15.1     9   336     3   300     1   304 0.95 -
d2nt0a2c.1.8.3       -            354 d1qw9a2c.1.8.3.aln   -            342   6.7e-18   60.7   0.1   1   1   2.2e-19   7.5e-18   60.5   0.1     6   341    13   348     8   349 0.95 -
d1qw9a2c.1.8.3       -            367 d1qw9a2c.1.8.3.aln   -            342   6.7e-15   50.8   1.7   1   1   2.5e-16   8.4e-15   50.5   1.7     4   285     6   297     3   334 0.92 -
d2v3ga_c.1.8.3       -            273 d1qw9a2c.1.8.3.aln   -            342   4.8e-13   44.7  15.6   1   3      0.85        29   -0.6   0.6   188   210    31    53    20    56 0.78 -
d2v3ga_c.1.8.3       -            273 d1qw9a2c.1.8.3.aln   -            342   4.8e-13   44.7  15.6   2   3      0.97        33   -0.8   1.8   293   318    34    65    30    71 0.66 -
d2v3ga_c.1.8.3       -            273 d1qw9a2c.1.8.3.aln   -            342   4.8e-13   44.7  15.6   3   3   1.4e-14   4.8e-13   44.7  15.6   121   276    78   228    67   270 0.87 -
d1nofa2c.1.8.3       -            277 d1qw9a2c.1.8.3.aln   -            342   4.3e-06   21.9   3.2   1   1   1.5e-07   5.2e-06   21.6   3.2    30   313    15   257     4   276 0.86 -
#
# Program:         hmmsearch
# Version:         3.1b2 (February 2015)
# Pipeline mode:   SEARCH
# Query file:      hmmModels95/d1qw9a2c.1.8.3.hmm
# Target file:     scop/scopTestSeq.fasta
# Option settings: hmmsearch --domtblout hmmModels95/d1qw9a2c.1.8.3.out -E 1 hmmModels95/d1qw9a2c.1.8.3.hmm scop/scopTestSeq.fasta 
# Current dir:     /users/nfs/Etu7/3801677/SBAS/TME8
# Date:            Tue Apr  4 15:54:00 2023
# [ok]
