#                                                                            --- full sequence --- -------------- this domain -------------   hmm coord   ali coord   env coord
# target name        accession   tlen query name           accession   qlen   E-value  score  bias   #  of  c-Evalue  i-Evalue  score  bias  from    to  from    to  from    to  acc description of target
#------------------- ---------- ----- -------------------- ---------- ----- --------- ------ ----- --- --- --------- --------- ------ ----- ----- ----- ----- ----- ----- ----- ---- ---------------------
d1kkoa2d.54.1.1      -            160 d1r0ma2d.54.1.1.aln  -            133     3e-45  149.4   0.0   1   1   4.8e-47   3.4e-45  149.3   0.0     1   133    15   158    15   158 0.99 -
d2akza2d.54.1.1      -            139 d1r0ma2d.54.1.1.aln  -            133   3.3e-38  126.7   0.0   1   1     5e-40   3.6e-38  126.5   0.0     3   132     2   136     1   137 0.99 -
d1wuea2d.54.1.1      -            126 d1r0ma2d.54.1.1.aln  -            133   2.5e-35  117.4   0.0   1   1   3.8e-37   2.7e-35  117.2   0.0     1   130     1   125     1   126 0.97 -
d2mnra2d.54.1.1      -            130 d1r0ma2d.54.1.1.aln  -            133   4.5e-29   97.1   0.4   1   1   6.9e-31   4.9e-29   97.0   0.4     2   131     3   127     2   129 0.98 -
d1yeya2d.54.1.1      -            139 d1r0ma2d.54.1.1.aln  -            133   5.2e-28   93.7   0.3   1   1   7.9e-30   5.7e-28   93.5   0.3     2   132     2   138     1   139 0.98 -
d1sjda2d.54.1.1      -            125 d1r0ma2d.54.1.1.aln  -            133   1.5e-27   92.2   0.1   1   1   2.2e-29   1.6e-27   92.1   0.1     1   131     1   125     1   125 0.95 -
d2gdqa2d.54.1.1      -            115 d1r0ma2d.54.1.1.aln  -            133   1.5e-26   88.9   0.0   1   1   2.9e-28   2.1e-26   88.5   0.0     2   131     2   115     1   115 0.98 -
d1jpdx2d.54.1.1      -            116 d1r0ma2d.54.1.1.aln  -            133   9.8e-25   83.1   0.0   1   1   1.8e-26   1.3e-24   82.7   0.0     1   130     2   115     2   116 0.97 -
d2gl5a2d.54.1.1      -            122 d1r0ma2d.54.1.1.aln  -            133   4.4e-23   77.7   0.0   1   1   6.8e-25   4.9e-23   77.6   0.0     2   131     2   122     1   122 0.98 -
d1r6wa2d.54.1.1      -            101 d1r0ma2d.54.1.1.aln  -            133     4e-16   55.2   0.0   1   2   1.2e-10   8.6e-09   31.5   0.0     1    53     1    52     1    53 0.95 -
d1r6wa2d.54.1.1      -            101 d1r0ma2d.54.1.1.aln  -            133     4e-16   55.2   0.0   2   2   1.9e-08   1.4e-06   24.3   0.0    79   131    49    99    47   101 0.93 -
d1r0ma2d.54.1.1      -            127 d1r0ma2d.54.1.1.aln  -            133   1.5e-13   46.9   0.1   1   1   2.4e-15   1.7e-13   46.7   0.1     1   131     3   127     3   127 0.91 -
#
# Program:         hmmsearch
# Version:         3.1b2 (February 2015)
# Pipeline mode:   SEARCH
# Query file:      hmmModels95/d1r0ma2d.54.1.1.hmm
# Target file:     scop/scopTestSeq.fasta
# Option settings: hmmsearch --domtblout hmmModels95/d1r0ma2d.54.1.1.out -E 1 hmmModels95/d1r0ma2d.54.1.1.hmm scop/scopTestSeq.fasta 
# Current dir:     /users/nfs/Etu7/3801677/SBAS/TME8
# Date:            Tue Apr  4 15:54:00 2023
# [ok]
