#                                                                            --- full sequence --- -------------- this domain -------------   hmm coord   ali coord   env coord
# target name        accession   tlen query name           accession   qlen   E-value  score  bias   #  of  c-Evalue  i-Evalue  score  bias  from    to  from    to  from    to  acc description of target
#------------------- ---------- ----- -------------------- ---------- ----- --------- ------ ----- --- --- --------- --------- ------ ----- ----- ----- ----- ----- ----- ----- ---- ---------------------
d1z6na1c.47.1.1      -            166 d1r26a_c.47.1.1.aln  -            108   3.9e-39  128.5   0.0   1   1   8.3e-41   4.7e-39  128.3   0.0     1   108    38   154    38   154 0.99 -
d2i4aa_c.47.1.1      -            107 d1r26a_c.47.1.1.aln  -            108   2.9e-33  109.6   0.0   1   1   5.5e-35   3.1e-33  109.5   0.0     3   104     3   104     1   107 0.95 -
d1sena_c.47.1.1      -            135 d1r26a_c.47.1.1.aln  -            108   7.2e-29   95.5   0.0   1   1   1.5e-30   8.3e-29   95.3   0.0     2   106     7   118     6   120 0.98 -
d2fwha_c.47.1.1      -            117 d1r26a_c.47.1.1.aln  -            108   2.2e-17   58.5   0.1   1   1   4.6e-19   2.6e-17   58.3   0.1     3   105     5   116     3   117 0.92 -
d1zmaa1c.47.1.1      -            115 d1r26a_c.47.1.1.aln  -            108   1.7e-15   52.5   0.0   1   1   3.4e-17   1.9e-15   52.3   0.0     6   104    15   114    10   115 0.94 -
d1r26a_c.47.1.1      -            113 d1r26a_c.47.1.1.aln  -            108   1.4e-13   46.3   0.0   1   1     3e-15   1.7e-13   46.1   0.0    12    97    18   102    15   109 0.93 -
d2hzfa_c.47.1.0      -            110 d1r26a_c.47.1.1.aln  -            108   7.5e-11   37.5   0.0   1   1   1.4e-12   8.2e-11   37.4   0.0     6    96     3    89     1    98 0.93 -
d1iloa_c.47.1.1      -             77 d1r26a_c.47.1.1.aln  -            108   3.6e-09   32.1   0.1   1   1   6.9e-11   3.9e-09   32.0   0.1    23    95     2    67     1    76 0.88 -
d1abaa_c.47.1.1      -             87 d1r26a_c.47.1.1.aln  -            108   3.8e-09   32.1   0.0   1   1   7.3e-11   4.1e-09   31.9   0.0    21    99     3    85     1    87 0.83 -
d1wjka_c.47.1.1      -            100 d1r26a_c.47.1.1.aln  -            108   4.2e-09   31.9   0.0   1   1   7.9e-11   4.5e-09   31.8   0.0    10   101     5    93     1    99 0.94 -
d3qmxa_c.47.1.0      -             99 d1r26a_c.47.1.1.aln  -            108   2.6e-08   29.4   0.0   1   1     6e-10   3.4e-08   29.0   0.0    17   105    14    93     6    95 0.81 -
d3gnja_c.47.1.0      -            111 d1r26a_c.47.1.1.aln  -            108     6e-08   28.2   0.1   1   1   1.3e-09   7.2e-08   27.9   0.1     8    88    10    90     4   107 0.81 -
d2wcia_c.47.1.0      -            113 d1r26a_c.47.1.1.aln  -            108   0.00018   17.0   0.0   1   1   4.5e-06   0.00026   16.5   0.0    19   105    17    96     2    98 0.80 -
d3feua_c.47.1.0      -            183 d1r26a_c.47.1.1.aln  -            108    0.0006   15.3   0.0   1   2      0.16         9    1.9   0.0    25    48    25    48    15    55 0.83 -
d3feua_c.47.1.0      -            183 d1r26a_c.47.1.1.aln  -            108    0.0006   15.3   0.0   2   2   0.00023     0.013   11.0   0.0    48    95   126   169   124   180 0.73 -
#
# Program:         hmmsearch
# Version:         3.1b2 (February 2015)
# Pipeline mode:   SEARCH
# Query file:      hmmModels95/d1r26a_c.47.1.1.hmm
# Target file:     scop/scopTestSeq.fasta
# Option settings: hmmsearch --domtblout hmmModels95/d1r26a_c.47.1.1.out -E 1 hmmModels95/d1r26a_c.47.1.1.hmm scop/scopTestSeq.fasta 
# Current dir:     /users/nfs/Etu7/3801677/SBAS/TME8
# Date:            Tue Apr  4 15:54:00 2023
# [ok]
