#                                                                            --- full sequence --- -------------- this domain -------------   hmm coord   ali coord   env coord
# target name        accession   tlen query name           accession   qlen   E-value  score  bias   #  of  c-Evalue  i-Evalue  score  bias  from    to  from    to  from    to  acc description of target
#------------------- ---------- ----- -------------------- ---------- ----- --------- ------ ----- --- --- --------- --------- ------ ----- ----- ----- ----- ----- ----- ----- ---- ---------------------
d1y7ea2c.56.5.4      -            323 d1r3na1c.56.5.4.aln  -            269   7.5e-97  319.0   0.1   1   1   1.2e-98   8.5e-97  318.8   0.1     1   264    17   323    17   323 0.99 -
d1fnoa4c.56.5.4      -            296 d1r3na1c.56.5.4.aln  -            269   2.7e-85  281.1   0.0   1   1   4.1e-87     3e-85  281.0   0.0     6   268     1   295     1   296 0.99 -
d1y0ya3c.56.5.4      -            256 d1r3na1c.56.5.4.aln  -            269   7.1e-75  246.9   1.3   1   1   1.1e-76   7.9e-75  246.8   1.3     6   267     3   255     1   256 0.98 -
d1z2la1c.56.5.4      -            294 d1r3na1c.56.5.4.aln  -            269   4.8e-63  208.2   0.0   1   1   7.5e-65   5.4e-63  208.0   0.0     2   269     7   294     6   294 0.99 -
d1rtqa_c.56.5.4      -            291 d1r3na1c.56.5.4.aln  -            269   1.2e-62  206.9   0.1   1   1   1.8e-64   1.3e-62  206.8   0.1     2   267    12   290    11   291 0.99 -
d1cg2a1c.56.5.4      -            277 d1r3na1c.56.5.4.aln  -            269   2.2e-61  202.7   0.5   1   1   3.4e-63   2.5e-61  202.6   0.5     2   266    14   275    13   277 0.98 -
d1vgya1c.56.5.4      -            263 d1r3na1c.56.5.4.aln  -            269   1.8e-57  189.9   0.0   1   1   2.7e-59     2e-57  189.8   0.0     3   265     2   262     1   263 0.99 -
d1lfwa1c.56.5.4      -            273 d1r3na1c.56.5.4.aln  -            269   2.7e-57  189.3   0.1   1   1   4.3e-59   3.1e-57  189.1   0.1     2   268    12   272    11   273 0.98 -
d1tkja_c.56.5.4      -            277 d1r3na1c.56.5.4.aln  -            269   1.3e-50  167.4   0.0   1   1     2e-52   1.5e-50  167.2   0.0     3   267     3   274     1   276 0.98 -
d2grea2c.56.5.4      -            234 d1r3na1c.56.5.4.aln  -            269   5.5e-50  165.4   2.4   1   1   6.7e-51   4.8e-49  162.3   2.4     2   266     2   233     1   234 0.99 -
d1r3na1c.56.5.4      -            323 d1r3na1c.56.5.4.aln  -            269   2.7e-08   28.6   0.0   1   1   2.1e-09   1.5e-07   26.2   0.0    34   258    63   307    53   315 0.88 -
#
# Program:         hmmsearch
# Version:         3.1b2 (February 2015)
# Pipeline mode:   SEARCH
# Query file:      hmmModels95/d1r3na1c.56.5.4.hmm
# Target file:     scop/scopTestSeq.fasta
# Option settings: hmmsearch --domtblout hmmModels95/d1r3na1c.56.5.4.out -E 1 hmmModels95/d1r3na1c.56.5.4.hmm scop/scopTestSeq.fasta 
# Current dir:     /users/nfs/Etu7/3801677/SBAS/TME8
# Date:            Tue Apr  4 15:54:00 2023
# [ok]
