#                                                                            --- full sequence --- -------------- this domain -------------   hmm coord   ali coord   env coord
# target name        accession   tlen query name           accession   qlen   E-value  score  bias   #  of  c-Evalue  i-Evalue  score  bias  from    to  from    to  from    to  acc description of target
#------------------- ---------- ----- -------------------- ---------- ----- --------- ------ ----- --- --- --------- --------- ------ ----- ----- ----- ----- ----- ----- ----- ---- ---------------------
d1g41a_c.37.1.20     -            443 d1r6bx3c.37.1.20.aln -            296  9.6e-143  469.9   7.4   1   1  3.9e-144  1.3e-142  469.5   7.4     1   296     5   428     5   428 1.00 -
d1um8a_c.37.1.20     -            364 d1r6bx3c.37.1.20.aln -            296  7.5e-107  352.1   3.9   1   1  2.7e-108  8.8e-107  351.9   3.9     1   296     8   357     8   357 1.00 -
d2p65a_c.37.1.20     -            185 d1r6bx3c.37.1.20.aln -            296   7.3e-57  188.0   1.6   1   1   2.4e-58     8e-57  187.9   1.6     4   195     2   184     1   185 0.99 -
d1svma_c.37.1.20     -            362 d1r6bx3c.37.1.20.aln -            296   7.6e-53  174.8   0.0   1   1   2.6e-54   8.6e-53  174.6   0.0     2   295     5   331     4   332 0.99 -
d1iqpa2c.37.1.20     -            231 d1r6bx3c.37.1.20.aln -            296   4.1e-40  133.0   0.3   1   1   1.6e-41   5.1e-40  132.7   0.3     5   235     7   225     4   230 0.97 -
d1lv7a_c.37.1.20     -            256 d1r6bx3c.37.1.20.aln -            296     4e-37  123.2   0.0   1   1   1.4e-38   4.6e-37  123.0   0.0     3   243     6   244     4   255 0.95 -
d1njfa_c.37.1.20     -            239 d1r6bx3c.37.1.20.aln -            296   1.3e-32  108.4   0.0   1   1   4.7e-34   1.5e-32  108.1   0.0    12   225     2   222     1   231 0.95 -
d1g8pa_c.37.1.20     -            333 d1r6bx3c.37.1.20.aln -            296   2.4e-32  107.5   0.0   1   2    0.0039      0.13    6.6   0.0    46    67    31    52    13    54 0.91 -
d1g8pa_c.37.1.20     -            333 d1r6bx3c.37.1.20.aln -            296   2.4e-32  107.5   0.0   2   2   2.1e-31   6.8e-30   99.4   0.0    47   295    57   316    50   317 0.97 -
d1sxja2c.37.1.20     -            253 d1r6bx3c.37.1.20.aln -            296   7.8e-31  102.5   0.0   1   1   2.7e-32   8.7e-31  102.4   0.0    11   240    17   246     7   252 0.95 -
d2a5yb3c.37.1.20     -            277 d1r6bx3c.37.1.20.aln -            296     2e-23   78.2   0.0   1   1   6.7e-25   2.2e-23   78.1   0.0     6   269     5   276     1   277 0.97 -
d1u0ja_c.37.1.20     -            267 d1r6bx3c.37.1.20.aln -            296   4.8e-19   63.8   0.0   1   1   1.6e-20   5.2e-19   63.7   0.0     8   273     5   264     1   267 0.97 -
d1fnna2c.37.1.20     -            276 d1r6bx3c.37.1.20.aln -            296   1.3e-18   62.4   0.0   1   1   5.6e-20   1.8e-18   61.9   0.0     6   263     3   274     1   276 0.94 -
d1w5sa2c.37.1.20     -            287 d1r6bx3c.37.1.20.aln -            296   1.4e-18   62.4   0.0   1   1   4.5e-20   1.5e-18   62.2   0.0     6   262     3   281     1   287 0.96 -
d1in4a2c.37.1.20     -            238 d1r6bx3c.37.1.20.aln -            296   1.6e-15   52.3   4.0   1   1   2.8e-16   9.1e-15   49.8   4.0    17   248     4   234     1   237 0.87 -
d1d2na_c.37.1.20     -            246 d1r6bx3c.37.1.20.aln -            296   3.6e-15   51.1   0.0   1   1   1.2e-16     4e-15   51.0   0.0    35   243    32   240     5   246 0.92 -
d2fnaa2c.37.1.20     -            283 d1r6bx3c.37.1.20.aln -            296   8.2e-15   49.9   0.2   1   1   2.8e-16   9.3e-15   49.8   0.2     4   268     4   282     1   283 0.96 -
d1jqlb_c.37.1.20     -            140 d1r6bx3c.37.1.20.aln -            296   6.4e-10   33.9   0.0   1   1   2.5e-11   8.1e-10   33.6   0.0    23   173     1   129     1   136 0.95 -
d1r6bx3c.37.1.20     -            315 d1r6bx3c.37.1.20.aln -            296   1.2e-07   26.4   0.2   1   3   8.4e-08   2.8e-06   21.9   0.0    26   143    26   146     1   164 0.84 -
d1r6bx3c.37.1.20     -            315 d1r6bx3c.37.1.20.aln -            296   1.2e-07   26.4   0.2   2   3      0.22       7.2    0.9   0.0   218   250   182   214   168   239 0.76 -
d1r6bx3c.37.1.20     -            315 d1r6bx3c.37.1.20.aln -            296   1.2e-07   26.4   0.2   3   3      0.45        15   -0.1   0.0   221   274   231   279   226   282 0.76 -
d1ny5a2c.37.1.20     -            247 d1r6bx3c.37.1.20.aln -            296   1.8e-07   25.8   0.2   1   1   9.8e-08   3.2e-06   21.7   0.2   127   255   114   245    25   247 0.89 -
d2gnoa2c.37.1.20     -            198 d1r6bx3c.37.1.20.aln -            296   4.8e-07   24.4   0.0   1   1   3.5e-07   1.1e-05   19.9   0.0   120   227    81   187     1   197 0.77 -
d1l8qa2c.37.1.20     -            213 d1r6bx3c.37.1.20.aln -            296   1.5e-06   22.9   0.1   1   1   5.3e-08   1.7e-06   22.6   0.1    15   132     6   111     1   208 0.83 -
d1tuea_c.37.1.20     -            205 d1r6bx3c.37.1.20.aln -            296   2.8e-06   21.9   0.0   1   1   1.4e-07   4.5e-06   21.3   0.0    14   181     6   178     3   204 0.93 -
d1a5ta2c.37.1.20     -            207 d1r6bx3c.37.1.20.aln -            296   4.8e-05   17.9   0.0   1   1   1.8e-06     6e-05   17.6   0.0    41   181    22   170     7   204 0.75 -
d1y63a_c.37.1.1      -            174 d1r6bx3c.37.1.20.aln -            296   0.00011   16.7   6.7   1   3     8e-06   0.00026   15.5   0.0    45    69     7    31     6    46 0.89 -
d1y63a_c.37.1.1      -            174 d1r6bx3c.37.1.20.aln -            296   0.00011   16.7   6.7   2   3       4.7   1.5e+02   -3.5   0.0     7    21    53    67    51    72 0.80 -
d1y63a_c.37.1.1      -            174 d1r6bx3c.37.1.20.aln -            296   0.00011   16.7   6.7   3   3     0.024       0.8    4.0   1.7   205   261   112   169   103   172 0.77 -
#
# Program:         hmmsearch
# Version:         3.1b2 (February 2015)
# Pipeline mode:   SEARCH
# Query file:      hmmModels95/d1r6bx3c.37.1.20.hmm
# Target file:     scop/scopTestSeq.fasta
# Option settings: hmmsearch --domtblout hmmModels95/d1r6bx3c.37.1.20.out -E 1 hmmModels95/d1r6bx3c.37.1.20.hmm scop/scopTestSeq.fasta 
# Current dir:     /users/nfs/Etu7/3801677/SBAS/TME8
# Date:            Tue Apr  4 15:54:00 2023
# [ok]
