#                                                                            --- full sequence --- -------------- this domain -------------   hmm coord   ali coord   env coord
# target name        accession   tlen query name           accession   qlen   E-value  score  bias   #  of  c-Evalue  i-Evalue  score  bias  from    to  from    to  from    to  acc description of target
#------------------- ---------- ----- -------------------- ---------- ----- --------- ------ ----- --- --- --------- --------- ------ ----- ----- ----- ----- ----- ----- ----- ---- ---------------------
d1bf2a2b.71.1.1      -            113 d1r7aa1b.71.1.1.aln  -             89   2.3e-27   90.8   7.5   1   1   7.3e-29   2.9e-27   90.5   7.5     2    89    16   107    15   107 0.98 -
d1m7xa2b.71.1.1      -            106 d1r7aa1b.71.1.1.aln  -             89   1.5e-25   85.0   0.0   1   1   4.2e-27   1.7e-25   84.9   0.0     1    89     3    91     3    91 0.98 -
d2fhfa4b.71.1.1      -            118 d1r7aa1b.71.1.1.aln  -             89   3.3e-23   77.5   0.2   1   1   9.7e-25   3.8e-23   77.3   0.2     1    88    14   105    14   106 0.98 -
d2guya1b.71.1.1      -             95 d1r7aa1b.71.1.1.aln  -             89     1e-20   69.5   0.4   1   1   2.8e-22   1.1e-20   69.4   0.4     5    89     4    88     1    88 0.97 -
d1szna1b.71.1.1      -            103 d1r7aa1b.71.1.1.aln  -             89   4.2e-20   67.5   0.1   1   1   1.2e-21   4.9e-20   67.3   0.1     1    89    12   100    12   100 0.98 -
d3bmva3b.71.1.1      -             89 d1r7aa1b.71.1.1.aln  -             89   7.9e-19   63.5   5.5   1   1   2.1e-20   8.4e-19   63.4   5.5     1    87     1    87     1    89 0.98 -
d1e43a1b.71.1.1      -             90 d1r7aa1b.71.1.1.aln  -             89   6.4e-18   60.5   2.3   1   1   1.8e-19     7e-18   60.4   2.3     1    85     4    88     4    90 0.98 -
d1uasa1b.71.1.1      -             89 d1r7aa1b.71.1.1.aln  -             89   1.7e-14   49.6   0.9   1   1   4.3e-16   1.7e-14   49.6   0.9     6    86     6    87     1    89 0.93 -
d1ea9c2b.71.1.1      -             80 d1r7aa1b.71.1.1.aln  -             89     2e-13   46.1   0.0   1   1   5.3e-15   2.1e-13   46.1   0.0     3    80     2    79     1    80 0.96 -
d1ji1a2b.71.1.1      -             83 d1r7aa1b.71.1.1.aln  -             89   2.1e-11   39.7   3.2   1   1   5.6e-13   2.2e-11   39.6   3.2     5    81     4    80     1    83 0.93 -
d1g5aa1b.71.1.1      -             74 d1r7aa1b.71.1.1.aln  -             89   2.3e-08   29.9   0.0   1   1   6.6e-10   2.6e-08   29.7   0.0     7    79     5    74     2    74 0.97 -
d1h3ga2b.71.1.1      -             83 d1r7aa1b.71.1.1.aln  -             89   4.7e-08   28.9   0.0   1   1   1.2e-09   4.8e-08   28.9   0.0     6    73     3    70     1    82 0.87 -
d1j0ha2b.71.1.1      -             83 d1r7aa1b.71.1.1.aln  -             89   5.1e-08   28.8   0.0   1   1   1.3e-09   5.1e-08   28.8   0.0     4    62     4    59     1    82 0.81 -
d1mxga1b.71.1.1      -             74 d1r7aa1b.71.1.1.aln  -             89   5.4e-07   25.5   1.5   1   1   1.4e-08   5.6e-07   25.5   1.5     5    73     5    73     1    74 0.97 -
d1wzaa1b.71.1.1      -             79 d1r7aa1b.71.1.1.aln  -             89   5.6e-07   25.5   0.1   1   1   1.5e-08   6.1e-07   25.4   0.1     6    59     4    57     2    76 0.85 -
d1ua7a1b.71.1.1      -             78 d1r7aa1b.71.1.1.aln  -             89   6.2e-06   22.1   0.7   1   1   1.7e-07   6.7e-06   22.0   0.7    10    74    11    75     4    78 0.91 -
d1ht6a1b.71.1.1      -             57 d1r7aa1b.71.1.1.aln  -             89   1.1e-05   21.3   0.1   1   1     3e-07   1.2e-05   21.2   0.1    16    66     6    56     2    57 0.94 -
d1gjwa1b.71.1.1      -             64 d1r7aa1b.71.1.1.aln  -             89   3.2e-05   19.8   0.0   1   1   9.2e-07   3.6e-05   19.7   0.0     8    67     5    64     3    64 0.93 -
d1lwha1b.71.1.1      -             50 d1r7aa1b.71.1.1.aln  -             89   0.00031   16.7   0.0   1   1     8e-06   0.00032   16.7   0.0     4    44     2    42     1    49 0.87 -
d2bhua2b.71.1.1      -             72 d1r7aa1b.71.1.1.aln  -             89   0.00036   16.5   0.0   1   1   9.3e-06   0.00037   16.4   0.0     7    71     5    69     1    72 0.90 -
#
# Program:         hmmsearch
# Version:         3.1b2 (February 2015)
# Pipeline mode:   SEARCH
# Query file:      hmmModels95/d1r7aa1b.71.1.1.hmm
# Target file:     scop/scopTestSeq.fasta
# Option settings: hmmsearch --domtblout hmmModels95/d1r7aa1b.71.1.1.out -E 1 hmmModels95/d1r7aa1b.71.1.1.hmm scop/scopTestSeq.fasta 
# Current dir:     /users/nfs/Etu7/3801677/SBAS/TME8
# Date:            Tue Apr  4 15:54:00 2023
# [ok]
