#                                                                            --- full sequence --- -------------- this domain -------------   hmm coord   ali coord   env coord
# target name        accession   tlen query name           accession   qlen   E-value  score  bias   #  of  c-Evalue  i-Evalue  score  bias  from    to  from    to  from    to  acc description of target
#------------------- ---------- ----- -------------------- ---------- ----- --------- ------ ----- --- --- --------- --------- ------ ----- ----- ----- ----- ----- ----- ----- ---- ---------------------
d1uoka2c.1.8.1       -            479 d1r7aa2c.1.8.1.aln   -            431  2.1e-124  411.2  23.1   1   1  6.5e-126  2.6e-124  410.9  23.1     5   430     2   479     1   479 0.99 -
d1g5aa2c.1.8.1       -            554 d1r7aa2c.1.8.1.aln   -            431  3.7e-109  360.9   5.4   1   1  1.1e-110  4.3e-109  360.7   5.4     2   431    45   554    44   554 0.98 -
d3bmva4c.1.8.1       -            406 d1r7aa2c.1.8.1.aln   -            431     1e-96  320.0  16.0   1   1   2.8e-98   1.1e-96  319.8  16.0     7   430    10   406     4   406 0.96 -
d1e43a2c.1.8.1       -            393 d1r7aa2c.1.8.1.aln   -            431   1.2e-93  309.8  17.5   1   1   3.5e-95   1.4e-93  309.6  17.5    11   424     2   393     1   393 0.98 -
d1wzaa2c.1.8.1       -            409 d1r7aa2c.1.8.1.aln   -            431   6.7e-92  304.1  20.4   1   1   1.9e-93   7.6e-92  303.9  20.4     9   429     2   408     1   409 0.96 -
d1x1na1c.1.8.1       -            523 d1r7aa2c.1.8.1.aln   -            431   2.8e-88  292.1   0.1   1   1   8.2e-90   3.2e-88  291.9   0.1     2   430    29   490    28   491 0.98 -
d2guya2c.1.8.1       -            381 d1r7aa2c.1.8.1.aln   -            431   3.8e-85  281.8   8.2   1   1   1.1e-86   4.2e-85  281.7   8.2     5   424     2   371     1   378 0.96 -
d1ji1a3c.1.8.1       -            432 d1r7aa2c.1.8.1.aln   -            431   1.5e-81  270.0  23.0   1   1   4.1e-83   1.6e-81  269.9  23.0     2   431     1   432     1   432 0.97 -
d1h3ga3c.1.8.1       -            422 d1r7aa2c.1.8.1.aln   -            431   1.5e-77  256.8  11.2   1   1   4.1e-79   1.6e-77  256.7  11.2     4   431     4   422     1   422 0.94 -
d2fhfa5c.1.8.1       -            563 d1r7aa2c.1.8.1.aln   -            431   8.7e-74  244.4   0.4   1   1   2.5e-75   9.8e-74  244.2   0.4     2   431    34   563    33   563 0.99 -
d1gjwa2c.1.8.1       -            572 d1r7aa2c.1.8.1.aln   -            431   2.2e-71  236.5   0.3   1   1   6.2e-73   2.4e-71  236.3   0.3     2   430    36   571    35   572 0.97 -
d1bf2a3c.1.8.1       -            475 d1r7aa2c.1.8.1.aln   -            431     6e-71  235.0  12.3   1   1   1.7e-72   6.7e-71  234.9  12.3     5   429    10   471     6   473 0.98 -
d1wdpa_c.1.8.1       -            493 d1r7aa2c.1.8.1.aln   -            431   1.2e-62  207.7   0.9   1   1   3.3e-64   1.3e-62  207.6   0.9     3   414     8   477     6   493 0.97 -
d1ht6a2c.1.8.1       -            347 d1r7aa2c.1.8.1.aln   -            431   5.3e-58  192.4   7.6   1   1   1.5e-59   5.9e-58  192.2   7.6    11   423     1   344     1   347 0.94 -
d2bhua3c.1.8.1       -            420 d1r7aa2c.1.8.1.aln   -            431   5.6e-46  152.8   3.2   1   1   2.4e-47   9.7e-46  152.0   3.2     4   430     9   419     6   420 0.97 -
d1ua7a2c.1.8.1       -            344 d1r7aa2c.1.8.1.aln   -            431   8.2e-45  148.9  11.5   1   1   3.1e-46   1.2e-44  148.4  11.5    39   422    12   337     2   343 0.85 -
d1m7xa3c.1.8.1       -            396 d1r7aa2c.1.8.1.aln   -            431   3.9e-40  133.5  21.3   1   1   1.3e-41   5.2e-40  133.1  21.3     6   429    11   391     7   392 0.96 -
d1vema2c.1.8.1       -            417 d1r7aa2c.1.8.1.aln   -            431   1.1e-20   69.5   9.8   1   1   3.2e-22   1.3e-20   69.2   9.8     7   418     4   401     1   411 0.96 -
d1kwga2c.1.8.1       -            393 d1r7aa2c.1.8.1.aln   -            431     1e-18   62.9   0.1   1   1   3.1e-20   1.2e-18   62.7   0.1     2   387     4   370     3   388 0.94 -
d1r7aa2c.1.8.1       -            434 d1r7aa2c.1.8.1.aln   -            431   9.2e-05   17.0   1.0   1   2   5.4e-06   0.00021   15.8   0.8    60   133    34   108    24   224 0.68 -
d1r7aa2c.1.8.1       -            434 d1r7aa2c.1.8.1.aln   -            431   9.2e-05   17.0   1.0   2   2       4.5   1.8e+02   -3.8   0.0   370   390   372   396   363   422 0.65 -
#
# Program:         hmmsearch
# Version:         3.1b2 (February 2015)
# Pipeline mode:   SEARCH
# Query file:      hmmModels95/d1r7aa2c.1.8.1.hmm
# Target file:     scop/scopTestSeq.fasta
# Option settings: hmmsearch --domtblout hmmModels95/d1r7aa2c.1.8.1.out -E 1 hmmModels95/d1r7aa2c.1.8.1.hmm scop/scopTestSeq.fasta 
# Current dir:     /users/nfs/Etu7/3801677/SBAS/TME8
# Date:            Tue Apr  4 15:54:01 2023
# [ok]
