#                                                                            --- full sequence --- -------------- this domain -------------   hmm coord   ali coord   env coord
# target name        accession   tlen query name           accession   qlen   E-value  score  bias   #  of  c-Evalue  i-Evalue  score  bias  from    to  from    to  from    to  acc description of target
#------------------- ---------- ----- -------------------- ---------- ----- --------- ------ ----- --- --- --------- --------- ------ ----- ----- ----- ----- ----- ----- ----- ---- ---------------------
d3vlva_c.94.1.1      -            490 d1r9la_c.94.1.1.aln  -            358  3.1e-143  472.9  15.3   1   2  5.4e-145  3.1e-143  472.9  15.3     1   358    19   410    19   410 1.00 -
d3vlva_c.94.1.1      -            490 d1r9la_c.94.1.1.aln  -            358  3.1e-143  472.9  15.3   2   2       5.3     3e+02   -3.8   0.1    94   126   414   446   412   453 0.79 -
d1jeta_c.94.1.1      -            517 d1r9la_c.94.1.1.aln  -            358  1.4e-107  355.6  16.5   1   1    3e-109  1.7e-107  355.4  16.5     2   357   130   513   129   514 0.99 -
d1vr5a1c.94.1.1      -            535 d1r9la_c.94.1.1.aln  -            358   4.7e-70  232.3  21.1   1   2       3.1   1.7e+02   -3.0   0.1     4    30    43    69    40    73 0.77 -
d1vr5a1c.94.1.1      -            535 d1r9la_c.94.1.1.aln  -            358   4.7e-70  232.3  21.1   2   2   8.3e-72   4.7e-70  232.3  21.1     3   357   124   518   122   519 0.99 -
d2nooa_c.94.1.1      -            496 d1r9la_c.94.1.1.aln  -            358   1.1e-68  227.8   0.4   1   1   2.4e-70   1.4e-68  227.5   0.4     2   357   101   495   100   496 0.99 -
d1uqwa_c.94.1.1      -            487 d1r9la_c.94.1.1.aln  -            358   1.9e-66  220.5  13.7   1   2       3.4   1.9e+02   -3.1   0.1   129   172    46    95    45    96 0.77 -
d1uqwa_c.94.1.1      -            487 d1r9la_c.94.1.1.aln  -            358   1.9e-66  220.5  13.7   2   2   3.3e-68   1.9e-66  220.5  13.7     2   355   102   484   101   487 0.99 -
d1xoca1c.94.1.1      -            504 d1r9la_c.94.1.1.aln  -            358   2.8e-62  206.7  26.4   1   1   6.1e-64   3.4e-62  206.4  26.4     1   357   123   501   123   502 1.00 -
d1eu8a_c.94.1.1      -            407 d1r9la_c.94.1.1.aln  -            358   1.8e-50  167.9  10.8   1   1   3.5e-52     2e-50  167.8  10.8     3   357    10   389     8   390 0.98 -
d1ursa_c.94.1.1      -            367 d1r9la_c.94.1.1.aln  -            358   6.5e-38  126.6  12.3   1   1   1.3e-39   7.3e-38  126.5  12.3     3   356     6   352     4   354 0.97 -
d1nnfa_c.94.1.1      -            308 d1r9la_c.94.1.1.aln  -            358   3.8e-27   91.2   9.8   1   1   8.3e-29   4.7e-27   90.9   9.8     6   326     2   287     1   293 0.96 -
d1q35a_c.94.1.1      -            318 d1r9la_c.94.1.1.aln  -            358   2.2e-24   82.1   2.2   1   1     5e-26   2.8e-24   81.8   2.2     6   304     4   269     2   310 0.96 -
d3thia_c.94.1.1      -            362 d1r9la_c.94.1.1.aln  -            358   3.8e-20   68.2   0.4   1   1   9.2e-22   5.2e-20   67.8   0.4     4   354     9   356     7   358 0.98 -
d1pb7a_c.94.1.1      -            289 d1r9la_c.94.1.1.aln  -            358   3.2e-13   45.5   0.0   1   1   6.3e-15   3.5e-13   45.3   0.0    16   335     3   288     1   289 0.94 -
d1sbpa_c.94.1.1      -            309 d1r9la_c.94.1.1.aln  -            358     8e-06   21.1  10.3   1   1   1.8e-07     1e-05   20.8  10.3     7   354     7   301     2   304 0.95 -
d1i6aa_c.94.1.1      -            212 d1r9la_c.94.1.1.aln  -            358    0.0068   11.5   0.0   1   1   0.00014    0.0081   11.2   0.0   155   262    87   166    81   211 0.84 -
#
# Program:         hmmsearch
# Version:         3.1b2 (February 2015)
# Pipeline mode:   SEARCH
# Query file:      hmmModels95/d1r9la_c.94.1.1.hmm
# Target file:     scop/scopTestSeq.fasta
# Option settings: hmmsearch --domtblout hmmModels95/d1r9la_c.94.1.1.out -E 1 hmmModels95/d1r9la_c.94.1.1.hmm scop/scopTestSeq.fasta 
# Current dir:     /users/nfs/Etu7/3801677/SBAS/TME8
# Date:            Tue Apr  4 15:54:01 2023
# [ok]
