#                                                                            --- full sequence --- -------------- this domain -------------   hmm coord   ali coord   env coord
# target name        accession   tlen query name           accession   qlen   E-value  score  bias   #  of  c-Evalue  i-Evalue  score  bias  from    to  from    to  from    to  acc description of target
#------------------- ---------- ----- -------------------- ---------- ----- --------- ------ ----- --- --- --------- --------- ------ ----- ----- ----- ----- ----- ----- ----- ---- ---------------------
d2arza1b.45.1.1      -            238 d1rfea_b.45.1.1.aln  -            183   9.4e-79  259.1   0.2   1   1   2.1e-80   1.1e-78  258.9   0.2     4   183     2   200     1   200 0.99 -
d2vpaa_b.45.1.1      -            215 d1rfea_b.45.1.1.aln  -            183   3.3e-51  169.3   0.1   1   1   7.2e-53   3.8e-51  169.1   0.1     2   183    33   215    32   215 0.99 -
d2fura1b.45.1.1      -            193 d1rfea_b.45.1.1.aln  -            183   1.3e-36  121.7   0.0   1   1   2.8e-38   1.5e-36  121.6   0.0     3   182     1   187     1   188 0.97 -
d1xhna1b.45.1.1      -            170 d1rfea_b.45.1.1.aln  -            183   2.9e-33  110.9   0.0   1   1     6e-35   3.1e-33  110.7   0.0     3   160     6   169     4   170 0.97 -
d2fg9a1b.45.1.1      -            157 d1rfea_b.45.1.1.aln  -            183   1.5e-29   98.7   0.0   1   1   3.1e-31   1.7e-29   98.6   0.0     3   152     3   153     1   157 0.97 -
d2htia1b.45.1.1      -            156 d1rfea_b.45.1.1.aln  -            183   2.4e-25   85.0   0.0   1   1     5e-27   2.6e-25   84.9   0.0     5   159     1   155     1   156 0.97 -
d2hq9a1b.45.1.1      -            148 d1rfea_b.45.1.1.aln  -            183   6.1e-25   83.7   0.0   1   1   1.3e-26   6.6e-25   83.6   0.0     1   149     1   145     1   148 0.97 -
d1w9aa_b.45.1.1      -            142 d1rfea_b.45.1.1.aln  -            183   1.2e-23   79.5   0.0   1   1   2.5e-25   1.3e-23   79.4   0.0     7   150     2   139     1   142 0.93 -
d1vl7a_b.45.1.1      -            135 d1rfea_b.45.1.1.aln  -            183   1.5e-23   79.2   0.0   1   1   3.4e-25   1.8e-23   78.9   0.0    13   154     4   134     2   135 0.95 -
d2i02a1b.45.1.1      -            143 d1rfea_b.45.1.1.aln  -            183   2.7e-23   78.4   0.0   1   1   5.7e-25     3e-23   78.2   0.0     4   158     4   143     1   143 0.96 -
d2hq7a1b.45.1.1      -            141 d1rfea_b.45.1.1.aln  -            183   1.8e-22   75.7   0.0   1   1   3.8e-24     2e-22   75.5   0.0     5   157     4   140     1   141 0.96 -
d2fhqa1b.45.1.1      -            135 d1rfea_b.45.1.1.aln  -            183   1.4e-21   72.8   0.0   1   1     3e-23   1.6e-21   72.6   0.0     4   153     2   133     1   135 0.97 -
d2asfa1b.45.1.1      -            125 d1rfea_b.45.1.1.aln  -            183   1.2e-16   56.8   0.0   1   1   2.5e-18   1.3e-16   56.6   0.0     7   113     1   106     1   115 0.96 -
d3a6ra_b.45.1.1      -            122 d1rfea_b.45.1.1.aln  -            183   1.8e-12   43.1   0.0   1   1   3.7e-14   1.9e-12   43.0   0.0     7   115     3   112     1   120 0.95 -
d1rfea_b.45.1.1      -            160 d1rfea_b.45.1.1.aln  -            183   1.2e-07   27.4   0.0   1   2   1.6e-08   8.5e-07   24.6   0.0    17   106    21   112     9   118 0.85 -
d1rfea_b.45.1.1      -            160 d1rfea_b.45.1.1.aln  -            183   1.2e-07   27.4   0.0   2   2      0.33        17    0.8   0.0   162   183   127   149   119   149 0.88 -
#
# Program:         hmmsearch
# Version:         3.1b2 (February 2015)
# Pipeline mode:   SEARCH
# Query file:      hmmModels95/d1rfea_b.45.1.1.hmm
# Target file:     scop/scopTestSeq.fasta
# Option settings: hmmsearch --domtblout hmmModels95/d1rfea_b.45.1.1.out -E 1 hmmModels95/d1rfea_b.45.1.1.hmm scop/scopTestSeq.fasta 
# Current dir:     /users/nfs/Etu7/3801677/SBAS/TME8
# Date:            Tue Apr  4 15:54:01 2023
# [ok]
