#                                                                            --- full sequence --- -------------- this domain -------------   hmm coord   ali coord   env coord
# target name        accession   tlen query name           accession   qlen   E-value  score  bias   #  of  c-Evalue  i-Evalue  score  bias  from    to  from    to  from    to  acc description of target
#------------------- ---------- ----- -------------------- ---------- ----- --------- ------ ----- --- --- --------- --------- ------ ----- ----- ----- ----- ----- ----- ----- ---- ---------------------
d3n9ka_c.1.8.3       -            394 d1rh9a1c.1.8.3.aln   -            348   7.1e-91  300.6  23.2   1   1   2.3e-92   8.6e-91  300.3  23.2     5   348    38   392    34   392 0.99 -
d1i1wa_c.1.8.3       -            303 d1rh9a1c.1.8.3.aln   -            348   3.8e-85  281.7   6.0   1   1   1.2e-86   4.5e-85  281.5   6.0    25   347    17   302     3   303 0.95 -
d1odza_c.1.8.3       -            381 d1rh9a1c.1.8.3.aln   -            348   2.5e-54  180.4  14.2   1   1   7.6e-56   2.9e-54  180.2  14.2     1   347     9   372     9   373 0.99 -
d1uuqa_c.1.8.3       -            410 d1rh9a1c.1.8.3.aln   -            348   1.6e-47  158.0  17.9   1   1   4.7e-49   1.7e-47  157.9  17.9     2   347    14   409    13   410 0.99 -
d1hjua_c.1.8.3       -            332 d1rh9a1c.1.8.3.aln   -            348   1.2e-44  148.6  16.2   1   1   3.4e-46   1.3e-44  148.4  16.2    12   346     4   330     1   332 0.96 -
d1w91a2c.1.8.3       -            347 d1rh9a1c.1.8.3.aln   -            348   1.9e-42  141.3   0.2   1   1   5.5e-44   2.1e-42  141.2   0.2     3   346    13   343    11   345 0.96 -
d1edga_c.1.8.3       -            380 d1rh9a1c.1.8.3.aln   -            348   2.6e-40  134.3  17.7   1   1   7.8e-42   2.9e-40  134.1  17.7     2   346    11   375    10   377 0.98 -
d1qw9a2c.1.8.3       -            367 d1rh9a1c.1.8.3.aln   -            348   1.2e-39  132.1   2.5   1   1   3.6e-41   1.4e-39  131.9   2.5     3   346     5   363     3   365 0.98 -
d1ecea_c.1.8.3       -            358 d1rh9a1c.1.8.3.aln   -            348   1.6e-39  131.7  15.8   1   1   4.8e-41   1.8e-39  131.5  15.8     4   344    14   356    11   358 0.96 -
d1ur4a_c.1.8.3       -            387 d1rh9a1c.1.8.3.aln   -            348   2.5e-39  131.0  14.5   1   1   7.4e-41   2.8e-39  130.9  14.5     3   346     6   382     4   384 0.98 -
d7a3ha_c.1.8.3       -            300 d1rh9a1c.1.8.3.aln   -            348   9.7e-39  129.1  15.0   1   1   3.4e-40   1.3e-38  128.7  15.0    12   331    13   294    12   298 0.94 -
d2je8a5c.1.8.3       -            348 d1rh9a1c.1.8.3.aln   -            348   6.8e-34  113.2   7.3   1   1   2.1e-35   7.9e-34  113.0   7.3     8   345    10   346     4   348 0.98 -
d1bqca_c.1.8.3       -            302 d1rh9a1c.1.8.3.aln   -            348     5e-33  110.3  11.0   1   1   1.5e-34   5.5e-33  110.2  11.0     5   345     1   299     1   302 0.94 -
d1qnra_c.1.8.3       -            344 d1rh9a1c.1.8.3.aln   -            348   8.7e-32  106.3  21.7   1   1   2.7e-33     1e-31  106.0  21.7     7   345     9   342     4   344 0.98 -
d2nt0a2c.1.8.3       -            354 d1rh9a1c.1.8.3.aln   -            348   1.7e-27   92.1   0.1   1   1     5e-29   1.9e-27   92.0   0.1     7   346     5   347     1   349 0.98 -
d1ceoa_c.1.8.3       -            340 d1rh9a1c.1.8.3.aln   -            348   3.8e-27   91.0   1.6   1   1   1.1e-28   4.2e-27   90.8   1.6     2   346     3   338     2   340 0.96 -
d1vjza_c.1.8.3       -            325 d1rh9a1c.1.8.3.aln   -            348   5.6e-26   87.1   0.4   1   1   1.7e-27   6.4e-26   87.0   0.4    23   310    16   299     1   322 0.94 -
d1jz8a5c.1.8.3       -            292 d1rh9a1c.1.8.3.aln   -            348   9.4e-25   83.1   0.3   1   1     3e-26   1.1e-24   82.8   0.3     9   347     2   292     1   292 0.93 -
d2vzsa5c.1.8.3       -            339 d1rh9a1c.1.8.3.aln   -            348   2.1e-23   78.7   2.8   1   1   6.1e-25   2.3e-23   78.6   2.8     8   346     6   338     1   339 0.97 -
d1h1na_c.1.8.3       -            305 d1rh9a1c.1.8.3.aln   -            348   3.7e-17   58.1  13.5   1   1   1.1e-18   4.2e-17   57.9  13.5     6   346     2   301     1   303 0.94 -
d2v3ga_c.1.8.3       -            273 d1rh9a1c.1.8.3.aln   -            348   9.9e-09   30.4  22.0   1   1   3.7e-10   1.4e-08   29.9  22.0    12   299     5   248     2   267 0.88 -
#
# Program:         hmmsearch
# Version:         3.1b2 (February 2015)
# Pipeline mode:   SEARCH
# Query file:      hmmModels95/d1rh9a1c.1.8.3.hmm
# Target file:     scop/scopTestSeq.fasta
# Option settings: hmmsearch --domtblout hmmModels95/d1rh9a1c.1.8.3.out -E 1 hmmModels95/d1rh9a1c.1.8.3.hmm scop/scopTestSeq.fasta 
# Current dir:     /users/nfs/Etu7/3801677/SBAS/TME8
# Date:            Tue Apr  4 15:54:01 2023
# [ok]
