#                                                                            --- full sequence --- -------------- this domain -------------   hmm coord   ali coord   env coord
# target name        accession   tlen query name           accession   qlen   E-value  score  bias   #  of  c-Evalue  i-Evalue  score  bias  from    to  from    to  from    to  acc description of target
#------------------- ---------- ----- -------------------- ---------- ----- --------- ------ ----- --- --- --------- --------- ------ ----- ----- ----- ----- ----- ----- ----- ---- ---------------------
d1t33a1a.4.1.9       -             88 d1rkta1a.4.1.9.aln   -             74   1.8e-31  103.5   2.2   1   1   5.4e-33     2e-31  103.3   2.2     1    74     9    81     9    81 0.98 -
d2id6a1a.4.1.9       -             75 d1rkta1a.4.1.9.aln   -             74   1.2e-26   88.0   0.4   1   1   3.5e-28   1.3e-26   87.9   0.4     4    73     3    72     1    73 0.97 -
d1vi0a1a.4.1.9       -             72 d1rkta1a.4.1.9.aln   -             74   1.2e-25   84.8   0.1   1   1   3.5e-27   1.3e-25   84.7   0.1     5    72     2    69     1    71 0.96 -
d1ui5a1a.4.1.9       -             71 d1rkta1a.4.1.9.aln   -             74   4.4e-23   76.6   1.5   1   1   1.2e-24   4.6e-23   76.6   1.5     2    63     3    64     2    71 0.91 -
d2gfna1a.4.1.9       -             77 d1rkta1a.4.1.9.aln   -             74   1.4e-22   75.0   0.3   1   1   3.9e-24   1.4e-22   75.0   0.3     3    73     5    75     3    76 0.96 -
d2oi8a1a.4.1.9       -             79 d1rkta1a.4.1.9.aln   -             74   1.6e-22   74.8   0.7   1   1   4.5e-24   1.7e-22   74.7   0.7     2    72     7    77     6    79 0.97 -
d2gena1a.4.1.9       -             70 d1rkta1a.4.1.9.aln   -             74   6.6e-22   72.8   0.5   1   1   1.9e-23     7e-22   72.8   0.5     6    71     2    67     1    70 0.95 -
d2i10a1a.4.1.9       -             69 d1rkta1a.4.1.9.aln   -             74   1.5e-21   71.7   0.0   1   1   4.3e-23   1.6e-21   71.6   0.0     8    71     4    67     1    69 0.95 -
d2fd5a1a.4.1.9       -             76 d1rkta1a.4.1.9.aln   -             74   2.8e-21   70.9   0.1   1   1   8.6e-23   3.2e-21   70.6   0.1     1    69     4    72     4    75 0.96 -
d1sgma1a.4.1.9       -             73 d1rkta1a.4.1.9.aln   -             74   2.3e-20   67.9   0.0   1   1   6.5e-22   2.4e-20   67.8   0.0     4    73     2    72     1    73 0.96 -
d2np5a1a.4.1.9       -             69 d1rkta1a.4.1.9.aln   -             74   3.5e-20   67.3   0.1   1   1   9.8e-22   3.7e-20   67.3   0.1     6    70     3    67     1    69 0.95 -
d1t56a1a.4.1.9       -             73 d1rkta1a.4.1.9.aln   -             74   9.9e-20   65.9   0.0   1   1   2.7e-21     1e-19   65.8   0.0     8    73     7    72     1    73 0.86 -
d2np3a1a.4.1.9       -             65 d1rkta1a.4.1.9.aln   -             74     1e-19   65.8   0.3   1   1   3.4e-21   1.3e-19   65.5   0.3     9    63     1    55     1    64 0.90 -
d2hyja1a.4.1.9       -             75 d1rkta1a.4.1.9.aln   -             74   1.7e-19   65.2   0.1   1   1   4.6e-21   1.7e-19   65.1   0.1     3    70     4    71     2    75 0.94 -
d2g7sa1a.4.1.9       -             74 d1rkta1a.4.1.9.aln   -             74   3.5e-19   64.1   0.0   1   1   9.7e-21   3.6e-19   64.1   0.0     3    72     3    72     1    74 0.94 -
d2iu5a1a.4.1.9       -             71 d1rkta1a.4.1.9.aln   -             74   1.9e-18   61.8   0.1   1   1   5.2e-20     2e-18   61.7   0.1     4    66     5    68     2    71 0.93 -
d1zk8a1a.4.1.9       -             72 d1rkta1a.4.1.9.aln   -             74     3e-16   54.7   0.1   1   1   8.5e-18   3.2e-16   54.6   0.1     4    72     3    71     1    72 0.97 -
d2o7ta1a.4.1.9       -             78 d1rkta1a.4.1.9.aln   -             74   7.6e-16   53.4   0.0   1   1   2.1e-17   7.8e-16   53.4   0.0     3    70     5    74     3    78 0.80 -
d2id3a1a.4.1.9       -             68 d1rkta1a.4.1.9.aln   -             74   9.6e-16   53.1   0.1   1   1   2.6e-17   9.9e-16   53.1   0.1     3    64     5    66     3    68 0.94 -
d1rkta1a.4.1.9       -             81 d1rkta1a.4.1.9.aln   -             74   2.3e-15   51.9   0.0   1   1   6.8e-17   2.6e-15   51.7   0.0     4    72    11    79     8    81 0.92 -
d2g7ga1a.4.1.9       -             65 d1rkta1a.4.1.9.aln   -             74   2.5e-14   48.6   0.0   1   1   6.9e-16   2.6e-14   48.5   0.0     5    68     2    63     1    65 0.95 -
#
# Program:         hmmsearch
# Version:         3.1b2 (February 2015)
# Pipeline mode:   SEARCH
# Query file:      hmmModels95/d1rkta1a.4.1.9.hmm
# Target file:     scop/scopTestSeq.fasta
# Option settings: hmmsearch --domtblout hmmModels95/d1rkta1a.4.1.9.out -E 1 hmmModels95/d1rkta1a.4.1.9.hmm scop/scopTestSeq.fasta 
# Current dir:     /users/nfs/Etu7/3801677/SBAS/TME8
# Date:            Tue Apr  4 15:54:01 2023
# [ok]
