#                                                                            --- full sequence --- -------------- this domain -------------   hmm coord   ali coord   env coord
# target name        accession   tlen query name           accession   qlen   E-value  score  bias   #  of  c-Evalue  i-Evalue  score  bias  from    to  from    to  from    to  acc description of target
#------------------- ---------- ----- -------------------- ---------- ----- --------- ------ ----- --- --- --------- --------- ------ ----- ----- ----- ----- ----- ----- ----- ---- ---------------------
d1d7qa_b.40.4.5      -            143 d1rl2a2b.40.4.5.aln  -             90   2.8e-19   65.0   0.7   1   2   1.5e-20   5.8e-19   64.1   0.0     2    89    19   112    18   113 0.98 -
d1d7qa_b.40.4.5      -            143 d1rl2a2b.40.4.5.aln  -             90   2.8e-19   65.0   0.7   2   2       4.2   1.7e+02   -1.3   0.1    55    72   118   135   114   138 0.74 -
d2nn6i1b.40.4.5      -            125 d1rl2a2b.40.4.5.aln  -             90   2.7e-18   61.9   0.0   1   1   8.3e-20   3.3e-18   61.7   0.0     3    88     2    93     1    95 0.96 -
d2uubl1b.40.4.5      -            118 d1rl2a2b.40.4.5.aln  -             90   8.4e-18   60.3   1.2   1   1     3e-19   1.2e-17   59.8   1.2     2    89    22   105    21   106 0.96 -
d2vnud3b.40.4.5      -            148 d1rl2a2b.40.4.5.aln  -             90   2.4e-15   52.5   0.0   1   1     8e-17   3.2e-15   52.1   0.0     2    89    26   120    25   121 0.98 -
d2uubq1b.40.4.5      -            100 d1rl2a2b.40.4.5.aln  -             90   3.7e-13   45.5   1.8   1   1   1.2e-14   4.6e-13   45.2   1.8     9    88     2    79     1    81 0.96 -
d3bzka4b.40.4.5      -             94 d1rl2a2b.40.4.5.aln  -             90   1.4e-12   43.6   0.6   1   1   3.9e-14   1.5e-12   43.5   0.6     2    87    12    93    11    94 0.94 -
d1rl2a2b.40.4.5      -             66 d1rl2a2b.40.4.5.aln  -             90   5.1e-12   41.8   0.2   1   1   1.6e-13   6.1e-12   41.6   0.2    26    88     2    64     2    65 0.96 -
d1wi5a_b.40.4.5      -            119 d1rl2a2b.40.4.5.aln  -             90   1.2e-11   40.6   0.0   1   1   3.5e-13   1.4e-11   40.5   0.0     2    89    15   109    14   110 0.95 -
d2ja9a1b.40.4.5      -             90 d1rl2a2b.40.4.5.aln  -             90   1.9e-10   36.8   0.0   1   1   5.3e-12   2.1e-10   36.7   0.0     2    79     1    74     1    84 0.94 -
d1kl9a2b.40.4.5      -             86 d1rl2a2b.40.4.5.aln  -             90   9.1e-10   34.6   0.6   1   1   2.5e-11     1e-09   34.5   0.6     3    83     8    86     6    86 0.95 -
d1go3e1b.40.4.5      -            106 d1rl2a2b.40.4.5.aln  -             90   5.6e-09   32.1   0.6   1   1   1.6e-10   6.3e-09   32.0   0.6     6    84     1    85     1    91 0.91 -
d1luza_b.40.4.5      -             85 d1rl2a2b.40.4.5.aln  -             90   7.1e-08   28.6   0.5   1   1   1.9e-09   7.6e-08   28.5   0.5     6    86     6    83     2    85 0.93 -
d1c9oa_b.40.4.5      -             66 d1rl2a2b.40.4.5.aln  -             90   1.6e-07   27.5   0.1   1   1   4.5e-09   1.8e-07   27.3   0.1    13    76     3    60     1    65 0.93 -
d2je6i1b.40.4.5      -             87 d1rl2a2b.40.4.5.aln  -             90   2.9e-07   26.7   1.0   1   1   9.7e-09   3.8e-07   26.3   1.0     4    84     3    81     1    86 0.79 -
d2nn6h1b.40.4.5      -             95 d1rl2a2b.40.4.5.aln  -             90     3e-07   26.6   0.0   1   1   9.1e-09   3.6e-07   26.4   0.0     3    82     3    87     1    93 0.88 -
d1jt8a_b.40.4.5      -            102 d1rl2a2b.40.4.5.aln  -             90   2.5e-06   23.7   0.6   1   1   8.7e-08   3.4e-06   23.2   0.6     5    87    11   100     7   101 0.95 -
d1smxa_b.40.4.5      -             87 d1rl2a2b.40.4.5.aln  -             90   5.3e-06   22.6   0.0   1   1   1.5e-07   5.8e-06   22.5   0.0    11    87     3    86     1    87 0.94 -
d1e3pa2b.40.4.5      -             62 d1rl2a2b.40.4.5.aln  -             90   2.2e-05   20.7   0.2   1   1   5.8e-07   2.3e-05   20.6   0.2    14    72     1    59     1    62 0.94 -
d1wfqa_b.40.4.5      -             89 d1rl2a2b.40.4.5.aln  -             90   0.00017   17.8   0.0   1   1   5.6e-06   0.00022   17.4   0.0    53    87    52    86    28    88 0.88 -
d1y14b1b.40.4.5      -             91 d1rl2a2b.40.4.5.aln  -             90    0.0055   13.0   0.0   1   1   0.00017    0.0066   12.7   0.0     5    89     3    87     1    88 0.77 -
#
# Program:         hmmsearch
# Version:         3.1b2 (February 2015)
# Pipeline mode:   SEARCH
# Query file:      hmmModels95/d1rl2a2b.40.4.5.hmm
# Target file:     scop/scopTestSeq.fasta
# Option settings: hmmsearch --domtblout hmmModels95/d1rl2a2b.40.4.5.out -E 1 hmmModels95/d1rl2a2b.40.4.5.hmm scop/scopTestSeq.fasta 
# Current dir:     /users/nfs/Etu7/3801677/SBAS/TME8
# Date:            Tue Apr  4 15:54:01 2023
# [ok]
