#                                                                            --- full sequence --- -------------- this domain -------------   hmm coord   ali coord   env coord
# target name        accession   tlen query name           accession   qlen   E-value  score  bias   #  of  c-Evalue  i-Evalue  score  bias  from    to  from    to  from    to  acc description of target
#------------------- ---------- ----- -------------------- ---------- ----- --------- ------ ----- --- --- --------- --------- ------ ----- ----- ----- ----- ----- ----- ----- ---- ---------------------
d1r3na1c.56.5.4      -            323 d1rtqa_c.56.5.4.aln  -            276   2.1e-95  314.7   0.0   1   1   2.9e-97   2.3e-95  314.5   0.0     2   276     6   319     5   319 0.99 -
d1y7ea2c.56.5.4      -            323 d1rtqa_c.56.5.4.aln  -            276   4.9e-85  280.6   0.1   1   1   6.9e-87   5.5e-85  280.5   0.1     1   275    11   319    11   320 0.99 -
d1fnoa4c.56.5.4      -            296 d1rtqa_c.56.5.4.aln  -            276   2.2e-84  278.5   0.0   1   1   3.1e-86   2.4e-84  278.3   0.0     1   274     1   295     1   296 0.99 -
d1z2la1c.56.5.4      -            294 d1rtqa_c.56.5.4.aln  -            276   1.3e-74  246.4   0.0   1   1   1.9e-76   1.5e-74  246.2   0.0     2   275     5   294     4   294 0.99 -
d1y0ya3c.56.5.4      -            256 d1rtqa_c.56.5.4.aln  -            276     7e-72  237.5   1.4   1   1   9.8e-74   7.7e-72  237.3   1.4    15   273     3   255     1   256 0.98 -
d1cg2a1c.56.5.4      -            277 d1rtqa_c.56.5.4.aln  -            276   2.8e-62  206.0   0.2   1   1   3.9e-64   3.1e-62  205.8   0.2     2   272     5   275     4   277 0.99 -
d1tkja_c.56.5.4      -            277 d1rtqa_c.56.5.4.aln  -            276     3e-61  202.6   0.0   1   1   4.2e-63   3.3e-61  202.5   0.0     2   272     5   276     4   277 0.99 -
d1vgya1c.56.5.4      -            263 d1rtqa_c.56.5.4.aln  -            276   8.4e-58  191.3   0.0   1   1   1.2e-59   9.3e-58  191.2   0.0    12   271     2   262     1   263 0.99 -
d1lfwa1c.56.5.4      -            273 d1rtqa_c.56.5.4.aln  -            276   2.1e-56  186.7   0.1   1   1   2.9e-58   2.3e-56  186.6   0.1     2   274     3   272     2   273 0.99 -
d2grea2c.56.5.4      -            234 d1rtqa_c.56.5.4.aln  -            276   4.3e-47  156.2   1.1   1   1   6.5e-49   5.1e-47  155.9   1.1    10   272     1   233     1   234 0.99 -
#
# Program:         hmmsearch
# Version:         3.1b2 (February 2015)
# Pipeline mode:   SEARCH
# Query file:      hmmModels95/d1rtqa_c.56.5.4.hmm
# Target file:     scop/scopTestSeq.fasta
# Option settings: hmmsearch --domtblout hmmModels95/d1rtqa_c.56.5.4.out -E 1 hmmModels95/d1rtqa_c.56.5.4.hmm scop/scopTestSeq.fasta 
# Current dir:     /users/nfs/Etu7/3801677/SBAS/TME8
# Date:            Tue Apr  4 15:54:01 2023
# [ok]
