#                                                                            --- full sequence --- -------------- this domain -------------   hmm coord   ali coord   env coord
# target name        accession   tlen query name           accession   qlen   E-value  score  bias   #  of  c-Evalue  i-Evalue  score  bias  from    to  from    to  from    to  acc description of target
#------------------- ---------- ----- -------------------- ---------- ----- --------- ------ ----- --- --- --------- --------- ------ ----- ----- ----- ----- ----- ----- ----- ---- ---------------------
d2dw4a2c.3.1.2       -            450 d1ryia1c.3.1.2.aln   -            354  3.5e-137  452.4   0.1   1   2  5.2e-138  1.6e-136  450.2   0.1     1   354     1   396     1   396 1.00 -
d2dw4a2c.3.1.2       -            450 d1ryia1c.3.1.2.aln   -            354  3.5e-137  452.4   0.1   2   2      0.38        12    0.0   0.0   311   348   409   446   408   448 0.92 -
d2iida1c.3.1.2       -            371 d1ryia1c.3.1.2.aln   -            354    6e-106  349.7   0.0   1   1  2.1e-107  6.7e-106  349.5   0.0     1   351    26   370    26   371 0.99 -
d1n4wa1c.3.1.2       -            368 d1ryia1c.3.1.2.aln   -            354   1.2e-78  259.9   0.4   1   1   4.3e-80   1.4e-78  259.7   0.4     2   350    15   366    14   368 0.99 -
d1b5qa1c.3.1.2       -            348 d1ryia1c.3.1.2.aln   -            354   5.1e-74  244.7   0.1   1   1   1.8e-75   5.7e-74  244.5   0.1     7   353     2   346     1   347 0.99 -
d1kdga1c.3.1.2       -            361 d1ryia1c.3.1.2.aln   -            354   4.3e-72  238.3   0.0   1   1   1.5e-73   4.8e-72  238.2   0.0     4   350     1   358     1   361 0.99 -
d1seza1c.3.1.2       -            374 d1ryia1c.3.1.2.aln   -            354   1.7e-70  233.1   0.0   1   1     6e-72   1.9e-70  232.9   0.0     6   353     2   363     1   364 0.99 -
d2gmha1c.3.1.2       -            381 d1ryia1c.3.1.2.aln   -            354   2.7e-70  232.4   0.0   1   1   9.6e-72     3e-70  232.2   0.0     1   352    14   377    14   379 0.99 -
d2f5va1c.3.1.2       -            380 d1ryia1c.3.1.2.aln   -            354   1.1e-69  230.4   0.2   1   2   3.8e-05    0.0012   13.2   0.2     5    31     4    30     4    30 0.96 -
d2f5va1c.3.1.2       -            380 d1ryia1c.3.1.2.aln   -            354   1.1e-69  230.4   0.2   2   2   6.2e-69     2e-67  223.0   0.0     1   353    14   377    14   378 0.99 -
d1pn0a1c.3.1.2       -            361 d1ryia1c.3.1.2.aln   -            354   1.7e-63  210.1   0.0   1   1   5.9e-65   1.9e-63  209.9   0.0     2   349     4   360     3   361 0.99 -
d1ju2a1c.3.1.2       -            352 d1ryia1c.3.1.2.aln   -            354   1.5e-62  207.0   0.2   1   1   5.4e-64   1.7e-62  206.8   0.2     2   353    24   351    23   352 0.99 -
d2ivda1c.3.1.2       -            348 d1ryia1c.3.1.2.aln   -            354   3.4e-53  176.2   0.1   1   1   1.2e-54   3.7e-53  176.0   0.1     7   341     2   345     1   348 0.99 -
d1k0ia1c.3.1.2       -            293 d1ryia1c.3.1.2.aln   -            354   7.5e-45  148.7   0.1   1   1   1.4e-45   4.3e-44  146.2   0.1     5   331     2   286     1   291 0.98 -
d2gf3a1c.3.1.2       -            282 d1ryia1c.3.1.2.aln   -            354   7.4e-44  145.5   0.0   1   1   2.9e-45   9.1e-44  145.2   0.0     3   311     1   278     1   281 0.98 -
d1pj5a2c.3.1.2       -            306 d1ryia1c.3.1.2.aln   -            354   9.7e-43  141.8   0.0   1   1   3.4e-44   1.1e-42  141.6   0.0     5   338     1   304     1   306 0.98 -
d3c96a1c.3.1.2       -            289 d1ryia1c.3.1.2.aln   -            354   1.3e-40  134.8   0.1   1   1   4.4e-42   1.4e-40  134.7   0.1     5   316     1   287     1   289 0.98 -
d2voua1c.3.1.2       -            266 d1ryia1c.3.1.2.aln   -            354   4.7e-40  133.0   0.8   1   1     2e-40   6.2e-39  129.3   0.8     3   317     2   265     1   266 0.98 -
d1nhpa2c.3.1.5       -            123 d1ryia1c.3.1.2.aln   -            354   5.6e-05   17.6   0.1   1   1   1.8e-06   5.8e-05   17.5   0.1     7    41    32    66    30   118 0.90 -
d2gv8a1c.3.1.5       -            336 d1ryia1c.3.1.2.aln   -            354   0.00024   15.5   0.0   1   1   1.2e-05   0.00039   14.8   0.0     7    42     6    43     2    68 0.81 -
d1v59a2c.3.1.5       -            122 d1ryia1c.3.1.2.aln   -            354   0.00031   15.1   0.7   1   1   1.7e-05   0.00055   14.3   0.7     5    35    23    53    21    99 0.89 -
d1v59a1c.3.1.5       -            234 d1ryia1c.3.1.2.aln   -            354   0.00047   14.5   0.3   1   2   2.4e-05   0.00076   13.8   0.0     7    42     7    42     3    96 0.88 -
d1v59a1c.3.1.5       -            234 d1ryia1c.3.1.2.aln   -            354   0.00047   14.5   0.3   2   2       5.2   1.6e+02   -3.7   0.0    10    30   201   221   198   223 0.82 -
d1w4xa1c.3.1.5       -            299 d1ryia1c.3.1.2.aln   -            354    0.0012   13.2   0.2   1   1   6.2e-05    0.0019   12.5   0.2     7    42     9    44     7    54 0.92 -
d1fl2a2c.3.1.5       -            126 d1ryia1c.3.1.2.aln   -            354    0.0019   12.5   1.9   1   2    0.0002    0.0062   10.9   0.5     6    34    31    59    29    61 0.82 -
d1fl2a2c.3.1.5       -            126 d1ryia1c.3.1.2.aln   -            354    0.0019   12.5   1.9   2   2      0.24       7.7    0.7   0.0    27    49    95   117    91   123 0.85 -
d1ryia1c.3.1.2       -            277 d1ryia1c.3.1.2.aln   -            354     0.004   11.5   0.1   1   1   0.00016    0.0052   11.1   0.1     8    44     7    42     2    98 0.85 -
d1gpja2c.2.1.7       -            159 d1ryia1c.3.1.2.aln   -            354    0.0049   11.2   0.6   1   1   0.00021    0.0067   10.7   0.6     5    40    24    59    21    72 0.89 -
d1xhca2c.3.1.5       -            122 d1ryia1c.3.1.2.aln   -            354     0.012    9.8   0.6   1   1   0.00045     0.014    9.7   0.6     9    37    36    64    29   106 0.89 -
#
# Program:         hmmsearch
# Version:         3.1b2 (February 2015)
# Pipeline mode:   SEARCH
# Query file:      hmmModels95/d1ryia1c.3.1.2.hmm
# Target file:     scop/scopTestSeq.fasta
# Option settings: hmmsearch --domtblout hmmModels95/d1ryia1c.3.1.2.out -E 1 hmmModels95/d1ryia1c.3.1.2.hmm scop/scopTestSeq.fasta 
# Current dir:     /users/nfs/Etu7/3801677/SBAS/TME8
# Date:            Tue Apr  4 15:54:01 2023
# [ok]
