#                                                                            --- full sequence --- -------------- this domain -------------   hmm coord   ali coord   env coord
# target name        accession   tlen query name           accession   qlen   E-value  score  bias   #  of  c-Evalue  i-Evalue  score  bias  from    to  from    to  from    to  acc description of target
#------------------- ---------- ----- -------------------- ---------- ----- --------- ------ ----- --- --- --------- --------- ------ ----- ----- ----- ----- ----- ----- ----- ---- ---------------------
d2fbka1a.4.5.28      -            172 d1s3ja_a.4.5.28.aln  -            143   1.3e-57  189.2   0.0   1   1   3.9e-59   1.5e-57  188.9   0.0     1   143    29   172    29   172 0.99 -
d2fxaa1a.4.5.28      -            162 d1s3ja_a.4.5.28.aln  -            143   6.1e-53  174.0   0.0   1   1   1.7e-54   6.8e-53  173.9   0.0     2   143     9   148     8   148 0.99 -
d1lj9a_a.4.5.28      -            144 d1s3ja_a.4.5.28.aln  -            143   6.7e-40  131.7   1.2   1   1   1.9e-41   7.4e-40  131.6   1.2     7   142     2   135     1   136 0.98 -
d2fbia1a.4.5.28      -            136 d1s3ja_a.4.5.28.aln  -            143   9.2e-39  128.1   0.6   1   1   2.5e-40   9.9e-39  128.0   0.6     7   140     3   134     1   136 0.97 -
d2etha1a.4.5.28      -            140 d1s3ja_a.4.5.28.aln  -            143   1.9e-38  127.0   0.0   1   1   5.2e-40   2.1e-38  126.9   0.0     5   143     3   139     1   139 0.98 -
d2fbha1a.4.5.28      -            137 d1s3ja_a.4.5.28.aln  -            143   1.4e-37  124.2   0.3   1   1     4e-39   1.6e-37  124.1   0.3     8   142     2   135     1   136 0.98 -
d2a61a1a.4.5.28      -            139 d1s3ja_a.4.5.28.aln  -            143   2.5e-37  123.4   0.0   1   1   7.1e-39   2.8e-37  123.3   0.0     5   143     1   137     1   137 0.98 -
d3broa1a.4.5.28      -            135 d1s3ja_a.4.5.28.aln  -            143     4e-36  119.5   5.4   1   1   1.1e-37   4.3e-36  119.4   5.4     7   139     2   134     1   135 0.99 -
d1jgsa_a.4.5.28      -            138 d1s3ja_a.4.5.28.aln  -            143   4.5e-35  116.1   0.0   1   1   1.2e-36   4.9e-35  116.0   0.0     3   137     3   136     1   138 0.91 -
d3echa_a.4.5.28      -            142 d1s3ja_a.4.5.28.aln  -            143   3.9e-34  113.1   0.1   1   1   1.1e-35   4.2e-34  112.9   0.1     4   140     5   141     2   142 0.98 -
d2hr3a1a.4.5.28      -            145 d1s3ja_a.4.5.28.aln  -            143   1.1e-32  108.4   0.1   1   1   2.9e-34   1.2e-32  108.3   0.1     2   143     2   142     1   142 0.98 -
d1p4xa1a.4.5.28      -            125 d1s3ja_a.4.5.28.aln  -            143   1.6e-32  107.8   1.7   1   1   4.5e-34   1.8e-32  107.7   1.7     1   124     1   124     1   125 0.97 -
d1p4xa2a.4.5.28      -            125 d1s3ja_a.4.5.28.aln  -            143   4.4e-31  103.2   3.3   1   1   1.2e-32   4.6e-31  103.1   3.3     4   121     3   120     1   125 0.96 -
d1hsja1a.4.5.28      -            115 d1s3ja_a.4.5.28.aln  -            143   1.6e-30  101.3   3.7   1   1   4.5e-32   1.8e-30  101.2   3.7     4   116     2   114     1   115 0.98 -
d3jw4a_a.4.5.0       -            137 d1s3ja_a.4.5.28.aln  -            143   6.7e-24   79.9   0.1   1   1   1.9e-25   7.6e-24   79.7   0.1    11   137     7   133     2   137 0.95 -
d3bjaa_a.4.5.0       -            139 d1s3ja_a.4.5.28.aln  -            143   2.4e-21   71.6   0.1   1   1   6.5e-23   2.6e-21   71.5   0.1    17   140    16   137     2   139 0.91 -
d1ub9a_a.4.5.28      -            100 d1s3ja_a.4.5.28.aln  -            143   7.4e-20   66.8   0.0   1   1     2e-21     8e-20   66.7   0.0    19   117     1    97     1   100 0.97 -
d1s3ja_a.4.5.28      -            143 d1s3ja_a.4.5.28.aln  -            143   1.7e-19   65.6   3.0   1   1   5.5e-21   2.2e-19   65.3   3.0     9   139    10   138     4   141 0.92 -
d3ctaa1a.4.5.28      -             85 d1s3ja_a.4.5.28.aln  -            143     2e-14   49.2   0.2   1   1   5.6e-16   2.2e-14   49.0   0.2    47   115    18    83     3    85 0.92 -
d3df8a_a.4.5.0       -            109 d1s3ja_a.4.5.28.aln  -            143   0.00041   15.7   0.0   1   1   1.6e-05   0.00062   15.1   0.0    44   111    36   100    19   106 0.81 -
#
# Program:         hmmsearch
# Version:         3.1b2 (February 2015)
# Pipeline mode:   SEARCH
# Query file:      hmmModels95/d1s3ja_a.4.5.28.hmm
# Target file:     scop/scopTestSeq.fasta
# Option settings: hmmsearch --domtblout hmmModels95/d1s3ja_a.4.5.28.out -E 1 hmmModels95/d1s3ja_a.4.5.28.hmm scop/scopTestSeq.fasta 
# Current dir:     /users/nfs/Etu7/3801677/SBAS/TME8
# Date:            Tue Apr  4 15:54:01 2023
# [ok]
