#                                                                            --- full sequence --- -------------- this domain -------------   hmm coord   ali coord   env coord
# target name        accession   tlen query name           accession   qlen   E-value  score  bias   #  of  c-Evalue  i-Evalue  score  bias  from    to  from    to  from    to  acc description of target
#------------------- ---------- ----- -------------------- ---------- ----- --------- ------ ----- --- --- --------- --------- ------ ----- ----- ----- ----- ----- ----- ----- ---- ---------------------
d3hl8a_c.55.3.5      -            470 d1s5ja1c.55.3.5.aln  -            303  1.9e-152  502.4   3.0   1   1    4e-154  2.2e-152  502.2   3.0     1   303    98   458    98   458 1.00 -
d1q8ia1c.55.3.5      -            388 d1s5ja1c.55.3.5.aln  -            303   3.7e-87  288.0   0.0   1   1   7.3e-89   4.1e-87  287.9   0.0     1   303    18   377    18   377 1.00 -
d2hbja2c.55.3.5      -            292 d1s5ja1c.55.3.5.aln  -            303   2.8e-54  180.1   1.0   1   1   5.5e-56   3.1e-54  179.9   1.0     1   302     1   286     1   287 0.99 -
d3mxma_c.55.3.5      -            229 d1s5ja1c.55.3.5.aln  -            303   6.8e-41  136.1   0.0   1   1   1.3e-42   7.5e-41  135.9   0.0    51   293     2   228     1   229 0.99 -
d2igia_c.55.3.5      -            180 d1s5ja1c.55.3.5.aln  -            303   7.9e-23   76.8   0.1   1   1   1.6e-24   8.8e-23   76.6   0.1    55   278     4   180     1   180 0.97 -
d1w0ha_c.55.3.5      -            200 d1s5ja1c.55.3.5.aln  -            303     2e-22   75.4   0.0   1   1   6.4e-24   3.6e-22   74.6   0.0    51   293     1   198     1   200 0.96 -
d2f96a1c.55.3.5      -            202 d1s5ja1c.55.3.5.aln  -            303   3.6e-22   74.6   0.0   1   1   1.3e-23   7.2e-22   73.6   0.0    48   292     2   201     1   202 0.97 -
d1vk0a_c.55.3.5      -            206 d1s5ja1c.55.3.5.aln  -            303   6.1e-21   70.6   0.0   1   1   2.3e-22   1.3e-20   69.5   0.0    50   300     3   206     1   206 0.97 -
d1yt3a3c.55.3.5      -            193 d1s5ja1c.55.3.5.aln  -            303   3.3e-19   64.9   0.0   1   1   1.1e-20   6.2e-19   64.0   0.0    49   291     2   193     1   193 0.94 -
d1x9ma1c.55.3.5      -            204 d1s5ja1c.55.3.5.aln  -            303   4.1e-19   64.6   0.1   1   1     8e-21   4.5e-19   64.4   0.1    45   215     2   169     1   198 0.97 -
d1kfsa1c.55.3.5      -            195 d1s5ja1c.55.3.5.aln  -            303   1.9e-18   62.4   0.3   1   1   4.1e-20   2.3e-18   62.1   0.3    53   287     3   194     1   195 0.96 -
d2guia_c.55.3.5      -            176 d1s5ja1c.55.3.5.aln  -            303     2e-17   59.0   0.1   1   1   4.2e-19   2.3e-17   58.8   0.1    56   217     2   163     1   174 0.94 -
d2py5a1c.55.3.5      -            183 d1s5ja1c.55.3.5.aln  -            303   9.5e-16   53.5   0.1   1   1   2.2e-17   1.2e-15   53.1   0.1    48   207     2   154     1   183 0.94 -
d1wlja_c.55.3.5      -            173 d1s5ja1c.55.3.5.aln  -            303   6.9e-12   40.8   0.0   1   1   1.4e-13   8.1e-12   40.6   0.0    58   282     2   171     1   173 0.90 -
#
# Program:         hmmsearch
# Version:         3.1b2 (February 2015)
# Pipeline mode:   SEARCH
# Query file:      hmmModels95/d1s5ja1c.55.3.5.hmm
# Target file:     scop/scopTestSeq.fasta
# Option settings: hmmsearch --domtblout hmmModels95/d1s5ja1c.55.3.5.out -E 1 hmmModels95/d1s5ja1c.55.3.5.hmm scop/scopTestSeq.fasta 
# Current dir:     /users/nfs/Etu7/3801677/SBAS/TME8
# Date:            Tue Apr  4 15:54:02 2023
# [ok]
