#                                                                            --- full sequence --- -------------- this domain -------------   hmm coord   ali coord   env coord
# target name        accession   tlen query name           accession   qlen   E-value  score  bias   #  of  c-Evalue  i-Evalue  score  bias  from    to  from    to  from    to  acc description of target
#------------------- ---------- ----- -------------------- ---------- ----- --------- ------ ----- --- --- --------- --------- ------ ----- ----- ----- ----- ----- ----- ----- ---- ---------------------
d2nuja1d.38.1.1      -            159 d1s5ua_d.38.1.1.aln  -            137     3e-52  171.3   0.0   1   1   6.9e-54   3.4e-52  171.2   0.0     2   136    20   154    19   155 0.98 -
d2hx5a1d.38.1.1      -            144 d1s5ua_d.38.1.1.aln  -            137   2.6e-42  139.1   0.0   1   1   6.1e-44     3e-42  139.0   0.0     2   135     3   143     2   144 0.98 -
d1vpma_d.38.1.1      -            155 d1s5ua_d.38.1.1.aln  -            137   1.2e-40  133.8   0.1   1   1   2.8e-42   1.4e-40  133.6   0.1     2   135     7   139     6   141 0.98 -
d3qy3a1d.38.1.1      -            130 d1s5ua_d.38.1.1.aln  -            137   3.7e-39  128.9   0.0   1   1   8.2e-41     4e-39  128.8   0.0     4   132     2   129     1   130 0.98 -
d1lo7a_d.38.1.1      -            140 d1s5ua_d.38.1.1.aln  -            137     5e-39  128.5   0.0   1   1   1.1e-40   5.5e-39  128.4   0.0     5   133     3   140     1   140 0.98 -
d2oiwa1d.38.1.1      -            131 d1s5ua_d.38.1.1.aln  -            137   1.6e-38  126.9   0.3   1   1   3.5e-40   1.7e-38  126.8   0.3     6   136     2   128     1   129 0.98 -
d2hlja1d.38.1.1      -            156 d1s5ua_d.38.1.1.aln  -            137   3.1e-38  125.9   0.0   1   1   7.2e-40   3.6e-38  125.8   0.0     3   136     2   138     1   139 0.98 -
d2oafa1d.38.1.1      -            143 d1s5ua_d.38.1.1.aln  -            137   8.7e-36  118.0   0.0   1   1   1.9e-37   9.6e-36  117.9   0.0     2   136     5   141     4   142 0.98 -
d2gf6a1d.38.1.1      -            134 d1s5ua_d.38.1.1.aln  -            137   1.4e-34  114.1   0.0   1   1   3.2e-36   1.6e-34  114.0   0.0     1   133     1   132     1   134 0.98 -
d1njka_d.38.1.1      -            133 d1s5ua_d.38.1.1.aln  -            137   6.2e-34  112.0   0.0   1   1   1.4e-35   6.8e-34  111.9   0.0     6   135     2   131     1   133 0.97 -
d3bjka_d.38.1.1      -            140 d1s5ua_d.38.1.1.aln  -            137   6.4e-34  112.0   0.0   1   1   1.4e-35   6.9e-34  111.9   0.0     5   135     4   136     1   138 0.97 -
d2gvha1d.38.1.1      -            135 d1s5ua_d.38.1.1.aln  -            137   3.6e-32  106.3   0.1   1   1   7.9e-34   3.9e-32  106.2   0.1     2   131     5   133     4   135 0.96 -
d1s5ua_d.38.1.1      -            129 d1s5ua_d.38.1.1.aln  -            137   5.3e-21   70.1   0.8   1   1   1.2e-22   5.9e-21   70.0   0.8     6   113     3   112     1   127 0.94 -
d1wlua_d.38.1.5      -            117 d1s5ua_d.38.1.1.aln  -            137   6.1e-07   24.6   0.3   1   1   1.1e-07   5.6e-06   21.5   0.3     6   104    21   109    17   115 0.85 -
d2hboa1d.38.1.5      -            142 d1s5ua_d.38.1.1.aln  -            137   5.6e-06   21.5   0.0   1   1   3.5e-07   1.7e-05   19.9   0.0     7   115    33   133    29   140 0.84 -
d3f5oa_d.38.1.5      -            138 d1s5ua_d.38.1.1.aln  -            137   3.4e-05   19.0   0.0   1   1   3.7e-06   0.00018   16.6   0.0     6    80    37   105    32   112 0.80 -
#
# Program:         hmmsearch
# Version:         3.1b2 (February 2015)
# Pipeline mode:   SEARCH
# Query file:      hmmModels95/d1s5ua_d.38.1.1.hmm
# Target file:     scop/scopTestSeq.fasta
# Option settings: hmmsearch --domtblout hmmModels95/d1s5ua_d.38.1.1.out -E 1 hmmModels95/d1s5ua_d.38.1.1.hmm scop/scopTestSeq.fasta 
# Current dir:     /users/nfs/Etu7/3801677/SBAS/TME8
# Date:            Tue Apr  4 15:54:02 2023
# [ok]
