#                                                                            --- full sequence --- -------------- this domain -------------   hmm coord   ali coord   env coord
# target name        accession   tlen query name           accession   qlen   E-value  score  bias   #  of  c-Evalue  i-Evalue  score  bias  from    to  from    to  from    to  acc description of target
#------------------- ---------- ----- -------------------- ---------- ----- --------- ------ ----- --- --- --------- --------- ------ ----- ----- ----- ----- ----- ----- ----- ---- ---------------------
d1exra_a.39.1.5      -            146 d1s6ja_a.39.1.5.aln  -            161   4.2e-55  181.3  12.0   1   1   2.6e-56   1.6e-54  179.5  12.0    12   156     1   145     1   146 0.98 -
d1omra_a.39.1.5      -            201 d1s6ja_a.39.1.5.aln  -            161   5.6e-54  177.7   0.4   1   1   1.2e-55   7.4e-54  177.3   0.4     3   161     7   163     5   163 0.99 -
d1qv0a_a.39.1.5      -            189 d1s6ja_a.39.1.5.aln  -            161   2.1e-43  143.3   0.3   1   1   3.9e-45   2.4e-43  143.1   0.3     8   161     2   177     1   177 0.95 -
d1jbaa_a.39.1.5      -            189 d1s6ja_a.39.1.5.aln  -            161   6.2e-38  125.5   6.1   1   2     2e-37   1.2e-35  118.1   2.0     4   161     4   161     1   161 0.96 -
d1jbaa_a.39.1.5      -            189 d1s6ja_a.39.1.5.aln  -            161   6.2e-38  125.5   6.1   2   2   4.5e-06   0.00027   16.2   0.1    51    86   141   176   135   188 0.72 -
d2zfda1a.39.1.5      -            183 d1s6ja_a.39.1.5.aln  -            161   3.2e-27   90.7   7.7   1   1   3.6e-28   2.2e-26   88.0   7.8    14   159    11   159     4   161 0.96 -
d1jfka_a.39.1.5      -            134 d1s6ja_a.39.1.5.aln  -            161   2.3e-25   84.6   8.7   1   2   3.1e-21   1.9e-19   65.4   1.3    59   134     2    76     1    82 0.94 -
d1jfka_a.39.1.5      -            134 d1s6ja_a.39.1.5.aln  -            161   2.3e-25   84.6   8.7   2   2   1.4e-08   8.7e-07   24.3   1.0    25    82    80   132    76   133 0.89 -
d2sasa_a.39.1.5      -            185 d1s6ja_a.39.1.5.aln  -            161   1.4e-21   72.4   0.5   1   1   3.5e-23   2.1e-21   71.8   0.5     4   158    11   172     8   175 0.96 -
d1xo5a_a.39.1.5      -            180 d1s6ja_a.39.1.5.aln  -            161   2.5e-19   65.0   0.0   1   2   4.1e-18   2.5e-16   55.3   0.0     7   143     4   145     1   151 0.93 -
d1xo5a_a.39.1.5      -            180 d1s6ja_a.39.1.5.aln  -            161   2.5e-19   65.0   0.0   2   2   0.00033      0.02   10.1   0.1    94   119   140   165   135   169 0.78 -
d2scpa_a.39.1.5      -            174 d1s6ja_a.39.1.5.aln  -            161   1.5e-16   56.0   4.7   1   1   4.6e-18   2.8e-16   55.1   4.7    21   159     7   162     3   164 0.93 -
d1s6ja_a.39.1.5      -             87 d1s6ja_a.39.1.5.aln  -            161   1.2e-15   53.0   4.8   1   1   2.5e-17   1.5e-15   52.7   4.8     9    82    12    84     6    86 0.94 -
d1nyaa_a.39.1.5      -            176 d1s6ja_a.39.1.5.aln  -            161   1.6e-15   52.7   3.3   1   1   5.6e-15   3.4e-13   45.1   3.3    20   159     7   170     5   172 0.74 -
d1ctaa_a.39.1.5      -             34 d1s6ja_a.39.1.5.aln  -            161   5.1e-14   47.8   0.2   1   1   8.8e-16   5.3e-14   47.7   0.2    17    50     1    34     1    34 0.98 -
d1j7qa_a.39.1.5      -             86 d1s6ja_a.39.1.5.aln  -            161   1.1e-10   37.0   0.0   1   1   2.1e-12   1.3e-10   36.8   0.0    13    68     7    61     2    82 0.89 -
#
# Program:         hmmsearch
# Version:         3.1b2 (February 2015)
# Pipeline mode:   SEARCH
# Query file:      hmmModels95/d1s6ja_a.39.1.5.hmm
# Target file:     scop/scopTestSeq.fasta
# Option settings: hmmsearch --domtblout hmmModels95/d1s6ja_a.39.1.5.out -E 1 hmmModels95/d1s6ja_a.39.1.5.hmm scop/scopTestSeq.fasta 
# Current dir:     /users/nfs/Etu7/3801677/SBAS/TME8
# Date:            Tue Apr  4 15:54:02 2023
# [ok]
