#                                                                            --- full sequence --- -------------- this domain -------------   hmm coord   ali coord   env coord
# target name        accession   tlen query name           accession   qlen   E-value  score  bias   #  of  c-Evalue  i-Evalue  score  bias  from    to  from    to  from    to  acc description of target
#------------------- ---------- ----- -------------------- ---------- ----- --------- ------ ----- --- --- --------- --------- ------ ----- ----- ----- ----- ----- ----- ----- ---- ---------------------
d2dw4a2c.3.1.2       -            450 d1seza1c.3.1.2.aln   -            354  1.1e-129  428.1   0.3   1   3   3.9e-10   1.3e-08   29.9   0.2     7    43     8    44     5    44 0.97 -
d2dw4a2c.3.1.2       -            450 d1seza1c.3.1.2.aln   -            354  1.1e-129  428.1   0.3   2   3  6.1e-124    2e-122  404.2   0.0     7   354    37   411    36   411 1.00 -
d2dw4a2c.3.1.2       -            450 d1seza1c.3.1.2.aln   -            354  1.1e-129  428.1   0.3   3   3         2        66   -2.1   0.0   298   326   414   442   413   446 0.90 -
d2iida1c.3.1.2       -            371 d1seza1c.3.1.2.aln   -            354   9.6e-96  316.5   0.0   1   1   3.3e-97   1.1e-95  316.3   0.0     2   333    28   370    27   371 0.99 -
d1n4wa1c.3.1.2       -            368 d1seza1c.3.1.2.aln   -            354   1.7e-86  286.0   0.3   1   1   5.8e-88   1.9e-86  285.9   0.3     3   352    17   367    15   368 0.99 -
d2gmha1c.3.1.2       -            381 d1seza1c.3.1.2.aln   -            354   4.3e-81  268.3   0.0   1   1   1.5e-82   4.9e-81  268.1   0.0     3   353    31   379    29   380 0.99 -
d2f5va1c.3.1.2       -            380 d1seza1c.3.1.2.aln   -            354   1.2e-80  266.8   0.0   1   1     4e-82   1.3e-80  266.7   0.0     1   353     1   376     1   377 0.99 -
d1kdga1c.3.1.2       -            361 d1seza1c.3.1.2.aln   -            354     1e-79  263.7   0.0   1   1   3.5e-81   1.2e-79  263.5   0.0     3   353     1   360     1   361 0.99 -
d1b5qa1c.3.1.2       -            348 d1seza1c.3.1.2.aln   -            354   1.7e-74  246.5   0.1   1   1   5.9e-76   1.9e-74  246.4   0.1     5   337     1   348     1   348 0.99 -
d1ju2a1c.3.1.2       -            352 d1seza1c.3.1.2.aln   -            354   1.4e-71  237.0   0.2   1   1   4.7e-73   1.6e-71  236.8   0.2     3   352    26   349    24   351 0.97 -
d1pn0a1c.3.1.2       -            361 d1seza1c.3.1.2.aln   -            354   2.3e-69  229.7   0.0   1   1   7.7e-71   2.5e-69  229.6   0.0     2   351     5   360     4   361 0.99 -
d2ivda1c.3.1.2       -            348 d1seza1c.3.1.2.aln   -            354   8.6e-59  194.9   0.3   1   1   2.9e-60   9.5e-59  194.8   0.3     6   352     2   343     1   345 0.99 -
d1k0ia1c.3.1.2       -            293 d1seza1c.3.1.2.aln   -            354   1.3e-49  164.7   0.1   1   1   4.4e-51   1.5e-49  164.6   0.1     4   342     2   291     1   293 0.98 -
d1pj5a2c.3.1.2       -            306 d1seza1c.3.1.2.aln   -            354   1.3e-47  158.1   0.1   1   1   4.4e-49   1.5e-47  158.0   0.1     5   345     2   306     1   306 0.99 -
d3c96a1c.3.1.2       -            289 d1seza1c.3.1.2.aln   -            354   3.7e-46  153.4   0.7   1   1   1.2e-47   4.1e-46  153.2   0.7     5   338     2   287     1   289 0.99 -
d2gf3a1c.3.1.2       -            282 d1seza1c.3.1.2.aln   -            354   1.1e-45  151.8   0.0   1   1   3.9e-47   1.3e-45  151.6   0.0     2   342     1   282     1   282 0.99 -
d1ryia1c.3.1.2       -            277 d1seza1c.3.1.2.aln   -            354   5.4e-45  149.5   0.0   1   1   1.8e-46     6e-45  149.4   0.0     1   332     1   273     1   277 0.98 -
d2voua1c.3.1.2       -            266 d1seza1c.3.1.2.aln   -            354   3.9e-39  130.3   0.3   1   1   1.8e-40     6e-39  129.6   0.3     2   331     2   261     1   266 0.98 -
d1seza1c.3.1.2       -            374 d1seza1c.3.1.2.aln   -            354   7.4e-08   27.4   0.4   1   1   3.4e-09   1.1e-07   26.8   0.4     5    56     2    53     1    68 0.86 -
d1nhpa2c.3.1.5       -            123 d1seza1c.3.1.2.aln   -            354   1.1e-05   20.2   0.3   1   1   5.2e-07   1.7e-05   19.6   0.3     6    41    32    67    29    69 0.93 -
d1v59a2c.3.1.5       -            122 d1seza1c.3.1.2.aln   -            354   2.6e-05   19.0   0.0   1   1   7.9e-07   2.6e-05   19.0   0.0     4    34    23    53    21   113 0.85 -
d1w4xa1c.3.1.5       -            299 d1seza1c.3.1.2.aln   -            354   2.8e-05   18.9   0.1   1   1   1.5e-06   4.9e-05   18.1   0.1     5    45     8    48     5    52 0.92 -
d1xhca2c.3.1.5       -            122 d1seza1c.3.1.2.aln   -            354   0.00039   15.1   0.5   1   1   1.8e-05    0.0006   14.5   0.5     8    37    36    65    34    69 0.93 -
d2gv8a1c.3.1.5       -            336 d1seza1c.3.1.2.aln   -            354   0.00055   14.7   0.0   1   1   2.4e-05   0.00078   14.1   0.0     7    63     7    68     5    97 0.78 -
d1v59a1c.3.1.5       -            234 d1seza1c.3.1.2.aln   -            354   0.00093   13.9   0.6   1   1   4.6e-05    0.0015   13.2   0.6     6    41     7    42     5    43 0.92 -
d1fl2a1c.3.1.5       -            185 d1seza1c.3.1.2.aln   -            354     0.005   11.5   1.0   1   1   0.00022    0.0074   10.9   1.0     5    28     2    25     1    35 0.87 -
#
# Program:         hmmsearch
# Version:         3.1b2 (February 2015)
# Pipeline mode:   SEARCH
# Query file:      hmmModels95/d1seza1c.3.1.2.hmm
# Target file:     scop/scopTestSeq.fasta
# Option settings: hmmsearch --domtblout hmmModels95/d1seza1c.3.1.2.out -E 1 hmmModels95/d1seza1c.3.1.2.hmm scop/scopTestSeq.fasta 
# Current dir:     /users/nfs/Etu7/3801677/SBAS/TME8
# Date:            Tue Apr  4 15:54:02 2023
# [ok]
