#                                                                            --- full sequence --- -------------- this domain -------------   hmm coord   ali coord   env coord
# target name        accession   tlen query name           accession   qlen   E-value  score  bias   #  of  c-Evalue  i-Evalue  score  bias  from    to  from    to  from    to  acc description of target
#------------------- ---------- ----- -------------------- ---------- ----- --------- ------ ----- --- --- --------- --------- ------ ----- ----- ----- ----- ----- ----- ----- ---- ---------------------
d1z6na1c.47.1.1      -            166 d1sena_c.47.1.1.aln  -            110   1.8e-46  152.2   0.0   1   1   4.3e-48   2.3e-46  151.9   0.0     1   110    35   144    35   144 0.99 -
d2i4aa_c.47.1.1      -            107 d1sena_c.47.1.1.aln  -            110   3.9e-35  115.8   0.0   1   1   7.7e-37   4.1e-35  115.7   0.0     7   106     7   104     1   107 0.96 -
d1r26a_c.47.1.1      -            113 d1sena_c.47.1.1.aln  -            110     1e-23   79.0   0.0   1   1   2.1e-25   1.1e-23   78.9   0.0     6   108    12   111     7   113 0.95 -
d2fwha_c.47.1.1      -            117 d1sena_c.47.1.1.aln  -            110   6.2e-18   60.4   0.1   1   1   1.3e-19     7e-18   60.2   0.1     3   109     5   115     3   116 0.94 -
d1zmaa1c.47.1.1      -            115 d1sena_c.47.1.1.aln  -            110   7.4e-16   53.7   0.0   1   1   1.6e-17   8.7e-16   53.5   0.0     3   107     7   112     5   114 0.96 -
d3gnja_c.47.1.0      -            111 d1sena_c.47.1.1.aln  -            110   1.1e-11   40.2   0.1   1   1   2.6e-13   1.3e-11   40.0   0.1     6   101     8   101     5   110 0.91 -
d1wjka_c.47.1.1      -            100 d1sena_c.47.1.1.aln  -            110   7.7e-10   34.3   0.0   1   1   1.6e-11   8.3e-10   34.2   0.0    10   105     5    95     1    99 0.92 -
d1abaa_c.47.1.1      -             87 d1sena_c.47.1.1.aln  -            110   2.7e-09   32.6   0.0   1   1   5.4e-11   2.9e-09   32.5   0.0    21   101     3    85     1    87 0.94 -
d1iloa_c.47.1.1      -             77 d1sena_c.47.1.1.aln  -            110   1.1e-07   27.4   0.1   1   1   2.7e-09   1.4e-07   27.0   0.1    22   105     1    76     1    77 0.86 -
d3qmxa_c.47.1.0      -             99 d1sena_c.47.1.1.aln  -            110   4.3e-07   25.5   0.0   1   1   9.5e-09     5e-07   25.3   0.0    29   105    22    91    13    95 0.90 -
d2wcia_c.47.1.0      -            113 d1sena_c.47.1.1.aln  -            110   1.2e-06   24.0   0.0   1   1   2.9e-08   1.5e-06   23.7   0.0    24    97    18    86     3    98 0.82 -
d1ttza_c.47.1.1      -             75 d1sena_c.47.1.1.aln  -            110   1.9e-05   20.2   0.0   1   1   3.5e-07   1.9e-05   20.2   0.0    25   102     2    69     1    75 0.79 -
d2hzfa_c.47.1.0      -            110 d1sena_c.47.1.1.aln  -            110   0.00035   16.1   0.0   1   1   8.3e-06   0.00044   15.8   0.0    24    98    17    89     2    98 0.80 -
d3feua_c.47.1.0      -            183 d1sena_c.47.1.1.aln  -            110   0.00054   15.5   0.0   1   2    0.0023      0.12    7.9   0.0    24    49    24    49     8    64 0.84 -
d3feua_c.47.1.0      -            183 d1sena_c.47.1.1.aln  -            110   0.00054   15.5   0.0   2   2     0.014      0.72    5.5   0.0    53    86   129   160   123   181 0.75 -
d1sena_c.47.1.1      -            135 d1sena_c.47.1.1.aln  -            110    0.0007   15.2   0.0   1   1   1.7e-05   0.00091   14.8   0.0    15    45    20    50    12    96 0.74 -
#
# Program:         hmmsearch
# Version:         3.1b2 (February 2015)
# Pipeline mode:   SEARCH
# Query file:      hmmModels95/d1sena_c.47.1.1.hmm
# Target file:     scop/scopTestSeq.fasta
# Option settings: hmmsearch --domtblout hmmModels95/d1sena_c.47.1.1.out -E 1 hmmModels95/d1sena_c.47.1.1.hmm scop/scopTestSeq.fasta 
# Current dir:     /users/nfs/Etu7/3801677/SBAS/TME8
# Date:            Tue Apr  4 15:54:02 2023
# [ok]
