#                                                                            --- full sequence --- -------------- this domain -------------   hmm coord   ali coord   env coord
# target name        accession   tlen query name           accession   qlen   E-value  score  bias   #  of  c-Evalue  i-Evalue  score  bias  from    to  from    to  from    to  acc description of target
#------------------- ---------- ----- -------------------- ---------- ----- --------- ------ ----- --- --- --------- --------- ------ ----- ----- ----- ----- ----- ----- ----- ---- ---------------------
d1t33a1a.4.1.9       -             88 d1sgma1a.4.1.9.aln   -             74   2.6e-30   99.7   1.8   1   1   7.9e-32     3e-30   99.5   1.8     1    74     9    81     9    81 0.98 -
d2id6a1a.4.1.9       -             75 d1sgma1a.4.1.9.aln   -             74   1.6e-26   87.6   0.5   1   1   4.4e-28   1.7e-26   87.5   0.5     4    73     3    72     1    73 0.97 -
d1vi0a1a.4.1.9       -             72 d1sgma1a.4.1.9.aln   -             74   9.1e-26   85.1   0.1   1   1   2.6e-27   9.6e-26   85.0   0.1     6    73     3    70     1    71 0.96 -
d1rkta1a.4.1.9       -             81 d1sgma1a.4.1.9.aln   -             74   7.2e-25   82.2   0.1   1   1   2.1e-26   7.9e-25   82.1   0.1     2    73     9    80     8    81 0.97 -
d1ui5a1a.4.1.9       -             71 d1sgma1a.4.1.9.aln   -             74   2.2e-23   77.5   1.5   1   1     6e-25   2.3e-23   77.4   1.5     2    66     3    67     2    71 0.91 -
d2gena1a.4.1.9       -             70 d1sgma1a.4.1.9.aln   -             74   5.1e-22   73.1   0.4   1   1   1.4e-23   5.4e-22   73.0   0.4     5    71     1    67     1    70 0.95 -
d2gfna1a.4.1.9       -             77 d1sgma1a.4.1.9.aln   -             74   5.7e-22   72.9   0.3   1   1   1.6e-23   6.1e-22   72.9   0.3     2    72     4    74     3    76 0.96 -
d2oi8a1a.4.1.9       -             79 d1sgma1a.4.1.9.aln   -             74     8e-22   72.5   0.7   1   1   2.3e-23   8.6e-22   72.4   0.7     2    72     7    77     6    79 0.97 -
d2i10a1a.4.1.9       -             69 d1sgma1a.4.1.9.aln   -             74   1.1e-21   72.0   0.0   1   1     3e-23   1.1e-21   72.0   0.0     9    71     5    67     1    69 0.95 -
d2fd5a1a.4.1.9       -             76 d1sgma1a.4.1.9.aln   -             74   1.7e-21   71.5   0.1   1   1   5.1e-23   1.9e-21   71.3   0.1     1    69     4    72     4    75 0.96 -
d1t56a1a.4.1.9       -             73 d1sgma1a.4.1.9.aln   -             74   5.5e-21   69.8   0.0   1   1   1.5e-22   5.7e-21   69.7   0.0     5    73     4    72     1    73 0.95 -
d2np5a1a.4.1.9       -             69 d1sgma1a.4.1.9.aln   -             74   8.8e-21   69.1   0.2   1   1   2.4e-22   9.1e-21   69.1   0.2     7    70     4    67     1    69 0.95 -
d2hyja1a.4.1.9       -             75 d1sgma1a.4.1.9.aln   -             74   1.3e-19   65.4   0.1   1   1   3.6e-21   1.4e-19   65.3   0.1     3    70     4    71     2    75 0.93 -
d2np3a1a.4.1.9       -             65 d1sgma1a.4.1.9.aln   -             74   2.4e-19   64.5   0.2   1   1   7.6e-21   2.9e-19   64.3   0.2     9    60     1    50     1    64 0.88 -
d2g7sa1a.4.1.9       -             74 d1sgma1a.4.1.9.aln   -             74   3.1e-19   64.2   0.0   1   1   8.4e-21   3.2e-19   64.2   0.0     3    71     3    71     1    74 0.93 -
d2iu5a1a.4.1.9       -             71 d1sgma1a.4.1.9.aln   -             74   3.9e-19   63.9   0.1   1   1   1.1e-20     4e-19   63.8   0.1     3    67     4    69     2    71 0.94 -
d2o7ta1a.4.1.9       -             78 d1sgma1a.4.1.9.aln   -             74   3.6e-18   60.8   0.0   1   1   9.9e-20   3.7e-18   60.7   0.0     4    70     6    73     3    77 0.83 -
d1zk8a1a.4.1.9       -             72 d1sgma1a.4.1.9.aln   -             74     9e-17   56.3   0.1   1   1   2.7e-18     1e-16   56.1   0.1     5    72     4    71     2    72 0.97 -
d2id3a1a.4.1.9       -             68 d1sgma1a.4.1.9.aln   -             74   2.1e-15   51.9   0.1   1   1   5.7e-17   2.2e-15   51.9   0.1     3    64     5    66     3    68 0.94 -
d2g7ga1a.4.1.9       -             65 d1sgma1a.4.1.9.aln   -             74   1.5e-14   49.2   0.0   1   1   4.1e-16   1.5e-14   49.1   0.0     5    68     2    63     1    65 0.95 -
d1sgma1a.4.1.9       -             73 d1sgma1a.4.1.9.aln   -             74   3.1e-12   41.7   0.0   1   1   9.5e-14   3.6e-12   41.6   0.0     5    59     3    58     1    72 0.88 -
#
# Program:         hmmsearch
# Version:         3.1b2 (February 2015)
# Pipeline mode:   SEARCH
# Query file:      hmmModels95/d1sgma1a.4.1.9.hmm
# Target file:     scop/scopTestSeq.fasta
# Option settings: hmmsearch --domtblout hmmModels95/d1sgma1a.4.1.9.out -E 1 hmmModels95/d1sgma1a.4.1.9.hmm scop/scopTestSeq.fasta 
# Current dir:     /users/nfs/Etu7/3801677/SBAS/TME8
# Date:            Tue Apr  4 15:54:02 2023
# [ok]
