#                                                                            --- full sequence --- -------------- this domain -------------   hmm coord   ali coord   env coord
# target name        accession   tlen query name           accession   qlen   E-value  score  bias   #  of  c-Evalue  i-Evalue  score  bias  from    to  from    to  from    to  acc description of target
#------------------- ---------- ----- -------------------- ---------- ----- --------- ------ ----- --- --- --------- --------- ------ ----- ----- ----- ----- ----- ----- ----- ---- ---------------------
d1z0xa2a.121.1.1     -            149 d1sgma2a.121.1.1.aln -            122   6.4e-34  112.4   0.0   1   1   2.7e-35   7.3e-34  112.2   0.0     2   122     2   135     1   135 0.99 -
d2g7la2a.121.1.1     -            144 d1sgma2a.121.1.1.aln -            122   1.6e-29   98.2  10.4   1   1   6.8e-31   1.8e-29   98.0  10.4     1   122     1   126     1   126 0.99 -
d3c07a2a.121.1.1     -            146 d1sgma2a.121.1.1.aln -            122   3.6e-23   77.8   2.7   1   1   1.6e-24   4.4e-23   77.6   2.7     2   121     1   134     1   135 0.99 -
d1ui5a2a.121.1.1     -            133 d1sgma2a.121.1.1.aln -            122   1.8e-18   62.7   0.6   1   1   8.1e-20   2.2e-18   62.5   0.6     7   120     9   122     5   124 0.97 -
d2fbqa2a.121.1.1     -            134 d1sgma2a.121.1.1.aln -            122   2.5e-18   62.3   0.3   1   1   1.1e-19   2.9e-18   62.1   0.3     2   121     4   128     3   129 0.98 -
d2g7ga2a.121.1.1     -            132 d1sgma2a.121.1.1.aln -            122   8.5e-18   60.6   8.4   1   1   3.8e-19     1e-17   60.3   8.4     2   120     2   117     1   124 0.96 -
d1t33a2a.121.1.1     -            132 d1sgma2a.121.1.1.aln -            122   2.9e-15   52.5   0.1   1   1   1.2e-16   3.2e-15   52.3   0.1     2   121     2   124     1   125 0.98 -
d2id3a2a.121.1.1     -            123 d1sgma2a.121.1.1.aln -            122     6e-15   51.4   7.0   1   1   2.3e-16   6.3e-15   51.4   7.0     8   121     8   120     1   121 0.95 -
d1rkta2a.121.1.1     -            123 d1sgma2a.121.1.1.aln -            122   7.7e-15   51.1   0.0   1   1   3.2e-16   8.7e-15   50.9   0.0     7   120     2   110     1   112 0.97 -
d2d6ya2a.121.1.1     -            118 d1sgma2a.121.1.1.aln -            122   1.9e-14   49.8   1.3   1   1   7.6e-16   2.1e-14   49.7   1.3     2   116     2   116     1   118 0.98 -
d2id6a2a.121.1.1     -            125 d1sgma2a.121.1.1.aln -            122   3.2e-14   49.1   0.0   1   1   1.3e-15   3.5e-14   49.0   0.0     2   121     5   124     4   125 0.98 -
d2oi8a2a.121.1.1     -            130 d1sgma2a.121.1.1.aln -            122   6.6e-14   48.1   3.0   1   1   2.9e-15   7.8e-14   47.9   3.0     3   117     2   118     1   122 0.97 -
d2hyja2a.121.1.1     -            118 d1sgma2a.121.1.1.aln -            122   7.6e-14   47.9   4.8   1   1     3e-15   8.3e-14   47.8   4.8     4   118     4   117     1   118 0.97 -
d2np5a2a.121.1.1     -            118 d1sgma2a.121.1.1.aln -            122   1.1e-13   47.4   3.7   1   1   4.5e-15   1.2e-13   47.2   3.7     2   115     3   114     2   117 0.96 -
d2gena2a.121.1.1     -            118 d1sgma2a.121.1.1.aln -            122   4.8e-13   45.3   6.2   1   1   1.9e-14   5.2e-13   45.2   6.2     3   118     3   117     1   118 0.97 -
d1t56a2a.121.1.1     -            120 d1sgma2a.121.1.1.aln -            122   6.5e-13   44.9   1.9   1   1   2.6e-14     7e-13   44.8   1.9     2   119     3   119     2   120 0.98 -
d2fx0a2a.121.1.1     -            122 d1sgma2a.121.1.1.aln -            122   1.2e-12   44.1   0.0   1   1   4.7e-14   1.3e-12   44.0   0.0     8   119     7   119     2   122 0.95 -
d2i10a2a.121.1.1     -            116 d1sgma2a.121.1.1.aln -            122   1.6e-12   43.7   2.2   1   1   6.6e-14   1.8e-12   43.5   2.2     2   108     2   106     1   116 0.88 -
d1vi0a2a.121.1.1     -            117 d1sgma2a.121.1.1.aln -            122   2.5e-12   43.0   0.0   1   1     1e-13   2.7e-12   42.9   0.0     3   117     2   115     1   117 0.97 -
d2g7sa2a.121.1.1     -            116 d1sgma2a.121.1.1.aln -            122   3.8e-12   42.5   1.3   1   1   1.5e-13   4.1e-12   42.3   1.3     2   116     2   115     1   116 0.97 -
d1zk8a2a.121.1.1     -            105 d1sgma2a.121.1.1.aln -            122   1.9e-11   40.2   0.0   1   1     7e-13   1.9e-11   40.2   0.0     3    99     3    99     1   105 0.93 -
d2hkua2a.121.1.1     -            121 d1sgma2a.121.1.1.aln -            122   2.5e-11   39.8   0.0   1   1   9.5e-13   2.6e-11   39.8   0.0     6   117     5   118     1   121 0.95 -
d2gfna2a.121.1.1     -            119 d1sgma2a.121.1.1.aln -            122   3.7e-10   36.0   6.2   1   1   1.5e-11     4e-10   36.0   6.2     3   118     3   117     1   119 0.96 -
d2o7ta2a.121.1.1     -            110 d1sgma2a.121.1.1.aln -            122   5.5e-10   35.5   0.0   1   1   2.4e-11   6.5e-10   35.3   0.0    12   120     4   109     2   110 0.97 -
d2fq4a2a.121.1.1     -            115 d1sgma2a.121.1.1.aln -            122     7e-10   35.2   0.0   1   1   2.8e-11   7.6e-10   35.1   0.0     5   119     2   115     1   115 0.97 -
d2np3a2a.121.1.1     -            112 d1sgma2a.121.1.1.aln -            122     7e-10   35.2   6.1   1   1   2.8e-11   7.6e-10   35.1   6.1     9   119     3   112     1   112 0.97 -
d2iu5a2a.121.1.1     -            109 d1sgma2a.121.1.1.aln -            122   4.1e-09   32.7   0.0   1   1   1.6e-10   4.3e-09   32.7   0.0     9   114     3   106     1   109 0.95 -
d2g3ba2a.121.1.1     -            116 d1sgma2a.121.1.1.aln -            122   6.7e-09   32.0   1.3   1   1   2.6e-10   7.1e-09   31.9   1.3    10   117     8   114     1   116 0.89 -
d2fd5a2a.121.1.1     -            104 d1sgma2a.121.1.1.aln -            122   3.6e-07   26.5   2.3   1   1   1.5e-08   4.1e-07   26.3   2.3     8   105     5   101     1   103 0.94 -
#
# Program:         hmmsearch
# Version:         3.1b2 (February 2015)
# Pipeline mode:   SEARCH
# Query file:      hmmModels95/d1sgma2a.121.1.1.hmm
# Target file:     scop/scopTestSeq.fasta
# Option settings: hmmsearch --domtblout hmmModels95/d1sgma2a.121.1.1.out -E 1 hmmModels95/d1sgma2a.121.1.1.hmm scop/scopTestSeq.fasta 
# Current dir:     /users/nfs/Etu7/3801677/SBAS/TME8
# Date:            Tue Apr  4 15:54:02 2023
# [ok]
