#                                                                            --- full sequence --- -------------- this domain -------------   hmm coord   ali coord   env coord
# target name        accession   tlen query name           accession   qlen   E-value  score  bias   #  of  c-Evalue  i-Evalue  score  bias  from    to  from    to  from    to  acc description of target
#------------------- ---------- ----- -------------------- ---------- ----- --------- ------ ----- --- --- --------- --------- ------ ----- ----- ----- ----- ----- ----- ----- ---- ---------------------
d2ov9a1d.38.1.5      -            203 d1sh8a_d.38.1.5.aln  -            137     1e-68  224.9   0.1   1   1   2.6e-70   1.3e-68  224.6   0.1     1   136    71   203    71   203 0.99 -
d3f5oa_d.38.1.5      -            138 d1sh8a_d.38.1.5.aln  -            137   5.4e-41  135.1   1.2   1   1   1.2e-42   5.9e-41  135.0   1.2     3   136     4   136     2   137 0.97 -
d2hboa1d.38.1.5      -            142 d1sh8a_d.38.1.5.aln  -            137     3e-40  132.7   0.0   1   1   6.6e-42   3.2e-40  132.6   0.0     6   135     2   129     1   131 0.98 -
d1vh5a_d.38.1.5      -            138 d1sh8a_d.38.1.5.aln  -            137   2.5e-39  129.7   0.0   1   1   5.6e-41   2.8e-39  129.6   0.0     2   135     3   135     2   137 0.98 -
d1q4ta_d.38.1.5      -            142 d1sh8a_d.38.1.5.aln  -            137     1e-36  121.2   1.2   1   1   2.4e-38   1.2e-36  121.1   1.2     9   136    10   137     3   138 0.95 -
d1yoca1d.38.1.5      -            145 d1sh8a_d.38.1.5.aln  -            137     4e-33  109.6   0.0   1   1     9e-35   4.5e-33  109.4   0.0     1   136     7   142     7   143 0.99 -
d1t82a_d.38.1.5      -            143 d1sh8a_d.38.1.5.aln  -            137   5.6e-32  105.9   0.0   1   1   1.3e-33   6.3e-32  105.7   0.0     3   136     1   136     1   137 0.98 -
d1wlua_d.38.1.5      -            117 d1sh8a_d.38.1.5.aln  -            137   3.1e-30  100.2   0.2   1   1   6.9e-32   3.4e-30  100.1   0.2    17   136     2   116     1   117 0.96 -
d2f41a1d.38.1.5      -            111 d1sh8a_d.38.1.5.aln  -            137   1.5e-23   78.6   0.1   1   1   3.2e-25   1.6e-23   78.5   0.1    23   135     2   110     1   111 0.97 -
d1ixla_d.38.1.5      -            130 d1sh8a_d.38.1.5.aln  -            137   3.7e-23   77.3   0.1   1   1   8.1e-25     4e-23   77.2   0.1    11   136     4   130     1   130 0.97 -
d2gvha1d.38.1.1      -            135 d1sh8a_d.38.1.5.aln  -            137     1e-08   30.5   0.3   1   1   2.9e-10   1.4e-08   30.1   0.3    47   122    20    94    18   112 0.90 -
d1sh8a_d.38.1.5      -            153 d1sh8a_d.38.1.5.aln  -            137     1e-05   20.8   0.0   1   1   3.2e-07   1.6e-05   20.2   0.0     8   103     7   102     2   139 0.86 -
d1vpma_d.38.1.1      -            155 d1sh8a_d.38.1.5.aln  -            137   4.5e-05   18.8   0.2   1   1   1.2e-06   6.1e-05   18.3   0.2    45   121    20    95    12   107 0.89 -
d1s5ua_d.38.1.1      -            129 d1sh8a_d.38.1.5.aln  -            137   6.4e-05   18.3   0.1   1   1   1.9e-06   9.2e-05   17.7   0.1    79   135    53   109    41   110 0.92 -
d1njka_d.38.1.1      -            133 d1sh8a_d.38.1.5.aln  -            137   0.00042   15.6   0.0   1   1   1.2e-05   0.00057   15.2   0.0    79   135    51   108    42   110 0.86 -
d2gf6a1d.38.1.1      -            134 d1sh8a_d.38.1.5.aln  -            137    0.0063   11.8   0.0   1   1   0.00017    0.0086   11.4   0.0    81   119    58    96    48   105 0.81 -
#
# Program:         hmmsearch
# Version:         3.1b2 (February 2015)
# Pipeline mode:   SEARCH
# Query file:      hmmModels95/d1sh8a_d.38.1.5.hmm
# Target file:     scop/scopTestSeq.fasta
# Option settings: hmmsearch --domtblout hmmModels95/d1sh8a_d.38.1.5.out -E 1 hmmModels95/d1sh8a_d.38.1.5.hmm scop/scopTestSeq.fasta 
# Current dir:     /users/nfs/Etu7/3801677/SBAS/TME8
# Date:            Tue Apr  4 15:54:02 2023
# [ok]
