#                                                                            --- full sequence --- -------------- this domain -------------   hmm coord   ali coord   env coord
# target name        accession   tlen query name           accession   qlen   E-value  score  bias   #  of  c-Evalue  i-Evalue  score  bias  from    to  from    to  from    to  acc description of target
#------------------- ---------- ----- -------------------- ---------- ----- --------- ------ ----- --- --- --------- --------- ------ ----- ----- ----- ----- ----- ----- ----- ---- ---------------------
d3fvsa_c.67.1.1      -            419 d1svva_c.67.1.1.aln  -            391  1.6e-128  424.3   0.0   1   1  3.8e-130  1.8e-128  424.1   0.0     5   390     2   417     1   418 0.99 -
d1gdea_c.67.1.1      -            388 d1svva_c.67.1.1.aln  -            391  8.7e-126  415.3   0.1   1   1  2.1e-127  9.7e-126  415.1   0.1     2   391     3   384     2   384 0.98 -
d1bw0a_c.67.1.1      -            412 d1svva_c.67.1.1.aln  -            391  1.6e-110  365.1   0.0   1   1  3.8e-112  1.8e-110  364.9   0.0     2   390     4   408     3   409 0.98 -
d2gb3a1c.67.1.1      -            389 d1svva_c.67.1.1.aln  -            391   1.2e-99  329.2   0.0   1   1  2.9e-101   1.3e-99  329.1   0.0     2   390     2   385     1   386 0.96 -
d2hoxa_c.67.1.1      -            425 d1svva_c.67.1.1.aln  -            391   1.8e-92  305.6   0.0   1   1   4.3e-94     2e-92  305.4   0.0     1   390     2   424     2   425 0.99 -
d1fg7a_c.67.1.1      -            354 d1svva_c.67.1.1.aln  -            391   1.2e-78  260.1   0.0   1   1   2.9e-80   1.4e-78  259.9   0.0    11   388     2   354     1   354 0.96 -
d1lc5a_c.67.1.1      -            355 d1svva_c.67.1.1.aln  -            391   2.9e-73  242.3   0.0   1   1     7e-75   3.3e-73  242.2   0.0    10   389     4   355     1   355 0.98 -
d1m6sa_c.67.1.1      -            343 d1svva_c.67.1.1.aln  -            391   3.8e-67  222.2   0.0   1   1   9.6e-69   4.4e-67  222.0   0.0    48   390    15   340     5   341 0.94 -
d1v72a1c.67.1.1      -            345 d1svva_c.67.1.1.aln  -            391   7.3e-59  194.9   0.0   1   1   2.2e-60     1e-58  194.5   0.0    21   387    16   343     1   345 0.93 -
d3piua_c.67.1.4      -            416 d1svva_c.67.1.1.aln  -            391   1.5e-35  118.2   0.0   1   1     4e-37   1.9e-35  117.9   0.0    71   389    70   412    65   414 0.86 -
d3ftba_c.67.1.0      -            334 d1svva_c.67.1.1.aln  -            391   1.1e-34  115.3   0.0   1   1   2.9e-36   1.3e-34  115.1   0.0    95   386    52   328    13   331 0.87 -
d1svva_c.67.1.1      -            340 d1svva_c.67.1.1.aln  -            391     2e-11   38.8   0.0   1   1   6.3e-13   2.9e-11   38.2   0.0    61   248    26   209    11   216 0.80 -
d2c81a_c.67.1.0      -            409 d1svva_c.67.1.1.aln  -            391   5.6e-06   20.8   0.1   1   1   2.8e-07   1.3e-05   19.6   0.1   100   211    56   158    31   161 0.90 -
d1gpja2c.2.1.7       -            159 d1svva_c.67.1.1.aln  -            391    0.0017   12.6   0.0   1   1   5.1e-05    0.0024   12.2   0.0    77   148     9    78     1    95 0.80 -
d2bhua3c.1.8.1       -            420 d1svva_c.67.1.1.aln  -            391    0.0069   10.7   0.0   1   1   0.00022      0.01   10.1   0.0   189   225    82   118    80   126 0.90 -
d2bwna1c.67.1.4      -            396 d1svva_c.67.1.1.aln  -            391     0.009   10.3   0.0   1   1   0.00033     0.015    9.5   0.0   192   307   196   316   195   376 0.90 -
d1bs0a_c.67.1.4      -            383 d1svva_c.67.1.1.aln  -            391     0.011    9.9   0.2   1   2       3.6   1.7e+02   -3.8   0.1    75   121    88   125    86   127 0.68 -
d1bs0a_c.67.1.4      -            383 d1svva_c.67.1.1.aln  -            391     0.011    9.9   0.2   2   2   0.00041     0.019    9.2   0.0   192   284   186   278   182   304 0.83 -
#
# Program:         hmmsearch
# Version:         3.1b2 (February 2015)
# Pipeline mode:   SEARCH
# Query file:      hmmModels95/d1svva_c.67.1.1.hmm
# Target file:     scop/scopTestSeq.fasta
# Option settings: hmmsearch --domtblout hmmModels95/d1svva_c.67.1.1.out -E 1 hmmModels95/d1svva_c.67.1.1.hmm scop/scopTestSeq.fasta 
# Current dir:     /users/nfs/Etu7/3801677/SBAS/TME8
# Date:            Tue Apr  4 15:54:03 2023
# [ok]
