#                                                                            --- full sequence --- -------------- this domain -------------   hmm coord   ali coord   env coord
# target name        accession   tlen query name           accession   qlen   E-value  score  bias   #  of  c-Evalue  i-Evalue  score  bias  from    to  from    to  from    to  acc description of target
#------------------- ---------- ----- -------------------- ---------- ----- --------- ------ ----- --- --- --------- --------- ------ ----- ----- ----- ----- ----- ----- ----- ---- ---------------------
d1g41a_c.37.1.20     -            443 d1sxja2c.37.1.20.aln -            287  4.4e-134  441.8   7.3   1   1  1.5e-135  5.1e-134  441.6   7.3     1   287     5   435     5   435 1.00 -
d1um8a_c.37.1.20     -            364 d1sxja2c.37.1.20.aln -            287  1.1e-107  355.2   3.8   1   1  3.7e-109  1.2e-107  355.0   3.8     1   287     8   364     8   364 1.00 -
d2p65a_c.37.1.20     -            185 d1sxja2c.37.1.20.aln -            287   6.2e-56  185.3   1.4   1   1   2.1e-57   6.8e-56  185.2   1.4     4   188     2   185     1   185 0.99 -
d1r6bx3c.37.1.20     -            315 d1sxja2c.37.1.20.aln -            287   2.1e-52  173.7   0.1   1   1   7.1e-54   2.3e-52  173.6   0.1     2   286    14   306    13   307 0.98 -
d1svma_c.37.1.20     -            362 d1sxja2c.37.1.20.aln -            287   1.4e-44  148.1   0.0   1   1   4.8e-46   1.6e-44  147.9   0.0     2   287     4   335     3   335 0.99 -
d1iqpa2c.37.1.20     -            231 d1sxja2c.37.1.20.aln -            287   2.7e-41  137.3   0.4   1   1   1.1e-42   3.5e-41  136.9   0.4    11   240    12   221     6   229 0.95 -
d1lv7a_c.37.1.20     -            256 d1sxja2c.37.1.20.aln -            287   1.2e-38  128.6   0.0   1   1   4.6e-40   1.5e-38  128.3   0.0     8   259    10   251     6   255 0.96 -
d1g8pa_c.37.1.20     -            333 d1sxja2c.37.1.20.aln -            287     1e-35  119.0   0.0   1   1     4e-37   1.3e-35  118.6   0.0     2   286    15   310    14   311 0.98 -
d1njfa_c.37.1.20     -            239 d1sxja2c.37.1.20.aln -            287   3.4e-32  107.4   0.0   1   1   1.1e-33   3.7e-32  107.3   0.0    15   230     4   217     1   237 0.96 -
d1in4a2c.37.1.20     -            238 d1sxja2c.37.1.20.aln -            287   2.4e-21   71.8   1.5   1   2   9.6e-10   3.2e-08   28.8   0.1    23    84    14    75     3    84 0.82 -
d1in4a2c.37.1.20     -            238 d1sxja2c.37.1.20.aln -            287   2.4e-21   71.8   1.5   2   2   5.2e-14   1.7e-12   42.8   0.2   116   252    85   229    76   238 0.94 -
d2a5yb3c.37.1.20     -            277 d1sxja2c.37.1.20.aln -            287   2.9e-18   61.7   0.0   1   1     1e-19   3.4e-18   61.5   0.0     6   261     4   259     1   275 0.90 -
d1w5sa2c.37.1.20     -            287 d1sxja2c.37.1.20.aln -            287     4e-18   61.2   0.0   1   1   1.5e-19     5e-18   60.9   0.0     9   279     5   286     2   287 0.97 -
d1ny5a2c.37.1.20     -            247 d1sxja2c.37.1.20.aln -            287   3.9e-17   58.0   0.3   1   1   1.4e-18   4.8e-17   57.7   0.3    47   253    26   232     2   244 0.93 -
d1d2na_c.37.1.20     -            246 d1sxja2c.37.1.20.aln -            287   1.1e-15   53.2   0.0   1   1   3.8e-17   1.2e-15   53.1   0.0    18   258    15   243     4   246 0.87 -
d1fnna2c.37.1.20     -            276 d1sxja2c.37.1.20.aln -            287   1.5e-15   52.8   0.0   1   1   5.4e-17   1.8e-15   52.5   0.0     7   266     3   271     1   275 0.90 -
d2fnaa2c.37.1.20     -            283 d1sxja2c.37.1.20.aln -            287   3.1e-11   38.6   0.3   1   1   1.2e-12     4e-11   38.2   0.3    45   272    30   273     9   281 0.83 -
d1a5ta2c.37.1.20     -            207 d1sxja2c.37.1.20.aln -            287   2.4e-10   35.7   0.0   1   1   7.7e-12   2.5e-10   35.6   0.0    10   226     3   201     1   207 0.92 -
d1l8qa2c.37.1.20     -            213 d1sxja2c.37.1.20.aln -            287   8.7e-09   30.6   0.5   1   1   8.1e-10   2.7e-08   29.0   0.5    14   105     4    97     1   212 0.83 -
d1u0ja_c.37.1.20     -            267 d1sxja2c.37.1.20.aln -            287   5.5e-08   28.0   0.0   1   1   3.4e-09   1.1e-07   27.0   0.0     7   275     5   264     1   266 0.96 -
d1sxja2c.37.1.20     -            253 d1sxja2c.37.1.20.aln -            287   4.1e-07   25.1   0.0   1   1   1.7e-08   5.7e-07   24.6   0.0    47   243    55   240     2   245 0.82 -
d1jqlb_c.37.1.20     -            140 d1sxja2c.37.1.20.aln -            287   4.7e-07   24.9   0.0   1   1   1.6e-08   5.4e-07   24.7   0.0    25   163     3   133     2   140 0.91 -
d2gnoa2c.37.1.20     -            198 d1sxja2c.37.1.20.aln -            287   3.8e-05   18.6   0.0   1   1   1.5e-06   4.9e-05   18.3   0.0   119   239    81   190    55   196 0.91 -
d1y63a_c.37.1.1      -            174 d1sxja2c.37.1.20.aln -            287   0.00013   16.9   0.1   1   3   4.1e-06   0.00013   16.9   0.1    46    72     7    33     6    43 0.88 -
d1y63a_c.37.1.1      -            174 d1sxja2c.37.1.20.aln -            287   0.00013   16.9   0.1   2   3       1.4        47   -1.3   0.0     5    22    51    68    48    70 0.86 -
d1y63a_c.37.1.1      -            174 d1sxja2c.37.1.20.aln -            287   0.00013   16.9   0.1   3   3      0.52        17    0.1   0.4   137   197   119   171   105   174 0.61 -
d1tuea_c.37.1.20     -            205 d1sxja2c.37.1.20.aln -            287   0.00042   15.2   0.0   1   1   0.00044     0.014   10.2   0.0   172   244   127   199     3   203 0.77 -
#
# Program:         hmmsearch
# Version:         3.1b2 (February 2015)
# Pipeline mode:   SEARCH
# Query file:      hmmModels95/d1sxja2c.37.1.20.hmm
# Target file:     scop/scopTestSeq.fasta
# Option settings: hmmsearch --domtblout hmmModels95/d1sxja2c.37.1.20.out -E 1 hmmModels95/d1sxja2c.37.1.20.hmm scop/scopTestSeq.fasta 
# Current dir:     /users/nfs/Etu7/3801677/SBAS/TME8
# Date:            Tue Apr  4 15:54:03 2023
# [ok]
