#                                                                            --- full sequence --- -------------- this domain -------------   hmm coord   ali coord   env coord
# target name        accession   tlen query name           accession   qlen   E-value  score  bias   #  of  c-Evalue  i-Evalue  score  bias  from    to  from    to  from    to  acc description of target
#------------------- ---------- ----- -------------------- ---------- ----- --------- ------ ----- --- --- --------- --------- ------ ----- ----- ----- ----- ----- ----- ----- ---- ---------------------
d1e2ka_c.37.1.1      -            329 d1t0hb_c.37.1.1.aln  -            209   4.2e-79  260.8   0.0   1   1   1.4e-80   4.9e-79  260.6   0.0     1   209     2   282     2   282 0.99 -
d1p5zb_c.37.1.1      -            241 d1t0hb_c.37.1.1.aln  -            209   7.6e-48  158.7   0.0   1   1   2.5e-49   8.5e-48  158.6   0.0     3   206     2   226     1   229 0.98 -
d1zina1c.37.1.1      -            183 d1t0hb_c.37.1.1.aln  -            209   1.7e-36  121.7   0.2   1   1   5.4e-38   1.8e-36  121.5   0.2     4   204     1   178     1   182 0.97 -
d1qf9a_c.37.1.1      -            194 d1t0hb_c.37.1.1.aln  -            209   9.8e-34  112.6   0.0   1   1   3.3e-35   1.1e-33  112.4   0.0     3   201     6   186     4   192 0.95 -
d1deka_c.37.1.1      -            241 d1t0hb_c.37.1.1.aln  -            209   1.5e-32  108.8   0.0   1   1   4.9e-34   1.7e-32  108.6   0.0     3   208     1   231     1   232 0.94 -
d1t0hb_c.37.1.1      -            219 d1t0hb_c.37.1.1.aln  -            209   6.5e-26   87.1   0.0   1   1   2.2e-27   7.4e-26   86.9   0.0     2   200    19   210    18   213 0.94 -
d1khta_c.37.1.1      -            190 d1t0hb_c.37.1.1.aln  -            209   9.7e-21   70.2   0.1   1   1   3.1e-22   1.1e-20   70.0   0.1     4   200     2   189     1   190 0.95 -
d1vhta_c.37.1.1      -            208 d1t0hb_c.37.1.1.aln  -            209   4.8e-20   67.9   0.2   1   1   1.8e-21     6e-20   67.6   0.2     4   199     4   200     2   207 0.86 -
d1gsia_c.37.1.1      -            208 d1t0hb_c.37.1.1.aln  -            209   2.9e-17   58.8   0.0   1   1   9.7e-19   3.3e-17   58.6   0.0     4   198     1   197     1   207 0.95 -
d1kgda_c.37.1.1      -            178 d1t0hb_c.37.1.1.aln  -            209   5.7e-16   54.6   0.1   1   1     2e-17   6.8e-16   54.3   0.1     2   197     2   177     1   178 0.95 -
d1kjwa2c.37.1.1      -            199 d1t0hb_c.37.1.1.aln  -            209     4e-14   48.6   0.0   1   1   1.2e-15   4.3e-14   48.5   0.0     3   205     3   191     1   195 0.94 -
d1lw7a2c.37.1.1      -            192 d1t0hb_c.37.1.1.aln  -            209   1.3e-13   46.9   0.0   1   1   4.3e-15   1.5e-13   46.7   0.0     4   189     8   183     6   192 0.92 -
d1y63a_c.37.1.1      -            174 d1t0hb_c.37.1.1.aln  -            209   2.1e-13   46.2   0.3   1   1   8.1e-15   2.8e-13   45.8   0.3     2   194     4   171     3   174 0.87 -
d1ly1a_c.37.1.1      -            152 d1t0hb_c.37.1.1.aln  -            209   6.5e-12   41.3   0.0   1   1   2.3e-13   7.8e-12   41.1   0.0     3   139     2   118     1   145 0.85 -
d3kb2a_c.37.1.1      -            171 d1t0hb_c.37.1.1.aln  -            209   9.9e-12   40.7   0.0   1   1   3.4e-12   1.2e-10   37.2   0.0     5   196     2   167     1   171 0.84 -
d2qora_c.37.1.0      -            196 d1t0hb_c.37.1.1.aln  -            209   2.7e-11   39.3   0.0   1   2     5e-11   1.7e-09   33.4   0.0     3    72     4    69     2    81 0.90 -
d2qora_c.37.1.0      -            196 d1t0hb_c.37.1.1.aln  -            209   2.7e-11   39.3   0.0   2   2     0.047       1.6    4.1   0.0   122   164   120   173   105   190 0.77 -
d2grja_c.37.1.1      -            179 d1t0hb_c.37.1.1.aln  -            209   7.6e-11   37.8   2.6   1   1   1.9e-11   6.6e-10   34.8   2.6     2   200     2   178     1   179 0.87 -
d1yj5a2c.37.1.1      -            172 d1t0hb_c.37.1.1.aln  -            209   3.8e-09   32.3   0.0   1   2     0.005      0.17    7.3   0.1     6    33    17    44    14    48 0.78 -
d1yj5a2c.37.1.1      -            172 d1t0hb_c.37.1.1.aln  -            209   3.8e-09   32.3   0.0   2   2   2.9e-08     1e-06   24.4   0.0    55   189    42   161    40   171 0.84 -
d3akea_c.37.1.0      -            208 d1t0hb_c.37.1.1.aln  -            209   2.1e-07   26.6   0.1   1   2   1.4e-08   4.9e-07   25.4   0.0     5    49     4    48     2    62 0.89 -
d3akea_c.37.1.0      -            208 d1t0hb_c.37.1.1.aln  -            209   2.1e-07   26.6   0.1   2   2       4.7   1.6e+02   -2.4   0.0   126   153   143   169   134   204 0.53 -
d1in4a2c.37.1.20     -            238 d1t0hb_c.37.1.1.aln  -            209     7e-05   18.4   0.5   1   2   7.5e-06   0.00026   16.5   0.0     6    31    38    63    37   104 0.77 -
d1in4a2c.37.1.20     -            238 d1t0hb_c.37.1.1.aln  -            209     7e-05   18.4   0.5   2   2         1        35   -0.3   0.2   131   190   170   228   156   236 0.76 -
d2jaqa_c.37.1.0      -            201 d1t0hb_c.37.1.1.aln  -            209   7.1e-05   18.3   0.1   1   1   5.7e-06    0.0002   16.9   0.1     4   142     1   147     1   191 0.71 -
d1sxja2c.37.1.20     -            253 d1t0hb_c.37.1.1.aln  -            209   0.00019   16.9   0.0   1   1   9.2e-06   0.00032   16.2   0.0     7    29    56    78    53   105 0.89 -
d1um8a_c.37.1.20     -            364 d1t0hb_c.37.1.1.aln  -            209    0.0014   14.1   0.0   1   2   0.00015    0.0052   12.2   0.0     5    32    70    96    68   175 0.86 -
d1um8a_c.37.1.20     -            364 d1t0hb_c.37.1.1.aln  -            209    0.0014   14.1   0.0   2   2         2        68   -1.2   0.0    28    71   190   233   187   252 0.82 -
#
# Program:         hmmsearch
# Version:         3.1b2 (February 2015)
# Pipeline mode:   SEARCH
# Query file:      hmmModels95/d1t0hb_c.37.1.1.hmm
# Target file:     scop/scopTestSeq.fasta
# Option settings: hmmsearch --domtblout hmmModels95/d1t0hb_c.37.1.1.out -E 1 hmmModels95/d1t0hb_c.37.1.1.hmm scop/scopTestSeq.fasta 
# Current dir:     /users/nfs/Etu7/3801677/SBAS/TME8
# Date:            Tue Apr  4 15:54:03 2023
# [ok]
