#                                                                            --- full sequence --- -------------- this domain -------------   hmm coord   ali coord   env coord
# target name        accession   tlen query name           accession   qlen   E-value  score  bias   #  of  c-Evalue  i-Evalue  score  bias  from    to  from    to  from    to  acc description of target
#------------------- ---------- ----- -------------------- ---------- ----- --------- ------ ----- --- --- --------- --------- ------ ----- ----- ----- ----- ----- ----- ----- ---- ---------------------
d1z0xa2a.121.1.1     -            149 d1t33a2a.121.1.1.aln -            123   2.4e-43  142.5   0.0   1   1     1e-44   2.8e-43  142.3   0.0     1   123     2   138     2   138 0.99 -
d2g7la2a.121.1.1     -            144 d1t33a2a.121.1.1.aln -            123     2e-31  104.2   9.6   1   1   8.2e-33   2.2e-31  104.1   9.6     1   123     2   125     2   125 0.99 -
d3c07a2a.121.1.1     -            146 d1t33a2a.121.1.1.aln -            123   3.3e-25   84.2   2.1   1   1   1.4e-26   3.8e-25   84.0   2.1     2   122     3   130     2   131 0.98 -
d2g7ga2a.121.1.1     -            132 d1t33a2a.121.1.1.aln -            123   3.3e-20   68.2   8.8   1   1   1.4e-21   3.8e-20   68.0   8.8     1   121     2   120     2   122 0.96 -
d2fbqa2a.121.1.1     -            134 d1t33a2a.121.1.1.aln -            123   1.6e-18   62.7   0.2   1   1   6.4e-20   1.7e-18   62.6   0.2     3   120     6   123     4   126 0.97 -
d2id3a2a.121.1.1     -            123 d1t33a2a.121.1.1.aln -            123   4.9e-17   57.9   5.7   1   1   2.1e-18   5.8e-17   57.7   5.7     5   121     5   122     2   123 0.98 -
d1ui5a2a.121.1.1     -            133 d1t33a2a.121.1.1.aln -            123   3.2e-16   55.3   0.6   1   1   1.3e-17   3.4e-16   55.2   0.6     5   121     5   125     1   127 0.96 -
d2id6a2a.121.1.1     -            125 d1t33a2a.121.1.1.aln -            123   1.2e-14   50.2   0.0   1   1   4.8e-16   1.3e-14   50.2   0.0     2   118     3   121     2   125 0.96 -
d2g3ba2a.121.1.1     -            116 d1t33a2a.121.1.1.aln -            123   1.2e-13   47.1   1.4   1   1   4.7e-15   1.3e-13   47.0   1.4     3   118     1   115     1   116 0.98 -
d1zk8a2a.121.1.1     -            105 d1t33a2a.121.1.1.aln -            123   1.2e-13   47.1   0.0   1   1   4.7e-15   1.3e-13   47.0   0.0     2   101     3   103     2   105 0.95 -
d2d6ya2a.121.1.1     -            118 d1t33a2a.121.1.1.aln -            123   3.6e-13   45.5   0.9   1   1   1.4e-14   3.9e-13   45.4   0.9     4   119     2   115     1   118 0.89 -
d2oi8a2a.121.1.1     -            130 d1t33a2a.121.1.1.aln -            123   3.8e-13   45.5   2.0   1   1   1.5e-14   4.2e-13   45.3   2.0     5   121     2   119     1   121 0.98 -
d1rkta2a.121.1.1     -            123 d1t33a2a.121.1.1.aln -            123     2e-12   43.1   0.0   1   1   8.4e-14   2.3e-12   42.9   0.0     6   122     2   114     1   115 0.97 -
d2i10a2a.121.1.1     -            116 d1t33a2a.121.1.1.aln -            123   2.3e-12   42.9   2.4   1   1   8.9e-14   2.4e-12   42.9   2.4     7   117     7   115     1   116 0.93 -
d2gena2a.121.1.1     -            118 d1t33a2a.121.1.1.aln -            123   6.7e-12   41.4   5.5   1   1   2.7e-13   7.3e-12   41.3   5.5     2   118     3   117     2   118 0.97 -
d2hyja2a.121.1.1     -            118 d1t33a2a.121.1.1.aln -            123   6.2e-11   38.3   4.1   1   1   2.4e-12   6.5e-11   38.3   4.1     5   117     5   116     1   118 0.94 -
d2g7sa2a.121.1.1     -            116 d1t33a2a.121.1.1.aln -            123   7.1e-11   38.1   1.5   1   1   3.1e-12   8.4e-11   37.9   1.5    10   120     6   115     3   116 0.97 -
d2gfna2a.121.1.1     -            119 d1t33a2a.121.1.1.aln -            123   4.3e-10   35.6   5.7   1   1   1.7e-11   4.7e-10   35.5   5.7     4   122     5   119     2   119 0.96 -
d2hkua2a.121.1.1     -            121 d1t33a2a.121.1.1.aln -            123     5e-10   35.4   0.1   1   1   1.9e-11   5.2e-10   35.4   0.1     9   119     6   115     1   119 0.92 -
d2np3a2a.121.1.1     -            112 d1t33a2a.121.1.1.aln -            123   5.2e-10   35.4   6.0   1   1   2.1e-11   5.6e-10   35.3   6.0     7   115     2   109     1   112 0.96 -
d1t56a2a.121.1.1     -            120 d1t33a2a.121.1.1.aln -            123   9.2e-10   34.6   2.1   1   1   3.6e-11   9.9e-10   34.5   2.1     3   120     2   118     1   120 0.97 -
d2fq4a2a.121.1.1     -            115 d1t33a2a.121.1.1.aln -            123     1e-09   34.4   0.0   1   1   4.1e-11   1.1e-09   34.3   0.0     6   118     3   113     1   115 0.97 -
d2np5a2a.121.1.1     -            118 d1t33a2a.121.1.1.aln -            123   1.6e-09   33.8   3.9   1   1   6.5e-11   1.8e-09   33.6   3.9     1   120     3   116     3   118 0.97 -
d2fx0a2a.121.1.1     -            122 d1t33a2a.121.1.1.aln -            123   5.1e-09   32.2   0.0   1   1     2e-10   5.4e-09   32.1   0.0     5   121     5   120     1   122 0.95 -
d2iu5a2a.121.1.1     -            109 d1t33a2a.121.1.1.aln -            123     1e-08   31.2   0.0   1   1   3.9e-10   1.1e-08   31.1   0.0     7    87     2    82     1   107 0.91 -
d2o7ta2a.121.1.1     -            110 d1t33a2a.121.1.1.aln -            123   1.3e-08   30.8   0.0   1   1   5.7e-10   1.5e-08   30.6   0.0    13   118     6   109     2   110 0.95 -
d1sgma2a.121.1.1     -            111 d1t33a2a.121.1.1.aln -            123   2.4e-08   30.0   0.0   1   1   9.1e-10   2.5e-08   30.0   0.0     9   116     6   110     1   111 0.91 -
d1vi0a2a.121.1.1     -            117 d1t33a2a.121.1.1.aln -            123   2.6e-07   26.7   0.0   1   1     1e-08   2.8e-07   26.6   0.0    14   120     9   115     2   117 0.91 -
d2fd5a2a.121.1.1     -            104 d1t33a2a.121.1.1.aln -            123   2.9e-06   23.3   1.9   1   1   1.1e-07   3.1e-06   23.2   1.9    10   108     5   102     1   104 0.94 -
#
# Program:         hmmsearch
# Version:         3.1b2 (February 2015)
# Pipeline mode:   SEARCH
# Query file:      hmmModels95/d1t33a2a.121.1.1.hmm
# Target file:     scop/scopTestSeq.fasta
# Option settings: hmmsearch --domtblout hmmModels95/d1t33a2a.121.1.1.out -E 1 hmmModels95/d1t33a2a.121.1.1.hmm scop/scopTestSeq.fasta 
# Current dir:     /users/nfs/Etu7/3801677/SBAS/TME8
# Date:            Tue Apr  4 15:54:03 2023
# [ok]
