#                                                                            --- full sequence --- -------------- this domain -------------   hmm coord   ali coord   env coord
# target name        accession   tlen query name           accession   qlen   E-value  score  bias   #  of  c-Evalue  i-Evalue  score  bias  from    to  from    to  from    to  acc description of target
#------------------- ---------- ----- -------------------- ---------- ----- --------- ------ ----- --- --- --------- --------- ------ ----- ----- ----- ----- ----- ----- ----- ---- ---------------------
d1rkta1a.4.1.9       -             81 d1t33a1a.4.1.9.aln   -             74   1.5e-27   90.8   0.2   1   1   4.4e-29   1.6e-27   90.6   0.2     1    74     8    81     8    81 0.98 -
d2id6a1a.4.1.9       -             75 d1t33a1a.4.1.9.aln   -             74   1.9e-26   87.2   0.5   1   1   5.5e-28   2.1e-26   87.1   0.5     4    73     3    72     1    73 0.97 -
d1vi0a1a.4.1.9       -             72 d1t33a1a.4.1.9.aln   -             74   2.3e-25   83.8   0.1   1   1   6.5e-27   2.4e-25   83.7   0.1     6    72     3    69     1    71 0.95 -
d1ui5a1a.4.1.9       -             71 d1t33a1a.4.1.9.aln   -             74     2e-23   77.6   1.4   1   1   5.5e-25     2e-23   77.5   1.4     2    67     3    68     2    71 0.91 -
d2oi8a1a.4.1.9       -             79 d1t33a1a.4.1.9.aln   -             74   8.8e-23   75.5   0.5   1   1   2.5e-24   9.5e-23   75.4   0.5     2    72     7    77     6    79 0.97 -
d2gfna1a.4.1.9       -             77 d1t33a1a.4.1.9.aln   -             74   2.4e-22   74.1   0.3   1   1   6.8e-24   2.5e-22   74.0   0.3     2    73     4    75     3    76 0.97 -
d2i10a1a.4.1.9       -             69 d1t33a1a.4.1.9.aln   -             74   2.6e-22   74.0   0.0   1   1   7.1e-24   2.7e-22   74.0   0.0     9    71     5    67     1    69 0.95 -
d2gena1a.4.1.9       -             70 d1t33a1a.4.1.9.aln   -             74   2.7e-22   74.0   0.3   1   1   7.5e-24   2.8e-22   73.9   0.3     5    70     1    66     1    70 0.96 -
d2fd5a1a.4.1.9       -             76 d1t33a1a.4.1.9.aln   -             74   3.3e-22   73.6   0.1   1   1   9.3e-24   3.5e-22   73.6   0.1     2    70     5    73     4    76 0.96 -
d1sgma1a.4.1.9       -             73 d1t33a1a.4.1.9.aln   -             74   2.5e-21   70.9   0.0   1   1     7e-23   2.6e-21   70.8   0.0     4    73     2    72     1    73 0.97 -
d1t56a1a.4.1.9       -             73 d1t33a1a.4.1.9.aln   -             74   3.9e-21   70.2   0.0   1   1   1.1e-22   4.1e-21   70.2   0.0     4    73     3    72     1    73 0.96 -
d2np5a1a.4.1.9       -             69 d1t33a1a.4.1.9.aln   -             74   9.2e-21   69.0   0.2   1   1   2.5e-22   9.5e-21   69.0   0.2     7    70     4    67     1    69 0.95 -
d2hyja1a.4.1.9       -             75 d1t33a1a.4.1.9.aln   -             74   3.7e-20   67.1   0.1   1   1     1e-21   3.8e-20   67.0   0.1     3    70     4    71     2    75 0.95 -
d2np3a1a.4.1.9       -             65 d1t33a1a.4.1.9.aln   -             74   4.6e-20   66.8   0.2   1   1   1.5e-21   5.5e-20   66.5   0.2     9    65     1    57     1    64 0.91 -
d2g7sa1a.4.1.9       -             74 d1t33a1a.4.1.9.aln   -             74   1.5e-19   65.2   0.0   1   1   4.1e-21   1.5e-19   65.1   0.0     3    72     3    72     1    74 0.95 -
d2iu5a1a.4.1.9       -             71 d1t33a1a.4.1.9.aln   -             74   8.2e-19   62.8   0.1   1   1   2.3e-20   8.5e-19   62.7   0.1     3    66     4    68     2    71 0.93 -
d1zk8a1a.4.1.9       -             72 d1t33a1a.4.1.9.aln   -             74   4.4e-17   57.2   0.1   1   1   1.4e-18   5.2e-17   57.0   0.1     5    72     4    71     2    72 0.97 -
d2o7ta1a.4.1.9       -             78 d1t33a1a.4.1.9.aln   -             74   1.4e-16   55.7   0.0   1   1   3.8e-18   1.4e-16   55.6   0.0     3    72     5    76     3    78 0.89 -
d2id3a1a.4.1.9       -             68 d1t33a1a.4.1.9.aln   -             74   5.5e-16   53.7   0.0   1   1   1.5e-17   5.7e-16   53.7   0.0     3    64     5    66     3    68 0.94 -
d2g7ga1a.4.1.9       -             65 d1t33a1a.4.1.9.aln   -             74   5.7e-15   50.5   0.0   1   1   1.6e-16     6e-15   50.4   0.0     5    68     2    63     1    65 0.95 -
d1t33a1a.4.1.9       -             88 d1t33a1a.4.1.9.aln   -             74   1.5e-13   45.9   0.7   1   1   4.6e-15   1.7e-13   45.7   0.7     3    59    11    66     9    85 0.85 -
#
# Program:         hmmsearch
# Version:         3.1b2 (February 2015)
# Pipeline mode:   SEARCH
# Query file:      hmmModels95/d1t33a1a.4.1.9.hmm
# Target file:     scop/scopTestSeq.fasta
# Option settings: hmmsearch --domtblout hmmModels95/d1t33a1a.4.1.9.out -E 1 hmmModels95/d1t33a1a.4.1.9.hmm scop/scopTestSeq.fasta 
# Current dir:     /users/nfs/Etu7/3801677/SBAS/TME8
# Date:            Tue Apr  4 15:54:03 2023
# [ok]
