#                                                                            --- full sequence --- -------------- this domain -------------   hmm coord   ali coord   env coord
# target name        accession   tlen query name           accession   qlen   E-value  score  bias   #  of  c-Evalue  i-Evalue  score  bias  from    to  from    to  from    to  acc description of target
#------------------- ---------- ----- -------------------- ---------- ----- --------- ------ ----- --- --- --------- --------- ------ ----- ----- ----- ----- ----- ----- ----- ---- ---------------------
d1z0xa2a.121.1.1     -            149 d1t56a2a.121.1.1.aln -            124   7.3e-39  128.4   0.0   1   1     3e-40   8.2e-39  128.2   0.0     2   124     2   142     1   142 0.99 -
d3c07a2a.121.1.1     -            146 d1t56a2a.121.1.1.aln -            124   4.7e-34  112.9   2.2   1   1   1.9e-35   5.3e-34  112.8   2.2     1   124     1   134     1   134 0.99 -
d2g7la2a.121.1.1     -            144 d1t56a2a.121.1.1.aln -            124   2.1e-25   85.1   7.3   1   1   8.8e-27   2.4e-25   84.9   7.3     1   123     1   136     1   137 0.99 -
d1t33a2a.121.1.1     -            132 d1t56a2a.121.1.1.aln -            124     8e-19   63.9   0.1   1   1   3.2e-20   8.8e-19   63.8   0.1     2   123     6   128     5   129 0.97 -
d2fbqa2a.121.1.1     -            134 d1t56a2a.121.1.1.aln -            124   8.4e-18   60.7   0.4   1   1   3.4e-19   9.3e-18   60.5   0.4     2   124     5   129     4   129 0.98 -
d2g7ga2a.121.1.1     -            132 d1t56a2a.121.1.1.aln -            124   6.6e-17   57.8   7.8   1   1   2.7e-18   7.3e-17   57.6   7.8     2   124     2   126     1   126 0.98 -
d1ui5a2a.121.1.1     -            133 d1t56a2a.121.1.1.aln -            124     6e-16   54.7   1.0   1   1   2.4e-17   6.6e-16   54.6   1.0     2   121     3   127     2   130 0.98 -
d2d6ya2a.121.1.1     -            118 d1t56a2a.121.1.1.aln -            124   9.4e-16   54.1   0.7   1   1   3.7e-17     1e-15   54.0   0.7     5   121     3   118     1   118 0.97 -
d2g7sa2a.121.1.1     -            116 d1t56a2a.121.1.1.aln -            124     1e-15   53.9   1.5   1   1   4.2e-17   1.1e-15   53.8   1.5     1   119     2   115     2   116 0.98 -
d2id3a2a.121.1.1     -            123 d1t56a2a.121.1.1.aln -            124   1.2e-15   53.8   6.3   1   1   4.7e-17   1.3e-15   53.6   6.3     2   123     2   120     1   121 0.97 -
d2hyja2a.121.1.1     -            118 d1t56a2a.121.1.1.aln -            124   9.4e-15   50.9   4.3   1   1   3.8e-16     1e-14   50.7   4.3     4   119     4   115     1   117 0.90 -
d2oi8a2a.121.1.1     -            130 d1t56a2a.121.1.1.aln -            124   1.8e-14   49.9   2.2   1   1   7.3e-16     2e-14   49.8   2.2     2   121     2   121     1   124 0.97 -
d2gfna2a.121.1.1     -            119 d1t56a2a.121.1.1.aln -            124   7.4e-14   48.0   5.3   1   1     3e-15   8.1e-14   47.8   5.3     1   120     2   118     2   119 0.98 -
d2g3ba2a.121.1.1     -            116 d1t56a2a.121.1.1.aln -            124   5.1e-13   45.3   1.3   1   1     2e-14   5.5e-13   45.2   1.3     5   118     3   114     1   116 0.97 -
d1rkta2a.121.1.1     -            123 d1t56a2a.121.1.1.aln -            124   5.7e-13   45.1   0.0   1   1   2.2e-14   6.1e-13   45.0   0.0     3   122     3   121     1   123 0.98 -
d2id6a2a.121.1.1     -            125 d1t56a2a.121.1.1.aln -            124   6.1e-13   45.0   0.0   1   1   2.4e-14   6.6e-13   44.9   0.0     4   123     5   124     2   125 0.97 -
d2i10a2a.121.1.1     -            116 d1t56a2a.121.1.1.aln -            124   9.2e-13   44.4   2.0   1   1   3.6e-14   9.8e-13   44.4   2.0     4   115     4   113     1   116 0.91 -
d2fq4a2a.121.1.1     -            115 d1t56a2a.121.1.1.aln -            124   2.2e-12   43.2   0.0   1   1   8.8e-14   2.4e-12   43.1   0.0     5   119     2   113     1   115 0.97 -
d2fx0a2a.121.1.1     -            122 d1t56a2a.121.1.1.aln -            124   4.6e-12   42.2   0.0   1   1   1.8e-13     5e-12   42.1   0.0     2   120     3   121     2   122 0.98 -
d2hkua2a.121.1.1     -            121 d1t56a2a.121.1.1.aln -            124   2.3e-11   40.0   0.0   1   1   9.6e-13   2.6e-11   39.8   0.0     5   117     2   114     1   120 0.96 -
d2gena2a.121.1.1     -            118 d1t56a2a.121.1.1.aln -            124     8e-11   38.2   5.1   1   1   3.2e-12   8.6e-11   38.1   5.1     3   120     4   117     2   118 0.98 -
d2iu5a2a.121.1.1     -            109 d1t56a2a.121.1.1.aln -            124   3.9e-10   36.0   0.0   1   1   1.6e-11   4.4e-10   35.8   0.0     4    90     2    90     1   107 0.90 -
d2np5a2a.121.1.1     -            118 d1t56a2a.121.1.1.aln -            124   4.2e-09   32.7   4.2   1   1   1.7e-10   4.7e-09   32.5   4.2     1   122     3   114     3   116 0.97 -
d2np3a2a.121.1.1     -            112 d1t56a2a.121.1.1.aln -            124   4.6e-09   32.6   4.8   1   1     2e-10   5.4e-09   32.3   4.8     2   122     4   108     3   110 0.97 -
d1zk8a2a.121.1.1     -            105 d1t56a2a.121.1.1.aln -            124   1.3e-08   31.1   0.0   1   1   5.5e-10   1.5e-08   30.9   0.0     3   123     4   105     2   105 0.97 -
d2o7ta2a.121.1.1     -            110 d1t56a2a.121.1.1.aln -            124   1.6e-08   30.8   0.0   1   1   6.4e-10   1.8e-08   30.7   0.0     1   123     1   110     1   110 0.97 -
d1vi0a2a.121.1.1     -            117 d1t56a2a.121.1.1.aln -            124   3.2e-08   29.8   0.0   1   1   1.3e-09   3.5e-08   29.7   0.0     2   120     2   116     1   117 0.97 -
d1sgma2a.121.1.1     -            111 d1t56a2a.121.1.1.aln -            124   3.3e-08   29.8   0.0   1   1   1.3e-09   3.5e-08   29.7   0.0     6   115     3   107     1   111 0.94 -
d2fd5a2a.121.1.1     -            104 d1t56a2a.121.1.1.aln -            124   2.1e-05   20.8   2.0   1   1   8.8e-07   2.4e-05   20.6   2.0     4   114     4   103     1   104 0.95 -
#
# Program:         hmmsearch
# Version:         3.1b2 (February 2015)
# Pipeline mode:   SEARCH
# Query file:      hmmModels95/d1t56a2a.121.1.1.hmm
# Target file:     scop/scopTestSeq.fasta
# Option settings: hmmsearch --domtblout hmmModels95/d1t56a2a.121.1.1.out -E 1 hmmModels95/d1t56a2a.121.1.1.hmm scop/scopTestSeq.fasta 
# Current dir:     /users/nfs/Etu7/3801677/SBAS/TME8
# Date:            Tue Apr  4 15:54:03 2023
# [ok]
