#                                                                            --- full sequence --- -------------- this domain -------------   hmm coord   ali coord   env coord
# target name        accession   tlen query name           accession   qlen   E-value  score  bias   #  of  c-Evalue  i-Evalue  score  bias  from    to  from    to  from    to  acc description of target
#------------------- ---------- ----- -------------------- ---------- ----- --------- ------ ----- --- --- --------- --------- ------ ----- ----- ----- ----- ----- ----- ----- ---- ---------------------
d2ov9a1d.38.1.5      -            203 d1t82a_d.38.1.5.aln  -            136   6.4e-65  212.7   0.1   1   1   1.8e-66   8.4e-65  212.3   0.1     1   134    70   203    70   203 0.99 -
d3f5oa_d.38.1.5      -            138 d1t82a_d.38.1.5.aln  -            136   5.8e-42  138.4   0.8   1   1   1.4e-43   6.3e-42  138.2   0.8     4   134     5   136     2   138 0.97 -
d2hboa1d.38.1.5      -            142 d1t82a_d.38.1.5.aln  -            136   8.2e-41  134.6   0.0   1   1   1.9e-42     9e-41  134.5   0.0     6   134     2   130     1   132 0.98 -
d1vh5a_d.38.1.5      -            138 d1t82a_d.38.1.5.aln  -            136   4.3e-39  129.1   0.0   1   1     1e-40   4.7e-39  128.9   0.0     1   134     2   136     2   138 0.98 -
d1q4ta_d.38.1.5      -            142 d1t82a_d.38.1.5.aln  -            136   6.4e-37  122.0   0.9   1   1   1.6e-38   7.6e-37  121.8   0.9     5   134     6   137     3   139 0.96 -
d1sh8a_d.38.1.5      -            153 d1t82a_d.38.1.5.aln  -            136   5.4e-36  119.0   0.0   1   1   1.3e-37   6.1e-36  118.9   0.0     2   135     1   146     1   147 0.98 -
d1yoca1d.38.1.5      -            145 d1t82a_d.38.1.5.aln  -            136     2e-34  114.0   0.0   1   1   4.8e-36   2.2e-34  113.8   0.0     1   135     7   144     7   145 0.98 -
d1ixla_d.38.1.5      -            130 d1t82a_d.38.1.5.aln  -            136   2.2e-31  104.1   0.1   1   1   5.1e-33   2.4e-31  104.0   0.1    10   135     2   125     1   126 0.97 -
d1wlua_d.38.1.5      -            117 d1t82a_d.38.1.5.aln  -            136   3.9e-30  100.1   0.4   1   1     9e-32   4.2e-30  100.0   0.4    16   131     1   113     1   117 0.92 -
d2f41a1d.38.1.5      -            111 d1t82a_d.38.1.5.aln  -            136   1.6e-24   81.9   0.1   1   1   3.8e-26   1.7e-24   81.8   0.1    23   132     2   111     1   111 0.97 -
d2gvha1d.38.1.1      -            135 d1t82a_d.38.1.5.aln  -            136   1.2e-12   43.4   0.1   1   1   3.5e-14   1.6e-12   43.0   0.1    47   120    20    94    13   107 0.91 -
d1vpma_d.38.1.1      -            155 d1t82a_d.38.1.5.aln  -            136   1.3e-08   30.4   0.2   1   1   3.8e-10   1.8e-08   30.0   0.2    45   132    20   106    10   110 0.86 -
d1s5ua_d.38.1.1      -            129 d1t82a_d.38.1.5.aln  -            136   7.8e-07   24.6   0.2   1   1   2.1e-08   9.5e-07   24.3   0.2    74   133    50   109    12   111 0.91 -
d3bjka_d.38.1.1      -            140 d1t82a_d.38.1.5.aln  -            136   2.3e-05   19.8   0.0   1   1     7e-07   3.3e-05   19.4   0.0    47   121    16    91     4    95 0.82 -
d1t82a_d.38.1.5      -            143 d1t82a_d.38.1.5.aln  -            136   0.00012   17.6   0.0   1   1   3.7e-06   0.00017   17.0   0.0    15   134    13   141     6   142 0.86 -
d1njka_d.38.1.1      -            133 d1t82a_d.38.1.5.aln  -            136   0.00018   17.0   0.0   1   1   5.9e-06   0.00027   16.4   0.0    77   127    51   102    41   109 0.79 -
d2gf6a1d.38.1.1      -            134 d1t82a_d.38.1.5.aln  -            136    0.0085   11.5   0.0   1   1   0.00029     0.014   10.9   0.0    79   103    58    82    52   110 0.77 -
#
# Program:         hmmsearch
# Version:         3.1b2 (February 2015)
# Pipeline mode:   SEARCH
# Query file:      hmmModels95/d1t82a_d.38.1.5.hmm
# Target file:     scop/scopTestSeq.fasta
# Option settings: hmmsearch --domtblout hmmModels95/d1t82a_d.38.1.5.out -E 1 hmmModels95/d1t82a_d.38.1.5.hmm scop/scopTestSeq.fasta 
# Current dir:     /users/nfs/Etu7/3801677/SBAS/TME8
# Date:            Tue Apr  4 15:54:03 2023
# [ok]
