#                                                                            --- full sequence --- -------------- this domain -------------   hmm coord   ali coord   env coord
# target name        accession   tlen query name           accession   qlen   E-value  score  bias   #  of  c-Evalue  i-Evalue  score  bias  from    to  from    to  from    to  acc description of target
#------------------- ---------- ----- -------------------- ---------- ----- --------- ------ ----- --- --- --------- --------- ------ ----- ----- ----- ----- ----- ----- ----- ---- ---------------------
d1d7qa_b.40.4.5      -            143 d1t9ha1b.40.4.5.aln  -            107   3.6e-39  129.1   1.3   1   1   1.6e-40   5.6e-39  128.4   1.3     1   107     1   109     1   109 0.99 -
d2vnud3b.40.4.5      -            148 d1t9ha1b.40.4.5.aln  -            107   1.3e-29   98.3   0.0   1   1   4.7e-31   1.6e-29   98.0   0.0     1   107    33   143    33   143 0.99 -
d2nn6i1b.40.4.5      -            125 d1t9ha1b.40.4.5.aln  -            107   1.1e-21   72.9   0.0   1   1   3.5e-23   1.2e-21   72.7   0.0    12   106     2   100     1   101 0.98 -
d2uubl1b.40.4.5      -            118 d1t9ha1b.40.4.5.aln  -            107   1.2e-21   72.7   4.5   1   1   4.2e-23   1.4e-21   72.4   4.5     1   107    15   118    15   118 0.99 -
d1wi5a_b.40.4.5      -            119 d1t9ha1b.40.4.5.aln  -            107   5.7e-14   48.0   0.0   1   1   1.8e-15   6.2e-14   47.9   0.0     3   105     7   105     5   107 0.95 -
d1rl2a2b.40.4.5      -             66 d1t9ha1b.40.4.5.aln  -            107     8e-14   47.5   0.3   1   1   2.5e-15   8.5e-14   47.4   0.3    24    89     1    65     1    66 0.97 -
d2uubq1b.40.4.5      -            100 d1t9ha1b.40.4.5.aln  -            107   1.6e-12   43.3   2.3   1   1   5.2e-14   1.8e-12   43.2   2.3    20   106     2    88     1    89 0.97 -
d3bzka4b.40.4.5      -             94 d1t9ha1b.40.4.5.aln  -            107   3.4e-12   42.3   0.4   1   1   1.1e-13   3.8e-12   42.1   0.4     4    94     5    89     2    93 0.90 -
d1kl9a2b.40.4.5      -             86 d1t9ha1b.40.4.5.aln  -            107   1.6e-10   36.9   0.4   1   1     5e-12   1.7e-10   36.8   0.4     6    94     2    86     1    86 0.97 -
d1go3e1b.40.4.5      -            106 d1t9ha1b.40.4.5.aln  -            107   1.8e-10   36.7   0.3   1   1   5.9e-12     2e-10   36.6   0.3    15   106     1    96     1    97 0.97 -
d1jt8a_b.40.4.5      -            102 d1t9ha1b.40.4.5.aln  -            107   3.1e-10   36.0   0.5   1   1   9.7e-12   3.3e-10   35.9   0.5    13   105     5    96     1    98 0.92 -
d2je6i1b.40.4.5      -             87 d1t9ha1b.40.4.5.aln  -            107   4.4e-09   32.3   0.6   1   1   1.5e-10   5.1e-09   32.1   0.6    11    99     1    86     1    87 0.90 -
d2nn6h1b.40.4.5      -             95 d1t9ha1b.40.4.5.aln  -            107     7e-09   31.6   0.0   1   1   2.3e-10   7.9e-09   31.5   0.0    11    93     2    88     1    94 0.93 -
d1luza_b.40.4.5      -             85 d1t9ha1b.40.4.5.aln  -            107   2.1e-08   30.1   0.4   1   1   6.7e-10   2.3e-08   30.0   0.4    13    97     4    83     1    85 0.94 -
d1y14b1b.40.4.5      -             91 d1t9ha1b.40.4.5.aln  -            107   4.3e-07   25.9   0.2   1   1   4.2e-08   1.4e-06   24.2   0.2    15    52     1    38     1    89 0.72 -
d3i4oa_b.40.4.5      -             68 d1t9ha1b.40.4.5.aln  -            107   3.8e-06   22.8   0.2   1   1   1.3e-07   4.3e-06   22.6   0.2    28    92     3    67     2    68 0.95 -
d1e3pa2b.40.4.5      -             62 d1t9ha1b.40.4.5.aln  -            107   4.5e-05   19.4   0.1   1   1   1.3e-06   4.6e-05   19.3   0.1    25    85     3    61     1    62 0.93 -
d1smxa_b.40.4.5      -             87 d1t9ha1b.40.4.5.aln  -            107   6.4e-05   18.9   0.0   1   1     2e-06   6.9e-05   18.8   0.0    46    92    34    80    16    87 0.85 -
d1hh2p1b.40.4.5      -             72 d1t9ha1b.40.4.5.aln  -            107   8.4e-05   18.5   0.3   1   1   2.7e-06   9.2e-05   18.4   0.3    52    87    30    65     7    72 0.85 -
d2ix0a3b.40.4.5      -             87 d1t9ha1b.40.4.5.aln  -            107   0.00015   17.7   0.1   1   1   5.1e-06   0.00017   17.5   0.1    23    99     9    85     5    87 0.94 -
d1wfqa_b.40.4.5      -             89 d1t9ha1b.40.4.5.aln  -            107   0.00049   16.0   0.0   1   1   1.4e-05   0.00049   16.0   0.0    44    99    32    87     4    89 0.81 -
d2ix0a1b.40.4.5      -             90 d1t9ha1b.40.4.5.aln  -            107    0.0018   14.2   0.0   1   1   5.9e-05     0.002   14.1   0.0    16    97     6    88     2    90 0.94 -
d2ja9a1b.40.4.5      -             90 d1t9ha1b.40.4.5.aln  -            107    0.0033   13.4   0.0   1   1   0.00012     0.004   13.1   0.0    12    99     2    83     1    88 0.91 -
#
# Program:         hmmsearch
# Version:         3.1b2 (February 2015)
# Pipeline mode:   SEARCH
# Query file:      hmmModels95/d1t9ha1b.40.4.5.hmm
# Target file:     scop/scopTestSeq.fasta
# Option settings: hmmsearch --domtblout hmmModels95/d1t9ha1b.40.4.5.out -E 1 hmmModels95/d1t9ha1b.40.4.5.hmm scop/scopTestSeq.fasta 
# Current dir:     /users/nfs/Etu7/3801677/SBAS/TME8
# Date:            Tue Apr  4 15:54:03 2023
# [ok]
