#                                                                            --- full sequence --- -------------- this domain -------------   hmm coord   ali coord   env coord
# target name        accession   tlen query name           accession   qlen   E-value  score  bias   #  of  c-Evalue  i-Evalue  score  bias  from    to  from    to  from    to  acc description of target
#------------------- ---------- ----- -------------------- ---------- ----- --------- ------ ----- --- --- --------- --------- ------ ----- ----- ----- ----- ----- ----- ----- ---- ---------------------
d1fsga_c.61.1.1      -            233 d1tc1a_c.61.1.1.aln  -            206   3.3e-74  244.3   0.1   1   1   6.7e-76   3.8e-74  244.1   0.1     1   206    35   231    35   231 0.99 -
d1qb7a_c.61.1.1      -            236 d1tc1a_c.61.1.1.aln  -            206     4e-54  178.7   0.0   1   1     8e-56   4.5e-54  178.6   0.0     2   204     9   205     7   207 0.98 -
d1tc1a_c.61.1.1      -            184 d1tc1a_c.61.1.1.aln  -            206     7e-52  171.4   0.9   1   1   1.4e-53   7.7e-52  171.3   0.9     8   200     2   183     1   184 0.99 -
d1xtta1c.61.1.1      -            215 d1tc1a_c.61.1.1.aln  -            206   4.1e-49  162.4   3.0   1   1   8.3e-51   4.7e-49  162.2   3.0     2   204     9   215     8   215 0.99 -
d1ecfa1c.61.1.1      -            243 d1tc1a_c.61.1.1.aln  -            206   2.2e-46  153.5   0.3   1   1   4.4e-48   2.5e-46  153.3   0.3     1   204     7   213     7   215 0.99 -
d1dqna_c.61.1.1      -            230 d1tc1a_c.61.1.1.aln  -            206   2.6e-43  143.4   0.1   1   1   5.3e-45     3e-43  143.2   0.1     1   205     1   208     1   209 0.98 -
d1a3ca_c.61.1.1      -            178 d1tc1a_c.61.1.1.aln  -            206   1.8e-31  104.8   2.2   1   1   3.4e-33   1.9e-31  104.6   2.2     5   183     4   177     1   178 0.95 -
d1y0ba1c.61.1.1      -            191 d1tc1a_c.61.1.1.aln  -            206   2.2e-27   91.4   0.1   1   1   4.1e-29   2.3e-27   91.3   0.1    15   200     3   187     1   191 0.96 -
d1vdma1c.61.1.1      -            153 d1tc1a_c.61.1.1.aln  -            206   1.3e-25   85.6   2.2   1   1   9.2e-27   5.2e-25   83.6   2.2    10   176     1   144     1   152 0.89 -
d2aeea1c.61.1.1      -            208 d1tc1a_c.61.1.1.aln  -            206   1.9e-25   85.1   0.1   1   1   3.8e-27   2.2e-25   84.9   0.1    11   197    11   197     1   205 0.92 -
d1p4aa2c.61.1.1      -            202 d1tc1a_c.61.1.1.aln  -            206   3.7e-25   84.1   0.1   1   1   7.2e-27   4.1e-25   84.0   0.1    12   203     2   195     1   198 0.96 -
d1wd5a_c.61.1.1      -            208 d1tc1a_c.61.1.1.aln  -            206   1.3e-24   82.4   2.2   1   1   2.4e-26   1.4e-24   82.3   2.2     4   202     7   206     3   208 0.96 -
d1vcha1c.61.1.1      -            174 d1tc1a_c.61.1.1.aln  -            206   1.4e-17   59.4   0.4   1   1   2.6e-19   1.5e-17   59.3   0.4    13   179     3   168     1   174 0.94 -
d1nula_c.61.1.1      -            150 d1tc1a_c.61.1.1.aln  -            206   2.9e-17   58.3   0.0   1   1     2e-18   1.1e-16   56.5   0.0    11   177     1   141     1   147 0.90 -
#
# Program:         hmmsearch
# Version:         3.1b2 (February 2015)
# Pipeline mode:   SEARCH
# Query file:      hmmModels95/d1tc1a_c.61.1.1.hmm
# Target file:     scop/scopTestSeq.fasta
# Option settings: hmmsearch --domtblout hmmModels95/d1tc1a_c.61.1.1.out -E 1 hmmModels95/d1tc1a_c.61.1.1.hmm scop/scopTestSeq.fasta 
# Current dir:     /users/nfs/Etu7/3801677/SBAS/TME8
# Date:            Tue Apr  4 15:54:03 2023
# [ok]
