#                                                                            --- full sequence --- -------------- this domain -------------   hmm coord   ali coord   env coord
# target name        accession   tlen query name           accession   qlen   E-value  score  bias   #  of  c-Evalue  i-Evalue  score  bias  from    to  from    to  from    to  acc description of target
#------------------- ---------- ----- -------------------- ---------- ----- --------- ------ ----- --- --- --------- --------- ------ ----- ----- ----- ----- ----- ----- ----- ---- ---------------------
d1lb3a_a.25.1.1      -            179 d1tjoa_a.25.1.1.aln  -            156   5.5e-52  171.2   0.1   1   1     9e-54   5.9e-52  171.1   0.1     2   153     4   157     3   171 0.97 -
d1z6om1a.25.1.1      -            191 d1tjoa_a.25.1.1.aln  -            156   5.1e-45  148.6   0.1   1   1     9e-47   5.9e-45  148.4   0.1     3   154    15   178    13   180 0.96 -
d3bvfa_a.25.1.1      -            172 d1tjoa_a.25.1.1.aln  -            156   4.8e-43  142.2   5.9   1   1   8.7e-45   5.8e-43  141.9   5.9     3   156     6   158     4   158 0.98 -
d2y3qa_a.25.1.1      -            158 d1tjoa_a.25.1.1.aln  -            156   4.4e-41  135.8   3.0   1   1     8e-43   5.3e-41  135.5   3.0     3   153     1   149     1   156 0.97 -
d1nf4a_a.25.1.1      -            169 d1tjoa_a.25.1.1.aln  -            156   3.2e-40  133.0   4.7   1   1   5.8e-42   3.8e-40  132.7   4.7     2   152     2   150     1   156 0.97 -
d1yuza1a.25.1.1      -            135 d1tjoa_a.25.1.1.aln  -            156   5.3e-39  129.0   0.5   1   1   9.4e-41   6.2e-39  128.8   0.5     8   139     6   135     2   135 0.98 -
d2cf7a_a.25.1.1      -            159 d1tjoa_a.25.1.1.aln  -            156   2.7e-36  120.2   0.0   1   1   4.6e-38     3e-36  120.0   0.0     7   147    10   158     5   159 0.98 -
d1z6oa1a.25.1.1      -            200 d1tjoa_a.25.1.1.aln  -            156   4.6e-30  100.0  10.6   1   1     8e-32   5.3e-30   99.8  10.6     3   153    19   180    17   190 0.94 -
d1zs3a1a.25.1.1      -            171 d1tjoa_a.25.1.1.aln  -            156     8e-26   86.2   0.4   1   1   1.5e-27   9.7e-26   85.9   0.4     2   146    18   168    17   171 0.98 -
d1tjoa_a.25.1.1      -            180 d1tjoa_a.25.1.1.aln  -            156   4.1e-17   57.9   6.2   1   1   8.3e-19   5.4e-17   57.5   6.2     7   139    27   166    22   177 0.86 -
d1vjxa_a.25.1.1      -            149 d1tjoa_a.25.1.1.aln  -            156   4.1e-17   57.9   7.2   1   1   6.9e-19   4.6e-17   57.8   7.2     3   148     1   147     1   149 0.98 -
d2fzfa1a.25.1.1      -            158 d1tjoa_a.25.1.1.aln  -            156     9e-17   56.8  11.0   1   1   1.5e-18   9.8e-17   56.7  11.0     3   150     6   156     4   158 0.96 -
#
# Program:         hmmsearch
# Version:         3.1b2 (February 2015)
# Pipeline mode:   SEARCH
# Query file:      hmmModels95/d1tjoa_a.25.1.1.hmm
# Target file:     scop/scopTestSeq.fasta
# Option settings: hmmsearch --domtblout hmmModels95/d1tjoa_a.25.1.1.out -E 1 hmmModels95/d1tjoa_a.25.1.1.hmm scop/scopTestSeq.fasta 
# Current dir:     /users/nfs/Etu7/3801677/SBAS/TME8
# Date:            Tue Apr  4 15:54:04 2023
# [ok]
