#                                                                            --- full sequence --- -------------- this domain -------------   hmm coord   ali coord   env coord
# target name        accession   tlen query name           accession   qlen   E-value  score  bias   #  of  c-Evalue  i-Evalue  score  bias  from    to  from    to  from    to  acc description of target
#------------------- ---------- ----- -------------------- ---------- ----- --------- ------ ----- --- --- --------- --------- ------ ----- ----- ----- ----- ----- ----- ----- ---- ---------------------
d1g41a_c.37.1.20     -            443 d1tuea_c.37.1.20.aln -            285  9.9e-131  430.8   7.3   1   1  3.7e-132  1.2e-130  430.5   7.3     1   285     5   433     5   433 1.00 -
d1um8a_c.37.1.20     -            364 d1tuea_c.37.1.20.aln -            285  5.3e-101  333.2   3.6   1   1  2.1e-102  6.9e-101  332.8   3.6     1   285     8   362     8   362 0.99 -
d2p65a_c.37.1.20     -            185 d1tuea_c.37.1.20.aln -            285   3.6e-54  179.6   1.3   1   1   1.2e-55   3.9e-54  179.4   1.3     4   188     2   185     1   185 0.98 -
d1r6bx3c.37.1.20     -            315 d1tuea_c.37.1.20.aln -            285   5.8e-53  175.6   0.1   1   1     2e-54   6.6e-53  175.4   0.1     2   285    14   305    13   305 0.99 -
d1iqpa2c.37.1.20     -            231 d1tuea_c.37.1.20.aln -            285   2.6e-43  143.9   0.5   1   1   9.7e-45   3.2e-43  143.6   0.5    10   245    11   226     5   230 0.96 -
d1svma_c.37.1.20     -            362 d1tuea_c.37.1.20.aln -            285   3.5e-43  143.5   0.0   1   1   1.2e-44   3.9e-43  143.3   0.0     2   285     4   333     3   333 0.99 -
d1lv7a_c.37.1.20     -            256 d1tuea_c.37.1.20.aln -            285   3.9e-39  130.2   0.0   1   1   1.5e-40     5e-39  129.9   0.0     7   259     9   251     4   255 0.97 -
d1sxja2c.37.1.20     -            253 d1tuea_c.37.1.20.aln -            285   4.1e-39  130.1   0.0   1   1   1.4e-40   4.6e-39  130.0   0.0    11   253     2   250     1   253 0.97 -
d1njfa_c.37.1.20     -            239 d1tuea_c.37.1.20.aln -            285   5.7e-33  110.0   0.0   1   1     2e-34   6.6e-33  109.8   0.0    14   235     3   222     1   237 0.95 -
d1g8pa_c.37.1.20     -            333 d1tuea_c.37.1.20.aln -            285   3.6e-27   91.0   0.0   1   1   6.2e-28     2e-26   88.5   0.0     4   284    10   332     8   333 0.98 -
d1in4a2c.37.1.20     -            238 d1tuea_c.37.1.20.aln -            285   6.2e-21   70.5   2.3   1   1   1.7e-19   5.6e-18   60.8   2.3    20   253     6   230     1   238 0.75 -
d1w5sa2c.37.1.20     -            287 d1tuea_c.37.1.20.aln -            285     6e-19   64.0   0.1   1   1   2.2e-20   7.1e-19   63.7   0.1     9   279     5   286     2   287 0.97 -
d2a5yb3c.37.1.20     -            277 d1tuea_c.37.1.20.aln -            285   2.2e-18   62.1   0.0   1   1   7.7e-20   2.5e-18   61.9   0.0     7   270     5   268     1   276 0.92 -
d1ny5a2c.37.1.20     -            247 d1tuea_c.37.1.20.aln -            285   9.4e-18   60.0   0.3   1   1   3.5e-19   1.2e-17   59.7   0.3    47   254    26   233     8   245 0.93 -
d1fnna2c.37.1.20     -            276 d1tuea_c.37.1.20.aln -            285   1.5e-16   56.0   0.0   1   1   6.8e-18   2.2e-16   55.5   0.0     7   267     3   272     1   276 0.86 -
d1d2na_c.37.1.20     -            246 d1tuea_c.37.1.20.aln -            285   5.9e-16   54.2   0.0   1   1   2.2e-17   7.2e-16   53.9   0.0    13   260    10   245     4   246 0.93 -
d1a5ta2c.37.1.20     -            207 d1tuea_c.37.1.20.aln -            285   2.5e-11   39.0   0.0   1   1     8e-13   2.6e-11   38.9   0.0     9   227     2   202     1   207 0.93 -
d1l8qa2c.37.1.20     -            213 d1tuea_c.37.1.20.aln -            285   1.7e-10   36.3   1.3   1   1   1.1e-10   3.5e-09   31.9   1.3    14   107     4    99     1   213 0.78 -
d2fnaa2c.37.1.20     -            283 d1tuea_c.37.1.20.aln -            285   4.6e-10   34.8   0.2   1   1   1.6e-11   5.4e-10   34.6   0.2    10   268     8   269     1   280 0.87 -
d1u0ja_c.37.1.20     -            267 d1tuea_c.37.1.20.aln -            285   1.4e-07   26.6   0.0   1   1     7e-09   2.3e-07   26.0   0.0     9   274     6   263     2   266 0.95 -
d1jqlb_c.37.1.20     -            140 d1tuea_c.37.1.20.aln -            285   2.3e-07   25.9   0.0   1   1     8e-09   2.6e-07   25.8   0.0    27   156     5   135     2   140 0.88 -
d2gnoa2c.37.1.20     -            198 d1tuea_c.37.1.20.aln -            285   1.6e-05   19.9   0.1   1   1   5.9e-07     2e-05   19.6   0.1    47   239    18   190     5   196 0.86 -
d1y63a_c.37.1.1      -            174 d1tuea_c.37.1.20.aln -            285   8.8e-05   17.5   0.1   1   3   2.7e-06   8.8e-05   17.5   0.1    46    73     7    34     6    43 0.87 -
d1y63a_c.37.1.1      -            174 d1tuea_c.37.1.20.aln -            285   8.8e-05   17.5   0.1   2   3       2.4        80   -2.1   0.0     7    22    53    68    49    70 0.86 -
d1y63a_c.37.1.1      -            174 d1tuea_c.37.1.20.aln -            285   8.8e-05   17.5   0.1   3   3      0.27       8.9    1.1   0.4   132   199   115   173   107   174 0.74 -
d1ly1a_c.37.1.1      -            152 d1tuea_c.37.1.20.aln -            285     0.006   11.4   0.1   1   2   0.00035     0.012   10.5   0.0    44    63     2    21     1    25 0.90 -
d1ly1a_c.37.1.1      -            152 d1tuea_c.37.1.20.aln -            285     0.006   11.4   0.1   2   2       4.1   1.3e+02   -2.8   0.0    14    38    34    58    31    72 0.72 -
#
# Program:         hmmsearch
# Version:         3.1b2 (February 2015)
# Pipeline mode:   SEARCH
# Query file:      hmmModels95/d1tuea_c.37.1.20.hmm
# Target file:     scop/scopTestSeq.fasta
# Option settings: hmmsearch --domtblout hmmModels95/d1tuea_c.37.1.20.out -E 1 hmmModels95/d1tuea_c.37.1.20.hmm scop/scopTestSeq.fasta 
# Current dir:     /users/nfs/Etu7/3801677/SBAS/TME8
# Date:            Tue Apr  4 15:54:04 2023
# [ok]
