#                                                                            --- full sequence --- -------------- this domain -------------   hmm coord   ali coord   env coord
# target name        accession   tlen query name           accession   qlen   E-value  score  bias   #  of  c-Evalue  i-Evalue  score  bias  from    to  from    to  from    to  acc description of target
#------------------- ---------- ----- -------------------- ---------- ----- --------- ------ ----- --- --- --------- --------- ------ ----- ----- ----- ----- ----- ----- ----- ---- ---------------------
d2c4ja1a.45.1.1      -            133 d1tu7a1a.45.1.1.aln  -            141   1.5e-43  143.6   0.1   1   1   2.5e-45   1.7e-43  143.5   0.1     1   141     1   133     1   133 0.99 -
d1k3ya1a.45.1.1      -            142 d1tu7a1a.45.1.1.aln  -            141   2.2e-34  113.9   0.1   1   1   3.7e-36   2.4e-34  113.8   0.1     1   136     1   133     1   138 0.97 -
d1okta1a.45.1.1      -            126 d1tu7a1a.45.1.1.aln  -            141   1.6e-25   85.3   0.0   1   1   2.8e-27   1.9e-25   85.0   0.0     2   126     1   123     1   125 0.96 -
d1nhya1a.45.1.1      -            144 d1tu7a1a.45.1.1.aln  -            141   1.2e-24   82.4   0.0   1   1     2e-26   1.3e-24   82.2   0.0     1   135     8   144     8   144 0.95 -
d2cvda1a.45.1.1      -            124 d1tu7a1a.45.1.1.aln  -            141   1.6e-24   82.0   0.1   1   1   2.7e-26   1.8e-24   81.8   0.1     1   128     2   123     2   124 0.95 -
d1tu7a1a.45.1.1      -            131 d1tu7a1a.45.1.1.aln  -            141   1.8e-23   78.6   0.1   1   1   3.1e-25     2e-23   78.4   0.1     3   136     1   130     1   131 0.93 -
d1tw9a1a.45.1.1      -            129 d1tu7a1a.45.1.1.aln  -            141   1.4e-22   75.7   0.0   1   1   2.4e-24   1.6e-22   75.5   0.0     2   128     1   128     1   129 0.96 -
d1gnwa1a.45.1.1      -            126 d1tu7a1a.45.1.1.aln  -            141   5.5e-22   73.8   0.1   1   1   9.3e-24   6.1e-22   73.6   0.1     8   120    13   125     7   126 0.95 -
d1eema1a.45.1.1      -            139 d1tu7a1a.45.1.1.aln  -            141   6.2e-22   73.6   0.2   1   1   1.1e-23   7.5e-22   73.3   0.2     2   136     1   129     1   133 0.93 -
d1z9ha1a.45.1.1      -            161 d1tu7a1a.45.1.1.aln  -            141   1.2e-15   53.3   0.2   1   1   2.1e-17   1.4e-15   53.0   0.2     5   141    10   150     6   150 0.96 -
d1k0ma1a.45.1.1      -            149 d1tu7a1a.45.1.1.aln  -            141   1.3e-10   36.9   0.0   1   1   2.3e-12   1.5e-10   36.7   0.0     5   140    10   147     6   148 0.94 -
d2fnoa1a.45.1.1      -            149 d1tu7a1a.45.1.1.aln  -            141   1.3e-10   36.9   0.0   1   1   2.2e-12   1.5e-10   36.7   0.0     2   132     1   135     1   143 0.93 -
#
# Program:         hmmsearch
# Version:         3.1b2 (February 2015)
# Pipeline mode:   SEARCH
# Query file:      hmmModels95/d1tu7a1a.45.1.1.hmm
# Target file:     scop/scopTestSeq.fasta
# Option settings: hmmsearch --domtblout hmmModels95/d1tu7a1a.45.1.1.out -E 1 hmmModels95/d1tu7a1a.45.1.1.hmm scop/scopTestSeq.fasta 
# Current dir:     /users/nfs/Etu7/3801677/SBAS/TME8
# Date:            Tue Apr  4 15:54:04 2023
# [ok]
