#                                                                            --- full sequence --- -------------- this domain -------------   hmm coord   ali coord   env coord
# target name        accession   tlen query name           accession   qlen   E-value  score  bias   #  of  c-Evalue  i-Evalue  score  bias  from    to  from    to  from    to  acc description of target
#------------------- ---------- ----- -------------------- ---------- ----- --------- ------ ----- --- --- --------- --------- ------ ----- ----- ----- ----- ----- ----- ----- ---- ---------------------
d2c4ja1a.45.1.1      -            133 d1tw9a1a.45.1.1.aln  -            137   1.4e-41  137.2   0.1   1   1   2.4e-43   1.6e-41  137.1   0.1     1   137     1   132     1   132 0.99 -
d1k3ya1a.45.1.1      -            142 d1tw9a1a.45.1.1.aln  -            137   1.1e-33  111.6   0.1   1   1   1.9e-35   1.2e-33  111.5   0.1     1   132     1   132     1   137 0.97 -
d1tu7a1a.45.1.1      -            131 d1tw9a1a.45.1.1.aln  -            137   1.3e-32  108.2   0.1   1   1   2.2e-34   1.4e-32  108.0   0.1     3   134     1   131     1   131 0.98 -
d1z9ha1a.45.1.1      -            161 d1tw9a1a.45.1.1.aln  -            137   5.3e-32  106.2   0.2   1   1     9e-34   5.9e-32  106.0   0.2     2   136    14   160    13   161 0.98 -
d1okta1a.45.1.1      -            126 d1tw9a1a.45.1.1.aln  -            137   1.4e-25   85.4   0.0   1   1   2.5e-27   1.7e-25   85.2   0.0     2   123     1   123     1   125 0.97 -
d2cvda1a.45.1.1      -            124 d1tw9a1a.45.1.1.aln  -            137   3.1e-23   77.8   0.1   1   1   5.1e-25   3.4e-23   77.7   0.1     2   124     3   122     2   124 0.95 -
d1eema1a.45.1.1      -            139 d1tw9a1a.45.1.1.aln  -            137   4.8e-23   77.2   0.1   1   1   8.5e-25   5.6e-23   77.0   0.1     2   132     1   128     1   132 0.95 -
d1nhya1a.45.1.1      -            144 d1tw9a1a.45.1.1.aln  -            137   7.7e-21   70.0   0.0   1   1   1.3e-22   8.6e-21   69.9   0.0     1   132     8   144     8   144 0.95 -
d2fnoa1a.45.1.1      -            149 d1tw9a1a.45.1.1.aln  -            137   1.2e-18   62.9   0.0   1   1     2e-20   1.3e-18   62.8   0.0     2   135     1   141     1   143 0.97 -
d1gnwa1a.45.1.1      -            126 d1tw9a1a.45.1.1.aln  -            137   8.7e-18   60.2   0.1   1   1   1.4e-19     9e-18   60.1   0.1     9   116    14   124     6   126 0.89 -
d1tw9a1a.45.1.1      -            129 d1tw9a1a.45.1.1.aln  -            137   1.1e-11   40.4   0.0   1   1     2e-13   1.3e-11   40.1   0.0     5   123     4   126     1   129 0.67 -
d1k0ma1a.45.1.1      -            149 d1tw9a1a.45.1.1.aln  -            137   8.8e-10   34.2   0.0   1   1   1.6e-11   1.1e-09   33.9   0.0     5   136    10   146     6   147 0.86 -
#
# Program:         hmmsearch
# Version:         3.1b2 (February 2015)
# Pipeline mode:   SEARCH
# Query file:      hmmModels95/d1tw9a1a.45.1.1.hmm
# Target file:     scop/scopTestSeq.fasta
# Option settings: hmmsearch --domtblout hmmModels95/d1tw9a1a.45.1.1.out -E 1 hmmModels95/d1tw9a1a.45.1.1.hmm scop/scopTestSeq.fasta 
# Current dir:     /users/nfs/Etu7/3801677/SBAS/TME8
# Date:            Tue Apr  4 15:54:04 2023
# [ok]
