#                                                                            --- full sequence --- -------------- this domain -------------   hmm coord   ali coord   env coord
# target name        accession   tlen query name           accession   qlen   E-value  score  bias   #  of  c-Evalue  i-Evalue  score  bias  from    to  from    to  from    to  acc description of target
#------------------- ---------- ----- -------------------- ---------- ----- --------- ------ ----- --- --- --------- --------- ------ ----- ----- ----- ----- ----- ----- ----- ---- ---------------------
d1lj8a4c.2.1.6       -            286 d1txga2c.2.1.6.aln   -            187   5.9e-78  256.5   0.0   1   1   1.9e-79     7e-78  256.2   0.0     1   187    46   255    46   255 0.99 -
d1jaya_c.2.1.6       -            212 d1txga2c.2.1.6.aln   -            187   1.4e-52  173.7   0.2   1   1   4.5e-54   1.7e-52  173.5   0.2     1   187     1   202     1   202 0.99 -
d1vpda2c.2.1.6       -            161 d1txga2c.2.1.6.aln   -            187   1.1e-33  112.1   2.0   1   1   3.3e-35   1.2e-33  112.0   2.0     2   173     1   160     1   161 0.99 -
d1evya2c.2.1.6       -            189 d1txga2c.2.1.6.aln   -            187   8.2e-33  109.3   0.0   1   1   2.4e-34   9.1e-33  109.2   0.0     2   174     8   188     7   189 0.98 -
d1mv8a2c.2.1.6       -            202 d1txga2c.2.1.6.aln   -            187   1.5e-32  108.4   0.0   1   1   4.4e-34   1.7e-32  108.3   0.0     2   185     1   199     1   201 0.98 -
d1f0ya2c.2.1.6       -            192 d1txga2c.2.1.6.aln   -            187   3.3e-29   97.6   1.7   1   1   9.6e-31   3.6e-29   97.4   1.7     2   187     5   191     4   191 0.98 -
d1bg6a2c.2.1.6       -            184 d1txga2c.2.1.6.aln   -            187   3.4e-28   94.3   0.4   1   1   9.9e-30   3.7e-28   94.1   0.4     2   178     2   183     1   184 0.98 -
d2f1ka2c.2.1.6       -            165 d1txga2c.2.1.6.aln   -            187     7e-28   93.2   0.0   1   1     2e-29   7.6e-28   93.1   0.0     2   174     1   163     1   165 0.96 -
d1dlja2c.2.1.6       -            196 d1txga2c.2.1.6.aln   -            187   7.1e-28   93.2   0.0   1   1   2.1e-29   7.9e-28   93.1   0.0     2   184     1   191     1   194 0.99 -
d1ks9a2c.2.1.6       -            167 d1txga2c.2.1.6.aln   -            187   4.9e-24   80.7   0.0   1   1   1.4e-25   5.4e-24   80.5   0.0     2   173     1   166     1   167 0.97 -
d1yqga2c.2.1.6       -            152 d1txga2c.2.1.6.aln   -            187   5.2e-20   67.6   0.1   1   1   1.5e-21   5.8e-20   67.4   0.1     2   176     1   151     1   152 0.98 -
d2pv7a2c.2.1.6       -            152 d1txga2c.2.1.6.aln   -            187   6.5e-20   67.3   0.1   1   1   4.1e-21   1.6e-19   66.0   0.1     7   171     5   150     3   152 0.94 -
d1i36a2c.2.1.6       -            152 d1txga2c.2.1.6.aln   -            187   9.4e-17   56.9   0.1   1   1   2.7e-18     1e-16   56.8   0.1     3   174     2   151     1   152 0.96 -
d2ahra2c.2.1.6       -            152 d1txga2c.2.1.6.aln   -            187   5.3e-14   48.0   0.0   1   1   1.6e-15   6.1e-14   47.8   0.0     2   173     1   151     1   152 0.97 -
d2i76a2c.2.1.6       -            153 d1txga2c.2.1.6.aln   -            187   6.1e-14   47.8   0.0   1   1   1.8e-15   6.6e-14   47.7   0.0     4   174     2   150     1   153 0.95 -
d1gpja2c.2.1.7       -            159 d1txga2c.2.1.6.aln   -            187   1.4e-08   30.3   0.3   1   1   4.9e-10   1.9e-08   29.9   0.3     2    95    25   112    25   153 0.88 -
d2ivda1c.3.1.2       -            348 d1txga2c.2.1.6.aln   -            187    0.0019   13.6   0.8   1   2    0.0001    0.0039   12.5   0.2     2    64     1    69     1    79 0.76 -
d2ivda1c.3.1.2       -            348 d1txga2c.2.1.6.aln   -            187    0.0019   13.6   0.8   2   2       3.7   1.4e+02   -2.3   0.0    90    90   260   260   222   293 0.59 -
d1txga2c.2.1.6       -            180 d1txga2c.2.1.6.aln   -            187    0.0029   13.0   0.0   1   2   0.00017    0.0063   11.9   0.0     4    72     3    76     1    80 0.80 -
d1txga2c.2.1.6       -            180 d1txga2c.2.1.6.aln   -            187    0.0029   13.0   0.0   2   2       4.2   1.6e+02   -2.5   0.0    13    37   137   161   123   170 0.63 -
d2gf3a1c.3.1.2       -            282 d1txga2c.2.1.6.aln   -            187    0.0046   12.3   0.0   1   1   0.00024    0.0089   11.4   0.0     4    33     6    37     5    54 0.88 -
d1cf2o1c.2.1.3       -            172 d1txga2c.2.1.6.aln   -            187     0.006   11.9   0.8   1   2      0.61        23    0.3   0.1     1    23     1    23     1    35 0.80 -
d1cf2o1c.2.1.3       -            172 d1txga2c.2.1.6.aln   -            187     0.006   11.9   0.8   2   2   0.00077     0.029    9.7   0.0    36    76    56    87    48   110 0.88 -
d2r6ja_c.2.1.0       -            310 d1txga2c.2.1.6.aln   -            187    0.0063   11.9   0.0   1   1   0.00027      0.01   11.2   0.0     6    85     9    89     5   101 0.80 -
#
# Program:         hmmsearch
# Version:         3.1b2 (February 2015)
# Pipeline mode:   SEARCH
# Query file:      hmmModels95/d1txga2c.2.1.6.hmm
# Target file:     scop/scopTestSeq.fasta
# Option settings: hmmsearch --domtblout hmmModels95/d1txga2c.2.1.6.out -E 1 hmmModels95/d1txga2c.2.1.6.hmm scop/scopTestSeq.fasta 
# Current dir:     /users/nfs/Etu7/3801677/SBAS/TME8
# Date:            Tue Apr  4 15:54:04 2023
# [ok]
