#                                                                            --- full sequence --- -------------- this domain -------------   hmm coord   ali coord   env coord
# target name        accession   tlen query name           accession   qlen   E-value  score  bias   #  of  c-Evalue  i-Evalue  score  bias  from    to  from    to  from    to  acc description of target
#------------------- ---------- ----- -------------------- ---------- ----- --------- ------ ----- --- --- --------- --------- ------ ----- ----- ----- ----- ----- ----- ----- ---- ---------------------
d1bf2a1b.1.18.2      -            162 d1txka1b.1.18.2.aln  -            112   7.6e-36  118.7   4.9   1   1   2.1e-37   9.3e-36  118.4   4.9     1   111    18   142    18   143 0.99 -
d1j0ha1b.1.18.2      -            123 d1txka1b.1.18.2.aln  -            112   9.3e-32  105.5   0.0   1   1   2.4e-33     1e-31  105.4   0.0     1   112     6   116     6   116 0.99 -
d1ji1a1b.1.18.2      -            122 d1txka1b.1.18.2.aln  -            112   3.2e-25   84.5   2.9   1   1   8.1e-27   3.5e-25   84.3   2.9     2   111    13   121    12   122 0.98 -
d2fhfa2b.1.18.2      -            125 d1txka1b.1.18.2.aln  -            112   1.3e-20   69.6   0.2   1   1   3.3e-22   1.5e-20   69.5   0.2     2   110     9   120     8   122 0.97 -
d1m7xa1b.1.18.2      -            110 d1txka1b.1.18.2.aln  -            112   1.8e-17   59.5   0.0   1   1   4.3e-19   1.9e-17   59.4   0.0     2   109     2   109     1   110 0.98 -
d2fhfa1b.1.18.2      -            115 d1txka1b.1.18.2.aln  -            112   2.8e-15   52.5   2.4   1   1   6.8e-17     3e-15   52.4   2.4     5   110     2   113     1   115 0.96 -
d3bmva1b.1.18.2      -             83 d1txka1b.1.18.2.aln  -            112   1.2e-12   44.0   1.0   1   1   2.9e-14   1.2e-12   43.9   1.0    16   101     3    81     1    83 0.96 -
d1k3ia1b.1.18.2      -            102 d1txka1b.1.18.2.aln  -            112   7.7e-12   41.4   0.6   1   1   2.1e-13   9.2e-12   41.1   0.6    15   104     5   102     2   102 0.96 -
d1edqa1b.1.18.2      -            109 d1txka1b.1.18.2.aln  -            112   6.3e-11   38.4   3.2   1   1   1.5e-12   6.8e-11   38.3   3.2     3   104     4   106     2   109 0.96 -
d1w8oa1b.1.18.2      -            103 d1txka1b.1.18.2.aln  -            112   5.7e-10   35.3   1.0   1   1   1.4e-11   6.1e-10   35.2   1.0    20   106    13   100     2   103 0.94 -
d1ut9a2b.1.18.2      -             98 d1txka1b.1.18.2.aln  -            112   1.1e-09   34.5   0.2   1   1   2.5e-11   1.1e-09   34.4   0.2    11    99     3    93     1    98 0.95 -
d2bhua1b.1.18.2      -             97 d1txka1b.1.18.2.aln  -            112   1.1e-09   34.4   0.0   1   1   3.1e-11   1.3e-09   34.1   0.0     8    98     1    93     1    96 0.97 -
d1qbaa1b.1.18.2      -            105 d1txka1b.1.18.2.aln  -            112   3.4e-09   32.8   0.0   1   1   8.3e-11   3.6e-09   32.7   0.0    10   109     2   100     1   103 0.96 -
d1clca2b.1.18.2      -            100 d1txka1b.1.18.2.aln  -            112   4.6e-08   29.2   0.1   1   1   1.1e-09   4.8e-08   29.1   0.1    10   104     2    96     1   100 0.93 -
d2bvya1b.1.18.2      -             94 d1txka1b.1.18.2.aln  -            112   4.7e-07   25.9   9.1   1   1   1.1e-08     5e-07   25.9   9.1    12   101     5    93     1    94 0.94 -
d1h3ga1b.1.18.2      -             93 d1txka1b.1.18.2.aln  -            112   4.4e-06   22.8   0.0   1   1   1.1e-07   4.6e-06   22.7   0.0    14   103     4    91     1    93 0.91 -
d1f1sa2b.1.18.2      -             78 d1txka1b.1.18.2.aln  -            112   1.4e-05   21.2   0.2   1   1   3.4e-07   1.5e-05   21.1   0.2    17    95     2    77     1    78 0.92 -
d3hl8a_c.55.3.5      -            470 d1txka1b.1.18.2.aln  -            112    0.0038   13.4   0.1   1   2     0.011      0.48    6.6   0.0    69    93    76   122    53   126 0.71 -
d3hl8a_c.55.3.5      -            470 d1txka1b.1.18.2.aln  -            112    0.0038   13.4   0.1   2   2     0.057       2.5    4.3   0.0    43    75   180   220   170   249 0.87 -
#
# Program:         hmmsearch
# Version:         3.1b2 (February 2015)
# Pipeline mode:   SEARCH
# Query file:      hmmModels95/d1txka1b.1.18.2.hmm
# Target file:     scop/scopTestSeq.fasta
# Option settings: hmmsearch --domtblout hmmModels95/d1txka1b.1.18.2.out -E 1 hmmModels95/d1txka1b.1.18.2.hmm scop/scopTestSeq.fasta 
# Current dir:     /users/nfs/Etu7/3801677/SBAS/TME8
# Date:            Tue Apr  4 15:54:04 2023
# [ok]
