#                                                                            --- full sequence --- -------------- this domain -------------   hmm coord   ali coord   env coord
# target name        accession   tlen query name           accession   qlen   E-value  score  bias   #  of  c-Evalue  i-Evalue  score  bias  from    to  from    to  from    to  acc description of target
#------------------- ---------- ----- -------------------- ---------- ----- --------- ------ ----- --- --- --------- --------- ------ ----- ----- ----- ----- ----- ----- ----- ---- ---------------------
d1g41a_c.37.1.20     -            443 d1u0ja_c.37.1.20.aln -            284  2.6e-131  432.7   7.0   1   1  8.7e-133  3.1e-131  432.4   7.0     1   284     3   430     3   430 1.00 -
d1um8a_c.37.1.20     -            364 d1u0ja_c.37.1.20.aln -            284  6.6e-106  349.3   3.5   1   1  2.1e-107  7.5e-106  349.1   3.5     1   284     6   359     6   359 1.00 -
d2p65a_c.37.1.20     -            185 d1u0ja_c.37.1.20.aln -            284   4.1e-57  189.2   1.3   1   1   1.3e-58   4.5e-57  189.1   1.3     6   190     2   185     1   185 0.99 -
d1r6bx3c.37.1.20     -            315 d1u0ja_c.37.1.20.aln -            284   1.2e-51  171.3   0.0   1   1   3.7e-53   1.3e-51  171.1   0.0     2   283    12   301    11   302 0.98 -
d1svma_c.37.1.20     -            362 d1u0ja_c.37.1.20.aln -            284     5e-41  136.4   0.0   1   1   1.6e-42   5.7e-41  136.2   0.0     1   284     5   333     5   333 0.98 -
d1iqpa2c.37.1.20     -            231 d1u0ja_c.37.1.20.aln -            284   1.1e-38  128.7   0.5   1   1   3.6e-40   1.3e-38  128.5   0.5     5   244     8   226     4   229 0.98 -
d1lv7a_c.37.1.20     -            256 d1u0ja_c.37.1.20.aln -            284   1.6e-32  108.5   0.0   1   1   4.7e-34   1.7e-32  108.4   0.0     4   256     8   249     5   256 0.92 -
d1g8pa_c.37.1.20     -            333 d1u0ja_c.37.1.20.aln -            284   4.8e-30  100.4   0.0   1   1   1.7e-30   6.2e-29   96.7   0.0    12   283    20   332    12   333 0.96 -
d1njfa_c.37.1.20     -            239 d1u0ja_c.37.1.20.aln -            284   2.6e-26   88.1   0.0   1   1   7.6e-28   2.7e-26   88.1   0.0    13   236     4   224     1   239 0.95 -
d1sxja2c.37.1.20     -            253 d1u0ja_c.37.1.20.aln -            284   3.7e-26   87.6   0.0   1   1   1.2e-27   4.5e-26   87.4   0.0     2   248     9   246     8   252 0.96 -
d1ny5a2c.37.1.20     -            247 d1u0ja_c.37.1.20.aln -            284   2.4e-19   65.3   0.3   1   1   7.7e-21   2.8e-19   65.1   0.3    24   260     7   240     1   246 0.94 -
d1d2na_c.37.1.20     -            246 d1u0ja_c.37.1.20.aln -            284   6.6e-18   60.6   0.0   1   1   2.3e-19   8.2e-18   60.3   0.0     6   254     5   239     1   243 0.94 -
d2a5yb3c.37.1.20     -            277 d1u0ja_c.37.1.20.aln -            284   1.3e-17   59.6   0.0   1   1     4e-19   1.4e-17   59.5   0.0     4   276     4   275     1   277 0.96 -
d1in4a2c.37.1.20     -            238 d1u0ja_c.37.1.20.aln -            284   6.6e-17   57.3   3.7   1   2   1.7e-09     6e-08   27.9   0.1    14    82    11    73     6    83 0.79 -
d1in4a2c.37.1.20     -            238 d1u0ja_c.37.1.20.aln -            284   6.6e-17   57.3   3.7   2   2   3.6e-10   1.3e-08   30.1   0.9   116   258    84   236    74   238 0.93 -
d1w5sa2c.37.1.20     -            287 d1u0ja_c.37.1.20.aln -            284     4e-16   54.7   0.1   1   1   1.3e-17   4.8e-16   54.5   0.1     8   275    12   283     6   287 0.97 -
d1fnna2c.37.1.20     -            276 d1u0ja_c.37.1.20.aln -            284   3.4e-14   48.4   0.0   1   1   1.5e-15   5.2e-14   47.8   0.0    42   268    30   271    12   275 0.84 -
d1l8qa2c.37.1.20     -            213 d1u0ja_c.37.1.20.aln -            284   1.3e-11   39.9   1.1   1   1   4.5e-13   1.6e-11   39.6   1.1    11   237     3   211     1   213 0.93 -
d2fnaa2c.37.1.20     -            283 d1u0ja_c.37.1.20.aln -            284   1.6e-09   33.1   0.3   1   1   5.3e-11   1.9e-09   32.8   0.3     7   270     7   272     1   280 0.90 -
d1jqlb_c.37.1.20     -            140 d1u0ja_c.37.1.20.aln -            284   7.4e-09   30.9   0.0   1   1   2.3e-10   8.3e-09   30.7   0.0    26   138     2   119     1   139 0.93 -
d2gnoa2c.37.1.20     -            198 d1u0ja_c.37.1.20.aln -            284   6.2e-08   27.8   0.2   1   1     2e-09   7.3e-08   27.6   0.2    30   237     3   189     1   197 0.91 -
d1a5ta2c.37.1.20     -            207 d1u0ja_c.37.1.20.aln -            284     1e-07   27.2   0.0   1   1   2.9e-09     1e-07   27.1   0.0    62   188    56   169    10   201 0.92 -
d1y63a_c.37.1.1      -            174 d1u0ja_c.37.1.20.aln -            284   9.1e-06   20.7   1.0   1   2   9.1e-07   3.3e-05   18.9   0.1    46    77     7    38     1    46 0.85 -
d1y63a_c.37.1.1      -            174 d1u0ja_c.37.1.20.aln -            284   9.1e-06   20.7   1.0   2   2      0.43        16    0.3   0.1   176   228    91   141    74   169 0.68 -
#
# Program:         hmmsearch
# Version:         3.1b2 (February 2015)
# Pipeline mode:   SEARCH
# Query file:      hmmModels95/d1u0ja_c.37.1.20.hmm
# Target file:     scop/scopTestSeq.fasta
# Option settings: hmmsearch --domtblout hmmModels95/d1u0ja_c.37.1.20.out -E 1 hmmModels95/d1u0ja_c.37.1.20.hmm scop/scopTestSeq.fasta 
# Current dir:     /users/nfs/Etu7/3801677/SBAS/TME8
# Date:            Tue Apr  4 15:54:04 2023
# [ok]
