#                                                                            --- full sequence --- -------------- this domain -------------   hmm coord   ali coord   env coord
# target name        accession   tlen query name           accession   qlen   E-value  score  bias   #  of  c-Evalue  i-Evalue  score  bias  from    to  from    to  from    to  acc description of target
#------------------- ---------- ----- -------------------- ---------- ----- --------- ------ ----- --- --- --------- --------- ------ ----- ----- ----- ----- ----- ----- ----- ---- ---------------------
d2fhfa4b.71.1.1      -            118 d1ua7a1b.71.1.1.aln  -             90   4.4e-31  102.4   0.2   1   1   1.3e-32   5.2e-31  102.2   0.2     1    90    18   107    18   107 0.99 -
d1bf2a2b.71.1.1      -            113 d1ua7a1b.71.1.1.aln  -             90   9.5e-31  101.3   8.7   1   1   2.8e-32   1.1e-30  101.1   8.7     1    90     4    93     4    93 0.98 -
d1szna1b.71.1.1      -            103 d1ua7a1b.71.1.1.aln  -             90   2.2e-22   74.5   0.1   1   1   6.2e-24   2.4e-22   74.4   0.1     1    90    12   101    12   101 0.98 -
d2guya1b.71.1.1      -             95 d1ua7a1b.71.1.1.aln  -             90   7.5e-20   66.4   0.4   1   1   2.1e-21   8.1e-20   66.3   0.4     4    89     3    88     1    89 0.97 -
d1m7xa2b.71.1.1      -            106 d1ua7a1b.71.1.1.aln  -             90   7.9e-20   66.3   0.0   1   1   2.2e-21   8.9e-20   66.2   0.0     1    89     3    91     3    92 0.97 -
d3bmva3b.71.1.1      -             89 d1ua7a1b.71.1.1.aln  -             90   3.9e-18   60.9   5.4   1   1   1.1e-19   4.2e-18   60.8   5.4     1    86     1    86     1    89 0.98 -
d1e43a1b.71.1.1      -             90 d1ua7a1b.71.1.1.aln  -             90   3.1e-16   54.8   1.7   1   1   8.6e-18   3.4e-16   54.7   1.7     1    85     4    88     4    90 0.98 -
d1uasa1b.71.1.1      -             89 d1ua7a1b.71.1.1.aln  -             90   5.8e-13   44.3   1.4   1   1   1.5e-14   6.1e-13   44.2   1.4     4    87     4    87     1    89 0.95 -
d1ea9c2b.71.1.1      -             80 d1ua7a1b.71.1.1.aln  -             90   6.1e-12   41.0   0.0   1   1   1.6e-13   6.3e-12   41.0   0.0     4    80     3    79     1    80 0.94 -
d1ji1a2b.71.1.1      -             83 d1ua7a1b.71.1.1.aln  -             90   2.4e-11   39.1   3.0   1   1   6.4e-13   2.5e-11   39.1   3.0     4    81     3    80     1    83 0.93 -
d1h3ga2b.71.1.1      -             83 d1ua7a1b.71.1.1.aln  -             90   5.6e-09   31.5   0.0   1   1   1.5e-10   6.1e-09   31.4   0.0     5    88     2    80     1    82 0.89 -
d1r7aa1b.71.1.1      -             70 d1ua7a1b.71.1.1.aln  -             90   1.5e-08   30.1   0.1   1   1   3.9e-10   1.5e-08   30.1   0.1     2    61     4    63     3    70 0.92 -
d1g5aa1b.71.1.1      -             74 d1ua7a1b.71.1.1.aln  -             90   1.4e-07   27.1   0.0   1   1   3.8e-09   1.5e-07   27.0   0.0     8    78     3    73     1    74 0.95 -
d1j0ha2b.71.1.1      -             83 d1ua7a1b.71.1.1.aln  -             90   2.6e-07   26.2   0.0   1   1   6.5e-09   2.6e-07   26.2   0.0     5    87     5    81     1    83 0.88 -
d1wzaa1b.71.1.1      -             79 d1ua7a1b.71.1.1.aln  -             90   6.1e-06   21.8   0.1   1   1   1.8e-07   7.2e-06   21.6   0.1     6    69     4    67     2    77 0.89 -
d1mxga1b.71.1.1      -             74 d1ua7a1b.71.1.1.aln  -             90     7e-06   21.6   1.8   1   1   1.9e-07   7.5e-06   21.5   1.8     4    73     4    73     1    74 0.95 -
d1gjwa1b.71.1.1      -             64 d1ua7a1b.71.1.1.aln  -             90   7.6e-05   18.3   0.0   1   1   2.2e-06   8.6e-05   18.1   0.0    14    67    11    64     5    64 0.93 -
d2bhua2b.71.1.1      -             72 d1ua7a1b.71.1.1.aln  -             90   0.00017   17.2   0.0   1   1   4.5e-06   0.00018   17.1   0.0     6    71     4    69     1    72 0.93 -
d1ht6a1b.71.1.1      -             57 d1ua7a1b.71.1.1.aln  -             90   0.00018   17.1   0.0   1   1   5.1e-06    0.0002   16.9   0.0    14    66     4    56     2    57 0.93 -
d1lwha1b.71.1.1      -             50 d1ua7a1b.71.1.1.aln  -             90    0.0024   13.5   0.0   1   1   6.2e-05    0.0024   13.5   0.0     5    39     3    37     1    48 0.88 -
#
# Program:         hmmsearch
# Version:         3.1b2 (February 2015)
# Pipeline mode:   SEARCH
# Query file:      hmmModels95/d1ua7a1b.71.1.1.hmm
# Target file:     scop/scopTestSeq.fasta
# Option settings: hmmsearch --domtblout hmmModels95/d1ua7a1b.71.1.1.out -E 1 hmmModels95/d1ua7a1b.71.1.1.hmm scop/scopTestSeq.fasta 
# Current dir:     /users/nfs/Etu7/3801677/SBAS/TME8
# Date:            Tue Apr  4 15:54:04 2023
# [ok]
