#                                                                            --- full sequence --- -------------- this domain -------------   hmm coord   ali coord   env coord
# target name        accession   tlen query name           accession   qlen   E-value  score  bias   #  of  c-Evalue  i-Evalue  score  bias  from    to  from    to  from    to  acc description of target
#------------------- ---------- ----- -------------------- ---------- ----- --------- ------ ----- --- --- --------- --------- ------ ----- ----- ----- ----- ----- ----- ----- ---- ---------------------
d1bf2a2b.71.1.1      -            113 d1uasa1b.71.1.1.aln  -             91   3.3e-33  109.2   9.3   1   1   8.9e-35   3.9e-33  108.9   9.3     1    91     3    93     3    93 0.99 -
d2fhfa4b.71.1.1      -            118 d1uasa1b.71.1.1.aln  -             91   1.7e-30  100.5   0.2   1   1   4.5e-32     2e-30  100.3   0.2     1    91    17   107    17   107 0.99 -
d1szna1b.71.1.1      -            103 d1uasa1b.71.1.1.aln  -             91   8.4e-21   69.4   0.2   1   1   2.2e-22   9.4e-21   69.2   0.2     1    91    11   101    11   101 0.99 -
d2guya1b.71.1.1      -             95 d1uasa1b.71.1.1.aln  -             91   8.5e-21   69.4   0.5   1   1   2.1e-22   9.2e-21   69.3   0.5     5    90     3    88     1    89 0.98 -
d3bmva3b.71.1.1      -             89 d1uasa1b.71.1.1.aln  -             91   2.8e-18   61.3   5.5   1   1   7.5e-20   3.3e-18   61.1   5.5     2    87     1    86     1    88 0.98 -
d1m7xa2b.71.1.1      -            106 d1uasa1b.71.1.1.aln  -             91   2.1e-17   58.5   0.0   1   1   5.4e-19   2.3e-17   58.4   0.0     3    91     6    94     4    94 0.96 -
d1e43a1b.71.1.1      -             90 d1uasa1b.71.1.1.aln  -             91   5.1e-17   57.3   1.9   1   1   1.2e-18   5.5e-17   57.2   1.9     2    86     4    88     3    90 0.97 -
d1ji1a2b.71.1.1      -             83 d1uasa1b.71.1.1.aln  -             91   1.4e-11   39.9   3.3   1   1   3.2e-13   1.4e-11   39.8   3.3     5    83     3    81     1    83 0.95 -
d1ea9c2b.71.1.1      -             80 d1uasa1b.71.1.1.aln  -             91   7.2e-11   37.6   0.0   1   1   1.7e-12   7.7e-11   37.5   0.0     4    81     2    79     1    80 0.97 -
d1h3ga2b.71.1.1      -             83 d1uasa1b.71.1.1.aln  -             91   1.1e-09   33.8   0.0   1   1   2.9e-11   1.3e-09   33.6   0.0     9    80     7    78     2    82 0.94 -
d1r7aa1b.71.1.1      -             70 d1uasa1b.71.1.1.aln  -             91   1.7e-08   29.9   0.1   1   1   4.3e-10   1.9e-08   29.8   0.1     3    60     4    61     2    66 0.95 -
d1mxga1b.71.1.1      -             74 d1uasa1b.71.1.1.aln  -             91   1.1e-07   27.3   1.8   1   1   2.6e-09   1.2e-07   27.3   1.8     6    75     4    73     1    74 0.96 -
d1j0ha2b.71.1.1      -             83 d1uasa1b.71.1.1.aln  -             91   3.8e-07   25.6   0.0   1   1   8.9e-09   3.9e-07   25.6   0.0     6    90     5    83     1    83 0.94 -
d1ua7a1b.71.1.1      -             78 d1uasa1b.71.1.1.aln  -             91   2.1e-06   23.3   1.0   1   1     6e-08   2.6e-06   22.9   1.0     9    73     9    73     4    76 0.94 -
d1wzaa1b.71.1.1      -             79 d1uasa1b.71.1.1.aln  -             91     4e-05   19.2   0.1   1   1     1e-06   4.4e-05   19.0   0.1     6    77     3    74     1    78 0.91 -
d1gjwa1b.71.1.1      -             64 d1uasa1b.71.1.1.aln  -             91   8.1e-05   18.2   0.0   1   1   1.9e-06   8.1e-05   18.2   0.0     7    51     5    49     1    62 0.88 -
d1g5aa1b.71.1.1      -             74 d1uasa1b.71.1.1.aln  -             91    0.0024   13.4   0.0   1   1   5.9e-05    0.0026   13.3   0.0     6    64     3    61     1    71 0.82 -
d1lwha1b.71.1.1      -             50 d1uasa1b.71.1.1.aln  -             91    0.0098   11.5   0.0   1   1   0.00022    0.0098   11.5   0.0     6    50     3    47     1    50 0.86 -
#
# Program:         hmmsearch
# Version:         3.1b2 (February 2015)
# Pipeline mode:   SEARCH
# Query file:      hmmModels95/d1uasa1b.71.1.1.hmm
# Target file:     scop/scopTestSeq.fasta
# Option settings: hmmsearch --domtblout hmmModels95/d1uasa1b.71.1.1.out -E 1 hmmModels95/d1uasa1b.71.1.1.hmm scop/scopTestSeq.fasta 
# Current dir:     /users/nfs/Etu7/3801677/SBAS/TME8
# Date:            Tue Apr  4 15:54:04 2023
# [ok]
