#                                                                            --- full sequence --- -------------- this domain -------------   hmm coord   ali coord   env coord
# target name        accession   tlen query name           accession   qlen   E-value  score  bias   #  of  c-Evalue  i-Evalue  score  bias  from    to  from    to  from    to  acc description of target
#------------------- ---------- ----- -------------------- ---------- ----- --------- ------ ----- --- --- --------- --------- ------ ----- ----- ----- ----- ----- ----- ----- ---- ---------------------
d1uoka2c.1.8.1       -            479 d1ua7a2c.1.8.1.aln   -            436  9.9e-124  409.1  23.4   1   1  2.9e-125  1.2e-123  408.8  23.4     4   435     2   479     1   479 0.99 -
d1g5aa2c.1.8.1       -            554 d1ua7a2c.1.8.1.aln   -            436  3.3e-101  334.9   3.6   1   1  1.5e-102  5.8e-101  334.0   3.6     2   436     3   554     2   554 0.99 -
d1e43a2c.1.8.1       -            393 d1ua7a2c.1.8.1.aln   -            436   1.2e-99  329.7  17.5   1   1  3.4e-101   1.3e-99  329.6  17.5    10   429     2   393     1   393 0.98 -
d3bmva4c.1.8.1       -            406 d1ua7a2c.1.8.1.aln   -            436   6.6e-93  307.5  16.0   1   1     2e-94     8e-93  307.2  16.0    10   435    14   406     7   406 0.96 -
d1wzaa2c.1.8.1       -            409 d1ua7a2c.1.8.1.aln   -            436   3.6e-89  295.2  20.7   1   1   1.1e-90   4.2e-89  295.0  20.7     8   433     2   407     1   409 0.97 -
d1x1na1c.1.8.1       -            523 d1ua7a2c.1.8.1.aln   -            436   1.1e-85  283.7   0.2   1   1   3.2e-87   1.3e-85  283.5   0.2     3   436    22   491    20   491 0.99 -
d1gjwa2c.1.8.1       -            572 d1ua7a2c.1.8.1.aln   -            436   1.9e-80  266.5   0.5   1   1   5.4e-82   2.1e-80  266.3   0.5     2   435    38   571    37   572 0.99 -
d2guya2c.1.8.1       -            381 d1ua7a2c.1.8.1.aln   -            436   2.2e-80  266.3   7.8   1   1     6e-82   2.4e-80  266.1   7.8     4   429     2   371     1   378 0.96 -
d1ji1a3c.1.8.1       -            432 d1ua7a2c.1.8.1.aln   -            436   2.5e-76  252.9  21.3   1   1     7e-78   2.8e-76  252.7  21.3     2   436     2   432     1   432 0.97 -
d1h3ga3c.1.8.1       -            422 d1ua7a2c.1.8.1.aln   -            436   1.9e-71  236.8  11.4   1   1   5.3e-73   2.1e-71  236.6  11.4     3   435     4   421     2   422 0.95 -
d2fhfa5c.1.8.1       -            563 d1ua7a2c.1.8.1.aln   -            436   5.3e-67  222.1   0.4   1   1   1.6e-68   6.1e-67  221.9   0.4     3   436    25   563    23   563 0.99 -
d1wdpa_c.1.8.1       -            493 d1ua7a2c.1.8.1.aln   -            436   4.2e-66  219.2   1.2   1   1   1.2e-67   4.9e-66  219.0   1.2     8   417     7   476     2   493 0.97 -
d1bf2a3c.1.8.1       -            475 d1ua7a2c.1.8.1.aln   -            436   1.3e-61  204.3  11.7   1   1   4.3e-63   1.7e-61  204.0  11.7     5   434    11   471     8   473 0.98 -
d2bhua3c.1.8.1       -            420 d1ua7a2c.1.8.1.aln   -            436   2.6e-58  193.5   2.0   1   1     8e-60   3.2e-58  193.2   2.0     6   434    12   418     8   420 0.98 -
d1ht6a2c.1.8.1       -            347 d1ua7a2c.1.8.1.aln   -            436   2.2e-52  173.9   8.7   1   1   6.1e-54   2.4e-52  173.8   8.7    10   384     1   331     1   347 0.95 -
d1m7xa3c.1.8.1       -            396 d1ua7a2c.1.8.1.aln   -            436   5.6e-41  136.4  22.5   1   1   1.7e-42   6.6e-41  136.1  22.5     6   435    12   395     8   396 0.97 -
d1r7aa2c.1.8.1       -            434 d1ua7a2c.1.8.1.aln   -            436   2.4e-35  117.8   0.2   1   1   6.6e-37   2.6e-35  117.7   0.2    32   431    25   434     2   434 0.96 -
d1ua7a2c.1.8.1       -            344 d1ua7a2c.1.8.1.aln   -            436   1.5e-21   72.4   8.4   1   1   8.5e-22   3.3e-20   67.9   8.4    55   375    25   300    11   322 0.67 -
d1vema2c.1.8.1       -            417 d1ua7a2c.1.8.1.aln   -            436   9.2e-20   66.5   8.9   1   1   2.8e-21   1.1e-19   66.2   8.9    38   430    25   411     3   416 0.96 -
d1kwga2c.1.8.1       -            393 d1ua7a2c.1.8.1.aln   -            436   6.4e-18   60.4   0.1   1   1   2.2e-19   8.5e-18   60.0   0.1     3   392     6   375     4   389 0.92 -
#
# Program:         hmmsearch
# Version:         3.1b2 (February 2015)
# Pipeline mode:   SEARCH
# Query file:      hmmModels95/d1ua7a2c.1.8.1.hmm
# Target file:     scop/scopTestSeq.fasta
# Option settings: hmmsearch --domtblout hmmModels95/d1ua7a2c.1.8.1.out -E 1 hmmModels95/d1ua7a2c.1.8.1.hmm scop/scopTestSeq.fasta 
# Current dir:     /users/nfs/Etu7/3801677/SBAS/TME8
# Date:            Tue Apr  4 15:54:04 2023
# [ok]
