#                                                                            --- full sequence --- -------------- this domain -------------   hmm coord   ali coord   env coord
# target name        accession   tlen query name           accession   qlen   E-value  score  bias   #  of  c-Evalue  i-Evalue  score  bias  from    to  from    to  from    to  acc description of target
#------------------- ---------- ----- -------------------- ---------- ----- --------- ------ ----- --- --- --------- --------- ------ ----- ----- ----- ----- ----- ----- ----- ---- ---------------------
d2fbka1a.4.5.28      -            172 d1ub9a_a.4.5.28.aln  -            143   3.3e-57  187.8   0.0   1   1     1e-58     4e-57  187.5   0.0     1   143    29   172    29   172 0.99 -
d2fxaa1a.4.5.28      -            162 d1ub9a_a.4.5.28.aln  -            143   3.9e-52  171.4   0.0   1   1   1.1e-53   4.4e-52  171.2   0.0     3   143    10   148     8   148 0.98 -
d1lj9a_a.4.5.28      -            144 d1ub9a_a.4.5.28.aln  -            143   5.1e-40  132.1   1.1   1   1   1.4e-41   5.6e-40  132.0   1.1     7   142     2   135     1   136 0.98 -
d2fbia1a.4.5.28      -            136 d1ub9a_a.4.5.28.aln  -            143   3.5e-39  129.4   0.6   1   1   9.6e-41   3.8e-39  129.3   0.6     7   139     3   133     1   136 0.97 -
d2etha1a.4.5.28      -            140 d1ub9a_a.4.5.28.aln  -            143   2.6e-38  126.6   0.0   1   1   7.2e-40   2.8e-38  126.4   0.0     6   143     4   139     1   139 0.98 -
d2a61a1a.4.5.28      -            139 d1ub9a_a.4.5.28.aln  -            143   1.3e-37  124.3   0.0   1   1   3.5e-39   1.4e-37  124.2   0.0     5   143     1   137     1   137 0.98 -
d2fbha1a.4.5.28      -            137 d1ub9a_a.4.5.28.aln  -            143   2.5e-37  123.4   0.3   1   1     7e-39   2.7e-37  123.2   0.3     8   142     2   135     1   136 0.98 -
d3broa1a.4.5.28      -            135 d1ub9a_a.4.5.28.aln  -            143   2.6e-36  120.0   5.6   1   1   7.3e-38   2.9e-36  119.9   5.6     7   139     2   134     1   135 0.99 -
d1s3ja_a.4.5.28      -            143 d1ub9a_a.4.5.28.aln  -            143   6.2e-36  118.9   4.2   1   1   1.7e-37   6.7e-36  118.7   4.2     3   142     4   141     2   142 0.97 -
d1jgsa_a.4.5.28      -            138 d1ub9a_a.4.5.28.aln  -            143   4.3e-35  116.1   0.0   1   1   1.2e-36   4.7e-35  116.0   0.0     3   137     3   136     1   138 0.92 -
d3echa_a.4.5.28      -            142 d1ub9a_a.4.5.28.aln  -            143   2.3e-34  113.7   0.1   1   1   6.4e-36   2.5e-34  113.6   0.1     4   140     5   141     2   142 0.97 -
d2hr3a1a.4.5.28      -            145 d1ub9a_a.4.5.28.aln  -            143   1.3e-32  108.0   0.1   1   1   3.7e-34   1.5e-32  107.9   0.1     2   143     2   142     1   142 0.97 -
d1p4xa1a.4.5.28      -            125 d1ub9a_a.4.5.28.aln  -            143   4.8e-32  106.2   1.7   1   1   1.3e-33   5.2e-32  106.1   1.7     1   124     1   124     1   125 0.97 -
d1p4xa2a.4.5.28      -            125 d1ub9a_a.4.5.28.aln  -            143   1.6e-30  101.3   3.5   1   1   4.2e-32   1.7e-30  101.2   3.5     3   120     2   119     1   125 0.96 -
d1hsja1a.4.5.28      -            115 d1ub9a_a.4.5.28.aln  -            143   4.4e-30   99.9   3.9   1   1   1.2e-31   4.8e-30   99.7   3.9     4   116     2   114     1   115 0.98 -
d3jw4a_a.4.5.0       -            137 d1ub9a_a.4.5.28.aln  -            143     5e-25   83.5   0.1   1   1   1.3e-26   5.2e-25   83.4   0.1    10   137     6   133     1   137 0.96 -
d3bjaa_a.4.5.0       -            139 d1ub9a_a.4.5.28.aln  -            143     1e-20   69.5   0.1   1   1   2.9e-22   1.1e-20   69.4   0.1    10   140     9   137     2   139 0.91 -
d3ctaa1a.4.5.28      -             85 d1ub9a_a.4.5.28.aln  -            143   3.7e-14   48.3   0.2   1   1   1.1e-15   4.2e-14   48.1   0.2    47   115    18    83     3    85 0.91 -
d1ub9a_a.4.5.28      -            100 d1ub9a_a.4.5.28.aln  -            143   0.00024   16.4   0.0   1   1   7.5e-06    0.0003   16.1   0.0    50   114    30    94    14    98 0.87 -
d3df8a_a.4.5.0       -            109 d1ub9a_a.4.5.28.aln  -            143    0.0035   12.7   0.0   1   1   0.00012    0.0048   12.2   0.0    46   109    38    98    21   105 0.78 -
#
# Program:         hmmsearch
# Version:         3.1b2 (February 2015)
# Pipeline mode:   SEARCH
# Query file:      hmmModels95/d1ub9a_a.4.5.28.hmm
# Target file:     scop/scopTestSeq.fasta
# Option settings: hmmsearch --domtblout hmmModels95/d1ub9a_a.4.5.28.out -E 1 hmmModels95/d1ub9a_a.4.5.28.hmm scop/scopTestSeq.fasta 
# Current dir:     /users/nfs/Etu7/3801677/SBAS/TME8
# Date:            Tue Apr  4 15:54:04 2023
# [ok]
