#                                                                            --- full sequence --- -------------- this domain -------------   hmm coord   ali coord   env coord
# target name        accession   tlen query name           accession   qlen   E-value  score  bias   #  of  c-Evalue  i-Evalue  score  bias  from    to  from    to  from    to  acc description of target
#------------------- ---------- ----- -------------------- ---------- ----- --------- ------ ----- --- --- --------- --------- ------ ----- ----- ----- ----- ----- ----- ----- ---- ---------------------
d2nn6i1b.40.4.5      -            125 d1ueba3b.40.4.5.aln  -             96   2.7e-34  113.0   0.0   1   1   8.7e-36   3.1e-34  112.8   0.0     2    96     1    99     1    99 0.99 -
d2vnud3b.40.4.5      -            148 d1ueba3b.40.4.5.aln  -             96   5.4e-29   96.0   0.0   1   1     2e-30   7.1e-29   95.6   0.0     1    96    42   141    42   141 0.99 -
d2uubl1b.40.4.5      -            118 d1ueba3b.40.4.5.aln  -             96   2.7e-21   71.3   2.5   1   1   7.6e-23   2.7e-21   71.3   2.5     2    95    25   117    24   118 0.98 -
d1d7qa_b.40.4.5      -            143 d1ueba3b.40.4.5.aln  -             96   4.9e-20   67.3   0.0   1   1   2.3e-21   8.3e-20   66.5   0.0     2    96    31   129    30   129 0.98 -
d2uubq1b.40.4.5      -            100 d1ueba3b.40.4.5.aln  -             96   7.9e-13   44.2   2.7   1   1   2.4e-14   8.7e-13   44.0   2.7     6    92     2    87     1    91 0.95 -
d1go3e1b.40.4.5      -            106 d1ueba3b.40.4.5.aln  -             96   8.4e-13   44.1   0.4   1   1   2.6e-14   9.5e-13   43.9   0.4     6    95     1    94     1    95 0.93 -
d3bzka4b.40.4.5      -             94 d1ueba3b.40.4.5.aln  -             96   8.9e-13   44.0   0.7   1   1   2.7e-14   9.5e-13   43.9   0.7     4    86    14    90    11    94 0.90 -
d1rl2a2b.40.4.5      -             66 d1ueba3b.40.4.5.aln  -             96   3.1e-12   42.3   0.2   1   1   9.6e-14   3.4e-12   42.1   0.2    26    87     2    62     1    65 0.96 -
d1kl9a2b.40.4.5      -             86 d1ueba3b.40.4.5.aln  -             96   6.6e-12   41.2   0.9   1   1     2e-13   7.2e-12   41.1   0.9     3    85     8    86     6    86 0.91 -
d1wi5a_b.40.4.5      -            119 d1ueba3b.40.4.5.aln  -             96   3.7e-09   32.4   0.0   1   1   1.8e-10   6.6e-09   31.6   0.0     2    94    15   111    14   113 0.92 -
d1c9oa_b.40.4.5      -             66 d1ueba3b.40.4.5.aln  -             96   1.7e-08   30.3   0.0   1   1   5.1e-10   1.8e-08   30.2   0.0    11    85     1    65     1    66 0.96 -
d2ja9a1b.40.4.5      -             90 d1ueba3b.40.4.5.aln  -             96   2.4e-08   29.8   0.0   1   1   7.4e-10   2.6e-08   29.7   0.0     3    87     2    80     1    88 0.90 -
d2nn6h1b.40.4.5      -             95 d1ueba3b.40.4.5.aln  -             96   1.5e-07   27.2   0.0   1   1   4.5e-09   1.6e-07   27.1   0.0     3    78     3    82     1    93 0.93 -
d2je6i1b.40.4.5      -             87 d1ueba3b.40.4.5.aln  -             96   1.5e-07   27.2   1.1   1   1   6.2e-09   2.2e-07   26.7   1.1     2    90     1    86     1    87 0.86 -
d1luza_b.40.4.5      -             85 d1ueba3b.40.4.5.aln  -             96   3.3e-07   26.1   0.2   1   1     1e-08   3.7e-07   26.0   0.2     4    90     4    85     1    85 0.94 -
d1y14b1b.40.4.5      -             91 d1ueba3b.40.4.5.aln  -             96   6.1e-07   25.3   0.0   1   1   1.9e-08     7e-07   25.1   0.0     6    95     1    88     1    89 0.93 -
d1e3pa2b.40.4.5      -             62 d1ueba3b.40.4.5.aln  -             96     3e-05   19.9   0.1   1   1   8.9e-07   3.2e-05   19.8   0.1    14    76     1    61     1    62 0.91 -
d1wfqa_b.40.4.5      -             89 d1ueba3b.40.4.5.aln  -             96   7.4e-05   18.6   0.0   1   1   2.2e-06   7.8e-05   18.5   0.0    21    90    19    87     5    89 0.83 -
d1jt8a_b.40.4.5      -            102 d1ueba3b.40.4.5.aln  -             96   0.00039   16.3   0.5   1   1   1.2e-05   0.00042   16.2   0.5     3    94     9   100     7   102 0.92 -
d1smxa_b.40.4.5      -             87 d1ueba3b.40.4.5.aln  -             96     0.001   14.9   0.0   1   1   3.1e-05    0.0011   14.8   0.0    44    83    39    80     2    86 0.74 -
d1jjga_b.40.4.5      -            102 d1ueba3b.40.4.5.aln  -             96    0.0024   13.7   0.5   1   1   8.9e-05    0.0032   13.4   0.5     5    91     7    97     4   101 0.93 -
d1hh2p1b.40.4.5      -             72 d1ueba3b.40.4.5.aln  -             96    0.0025   13.7   0.3   1   1   7.5e-05    0.0027   13.6   0.3    17    81     5    68     2    72 0.87 -
#
# Program:         hmmsearch
# Version:         3.1b2 (February 2015)
# Pipeline mode:   SEARCH
# Query file:      hmmModels95/d1ueba3b.40.4.5.hmm
# Target file:     scop/scopTestSeq.fasta
# Option settings: hmmsearch --domtblout hmmModels95/d1ueba3b.40.4.5.out -E 1 hmmModels95/d1ueba3b.40.4.5.hmm scop/scopTestSeq.fasta 
# Current dir:     /users/nfs/Etu7/3801677/SBAS/TME8
# Date:            Tue Apr  4 15:54:04 2023
# [ok]
