#                                                                            --- full sequence --- -------------- this domain -------------   hmm coord   ali coord   env coord
# target name        accession   tlen query name           accession   qlen   E-value  score  bias   #  of  c-Evalue  i-Evalue  score  bias  from    to  from    to  from    to  acc description of target
#------------------- ---------- ----- -------------------- ---------- ----- --------- ------ ----- --- --- --------- --------- ------ ----- ----- ----- ----- ----- ----- ----- ---- ---------------------
d2pq8a_d.108.1.1     -            271 d1ufha_d.108.1.1.aln -            176     2e-59  196.0   0.0   1   1   1.5e-60   2.7e-59  195.6   0.0     1   176    66   249    66   249 0.99 -
d2p0wa_d.108.1.1     -            319 d1ufha_d.108.1.1.aln -            176   4.4e-58  191.6   0.8   1   1   3.7e-59   6.6e-58  191.1   0.8     2   176   119   313   118   313 0.99 -
d1boba_d.108.1.1     -            315 d1ufha_d.108.1.1.aln -            176   7.8e-56  184.3   0.7   1   1   5.5e-57   9.9e-56  184.0   0.7     1   176   115   305   115   305 0.99 -
d1p0ha_d.108.1.1     -            308 d1ufha_d.108.1.1.aln -            176     8e-44  145.2   0.0   1   2       4.9        88   -1.5   0.0    94   107    79    92    77    98 0.83 -
d1p0ha_d.108.1.1     -            308 d1ufha_d.108.1.1.aln -            176     8e-44  145.2   0.0   2   2   1.4e-44   2.5e-43  143.6   0.0     1   176   108   297   108   297 0.99 -
d1z4ea1d.108.1.1     -            150 d1ufha_d.108.1.1.aln -            176   1.2e-25   86.1   0.1   1   1   7.6e-27   1.4e-25   85.8   0.1     4   149     1   144     1   149 0.97 -
d2fcka1d.108.1.1     -            178 d1ufha_d.108.1.1.aln -            176     1e-21   73.2   0.1   1   1   6.3e-23   1.1e-21   73.1   0.1     3   168    10   176     8   178 0.92 -
d2b5ga_d.108.1.1     -            168 d1ufha_d.108.1.1.aln -            176   1.4e-21   72.8   0.2   1   1   8.3e-23   1.5e-21   72.7   0.2     5   165     3   165     1   168 0.94 -
d1tiqa_d.108.1.1     -            173 d1ufha_d.108.1.1.aln -            176   2.8e-21   71.8   0.1   1   1   1.8e-22   3.2e-21   71.6   0.1     5   168     2   170     1   173 0.93 -
d2ae6a1d.108.1.1     -            161 d1ufha_d.108.1.1.aln -            176   7.2e-21   70.4   0.1   1   1     5e-22   8.9e-21   70.1   0.1     5   166     5   157     2   160 0.97 -
d2gana1d.108.1.1     -            182 d1ufha_d.108.1.1.aln -            176   4.4e-20   67.9   0.5   1   1   2.8e-21     5e-20   67.7   0.5     3   162    20   180    18   182 0.97 -
d2cy2a1d.108.1.1     -            174 d1ufha_d.108.1.1.aln -            176   6.1e-20   67.4   0.3   1   1     4e-21   7.2e-20   67.2   0.3     5   163     1   164     1   170 0.98 -
d1nsla_d.108.1.1     -            180 d1ufha_d.108.1.1.aln -            176   1.6e-19   66.1   0.1   1   1   9.6e-21   1.7e-19   66.0   0.1     2   172     8   179     7   180 0.95 -
d1u6ma_d.108.1.1     -            189 d1ufha_d.108.1.1.aln -            176   4.2e-19   64.7   0.1   1   1   2.9e-20   5.3e-19   64.4   0.1     7   160    22   184    16   188 0.91 -
d1qsma_d.108.1.1     -            150 d1ufha_d.108.1.1.aln -            176   2.6e-18   62.1   0.0   1   1   1.7e-19     3e-18   61.9   0.0     3   146     1   140     1   149 0.97 -
d2fiaa1d.108.1.1     -            157 d1ufha_d.108.1.1.aln -            176   4.4e-18   61.4   0.8   1   1   2.7e-19   4.9e-18   61.2   0.8     5   168     1   156     1   157 0.98 -
d1z4ra1d.108.1.1     -            162 d1ufha_d.108.1.1.aln -            176   7.5e-18   60.6   0.1   1   1   4.5e-19   8.1e-18   60.5   0.1     5   170     3   159     1   162 0.95 -
d1vkca_d.108.1.1     -            149 d1ufha_d.108.1.1.aln -            176   8.9e-18   60.4   0.9   1   1   6.1e-19   1.1e-17   60.1   0.9    13   147    12   141     3   146 0.94 -
d1mk4a_d.108.1.1     -            157 d1ufha_d.108.1.1.aln -            176     9e-18   60.4   0.0   1   1   6.1e-19   1.1e-17   60.1   0.0     4   156     1   137     1   148 0.96 -
d1wwza1d.108.1.1     -            157 d1ufha_d.108.1.1.aln -            176   1.3e-17   59.8   0.4   1   1   7.9e-19   1.4e-17   59.7   0.4     4   159     3   156     1   157 0.90 -
d1i12a_d.108.1.1     -            157 d1ufha_d.108.1.1.aln -            176   1.3e-17   59.8   0.0   1   1     1e-18   1.8e-17   59.4   0.0     4   148     4   150     2   156 0.94 -
d1yk3a1d.108.1.1     -            198 d1ufha_d.108.1.1.aln -            176     4e-17   58.2   0.0   1   1   2.9e-18   5.2e-17   57.9   0.0    16   168    25   188    16   195 0.95 -
d1y9wa1d.108.1.1     -            140 d1ufha_d.108.1.1.aln -            176   8.1e-17   57.2   0.6   1   1   5.7e-18     1e-16   56.9   0.6    83   165    59   139    41   140 0.95 -
d1y9ka1d.108.1.1     -            152 d1ufha_d.108.1.1.aln -            176   1.5e-16   56.4   0.0   1   1   9.6e-18   1.7e-16   56.2   0.0    84   174    56   146    28   148 0.90 -
d1cjwa_d.108.1.1     -            166 d1ufha_d.108.1.1.aln -            176   3.4e-16   55.2   0.0   1   1   2.2e-17   3.9e-16   55.0   0.0     6   165     7   165     5   166 0.97 -
d1ghea_d.108.1.1     -            170 d1ufha_d.108.1.1.aln -            176   1.9e-15   52.8   0.0   1   1   1.3e-16   2.3e-15   52.5   0.0    15   162    15   161     9   169 0.92 -
d2euia1d.108.1.1     -            153 d1ufha_d.108.1.1.aln -            176   3.8e-15   51.8   0.1   1   1   2.1e-16   3.8e-15   51.8   0.1    75   153    66   144     2   153 0.89 -
d2fl4a1d.108.1.1     -            146 d1ufha_d.108.1.1.aln -            176   6.8e-15   51.0   0.4   1   1     4e-16   7.2e-15   50.9   0.4    14   150     4   133     2   146 0.88 -
d2atra1d.108.1.1     -            137 d1ufha_d.108.1.1.aln -            176     6e-14   47.9   0.0   1   1   3.7e-15   6.7e-14   47.7   0.0     4   151     1   127     1   137 0.94 -
d1n71a_d.108.1.1     -            180 d1ufha_d.108.1.1.aln -            176   8.2e-14   47.5   0.0   1   1   5.2e-15   9.4e-14   47.3   0.0     4   162     2   170     1   179 0.96 -
d1yx0a1d.108.1.1     -            151 d1ufha_d.108.1.1.aln -            176     1e-13   47.2   0.0   1   1     6e-15   1.1e-13   47.1   0.0     7   164     3   149     1   151 0.90 -
d1m4ia_d.108.1.1     -            181 d1ufha_d.108.1.1.aln -            176   1.4e-13   46.7   0.0   1   1   8.9e-15   1.6e-13   46.5   0.0     3   165     1   167     1   177 0.86 -
d1y7ra1d.108.1.1     -            133 d1ufha_d.108.1.1.aln -            176   9.9e-13   43.9   0.0   1   1   6.7e-14   1.2e-12   43.7   0.0    11   157     7   132     3   133 0.95 -
d1bo4a_d.108.1.1     -            137 d1ufha_d.108.1.1.aln -            176   5.4e-12   41.5   0.0   1   1   3.3e-13   5.9e-12   41.4   0.0    19   143    17   137     2   137 0.81 -
d2g3aa1d.108.1.1     -            137 d1ufha_d.108.1.1.aln -            176   6.3e-12   41.3   0.0   1   1   4.8e-13   8.6e-12   40.9   0.0     8   149     4   120     1   122 0.94 -
d1ufha_d.108.1.1     -            155 d1ufha_d.108.1.1.aln -            176     4e-11   38.7   0.1   1   1   3.1e-12   5.5e-11   38.2   0.1    76   147    76   147    54   152 0.88 -
d2fsra1d.108.1.1     -            164 d1ufha_d.108.1.1.aln -            176   1.1e-09   34.0   0.0   1   1   7.1e-11   1.3e-09   33.8   0.0     1   149     6   149     6   163 0.95 -
d1xeba_d.108.1.1     -            149 d1ufha_d.108.1.1.aln -            176   1.2e-09   33.9   0.7   1   1   8.4e-11   1.5e-09   33.6   0.7    12   150     8   135     2   144 0.90 -
d2fiwa1d.108.1.1     -            156 d1ufha_d.108.1.1.aln -            176   3.1e-09   32.6   0.0   1   1   1.9e-10   3.4e-09   32.4   0.0    27   159    26   147     5   156 0.71 -
d2jdca1d.108.1.1     -            145 d1ufha_d.108.1.1.aln -            176   1.1e-08   30.7   0.1   1   1   6.4e-10   1.1e-08   30.7   0.1    80   162    61   140     1   145 0.83 -
d1r57a_d.108.1.1     -            102 d1ufha_d.108.1.1.aln -            176   1.8e-08   30.1   0.0   1   1   9.9e-10   1.8e-08   30.1   0.0    87   136    35    89     6   102 0.85 -
d1q2ya_d.108.1.1     -            140 d1ufha_d.108.1.1.aln -            176   1.9e-08   30.0   0.1   1   1   1.4e-09   2.5e-08   29.6   0.1    11   159     8   134     6   139 0.88 -
d2aj6a1d.108.1.1     -            118 d1ufha_d.108.1.1.aln -            176   5.6e-07   25.2   0.0   1   1   3.2e-08   5.8e-07   25.2   0.0    21   124    18   115     2   118 0.78 -
d1xmta_d.108.1.1     -             95 d1ufha_d.108.1.1.aln -            176   1.5e-05   20.6   0.0   1   2      0.13       2.3    3.6   0.0    24    48     3    27     2    29 0.90 -
d1xmta_d.108.1.1     -             95 d1ufha_d.108.1.1.aln -            176   1.5e-05   20.6   0.0   2   2   1.5e-06   2.7e-05   19.7   0.0    75   123    20    68    11    80 0.87 -
d2d4pa1d.108.1.1     -            130 d1ufha_d.108.1.1.aln -            176    0.0043   12.6   0.1   1   1    0.0013     0.024   10.1   0.1   104   133    75   104     1   117 0.89 -
#
# Program:         hmmsearch
# Version:         3.1b2 (February 2015)
# Pipeline mode:   SEARCH
# Query file:      hmmModels95/d1ufha_d.108.1.1.hmm
# Target file:     scop/scopTestSeq.fasta
# Option settings: hmmsearch --domtblout hmmModels95/d1ufha_d.108.1.1.out -E 1 hmmModels95/d1ufha_d.108.1.1.hmm scop/scopTestSeq.fasta 
# Current dir:     /users/nfs/Etu7/3801677/SBAS/TME8
# Date:            Tue Apr  4 15:54:04 2023
# [ok]
