#                                                                            --- full sequence --- -------------- this domain -------------   hmm coord   ali coord   env coord
# target name        accession   tlen query name           accession   qlen   E-value  score  bias   #  of  c-Evalue  i-Evalue  score  bias  from    to  from    to  from    to  acc description of target
#------------------- ---------- ----- -------------------- ---------- ----- --------- ------ ----- --- --- --------- --------- ------ ----- ----- ----- ----- ----- ----- ----- ---- ---------------------
d1bf2a1b.1.18.2      -            162 d1ulva2b.1.18.2.aln  -            107   9.1e-34  111.7   4.9   1   1   2.9e-35   1.3e-33  111.3   4.9     1   107    17   136    17   136 0.99 -
d1j0ha1b.1.18.2      -            123 d1ulva2b.1.18.2.aln  -            107   1.4e-30  101.4   0.0   1   1   3.6e-32   1.6e-30  101.3   0.0     2   107    13   118    12   118 0.99 -
d1ji1a1b.1.18.2      -            122 d1ulva2b.1.18.2.aln  -            107   4.8e-25   83.7   4.4   1   1   1.3e-26   5.6e-25   83.5   4.4     2   104    19   121    18   122 0.98 -
d1m7xa1b.1.18.2      -            110 d1ulva2b.1.18.2.aln  -            107   2.1e-15   52.7   0.0   1   1   5.1e-17   2.2e-15   52.6   0.0     3   105     2   103     1   105 0.97 -
d2fhfa2b.1.18.2      -            125 d1ulva2b.1.18.2.aln  -            107   4.9e-15   51.5   0.3   1   1   1.2e-16   5.4e-15   51.3   0.3     3   106     8   124     6   125 0.97 -
d2fhfa1b.1.18.2      -            115 d1ulva2b.1.18.2.aln  -            107   6.3e-14   47.9   3.2   1   1   1.6e-15   6.8e-14   47.8   3.2     2   104     2   105     1   108 0.97 -
d1k3ia1b.1.18.2      -            102 d1ulva2b.1.18.2.aln  -            107   8.5e-14   47.5   0.8   1   1     2e-15     9e-14   47.4   0.8     8    95     4   100     1   102 0.95 -
d3bmva1b.1.18.2      -             83 d1ulva2b.1.18.2.aln  -            107   9.5e-14   47.3   1.3   1   1   2.3e-15     1e-13   47.2   1.3    10    93     3    80     1    83 0.93 -
d1edqa1b.1.18.2      -            109 d1ulva2b.1.18.2.aln  -            107   5.1e-13   45.0   2.4   1   1   1.3e-14   5.5e-13   44.9   2.4     5   104     2   107     1   109 0.96 -
d1clca2b.1.18.2      -            100 d1ulva2b.1.18.2.aln  -            107   1.3e-12   43.6   0.2   1   1   3.2e-14   1.4e-12   43.6   0.2     6   102     2    97     1   100 0.94 -
d2bhua1b.1.18.2      -             97 d1ulva2b.1.18.2.aln  -            107   1.5e-12   43.4   0.0   1   1   4.1e-14   1.8e-12   43.2   0.0     9    98     3    91     1    96 0.96 -
d1txka1b.1.18.2      -            115 d1ulva2b.1.18.2.aln  -            107   3.3e-11   39.2   1.1   1   1   8.2e-13   3.6e-11   39.0   1.1     1   105     3   110     3   112 0.95 -
d1w8oa1b.1.18.2      -            103 d1ulva2b.1.18.2.aln  -            107   8.4e-11   37.8   1.4   1   1     2e-12   8.8e-11   37.8   1.4     4    98     3    99     1   103 0.96 -
d1qbaa1b.1.18.2      -            105 d1ulva2b.1.18.2.aln  -            107   8.3e-10   34.6   0.0   1   1   2.1e-11   9.3e-10   34.5   0.0     6    90     4    92     2   105 0.90 -
d1ut9a2b.1.18.2      -             98 d1ulva2b.1.18.2.aln  -            107   6.5e-09   31.8   0.2   1   1   1.6e-10   6.9e-09   31.7   0.2     3    97     3    97     1    98 0.96 -
d1h3ga1b.1.18.2      -             93 d1ulva2b.1.18.2.aln  -            107   7.4e-09   31.6   0.0   1   1   1.7e-10   7.5e-09   31.6   0.0    10    94     6    88     1    93 0.92 -
d2bvya1b.1.18.2      -             94 d1ulva2b.1.18.2.aln  -            107   1.2e-06   24.5   8.3   1   1     3e-08   1.3e-06   24.4   8.3     4    87     2    84     1    93 0.95 -
d1f1sa2b.1.18.2      -             78 d1ulva2b.1.18.2.aln  -            107   2.2e-05   20.4   0.4   1   1   5.4e-07   2.4e-05   20.3   0.4    11    89     2    78     1    78 0.95 -
#
# Program:         hmmsearch
# Version:         3.1b2 (February 2015)
# Pipeline mode:   SEARCH
# Query file:      hmmModels95/d1ulva2b.1.18.2.hmm
# Target file:     scop/scopTestSeq.fasta
# Option settings: hmmsearch --domtblout hmmModels95/d1ulva2b.1.18.2.out -E 1 hmmModels95/d1ulva2b.1.18.2.hmm scop/scopTestSeq.fasta 
# Current dir:     /users/nfs/Etu7/3801677/SBAS/TME8
# Date:            Tue Apr  4 15:54:04 2023
# [ok]
