#                                                                            --- full sequence --- -------------- this domain -------------   hmm coord   ali coord   env coord
# target name        accession   tlen query name           accession   qlen   E-value  score  bias   #  of  c-Evalue  i-Evalue  score  bias  from    to  from    to  from    to  acc description of target
#------------------- ---------- ----- -------------------- ---------- ----- --------- ------ ----- --- --- --------- --------- ------ ----- ----- ----- ----- ----- ----- ----- ---- ---------------------
d1g41a_c.37.1.20     -            443 d1um8a_c.37.1.20.aln -            279  4.4e-134  441.6   7.3   1   1  1.7e-135  5.6e-134  441.3   7.3     1   279     5   404     5   404 1.00 -
d1svma_c.37.1.20     -            362 d1um8a_c.37.1.20.aln -            279   1.9e-62  206.6   0.0   1   1   6.8e-64   2.2e-62  206.4   0.0     2   278     7   328     6   329 0.99 -
d2p65a_c.37.1.20     -            185 d1um8a_c.37.1.20.aln -            279     5e-61  202.0   1.3   1   1   1.7e-62   5.5e-61  201.8   1.3     4   191     2   185     1   185 0.99 -
d1r6bx3c.37.1.20     -            315 d1um8a_c.37.1.20.aln -            279   1.3e-42  141.5   0.1   1   1   4.5e-44   1.5e-42  141.4   0.1     7   279    14   282     8   282 0.98 -
d1lv7a_c.37.1.20     -            256 d1um8a_c.37.1.20.aln -            279   4.7e-40  133.2   0.1   1   1   1.6e-41   5.2e-40  133.0   0.1     9   260    10   254     3   256 0.96 -
d1iqpa2c.37.1.20     -            231 d1um8a_c.37.1.20.aln -            279   2.8e-37  124.1   0.4   1   1     1e-38   3.4e-37  123.8   0.4     5   242     5   225     1   230 0.96 -
d1sxja2c.37.1.20     -            253 d1um8a_c.37.1.20.aln -            279   6.7e-30   99.9   0.0   1   1   2.4e-31   8.1e-30   99.6   0.0    17   251    23   250    15   253 0.96 -
d1njfa_c.37.1.20     -            239 d1um8a_c.37.1.20.aln -            279   9.5e-29   96.1   0.0   1   1   3.3e-30   1.1e-28   95.9   0.0    16   227     4   216     1   235 0.97 -
d1g8pa_c.37.1.20     -            333 d1um8a_c.37.1.20.aln -            279   2.8e-28   94.5   0.0   1   1     3e-29   9.7e-28   92.8   0.0     4   277    11   291     9   293 0.98 -
d2a5yb3c.37.1.20     -            277 d1um8a_c.37.1.20.aln -            279   2.6e-25   84.8   0.0   1   1   8.6e-27   2.8e-25   84.7   0.0     6   277     4   277     1   277 0.98 -
d1fnna2c.37.1.20     -            276 d1um8a_c.37.1.20.aln -            279   1.3e-23   79.3   0.0   1   1   4.5e-25   1.5e-23   79.0   0.0    16   270    13   274     4   276 0.97 -
d1d2na_c.37.1.20     -            246 d1um8a_c.37.1.20.aln -            279   1.8e-23   78.8   0.0   1   1   6.2e-25     2e-23   78.6   0.0    19   256    13   243     6   246 0.95 -
d1in4a2c.37.1.20     -            238 d1um8a_c.37.1.20.aln -            279   2.5e-19   65.2   1.9   1   1     1e-20   3.4e-19   64.7   1.9    13   256     3   235     1   238 0.94 -
d1um8a_c.37.1.20     -            364 d1um8a_c.37.1.20.aln -            279   5.8e-19   64.0   1.7   1   1   7.6e-19   2.5e-17   58.6   1.7    34   185    57   207    15   329 0.78 -
d1ny5a2c.37.1.20     -            247 d1um8a_c.37.1.20.aln -            279   1.2e-18   63.0   0.5   1   1   3.8e-20   1.2e-18   62.9   0.5    32   263     9   244     1   247 0.91 -
d1w5sa2c.37.1.20     -            287 d1um8a_c.37.1.20.aln -            279   1.1e-16   56.6   0.1   1   1   4.1e-18   1.3e-16   56.2   0.1    19   264    21   272     5   283 0.89 -
d1u0ja_c.37.1.20     -            267 d1um8a_c.37.1.20.aln -            279   6.1e-16   54.1   0.0   1   1   2.6e-17   8.6e-16   53.6   0.0     8   253    13   261     7   266 0.96 -
d2fnaa2c.37.1.20     -            283 d1um8a_c.37.1.20.aln -            279   2.8e-09   32.2   0.2   1   1     1e-10   3.4e-09   32.0   0.2     7   277     9   280     4   282 0.93 -
d1l8qa2c.37.1.20     -            213 d1um8a_c.37.1.20.aln -            279   4.7e-08   28.2   0.6   1   1   3.6e-09   1.2e-07   26.9   0.6    22   182    12   146     1   213 0.60 -
d1a5ta2c.37.1.20     -            207 d1um8a_c.37.1.20.aln -            279     7e-08   27.6   0.0   1   1   2.9e-09   9.6e-08   27.2   0.0    42   236    21   194    17   201 0.95 -
d1jqlb_c.37.1.20     -            140 d1um8a_c.37.1.20.aln -            279   7.8e-07   24.2   0.0   1   1   1.3e-07   4.4e-06   21.7   0.0    13   187     4   139     1   140 0.97 -
d2gnoa2c.37.1.20     -            198 d1um8a_c.37.1.20.aln -            279   2.2e-05   19.4   0.0   1   1   9.4e-07   3.1e-05   19.0   0.0   136   229    89   182    80   196 0.90 -
d1y63a_c.37.1.1      -            174 d1um8a_c.37.1.20.aln -            279    0.0004   15.3   0.0   1   1   2.6e-05   0.00086   14.2   0.0    47    77     7    37     6    46 0.86 -
d1tuea_c.37.1.20     -            205 d1um8a_c.37.1.20.aln -            279    0.0049   11.7   0.0   1   1   0.00073     0.024    9.5   0.0    11   100     4    94     1   205 0.76 -
#
# Program:         hmmsearch
# Version:         3.1b2 (February 2015)
# Pipeline mode:   SEARCH
# Query file:      hmmModels95/d1um8a_c.37.1.20.hmm
# Target file:     scop/scopTestSeq.fasta
# Option settings: hmmsearch --domtblout hmmModels95/d1um8a_c.37.1.20.out -E 1 hmmModels95/d1um8a_c.37.1.20.hmm scop/scopTestSeq.fasta 
# Current dir:     /users/nfs/Etu7/3801677/SBAS/TME8
# Date:            Tue Apr  4 15:54:05 2023
# [ok]
