#                                                                            --- full sequence --- -------------- this domain -------------   hmm coord   ali coord   env coord
# target name        accession   tlen query name           accession   qlen   E-value  score  bias   #  of  c-Evalue  i-Evalue  score  bias  from    to  from    to  from    to  acc description of target
#------------------- ---------- ----- -------------------- ---------- ----- --------- ------ ----- --- --- --------- --------- ------ ----- ----- ----- ----- ----- ----- ----- ---- ---------------------
d1gjwa2c.1.8.1       -            572 d1uoka2c.1.8.1.aln   -            433  3.9e-141  466.6   0.1   1   1  1.1e-142  4.5e-141  466.4   0.1     2   433    73   572    72   572 1.00 -
d2fhfa5c.1.8.1       -            563 d1uoka2c.1.8.1.aln   -            433    2e-124  411.5   1.1   1   1  5.8e-126  2.3e-124  411.4   1.1     1   433    10   563    10   563 1.00 -
d1g5aa2c.1.8.1       -            554 d1uoka2c.1.8.1.aln   -            433   5.1e-98  324.6   7.2   1   1   1.7e-99   6.6e-98  324.2   7.2     2   432    15   553    14   554 0.99 -
d3bmva4c.1.8.1       -            406 d1uoka2c.1.8.1.aln   -            433   2.8e-92  305.6  18.4   1   1   8.7e-94   3.4e-92  305.4  18.4     8   432    10   406     4   406 0.96 -
d1wzaa2c.1.8.1       -            409 d1uoka2c.1.8.1.aln   -            433   8.1e-82  271.2  18.3   1   1   2.3e-83     9e-82  271.0  18.3    11   431     3   408     1   409 0.91 -
d1e43a2c.1.8.1       -            393 d1uoka2c.1.8.1.aln   -            433   5.5e-80  265.1  17.4   1   1   1.7e-81   6.8e-80  264.8  17.4    11   426     3   393     2   393 0.97 -
d1ji1a3c.1.8.1       -            432 d1uoka2c.1.8.1.aln   -            433   2.5e-73  243.2  25.7   1   1   7.2e-75   2.8e-73  243.0  25.7     4   432     2   431     1   432 0.97 -
d2guya2c.1.8.1       -            381 d1uoka2c.1.8.1.aln   -            433   3.1e-72  239.6   9.5   1   1   9.5e-74   3.8e-72  239.3   9.5     6   426     2   371     1   377 0.97 -
d1bf2a3c.1.8.1       -            475 d1uoka2c.1.8.1.aln   -            433   1.3e-70  234.2  14.3   1   1   3.8e-72   1.5e-70  234.1  14.3     3   431     7   471     5   473 0.98 -
d1wdpa_c.1.8.1       -            493 d1uoka2c.1.8.1.aln   -            433   3.9e-67  222.8   0.7   1   1   1.1e-68   4.4e-67  222.6   0.7     4   432     8   489     5   490 0.98 -
d1h3ga3c.1.8.1       -            422 d1uoka2c.1.8.1.aln   -            433   1.6e-65  217.5  11.9   1   1   4.8e-67   1.9e-65  217.2  11.9    13   432    12   421     4   422 0.91 -
d1uoka2c.1.8.1       -            479 d1uoka2c.1.8.1.aln   -            433   2.4e-63  210.3  18.9   1   2   1.1e-52   4.2e-51  170.0  12.1     7   269     3   256     1   265 0.96 -
d1uoka2c.1.8.1       -            479 d1uoka2c.1.8.1.aln   -            433   2.4e-63  210.3  18.9   2   2   1.1e-14   4.2e-13   44.8   0.5   331   430   320   477   316   479 0.93 -
d1x1na1c.1.8.1       -            523 d1uoka2c.1.8.1.aln   -            433   5.4e-54  179.5   0.5   1   1   1.7e-55   6.6e-54  179.2   0.5     7   430    24   520    19   523 0.97 -
d1ht6a2c.1.8.1       -            347 d1uoka2c.1.8.1.aln   -            433   1.5e-52  174.7   6.4   1   1   4.5e-54   1.8e-52  174.5   6.4    17   424     8   343     2   347 0.93 -
d2bhua3c.1.8.1       -            420 d1uoka2c.1.8.1.aln   -            433   5.1e-47  156.5   2.1   1   1   1.6e-48   6.5e-47  156.2   2.1     6   432    10   419     5   420 0.92 -
d1ua7a2c.1.8.1       -            344 d1uoka2c.1.8.1.aln   -            433     9e-34  112.9  13.0   1   1   6.7e-35   2.6e-33  111.3  13.0    42   394    12   316     5   340 0.85 -
d1m7xa3c.1.8.1       -            396 d1uoka2c.1.8.1.aln   -            433     1e-27   92.9  18.6   1   1   3.3e-29   1.3e-27   92.6  18.6    17   395    18   375     3   393 0.87 -
d1r7aa2c.1.8.1       -            434 d1uoka2c.1.8.1.aln   -            433   4.8e-25   84.1   0.3   1   1   1.4e-26   5.6e-25   83.9   0.3    11   432     2   431     1   432 0.97 -
d1kwga2c.1.8.1       -            393 d1uoka2c.1.8.1.aln   -            433   5.2e-18   60.9   0.0   1   1   1.5e-19     6e-18   60.7   0.0     4   391     5   371     2   391 0.88 -
d1vema2c.1.8.1       -            417 d1uoka2c.1.8.1.aln   -            433   1.5e-14   49.5   8.6   1   1   5.1e-16     2e-14   49.1   8.6     5   416     7   400     4   415 0.95 -
#
# Program:         hmmsearch
# Version:         3.1b2 (February 2015)
# Pipeline mode:   SEARCH
# Query file:      hmmModels95/d1uoka2c.1.8.1.hmm
# Target file:     scop/scopTestSeq.fasta
# Option settings: hmmsearch --domtblout hmmModels95/d1uoka2c.1.8.1.out -E 1 hmmModels95/d1uoka2c.1.8.1.hmm scop/scopTestSeq.fasta 
# Current dir:     /users/nfs/Etu7/3801677/SBAS/TME8
# Date:            Tue Apr  4 15:54:05 2023
# [ok]
