#                                                                            --- full sequence --- -------------- this domain -------------   hmm coord   ali coord   env coord
# target name        accession   tlen query name           accession   qlen   E-value  score  bias   #  of  c-Evalue  i-Evalue  score  bias  from    to  from    to  from    to  acc description of target
#------------------- ---------- ----- -------------------- ---------- ----- --------- ------ ----- --- --- --------- --------- ------ ----- ----- ----- ----- ----- ----- ----- ---- ---------------------
d3n9ka_c.1.8.3       -            394 d1ur4a_c.1.8.3.aln   -            349   4.9e-88  291.3  23.0   1   1   1.6e-89   5.6e-88  291.1  23.0     3   349     7   384     6   384 0.99 -
d1i1wa_c.1.8.3       -            303 d1ur4a_c.1.8.3.aln   -            349   5.1e-82  271.5   5.9   1   1   1.6e-83   5.6e-82  271.4   5.9     4   345     6   303     3   303 0.97 -
d1odza_c.1.8.3       -            381 d1ur4a_c.1.8.3.aln   -            349   3.8e-64  212.8  13.7   1   1   1.2e-65   4.3e-64  212.6  13.7     4   349     8   376     5   376 0.99 -
d1uuqa_c.1.8.3       -            410 d1ur4a_c.1.8.3.aln   -            349   7.1e-60  198.7  18.0   1   1   2.2e-61     8e-60  198.5  18.0     2   348     5   405     4   406 0.99 -
d1qw9a2c.1.8.3       -            367 d1ur4a_c.1.8.3.aln   -            349   3.3e-53  176.8   2.1   1   1     1e-54   3.7e-53  176.6   2.1     4   349     3   361     1   361 0.99 -
d1hjua_c.1.8.3       -            332 d1ur4a_c.1.8.3.aln   -            349   3.3e-41  137.3  17.2   1   1     1e-42   3.7e-41  137.2  17.2     6   346     2   331     1   332 0.98 -
d1edga_c.1.8.3       -            380 d1ur4a_c.1.8.3.aln   -            349   1.2e-40  135.5  17.6   1   1   3.7e-42   1.3e-40  135.3  17.6     2   348    11   377    10   378 0.98 -
d1ceoa_c.1.8.3       -            340 d1ur4a_c.1.8.3.aln   -            349   4.2e-35  117.2   2.0   1   1   1.4e-36   5.1e-35  117.0   2.0    38   312    23   297     3   334 0.87 -
d1rh9a1c.1.8.3       -            370 d1ur4a_c.1.8.3.aln   -            349     5e-34  113.7   8.4   1   1   1.7e-35   6.1e-34  113.4   8.4     3   342     6   357     4   361 0.98 -
d1w91a2c.1.8.3       -            347 d1ur4a_c.1.8.3.aln   -            349   5.7e-31  103.6   0.0   1   1   1.8e-32   6.4e-31  103.5   0.0     1   348     8   340     8   341 0.97 -
d1vjza_c.1.8.3       -            325 d1ur4a_c.1.8.3.aln   -            349   3.4e-30  101.1   1.3   1   1   1.1e-31   4.1e-30  100.8   1.3    44   343    21   313     8   319 0.95 -
d2je8a5c.1.8.3       -            348 d1ur4a_c.1.8.3.aln   -            349   5.7e-30  100.4   7.4   1   1   1.9e-31   6.8e-30  100.1   7.4     3   343     5   346     3   347 0.98 -
d7a3ha_c.1.8.3       -            300 d1ur4a_c.1.8.3.aln   -            349   1.1e-27   92.8  14.3   1   1   3.9e-29   1.4e-27   92.5  14.3    17   341    17   299     7   300 0.90 -
d1jz8a5c.1.8.3       -            292 d1ur4a_c.1.8.3.aln   -            349     2e-27   92.0   1.2   1   1   8.7e-29   3.1e-27   91.3   1.2     8   341     2   291     1   292 0.94 -
d1bqca_c.1.8.3       -            302 d1ur4a_c.1.8.3.aln   -            349   8.6e-27   89.9  10.9   1   1   2.8e-28   9.9e-27   89.7  10.9     6   334     2   292     1   301 0.94 -
d2vzsa5c.1.8.3       -            339 d1ur4a_c.1.8.3.aln   -            349     2e-26   88.7   2.7   1   1     7e-28   2.5e-26   88.4   2.7     7   342     5   337     2   339 0.98 -
d1ecea_c.1.8.3       -            358 d1ur4a_c.1.8.3.aln   -            349   5.8e-26   87.2  18.3   1   1   1.8e-27   6.4e-26   87.0  18.3     1   344     6   351     6   356 0.98 -
d2nt0a2c.1.8.3       -            354 d1ur4a_c.1.8.3.aln   -            349   9.7e-26   86.4   0.1   1   1     3e-27   1.1e-25   86.3   0.1     3   347     6   350     4   352 0.97 -
d1qnra_c.1.8.3       -            344 d1ur4a_c.1.8.3.aln   -            349   2.5e-22   75.2  21.3   1   1   7.6e-24   2.7e-22   75.1  21.3     8   348     5   341     1   342 0.98 -
d1h1na_c.1.8.3       -            305 d1ur4a_c.1.8.3.aln   -            349   2.4e-19   65.4  14.6   1   1   8.1e-21   2.9e-19   65.1  14.6     8   315     4   287     1   301 0.94 -
d1nofa2c.1.8.3       -            277 d1ur4a_c.1.8.3.aln   -            349   5.4e-14   47.8   2.6   1   1   1.8e-15   6.3e-14   47.6   2.6    51   339    28   274    13   277 0.91 -
d2v3ga_c.1.8.3       -            273 d1ur4a_c.1.8.3.aln   -            349   1.7e-12   42.9  23.7   1   1   7.4e-14   2.6e-12   42.3  23.7     6   306     3   255     2   261 0.95 -
#
# Program:         hmmsearch
# Version:         3.1b2 (February 2015)
# Pipeline mode:   SEARCH
# Query file:      hmmModels95/d1ur4a_c.1.8.3.hmm
# Target file:     scop/scopTestSeq.fasta
# Option settings: hmmsearch --domtblout hmmModels95/d1ur4a_c.1.8.3.out -E 1 hmmModels95/d1ur4a_c.1.8.3.hmm scop/scopTestSeq.fasta 
# Current dir:     /users/nfs/Etu7/3801677/SBAS/TME8
# Date:            Tue Apr  4 15:54:05 2023
# [ok]
