#                                                                            --- full sequence --- -------------- this domain -------------   hmm coord   ali coord   env coord
# target name        accession   tlen query name           accession   qlen   E-value  score  bias   #  of  c-Evalue  i-Evalue  score  bias  from    to  from    to  from    to  acc description of target
#------------------- ---------- ----- -------------------- ---------- ----- --------- ------ ----- --- --- --------- --------- ------ ----- ----- ----- ----- ----- ----- ----- ---- ---------------------
d1atia2d.104.1.1     -            394 d1usya_d.104.1.1.aln -            321  1.1e-142  470.5   8.7   1   1  2.2e-144  1.2e-142  470.3   8.7     1   321     7   380     7   380 1.00 -
d1b8aa2d.104.1.1     -            335 d1usya_d.104.1.1.aln -            321   1.7e-82  272.7   7.2   1   1   3.4e-84   1.9e-82  272.6   7.2     4   320     4   330     1   331 0.99 -
d1h4vb2d.104.1.1     -            324 d1usya_d.104.1.1.aln -            321   2.7e-63  209.6   7.9   1   1   5.8e-65   3.3e-63  209.3   7.9     3   308     4   319     2   323 0.97 -
d1g5ha2d.104.1.1     -            290 d1usya_d.104.1.1.aln -            321   1.8e-57  190.5   0.0   1   1   3.6e-59     2e-57  190.3   0.0     2   318     3   289     2   290 0.98 -
d12asa_d.104.1.1     -            327 d1usya_d.104.1.1.aln -            321   2.1e-54  180.4   0.0   1   1   4.1e-56   2.3e-54  180.3   0.0    10   320     2   317     1   318 0.98 -
d1wu7a2d.104.1.1     -            327 d1usya_d.104.1.1.aln -            321   4.3e-48  159.7   0.1   1   1   8.5e-50   4.8e-48  159.5   0.1     2   311     5   326     4   327 0.99 -
d1qf6a4d.104.1.1     -            291 d1usya_d.104.1.1.aln -            321   3.7e-46  153.3   0.3   1   1   7.2e-48   4.1e-46  153.2   0.3    25   319     4   280     1   282 0.95 -
d1nnha_d.104.1.1     -            293 d1usya_d.104.1.1.aln -            321   4.5e-46  153.0   3.5   1   1   8.9e-48     5e-46  152.9   3.5    16   320     3   287     1   288 0.97 -
d1z7ma1d.104.1.1     -            318 d1usya_d.104.1.1.aln -            321   5.2e-45  149.5   0.0   1   1     1e-46   5.7e-45  149.4   0.0     2   312     2   317     1   318 0.98 -
d1hc7a2d.104.1.1     -            272 d1usya_d.104.1.1.aln -            321   1.2e-41  138.5   4.2   1   1   2.3e-43   1.3e-41  138.4   4.2    14   300     3   270     1   272 0.98 -
d1seta2d.104.1.1     -            311 d1usya_d.104.1.1.aln -            321   9.3e-35  115.9   2.8   1   1   1.8e-36     1e-34  115.7   2.8     4   313     5   310     2   311 0.99 -
d1j5wa_d.104.1.1     -            281 d1usya_d.104.1.1.aln -            321   1.2e-32  108.9   2.7   1   1   2.3e-34   1.3e-32  108.8   2.7    10   312     2   279     1   281 0.96 -
d1yfsa2d.104.1.1     -            236 d1usya_d.104.1.1.aln -            321   9.9e-23   76.3   0.5   1   1   2.7e-24   1.5e-22   75.7   0.5    40   309    14   234     3   236 0.96 -
d1jjcb5d.104.1.1     -            207 d1usya_d.104.1.1.aln -            321   4.7e-10   34.7   2.4   1   2   1.7e-07   9.6e-06   20.5   0.1    26    79     3    56     1    69 0.91 -
d1jjcb5d.104.1.1     -            207 d1usya_d.104.1.1.aln -            321   4.7e-10   34.7   2.4   2   2   1.1e-05   0.00065   14.5   0.2   162   250    88   170    67   205 0.85 -
#
# Program:         hmmsearch
# Version:         3.1b2 (February 2015)
# Pipeline mode:   SEARCH
# Query file:      hmmModels95/d1usya_d.104.1.1.hmm
# Target file:     scop/scopTestSeq.fasta
# Option settings: hmmsearch --domtblout hmmModels95/d1usya_d.104.1.1.out -E 1 hmmModels95/d1usya_d.104.1.1.hmm scop/scopTestSeq.fasta 
# Current dir:     /users/nfs/Etu7/3801677/SBAS/TME8
# Date:            Tue Apr  4 15:54:05 2023
# [ok]
