#                                                                            --- full sequence --- -------------- this domain -------------   hmm coord   ali coord   env coord
# target name        accession   tlen query name           accession   qlen   E-value  score  bias   #  of  c-Evalue  i-Evalue  score  bias  from    to  from    to  from    to  acc description of target
#------------------- ---------- ----- -------------------- ---------- ----- --------- ------ ----- --- --- --------- --------- ------ ----- ----- ----- ----- ----- ----- ----- ---- ---------------------
d1bf2a1b.1.18.2      -            162 d1ut9a2b.1.18.2.aln  -            115   7.8e-42  137.6   6.2   1   1     2e-43   9.4e-42  137.4   6.2     1   115     9   146     9   146 0.99 -
d1j0ha1b.1.18.2      -            123 d1ut9a2b.1.18.2.aln  -            115   9.7e-29   95.4   0.0   1   1   2.3e-30   1.1e-28   95.3   0.0     2   115     3   113     2   113 0.98 -
d1ji1a1b.1.18.2      -            122 d1ut9a2b.1.18.2.aln  -            115   1.2e-22   75.8   2.8   1   1   2.8e-24   1.3e-22   75.7   2.8     2   115     9   119     8   119 0.98 -
d2fhfa2b.1.18.2      -            125 d1ut9a2b.1.18.2.aln  -            115   5.3e-18   60.8   0.2   1   1   1.2e-19   5.8e-18   60.7   0.2     3   115     6   125     4   125 0.96 -
d2fhfa1b.1.18.2      -            115 d1ut9a2b.1.18.2.aln  -            115     5e-15   51.2   2.3   1   1   1.2e-16   5.5e-15   51.1   2.3     5   110     2   113     1   115 0.97 -
d1m7xa1b.1.18.2      -            110 d1ut9a2b.1.18.2.aln  -            115   1.6e-14   49.6   0.0   1   1   3.5e-16   1.6e-14   49.6   0.0     4   108     4   108     1   110 0.96 -
d1txka1b.1.18.2      -            115 d1ut9a2b.1.18.2.aln  -            115   4.2e-13   45.0   1.2   1   1   9.8e-15   4.5e-13   44.9   1.2     3   113     2   113     1   115 0.97 -
d3bmva1b.1.18.2      -             83 d1ut9a2b.1.18.2.aln  -            115   4.6e-13   44.9   0.7   1   1   1.1e-14   4.9e-13   44.8   0.7    20   108     3    82     1    83 0.95 -
d1edqa1b.1.18.2      -            109 d1ut9a2b.1.18.2.aln  -            115   9.7e-12   40.6   3.3   1   1   2.3e-13     1e-11   40.5   3.3     8   112     2   108     1   109 0.97 -
d1k3ia1b.1.18.2      -            102 d1ut9a2b.1.18.2.aln  -            115   1.9e-09   33.2   0.7   1   1   4.3e-11     2e-09   33.1   0.7    17   109     3   101     1   102 0.96 -
d2bhua1b.1.18.2      -             97 d1ut9a2b.1.18.2.aln  -            115   2.3e-09   33.0   0.0   1   1   5.6e-11   2.6e-09   32.8   0.0    12   102     1    91     1    96 0.97 -
d1clca2b.1.18.2      -            100 d1ut9a2b.1.18.2.aln  -            115   1.8e-08   30.1   0.1   1   1     4e-10   1.9e-08   30.0   0.1    11   107     3    97     1   100 0.96 -
d1qbaa1b.1.18.2      -            105 d1ut9a2b.1.18.2.aln  -            115   3.7e-08   29.1   0.0   1   1   8.4e-10   3.9e-08   29.0   0.0     3   107     2   103     1   105 0.96 -
d1w8oa1b.1.18.2      -            103 d1ut9a2b.1.18.2.aln  -            115   8.5e-08   27.9   0.8   1   1   2.2e-09     1e-07   27.7   0.8    21   111    10    99     2   102 0.94 -
d1f1sa2b.1.18.2      -             78 d1ut9a2b.1.18.2.aln  -            115   3.4e-06   22.7   0.3   1   1   7.9e-08   3.7e-06   22.6   0.3    21   101     2    77     1    78 0.88 -
d1h3ga1b.1.18.2      -             93 d1ut9a2b.1.18.2.aln  -            115   7.9e-06   21.6   0.0   1   1   1.9e-07   8.6e-06   21.4   0.0    21   109     7    91     2    93 0.91 -
d2bvya1b.1.18.2      -             94 d1ut9a2b.1.18.2.aln  -            115   0.00018   17.2   6.9   1   1   4.4e-06    0.0002   17.0   6.9    17   108     6    94     2    94 0.94 -
#
# Program:         hmmsearch
# Version:         3.1b2 (February 2015)
# Pipeline mode:   SEARCH
# Query file:      hmmModels95/d1ut9a2b.1.18.2.hmm
# Target file:     scop/scopTestSeq.fasta
# Option settings: hmmsearch --domtblout hmmModels95/d1ut9a2b.1.18.2.out -E 1 hmmModels95/d1ut9a2b.1.18.2.hmm scop/scopTestSeq.fasta 
# Current dir:     /users/nfs/Etu7/3801677/SBAS/TME8
# Date:            Tue Apr  4 15:54:05 2023
# [ok]
