#                                                                            --- full sequence --- -------------- this domain -------------   hmm coord   ali coord   env coord
# target name        accession   tlen query name           accession   qlen   E-value  score  bias   #  of  c-Evalue  i-Evalue  score  bias  from    to  from    to  from    to  acc description of target
#------------------- ---------- ----- -------------------- ---------- ----- --------- ------ ----- --- --- --------- --------- ------ ----- ----- ----- ----- ----- ----- ----- ---- ---------------------
d3n9ka_c.1.8.3       -            394 d1uuqa_c.1.8.3.aln   -            348   3.2e-87  288.6  23.7   1   1   1.1e-88     4e-87  288.3  23.7     4   348    37   392    34   392 0.98 -
d1i1wa_c.1.8.3       -            303 d1uuqa_c.1.8.3.aln   -            348   5.1e-86  284.6   6.2   1   1   1.6e-87     6e-86  284.4   6.2    24   347    16   302     3   303 0.95 -
d1odza_c.1.8.3       -            381 d1uuqa_c.1.8.3.aln   -            348   1.5e-56  187.7  13.9   1   1   4.4e-58   1.7e-56  187.6  13.9     1   346     9   371     9   373 0.99 -
d1hjua_c.1.8.3       -            332 d1uuqa_c.1.8.3.aln   -            348   2.3e-46  154.2  16.2   1   1   6.8e-48   2.5e-46  154.1  16.2    12   346     4   330     1   332 0.97 -
d1rh9a1c.1.8.3       -            370 d1uuqa_c.1.8.3.aln   -            348   2.4e-46  154.2   7.2   1   1     7e-48   2.6e-46  154.0   7.2     2   344     7   362     6   366 0.98 -
d1edga_c.1.8.3       -            380 d1uuqa_c.1.8.3.aln   -            348   6.9e-46  152.6  18.5   1   1   2.1e-47   7.7e-46  152.5  18.5     2   346    18   375    17   377 0.99 -
d1ur4a_c.1.8.3       -            387 d1uuqa_c.1.8.3.aln   -            348   2.5e-44  147.5  14.4   1   1   7.5e-46   2.8e-44  147.3  14.4     2   346     5   382     4   384 0.98 -
d1w91a2c.1.8.3       -            347 d1uuqa_c.1.8.3.aln   -            348   1.6e-43  144.8   0.2   1   1   4.8e-45   1.8e-43  144.7   0.2     2   346    12   343    11   345 0.96 -
d1qw9a2c.1.8.3       -            367 d1uuqa_c.1.8.3.aln   -            348   3.2e-41  137.3   2.2   1   1   9.6e-43   3.6e-41  137.1   2.2     3   346     5   363     3   365 0.98 -
d1ecea_c.1.8.3       -            358 d1uuqa_c.1.8.3.aln   -            348   2.1e-39  131.3  15.9   1   1   6.2e-41   2.3e-39  131.2  15.9     5   344    15   356    11   358 0.96 -
d7a3ha_c.1.8.3       -            300 d1uuqa_c.1.8.3.aln   -            348   4.7e-39  130.2  14.2   1   1   1.6e-40   5.9e-39  129.9  14.2    13   332    14   295    12   299 0.94 -
d1qnra_c.1.8.3       -            344 d1uuqa_c.1.8.3.aln   -            348   1.3e-34  115.5  22.3   1   1   4.3e-36   1.6e-34  115.3  22.3     6   345     8   342     4   344 0.98 -
d2je8a5c.1.8.3       -            348 d1uuqa_c.1.8.3.aln   -            348   1.5e-32  108.7   6.8   1   1   4.5e-34   1.7e-32  108.6   6.8     5   345     7   346     3   348 0.98 -
d1bqca_c.1.8.3       -            302 d1uuqa_c.1.8.3.aln   -            348   6.6e-31  103.4  10.7   1   1   1.9e-32   7.3e-31  103.2  10.7     6   342     2   296     1   302 0.95 -
d2nt0a2c.1.8.3       -            354 d1uuqa_c.1.8.3.aln   -            348   4.5e-30  100.6   0.1   1   1   1.3e-31     5e-30  100.5   0.1     7   346     5   347     1   349 0.98 -
d1vjza_c.1.8.3       -            325 d1uuqa_c.1.8.3.aln   -            348   1.3e-27   92.5   0.4   1   1   4.4e-29   1.6e-27   92.2   0.4    29   310    22   299     7   323 0.95 -
d1ceoa_c.1.8.3       -            340 d1uuqa_c.1.8.3.aln   -            348   3.4e-27   91.2   1.9   1   1     1e-28   3.8e-27   91.0   1.9     2   346     3   338     2   340 0.96 -
d2vzsa5c.1.8.3       -            339 d1uuqa_c.1.8.3.aln   -            348   7.2e-24   80.2   2.5   1   1   2.1e-25     8e-24   80.1   2.5     7   346     5   338     1   339 0.97 -
d1jz8a5c.1.8.3       -            292 d1uuqa_c.1.8.3.aln   -            348   3.8e-23   77.9   0.3   1   1   1.2e-24   4.5e-23   77.6   0.3     9   346     2   291     1   292 0.95 -
d1h1na_c.1.8.3       -            305 d1uuqa_c.1.8.3.aln   -            348   2.9e-18   61.8  13.2   1   1   8.9e-20   3.4e-18   61.6  13.2     6   346     2   301     1   303 0.94 -
d2v3ga_c.1.8.3       -            273 d1uuqa_c.1.8.3.aln   -            348   3.3e-10   35.3  22.3   1   1   1.2e-11   4.4e-10   34.9  22.3    15   311     8   261     2   268 0.89 -
#
# Program:         hmmsearch
# Version:         3.1b2 (February 2015)
# Pipeline mode:   SEARCH
# Query file:      hmmModels95/d1uuqa_c.1.8.3.hmm
# Target file:     scop/scopTestSeq.fasta
# Option settings: hmmsearch --domtblout hmmModels95/d1uuqa_c.1.8.3.out -E 1 hmmModels95/d1uuqa_c.1.8.3.hmm scop/scopTestSeq.fasta 
# Current dir:     /users/nfs/Etu7/3801677/SBAS/TME8
# Date:            Tue Apr  4 15:54:06 2023
# [ok]
