#                                                                            --- full sequence --- -------------- this domain -------------   hmm coord   ali coord   env coord
# target name        accession   tlen query name           accession   qlen   E-value  score  bias   #  of  c-Evalue  i-Evalue  score  bias  from    to  from    to  from    to  acc description of target
#------------------- ---------- ----- -------------------- ---------- ----- --------- ------ ----- --- --- --------- --------- ------ ----- ----- ----- ----- ----- ----- ----- ---- ---------------------
d1q33a_d.113.1.1     -            292 d1v8ya_d.113.1.1.aln -            187   4.8e-97  318.7   0.3   1   1   1.2e-98   5.9e-97  318.4   0.3     1   187    90   291    90   291 1.00 -
d1g0sa_d.113.1.1     -            209 d1v8ya_d.113.1.1.aln -            187   1.1e-51  170.8   1.3   1   1   2.6e-53   1.3e-51  170.6   1.3     2   178    31   208    30   209 0.99 -
d1vhza_d.113.1.1     -            186 d1v8ya_d.113.1.1.aln -            187   1.7e-38  127.8   0.0   1   1   3.8e-40   1.9e-38  127.6   0.0     3   180    16   184    14   186 0.98 -
d3o69a_d.113.1.1     -            190 d1v8ya_d.113.1.1.aln -            187   2.5e-38  127.2   0.0   1   1   5.8e-40   2.9e-38  127.0   0.0     2   174    19   190    18   190 0.99 -
d1jkna_d.113.1.1     -            165 d1v8ya_d.113.1.1.aln -            187   4.3e-37  123.2   0.0   1   1     1e-38   5.1e-37  122.9   0.0    30   177     7   164     2   165 0.97 -
d1nqza_d.113.1.1     -            187 d1v8ya_d.113.1.1.aln -            187   1.5e-33  111.7   0.0   1   1   3.4e-35   1.7e-33  111.5   0.0     2   186     2   183     1   184 0.98 -
d1ktga_d.113.1.1     -            137 d1v8ya_d.113.1.1.aln -            187     1e-32  109.0   0.2   1   1   2.1e-34   1.1e-32  108.9   0.2    31   176     5   135     1   137 0.93 -
d3zr0a_d.113.1.1     -            154 d1v8ya_d.113.1.1.aln -            187     2e-31  104.7   0.0   1   1   4.7e-33   2.3e-31  104.5   0.0    49   186    16   152     4   153 0.95 -
d1sjya_d.113.1.1     -            158 d1v8ya_d.113.1.1.aln -            187   5.6e-30  100.0   0.0   1   1   1.2e-31     6e-30   99.9   0.0    21   182     2   153     1   158 0.95 -
d2b06a1d.113.1.1     -            155 d1v8ya_d.113.1.1.aln -            187     2e-29   98.2   0.0   1   1   4.5e-31   2.2e-29   98.1   0.0    28   184     3   154     1   155 0.97 -
d1k2ea_d.113.1.1     -            152 d1v8ya_d.113.1.1.aln -            187   3.1e-29   97.6   0.1   1   1   7.3e-31   3.6e-29   97.4   0.1    51   183    13   144     4   148 0.95 -
d2fvva1d.113.1.1     -            135 d1v8ya_d.113.1.1.aln -            187   1.2e-28   95.6   0.4   1   1   2.6e-30   1.3e-28   95.6   0.4    32   171     9   134     1   135 0.91 -
d2azwa1d.113.1.1     -            147 d1v8ya_d.113.1.1.aln -            187   5.1e-28   93.6   0.2   1   1   1.1e-29   5.5e-28   93.5   0.2    24   175     3   146     1   147 0.97 -
d2b0va1d.113.1.1     -            146 d1v8ya_d.113.1.1.aln -            187   4.2e-25   84.1   0.0   1   1     1e-26   4.9e-25   83.9   0.0    45   186    12   143     2   144 0.93 -
d3a6sa_d.113.1.1     -            129 d1v8ya_d.113.1.1.aln -            187   6.5e-23   77.0   0.4   1   1   1.5e-24   7.3e-23   76.8   0.4    44   173    14   128     3   129 0.94 -
d1v8ya_d.113.1.1     -            158 d1v8ya_d.113.1.1.aln -            187   2.4e-14   49.1   1.0   1   1   5.7e-16   2.8e-14   48.8   1.0    62   151    51   136    10   141 0.79 -
#
# Program:         hmmsearch
# Version:         3.1b2 (February 2015)
# Pipeline mode:   SEARCH
# Query file:      hmmModels95/d1v8ya_d.113.1.1.hmm
# Target file:     scop/scopTestSeq.fasta
# Option settings: hmmsearch --domtblout hmmModels95/d1v8ya_d.113.1.1.out -E 1 hmmModels95/d1v8ya_d.113.1.1.hmm scop/scopTestSeq.fasta 
# Current dir:     /users/nfs/Etu7/3801677/SBAS/TME8
# Date:            Tue Apr  4 15:54:06 2023
# [ok]
