#                                                                            --- full sequence --- -------------- this domain -------------   hmm coord   ali coord   env coord
# target name        accession   tlen query name           accession   qlen   E-value  score  bias   #  of  c-Evalue  i-Evalue  score  bias  from    to  from    to  from    to  acc description of target
#------------------- ---------- ----- -------------------- ---------- ----- --------- ------ ----- --- --- --------- --------- ------ ----- ----- ----- ----- ----- ----- ----- ---- ---------------------
d1mo9a1c.3.1.5       -            262 d1vdca2c.3.1.5.aln   -            205   1.5e-79  262.1   0.0   1   1   6.5e-81   1.7e-79  261.9   0.0     1   205    39   262    39   262 0.99 -
d2gv8a1c.3.1.5       -            336 d1vdca2c.3.1.5.aln   -            205   6.6e-78  256.8   0.0   1   1   3.3e-79   8.8e-78  256.3   0.0     2   205     2   292     1   292 1.00 -
d1v59a1c.3.1.5       -            234 d1vdca2c.3.1.5.aln   -            205   1.1e-55  184.2   1.8   1   1   4.6e-57   1.2e-55  184.0   1.8     3   205     4   234     2   234 0.98 -
d1w4xa1c.3.1.5       -            299 d1vdca2c.3.1.5.aln   -            205   4.2e-40  133.3   0.0   1   1   1.8e-41   4.8e-40  133.1   0.0     1   204     4   294     4   295 0.99 -
d1xdia1c.3.1.5       -            234 d1vdca2c.3.1.5.aln   -            205   2.1e-34  114.7   0.1   1   1   9.1e-36   2.4e-34  114.5   0.1     6   200     3   228     1   232 0.93 -
d1m6ia1c.3.1.5       -            214 d1vdca2c.3.1.5.aln   -            205   6.9e-31  103.2   0.0   1   1   2.9e-32   7.7e-31  103.0   0.0     2   205     2   214     1   214 0.98 -
d1fl2a1c.3.1.5       -            185 d1vdca2c.3.1.5.aln   -            205   5.2e-29   97.1   1.0   1   1   2.4e-30   6.4e-29   96.8   1.0     5   204     2   180     1   181 0.93 -
d1nhpa1c.3.1.5       -            199 d1vdca2c.3.1.5.aln   -            205   7.3e-19   63.9   0.0   1   1   3.9e-20     1e-18   63.4   0.0     6   202     2   196     1   199 0.87 -
d1w4xa2c.3.1.5       -            235 d1vdca2c.3.1.5.aln   -            205     4e-14   48.4   0.0   1   1   1.9e-15   4.9e-14   48.2   0.0     9   202    13   228     6   231 0.96 -
d1v59a2c.3.1.5       -            122 d1vdca2c.3.1.5.aln   -            205     2e-11   39.6   0.5   1   1   1.2e-12   3.3e-11   38.9   0.5    10   127     5   106     2   121 0.84 -
d1mo9a2c.3.1.5       -            121 d1vdca2c.3.1.5.aln   -            205   3.9e-11   38.7   0.0   1   1   1.9e-12   4.9e-11   38.4   0.0    17   127    10    99     3   110 0.86 -
d1aoga2c.3.1.5       -            117 d1vdca2c.3.1.5.aln   -            205   1.4e-09   33.6   0.0   1   1   6.2e-11   1.6e-09   33.4   0.0     9   126     1    97     1   112 0.93 -
d1m6ia2c.3.1.5       -            137 d1vdca2c.3.1.5.aln   -            205   8.8e-09   31.0   0.0   1   1   3.8e-10   9.9e-09   30.8   0.0     4   174    13   136    10   137 0.90 -
d1nhpa2c.3.1.5       -            123 d1vdca2c.3.1.5.aln   -            205   3.5e-08   29.0   3.0   1   1   4.9e-09   1.3e-07   27.2   3.0    29   173    31   123    24   123 0.85 -
d1onfa2c.3.1.5       -            117 d1vdca2c.3.1.5.aln   -            205   2.3e-06   23.1   0.0   1   1     1e-07   2.7e-06   22.9   0.0    12   171     7   115     2   117 0.81 -
d2gf3a1c.3.1.2       -            282 d1vdca2c.3.1.5.aln   -            205   2.7e-06   22.8   0.0   1   2   7.3e-07   1.9e-05   20.1   0.0     3    34     2    33     1    50 0.90 -
d2gf3a1c.3.1.2       -            282 d1vdca2c.3.1.5.aln   -            205   2.7e-06   22.8   0.0   2   2      0.81        21    0.3   0.0    98   150   155   187   105   221 0.81 -
d1h6va2c.3.1.5       -            122 d1vdca2c.3.1.5.aln   -            205   5.4e-06   21.9   0.0   1   1     4e-07   1.1e-05   20.9   0.0    13   174     5   122     3   122 0.82 -
d1kdga1c.3.1.2       -            361 d1vdca2c.3.1.5.aln   -            205   6.9e-06   21.5   0.4   1   1   5.4e-07   1.4e-05   20.5   0.4     4    39     2    44     1    47 0.88 -
d2gmha1c.3.1.2       -            381 d1vdca2c.3.1.5.aln   -            205   8.9e-06   21.2   0.7   1   2   1.2e-05   0.00031   16.1   0.1     3    29    31    57    30    61 0.91 -
d2gmha1c.3.1.2       -            381 d1vdca2c.3.1.5.aln   -            205   8.9e-06   21.2   0.7   2   2     0.097       2.5    3.4   0.0   180   205   263   288   141   288 0.72 -
d1ryia1c.3.1.2       -            277 d1vdca2c.3.1.5.aln   -            205    0.0003   16.2   0.1   1   1   1.9e-05    0.0005   15.5   0.1     3    38     3    40     2    68 0.87 -
d1kola2c.2.1.1       -            195 d1vdca2c.3.1.5.aln   -            205   0.00038   15.9   0.6   1   1   2.5e-05   0.00067   15.0   0.5     7    64    29    94    26   107 0.77 -
d1xhca2c.3.1.5       -            122 d1vdca2c.3.1.5.aln   -            205   0.00045   15.6   0.0   1   1   2.4e-05   0.00062   15.2   0.0    14   122    18   101     8   122 0.85 -
d1pl8a2c.2.1.1       -            171 d1vdca2c.3.1.5.aln   -            205   0.00059   15.2   0.1   1   1     4e-05    0.0011   14.4   0.1     5    35    28    58    25    68 0.91 -
d1seza1c.3.1.2       -            374 d1vdca2c.3.1.5.aln   -            205    0.0011   14.4   0.7   1   1   6.5e-05    0.0017   13.7   0.7     6    39     3    36     1    45 0.86 -
d2dw4a2c.3.1.2       -            450 d1vdca2c.3.1.5.aln   -            205    0.0017   13.7   0.8   1   2   0.00017    0.0046   12.3   0.1     5    35     6    36     3    48 0.83 -
d2dw4a2c.3.1.2       -            450 d1vdca2c.3.1.5.aln   -            205    0.0017   13.7   0.8   2   2       6.1   1.6e+02   -2.5   0.0    30    46   290   306   289   308 0.81 -
d1vl6a1c.2.1.7       -            222 d1vdca2c.3.1.5.aln   -            205    0.0019   13.6   0.0   1   1   0.00012    0.0032   12.8   0.0     4    43    26    65    24    73 0.91 -
d1b5qa1c.3.1.2       -            348 d1vdca2c.3.1.5.aln   -            205    0.0023   13.3   0.1   1   1   0.00015    0.0039   12.5   0.1     7    38     3    38     2    56 0.86 -
d2iida1c.3.1.2       -            371 d1vdca2c.3.1.5.aln   -            205    0.0047   12.3   1.3   1   2   0.00029    0.0077   11.6   0.2     6    37    32    66    28    73 0.83 -
d2iida1c.3.1.2       -            371 d1vdca2c.3.1.5.aln   -            205    0.0047   12.3   1.3   2   2       7.8   2.1e+02   -2.9   0.0   142   161   255   274   252   279 0.82 -
d2f5va1c.3.1.2       -            380 d1vdca2c.3.1.5.aln   -            205      0.01   11.2   1.0   1   2   0.00092     0.024   10.0   0.2     4    33     4    33     2    46 0.87 -
d2f5va1c.3.1.2       -            380 d1vdca2c.3.1.5.aln   -            205      0.01   11.2   1.0   2   2       2.9        75   -1.4   0.0    91   118   168   195   165   203 0.89 -
d1fl2a2c.3.1.5       -            126 d1vdca2c.3.1.5.aln   -            205     0.014   10.7   1.6   1   1    0.0016     0.043    9.1   1.6    27   101    29    76    27   126 0.62 -
#
# Program:         hmmsearch
# Version:         3.1b2 (February 2015)
# Pipeline mode:   SEARCH
# Query file:      hmmModels95/d1vdca2c.3.1.5.hmm
# Target file:     scop/scopTestSeq.fasta
# Option settings: hmmsearch --domtblout hmmModels95/d1vdca2c.3.1.5.out -E 1 hmmModels95/d1vdca2c.3.1.5.hmm scop/scopTestSeq.fasta 
# Current dir:     /users/nfs/Etu7/3801677/SBAS/TME8
# Date:            Tue Apr  4 15:54:06 2023
# [ok]
