#                                                                            --- full sequence --- -------------- this domain -------------   hmm coord   ali coord   env coord
# target name        accession   tlen query name           accession   qlen   E-value  score  bias   #  of  c-Evalue  i-Evalue  score  bias  from    to  from    to  from    to  acc description of target
#------------------- ---------- ----- -------------------- ---------- ----- --------- ------ ----- --- --- --------- --------- ------ ----- ----- ----- ----- ----- ----- ----- ---- ---------------------
d1uoka2c.1.8.1       -            479 d1vema2c.1.8.1.aln   -            431    1e-120  399.3  22.4   1   1  2.9e-122  1.2e-120  399.1  22.4     5   430     2   479     1   479 0.98 -
d1g5aa2c.1.8.1       -            554 d1vema2c.1.8.1.aln   -            431   6.5e-97  320.9   6.9   1   1   2.1e-98   8.7e-97  320.5   6.9     2   430     2   553     1   554 0.99 -
d3bmva4c.1.8.1       -            406 d1vema2c.1.8.1.aln   -            431   2.3e-96  319.1  17.7   1   1   6.6e-98   2.7e-96  318.8  17.7    11   430    14   406     6   406 0.97 -
d1e43a2c.1.8.1       -            393 d1vema2c.1.8.1.aln   -            431   1.2e-93  310.2  17.0   1   1   3.1e-95   1.3e-93  310.0  17.0    11   424     2   393     1   393 0.98 -
d1wzaa2c.1.8.1       -            409 d1vema2c.1.8.1.aln   -            431   7.1e-88  291.1  19.7   1   1   1.9e-89     8e-88  290.9  19.7     9   429     2   408     1   409 0.95 -
d1x1na1c.1.8.1       -            523 d1vema2c.1.8.1.aln   -            431   2.5e-83  276.1   0.4   1   1   6.9e-85   2.9e-83  275.9   0.4     2   428    28   499    27   502 0.99 -
d1gjwa2c.1.8.1       -            572 d1vema2c.1.8.1.aln   -            431   1.5e-82  273.5   0.5   1   1   4.3e-84   1.8e-82  273.3   0.5     2   430    45   571    44   572 0.99 -
d2guya2c.1.8.1       -            381 d1vema2c.1.8.1.aln   -            431     3e-79  262.7   8.8   1   1   8.1e-81   3.4e-79  262.5   8.8     5   426     2   373     1   378 0.96 -
d1ji1a3c.1.8.1       -            432 d1vema2c.1.8.1.aln   -            431   1.4e-73  244.0  24.4   1   1   3.9e-75   1.6e-73  243.8  24.4     3   430     2   431     1   432 0.96 -
d1h3ga3c.1.8.1       -            422 d1vema2c.1.8.1.aln   -            431   5.7e-71  235.4  11.9   1   1   1.7e-72   6.9e-71  235.1  11.9    11   430    11   421     4   422 0.92 -
d1bf2a3c.1.8.1       -            475 d1vema2c.1.8.1.aln   -            431   1.1e-66  221.3  12.6   1   1   2.9e-68   1.2e-66  221.2  12.6     4   430     9   472     6   473 0.98 -
d2fhfa5c.1.8.1       -            563 d1vema2c.1.8.1.aln   -            431   2.3e-66  220.2   0.7   1   1   6.4e-68   2.7e-66  220.0   0.7     2   430    12   562    11   563 0.99 -
d1wdpa_c.1.8.1       -            493 d1vema2c.1.8.1.aln   -            431   7.6e-62  205.3   0.8   1   1   2.1e-63   8.8e-62  205.1   0.8     3   409     8   473     7   493 0.96 -
d2bhua3c.1.8.1       -            420 d1vema2c.1.8.1.aln   -            431   5.9e-59  195.8   2.8   1   1   1.6e-60   6.7e-59  195.6   2.8     4   430     9   419     6   420 0.97 -
d1ht6a2c.1.8.1       -            347 d1vema2c.1.8.1.aln   -            431   3.7e-54  180.0   8.2   1   1   9.8e-56   4.1e-54  179.9   8.2    12   415     2   336     1   347 0.94 -
d1ua7a2c.1.8.1       -            344 d1vema2c.1.8.1.aln   -            431   2.5e-49  164.1  12.7   1   1   4.6e-50   1.9e-48  161.2  12.7    16   387    10   311     1   341 0.91 -
d1m7xa3c.1.8.1       -            396 d1vema2c.1.8.1.aln   -            431   2.2e-40  134.6  21.6   1   1   6.2e-42   2.6e-40  134.4  21.6     6   429    11   391     7   393 0.94 -
d1r7aa2c.1.8.1       -            434 d1vema2c.1.8.1.aln   -            431   3.7e-27   91.0   0.2   1   1   9.9e-29   4.1e-27   90.9   0.2     2   425     2   433     1   434 0.97 -
d1kwga2c.1.8.1       -            393 d1vema2c.1.8.1.aln   -            431   1.4e-19   66.1   0.1   1   1   3.9e-21   1.6e-19   65.8   0.1     3   393     5   375     3   387 0.95 -
#
# Program:         hmmsearch
# Version:         3.1b2 (February 2015)
# Pipeline mode:   SEARCH
# Query file:      hmmModels95/d1vema2c.1.8.1.hmm
# Target file:     scop/scopTestSeq.fasta
# Option settings: hmmsearch --domtblout hmmModels95/d1vema2c.1.8.1.out -E 1 hmmModels95/d1vema2c.1.8.1.hmm scop/scopTestSeq.fasta 
# Current dir:     /users/nfs/Etu7/3801677/SBAS/TME8
# Date:            Tue Apr  4 15:54:07 2023
# [ok]
