#                                                                            --- full sequence --- -------------- this domain -------------   hmm coord   ali coord   env coord
# target name        accession   tlen query name           accession   qlen   E-value  score  bias   #  of  c-Evalue  i-Evalue  score  bias  from    to  from    to  from    to  acc description of target
#------------------- ---------- ----- -------------------- ---------- ----- --------- ------ ----- --- --- --------- --------- ------ ----- ----- ----- ----- ----- ----- ----- ---- ---------------------
d1r3na1c.56.5.4      -            323 d1vgya1c.56.5.4.aln  -            277   8.2e-93  306.2   0.0   1   1   1.2e-94   9.2e-93  306.0   0.0     2   276    16   317    15   318 0.99 -
d1y7ea2c.56.5.4      -            323 d1vgya1c.56.5.4.aln  -            277   7.4e-86  283.3   0.2   1   1   1.1e-87   8.3e-86  283.2   0.2     1   276     8   318     8   319 0.99 -
d1fnoa4c.56.5.4      -            296 d1vgya1c.56.5.4.aln  -            277   3.5e-78  258.2   0.0   1   1   4.9e-80   3.9e-78  258.0   0.0     2   276     2   295     1   296 0.99 -
d1y0ya3c.56.5.4      -            256 d1vgya1c.56.5.4.aln  -            277   2.3e-73  242.4   1.0   1   1   3.3e-75   2.6e-73  242.2   1.0    14   275     3   255     1   256 0.98 -
d1z2la1c.56.5.4      -            294 d1vgya1c.56.5.4.aln  -            277   7.1e-73  240.8   0.0   1   1     1e-74   7.9e-73  240.6   0.0     2   277     5   294     4   294 0.99 -
d1rtqa_c.56.5.4      -            291 d1vgya1c.56.5.4.aln  -            277     4e-67  221.9   0.4   1   1   5.7e-69   4.5e-67  221.7   0.4     2   276     7   290     6   291 0.99 -
d1tkja_c.56.5.4      -            277 d1vgya1c.56.5.4.aln  -            277   8.5e-61  201.1   0.0   1   1   1.2e-62   9.4e-61  201.0   0.0     7   274     2   276     1   277 0.99 -
d1lfwa1c.56.5.4      -            273 d1vgya1c.56.5.4.aln  -            277   1.7e-57  190.3   0.1   1   1   2.3e-59   1.9e-57  190.2   0.1     2   276     4   272     3   273 0.98 -
d1cg2a1c.56.5.4      -            277 d1vgya1c.56.5.4.aln  -            277     4e-57  189.1   0.4   1   1   5.6e-59   4.4e-57  189.0   0.4     2   274     6   275     5   277 0.99 -
d2grea2c.56.5.4      -            234 d1vgya1c.56.5.4.aln  -            277   1.7e-47  157.5   2.6   1   1   5.5e-49   4.3e-47  156.2   2.6     9   274     1   233     1   234 0.99 -
#
# Program:         hmmsearch
# Version:         3.1b2 (February 2015)
# Pipeline mode:   SEARCH
# Query file:      hmmModels95/d1vgya1c.56.5.4.hmm
# Target file:     scop/scopTestSeq.fasta
# Option settings: hmmsearch --domtblout hmmModels95/d1vgya1c.56.5.4.out -E 1 hmmModels95/d1vgya1c.56.5.4.hmm scop/scopTestSeq.fasta 
# Current dir:     /users/nfs/Etu7/3801677/SBAS/TME8
# Date:            Tue Apr  4 15:54:07 2023
# [ok]
