#                                                                            --- full sequence --- -------------- this domain -------------   hmm coord   ali coord   env coord
# target name        accession   tlen query name           accession   qlen   E-value  score  bias   #  of  c-Evalue  i-Evalue  score  bias  from    to  from    to  from    to  acc description of target
#------------------- ---------- ----- -------------------- ---------- ----- --------- ------ ----- --- --- --------- --------- ------ ----- ----- ----- ----- ----- ----- ----- ---- ---------------------
d1q33a_d.113.1.1     -            292 d1vhza_d.113.1.1.aln -            175   5.8e-88  288.4   0.3   1   1   1.6e-89   7.7e-88  288.0   0.3     1   175    98   292    98   292 0.99 -
d1g0sa_d.113.1.1     -            209 d1vhza_d.113.1.1.aln -            175   6.2e-49  161.3   1.7   1   1   1.5e-50   7.3e-49  161.0   1.7     2   174    40   208    39   209 0.98 -
d3o69a_d.113.1.1     -            190 d1vhza_d.113.1.1.aln -            175   1.2e-40  134.3   0.0   1   1   2.7e-42   1.4e-40  134.1   0.0     2   169    27   189    26   190 0.98 -
d1jkna_d.113.1.1     -            165 d1vhza_d.113.1.1.aln -            175   5.8e-36  119.0   0.0   1   1   1.3e-37   6.3e-36  118.9   0.0    18   165     4   165     1   165 0.97 -
d1v8ya_d.113.1.1     -            158 d1vhza_d.113.1.1.aln -            175   4.7e-35  116.1   0.3   1   1     1e-36     5e-35  116.0   0.3     5   165     3   154     1   158 0.95 -
d1ktga_d.113.1.1     -            137 d1vhza_d.113.1.1.aln -            175   6.5e-33  109.1   0.2   1   1   1.5e-34   7.5e-33  108.9   0.2    28   163     5   135     2   137 0.94 -
d1sjya_d.113.1.1     -            158 d1vhza_d.113.1.1.aln -            175   4.5e-32  106.3   0.1   1   1   9.6e-34   4.7e-32  106.3   0.1    15   168     5   152     1   158 0.89 -
d2azwa1d.113.1.1     -            147 d1vhza_d.113.1.1.aln -            175   7.1e-31  102.5   0.2   1   1   1.6e-32   7.7e-31  102.3   0.2    16   162     3   146     1   147 0.97 -
d2fvva1d.113.1.1     -            135 d1vhza_d.113.1.1.aln -            175   1.5e-30  101.4   0.5   1   1   3.3e-32   1.6e-30  101.3   0.5    16   158     2   134     1   135 0.93 -
d1nqza_d.113.1.1     -            187 d1vhza_d.113.1.1.aln -            175   3.4e-30  100.3   0.0   1   1   7.5e-32   3.7e-30  100.1   0.0     3   172    11   185     9   187 0.98 -
d2b06a1d.113.1.1     -            155 d1vhza_d.113.1.1.aln -            175   7.3e-30   99.2   0.0   1   1   1.6e-31   7.8e-30   99.1   0.0    20   170     3   153     1   155 0.96 -
d3zr0a_d.113.1.1     -            154 d1vhza_d.113.1.1.aln -            175   2.6e-29   97.4   0.0   1   1   5.9e-31   2.9e-29   97.2   0.0    36   172    11   151     2   154 0.95 -
d2b0va1d.113.1.1     -            146 d1vhza_d.113.1.1.aln -            175   7.4e-27   89.4   0.0   1   1   1.6e-28     8e-27   89.3   0.0    27   173     2   143     1   145 0.97 -
d1k2ea_d.113.1.1     -            152 d1vhza_d.113.1.1.aln -            175   1.6e-26   88.3   0.1   1   1   3.8e-28   1.9e-26   88.0   0.1    44   172    14   146     6   149 0.95 -
d3a6sa_d.113.1.1     -            129 d1vhza_d.113.1.1.aln -            175   8.6e-26   85.9   0.5   1   1   1.8e-27   8.8e-26   85.9   0.5    34   160    13   128     1   129 0.89 -
d1vhza_d.113.1.1     -            186 d1vhza_d.113.1.1.aln -            175   1.9e-10   36.0   0.0   1   1   4.5e-12   2.2e-10   35.7   0.0    52   134    73   171    35   182 0.75 -
#
# Program:         hmmsearch
# Version:         3.1b2 (February 2015)
# Pipeline mode:   SEARCH
# Query file:      hmmModels95/d1vhza_d.113.1.1.hmm
# Target file:     scop/scopTestSeq.fasta
# Option settings: hmmsearch --domtblout hmmModels95/d1vhza_d.113.1.1.out -E 1 hmmModels95/d1vhza_d.113.1.1.hmm scop/scopTestSeq.fasta 
# Current dir:     /users/nfs/Etu7/3801677/SBAS/TME8
# Date:            Tue Apr  4 15:54:07 2023
# [ok]
