#                                                                            --- full sequence --- -------------- this domain -------------   hmm coord   ali coord   env coord
# target name        accession   tlen query name           accession   qlen   E-value  score  bias   #  of  c-Evalue  i-Evalue  score  bias  from    to  from    to  from    to  acc description of target
#------------------- ---------- ----- -------------------- ---------- ----- --------- ------ ----- --- --- --------- --------- ------ ----- ----- ----- ----- ----- ----- ----- ---- ---------------------
d1e2ka_c.37.1.1      -            329 d1vhta_c.37.1.1.aln  -            211   1.8e-83  275.1   0.0   1   2    0.0006     0.023   10.1   0.0     5    26     6    27     4    29 0.91 -
d1e2ka_c.37.1.1      -            329 d1vhta_c.37.1.1.aln  -            211   1.8e-83  275.1   0.0   2   2     2e-81   7.6e-80  263.2   0.0     2   211    30   276    29   276 0.99 -
d1p5zb_c.37.1.1      -            241 d1vhta_c.37.1.1.aln  -            211     2e-52  173.6   0.0   1   1   6.1e-54   2.3e-52  173.4   0.0     3   210     2   227     1   228 0.99 -
d1zina1c.37.1.1      -            183 d1vhta_c.37.1.1.aln  -            211   2.9e-36  120.8   0.1   1   1   8.6e-38   3.2e-36  120.7   0.1     4   202     1   181     1   183 0.97 -
d1t0hb_c.37.1.1      -            219 d1vhta_c.37.1.1.aln  -            211   1.4e-32  108.8   0.0   1   1   4.1e-34   1.5e-32  108.7   0.0     2   211    19   213    18   213 0.97 -
d1deka_c.37.1.1      -            241 d1vhta_c.37.1.1.aln  -            211   2.3e-28   95.0   0.0   1   1   6.7e-30   2.5e-28   94.9   0.0     3   209     1   228     1   230 0.98 -
d1qf9a_c.37.1.1      -            194 d1vhta_c.37.1.1.aln  -            211   1.2e-26   89.4   0.0   1   1     4e-28   1.5e-26   89.1   0.0     3   202     6   192     4   193 0.96 -
d1khta_c.37.1.1      -            190 d1vhta_c.37.1.1.aln  -            211   3.2e-19   65.2   0.0   1   1   9.3e-21   3.5e-19   65.0   0.0     3   202     1   189     1   190 0.96 -
d1kjwa2c.37.1.1      -            199 d1vhta_c.37.1.1.aln  -            211   2.7e-18   62.1   0.0   1   1   7.9e-20     3e-18   62.0   0.0     3   210     9   198     7   199 0.90 -
d1kgda_c.37.1.1      -            178 d1vhta_c.37.1.1.aln  -            211   7.4e-16   54.2   0.1   1   1   2.3e-17   8.8e-16   53.9   0.1     2   197     2   176     1   178 0.91 -
d1gsia_c.37.1.1      -            208 d1vhta_c.37.1.1.aln  -            211   1.6e-15   53.1   0.0   1   1   4.7e-17   1.8e-15   52.9   0.0     4   174     1   173     1   202 0.88 -
d1y63a_c.37.1.1      -            174 d1vhta_c.37.1.1.aln  -            211   2.1e-15   52.7   0.5   1   1   6.5e-17   2.4e-15   52.5   0.5     2   198     4   173     3   174 0.91 -
d1lw7a2c.37.1.1      -            192 d1vhta_c.37.1.1.aln  -            211   4.8e-15   51.5   0.1   1   1   4.5e-16   1.7e-14   49.7   0.1     3   203     7   186     6   192 0.96 -
d1ly1a_c.37.1.1      -            152 d1vhta_c.37.1.1.aln  -            211   4.8e-13   44.9   0.0   1   1   1.4e-14   5.2e-13   44.8   0.0     3   167     2   150     1   152 0.94 -
d1yj5a2c.37.1.1      -            172 d1vhta_c.37.1.1.aln  -            211     1e-10   37.4   0.1   1   2      0.03       1.1    4.5   0.0     6    33    17    44    13    52 0.66 -
d1yj5a2c.37.1.1      -            172 d1vhta_c.37.1.1.aln  -            211     1e-10   37.4   0.1   2   2   8.4e-11   3.2e-09   32.5   0.0    67   198    46   168    31   171 0.92 -
d2grja_c.37.1.1      -            179 d1vhta_c.37.1.1.aln  -            211   1.1e-10   37.2   0.7   1   1   5.3e-12     2e-10   36.4   0.7     2   200     2   179     1   179 0.85 -
d3kb2a_c.37.1.1      -            171 d1vhta_c.37.1.1.aln  -            211   1.2e-09   33.8   0.0   1   1   3.4e-11   1.3e-09   33.8   0.0     5   155     2   133     1   171 0.84 -
d2qora_c.37.1.0      -            196 d1vhta_c.37.1.1.aln  -            211   1.7e-08   30.1   0.0   1   1   6.4e-10   2.4e-08   29.6   0.0     3   195     4   186     2   187 0.86 -
d3akea_c.37.1.0      -            208 d1vhta_c.37.1.1.aln  -            211   6.2e-06   21.7   0.1   1   2   3.8e-07   1.4e-05   20.5   0.0     5    41     4    44     1    80 0.86 -
d3akea_c.37.1.0      -            208 d1vhta_c.37.1.1.aln  -            211   6.2e-06   21.7   0.1   2   2       3.2   1.2e+02   -2.1   0.0   142   146   163   167   130   192 0.49 -
d1vhta_c.37.1.1      -            208 d1vhta_c.37.1.1.aln  -            211   0.00014   17.4   0.5   1   2   6.7e-05    0.0025   13.2   0.0     5    24     5    24     3    38 0.92 -
d1vhta_c.37.1.1      -            208 d1vhta_c.37.1.1.aln  -            211   0.00014   17.4   0.5   2   2      0.14       5.1    2.4   0.1   136   188   134   183   100   198 0.70 -
d1um8a_c.37.1.20     -            364 d1vhta_c.37.1.1.aln  -            211   0.00077   14.9   0.6   1   2   0.00043     0.016   10.6   0.0     5    28    70    93    67   101 0.91 -
d1um8a_c.37.1.20     -            364 d1vhta_c.37.1.1.aln  -            211   0.00077   14.9   0.6   2   2      0.13       4.8    2.5   0.2   111   155   124   168   114   299 0.77 -
d1in4a2c.37.1.20     -            238 d1vhta_c.37.1.1.aln  -            211    0.0014   14.1   0.1   1   2   8.7e-05    0.0033   12.8   0.0     6    36    38    68    36   105 0.86 -
d1in4a2c.37.1.20     -            238 d1vhta_c.37.1.1.aln  -            211    0.0014   14.1   0.1   2   2       3.8   1.4e+02   -2.3   0.0   131   131   204   204   162   227 0.60 -
#
# Program:         hmmsearch
# Version:         3.1b2 (February 2015)
# Pipeline mode:   SEARCH
# Query file:      hmmModels95/d1vhta_c.37.1.1.hmm
# Target file:     scop/scopTestSeq.fasta
# Option settings: hmmsearch --domtblout hmmModels95/d1vhta_c.37.1.1.out -E 1 hmmModels95/d1vhta_c.37.1.1.hmm scop/scopTestSeq.fasta 
# Current dir:     /users/nfs/Etu7/3801677/SBAS/TME8
# Date:            Tue Apr  4 15:54:07 2023
# [ok]
