#                                                                            --- full sequence --- -------------- this domain -------------   hmm coord   ali coord   env coord
# target name        accession   tlen query name           accession   qlen   E-value  score  bias   #  of  c-Evalue  i-Evalue  score  bias  from    to  from    to  from    to  acc description of target
#------------------- ---------- ----- -------------------- ---------- ----- --------- ------ ----- --- --- --------- --------- ------ ----- ----- ----- ----- ----- ----- ----- ---- ---------------------
d1t33a1a.4.1.9       -             88 d1vi0a1a.4.1.9.aln   -             74   9.8e-30   97.8   1.8   1   1     3e-31   1.1e-29   97.6   1.8     1    74     9    81     9    81 0.98 -
d2id6a1a.4.1.9       -             75 d1vi0a1a.4.1.9.aln   -             74   1.7e-26   87.4   0.4   1   1   4.7e-28   1.8e-26   87.3   0.4     4    73     3    72     1    73 0.96 -
d1rkta1a.4.1.9       -             81 d1vi0a1a.4.1.9.aln   -             74   5.9e-25   82.5   0.1   1   1   1.7e-26   6.5e-25   82.3   0.1     2    73     9    80     8    81 0.97 -
d1ui5a1a.4.1.9       -             71 d1vi0a1a.4.1.9.aln   -             74   1.9e-23   77.6   1.6   1   1   5.2e-25     2e-23   77.6   1.6     2    65     3    66     2    71 0.91 -
d2gfna1a.4.1.9       -             77 d1vi0a1a.4.1.9.aln   -             74   1.4e-22   74.8   0.3   1   1   4.1e-24   1.5e-22   74.7   0.3     2    73     4    75     3    76 0.96 -
d2gena1a.4.1.9       -             70 d1vi0a1a.4.1.9.aln   -             74   2.1e-22   74.3   0.4   1   1   5.8e-24   2.2e-22   74.2   0.4     5    70     1    66     1    70 0.95 -
d2i10a1a.4.1.9       -             69 d1vi0a1a.4.1.9.aln   -             74   8.8e-22   72.3   0.0   1   1   2.4e-23     9e-22   72.3   0.0     9    71     5    67     1    69 0.95 -
d2oi8a1a.4.1.9       -             79 d1vi0a1a.4.1.9.aln   -             74   8.8e-22   72.3   0.6   1   1   2.5e-23   9.4e-22   72.2   0.6     2    72     7    77     6    79 0.97 -
d1t56a1a.4.1.9       -             73 d1vi0a1a.4.1.9.aln   -             74     4e-21   70.2   0.0   1   1   1.1e-22   4.2e-21   70.1   0.0     4    73     3    72     1    73 0.96 -
d2fd5a1a.4.1.9       -             76 d1vi0a1a.4.1.9.aln   -             74   6.3e-21   69.5   0.1   1   1     2e-22   7.4e-21   69.3   0.1     1    69     4    72     4    75 0.96 -
d2np5a1a.4.1.9       -             69 d1vi0a1a.4.1.9.aln   -             74   8.4e-21   69.2   0.2   1   1   2.3e-22   8.7e-21   69.1   0.2     6    70     3    67     1    69 0.95 -
d1sgma1a.4.1.9       -             73 d1vi0a1a.4.1.9.aln   -             74   1.1e-20   68.7   0.0   1   1   3.2e-22   1.2e-20   68.7   0.0     4    73     2    72     1    73 0.96 -
d1vi0a1a.4.1.9       -             72 d1vi0a1a.4.1.9.aln   -             74   1.4e-20   68.4   0.1   1   1   4.5e-22   1.7e-20   68.2   0.1     8    70     5    67     3    71 0.96 -
d2np3a1a.4.1.9       -             65 d1vi0a1a.4.1.9.aln   -             74   3.4e-20   67.2   0.2   1   1   1.1e-21   4.3e-20   66.9   0.2     9    64     1    56     1    64 0.91 -
d2hyja1a.4.1.9       -             75 d1vi0a1a.4.1.9.aln   -             74   2.1e-19   64.6   0.1   1   1   5.9e-21   2.2e-19   64.6   0.1     2    70     3    71     2    75 0.94 -
d2g7sa1a.4.1.9       -             74 d1vi0a1a.4.1.9.aln   -             74   2.9e-19   64.2   0.0   1   1   8.1e-21   3.1e-19   64.1   0.0     3    71     3    71     1    74 0.94 -
d2iu5a1a.4.1.9       -             71 d1vi0a1a.4.1.9.aln   -             74   1.5e-18   61.9   0.1   1   1   4.3e-20   1.6e-18   61.8   0.1     3    66     4    68     2    71 0.93 -
d2o7ta1a.4.1.9       -             78 d1vi0a1a.4.1.9.aln   -             74   4.8e-18   60.3   0.0   1   1   1.3e-19     5e-18   60.3   0.0     3    70     6    74     4    78 0.83 -
d1zk8a1a.4.1.9       -             72 d1vi0a1a.4.1.9.aln   -             74     2e-16   55.1   0.1   1   1   6.2e-18   2.3e-16   54.9   0.1     5    72     4    71     2    72 0.97 -
d2id3a1a.4.1.9       -             68 d1vi0a1a.4.1.9.aln   -             74   2.3e-15   51.7   0.1   1   1   6.4e-17   2.4e-15   51.7   0.1     4    64     6    66     3    68 0.94 -
d2g7ga1a.4.1.9       -             65 d1vi0a1a.4.1.9.aln   -             74   2.5e-14   48.4   0.0   1   1     7e-16   2.6e-14   48.3   0.0     5    67     2    62     1    65 0.95 -
#
# Program:         hmmsearch
# Version:         3.1b2 (February 2015)
# Pipeline mode:   SEARCH
# Query file:      hmmModels95/d1vi0a1a.4.1.9.hmm
# Target file:     scop/scopTestSeq.fasta
# Option settings: hmmsearch --domtblout hmmModels95/d1vi0a1a.4.1.9.out -E 1 hmmModels95/d1vi0a1a.4.1.9.hmm scop/scopTestSeq.fasta 
# Current dir:     /users/nfs/Etu7/3801677/SBAS/TME8
# Date:            Tue Apr  4 15:54:07 2023
# [ok]
