#                                                                            --- full sequence --- -------------- this domain -------------   hmm coord   ali coord   env coord
# target name        accession   tlen query name           accession   qlen   E-value  score  bias   #  of  c-Evalue  i-Evalue  score  bias  from    to  from    to  from    to  acc description of target
#------------------- ---------- ----- -------------------- ---------- ----- --------- ------ ----- --- --- --------- --------- ------ ----- ----- ----- ----- ----- ----- ----- ---- ---------------------
d2jhfa2c.2.1.1       -            176 d1vj0a2c.2.1.1.aln   -            177   6.8e-60  197.2   1.5   1   1   1.4e-61   7.5e-60  197.1   1.5     2   177     2   176     1   176 0.99 -
d1kola2c.2.1.1       -            195 d1vj0a2c.2.1.1.aln   -            177   1.2e-52  173.6   3.1   1   1   2.6e-54   1.3e-52  173.4   3.1     4   176     2   178     1   179 0.98 -
d1jqba2c.2.1.1       -            174 d1vj0a2c.2.1.1.aln   -            177   1.1e-44  147.6   4.5   1   1   2.3e-46   1.2e-44  147.5   4.5     2   174     2   170     1   173 0.97 -
d1o89a2c.2.1.1       -            177 d1vj0a2c.2.1.1.aln   -            177   2.7e-43  143.1   1.2   1   1   5.7e-45     3e-43  143.0   1.2     2   174     6   171     5   174 0.96 -
d1h2ba2c.2.1.1       -            172 d1vj0a2c.2.1.1.aln   -            177   1.5e-42  140.7   1.9   1   1   3.1e-44   1.6e-42  140.6   1.9     2   173     5   171     4   172 0.96 -
d2dm6a2c.2.1.1       -            182 d1vj0a2c.2.1.1.aln   -            177   4.5e-42  139.2   0.2   1   1   9.4e-44     5e-42  139.0   0.2     1   177     3   178     3   178 0.94 -
d1pl8a2c.2.1.1       -            171 d1vj0a2c.2.1.1.aln   -            177     1e-41  138.0   5.5   1   1   2.1e-43   1.1e-41  137.9   5.5     4   174     3   169     1   171 0.94 -
d1gu7a2c.2.1.1       -            189 d1vj0a2c.2.1.1.aln   -            177   2.6e-41  136.7   0.0   1   1   5.4e-43   2.8e-41  136.5   0.0     2   175     2   181     1   183 0.96 -
d1qora2c.2.1.1       -            179 d1vj0a2c.2.1.1.aln   -            177   4.9e-41  135.8   0.1   1   1   1.1e-42     6e-41  135.5   0.1     2   173     2   175     1   178 0.97 -
d1yb5a2c.2.1.1       -            174 d1vj0a2c.2.1.1.aln   -            177   2.4e-40  133.5   2.1   1   1     5e-42   2.6e-40  133.4   2.1     2   175     2   171     1   173 0.95 -
d1piwa2c.2.1.1       -            168 d1vj0a2c.2.1.1.aln   -            177   7.1e-39  128.7   0.0   1   1   1.5e-40   7.9e-39  128.6   0.0     2   175     2   167     1   168 0.97 -
d1pqwa_c.2.1.1       -            183 d1vj0a2c.2.1.1.aln   -            177   8.4e-39  128.5   0.5   1   1   1.8e-40   9.3e-39  128.3   0.5     4   176     1   175     1   176 0.93 -
d1vj0a2c.2.1.1       -            182 d1vj0a2c.2.1.1.aln   -            177   4.7e-31  103.3   0.0   1   1     1e-32   5.4e-31  103.1   0.0     6   159     6   161     2   175 0.90 -
d1c1da1c.2.1.7       -            201 d1vj0a2c.2.1.1.aln   -            177   0.00015   16.9   3.1   1   2   2.8e-06   0.00015   16.9   3.1    29    76    27    73     9    89 0.88 -
d1c1da1c.2.1.7       -            201 d1vj0a2c.2.1.1.aln   -            177   0.00015   16.9   3.1   2   2      0.35        18    0.3   0.1   101   132   119   150    95   169 0.71 -
d1k0ia1c.3.1.2       -            293 d1vj0a2c.2.1.1.aln   -            177   0.00035   15.7   0.0   1   2   0.00062     0.032    9.3   0.0    30    57     3    30     1    38 0.90 -
d1k0ia1c.3.1.2       -            293 d1vj0a2c.2.1.1.aln   -            177   0.00035   15.7   0.0   2   2     0.026       1.4    4.0   0.0    50    92    91   136    88   198 0.80 -
#
# Program:         hmmsearch
# Version:         3.1b2 (February 2015)
# Pipeline mode:   SEARCH
# Query file:      hmmModels95/d1vj0a2c.2.1.1.hmm
# Target file:     scop/scopTestSeq.fasta
# Option settings: hmmsearch --domtblout hmmModels95/d1vj0a2c.2.1.1.out -E 1 hmmModels95/d1vj0a2c.2.1.1.hmm scop/scopTestSeq.fasta 
# Current dir:     /users/nfs/Etu7/3801677/SBAS/TME8
# Date:            Tue Apr  4 15:54:07 2023
# [ok]
