#                                                                            --- full sequence --- -------------- this domain -------------   hmm coord   ali coord   env coord
# target name        accession   tlen query name           accession   qlen   E-value  score  bias   #  of  c-Evalue  i-Evalue  score  bias  from    to  from    to  from    to  acc description of target
#------------------- ---------- ----- -------------------- ---------- ----- --------- ------ ----- --- --- --------- --------- ------ ----- ----- ----- ----- ----- ----- ----- ---- ---------------------
d1lb3a_a.25.1.1      -            179 d1vjxa_a.25.1.1.aln  -            153   6.1e-49  161.5   0.4   1   1   9.6e-51   6.9e-49  161.3   0.4     2   152     4   156     3   157 0.98 -
d3bvfa_a.25.1.1      -            172 d1vjxa_a.25.1.1.aln  -            153   1.9e-43  143.7   5.9   1   1     3e-45   2.2e-43  143.5   5.9     3   152     6   153     4   154 0.98 -
d1z6om1a.25.1.1      -            191 d1vjxa_a.25.1.1.aln  -            153   7.5e-42  138.5   0.0   1   1   1.2e-43   8.5e-42  138.3   0.0     2   152    14   173    13   174 0.98 -
d2cf7a_a.25.1.1      -            159 d1vjxa_a.25.1.1.aln  -            153   7.9e-37  122.2   0.0   1   1   1.3e-38     9e-37  122.0   0.0     7   153    10   154     5   154 0.98 -
d2y3qa_a.25.1.1      -            158 d1vjxa_a.25.1.1.aln  -            153   1.3e-34  115.0   2.9   1   1     2e-36   1.4e-34  114.8   2.9     3   152     1   152     1   153 0.94 -
d1tjoa_a.25.1.1      -            180 d1vjxa_a.25.1.1.aln  -            153   7.6e-34  112.5   8.2   1   1   1.2e-35   8.5e-34  112.3   8.2     2   150    22   173    21   176 0.95 -
d1yuza1a.25.1.1      -            135 d1vjxa_a.25.1.1.aln  -            153     2e-32  107.9   1.5   1   1   3.1e-34   2.2e-32  107.8   1.5     6   139     4   135     1   135 0.98 -
d1z6oa1a.25.1.1      -            200 d1vjxa_a.25.1.1.aln  -            153     1e-31  105.6  11.0   1   1   1.6e-33   1.2e-31  105.4  11.0     3   152    19   179    17   180 0.98 -
d1nf4a_a.25.1.1      -            169 d1vjxa_a.25.1.1.aln  -            153   4.5e-30  100.2   5.7   1   1     7e-32     5e-30  100.1   5.7     2   150     2   152     1   155 0.93 -
d1zs3a1a.25.1.1      -            171 d1vjxa_a.25.1.1.aln  -            153     4e-23   77.7   1.0   1   1   6.3e-25   4.5e-23   77.5   1.0     3   152    12   164    10   165 0.98 -
d2fzfa1a.25.1.1      -            158 d1vjxa_a.25.1.1.aln  -            153   6.4e-14   47.8   9.8   1   1   1.1e-15   7.6e-14   47.5   9.8     7   152     5   156     2   157 0.91 -
#
# Program:         hmmsearch
# Version:         3.1b2 (February 2015)
# Pipeline mode:   SEARCH
# Query file:      hmmModels95/d1vjxa_a.25.1.1.hmm
# Target file:     scop/scopTestSeq.fasta
# Option settings: hmmsearch --domtblout hmmModels95/d1vjxa_a.25.1.1.out -E 1 hmmModels95/d1vjxa_a.25.1.1.hmm scop/scopTestSeq.fasta 
# Current dir:     /users/nfs/Etu7/3801677/SBAS/TME8
# Date:            Tue Apr  4 15:54:07 2023
# [ok]
