#                                                                            --- full sequence --- -------------- this domain -------------   hmm coord   ali coord   env coord
# target name        accession   tlen query name           accession   qlen   E-value  score  bias   #  of  c-Evalue  i-Evalue  score  bias  from    to  from    to  from    to  acc description of target
#------------------- ---------- ----- -------------------- ---------- ----- --------- ------ ----- --- --- --------- --------- ------ ----- ----- ----- ----- ----- ----- ----- ---- ---------------------
d3n9ka_c.1.8.3       -            394 d1vjza_c.1.8.3.aln   -            350   6.9e-90  297.4  23.8   1   1   2.2e-91   8.1e-90  297.2  23.8     5   350    38   393    34   393 0.99 -
d1i1wa_c.1.8.3       -            303 d1vjza_c.1.8.3.aln   -            350   3.6e-84  278.6   6.8   1   1     1e-85   3.9e-84  278.5   6.8    15   348    13   302     1   303 0.94 -
d1odza_c.1.8.3       -            381 d1vjza_c.1.8.3.aln   -            350   2.6e-54  180.4  14.9   1   1   7.8e-56   2.9e-54  180.3  14.9     1   348     9   372     9   374 0.99 -
d1uuqa_c.1.8.3       -            410 d1vjza_c.1.8.3.aln   -            350   1.7e-50  167.8  18.5   1   1   5.2e-52     2e-50  167.7  18.5     2   349     9   407     8   408 0.99 -
d1hjua_c.1.8.3       -            332 d1vjza_c.1.8.3.aln   -            350   2.4e-44  147.6  16.6   1   1     7e-46   2.6e-44  147.5  16.6    13   347     5   330     1   332 0.96 -
d1w91a2c.1.8.3       -            347 d1vjza_c.1.8.3.aln   -            350   2.1e-42  141.3   0.1   1   1   6.1e-44   2.3e-42  141.1   0.1     2   349    12   345    11   346 0.96 -
d7a3ha_c.1.8.3       -            300 d1vjza_c.1.8.3.aln   -            350   1.9e-40  134.8  14.8   1   1   6.6e-42   2.5e-40  134.4  14.8    12   332    13   294    11   298 0.95 -
d1ur4a_c.1.8.3       -            387 d1vjza_c.1.8.3.aln   -            350   3.5e-40  133.9  14.8   1   1   1.1e-41     4e-40  133.8  14.8     3   349     6   384     4   385 0.96 -
d1edga_c.1.8.3       -            380 d1vjza_c.1.8.3.aln   -            350   1.5e-39  131.9  18.2   1   1   4.6e-41   1.7e-39  131.7  18.2     5   348    14   376    11   378 0.98 -
d1qw9a2c.1.8.3       -            367 d1vjza_c.1.8.3.aln   -            350   1.7e-39  131.7   2.1   1   1   5.1e-41   1.9e-39  131.5   2.1     2   347     4   363     3   366 0.98 -
d1ecea_c.1.8.3       -            358 d1vjza_c.1.8.3.aln   -            350   9.7e-37  122.6  16.1   1   1   2.8e-38     1e-36  122.5  16.1     7   343    16   354    10   358 0.95 -
d1rh9a1c.1.8.3       -            370 d1vjza_c.1.8.3.aln   -            350   4.7e-35  117.1   9.1   1   1   1.5e-36   5.7e-35  116.8   9.1     1   345     1   362     1   366 0.96 -
d2je8a5c.1.8.3       -            348 d1vjza_c.1.8.3.aln   -            350   1.3e-31  105.7   7.1   1   1   4.3e-33   1.6e-31  105.5   7.1     5   346     7   346     4   348 0.98 -
d1qnra_c.1.8.3       -            344 d1vjza_c.1.8.3.aln   -            350   1.8e-31  105.3  22.9   1   1   5.4e-33     2e-31  105.1  22.9     3   346     4   342     2   344 0.98 -
d1bqca_c.1.8.3       -            302 d1vjza_c.1.8.3.aln   -            350   7.5e-31  103.3  11.2   1   1   2.2e-32   8.3e-31  103.1  11.2     6   345     2   298     1   302 0.94 -
d2nt0a2c.1.8.3       -            354 d1vjza_c.1.8.3.aln   -            350   4.7e-28   94.1   0.1   1   1   1.4e-29   5.1e-28   93.9   0.1    10   347    13   347     4   350 0.96 -
d1ceoa_c.1.8.3       -            340 d1vjza_c.1.8.3.aln   -            350   1.6e-26   89.0   2.1   1   1   5.2e-28   1.9e-26   88.7   2.1    11   338     4   327     1   337 0.94 -
d1jz8a5c.1.8.3       -            292 d1vjza_c.1.8.3.aln   -            350   1.1e-23   79.7   0.3   1   1   3.3e-25   1.2e-23   79.5   0.3     9   347     2   291     1   292 0.94 -
d2vzsa5c.1.8.3       -            339 d1vjza_c.1.8.3.aln   -            350   4.5e-23   77.7   2.8   1   1   1.3e-24     5e-23   77.5   2.8     7   347     5   338     1   339 0.97 -
d1h1na_c.1.8.3       -            305 d1vjza_c.1.8.3.aln   -            350   1.3e-19   66.3  14.1   1   1     4e-21   1.5e-19   66.1  14.1     6   347     2   301     1   304 0.94 -
d2v3ga_c.1.8.3       -            273 d1vjza_c.1.8.3.aln   -            350   6.1e-09   31.2  22.4   1   1   2.4e-10   8.8e-09   30.7  22.4    20   307    13   255     2   264 0.90 -
#
# Program:         hmmsearch
# Version:         3.1b2 (February 2015)
# Pipeline mode:   SEARCH
# Query file:      hmmModels95/d1vjza_c.1.8.3.hmm
# Target file:     scop/scopTestSeq.fasta
# Option settings: hmmsearch --domtblout hmmModels95/d1vjza_c.1.8.3.out -E 1 hmmModels95/d1vjza_c.1.8.3.hmm scop/scopTestSeq.fasta 
# Current dir:     /users/nfs/Etu7/3801677/SBAS/TME8
# Date:            Tue Apr  4 15:54:08 2023
# [ok]
