#                                                                            --- full sequence --- -------------- this domain -------------   hmm coord   ali coord   env coord
# target name        accession   tlen query name           accession   qlen   E-value  score  bias   #  of  c-Evalue  i-Evalue  score  bias  from    to  from    to  from    to  acc description of target
#------------------- ---------- ----- -------------------- ---------- ----- --------- ------ ----- --- --- --------- --------- ------ ----- ----- ----- ----- ----- ----- ----- ---- ---------------------
d2arza1b.45.1.1      -            238 d1vl7a_b.45.1.1.aln  -            178   4.6e-61  201.2   0.1   1   1   9.6e-63   5.4e-61  201.0   0.1     1   177    10   197    10   198 0.99 -
d2vpaa_b.45.1.1      -            215 d1vl7a_b.45.1.1.aln  -            178   3.5e-52  172.3   0.2   1   1   7.1e-54     4e-52  172.1   0.2     1   178    28   207    28   207 0.99 -
d2fura1b.45.1.1      -            193 d1vl7a_b.45.1.1.aln  -            178   4.7e-38  126.3   0.0   1   1   9.3e-40   5.2e-38  126.1   0.0     8   177     1   178     1   179 0.99 -
d2fg9a1b.45.1.1      -            157 d1vl7a_b.45.1.1.aln  -            178   8.9e-31  102.5   0.0   1   1   1.7e-32   9.6e-31  102.4   0.0     6   174     2   152     1   156 0.96 -
d1rfea_b.45.1.1      -            160 d1vl7a_b.45.1.1.aln  -            178   5.5e-30  100.0   0.1   1   1     1e-31   5.9e-30   99.9   0.1     6   175     6   157     1   160 0.96 -
d1xhna1b.45.1.1      -            170 d1vl7a_b.45.1.1.aln  -            178   5.6e-28   93.4   0.0   1   1   1.1e-29   6.2e-28   93.3   0.0     3   177     2   166     1   167 0.98 -
d2htia1b.45.1.1      -            156 d1vl7a_b.45.1.1.aln  -            178   6.2e-28   93.3   0.0   1   1   1.2e-29   6.8e-28   93.1   0.0     8   177     2   147     1   148 0.97 -
d2i02a1b.45.1.1      -            143 d1vl7a_b.45.1.1.aln  -            178   8.7e-27   89.5   0.0   1   1   1.8e-28   9.9e-27   89.4   0.0     7   174     2   143     1   143 0.98 -
d2hq7a1b.45.1.1      -            141 d1vl7a_b.45.1.1.aln  -            178     2e-26   88.3   0.0   1   1   4.1e-28   2.3e-26   88.1   0.0     7   173     2   140     1   141 0.97 -
d2hq9a1b.45.1.1      -            148 d1vl7a_b.45.1.1.aln  -            178   3.6e-26   87.6   0.1   1   1   6.9e-28   3.9e-26   87.4   0.1     5   170     1   144     1   148 0.95 -
d2fhqa1b.45.1.1      -            135 d1vl7a_b.45.1.1.aln  -            178   7.4e-25   83.3   0.0   1   1   1.4e-26     8e-25   83.1   0.0     8   167     2   131     1   135 0.95 -
d1w9aa_b.45.1.1      -            142 d1vl7a_b.45.1.1.aln  -            178   1.8e-23   78.7   0.0   1   1     4e-25   2.3e-23   78.4   0.0    11   171     2   135     1   141 0.96 -
d2asfa1b.45.1.1      -            125 d1vl7a_b.45.1.1.aln  -            178   3.3e-16   55.1   0.0   1   1     8e-18   4.5e-16   54.6   0.0    12   166     2   122     1   125 0.88 -
d3a6ra_b.45.1.1      -            122 d1vl7a_b.45.1.1.aln  -            178   8.2e-07   24.5   0.0   1   1   1.5e-07   8.6e-06   21.2   0.0     9   107     1    88     1   122 0.83 -
#
# Program:         hmmsearch
# Version:         3.1b2 (February 2015)
# Pipeline mode:   SEARCH
# Query file:      hmmModels95/d1vl7a_b.45.1.1.hmm
# Target file:     scop/scopTestSeq.fasta
# Option settings: hmmsearch --domtblout hmmModels95/d1vl7a_b.45.1.1.out -E 1 hmmModels95/d1vl7a_b.45.1.1.hmm scop/scopTestSeq.fasta 
# Current dir:     /users/nfs/Etu7/3801677/SBAS/TME8
# Date:            Tue Apr  4 15:54:08 2023
# [ok]
