#                                                                            --- full sequence --- -------------- this domain -------------   hmm coord   ali coord   env coord
# target name        accession   tlen query name           accession   qlen   E-value  score  bias   #  of  c-Evalue  i-Evalue  score  bias  from    to  from    to  from    to  acc description of target
#------------------- ---------- ----- -------------------- ---------- ----- --------- ------ ----- --- --- --------- --------- ------ ----- ----- ----- ----- ----- ----- ----- ---- ---------------------
d3mw9a1c.2.1.7       -            293 d1vl6a1c.2.1.7.aln   -            232  1.3e-101  334.7   0.0   1   1  1.9e-103  1.5e-101  334.5   0.0     1   232     1   292     1   292 1.00 -
d1o0sa1c.2.1.7       -            308 d1vl6a1c.2.1.7.aln   -            232   6.8e-91  299.7   0.3   1   1   9.9e-93   7.8e-91  299.5   0.3     1   232     5   268     5   268 0.99 -
d1euza1c.2.1.7       -            239 d1vl6a1c.2.1.7.aln   -            232   4.1e-80  264.4   2.7   1   1   5.8e-82   4.6e-80  264.2   2.7     2   232     6   238     5   238 0.98 -
d1bgva1c.2.1.7       -            255 d1vl6a1c.2.1.7.aln   -            232   4.7e-61  202.0   3.0   1   1   6.8e-63   5.3e-61  201.8   3.0     2   232    10   255     9   255 0.98 -
d1c1da1c.2.1.7       -            201 d1vl6a1c.2.1.7.aln   -            232   1.2e-38  128.7   2.6   1   1   1.8e-40   1.4e-38  128.5   2.6     4   210     2   196     1   200 0.93 -
d1nyta1c.2.1.7       -            170 d1vl6a1c.2.1.7.aln   -            232   6.9e-21   70.6   0.0   1   1     1e-22   8.3e-21   70.3   0.0    22   217     2   166     1   169 0.96 -
d1npya1c.2.1.7       -            167 d1vl6a1c.2.1.7.aln   -            232   2.4e-16   55.7   2.9   1   1   3.4e-18   2.7e-16   55.5   2.9    24   220     3   166     1   167 0.96 -
d1luaa1c.2.1.7       -            191 d1vl6a1c.2.1.7.aln   -            232   5.1e-15   51.4   3.8   1   1   7.7e-17   6.1e-15   51.1   3.8    18   228     4   190     2   191 0.95 -
d1edza1c.2.1.7       -            171 d1vl6a1c.2.1.7.aln   -            232   1.7e-12   43.1   0.0   1   1   2.4e-14   1.9e-12   42.9   0.0    31   227     4   171     1   171 0.93 -
d1gpja2c.2.1.7       -            159 d1vl6a1c.2.1.7.aln   -            232   2.4e-09   32.8   0.1   1   1   3.8e-11     3e-09   32.5   0.1    18   210     4   157     2   159 0.96 -
#
# Program:         hmmsearch
# Version:         3.1b2 (February 2015)
# Pipeline mode:   SEARCH
# Query file:      hmmModels95/d1vl6a1c.2.1.7.hmm
# Target file:     scop/scopTestSeq.fasta
# Option settings: hmmsearch --domtblout hmmModels95/d1vl6a1c.2.1.7.out -E 1 hmmModels95/d1vl6a1c.2.1.7.hmm scop/scopTestSeq.fasta 
# Current dir:     /users/nfs/Etu7/3801677/SBAS/TME8
# Date:            Tue Apr  4 15:54:08 2023
# [ok]
