#                                                                            --- full sequence --- -------------- this domain -------------   hmm coord   ali coord   env coord
# target name        accession   tlen query name           accession   qlen   E-value  score  bias   #  of  c-Evalue  i-Evalue  score  bias  from    to  from    to  from    to  acc description of target
#------------------- ---------- ----- -------------------- ---------- ----- --------- ------ ----- --- --- --------- --------- ------ ----- ----- ----- ----- ----- ----- ----- ---- ---------------------
d1p1ja1c.2.1.3       -            411 d1vm6a3c.2.1.3.aln   -            397  3.5e-210  694.3   0.0   1   1    8e-212  3.9e-210  694.1   0.0     1   397     2   411     2   411 1.00 -
d3cina1c.2.1.3       -            276 d1vm6a3c.2.1.3.aln   -            397   2.8e-32  108.5   0.0   1   1   6.3e-34   3.1e-32  108.3   0.0   113   372     2   276     1   276 0.98 -
d1h6da1c.2.1.3       -            222 d1vm6a3c.2.1.3.aln   -            397   1.4e-25   86.4   0.0   1   1   3.1e-27   1.5e-25   86.3   0.0   100   312     1   220     1   222 0.96 -
d1gr0a1c.2.1.3       -            244 d1vm6a3c.2.1.3.aln   -            397   7.6e-24   80.7   0.0   1   1   1.7e-25   8.4e-24   80.6   0.0   129   363     2   243     1   244 0.98 -
d2g82a1c.2.1.3       -            169 d1vm6a3c.2.1.3.aln   -            397   6.4e-23   77.7   0.0   1   1   1.5e-24   7.4e-23   77.5   0.0   131   304     2   164     1   168 0.96 -
d2nvwa1c.2.1.3       -            238 d1vm6a3c.2.1.3.aln   -            397   1.6e-17   59.9   0.0   1   1   3.4e-19   1.7e-17   59.8   0.0   115   335     2   236     1   238 0.97 -
d1ydwa1c.2.1.3       -            185 d1vm6a3c.2.1.3.aln   -            397   5.7e-12   41.6   0.0   1   1   1.3e-13   6.6e-12   41.4   0.0   130   301     2   177     1   184 0.93 -
d1qkia1c.2.1.3       -            204 d1vm6a3c.2.1.3.aln   -            397   2.7e-09   32.8   0.0   1   1   6.4e-11   3.2e-09   32.6   0.0   115   307     7   200     2   204 0.96 -
d1zh8a1c.2.1.3       -            182 d1vm6a3c.2.1.3.aln   -            397   3.8e-09   32.3   0.0   1   1   8.8e-11   4.3e-09   32.1   0.0   128   281     2   155     1   173 0.84 -
d1f06a1c.2.1.3       -            171 d1vm6a3c.2.1.3.aln   -            397   6.9e-07   24.9   0.0   1   1   1.5e-08   7.6e-07   24.7   0.0   128   301     2   165     1   170 0.88 -
d1xeaa1c.2.1.3       -            168 d1vm6a3c.2.1.3.aln   -            397   1.4e-06   23.9   0.0   1   1   2.9e-08   1.5e-06   23.8   0.0   131   263     3   133     1   165 0.88 -
d1cf2o1c.2.1.3       -            172 d1vm6a3c.2.1.3.aln   -            397   3.1e-06   22.8   0.2   1   1   6.8e-08   3.3e-06   22.6   0.2   131   304     3   171     1   172 0.93 -
d1lc0a1c.2.1.3       -            173 d1vm6a3c.2.1.3.aln   -            397   2.1e-05   20.0   0.0   1   1   4.7e-07   2.3e-05   19.9   0.0   127   266     5   139     1   159 0.89 -
d1tlta1c.2.1.3       -            165 d1vm6a3c.2.1.3.aln   -            397   0.00013   17.3   0.0   1   1   2.8e-06   0.00014   17.3   0.0   130   269     2   138     1   165 0.83 -
d1h9aa1c.2.1.3       -            196 d1vm6a3c.2.1.3.aln   -            397   0.00019   16.9   0.0   1   1   4.3e-06   0.00021   16.7   0.0   129   297     6   178     1   191 0.82 -
d1nvmb1c.2.1.3       -            158 d1vm6a3c.2.1.3.aln   -            397     0.002   13.5   0.0   1   1   4.2e-05    0.0021   13.5   0.0   126   238     1   110     1   155 0.85 -
#
# Program:         hmmsearch
# Version:         3.1b2 (February 2015)
# Pipeline mode:   SEARCH
# Query file:      hmmModels95/d1vm6a3c.2.1.3.hmm
# Target file:     scop/scopTestSeq.fasta
# Option settings: hmmsearch --domtblout hmmModels95/d1vm6a3c.2.1.3.out -E 1 hmmModels95/d1vm6a3c.2.1.3.hmm scop/scopTestSeq.fasta 
# Current dir:     /users/nfs/Etu7/3801677/SBAS/TME8
# Date:            Tue Apr  4 15:54:08 2023
# [ok]
