#                                                                            --- full sequence --- -------------- this domain -------------   hmm coord   ali coord   env coord
# target name        accession   tlen query name           accession   qlen   E-value  score  bias   #  of  c-Evalue  i-Evalue  score  bias  from    to  from    to  from    to  acc description of target
#------------------- ---------- ----- -------------------- ---------- ----- --------- ------ ----- --- --- --------- --------- ------ ----- ----- ----- ----- ----- ----- ----- ---- ---------------------
d1lj8a4c.2.1.6       -            286 d1vpda2c.2.1.6.aln   -            185   5.8e-84  276.4   0.0   1   1   1.6e-85     7e-84  276.1   0.0     1   185    55   246    55   246 1.00 -
d1jaya_c.2.1.6       -            212 d1vpda2c.2.1.6.aln   -            185   1.9e-43  144.3   0.4   1   1     5e-45   2.2e-43  144.1   0.4     2   184     2   188     1   189 0.98 -
d1mv8a2c.2.1.6       -            202 d1vpda2c.2.1.6.aln   -            185   1.1e-35  119.0   0.0   1   1   2.8e-37   1.2e-35  118.8   0.0     2   184     1   191     1   192 0.99 -
d1f0ya2c.2.1.6       -            192 d1vpda2c.2.1.6.aln   -            185   4.4e-33  110.5   1.9   1   1   1.1e-34   4.9e-33  110.3   1.9     2   185     5   190     4   190 0.99 -
d1evya2c.2.1.6       -            189 d1vpda2c.2.1.6.aln   -            185   3.2e-32  107.7   0.0   1   1   8.1e-34   3.5e-32  107.6   0.0     3   177     9   189     7   189 0.99 -
d1bg6a2c.2.1.6       -            184 d1vpda2c.2.1.6.aln   -            185   1.1e-31  106.0   0.4   1   1   2.7e-33   1.2e-31  105.9   0.4     2   178     2   182     1   184 0.98 -
d1dlja2c.2.1.6       -            196 d1vpda2c.2.1.6.aln   -            185   3.1e-27   91.4   0.0   1   1   7.8e-29   3.4e-27   91.3   0.0     2   183     1   190     1   192 0.99 -
d1ks9a2c.2.1.6       -            167 d1vpda2c.2.1.6.aln   -            185     1e-25   86.5   0.0   1   1   2.5e-27   1.1e-25   86.4   0.0     2   171     1   166     1   167 0.98 -
d2f1ka2c.2.1.6       -            165 d1vpda2c.2.1.6.aln   -            185   1.5e-25   86.0   0.0   1   1   3.8e-27   1.7e-25   85.8   0.0     2   174     1   165     1   165 0.92 -
d1txga2c.2.1.6       -            180 d1vpda2c.2.1.6.aln   -            185   8.5e-24   80.2   0.0   1   1   2.1e-25   9.2e-24   80.1   0.0     2   174     1   175     1   180 0.98 -
d2ahra2c.2.1.6       -            152 d1vpda2c.2.1.6.aln   -            185   2.3e-20   69.0   0.0   1   1   6.1e-22   2.7e-20   68.8   0.0     2   154     1   139     1   150 0.97 -
d1yqga2c.2.1.6       -            152 d1vpda2c.2.1.6.aln   -            185   4.2e-18   61.7   0.1   1   1   1.1e-19   4.7e-18   61.5   0.1     2   168     1   150     1   152 0.98 -
d1i36a2c.2.1.6       -            152 d1vpda2c.2.1.6.aln   -            185   6.6e-17   57.8   0.2   1   1   2.2e-18   9.6e-17   57.2   0.2     3   172     2   152     1   152 0.96 -
d1vpda2c.2.1.6       -            161 d1vpda2c.2.1.6.aln   -            185   1.1e-16   57.0   1.3   1   1   2.9e-18   1.3e-16   56.8   1.3     2   170     1   160     1   161 0.95 -
d2pv7a2c.2.1.6       -            152 d1vpda2c.2.1.6.aln   -            185   1.8e-15   53.1   0.2   1   2     0.009      0.39    6.4   0.2     3    33    12    42    10    43 0.88 -
d2pv7a2c.2.1.6       -            152 d1vpda2c.2.1.6.aln   -            185   1.8e-15   53.1   0.2   2   2   5.7e-15   2.5e-13   46.1   0.0    59   169    42   151    37   152 0.97 -
d2i76a2c.2.1.6       -            153 d1vpda2c.2.1.6.aln   -            185   2.2e-13   46.3   0.0   1   1   5.6e-15   2.5e-13   46.1   0.0     5   171     3   150     1   153 0.96 -
d1gpja2c.2.1.7       -            159 d1vpda2c.2.1.6.aln   -            185   2.6e-05   20.0   0.9   1   2   1.5e-06   6.5e-05   18.7   0.5     2    91    25   109    25   120 0.80 -
d1gpja2c.2.1.7       -            159 d1vpda2c.2.1.6.aln   -            185   2.6e-05   20.0   0.9   2   2       1.4        63   -0.8   0.0    75    91   117   133   110   158 0.63 -
d1xhca2c.3.1.5       -            122 d1vpda2c.2.1.6.aln   -            185    0.0038   12.9   0.2   1   1   0.00015    0.0068   12.1   0.2     6    28    37    59    34    63 0.89 -
#
# Program:         hmmsearch
# Version:         3.1b2 (February 2015)
# Pipeline mode:   SEARCH
# Query file:      hmmModels95/d1vpda2c.2.1.6.hmm
# Target file:     scop/scopTestSeq.fasta
# Option settings: hmmsearch --domtblout hmmModels95/d1vpda2c.2.1.6.out -E 1 hmmModels95/d1vpda2c.2.1.6.hmm scop/scopTestSeq.fasta 
# Current dir:     /users/nfs/Etu7/3801677/SBAS/TME8
# Date:            Tue Apr  4 15:54:08 2023
# [ok]
