#                                                                            --- full sequence --- -------------- this domain -------------   hmm coord   ali coord   env coord
# target name        accession   tlen query name           accession   qlen   E-value  score  bias   #  of  c-Evalue  i-Evalue  score  bias  from    to  from    to  from    to  acc description of target
#------------------- ---------- ----- -------------------- ---------- ----- --------- ------ ----- --- --- --------- --------- ------ ----- ----- ----- ----- ----- ----- ----- ---- ---------------------
d2nuja1d.38.1.1      -            159 d1vpma_d.38.1.1.aln  -            136   1.3e-52  172.7   0.0   1   1     3e-54   1.5e-52  172.5   0.0     2   135    20   153    19   154 0.98 -
d2hx5a1d.38.1.1      -            144 d1vpma_d.38.1.1.aln  -            136   1.1e-42  140.6   0.0   1   1   2.6e-44   1.3e-42  140.3   0.0     2   135     3   143     2   144 0.98 -
d3qy3a1d.38.1.1      -            130 d1vpma_d.38.1.1.aln  -            136   2.2e-38  126.6   0.0   1   1   4.8e-40   2.4e-38  126.5   0.0     4   132     2   129     1   130 0.98 -
d2hlja1d.38.1.1      -            156 d1vpma_d.38.1.1.aln  -            136   6.4e-37  121.9   0.0   1   1   1.5e-38   7.3e-37  121.7   0.0     2   135     1   139     1   140 0.98 -
d2oafa1d.38.1.1      -            143 d1vpma_d.38.1.1.aln  -            136     7e-37  121.8   0.0   1   1   1.6e-38   7.8e-37  121.6   0.0     2   135     5   140     4   141 0.98 -
d2oiwa1d.38.1.1      -            131 d1vpma_d.38.1.1.aln  -            136   7.2e-36  118.5   0.4   1   1   1.6e-37   7.9e-36  118.4   0.4     5   135     1   127     1   128 0.95 -
d1lo7a_d.38.1.1      -            140 d1vpma_d.38.1.1.aln  -            136   6.2e-35  115.5   0.1   1   1   1.4e-36   6.7e-35  115.3   0.1     5   133     3   139     1   140 0.98 -
d1njka_d.38.1.1      -            133 d1vpma_d.38.1.1.aln  -            136   2.1e-34  113.7   0.0   1   1   4.7e-36   2.3e-34  113.6   0.0     6   135     2   131     1   132 0.98 -
d1s5ua_d.38.1.1      -            129 d1vpma_d.38.1.1.aln  -            136   4.5e-34  112.7   1.3   1   1   9.9e-36   4.9e-34  112.6   1.3     5   132     2   129     1   129 0.97 -
d2gf6a1d.38.1.1      -            134 d1vpma_d.38.1.1.aln  -            136   5.8e-34  112.3   0.0   1   1   1.3e-35   6.3e-34  112.2   0.0     2   133     2   132     1   134 0.98 -
d2gvha1d.38.1.1      -            135 d1vpma_d.38.1.1.aln  -            136   5.9e-31  102.6   0.1   1   1   1.3e-32   6.3e-31  102.5   0.1     2   129     5   131     4   135 0.94 -
d3bjka_d.38.1.1      -            140 d1vpma_d.38.1.1.aln  -            136   2.9e-30  100.3   0.0   1   1   6.4e-32   3.1e-30  100.2   0.0     5   133     4   134     1   137 0.96 -
d1vpma_d.38.1.1      -            155 d1vpma_d.38.1.1.aln  -            136     4e-20   67.5   0.0   1   1     1e-21     5e-20   67.2   0.0     5   132    10   136     7   138 0.96 -
d2hboa1d.38.1.5      -            142 d1vpma_d.38.1.1.aln  -            136   4.9e-06   21.9   0.0   1   1   1.7e-07   8.4e-06   21.1   0.0     7   113    33   131    29   139 0.86 -
d1wlua_d.38.1.5      -            117 d1vpma_d.38.1.1.aln  -            136   1.9e-05   20.0   0.3   1   1     3e-06   0.00015   17.1   0.3     6   102    21   108    17   116 0.79 -
d3f5oa_d.38.1.5      -            138 d1vpma_d.38.1.1.aln  -            136   2.3e-05   19.7   0.0   1   1   1.6e-06   7.8e-05   18.0   0.0     8    80    39   105    32   112 0.79 -
#
# Program:         hmmsearch
# Version:         3.1b2 (February 2015)
# Pipeline mode:   SEARCH
# Query file:      hmmModels95/d1vpma_d.38.1.1.hmm
# Target file:     scop/scopTestSeq.fasta
# Option settings: hmmsearch --domtblout hmmModels95/d1vpma_d.38.1.1.out -E 1 hmmModels95/d1vpma_d.38.1.1.hmm scop/scopTestSeq.fasta 
# Current dir:     /users/nfs/Etu7/3801677/SBAS/TME8
# Date:            Tue Apr  4 15:54:09 2023
# [ok]
