#                                                                            --- full sequence --- -------------- this domain -------------   hmm coord   ali coord   env coord
# target name        accession   tlen query name           accession   qlen   E-value  score  bias   #  of  c-Evalue  i-Evalue  score  bias  from    to  from    to  from    to  acc description of target
#------------------- ---------- ----- -------------------- ---------- ----- --------- ------ ----- --- --- --------- --------- ------ ----- ----- ----- ----- ----- ----- ----- ---- ---------------------
d2bg1a1e.3.1.1       -            453 d1vqqa3e.3.1.1.aln   -            322  1.3e-102  338.7  14.4   1   1  3.3e-104  1.5e-102  338.5  14.4     2   322    44   430    43   430 0.99 -
d1qmea4e.3.1.1       -            357 d1vqqa3e.3.1.1.aln   -            322   4.3e-97  320.5   6.7   1   1   1.1e-98   5.1e-97  320.3   6.7    15   322     1   343     1   343 1.00 -
d2hdsa_e.3.1.1       -            358 d1vqqa3e.3.1.1.aln   -            322   8.2e-85  280.2   2.5   1   1     2e-86   9.5e-85  280.0   2.5     2   319    12   357    11   358 0.98 -
d2v2ff_e.3.1.1       -            384 d1vqqa3e.3.1.1.aln   -            322     5e-79  261.2  18.0   1   1   1.2e-80   5.7e-79  261.0  18.0     2   321    18   365    17   366 0.99 -
d2p74a_e.3.1.1       -            263 d1vqqa3e.3.1.1.aln   -            322   5.5e-74  244.6   4.0   1   1   1.3e-75   6.1e-74  244.5   4.0    40   314     3   262     1   263 0.98 -
d2olua2e.3.1.1       -            400 d1vqqa3e.3.1.1.aln   -            322   9.7e-69  227.4  12.1   1   1   2.4e-70   1.1e-68  227.2  12.1     2   320    26   376    25   378 0.96 -
d1alqa_e.3.1.1       -            263 d1vqqa3e.3.1.1.aln   -            322   1.8e-61  203.5   0.9   1   1   5.8e-63   2.7e-61  202.9   0.9    14   278    14   263     2   263 0.97 -
d2drwa1e.3.1.1       -            362 d1vqqa3e.3.1.1.aln   -            322   3.4e-61  202.6   0.0   1   1   8.1e-63   3.8e-61  202.4   0.0     4   320    12   346     9   348 0.97 -
d1ci9a_e.3.1.1       -            377 d1vqqa3e.3.1.1.aln   -            322   2.6e-59  196.4   0.0   1   1   6.2e-61   2.9e-59  196.3   0.0     2   320    12   368    11   370 0.99 -
d2dcfa1e.3.1.1       -            388 d1vqqa3e.3.1.1.aln   -            322   1.6e-56  187.2   0.0   1   1   3.9e-58   1.8e-56  187.0   0.0     2   321    27   372    26   373 0.96 -
d1yqsa_e.3.1.1       -            345 d1vqqa3e.3.1.1.aln   -            322   5.1e-50  165.9   6.4   1   1   1.2e-51   5.7e-50  165.7   6.4     2   320    11   342    10   344 0.98 -
d1e25a_e.3.1.1       -            278 d1vqqa3e.3.1.1.aln   -            322     1e-48  161.6   0.0   1   1   2.3e-50   1.1e-48  161.5   0.0    44   320     6   276     1   278 0.95 -
d1ei5a3e.3.1.1       -            333 d1vqqa3e.3.1.1.aln   -            322   4.6e-43  143.0   0.0   1   1   1.1e-44   5.1e-43  142.9   0.0     3   320    12   331    10   333 0.96 -
d1tvfa2e.3.1.1       -            301 d1vqqa3e.3.1.1.aln   -            322   3.6e-32  107.2  14.7   1   1   8.5e-34     4e-32  107.1  14.7    14   316     1   299     1   301 0.98 -
d1xa1a_e.3.1.1       -            246 d1vqqa3e.3.1.1.aln   -            322   1.2e-28   95.6   4.2   1   1   2.8e-30   1.3e-28   95.5   4.2    36   303     2   232     1   246 0.93 -
d1xp4a2e.3.1.1       -            269 d1vqqa3e.3.1.1.aln   -            322   2.1e-28   94.8   5.3   1   1     5e-30   2.3e-28   94.7   5.3    45   315     3   267     1   269 0.92 -
d1es5a_e.3.1.1       -            260 d1vqqa3e.3.1.1.aln   -            322   1.9e-20   68.7  12.4   1   1   4.6e-22   2.1e-20   68.5  12.4    47   310     6   258     1   260 0.82 -
#
# Program:         hmmsearch
# Version:         3.1b2 (February 2015)
# Pipeline mode:   SEARCH
# Query file:      hmmModels95/d1vqqa3e.3.1.1.hmm
# Target file:     scop/scopTestSeq.fasta
# Option settings: hmmsearch --domtblout hmmModels95/d1vqqa3e.3.1.1.out -E 1 hmmModels95/d1vqqa3e.3.1.1.hmm scop/scopTestSeq.fasta 
# Current dir:     /users/nfs/Etu7/3801677/SBAS/TME8
# Date:            Tue Apr  4 15:54:09 2023
# [ok]
