#                                                                            --- full sequence --- -------------- this domain -------------   hmm coord   ali coord   env coord
# target name        accession   tlen query name           accession   qlen   E-value  score  bias   #  of  c-Evalue  i-Evalue  score  bias  from    to  from    to  from    to  acc description of target
#------------------- ---------- ----- -------------------- ---------- ----- --------- ------ ----- --- --- --------- --------- ------ ----- ----- ----- ----- ----- ----- ----- ---- ---------------------
d1jeta_c.94.1.1      -            517 d1vr5a1c.94.1.1.aln  -            325  7.3e-115  379.4  16.8   1   1  2.5e-116  1.2e-114  378.7  16.8     2   325    57   488    56   488 1.00 -
d3vlva_c.94.1.1      -            490 d1vr5a1c.94.1.1.aln  -            325  1.3e-113  375.3  16.0   1   1  4.2e-115    2e-113  374.7  16.0     1   323   123   490   123   490 1.00 -
d2nooa_c.94.1.1      -            496 d1vr5a1c.94.1.1.aln  -            325   4.8e-69  228.9   0.4   1   1   1.3e-70   5.8e-69  228.7   0.4     1   325    67   470    67   470 1.00 -
d1xoca1c.94.1.1      -            504 d1vr5a1c.94.1.1.aln  -            325   2.9e-63  210.0  20.6   1   1   7.3e-65   3.4e-63  209.7  20.6     1   325    73   476    73   476 1.00 -
d1uqwa_c.94.1.1      -            487 d1vr5a1c.94.1.1.aln  -            325   8.2e-58  192.1  15.7   1   1   2.3e-59   1.1e-57  191.7  15.7     1   323    70   459    70   461 0.99 -
d1ixha_c.94.1.1      -            321 d1vr5a1c.94.1.1.aln  -            325   1.2e-37  125.9  13.3   1   1   2.8e-39   1.3e-37  125.7  13.3    25   324     2   312     1   313 0.97 -
d1eu8a_c.94.1.1      -            407 d1vr5a1c.94.1.1.aln  -            325   3.1e-30  101.5   9.8   1   1   7.4e-32   3.5e-30  101.4   9.8     2   323    30   400    29   402 0.99 -
d1ursa_c.94.1.1      -            367 d1vr5a1c.94.1.1.aln  -            325   6.3e-24   80.8  15.4   1   1   1.5e-25     7e-24   80.6  15.4     3   323     5   364     3   366 0.98 -
d1pb7a_c.94.1.1      -            289 d1vr5a1c.94.1.1.aln  -            325   1.6e-20   69.6   0.0   1   1   4.3e-22     2e-20   69.3   0.0    29   300     3   285     1   288 0.94 -
d3thia_c.94.1.1      -            362 d1vr5a1c.94.1.1.aln  -            325   1.7e-20   69.6   1.5   1   1   4.1e-22   1.9e-20   69.4   1.5     1   324     4   357     4   358 0.98 -
d1nnfa_c.94.1.1      -            308 d1vr5a1c.94.1.1.aln  -            325   1.3e-18   63.3   9.7   1   1   3.2e-20   1.5e-18   63.1   9.7     4   287     2   298     1   307 0.90 -
d1q35a_c.94.1.1      -            318 d1vr5a1c.94.1.1.aln  -            325   2.4e-14   49.4   2.8   1   1   5.9e-16   2.7e-14   49.1   2.8     5   258     5   274     2   314 0.91 -
d1r9la_c.94.1.1      -            309 d1vr5a1c.94.1.1.aln  -            325   5.5e-10   35.0  12.8   1   1   1.4e-11   6.5e-10   34.8  12.8    27   316    31   306    15   309 0.93 -
d1twya_c.94.1.1      -            249 d1vr5a1c.94.1.1.aln  -            325   6.9e-07   24.9   0.1   1   1   1.9e-08   8.8e-07   24.5   0.1   119   299    75   246    63   249 0.85 -
d1sbpa_c.94.1.1      -            309 d1vr5a1c.94.1.1.aln  -            325   1.3e-05   20.6   9.9   1   1   3.7e-07   1.7e-05   20.3   9.9     7   313    10   306     6   308 0.85 -
d2czla1c.94.1.1      -            270 d1vr5a1c.94.1.1.aln  -            325   8.7e-05   18.0   0.0   1   1   2.2e-06    0.0001   17.7   0.0    28   297     3   239     1   260 0.91 -
d1us5a_c.94.1.1      -            298 d1vr5a1c.94.1.1.aln  -            325    0.0011   14.3   0.3   1   1     3e-05    0.0014   14.0   0.3    16   314     2   284     1   294 0.91 -
#
# Program:         hmmsearch
# Version:         3.1b2 (February 2015)
# Pipeline mode:   SEARCH
# Query file:      hmmModels95/d1vr5a1c.94.1.1.hmm
# Target file:     scop/scopTestSeq.fasta
# Option settings: hmmsearch --domtblout hmmModels95/d1vr5a1c.94.1.1.out -E 1 hmmModels95/d1vr5a1c.94.1.1.hmm scop/scopTestSeq.fasta 
# Current dir:     /users/nfs/Etu7/3801677/SBAS/TME8
# Date:            Tue Apr  4 15:54:09 2023
# [ok]
