#                                                                            --- full sequence --- -------------- this domain -------------   hmm coord   ali coord   env coord
# target name        accession   tlen query name           accession   qlen   E-value  score  bias   #  of  c-Evalue  i-Evalue  score  bias  from    to  from    to  from    to  acc description of target
#------------------- ---------- ----- -------------------- ---------- ----- --------- ------ ----- --- --- --------- --------- ------ ----- ----- ----- ----- ----- ----- ----- ---- ---------------------
d1ofda2c.1.4.1       -            809 d1vyra_c.1.4.1.aln   -            400  2.2e-220  726.7   0.0   1   1  3.7e-222  3.2e-220  726.2   0.0     1   400   335   787   335   787 1.00 -
d2e6fa_c.1.4.1       -            312 d1vyra_c.1.4.1.aln   -            400   6.4e-59  195.1   0.0   1   1     8e-61   7.1e-59  194.9   0.0    60   385     6   311     1   312 0.98 -
d1p4ca_c.1.4.1       -            353 d1vyra_c.1.4.1.aln   -            400   2.4e-48  160.2   0.0   1   1   3.4e-50     3e-48  159.9   0.0     3   385     2   351     1   353 0.98 -
d1p0ka_c.1.4.1       -            329 d1vyra_c.1.4.1.aln   -            400   2.9e-39  130.3   0.4   1   1   3.7e-41   3.2e-39  130.2   0.4    60   397     2   319     1   322 0.94 -
d1ep3a_c.1.4.1       -            311 d1vyra_c.1.4.1.aln   -            400     9e-35  115.5   0.0   1   1   1.1e-36     1e-34  115.4   0.0    53   385     3   308     1   311 0.96 -
d1djqa1c.1.4.1       -            340 d1vyra_c.1.4.1.aln   -            400   2.3e-33  110.9   0.0   1   1   9.6e-35   8.4e-33  109.1   0.0     9   391     6   340     2   340 0.96 -
d1gtea2c.1.4.1       -            312 d1vyra_c.1.4.1.aln   -            400   1.1e-29   98.8   0.0   1   1   1.4e-31   1.2e-29   98.6   0.0    59   372     3   310     1   312 0.95 -
d1vyra_c.1.4.1       -            363 d1vyra_c.1.4.1.aln   -            400   2.1e-28   94.6   0.0   1   1   3.2e-30   2.8e-28   94.1   0.0    10   247     2   240     1   343 0.91 -
d1vhna_c.1.4.1       -            305 d1vyra_c.1.4.1.aln   -            400   5.4e-20   66.9   0.0   1   1   7.2e-22   6.3e-20   66.7   0.0    61   379     9   304     3   305 0.93 -
#
# Program:         hmmsearch
# Version:         3.1b2 (February 2015)
# Pipeline mode:   SEARCH
# Query file:      hmmModels95/d1vyra_c.1.4.1.hmm
# Target file:     scop/scopTestSeq.fasta
# Option settings: hmmsearch --domtblout hmmModels95/d1vyra_c.1.4.1.out -E 1 hmmModels95/d1vyra_c.1.4.1.hmm scop/scopTestSeq.fasta 
# Current dir:     /users/nfs/Etu7/3801677/SBAS/TME8
# Date:            Tue Apr  4 15:54:09 2023
# [ok]
