#                                                                            --- full sequence --- -------------- this domain -------------   hmm coord   ali coord   env coord
# target name        accession   tlen query name           accession   qlen   E-value  score  bias   #  of  c-Evalue  i-Evalue  score  bias  from    to  from    to  from    to  acc description of target
#------------------- ---------- ----- -------------------- ---------- ----- --------- ------ ----- --- --- --------- --------- ------ ----- ----- ----- ----- ----- ----- ----- ---- ---------------------
d3hl8a_c.55.3.5      -            470 d1w0ha_c.55.3.5.aln  -            376    1e-186  615.8   0.3   1   1  2.1e-188  1.2e-186  615.6   0.3     1   376    48   430    48   430 1.00 -
d1s5ja1c.55.3.5      -            410 d1w0ha_c.55.3.5.aln  -            376  1.2e-125  414.8   3.9   1   1  2.5e-127  1.4e-125  414.6   3.9     1   376     8   384     8   384 1.00 -
d1q8ia1c.55.3.5      -            388 d1w0ha_c.55.3.5.aln  -            376  1.7e-119  394.6   0.0   1   1  3.4e-121  1.9e-119  394.4   0.0     2   375     2   382     1   383 1.00 -
d2hbja2c.55.3.5      -            292 d1w0ha_c.55.3.5.aln  -            376   5.5e-59  195.4   1.5   1   1   1.1e-60   6.1e-59  195.3   1.5    65   348     2   291     1   292 0.99 -
d3mxma_c.55.3.5      -            229 d1w0ha_c.55.3.5.aln  -            376     3e-37  123.9   0.0   1   1   5.9e-39   3.3e-37  123.8   0.0   124   348     5   228     1   229 0.99 -
d1kfsa1c.55.3.5      -            195 d1w0ha_c.55.3.5.aln  -            376   3.2e-22   74.4   0.3   1   1   6.3e-24   3.5e-22   74.3   0.3   126   343     6   194     1   195 0.96 -
d1x9ma1c.55.3.5      -            204 d1w0ha_c.55.3.5.aln  -            376   6.8e-22   73.4   0.0   1   1   1.3e-23   7.5e-22   73.2   0.0   128   341     1   203     1   204 0.98 -
d2igia_c.55.3.5      -            180 d1w0ha_c.55.3.5.aln  -            376   6.4e-21   70.2   0.1   1   1   1.2e-22   6.9e-21   70.1   0.1   126   331     5   178     1   180 0.97 -
d2f96a1c.55.3.5      -            202 d1w0ha_c.55.3.5.aln  -            376   3.9e-20   67.6   0.0   1   1   7.5e-22   4.2e-20   67.5   0.0   112   348     3   201     1   202 0.96 -
d1vk0a_c.55.3.5      -            206 d1w0ha_c.55.3.5.aln  -            376   6.1e-19   63.7   0.0   1   1   1.2e-20   6.6e-19   63.5   0.0   131   339     4   204     1   206 0.98 -
d2py5a1c.55.3.5      -            183 d1w0ha_c.55.3.5.aln  -            376   1.4e-16   55.9   0.0   1   1     3e-18   1.7e-16   55.6   0.0   129   342     3   180     1   183 0.97 -
d1yt3a3c.55.3.5      -            193 d1w0ha_c.55.3.5.aln  -            376   1.3e-14   49.4   0.0   1   1   2.5e-16   1.4e-14   49.3   0.0   126   337     2   191     1   193 0.98 -
d2guia_c.55.3.5      -            176 d1w0ha_c.55.3.5.aln  -            376   1.7e-13   45.7   0.0   1   1   3.6e-15   2.1e-13   45.5   0.0   128   339     4   175     1   176 0.91 -
d1wlja_c.55.3.5      -            173 d1w0ha_c.55.3.5.aln  -            376   5.8e-11   37.4   0.0   1   1   1.2e-12   6.9e-11   37.2   0.0   128   283     2   135     1   171 0.87 -
#
# Program:         hmmsearch
# Version:         3.1b2 (February 2015)
# Pipeline mode:   SEARCH
# Query file:      hmmModels95/d1w0ha_c.55.3.5.hmm
# Target file:     scop/scopTestSeq.fasta
# Option settings: hmmsearch --domtblout hmmModels95/d1w0ha_c.55.3.5.out -E 1 hmmModels95/d1w0ha_c.55.3.5.hmm scop/scopTestSeq.fasta 
# Current dir:     /users/nfs/Etu7/3801677/SBAS/TME8
# Date:            Tue Apr  4 15:54:09 2023
# [ok]
