#                                                                            --- full sequence --- -------------- this domain -------------   hmm coord   ali coord   env coord
# target name        accession   tlen query name           accession   qlen   E-value  score  bias   #  of  c-Evalue  i-Evalue  score  bias  from    to  from    to  from    to  acc description of target
#------------------- ---------- ----- -------------------- ---------- ----- --------- ------ ----- --- --- --------- --------- ------ ----- ----- ----- ----- ----- ----- ----- ---- ---------------------
d1ohwa_c.67.1.4      -            461 d1w23a_c.67.1.4.aln  -            436  2.7e-140  463.4   0.0   1   1  4.9e-142    3e-140  463.2   0.0     1   436    17   461    17   461 1.00 -
d2dkja_c.67.1.4      -            402 d1w23a_c.67.1.4.aln  -            436  7.1e-129  425.8   0.0   1   1  1.3e-130  8.1e-129  425.6   0.0    19   427     3   397     1   401 0.99 -
d1vefa1c.67.1.4      -            387 d1w23a_c.67.1.4.aln  -            436   9.9e-92  303.4   0.0   1   1   1.8e-93   1.1e-91  303.2   0.0     2   434     2   386     1   387 0.97 -
d1zoda_c.67.1.4      -            431 d1w23a_c.67.1.4.aln  -            436   4.6e-90  297.9   0.0   1   1   8.5e-92   5.1e-90  297.7   0.0     2   435     6   428     5   430 0.98 -
d3piua_c.67.1.4      -            416 d1w23a_c.67.1.4.aln  -            436   4.9e-84  278.0   0.0   1   1     9e-86   5.5e-84  277.8   0.0     8   433     1   415     1   416 0.99 -
d2bwna1c.67.1.4      -            396 d1w23a_c.67.1.4.aln  -            436   1.6e-72  240.0   0.1   1   1     3e-74   1.8e-72  239.9   0.1     2   416     7   395     6   396 0.98 -
d1bs0a_c.67.1.4      -            383 d1w23a_c.67.1.4.aln  -            436   1.1e-70  234.0   0.0   1   1     2e-72   1.2e-70  233.9   0.0     4   414     2   380     1   383 0.97 -
d2fnua_c.67.1.4      -            373 d1w23a_c.67.1.4.aln  -            436   1.6e-56  187.4   0.1   1   1   2.9e-58   1.7e-56  187.2   0.1     9   436     3   372     1   372 0.98 -
d1o69a_c.67.1.4      -            374 d1w23a_c.67.1.4.aln  -            436   2.1e-55  183.6   0.0   1   1   3.9e-57   2.4e-55  183.5   0.0    19   435     2   374     1   374 0.98 -
d2epja_c.67.1.0      -            426 d1w23a_c.67.1.4.aln  -            436   6.8e-55  182.0   0.3   1   1   1.4e-56   8.4e-55  181.7   0.3    19   422    30   408    20   414 0.94 -
d1w23a_c.67.1.4      -            360 d1w23a_c.67.1.4.aln  -            436   1.2e-16   56.0   0.0   1   1   2.4e-18   1.5e-16   55.6   0.0    18   392     9   343     2   358 0.85 -
d2c81a_c.67.1.0      -            409 d1w23a_c.67.1.4.aln  -            436    0.0024   12.1   0.0   1   1   8.8e-05    0.0053   10.9   0.0    62   171    59   166    54   232 0.87 -
d3fvsa_c.67.1.1      -            419 d1w23a_c.67.1.4.aln  -            436    0.0031   11.7   0.1   1   2    0.0002     0.012    9.7   0.0   227   254   187   214   186   220 0.89 -
d3fvsa_c.67.1.1      -            419 d1w23a_c.67.1.4.aln  -            436    0.0031   11.7   0.1   2   2      0.47        28   -1.3   0.0   250   273   233   256   230   258 0.91 -
#
# Program:         hmmsearch
# Version:         3.1b2 (February 2015)
# Pipeline mode:   SEARCH
# Query file:      hmmModels95/d1w23a_c.67.1.4.hmm
# Target file:     scop/scopTestSeq.fasta
# Option settings: hmmsearch --domtblout hmmModels95/d1w23a_c.67.1.4.out -E 1 hmmModels95/d1w23a_c.67.1.4.hmm scop/scopTestSeq.fasta 
# Current dir:     /users/nfs/Etu7/3801677/SBAS/TME8
# Date:            Tue Apr  4 15:54:09 2023
# [ok]
