#                                                                            --- full sequence --- -------------- this domain -------------   hmm coord   ali coord   env coord
# target name        accession   tlen query name           accession   qlen   E-value  score  bias   #  of  c-Evalue  i-Evalue  score  bias  from    to  from    to  from    to  acc description of target
#------------------- ---------- ----- -------------------- ---------- ----- --------- ------ ----- --- --- --------- --------- ------ ----- ----- ----- ----- ----- ----- ----- ---- ---------------------
d2gv8a1c.3.1.5       -            336 d1w4xa2c.3.1.5.aln   -            206   5.1e-81  266.9   0.0   1   1   2.4e-82   6.1e-81  266.6   0.0     2   206     2   292     1   292 1.00 -
d1mo9a1c.3.1.5       -            262 d1w4xa2c.3.1.5.aln   -            206   1.4e-78  258.9   0.0   1   1   6.6e-80   1.7e-78  258.7   0.0     1   206    39   262    39   262 0.99 -
d1v59a1c.3.1.5       -            234 d1w4xa2c.3.1.5.aln   -            206   4.2e-55  182.3   2.3   1   1   1.8e-56   4.6e-55  182.1   2.3     3   206     4   234     2   234 0.94 -
d1w4xa1c.3.1.5       -            299 d1w4xa2c.3.1.5.aln   -            206   2.8e-46  153.4   0.0   1   1   1.2e-47   3.1e-46  153.3   0.0     2   205     5   294     4   295 0.99 -
d1xdia1c.3.1.5       -            234 d1w4xa2c.3.1.5.aln   -            206   2.6e-35  117.6   0.2   1   1   1.2e-36   3.1e-35  117.4   0.2     5   201     2   228     1   232 0.93 -
d1m6ia1c.3.1.5       -            214 d1w4xa2c.3.1.5.aln   -            206   7.7e-32  106.3   0.0   1   1   3.3e-33   8.5e-32  106.1   0.0     2   206     2   214     1   214 0.99 -
d1fl2a1c.3.1.5       -            185 d1w4xa2c.3.1.5.aln   -            206   6.2e-30  100.0   1.1   1   1   2.7e-31     7e-30   99.9   1.1     5   205     2   180     1   181 0.95 -
d1nhpa1c.3.1.5       -            199 d1w4xa2c.3.1.5.aln   -            206   9.7e-25   83.1   0.0   1   1   4.2e-26   1.1e-24   82.9   0.0     6   202     2   195     1   199 0.97 -
d1v59a2c.3.1.5       -            122 d1w4xa2c.3.1.5.aln   -            206   2.3e-14   49.2   0.1   1   1   9.2e-16   2.3e-14   49.2   0.1    10   145     5   116     1   122 0.92 -
d1m6ia2c.3.1.5       -            137 d1w4xa2c.3.1.5.aln   -            206   1.1e-12   43.7   0.0   1   1   5.2e-14   1.3e-12   43.4   0.0     5   124    14   130    10   136 0.92 -
d1nhpa2c.3.1.5       -            123 d1w4xa2c.3.1.5.aln   -            206   5.1e-10   35.0   1.3   1   2   1.1e-10   2.9e-09   32.5   0.3    29   117    31   113    24   116 0.92 -
d1nhpa2c.3.1.5       -            123 d1w4xa2c.3.1.5.aln   -            206   5.1e-10   35.0   1.3   2   2     0.033      0.84    4.9   0.2   152   174   100   123    97   123 0.92 -
d1aoga2c.3.1.5       -            117 d1w4xa2c.3.1.5.aln   -            206   1.9e-09   33.1   0.0   1   1   8.4e-11   2.1e-09   33.0   0.0     9   110     1    98     1   109 0.90 -
d1mo9a2c.3.1.5       -            121 d1w4xa2c.3.1.5.aln   -            206   3.5e-09   32.3   0.0   1   1   1.6e-10   4.1e-09   32.0   0.0    21   116    15   102     4   111 0.84 -
d1xhca2c.3.1.5       -            122 d1w4xa2c.3.1.5.aln   -            206   1.1e-08   30.6   0.0   1   1   4.9e-10   1.2e-08   30.5   0.0    13   123    17   119     8   121 0.87 -
d1h6va2c.3.1.5       -            122 d1w4xa2c.3.1.5.aln   -            206   1.4e-07   27.0   0.0   1   1   5.9e-09   1.5e-07   26.9   0.0    16   125     8   109     3   122 0.87 -
d1vdca2c.3.1.5       -            130 d1w4xa2c.3.1.5.aln   -            206   1.7e-07   26.7   0.0   1   1   7.8e-09     2e-07   26.5   0.0    11    95    17    95    13   124 0.80 -
d2gmha1c.3.1.2       -            381 d1w4xa2c.3.1.5.aln   -            206   7.4e-06   21.4   0.1   1   2   6.8e-06   0.00017   16.9   0.1     3    29    31    57    30    83 0.92 -
d2gmha1c.3.1.2       -            381 d1w4xa2c.3.1.5.aln   -            206   7.4e-06   21.4   0.1   2   2      0.22       5.7    2.2   0.0   181   206   263   288   212   288 0.86 -
d1kdga1c.3.1.2       -            361 d1w4xa2c.3.1.5.aln   -            206   7.4e-06   21.4   0.4   1   1   5.6e-07   1.4e-05   20.5   0.4     5    41     3    37     1    47 0.88 -
d2gf3a1c.3.1.2       -            282 d1w4xa2c.3.1.5.aln   -            206   1.2e-05   20.8   0.0   1   1   7.5e-07   1.9e-05   20.0   0.0     3    36     2    35     1    79 0.91 -
d1fcda2c.3.1.5       -            141 d1w4xa2c.3.1.5.aln   -            206   1.7e-05   20.2   0.0   1   1   7.7e-07     2e-05   20.0   0.0     9   125    13   125     6   139 0.91 -
d1onfa2c.3.1.5       -            117 d1w4xa2c.3.1.5.aln   -            206   4.2e-05   19.0   0.0   1   1   1.9e-06   4.7e-05   18.8   0.0    25   114    19   101     3   116 0.81 -
d1ryia1c.3.1.2       -            277 d1w4xa2c.3.1.5.aln   -            206   0.00019   16.8   0.0   1   1   1.2e-05   0.00032   16.1   0.0     3    56     3    65     2    74 0.79 -
d1seza1c.3.1.2       -            374 d1w4xa2c.3.1.5.aln   -            206   0.00043   15.6   0.5   1   1   2.7e-05   0.00068   15.0   0.5     6    42     3    37     1    50 0.88 -
d1pl8a2c.2.1.1       -            171 d1w4xa2c.3.1.5.aln   -            206   0.00056   15.3   0.1   1   1   4.3e-05    0.0011   14.3   0.1     5    35    28    58    26    69 0.92 -
d1kola2c.2.1.1       -            195 d1w4xa2c.3.1.5.aln   -            206    0.0013   14.0   0.2   1   1   7.3e-05    0.0019   13.6   0.2     6    34    28    56    25   100 0.86 -
d1b5qa1c.3.1.2       -            348 d1w4xa2c.3.1.5.aln   -            206    0.0015   13.9   0.1   1   1   0.00011    0.0029   12.9   0.1     7    36     3    32     2    53 0.88 -
d1fl2a2c.3.1.5       -            126 d1w4xa2c.3.1.5.aln   -            206    0.0026   13.1   0.0   1   1   0.00013    0.0032   12.8   0.0    27    79    29    75    26   104 0.68 -
d2iida1c.3.1.2       -            371 d1w4xa2c.3.1.5.aln   -            206    0.0031   12.8   0.7   1   1   0.00022    0.0055   12.0   0.1     7    38    33    65    30    89 0.83 -
d2f5va1c.3.1.2       -            380 d1w4xa2c.3.1.5.aln   -            206    0.0039   12.5   0.1   1   1   0.00025    0.0065   11.8   0.1     4    36     4    36     2    58 0.88 -
d2dw4a2c.3.1.2       -            450 d1w4xa2c.3.1.5.aln   -            206    0.0067   11.7   0.6   1   2   0.00055     0.014   10.7   0.2     6    35     7    36     3    62 0.83 -
d2dw4a2c.3.1.2       -            450 d1w4xa2c.3.1.5.aln   -            206    0.0067   11.7   0.6   2   2       9.5   2.4e+02   -3.1   0.0    31    47   291   305   289   307 0.81 -
d3c96a1c.3.1.2       -            289 d1w4xa2c.3.1.5.aln   -            206     0.018   10.4   2.8   1   2   0.00044     0.011   11.0   0.3     6    38     3    46     2    89 0.78 -
d3c96a1c.3.1.2       -            289 d1w4xa2c.3.1.5.aln   -            206     0.018   10.4   2.8   2   2       2.9        73   -1.4   0.1   175   204   196   242   192   244 0.79 -
#
# Program:         hmmsearch
# Version:         3.1b2 (February 2015)
# Pipeline mode:   SEARCH
# Query file:      hmmModels95/d1w4xa2c.3.1.5.hmm
# Target file:     scop/scopTestSeq.fasta
# Option settings: hmmsearch --domtblout hmmModels95/d1w4xa2c.3.1.5.out -E 1 hmmModels95/d1w4xa2c.3.1.5.hmm scop/scopTestSeq.fasta 
# Current dir:     /users/nfs/Etu7/3801677/SBAS/TME8
# Date:            Tue Apr  4 15:54:09 2023
# [ok]
