#                                                                            --- full sequence --- -------------- this domain -------------   hmm coord   ali coord   env coord
# target name        accession   tlen query name           accession   qlen   E-value  score  bias   #  of  c-Evalue  i-Evalue  score  bias  from    to  from    to  from    to  acc description of target
#------------------- ---------- ----- -------------------- ---------- ----- --------- ------ ----- --- --- --------- --------- ------ ----- ----- ----- ----- ----- ----- ----- ---- ---------------------
d1mo9a1c.3.1.5       -            262 d1w4xa1c.3.1.5.aln   -            195   2.9e-80  264.1   0.0   1   1   2.1e-81     6e-80  263.0   0.0     1   195    39   262    39   262 0.99 -
d2gv8a1c.3.1.5       -            336 d1w4xa1c.3.1.5.aln   -            195   2.6e-70  231.6   0.0   1   1   1.1e-71     3e-70  231.4   0.0     2   195     2   292     1   292 1.00 -
d1v59a1c.3.1.5       -            234 d1w4xa1c.3.1.5.aln   -            195   4.1e-54  178.7   1.8   1   1   1.6e-55   4.6e-54  178.6   1.8     2   195     3   234     2   234 0.97 -
d1xdia1c.3.1.5       -            234 d1w4xa1c.3.1.5.aln   -            195   1.7e-36  121.3   0.2   1   1   7.3e-38   2.1e-36  121.0   0.2     5   191     2   229     1   232 0.97 -
d1fl2a1c.3.1.5       -            185 d1w4xa1c.3.1.5.aln   -            195   3.5e-31  103.9   1.3   1   1   1.4e-32   3.9e-31  103.8   1.3     5   194     2   180     1   181 0.95 -
d1nhpa1c.3.1.5       -            199 d1w4xa1c.3.1.5.aln   -            195   2.9e-30  100.9   0.0   1   1   1.1e-31   3.2e-30  100.8   0.0     6   192     2   196     1   199 0.96 -
d1m6ia1c.3.1.5       -            214 d1w4xa1c.3.1.5.aln   -            195   7.6e-27   89.8   0.0   1   1     3e-28   8.4e-27   89.6   0.0     2   195     2   214     1   214 0.98 -
d1w4xa2c.3.1.5       -            235 d1w4xa1c.3.1.5.aln   -            195   1.2e-24   82.6   0.0   1   1   4.8e-26   1.4e-24   82.4   0.0     7   193    11   229     5   231 0.97 -
d1v59a2c.3.1.5       -            122 d1w4xa1c.3.1.5.aln   -            195   2.9e-14   48.7   0.3   1   1   1.2e-15   3.3e-14   48.5   0.3    10   139     5   121     2   122 0.94 -
d1m6ia2c.3.1.5       -            137 d1w4xa1c.3.1.5.aln   -            195   1.9e-12   42.8   0.0   1   1     8e-14   2.3e-12   42.5   0.0    13   126    22   130    11   137 0.91 -
d1mo9a2c.3.1.5       -            121 d1w4xa1c.3.1.5.aln   -            195   1.8e-09   33.1   0.0   1   1     8e-11   2.3e-09   32.8   0.0    24   118    17   102     6   111 0.84 -
d1nhpa2c.3.1.5       -            123 d1w4xa1c.3.1.5.aln   -            195   2.2e-09   32.8   0.8   1   1   1.4e-10   3.9e-09   32.0   0.8    24   121    26   115     7   123 0.86 -
d1aoga2c.3.1.5       -            117 d1w4xa1c.3.1.5.aln   -            195   7.1e-09   31.1   0.0   1   1   2.8e-10   7.8e-09   31.0   0.0     9   112     1    98     1   109 0.89 -
d1vdca2c.3.1.5       -            130 d1w4xa1c.3.1.5.aln   -            195     1e-06   24.1   0.0   1   1   4.3e-08   1.2e-06   23.8   0.0    11   117    17   114    13   122 0.85 -
d1h6va2c.3.1.5       -            122 d1w4xa1c.3.1.5.aln   -            195   7.8e-06   21.2   0.0   1   1   3.1e-07   8.6e-06   21.1   0.0    14   126     6   108     3   122 0.89 -
d1onfa2c.3.1.5       -            117 d1w4xa1c.3.1.5.aln   -            195   1.7e-05   20.1   0.0   1   1   7.1e-07     2e-05   19.9   0.0    27   114    21    99     5   109 0.85 -
d1xhca2c.3.1.5       -            122 d1w4xa1c.3.1.5.aln   -            195   2.3e-05   19.7   0.0   1   1   8.8e-07   2.5e-05   19.6   0.0     6   112    10   114     5   122 0.82 -
d2gmha1c.3.1.2       -            381 d1w4xa1c.3.1.5.aln   -            195   3.7e-05   19.0   0.1   1   2   0.00011    0.0031   12.7   0.1     4    29    32    57    30    83 0.90 -
d2gmha1c.3.1.2       -            381 d1w4xa1c.3.1.5.aln   -            195   3.7e-05   19.0   0.1   2   2     0.044       1.2    4.3   0.0   170   193   263   286   207   288 0.85 -
d1kdga1c.3.1.2       -            361 d1w4xa1c.3.1.5.aln   -            195   0.00037   15.7   0.1   1   1   2.3e-05   0.00064   15.0   0.1     4    38     2    35     1    59 0.81 -
d2gf3a1c.3.1.2       -            282 d1w4xa1c.3.1.5.aln   -            195    0.0004   15.6   0.0   1   2   3.2e-05   0.00089   14.5   0.0     3    34     2    33     1    54 0.95 -
d2gf3a1c.3.1.2       -            282 d1w4xa1c.3.1.5.aln   -            195    0.0004   15.6   0.0   2   2       8.2   2.3e+02   -3.2   0.0   146   159   184   197   161   204 0.55 -
d1pl8a2c.2.1.1       -            171 d1w4xa1c.3.1.5.aln   -            195   0.00051   15.3   0.0   1   1     3e-05   0.00084   14.6   0.0     5    58    28   141    26   146 0.79 -
d1fl2a2c.3.1.5       -            126 d1w4xa1c.3.1.5.aln   -            195   0.00054   15.2   0.0   1   1   2.3e-05   0.00065   14.9   0.0    26    82    28    76    25   119 0.84 -
d1ryia1c.3.1.2       -            277 d1w4xa1c.3.1.5.aln   -            195    0.0017   13.6   0.1   1   1    0.0001    0.0028   12.9   0.1     3    36     3    36     2    60 0.86 -
d1kola2c.2.1.1       -            195 d1w4xa1c.3.1.5.aln   -            195    0.0024   13.1   0.5   1   1   0.00015    0.0043   12.3   0.5     6    33    28    55    25    79 0.88 -
d1fcda2c.3.1.5       -            141 d1w4xa1c.3.1.5.aln   -            195    0.0025   13.0   0.0   1   1   9.9e-05    0.0028   12.9   0.0    14   124    12   122     3   137 0.87 -
d2f5va1c.3.1.2       -            380 d1w4xa1c.3.1.5.aln   -            195    0.0032   12.7   0.0   1   1    0.0002    0.0057   11.9   0.0     4    36     4    36     2    73 0.90 -
d3c96a1c.3.1.2       -            289 d1w4xa1c.3.1.5.aln   -            195     0.014   10.6   2.5   1   2    0.0008     0.023    9.9   0.2     6    49     3    52     2    98 0.77 -
d3c96a1c.3.1.2       -            289 d1w4xa1c.3.1.5.aln   -            195     0.014   10.6   2.5   2   2      0.68        19    0.4   0.2   164   194   196   243   192   244 0.85 -
d2dw4a2c.3.1.2       -            450 d1w4xa1c.3.1.5.aln   -            195     0.016   10.4   1.3   1   2   0.00072      0.02   10.1   0.1     5    34     6    35     3    97 0.81 -
d2dw4a2c.3.1.2       -            450 d1w4xa1c.3.1.5.aln   -            195     0.016   10.4   1.3   2   2       6.1   1.7e+02   -2.7   0.1    61   103   181   221   140   234 0.53 -
#
# Program:         hmmsearch
# Version:         3.1b2 (February 2015)
# Pipeline mode:   SEARCH
# Query file:      hmmModels95/d1w4xa1c.3.1.5.hmm
# Target file:     scop/scopTestSeq.fasta
# Option settings: hmmsearch --domtblout hmmModels95/d1w4xa1c.3.1.5.out -E 1 hmmModels95/d1w4xa1c.3.1.5.hmm scop/scopTestSeq.fasta 
# Current dir:     /users/nfs/Etu7/3801677/SBAS/TME8
# Date:            Tue Apr  4 15:54:09 2023
# [ok]
