#                                                                            --- full sequence --- -------------- this domain -------------   hmm coord   ali coord   env coord
# target name        accession   tlen query name           accession   qlen   E-value  score  bias   #  of  c-Evalue  i-Evalue  score  bias  from    to  from    to  from    to  acc description of target
#------------------- ---------- ----- -------------------- ---------- ----- --------- ------ ----- --- --- --------- --------- ------ ----- ----- ----- ----- ----- ----- ----- ---- ---------------------
d3n9ka_c.1.8.3       -            394 d1w91a2c.1.8.3.aln   -            349   2.6e-85  282.0  24.7   1   1     9e-87   3.1e-85  281.8  24.7     2   349    32   390    31   390 0.98 -
d1i1wa_c.1.8.3       -            303 d1w91a2c.1.8.3.aln   -            349   3.9e-84  278.1   6.1   1   1   1.3e-85   4.3e-84  278.0   6.1     3   344     5   301     3   303 0.94 -
d1uuqa_c.1.8.3       -            410 d1w91a2c.1.8.3.aln   -            349   8.2e-69  227.8  18.4   1   1   2.7e-70   9.1e-69  227.6  18.4     3   348    14   405    12   406 0.99 -
d1odza_c.1.8.3       -            381 d1w91a2c.1.8.3.aln   -            349   2.6e-58  193.2  14.6   1   1   8.4e-60   2.9e-58  193.1  14.6     2   348     9   372     8   373 0.98 -
d1qw9a2c.1.8.3       -            367 d1w91a2c.1.8.3.aln   -            349   2.6e-52  173.5   2.1   1   1   8.5e-54   2.9e-52  173.3   2.1     4   347     2   366     1   367 0.98 -
d1rh9a1c.1.8.3       -            370 d1w91a2c.1.8.3.aln   -            349   6.8e-48  159.0   5.4   1   1   2.4e-49   8.1e-48  158.7   5.4     3   314    14   344    12   369 0.95 -
d1hjua_c.1.8.3       -            332 d1w91a2c.1.8.3.aln   -            349   1.9e-46  154.2  16.8   1   1     6e-48   2.1e-46  154.1  16.8     9   348     4   331     1   332 0.98 -
d1edga_c.1.8.3       -            380 d1w91a2c.1.8.3.aln   -            349   4.6e-43  143.1  18.8   1   1   1.5e-44   5.1e-43  142.9  18.8     3   346    18   377    16   380 0.98 -
d7a3ha_c.1.8.3       -            300 d1w91a2c.1.8.3.aln   -            349   6.3e-36  119.6  15.9   1   1   2.3e-37   7.8e-36  119.3  15.9    14   326    11   284     7   292 0.96 -
d1ur4a_c.1.8.3       -            387 d1w91a2c.1.8.3.aln   -            349     1e-34  115.6  15.8   1   1   3.3e-36   1.1e-34  115.5  15.8     5   348    11   380     7   381 0.97 -
d1ecea_c.1.8.3       -            358 d1w91a2c.1.8.3.aln   -            349   2.6e-34  114.3  16.4   1   1   9.1e-36   3.1e-34  114.0  16.4     4   348    13   357    11   358 0.98 -
d2je8a5c.1.8.3       -            348 d1w91a2c.1.8.3.aln   -            349   4.5e-33  110.2   7.2   1   1   1.5e-34   5.2e-33  110.0   7.2    18   346     7   344     2   347 0.98 -
d2nt0a2c.1.8.3       -            354 d1w91a2c.1.8.3.aln   -            349   8.2e-33  109.4   0.1   1   1   2.6e-34     9e-33  109.2   0.1     5   348     5   351     1   352 0.97 -
d1bqca_c.1.8.3       -            302 d1w91a2c.1.8.3.aln   -            349   4.6e-32  106.9  11.6   1   1   1.6e-33   5.5e-32  106.6  11.6    10   346     2   297     1   299 0.95 -
d1ceoa_c.1.8.3       -            340 d1w91a2c.1.8.3.aln   -            349     4e-29   97.2   1.7   1   1   1.5e-30   5.2e-29   96.9   1.7    12   344    10   333     3   337 0.97 -
d1vjza_c.1.8.3       -            325 d1w91a2c.1.8.3.aln   -            349   2.6e-28   94.6   1.1   1   1   9.6e-30   3.3e-28   94.2   1.1    14   312     4   299     2   315 0.97 -
d2vzsa5c.1.8.3       -            339 d1w91a2c.1.8.3.aln   -            349   1.9e-23   78.6   3.4   1   1     6e-25   2.1e-23   78.5   3.4     9   348     3   338     1   339 0.96 -
d1h1na_c.1.8.3       -            305 d1w91a2c.1.8.3.aln   -            349   6.4e-22   73.5  15.0   1   1   2.2e-23   7.6e-22   73.3  15.0    10   316     2   287     1   300 0.95 -
d1jz8a5c.1.8.3       -            292 d1w91a2c.1.8.3.aln   -            349     1e-20   69.6   2.4   1   1   9.2e-22   3.2e-20   68.0   2.4    22   348    11   290     2   291 0.92 -
d1qnra_c.1.8.3       -            344 d1w91a2c.1.8.3.aln   -            349     5e-18   60.7  22.7   1   1   2.2e-19   7.5e-18   60.2  22.7    10   345     2   339     1   342 0.94 -
d1nofa2c.1.8.3       -            277 d1w91a2c.1.8.3.aln   -            349   2.7e-09   32.0   5.0   1   1     5e-10   1.7e-08   29.4   5.0    11   346     8   275     1   277 0.92 -
d1w91a2c.1.8.3       -            347 d1w91a2c.1.8.3.aln   -            349   5.9e-07   24.3   1.4   1   1   5.4e-08   1.9e-06   22.7   1.4    61   309    60   311     4   344 0.86 -
d2v3ga_c.1.8.3       -            273 d1w91a2c.1.8.3.aln   -            349    0.0023   12.5  22.0   1   1   0.00012    0.0039   11.7  22.0    14   301     7   248     2   270 0.79 -
#
# Program:         hmmsearch
# Version:         3.1b2 (February 2015)
# Pipeline mode:   SEARCH
# Query file:      hmmModels95/d1w91a2c.1.8.3.hmm
# Target file:     scop/scopTestSeq.fasta
# Option settings: hmmsearch --domtblout hmmModels95/d1w91a2c.1.8.3.out -E 1 hmmModels95/d1w91a2c.1.8.3.hmm scop/scopTestSeq.fasta 
# Current dir:     /users/nfs/Etu7/3801677/SBAS/TME8
# Date:            Tue Apr  4 15:54:10 2023
# [ok]
