#                                                                            --- full sequence --- -------------- this domain -------------   hmm coord   ali coord   env coord
# target name        accession   tlen query name           accession   qlen   E-value  score  bias   #  of  c-Evalue  i-Evalue  score  bias  from    to  from    to  from    to  acc description of target
#------------------- ---------- ----- -------------------- ---------- ----- --------- ------ ----- --- --- --------- --------- ------ ----- ----- ----- ----- ----- ----- ----- ---- ---------------------
d1uoka2c.1.8.1       -            479 d1wdpa_c.1.8.1.aln   -            421  7.5e-124  409.4  23.0   1   1  2.1e-125  8.5e-124  409.3  23.0     4   420     1   479     1   479 0.99 -
d3bmva4c.1.8.1       -            406 d1wdpa_c.1.8.1.aln   -            421   9.8e-94  310.2  18.0   1   1   2.8e-95   1.1e-93  310.1  18.0     3   420     6   406     4   406 0.95 -
d1g5aa2c.1.8.1       -            554 d1wdpa_c.1.8.1.aln   -            421   1.2e-87  290.2   6.6   1   1   3.6e-89   1.4e-87  289.9   6.6     4   420    26   553    23   554 0.99 -
d1wzaa2c.1.8.1       -            409 d1wdpa_c.1.8.1.aln   -            421   2.2e-87  289.3  19.7   1   1   6.2e-89   2.5e-87  289.1  19.7     9   419     2   408     1   409 0.96 -
d1ji1a3c.1.8.1       -            432 d1wdpa_c.1.8.1.aln   -            421   7.8e-85  280.9  23.1   1   1   2.2e-86   8.7e-85  280.7  23.1     3   420     2   431     1   432 0.98 -
d1e43a2c.1.8.1       -            393 d1wdpa_c.1.8.1.aln   -            421   2.5e-81  269.3  17.6   1   1   7.1e-83   2.8e-81  269.2  17.6    11   414     2   393     1   393 0.97 -
d2guya2c.1.8.1       -            381 d1wdpa_c.1.8.1.aln   -            421   3.4e-79  262.3   8.6   1   1     1e-80     4e-79  262.1   8.6     5   414     2   371     1   377 0.95 -
d2fhfa5c.1.8.1       -            563 d1wdpa_c.1.8.1.aln   -            421   1.6e-76  253.5   0.6   1   1   4.7e-78   1.9e-76  253.3   0.6     2   420    34   562    33   563 0.99 -
d1h3ga3c.1.8.1       -            422 d1wdpa_c.1.8.1.aln   -            421   9.7e-75  247.6  11.3   1   1     3e-76   1.2e-74  247.3  11.3     9   420     9   421     3   422 0.95 -
d1gjwa2c.1.8.1       -            572 d1wdpa_c.1.8.1.aln   -            421   2.3e-74  246.4   0.3   1   1   6.7e-76   2.6e-74  246.2   0.3     1   420    29   571    29   572 0.99 -
d1x1na1c.1.8.1       -            523 d1wdpa_c.1.8.1.aln   -            421   2.8e-74  246.1   0.2   1   1   8.1e-76   3.2e-74  245.9   0.2     2   420    29   522    28   523 0.97 -
d1bf2a3c.1.8.1       -            475 d1wdpa_c.1.8.1.aln   -            421   6.2e-67  221.9  13.1   1   1   1.9e-68   7.6e-67  221.6  13.1     4   419     9   471     6   473 0.97 -
d1ht6a2c.1.8.1       -            347 d1wdpa_c.1.8.1.aln   -            421   1.1e-56  188.2   7.6   1   1   3.1e-58   1.2e-56  188.0   7.6    12   415     2   346     1   347 0.93 -
d1wdpa_c.1.8.1       -            493 d1wdpa_c.1.8.1.aln   -            421   1.1e-55  184.9   1.9   1   1   3.4e-57   1.3e-55  184.6   1.9     2   384    13   449    12   465 0.97 -
d2bhua3c.1.8.1       -            420 d1wdpa_c.1.8.1.aln   -            421   3.6e-47  156.8   2.7   1   1   1.1e-48   4.3e-47  156.6   2.7     5   420     8   419     4   420 0.96 -
d1ua7a2c.1.8.1       -            344 d1wdpa_c.1.8.1.aln   -            421   2.4e-44  147.5  13.9   1   1   2.7e-45   1.1e-43  145.4  13.9    13   414     7   339     1   343 0.89 -
d1vema2c.1.8.1       -            417 d1wdpa_c.1.8.1.aln   -            421   2.8e-31  104.5   8.8   1   1   7.8e-33   3.1e-31  104.3   8.8     4   379    12   405     9   417 0.93 -
d1m7xa3c.1.8.1       -            396 d1wdpa_c.1.8.1.aln   -            421   3.7e-31  104.1  20.0   1   1   1.1e-32   4.4e-31  103.8  20.0    33   419    27   391     5   393 0.96 -
d1r7aa2c.1.8.1       -            434 d1wdpa_c.1.8.1.aln   -            421   1.7e-26   88.7   0.2   1   1   5.3e-28   2.1e-26   88.4   0.2    10   420     2   431     1   432 0.96 -
d1kwga2c.1.8.1       -            393 d1wdpa_c.1.8.1.aln   -            421   1.3e-18   62.8   0.0   1   1   3.5e-20   1.4e-18   62.6   0.0     2   419     4   391     3   393 0.93 -
#
# Program:         hmmsearch
# Version:         3.1b2 (February 2015)
# Pipeline mode:   SEARCH
# Query file:      hmmModels95/d1wdpa_c.1.8.1.hmm
# Target file:     scop/scopTestSeq.fasta
# Option settings: hmmsearch --domtblout hmmModels95/d1wdpa_c.1.8.1.out -E 1 hmmModels95/d1wdpa_c.1.8.1.hmm scop/scopTestSeq.fasta 
# Current dir:     /users/nfs/Etu7/3801677/SBAS/TME8
# Date:            Tue Apr  4 15:54:10 2023
# [ok]
