#                                                                            --- full sequence --- -------------- this domain -------------   hmm coord   ali coord   env coord
# target name        accession   tlen query name           accession   qlen   E-value  score  bias   #  of  c-Evalue  i-Evalue  score  bias  from    to  from    to  from    to  acc description of target
#------------------- ---------- ----- -------------------- ---------- ----- --------- ------ ----- --- --- --------- --------- ------ ----- ----- ----- ----- ----- ----- ----- ---- ---------------------
d2uubl1b.40.4.5      -            118 d1wfqa_b.40.4.5.aln  -             94   2.6e-28   93.7   2.3   1   2       8.2     3e+02   -2.5   0.0    82    82    16    16     6    36 0.58 -
d2uubl1b.40.4.5      -            118 d1wfqa_b.40.4.5.aln  -             94   2.6e-28   93.7   2.3   2   2   7.4e-30   2.6e-28   93.7   2.3     1    86    38   118    38   118 0.99 -
d2nn6i1b.40.4.5      -            125 d1wfqa_b.40.4.5.aln  -             94   4.4e-25   83.4   0.0   1   1   1.4e-26   5.1e-25   83.2   0.0     2    93     1    93     1    94 0.98 -
d1d7qa_b.40.4.5      -            143 d1wfqa_b.40.4.5.aln  -             94   5.5e-23   76.7   0.0   1   1   2.6e-24   9.4e-23   75.9   0.0     1    94    21   115    21   115 0.98 -
d2vnud3b.40.4.5      -            148 d1wfqa_b.40.4.5.aln  -             94   7.2e-21   69.9   0.0   1   1   2.8e-22     1e-20   69.4   0.0     1    94    26   120    26   120 0.98 -
d2uubq1b.40.4.5      -            100 d1wfqa_b.40.4.5.aln  -             94   5.7e-13   44.6   2.4   1   1   1.9e-14   6.7e-13   44.4   2.4     9    91     2    82     1    85 0.90 -
d1kl9a2b.40.4.5      -             86 d1wfqa_b.40.4.5.aln  -             94     2e-12   42.9   0.5   1   1     6e-14   2.2e-12   42.8   0.5     2    88     4    86     3    86 0.95 -
d1go3e1b.40.4.5      -            106 d1wfqa_b.40.4.5.aln  -             94   2.2e-12   42.8   0.7   1   1   8.3e-14     3e-12   42.3   0.7     7    93     2    89     1    90 0.96 -
d1wi5a_b.40.4.5      -            119 d1wfqa_b.40.4.5.aln  -             94   2.2e-10   36.3   0.0   1   1   6.8e-12   2.5e-10   36.2   0.0     8    93    20   106    13   107 0.95 -
d1rl2a2b.40.4.5      -             66 d1wfqa_b.40.4.5.aln  -             94   2.8e-10   36.0   0.3   1   1   8.3e-12     3e-10   35.9   0.3    29    94     2    65     1    65 0.94 -
d3bzka4b.40.4.5      -             94 d1wfqa_b.40.4.5.aln  -             94   7.2e-09   31.5   1.1   1   1   2.2e-10     8e-09   31.4   1.1    12    91    19    92     9    94 0.91 -
d1jt8a_b.40.4.5      -            102 d1wfqa_b.40.4.5.aln  -             94   2.9e-08   29.5   1.0   1   1   9.3e-10   3.3e-08   29.4   1.0     4    84    13    94    10   101 0.94 -
d1c9oa_b.40.4.5      -             66 d1wfqa_b.40.4.5.aln  -             94   4.6e-07   25.7   0.1   1   1   1.3e-08   4.7e-07   25.7   0.1    11    78     3    63     1    66 0.90 -
d3i4oa_b.40.4.5      -             68 d1wfqa_b.40.4.5.aln  -             94     2e-05   20.5   0.4   1   1   5.6e-07     2e-05   20.5   0.4    11    74     4    65     1    68 0.88 -
d2ja9a1b.40.4.5      -             90 d1wfqa_b.40.4.5.aln  -             94   5.6e-05   19.0   0.0   1   1   1.9e-06   6.9e-05   18.7   0.0     5    81     1    71     1    82 0.92 -
d1luza_b.40.4.5      -             85 d1wfqa_b.40.4.5.aln  -             94   6.6e-05   18.8   2.1   1   1   2.4e-06   8.4e-05   18.5   2.1    31    92    23    84     7    85 0.76 -
d1hh2p1b.40.4.5      -             72 d1wfqa_b.40.4.5.aln  -             94   7.5e-05   18.6   0.5   1   1   2.8e-06   9.9e-05   18.2   0.5     5    87     2    71     1    72 0.90 -
d2vnud2b.40.4.5      -             88 d1wfqa_b.40.4.5.aln  -             94   0.00013   17.8   0.6   1   1   4.7e-06   0.00017   17.5   0.6     1    82     1    83     1    87 0.95 -
d1y14b1b.40.4.5      -             91 d1wfqa_b.40.4.5.aln  -             94   0.00026   16.9   0.0   1   1   8.4e-06    0.0003   16.7   0.0     6    89     1    82     1    87 0.87 -
d2je6i1b.40.4.5      -             87 d1wfqa_b.40.4.5.aln  -             94   0.00067   15.6   1.6   1   1   2.7e-05   0.00096   15.1   1.6     6    89     2    82     1    87 0.83 -
d1x6oa2b.40.4.5      -             79 d1wfqa_b.40.4.5.aln  -             94   0.00084   15.3   0.0   1   1   2.8e-05     0.001   15.0   0.0     5    87     2    77     1    79 0.93 -
d2nn6h1b.40.4.5      -             95 d1wfqa_b.40.4.5.aln  -             94   0.00091   15.2   0.0   1   1   2.7e-05   0.00097   15.1   0.0     6    84     3    80     1    90 0.74 -
d1u0la1b.40.4.5      -             66 d1wfqa_b.40.4.5.aln  -             94     0.002   14.1   0.2   1   1   5.9e-05    0.0021   14.0   0.2    12    66     3    53     1    64 0.86 -
#
# Program:         hmmsearch
# Version:         3.1b2 (February 2015)
# Pipeline mode:   SEARCH
# Query file:      hmmModels95/d1wfqa_b.40.4.5.hmm
# Target file:     scop/scopTestSeq.fasta
# Option settings: hmmsearch --domtblout hmmModels95/d1wfqa_b.40.4.5.out -E 1 hmmModels95/d1wfqa_b.40.4.5.hmm scop/scopTestSeq.fasta 
# Current dir:     /users/nfs/Etu7/3801677/SBAS/TME8
# Date:            Tue Apr  4 15:54:10 2023
# [ok]
