#                                                                            --- full sequence --- -------------- this domain -------------   hmm coord   ali coord   env coord
# target name        accession   tlen query name           accession   qlen   E-value  score  bias   #  of  c-Evalue  i-Evalue  score  bias  from    to  from    to  from    to  acc description of target
#------------------- ---------- ----- -------------------- ---------- ----- --------- ------ ----- --- --- --------- --------- ------ ----- ----- ----- ----- ----- ----- ----- ---- ---------------------
d1z6na1c.47.1.1      -            166 d1wjka_c.47.1.1.aln  -            112   1.7e-43  142.6   0.0   1   1   3.9e-45   2.1e-43  142.3   0.0     1   111    33   143    33   144 0.99 -
d2i4aa_c.47.1.1      -            107 d1wjka_c.47.1.1.aln  -            112   8.6e-34  111.3   0.0   1   1   1.7e-35   9.1e-34  111.3   0.0     5   108     3   104     1   107 0.96 -
d1sena_c.47.1.1      -            135 d1wjka_c.47.1.1.aln  -            112   2.6e-25   84.0   0.0   1   1   5.7e-27     3e-25   83.8   0.0     2   111     5   127     4   128 0.98 -
d1r26a_c.47.1.1      -            113 d1wjka_c.47.1.1.aln  -            112   8.6e-24   79.1   0.0   1   1   1.8e-25   9.6e-24   79.0   0.0     8   109    12   110     6   113 0.95 -
d2fwha_c.47.1.1      -            117 d1wjka_c.47.1.1.aln  -            112   2.9e-19   64.6   0.1   1   1   5.8e-21   3.1e-19   64.5   0.1     3   111     3   115     1   116 0.96 -
d3gnja_c.47.1.0      -            111 d1wjka_c.47.1.1.aln  -            112   6.6e-13   44.1   0.1   1   1   1.4e-14   7.6e-13   43.9   0.1     8   109     8   107     4   110 0.94 -
d3qmxa_c.47.1.0      -             99 d1wjka_c.47.1.1.aln  -            112   2.6e-12   42.2   0.0   1   1   5.4e-14   2.9e-12   42.0   0.0    24   108    16    97     7    99 0.93 -
d1zmaa1c.47.1.1      -            115 d1wjka_c.47.1.1.aln  -            112   2.8e-12   42.1   0.0   1   1   5.7e-14     3e-12   42.0   0.0     3   107     7   113     5   115 0.92 -
d2wcia_c.47.1.0      -            113 d1wjka_c.47.1.1.aln  -            112   1.5e-08   30.0   0.0   1   1   3.4e-10   1.8e-08   29.8   0.0    18   106    11    98     3   104 0.86 -
d1iloa_c.47.1.1      -             77 d1wjka_c.47.1.1.aln  -            112   1.7e-08   29.8   0.1   1   1   3.3e-10   1.8e-08   29.8   0.1    28    99     5    71     1    77 0.89 -
d1abaa_c.47.1.1      -             87 d1wjka_c.47.1.1.aln  -            112   8.4e-08   27.6   0.0   1   1   1.6e-09   8.6e-08   27.6   0.0    29   111     7    83     1    84 0.91 -
d2hzfa_c.47.1.0      -            110 d1wjka_c.47.1.1.aln  -            112   1.8e-06   23.3   0.0   1   1   4.5e-08   2.4e-06   23.0   0.0    24    96    16    90     2   100 0.78 -
d1ttza_c.47.1.1      -             75 d1wjka_c.47.1.1.aln  -            112   1.8e-05   20.1   0.0   1   1   3.5e-07   1.8e-05   20.1   0.0    26   102     2    70     1    75 0.76 -
d3feua_c.47.1.0      -            183 d1wjka_c.47.1.1.aln  -            112   0.00016   17.1   0.0   1   2     0.023       1.2    4.6   0.0    30    52    28    50    10    84 0.82 -
d3feua_c.47.1.0      -            183 d1wjka_c.47.1.1.aln  -            112   0.00016   17.1   0.0   2   2   0.00034     0.018   10.5   0.0    58    91   132   163   123   171 0.79 -
d1wjka_c.47.1.1      -            100 d1wjka_c.47.1.1.aln  -            112     0.006   12.0   0.1   1   1   0.00013    0.0066   11.9   0.1    23    63    16    52     6    94 0.85 -
#
# Program:         hmmsearch
# Version:         3.1b2 (February 2015)
# Pipeline mode:   SEARCH
# Query file:      hmmModels95/d1wjka_c.47.1.1.hmm
# Target file:     scop/scopTestSeq.fasta
# Option settings: hmmsearch --domtblout hmmModels95/d1wjka_c.47.1.1.out -E 1 hmmModels95/d1wjka_c.47.1.1.hmm scop/scopTestSeq.fasta 
# Current dir:     /users/nfs/Etu7/3801677/SBAS/TME8
# Date:            Tue Apr  4 15:54:10 2023
# [ok]
