#                                                                            --- full sequence --- -------------- this domain -------------   hmm coord   ali coord   env coord
# target name        accession   tlen query name           accession   qlen   E-value  score  bias   #  of  c-Evalue  i-Evalue  score  bias  from    to  from    to  from    to  acc description of target
#------------------- ---------- ----- -------------------- ---------- ----- --------- ------ ----- --- --- --------- --------- ------ ----- ----- ----- ----- ----- ----- ----- ---- ---------------------
d1qdda_d.169.1.1     -            144 d1wk1a_d.169.1.1.aln -            129     1e-36  121.7   2.7   1   1   1.9e-38   1.2e-36  121.6   2.7     2   127    13   143    12   144 0.97 -
d1qo3c_d.169.1.1     -            133 d1wk1a_d.169.1.1.aln -            129     1e-30  102.3   4.1   1   1   1.8e-32   1.1e-30  102.2   4.1     5   128    16   132    12   133 0.95 -
d1wmza_d.169.1.1     -            140 d1wk1a_d.169.1.1.aln -            129   7.6e-30   99.5   6.9   1   1   1.4e-31   8.7e-30   99.3   6.9     1   127     1   138     1   140 0.92 -
d2ziba_d.169.1.1     -            130 d1wk1a_d.169.1.1.aln -            129   2.7e-29   97.7   2.4   1   1     5e-31     3e-29   97.6   2.4     3   128     7   129     5   130 0.96 -
d1gz2a_d.169.1.1     -            139 d1wk1a_d.169.1.1.aln -            129   1.1e-28   95.8   0.0   1   1   1.9e-30   1.2e-28   95.6   0.0     3   127     2   138     1   139 0.97 -
d3hupa_d.169.1.1     -            121 d1wk1a_d.169.1.1.aln -            129     4e-28   93.9  10.6   1   1   7.3e-30   4.5e-28   93.8  10.6     2   127     6   119     5   121 0.93 -
d1g1ta1d.169.1.1     -            118 d1wk1a_d.169.1.1.aln -            129   5.5e-26   87.0   5.6   1   1     1e-27   6.1e-26   86.9   5.6    14   124     2   117     1   118 0.94 -
d3l9jc_d.169.1.1     -            134 d1wk1a_d.169.1.1.aln -            129   2.3e-25   85.0   2.0   1   1   4.6e-27   2.8e-25   84.7   2.0    10   126    10   132     5   134 0.86 -
d1pwba1d.169.1.1     -            121 d1wk1a_d.169.1.1.aln -            129     4e-23   77.7   0.0   1   1   7.2e-25   4.4e-23   77.6   0.0     8   126     4   121     1   121 0.92 -
d1h8ua_d.169.1.1     -            115 d1wk1a_d.169.1.1.aln -            129   1.4e-20   69.6   1.9   1   1   2.4e-22   1.5e-20   69.5   1.9    15   125     2   114     1   115 0.96 -
d1kg0c_d.169.1.1     -            136 d1wk1a_d.169.1.1.aln -            129   1.5e-16   56.5   3.6   1   1   3.1e-18   1.9e-16   56.2   3.6     5   127    21   134    15   136 0.89 -
d1byfa_d.169.1.1     -            123 d1wk1a_d.169.1.1.aln -            129   4.5e-16   55.0   0.0   1   1   9.1e-18   5.5e-16   54.7   0.0    17   128     6   122     2   123 0.83 -
d1wk1a_d.169.1.1     -            150 d1wk1a_d.169.1.1.aln -            129   7.1e-12   41.4   0.0   1   1   1.6e-13     1e-11   40.9   0.0    26   127    22   130     8   131 0.85 -
#
# Program:         hmmsearch
# Version:         3.1b2 (February 2015)
# Pipeline mode:   SEARCH
# Query file:      hmmModels95/d1wk1a_d.169.1.1.hmm
# Target file:     scop/scopTestSeq.fasta
# Option settings: hmmsearch --domtblout hmmModels95/d1wk1a_d.169.1.1.out -E 1 hmmModels95/d1wk1a_d.169.1.1.hmm scop/scopTestSeq.fasta 
# Current dir:     /users/nfs/Etu7/3801677/SBAS/TME8
# Date:            Tue Apr  4 15:54:10 2023
# [ok]
