#                                                                            --- full sequence --- -------------- this domain -------------   hmm coord   ali coord   env coord
# target name        accession   tlen query name           accession   qlen   E-value  score  bias   #  of  c-Evalue  i-Evalue  score  bias  from    to  from    to  from    to  acc description of target
#------------------- ---------- ----- -------------------- ---------- ----- --------- ------ ----- --- --- --------- --------- ------ ----- ----- ----- ----- ----- ----- ----- ---- ---------------------
d1qdda_d.169.1.1     -            144 d1wmza_d.169.1.1.aln -            135   6.2e-38  125.5   3.3   1   1   1.1e-39     7e-38  125.4   3.3     2   133    13   143    12   144 0.94 -
d1gz2a_d.169.1.1     -            139 d1wmza_d.169.1.1.aln -            135   8.1e-30   99.2   0.0   1   1   1.6e-31   9.6e-30   99.0   0.0     3   133     2   138     1   139 0.90 -
d2ziba_d.169.1.1     -            130 d1wmza_d.169.1.1.aln -            135   1.3e-28   95.4   3.3   1   1   2.4e-30   1.4e-28   95.2   3.3     3   134     7   129     5   130 0.94 -
d1wk1a_d.169.1.1     -            150 d1wmza_d.169.1.1.aln -            135   5.8e-28   93.3   0.0   1   1   1.1e-29   6.9e-28   93.0   0.0    11   134     7   131     2   132 0.94 -
d1qo3c_d.169.1.1     -            133 d1wmza_d.169.1.1.aln -            135   1.5e-27   91.9   5.3   1   1   2.7e-29   1.6e-27   91.8   5.3     5   133    16   131    12   133 0.91 -
d3l9jc_d.169.1.1     -            134 d1wmza_d.169.1.1.aln -            135   1.7e-27   91.7   2.4   1   1   3.2e-29   1.9e-27   91.6   2.4    11   132    11   132     4   134 0.94 -
d3hupa_d.169.1.1     -            121 d1wmza_d.169.1.1.aln -            135   8.3e-27   89.5  10.8   1   1   1.5e-28   9.3e-27   89.4  10.8     2   133     6   119     5   121 0.88 -
d1g1ta1d.169.1.1     -            118 d1wmza_d.169.1.1.aln -            135   1.1e-23   79.4   5.2   1   1     2e-25   1.2e-23   79.3   5.2    14   130     2   117     1   118 0.86 -
d1pwba1d.169.1.1     -            121 d1wmza_d.169.1.1.aln -            135   1.5e-23   78.9   0.0   1   1   2.7e-25   1.7e-23   78.8   0.0     7   132     3   121     1   121 0.95 -
d1wmza_d.169.1.1     -            140 d1wmza_d.169.1.1.aln -            135   1.4e-21   72.6   7.7   1   1   3.4e-23   2.1e-21   72.0   7.7     2   132     2   137     1   140 0.90 -
d1byfa_d.169.1.1     -            123 d1wmza_d.169.1.1.aln -            135   2.7e-20   68.4   0.0   1   1   5.1e-22   3.1e-20   68.2   0.0    17   134     6   122     2   123 0.90 -
d1h8ua_d.169.1.1     -            115 d1wmza_d.169.1.1.aln -            135   3.9e-19   64.7   2.7   1   1     7e-21   4.3e-19   64.5   2.7    15   131     2   114     1   115 0.87 -
d1kg0c_d.169.1.1     -            136 d1wmza_d.169.1.1.aln -            135   2.7e-16   55.5   4.4   1   1   5.7e-18   3.5e-16   55.1   4.4     5   134    21   135    15   136 0.86 -
#
# Program:         hmmsearch
# Version:         3.1b2 (February 2015)
# Pipeline mode:   SEARCH
# Query file:      hmmModels95/d1wmza_d.169.1.1.hmm
# Target file:     scop/scopTestSeq.fasta
# Option settings: hmmsearch --domtblout hmmModels95/d1wmza_d.169.1.1.out -E 1 hmmModels95/d1wmza_d.169.1.1.hmm scop/scopTestSeq.fasta 
# Current dir:     /users/nfs/Etu7/3801677/SBAS/TME8
# Date:            Tue Apr  4 15:54:11 2023
# [ok]
