#                                                                            --- full sequence --- -------------- this domain -------------   hmm coord   ali coord   env coord
# target name        accession   tlen query name           accession   qlen   E-value  score  bias   #  of  c-Evalue  i-Evalue  score  bias  from    to  from    to  from    to  acc description of target
#------------------- ---------- ----- -------------------- ---------- ----- --------- ------ ----- --- --- --------- --------- ------ ----- ----- ----- ----- ----- ----- ----- ---- ---------------------
d1kkoa2d.54.1.1      -            160 d1wuea2d.54.1.1.aln  -            131   1.7e-44  147.0   0.0   1   1   2.7e-46   1.9e-44  146.8   0.0     1   131    16   156    16   156 0.99 -
d2akza2d.54.1.1      -            139 d1wuea2d.54.1.1.aln  -            131   8.9e-37  122.0   0.0   1   1   1.4e-38   9.9e-37  121.9   0.0     3   130     2   134     1   135 0.99 -
d1r0ma2d.54.1.1      -            127 d1wuea2d.54.1.1.aln  -            131     5e-29   97.0   0.1   1   1   7.7e-31   5.5e-29   96.8   0.1     2   131     4   127     3   127 0.98 -
d1sjda2d.54.1.1      -            125 d1wuea2d.54.1.1.aln  -            131     4e-27   90.8   0.0   1   1   6.1e-29   4.4e-27   90.7   0.0     1   130     1   124     1   125 0.95 -
d1yeya2d.54.1.1      -            139 d1wuea2d.54.1.1.aln  -            131   1.4e-26   89.1   0.4   1   1   2.1e-28   1.5e-26   88.9   0.4     2   131     2   137     1   137 0.99 -
d2mnra2d.54.1.1      -            130 d1wuea2d.54.1.1.aln  -            131   7.7e-26   86.6   0.3   1   1   1.2e-27   8.6e-26   86.5   0.3     2   130     3   126     2   127 0.95 -
d1jpdx2d.54.1.1      -            116 d1wuea2d.54.1.1.aln  -            131   1.5e-25   85.7   0.9   1   1   9.4e-27   6.8e-25   83.6   0.9     1   130     2   115     2   116 0.96 -
d2gdqa2d.54.1.1      -            115 d1wuea2d.54.1.1.aln  -            131     2e-25   85.3   0.0   1   1   3.6e-27   2.6e-25   84.9   0.0     2   131     2   115     1   115 0.98 -
d2gl5a2d.54.1.1      -            122 d1wuea2d.54.1.1.aln  -            131   7.8e-23   76.9   0.0   1   1   1.2e-24   8.8e-23   76.7   0.0     2   131     2   122     1   122 0.97 -
d1wuea2d.54.1.1      -            126 d1wuea2d.54.1.1.aln  -            131     7e-21   70.6   0.0   1   1   1.1e-22   7.7e-21   70.4   0.0     1   130     1   125     1   126 0.95 -
d1r6wa2d.54.1.1      -            101 d1wuea2d.54.1.1.aln  -            131   1.9e-14   49.8   0.0   1   1   1.7e-15   1.2e-13   47.2   0.0     1   118     1    98     1   101 0.96 -
#
# Program:         hmmsearch
# Version:         3.1b2 (February 2015)
# Pipeline mode:   SEARCH
# Query file:      hmmModels95/d1wuea2d.54.1.1.hmm
# Target file:     scop/scopTestSeq.fasta
# Option settings: hmmsearch --domtblout hmmModels95/d1wuea2d.54.1.1.out -E 1 hmmModels95/d1wuea2d.54.1.1.hmm scop/scopTestSeq.fasta 
# Current dir:     /users/nfs/Etu7/3801677/SBAS/TME8
# Date:            Tue Apr  4 15:54:11 2023
# [ok]
