#                                                                            --- full sequence --- -------------- this domain -------------   hmm coord   ali coord   env coord
# target name        accession   tlen query name           accession   qlen   E-value  score  bias   #  of  c-Evalue  i-Evalue  score  bias  from    to  from    to  from    to  acc description of target
#------------------- ---------- ----- -------------------- ---------- ----- --------- ------ ----- --- --- --------- --------- ------ ----- ----- ----- ----- ----- ----- ----- ---- ---------------------
d1atia2d.104.1.1     -            394 d1wu7a2d.104.1.1.aln -            312  2.4e-139  459.6   8.8   1   1  5.1e-141  2.7e-139  459.5   8.8     1   312    15   380    15   380 1.00 -
d1b8aa2d.104.1.1     -            335 d1wu7a2d.104.1.1.aln -            312   3.5e-82  271.8   8.4   1   1   7.6e-84     4e-82  271.7   8.4     3   311    11   330     9   331 0.99 -
d1h4vb2d.104.1.1     -            324 d1wu7a2d.104.1.1.aln -            312   2.4e-59  196.8   7.3   1   1   5.4e-61   2.8e-59  196.6   7.3     2   299    11   319    10   323 0.97 -
d1g5ha2d.104.1.1     -            290 d1wu7a2d.104.1.1.aln -            312     2e-53  177.4   0.0   1   1   4.3e-55   2.2e-53  177.2   0.0     1   309    10   289    10   290 0.98 -
d12asa_d.104.1.1     -            327 d1wu7a2d.104.1.1.aln -            312   4.9e-53  176.1   0.0   1   1     1e-54   5.4e-53  176.0   0.0     2   310     2   316     1   318 0.99 -
d1qf6a4d.104.1.1     -            291 d1wu7a2d.104.1.1.aln -            312   7.2e-46  152.6   0.2   1   1   1.5e-47     8e-46  152.4   0.2    18   310     5   280     1   282 0.94 -
d1nnha_d.104.1.1     -            293 d1wu7a2d.104.1.1.aln -            312   2.5e-45  150.8   3.4   1   1   5.2e-47   2.7e-45  150.7   3.4     8   311     3   287     1   288 0.97 -
d1z7ma1d.104.1.1     -            318 d1wu7a2d.104.1.1.aln -            312   1.8e-44  148.0   0.0   1   1   3.9e-46     2e-44  147.8   0.0     2   309    10   316     9   318 0.99 -
d1hc7a2d.104.1.1     -            272 d1wu7a2d.104.1.1.aln -            312   6.1e-44  146.2   4.1   1   1   1.3e-45   6.7e-44  146.1   4.1     7   292     4   271     1   272 0.98 -
d1seta2d.104.1.1     -            311 d1wu7a2d.104.1.1.aln -            312   3.4e-36  120.8   3.4   1   1   7.3e-38   3.8e-36  120.6   3.4     4   310     3   305     1   307 0.99 -
d1j5wa_d.104.1.1     -            281 d1wu7a2d.104.1.1.aln -            312   8.9e-35  116.1   2.3   1   1   1.9e-36   9.8e-35  116.0   2.3     2   297     2   280     1   281 0.98 -
d1usya_d.104.1.1     -            275 d1wu7a2d.104.1.1.aln -            312   4.8e-31  103.9   0.0   1   1     1e-32   5.3e-31  103.7   0.0    11   292     6   274     1   275 0.98 -
d1yfsa2d.104.1.1     -            236 d1wu7a2d.104.1.1.aln -            312   7.6e-23   76.9   0.5   1   1   2.1e-24   1.1e-22   76.4   0.5    24   300     6   234     1   236 0.96 -
d1jjcb5d.104.1.1     -            207 d1wu7a2d.104.1.1.aln -            312     2e-10   36.1   2.9   1   2   1.6e-06   8.5e-05   17.7   0.1    17    69     2    54     1    57 0.92 -
d1jjcb5d.104.1.1     -            207 d1wu7a2d.104.1.1.aln -            312     2e-10   36.1   2.9   2   2   2.5e-07   1.3e-05   20.3   0.6    92   209    53   163    50   190 0.91 -
d1wu7a2d.104.1.1     -            327 d1wu7a2d.104.1.1.aln -            312    0.0028   12.7   0.9   1   2      0.72        38   -0.9   0.1    24    51    15    42     3    47 0.80 -
d1wu7a2d.104.1.1     -            327 d1wu7a2d.104.1.1.aln -            312    0.0028   12.7   0.9   2   2   0.00013    0.0069   11.4   0.1    54   117    62   121    56   132 0.89 -
#
# Program:         hmmsearch
# Version:         3.1b2 (February 2015)
# Pipeline mode:   SEARCH
# Query file:      hmmModels95/d1wu7a2d.104.1.1.hmm
# Target file:     scop/scopTestSeq.fasta
# Option settings: hmmsearch --domtblout hmmModels95/d1wu7a2d.104.1.1.out -E 1 hmmModels95/d1wu7a2d.104.1.1.hmm scop/scopTestSeq.fasta 
# Current dir:     /users/nfs/Etu7/3801677/SBAS/TME8
# Date:            Tue Apr  4 15:54:11 2023
# [ok]
