#                                                                            --- full sequence --- -------------- this domain -------------   hmm coord   ali coord   env coord
# target name        accession   tlen query name           accession   qlen   E-value  score  bias   #  of  c-Evalue  i-Evalue  score  bias  from    to  from    to  from    to  acc description of target
#------------------- ---------- ----- -------------------- ---------- ----- --------- ------ ----- --- --- --------- --------- ------ ----- ----- ----- ----- ----- ----- ----- ---- ---------------------
d1uoka2c.1.8.1       -            479 d1x1na1c.1.8.1.aln   -            441  3.2e-121  400.9  24.3   1   1  9.3e-123  3.7e-121  400.8  24.3     6   441     2   479     1   479 0.99 -
d1e43a2c.1.8.1       -            393 d1x1na1c.1.8.1.aln   -            441   7.3e-96  317.4  17.4   1   1   2.1e-97   8.1e-96  317.2  17.4    12   435     2   393     1   393 0.98 -
d3bmva4c.1.8.1       -            406 d1x1na1c.1.8.1.aln   -            441   6.5e-90  297.8  17.0   1   1     2e-91   7.9e-90  297.5  17.0    12   441    14   406     5   406 0.95 -
d1gjwa2c.1.8.1       -            572 d1x1na1c.1.8.1.aln   -            441   8.8e-90  297.4   0.4   1   1   2.5e-91   9.9e-90  297.2   0.4     1   441     9   571     9   571 0.99 -
d1wzaa2c.1.8.1       -            409 d1x1na1c.1.8.1.aln   -            441     3e-88  292.3  20.3   1   1   8.7e-90   3.4e-88  292.1  20.3    10   440     2   408     1   409 0.96 -
d1ji1a3c.1.8.1       -            432 d1x1na1c.1.8.1.aln   -            441   1.1e-82  274.0  22.4   1   1   3.1e-84   1.2e-82  273.8  22.4     4   440     2   430     1   431 0.97 -
d2guya2c.1.8.1       -            381 d1x1na1c.1.8.1.aln   -            441   5.9e-81  268.3   7.8   1   1   1.8e-82     7e-81  268.0   7.8     6   434     2   370     1   376 0.97 -
d1wdpa_c.1.8.1       -            493 d1x1na1c.1.8.1.aln   -            441   3.3e-75  249.3   0.4   1   1   9.2e-77   3.6e-75  249.2   0.4     3   436     7   488     5   493 0.98 -
d1h3ga3c.1.8.1       -            422 d1x1na1c.1.8.1.aln   -            441   3.5e-75  249.2   9.3   1   1   9.8e-77   3.9e-75  249.1   9.3     5   440     4   420     1   421 0.94 -
d1g5aa2c.1.8.1       -            554 d1x1na1c.1.8.1.aln   -            441   2.9e-74  246.2   3.9   1   1   8.6e-76   3.4e-74  246.0   3.9     3   440    12   552    10   553 0.97 -
d2fhfa5c.1.8.1       -            563 d1x1na1c.1.8.1.aln   -            441   1.6e-69  230.6   0.4   1   1   4.6e-71   1.8e-69  230.4   0.4     2   440    11   561    10   562 0.99 -
d1bf2a3c.1.8.1       -            475 d1x1na1c.1.8.1.aln   -            441   6.9e-66  218.6  10.9   1   1     2e-67     8e-66  218.4  10.9     4   440     8   471     5   472 0.98 -
d2bhua3c.1.8.1       -            420 d1x1na1c.1.8.1.aln   -            441   8.3e-63  208.5   0.7   1   1   2.4e-64   9.3e-63  208.3   0.7     3   440     7   418     5   419 0.97 -
d1ht6a2c.1.8.1       -            347 d1x1na1c.1.8.1.aln   -            441   3.3e-54  180.1   6.9   1   1   9.4e-56   3.7e-54  180.0   6.9    12   388     1   331     1   347 0.94 -
d1ua7a2c.1.8.1       -            344 d1x1na1c.1.8.1.aln   -            441   4.5e-45  150.0  11.6   1   1   1.5e-46   5.8e-45  149.6  11.6    57   429    24   333     5   342 0.89 -
d1m7xa3c.1.8.1       -            396 d1x1na1c.1.8.1.aln   -            441   9.5e-40  132.5  19.8   1   1   2.7e-41   1.1e-39  132.3  19.8     5   440     9   394     5   395 0.96 -
d1r7aa2c.1.8.1       -            434 d1x1na1c.1.8.1.aln   -            441   2.2e-28   95.0   0.1   1   1   7.2e-30   2.8e-28   94.6   0.1    21   437    24   434     5   434 0.87 -
d1vema2c.1.8.1       -            417 d1x1na1c.1.8.1.aln   -            441   2.5e-25   85.0   9.7   1   1   7.4e-27   2.9e-25   84.7   9.7     3   391     5   397     3   414 0.94 -
d1kwga2c.1.8.1       -            393 d1x1na1c.1.8.1.aln   -            441   3.3e-23   77.9   0.0   1   1     1e-24   3.9e-23   77.7   0.0     3   388     4   371     2   386 0.97 -
d1x1na1c.1.8.1       -            523 d1x1na1c.1.8.1.aln   -            441   6.9e-10   34.1   0.4   1   1   2.6e-11     1e-09   33.5   0.4   206   365   270   444   216   454 0.89 -
#
# Program:         hmmsearch
# Version:         3.1b2 (February 2015)
# Pipeline mode:   SEARCH
# Query file:      hmmModels95/d1x1na1c.1.8.1.hmm
# Target file:     scop/scopTestSeq.fasta
# Option settings: hmmsearch --domtblout hmmModels95/d1x1na1c.1.8.1.out -E 1 hmmModels95/d1x1na1c.1.8.1.hmm scop/scopTestSeq.fasta 
# Current dir:     /users/nfs/Etu7/3801677/SBAS/TME8
# Date:            Tue Apr  4 15:54:11 2023
# [ok]
