#                                                                            --- full sequence --- -------------- this domain -------------   hmm coord   ali coord   env coord
# target name        accession   tlen query name           accession   qlen   E-value  score  bias   #  of  c-Evalue  i-Evalue  score  bias  from    to  from    to  from    to  acc description of target
#------------------- ---------- ----- -------------------- ---------- ----- --------- ------ ----- --- --- --------- --------- ------ ----- ----- ----- ----- ----- ----- ----- ---- ---------------------
d2nn6i1b.40.4.5      -            125 d1x6oa2b.40.4.5.aln  -             92   2.8e-22   74.3   0.0   1   1   9.5e-24   3.2e-22   74.1   0.0     2    91     1    95     1    96 0.98 -
d2vnud3b.40.4.5      -            148 d1x6oa2b.40.4.5.aln  -             92   9.5e-22   72.6   0.0   1   1   3.7e-23   1.3e-21   72.2   0.0     1    92    33   130    33   130 0.98 -
d1d7qa_b.40.4.5      -            143 d1x6oa2b.40.4.5.aln  -             92   2.3e-19   65.0   0.0   1   1   1.1e-20   3.8e-19   64.3   0.0     1    91    22   117    22   118 0.98 -
d2uubl1b.40.4.5      -            118 d1x6oa2b.40.4.5.aln  -             92   1.2e-17   59.5   1.1   1   1   5.2e-19   1.8e-17   58.9   1.1     1    92    21   107    21   107 0.98 -
d2uubq1b.40.4.5      -            100 d1x6oa2b.40.4.5.aln  -             92   4.1e-16   54.6   1.5   1   1   1.4e-17   4.8e-16   54.4   1.5     9    91     2    81     1    82 0.96 -
d1rl2a2b.40.4.5      -             66 d1x6oa2b.40.4.5.aln  -             92   8.8e-14   47.1   0.3   1   1   2.8e-15   9.5e-14   47.0   0.3    25    89     2    65     1    66 0.97 -
d3bzka4b.40.4.5      -             94 d1x6oa2b.40.4.5.aln  -             92   1.7e-12   43.0   0.6   1   1   5.9e-14     2e-12   42.8   0.6     2    78    12    83    11    91 0.89 -
d1kl9a2b.40.4.5      -             86 d1x6oa2b.40.4.5.aln  -             92   6.9e-12   41.1   0.8   1   1   2.2e-13   7.5e-12   41.0   0.8     4    84     9    86     6    86 0.95 -
d1go3e1b.40.4.5      -            106 d1x6oa2b.40.4.5.aln  -             92   1.8e-10   36.5   0.5   1   1   5.9e-12     2e-10   36.4   0.5     6    89     1    89     1    92 0.93 -
d1wi5a_b.40.4.5      -            119 d1x6oa2b.40.4.5.aln  -             92   2.2e-09   33.0   0.0   1   1     8e-11   2.7e-09   32.8   0.0     3    90    16   109    14   111 0.92 -
d1smxa_b.40.4.5      -             87 d1x6oa2b.40.4.5.aln  -             92   5.4e-09   31.8   0.0   1   1   1.7e-10     6e-09   31.7   0.0    11    82     3    80     1    85 0.95 -
d2nn6h1b.40.4.5      -             95 d1x6oa2b.40.4.5.aln  -             92   1.3e-08   30.6   0.0   1   1   4.2e-10   1.4e-08   30.5   0.0     1    83     1    88     1    94 0.91 -
d1luza_b.40.4.5      -             85 d1x6oa2b.40.4.5.aln  -             92   1.5e-08   30.4   0.4   1   1   4.9e-10   1.7e-08   30.2   0.4     5    87     5    83     2    85 0.94 -
d2je6i1b.40.4.5      -             87 d1x6oa2b.40.4.5.aln  -             92   1.5e-08   30.4   0.8   1   1   4.9e-10   1.7e-08   30.3   0.8     2    88     1    85     1    87 0.92 -
d1c9oa_b.40.4.5      -             66 d1x6oa2b.40.4.5.aln  -             92   2.8e-08   29.5   0.0   1   1   8.4e-10   2.9e-08   29.5   0.0    14    81     4    62     1    66 0.89 -
d1hh2p1b.40.4.5      -             72 d1x6oa2b.40.4.5.aln  -             92   3.4e-07   26.1   0.2   1   1   1.1e-08   3.8e-07   25.9   0.2    19    79    11    67     8    72 0.88 -
d2ja9a1b.40.4.5      -             90 d1x6oa2b.40.4.5.aln  -             92   4.4e-07   25.7   0.0   1   1   1.5e-08   5.3e-07   25.5   0.0     2    73     1    67     1    82 0.94 -
d1jt8a_b.40.4.5      -            102 d1x6oa2b.40.4.5.aln  -             92   7.2e-07   25.0   0.5   1   1   2.3e-08   7.8e-07   24.9   0.5     3    79    13    94    11   102 0.86 -
d1e3pa2b.40.4.5      -             62 d1x6oa2b.40.4.5.aln  -             92   0.00011   18.0   0.2   1   1   3.5e-06   0.00012   17.9   0.2    14    74     1    60     1    62 0.94 -
d3i4oa_b.40.4.5      -             68 d1x6oa2b.40.4.5.aln  -             92   0.00045   16.1   0.2   1   1   1.6e-05   0.00055   15.8   0.2    12    75     5    65     3    68 0.89 -
d1wfqa_b.40.4.5      -             89 d1x6oa2b.40.4.5.aln  -             92   0.00049   16.0   0.0   1   1     2e-05    0.0007   15.5   0.0    53    84    51    82    34    88 0.85 -
d2ix0a3b.40.4.5      -             87 d1x6oa2b.40.4.5.aln  -             92   0.00055   15.8   0.2   1   1   1.9e-05   0.00065   15.6   0.2    10    84     5    80     2    86 0.94 -
d2ix0a1b.40.4.5      -             90 d1x6oa2b.40.4.5.aln  -             92     0.002   14.0   0.0   1   1   6.5e-05    0.0022   13.9   0.0     3    87     3    88     1    90 0.94 -
#
# Program:         hmmsearch
# Version:         3.1b2 (February 2015)
# Pipeline mode:   SEARCH
# Query file:      hmmModels95/d1x6oa2b.40.4.5.hmm
# Target file:     scop/scopTestSeq.fasta
# Option settings: hmmsearch --domtblout hmmModels95/d1x6oa2b.40.4.5.out -E 1 hmmModels95/d1x6oa2b.40.4.5.hmm scop/scopTestSeq.fasta 
# Current dir:     /users/nfs/Etu7/3801677/SBAS/TME8
# Date:            Tue Apr  4 15:54:11 2023
# [ok]
