#                                                                            --- full sequence --- -------------- this domain -------------   hmm coord   ali coord   env coord
# target name        accession   tlen query name           accession   qlen   E-value  score  bias   #  of  c-Evalue  i-Evalue  score  bias  from    to  from    to  from    to  acc description of target
#------------------- ---------- ----- -------------------- ---------- ----- --------- ------ ----- --- --- --------- --------- ------ ----- ----- ----- ----- ----- ----- ----- ---- ---------------------
d2bg1a1e.3.1.1       -            453 d1xa1a_e.3.1.1.aln   -            328  7.8e-133  437.9  16.7   1   1    2e-134  9.3e-133  437.6  16.7     1   327     4   382     4   383 1.00 -
d2hdsa_e.3.1.1       -            358 d1xa1a_e.3.1.1.aln   -            328   2.6e-87  288.3   2.2   1   1   6.3e-89   2.9e-87  288.1   2.2     2   325    18   358    17   358 0.99 -
d1qmea4e.3.1.1       -            357 d1xa1a_e.3.1.1.aln   -            328   1.1e-83  276.3   6.8   1   1   2.7e-85   1.3e-83  276.2   6.8    25   327     2   340     1   341 0.99 -
d2p74a_e.3.1.1       -            263 d1xa1a_e.3.1.1.aln   -            328     4e-74  244.9   3.1   1   1   9.5e-76   4.4e-74  244.8   3.1    35   324     4   263     1   263 0.98 -
d2v2ff_e.3.1.1       -            384 d1xa1a_e.3.1.1.aln   -            328   1.8e-73  242.8  21.4   1   1   4.5e-75   2.1e-73  242.6  21.4     1   328     1   364     1   364 1.00 -
d2olua2e.3.1.1       -            400 d1xa1a_e.3.1.1.aln   -            328   1.1e-66  220.5  13.5   1   1   2.6e-68   1.2e-66  220.3  13.5     2   327    10   374     9   375 0.99 -
d2drwa1e.3.1.1       -            362 d1xa1a_e.3.1.1.aln   -            328   1.7e-61  203.4   0.0   1   1   4.1e-63   1.9e-61  203.3   0.0     2   327    16   360    15   361 0.99 -
d1alqa_e.3.1.1       -            263 d1xa1a_e.3.1.1.aln   -            328   1.2e-56  187.5   3.7   1   1   2.9e-58   1.4e-56  187.3   3.7    14   280    20   262     8   263 0.97 -
d1yqsa_e.3.1.1       -            345 d1xa1a_e.3.1.1.aln   -            328   2.2e-53  176.8   4.4   1   1   5.3e-55   2.4e-53  176.6   4.4     3   328    18   345    16   345 0.99 -
d2dcfa1e.3.1.1       -            388 d1xa1a_e.3.1.1.aln   -            328   3.6e-49  162.9   0.0   1   1   8.8e-51   4.1e-49  162.7   0.0     2   328    13   363    12   363 0.99 -
d1ci9a_e.3.1.1       -            377 d1xa1a_e.3.1.1.aln   -            328   3.1e-48  159.9   0.0   1   1   7.4e-50   3.4e-48  159.7   0.0     2   327    18   363    17   364 0.99 -
d1ei5a3e.3.1.1       -            333 d1xa1a_e.3.1.1.aln   -            328   2.9e-47  156.7   0.0   1   1   6.9e-49   3.2e-47  156.5   0.0     2   326    17   330    16   332 0.96 -
d1vqqa3e.3.1.1       -            341 d1xa1a_e.3.1.1.aln   -            328   2.3e-45  150.4  10.2   1   1   5.5e-47   2.6e-45  150.3  10.2    22   326     2   323     1   325 0.98 -
d1e25a_e.3.1.1       -            278 d1xa1a_e.3.1.1.aln   -            328   8.2e-41  135.4   0.0   1   1   2.1e-42   9.8e-41  135.2   0.0    37   325     5   276     1   277 0.97 -
d1tvfa2e.3.1.1       -            301 d1xa1a_e.3.1.1.aln   -            328   2.5e-35  117.4  15.3   1   1   5.9e-37   2.7e-35  117.3  15.3     5   324     2   301     1   301 0.99 -
d1xp4a2e.3.1.1       -            269 d1xa1a_e.3.1.1.aln   -            328   1.1e-22   75.9   5.7   1   1   2.6e-24   1.2e-22   75.8   5.7    34   324     2   269     1   269 0.97 -
d1es5a_e.3.1.1       -            260 d1xa1a_e.3.1.1.aln   -            328     8e-20   66.5  11.4   1   1     2e-21   9.2e-20   66.3  11.4    35   300     4   234     1   259 0.86 -
#
# Program:         hmmsearch
# Version:         3.1b2 (February 2015)
# Pipeline mode:   SEARCH
# Query file:      hmmModels95/d1xa1a_e.3.1.1.hmm
# Target file:     scop/scopTestSeq.fasta
# Option settings: hmmsearch --domtblout hmmModels95/d1xa1a_e.3.1.1.out -E 1 hmmModels95/d1xa1a_e.3.1.1.hmm scop/scopTestSeq.fasta 
# Current dir:     /users/nfs/Etu7/3801677/SBAS/TME8
# Date:            Tue Apr  4 15:54:12 2023
# [ok]
