#                                                                            --- full sequence --- -------------- this domain -------------   hmm coord   ali coord   env coord
# target name        accession   tlen query name           accession   qlen   E-value  score  bias   #  of  c-Evalue  i-Evalue  score  bias  from    to  from    to  from    to  acc description of target
#------------------- ---------- ----- -------------------- ---------- ----- --------- ------ ----- --- --- --------- --------- ------ ----- ----- ----- ----- ----- ----- ----- ---- ---------------------
d2p0wa_d.108.1.1     -            319 d1xeba_d.108.1.1.aln -            176   1.1e-59  197.0   0.6   1   1   8.2e-61   1.5e-59  196.5   0.6     2   176   119   309   118   309 0.99 -
d2pq8a_d.108.1.1     -            271 d1xeba_d.108.1.1.aln -            176   2.8e-59  195.6   0.0   1   1   2.2e-60     4e-59  195.1   0.0     1   176    66   249    66   249 0.99 -
d1boba_d.108.1.1     -            315 d1xeba_d.108.1.1.aln -            176   7.2e-55  181.3   0.7   1   1     5e-56   9.2e-55  180.9   0.7     1   176   115   305   115   305 0.99 -
d1p0ha_d.108.1.1     -            308 d1xeba_d.108.1.1.aln -            176   7.8e-44  145.4   0.0   1   2       6.7   1.2e+02   -1.9   0.0    94   107    79    92    77    97 0.84 -
d1p0ha_d.108.1.1     -            308 d1xeba_d.108.1.1.aln -            176   7.8e-44  145.4   0.0   2   2   1.7e-44   3.2e-43  143.4   0.0     1   176   108   297   108   297 0.99 -
d1z4ea1d.108.1.1     -            150 d1xeba_d.108.1.1.aln -            176   3.6e-25   84.6   0.1   1   1   2.4e-26   4.3e-25   84.3   0.1     4   148     1   143     1   149 0.97 -
d2b5ga_d.108.1.1     -            168 d1xeba_d.108.1.1.aln -            176   5.5e-22   74.2   0.2   1   1   3.2e-23   5.9e-22   74.1   0.2     5   167     3   167     1   168 0.94 -
d2fcka1d.108.1.1     -            178 d1xeba_d.108.1.1.aln -            176   1.8e-21   72.5   0.1   1   1   1.1e-22   1.9e-21   72.4   0.1     3   168    10   176     8   178 0.93 -
d2ae6a1d.108.1.1     -            161 d1xeba_d.108.1.1.aln -            176   9.3e-21   70.2   0.1   1   1   6.3e-22   1.2e-20   69.9   0.1     5   166     5   157     2   160 0.97 -
d1nsla_d.108.1.1     -            180 d1xeba_d.108.1.1.aln -            176   1.5e-20   69.5   0.1   1   1   9.3e-22   1.7e-20   69.3   0.1     2   173     8   180     7   180 0.97 -
d2cy2a1d.108.1.1     -            174 d1xeba_d.108.1.1.aln -            176   7.6e-20   67.2   0.3   1   1   4.4e-21   8.2e-20   67.1   0.3     5   166     1   167     1   174 0.97 -
d2gana1d.108.1.1     -            182 d1xeba_d.108.1.1.aln -            176   9.6e-20   66.9   0.5   1   1   5.8e-21   1.1e-19   66.7   0.5     3   163    20   181    18   182 0.97 -
d1tiqa_d.108.1.1     -            173 d1xeba_d.108.1.1.aln -            176     1e-19   66.8   0.0   1   1   6.5e-21   1.2e-19   66.6   0.0     6   159     3   161     1   172 0.89 -
d1u6ma_d.108.1.1     -            189 d1xeba_d.108.1.1.aln -            176   1.8e-19   66.0   0.1   1   1   1.2e-20   2.2e-19   65.7   0.1     7   160    22   184    16   188 0.92 -
d1ufha_d.108.1.1     -            155 d1xeba_d.108.1.1.aln -            176     1e-18   63.5   0.5   1   1   6.5e-20   1.2e-18   63.3   0.5     5   151     2   151     1   154 0.93 -
d2fiaa1d.108.1.1     -            157 d1xeba_d.108.1.1.aln -            176   1.6e-18   62.9   0.8   1   1   9.5e-20   1.7e-18   62.8   0.8     5   168     1   156     1   157 0.98 -
d1vkca_d.108.1.1     -            149 d1xeba_d.108.1.1.aln -            176   1.8e-18   62.7   0.7   1   1   1.2e-19   2.3e-18   62.4   0.7    13   149    12   143     3   148 0.93 -
d1i12a_d.108.1.1     -            157 d1xeba_d.108.1.1.aln -            176   3.4e-18   61.8   0.0   1   1   2.4e-19   4.4e-18   61.5   0.0     4   152     4   154     2   157 0.94 -
d1z4ra1d.108.1.1     -            162 d1xeba_d.108.1.1.aln -            176   3.9e-18   61.6   0.1   1   1   2.3e-19   4.2e-18   61.5   0.1     5   170     3   159     1   162 0.95 -
d1qsma_d.108.1.1     -            150 d1xeba_d.108.1.1.aln -            176   1.1e-17   60.2   0.0   1   1     7e-19   1.3e-17   60.0   0.0     3   146     1   140     1   149 0.97 -
d1mk4a_d.108.1.1     -            157 d1xeba_d.108.1.1.aln -            176   1.7e-17   59.5   0.0   1   1   1.1e-18   2.1e-17   59.3   0.0     4   153     1   134     1   144 0.95 -
d1wwza1d.108.1.1     -            157 d1xeba_d.108.1.1.aln -            176   2.8e-17   58.9   0.5   1   1   1.7e-18   3.1e-17   58.7   0.5     5   159     4   156     1   157 0.88 -
d1yk3a1d.108.1.1     -            198 d1xeba_d.108.1.1.aln -            176   4.6e-17   58.2   0.0   1   1   2.9e-18   5.4e-17   57.9   0.0    16   172    25   192    16   196 0.94 -
d1y9ka1d.108.1.1     -            152 d1xeba_d.108.1.1.aln -            176   7.3e-17   57.5   0.1   1   1   4.5e-18   8.2e-17   57.3   0.1    84   174    56   146    26   148 0.89 -
d1y9wa1d.108.1.1     -            140 d1xeba_d.108.1.1.aln -            176   2.6e-16   55.7   0.5   1   1   1.7e-17   3.2e-16   55.4   0.5    83   161    59   135    40   140 0.92 -
d1cjwa_d.108.1.1     -            166 d1xeba_d.108.1.1.aln -            176   3.5e-16   55.3   0.0   1   1   2.2e-17     4e-16   55.1   0.0     6   165     7   165     5   166 0.98 -
d2fl4a1d.108.1.1     -            146 d1xeba_d.108.1.1.aln -            176   1.4e-15   53.3   0.5   1   1   8.7e-17   1.6e-15   53.2   0.5    14   163     4   146     2   146 0.91 -
d1ghea_d.108.1.1     -            170 d1xeba_d.108.1.1.aln -            176   2.6e-15   52.5   0.0   1   1   1.7e-16   3.1e-15   52.2   0.0    15   160    15   159     9   169 0.91 -
d1n71a_d.108.1.1     -            180 d1xeba_d.108.1.1.aln -            176   8.8e-15   50.7   0.0   1   1   5.7e-16     1e-14   50.5   0.0     4   165     2   173     1   179 0.97 -
d2euia1d.108.1.1     -            153 d1xeba_d.108.1.1.aln -            176   1.5e-14   50.0   0.0   1   1   8.2e-16   1.5e-14   50.0   0.0    75   153    66   144    11   153 0.92 -
d1yx0a1d.108.1.1     -            151 d1xeba_d.108.1.1.aln -            176   4.5e-14   48.4   0.0   1   1   2.6e-15   4.8e-14   48.3   0.0     8   165     4   150     1   151 0.88 -
d1m4ia_d.108.1.1     -            181 d1xeba_d.108.1.1.aln -            176   5.5e-14   48.1   0.0   1   1   3.2e-15   5.9e-14   48.0   0.0     3   174     1   176     1   178 0.92 -
d2atra1d.108.1.1     -            137 d1xeba_d.108.1.1.aln -            176   8.8e-14   47.5   0.0   1   1   5.3e-15   9.7e-14   47.3   0.0     4   149     1   125     1   137 0.94 -
d1y7ra1d.108.1.1     -            133 d1xeba_d.108.1.1.aln -            176   2.2e-13   46.2   0.0   1   1   1.4e-14   2.6e-13   45.9   0.0    11   156     7   131     4   133 0.95 -
d1bo4a_d.108.1.1     -            137 d1xeba_d.108.1.1.aln -            176   1.7e-12   43.3   0.0   1   1   9.9e-14   1.8e-12   43.2   0.0    21   143    19   137     2   137 0.79 -
d2g3aa1d.108.1.1     -            137 d1xeba_d.108.1.1.aln -            176     4e-12   42.1   0.0   1   1   3.1e-13   5.7e-12   41.6   0.0     8   150     4   121     1   122 0.94 -
d2fsra1d.108.1.1     -            164 d1xeba_d.108.1.1.aln -            176   2.7e-10   36.1   0.0   1   1   1.6e-11   2.9e-10   36.0   0.0     1   160     6   160     6   164 0.94 -
d2jdca1d.108.1.1     -            145 d1xeba_d.108.1.1.aln -            176   3.1e-09   32.7   0.1   1   1   1.7e-10   3.1e-09   32.7   0.1    80   166    61   144     1   145 0.85 -
d2fiwa1d.108.1.1     -            156 d1xeba_d.108.1.1.aln -            176   5.7e-09   31.8   0.0   1   1   3.8e-10     7e-09   31.5   0.0    12   157    11   145     3   154 0.73 -
d1r57a_d.108.1.1     -            102 d1xeba_d.108.1.1.aln -            176   2.4e-08   29.8   0.0   1   1   1.3e-09   2.4e-08   29.8   0.0    87   140    35    89     6   102 0.85 -
d1q2ya_d.108.1.1     -            140 d1xeba_d.108.1.1.aln -            176   5.3e-08   28.7   0.0   1   1   3.7e-09   6.7e-08   28.3   0.0    11   154     8   129     6   139 0.88 -
d2aj6a1d.108.1.1     -            118 d1xeba_d.108.1.1.aln -            176   4.7e-07   25.6   0.0   1   1   2.5e-08   4.7e-07   25.6   0.0    43   124    40   115     2   118 0.78 -
d1xmta_d.108.1.1     -             95 d1xeba_d.108.1.1.aln -            176     1e-05   21.2   0.0   1   1   6.4e-07   1.2e-05   21.0   0.0    75   124    20    69     9    79 0.88 -
d2d4pa1d.108.1.1     -            130 d1xeba_d.108.1.1.aln -            176    0.0018   13.9   0.1   1   1     0.001     0.019   10.6   0.1   104   133    75   104     1   116 0.88 -
#
# Program:         hmmsearch
# Version:         3.1b2 (February 2015)
# Pipeline mode:   SEARCH
# Query file:      hmmModels95/d1xeba_d.108.1.1.hmm
# Target file:     scop/scopTestSeq.fasta
# Option settings: hmmsearch --domtblout hmmModels95/d1xeba_d.108.1.1.out -E 1 hmmModels95/d1xeba_d.108.1.1.hmm scop/scopTestSeq.fasta 
# Current dir:     /users/nfs/Etu7/3801677/SBAS/TME8
# Date:            Tue Apr  4 15:54:12 2023
# [ok]
