#                                                                            --- full sequence --- -------------- this domain -------------   hmm coord   ali coord   env coord
# target name        accession   tlen query name           accession   qlen   E-value  score  bias   #  of  c-Evalue  i-Evalue  score  bias  from    to  from    to  from    to  acc description of target
#------------------- ---------- ----- -------------------- ---------- ----- --------- ------ ----- --- --- --------- --------- ------ ----- ----- ----- ----- ----- ----- ----- ---- ---------------------
d1p1ja1c.2.1.3       -            411 d1xeaa1c.2.1.3.aln   -            189   2.6e-89  293.6   0.0   1   1     1e-90   3.3e-89  293.3   0.0     1   189    56   335    56   335 1.00 -
d3cina1c.2.1.3       -            276 d1xeaa1c.2.1.3.aln   -            189   3.9e-44  146.3   0.2   1   1   1.4e-45   4.5e-44  146.1   0.2     2   188     1   248     1   249 0.99 -
d2g82a1c.2.1.3       -            169 d1xeaa1c.2.1.3.aln   -            189   2.9e-31  104.3   0.4   1   1   9.9e-33   3.3e-31  104.1   0.4     5   184     2   168     1   169 0.95 -
d1gr0a1c.2.1.3       -            244 d1xeaa1c.2.1.3.aln   -            189   1.2e-29   99.1   2.5   1   1     4e-31   1.3e-29   98.9   2.5     3   189     2   224     1   224 0.98 -
d1h6da1c.2.1.3       -            222 d1xeaa1c.2.1.3.aln   -            189   2.5e-27   91.5   0.1   1   1   8.4e-29   2.8e-27   91.3   0.1     3   185    33   220    31   222 0.97 -
d2nvwa1c.2.1.3       -            238 d1xeaa1c.2.1.3.aln   -            189   9.1e-22   73.3   0.0   1   1   3.1e-23     1e-21   73.1   0.0     2   189    15   224    14   224 0.99 -
d1qkia1c.2.1.3       -            204 d1xeaa1c.2.1.3.aln   -            189   6.8e-20   67.2   0.0   1   1   2.3e-21   7.6e-20   67.0   0.0     2   186    20   202    19   204 0.98 -
d1cf2o1c.2.1.3       -            172 d1xeaa1c.2.1.3.aln   -            189   4.2e-13   45.1   0.7   1   1   1.4e-14   4.7e-13   44.9   0.7     4   140     2   132     1   159 0.94 -
d1zh8a1c.2.1.3       -            182 d1xeaa1c.2.1.3.aln   -            189   1.3e-12   43.5   0.0   1   1   4.7e-14   1.5e-12   43.2   0.0     2   151     2   153     1   164 0.92 -
d1h9aa1c.2.1.3       -            196 d1xeaa1c.2.1.3.aln   -            189   3.5e-12   42.0   0.1   1   1   1.3e-13   4.2e-12   41.8   0.1     2   184     5   188     4   192 0.97 -
d1vkna1c.2.1.3       -            177 d1xeaa1c.2.1.3.aln   -            189   1.6e-11   39.9   0.0   1   1   5.7e-13   1.9e-11   39.7   0.0     5   179     4   166     1   172 0.94 -
d1ydwa1c.2.1.3       -            185 d1xeaa1c.2.1.3.aln   -            189   1.9e-10   36.4   0.0   1   1   6.4e-12   2.1e-10   36.3   0.0     4   152     2   153     1   183 0.92 -
d1f06a1c.2.1.3       -            171 d1xeaa1c.2.1.3.aln   -            189   2.5e-10   36.0   0.0   1   1   8.6e-12   2.8e-10   35.8   0.0     3   183     3   169     1   171 0.91 -
d1tlta1c.2.1.3       -            165 d1xeaa1c.2.1.3.aln   -            189   4.6e-09   31.9   0.0   1   1   5.6e-10   1.8e-08   29.9   0.0     4   129     2   116     1   165 0.79 -
d1drua1c.2.1.3       -            161 d1xeaa1c.2.1.3.aln   -            189   7.4e-09   31.2   0.2   1   1   2.8e-10   9.2e-09   30.9   0.2     5   132     5   127     2   140 0.90 -
d1q0qa2c.2.1.3       -            152 d1xeaa1c.2.1.3.aln   -            189   1.2e-08   30.5   0.0   1   1   4.7e-10   1.6e-08   30.2   0.0     3   183     2   151     1   152 0.95 -
d1e5qa1c.2.1.3       -            183 d1xeaa1c.2.1.3.aln   -            189   1.4e-08   30.3   0.1   1   1   5.1e-10   1.7e-08   30.0   0.1     5   177     4   173     1   181 0.86 -
d1lc0a1c.2.1.3       -            173 d1xeaa1c.2.1.3.aln   -            189   2.7e-08   29.4   0.0   1   1   8.9e-10   2.9e-08   29.3   0.0     3   135     7   126     5   157 0.91 -
d1nvmb1c.2.1.3       -            158 d1xeaa1c.2.1.3.aln   -            189   8.4e-06   21.2   0.3   1   1   3.1e-07     1e-05   21.0   0.3     3    86     4    83     2   152 0.81 -
d1t4ba1c.2.1.3       -            147 d1xeaa1c.2.1.3.aln   -            189   0.00011   17.6   0.0   1   1   3.7e-06   0.00012   17.5   0.0     3    97     2    88     1   141 0.80 -
d1ebfa1c.2.1.3       -            169 d1xeaa1c.2.1.3.aln   -            189   0.00095   14.5   0.0   1   1   0.00015    0.0048   12.3   0.0     2   168     3   152     2   169 0.58 -
d1j5pa4c.2.1.3       -            133 d1xeaa1c.2.1.3.aln   -            189    0.0015   13.9   0.0   1   1   6.6e-05    0.0022   13.4   0.0     2    27     1    54     1   108 0.70 -
d1yl7a1c.2.1.3       -            136 d1xeaa1c.2.1.3.aln   -            189    0.0019   13.6   0.2   1   1   0.00043     0.014   10.7   0.2     5    38     2    32     1   118 0.63 -
d1vm6a3c.2.1.3       -            129 d1xeaa1c.2.1.3.aln   -            189     0.003   12.9   0.1   1   1   0.00016    0.0054   12.1   0.1    70   122    37    91     1   105 0.86 -
#
# Program:         hmmsearch
# Version:         3.1b2 (February 2015)
# Pipeline mode:   SEARCH
# Query file:      hmmModels95/d1xeaa1c.2.1.3.hmm
# Target file:     scop/scopTestSeq.fasta
# Option settings: hmmsearch --domtblout hmmModels95/d1xeaa1c.2.1.3.out -E 1 hmmModels95/d1xeaa1c.2.1.3.hmm scop/scopTestSeq.fasta 
# Current dir:     /users/nfs/Etu7/3801677/SBAS/TME8
# Date:            Tue Apr  4 15:54:12 2023
# [ok]
