#                                                                            --- full sequence --- -------------- this domain -------------   hmm coord   ali coord   env coord
# target name        accession   tlen query name           accession   qlen   E-value  score  bias   #  of  c-Evalue  i-Evalue  score  bias  from    to  from    to  from    to  acc description of target
#------------------- ---------- ----- -------------------- ---------- ----- --------- ------ ----- --- --- --------- --------- ------ ----- ----- ----- ----- ----- ----- ----- ---- ---------------------
d2k5ga1d.129.3.5     -            183 d1xfsa_d.129.3.5.aln -            154   1.2e-61  202.9   0.0   1   1   1.8e-63   1.4e-61  202.6   0.0     2   153    14   164    13   165 0.99 -
d2il5a1d.129.3.5     -            164 d1xfsa_d.129.3.5.aln -            154   2.2e-49  163.0   1.6   1   1   3.2e-51   2.5e-49  162.9   1.6     1   154     1   155     1   155 0.99 -
d1xuva_d.129.3.5     -            163 d1xfsa_d.129.3.5.aln -            154     7e-49  161.4   0.1   1   1   9.9e-51   7.8e-49  161.3   0.1     2   153     7   159     6   160 0.98 -
d2nn5a1d.129.3.5     -            160 d1xfsa_d.129.3.5.aln -            154   7.7e-49  161.3   0.3   1   1   1.1e-50   8.5e-49  161.2   0.3     2   153     7   159     6   160 0.99 -
d3elia1d.129.3.5     -            143 d1xfsa_d.129.3.5.aln -            154   1.4e-45  150.7   0.2   1   1     2e-47   1.6e-45  150.5   0.2     8   150     2   143     1   143 0.99 -
d1xn5a_d.129.3.5     -            138 d1xfsa_d.129.3.5.aln -            154   6.5e-45  148.6   2.3   1   1     9e-47   7.1e-45  148.4   2.3     4   151     2   138     1   138 0.98 -
d2l65a1d.129.3.5     -            155 d1xfsa_d.129.3.5.aln -            154     1e-43  144.7   0.9   1   1   1.4e-45   1.1e-43  144.5   0.9     4   153     1   152     1   153 0.99 -
d1z94a1d.129.3.5     -            143 d1xfsa_d.129.3.5.aln -            154     2e-41  137.2   0.0   1   1   2.8e-43   2.2e-41  137.1   0.0     7   151     2   142     1   143 0.99 -
d1x53a1d.129.3.5     -            132 d1xfsa_d.129.3.5.aln -            154   1.2e-33  112.0   0.3   1   1   2.5e-35   1.9e-33  111.3   0.3     5   153     2   131     1   132 0.98 -
d1xfsa_d.129.3.5     -            165 d1xfsa_d.129.3.5.aln -            154   1.2e-06   24.2   0.1   1   2   3.9e-08   3.1e-06   22.9   0.0     8    66     6    64     3    87 0.81 -
d1xfsa_d.129.3.5     -            165 d1xfsa_d.129.3.5.aln -            154   1.2e-06   24.2   0.1   2   2      0.97        76   -1.1   0.0   133   152   143   162   107   164 0.74 -
#
# Program:         hmmsearch
# Version:         3.1b2 (February 2015)
# Pipeline mode:   SEARCH
# Query file:      hmmModels95/d1xfsa_d.129.3.5.hmm
# Target file:     scop/scopTestSeq.fasta
# Option settings: hmmsearch --domtblout hmmModels95/d1xfsa_d.129.3.5.out -E 1 hmmModels95/d1xfsa_d.129.3.5.hmm scop/scopTestSeq.fasta 
# Current dir:     /users/nfs/Etu7/3801677/SBAS/TME8
# Date:            Tue Apr  4 15:54:12 2023
# [ok]
