#                                                                            --- full sequence --- -------------- this domain -------------   hmm coord   ali coord   env coord
# target name        accession   tlen query name           accession   qlen   E-value  score  bias   #  of  c-Evalue  i-Evalue  score  bias  from    to  from    to  from    to  acc description of target
#------------------- ---------- ----- -------------------- ---------- ----- --------- ------ ----- --- --- --------- --------- ------ ----- ----- ----- ----- ----- ----- ----- ---- ---------------------
d1p0ha_d.108.1.1     -            308 d1xmta_d.108.1.1.aln -            273  2.7e-110  363.4   0.0   1   2  1.1e-110  2.1e-109  360.5   0.0     6   273     1   268     1   268 1.00 -
d1p0ha_d.108.1.1     -            308 d1xmta_d.108.1.1.aln -            273  2.7e-110  363.4   0.0   2   2      0.54        10    0.8   0.0   129   152   277   300   275   304 0.90 -
d2p0wa_d.108.1.1     -            319 d1xmta_d.108.1.1.aln -            273  6.7e-108  355.6   0.2   1   1  4.1e-109  7.8e-108  355.4   0.2     1   269    50   319    50   319 1.00 -
d1boba_d.108.1.1     -            315 d1xmta_d.108.1.1.aln -            273     4e-96  317.0   1.1   1   1   2.4e-97   4.6e-96  316.8   1.1     1   273    42   315    42   315 1.00 -
d2pq8a_d.108.1.1     -            271 d1xmta_d.108.1.1.aln -            273   9.2e-90  296.1   0.1   1   1   5.5e-91     1e-89  295.9   0.1     7   273     2   262     1   262 0.99 -
d1u6ma_d.108.1.1     -            189 d1xmta_d.108.1.1.aln -            273   1.8e-26   88.5   0.1   1   1   1.1e-27   2.1e-26   88.3   0.1     2   168    21   187    20   189 0.98 -
d1tiqa_d.108.1.1     -            173 d1xmta_d.108.1.1.aln -            273   1.7e-20   69.0   0.1   1   1     1e-21   1.9e-20   68.8   0.1     6   169     3   166     1   172 0.96 -
d2b5ga_d.108.1.1     -            168 d1xmta_d.108.1.1.aln -            273   3.8e-18   61.2   0.1   1   1   2.3e-19   4.4e-18   61.0   0.1    10   172     6   167     2   168 0.94 -
d2euia1d.108.1.1     -            153 d1xmta_d.108.1.1.aln -            273   4.4e-16   54.5   0.0   1   1   2.7e-17     5e-16   54.3   0.0    36   163    22   149    16   153 0.94 -
d1z4ea1d.108.1.1     -            150 d1xmta_d.108.1.1.aln -            273   5.6e-16   54.1   0.1   1   1   3.7e-17   6.9e-16   53.8   0.1    26   152    16   142     4   148 0.96 -
d2cy2a1d.108.1.1     -            174 d1xmta_d.108.1.1.aln -            273     1e-15   53.2   0.1   1   1   6.6e-17   1.2e-15   53.0   0.1    26   156    22   152     9   162 0.94 -
d1y9wa1d.108.1.1     -            140 d1xmta_d.108.1.1.aln -            273   3.9e-15   51.3   0.3   1   1   2.3e-16   4.3e-15   51.2   0.3    43   166    14   135     5   140 0.93 -
d1ufha_d.108.1.1     -            155 d1xmta_d.108.1.1.aln -            273   1.2e-14   49.7   0.3   1   1   7.5e-16   1.4e-14   49.5   0.3    14   158     9   153     2   155 0.89 -
d2fiaa1d.108.1.1     -            157 d1xmta_d.108.1.1.aln -            273   2.5e-14   48.7   0.3   1   1   1.5e-15   2.7e-14   48.6   0.3    61   171    44   154    26   157 0.92 -
d2ae6a1d.108.1.1     -            161 d1xmta_d.108.1.1.aln -            273   3.2e-14   48.3   0.0   1   1   1.8e-15   3.4e-14   48.3   0.0    23   169     9   155     1   160 0.86 -
d1ghea_d.108.1.1     -            170 d1xmta_d.108.1.1.aln -            273   4.5e-14   47.9   0.0   1   1   2.7e-15   5.1e-14   47.7   0.0    25   174    20   168     5   170 0.94 -
d1qsma_d.108.1.1     -            150 d1xmta_d.108.1.1.aln -            273   3.3e-13   45.0   0.1   1   1   1.9e-14   3.5e-13   44.9   0.1    47   160    36   149     9   150 0.90 -
d1z4ra1d.108.1.1     -            162 d1xmta_d.108.1.1.aln -            273   3.6e-13   44.9   0.0   1   1   2.1e-14   3.9e-13   44.8   0.0     3   172     4   160     2   162 0.94 -
d1m4ia_d.108.1.1     -            181 d1xmta_d.108.1.1.aln -            273   1.1e-12   43.3   0.0   1   1   6.3e-14   1.2e-12   43.2   0.0    15   190     1   177     1   181 0.82 -
d1bo4a_d.108.1.1     -            137 d1xmta_d.108.1.1.aln -            273   2.4e-12   42.2   0.0   1   1   1.3e-13   2.5e-12   42.1   0.0    40   148    29   137    11   137 0.88 -
d2fl4a1d.108.1.1     -            146 d1xmta_d.108.1.1.aln -            273   3.7e-12   41.6   0.2   1   1   2.2e-13   4.1e-12   41.4   0.2    39   154    17   132     1   142 0.76 -
d1mk4a_d.108.1.1     -            157 d1xmta_d.108.1.1.aln -            273   6.8e-12   40.7   0.0   1   1   4.2e-13     8e-12   40.5   0.0    43   159    19   135     3   145 0.88 -
d1yk3a1d.108.1.1     -            198 d1xmta_d.108.1.1.aln -            273   6.9e-12   40.7   0.0   1   1     4e-13   7.5e-12   40.6   0.0     4   192     6   195     3   198 0.97 -
d1wwza1d.108.1.1     -            157 d1xmta_d.108.1.1.aln -            273   9.3e-12   40.3   0.4   1   1   5.5e-13     1e-11   40.1   0.4    28   163    21   155     3   157 0.88 -
d1vkca_d.108.1.1     -            149 d1xmta_d.108.1.1.aln -            273   1.3e-11   39.8   0.4   1   1     8e-13   1.5e-11   39.6   0.4    30   151    20   140     3   147 0.90 -
d1nsla_d.108.1.1     -            180 d1xmta_d.108.1.1.aln -            273   2.9e-11   38.7   0.1   1   1   1.6e-12     3e-11   38.6   0.1     5   172     6   174     2   180 0.93 -
d2g3aa1d.108.1.1     -            137 d1xmta_d.108.1.1.aln -            273     3e-11   38.6   0.0   1   1   1.9e-12   3.6e-11   38.3   0.0    74   154    42   120    23   126 0.92 -
d2fcka1d.108.1.1     -            178 d1xmta_d.108.1.1.aln -            273     8e-11   37.2   0.1   1   1   5.3e-12   9.9e-11   36.9   0.1    14   163    16   166     6   174 0.95 -
d2jdca1d.108.1.1     -            145 d1xmta_d.108.1.1.aln -            273   1.2e-09   33.4   0.1   1   1   7.3e-11   1.4e-09   33.2   0.1    33   161     9   134     2   144 0.89 -
d2fiwa1d.108.1.1     -            156 d1xmta_d.108.1.1.aln -            273   4.8e-09   31.4   0.0   1   1   2.9e-10   5.5e-09   31.2   0.0    22   154     8   137     1   144 0.94 -
d1q2ya_d.108.1.1     -            140 d1xmta_d.108.1.1.aln -            273   3.3e-08   28.6   0.1   1   1   1.8e-09   3.4e-08   28.6   0.1    59   162    32   132     6   140 0.87 -
d1yx0a1d.108.1.1     -            151 d1xmta_d.108.1.1.aln -            273   3.8e-08   28.4   0.0   1   1   2.1e-09     4e-08   28.4   0.0    31   154     9   134     2   151 0.81 -
d1cjwa_d.108.1.1     -            166 d1xmta_d.108.1.1.aln -            273   6.1e-08   27.7   0.0   1   1   3.6e-09   6.7e-08   27.6   0.0    23   169    20   164     5   166 0.89 -
d1xeba_d.108.1.1     -            149 d1xmta_d.108.1.1.aln -            273   2.2e-07   25.9   0.5   1   2    0.0089      0.17    6.6   0.0   223   241     2    20     1    21 0.91 -
d1xeba_d.108.1.1     -            149 d1xmta_d.108.1.1.aln -            273   2.2e-07   25.9   0.5   2   2   3.3e-06   6.2e-05   17.9   0.1    92   160    74   140    47   146 0.83 -
d1n71a_d.108.1.1     -            180 d1xmta_d.108.1.1.aln -            273   8.3e-07   24.0   0.0   1   1   4.7e-08   8.9e-07   23.9   0.0     2   177     2   177     1   180 0.95 -
d2atra1d.108.1.1     -            137 d1xmta_d.108.1.1.aln -            273     3e-06   22.2   0.0   1   1   1.7e-07   3.1e-06   22.1   0.0    87   156    61   127     2   136 0.73 -
d2gana1d.108.1.1     -            182 d1xmta_d.108.1.1.aln -            273   5.6e-06   21.3   0.7   1   1   6.3e-06   0.00012   17.0   0.7    17   182    14   180     3   182 0.85 -
d1y7ra1d.108.1.1     -            133 d1xmta_d.108.1.1.aln -            273   8.6e-06   20.7   0.0   1   1   5.2e-07   9.7e-06   20.5   0.0    69   153    40   123    26   132 0.83 -
d1i12a_d.108.1.1     -            157 d1xmta_d.108.1.1.aln -            273   9.5e-06   20.6   0.0   1   1   9.9e-07   1.9e-05   19.6   0.0    92   150    92   147    77   151 0.91 -
d2aj6a1d.108.1.1     -            118 d1xmta_d.108.1.1.aln -            273   2.2e-05   19.4   0.0   1   1   1.2e-06   2.2e-05   19.4   0.0    60   129    46   115     7   117 0.88 -
d1y9ka1d.108.1.1     -            152 d1xmta_d.108.1.1.aln -            273   4.6e-05   18.3   0.0   1   2       1.4        27   -0.6   0.0   113   136    32    55    21    64 0.80 -
d1y9ka1d.108.1.1     -            152 d1xmta_d.108.1.1.aln -            273   4.6e-05   18.3   0.0   2   2   6.4e-06   0.00012   16.9   0.0    94   151    61   118    37   139 0.85 -
d1r57a_d.108.1.1     -            102 d1xmta_d.108.1.1.aln -            273   6.8e-05   17.8   0.0   1   1     4e-06   7.5e-05   17.6   0.0    73   136    16    79     3    89 0.86 -
d2fsra1d.108.1.1     -            164 d1xmta_d.108.1.1.aln -            273    0.0081   10.9   0.0   1   1   0.00049    0.0091   10.8   0.0    17   150    11   145     2   155 0.79 -
#
# Program:         hmmsearch
# Version:         3.1b2 (February 2015)
# Pipeline mode:   SEARCH
# Query file:      hmmModels95/d1xmta_d.108.1.1.hmm
# Target file:     scop/scopTestSeq.fasta
# Option settings: hmmsearch --domtblout hmmModels95/d1xmta_d.108.1.1.out -E 1 hmmModels95/d1xmta_d.108.1.1.hmm scop/scopTestSeq.fasta 
# Current dir:     /users/nfs/Etu7/3801677/SBAS/TME8
# Date:            Tue Apr  4 15:54:12 2023
# [ok]
