#                                                                            --- full sequence --- -------------- this domain -------------   hmm coord   ali coord   env coord
# target name        accession   tlen query name           accession   qlen   E-value  score  bias   #  of  c-Evalue  i-Evalue  score  bias  from    to  from    to  from    to  acc description of target
#------------------- ---------- ----- -------------------- ---------- ----- --------- ------ ----- --- --- --------- --------- ------ ----- ----- ----- ----- ----- ----- ----- ---- ---------------------
d2k5ga1d.129.3.5     -            183 d1xn5a_d.129.3.5.aln -            157   1.6e-61  202.5   0.0   1   1   2.3e-63   1.8e-61  202.3   0.0     2   157    14   166    13   166 0.99 -
d1xfsa_d.129.3.5     -            165 d1xn5a_d.129.3.5.aln -            157   2.7e-51  169.3   0.0   1   1   3.8e-53     3e-51  169.1   0.0     4   157     2   165     1   165 0.98 -
d1xuva_d.129.3.5     -            163 d1xn5a_d.129.3.5.aln -            157   3.3e-51  169.0   0.1   1   1   4.6e-53   3.6e-51  168.9   0.1     2   156     7   160     6   161 0.99 -
d2il5a1d.129.3.5     -            164 d1xn5a_d.129.3.5.aln -            157   5.8e-51  168.2   2.2   1   1   8.1e-53   6.4e-51  168.1   2.2     1   157     1   164     1   164 0.99 -
d3elia1d.129.3.5     -            143 d1xn5a_d.129.3.5.aln -            157   4.6e-48  158.8   0.2   1   1   6.4e-50   5.1e-48  158.7   0.2     8   152     2   143     1   143 0.99 -
d2l65a1d.129.3.5     -            155 d1xn5a_d.129.3.5.aln -            157   4.1e-43  142.7   0.7   1   1   5.8e-45   4.5e-43  142.6   0.7     6   156     1   153     1   154 0.99 -
d2nn5a1d.129.3.5     -            160 d1xn5a_d.129.3.5.aln -            157   1.7e-42  140.7   0.4   1   1   2.4e-44   1.9e-42  140.6   0.4     2   153     7   160     6   160 0.99 -
d1z94a1d.129.3.5     -            143 d1xn5a_d.129.3.5.aln -            157   2.9e-41  136.7   0.0   1   1     4e-43   3.2e-41  136.6   0.0     7   153     2   142     1   143 0.98 -
d1x53a1d.129.3.5     -            132 d1xn5a_d.129.3.5.aln -            157   5.7e-33  109.8   0.3   1   1   8.1e-35   6.4e-33  109.6   0.3     5   156     2   132     1   132 0.98 -
d1xn5a_d.129.3.5     -            138 d1xn5a_d.129.3.5.aln -            157   7.4e-21   70.4   1.4   1   1   1.2e-22   9.5e-21   70.1   1.4     8   152     6   137     4   138 0.92 -
#
# Program:         hmmsearch
# Version:         3.1b2 (February 2015)
# Pipeline mode:   SEARCH
# Query file:      hmmModels95/d1xn5a_d.129.3.5.hmm
# Target file:     scop/scopTestSeq.fasta
# Option settings: hmmsearch --domtblout hmmModels95/d1xn5a_d.129.3.5.out -E 1 hmmModels95/d1xn5a_d.129.3.5.hmm scop/scopTestSeq.fasta 
# Current dir:     /users/nfs/Etu7/3801677/SBAS/TME8
# Date:            Tue Apr  4 15:54:13 2023
# [ok]
