#                                                                            --- full sequence --- -------------- this domain -------------   hmm coord   ali coord   env coord
# target name        accession   tlen query name           accession   qlen   E-value  score  bias   #  of  c-Evalue  i-Evalue  score  bias  from    to  from    to  from    to  acc description of target
#------------------- ---------- ----- -------------------- ---------- ----- --------- ------ ----- --- --- --------- --------- ------ ----- ----- ----- ----- ----- ----- ----- ---- ---------------------
d1jeta_c.94.1.1      -            517 d1xoca1c.94.1.1.aln  -            339  8.1e-106  349.3  14.3   1   1  2.6e-107  1.2e-105  348.8  14.3     2   339   130   500   129   500 1.00 -
d1vr5a1c.94.1.1      -            535 d1xoca1c.94.1.1.aln  -            339   2.4e-92  305.2  20.2   1   2      0.92        40   -0.7   0.0   200   236    77   113    63   117 0.88 -
d1vr5a1c.94.1.1      -            535 d1xoca1c.94.1.1.aln  -            339   2.4e-92  305.2  20.2   2   2   5.5e-94   2.4e-92  305.1  18.3     1   339   125   505   125   505 1.00 -
d3vlva_c.94.1.1      -            490 d1xoca1c.94.1.1.aln  -            339   5.3e-82  271.2  14.5   1   1   1.5e-83   6.6e-82  270.9  14.5     1   339   121   483   121   483 0.99 -
d1uqwa_c.94.1.1      -            487 d1xoca1c.94.1.1.aln  -            339   8.5e-69  227.9  13.4   1   2       8.1   3.5e+02   -3.8   0.0   176   202    71    97    47   107 0.61 -
d1uqwa_c.94.1.1      -            487 d1xoca1c.94.1.1.aln  -            339   8.5e-69  227.9  13.4   2   2   1.9e-70   8.5e-69  227.9  13.4     1   338   122   472   122   473 0.99 -
d2nooa_c.94.1.1      -            496 d1xoca1c.94.1.1.aln  -            339     1e-67  224.3   0.2   1   1   2.9e-69   1.3e-67  224.0   0.2     1   338   119   481   119   482 0.99 -
d1ursa_c.94.1.1      -            367 d1xoca1c.94.1.1.aln  -            339   1.2e-40  135.5  11.7   1   1   3.6e-42   1.6e-40  135.1  11.7     9   329    11   347     5   354 0.96 -
d1eu8a_c.94.1.1      -            407 d1xoca1c.94.1.1.aln  -            339   3.8e-36  120.8   9.6   1   1   9.7e-38   4.3e-36  120.6   9.6     2   336    24   393    23   396 0.98 -
d1q35a_c.94.1.1      -            318 d1xoca1c.94.1.1.aln  -            339   3.2e-30  101.3   2.7   1   1     9e-32   3.9e-30  101.0   2.7     7   322     5   315     2   318 0.98 -
d1nnfa_c.94.1.1      -            308 d1xoca1c.94.1.1.aln  -            339   1.3e-27   92.8   8.1   1   1   3.3e-29   1.5e-27   92.6   8.1     6   281     2   270     1   306 0.95 -
d3thia_c.94.1.1      -            362 d1xoca1c.94.1.1.aln  -            339   8.2e-25   83.5   0.6   1   1   2.1e-26   9.2e-25   83.4   0.6     4   336    13   346    10   349 0.97 -
d1pb7a_c.94.1.1      -            289 d1xoca1c.94.1.1.aln  -            339   6.1e-21   70.8   0.0   1   1   1.8e-22   7.8e-21   70.5   0.0    31   325     3   287     1   289 0.94 -
d1r9la_c.94.1.1      -            309 d1xoca1c.94.1.1.aln  -            339   2.4e-15   52.5  11.2   1   1   7.1e-17   3.1e-15   52.1  11.2    10   330    16   300     7   307 0.95 -
d2czla1c.94.1.1      -            270 d1xoca1c.94.1.1.aln  -            339   1.9e-11   39.7   0.0   1   1   5.1e-13   2.2e-11   39.5   0.0    84   322    38   254     7   269 0.89 -
d1sbpa_c.94.1.1      -            309 d1xoca1c.94.1.1.aln  -            339   2.1e-10   36.3   9.5   1   1   5.4e-12   2.4e-10   36.1   9.5     3   323     7   298     5   306 0.96 -
d1xt8a1c.94.1.1      -            248 d1xoca1c.94.1.1.aln  -            339   2.6e-05   19.6   2.9   1   1   1.1e-06   4.9e-05   18.7   2.9    86   242    31   169     8   243 0.71 -
d2i6ea1c.94.1.1      -            272 d1xoca1c.94.1.1.aln  -            339   0.00013   17.2   0.0   1   1   3.7e-06   0.00016   16.9   0.0    81   332    25   266     7   271 0.91 -
d1ii5a_c.94.1.1      -            226 d1xoca1c.94.1.1.aln  -            339    0.0028   12.9   0.1   1   1   6.4e-05    0.0028   12.9   0.1   134   302    58   218    10   226 0.78 -
d2nxoa1c.94.1.1      -            277 d1xoca1c.94.1.1.aln  -            339    0.0028   12.9   0.2   1   2       4.6     2e+02   -3.0   0.0   128   161    65    98    44   100 0.70 -
d2nxoa1c.94.1.1      -            277 d1xoca1c.94.1.1.aln  -            339    0.0028   12.9   0.2   2   2   0.00012    0.0051   12.1   0.1   225   335   168   273   151   277 0.91 -
#
# Program:         hmmsearch
# Version:         3.1b2 (February 2015)
# Pipeline mode:   SEARCH
# Query file:      hmmModels95/d1xoca1c.94.1.1.hmm
# Target file:     scop/scopTestSeq.fasta
# Option settings: hmmsearch --domtblout hmmModels95/d1xoca1c.94.1.1.out -E 1 hmmModels95/d1xoca1c.94.1.1.hmm scop/scopTestSeq.fasta 
# Current dir:     /users/nfs/Etu7/3801677/SBAS/TME8
# Date:            Tue Apr  4 15:54:13 2023
# [ok]
