#                                                                            --- full sequence --- -------------- this domain -------------   hmm coord   ali coord   env coord
# target name        accession   tlen query name           accession   qlen   E-value  score  bias   #  of  c-Evalue  i-Evalue  score  bias  from    to  from    to  from    to  acc description of target
#------------------- ---------- ----- -------------------- ---------- ----- --------- ------ ----- --- --- --------- --------- ------ ----- ----- ----- ----- ----- ----- ----- ---- ---------------------
d2bg1a1e.3.1.1       -            453 d1xp4a2e.3.1.1.aln   -            311     1e-95  316.1  14.4   1   1   3.1e-97   1.4e-95  315.6  14.4     1   311    52   432    52   432 0.98 -
d1qmea4e.3.1.1       -            357 d1xp4a2e.3.1.1.aln   -            311   7.2e-88  290.3   5.9   1   1   1.7e-89   8.1e-88  290.2   5.9     2   310     2   339     1   340 0.99 -
d2hdsa_e.3.1.1       -            358 d1xp4a2e.3.1.1.aln   -            311   9.3e-81  267.0   2.9   1   1   2.3e-82     1e-80  266.8   2.9     1   309    20   358    20   358 0.99 -
d2p74a_e.3.1.1       -            263 d1xp4a2e.3.1.1.aln   -            311   4.3e-75  248.3   3.3   1   1     1e-76   4.8e-75  248.2   3.3    30   308     2   263     1   263 0.99 -
d2v2ff_e.3.1.1       -            384 d1xp4a2e.3.1.1.aln   -            311     1e-71  237.3  18.1   1   1   2.5e-73   1.2e-71  237.1  18.1     2   311    32   363    31   363 0.99 -
d2olua2e.3.1.1       -            400 d1xp4a2e.3.1.1.aln   -            311   1.4e-70  233.5  12.7   1   1   3.6e-72   1.7e-70  233.3  12.7     1   309    34   377    34   379 0.99 -
d1alqa_e.3.1.1       -            263 d1xp4a2e.3.1.1.aln   -            311   6.3e-60  198.5   3.2   1   1   1.6e-61   7.4e-60  198.3   3.2    15   268    24   262    11   263 0.97 -
d2drwa1e.3.1.1       -            362 d1xp4a2e.3.1.1.aln   -            311   1.3e-58  194.2   0.0   1   1   3.2e-60   1.5e-58  194.0   0.0     3   310    20   359    18   360 0.98 -
d2dcfa1e.3.1.1       -            388 d1xp4a2e.3.1.1.aln   -            311   4.1e-54  179.5   0.0   1   1   9.8e-56   4.6e-54  179.3   0.0     2   310    36   387    35   388 0.99 -
d1yqsa_e.3.1.1       -            345 d1xp4a2e.3.1.1.aln   -            311   1.3e-49  164.7   5.7   1   1   3.1e-51   1.4e-49  164.5   5.7     1   309    19   342    19   344 0.98 -
d1e25a_e.3.1.1       -            278 d1xp4a2e.3.1.1.aln   -            311   1.1e-44  148.4   0.0   1   1   2.6e-46   1.2e-44  148.3   0.0    43   309    14   276     1   278 0.93 -
d1vqqa3e.3.1.1       -            341 d1xp4a2e.3.1.1.aln   -            311   3.4e-43  143.6   8.5   1   1   8.3e-45   3.9e-43  143.4   8.5     7   310     2   331     1   332 0.98 -
d1ci9a_e.3.1.1       -            377 d1xp4a2e.3.1.1.aln   -            311   1.4e-42  141.6   0.0   1   1   3.3e-44   1.5e-42  141.4   0.0     2   308    21   375    20   377 0.95 -
d1ei5a3e.3.1.1       -            333 d1xp4a2e.3.1.1.aln   -            311   2.8e-39  130.7   0.0   1   1   6.8e-41   3.2e-39  130.6   0.0     2   310    20   332    19   333 0.97 -
d1xa1a_e.3.1.1       -            246 d1xp4a2e.3.1.1.aln   -            311   8.7e-38  125.8   6.4   1   1     2e-39   9.3e-38  125.7   6.4    35   306    14   243     1   246 0.93 -
d1tvfa2e.3.1.1       -            301 d1xp4a2e.3.1.1.aln   -            311   6.7e-32  106.5  15.1   1   1   1.6e-33   7.4e-32  106.3  15.1    16   310     3   300     1   301 0.94 -
d1es5a_e.3.1.1       -            260 d1xp4a2e.3.1.1.aln   -            311   5.9e-27   90.2  11.4   1   1   1.5e-28   6.8e-27   90.0  11.4    43   256     2   224     1   256 0.92 -
#
# Program:         hmmsearch
# Version:         3.1b2 (February 2015)
# Pipeline mode:   SEARCH
# Query file:      hmmModels95/d1xp4a2e.3.1.1.hmm
# Target file:     scop/scopTestSeq.fasta
# Option settings: hmmsearch --domtblout hmmModels95/d1xp4a2e.3.1.1.out -E 1 hmmModels95/d1xp4a2e.3.1.1.hmm scop/scopTestSeq.fasta 
# Current dir:     /users/nfs/Etu7/3801677/SBAS/TME8
# Date:            Tue Apr  4 15:54:13 2023
# [ok]
