#                                                                            --- full sequence --- -------------- this domain -------------   hmm coord   ali coord   env coord
# target name        accession   tlen query name           accession   qlen   E-value  score  bias   #  of  c-Evalue  i-Evalue  score  bias  from    to  from    to  from    to  acc description of target
#------------------- ---------- ----- -------------------- ---------- ----- --------- ------ ----- --- --- --------- --------- ------ ----- ----- ----- ----- ----- ----- ----- ---- ---------------------
d1y7ea2c.56.5.4      -            323 d1y0ya3c.56.5.4.aln  -            278   3.7e-99  326.7   0.1   1   1  5.8e-101   4.2e-99  326.5   0.1     1   273    14   323    14   323 0.99 -
d1r3na1c.56.5.4      -            323 d1y0ya3c.56.5.4.aln  -            278   9.1e-97  318.8   0.0   1   1   1.4e-98     1e-96  318.7   0.0     1   277    20   317    20   318 0.99 -
d1fnoa4c.56.5.4      -            296 d1y0ya3c.56.5.4.aln  -            278   9.7e-82  269.5   0.0   1   1   1.5e-83   1.1e-81  269.3   0.0     2   276     2   294     1   296 0.99 -
d1z2la1c.56.5.4      -            294 d1y0ya3c.56.5.4.aln  -            278   5.3e-77  254.0   0.0   1   1   8.3e-79   5.9e-77  253.8   0.0     2   278     3   294     2   294 0.99 -
d1rtqa_c.56.5.4      -            291 d1y0ya3c.56.5.4.aln  -            278   1.9e-69  229.2   0.5   1   1     3e-71   2.2e-69  229.0   0.5     2   275    20   290    19   291 0.99 -
d1tkja_c.56.5.4      -            277 d1y0ya3c.56.5.4.aln  -            278   2.3e-59  196.2   0.1   1   1   3.5e-61   2.5e-59  196.0   0.1     1   275     7   276     7   277 0.99 -
d1vgya1c.56.5.4      -            263 d1y0ya3c.56.5.4.aln  -            278   2.6e-56  186.1   0.0   1   1   3.9e-58   2.8e-56  186.0   0.0    12   274     2   262     1   263 0.99 -
d1lfwa1c.56.5.4      -            273 d1y0ya3c.56.5.4.aln  -            278   2.4e-55  182.9   0.1   1   1   3.8e-57   2.7e-55  182.8   0.1     9   277     2   272     1   273 0.99 -
d1cg2a1c.56.5.4      -            277 d1y0ya3c.56.5.4.aln  -            278   5.7e-53  175.1   0.3   1   1   8.8e-55   6.3e-53  175.0   0.3     2   275     5   275     4   277 0.99 -
d2grea2c.56.5.4      -            234 d1y0ya3c.56.5.4.aln  -            278   3.4e-48  159.5   1.0   1   1   6.6e-50   4.7e-48  159.0   1.0    10   275     1   233     1   234 0.99 -
d1y0ya3c.56.5.4      -            256 d1y0ya3c.56.5.4.aln  -            278   8.1e-30   99.2   0.8   1   1   1.4e-31   9.8e-30   98.9   0.8    17   273     5   252     1   255 0.92 -
#
# Program:         hmmsearch
# Version:         3.1b2 (February 2015)
# Pipeline mode:   SEARCH
# Query file:      hmmModels95/d1y0ya3c.56.5.4.hmm
# Target file:     scop/scopTestSeq.fasta
# Option settings: hmmsearch --domtblout hmmModels95/d1y0ya3c.56.5.4.out -E 1 hmmModels95/d1y0ya3c.56.5.4.hmm scop/scopTestSeq.fasta 
# Current dir:     /users/nfs/Etu7/3801677/SBAS/TME8
# Date:            Tue Apr  4 15:54:13 2023
# [ok]
