#                                                                            --- full sequence --- -------------- this domain -------------   hmm coord   ali coord   env coord
# target name        accession   tlen query name           accession   qlen   E-value  score  bias   #  of  c-Evalue  i-Evalue  score  bias  from    to  from    to  from    to  acc description of target
#------------------- ---------- ----- -------------------- ---------- ----- --------- ------ ----- --- --- --------- --------- ------ ----- ----- ----- ----- ----- ----- ----- ---- ---------------------
d1fsga_c.61.1.1      -            233 d1y0ba1c.61.1.1.aln  -            207   1.3e-74  245.6   0.1   1   1   2.7e-76   1.5e-74  245.4   0.1     2   207    35   231    34   231 0.99 -
d1tc1a_c.61.1.1      -            184 d1y0ba1c.61.1.1.aln  -            207   6.8e-57  187.7   1.1   1   1   1.3e-58   7.4e-57  187.6   1.1     8   201     1   183     1   184 0.99 -
d1qb7a_c.61.1.1      -            236 d1y0ba1c.61.1.1.aln  -            207   2.5e-54  179.4   0.0   1   1   4.9e-56   2.8e-54  179.2   0.0     2   205     7   205     6   207 0.98 -
d1xtta1c.61.1.1      -            215 d1y0ba1c.61.1.1.aln  -            207   1.2e-49  164.0   3.1   1   1   2.5e-51   1.4e-49  163.8   3.1     2   205     8   215     7   215 0.99 -
d1ecfa1c.61.1.1      -            243 d1y0ba1c.61.1.1.aln  -            207   3.7e-47  155.9   0.3   1   1   7.5e-49   4.2e-47  155.7   0.3     1   205     6   213     6   215 0.99 -
d1dqna_c.61.1.1      -            230 d1y0ba1c.61.1.1.aln  -            207   1.3e-43  144.4   0.1   1   1   2.6e-45   1.5e-43  144.2   0.1     2   206     1   208     1   209 0.98 -
d1a3ca_c.61.1.1      -            178 d1y0ba1c.61.1.1.aln  -            207   2.1e-31  104.5   2.1   1   1   3.9e-33   2.2e-31  104.4   2.1     8   184     6   177     1   178 0.93 -
d2aeea1c.61.1.1      -            208 d1y0ba1c.61.1.1.aln  -            207   1.5e-27   91.9   0.1   1   1     3e-29   1.7e-27   91.7   0.1     3   194     4   193     1   205 0.95 -
d1vdma1c.61.1.1      -            153 d1y0ba1c.61.1.1.aln  -            207   1.9e-26   88.3   2.0   1   1   9.8e-28   5.5e-26   86.8   2.0    11   186     1   149     1   153 0.91 -
d1wd5a_c.61.1.1      -            208 d1y0ba1c.61.1.1.aln  -            207   1.4e-25   85.4   2.2   1   1   2.7e-27   1.5e-25   85.3   2.2     3   203     5   206     2   208 0.96 -
d1p4aa2c.61.1.1      -            202 d1y0ba1c.61.1.1.aln  -            207   1.3e-24   82.3   0.1   1   1   2.5e-26   1.4e-24   82.1   0.1    13   204     2   195     1   198 0.96 -
d1vcha1c.61.1.1      -            174 d1y0ba1c.61.1.1.aln  -            207     5e-18   60.8   0.4   1   1   9.5e-20   5.4e-18   60.7   0.4    14   181     3   169     1   174 0.95 -
d1nula_c.61.1.1      -            150 d1y0ba1c.61.1.1.aln  -            207     1e-17   59.7   0.0   1   1   7.3e-19   4.1e-17   57.8   0.0    12   178     1   141     1   147 0.88 -
d1y0ba1c.61.1.1      -            191 d1y0ba1c.61.1.1.aln  -            207   3.1e-05   19.0   0.1   1   1   7.8e-06   0.00044   15.2   0.1    90   157    92   157    31   172 0.81 -
#
# Program:         hmmsearch
# Version:         3.1b2 (February 2015)
# Pipeline mode:   SEARCH
# Query file:      hmmModels95/d1y0ba1c.61.1.1.hmm
# Target file:     scop/scopTestSeq.fasta
# Option settings: hmmsearch --domtblout hmmModels95/d1y0ba1c.61.1.1.out -E 1 hmmModels95/d1y0ba1c.61.1.1.hmm scop/scopTestSeq.fasta 
# Current dir:     /users/nfs/Etu7/3801677/SBAS/TME8
# Date:            Tue Apr  4 15:54:13 2023
# [ok]
