#                                                                            --- full sequence --- -------------- this domain -------------   hmm coord   ali coord   env coord
# target name        accession   tlen query name           accession   qlen   E-value  score  bias   #  of  c-Evalue  i-Evalue  score  bias  from    to  from    to  from    to  acc description of target
#------------------- ---------- ----- -------------------- ---------- ----- --------- ------ ----- --- --- --------- --------- ------ ----- ----- ----- ----- ----- ----- ----- ---- ---------------------
d2vnud3b.40.4.5      -            148 d1y14b1b.40.4.5.aln  -             95   2.2e-25   84.4   0.0   1   1   8.2e-27   2.8e-25   84.0   0.0     1    95    39   137    39   137 0.99 -
d2nn6i1b.40.4.5      -            125 d1y14b1b.40.4.5.aln  -             95   6.1e-25   83.0   0.0   1   1   2.1e-26   7.1e-25   82.7   0.0     3    95     1    97     1    97 0.99 -
d1d7qa_b.40.4.5      -            143 d1y14b1b.40.4.5.aln  -             95   1.9e-22   75.0   0.0   1   1   7.7e-24   2.6e-22   74.5   0.0     2    94    22   118    21   119 0.98 -
d1wi5a_b.40.4.5      -            119 d1y14b1b.40.4.5.aln  -             95     2e-21   71.7   0.0   1   1   6.5e-23   2.2e-21   71.6   0.0     1    94    13   116    13   117 0.98 -
d2uubl1b.40.4.5      -            118 d1y14b1b.40.4.5.aln  -             95   2.2e-18   61.9   1.8   1   1   8.4e-20   2.9e-18   61.6   1.8     1    95    17   108    17   108 0.97 -
d3bzka4b.40.4.5      -             94 d1y14b1b.40.4.5.aln  -             95     2e-12   42.9   0.7   1   1   6.8e-14   2.3e-12   42.7   0.7     3    85    12    87    10    91 0.85 -
d1rl2a2b.40.4.5      -             66 d1y14b1b.40.4.5.aln  -             95   4.4e-11   38.6   0.3   1   1   1.4e-12   4.9e-11   38.4   0.3    24    87     2    64     1    65 0.95 -
d2je6i1b.40.4.5      -             87 d1y14b1b.40.4.5.aln  -             95   9.2e-11   37.5   1.1   1   1   3.1e-12   1.1e-10   37.3   1.1     5    81     3    76     1    87 0.81 -
d1kl9a2b.40.4.5      -             86 d1y14b1b.40.4.5.aln  -             95   8.2e-10   34.5   0.5   1   1   2.6e-11   8.8e-10   34.4   0.5     4    86     8    86     5    86 0.93 -
d1go3e1b.40.4.5      -            106 d1y14b1b.40.4.5.aln  -             95   8.4e-10   34.5   0.4   1   1   2.8e-11   9.5e-10   34.3   0.4     8    91     2    89     1    93 0.92 -
d1luza_b.40.4.5      -             85 d1y14b1b.40.4.5.aln  -             95   9.7e-09   31.1   0.3   1   1   3.1e-10   1.1e-08   30.9   0.3     6    89     5    83     2    85 0.93 -
d1jt8a_b.40.4.5      -            102 d1y14b1b.40.4.5.aln  -             95   1.1e-08   30.8   0.4   1   1   3.5e-10   1.2e-08   30.8   0.4     4    88     4    87     1    94 0.87 -
d2nn6h1b.40.4.5      -             95 d1y14b1b.40.4.5.aln  -             95   5.8e-08   28.6   0.0   1   1   1.8e-09     6e-08   28.5   0.0     4    88     3    91     1    95 0.94 -
d2uubq1b.40.4.5      -            100 d1y14b1b.40.4.5.aln  -             95   1.1e-07   27.7   2.3   1   1   3.4e-09   1.2e-07   27.6   2.3     4    91     2    88     1    92 0.95 -
d2ja9a1b.40.4.5      -             90 d1y14b1b.40.4.5.aln  -             95   8.3e-06   21.7   0.0   1   1   3.3e-07   1.1e-05   21.2   0.0     4    81     2    73     1    85 0.89 -
d2ix0a1b.40.4.5      -             90 d1y14b1b.40.4.5.aln  -             95   1.7e-05   20.6   0.0   1   1   5.5e-07   1.9e-05   20.5   0.0    12    70     3    65     1    79 0.92 -
d1c9oa_b.40.4.5      -             66 d1y14b1b.40.4.5.aln  -             95   5.2e-05   19.1   0.0   1   1   1.7e-06   5.9e-05   18.9   0.0    16    82     2    61     1    65 0.88 -
d1smxa_b.40.4.5      -             87 d1y14b1b.40.4.5.aln  -             95   5.7e-05   19.0   0.0   1   1   1.8e-06   6.1e-05   18.9   0.0    17    86    12    82     5    87 0.87 -
d1e3pa2b.40.4.5      -             62 d1y14b1b.40.4.5.aln  -             95   0.00012   18.0   0.2   1   1   3.6e-06   0.00012   17.9   0.2    17    77     3    60     1    62 0.90 -
d3i4oa_b.40.4.5      -             68 d1y14b1b.40.4.5.aln  -             95   0.00043   16.2   0.2   1   1   1.3e-05   0.00044   16.1   0.2    20    81     3    64     1    68 0.94 -
d2ix0a2b.40.4.5      -             79 d1y14b1b.40.4.5.aln  -             95   0.00062   15.7   0.0   1   2       9.8   3.4e+02   -2.7   0.0    58    72     9    23     5    29 0.64 -
d2ix0a2b.40.4.5      -             79 d1y14b1b.40.4.5.aln  -             95   0.00062   15.7   0.0   2   2     3e-05     0.001   15.0   0.0    44    86    33    77    30    79 0.91 -
d1jjga_b.40.4.5      -            102 d1y14b1b.40.4.5.aln  -             95   0.00086   15.2   0.7   1   1   2.9e-05     0.001   15.0   0.7     5    92     6    97     3   100 0.94 -
d1wfqa_b.40.4.5      -             89 d1y14b1b.40.4.5.aln  -             95    0.0011   14.8   0.0   1   1   3.5e-05    0.0012   14.8   0.0    21    89    18    85     5    89 0.85 -
#
# Program:         hmmsearch
# Version:         3.1b2 (February 2015)
# Pipeline mode:   SEARCH
# Query file:      hmmModels95/d1y14b1b.40.4.5.hmm
# Target file:     scop/scopTestSeq.fasta
# Option settings: hmmsearch --domtblout hmmModels95/d1y14b1b.40.4.5.out -E 1 hmmModels95/d1y14b1b.40.4.5.hmm scop/scopTestSeq.fasta 
# Current dir:     /users/nfs/Etu7/3801677/SBAS/TME8
# Date:            Tue Apr  4 15:54:13 2023
# [ok]
