#                                                                            --- full sequence --- -------------- this domain -------------   hmm coord   ali coord   env coord
# target name        accession   tlen query name           accession   qlen   E-value  score  bias   #  of  c-Evalue  i-Evalue  score  bias  from    to  from    to  from    to  acc description of target
#------------------- ---------- ----- -------------------- ---------- ----- --------- ------ ----- --- --- --------- --------- ------ ----- ----- ----- ----- ----- ----- ----- ---- ---------------------
d2yzqa1d.37.1.1      -            156 d1y5ha3d.37.1.1.aln  -            138   4.2e-44  145.4   0.1   1   1   1.1e-45   4.9e-44  145.2   0.1     2   132     2   156     1   156 0.99 -
d2v8qe2d.37.1.1      -            159 d1y5ha3d.37.1.1.aln  -            138   1.4e-38  127.5   0.0   1   1     4e-40   1.8e-38  127.1   0.0     1   137    12   159    12   159 0.98 -
d2nyca1d.37.1.1      -            140 d1y5ha3d.37.1.1.aln  -            138   7.7e-36  118.6   0.2   1   1     2e-37     9e-36  118.4   0.2     5   132    10   138     7   140 0.98 -
d1pvma4d.37.1.1      -            142 d1y5ha3d.37.1.1.aln  -            138     1e-35  118.2   0.7   1   1   2.7e-37   1.2e-35  118.0   0.7     2   137     1   131     1   132 0.97 -
d2j9la1d.37.1.1      -            169 d1y5ha3d.37.1.1.aln  -            138   5.8e-33  109.3   0.5   1   1   1.5e-34   6.5e-33  109.1   0.5     1   138     6   162     6   162 0.99 -
d2yzqa2d.37.1.1      -            122 d1y5ha3d.37.1.1.aln  -            138   7.1e-31  102.5   2.4   1   1   2.2e-32   9.8e-31  102.1   2.4     4   133     1   118     1   122 0.95 -
d1o50a3d.37.1.1      -            145 d1y5ha3d.37.1.1.aln  -            138   3.1e-29   97.2   1.5   1   1   7.8e-31   3.4e-29   97.1   1.5     1   136     1   144     1   145 0.97 -
d2yzia1d.37.1.1      -            132 d1y5ha3d.37.1.1.aln  -            138   1.7e-28   94.8   0.9   1   1   4.2e-30   1.8e-28   94.7   0.9     4   136     5   130     2   132 0.92 -
d3ddja2d.37.1.1      -            135 d1y5ha3d.37.1.1.aln  -            138   2.4e-27   91.1   0.1   1   1     6e-29   2.6e-27   90.9   0.1     4   133     1   132     1   135 0.96 -
d3ddja1d.37.1.1      -            141 d1y5ha3d.37.1.1.aln  -            138   6.9e-27   89.6   6.2   1   1   1.9e-28   8.2e-27   89.4   6.2     5   133     3   131     1   135 0.97 -
d1zfja4d.37.1.1      -            126 d1y5ha3d.37.1.1.aln  -            138   8.3e-25   82.9   0.1   1   1   2.3e-26     1e-24   82.6   0.1    11   133     4   118     1   122 0.87 -
d2rc3a1d.37.1.1      -            127 d1y5ha3d.37.1.1.aln  -            138   3.5e-24   80.8   1.4   1   1   8.7e-26   3.8e-24   80.7   1.4    10   131    11   125     2   127 0.91 -
d2ouxa2d.37.1.1      -            127 d1y5ha3d.37.1.1.aln  -            138   6.8e-24   79.9   5.5   1   1   1.7e-25   7.3e-24   79.8   5.5    15   135     4   125     1   127 0.97 -
d1vr9a3d.37.1.1      -            121 d1y5ha3d.37.1.1.aln  -            138   7.8e-24   79.7   0.1   1   1   2.7e-25   1.2e-23   79.1   0.1     4   134     1   119     1   121 0.97 -
d1pbja3d.37.1.1      -            120 d1y5ha3d.37.1.1.aln  -            138   9.2e-24   79.5   6.8   1   1   2.3e-25     1e-23   79.4   6.8     5   130     1   118     1   120 0.93 -
d2d4za3d.37.1.1      -            161 d1y5ha3d.37.1.1.aln  -            138   1.3e-22   75.8   0.0   1   1   4.7e-24   2.1e-22   75.1   0.0     2   137     9   156     8   160 0.97 -
d2riha_d.37.1.1      -            131 d1y5ha3d.37.1.1.aln  -            138   8.4e-22   73.1   0.4   1   1   2.2e-23   9.4e-22   73.0   0.4     8   132     5   123     1   129 0.88 -
d1y5ha3d.37.1.1      -            123 d1y5ha3d.37.1.1.aln  -            138     1e-20   69.6   0.6   1   2   2.8e-12   1.2e-10   37.0   0.0    77   128     3    54     1    60 0.96 -
d1y5ha3d.37.1.1      -            123 d1y5ha3d.37.1.1.aln  -            138     1e-20   69.6   0.6   2   2   1.2e-10   5.1e-09   31.7   0.1    82   131    74   122    55   123 0.91 -
#
# Program:         hmmsearch
# Version:         3.1b2 (February 2015)
# Pipeline mode:   SEARCH
# Query file:      hmmModels95/d1y5ha3d.37.1.1.hmm
# Target file:     scop/scopTestSeq.fasta
# Option settings: hmmsearch --domtblout hmmModels95/d1y5ha3d.37.1.1.out -E 1 hmmModels95/d1y5ha3d.37.1.1.hmm scop/scopTestSeq.fasta 
# Current dir:     /users/nfs/Etu7/3801677/SBAS/TME8
# Date:            Tue Apr  4 15:54:13 2023
# [ok]
