#                                                                            --- full sequence --- -------------- this domain -------------   hmm coord   ali coord   env coord
# target name        accession   tlen query name           accession   qlen   E-value  score  bias   #  of  c-Evalue  i-Evalue  score  bias  from    to  from    to  from    to  acc description of target
#------------------- ---------- ----- -------------------- ---------- ----- --------- ------ ----- --- --- --------- --------- ------ ----- ----- ----- ----- ----- ----- ----- ---- ---------------------
d1e2ka_c.37.1.1      -            329 d1y63a_c.37.1.1.aln  -            210   4.8e-84  277.1   0.0   1   2    0.0015     0.059    8.9   0.0     5    25     6    26     4    28 0.91 -
d1e2ka_c.37.1.1      -            329 d1y63a_c.37.1.1.aln  -            210   4.8e-84  277.1   0.0   2   2   2.4e-82   9.4e-81  266.3   0.0     2   210    30   280    29   280 0.99 -
d1p5zb_c.37.1.1      -            241 d1y63a_c.37.1.1.aln  -            210   2.8e-39  130.8   0.0   1   1   7.8e-41   3.1e-39  130.7   0.0     4   209     3   231     1   232 0.98 -
d1t0hb_c.37.1.1      -            219 d1y63a_c.37.1.1.aln  -            210   3.2e-34  114.3   0.0   1   1   9.1e-36   3.6e-34  114.1   0.0     2   207    19   214    18   217 0.97 -
d1zina1c.37.1.1      -            183 d1y63a_c.37.1.1.aln  -            210   3.2e-33  111.0   0.1   1   1   9.2e-35   3.6e-33  110.8   0.1     4   206     1   179     1   182 0.97 -
d1qf9a_c.37.1.1      -            194 d1y63a_c.37.1.1.aln  -            210   1.1e-27   93.0   0.0   1   1   2.9e-29   1.2e-27   92.9   0.0     3   208     6   192     4   194 0.94 -
d1deka_c.37.1.1      -            241 d1y63a_c.37.1.1.aln  -            210   6.7e-27   90.4   0.0   1   1   1.9e-28   7.6e-27   90.2   0.0     3   208     1   228     1   230 0.98 -
d1vhta_c.37.1.1      -            208 d1y63a_c.37.1.1.aln  -            210   9.8e-21   70.2   0.4   1   1     3e-22   1.2e-20   70.0   0.4     4   204     4   204     2   208 0.93 -
d1khta_c.37.1.1      -            190 d1y63a_c.37.1.1.aln  -            210   9.6e-20   67.0   0.1   1   1   2.7e-21   1.1e-19   66.8   0.1     3   204     1   188     1   190 0.94 -
d1kgda_c.37.1.1      -            178 d1y63a_c.37.1.1.aln  -            210   2.3e-17   59.2   0.1   1   1   6.5e-19   2.6e-17   59.1   0.1     1   193     1   177     1   178 0.95 -
d1gsia_c.37.1.1      -            208 d1y63a_c.37.1.1.aln  -            210   6.7e-17   57.7   0.0   1   1     2e-18   7.9e-17   57.5   0.0     4   197     1   197     1   205 0.94 -
d1lw7a2c.37.1.1      -            192 d1y63a_c.37.1.1.aln  -            210   1.2e-13   47.0   0.0   1   1   3.9e-15   1.5e-13   46.7   0.0     3   198     7   182     6   190 0.92 -
d2qora_c.37.1.0      -            196 d1y63a_c.37.1.1.aln  -            210   1.9e-11   39.9   0.0   1   1   5.5e-13   2.2e-11   39.7   0.0     3   190     4   186     2   193 0.90 -
d2grja_c.37.1.1      -            179 d1y63a_c.37.1.1.aln  -            210   2.7e-11   39.4   1.8   1   1   1.6e-11   6.3e-10   34.9   1.8     2   201     2   178     1   179 0.92 -
d1kjwa2c.37.1.1      -            199 d1y63a_c.37.1.1.aln  -            210   1.7e-10   36.8   0.0   1   1   4.9e-12   1.9e-10   36.6   0.0    59   199    52   192     7   199 0.85 -
d1yj5a2c.37.1.1      -            172 d1y63a_c.37.1.1.aln  -            210   1.8e-10   36.7   0.0   1   2      0.14       5.6    2.4   0.0     6    21    17    32    14    35 0.81 -
d1yj5a2c.37.1.1      -            172 d1y63a_c.37.1.1.aln  -            210   1.8e-10   36.7   0.0   2   2   9.5e-11   3.7e-09   32.4   0.0    65   202    37   170    34   172 0.95 -
d1ly1a_c.37.1.1      -            152 d1y63a_c.37.1.1.aln  -            210   3.5e-09   32.5   0.0   1   1   9.7e-11   3.8e-09   32.3   0.0     3   153     2   126     1   151 0.86 -
d3kb2a_c.37.1.1      -            171 d1y63a_c.37.1.1.aln  -            210   1.7e-07   27.0   0.0   1   1   5.7e-09   2.3e-07   26.6   0.0     5   195     2   164     1   171 0.87 -
d3akea_c.37.1.0      -            208 d1y63a_c.37.1.1.aln  -            210   1.7e-06   23.7   0.2   1   2   1.4e-07   5.6e-06   22.0   0.0     5    41     4    40     1    65 0.93 -
d3akea_c.37.1.0      -            208 d1y63a_c.37.1.1.aln  -            210   1.7e-06   23.7   0.2   2   2       1.6        65   -1.1   0.1   134   155   151   172   142   188 0.53 -
d1y63a_c.37.1.1      -            174 d1y63a_c.37.1.1.aln  -            210   0.00024   16.7   2.5   1   2   6.6e-06   0.00026   16.6   0.0     3    32     5    34     3    44 0.90 -
d1y63a_c.37.1.1      -            174 d1y63a_c.37.1.1.aln  -            210   0.00024   16.7   2.5   2   2       1.1        44   -0.5   0.5   129   176   105   150    99   169 0.63 -
d1in4a2c.37.1.20     -            238 d1y63a_c.37.1.1.aln  -            210   0.00074   15.1   0.0   1   2   0.00014    0.0055   12.2   0.0     6    36    38    68    36   110 0.88 -
d1in4a2c.37.1.20     -            238 d1y63a_c.37.1.1.aln  -            210   0.00074   15.1   0.0   2   2      0.63        25    0.3   0.0   170   206   160   196   159   198 0.89 -
#
# Program:         hmmsearch
# Version:         3.1b2 (February 2015)
# Pipeline mode:   SEARCH
# Query file:      hmmModels95/d1y63a_c.37.1.1.hmm
# Target file:     scop/scopTestSeq.fasta
# Option settings: hmmsearch --domtblout hmmModels95/d1y63a_c.37.1.1.out -E 1 hmmModels95/d1y63a_c.37.1.1.hmm scop/scopTestSeq.fasta 
# Current dir:     /users/nfs/Etu7/3801677/SBAS/TME8
# Date:            Tue Apr  4 15:54:14 2023
# [ok]
