#                                                                            --- full sequence --- -------------- this domain -------------   hmm coord   ali coord   env coord
# target name        accession   tlen query name           accession   qlen   E-value  score  bias   #  of  c-Evalue  i-Evalue  score  bias  from    to  from    to  from    to  acc description of target
#------------------- ---------- ----- -------------------- ---------- ----- --------- ------ ----- --- --- --------- --------- ------ ----- ----- ----- ----- ----- ----- ----- ---- ---------------------
d2pq8a_d.108.1.1     -            271 d1y9wa1d.108.1.1.aln -            176   6.9e-61  200.7   1.4   1   1   5.2e-62   9.5e-61  200.3   1.4     6   176     2   180     1   180 0.99 -
d2p0wa_d.108.1.1     -            319 d1y9wa1d.108.1.1.aln -            176   2.3e-57  189.2   1.5   1   1     2e-58   3.7e-57  188.6   1.5     1   176    32   227    32   246 0.99 -
d1boba_d.108.1.1     -            315 d1y9wa1d.108.1.1.aln -            176   7.7e-54  177.8   0.4   1   1   5.4e-55   9.8e-54  177.4   0.4     1   176    42   227    42   227 0.99 -
d1p0ha_d.108.1.1     -            308 d1y9wa1d.108.1.1.aln -            176   7.1e-44  145.3   0.0   1   3     7e-42   1.3e-40  134.7   0.0     1   175    20   202    20   203 0.99 -
d1p0ha_d.108.1.1     -            308 d1y9wa1d.108.1.1.aln -            176   7.1e-44  145.3   0.0   2   3         1        18    0.7   0.0    83   111   223   251   213   253 0.79 -
d1p0ha_d.108.1.1     -            308 d1y9wa1d.108.1.1.aln -            176   7.1e-44  145.3   0.0   3   3     0.019      0.35    6.3   0.0   126   157   276   306   266   308 0.82 -
d1z4ea1d.108.1.1     -            150 d1y9wa1d.108.1.1.aln -            176   1.2e-23   79.4   0.1   1   1   7.8e-25   1.4e-23   79.2   0.1     4   153     1   144     1   149 0.97 -
d1tiqa_d.108.1.1     -            173 d1y9wa1d.108.1.1.aln -            176   6.5e-23   77.1   0.0   1   1   4.1e-24   7.6e-23   76.8   0.0     7   167     4   165     1   172 0.95 -
d1u6ma_d.108.1.1     -            189 d1y9wa1d.108.1.1.aln -            176   5.5e-22   74.0   0.1   1   1   4.5e-23   8.3e-22   73.5   0.1     5   165    24   185    20   188 0.95 -
d1yk3a1d.108.1.1     -            198 d1y9wa1d.108.1.1.aln -            176   5.6e-22   74.0   0.1   1   1   3.7e-23   6.8e-22   73.7   0.1    13   169    38   197    27   198 0.95 -
d1y9ka1d.108.1.1     -            152 d1y9wa1d.108.1.1.aln -            176   2.7e-21   71.8   0.0   1   1   1.6e-22     3e-21   71.6   0.0    30   169    11   137     4   144 0.89 -
d2ae6a1d.108.1.1     -            161 d1y9wa1d.108.1.1.aln -            176   8.8e-21   70.1   0.0   1   1   5.2e-22   9.5e-21   70.0   0.0     3   170     3   157     1   161 0.98 -
d2b5ga_d.108.1.1     -            168 d1y9wa1d.108.1.1.aln -            176   9.8e-21   70.0   0.4   1   1   5.8e-22   1.1e-20   69.9   0.4     5   169     3   165     1   168 0.96 -
d1qsma_d.108.1.1     -            150 d1y9wa1d.108.1.1.aln -            176   2.5e-20   68.6   0.1   1   1   1.5e-21   2.8e-20   68.5   0.1     5   156     3   146     1   150 0.96 -
d2cy2a1d.108.1.1     -            174 d1y9wa1d.108.1.1.aln -            176   5.3e-20   67.6   0.8   1   1   3.1e-21   5.7e-20   67.5   0.8     6   168     2   165     1   173 0.94 -
d1mk4a_d.108.1.1     -            157 d1y9wa1d.108.1.1.aln -            176   9.5e-19   63.5   0.0   1   1   6.2e-20   1.1e-18   63.2   0.0     4   164     1   141     1   150 0.94 -
d1i12a_d.108.1.1     -            157 d1y9wa1d.108.1.1.aln -            176   1.1e-17   60.0   0.0   1   1   1.1e-18     2e-17   59.2   0.0     6   156     6   154     3   157 0.93 -
d1z4ra1d.108.1.1     -            162 d1y9wa1d.108.1.1.aln -            176   1.2e-17   60.0   0.1   1   1   6.7e-19   1.2e-17   59.9   0.1     8   163    10   160     3   162 0.95 -
d2euia1d.108.1.1     -            153 d1y9wa1d.108.1.1.aln -            176   1.4e-17   59.7   0.1   1   1   9.7e-19   1.8e-17   59.3   0.1     5   162     1   149     1   153 0.93 -
d1nsla_d.108.1.1     -            180 d1y9wa1d.108.1.1.aln -            176   5.4e-17   57.8   0.1   1   1   3.3e-18     6e-17   57.6   0.1     2   167     8   170     7   178 0.92 -
d1vkca_d.108.1.1     -            149 d1y9wa1d.108.1.1.aln -            176   1.7e-16   56.1   1.7   1   1   1.1e-17     2e-16   56.0   1.7     9   150     5   140     1   147 0.94 -
d1wwza1d.108.1.1     -            157 d1y9wa1d.108.1.1.aln -            176     3e-15   52.1   2.0   1   1   2.3e-16   4.3e-15   51.6   2.0     5   162     4   155     1   157 0.89 -
d2gana1d.108.1.1     -            182 d1y9wa1d.108.1.1.aln -            176   5.2e-15   51.3   1.3   1   1   3.3e-16   6.1e-15   51.1   1.3     9   167    23   181    18   182 0.94 -
d1cjwa_d.108.1.1     -            166 d1y9wa1d.108.1.1.aln -            176   1.5e-14   49.8   0.0   1   1   1.1e-15     2e-14   49.4   0.0     6   159     7   155     4   164 0.94 -
d1ufha_d.108.1.1     -            155 d1y9wa1d.108.1.1.aln -            176   2.7e-14   49.0   0.2   1   1   1.5e-15   2.8e-14   48.9   0.2    12   156     9   152     1   155 0.77 -
d1ghea_d.108.1.1     -            170 d1y9wa1d.108.1.1.aln -            176   2.9e-14   48.9   0.0   1   1   1.7e-15   3.2e-14   48.7   0.0     7   167     3   162     1   170 0.94 -
d2fcka1d.108.1.1     -            178 d1y9wa1d.108.1.1.aln -            176   5.9e-14   47.9   0.1   1   1   3.8e-15     7e-14   47.6   0.1     2   168     9   172     8   177 0.91 -
d2fl4a1d.108.1.1     -            146 d1y9wa1d.108.1.1.aln -            176   2.5e-13   45.8   0.2   1   1   1.5e-14   2.7e-13   45.7   0.2    77   165    56   144    20   146 0.88 -
d2fiaa1d.108.1.1     -            157 d1y9wa1d.108.1.1.aln -            176   4.4e-13   45.1   0.3   1   1   2.8e-14   5.1e-13   44.8   0.3     5   162     1   146     1   154 0.94 -
d2g3aa1d.108.1.1     -            137 d1y9wa1d.108.1.1.aln -            176   4.9e-13   44.9   0.0   1   1   3.4e-14   6.2e-13   44.6   0.0    82   152    52   119    28   122 0.90 -
d2jdca1d.108.1.1     -            145 d1y9wa1d.108.1.1.aln -            176   7.9e-13   44.2   0.1   1   1   4.6e-14   8.5e-13   44.1   0.1    65   159    42   133     8   144 0.90 -
d2fiwa1d.108.1.1     -            156 d1y9wa1d.108.1.1.aln -            176   2.1e-12   42.8   0.0   1   1   1.3e-13   2.4e-12   42.6   0.0     6   150     5   134     1   148 0.96 -
d1bo4a_d.108.1.1     -            137 d1y9wa1d.108.1.1.aln -            176   3.4e-12   42.1   0.0   1   1   1.9e-13   3.4e-12   42.1   0.0    63   147    61   137     3   137 0.79 -
d1yx0a1d.108.1.1     -            151 d1y9wa1d.108.1.1.aln -            176   5.5e-12   41.5   0.0   1   1   3.3e-13   6.1e-12   41.3   0.0    29   159     9   140     1   149 0.92 -
d1y9wa1d.108.1.1     -            140 d1y9wa1d.108.1.1.aln -            176   1.2e-11   40.4   0.4   1   1   7.7e-13   1.4e-11   40.1   0.4    76   164    49   134    29   139 0.91 -
d1xeba_d.108.1.1     -            149 d1y9wa1d.108.1.1.aln -            176   2.6e-11   39.3   0.5   1   1   1.7e-12   3.1e-11   39.0   0.5    17   155    13   136     5   146 0.94 -
d2atra1d.108.1.1     -            137 d1y9wa1d.108.1.1.aln -            176   6.5e-11   38.0   0.0   1   1   4.7e-12   8.7e-11   37.6   0.0     5   158     2   130     1   137 0.89 -
d1n71a_d.108.1.1     -            180 d1y9wa1d.108.1.1.aln -            176   1.3e-09   33.7   0.0   1   1   2.2e-10     4e-09   32.1   0.0     5   170     7   174     3   179 0.90 -
d1y7ra1d.108.1.1     -            133 d1y9wa1d.108.1.1.aln -            176   2.7e-09   32.7   0.0   1   1   1.7e-10   3.2e-09   32.5   0.0    86   159    59   130    42   133 0.88 -
d2aj6a1d.108.1.1     -            118 d1y9wa1d.108.1.1.aln -            176     1e-08   30.9   0.0   1   1   6.2e-10   1.1e-08   30.7   0.0     5   127     2   115     1   117 0.92 -
d1m4ia_d.108.1.1     -            181 d1y9wa1d.108.1.1.aln -            176   1.2e-08   30.6   0.0   1   1   7.2e-10   1.3e-08   30.5   0.0     4   159     7   166     4   178 0.78 -
d1q2ya_d.108.1.1     -            140 d1y9wa1d.108.1.1.aln -            176   4.8e-08   28.6   0.1   1   1   3.2e-09   5.8e-08   28.4   0.1    89   165    64   136     7   140 0.81 -
d1r57a_d.108.1.1     -            102 d1y9wa1d.108.1.1.aln -            176   7.7e-08   28.0   0.0   1   1   4.5e-09   8.2e-08   27.9   0.0    90   145    35    85     1   101 0.73 -
d1xmta_d.108.1.1     -             95 d1y9wa1d.108.1.1.aln -            176   1.5e-05   20.5   0.0   1   1   8.8e-07   1.6e-05   20.4   0.0    78   131    20    73     2    86 0.86 -
d2fsra1d.108.1.1     -            164 d1y9wa1d.108.1.1.aln -            176   5.2e-05   18.8   0.0   1   1   3.4e-06   6.3e-05   18.5   0.0     3   149     8   145     6   157 0.88 -
#
# Program:         hmmsearch
# Version:         3.1b2 (February 2015)
# Pipeline mode:   SEARCH
# Query file:      hmmModels95/d1y9wa1d.108.1.1.hmm
# Target file:     scop/scopTestSeq.fasta
# Option settings: hmmsearch --domtblout hmmModels95/d1y9wa1d.108.1.1.out -E 1 hmmModels95/d1y9wa1d.108.1.1.hmm scop/scopTestSeq.fasta 
# Current dir:     /users/nfs/Etu7/3801677/SBAS/TME8
# Date:            Tue Apr  4 15:54:14 2023
# [ok]
