#                                                                            --- full sequence --- -------------- this domain -------------   hmm coord   ali coord   env coord
# target name        accession   tlen query name           accession   qlen   E-value  score  bias   #  of  c-Evalue  i-Evalue  score  bias  from    to  from    to  from    to  acc description of target
#------------------- ---------- ----- -------------------- ---------- ----- --------- ------ ----- --- --- --------- --------- ------ ----- ----- ----- ----- ----- ----- ----- ---- ---------------------
d2pq8a_d.108.1.1     -            271 d1y9ka1d.108.1.1.aln -            175   3.8e-62  204.8   2.8   1   1   2.7e-63   4.9e-62  204.4   2.8     6   175     2   171     1   171 0.99 -
d1boba_d.108.1.1     -            315 d1y9ka1d.108.1.1.aln -            175   7.4e-55  181.0   0.5   1   1   5.5e-56     1e-54  180.6   0.5     1   175    20   196    20   196 0.99 -
d2p0wa_d.108.1.1     -            319 d1y9ka1d.108.1.1.aln -            175   9.1e-51  167.7   2.8   1   2   5.5e-51     1e-49  164.3   2.4     1   175    27   206    27   206 0.99 -
d2p0wa_d.108.1.1     -            319 d1y9ka1d.108.1.1.aln -            175   9.1e-51  167.7   2.8   2   2      0.47       8.6    1.7   0.0    97   133   220   254   219   260 0.74 -
d1p0ha_d.108.1.1     -            308 d1y9ka1d.108.1.1.aln -            175   3.9e-41  136.3   0.0   1   2   8.8e-41   1.6e-39  131.1   0.0     1   175    20   194    20   194 0.99 -
d1p0ha_d.108.1.1     -            308 d1y9ka1d.108.1.1.aln -            175   3.9e-41  136.3   0.0   2   2       0.2       3.6    2.9   0.0   124   148   274   298   215   299 0.91 -
d1yk3a1d.108.1.1     -            198 d1y9ka1d.108.1.1.aln -            175     9e-30   99.3   0.1   1   1   5.5e-31     1e-29   99.2   0.1     4   167    29   196    26   198 0.97 -
d2b5ga_d.108.1.1     -            168 d1y9ka1d.108.1.1.aln -            175   1.4e-25   85.7   0.5   1   1   8.3e-27   1.5e-25   85.5   0.5     6   169     4   166     1   168 0.97 -
d1u6ma_d.108.1.1     -            189 d1y9ka1d.108.1.1.aln -            175     3e-24   81.3   0.1   1   1   1.9e-25   3.5e-24   81.1   0.1     9   166    28   187    21   189 0.97 -
d1tiqa_d.108.1.1     -            173 d1y9ka1d.108.1.1.aln -            175   2.4e-22   75.2   0.0   1   1   1.4e-23   2.5e-22   75.1   0.0     6   172     3   171     1   173 0.97 -
d2ae6a1d.108.1.1     -            161 d1y9ka1d.108.1.1.aln -            175   4.6e-22   74.2   0.0   1   1   3.1e-23   5.6e-22   73.9   0.0    16   168    12   156     3   159 0.93 -
d1z4ea1d.108.1.1     -            150 d1y9ka1d.108.1.1.aln -            175   3.3e-20   68.2   0.1   1   1   2.1e-21   3.9e-20   68.0   0.1     4   150     1   142     1   149 0.97 -
d1z4ra1d.108.1.1     -            162 d1y9ka1d.108.1.1.aln -            175   1.4e-19   66.2   0.2   1   1   8.1e-21   1.5e-19   66.1   0.2     2   170     4   159     3   162 0.96 -
d1nsla_d.108.1.1     -            180 d1y9ka1d.108.1.1.aln -            175   6.1e-19   64.1   0.1   1   1   3.9e-20   7.1e-19   63.8   0.1     2   170     8   174     7   178 0.97 -
d1y9wa1d.108.1.1     -            140 d1y9ka1d.108.1.1.aln -            175   5.9e-18   60.8   0.8   1   1   3.6e-19   6.6e-18   60.7   0.8    11   167     2   138     1   140 0.89 -
d1mk4a_d.108.1.1     -            157 d1y9ka1d.108.1.1.aln -            175   1.1e-17   60.0   0.0   1   1     7e-19   1.3e-17   59.7   0.0     4   151     1   129     1   147 0.94 -
d1qsma_d.108.1.1     -            150 d1y9ka1d.108.1.1.aln -            175   1.2e-17   59.8   0.1   1   1   7.2e-19   1.3e-17   59.7   0.1     5   153     3   144     1   150 0.90 -
d2cy2a1d.108.1.1     -            174 d1y9ka1d.108.1.1.aln -            175   4.6e-17   57.9   0.8   1   1   2.9e-18   5.4e-17   57.7   0.8     5   165     1   163     1   171 0.97 -
d1wwza1d.108.1.1     -            157 d1y9ka1d.108.1.1.aln -            175   1.2e-16   56.5   1.8   1   1     1e-17   1.9e-16   55.9   1.8     5   158     4   152     1   156 0.87 -
d1i12a_d.108.1.1     -            157 d1y9ka1d.108.1.1.aln -            175   1.9e-16   56.0   0.0   1   1   1.3e-17   2.3e-16   55.6   0.0     6   156     6   155     3   157 0.92 -
d1ufha_d.108.1.1     -            155 d1y9ka1d.108.1.1.aln -            175     9e-16   53.7   0.1   1   1   5.3e-17   9.8e-16   53.6   0.1     5   154     2   151     1   155 0.95 -
d2euia1d.108.1.1     -            153 d1y9ka1d.108.1.1.aln -            175   1.1e-15   53.5   0.1   1   1   7.7e-17   1.4e-15   53.1   0.1     5   156     1   144     1   148 0.94 -
d2fcka1d.108.1.1     -            178 d1y9ka1d.108.1.1.aln -            175   1.4e-15   53.1   0.2   1   1   9.3e-17   1.7e-15   52.8   0.2     1   161     8   166     8   171 0.97 -
d2fl4a1d.108.1.1     -            146 d1y9ka1d.108.1.1.aln -            175   3.8e-14   48.4   0.3   1   1   2.6e-15   4.8e-14   48.1   0.3    78   165    57   145    41   146 0.92 -
d1cjwa_d.108.1.1     -            166 d1y9ka1d.108.1.1.aln -            175   4.4e-14   48.2   0.0   1   1   3.1e-15   5.6e-14   47.9   0.0     6   168     7   165     4   166 0.96 -
d2fiaa1d.108.1.1     -            157 d1y9ka1d.108.1.1.aln -            175   1.6e-13   46.4   0.4   1   1   9.2e-15   1.7e-13   46.3   0.4     7   169     3   154     1   157 0.83 -
d2gana1d.108.1.1     -            182 d1y9ka1d.108.1.1.aln -            175     3e-13   45.5   1.1   1   1   2.2e-14     4e-13   45.1   1.1     9   159    23   174    20   181 0.92 -
d1ghea_d.108.1.1     -            170 d1y9ka1d.108.1.1.aln -            175   6.7e-13   44.4   0.0   1   1   3.9e-14   7.1e-13   44.3   0.0     6   169     2   165     1   170 0.94 -
d1xeba_d.108.1.1     -            149 d1y9ka1d.108.1.1.aln -            175   6.3e-12   41.2   0.8   1   1   4.3e-13   7.8e-12   40.9   0.8     6   153     5   135     2   146 0.94 -
d1vkca_d.108.1.1     -            149 d1y9ka1d.108.1.1.aln -            175   3.7e-11   38.7   1.1   1   1   2.5e-12   4.6e-11   38.4   1.1    15   145    14   136    10   147 0.82 -
d2atra1d.108.1.1     -            137 d1y9ka1d.108.1.1.aln -            175   1.5e-10   36.7   0.0   1   1   1.1e-11     2e-10   36.3   0.0     5   161     2   134     1   137 0.93 -
d1m4ia_d.108.1.1     -            181 d1y9ka1d.108.1.1.aln -            175   1.8e-10   36.5   0.0   1   1   1.2e-11   2.1e-10   36.2   0.0     3   164     6   172     4   178 0.93 -
d1q2ya_d.108.1.1     -            140 d1y9ka1d.108.1.1.aln -            175   1.9e-10   36.4   0.0   1   1   1.3e-11   2.4e-10   36.1   0.0    11   150     5   122     1   136 0.92 -
d1y7ra1d.108.1.1     -            133 d1y9ka1d.108.1.1.aln -            175     1e-09   34.0   0.0   1   1   7.4e-11   1.4e-09   33.6   0.0    27   152    20   124     4   132 0.77 -
d2fiwa1d.108.1.1     -            156 d1y9ka1d.108.1.1.aln -            175   1.5e-09   33.5   0.0   1   1   1.2e-10   2.1e-09   33.0   0.0     4   152     3   137     1   156 0.88 -
d1bo4a_d.108.1.1     -            137 d1y9ka1d.108.1.1.aln -            175   2.4e-09   32.8   0.0   1   1   1.3e-10   2.4e-09   32.8   0.0    73   146    64   137     5   137 0.88 -
d2jdca1d.108.1.1     -            145 d1y9ka1d.108.1.1.aln -            175   2.7e-09   32.6   0.2   1   1   2.1e-10   3.8e-09   32.2   0.2    44   157    40   132     1   144 0.77 -
d2g3aa1d.108.1.1     -            137 d1y9ka1d.108.1.1.aln -            175   8.5e-09   31.0   0.0   1   1   6.6e-10   1.2e-08   30.5   0.0    84   151    54   119    50   122 0.93 -
d1r57a_d.108.1.1     -            102 d1y9ka1d.108.1.1.aln -            175   1.7e-08   30.1   0.0   1   1     1e-09   1.9e-08   29.9   0.0    66   135    13    80     2   100 0.90 -
d1yx0a1d.108.1.1     -            151 d1y9ka1d.108.1.1.aln -            175   3.6e-08   29.0   0.1   1   1   7.1e-09   1.3e-07   27.2   0.1    15   167     7   149     2   151 0.75 -
d1y9ka1d.108.1.1     -            152 d1y9ka1d.108.1.1.aln -            175   5.2e-08   28.5   0.0   1   1   4.4e-09   8.1e-08   27.8   0.0    87   148    56   117    37   118 0.93 -
d2aj6a1d.108.1.1     -            118 d1y9ka1d.108.1.1.aln -            175   3.1e-07   26.0   0.0   1   1   1.8e-08   3.2e-07   25.9   0.0    29   127    26   115     1   117 0.86 -
d1n71a_d.108.1.1     -            180 d1y9ka1d.108.1.1.aln -            175   1.8e-06   23.5   0.0   1   1   4.8e-07   8.9e-06   21.2   0.0     4   163     6   168     3   178 0.95 -
d2fsra1d.108.1.1     -            164 d1y9ka1d.108.1.1.aln -            175   4.9e-05   18.8   0.0   1   1   3.5e-06   6.4e-05   18.4   0.0     1   147     6   144     6   151 0.93 -
d1xmta_d.108.1.1     -             95 d1y9ka1d.108.1.1.aln -            175   0.00083   14.8   0.0   1   1   4.6e-05   0.00084   14.7   0.0    72   121    14    59     3    94 0.78 -
#
# Program:         hmmsearch
# Version:         3.1b2 (February 2015)
# Pipeline mode:   SEARCH
# Query file:      hmmModels95/d1y9ka1d.108.1.1.hmm
# Target file:     scop/scopTestSeq.fasta
# Option settings: hmmsearch --domtblout hmmModels95/d1y9ka1d.108.1.1.out -E 1 hmmModels95/d1y9ka1d.108.1.1.hmm scop/scopTestSeq.fasta 
# Current dir:     /users/nfs/Etu7/3801677/SBAS/TME8
# Date:            Tue Apr  4 15:54:14 2023
# [ok]
