#                                                                            --- full sequence --- -------------- this domain -------------   hmm coord   ali coord   env coord
# target name        accession   tlen query name           accession   qlen   E-value  score  bias   #  of  c-Evalue  i-Evalue  score  bias  from    to  from    to  from    to  acc description of target
#------------------- ---------- ----- -------------------- ---------- ----- --------- ------ ----- --- --- --------- --------- ------ ----- ----- ----- ----- ----- ----- ----- ---- ---------------------
d2jhfa2c.2.1.1       -            176 d1yb5a2c.2.1.1.aln   -            178   8.1e-62  203.7   1.8   1   1   1.7e-63   8.9e-62  203.5   1.8     2   177     2   175     1   176 0.99 -
d1kola2c.2.1.1       -            195 d1yb5a2c.2.1.1.aln   -            178   1.9e-53  176.4   3.6   1   1   4.1e-55   2.2e-53  176.2   3.6     4   177     2   185     1   186 0.99 -
d1vj0a2c.2.1.1       -            182 d1yb5a2c.2.1.1.aln   -            178   3.6e-46  152.7   0.0   1   1   7.5e-48     4e-46  152.5   0.0     3   176     3   175     1   177 0.97 -
d1piwa2c.2.1.1       -            168 d1yb5a2c.2.1.1.aln   -            178   3.2e-44  146.3   0.0   1   1   6.7e-46   3.5e-44  146.2   0.0     2   177     2   168     1   168 0.97 -
d2dm6a2c.2.1.1       -            182 d1yb5a2c.2.1.1.aln   -            178   6.8e-44  145.3   0.2   1   1   1.4e-45   7.5e-44  145.1   0.2     3   175     4   172     2   175 0.95 -
d1jqba2c.2.1.1       -            174 d1yb5a2c.2.1.1.aln   -            178   3.6e-42  139.7   4.6   1   1   7.5e-44   3.9e-42  139.5   4.6     2   176     2   171     1   173 0.97 -
d1h2ba2c.2.1.1       -            172 d1yb5a2c.2.1.1.aln   -            178   5.3e-42  139.1   2.1   1   1   1.1e-43   5.9e-42  139.0   2.1     2   175     5   172     4   172 0.96 -
d1gu7a2c.2.1.1       -            189 d1yb5a2c.2.1.1.aln   -            178   8.8e-42  138.4   0.0   1   1   1.8e-43   9.7e-42  138.2   0.0     2   177     2   183     1   184 0.97 -
d1o89a2c.2.1.1       -            177 d1yb5a2c.2.1.1.aln   -            178   5.4e-41  135.8   2.3   1   1   1.1e-42     6e-41  135.7   2.3     2   177     5   170     4   171 0.96 -
d1pl8a2c.2.1.1       -            171 d1yb5a2c.2.1.1.aln   -            178   3.3e-37  123.5   5.9   1   1   6.8e-39   3.6e-37  123.4   5.9     5   175     4   169     1   171 0.90 -
d1qora2c.2.1.1       -            179 d1yb5a2c.2.1.1.aln   -            178   2.1e-35  117.6   0.2   1   1   4.4e-37   2.3e-35  117.5   0.2     2   175     2   176     1   179 0.94 -
d1pqwa_c.2.1.1       -            183 d1yb5a2c.2.1.1.aln   -            178   3.1e-35  117.0   0.7   1   1   6.7e-37   3.5e-35  116.9   0.7     4   176     1   177     1   179 0.91 -
d1yb5a2c.2.1.1       -            174 d1yb5a2c.2.1.1.aln   -            178   4.7e-20   67.6   1.5   1   1     1e-21   5.4e-20   67.4   1.5     3   145     3   140     1   170 0.75 -
d1luaa1c.2.1.7       -            191 d1yb5a2c.2.1.1.aln   -            178    0.0027   13.0   7.9   1   1   8.1e-05    0.0043   12.4   7.9    23   111    17   102     4   128 0.71 -
d1c1da1c.2.1.7       -            201 d1yb5a2c.2.1.1.aln   -            178     0.026    9.8  12.6   1   2   3.9e-05    0.0021   13.4   5.0    31    78    28    74    12    83 0.86 -
d1c1da1c.2.1.7       -            201 d1yb5a2c.2.1.1.aln   -            178     0.026    9.8  12.6   2   2      0.12       6.5    2.0   1.0    19    75    75   127    72   184 0.77 -
#
# Program:         hmmsearch
# Version:         3.1b2 (February 2015)
# Pipeline mode:   SEARCH
# Query file:      hmmModels95/d1yb5a2c.2.1.1.hmm
# Target file:     scop/scopTestSeq.fasta
# Option settings: hmmsearch --domtblout hmmModels95/d1yb5a2c.2.1.1.out -E 1 hmmModels95/d1yb5a2c.2.1.1.hmm scop/scopTestSeq.fasta 
# Current dir:     /users/nfs/Etu7/3801677/SBAS/TME8
# Date:            Tue Apr  4 15:54:14 2023
# [ok]
