#                                                                            --- full sequence --- -------------- this domain -------------   hmm coord   ali coord   env coord
# target name        accession   tlen query name           accession   qlen   E-value  score  bias   #  of  c-Evalue  i-Evalue  score  bias  from    to  from    to  from    to  acc description of target
#------------------- ---------- ----- -------------------- ---------- ----- --------- ------ ----- --- --- --------- --------- ------ ----- ----- ----- ----- ----- ----- ----- ---- ---------------------
d1kkoa2d.54.1.1      -            160 d1yeya2d.54.1.1.aln  -            130   5.6e-44  145.3   0.0   1   1   8.9e-46   6.4e-44  145.1   0.0     1   129    15   156    15   157 0.99 -
d2akza2d.54.1.1      -            139 d1yeya2d.54.1.1.aln  -            130   2.2e-35  117.5   0.0   1   1   3.4e-37   2.4e-35  117.4   0.0     3   129     2   135     1   136 0.99 -
d1wuea2d.54.1.1      -            126 d1yeya2d.54.1.1.aln  -            130   2.5e-35  117.3   0.0   1   1   3.9e-37   2.8e-35  117.2   0.0     1   128     1   125     1   126 0.97 -
d2mnra2d.54.1.1      -            130 d1yeya2d.54.1.1.aln  -            130   8.5e-29   96.2   0.2   1   1   1.3e-30   9.4e-29   96.1   0.2     2   129     3   127     2   128 0.98 -
d1sjda2d.54.1.1      -            125 d1yeya2d.54.1.1.aln  -            130   1.2e-28   95.7   0.0   1   1   1.8e-30   1.3e-28   95.6   0.0     1   128     1   124     1   125 0.96 -
d1r0ma2d.54.1.1      -            127 d1yeya2d.54.1.1.aln  -            130   1.6e-28   95.3   0.0   1   1   2.5e-30   1.8e-28   95.1   0.0     1   129     3   127     3   127 0.98 -
d2gdqa2d.54.1.1      -            115 d1yeya2d.54.1.1.aln  -            130   1.1e-27   92.7   0.0   1   1   1.7e-29   1.2e-27   92.4   0.0     1   129     1   115     1   115 0.98 -
d2gl5a2d.54.1.1      -            122 d1yeya2d.54.1.1.aln  -            130   3.5e-27   91.0   0.0   1   1   5.5e-29   3.9e-27   90.8   0.0     2   129     2   122     1   122 0.98 -
d1jpdx2d.54.1.1      -            116 d1yeya2d.54.1.1.aln  -            130   4.9e-23   77.6   0.0   1   1   7.8e-25   5.6e-23   77.4   0.0     1   128     2   115     2   116 0.93 -
d1r6wa2d.54.1.1      -            101 d1yeya2d.54.1.1.aln  -            130   1.5e-15   53.4   0.0   1   2   1.6e-09   1.1e-07   27.9   0.0     1    49     1    48     1    51 0.95 -
d1r6wa2d.54.1.1      -            101 d1yeya2d.54.1.1.aln  -            130   1.5e-15   53.4   0.0   2   2   7.6e-09   5.4e-07   25.7   0.0    74   128    47    98    47   100 0.95 -
d1yeya2d.54.1.1      -            139 d1yeya2d.54.1.1.aln  -            130   7.2e-09   31.7   0.2   1   1   1.2e-10   8.8e-09   31.5   0.2     3   129     3   137     2   138 0.92 -
#
# Program:         hmmsearch
# Version:         3.1b2 (February 2015)
# Pipeline mode:   SEARCH
# Query file:      hmmModels95/d1yeya2d.54.1.1.hmm
# Target file:     scop/scopTestSeq.fasta
# Option settings: hmmsearch --domtblout hmmModels95/d1yeya2d.54.1.1.out -E 1 hmmModels95/d1yeya2d.54.1.1.hmm scop/scopTestSeq.fasta 
# Current dir:     /users/nfs/Etu7/3801677/SBAS/TME8
# Date:            Tue Apr  4 15:54:14 2023
# [ok]
