#                                                                            --- full sequence --- -------------- this domain -------------   hmm coord   ali coord   env coord
# target name        accession   tlen query name           accession   qlen   E-value  score  bias   #  of  c-Evalue  i-Evalue  score  bias  from    to  from    to  from    to  acc description of target
#------------------- ---------- ----- -------------------- ---------- ----- --------- ------ ----- --- --- --------- --------- ------ ----- ----- ----- ----- ----- ----- ----- ---- ---------------------
d2pq8a_d.108.1.1     -            271 d1yk3a1d.108.1.1.aln -            173   3.7e-62  204.4   1.9   1   1   2.8e-63   5.2e-62  203.9   1.9     4   173     2   177     1   177 0.99 -
d2p0wa_d.108.1.1     -            319 d1yk3a1d.108.1.1.aln -            173   1.6e-60  199.1   0.2   1   2   2.2e-61   4.1e-60  197.8   0.1     1   173    34   226    34   226 0.99 -
d2p0wa_d.108.1.1     -            319 d1yk3a1d.108.1.1.aln -            173   1.6e-60  199.1   0.2   2   2       7.9   1.5e+02   -2.6   0.0   120   158   270   311   262   315 0.73 -
d1boba_d.108.1.1     -            315 d1yk3a1d.108.1.1.aln -            173   8.1e-48  157.7   0.8   1   1   5.5e-49     1e-47  157.4   0.8     1   173    26   218    26   218 0.99 -
d1p0ha_d.108.1.1     -            308 d1yk3a1d.108.1.1.aln -            173   1.4e-42  140.7   0.0   1   3   4.5e-40   8.5e-39  128.4   0.0     2   172    23   207    22   208 0.98 -
d1p0ha_d.108.1.1     -            308 d1yk3a1d.108.1.1.aln -            173   1.4e-42  140.7   0.0   2   3      0.87        16    0.5   0.0    76   110   218   252   209   253 0.79 -
d1p0ha_d.108.1.1     -            308 d1yk3a1d.108.1.1.aln -            173   1.4e-42  140.7   0.0   3   3     0.004     0.075    8.1   0.0   122   149   274   300   266   306 0.88 -
d1u6ma_d.108.1.1     -            189 d1yk3a1d.108.1.1.aln -            173     3e-26   87.5   0.1   1   1   2.1e-27   3.9e-26   87.1   0.1     9   165    31   187    25   189 0.96 -
d1z4ea1d.108.1.1     -            150 d1yk3a1d.108.1.1.aln -            173   6.5e-22   73.4   0.1   1   1   4.5e-23   8.5e-22   73.0   0.1     2   149     1   142     1   146 0.93 -
d1qsma_d.108.1.1     -            150 d1yk3a1d.108.1.1.aln -            173     2e-21   71.8   0.1   1   1   1.2e-22   2.2e-21   71.7   0.1     3   154     3   146     1   150 0.97 -
d2gana1d.108.1.1     -            182 d1yk3a1d.108.1.1.aln -            173   8.6e-21   69.7   1.9   1   1   5.4e-22     1e-20   69.5   1.9     5   163    21   179    18   182 0.96 -
d1i12a_d.108.1.1     -            157 d1yk3a1d.108.1.1.aln -            173   1.5e-20   69.0   0.1   1   1     1e-21   1.9e-20   68.7   0.1     4   148     6   148     4   155 0.97 -
d2b5ga_d.108.1.1     -            168 d1yk3a1d.108.1.1.aln -            173   4.7e-20   67.3   0.4   1   1   2.7e-21   5.2e-20   67.2   0.4     3   168     3   166     1   168 0.97 -
d2ae6a1d.108.1.1     -            161 d1yk3a1d.108.1.1.aln -            173   3.3e-19   64.6   0.0   1   1   2.1e-20     4e-19   64.3   0.0    69   167    59   156    27   160 0.91 -
d1z4ra1d.108.1.1     -            162 d1yk3a1d.108.1.1.aln -            173   4.8e-19   64.1   0.2   1   1   2.6e-20   4.9e-19   64.0   0.2    18   162    22   159     5   162 0.92 -
d1tiqa_d.108.1.1     -            173 d1yk3a1d.108.1.1.aln -            173   6.2e-18   60.4   0.0   1   1   3.6e-19   6.7e-18   60.3   0.0    30   159    31   159    11   172 0.90 -
d1vkca_d.108.1.1     -            149 d1yk3a1d.108.1.1.aln -            173   7.3e-18   60.2   2.5   1   1   4.2e-19   7.8e-18   60.1   2.5     9   154     3   146     1   149 0.97 -
d1y9wa1d.108.1.1     -            140 d1yk3a1d.108.1.1.aln -            173   7.9e-18   60.1   1.1   1   1   4.3e-19     8e-18   60.1   1.1    27   166    13   138     1   140 0.85 -
d2euia1d.108.1.1     -            153 d1yk3a1d.108.1.1.aln -            173   7.2e-17   57.0   0.0   1   1   4.5e-18   8.4e-17   56.8   0.0     4   161     2   150     1   153 0.94 -
d1mk4a_d.108.1.1     -            157 d1yk3a1d.108.1.1.aln -            173   1.5e-15   52.7   0.0   1   1   1.1e-16   2.1e-15   52.2   0.0     2   154     1   133     1   142 0.96 -
d1ghea_d.108.1.1     -            170 d1yk3a1d.108.1.1.aln -            173   4.7e-15   51.1   0.0   1   1   2.8e-16   5.3e-15   50.9   0.0    28   172    28   169     3   170 0.90 -
d2cy2a1d.108.1.1     -            174 d1yk3a1d.108.1.1.aln -            173     5e-15   51.0   0.3   1   1   2.9e-16   5.5e-15   50.8   0.3     4   157     2   156     1   169 0.94 -
d2fiaa1d.108.1.1     -            157 d1yk3a1d.108.1.1.aln -            173   9.2e-15   50.1   0.5   1   1   5.5e-16     1e-14   50.0   0.5    11   166     6   152     1   156 0.92 -
d1ufha_d.108.1.1     -            155 d1yk3a1d.108.1.1.aln -            173   1.1e-14   49.9   0.1   1   1   6.9e-16   1.3e-14   49.6   0.1    50   151    49   149     5   153 0.84 -
d1yx0a1d.108.1.1     -            151 d1yk3a1d.108.1.1.aln -            173   1.7e-14   49.2   0.0   1   1   9.9e-16   1.9e-14   49.1   0.0    24   167     6   150     1   151 0.94 -
d1wwza1d.108.1.1     -            157 d1yk3a1d.108.1.1.aln -            173   2.8e-14   48.6   2.4   1   1   1.7e-15   3.1e-14   48.4   2.4    38   159    35   154     5   157 0.84 -
d2fl4a1d.108.1.1     -            146 d1yk3a1d.108.1.1.aln -            173   1.1e-13   46.6   0.1   1   1   6.2e-15   1.2e-13   46.5   0.1    79   157    60   138     5   146 0.89 -
d1nsla_d.108.1.1     -            180 d1yk3a1d.108.1.1.aln -            173   1.4e-13   46.3   0.1   1   1   8.2e-15   1.5e-13   46.1   0.1    14   169    18   174     4   177 0.88 -
d2jdca1d.108.1.1     -            145 d1yk3a1d.108.1.1.aln -            173   4.9e-13   44.5   0.1   1   1   2.9e-14   5.4e-13   44.4   0.1    57   166    37   142    24   145 0.90 -
d1bo4a_d.108.1.1     -            137 d1yk3a1d.108.1.1.aln -            173   2.7e-12   42.1   0.0   1   1   1.5e-13   2.9e-12   42.0   0.0    10   145     3   137     1   137 0.96 -
d2g3aa1d.108.1.1     -            137 d1yk3a1d.108.1.1.aln -            173   6.2e-12   40.9   0.0   1   1   3.7e-13   6.9e-12   40.8   0.0    79   151    51   120    10   127 0.87 -
d1cjwa_d.108.1.1     -            166 d1yk3a1d.108.1.1.aln -            173   4.1e-11   38.2   0.0   1   1   2.7e-12     5e-11   38.0   0.0    24   156    23   154     8   164 0.89 -
d2fcka1d.108.1.1     -            178 d1yk3a1d.108.1.1.aln -            173   4.8e-11   38.0   0.1   1   1   2.8e-12   5.3e-11   37.9   0.1    27   163    33   169    15   178 0.92 -
d2atra1d.108.1.1     -            137 d1yk3a1d.108.1.1.aln -            173   2.7e-10   35.6   0.0   1   1   1.7e-11   3.2e-10   35.3   0.0    24   162    14   136     3   137 0.85 -
d1xeba_d.108.1.1     -            149 d1yk3a1d.108.1.1.aln -            173   6.6e-10   34.3   0.4   1   1   4.3e-11   8.1e-10   34.0   0.4    30   157    21   140     7   148 0.79 -
d1y7ra1d.108.1.1     -            133 d1yk3a1d.108.1.1.aln -            173   2.6e-09   32.4   0.0   1   1   1.8e-10   3.3e-09   32.0   0.0    77   151    52   124    44   132 0.91 -
d1m4ia_d.108.1.1     -            181 d1yk3a1d.108.1.1.aln -            173   3.3e-09   32.0   0.1   1   1   2.2e-10   4.1e-09   31.7   0.1    11   147    16   132     6   136 0.77 -
d2fsra1d.108.1.1     -            164 d1yk3a1d.108.1.1.aln -            173   8.1e-09   30.8   0.0   1   1   5.5e-10     1e-08   30.4   0.0    23   158    20   156    17   162 0.95 -
d1n71a_d.108.1.1     -            180 d1yk3a1d.108.1.1.aln -            173   9.2e-09   30.6   0.0   1   1   6.7e-10   1.3e-08   30.2   0.0     4   166     8   172     6   179 0.92 -
d1y9ka1d.108.1.1     -            152 d1yk3a1d.108.1.1.aln -            173   2.2e-08   29.3   0.1   1   1   3.3e-09   6.1e-08   27.9   0.1    87   166    58   148    19   151 0.91 -
d1r57a_d.108.1.1     -            102 d1yk3a1d.108.1.1.aln -            173   6.3e-08   27.9   0.1   1   1   1.2e-08   2.2e-07   26.1   0.1    88   140    35    82     2   101 0.79 -
d2fiwa1d.108.1.1     -            156 d1yk3a1d.108.1.1.aln -            173   9.4e-08   27.3   0.0   1   1   5.6e-09     1e-07   27.1   0.0    82   150    72   136     2   142 0.81 -
d2aj6a1d.108.1.1     -            118 d1yk3a1d.108.1.1.aln -            173   2.8e-07   25.8   0.0   1   1   1.5e-08   2.9e-07   25.7   0.0    27   125    24   115     1   117 0.75 -
d1q2ya_d.108.1.1     -            140 d1yk3a1d.108.1.1.aln -            173   1.9e-06   23.1   0.1   1   1   1.5e-07   2.7e-06   22.5   0.1    83   156    60   129    29   140 0.85 -
d1xmta_d.108.1.1     -             95 d1yk3a1d.108.1.1.aln -            173   1.9e-06   23.0   0.0   1   1   1.2e-07   2.2e-06   22.8   0.0    76   129    20    73     6    80 0.93 -
#
# Program:         hmmsearch
# Version:         3.1b2 (February 2015)
# Pipeline mode:   SEARCH
# Query file:      hmmModels95/d1yk3a1d.108.1.1.hmm
# Target file:     scop/scopTestSeq.fasta
# Option settings: hmmsearch --domtblout hmmModels95/d1yk3a1d.108.1.1.out -E 1 hmmModels95/d1yk3a1d.108.1.1.hmm scop/scopTestSeq.fasta 
# Current dir:     /users/nfs/Etu7/3801677/SBAS/TME8
# Date:            Tue Apr  4 15:54:15 2023
# [ok]
