#                                                                            --- full sequence --- -------------- this domain -------------   hmm coord   ali coord   env coord
# target name        accession   tlen query name           accession   qlen   E-value  score  bias   #  of  c-Evalue  i-Evalue  score  bias  from    to  from    to  from    to  acc description of target
#------------------- ---------- ----- -------------------- ---------- ----- --------- ------ ----- --- --- --------- --------- ------ ----- ----- ----- ----- ----- ----- ----- ---- ---------------------
d3hl8a_c.55.3.5      -            470 d1yt3a3c.55.3.5.aln  -            345  3.8e-167  551.5   0.2   1   1  7.9e-169  4.4e-167  551.3   0.2     1   345    28   402    28   402 1.00 -
d1s5ja1c.55.3.5      -            410 d1yt3a3c.55.3.5.aln  -            345  5.1e-108  357.1   4.3   1   1    1e-109  5.8e-108  356.9   4.3     1   345    13   385    13   385 1.00 -
d1q8ia1c.55.3.5      -            388 d1yt3a3c.55.3.5.aln  -            345   4.5e-93  307.9   0.0   1   1   9.1e-95   5.1e-93  307.8   0.0     1   345     6   380     6   380 1.00 -
d2hbja2c.55.3.5      -            292 d1yt3a3c.55.3.5.aln  -            345   5.9e-52  172.7   1.0   1   1   1.2e-53   6.6e-52  172.6   1.0    43   344     2   291     1   292 0.99 -
d3mxma_c.55.3.5      -            229 d1yt3a3c.55.3.5.aln  -            345   2.3e-31  105.0   0.0   1   1   4.5e-33   2.6e-31  104.9   0.0   103   344     3   228     1   229 0.98 -
d2igia_c.55.3.5      -            180 d1yt3a3c.55.3.5.aln  -            345   3.4e-24   81.5   0.1   1   1   6.5e-26   3.7e-24   81.3   0.1   106   328     4   179     1   180 0.96 -
d1x9ma1c.55.3.5      -            204 d1yt3a3c.55.3.5.aln  -            345   8.3e-22   73.6   0.1   1   1   1.6e-23   9.1e-22   73.5   0.1   109   331     1   202     1   204 0.97 -
d1kfsa1c.55.3.5      -            195 d1yt3a3c.55.3.5.aln  -            345   9.3e-22   73.4   0.4   1   1   1.9e-23     1e-21   73.3   0.4   109   326     1   194     1   195 0.98 -
d1w0ha_c.55.3.5      -            200 d1yt3a3c.55.3.5.aln  -            345   6.4e-21   70.7   0.0   1   1   1.2e-22   6.8e-21   70.6   0.0   102   317     1   183     1   200 0.91 -
d2py5a1c.55.3.5      -            183 d1yt3a3c.55.3.5.aln  -            345   7.3e-21   70.5   0.0   1   1   1.4e-22   7.9e-21   70.4   0.0   134   329     2   180     1   183 0.96 -
d1vk0a_c.55.3.5      -            206 d1yt3a3c.55.3.5.aln  -            345   2.7e-19   65.3   0.0   1   1   5.2e-21   2.9e-19   65.2   0.0   102   335     2   204     1   206 0.97 -
d2f96a1c.55.3.5      -            202 d1yt3a3c.55.3.5.aln  -            345     6e-15   51.0   0.0   1   1   1.2e-16   6.8e-15   50.9   0.0   102   345     1   202     1   202 0.98 -
d2guia_c.55.3.5      -            176 d1yt3a3c.55.3.5.aln  -            345   2.1e-12   42.6   0.1   1   1   1.4e-13   7.7e-12   40.8   0.1   108   335     3   175     1   176 0.98 -
d1wlja_c.55.3.5      -            173 d1yt3a3c.55.3.5.aln  -            345   4.1e-12   41.7   0.0   1   1   8.8e-14     5e-12   41.4   0.0   109   246     2   121     1   141 0.94 -
#
# Program:         hmmsearch
# Version:         3.1b2 (February 2015)
# Pipeline mode:   SEARCH
# Query file:      hmmModels95/d1yt3a3c.55.3.5.hmm
# Target file:     scop/scopTestSeq.fasta
# Option settings: hmmsearch --domtblout hmmModels95/d1yt3a3c.55.3.5.out -E 1 hmmModels95/d1yt3a3c.55.3.5.hmm scop/scopTestSeq.fasta 
# Current dir:     /users/nfs/Etu7/3801677/SBAS/TME8
# Date:            Tue Apr  4 15:54:15 2023
# [ok]
