#                                                                            --- full sequence --- -------------- this domain -------------   hmm coord   ali coord   env coord
# target name        accession   tlen query name           accession   qlen   E-value  score  bias   #  of  c-Evalue  i-Evalue  score  bias  from    to  from    to  from    to  acc description of target
#------------------- ---------- ----- -------------------- ---------- ----- --------- ------ ----- --- --- --------- --------- ------ ----- ----- ----- ----- ----- ----- ----- ---- ---------------------
d2p0wa_d.108.1.1     -            319 d1yx0a1d.108.1.1.aln -            238   2.8e-99  327.2   0.7   1   1  1.9e-100   3.6e-99  326.9   0.7     1   238    68   319    68   319 1.00 -
d2pq8a_d.108.1.1     -            271 d1yx0a1d.108.1.1.aln -            238     4e-90  297.3   0.8   1   1   2.5e-91   4.6e-90  297.0   0.8     1   238     1   227     1   227 0.99 -
d1boba_d.108.1.1     -            315 d1yx0a1d.108.1.1.aln -            238     6e-87  286.8   1.9   1   1   3.9e-88   7.2e-87  286.6   1.9     1   238    64   315    64   315 0.99 -
d1p0ha_d.108.1.1     -            308 d1yx0a1d.108.1.1.aln -            238   4.3e-60  198.9   0.0   1   2   2.6e-60   4.8e-59  195.5   0.0     2   237    22   264    21   265 0.99 -
d1p0ha_d.108.1.1     -            308 d1yx0a1d.108.1.1.aln -            238   4.3e-60  198.9   0.0   2   2      0.49         9    1.5   0.0   176   199   279   300   269   306 0.78 -
d1tiqa_d.108.1.1     -            173 d1yx0a1d.108.1.1.aln -            238   1.4e-23   79.4   0.2   1   1   9.1e-25   1.7e-23   79.2   0.2    52   210     2   160     1   172 0.96 -
d1u6ma_d.108.1.1     -            189 d1yx0a1d.108.1.1.aln -            238   2.3e-23   78.7   0.0   1   1   1.5e-24   2.7e-23   78.5   0.0    44   205    12   177     5   187 0.96 -
d2b5ga_d.108.1.1     -            168 d1yx0a1d.108.1.1.aln -            238     9e-22   73.5   0.1   1   1   5.7e-23   1.1e-21   73.3   0.1    62   224     5   167     3   168 0.95 -
d1z4ea1d.108.1.1     -            150 d1yx0a1d.108.1.1.aln -            238   1.6e-21   72.6   0.1   1   1   1.1e-22     2e-21   72.4   0.1    59   203     1   146     1   149 0.97 -
d2gana1d.108.1.1     -            182 d1yx0a1d.108.1.1.aln -            238   2.5e-21   72.0   0.4   1   1   1.5e-22   2.7e-21   71.9   0.4    41   211     1   177     1   182 0.96 -
d1ufha_d.108.1.1     -            155 d1yx0a1d.108.1.1.aln -            238   1.3e-19   66.4   0.5   1   1   7.6e-21   1.4e-19   66.3   0.5    53   204     3   152     1   155 0.97 -
d1wwza1d.108.1.1     -            157 d1yx0a1d.108.1.1.aln -            238   1.5e-18   62.9   0.5   1   1   8.8e-20   1.6e-18   62.8   0.5    59   210     3   155     1   157 0.96 -
d1y9ka1d.108.1.1     -            152 d1yx0a1d.108.1.1.aln -            238   1.7e-18   62.7   0.0   1   1     1e-19   1.9e-18   62.6   0.0   109   237    33   150    15   151 0.88 -
d2fcka1d.108.1.1     -            178 d1yx0a1d.108.1.1.aln -            238   1.8e-18   62.7   0.0   1   1   1.1e-19     2e-18   62.6   0.0    56   220     4   176     1   178 0.96 -
d1i12a_d.108.1.1     -            157 d1yx0a1d.108.1.1.aln -            238   2.9e-17   58.7   0.0   1   1   1.9e-18   3.5e-17   58.5   0.0    51   205     4   155     2   157 0.92 -
d2fl4a1d.108.1.1     -            146 d1yx0a1d.108.1.1.aln -            238   1.2e-16   56.7   0.7   1   1   7.6e-18   1.4e-16   56.5   0.7    69   212     4   143     2   146 0.92 -
d1yk3a1d.108.1.1     -            198 d1yx0a1d.108.1.1.aln -            238   1.5e-16   56.4   0.0   1   1   8.6e-18   1.6e-16   56.3   0.0    50   232     4   194     1   198 0.97 -
d1z4ra1d.108.1.1     -            162 d1yx0a1d.108.1.1.aln -            238   2.5e-16   55.7   0.0   1   1   1.4e-17   2.6e-16   55.6   0.0    85   228    26   160     3   162 0.85 -
d2ae6a1d.108.1.1     -            161 d1yx0a1d.108.1.1.aln -            238   3.6e-16   55.1   0.1   1   1   2.2e-17   4.1e-16   55.0   0.1    71   223    13   157     4   161 0.92 -
d1nsla_d.108.1.1     -            180 d1yx0a1d.108.1.1.aln -            238   8.2e-16   54.0   0.0   1   1   4.9e-17     9e-16   53.8   0.0    51   224     2   179     1   180 0.97 -
d1y9wa1d.108.1.1     -            140 d1yx0a1d.108.1.1.aln -            238   1.5e-15   53.1   0.5   1   1     1e-16   1.8e-15   52.8   0.5    78   210     9   132     2   139 0.88 -
d1mk4a_d.108.1.1     -            157 d1yx0a1d.108.1.1.aln -            238   2.5e-15   52.4   0.0   1   1   1.5e-16   2.8e-15   52.2   0.0    80   201    14   130     1   142 0.86 -
d2fiaa1d.108.1.1     -            157 d1yx0a1d.108.1.1.aln -            238   4.5e-15   51.6   0.4   1   1   2.4e-16   4.5e-15   51.6   0.4    96   217    37   148     1   157 0.83 -
d1qsma_d.108.1.1     -            150 d1yx0a1d.108.1.1.aln -            238     1e-14   50.4   0.1   1   1     7e-16   1.3e-14   50.1   0.1    63   207     6   149     2   150 0.78 -
d2cy2a1d.108.1.1     -            174 d1yx0a1d.108.1.1.aln -            238   1.8e-14   49.6   0.1   1   1   1.1e-15     2e-14   49.5   0.1    64   221    13   170     2   174 0.92 -
d1ghea_d.108.1.1     -            170 d1yx0a1d.108.1.1.aln -            238   2.9e-14   48.9   0.0   1   1   1.8e-15   3.3e-14   48.7   0.0    92   206    41   153     2   159 0.81 -
d2euia1d.108.1.1     -            153 d1yx0a1d.108.1.1.aln -            238   5.5e-14   48.0   0.2   1   1   3.4e-15   6.3e-14   47.8   0.2    62   204     3   143     1   150 0.93 -
d1vkca_d.108.1.1     -            149 d1yx0a1d.108.1.1.aln -            238   5.9e-14   47.9   0.4   1   1   3.9e-15   7.2e-14   47.6   0.4    93   204    39   146     4   148 0.88 -
d2atra1d.108.1.1     -            137 d1yx0a1d.108.1.1.aln -            238   1.5e-13   46.6   0.0   1   1   8.8e-15   1.6e-13   46.5   0.0    79   200    11   124     1   134 0.79 -
d1y7ra1d.108.1.1     -            133 d1yx0a1d.108.1.1.aln -            238   6.2e-13   44.6   0.0   1   1   3.7e-14   6.8e-13   44.4   0.0    90   208    20   131     8   133 0.86 -
d1m4ia_d.108.1.1     -            181 d1yx0a1d.108.1.1.aln -            238   8.9e-13   44.0   0.0   1   1   5.7e-14   1.1e-12   43.8   0.0    62   198     5   133     1   142 0.91 -
d2fiwa1d.108.1.1     -            156 d1yx0a1d.108.1.1.aln -            238   1.4e-12   43.4   0.0   1   1   8.2e-14   1.5e-12   43.3   0.0    57   207     1   143     1   156 0.89 -
d1cjwa_d.108.1.1     -            166 d1yx0a1d.108.1.1.aln -            238   2.8e-11   39.2   0.0   1   1   1.5e-12   2.8e-11   39.1   0.0    63   226    13   165     1   166 0.90 -
d2jdca1d.108.1.1     -            145 d1yx0a1d.108.1.1.aln -            238   3.6e-11   38.8   0.1   1   1   2.1e-12   3.9e-11   38.7   0.1   132   206    61   132    24   144 0.90 -
d1xeba_d.108.1.1     -            149 d1yx0a1d.108.1.1.aln -            238   1.2e-10   37.1   0.3   1   1   7.1e-12   1.3e-10   37.0   0.3    74   203    14   136     1   143 0.88 -
d1bo4a_d.108.1.1     -            137 d1yx0a1d.108.1.1.aln -            238   2.3e-10   36.2   0.0   1   1   1.3e-11   2.3e-10   36.1   0.0   108   195    51   137    10   137 0.84 -
d2aj6a1d.108.1.1     -            118 d1yx0a1d.108.1.1.aln -            238   5.5e-10   34.9   0.1   1   1   3.1e-11   5.8e-10   34.8   0.1    62   176     4   115     1   118 0.95 -
d2g3aa1d.108.1.1     -            137 d1yx0a1d.108.1.1.aln -            238   5.5e-10   34.9   0.0   1   1   3.2e-11   5.9e-10   34.8   0.0   134   202    55   121    23   135 0.91 -
d1q2ya_d.108.1.1     -            140 d1yx0a1d.108.1.1.aln -            238   1.2e-09   33.8   0.0   1   1   7.3e-11   1.3e-09   33.6   0.0    76   203    10   126     2   138 0.80 -
d2fsra1d.108.1.1     -            164 d1yx0a1d.108.1.1.aln -            238   1.1e-08   30.7   0.0   1   1   6.9e-10   1.3e-08   30.4   0.0    57   210     7   158     3   164 0.95 -
d1r57a_d.108.1.1     -            102 d1yx0a1d.108.1.1.aln -            238   1.4e-07   27.0   0.0   1   1   7.8e-09   1.4e-07   27.0   0.0   137   204    33   101     6   102 0.83 -
d1yx0a1d.108.1.1     -            151 d1yx0a1d.108.1.1.aln -            238     6e-06   21.7   0.0   1   1   4.1e-07   7.6e-06   21.4   0.0   136   197    67   130    44   143 0.87 -
d1n71a_d.108.1.1     -            180 d1yx0a1d.108.1.1.aln -            238   1.8e-05   20.1   0.0   1   1   5.6e-06    0.0001   17.6   0.0    57   227     4   175     1   179 0.80 -
d1xmta_d.108.1.1     -             95 d1yx0a1d.108.1.1.aln -            238    0.0017   13.6   0.0   1   1   0.00011    0.0019   13.5   0.0   128   180    21    73    10    86 0.85 -
#
# Program:         hmmsearch
# Version:         3.1b2 (February 2015)
# Pipeline mode:   SEARCH
# Query file:      hmmModels95/d1yx0a1d.108.1.1.hmm
# Target file:     scop/scopTestSeq.fasta
# Option settings: hmmsearch --domtblout hmmModels95/d1yx0a1d.108.1.1.out -E 1 hmmModels95/d1yx0a1d.108.1.1.hmm scop/scopTestSeq.fasta 
# Current dir:     /users/nfs/Etu7/3801677/SBAS/TME8
# Date:            Tue Apr  4 15:54:15 2023
# [ok]
