#                                                                            --- full sequence --- -------------- this domain -------------   hmm coord   ali coord   env coord
# target name        accession   tlen query name           accession   qlen   E-value  score  bias   #  of  c-Evalue  i-Evalue  score  bias  from    to  from    to  from    to  acc description of target
#------------------- ---------- ----- -------------------- ---------- ----- --------- ------ ----- --- --- --------- --------- ------ ----- ----- ----- ----- ----- ----- ----- ---- ---------------------
d2g7la2a.121.1.1     -            144 d1z0xa2a.121.1.1.aln -            123   1.2e-27   91.8   9.2   1   1     5e-29   1.4e-27   91.6   9.2     1   122     8   126     8   127 0.99 -
d3c07a2a.121.1.1     -            146 d1z0xa2a.121.1.1.aln -            123     4e-27   90.1   1.2   1   1   1.7e-28   4.6e-27   89.9   1.2     2   122    10   130     9   131 0.98 -
d1ui5a2a.121.1.1     -            133 d1z0xa2a.121.1.1.aln -            123   1.9e-17   59.1   0.4   1   1   8.1e-19   2.2e-17   58.9   0.4     3   119     3   120     1   124 0.95 -
d1t33a2a.121.1.1     -            132 d1z0xa2a.121.1.1.aln -            123   4.6e-17   57.9   0.1   1   1   1.9e-18   5.1e-17   57.7   0.1     2   121     2   122     1   124 0.98 -
d1rkta2a.121.1.1     -            123 d1z0xa2a.121.1.1.aln -            123   1.3e-16   56.5   0.0   1   1     5e-18   1.3e-16   56.4   0.0     3   121     2   118     1   120 0.97 -
d2fbqa2a.121.1.1     -            134 d1z0xa2a.121.1.1.aln -            123   1.5e-16   56.2   0.1   1   1   6.2e-18   1.7e-16   56.1   0.1     1   122     3   121     3   122 0.97 -
d2g7sa2a.121.1.1     -            116 d1z0xa2a.121.1.1.aln -            123   1.2e-15   53.3   1.0   1   1   5.4e-17   1.5e-15   53.1   1.0     3   118     3   108     1   114 0.92 -
d2oi8a2a.121.1.1     -            130 d1z0xa2a.121.1.1.aln -            123   5.8e-15   51.1   2.4   1   1   2.3e-16   6.4e-15   51.0   2.4     2   121     5   125     4   127 0.98 -
d2d6ya2a.121.1.1     -            118 d1z0xa2a.121.1.1.aln -            123     8e-15   50.7   1.4   1   1   3.2e-16   8.7e-15   50.6   1.4     8   121     2   116     1   118 0.98 -
d2id6a2a.121.1.1     -            125 d1z0xa2a.121.1.1.aln -            123   8.7e-15   50.6   0.0   1   1   3.5e-16   9.4e-15   50.5   0.0     5   121     2   119     1   121 0.97 -
d2g7ga2a.121.1.1     -            132 d1z0xa2a.121.1.1.aln -            123   2.7e-14   49.0   8.7   1   1   1.2e-15   3.2e-14   48.8   8.7     2   121     9   121     8   123 0.96 -
d2i10a2a.121.1.1     -            116 d1z0xa2a.121.1.1.aln -            123   2.7e-14   49.0   2.8   1   1   1.1e-15   2.9e-14   48.9   2.8     2   117     3   112     2   116 0.91 -
d2id3a2a.121.1.1     -            123 d1z0xa2a.121.1.1.aln -            123   3.7e-13   45.4   8.2   1   1   1.5e-14   4.1e-13   45.2   8.2     3   120     3   118     1   122 0.88 -
d1t56a2a.121.1.1     -            120 d1z0xa2a.121.1.1.aln -            123   1.8e-12   43.2   2.4   1   1   6.8e-14   1.9e-12   43.1   2.4     7   119     4   117     1   120 0.96 -
d2hyja2a.121.1.1     -            118 d1z0xa2a.121.1.1.aln -            123   4.8e-12   41.8   5.3   1   1   1.9e-13   5.1e-12   41.7   5.3     3   121     4   116     2   118 0.93 -
d2gena2a.121.1.1     -            118 d1z0xa2a.121.1.1.aln -            123   5.3e-12   41.7   6.2   1   1   2.1e-13   5.7e-12   41.6   6.2     5   118     2   116     1   118 0.97 -
d1vi0a2a.121.1.1     -            117 d1z0xa2a.121.1.1.aln -            123   8.7e-12   41.0   0.0   1   1   3.7e-13     1e-11   40.8   0.0     6   114     2   110     1   116 0.94 -
d2fx0a2a.121.1.1     -            122 d1z0xa2a.121.1.1.aln -            123   1.5e-11   40.2   0.0   1   1   5.8e-13   1.6e-11   40.1   0.0     2   120     2   121     1   122 0.97 -
d2hkua2a.121.1.1     -            121 d1z0xa2a.121.1.1.aln -            123   3.7e-11   38.9   0.1   1   1   1.5e-12     4e-11   38.9   0.1     7   122     4   120     1   121 0.96 -
d1zk8a2a.121.1.1     -            105 d1z0xa2a.121.1.1.aln -            123   4.2e-11   38.8   0.0   1   1   1.7e-12   4.6e-11   38.7   0.0     1   101     8   105     8   105 0.98 -
d2o7ta2a.121.1.1     -            110 d1z0xa2a.121.1.1.aln -            123   7.6e-10   34.8   0.0   1   1     3e-11     8e-10   34.7   0.0    15   121     3   106     1   108 0.93 -
d2g3ba2a.121.1.1     -            116 d1z0xa2a.121.1.1.aln -            123   8.8e-10   34.6   1.5   1   1   3.7e-11     1e-09   34.4   1.5     3   104     7   108     5   115 0.93 -
d1sgma2a.121.1.1     -            111 d1z0xa2a.121.1.1.aln -            123   1.2e-09   34.2   0.0   1   1   4.6e-11   1.2e-09   34.1   0.0     7   121     4   111     1   111 0.96 -
d2fq4a2a.121.1.1     -            115 d1z0xa2a.121.1.1.aln -            123   2.4e-09   33.2   0.0   1   1   9.2e-11   2.5e-09   33.1   0.0     5   117     2   110     1   115 0.92 -
d2fd5a2a.121.1.1     -            104 d1z0xa2a.121.1.1.aln -            123   1.4e-08   30.7   2.7   1   1   5.9e-10   1.6e-08   30.5   2.7    15   116     6   102     1   103 0.94 -
d2gfna2a.121.1.1     -            119 d1z0xa2a.121.1.1.aln -            123   1.5e-08   30.6   6.4   1   1   5.9e-10   1.6e-08   30.5   6.4     8   122     9   119     2   119 0.93 -
d2np5a2a.121.1.1     -            118 d1z0xa2a.121.1.1.aln -            123   1.7e-08   30.5   3.5   1   1   6.6e-10   1.8e-08   30.4   3.5     7   120     4   117     1   118 0.92 -
d2np3a2a.121.1.1     -            112 d1z0xa2a.121.1.1.aln -            123   1.9e-08   30.3   5.3   1   1   7.3e-10     2e-08   30.2   5.3     7   119     5   110     1   112 0.93 -
d2iu5a2a.121.1.1     -            109 d1z0xa2a.121.1.1.aln -            123   2.1e-08   30.2   0.0   1   1     8e-10   2.2e-08   30.1   0.0     7   118     4   108     1   109 0.96 -
#
# Program:         hmmsearch
# Version:         3.1b2 (February 2015)
# Pipeline mode:   SEARCH
# Query file:      hmmModels95/d1z0xa2a.121.1.1.hmm
# Target file:     scop/scopTestSeq.fasta
# Option settings: hmmsearch --domtblout hmmModels95/d1z0xa2a.121.1.1.out -E 1 hmmModels95/d1z0xa2a.121.1.1.hmm scop/scopTestSeq.fasta 
# Current dir:     /users/nfs/Etu7/3801677/SBAS/TME8
# Date:            Tue Apr  4 15:54:15 2023
# [ok]
