#                                                                            --- full sequence --- -------------- this domain -------------   hmm coord   ali coord   env coord
# target name        accession   tlen query name           accession   qlen   E-value  score  bias   #  of  c-Evalue  i-Evalue  score  bias  from    to  from    to  from    to  acc description of target
#------------------- ---------- ----- -------------------- ---------- ----- --------- ------ ----- --- --- --------- --------- ------ ----- ----- ----- ----- ----- ----- ----- ---- ---------------------
d1p0ha_d.108.1.1     -            308 d1z4ea1d.108.1.1.aln -            186     4e-72  237.3   0.0   1   2   9.9e-68   1.9e-66  218.8   0.0     1   186     1   185     1   185 0.99 -
d1p0ha_d.108.1.1     -            308 d1z4ea1d.108.1.1.aln -            186     4e-72  237.3   0.0   2   2     1e-05   0.00019   16.7   0.0    80   149   222   301   209   306 0.93 -
d2pq8a_d.108.1.1     -            271 d1z4ea1d.108.1.1.aln -            186   1.4e-64  212.8   0.9   1   1   9.1e-66   1.8e-64  212.4   0.9     3   186     3   185     1   185 0.99 -
d1boba_d.108.1.1     -            315 d1z4ea1d.108.1.1.aln -            186   7.3e-61  200.6   0.3   1   1   4.7e-62   9.1e-61  200.3   0.3     2   186    40   232    39   232 0.99 -
d2p0wa_d.108.1.1     -            319 d1z4ea1d.108.1.1.aln -            186   3.7e-60  198.3   0.5   1   1   3.2e-61   6.1e-60  197.6   0.5     1   186    28   240    28   240 1.00 -
d1yk3a1d.108.1.1     -            198 d1z4ea1d.108.1.1.aln -            186     7e-27   89.8   0.1   1   1   4.1e-28   7.8e-27   89.7   0.1     2   164    30   195    29   198 0.97 -
d1u6ma_d.108.1.1     -            189 d1z4ea1d.108.1.1.aln -            186   2.9e-25   84.6   0.1   1   1   1.7e-26   3.2e-25   84.4   0.1     5   164    28   187    24   189 0.96 -
d2b5ga_d.108.1.1     -            168 d1z4ea1d.108.1.1.aln -            186     2e-18   62.3   0.2   1   1   1.1e-19   2.2e-18   62.2   0.2     2   168     3   167     2   168 0.93 -
d1tiqa_d.108.1.1     -            173 d1z4ea1d.108.1.1.aln -            186   1.4e-16   56.2   0.0   1   1   9.3e-18   1.8e-16   55.9   0.0     9   165     9   166     2   172 0.95 -
d1ufha_d.108.1.1     -            155 d1z4ea1d.108.1.1.aln -            186   2.4e-16   55.5   0.3   1   1   1.4e-17   2.7e-16   55.3   0.3    10   153     8   152     2   155 0.95 -
d2euia1d.108.1.1     -            153 d1z4ea1d.108.1.1.aln -            186   2.5e-16   55.4   0.0   1   1   1.4e-17   2.7e-16   55.3   0.0    54   158    44   148     6   153 0.87 -
d1mk4a_d.108.1.1     -            157 d1z4ea1d.108.1.1.aln -            186   5.9e-16   54.2   0.0   1   1   3.7e-17     7e-16   54.0   0.0    14   156     1   136     1   144 0.97 -
d1y9wa1d.108.1.1     -            140 d1z4ea1d.108.1.1.aln -            186     8e-16   53.8   0.3   1   1   4.5e-17   8.6e-16   53.7   0.3    54   164    29   137     4   140 0.90 -
d1z4ra1d.108.1.1     -            162 d1z4ea1d.108.1.1.aln -            186   1.5e-15   52.9   0.1   1   1   8.8e-17   1.7e-15   52.7   0.1    16   167    22   159    10   162 0.93 -
d2cy2a1d.108.1.1     -            174 d1z4ea1d.108.1.1.aln -            186   6.7e-15   50.8   0.3   1   1   3.9e-16   7.5e-15   50.6   0.3    50   154    49   154     3   166 0.85 -
d1ghea_d.108.1.1     -            170 d1z4ea1d.108.1.1.aln -            186   7.6e-15   50.6   0.0   1   1   4.5e-16   8.7e-15   50.4   0.0    26   170    24   168    12   170 0.90 -
d1n71a_d.108.1.1     -            180 d1z4ea1d.108.1.1.aln -            186   1.7e-14   49.5   0.0   1   1   9.9e-16   1.9e-14   49.3   0.0    25   169    22   176     8   180 0.96 -
d2fiaa1d.108.1.1     -            157 d1z4ea1d.108.1.1.aln -            186   8.1e-14   47.2   0.3   1   1   5.2e-15     1e-13   47.0   0.3    70   168    57   155    40   157 0.90 -
d1wwza1d.108.1.1     -            157 d1z4ea1d.108.1.1.aln -            186   1.2e-13   46.7   0.6   1   1   6.6e-15   1.3e-13   46.6   0.6    27   159    24   155     6   157 0.82 -
d1qsma_d.108.1.1     -            150 d1z4ea1d.108.1.1.aln -            186   1.9e-13   46.1   0.1   1   1   1.2e-14   2.3e-13   45.7   0.1    61   156    54   149    47   150 0.94 -
d2ae6a1d.108.1.1     -            161 d1z4ea1d.108.1.1.aln -            186   2.5e-13   45.7   0.1   1   1   1.8e-14   3.5e-13   45.2   0.1    88   166    78   156    71   160 0.94 -
d2g3aa1d.108.1.1     -            137 d1z4ea1d.108.1.1.aln -            186   1.3e-12   43.4   0.0   1   1   8.9e-14   1.7e-12   42.9   0.0    72   150    44   120    39   123 0.93 -
d2fl4a1d.108.1.1     -            146 d1z4ea1d.108.1.1.aln -            186   4.1e-12   41.7   0.1   1   1   2.5e-13   4.8e-12   41.5   0.1    39   153    19   135     4   144 0.94 -
d1vkca_d.108.1.1     -            149 d1z4ea1d.108.1.1.aln -            186     6e-12   41.2   0.7   1   1   3.6e-13     7e-12   40.9   0.7    36   146    29   139     5   143 0.94 -
d1bo4a_d.108.1.1     -            137 d1z4ea1d.108.1.1.aln -            186   7.8e-10   34.3   0.0   1   1   4.6e-11   8.9e-10   34.1   0.0    60   144    53   137    28   137 0.90 -
d1i12a_d.108.1.1     -            157 d1z4ea1d.108.1.1.aln -            186   2.4e-09   32.6   0.0   1   1   1.3e-10   2.5e-09   32.6   0.0     9   150     8   151     1   157 0.88 -
d2gana1d.108.1.1     -            182 d1z4ea1d.108.1.1.aln -            186   3.4e-09   32.2   0.3   1   2   1.6e-06     3e-05   19.3   0.1     5   106     3   107     1   111 0.96 -
d2gana1d.108.1.1     -            182 d1z4ea1d.108.1.1.aln -            186   3.4e-09   32.2   0.3   2   2   0.00012    0.0022   13.2   0.0    87   126   105   144   102   182 0.76 -
d2jdca1d.108.1.1     -            145 d1z4ea1d.108.1.1.aln -            186   5.2e-09   31.6   0.1   1   1   4.6e-10   8.9e-09   30.8   0.1    80   165    60   142    36   145 0.91 -
d1z4ea1d.108.1.1     -            150 d1z4ea1d.108.1.1.aln -            186   7.7e-09   31.0   0.0   1   1   6.7e-10   1.3e-08   30.3   0.0    96   148    90   142    76   145 0.93 -
d2fcka1d.108.1.1     -            178 d1z4ea1d.108.1.1.aln -            186   1.3e-08   30.2   0.1   1   1   8.5e-10   1.6e-08   30.0   0.1    12   159    15   166     5   170 0.95 -
d2atra1d.108.1.1     -            137 d1z4ea1d.108.1.1.aln -            186   4.6e-08   28.5   0.0   1   1   2.5e-09   4.8e-08   28.4   0.0    42   156    19   131     4   137 0.83 -
d1nsla_d.108.1.1     -            180 d1z4ea1d.108.1.1.aln -            186   6.7e-08   28.0   0.1   1   1   3.8e-09   7.4e-08   27.8   0.1     6   168     8   174     4   180 0.94 -
d1cjwa_d.108.1.1     -            166 d1z4ea1d.108.1.1.aln -            186   9.2e-08   27.5   0.0   1   1   6.1e-09   1.2e-07   27.2   0.0    27   166    27   165     3   166 0.89 -
d2fiwa1d.108.1.1     -            156 d1z4ea1d.108.1.1.aln -            186   2.6e-07   26.0   0.0   1   1   2.1e-08   4.1e-07   25.4   0.0    30   150    22   137     7   145 0.77 -
d1r57a_d.108.1.1     -            102 d1z4ea1d.108.1.1.aln -            186   3.8e-07   25.5   0.0   1   1   2.2e-08   4.3e-07   25.3   0.0    59   127     6    74     2    99 0.82 -
d1q2ya_d.108.1.1     -            140 d1z4ea1d.108.1.1.aln -            186   4.2e-07   25.4   0.0   1   1   2.4e-08   4.5e-07   25.3   0.0    69   154    46   128     3   140 0.79 -
d1yx0a1d.108.1.1     -            151 d1z4ea1d.108.1.1.aln -            186   1.8e-06   23.3   0.0   1   1   1.2e-07   2.4e-06   22.9   0.0    69   146    51   130    19   151 0.82 -
d1y9ka1d.108.1.1     -            152 d1z4ea1d.108.1.1.aln -            186   3.1e-06   22.5   0.0   1   1   2.3e-07   4.5e-06   22.0   0.0    21   116     8   102     2   150 0.86 -
d1xeba_d.108.1.1     -            149 d1z4ea1d.108.1.1.aln -            186   6.1e-06   21.6   0.3   1   1   4.2e-07   8.1e-06   21.2   0.3    29   157    18   141    10   147 0.77 -
d2aj6a1d.108.1.1     -            118 d1z4ea1d.108.1.1.aln -            186   8.9e-06   21.0   0.0   1   1   5.1e-07   9.8e-06   20.9   0.0    14   125     5   115     1   117 0.91 -
d1y7ra1d.108.1.1     -            133 d1z4ea1d.108.1.1.aln -            186   1.6e-05   20.2   0.0   1   1   9.4e-07   1.8e-05   20.0   0.0    76   152    51   126    26   132 0.86 -
d1xmta_d.108.1.1     -             95 d1z4ea1d.108.1.1.aln -            186   7.3e-05   18.0   0.0   1   1   3.8e-06   7.3e-05   18.0   0.0    59   121     3    61     1    91 0.84 -
#
# Program:         hmmsearch
# Version:         3.1b2 (February 2015)
# Pipeline mode:   SEARCH
# Query file:      hmmModels95/d1z4ea1d.108.1.1.hmm
# Target file:     scop/scopTestSeq.fasta
# Option settings: hmmsearch --domtblout hmmModels95/d1z4ea1d.108.1.1.out -E 1 hmmModels95/d1z4ea1d.108.1.1.hmm scop/scopTestSeq.fasta 
# Current dir:     /users/nfs/Etu7/3801677/SBAS/TME8
# Date:            Tue Apr  4 15:54:16 2023
# [ok]
