#                                                                            --- full sequence --- -------------- this domain -------------   hmm coord   ali coord   env coord
# target name        accession   tlen query name           accession   qlen   E-value  score  bias   #  of  c-Evalue  i-Evalue  score  bias  from    to  from    to  from    to  acc description of target
#------------------- ---------- ----- -------------------- ---------- ----- --------- ------ ----- --- --- --------- --------- ------ ----- ----- ----- ----- ----- ----- ----- ---- ---------------------
d2i4aa_c.47.1.1      -            107 d1z6na1c.47.1.1.aln  -            107   1.8e-35  116.4   0.0   1   1   4.2e-37   2.1e-35  116.2   0.0     3   103     3   103     1   106 0.96 -
d1z6na1c.47.1.1      -            166 d1z6na1c.47.1.1.aln  -            107   2.8e-35  115.8   0.0   1   1   7.1e-37   3.5e-35  115.5   0.0     1   106    35   146    35   147 0.98 -
d1sena_c.47.1.1      -            135 d1z6na1c.47.1.1.aln  -            107   3.9e-25   83.2   0.0   1   1   9.2e-27   4.6e-25   83.0   0.0     2   106     7   118     6   119 0.98 -
d1r26a_c.47.1.1      -            113 d1z6na1c.47.1.1.aln  -            107   1.2e-24   81.6   0.0   1   1     3e-26   1.5e-24   81.3   0.0     7   103    13   108     8   111 0.95 -
d2fwha_c.47.1.1      -            117 d1z6na1c.47.1.1.aln  -            107     8e-19   62.9   0.1   1   1   1.8e-20   8.7e-19   62.8   0.1     3   104     5   115     3   117 0.95 -
d1zmaa1c.47.1.1      -            115 d1z6na1c.47.1.1.aln  -            107   9.2e-18   59.5   0.0   1   1     2e-19     1e-17   59.3   0.0     3   103     9   113     7   115 0.96 -
d3gnja_c.47.1.0      -            111 d1z6na1c.47.1.1.aln  -            107   2.5e-13   45.2   0.1   1   1   5.9e-15   2.9e-13   45.0   0.1     6    98     8   100     4   110 0.88 -
d1wjka_c.47.1.1      -            100 d1z6na1c.47.1.1.aln  -            107   1.4e-12   42.9   0.0   1   1   3.1e-14   1.5e-12   42.7   0.0    11   101     6    93     1    97 0.91 -
d3qmxa_c.47.1.0      -             99 d1z6na1c.47.1.1.aln  -            107   2.4e-11   38.8   0.0   1   1   5.4e-13   2.7e-11   38.7   0.0    28   104    22    97     7    99 0.85 -
d1iloa_c.47.1.1      -             77 d1z6na1c.47.1.1.aln  -            107   6.7e-10   34.2   0.1   1   1   1.4e-11     7e-10   34.1   0.1    22    97     1    73     1    77 0.91 -
d1abaa_c.47.1.1      -             87 d1z6na1c.47.1.1.aln  -            107   1.6e-09   33.0   0.0   1   1   3.3e-11   1.6e-09   32.9   0.0    22   101     4    82     1    87 0.90 -
d2hzfa_c.47.1.0      -            110 d1z6na1c.47.1.1.aln  -            107   4.8e-08   28.2   0.0   1   1   1.1e-09   5.5e-08   28.0   0.0    17    89    16    87     1    96 0.82 -
d2wcia_c.47.1.0      -            113 d1z6na1c.47.1.1.aln  -            107   2.1e-06   22.9   0.0   1   1   5.1e-08   2.5e-06   22.7   0.0    31   101    29    97     5   105 0.91 -
d3feua_c.47.1.0      -            183 d1z6na1c.47.1.1.aln  -            107   1.2e-05   20.6   0.0   1   2    0.0054      0.26    6.5   0.0    28    50    28    50    10    63 0.85 -
d3feua_c.47.1.0      -            183 d1z6na1c.47.1.1.aln  -            107   1.2e-05   20.6   0.0   2   2   0.00011    0.0056   11.9   0.0    54    90   130   169   123   181 0.77 -
d1ttza_c.47.1.1      -             75 d1z6na1c.47.1.1.aln  -            107   5.6e-05   18.4   0.0   1   1   1.5e-06   7.4e-05   18.0   0.0    24   101     2    72     1    75 0.73 -
d3h93a_c.47.1.0      -            192 d1z6na1c.47.1.1.aln  -            107    0.0038   12.5   0.0   1   2      0.18       8.9    1.6   0.0    31    55    36    60    25    65 0.80 -
d3h93a_c.47.1.0      -            192 d1z6na1c.47.1.1.aln  -            107    0.0038   12.5   0.0   2   2    0.0013     0.063    8.6   0.0    54    82   132   160   121   177 0.82 -
#
# Program:         hmmsearch
# Version:         3.1b2 (February 2015)
# Pipeline mode:   SEARCH
# Query file:      hmmModels95/d1z6na1c.47.1.1.hmm
# Target file:     scop/scopTestSeq.fasta
# Option settings: hmmsearch --domtblout hmmModels95/d1z6na1c.47.1.1.out -E 1 hmmModels95/d1z6na1c.47.1.1.hmm scop/scopTestSeq.fasta 
# Current dir:     /users/nfs/Etu7/3801677/SBAS/TME8
# Date:            Tue Apr  4 15:54:16 2023
# [ok]
