#                                                                            --- full sequence --- -------------- this domain -------------   hmm coord   ali coord   env coord
# target name        accession   tlen query name           accession   qlen   E-value  score  bias   #  of  c-Evalue  i-Evalue  score  bias  from    to  from    to  from    to  acc description of target
#------------------- ---------- ----- -------------------- ---------- ----- --------- ------ ----- --- --- --------- --------- ------ ----- ----- ----- ----- ----- ----- ----- ---- ---------------------
d2c4ja1a.45.1.1      -            133 d1z9ha1a.45.1.1.aln  -            138   2.4e-42  139.6   0.1   1   1     4e-44   2.7e-42  139.5   0.1     1   138     1   132     1   132 0.98 -
d1tu7a1a.45.1.1      -            131 d1z9ha1a.45.1.1.aln  -            138   9.9e-35  115.0   0.1   1   1   1.6e-36   1.1e-34  114.8   0.1     3   134     1   130     1   131 0.98 -
d1k3ya1a.45.1.1      -            142 d1z9ha1a.45.1.1.aln  -            138   1.8e-32  107.6   0.1   1   1     3e-34     2e-32  107.5   0.1     1   133     1   132     1   137 0.97 -
d1okta1a.45.1.1      -            126 d1z9ha1a.45.1.1.aln  -            138   4.2e-25   83.8   0.1   1   1   7.7e-27   5.1e-25   83.5   0.1     2   124     1   123     1   125 0.97 -
d2cvda1a.45.1.1      -            124 d1z9ha1a.45.1.1.aln  -            138   3.8e-24   80.7   0.1   1   1   6.4e-26   4.2e-24   80.5   0.1     2   126     3   123     2   124 0.94 -
d1eema1a.45.1.1      -            139 d1z9ha1a.45.1.1.aln  -            138   1.7e-23   78.6   0.1   1   1   3.1e-25     2e-23   78.3   0.1     2   133     1   128     1   132 0.93 -
d1gnwa1a.45.1.1      -            126 d1z9ha1a.45.1.1.aln  -            138   1.1e-22   75.9   0.2   1   1   1.9e-24   1.2e-22   75.8   0.2    10   117    18   124    10   126 0.96 -
d1tw9a1a.45.1.1      -            129 d1z9ha1a.45.1.1.aln  -            138   3.7e-22   74.2   0.0   1   1   6.8e-24   4.5e-22   74.0   0.0     3   125     2   127     1   129 0.88 -
d1nhya1a.45.1.1      -            144 d1z9ha1a.45.1.1.aln  -            138   4.4e-22   74.0   0.0   1   1   7.4e-24   4.9e-22   73.9   0.0     1   133     8   144     8   144 0.96 -
d1k0ma1a.45.1.1      -            149 d1z9ha1a.45.1.1.aln  -            138   1.7e-12   43.0   0.0   1   1   3.1e-14     2e-12   42.7   0.0     5   134    10   147     6   149 0.90 -
d2fnoa1a.45.1.1      -            149 d1z9ha1a.45.1.1.aln  -            138   1.8e-10   36.4   0.0   1   1   3.2e-12   2.1e-10   36.2   0.0     2   130     1   135     1   142 0.93 -
d1z9ha1a.45.1.1      -            161 d1z9ha1a.45.1.1.aln  -            138   2.6e-05   19.7   0.0   1   1   5.9e-07   3.9e-05   19.1   0.0    47   111    92   156    61   158 0.75 -
#
# Program:         hmmsearch
# Version:         3.1b2 (February 2015)
# Pipeline mode:   SEARCH
# Query file:      hmmModels95/d1z9ha1a.45.1.1.hmm
# Target file:     scop/scopTestSeq.fasta
# Option settings: hmmsearch --domtblout hmmModels95/d1z9ha1a.45.1.1.out -E 1 hmmModels95/d1z9ha1a.45.1.1.hmm scop/scopTestSeq.fasta 
# Current dir:     /users/nfs/Etu7/3801677/SBAS/TME8
# Date:            Tue Apr  4 15:54:16 2023
# [ok]
