#                                                                            --- full sequence --- -------------- this domain -------------   hmm coord   ali coord   env coord
# target name        accession   tlen query name           accession   qlen   E-value  score  bias   #  of  c-Evalue  i-Evalue  score  bias  from    to  from    to  from    to  acc description of target
#------------------- ---------- ----- -------------------- ---------- ----- --------- ------ ----- --- --- --------- --------- ------ ----- ----- ----- ----- ----- ----- ----- ---- ---------------------
d1pvma4d.37.1.1      -            142 d1zfja4d.37.1.1.aln  -            133   6.2e-32  106.0   1.2   1   1   1.7e-33   6.9e-32  105.8   1.2     3   130     1   129     1   132 0.98 -
d1o50a3d.37.1.1      -            145 d1zfja4d.37.1.1.aln  -            133   8.3e-32  105.5   2.1   1   1   2.3e-33   9.7e-32  105.3   2.1     2   131     1   144     1   145 0.98 -
d2v8qe2d.37.1.1      -            159 d1zfja4d.37.1.1.aln  -            133   3.3e-31  103.6   0.0   1   1   1.4e-32   5.8e-31  102.8   0.0     1   132    15   159    15   159 0.99 -
d2nyca1d.37.1.1      -            140 d1zfja4d.37.1.1.aln  -            133   2.7e-30  100.6   0.5   1   1   7.3e-32     3e-30  100.5   0.5     2   127    14   138    13   140 0.98 -
d2j9la1d.37.1.1      -            169 d1zfja4d.37.1.1.aln  -            133   2.4e-29   97.6   1.9   1   1   2.7e-30   1.1e-28   95.4   1.9     2   133     8   162     7   162 0.99 -
d2yzqa2d.37.1.1      -            122 d1zfja4d.37.1.1.aln  -            133   6.4e-29   96.2   2.0   1   1   3.5e-30   1.4e-28   95.0   2.0     5   131     1   121     1   122 0.95 -
d1y5ha3d.37.1.1      -            123 d1zfja4d.37.1.1.aln  -            133     4e-28   93.6   0.0   1   1   1.1e-29   4.4e-28   93.5   0.0     7   126     3   122     1   123 0.98 -
d2yzia1d.37.1.1      -            132 d1zfja4d.37.1.1.aln  -            133   1.6e-27   91.7   1.3   1   1   4.2e-29   1.8e-27   91.5   1.3     2   132     2   131     1   132 0.97 -
d2yzqa1d.37.1.1      -            156 d1zfja4d.37.1.1.aln  -            133   8.8e-27   89.3   0.2   1   1   4.2e-27   1.7e-25   85.1   0.1     2   131     1   144     1   146 0.97 -
d1pbja3d.37.1.1      -            120 d1zfja4d.37.1.1.aln  -            133   1.9e-26   88.2   5.7   1   1   4.9e-28   2.1e-26   88.1   5.7     6   125     1   118     1   120 0.94 -
d3ddja1d.37.1.1      -            141 d1zfja4d.37.1.1.aln  -            133   2.3e-26   87.9   6.3   1   1     6e-28   2.5e-26   87.8   6.3     5   129     2   132     1   136 0.97 -
d3ddja2d.37.1.1      -            135 d1zfja4d.37.1.1.aln  -            133   5.7e-26   86.7   0.1   1   1   1.5e-27   6.3e-26   86.5   0.1     5   130     1   134     1   135 0.98 -
d1vr9a3d.37.1.1      -            121 d1zfja4d.37.1.1.aln  -            133   2.2e-25   84.7   0.1   1   1   6.2e-27   2.6e-25   84.5   0.1     5   129     1   119     1   121 0.97 -
d2ouxa2d.37.1.1      -            127 d1zfja4d.37.1.1.aln  -            133   3.8e-24   80.7   6.8   1   1     1e-25   4.1e-24   80.6   6.8     7   130     3   125     1   127 0.98 -
d2d4za3d.37.1.1      -            161 d1zfja4d.37.1.1.aln  -            133   6.1e-24   80.1   0.1   1   1   1.7e-25     7e-24   79.9   0.1     2   132     8   155     7   156 0.98 -
d2rc3a1d.37.1.1      -            127 d1zfja4d.37.1.1.aln  -            133   6.1e-24   80.1   1.8   1   1   1.6e-25   6.6e-24   80.0   1.8     2   126     2   125     1   127 0.88 -
d2riha_d.37.1.1      -            131 d1zfja4d.37.1.1.aln  -            133     9e-23   76.3   0.6   1   1   2.4e-24   9.9e-23   76.2   0.6     5   131     1   127     1   129 0.94 -
d1zfja4d.37.1.1      -            126 d1zfja4d.37.1.1.aln  -            133     7e-13   44.3   0.5   1   2   9.1e-05    0.0038   12.8   0.0    85   121    12    50     6    59 0.87 -
d1zfja4d.37.1.1      -            126 d1zfja4d.37.1.1.aln  -            133     7e-13   44.3   0.5   2   2     4e-10   1.7e-08   30.1   0.2    74   126    63   116    53   117 0.87 -
d1y63a_c.37.1.1      -            174 d1zfja4d.37.1.1.aln  -            133     0.002   13.7   0.4   1   1   9.6e-05     0.004   12.7   0.4    48   101    99   168    97   172 0.87 -
#
# Program:         hmmsearch
# Version:         3.1b2 (February 2015)
# Pipeline mode:   SEARCH
# Query file:      hmmModels95/d1zfja4d.37.1.1.hmm
# Target file:     scop/scopTestSeq.fasta
# Option settings: hmmsearch --domtblout hmmModels95/d1zfja4d.37.1.1.out -E 1 hmmModels95/d1zfja4d.37.1.1.hmm scop/scopTestSeq.fasta 
# Current dir:     /users/nfs/Etu7/3801677/SBAS/TME8
# Date:            Tue Apr  4 15:54:16 2023
# [ok]
