#                                                                            --- full sequence --- -------------- this domain -------------   hmm coord   ali coord   env coord
# target name        accession   tlen query name           accession   qlen   E-value  score  bias   #  of  c-Evalue  i-Evalue  score  bias  from    to  from    to  from    to  acc description of target
#------------------- ---------- ----- -------------------- ---------- ----- --------- ------ ----- --- --- --------- --------- ------ ----- ----- ----- ----- ----- ----- ----- ---- ---------------------
d1e2ka_c.37.1.1      -            329 d1zina1c.37.1.1.aln  -            209   1.7e-80  265.1   0.0   1   2   0.00081      0.03    9.4   0.0     5    25     6    26     4    28 0.91 -
d1e2ka_c.37.1.1      -            329 d1zina1c.37.1.1.aln  -            209   1.7e-80  265.1   0.0   2   2   1.3e-78   4.7e-77  253.8   0.0     2   208    30   288    29   289 0.99 -
d1p5zb_c.37.1.1      -            241 d1zina1c.37.1.1.aln  -            209   1.8e-49  163.7   0.0   1   1   5.4e-51     2e-49  163.5   0.0     4   208     3   221     1   222 0.99 -
d1zina1c.37.1.1      -            183 d1zina1c.37.1.1.aln  -            209   1.3e-34  115.2   0.1   1   1   3.6e-36   1.4e-34  115.1   0.1     4   206     1   180     1   183 0.98 -
d1t0hb_c.37.1.1      -            219 d1zina1c.37.1.1.aln  -            209   3.8e-31  103.8   0.0   1   1   1.2e-32   4.7e-31  103.6   0.0     2   194    19   211    18   215 0.96 -
d1deka_c.37.1.1      -            241 d1zina1c.37.1.1.aln  -            209   5.6e-31  103.3   0.0   1   1   1.7e-32   6.5e-31  103.1   0.0     3   208     1   207     1   208 0.99 -
d1qf9a_c.37.1.1      -            194 d1zina1c.37.1.1.aln  -            209   3.1e-25   84.6   0.0   1   1   9.5e-27   3.6e-25   84.3   0.0     2   205     5   190     4   193 0.95 -
d1khta_c.37.1.1      -            190 d1zina1c.37.1.1.aln  -            209   2.6e-24   81.5   0.1   1   1   7.5e-26   2.8e-24   81.4   0.1     3   205     1   187     1   190 0.97 -
d1vhta_c.37.1.1      -            208 d1zina1c.37.1.1.aln  -            209     4e-22   74.4   0.5   1   1   1.4e-23   5.1e-22   74.0   0.5     4   206     4   200     2   202 0.98 -
d1gsia_c.37.1.1      -            208 d1zina1c.37.1.1.aln  -            209   1.1e-16   56.7   0.0   1   1   3.3e-18   1.2e-16   56.4   0.0     4   192     1   185     1   198 0.96 -
d1y63a_c.37.1.1      -            174 d1zina1c.37.1.1.aln  -            209   1.7e-16   56.0   1.0   1   1   7.9e-18     3e-16   55.2   1.0     2   201     4   171     3   173 0.89 -
d1kgda_c.37.1.1      -            178 d1zina1c.37.1.1.aln  -            209   2.3e-16   55.6   0.1   1   1   6.6e-18   2.5e-16   55.4   0.1     1   182     1   176     1   178 0.98 -
d1kjwa2c.37.1.1      -            199 d1zina1c.37.1.1.aln  -            209   1.9e-15   52.6   0.0   1   1   5.6e-17   2.1e-15   52.4   0.0     3   196     9   199     7   199 0.81 -
d1yj5a2c.37.1.1      -            172 d1zina1c.37.1.1.aln  -            209     3e-15   51.9   0.0   1   1   8.6e-17   3.2e-15   51.8   0.0     3   176    14   169    12   172 0.89 -
d1lw7a2c.37.1.1      -            192 d1zina1c.37.1.1.aln  -            209   1.3e-12   43.3   0.0   1   1   4.3e-14   1.6e-12   43.0   0.0     3   202     7   187     6   192 0.92 -
d2grja_c.37.1.1      -            179 d1zina1c.37.1.1.aln  -            209   6.5e-11   37.7   1.1   1   1   3.6e-12   1.3e-10   36.7   1.1     2   199     2   177     1   178 0.93 -
d3kb2a_c.37.1.1      -            171 d1zina1c.37.1.1.aln  -            209   6.4e-10   34.5   0.0   1   1     2e-11   7.6e-10   34.3   0.0     5   188     2   171     1   171 0.95 -
d1ly1a_c.37.1.1      -            152 d1zina1c.37.1.1.aln  -            209   5.7e-09   31.4   0.0   1   1   1.7e-10   6.5e-09   31.2   0.0     3   139     2   125     1   149 0.75 -
d3akea_c.37.1.0      -            208 d1zina1c.37.1.1.aln  -            209     2e-08   29.6   0.3   1   1     1e-08   3.9e-07   25.4   0.3     5   181     4   170     1   181 0.79 -
d2qora_c.37.1.0      -            196 d1zina1c.37.1.1.aln  -            209   6.3e-07   24.7   0.0   1   1   2.5e-08   9.3e-07   24.2   0.0     3   140     4   147     2   188 0.72 -
d1in4a2c.37.1.20     -            238 d1zina1c.37.1.1.aln  -            209   0.00038   15.7   0.0   1   1   1.4e-05   0.00053   15.2   0.0     6    50    38    83    36   222 0.79 -
d1um8a_c.37.1.20     -            364 d1zina1c.37.1.1.aln  -            209    0.0034   12.5   0.0   1   1   0.00017    0.0065   11.6   0.0     5    29    70    94    67   108 0.91 -
#
# Program:         hmmsearch
# Version:         3.1b2 (February 2015)
# Pipeline mode:   SEARCH
# Query file:      hmmModels95/d1zina1c.37.1.1.hmm
# Target file:     scop/scopTestSeq.fasta
# Option settings: hmmsearch --domtblout hmmModels95/d1zina1c.37.1.1.out -E 1 hmmModels95/d1zina1c.37.1.1.hmm scop/scopTestSeq.fasta 
# Current dir:     /users/nfs/Etu7/3801677/SBAS/TME8
# Date:            Tue Apr  4 15:54:16 2023
# [ok]
