#                                                                            --- full sequence --- -------------- this domain -------------   hmm coord   ali coord   env coord
# target name        accession   tlen query name           accession   qlen   E-value  score  bias   #  of  c-Evalue  i-Evalue  score  bias  from    to  from    to  from    to  acc description of target
#------------------- ---------- ----- -------------------- ---------- ----- --------- ------ ----- --- --- --------- --------- ------ ----- ----- ----- ----- ----- ----- ----- ---- ---------------------
d2fbka1a.4.5.28      -            172 d2a61a1a.4.5.28.aln  -            143   1.7e-57  188.8   0.1   1   1   5.3e-59   2.1e-57  188.5   0.1     1   143    29   172    29   172 0.99 -
d2fxaa1a.4.5.28      -            162 d2a61a1a.4.5.28.aln  -            143   8.3e-53  173.6   0.0   1   1   2.4e-54   9.4e-53  173.4   0.0     2   143     9   148     8   148 0.98 -
d1lj9a_a.4.5.28      -            144 d2a61a1a.4.5.28.aln  -            143   6.7e-40  131.8   1.0   1   1   1.9e-41   7.4e-40  131.6   1.0     7   142     2   135     1   136 0.98 -
d2fbia1a.4.5.28      -            136 d2a61a1a.4.5.28.aln  -            143   7.2e-39  128.4   0.6   1   1     2e-40   7.7e-39  128.3   0.6     7   139     3   133     1   136 0.97 -
d2etha1a.4.5.28      -            140 d2a61a1a.4.5.28.aln  -            143   2.5e-38  126.6   0.0   1   1     7e-40   2.8e-38  126.5   0.0     6   143     4   139     1   139 0.98 -
d2fbha1a.4.5.28      -            137 d2a61a1a.4.5.28.aln  -            143   9.7e-38  124.8   0.4   1   1   2.7e-39   1.1e-37  124.6   0.4     9   142     3   135     1   136 0.97 -
d3broa1a.4.5.28      -            135 d2a61a1a.4.5.28.aln  -            143   3.7e-36  119.6   5.5   1   1     1e-37     4e-36  119.5   5.5     7   139     2   134     1   135 0.99 -
d1s3ja_a.4.5.28      -            143 d2a61a1a.4.5.28.aln  -            143   9.4e-36  118.3   4.4   1   1   2.6e-37     1e-35  118.2   4.4     3   142     4   141     2   142 0.97 -
d1jgsa_a.4.5.28      -            138 d2a61a1a.4.5.28.aln  -            143   3.6e-35  116.4   0.0   1   1   9.8e-37   3.9e-35  116.3   0.0     3   137     3   136     1   138 0.92 -
d3echa_a.4.5.28      -            142 d2a61a1a.4.5.28.aln  -            143   1.3e-34  114.6   0.1   1   1   3.7e-36   1.4e-34  114.5   0.1     4   140     5   141     2   142 0.97 -
d2hr3a1a.4.5.28      -            145 d2a61a1a.4.5.28.aln  -            143   1.1e-32  108.4   0.2   1   1   2.9e-34   1.2e-32  108.3   0.2     2   143     2   142     1   142 0.97 -
d1p4xa1a.4.5.28      -            125 d2a61a1a.4.5.28.aln  -            143   1.4e-32  108.0   1.5   1   1   3.8e-34   1.5e-32  107.9   1.5     1   124     1   124     1   125 0.97 -
d1p4xa2a.4.5.28      -            125 d2a61a1a.4.5.28.aln  -            143   6.9e-31  102.5   3.7   1   1   1.9e-32   7.3e-31  102.5   3.7     3   121     2   120     1   125 0.96 -
d1hsja1a.4.5.28      -            115 d2a61a1a.4.5.28.aln  -            143   5.9e-30   99.5   3.7   1   1   1.6e-31   6.4e-30   99.4   3.7     4   116     2   114     1   115 0.98 -
d3jw4a_a.4.5.0       -            137 d2a61a1a.4.5.28.aln  -            143   2.8e-24   81.1   0.1   1   1   7.5e-26     3e-24   81.0   0.1    11   137     7   133     1   137 0.96 -
d2a61a1a.4.5.28      -            139 d2a61a1a.4.5.28.aln  -            143     3e-23   77.8   0.0   1   1   8.5e-25   3.4e-23   77.6   0.0    19   141    15   135     2   137 0.92 -
d3bjaa_a.4.5.0       -            139 d2a61a1a.4.5.28.aln  -            143   4.9e-21   70.6   0.1   1   1   1.4e-22   5.4e-21   70.5   0.1    13   139    12   136     2   139 0.90 -
d1ub9a_a.4.5.28      -            100 d2a61a1a.4.5.28.aln  -            143   4.5e-20   67.5   0.0   1   1   1.2e-21   4.8e-20   67.4   0.0    19   117     1    97     1   100 0.97 -
d3ctaa1a.4.5.28      -             85 d2a61a1a.4.5.28.aln  -            143   6.7e-14   47.5   0.2   1   1     2e-15   7.8e-14   47.3   0.2    46   115    17    83     3    85 0.93 -
d3df8a_a.4.5.0       -            109 d2a61a1a.4.5.28.aln  -            143   0.00062   15.2   0.0   1   1   2.2e-05   0.00088   14.7   0.0    42   111    34   100    14   105 0.81 -
#
# Program:         hmmsearch
# Version:         3.1b2 (February 2015)
# Pipeline mode:   SEARCH
# Query file:      hmmModels95/d2a61a1a.4.5.28.hmm
# Target file:     scop/scopTestSeq.fasta
# Option settings: hmmsearch --domtblout hmmModels95/d2a61a1a.4.5.28.out -E 1 hmmModels95/d2a61a1a.4.5.28.hmm scop/scopTestSeq.fasta 
# Current dir:     /users/nfs/Etu7/3801677/SBAS/TME8
# Date:            Tue Apr  4 15:54:17 2023
# [ok]
