#                                                                            --- full sequence --- -------------- this domain -------------   hmm coord   ali coord   env coord
# target name        accession   tlen query name           accession   qlen   E-value  score  bias   #  of  c-Evalue  i-Evalue  score  bias  from    to  from    to  from    to  acc description of target
#------------------- ---------- ----- -------------------- ---------- ----- --------- ------ ----- --- --- --------- --------- ------ ----- ----- ----- ----- ----- ----- ----- ---- ---------------------
d2pq8a_d.108.1.1     -            271 d2aj6a1d.108.1.1.aln -            179     2e-64  212.3   1.4   1   1   1.5e-65   2.7e-64  211.9   1.4     4   179     2   177     1   177 0.99 -
d2p0wa_d.108.1.1     -            319 d2aj6a1d.108.1.1.aln -            179   1.1e-51  170.8   1.0   1   2   3.2e-52   5.9e-51  168.4   0.5     1   178    11   194    11   195 0.99 -
d2p0wa_d.108.1.1     -            319 d2aj6a1d.108.1.1.aln -            179   1.1e-51  170.8   1.0   2   2       1.1        20    0.5   0.0    85   117   210   242   202   247 0.79 -
d1p0ha_d.108.1.1     -            308 d2aj6a1d.108.1.1.aln -            179   6.6e-50  165.0   0.0   1   3   1.6e-47     3e-46  153.1   0.0     3   179     2   180     1   180 0.99 -
d1p0ha_d.108.1.1     -            308 d2aj6a1d.108.1.1.aln -            179   6.6e-50  165.0   0.0   2   3     0.067       1.2    4.5   0.0    81   109   223   251   221   253 0.92 -
d1p0ha_d.108.1.1     -            308 d2aj6a1d.108.1.1.aln -            179   6.6e-50  165.0   0.0   3   3     0.091       1.7    4.1   0.0   114   152   269   304   266   308 0.78 -
d1boba_d.108.1.1     -            315 d2aj6a1d.108.1.1.aln -            179   3.8e-49  162.5   0.0   1   1   3.2e-50   5.9e-49  161.9   0.0     1   179     3   187     3   187 0.99 -
d1u6ma_d.108.1.1     -            189 d2aj6a1d.108.1.1.aln -            179   5.7e-37  122.9   0.1   1   1   3.7e-38   6.8e-37  122.6   0.1     2   165    21   188    20   189 0.98 -
d2b5ga_d.108.1.1     -            168 d2aj6a1d.108.1.1.aln -            179   1.5e-26   89.0   0.4   1   1   8.9e-28   1.6e-26   88.8   0.4     5   167     5   166     2   168 0.95 -
d1tiqa_d.108.1.1     -            173 d2aj6a1d.108.1.1.aln -            179   7.2e-25   83.4   0.0   1   1   4.5e-26   8.2e-25   83.3   0.0     4   166     3   167     1   172 0.96 -
d1yk3a1d.108.1.1     -            198 d2aj6a1d.108.1.1.aln -            179   5.1e-22   74.2   0.1   1   1   3.1e-23   5.7e-22   74.0   0.1     4   179    18   198    15   198 0.99 -
d1z4ea1d.108.1.1     -            150 d2aj6a1d.108.1.1.aln -            179   1.9e-21   72.3   0.1   1   1   1.3e-22   2.3e-21   72.0   0.1     2   147     1   141     1   146 0.96 -
d1i12a_d.108.1.1     -            157 d2aj6a1d.108.1.1.aln -            179   2.8e-21   71.8   0.0   1   1   1.8e-22   3.3e-21   71.5   0.0     4   155     6   156     4   157 0.98 -
d2cy2a1d.108.1.1     -            174 d2aj6a1d.108.1.1.aln -            179     5e-20   67.7   0.7   1   1   3.2e-21   5.8e-20   67.5   0.7     4   162     2   162     1   170 0.97 -
d1z4ra1d.108.1.1     -            162 d2aj6a1d.108.1.1.aln -            179   3.1e-19   65.1   0.1   1   1   1.8e-20   3.3e-19   65.0   0.1     6   167    10   158     5   162 0.96 -
d2ae6a1d.108.1.1     -            161 d2aj6a1d.108.1.1.aln -            179   3.8e-19   64.8   0.0   1   1   2.4e-20   4.4e-19   64.6   0.0     3   166     5   156     3   160 0.97 -
d1vkca_d.108.1.1     -            149 d2aj6a1d.108.1.1.aln -            179   4.8e-19   64.5   1.0   1   1   3.1e-20   5.7e-19   64.2   1.0    11   152     9   145     4   148 0.94 -
d1y9ka1d.108.1.1     -            152 d2aj6a1d.108.1.1.aln -            179     3e-18   61.9   0.0   1   1     2e-19   3.8e-18   61.6   0.0    28   171    11   142     6   148 0.91 -
d2euia1d.108.1.1     -            153 d2aj6a1d.108.1.1.aln -            179   3.3e-18   61.8   0.1   1   1   2.2e-19     4e-18   61.5   0.1     3   154     1   144     1   149 0.95 -
d1nsla_d.108.1.1     -            180 d2aj6a1d.108.1.1.aln -            179   2.1e-17   59.1   0.3   1   1   1.3e-18   2.3e-17   59.0   0.3     2   171    10   177     9   180 0.95 -
d1mk4a_d.108.1.1     -            157 d2aj6a1d.108.1.1.aln -            179     3e-17   58.6   0.0   1   1     2e-18   3.6e-17   58.4   0.0     2   163     1   143     1   147 0.94 -
d1qsma_d.108.1.1     -            150 d2aj6a1d.108.1.1.aln -            179     8e-17   57.2   0.0   1   1   4.7e-18   8.6e-17   57.1   0.0     3   151     3   144     1   150 0.95 -
d1ufha_d.108.1.1     -            155 d2aj6a1d.108.1.1.aln -            179   1.8e-16   56.1   0.2   1   1   1.1e-17     2e-16   56.0   0.2     5   152     4   151     1   154 0.96 -
d2fiaa1d.108.1.1     -            157 d2aj6a1d.108.1.1.aln -            179   2.4e-16   55.7   0.6   1   1   1.5e-17   2.7e-16   55.5   0.6     3   169     1   156     1   157 0.98 -
d1y9wa1d.108.1.1     -            140 d2aj6a1d.108.1.1.aln -            179     3e-16   55.4   0.3   1   1   1.9e-17   3.5e-16   55.1   0.3    73   163    48   136    27   140 0.91 -
d1wwza1d.108.1.1     -            157 d2aj6a1d.108.1.1.aln -            179   7.3e-16   54.1   0.6   1   1   4.4e-17     8e-16   54.0   0.6     2   157     3   153     2   157 0.94 -
d1m4ia_d.108.1.1     -            181 d2aj6a1d.108.1.1.aln -            179     2e-15   52.7   0.0   1   1   1.3e-16   2.3e-15   52.5   0.0     9   161     3   153     1   164 0.90 -
d2fcka1d.108.1.1     -            178 d2aj6a1d.108.1.1.aln -            179   3.7e-15   51.8   0.1   1   1   2.4e-16   4.4e-15   51.6   0.1     2   157    11   164    10   176 0.95 -
d1cjwa_d.108.1.1     -            166 d2aj6a1d.108.1.1.aln -            179   5.7e-15   51.2   0.0   1   1   3.5e-16   6.4e-15   51.0   0.0     4   165     7   164     4   166 0.95 -
d1yx0a1d.108.1.1     -            151 d2aj6a1d.108.1.1.aln -            179   1.7e-14   49.7   0.0   1   1     1e-15   1.8e-14   49.5   0.0    61   164    43   148    17   151 0.91 -
d2fl4a1d.108.1.1     -            146 d2aj6a1d.108.1.1.aln -            179   2.4e-13   45.9   0.2   1   1   1.4e-14   2.5e-13   45.9   0.2    12   163     4   145     1   146 0.82 -
d1bo4a_d.108.1.1     -            137 d2aj6a1d.108.1.1.aln -            179   5.7e-13   44.7   0.0   1   1   3.8e-14   7.1e-13   44.4   0.0     4   144     4   137     2   137 0.91 -
d1ghea_d.108.1.1     -            170 d2aj6a1d.108.1.1.aln -            179   2.4e-12   42.6   0.0   1   1   2.2e-13     4e-12   41.9   0.0     4   165     2   163     1   170 0.84 -
d2g3aa1d.108.1.1     -            137 d2aj6a1d.108.1.1.aln -            179   2.8e-12   42.5   0.0   1   1   1.8e-13   3.2e-12   42.2   0.0    52   149    36   119     9   122 0.87 -
d1y7ra1d.108.1.1     -            133 d2aj6a1d.108.1.1.aln -            179   3.9e-11   38.7   0.0   1   1   2.4e-12   4.3e-11   38.6   0.0    76   155    51   129     5   133 0.81 -
d2fiwa1d.108.1.1     -            156 d2aj6a1d.108.1.1.aln -            179   2.4e-10   36.1   0.0   1   1   1.7e-11   3.1e-10   35.8   0.0     5   149     6   136     5   148 0.96 -
d2jdca1d.108.1.1     -            145 d2aj6a1d.108.1.1.aln -            179   1.1e-09   34.0   0.1   1   1   7.2e-11   1.3e-09   33.7   0.1    53   160    33   137    20   144 0.84 -
d1r57a_d.108.1.1     -            102 d2aj6a1d.108.1.1.aln -            179   1.9e-09   33.2   0.1   1   1   1.1e-10     2e-09   33.1   0.1    87   154    34    97     8   102 0.85 -
d2atra1d.108.1.1     -            137 d2aj6a1d.108.1.1.aln -            179   4.7e-09   31.9   0.0   1   1   2.6e-10   4.8e-09   31.9   0.0    13   155     6   130     1   137 0.80 -
d2fsra1d.108.1.1     -            164 d2aj6a1d.108.1.1.aln -            179   1.8e-08   30.0   0.0   1   1   1.1e-09   2.1e-08   29.8   0.0     2   151     9   150     8   163 0.91 -
d1q2ya_d.108.1.1     -            140 d2aj6a1d.108.1.1.aln -            179   3.2e-08   29.2   0.2   1   1   3.8e-09   6.9e-08   28.1   0.2    10   164     6   138     3   140 0.88 -
d1n71a_d.108.1.1     -            180 d2aj6a1d.108.1.1.aln -            179   6.4e-08   28.2   0.0   1   1   3.9e-09   7.2e-08   28.1   0.0     5   170     6   177     2   180 0.94 -
d1xeba_d.108.1.1     -            149 d2aj6a1d.108.1.1.aln -            179   2.8e-07   26.1   0.4   1   1   1.8e-08   3.3e-07   25.9   0.4    52   151    49   135     3   144 0.82 -
d2gana1d.108.1.1     -            182 d2aj6a1d.108.1.1.aln -            179   4.2e-07   25.6   0.6   1   1   2.6e-08   4.8e-07   25.4   0.6    20   175    19   180     4   182 0.94 -
d1xmta_d.108.1.1     -             95 d2aj6a1d.108.1.1.aln -            179   0.00011   17.7   0.0   1   1   6.5e-06   0.00012   17.6   0.0    62   129     5    73     1    85 0.80 -
d2aj6a1d.108.1.1     -            118 d2aj6a1d.108.1.1.aln -            179    0.0016   13.9   0.0   1   1   9.6e-05    0.0018   13.8   0.0    89   121    79   111    41   116 0.88 -
#
# Program:         hmmsearch
# Version:         3.1b2 (February 2015)
# Pipeline mode:   SEARCH
# Query file:      hmmModels95/d2aj6a1d.108.1.1.hmm
# Target file:     scop/scopTestSeq.fasta
# Option settings: hmmsearch --domtblout hmmModels95/d2aj6a1d.108.1.1.out -E 1 hmmModels95/d2aj6a1d.108.1.1.hmm scop/scopTestSeq.fasta 
# Current dir:     /users/nfs/Etu7/3801677/SBAS/TME8
# Date:            Tue Apr  4 15:54:17 2023
# [ok]
