#                                                                            --- full sequence --- -------------- this domain -------------   hmm coord   ali coord   env coord
# target name        accession   tlen query name           accession   qlen   E-value  score  bias   #  of  c-Evalue  i-Evalue  score  bias  from    to  from    to  from    to  acc description of target
#------------------- ---------- ----- -------------------- ---------- ----- --------- ------ ----- --- --- --------- --------- ------ ----- ----- ----- ----- ----- ----- ----- ---- ---------------------
d1kkoa2d.54.1.1      -            160 d2akza2d.54.1.1.aln  -            133   2.7e-46  152.9   0.0   1   1   4.4e-48   3.1e-46  152.7   0.0     1   133    15   156    15   156 0.99 -
d1wuea2d.54.1.1      -            126 d2akza2d.54.1.1.aln  -            133   1.6e-34  114.8   0.0   1   1   2.5e-36   1.8e-34  114.7   0.0     1   132     1   125     1   126 0.98 -
d2akza2d.54.1.1      -            139 d2akza2d.54.1.1.aln  -            133   2.1e-31  104.7   0.0   1   1   3.2e-33   2.3e-31  104.6   0.0     3   132     2   134     1   135 0.99 -
d1r0ma2d.54.1.1      -            127 d2akza2d.54.1.1.aln  -            133   1.7e-29   98.6   0.1   1   1   2.6e-31   1.8e-29   98.4   0.1     1   133     3   127     3   127 0.99 -
d1yeya2d.54.1.1      -            139 d2akza2d.54.1.1.aln  -            133   1.8e-28   95.2   0.3   1   1   2.8e-30     2e-28   95.1   0.3     2   133     2   137     1   137 0.98 -
d2mnra2d.54.1.1      -            130 d2akza2d.54.1.1.aln  -            133   5.9e-28   93.6   0.4   1   1   9.1e-30   6.5e-28   93.4   0.4     2   132     3   126     2   127 0.98 -
d1sjda2d.54.1.1      -            125 d2akza2d.54.1.1.aln  -            133   1.1e-26   89.5   0.1   1   1   1.7e-28   1.2e-26   89.4   0.1     1   132     1   124     1   125 0.95 -
d2gdqa2d.54.1.1      -            115 d2akza2d.54.1.1.aln  -            133   3.3e-25   84.7   0.1   1   1     2e-26   1.4e-24   82.6   0.1     1   133     1   115     1   115 0.96 -
d1jpdx2d.54.1.1      -            116 d2akza2d.54.1.1.aln  -            133     1e-24   83.1   0.0   1   1   1.7e-26   1.2e-24   82.9   0.0     1   132     2   115     2   116 0.98 -
d2gl5a2d.54.1.1      -            122 d2akza2d.54.1.1.aln  -            133   3.1e-23   78.3   0.0   1   1   4.7e-25   3.4e-23   78.2   0.0     2   133     2   122     1   122 0.99 -
d1r6wa2d.54.1.1      -            101 d2akza2d.54.1.1.aln  -            133   8.2e-16   54.3   0.0   1   1   5.9e-15   4.2e-13   45.5   0.0     1   126     1    98     1   101 0.96 -
#
# Program:         hmmsearch
# Version:         3.1b2 (February 2015)
# Pipeline mode:   SEARCH
# Query file:      hmmModels95/d2akza2d.54.1.1.hmm
# Target file:     scop/scopTestSeq.fasta
# Option settings: hmmsearch --domtblout hmmModels95/d2akza2d.54.1.1.out -E 1 hmmModels95/d2akza2d.54.1.1.hmm scop/scopTestSeq.fasta 
# Current dir:     /users/nfs/Etu7/3801677/SBAS/TME8
# Date:            Tue Apr  4 15:54:18 2023
# [ok]
