#                                                                            --- full sequence --- -------------- this domain -------------   hmm coord   ali coord   env coord
# target name        accession   tlen query name           accession   qlen   E-value  score  bias   #  of  c-Evalue  i-Evalue  score  bias  from    to  from    to  from    to  acc description of target
#------------------- ---------- ----- -------------------- ---------- ----- --------- ------ ----- --- --- --------- --------- ------ ----- ----- ----- ----- ----- ----- ----- ---- ---------------------
d2arza1b.45.1.1      -            238 d2asfa1b.45.1.1.aln  -            169     1e-67  222.7   0.2   1   1   2.2e-69   1.2e-67  222.5   0.2     4   169     1   179     1   179 0.99 -
d2vpaa_b.45.1.1      -            215 d2asfa1b.45.1.1.aln  -            169     7e-43  141.9   0.0   1   1   1.4e-44   8.1e-43  141.7   0.0     1   169    31   207    31   207 0.99 -
d2fura1b.45.1.1      -            193 d2asfa1b.45.1.1.aln  -            169     2e-38  127.4   0.0   1   1     4e-40   2.2e-38  127.3   0.0     4   168     2   178     1   179 0.98 -
d2htia1b.45.1.1      -            156 d2asfa1b.45.1.1.aln  -            169   2.1e-36  120.9   0.0   1   1   4.2e-38   2.3e-36  120.7   0.0     5   165     2   155     1   156 0.98 -
d1rfea_b.45.1.1      -            160 d2asfa1b.45.1.1.aln  -            169   9.8e-31  102.4   0.0   1   1   1.9e-32   1.1e-30  102.3   0.0     4   167     7   158     4   160 0.97 -
d2i02a1b.45.1.1      -            143 d2asfa1b.45.1.1.aln  -            169   8.3e-27   89.6   0.0   1   1   1.6e-28   9.2e-27   89.5   0.0     3   164     2   142     1   143 0.97 -
d2fg9a1b.45.1.1      -            157 d2asfa1b.45.1.1.aln  -            169   2.9e-26   87.9   0.0   1   1   5.6e-28   3.2e-26   87.7   0.0     2   166     3   153     2   156 0.97 -
d2hq7a1b.45.1.1      -            141 d2asfa1b.45.1.1.aln  -            169   3.4e-25   84.4   0.0   1   1   6.5e-27   3.6e-25   84.3   0.0     7   162     5   138     1   141 0.96 -
d1w9aa_b.45.1.1      -            142 d2asfa1b.45.1.1.aln  -            169   8.2e-24   79.9   0.0   1   1   1.7e-25   9.7e-24   79.7   0.0     8   162     2   135     1   141 0.96 -
d2fhqa1b.45.1.1      -            135 d2asfa1b.45.1.1.aln  -            169   1.1e-23   79.5   0.0   1   1   2.2e-25   1.2e-23   79.3   0.0     6   158     3   131     1   135 0.96 -
d2hq9a1b.45.1.1      -            148 d2asfa1b.45.1.1.aln  -            169   1.8e-22   75.5   0.0   1   1   3.5e-24     2e-22   75.4   0.0     2   166     2   143     1   146 0.90 -
d1xhna1b.45.1.1      -            170 d2asfa1b.45.1.1.aln  -            169     2e-22   75.4   0.0   1   1     4e-24   2.3e-22   75.2   0.0     1   168    15   166    15   167 0.98 -
d1vl7a_b.45.1.1      -            135 d2asfa1b.45.1.1.aln  -            169   1.3e-20   69.5   0.0   1   1   2.4e-22   1.4e-20   69.4   0.0    14   144     4   110     1   135 0.87 -
d3a6ra_b.45.1.1      -            122 d2asfa1b.45.1.1.aln  -            169   3.8e-05   19.1   0.0   1   1   7.5e-07   4.2e-05   19.0   0.0     8   109     3    94     1   116 0.89 -
#
# Program:         hmmsearch
# Version:         3.1b2 (February 2015)
# Pipeline mode:   SEARCH
# Query file:      hmmModels95/d2asfa1b.45.1.1.hmm
# Target file:     scop/scopTestSeq.fasta
# Option settings: hmmsearch --domtblout hmmModels95/d2asfa1b.45.1.1.out -E 1 hmmModels95/d2asfa1b.45.1.1.hmm scop/scopTestSeq.fasta 
# Current dir:     /users/nfs/Etu7/3801677/SBAS/TME8
# Date:            Tue Apr  4 15:54:18 2023
# [ok]
