#                                                                            --- full sequence --- -------------- this domain -------------   hmm coord   ali coord   env coord
# target name        accession   tlen query name           accession   qlen   E-value  score  bias   #  of  c-Evalue  i-Evalue  score  bias  from    to  from    to  from    to  acc description of target
#------------------- ---------- ----- -------------------- ---------- ----- --------- ------ ----- --- --- --------- --------- ------ ----- ----- ----- ----- ----- ----- ----- ---- ---------------------
d1q33a_d.113.1.1     -            292 d2b06a1d.113.1.1.aln -            185     2e-93  306.6   0.2   1   1     5e-95   2.5e-93  306.3   0.2     1   185    89   292    89   292 1.00 -
d1g0sa_d.113.1.1     -            209 d2b06a1d.113.1.1.aln -            185   7.9e-52  171.0   1.5   1   1   1.8e-53     9e-52  170.8   1.5     2   184    31   208    30   209 0.99 -
d3o69a_d.113.1.1     -            190 d2b06a1d.113.1.1.aln -            185   6.6e-40  132.1   0.0   1   1   1.5e-41   7.4e-40  131.9   0.0     3   179    19   189    17   190 0.97 -
d1vhza_d.113.1.1     -            186 d2b06a1d.113.1.1.aln -            185   5.6e-39  129.1   0.0   1   1   1.2e-40   6.1e-39  128.9   0.0     2   180    14   184    13   186 0.98 -
d1jkna_d.113.1.1     -            165 d2b06a1d.113.1.1.aln -            185   6.6e-37  122.3   0.0   1   1   1.4e-38   7.1e-37  122.2   0.0    28   175     5   165     1   165 0.97 -
d1v8ya_d.113.1.1     -            158 d2b06a1d.113.1.1.aln -            185   1.7e-35  117.7   0.4   1   1     4e-37     2e-35  117.5   0.4    14   172     3   151     1   157 0.95 -
d1ktga_d.113.1.1     -            137 d2b06a1d.113.1.1.aln -            185   3.4e-34  113.5   0.1   1   1   7.4e-36   3.7e-34  113.4   0.1    35   173     3   135     1   137 0.95 -
d1nqza_d.113.1.1     -            187 d2b06a1d.113.1.1.aln -            185   1.5e-32  108.2   0.0   1   1   3.3e-34   1.6e-32  108.0   0.0     1   185     1   185     1   185 0.99 -
d1sjya_d.113.1.1     -            158 d2b06a1d.113.1.1.aln -            185   4.2e-32  106.6   0.1   1   1     9e-34   4.5e-32  106.6   0.1    22   179     3   153     1   158 0.93 -
d3zr0a_d.113.1.1     -            154 d2b06a1d.113.1.1.aln -            185   1.4e-31  105.0   0.0   1   1     3e-33   1.5e-31  104.9   0.0    37   183     3   152     1   154 0.96 -
d2fvva1d.113.1.1     -            135 d2b06a1d.113.1.1.aln -            185   2.2e-31  104.3   0.4   1   1   4.9e-33   2.4e-31  104.2   0.4    25   166     2   132     1   135 0.95 -
d2azwa1d.113.1.1     -            147 d2b06a1d.113.1.1.aln -            185   4.8e-31  103.2   0.2   1   1     1e-32   5.2e-31  103.1   0.2    25   172     3   146     1   147 0.97 -
d1k2ea_d.113.1.1     -            152 d2b06a1d.113.1.1.aln -            185   1.4e-27   91.9   0.1   1   1     3e-29   1.5e-27   91.8   0.1    42   181     3   145     1   149 0.93 -
d2b0va1d.113.1.1     -            146 d2b06a1d.113.1.1.aln -            185     6e-26   86.6   0.0   1   1   1.3e-27   6.4e-26   86.5   0.0    36   183     2   143     1   145 0.96 -
d3a6sa_d.113.1.1     -            129 d2b06a1d.113.1.1.aln -            185   1.6e-25   85.2   0.5   1   1   3.5e-27   1.7e-25   85.1   0.5    45   170    15   128     3   129 0.93 -
d2b06a1d.113.1.1     -            155 d2b06a1d.113.1.1.aln -            185   2.3e-09   32.5   0.1   1   1   5.7e-11   2.8e-09   32.2   0.1    48   101    21    75     7   131 0.77 -
#
# Program:         hmmsearch
# Version:         3.1b2 (February 2015)
# Pipeline mode:   SEARCH
# Query file:      hmmModels95/d2b06a1d.113.1.1.hmm
# Target file:     scop/scopTestSeq.fasta
# Option settings: hmmsearch --domtblout hmmModels95/d2b06a1d.113.1.1.out -E 1 hmmModels95/d2b06a1d.113.1.1.hmm scop/scopTestSeq.fasta 
# Current dir:     /users/nfs/Etu7/3801677/SBAS/TME8
# Date:            Tue Apr  4 15:54:18 2023
# [ok]
