#                                                                            --- full sequence --- -------------- this domain -------------   hmm coord   ali coord   env coord
# target name        accession   tlen query name           accession   qlen   E-value  score  bias   #  of  c-Evalue  i-Evalue  score  bias  from    to  from    to  from    to  acc description of target
#------------------- ---------- ----- -------------------- ---------- ----- --------- ------ ----- --- --- --------- --------- ------ ----- ----- ----- ----- ----- ----- ----- ---- ---------------------
d2p0wa_d.108.1.1     -            319 d2b5ga_d.108.1.1.aln -            175     4e-62  204.5   0.6   1   2     2e-62   3.8e-61  201.4   0.1     1   175    34   226    34   226 0.99 -
d2p0wa_d.108.1.1     -            319 d2b5ga_d.108.1.1.aln -            175     4e-62  204.5   0.6   2   2      0.02      0.37    6.0   0.0    98   120   221   243   220   247 0.85 -
d2pq8a_d.108.1.1     -            271 d2b5ga_d.108.1.1.aln -            175   3.7e-59  194.9   1.7   1   1   2.5e-60   4.5e-59  194.6   1.7     4   175     2   179     1   179 0.99 -
d1boba_d.108.1.1     -            315 d2b5ga_d.108.1.1.aln -            175   3.6e-51  168.8   0.7   1   1   2.8e-52   5.1e-51  168.4   0.7     1   174    26   211    26   212 0.99 -
d1p0ha_d.108.1.1     -            308 d2b5ga_d.108.1.1.aln -            175   1.7e-38  127.6   0.0   1   3   8.6e-36   1.6e-34  114.7   0.0     3   175    24   208    22   208 0.98 -
d1p0ha_d.108.1.1     -            308 d2b5ga_d.108.1.1.aln -            175   1.7e-38  127.6   0.0   2   3       9.9   1.8e+02   -2.8   0.0    96   110   236   250   217   252 0.65 -
d1p0ha_d.108.1.1     -            308 d2b5ga_d.108.1.1.aln -            175   1.7e-38  127.6   0.0   3   3   0.00082     0.015   10.5   0.0   124   154   274   303   265   308 0.84 -
d1u6ma_d.108.1.1     -            189 d2b5ga_d.108.1.1.aln -            175   6.2e-27   89.9   0.1   1   1   4.6e-28   8.4e-27   89.5   0.1     3   166    25   186    23   188 0.97 -
d1i12a_d.108.1.1     -            157 d2b5ga_d.108.1.1.aln -            175   4.6e-25   83.9   0.0   1   1   3.2e-26   5.8e-25   83.5   0.0     4   153     6   151     5   156 0.97 -
d1z4ea1d.108.1.1     -            150 d2b5ga_d.108.1.1.aln -            175   2.5e-23   78.2   0.1   1   1   1.7e-24   3.1e-23   77.9   0.1     2   153     1   144     1   149 0.90 -
d1tiqa_d.108.1.1     -            173 d2b5ga_d.108.1.1.aln -            175   1.7e-22   75.5   0.0   1   1   1.1e-23     2e-22   75.2   0.0     3   170     2   168     1   172 0.96 -
d1qsma_d.108.1.1     -            150 d2b5ga_d.108.1.1.aln -            175   5.2e-22   73.9   0.1   1   1   3.1e-23   5.8e-22   73.7   0.1     3   157     3   147     1   150 0.96 -
d1y9ka1d.108.1.1     -            152 d2b5ga_d.108.1.1.aln -            175   1.2e-20   69.5   0.0   1   1   7.5e-22   1.4e-20   69.3   0.0     8   170     5   138     2   143 0.96 -
d2gana1d.108.1.1     -            182 d2b5ga_d.108.1.1.aln -            175   1.7e-20   68.9   1.6   1   1   1.1e-21   2.1e-20   68.7   1.6     5   166    21   180    19   182 0.96 -
d2ae6a1d.108.1.1     -            161 d2b5ga_d.108.1.1.aln -            175   1.9e-20   68.8   0.0   1   1   1.3e-21   2.3e-20   68.5   0.0     2   169     4   156     3   159 0.96 -
d1yk3a1d.108.1.1     -            198 d2b5ga_d.108.1.1.aln -            175   3.3e-19   64.8   0.0   1   1     2e-20   3.7e-19   64.6   0.0     4   165    18   193    15   198 0.97 -
d1ufha_d.108.1.1     -            155 d2b5ga_d.108.1.1.aln -            175   4.6e-19   64.3   0.3   1   1   2.8e-20   5.2e-19   64.1   0.3    21   155    18   151     4   155 0.95 -
d2euia1d.108.1.1     -            153 d2b5ga_d.108.1.1.aln -            175     5e-19   64.2   0.1   1   1   3.2e-20   5.8e-19   64.0   0.1     7   159     5   146     1   152 0.92 -
d1y9wa1d.108.1.1     -            140 d2b5ga_d.108.1.1.aln -            175   6.7e-19   63.8   2.4   1   1   1.1e-19     2e-18   62.2   2.4     3   165     1   135     1   140 0.94 -
d1nsla_d.108.1.1     -            180 d2b5ga_d.108.1.1.aln -            175   9.7e-19   63.2   0.1   1   1   5.9e-20   1.1e-18   63.1   0.1     2   173    10   176     9   178 0.96 -
d1z4ra1d.108.1.1     -            162 d2b5ga_d.108.1.1.aln -            175   5.4e-17   57.6   0.2   1   1   3.2e-18   5.8e-17   57.5   0.2     2   163     6   160     5   162 0.94 -
d1m4ia_d.108.1.1     -            181 d2b5ga_d.108.1.1.aln -            175   1.1e-16   56.6   0.1   1   1   7.6e-18   1.4e-16   56.2   0.1     1   149     1   132     1   135 0.96 -
d2fcka1d.108.1.1     -            178 d2b5ga_d.108.1.1.aln -            175   1.9e-16   55.7   0.1   1   1   1.4e-17   2.6e-16   55.3   0.1     4   170    13   174    11   177 0.96 -
d1wwza1d.108.1.1     -            157 d2b5ga_d.108.1.1.aln -            175   3.1e-16   55.1   1.5   1   1   1.8e-17   3.3e-16   55.0   1.5     3   160     4   153     2   157 0.93 -
d2fl4a1d.108.1.1     -            146 d2b5ga_d.108.1.1.aln -            175   8.9e-16   53.6   0.2   1   1   5.2e-17   9.5e-16   53.5   0.2     3   166     3   145     1   146 0.93 -
d2cy2a1d.108.1.1     -            174 d2b5ga_d.108.1.1.aln -            175     1e-15   53.4   0.7   1   1   6.6e-17   1.2e-15   53.2   0.7     4   166     2   163     1   168 0.97 -
d1vkca_d.108.1.1     -            149 d2b5ga_d.108.1.1.aln -            175   1.1e-15   53.3   1.6   1   1   7.3e-17   1.3e-15   53.0   1.6    11   151     8   141     2   147 0.93 -
d1mk4a_d.108.1.1     -            157 d2b5ga_d.108.1.1.aln -            175   1.8e-15   52.6   0.0   1   1   1.2e-16   2.2e-15   52.3   0.0     2   160     1   137     1   148 0.95 -
d1ghea_d.108.1.1     -            170 d2b5ga_d.108.1.1.aln -            175   2.7e-14   48.8   0.0   1   1   1.7e-15   3.1e-14   48.6   0.0    39   158    36   153     2   166 0.88 -
d2jdca1d.108.1.1     -            145 d2b5ga_d.108.1.1.aln -            175   8.1e-14   47.2   0.1   1   1     5e-15   9.2e-14   47.0   0.1    60   163    38   137     2   144 0.90 -
d2atra1d.108.1.1     -            137 d2b5ga_d.108.1.1.aln -            175   1.7e-13   46.2   0.0   1   1     1e-14   1.9e-13   46.0   0.0     3   164     2   136     1   137 0.95 -
d2g3aa1d.108.1.1     -            137 d2b5ga_d.108.1.1.aln -            175   3.9e-13   45.0   0.0   1   1   2.9e-14   5.3e-13   44.6   0.0     4   152     2   119     1   122 0.93 -
d2fiaa1d.108.1.1     -            157 d2b5ga_d.108.1.1.aln -            175   5.5e-13   44.5   0.6   1   1   4.1e-14   7.5e-13   44.1   0.6     3   169     1   153     1   157 0.87 -
d1yx0a1d.108.1.1     -            151 d2b5ga_d.108.1.1.aln -            175   1.1e-12   43.5   0.0   1   1   6.5e-14   1.2e-12   43.4   0.0     5   161     3   142     1   151 0.88 -
d1cjwa_d.108.1.1     -            166 d2b5ga_d.108.1.1.aln -            175   6.6e-12   41.0   0.0   1   1   4.4e-13   8.1e-12   40.7   0.0    21   166    20   162     7   165 0.82 -
d1xeba_d.108.1.1     -            149 d2b5ga_d.108.1.1.aln -            175   1.5e-11   39.9   0.6   1   1     1e-12   1.9e-11   39.5   0.6    16   155    14   136     5   146 0.90 -
d1n71a_d.108.1.1     -            180 d2b5ga_d.108.1.1.aln -            175   2.6e-11   39.0   0.0   1   1   1.8e-12   3.4e-11   38.7   0.0     4   174     2   178     1   179 0.94 -
d1y7ra1d.108.1.1     -            133 d2b5ga_d.108.1.1.aln -            175     5e-11   38.1   0.0   1   1   3.2e-12   5.8e-11   37.9   0.0    20   160    14   131     9   133 0.90 -
d2fiwa1d.108.1.1     -            156 d2b5ga_d.108.1.1.aln -            175   1.5e-10   36.6   0.0   1   1   9.8e-12   1.8e-10   36.3   0.0    11   153     8   137     2   152 0.85 -
d1bo4a_d.108.1.1     -            137 d2b5ga_d.108.1.1.aln -            175   5.7e-10   34.7   0.0   1   1   3.1e-11   5.7e-10   34.7   0.0    49   147    45   137     2   137 0.79 -
d1r57a_d.108.1.1     -            102 d2b5ga_d.108.1.1.aln -            175   6.8e-09   31.2   0.0   1   1   3.7e-10   6.8e-09   31.2   0.0    90   145    35    85     7   102 0.80 -
d2fsra1d.108.1.1     -            164 d2b5ga_d.108.1.1.aln -            175   1.6e-08   29.9   0.0   1   1   1.1e-09   1.9e-08   29.7   0.0    12   157    11   153     5   163 0.91 -
d2aj6a1d.108.1.1     -            118 d2b5ga_d.108.1.1.aln -            175   3.8e-08   28.7   0.0   1   1   2.4e-09   4.5e-08   28.5   0.0     3   127     2   115     1   117 0.96 -
d1q2ya_d.108.1.1     -            140 d2b5ga_d.108.1.1.aln -            175     9e-08   27.5   0.0   1   1   5.4e-09   9.9e-08   27.4   0.0    91   155    66   126     4   139 0.80 -
d2b5ga_d.108.1.1     -            168 d2b5ga_d.108.1.1.aln -            175   1.6e-06   23.4   0.1   1   1     9e-08   1.6e-06   23.4   0.1    91   167    88   163     5   168 0.88 -
d1xmta_d.108.1.1     -             95 d2b5ga_d.108.1.1.aln -            175   7.4e-06   21.3   0.0   1   1     4e-07   7.4e-06   21.3   0.0    50   131    15    73     1    89 0.77 -
#
# Program:         hmmsearch
# Version:         3.1b2 (February 2015)
# Pipeline mode:   SEARCH
# Query file:      hmmModels95/d2b5ga_d.108.1.1.hmm
# Target file:     scop/scopTestSeq.fasta
# Option settings: hmmsearch --domtblout hmmModels95/d2b5ga_d.108.1.1.out -E 1 hmmModels95/d2b5ga_d.108.1.1.hmm scop/scopTestSeq.fasta 
# Current dir:     /users/nfs/Etu7/3801677/SBAS/TME8
# Date:            Tue Apr  4 15:54:18 2023
# [ok]
