#                                                                            --- full sequence --- -------------- this domain -------------   hmm coord   ali coord   env coord
# target name        accession   tlen query name           accession   qlen   E-value  score  bias   #  of  c-Evalue  i-Evalue  score  bias  from    to  from    to  from    to  acc description of target
#------------------- ---------- ----- -------------------- ---------- ----- --------- ------ ----- --- --- --------- --------- ------ ----- ----- ----- ----- ----- ----- ----- ---- ---------------------
d1qmea4e.3.1.1       -            357 d2bg1a1e.3.1.1.aln   -            307    1e-109  361.9   8.0   1   1  4.8e-111  2.2e-109  360.8   8.0     1   307     1   342     1   342 0.99 -
d2v2ff_e.3.1.1       -            384 d2bg1a1e.3.1.1.aln   -            307   1.4e-84  279.3  16.2   1   1   3.6e-86   1.7e-84  279.1  16.2     1   306    31   364    31   365 1.00 -
d2p74a_e.3.1.1       -            263 d2bg1a1e.3.1.1.aln   -            307   1.8e-75  249.4   3.3   1   1   4.4e-77     2e-75  249.3   3.3    26   300     3   262     1   263 0.99 -
d2hdsa_e.3.1.1       -            358 d2bg1a1e.3.1.1.aln   -            307   2.3e-75  249.1   2.1   1   1   5.5e-77   2.6e-75  249.0   2.1     1   305    25   357    25   358 0.99 -
d2olua2e.3.1.1       -            400 d2bg1a1e.3.1.1.aln   -            307   1.2e-70  233.7  12.1   1   1   2.9e-72   1.3e-70  233.5  12.1     1   306    39   376    39   377 0.97 -
d2dcfa1e.3.1.1       -            388 d2bg1a1e.3.1.1.aln   -            307   1.2e-66  220.4   0.0   1   1     3e-68   1.4e-66  220.3   0.0     2   307    36   388    35   388 0.97 -
d1alqa_e.3.1.1       -            263 d2bg1a1e.3.1.1.aln   -            307   1.2e-62  207.3   1.3   1   1   3.3e-64   1.5e-62  207.0   1.3     6   264    20   263     2   263 0.98 -
d2drwa1e.3.1.1       -            362 d2bg1a1e.3.1.1.aln   -            307   3.4e-57  189.4   0.0   1   1   8.3e-59   3.9e-57  189.3   0.0     3   306    25   352    23   353 0.98 -
d1ci9a_e.3.1.1       -            377 d2bg1a1e.3.1.1.aln   -            307   8.6e-51  168.4   0.0   1   1   2.1e-52   9.7e-51  168.2   0.0     1   306    25   368    25   369 0.99 -
d1e25a_e.3.1.1       -            278 d2bg1a1e.3.1.1.aln   -            307   2.9e-50  166.7   0.0   1   1   6.8e-52   3.2e-50  166.6   0.0    32   304     8   274     1   277 0.94 -
d1yqsa_e.3.1.1       -            345 d2bg1a1e.3.1.1.aln   -            307   1.8e-47  157.5   4.7   1   1   4.3e-49     2e-47  157.4   4.7     2   306    25   342    24   343 0.99 -
d1vqqa3e.3.1.1       -            341 d2bg1a1e.3.1.1.aln   -            307   1.3e-42  141.5   8.6   1   1   3.1e-44   1.5e-42  141.4   8.6     3   305     5   336     3   338 0.98 -
d1ei5a3e.3.1.1       -            333 d2bg1a1e.3.1.1.aln   -            307     9e-41  135.5   0.0   1   1   2.2e-42     1e-40  135.3   0.0     2   303    25   332    24   333 0.98 -
d1xp4a2e.3.1.1       -            269 d2bg1a1e.3.1.1.aln   -            307   3.1e-37  123.9   4.7   1   1   7.3e-39   3.4e-37  123.8   4.7    39   300     2   266     1   269 0.96 -
d1tvfa2e.3.1.1       -            301 d2bg1a1e.3.1.1.aln   -            307   5.1e-36  119.9  13.9   1   1   1.2e-37   5.7e-36  119.7  13.9    11   302     2   299     1   301 0.97 -
d1es5a_e.3.1.1       -            260 d2bg1a1e.3.1.1.aln   -            307   2.8e-34  114.2  12.2   1   1   7.3e-36   3.4e-34  113.9  12.2    38   304     2   256     1   258 0.97 -
d1xa1a_e.3.1.1       -            246 d2bg1a1e.3.1.1.aln   -            307   2.3e-31  104.6   4.9   1   1   5.9e-33   2.7e-31  104.4   4.9    22   287     2   231     1   241 0.95 -
#
# Program:         hmmsearch
# Version:         3.1b2 (February 2015)
# Pipeline mode:   SEARCH
# Query file:      hmmModels95/d2bg1a1e.3.1.1.hmm
# Target file:     scop/scopTestSeq.fasta
# Option settings: hmmsearch --domtblout hmmModels95/d2bg1a1e.3.1.1.out -E 1 hmmModels95/d2bg1a1e.3.1.1.hmm scop/scopTestSeq.fasta 
# Current dir:     /users/nfs/Etu7/3801677/SBAS/TME8
# Date:            Tue Apr  4 15:54:18 2023
# [ok]
