#                                                                            --- full sequence --- -------------- this domain -------------   hmm coord   ali coord   env coord
# target name        accession   tlen query name           accession   qlen   E-value  score  bias   #  of  c-Evalue  i-Evalue  score  bias  from    to  from    to  from    to  acc description of target
#------------------- ---------- ----- -------------------- ---------- ----- --------- ------ ----- --- --- --------- --------- ------ ----- ----- ----- ----- ----- ----- ----- ---- ---------------------
d1uoka2c.1.8.1       -            479 d2bhua3c.1.8.1.aln   -            427  8.2e-124  409.2  23.3   1   1  2.4e-125  9.5e-124  409.0  23.3     5   427     2   479     1   479 0.99 -
d1e43a2c.1.8.1       -            393 d2bhua3c.1.8.1.aln   -            427  2.5e-100  331.8  18.0   1   1    7e-102  2.8e-100  331.7  18.0    11   421     2   393     1   393 0.98 -
d1g5aa2c.1.8.1       -            554 d2bhua3c.1.8.1.aln   -            427  7.1e-100  330.3   5.2   1   1  3.3e-101   1.3e-99  329.4   5.2     2   426     2   552     1   553 0.99 -
d3bmva4c.1.8.1       -            406 d2bhua3c.1.8.1.aln   -            427   1.8e-95  315.8  17.7   1   1   5.1e-97     2e-95  315.6  17.7     9   427    12   406     4   406 0.97 -
d1wzaa2c.1.8.1       -            409 d2bhua3c.1.8.1.aln   -            427     4e-91  301.5  20.6   1   1   1.1e-92   4.5e-91  301.3  20.6     9   426     2   408     1   409 0.97 -
d1gjwa2c.1.8.1       -            572 d2bhua3c.1.8.1.aln   -            427   1.3e-90  299.8   0.4   1   1   3.7e-92   1.4e-90  299.6   0.4     2   426    45   570    44   571 0.99 -
d2guya2c.1.8.1       -            381 d2bhua3c.1.8.1.aln   -            427   4.4e-81  268.4   8.7   1   1   1.3e-82   5.3e-81  268.1   8.7     5   420     2   370     1   374 0.96 -
d1ji1a3c.1.8.1       -            432 d2bhua3c.1.8.1.aln   -            427     9e-75  247.6  23.9   1   1   2.6e-76     1e-74  247.4  23.9     3   426     2   430     1   431 0.96 -
d2fhfa5c.1.8.1       -            563 d2bhua3c.1.8.1.aln   -            427   9.8e-74  244.2   0.5   1   1   2.8e-75   1.1e-73  244.0   0.5     2   426    12   561    11   562 0.99 -
d1x1na1c.1.8.1       -            523 d2bhua3c.1.8.1.aln   -            427   1.4e-72  240.4   0.4   1   1   3.9e-74   1.5e-72  240.2   0.4     2   424    28   519    27   522 0.98 -
d1h3ga3c.1.8.1       -            422 d2bhua3c.1.8.1.aln   -            427   1.2e-71  237.3  11.2   1   1   3.6e-73   1.4e-71  237.1  11.2    10   426    10   420     3   421 0.96 -
d1wdpa_c.1.8.1       -            493 d2bhua3c.1.8.1.aln   -            427   2.8e-71  236.1   0.8   1   1   7.9e-73   3.1e-71  235.9   0.8     3   425     8   491     6   493 0.97 -
d1bf2a3c.1.8.1       -            475 d2bhua3c.1.8.1.aln   -            427   1.1e-68  227.6  12.9   1   1     3e-70   1.2e-68  227.4  12.9     3   426     8   471     6   472 0.98 -
d1ht6a2c.1.8.1       -            347 d2bhua3c.1.8.1.aln   -            427   2.3e-55  183.7   8.6   1   1   6.3e-57   2.5e-55  183.5   8.6    12   383     2   331     1   347 0.96 -
d1ua7a2c.1.8.1       -            344 d2bhua3c.1.8.1.aln   -            427   7.3e-46  152.3  13.4   1   1   1.7e-46   6.9e-45  149.1  13.4    49   422    24   340     1   343 0.89 -
d1m7xa3c.1.8.1       -            396 d2bhua3c.1.8.1.aln   -            427   3.7e-36  120.4  20.6   1   1   1.1e-37   4.4e-36  120.1  20.6    14   425    19   390     3   392 0.95 -
d1vema2c.1.8.1       -            417 d2bhua3c.1.8.1.aln   -            427   5.4e-29   96.8   9.6   1   1   1.5e-30     6e-29   96.6   9.6     7   420     4   406     1   413 0.94 -
d1r7aa2c.1.8.1       -            434 d2bhua3c.1.8.1.aln   -            427   6.7e-29   96.5   0.2   1   1   1.9e-30   7.6e-29   96.3   0.2     2   426     2   430     1   431 0.93 -
d1kwga2c.1.8.1       -            393 d2bhua3c.1.8.1.aln   -            427   3.2e-25   84.3   0.0   1   1   9.7e-27   3.8e-25   84.1   0.0     3   386     5   370     3   388 0.95 -
d2bhua3c.1.8.1       -            420 d2bhua3c.1.8.1.aln   -            427   1.2e-23   79.2   0.2   1   3   4.2e-19   1.7e-17   58.9   0.0    13   141    18   121    13   132 0.90 -
d2bhua3c.1.8.1       -            420 d2bhua3c.1.8.1.aln   -            427   1.2e-23   79.2   0.2   2   3   0.00058     0.023    9.0   0.1   194   226   135   167   122   187 0.91 -
d2bhua3c.1.8.1       -            420 d2bhua3c.1.8.1.aln   -            427   1.2e-23   79.2   0.2   3   3    0.0013      0.05    7.9   0.0   335   425   286   417   262   419 0.77 -
#
# Program:         hmmsearch
# Version:         3.1b2 (February 2015)
# Pipeline mode:   SEARCH
# Query file:      hmmModels95/d2bhua3c.1.8.1.hmm
# Target file:     scop/scopTestSeq.fasta
# Option settings: hmmsearch --domtblout hmmModels95/d2bhua3c.1.8.1.out -E 1 hmmModels95/d2bhua3c.1.8.1.hmm scop/scopTestSeq.fasta 
# Current dir:     /users/nfs/Etu7/3801677/SBAS/TME8
# Date:            Tue Apr  4 15:54:19 2023
# [ok]
