#                                                                            --- full sequence --- -------------- this domain -------------   hmm coord   ali coord   env coord
# target name        accession   tlen query name           accession   qlen   E-value  score  bias   #  of  c-Evalue  i-Evalue  score  bias  from    to  from    to  from    to  acc description of target
#------------------- ---------- ----- -------------------- ---------- ----- --------- ------ ----- --- --- --------- --------- ------ ----- ----- ----- ----- ----- ----- ----- ---- ---------------------
d1bf2a1b.1.18.2      -            162 d2bhua1b.1.18.2.aln  -            111   1.9e-34  114.2   4.8   1   2   6.2e-36   2.7e-34  113.7   4.1     1   109     4   122     4   126 0.98 -
d1bf2a1b.1.18.2      -            162 d2bhua1b.1.18.2.aln  -            111   1.9e-34  114.2   4.8   2   2       4.9   2.2e+02   -1.9   0.0     4    19   142   157   139   159 0.77 -
d1j0ha1b.1.18.2      -            123 d2bhua1b.1.18.2.aln  -            111   2.1e-31  104.4   0.0   1   1   5.6e-33   2.5e-31  104.2   0.0     1   109     1   109     1   113 0.98 -
d1ji1a1b.1.18.2      -            122 d2bhua1b.1.18.2.aln  -            111     1e-27   92.5   3.4   1   1   2.6e-29   1.1e-27   92.4   3.4     2   109     8   115     7   119 0.98 -
d2fhfa2b.1.18.2      -            125 d2bhua1b.1.18.2.aln  -            111   6.6e-20   67.4   0.2   1   1   1.7e-21   7.6e-20   67.2   0.2     2   108     4   120     3   124 0.97 -
d2fhfa1b.1.18.2      -            115 d2bhua1b.1.18.2.aln  -            111     2e-17   59.4   2.2   1   1   5.2e-19   2.3e-17   59.2   2.2     2   109     4   111     3   114 0.98 -
d3bmva1b.1.18.2      -             83 d2bhua1b.1.18.2.aln  -            111   8.6e-15   50.9   1.7   1   1   2.1e-16   9.2e-15   50.8   1.7    21   105     3    81     1    83 0.94 -
d1txka1b.1.18.2      -            115 d2bhua1b.1.18.2.aln  -            111   1.2e-14   50.5   1.1   1   1     3e-16   1.3e-14   50.4   1.1     4   108     2   114     1   115 0.98 -
d1m7xa1b.1.18.2      -            110 d2bhua1b.1.18.2.aln  -            111   5.3e-14   48.4   0.0   1   1   1.4e-15     6e-14   48.2   0.0     7   108     2   104     1   108 0.96 -
d1edqa1b.1.18.2      -            109 d2bhua1b.1.18.2.aln  -            111   1.2e-12   44.1   3.7   1   1   2.9e-14   1.3e-12   44.0   3.7     2   109     3   109     2   109 0.98 -
d1k3ia1b.1.18.2      -            102 d2bhua1b.1.18.2.aln  -            111   1.4e-12   43.8   0.9   1   1   3.4e-14   1.5e-12   43.7   0.9    19   105     4    99     1   102 0.96 -
d1ut9a2b.1.18.2      -             98 d2bhua1b.1.18.2.aln  -            111   8.3e-10   34.9   0.1   1   1   2.1e-11   9.4e-10   34.7   0.1    13   102     4    92     1    97 0.93 -
d1clca2b.1.18.2      -            100 d2bhua1b.1.18.2.aln  -            111   9.3e-10   34.7   0.2   1   1   2.2e-11   9.8e-10   34.7   0.2    12   104     3    96     1   100 0.96 -
d1qbaa1b.1.18.2      -            105 d2bhua1b.1.18.2.aln  -            111   1.6e-09   34.0   0.0   1   1     4e-11   1.7e-09   33.9   0.0     4   102     2   102     1   105 0.96 -
d1h3ga1b.1.18.2      -             93 d2bhua1b.1.18.2.aln  -            111   5.5e-08   29.0   0.0   1   1   1.3e-09   5.9e-08   28.9   0.0    18   108     3    92     1    93 0.95 -
d1w8oa1b.1.18.2      -            103 d2bhua1b.1.18.2.aln  -            111   9.7e-08   28.2   1.4   1   1   2.3e-09     1e-07   28.2   1.4     9   104     3    98     1   103 0.93 -
d1ulva2b.1.18.2      -             89 d2bhua1b.1.18.2.aln  -            111   4.4e-07   26.1   5.4   1   1   1.1e-08   4.7e-07   26.0   5.4    18   106     2    86     1    89 0.95 -
d2bvya1b.1.18.2      -             94 d2bhua1b.1.18.2.aln  -            111   7.9e-06   22.1   8.6   1   1   1.9e-07   8.3e-06   22.0   8.6    15   105     3    93     1    94 0.94 -
d1f1sa2b.1.18.2      -             78 d2bhua1b.1.18.2.aln  -            111   0.00049   16.3   0.2   1   1   4.6e-05     0.002   14.3   0.2    21   108     1    77     1    78 0.87 -
#
# Program:         hmmsearch
# Version:         3.1b2 (February 2015)
# Pipeline mode:   SEARCH
# Query file:      hmmModels95/d2bhua1b.1.18.2.hmm
# Target file:     scop/scopTestSeq.fasta
# Option settings: hmmsearch --domtblout hmmModels95/d2bhua1b.1.18.2.out -E 1 hmmModels95/d2bhua1b.1.18.2.hmm scop/scopTestSeq.fasta 
# Current dir:     /users/nfs/Etu7/3801677/SBAS/TME8
# Date:            Tue Apr  4 15:54:19 2023
# [ok]
