#                                                                            --- full sequence --- -------------- this domain -------------   hmm coord   ali coord   env coord
# target name        accession   tlen query name           accession   qlen   E-value  score  bias   #  of  c-Evalue  i-Evalue  score  bias  from    to  from    to  from    to  acc description of target
#------------------- ---------- ----- -------------------- ---------- ----- --------- ------ ----- --- --- --------- --------- ------ ----- ----- ----- ----- ----- ----- ----- ---- ---------------------
d1bf2a1b.1.18.2      -            162 d2bvya1b.1.18.2.aln  -            113   6.9e-40  131.5   5.1   1   1   2.3e-41     1e-39  130.9   5.1     1   113    13   127    13   127 0.99 -
d1j0ha1b.1.18.2      -            123 d2bvya1b.1.18.2.aln  -            113   4.6e-32  106.2   0.0   1   1   1.1e-33   5.3e-32  106.1   0.0     1   113     1   113     1   113 0.99 -
d1ji1a1b.1.18.2      -            122 d2bvya1b.1.18.2.aln  -            113   1.1e-25   85.7   3.4   1   1   2.7e-27   1.3e-25   85.5   3.4     2   113     8   119     7   119 0.98 -
d2fhfa2b.1.18.2      -            125 d2bvya1b.1.18.2.aln  -            113   9.7e-22   73.0   0.3   1   1   2.3e-23   1.1e-21   72.9   0.3     1   111     3   123     3   125 0.97 -
d1txka1b.1.18.2      -            115 d2bvya1b.1.18.2.aln  -            113   1.9e-17   59.1   0.9   1   1   4.6e-19   2.1e-17   59.0   0.9     4   109     2   115     1   115 0.99 -
d2fhfa1b.1.18.2      -            115 d2bvya1b.1.18.2.aln  -            113   1.9e-15   52.8   2.0   1   1   4.3e-17     2e-15   52.6   2.0     1   109     3   111     3   115 0.97 -
d3bmva1b.1.18.2      -             83 d2bvya1b.1.18.2.aln  -            113   3.2e-14   48.8   1.5   1   1   7.4e-16   3.4e-14   48.7   1.5    21   106     3    82     1    83 0.95 -
d1m7xa1b.1.18.2      -            110 d2bvya1b.1.18.2.aln  -            113   3.6e-14   48.6   0.0   1   1   8.4e-16   3.9e-14   48.5   0.0     6   109     1   108     1   110 0.97 -
d1edqa1b.1.18.2      -            109 d2bvya1b.1.18.2.aln  -            113   4.6e-14   48.3   3.3   1   1   1.1e-15     5e-14   48.1   3.3     2   109     3   109     2   109 0.98 -
d1k3ia1b.1.18.2      -            102 d2bvya1b.1.18.2.aln  -            113   3.3e-13   45.5   0.7   1   1   7.4e-15   3.4e-13   45.4   0.7    19   105     4    99     1   102 0.96 -
d1clca2b.1.18.2      -            100 d2bvya1b.1.18.2.aln  -            113   9.2e-12   40.9   0.3   1   1   2.1e-13   9.6e-12   40.8   0.3    18   109     3    93     1    97 0.94 -
d1qbaa1b.1.18.2      -            105 d2bvya1b.1.18.2.aln  -            113   6.6e-11   38.1   0.0   1   1   1.5e-12   7.1e-11   38.0   0.0    15   110     2    97     1   100 0.96 -
d1w8oa1b.1.18.2      -            103 d2bvya1b.1.18.2.aln  -            113   1.8e-10   36.7   0.9   1   1   4.7e-12   2.2e-10   36.4   0.9    20   109     8    99     2   102 0.94 -
d1h3ga1b.1.18.2      -             93 d2bvya1b.1.18.2.aln  -            113   8.5e-10   34.5   0.0   1   1   1.9e-11   8.8e-10   34.5   0.0    21   109     6    93     1    93 0.95 -
d1ut9a2b.1.18.2      -             98 d2bvya1b.1.18.2.aln  -            113   2.2e-09   33.2   0.2   1   1   4.9e-11   2.3e-09   33.1   0.2    14   107     3    96     1    98 0.96 -
d2bhua1b.1.18.2      -             97 d2bvya1b.1.18.2.aln  -            113   6.2e-09   31.7   0.0   1   1   1.5e-10   6.8e-09   31.6   0.0    19   112     2    94     1    95 0.96 -
d1f1sa2b.1.18.2      -             78 d2bvya1b.1.18.2.aln  -            113   0.00085   15.2   0.1   1   1   0.00023     0.011   11.7   0.1    22   107     2    76     1    78 0.78 -
#
# Program:         hmmsearch
# Version:         3.1b2 (February 2015)
# Pipeline mode:   SEARCH
# Query file:      hmmModels95/d2bvya1b.1.18.2.hmm
# Target file:     scop/scopTestSeq.fasta
# Option settings: hmmsearch --domtblout hmmModels95/d2bvya1b.1.18.2.out -E 1 hmmModels95/d2bvya1b.1.18.2.hmm scop/scopTestSeq.fasta 
# Current dir:     /users/nfs/Etu7/3801677/SBAS/TME8
# Date:            Tue Apr  4 15:54:19 2023
# [ok]
