#                                                                            --- full sequence --- -------------- this domain -------------   hmm coord   ali coord   env coord
# target name        accession   tlen query name           accession   qlen   E-value  score  bias   #  of  c-Evalue  i-Evalue  score  bias  from    to  from    to  from    to  acc description of target
#------------------- ---------- ----- -------------------- ---------- ----- --------- ------ ----- --- --- --------- --------- ------ ----- ----- ----- ----- ----- ----- ----- ---- ---------------------
d2c4ja1a.45.1.1      -            133 d2c4ja1a.45.1.1.aln  -            138   4.6e-41  135.5   0.1   1   1   7.6e-43     5e-41  135.4   0.1     1   137     1   131     1   132 0.98 -
d1tu7a1a.45.1.1      -            131 d2c4ja1a.45.1.1.aln  -            138   2.5e-33  110.4   0.1   1   1   4.2e-35   2.8e-33  110.3   0.1     3   135     1   131     1   131 0.98 -
d1k3ya1a.45.1.1      -            142 d2c4ja1a.45.1.1.aln  -            138     3e-31  103.7   0.1   1   1   4.9e-33   3.3e-31  103.6   0.1     1   133     1   132     1   137 0.97 -
d1nhya1a.45.1.1      -            144 d2c4ja1a.45.1.1.aln  -            138     2e-29   97.8   0.1   1   1   3.4e-31   2.3e-29   97.6   0.1     3   133    13   144    11   144 0.98 -
d1okta1a.45.1.1      -            126 d2c4ja1a.45.1.1.aln  -            138   1.4e-26   88.6   0.1   1   1   2.4e-28   1.6e-26   88.4   0.1     2   124     1   123     1   125 0.97 -
d2cvda1a.45.1.1      -            124 d2c4ja1a.45.1.1.aln  -            138   7.4e-24   79.8   0.1   1   1   1.2e-25   8.2e-24   79.6   0.1     1   126     2   123     2   124 0.94 -
d1eema1a.45.1.1      -            139 d2c4ja1a.45.1.1.aln  -            138   4.8e-23   77.1   0.1   1   1   8.9e-25   5.8e-23   76.8   0.1     2   133     1   128     1   132 0.93 -
d1tw9a1a.45.1.1      -            129 d2c4ja1a.45.1.1.aln  -            138   4.8e-23   77.1   0.0   1   1   8.1e-25   5.3e-23   77.0   0.0     3   125     2   127     1   129 0.96 -
d1gnwa1a.45.1.1      -            126 d2c4ja1a.45.1.1.aln  -            138   5.4e-18   60.8   0.1   1   1   8.7e-20   5.7e-18   60.7   0.1    20   117    23   124     6   126 0.92 -
d1k0ma1a.45.1.1      -            149 d2c4ja1a.45.1.1.aln  -            138   1.4e-14   49.8   0.0   1   1   2.5e-16   1.6e-14   49.5   0.0     5   134     9   147     5   149 0.89 -
d2fnoa1a.45.1.1      -            149 d2c4ja1a.45.1.1.aln  -            138   2.2e-13   45.8   0.0   1   1   3.9e-15   2.5e-13   45.6   0.0     2   128     1   133     1   142 0.91 -
d1z9ha1a.45.1.1      -            161 d2c4ja1a.45.1.1.aln  -            138   6.5e-13   44.3   0.4   1   1   1.4e-13     9e-12   40.6   0.3     2   137     1   148     1   149 0.98 -
#
# Program:         hmmsearch
# Version:         3.1b2 (February 2015)
# Pipeline mode:   SEARCH
# Query file:      hmmModels95/d2c4ja1a.45.1.1.hmm
# Target file:     scop/scopTestSeq.fasta
# Option settings: hmmsearch --domtblout hmmModels95/d2c4ja1a.45.1.1.out -E 1 hmmModels95/d2c4ja1a.45.1.1.hmm scop/scopTestSeq.fasta 
# Current dir:     /users/nfs/Etu7/3801677/SBAS/TME8
# Date:            Tue Apr  4 15:54:19 2023
# [ok]
