#                                                                            --- full sequence --- -------------- this domain -------------   hmm coord   ali coord   env coord
# target name        accession   tlen query name           accession   qlen   E-value  score  bias   #  of  c-Evalue  i-Evalue  score  bias  from    to  from    to  from    to  acc description of target
#------------------- ---------- ----- -------------------- ---------- ----- --------- ------ ----- --- --- --------- --------- ------ ----- ----- ----- ----- ----- ----- ----- ---- ---------------------
d2epja_c.67.1.0      -            426 d2c81a_c.67.1.0.aln  -            399   1.6e-91  302.8   0.3   1   1   3.4e-93   1.8e-91  302.7   0.3     2   398     2   408     1   409 0.99 -
d3fvsa_c.67.1.1      -            419 d2c81a_c.67.1.0.aln  -            399   8.9e-82  270.7   0.0   1   1   2.1e-83   1.1e-81  270.4   0.0    13   398    15   418     7   419 0.99 -
d3ftba_c.67.1.0      -            334 d2c81a_c.67.1.0.aln  -            399   2.2e-66  220.0   1.6   1   1   4.7e-68   2.5e-66  219.8   1.6    43   398     3   333     1   334 0.96 -
d1gdea_c.67.1.1      -            388 d2c81a_c.67.1.0.aln  -            399   2.5e-60  200.1   0.4   1   1   6.3e-62   3.3e-60  199.7   0.4    23   397    25   383    11   384 0.92 -
d1bw0a_c.67.1.1      -            412 d2c81a_c.67.1.0.aln  -            399   1.9e-40  134.6   0.0   1   1   5.5e-42   2.9e-40  134.0   0.0    50   396    57   407    25   410 0.90 -
d2gb3a1c.67.1.1      -            389 d2c81a_c.67.1.0.aln  -            399   8.4e-35  116.0   0.0   1   1   1.9e-36     1e-34  115.8   0.0    31   348    31   334    14   379 0.89 -
d2dkja_c.67.1.4      -            402 d2c81a_c.67.1.0.aln  -            399   5.1e-20   67.4   0.0   1   1   1.8e-21   9.5e-20   66.5   0.0    12   262     3   263     1   296 0.91 -
d1fg7a_c.67.1.1      -            354 d2c81a_c.67.1.0.aln  -            399   2.4e-17   58.6   0.0   1   1   1.2e-18   6.2e-17   57.2   0.0    76   383    59   341    49   352 0.77 -
d1vefa1c.67.1.4      -            387 d2c81a_c.67.1.0.aln  -            399   1.6e-16   55.8   0.1   1   2      0.16       8.3    0.8   0.0   115   141   101   127    20   145 0.57 -
d1vefa1c.67.1.4      -            387 d2c81a_c.67.1.0.aln  -            399   1.6e-16   55.8   0.1   2   2   3.8e-17     2e-15   52.2   0.0   179   316   158   290   150   299 0.93 -
d1lc5a_c.67.1.1      -            355 d2c81a_c.67.1.0.aln  -            399   2.5e-13   45.3   0.0   1   1   5.1e-15   2.7e-13   45.2   0.0    80   296    64   265    51   354 0.83 -
d2c81a_c.67.1.0      -            409 d2c81a_c.67.1.0.aln  -            399   7.1e-13   43.8   0.1   1   1   2.1e-14   1.1e-12   43.2   0.1    78   199    40   156    32   161 0.92 -
d3piua_c.67.1.4      -            416 d2c81a_c.67.1.0.aln  -            399   6.9e-10   34.0   0.0   1   1   9.6e-11     5e-09   31.1   0.0    84   249    90   270    85   415 0.78 -
d1zoda_c.67.1.4      -            431 d2c81a_c.67.1.0.aln  -            399   1.7e-08   29.4   0.0   1   1   4.9e-10   2.6e-08   28.8   0.0   203   300   203   301   201   305 0.94 -
d1w23a_c.67.1.4      -            360 d2c81a_c.67.1.0.aln  -            399     1e-06   23.6   0.1   1   2   7.3e-05    0.0038   11.8   0.0    47   110    28    87     3   116 0.82 -
d1w23a_c.67.1.4      -            360 d2c81a_c.67.1.0.aln  -            399     1e-06   23.6   0.1   2   2   0.00028     0.015    9.8   0.0   240   364   211   336   191   347 0.87 -
d1o69a_c.67.1.4      -            374 d2c81a_c.67.1.0.aln  -            399   0.00023   15.8   0.3   1   1   7.3e-06   0.00039   15.1   0.3    77   208    25   153    17   242 0.83 -
#
# Program:         hmmsearch
# Version:         3.1b2 (February 2015)
# Pipeline mode:   SEARCH
# Query file:      hmmModels95/d2c81a_c.67.1.0.hmm
# Target file:     scop/scopTestSeq.fasta
# Option settings: hmmsearch --domtblout hmmModels95/d2c81a_c.67.1.0.out -E 1 hmmModels95/d2c81a_c.67.1.0.hmm scop/scopTestSeq.fasta 
# Current dir:     /users/nfs/Etu7/3801677/SBAS/TME8
# Date:            Tue Apr  4 15:54:19 2023
# [ok]
