#                                                                            --- full sequence --- -------------- this domain -------------   hmm coord   ali coord   env coord
# target name        accession   tlen query name           accession   qlen   E-value  score  bias   #  of  c-Evalue  i-Evalue  score  bias  from    to  from    to  from    to  acc description of target
#------------------- ---------- ----- -------------------- ---------- ----- --------- ------ ----- --- --- --------- --------- ------ ----- ----- ----- ----- ----- ----- ----- ---- ---------------------
d1lb3a_a.25.1.1      -            179 d2cf7a_a.25.1.1.aln  -            158   1.7e-52  172.9   0.1   1   1   2.9e-54   1.9e-52  172.8   0.1     1   157     3   172     3   173 0.96 -
d1z6om1a.25.1.1      -            191 d2cf7a_a.25.1.1.aln  -            158   7.4e-47  154.6   0.1   1   1   1.3e-48   8.4e-47  154.4   0.1     3   157    15   181    13   182 0.97 -
d3bvfa_a.25.1.1      -            172 d2cf7a_a.25.1.1.aln  -            158   1.7e-43  143.7   6.2   1   1   2.8e-45   1.9e-43  143.5   6.2     3   158     6   160     4   160 0.98 -
d2y3qa_a.25.1.1      -            158 d2cf7a_a.25.1.1.aln  -            158   2.3e-41  136.7   3.3   1   1   4.2e-43   2.8e-41  136.5   3.3     3   154     1   151     1   156 0.97 -
d1nf4a_a.25.1.1      -            169 d2cf7a_a.25.1.1.aln  -            158   1.1e-40  134.5   5.2   1   1     2e-42   1.3e-40  134.3   5.2     2   153     2   151     1   157 0.97 -
d1tjoa_a.25.1.1      -            180 d2cf7a_a.25.1.1.aln  -            158     1e-35  118.4   8.1   1   1   1.7e-37   1.1e-35  118.2   8.1     1   151    21   178    21   180 0.97 -
d1yuza1a.25.1.1      -            135 d2cf7a_a.25.1.1.aln  -            158   2.4e-35  117.2   0.7   1   1   4.3e-37   2.8e-35  116.9   0.7     9   139     7   135     3   135 0.98 -
d1z6oa1a.25.1.1      -            200 d2cf7a_a.25.1.1.aln  -            158   6.6e-34  112.5  10.7   1   1   1.1e-35   7.5e-34  112.3  10.7     4   157    20   191    17   192 0.96 -
d2cf7a_a.25.1.1      -            159 d2cf7a_a.25.1.1.aln  -            158   2.2e-24   81.6   0.2   1   1   3.8e-26   2.5e-24   81.4   0.2     8   146    11   157     8   159 0.97 -
d1zs3a1a.25.1.1      -            171 d2cf7a_a.25.1.1.aln  -            158   6.3e-20   67.1   1.7   1   1   1.2e-21   7.6e-20   66.8   1.7     1   156     5   163     5   166 0.97 -
d2fzfa1a.25.1.1      -            158 d2cf7a_a.25.1.1.aln  -            158   3.2e-15   51.8  11.2   1   1   5.5e-17   3.6e-15   51.6  11.2     9   150    12   157     4   158 0.94 -
d1vjxa_a.25.1.1      -            149 d2cf7a_a.25.1.1.aln  -            158   7.5e-14   47.3   7.2   1   1   1.3e-15   8.3e-14   47.2   7.2     4   145     2   148     1   149 0.97 -
#
# Program:         hmmsearch
# Version:         3.1b2 (February 2015)
# Pipeline mode:   SEARCH
# Query file:      hmmModels95/d2cf7a_a.25.1.1.hmm
# Target file:     scop/scopTestSeq.fasta
# Option settings: hmmsearch --domtblout hmmModels95/d2cf7a_a.25.1.1.out -E 1 hmmModels95/d2cf7a_a.25.1.1.hmm scop/scopTestSeq.fasta 
# Current dir:     /users/nfs/Etu7/3801677/SBAS/TME8
# Date:            Tue Apr  4 15:54:19 2023
# [ok]
