#                                                                            --- full sequence --- -------------- this domain -------------   hmm coord   ali coord   env coord
# target name        accession   tlen query name           accession   qlen   E-value  score  bias   #  of  c-Evalue  i-Evalue  score  bias  from    to  from    to  from    to  acc description of target
#------------------- ---------- ----- -------------------- ---------- ----- --------- ------ ----- --- --- --------- --------- ------ ----- ----- ----- ----- ----- ----- ----- ---- ---------------------
d2c4ja1a.45.1.1      -            133 d2cvda1a.45.1.1.aln  -            137   3.9e-42  138.7   0.1   1   1   6.6e-44   4.3e-42  138.5   0.1     1   137     1   132     1   132 0.99 -
d1k3ya1a.45.1.1      -            142 d2cvda1a.45.1.1.aln  -            137   5.3e-34  112.3   0.1   1   1   8.8e-36   5.8e-34  112.2   0.1     1   132     1   132     1   137 0.97 -
d1tu7a1a.45.1.1      -            131 d2cvda1a.45.1.1.aln  -            137   1.2e-33  111.2   0.1   1   1     2e-35   1.3e-33  111.1   0.1     3   133     1   130     1   131 0.97 -
d1okta1a.45.1.1      -            126 d2cvda1a.45.1.1.aln  -            137   2.1e-27   90.9   0.1   1   1   3.8e-29   2.5e-27   90.7   0.1     2   123     1   123     1   125 0.95 -
d1eema1a.45.1.1      -            139 d2cvda1a.45.1.1.aln  -            137     1e-23   79.0   0.1   1   1   1.7e-25   1.1e-23   78.9   0.1     2   132     1   128     1   133 0.94 -
d1tw9a1a.45.1.1      -            129 d2cvda1a.45.1.1.aln  -            137   1.1e-22   75.6   0.0   1   1   1.9e-24   1.3e-22   75.5   0.0     3   123     2   126     1   129 0.91 -
d1nhya1a.45.1.1      -            144 d2cvda1a.45.1.1.aln  -            137   1.1e-20   69.2   0.0   1   1   1.9e-22   1.2e-20   69.0   0.0     1   132     8   144     8   144 0.98 -
d1gnwa1a.45.1.1      -            126 d2cvda1a.45.1.1.aln  -            137     2e-18   61.9   0.1   1   1   3.2e-20   2.1e-18   61.8   0.1     5   116    10   124     6   126 0.94 -
d1k0ma1a.45.1.1      -            149 d2cvda1a.45.1.1.aln  -            137     1e-14   49.9   0.0   1   1   1.8e-16   1.2e-14   49.7   0.0     7   133    10   147     4   149 0.90 -
d1z9ha1a.45.1.1      -            161 d2cvda1a.45.1.1.aln  -            137   7.7e-14   47.0   0.4   1   2     5e-10   3.3e-08   28.8   0.1     4    91    10   104     7   106 0.95 -
d1z9ha1a.45.1.1      -            161 d2cvda1a.45.1.1.aln  -            137   7.7e-14   47.0   0.4   2   2   9.9e-07   6.5e-05   18.1   0.1    60   109   105   155    97   159 0.88 -
d2cvda1a.45.1.1      -            124 d2cvda1a.45.1.1.aln  -            137   1.1e-13   46.5   0.1   1   1   2.2e-15   1.4e-13   46.2   0.1     8   125     9   123     2   124 0.69 -
d2fnoa1a.45.1.1      -            149 d2cvda1a.45.1.1.aln  -            137   7.8e-12   40.5   0.0   1   1   1.4e-13     9e-12   40.3   0.0     2   129     1   135     1   142 0.95 -
#
# Program:         hmmsearch
# Version:         3.1b2 (February 2015)
# Pipeline mode:   SEARCH
# Query file:      hmmModels95/d2cvda1a.45.1.1.hmm
# Target file:     scop/scopTestSeq.fasta
# Option settings: hmmsearch --domtblout hmmModels95/d2cvda1a.45.1.1.out -E 1 hmmModels95/d2cvda1a.45.1.1.hmm scop/scopTestSeq.fasta 
# Current dir:     /users/nfs/Etu7/3801677/SBAS/TME8
# Date:            Tue Apr  4 15:54:19 2023
# [ok]
