#                                                                            --- full sequence --- -------------- this domain -------------   hmm coord   ali coord   env coord
# target name        accession   tlen query name           accession   qlen   E-value  score  bias   #  of  c-Evalue  i-Evalue  score  bias  from    to  from    to  from    to  acc description of target
#------------------- ---------- ----- -------------------- ---------- ----- --------- ------ ----- --- --- --------- --------- ------ ----- ----- ----- ----- ----- ----- ----- ---- ---------------------
d2p0wa_d.108.1.1     -            319 d2cy2a1d.108.1.1.aln -            175   6.7e-66  216.9   0.1   1   2     1e-65   1.9e-64  212.2   0.1     1   175    10   226    10   226 0.99 -
d2p0wa_d.108.1.1     -            319 d2cy2a1d.108.1.1.aln -            175   6.7e-66  216.9   0.1   2   2     0.067       1.3    4.3   0.0   100   135   223   271   222   311 0.63 -
d2pq8a_d.108.1.1     -            271 d2cy2a1d.108.1.1.aln -            175   1.3e-57  189.9   2.0   1   1   8.4e-59   1.6e-57  189.6   2.0     5   175     2   179     1   179 0.99 -
d1boba_d.108.1.1     -            315 d2cy2a1d.108.1.1.aln -            175   2.9e-50  166.0   1.2   1   1   2.2e-51   4.2e-50  165.4   1.2     1   174    25   211    25   212 0.99 -
d1p0ha_d.108.1.1     -            308 d2cy2a1d.108.1.1.aln -            175   2.5e-40  133.6   0.0   1   3   3.5e-37   6.5e-36  119.2   0.0     2   175    22   208    21   208 0.99 -
d1p0ha_d.108.1.1     -            308 d2cy2a1d.108.1.1.aln -            175   2.5e-40  133.6   0.0   2   3       5.7   1.1e+02   -2.0   0.0    79   108   219   248   212   251 0.67 -
d1p0ha_d.108.1.1     -            308 d2cy2a1d.108.1.1.aln -            175   2.5e-40  133.6   0.0   3   3   0.00036    0.0068   11.7   0.0   124   153   274   302   267   308 0.85 -
d1u6ma_d.108.1.1     -            189 d2cy2a1d.108.1.1.aln -            175   5.7e-26   86.8   0.1   1   1   4.1e-27   7.8e-26   86.4   0.1     4   166    25   186    23   188 0.97 -
d1i12a_d.108.1.1     -            157 d2cy2a1d.108.1.1.aln -            175   3.8e-23   77.7   0.0   1   1   2.6e-24   4.9e-23   77.3   0.0     5   154     6   152     4   156 0.97 -
d1tiqa_d.108.1.1     -            173 d2cy2a1d.108.1.1.aln -            175   4.4e-21   70.9   0.2   1   1   5.4e-22     1e-20   69.8   0.2     4   170     2   168     1   172 0.89 -
d1qsma_d.108.1.1     -            150 d2cy2a1d.108.1.1.aln -            175   4.6e-21   70.9   0.2   1   1   2.7e-22   5.1e-21   70.7   0.2     4   157     3   147     1   150 0.96 -
d1z4ea1d.108.1.1     -            150 d2cy2a1d.108.1.1.aln -            175   6.3e-21   70.4   0.0   1   1   4.3e-22     8e-21   70.1   0.0     3   153     1   144     1   149 0.93 -
d1yk3a1d.108.1.1     -            198 d2cy2a1d.108.1.1.aln -            175   5.6e-20   67.3   0.0   1   1   3.3e-21   6.2e-20   67.2   0.0     4   165    17   193    14   198 0.97 -
d2b5ga_d.108.1.1     -            168 d2cy2a1d.108.1.1.aln -            175   6.3e-20   67.2   0.4   1   1     4e-21   7.5e-20   66.9   0.4     6   171     5   167     2   168 0.98 -
d1ufha_d.108.1.1     -            155 d2cy2a1d.108.1.1.aln -            175   1.1e-19   66.4   0.2   1   1   6.2e-21   1.2e-19   66.3   0.2     4   155     2   151     1   155 0.96 -
d1y9ka1d.108.1.1     -            152 d2cy2a1d.108.1.1.aln -            175   3.7e-19   64.7   0.0   1   1   2.2e-20   4.1e-19   64.5   0.0    13   169     9   137     2   143 0.85 -
d2gana1d.108.1.1     -            182 d2cy2a1d.108.1.1.aln -            175   3.9e-19   64.6   1.8   1   1   2.4e-20   4.6e-19   64.4   1.8     7   166    22   180    19   182 0.97 -
d1nsla_d.108.1.1     -            180 d2cy2a1d.108.1.1.aln -            175   2.6e-18   61.9   0.1   1   1   1.5e-19   2.8e-18   61.8   0.1     3   170    10   173     8   178 0.95 -
d2ae6a1d.108.1.1     -            161 d2cy2a1d.108.1.1.aln -            175   4.4e-18   61.2   0.0   1   1   2.9e-19   5.4e-18   60.9   0.0     3   168     4   155     2   159 0.94 -
d1wwza1d.108.1.1     -            157 d2cy2a1d.108.1.1.aln -            175   1.3e-17   59.6   1.5   1   1   8.6e-19   1.6e-17   59.3   1.5     2   159     2   152     1   156 0.89 -
d2fcka1d.108.1.1     -            178 d2cy2a1d.108.1.1.aln -            175   1.6e-17   59.3   0.0   1   1     1e-18   1.9e-17   59.1   0.0     4   168    12   172     9   177 0.97 -
d2euia1d.108.1.1     -            153 d2cy2a1d.108.1.1.aln -            175   2.2e-17   58.9   0.1   1   1   1.5e-18   2.8e-17   58.5   0.1     4   159     1   146     1   152 0.95 -
d1z4ra1d.108.1.1     -            162 d2cy2a1d.108.1.1.aln -            175   1.4e-15   53.0   0.2   1   1   8.1e-17   1.5e-15   52.9   0.2    18   163    21   160     5   162 0.92 -
d1vkca_d.108.1.1     -            149 d2cy2a1d.108.1.1.aln -            175     2e-15   52.5   1.0   1   1   1.3e-16   2.5e-15   52.2   1.0    11   152     8   142     4   148 0.94 -
d2fl4a1d.108.1.1     -            146 d2cy2a1d.108.1.1.aln -            175   5.6e-15   51.1   0.1   1   1   3.3e-16   6.2e-15   50.9   0.1     3   165     2   144     1   146 0.92 -
d2fiaa1d.108.1.1     -            157 d2cy2a1d.108.1.1.aln -            175   5.7e-15   51.0   0.4   1   1   3.6e-16   6.9e-15   50.8   0.4     4   168     1   152     1   156 0.94 -
d1y9wa1d.108.1.1     -            140 d2cy2a1d.108.1.1.aln -            175   6.3e-15   50.9   1.7   1   1   5.3e-16   9.9e-15   50.2   1.7    79   166    52   136     1   140 0.79 -
d1mk4a_d.108.1.1     -            157 d2cy2a1d.108.1.1.aln -            175     7e-14   47.5   0.0   1   1   4.3e-15   8.1e-14   47.3   0.0     3   163     1   140     1   149 0.93 -
d1n71a_d.108.1.1     -            180 d2cy2a1d.108.1.1.aln -            175   3.2e-13   45.4   0.0   1   1   2.5e-14   4.6e-13   44.8   0.0     6   174     9   178     5   179 0.83 -
d2atra1d.108.1.1     -            137 d2cy2a1d.108.1.1.aln -            175   1.4e-12   43.2   0.0   1   1   8.6e-14   1.6e-12   43.1   0.0     4   164     2   136     1   137 0.94 -
d1xeba_d.108.1.1     -            149 d2cy2a1d.108.1.1.aln -            175   3.2e-12   42.1   0.3   1   1   2.3e-13   4.4e-12   41.6   0.3     5   155     5   136     1   146 0.91 -
d2g3aa1d.108.1.1     -            137 d2cy2a1d.108.1.1.aln -            175   3.9e-12   41.8   0.0   1   1   2.5e-13   4.8e-12   41.5   0.0    84   152    54   119     1   122 0.79 -
d1ghea_d.108.1.1     -            170 d2cy2a1d.108.1.1.aln -            175   5.3e-12   41.4   0.0   1   1   3.2e-13     6e-12   41.2   0.0     6   159     3   154     1   167 0.88 -
d2fiwa1d.108.1.1     -            156 d2cy2a1d.108.1.1.aln -            175   1.5e-11   39.9   0.0   1   1   1.4e-12   2.7e-11   39.1   0.0     3   152     3   136     1   142 0.91 -
d1bo4a_d.108.1.1     -            137 d2cy2a1d.108.1.1.aln -            175   1.7e-11   39.7   0.0   1   1   1.1e-12     2e-11   39.5   0.0     6   147     5   137     3   137 0.96 -
d2jdca1d.108.1.1     -            145 d2cy2a1d.108.1.1.aln -            175   3.6e-11   38.6   0.1   1   1   2.1e-12   3.9e-11   38.6   0.1    60   160    38   134     3   144 0.85 -
d1yx0a1d.108.1.1     -            151 d2cy2a1d.108.1.1.aln -            175   1.4e-10   36.8   0.0   1   1   9.7e-12   1.8e-10   36.4   0.0    36   161    32   142    19   151 0.78 -
d1cjwa_d.108.1.1     -            166 d2cy2a1d.108.1.1.aln -            175     2e-10   36.2   0.0   1   1   1.3e-11   2.4e-10   36.0   0.0    26   164    24   160     7   165 0.88 -
d1y7ra1d.108.1.1     -            133 d2cy2a1d.108.1.1.aln -            175   2.6e-10   35.9   0.0   1   1   1.5e-11   2.9e-10   35.7   0.0    13   159    10   130     3   133 0.80 -
d1r57a_d.108.1.1     -            102 d2cy2a1d.108.1.1.aln -            175   4.5e-09   31.8   0.0   1   1   2.4e-10   4.6e-09   31.8   0.0    90   155    35    95     6   102 0.81 -
d1m4ia_d.108.1.1     -            181 d2cy2a1d.108.1.1.aln -            175   4.9e-09   31.7   0.0   1   1     3e-10   5.6e-09   31.5   0.0     3   149     7   132     5   174 0.93 -
d1q2ya_d.108.1.1     -            140 d2cy2a1d.108.1.1.aln -            175   5.9e-09   31.4   0.1   1   1   5.3e-10   9.9e-09   30.7   0.1    52   153    51   124    46   139 0.88 -
d2aj6a1d.108.1.1     -            118 d2cy2a1d.108.1.1.aln -            175   3.3e-07   25.7   0.0   1   1   1.8e-08   3.3e-07   25.7   0.0    73   127    61   115     2   117 0.84 -
d1xmta_d.108.1.1     -             95 d2cy2a1d.108.1.1.aln -            175   8.2e-07   24.5   0.0   1   1   4.5e-08   8.5e-07   24.4   0.0    77   132    19    74     6    90 0.87 -
d2fsra1d.108.1.1     -            164 d2cy2a1d.108.1.1.aln -            175   5.7e-06   21.7   0.0   1   1   3.4e-07   6.4e-06   21.6   0.0     8   155     6   151     1   162 0.88 -
#
# Program:         hmmsearch
# Version:         3.1b2 (February 2015)
# Pipeline mode:   SEARCH
# Query file:      hmmModels95/d2cy2a1d.108.1.1.hmm
# Target file:     scop/scopTestSeq.fasta
# Option settings: hmmsearch --domtblout hmmModels95/d2cy2a1d.108.1.1.out -E 1 hmmModels95/d2cy2a1d.108.1.1.hmm scop/scopTestSeq.fasta 
# Current dir:     /users/nfs/Etu7/3801677/SBAS/TME8
# Date:            Tue Apr  4 15:54:19 2023
# [ok]
