#                                                                            --- full sequence --- -------------- this domain -------------   hmm coord   ali coord   env coord
# target name        accession   tlen query name           accession   qlen   E-value  score  bias   #  of  c-Evalue  i-Evalue  score  bias  from    to  from    to  from    to  acc description of target
#------------------- ---------- ----- -------------------- ---------- ----- --------- ------ ----- --- --- --------- --------- ------ ----- ----- ----- ----- ----- ----- ----- ---- ---------------------
d1jeta_c.94.1.1      -            517 d2czla1c.94.1.1.aln  -            328   4.3e-95  314.3  17.4   1   1     2e-96   9.5e-95  313.2  17.4     1   328    95   493    95   493 1.00 -
d3vlva_c.94.1.1      -            490 d2czla1c.94.1.1.aln  -            328   1.7e-90  299.2  15.1   1   1   4.9e-92   2.3e-90  298.8  15.1     1   328   121   473   121   473 1.00 -
d1vr5a1c.94.1.1      -            535 d2czla1c.94.1.1.aln  -            328     1e-81  270.4  16.7   1   1   3.1e-83   1.4e-81  269.9  16.7     1   327   104   497   104   498 1.00 -
d1uqwa_c.94.1.1      -            487 d2czla1c.94.1.1.aln  -            328   1.8e-61  204.0  13.0   1   1   5.2e-63   2.4e-61  203.6  13.0     2   327   102   465   101   466 0.99 -
d2nooa_c.94.1.1      -            496 d2czla1c.94.1.1.aln  -            328   7.9e-59  195.4   0.2   1   1   2.1e-60   9.7e-59  195.1   0.2     2   328   100   475    99   475 0.96 -
d1xoca1c.94.1.1      -            504 d2czla1c.94.1.1.aln  -            328   3.4e-56  186.7  21.8   1   1   8.9e-58   4.1e-56  186.4  21.8     1   327    99   480    99   481 0.99 -
d1eu8a_c.94.1.1      -            407 d2czla1c.94.1.1.aln  -            328   1.3e-41  138.8   9.3   1   1   3.3e-43   1.5e-41  138.6   9.3     7   327    29   382    23   383 0.99 -
d1ursa_c.94.1.1      -            367 d2czla1c.94.1.1.aln  -            328   6.1e-39  130.1  11.7   1   1   1.5e-40   6.7e-39  130.0  11.7     4   326     6   345     3   347 0.97 -
d1q35a_c.94.1.1      -            318 d2czla1c.94.1.1.aln  -            328   2.4e-26   88.8   4.4   1   1   6.4e-28     3e-26   88.5   4.4     7   317     5   311     1   317 0.92 -
d1nnfa_c.94.1.1      -            308 d2czla1c.94.1.1.aln  -            328   2.8e-25   85.3  10.8   1   1   7.3e-27   3.4e-25   85.0  10.8     6   315     2   304     1   307 0.96 -
d3thia_c.94.1.1      -            362 d2czla1c.94.1.1.aln  -            328   2.2e-24   82.4   0.8   1   1   5.2e-26   2.4e-24   82.2   0.8     5   326     5   334     1   336 0.96 -
d1pb7a_c.94.1.1      -            289 d2czla1c.94.1.1.aln  -            328   1.9e-21   72.7   0.0   1   1   4.7e-23   2.2e-21   72.5   0.0    31   322     3   285     1   289 0.94 -
d1ixha_c.94.1.1      -            321 d2czla1c.94.1.1.aln  -            328     4e-17   58.6  13.0   1   1   9.9e-19   4.6e-17   58.4  13.0    14   323    29   313    17   318 0.94 -
d1r9la_c.94.1.1      -            309 d2czla1c.94.1.1.aln  -            328   1.7e-10   36.8  12.4   1   1   4.4e-12     2e-10   36.5  12.4    12   321     7   303     3   309 0.95 -
d1atga_c.94.1.1      -            231 d2czla1c.94.1.1.aln  -            328   1.2e-06   24.2   1.0   1   1   3.4e-08   1.6e-06   23.8   1.0    99   319    21   227     3   230 0.84 -
d2nxoa1c.94.1.1      -            277 d2czla1c.94.1.1.aln  -            328   1.6e-05   20.5   0.0   1   1   4.3e-07     2e-05   20.2   0.0    13   234     3   192     1   248 0.87 -
d1al3a_c.94.1.1      -            237 d2czla1c.94.1.1.aln  -            328   7.6e-05   18.3   0.0   1   1     2e-06   9.1e-05   18.0   0.0    83   272     4   183     2   230 0.94 -
#
# Program:         hmmsearch
# Version:         3.1b2 (February 2015)
# Pipeline mode:   SEARCH
# Query file:      hmmModels95/d2czla1c.94.1.1.hmm
# Target file:     scop/scopTestSeq.fasta
# Option settings: hmmsearch --domtblout hmmModels95/d2czla1c.94.1.1.out -E 1 hmmModels95/d2czla1c.94.1.1.hmm scop/scopTestSeq.fasta 
# Current dir:     /users/nfs/Etu7/3801677/SBAS/TME8
# Date:            Tue Apr  4 15:54:19 2023
# [ok]
