#                                                                            --- full sequence --- -------------- this domain -------------   hmm coord   ali coord   env coord
# target name        accession   tlen query name           accession   qlen   E-value  score  bias   #  of  c-Evalue  i-Evalue  score  bias  from    to  from    to  from    to  acc description of target
#------------------- ---------- ----- -------------------- ---------- ----- --------- ------ ----- --- --- --------- --------- ------ ----- ----- ----- ----- ----- ----- ----- ---- ---------------------
d1z0xa2a.121.1.1     -            149 d2d6ya2a.121.1.1.aln -            122   4.2e-34  112.8   0.0   1   1   1.8e-35   4.9e-34  112.6   0.0     2   122     2   135     1   135 0.99 -
d2g7la2a.121.1.1     -            144 d2d6ya2a.121.1.1.aln -            122   2.3e-30  100.8   9.7   1   1   9.6e-32   2.6e-30  100.6   9.7     1   122     1   126     1   126 0.99 -
d3c07a2a.121.1.1     -            146 d2d6ya2a.121.1.1.aln -            122   1.3e-23   79.2   2.4   1   1   5.7e-25   1.6e-23   78.9   2.4     2   121     1   134     1   135 0.99 -
d2g7ga2a.121.1.1     -            132 d2d6ya2a.121.1.1.aln -            122   3.3e-18   61.8   7.9   1   1   1.5e-19     4e-18   61.6   7.9     2   119     2   116     1   123 0.94 -
d2fbqa2a.121.1.1     -            134 d2d6ya2a.121.1.1.aln -            122   6.6e-18   60.8   0.3   1   1   2.7e-19   7.4e-18   60.7   0.3     2   121     5   128     4   129 0.98 -
d1ui5a2a.121.1.1     -            133 d2d6ya2a.121.1.1.aln -            122   5.8e-17   57.8   0.4   1   1   2.6e-18     7e-17   57.6   0.4     6   120     8   122     5   124 0.97 -
d1t33a2a.121.1.1     -            132 d2d6ya2a.121.1.1.aln -            122   4.5e-15   51.8   0.1   1   1   1.8e-16   4.9e-15   51.6   0.1     2   121     2   124     1   125 0.98 -
d2hyja2a.121.1.1     -            118 d2d6ya2a.121.1.1.aln -            122   8.9e-15   50.8   4.2   1   1   3.5e-16   9.6e-15   50.7   4.2     4   118     4   117     1   118 0.97 -
d2np5a2a.121.1.1     -            118 d2d6ya2a.121.1.1.aln -            122   1.5e-14   50.0   3.6   1   1   6.6e-16   1.8e-14   49.8   3.6     2   115     3   114     2   117 0.97 -
d2id3a2a.121.1.1     -            123 d2d6ya2a.121.1.1.aln -            122   6.7e-14   48.0   6.3   1   1   2.6e-15   7.2e-14   47.9   6.3     7   121     7   120     1   121 0.93 -
d2oi8a2a.121.1.1     -            130 d2d6ya2a.121.1.1.aln -            122   9.5e-14   47.5   2.6   1   1   3.8e-15     1e-13   47.4   2.6     3   118     2   119     1   123 0.97 -
d2g7sa2a.121.1.1     -            116 d2d6ya2a.121.1.1.aln -            122   1.5e-13   46.9   1.2   1   1   5.8e-15   1.6e-13   46.8   1.2     1   116     1   115     1   116 0.97 -
d1rkta2a.121.1.1     -            123 d2d6ya2a.121.1.1.aln -            122   2.8e-13   46.0   0.0   1   1   1.2e-14   3.2e-13   45.8   0.0     8   121     3   111     1   112 0.95 -
d2id6a2a.121.1.1     -            125 d2d6ya2a.121.1.1.aln -            122   3.1e-13   45.9   0.0   1   1   1.3e-14   3.7e-13   45.6   0.0     2   117     2   117     1   121 0.97 -
d2i10a2a.121.1.1     -            116 d2d6ya2a.121.1.1.aln -            122   7.1e-13   44.7   2.0   1   1   2.9e-14   7.8e-13   44.6   2.0     2   112     2   110     1   116 0.87 -
d1t56a2a.121.1.1     -            120 d2d6ya2a.121.1.1.aln -            122   2.7e-12   42.8   1.9   1   1     1e-13   2.8e-12   42.8   1.9    10   119    10   119     1   120 0.91 -
d2fx0a2a.121.1.1     -            122 d2d6ya2a.121.1.1.aln -            122   5.6e-12   41.8   0.0   1   1   2.3e-13   6.4e-12   41.6   0.0    10   120     9   120     3   122 0.95 -
d2gena2a.121.1.1     -            118 d2d6ya2a.121.1.1.aln -            122   5.9e-12   41.7   5.6   1   1   2.4e-13   6.5e-12   41.6   5.6     3   118     3   117     1   118 0.98 -
d2iu5a2a.121.1.1     -            109 d2d6ya2a.121.1.1.aln -            122   7.2e-12   41.5   0.0   1   1   2.8e-13   7.6e-12   41.4   0.0    10   114     3   106     1   109 0.95 -
d2hkua2a.121.1.1     -            121 d2d6ya2a.121.1.1.aln -            122   3.7e-11   39.2   0.0   1   1   1.5e-12   4.1e-11   39.0   0.0    11   116    10   117     2   121 0.93 -
d1vi0a2a.121.1.1     -            117 d2d6ya2a.121.1.1.aln -            122   5.4e-11   38.7   0.0   1   1   2.1e-12   5.8e-11   38.6   0.0     3   117     2   115     1   117 0.98 -
d2np3a2a.121.1.1     -            112 d2d6ya2a.121.1.1.aln -            122   7.9e-11   38.1   5.4   1   1   3.1e-12   8.4e-11   38.0   5.4    11   119     5   112     1   112 0.96 -
d1zk8a2a.121.1.1     -            105 d2d6ya2a.121.1.1.aln -            122     1e-10   37.8   0.0   1   1   3.9e-12   1.1e-10   37.7   0.0     3    99     3    99     1   105 0.93 -
d2gfna2a.121.1.1     -            119 d2d6ya2a.121.1.1.aln -            122   3.2e-10   36.2   5.9   1   1   1.3e-11   3.4e-10   36.1   5.9     3   119     3   118     1   119 0.96 -
d2g3ba2a.121.1.1     -            116 d2d6ya2a.121.1.1.aln -            122   2.1e-09   33.5   1.2   1   1   8.1e-11   2.2e-09   33.5   1.2     8   117     6   114     1   116 0.92 -
d1sgma2a.121.1.1     -            111 d2d6ya2a.121.1.1.aln -            122   2.5e-08   30.1   0.0   1   1     1e-09   2.7e-08   30.0   0.0     2   112     2   110     1   111 0.95 -
d2fd5a2a.121.1.1     -            104 d2d6ya2a.121.1.1.aln -            122   2.6e-08   30.1   1.9   1   1   1.1e-09   2.9e-08   29.9   1.9     8   105     5   101     1   103 0.94 -
d2o7ta2a.121.1.1     -            110 d2d6ya2a.121.1.1.aln -            122   4.7e-08   29.2   0.0   1   1   1.8e-09     5e-08   29.1   0.0    12   120     4   109     1   110 0.97 -
d2fq4a2a.121.1.1     -            115 d2d6ya2a.121.1.1.aln -            122   1.2e-07   27.9   0.0   1   1   4.7e-09   1.3e-07   27.8   0.0     5   119     2   115     1   115 0.96 -
#
# Program:         hmmsearch
# Version:         3.1b2 (February 2015)
# Pipeline mode:   SEARCH
# Query file:      hmmModels95/d2d6ya2a.121.1.1.hmm
# Target file:     scop/scopTestSeq.fasta
# Option settings: hmmsearch --domtblout hmmModels95/d2d6ya2a.121.1.1.out -E 1 hmmModels95/d2d6ya2a.121.1.1.hmm scop/scopTestSeq.fasta 
# Current dir:     /users/nfs/Etu7/3801677/SBAS/TME8
# Date:            Tue Apr  4 15:54:20 2023
# [ok]
