#                                                                            --- full sequence --- -------------- this domain -------------   hmm coord   ali coord   env coord
# target name        accession   tlen query name           accession   qlen   E-value  score  bias   #  of  c-Evalue  i-Evalue  score  bias  from    to  from    to  from    to  acc description of target
#------------------- ---------- ----- -------------------- ---------- ----- --------- ------ ----- --- --- --------- --------- ------ ----- ----- ----- ----- ----- ----- ----- ---- ---------------------
d2jhfa1b.35.1.2      -            199 d2dm6a1b.35.1.2.aln  -            184   4.1e-75  247.4   0.1   1   1   6.4e-77   4.6e-75  247.3   0.1     1   183     4   199     4   199 0.99 -
d1piwa1b.35.1.2      -            193 d2dm6a1b.35.1.2.aln  -            184   6.7e-53  175.0   1.7   1   1     1e-54   7.4e-53  174.9   1.7     3   182     6   184     4   186 0.97 -
d1pl8a1b.35.1.2      -            186 d2dm6a1b.35.1.2.aln  -            184   1.2e-50  167.6   0.0   1   1     2e-52   1.5e-50  167.4   0.0     7   182     8   178     3   180 0.94 -
d1f8fa1b.35.1.2      -            195 d2dm6a1b.35.1.2.aln  -            184   2.1e-49  163.6   0.1   1   1   3.2e-51   2.3e-49  163.5   0.1     4   183     2   194     1   195 0.98 -
d1h2ba1b.35.1.2      -            172 d2dm6a1b.35.1.2.aln  -            184   2.4e-47  156.9   0.1   1   1   3.7e-49   2.7e-47  156.8   0.1     7   183     1   171     1   172 0.96 -
d1jqba1b.35.1.2      -            178 d2dm6a1b.35.1.2.aln  -            184   8.9e-47  155.0   0.0   1   1   1.4e-48     1e-46  154.9   0.0     9   183     3   176     1   177 0.96 -
d1kola1b.35.1.2      -            202 d2dm6a1b.35.1.2.aln  -            184   2.1e-45  150.6   0.8   1   1   3.2e-47   2.3e-45  150.5   0.8     5   182     5   195     1   197 0.96 -
d1gu7a1b.35.1.2      -            176 d2dm6a1b.35.1.2.aln  -            184   1.4e-36  121.9   0.0   1   1   2.2e-38   1.6e-36  121.7   0.0     2   183     3   175     2   176 0.98 -
d1yb5a1b.35.1.2      -            151 d2dm6a1b.35.1.2.aln  -            184   5.8e-34  113.3   0.0   1   1   1.9e-34   1.4e-32  108.8   0.0     6   182     5   148     1   150 0.91 -
d1o89a1b.35.1.2      -            147 d2dm6a1b.35.1.2.aln  -            184     1e-25   86.4   0.0   1   1   1.7e-27   1.2e-25   86.2   0.0     5   183     2   146     1   147 0.96 -
d2dm6a1b.35.1.2      -            148 d2dm6a1b.35.1.2.aln  -            184   1.6e-10   36.9   0.0   1   1   1.9e-10   1.4e-08   30.6   0.0    10   183    14   147    10   148 0.87 -
#
# Program:         hmmsearch
# Version:         3.1b2 (February 2015)
# Pipeline mode:   SEARCH
# Query file:      hmmModels95/d2dm6a1b.35.1.2.hmm
# Target file:     scop/scopTestSeq.fasta
# Option settings: hmmsearch --domtblout hmmModels95/d2dm6a1b.35.1.2.out -E 1 hmmModels95/d2dm6a1b.35.1.2.hmm scop/scopTestSeq.fasta 
# Current dir:     /users/nfs/Etu7/3801677/SBAS/TME8
# Date:            Tue Apr  4 15:54:20 2023
# [ok]
