#                                                                            --- full sequence --- -------------- this domain -------------   hmm coord   ali coord   env coord
# target name        accession   tlen query name           accession   qlen   E-value  score  bias   #  of  c-Evalue  i-Evalue  score  bias  from    to  from    to  from    to  acc description of target
#------------------- ---------- ----- -------------------- ---------- ----- --------- ------ ----- --- --- --------- --------- ------ ----- ----- ----- ----- ----- ----- ----- ---- ---------------------
d2jhfa2c.2.1.1       -            176 d2dm6a2c.2.1.1.aln   -            177   1.4e-61  202.6   1.1   1   1   2.9e-63   1.5e-61  202.5   1.1     2   176     2   176     1   176 0.99 -
d1kola2c.2.1.1       -            195 d2dm6a2c.2.1.1.aln   -            177   2.5e-57  188.8   2.2   1   1   5.3e-59   2.8e-57  188.6   2.2     3   177     1   195     1   195 0.99 -
d1pqwa_c.2.1.1       -            183 d2dm6a2c.2.1.1.aln   -            177   7.7e-50  164.4   0.4   1   1   1.6e-51   8.5e-50  164.2   0.4     4   176     1   172     1   173 0.99 -
d1vj0a2c.2.1.1       -            182 d2dm6a2c.2.1.1.aln   -            177   2.4e-45  149.7   0.0   1   1   5.1e-47   2.7e-45  149.6   0.0     2   175     2   178     1   180 0.95 -
d1h2ba2c.2.1.1       -            172 d2dm6a2c.2.1.1.aln   -            177   1.7e-44  146.9   1.7   1   1   3.6e-46   1.9e-44  146.8   1.7     2   172     5   171     4   172 0.96 -
d1yb5a2c.2.1.1       -            174 d2dm6a2c.2.1.1.aln   -            177     4e-44  145.7   1.3   1   1   8.3e-46   4.3e-44  145.6   1.3     2   174     2   171     1   174 0.96 -
d1o89a2c.2.1.1       -            177 d2dm6a2c.2.1.1.aln   -            177   1.5e-43  143.9   1.3   1   1   3.1e-45   1.6e-43  143.8   1.3     2   173     2   169     1   173 0.97 -
d1qora2c.2.1.1       -            179 d2dm6a2c.2.1.1.aln   -            177   4.5e-43  142.3   0.1   1   1   9.3e-45   4.9e-43  142.2   0.1     2   174     2   173     1   176 0.97 -
d1gu7a2c.2.1.1       -            189 d2dm6a2c.2.1.1.aln   -            177   3.1e-41  136.3   0.0   1   1   6.6e-43   3.5e-41  136.2   0.0     2   176     2   185     1   186 0.94 -
d1jqba2c.2.1.1       -            174 d2dm6a2c.2.1.1.aln   -            177   5.4e-41  135.5   3.4   1   1   1.1e-42   5.9e-41  135.4   3.4     2   175     2   172     1   174 0.88 -
d1piwa2c.2.1.1       -            168 d2dm6a2c.2.1.1.aln   -            177   4.6e-39  129.3   0.0   1   1   9.5e-41     5e-39  129.1   0.0     2   173     2   166     1   168 0.97 -
d1pl8a2c.2.1.1       -            171 d2dm6a2c.2.1.1.aln   -            177   6.7e-39  128.7   5.4   1   1   1.4e-40   7.2e-39  128.6   5.4     5   173     4   169     1   171 0.92 -
d2dm6a2c.2.1.1       -            182 d2dm6a2c.2.1.1.aln   -            177   2.1e-27   91.3   0.1   1   1   4.5e-29   2.4e-27   91.1   0.1     5   175     6   178     3   180 0.83 -
d1c1da1c.2.1.7       -            201 d2dm6a2c.2.1.1.aln   -            177   0.00011   17.2   8.0   1   1   3.3e-06   0.00017   16.6   7.8    28    80    26    77     3   119 0.80 -
d1k0ia1c.3.1.2       -            293 d2dm6a2c.2.1.1.aln   -            177    0.0082   11.2   1.2   1   2    0.0005     0.026    9.5   0.9    29   131     2   102     1   120 0.65 -
d1k0ia1c.3.1.2       -            293 d2dm6a2c.2.1.1.aln   -            177    0.0082   11.2   1.2   2   2       3.6   1.9e+02   -3.0   0.0   136   158   185   207   174   210 0.76 -
#
# Program:         hmmsearch
# Version:         3.1b2 (February 2015)
# Pipeline mode:   SEARCH
# Query file:      hmmModels95/d2dm6a2c.2.1.1.hmm
# Target file:     scop/scopTestSeq.fasta
# Option settings: hmmsearch --domtblout hmmModels95/d2dm6a2c.2.1.1.out -E 1 hmmModels95/d2dm6a2c.2.1.1.hmm scop/scopTestSeq.fasta 
# Current dir:     /users/nfs/Etu7/3801677/SBAS/TME8
# Date:            Tue Apr  4 15:54:20 2023
# [ok]
