#                                                                            --- full sequence --- -------------- this domain -------------   hmm coord   ali coord   env coord
# target name        accession   tlen query name           accession   qlen   E-value  score  bias   #  of  c-Evalue  i-Evalue  score  bias  from    to  from    to  from    to  acc description of target
#------------------- ---------- ----- -------------------- ---------- ----- --------- ------ ----- --- --- --------- --------- ------ ----- ----- ----- ----- ----- ----- ----- ---- ---------------------
d2bg1a1e.3.1.1       -            453 d2drwa1e.3.1.1.aln   -            307     3e-95  315.0  14.3   1   1   9.2e-97   4.3e-95  314.4  14.3     1   307    52   432    52   432 0.97 -
d1qmea4e.3.1.1       -            357 d2drwa1e.3.1.1.aln   -            307   3.2e-89  295.1   6.0   1   1   7.7e-91   3.6e-89  295.0   6.0     2   307     2   340     1   340 0.98 -
d2hdsa_e.3.1.1       -            358 d2drwa1e.3.1.1.aln   -            307   2.4e-80  266.0   2.2   1   1   5.9e-82   2.7e-80  265.8   2.2     1   305    20   358    20   358 0.99 -
d2p74a_e.3.1.1       -            263 d2drwa1e.3.1.1.aln   -            307   1.2e-75  250.6   3.4   1   1   2.8e-77   1.3e-75  250.4   3.4    30   304     2   263     1   263 0.99 -
d2v2ff_e.3.1.1       -            384 d2drwa1e.3.1.1.aln   -            307   1.8e-73  243.4  18.6   1   1   4.6e-75   2.1e-73  243.2  18.6     2   306    32   362    31   363 0.98 -
d2olua2e.3.1.1       -            400 d2drwa1e.3.1.1.aln   -            307     4e-67  222.6  13.0   1   1     1e-68   4.7e-67  222.3  13.0     1   305    34   377    34   379 0.99 -
d1alqa_e.3.1.1       -            263 d2drwa1e.3.1.1.aln   -            307   3.4e-59  196.5   3.7   1   2      0.18       8.6    1.4   0.0   269   304     1    35     1    37 0.91 -
d1alqa_e.3.1.1       -            263 d2drwa1e.3.1.1.aln   -            307   3.4e-59  196.5   3.7   2   2   1.3e-60   6.2e-59  195.7   3.9    18   265    27   263    10   263 0.97 -
d2dcfa1e.3.1.1       -            388 d2drwa1e.3.1.1.aln   -            307   5.2e-52  172.9   0.0   1   1   1.2e-53   5.8e-52  172.8   0.0     2   304    36   383    35   386 0.99 -
d1yqsa_e.3.1.1       -            345 d2drwa1e.3.1.1.aln   -            307   2.4e-47  157.6   6.0   1   1   5.8e-49   2.7e-47  157.4   6.0     1   305    19   342    19   344 0.98 -
d1e25a_e.3.1.1       -            278 d2drwa1e.3.1.1.aln   -            307   8.1e-45  149.3   0.0   1   1   2.1e-46   9.6e-45  149.1   0.0    34   304     5   275     1   277 0.96 -
d1vqqa3e.3.1.1       -            341 d2drwa1e.3.1.1.aln   -            307     1e-44  149.0   8.9   1   1   2.5e-46   1.1e-44  148.8   8.9     2   306     4   328     3   329 0.95 -
d1ci9a_e.3.1.1       -            377 d2drwa1e.3.1.1.aln   -            307   3.1e-43  144.1   0.0   1   1   7.4e-45   3.4e-43  144.0   0.0     3   304    22   369    20   372 0.97 -
d1ei5a3e.3.1.1       -            333 d2drwa1e.3.1.1.aln   -            307   1.2e-41  138.9   0.0   1   1   2.9e-43   1.3e-41  138.7   0.0     2   305    20   331    19   333 0.98 -
d1xa1a_e.3.1.1       -            246 d2drwa1e.3.1.1.aln   -            307   2.8e-38  127.8   6.5   1   1   6.6e-40   3.1e-38  127.7   6.5    22   304     2   245     1   246 0.92 -
d1tvfa2e.3.1.1       -            301 d2drwa1e.3.1.1.aln   -            307   4.6e-34  114.0  16.2   1   1   1.1e-35     5e-34  113.8  16.2     5   306     1   300     1   301 0.98 -
d1xp4a2e.3.1.1       -            269 d2drwa1e.3.1.1.aln   -            307   4.4e-32  107.5   6.0   1   1     1e-33   4.7e-32  107.4   6.0    38   303     5   267     1   269 0.97 -
d1es5a_e.3.1.1       -            260 d2drwa1e.3.1.1.aln   -            307   1.3e-26   89.5  12.7   1   1   3.9e-28   1.8e-26   89.0  12.7    44   304     3   260     1   260 0.89 -
#
# Program:         hmmsearch
# Version:         3.1b2 (February 2015)
# Pipeline mode:   SEARCH
# Query file:      hmmModels95/d2drwa1e.3.1.1.hmm
# Target file:     scop/scopTestSeq.fasta
# Option settings: hmmsearch --domtblout hmmModels95/d2drwa1e.3.1.1.out -E 1 hmmModels95/d2drwa1e.3.1.1.hmm scop/scopTestSeq.fasta 
# Current dir:     /users/nfs/Etu7/3801677/SBAS/TME8
# Date:            Tue Apr  4 15:54:20 2023
# [ok]
