#                                                                            --- full sequence --- -------------- this domain -------------   hmm coord   ali coord   env coord
# target name        accession   tlen query name           accession   qlen   E-value  score  bias   #  of  c-Evalue  i-Evalue  score  bias  from    to  from    to  from    to  acc description of target
#------------------- ---------- ----- -------------------- ---------- ----- --------- ------ ----- --- --- --------- --------- ------ ----- ----- ----- ----- ----- ----- ----- ---- ---------------------
d2efja_c.66.1.0      -            377 d2efja_c.66.1.0.aln  -            248   8.2e-93  305.5   0.4   1   1   1.4e-93   1.6e-91  301.3   0.4     1   247    95   361    95   362 0.96 -
d3evfa_c.66.1.0      -            261 d2efja_c.66.1.0.aln  -            248     1e-58  193.8   0.0   1   1     1e-60   1.1e-58  193.7   0.0     1   246     3   249     3   251 0.98 -
d3d2la_c.66.1.0      -            238 d2efja_c.66.1.0.aln  -            248   4.9e-34  113.0   0.0   1   1   4.8e-36   5.4e-34  112.9   0.0     5   244     2   238     1   238 0.98 -
d2nyua_c.66.1.0      -            189 d2efja_c.66.1.0.aln  -            248   4.5e-30  100.0   0.0   1   1   4.4e-32     5e-30   99.9   0.0    48   246     2   188     1   189 0.98 -
d3doua_c.66.1.0      -            181 d2efja_c.66.1.0.aln  -            248   5.6e-25   83.3   0.0   1   1   6.2e-27   6.9e-25   83.0   0.0    48   244     2   177     1   181 0.97 -
d3c3pa_c.66.1.0      -            210 d2efja_c.66.1.0.aln  -            248   1.2e-24   82.2   0.0   1   1   1.3e-26   1.5e-24   82.0   0.0    10   236     3   205     1   210 0.96 -
d3e05a_c.66.1.0      -            191 d2efja_c.66.1.0.aln  -            248     3e-19   64.6   0.0   1   1   3.7e-21   4.2e-19   64.1   0.0    34   243     2   190     1   191 0.98 -
#
# Program:         hmmsearch
# Version:         3.1b2 (February 2015)
# Pipeline mode:   SEARCH
# Query file:      hmmModels95/d2efja_c.66.1.0.hmm
# Target file:     scop/scopTestSeq.fasta
# Option settings: hmmsearch --domtblout hmmModels95/d2efja_c.66.1.0.out -E 1 hmmModels95/d2efja_c.66.1.0.hmm scop/scopTestSeq.fasta 
# Current dir:     /users/nfs/Etu7/3801677/SBAS/TME8
# Date:            Tue Apr  4 15:54:21 2023
# [ok]
