#                                                                            --- full sequence --- -------------- this domain -------------   hmm coord   ali coord   env coord
# target name        accession   tlen query name           accession   qlen   E-value  score  bias   #  of  c-Evalue  i-Evalue  score  bias  from    to  from    to  from    to  acc description of target
#------------------- ---------- ----- -------------------- ---------- ----- --------- ------ ----- --- --- --------- --------- ------ ----- ----- ----- ----- ----- ----- ----- ---- ---------------------
d3vlva_c.94.1.1      -            490 d2esna2c.94.1.1.aln  -            349    6e-136  448.8  14.9   1   1  1.4e-137  7.4e-136  448.5  14.9     1   349    20   411    20   411 1.00 -
d1jeta_c.94.1.1      -            517 d2esna2c.94.1.1.aln  -            349  4.6e-100  330.9  16.1   1   1    1e-101  5.5e-100  330.6  16.1     2   348   131   514   130   515 0.99 -
d1vr5a1c.94.1.1      -            535 d2esna2c.94.1.1.aln  -            349   1.1e-71  237.7  20.1   1   2      0.98        51   -1.2   0.2    91   128    19    56    16    65 0.82 -
d1vr5a1c.94.1.1      -            535 d2esna2c.94.1.1.aln  -            349   1.1e-71  237.7  20.1   2   2     2e-73   1.1e-71  237.7  20.1     2   349   124   509   123   509 0.99 -
d1uqwa_c.94.1.1      -            487 d2esna2c.94.1.1.aln  -            349     7e-67  221.8  14.3   1   2         3   1.6e+02   -2.8   0.1   247   295    44    89    12    94 0.55 -
d1uqwa_c.94.1.1      -            487 d2esna2c.94.1.1.aln  -            349     7e-67  221.8  14.3   2   2   1.3e-68     7e-67  221.8  14.3     2   348   103   476   102   477 0.99 -
d1xoca1c.94.1.1      -            504 d2esna2c.94.1.1.aln  -            349   4.9e-65  215.8  23.6   1   1   1.2e-66   6.2e-65  215.4  23.6     2   348   125   491   124   492 0.99 -
d2nooa_c.94.1.1      -            496 d2esna2c.94.1.1.aln  -            349   5.6e-63  209.0   0.2   1   1   1.3e-64   6.9e-63  208.7   0.2     4   349   112   486   109   486 0.98 -
d1eu8a_c.94.1.1      -            407 d2esna2c.94.1.1.aln  -            349   5.2e-44  146.7  10.4   1   1   1.1e-45   5.8e-44  146.5  10.4     6   345    14   389     9   393 0.98 -
d1ursa_c.94.1.1      -            367 d2esna2c.94.1.1.aln  -            349   1.3e-33  112.5  12.4   1   1   2.8e-35   1.5e-33  112.3  12.4    15   346    18   354     5   357 0.97 -
d1nnfa_c.94.1.1      -            308 d2esna2c.94.1.1.aln  -            349   6.1e-27   90.6   8.2   1   1   1.6e-28   8.4e-27   90.1   8.2     4   317     1   288     1   305 0.92 -
d1ixha_c.94.1.1      -            321 d2esna2c.94.1.1.aln  -            349   5.7e-26   87.4  15.2   1   1   1.2e-27   6.3e-26   87.2  15.2    14   349     5   321     1   321 0.94 -
d1q35a_c.94.1.1      -            318 d2esna2c.94.1.1.aln  -            349   2.7e-24   81.9   2.4   1   1   6.5e-26   3.4e-24   81.6   2.4     5   287     4   266     2   315 0.93 -
d3thia_c.94.1.1      -            362 d2esna2c.94.1.1.aln  -            349   1.8e-19   66.0   0.8   1   1   4.4e-21   2.3e-19   65.7   0.8     5   344     7   356     4   360 0.96 -
d1pb7a_c.94.1.1      -            289 d2esna2c.94.1.1.aln  -            349   3.9e-13   45.2   0.0   1   1   9.2e-15   4.8e-13   44.9   0.0    66   323    53   286     2   289 0.87 -
d1sbpa_c.94.1.1      -            309 d2esna2c.94.1.1.aln  -            349   2.7e-09   32.6   9.4   1   1   6.4e-11   3.3e-09   32.3   9.4     7   313     8   278     4   306 0.89 -
d1xt8a1c.94.1.1      -            248 d2esna2c.94.1.1.aln  -            349   4.5e-05   18.7   2.4   1   1     1e-06   5.2e-05   18.5   2.4    98   275    58   203    15   243 0.79 -
#
# Program:         hmmsearch
# Version:         3.1b2 (February 2015)
# Pipeline mode:   SEARCH
# Query file:      hmmModels95/d2esna2c.94.1.1.hmm
# Target file:     scop/scopTestSeq.fasta
# Option settings: hmmsearch --domtblout hmmModels95/d2esna2c.94.1.1.out -E 1 hmmModels95/d2esna2c.94.1.1.hmm scop/scopTestSeq.fasta 
# Current dir:     /users/nfs/Etu7/3801677/SBAS/TME8
# Date:            Tue Apr  4 15:54:21 2023
# [ok]
