#                                                                            --- full sequence --- -------------- this domain -------------   hmm coord   ali coord   env coord
# target name        accession   tlen query name           accession   qlen   E-value  score  bias   #  of  c-Evalue  i-Evalue  score  bias  from    to  from    to  from    to  acc description of target
#------------------- ---------- ----- -------------------- ---------- ----- --------- ------ ----- --- --- --------- --------- ------ ----- ----- ----- ----- ----- ----- ----- ---- ---------------------
d2fbka1a.4.5.28      -            172 d2etha1a.4.5.28.aln  -            141   3.6e-56  184.5   0.1   1   1   1.1e-57   4.4e-56  184.2   0.1     1   141    29   171    29   171 0.99 -
d2fxaa1a.4.5.28      -            162 d2etha1a.4.5.28.aln  -            141   5.2e-52  171.0   0.0   1   1   1.5e-53   5.8e-52  170.9   0.0     2   140     9   146     8   147 0.99 -
d1lj9a_a.4.5.28      -            144 d2etha1a.4.5.28.aln  -            141   1.2e-39  131.0   1.0   1   1   3.3e-41   1.3e-39  130.8   1.0     7   140     2   134     1   135 0.98 -
d2fbia1a.4.5.28      -            136 d2etha1a.4.5.28.aln  -            141   4.7e-39  129.0   0.7   1   1   1.3e-40     5e-39  128.9   0.7     7   139     3   134     1   136 0.97 -
d2a61a1a.4.5.28      -            139 d2etha1a.4.5.28.aln  -            141   1.9e-37  123.8   0.0   1   1   5.4e-39   2.1e-37  123.7   0.0     5   141     1   136     1   136 0.98 -
d2fbha1a.4.5.28      -            137 d2etha1a.4.5.28.aln  -            141   3.1e-37  123.1   0.4   1   1   8.7e-39   3.4e-37  123.0   0.4     8   141     2   135     1   135 0.97 -
d1s3ja_a.4.5.28      -            143 d2etha1a.4.5.28.aln  -            141   4.2e-36  119.4   4.1   1   1   1.2e-37   4.6e-36  119.3   4.1     3   140     4   140     2   141 0.97 -
d1jgsa_a.4.5.28      -            138 d2etha1a.4.5.28.aln  -            141   6.2e-36  118.9   0.0   1   1   1.7e-37   6.7e-36  118.8   0.0     3   137     3   137     1   138 0.93 -
d3broa1a.4.5.28      -            135 d2etha1a.4.5.28.aln  -            141   2.6e-35  116.9   5.4   1   1   7.3e-37   2.9e-35  116.8   5.4     7   138     2   134     1   135 0.99 -
d3echa_a.4.5.28      -            142 d2etha1a.4.5.28.aln  -            141   3.8e-35  116.4   0.1   1   1     1e-36   4.1e-35  116.2   0.1     3   139     6   141     4   142 0.97 -
d2hr3a1a.4.5.28      -            145 d2etha1a.4.5.28.aln  -            141   9.5e-33  108.6   0.1   1   1   2.7e-34     1e-32  108.5   0.1     1   140     1   140     1   141 0.98 -
d1p4xa1a.4.5.28      -            125 d2etha1a.4.5.28.aln  -            141   4.9e-32  106.3   1.4   1   1   1.4e-33   5.4e-32  106.2   1.4     1   123     1   124     1   125 0.97 -
d1p4xa2a.4.5.28      -            125 d2etha1a.4.5.28.aln  -            141   1.3e-30  101.6   3.4   1   1   3.5e-32   1.4e-30  101.6   3.4     3   120     2   120     1   125 0.96 -
d1hsja1a.4.5.28      -            115 d2etha1a.4.5.28.aln  -            141   4.5e-30   99.9   3.5   1   1   1.2e-31   4.9e-30   99.8   3.5     4   115     2   114     1   115 0.98 -
d3jw4a_a.4.5.0       -            137 d2etha1a.4.5.28.aln  -            141   2.5e-23   78.1   0.1   1   1   6.5e-25   2.6e-23   78.0   0.1    11   136     7   133     1   137 0.95 -
d2etha1a.4.5.28      -            140 d2etha1a.4.5.28.aln  -            141   3.3e-23   77.6   0.0   1   1   9.1e-25   3.6e-23   77.6   0.0    36   140    34   137     5   138 0.90 -
d3bjaa_a.4.5.0       -            139 d2etha1a.4.5.28.aln  -            141   8.7e-22   73.1   0.1   1   1   2.5e-23   9.8e-22   72.9   0.1    19   139    18   137     4   139 0.93 -
d1ub9a_a.4.5.28      -            100 d2etha1a.4.5.28.aln  -            141   4.1e-20   67.6   0.0   1   1   1.1e-21   4.4e-20   67.5   0.0    19   116     1    97     1   100 0.97 -
d3ctaa1a.4.5.28      -             85 d2etha1a.4.5.28.aln  -            141   3.2e-14   48.5   0.3   1   1   9.4e-16   3.7e-14   48.3   0.3    48   114    19    83     2    85 0.87 -
d3df8a_a.4.5.0       -            109 d2etha1a.4.5.28.aln  -            141    0.0013   14.1   0.0   1   1   5.2e-05    0.0021   13.5   0.0    50   110    42   100    26   106 0.79 -
#
# Program:         hmmsearch
# Version:         3.1b2 (February 2015)
# Pipeline mode:   SEARCH
# Query file:      hmmModels95/d2etha1a.4.5.28.hmm
# Target file:     scop/scopTestSeq.fasta
# Option settings: hmmsearch --domtblout hmmModels95/d2etha1a.4.5.28.out -E 1 hmmModels95/d2etha1a.4.5.28.hmm scop/scopTestSeq.fasta 
# Current dir:     /users/nfs/Etu7/3801677/SBAS/TME8
# Date:            Tue Apr  4 15:54:21 2023
# [ok]
