#                                                                            --- full sequence --- -------------- this domain -------------   hmm coord   ali coord   env coord
# target name        accession   tlen query name           accession   qlen   E-value  score  bias   #  of  c-Evalue  i-Evalue  score  bias  from    to  from    to  from    to  acc description of target
#------------------- ---------- ----- -------------------- ---------- ----- --------- ------ ----- --- --- --------- --------- ------ ----- ----- ----- ----- ----- ----- ----- ---- ---------------------
d2pq8a_d.108.1.1     -            271 d2euia1d.108.1.1.aln -            178   6.4e-63  207.2   2.4   1   1   4.4e-64   8.1e-63  206.8   2.4     4   178     2   174     1   174 0.99 -
d2p0wa_d.108.1.1     -            319 d2euia1d.108.1.1.aln -            178   1.8e-60  199.2   3.8   1   2   9.9e-61   1.8e-59  195.9   2.8     1   178    32   213    32   213 0.99 -
d2p0wa_d.108.1.1     -            319 d2euia1d.108.1.1.aln -            178   1.8e-60  199.2   3.8   2   2      0.33       6.1    2.0   0.0    98   120   221   243   216   252 0.86 -
d1boba_d.108.1.1     -            315 d2euia1d.108.1.1.aln -            178   5.4e-57  187.8   1.4   1   2   7.6e-58   1.4e-56  186.5   1.2     1   178    26   205    26   205 0.99 -
d1boba_d.108.1.1     -            315 d2euia1d.108.1.1.aln -            178   5.4e-57  187.8   1.4   2   2       3.7        68   -1.4   0.0   144   162   214   232   213   241 0.84 -
d1p0ha_d.108.1.1     -            308 d2euia1d.108.1.1.aln -            178   1.8e-36  121.0   0.0   1   3   2.1e-35   3.9e-34  113.4   0.0     2   177    23   202    22   203 0.98 -
d1p0ha_d.108.1.1     -            308 d2euia1d.108.1.1.aln -            178   1.8e-36  121.0   0.0   2   3      0.44       8.1    1.6   0.0    53   111   218   251   209   253 0.79 -
d1p0ha_d.108.1.1     -            308 d2euia1d.108.1.1.aln -            178   1.8e-36  121.0   0.0   3   3      0.28       5.1    2.3   0.0   119   148   269   298   265   306 0.86 -
d1i12a_d.108.1.1     -            157 d2euia1d.108.1.1.aln -            178   2.7e-24   81.3   0.1   1   1   1.6e-25     3e-24   81.2   0.1     4   157     6   156     3   157 0.98 -
d1z4ea1d.108.1.1     -            150 d2euia1d.108.1.1.aln -            178   1.1e-23   79.4   0.0   1   1   7.3e-25   1.3e-23   79.1   0.0     2   150     1   142     1   148 0.95 -
d1u6ma_d.108.1.1     -            189 d2euia1d.108.1.1.aln -            178   2.1e-23   78.5   0.1   1   1   1.4e-24   2.5e-23   78.2   0.1    15   167    34   188    23   189 0.96 -
d2b5ga_d.108.1.1     -            168 d2euia1d.108.1.1.aln -            178   5.2e-23   77.2   0.6   1   1   3.4e-24   6.3e-23   76.9   0.6     5   170     5   167     2   168 0.98 -
d1tiqa_d.108.1.1     -            173 d2euia1d.108.1.1.aln -            178   5.4e-21   70.6   0.0   1   1   3.9e-22   7.1e-21   70.2   0.0     3   169     2   168     1   172 0.95 -
d2ae6a1d.108.1.1     -            161 d2euia1d.108.1.1.aln -            178   2.1e-20   68.7   0.0   1   1   1.3e-21   2.4e-20   68.5   0.0     2   171     4   159     3   161 0.97 -
d1qsma_d.108.1.1     -            150 d2euia1d.108.1.1.aln -            178   2.1e-19   65.4   0.1   1   1   1.4e-20   2.6e-19   65.1   0.1     3   152     3   143     1   148 0.97 -
d1mk4a_d.108.1.1     -            157 d2euia1d.108.1.1.aln -            178   2.1e-18   62.1   0.0   1   1   1.4e-19   2.5e-18   61.9   0.0     2   151     1   129     1   145 0.96 -
d1wwza1d.108.1.1     -            157 d2euia1d.108.1.1.aln -            178   2.5e-18   61.9   1.6   1   1   1.6e-19     3e-18   61.7   1.6     2   159     3   153     2   156 0.96 -
d1ufha_d.108.1.1     -            155 d2euia1d.108.1.1.aln -            178   2.6e-18   61.9   0.2   1   1   1.6e-19     3e-18   61.6   0.2     6   152     3   149     1   152 0.95 -
d1nsla_d.108.1.1     -            180 d2euia1d.108.1.1.aln -            178   7.7e-18   60.3   0.2   1   1   4.8e-19   8.8e-18   60.1   0.2     1   175     9   179     9   180 0.97 -
d2cy2a1d.108.1.1     -            174 d2euia1d.108.1.1.aln -            178   5.4e-17   57.6   0.5   1   1   3.4e-18   6.2e-17   57.4   0.5     4   163     2   161     1   170 0.96 -
d1z4ra1d.108.1.1     -            162 d2euia1d.108.1.1.aln -            178   6.3e-17   57.3   0.3   1   1   3.6e-18   6.6e-17   57.3   0.3    13   170    17   159     5   162 0.93 -
d1y9ka1d.108.1.1     -            152 d2euia1d.108.1.1.aln -            178   1.1e-16   56.6   0.0   1   1   7.1e-18   1.3e-16   56.3   0.0    13   176    10   145     3   147 0.85 -
d2gana1d.108.1.1     -            182 d2euia1d.108.1.1.aln -            178   7.3e-16   53.9   1.2   1   1   4.7e-17   8.7e-16   53.6   1.2    14   164    28   179    17   182 0.93 -
d1cjwa_d.108.1.1     -            166 d2euia1d.108.1.1.aln -            178   7.6e-16   53.8   0.0   1   1   5.5e-17     1e-15   53.4   0.0     4   168     7   165     5   166 0.97 -
d1ghea_d.108.1.1     -            170 d2euia1d.108.1.1.aln -            178     3e-15   51.9   0.0   1   1   1.8e-16   3.2e-15   51.8   0.0    48   168    45   164     4   169 0.89 -
d1vkca_d.108.1.1     -            149 d2euia1d.108.1.1.aln -            178   1.1e-14   50.0   1.2   1   1   6.6e-16   1.2e-14   49.9   1.2    11   149    10   140     1   146 0.85 -
d1y9wa1d.108.1.1     -            140 d2euia1d.108.1.1.aln -            178   1.2e-14   49.9   1.5   1   1   6.9e-16   1.3e-14   49.8   1.5    84   166    57   137     1   140 0.90 -
d1yk3a1d.108.1.1     -            198 d2euia1d.108.1.1.aln -            178   1.4e-14   49.7   0.0   1   1   9.4e-16   1.7e-14   49.4   0.0     4   173    18   190    16   195 0.97 -
d1bo4a_d.108.1.1     -            137 d2euia1d.108.1.1.aln -            178   4.4e-14   48.1   0.0   1   1   2.8e-15   5.1e-14   47.9   0.0    11   146    11   137     3   137 0.95 -
d1m4ia_d.108.1.1     -            181 d2euia1d.108.1.1.aln -            178   2.3e-13   45.8   0.0   1   1   1.5e-14   2.8e-13   45.5   0.0     1   146     1   136     1   154 0.89 -
d1n71a_d.108.1.1     -            180 d2euia1d.108.1.1.aln -            178   2.6e-13   45.6   0.0   1   1   1.9e-14   3.4e-13   45.2   0.0     5   175     6   180     3   180 0.97 -
d2fl4a1d.108.1.1     -            146 d2euia1d.108.1.1.aln -            178   8.7e-13   43.9   0.2   1   1   5.6e-14     1e-12   43.6   0.2     2   157     2   137     1   145 0.93 -
d1yx0a1d.108.1.1     -            151 d2euia1d.108.1.1.aln -            178   1.1e-12   43.5   0.0   1   1   6.2e-14   1.1e-12   43.5   0.0    24   167    22   149     1   151 0.87 -
d2fcka1d.108.1.1     -            178 d2euia1d.108.1.1.aln -            178   1.2e-12   43.4   0.1   1   1   7.8e-14   1.4e-12   43.2   0.1    18   161    20   166     5   175 0.93 -
d2fiaa1d.108.1.1     -            157 d2euia1d.108.1.1.aln -            178   2.9e-12   42.2   0.6   1   1   1.8e-13   3.3e-12   42.0   0.6     4   169     2   154     1   157 0.80 -
d2g3aa1d.108.1.1     -            137 d2euia1d.108.1.1.aln -            178   3.9e-12   41.7   0.0   1   1   2.8e-13   5.1e-12   41.4   0.0     9   151     7   119     1   122 0.88 -
d2atra1d.108.1.1     -            137 d2euia1d.108.1.1.aln -            178   6.2e-11   37.8   0.0   1   1   3.8e-12     7e-11   37.6   0.0     3   162     2   135     1   137 0.94 -
d2jdca1d.108.1.1     -            145 d2euia1d.108.1.1.aln -            178   7.5e-11   37.5   0.1   1   1   4.2e-12   7.8e-11   37.5   0.1    90   159    68   134     3   143 0.88 -
d1y7ra1d.108.1.1     -            133 d2euia1d.108.1.1.aln -            178   8.3e-11   37.4   0.0   1   1   5.2e-12   9.5e-11   37.2   0.0    12   158     7   130     4   133 0.81 -
d1xeba_d.108.1.1     -            149 d2euia1d.108.1.1.aln -            178   1.4e-10   36.7   0.4   1   1   1.1e-11     2e-10   36.2   0.4    16   154    14   136     5   145 0.91 -
d2fiwa1d.108.1.1     -            156 d2euia1d.108.1.1.aln -            178   2.2e-10   36.0   0.0   1   1   1.6e-11   2.9e-10   35.7   0.0     3   152     4   137     2   149 0.93 -
d1r57a_d.108.1.1     -            102 d2euia1d.108.1.1.aln -            178   6.1e-10   34.6   0.1   1   1   3.9e-11   7.2e-10   34.3   0.1    66   136    13    83     8   100 0.90 -
d2euia1d.108.1.1     -            153 d2euia1d.108.1.1.aln -            178   2.2e-09   32.8   0.0   1   2       7.8   1.4e+02   -2.4   0.0   161   175    18    32     4    45 0.73 -
d2euia1d.108.1.1     -            153 d2euia1d.108.1.1.aln -            178   2.2e-09   32.8   0.0   2   2   2.5e-10   4.5e-09   31.8   0.0    94   157    82   145    51   147 0.94 -
d2aj6a1d.108.1.1     -            118 d2euia1d.108.1.1.aln -            178   2.7e-08   29.2   0.0   1   1   1.7e-09   3.1e-08   29.0   0.0     4   127     3   115     1   117 0.92 -
d1q2ya_d.108.1.1     -            140 d2euia1d.108.1.1.aln -            178   1.7e-07   26.6   0.1   1   1   1.1e-08   2.1e-07   26.3   0.1    54   158    53   130    10   139 0.87 -
d2fsra1d.108.1.1     -            164 d2euia1d.108.1.1.aln -            178   0.00032   16.0   0.0   1   1   1.7e-05   0.00032   16.0   0.0     9   154     8   151     1   164 0.78 -
d1xmta_d.108.1.1     -             95 d2euia1d.108.1.1.aln -            178   0.00048   15.4   0.0   1   1   2.8e-05   0.00052   15.3   0.0    78   132    20    74     2    82 0.78 -
#
# Program:         hmmsearch
# Version:         3.1b2 (February 2015)
# Pipeline mode:   SEARCH
# Query file:      hmmModels95/d2euia1d.108.1.1.hmm
# Target file:     scop/scopTestSeq.fasta
# Option settings: hmmsearch --domtblout hmmModels95/d2euia1d.108.1.1.out -E 1 hmmModels95/d2euia1d.108.1.1.hmm scop/scopTestSeq.fasta 
# Current dir:     /users/nfs/Etu7/3801677/SBAS/TME8
# Date:            Tue Apr  4 15:54:21 2023
# [ok]
