#                                                                            --- full sequence --- -------------- this domain -------------   hmm coord   ali coord   env coord
# target name        accession   tlen query name           accession   qlen   E-value  score  bias   #  of  c-Evalue  i-Evalue  score  bias  from    to  from    to  from    to  acc description of target
#------------------- ---------- ----- -------------------- ---------- ----- --------- ------ ----- --- --- --------- --------- ------ ----- ----- ----- ----- ----- ----- ----- ---- ---------------------
d2ov9a1d.38.1.5      -            203 d2f41a1d.38.1.5.aln  -            138   4.2e-67  219.8   0.1   1   1   1.2e-68   5.4e-67  219.4   0.1     1   136    71   203    71   203 0.99 -
d3f5oa_d.38.1.5      -            138 d2f41a1d.38.1.5.aln  -            138   3.5e-41  135.8   1.0   1   1   8.2e-43   3.8e-41  135.7   1.0     3   137     4   137     2   138 0.97 -
d1vh5a_d.38.1.5      -            138 d2f41a1d.38.1.5.aln  -            138   2.9e-40  132.8   0.0   1   1   6.7e-42   3.1e-40  132.7   0.0     2   136     3   136     2   138 0.98 -
d1q4ta_d.38.1.5      -            142 d2f41a1d.38.1.5.aln  -            138   1.1e-37  124.5   0.9   1   1   2.7e-39   1.3e-37  124.3   0.9     8   136     9   137     3   139 0.94 -
d1sh8a_d.38.1.5      -            153 d2f41a1d.38.1.5.aln  -            138     3e-36  119.8   0.0   1   1   7.2e-38   3.3e-36  119.7   0.0     2   136     1   145     1   147 0.98 -
d2hboa1d.38.1.5      -            142 d2f41a1d.38.1.5.aln  -            138   5.8e-35  115.6   0.0   1   1   1.4e-36   6.3e-35  115.5   0.0     7   135     3   136     1   139 0.97 -
d1yoca1d.38.1.5      -            145 d2f41a1d.38.1.5.aln  -            138   1.4e-33  111.2   0.1   1   1   3.4e-35   1.6e-33  111.0   0.1     1   136     7   144     7   145 0.98 -
d1t82a_d.38.1.5      -            143 d2f41a1d.38.1.5.aln  -            138   5.2e-33  109.3   0.0   1   1   1.2e-34   5.6e-33  109.2   0.0     3   137     1   142     1   143 0.98 -
d1wlua_d.38.1.5      -            117 d2f41a1d.38.1.5.aln  -            138   5.7e-30   99.5   0.4   1   1   1.3e-31   6.2e-30   99.4   0.4    17   136     2   116     1   117 0.95 -
d1ixla_d.38.1.5      -            130 d2f41a1d.38.1.5.aln  -            138   2.2e-29   97.6   0.1   1   1   5.2e-31   2.4e-29   97.5   0.1    10   136     2   124     1   126 0.97 -
d2gvha1d.38.1.1      -            135 d2f41a1d.38.1.5.aln  -            138   1.8e-11   39.6   0.1   1   1   5.3e-13   2.4e-11   39.1   0.1    47   122    20    94    16   103 0.93 -
d1s5ua_d.38.1.1      -            129 d2f41a1d.38.1.5.aln  -            138   3.4e-07   25.7   0.1   1   1   7.9e-09   3.7e-07   25.6   0.1    76   135    50   109    14   112 0.92 -
d2f41a1d.38.1.5      -            111 d2f41a1d.38.1.5.aln  -            138   2.2e-06   23.1   0.1   1   1   5.2e-08   2.4e-06   22.9   0.1    76   119    51    94    21   107 0.83 -
d1vpma_d.38.1.1      -            155 d2f41a1d.38.1.5.aln  -            138   2.2e-06   23.1   0.2   1   1   6.4e-08     3e-06   22.7   0.2    45   114    20    88    13   116 0.87 -
d1njka_d.38.1.1      -            133 d2f41a1d.38.1.5.aln  -            138   1.6e-05   20.3   0.0   1   1   5.1e-07   2.3e-05   19.8   0.0    76   133    48   106    41   110 0.81 -
d2gf6a1d.38.1.1      -            134 d2f41a1d.38.1.5.aln  -            138     0.002   13.5   0.0   1   1   7.9e-05    0.0037   12.6   0.0    81   111    58    88    51   105 0.78 -
d3bjka_d.38.1.1      -            140 d2f41a1d.38.1.5.aln  -            138    0.0042   12.5   0.1   1   1   0.00013    0.0059   12.0   0.1    47   119    16    87     9    93 0.74 -
#
# Program:         hmmsearch
# Version:         3.1b2 (February 2015)
# Pipeline mode:   SEARCH
# Query file:      hmmModels95/d2f41a1d.38.1.5.hmm
# Target file:     scop/scopTestSeq.fasta
# Option settings: hmmsearch --domtblout hmmModels95/d2f41a1d.38.1.5.out -E 1 hmmModels95/d2f41a1d.38.1.5.hmm scop/scopTestSeq.fasta 
# Current dir:     /users/nfs/Etu7/3801677/SBAS/TME8
# Date:            Tue Apr  4 15:54:21 2023
# [ok]
