#                                                                            --- full sequence --- -------------- this domain -------------   hmm coord   ali coord   env coord
# target name        accession   tlen query name           accession   qlen   E-value  score  bias   #  of  c-Evalue  i-Evalue  score  bias  from    to  from    to  from    to  acc description of target
#------------------- ---------- ----- -------------------- ---------- ----- --------- ------ ----- --- --- --------- --------- ------ ----- ----- ----- ----- ----- ----- ----- ---- ---------------------
d2dw4a2c.3.1.2       -            450 d2f5va1c.3.1.2.aln   -            355  8.1e-128  421.9   0.1   1   3   3.7e-10   1.3e-08   29.8   0.2     7    43     8    44     3    44 0.96 -
d2dw4a2c.3.1.2       -            450 d2f5va1c.3.1.2.aln   -            355  8.1e-128  421.9   0.1   2   3  4.6e-122  1.6e-120  397.9   0.0     8   355    38   411    37   411 1.00 -
d2dw4a2c.3.1.2       -            450 d2f5va1c.3.1.2.aln   -            355  8.1e-128  421.9   0.1   3   3       1.5        51   -1.8   0.0   298   329   413   444   412   446 0.90 -
d2iida1c.3.1.2       -            371 d2f5va1c.3.1.2.aln   -            355   5.7e-97  320.4   0.0   1   1   1.9e-98   6.5e-97  320.3   0.0     2   335    28   371    27   371 0.99 -
d1n4wa1c.3.1.2       -            368 d2f5va1c.3.1.2.aln   -            355     2e-87  289.0   0.3   1   1   6.5e-89   2.2e-87  288.9   0.3     2   353    16   367    15   368 0.99 -
d2gmha1c.3.1.2       -            381 d2f5va1c.3.1.2.aln   -            355     1e-83  276.8   0.0   1   1   3.4e-85   1.2e-83  276.6   0.0     3   355    31   380    29   380 0.99 -
d1kdga1c.3.1.2       -            361 d2f5va1c.3.1.2.aln   -            355   5.1e-82  271.3   0.0   1   1   1.6e-83   5.6e-82  271.1   0.0     3   354     1   360     1   361 0.99 -
d1b5qa1c.3.1.2       -            348 d2f5va1c.3.1.2.aln   -            355   1.1e-76  253.7   0.1   1   1   3.7e-78   1.3e-76  253.5   0.1     5   338     1   348     1   348 0.99 -
d1seza1c.3.1.2       -            374 d2f5va1c.3.1.2.aln   -            355   1.2e-76  253.6   0.0   1   1     4e-78   1.4e-76  253.4   0.0     5   354     2   366     1   367 0.99 -
d1ju2a1c.3.1.2       -            352 d2f5va1c.3.1.2.aln   -            355   1.3e-69  230.5   0.2   1   1   4.1e-71   1.4e-69  230.3   0.2     2   353    25   349    24   351 0.99 -
d1pn0a1c.3.1.2       -            361 d2f5va1c.3.1.2.aln   -            355   4.4e-67  222.1   0.0   1   1   1.4e-68     5e-67  222.0   0.0     2   353     5   361     4   361 0.99 -
d2ivda1c.3.1.2       -            348 d2f5va1c.3.1.2.aln   -            355   6.4e-61  201.8   0.4   1   1   2.1e-62   7.1e-61  201.7   0.4     6   353     2   345     1   347 0.99 -
d1k0ia1c.3.1.2       -            293 d2f5va1c.3.1.2.aln   -            355   1.8e-48  160.9   0.0   1   1     6e-50   2.1e-48  160.7   0.0     4   344     2   292     1   293 0.98 -
d1pj5a2c.3.1.2       -            306 d2f5va1c.3.1.2.aln   -            355   2.2e-47  157.3   0.1   1   1   7.2e-49   2.5e-47  157.2   0.1     5   352     2   305     1   306 0.99 -
d2voua1c.3.1.2       -            266 d2f5va1c.3.1.2.aln   -            355   7.8e-43  142.4   0.8   1   1   7.2e-44   2.5e-42  140.7   0.8     2   343     2   265     1   266 0.98 -
d2gf3a1c.3.1.2       -            282 d2f5va1c.3.1.2.aln   -            355   1.8e-42  141.2   0.0   1   1   5.8e-44     2e-42  141.0   0.0     2   343     1   282     1   282 0.99 -
d1ryia1c.3.1.2       -            277 d2f5va1c.3.1.2.aln   -            355   2.8e-42  140.6   0.1   1   1   4.3e-43   1.5e-41  138.2   0.1     2   353     2   276     1   277 0.99 -
d3c96a1c.3.1.2       -            289 d2f5va1c.3.1.2.aln   -            355   1.8e-41  137.9   0.7   1   1   5.9e-43     2e-41  137.7   0.7     5   339     2   287     1   289 0.99 -
d1w4xa1c.3.1.5       -            299 d2f5va1c.3.1.2.aln   -            355   6.4e-06   20.9   0.1   1   1   3.2e-07   1.1e-05   20.1   0.1     6    45     9    48     5    54 0.92 -
d1v59a2c.3.1.5       -            122 d2f5va1c.3.1.2.aln   -            355   2.9e-05   18.8   0.3   1   1   1.5e-06   5.1e-05   18.0   0.2     4    34    23    53    22    62 0.93 -
d2gv8a1c.3.1.5       -            336 d2f5va1c.3.1.2.aln   -            355   0.00015   16.4   0.0   1   2   1.3e-05   0.00044   14.9   0.0     7    42     7    44     5    71 0.82 -
d2gv8a1c.3.1.5       -            336 d2f5va1c.3.1.2.aln   -            355   0.00015   16.4   0.0   2   2       1.4        49   -1.7   0.0    61    97   259   290   251   295 0.79 -
d1v59a1c.3.1.5       -            234 d2f5va1c.3.1.2.aln   -            355   0.00016   16.3   0.4   1   1   7.8e-06   0.00027   15.6   0.4     6    41     7    42     5    47 0.95 -
d1nhpa2c.3.1.5       -            123 d2f5va1c.3.1.2.aln   -            355   0.00026   15.7   0.2   1   1   8.3e-06   0.00029   15.5   0.2     6    39    32    65    29   114 0.76 -
d2f5va1c.3.1.2       -            380 d2f5va1c.3.1.2.aln   -            355   0.00043   14.9   0.1   1   1   2.1e-05   0.00073   14.2   0.1     4    39     4    39     3    75 0.91 -
d1xhca2c.3.1.5       -            122 d2f5va1c.3.1.2.aln   -            355    0.0011   13.6   0.3   1   1   4.5e-05    0.0015   13.1   0.3     8    36    36    64    34    67 0.92 -
#
# Program:         hmmsearch
# Version:         3.1b2 (February 2015)
# Pipeline mode:   SEARCH
# Query file:      hmmModels95/d2f5va1c.3.1.2.hmm
# Target file:     scop/scopTestSeq.fasta
# Option settings: hmmsearch --domtblout hmmModels95/d2f5va1c.3.1.2.out -E 1 hmmModels95/d2f5va1c.3.1.2.hmm scop/scopTestSeq.fasta 
# Current dir:     /users/nfs/Etu7/3801677/SBAS/TME8
# Date:            Tue Apr  4 15:54:21 2023
# [ok]
