#                                                                            --- full sequence --- -------------- this domain -------------   hmm coord   ali coord   env coord
# target name        accession   tlen query name           accession   qlen   E-value  score  bias   #  of  c-Evalue  i-Evalue  score  bias  from    to  from    to  from    to  acc description of target
#------------------- ---------- ----- -------------------- ---------- ----- --------- ------ ----- --- --- --------- --------- ------ ----- ----- ----- ----- ----- ----- ----- ---- ---------------------
d3hl8a_c.55.3.5      -            470 d2f96a1c.55.3.5.aln  -            354  1.3e-161  533.2   0.4   1   1  2.7e-163  1.5e-161  533.0   0.4     1   354    19   427    19   427 1.00 -
d1s5ja1c.55.3.5      -            410 d2f96a1c.55.3.5.aln  -            354  3.7e-122  403.5   5.2   1   1  7.4e-124  4.2e-122  403.3   5.2     1   354     8   410     8   410 1.00 -
d1q8ia1c.55.3.5      -            388 d2f96a1c.55.3.5.aln  -            354  3.1e-114  377.4   0.0   1   1  6.1e-116  3.4e-114  377.3   0.0     1   354     1   365     1   365 1.00 -
d2hbja2c.55.3.5      -            292 d2f96a1c.55.3.5.aln  -            354     7e-60  198.6   1.4   1   1   1.4e-61   7.8e-60  198.5   1.4    48   351     1   290     1   292 0.99 -
d3mxma_c.55.3.5      -            229 d2f96a1c.55.3.5.aln  -            354   1.2e-34  115.7   0.0   1   1   2.3e-36   1.3e-34  115.5   0.0   116   348     3   228     1   229 0.98 -
d1x9ma1c.55.3.5      -            204 d2f96a1c.55.3.5.aln  -            354     4e-22   74.4   0.1   1   1   7.8e-24   4.4e-22   74.3   0.1   128   348     3   204     1   204 0.98 -
d1w0ha_c.55.3.5      -            200 d2f96a1c.55.3.5.aln  -            354   9.2e-22   73.2   0.0   1   1   1.8e-23     1e-21   73.1   0.0   128   338     4   199     1   200 0.98 -
d1yt3a3c.55.3.5      -            193 d2f96a1c.55.3.5.aln  -            354   1.3e-21   72.8   0.0   1   1   2.5e-23   1.4e-21   72.6   0.0   130   335     1   192     1   193 0.99 -
d1vk0a_c.55.3.5      -            206 d2f96a1c.55.3.5.aln  -            354   3.1e-21   71.5   0.0   1   1   6.1e-23   3.4e-21   71.4   0.0   129   335     2   205     1   206 0.98 -
d1kfsa1c.55.3.5      -            195 d2f96a1c.55.3.5.aln  -            354   4.5e-21   71.0   0.4   1   1   8.8e-23   4.9e-21   70.8   0.4   135   334     2   194     1   195 0.98 -
d2py5a1c.55.3.5      -            183 d2f96a1c.55.3.5.aln  -            354     3e-20   68.3   0.1   1   1   5.7e-22   3.2e-20   68.2   0.1   137   337     4   182     1   183 0.97 -
d2igia_c.55.3.5      -            180 d2f96a1c.55.3.5.aln  -            354   7.7e-20   66.9   0.1   1   1   1.5e-21   8.3e-20   66.8   0.1   120   330     5   177     1   180 0.91 -
d2guia_c.55.3.5      -            176 d2f96a1c.55.3.5.aln  -            354   5.1e-14   47.8   0.0   1   1   9.7e-16   5.5e-14   47.7   0.0   137   329     2   174     1   176 0.96 -
d1wlja_c.55.3.5      -            173 d2f96a1c.55.3.5.aln  -            354     1e-12   43.4   0.0   1   1   2.2e-14   1.2e-12   43.2   0.0   128   303     4   155     1   166 0.94 -
#
# Program:         hmmsearch
# Version:         3.1b2 (February 2015)
# Pipeline mode:   SEARCH
# Query file:      hmmModels95/d2f96a1c.55.3.5.hmm
# Target file:     scop/scopTestSeq.fasta
# Option settings: hmmsearch --domtblout hmmModels95/d2f96a1c.55.3.5.out -E 1 hmmModels95/d2f96a1c.55.3.5.hmm scop/scopTestSeq.fasta 
# Current dir:     /users/nfs/Etu7/3801677/SBAS/TME8
# Date:            Tue Apr  4 15:54:21 2023
# [ok]
