#                                                                            --- full sequence --- -------------- this domain -------------   hmm coord   ali coord   env coord
# target name        accession   tlen query name           accession   qlen   E-value  score  bias   #  of  c-Evalue  i-Evalue  score  bias  from    to  from    to  from    to  acc description of target
#------------------- ---------- ----- -------------------- ---------- ----- --------- ------ ----- --- --- --------- --------- ------ ----- ----- ----- ----- ----- ----- ----- ---- ---------------------
d1z0xa2a.121.1.1     -            149 d2fbqa2a.121.1.1.aln -            123   9.8e-36  118.1   0.0   1   1   4.3e-37   1.2e-35  117.8   0.0     2   123     2   123     1   123 0.99 -
d2g7la2a.121.1.1     -            144 d2fbqa2a.121.1.1.aln -            123   5.2e-30   99.7   7.9   1   1   2.2e-31   6.1e-30   99.5   7.9     1   122     1   119     1   120 0.99 -
d3c07a2a.121.1.1     -            146 d2fbqa2a.121.1.1.aln -            123   5.9e-27   89.9   1.1   1   1   3.1e-28   8.4e-27   89.4   1.1     2   122     1   121     1   122 0.98 -
d2g7ga2a.121.1.1     -            132 d2fbqa2a.121.1.1.aln -            123   3.8e-20   68.0   6.0   1   1   1.7e-21   4.7e-20   67.7   6.0     2   115     2   110     1   116 0.97 -
d1ui5a2a.121.1.1     -            133 d2fbqa2a.121.1.1.aln -            123   1.9e-18   62.5   0.5   1   1   8.8e-20   2.4e-18   62.2   0.5     6   121     8   123     5   125 0.97 -
d1t33a2a.121.1.1     -            132 d2fbqa2a.121.1.1.aln -            123   6.6e-17   57.6   0.1   1   1   2.7e-18   7.3e-17   57.5   0.1     2   123     2   123     1   123 0.99 -
d2d6ya2a.121.1.1     -            118 d2fbqa2a.121.1.1.aln -            123   8.9e-17   57.2   1.0   1   1   3.5e-18   9.6e-17   57.1   1.0     5   119     2   116     1   118 0.97 -
d2hyja2a.121.1.1     -            118 d2fbqa2a.121.1.1.aln -            123   1.6e-16   56.4   4.3   1   1   6.1e-18   1.7e-16   56.3   4.3     4   116     4   116     1   118 0.97 -
d2g3ba2a.121.1.1     -            116 d2fbqa2a.121.1.1.aln -            123   4.7e-16   54.9   1.7   1   1   1.9e-17   5.1e-16   54.8   1.7     2   112     5   115     4   116 0.97 -
d2oi8a2a.121.1.1     -            130 d2fbqa2a.121.1.1.aln -            123   1.3e-15   53.4   2.0   1   1   5.3e-17   1.5e-15   53.3   2.0     3   120     2   119     1   122 0.96 -
d2g7sa2a.121.1.1     -            116 d2fbqa2a.121.1.1.aln -            123   6.6e-15   51.2   1.1   1   1   2.6e-16   7.1e-15   51.1   1.1     1   113     1   113     1   116 0.97 -
d1rkta2a.121.1.1     -            123 d2fbqa2a.121.1.1.aln -            123   9.6e-15   50.7   0.1   1   1   3.8e-16     1e-14   50.6   0.1     4   119     6   121     3   123 0.96 -
d2i10a2a.121.1.1     -            116 d2fbqa2a.121.1.1.aln -            123     2e-14   49.7   2.1   1   1   7.8e-16   2.1e-14   49.5   2.1     2   115     2   115     1   116 0.97 -
d2id6a2a.121.1.1     -            125 d2fbqa2a.121.1.1.aln -            123   2.4e-14   49.4   0.0   1   1   9.7e-16   2.6e-14   49.3   0.0     2   121     2   121     1   123 0.97 -
d2fx0a2a.121.1.1     -            122 d2fbqa2a.121.1.1.aln -            123   3.4e-14   48.9   0.0   1   1   1.4e-15   3.7e-14   48.8   0.0     2   121     2   121     1   122 0.98 -
d2gena2a.121.1.1     -            118 d2fbqa2a.121.1.1.aln -            123   3.5e-14   48.9   5.4   1   1   1.4e-15   3.8e-14   48.7   5.4     2   117     2   117     1   118 0.98 -
d1t56a2a.121.1.1     -            120 d2fbqa2a.121.1.1.aln -            123   6.9e-13   44.7   1.8   1   1   2.8e-14   7.5e-13   44.6   1.8     2   117     4   119     3   120 0.98 -
d2id3a2a.121.1.1     -            123 d2fbqa2a.121.1.1.aln -            123   9.1e-13   44.3   6.4   1   1   3.6e-14   9.8e-13   44.2   6.4     9   122     9   122     1   123 0.96 -
d2np3a2a.121.1.1     -            112 d2fbqa2a.121.1.1.aln -            123   3.1e-12   42.6   4.5   1   1   1.3e-13   3.6e-12   42.4   4.5     4   108     5   109     3   112 0.96 -
d2iu5a2a.121.1.1     -            109 d2fbqa2a.121.1.1.aln -            123   3.6e-12   42.4   0.0   1   1   1.4e-13   3.9e-12   42.3   0.0     9   113     2   106     1   109 0.97 -
d2hkua2a.121.1.1     -            121 d2fbqa2a.121.1.1.aln -            123   3.6e-12   42.4   0.0   1   1   1.4e-13   3.8e-12   42.3   0.0     6   121     5   118     1   120 0.94 -
d1vi0a2a.121.1.1     -            117 d2fbqa2a.121.1.1.aln -            123   5.6e-12   41.8   0.0   1   1   2.2e-13     6e-12   41.7   0.0     4   116     3   115     1   117 0.98 -
d2fd5a2a.121.1.1     -            104 d2fbqa2a.121.1.1.aln -            123   8.1e-11   38.1   1.9   1   1   3.2e-12   8.6e-11   38.0   1.9    13   112     4   103     1   104 0.97 -
d1sgma2a.121.1.1     -            111 d2fbqa2a.121.1.1.aln -            123   1.3e-10   37.3   0.0   1   1   5.2e-12   1.4e-10   37.3   0.0     2   106     2   106     1   111 0.96 -
d2np5a2a.121.1.1     -            118 d2fbqa2a.121.1.1.aln -            123     3e-10   36.2   3.6   1   1   1.2e-11   3.2e-10   36.1   3.6     2   121     3   115     2   117 0.97 -
d1zk8a2a.121.1.1     -            105 d2fbqa2a.121.1.1.aln -            123     1e-09   34.5   0.0   1   1   4.3e-11   1.2e-09   34.3   0.0     3   101     3    97     1   104 0.96 -
d2gfna2a.121.1.1     -            119 d2fbqa2a.121.1.1.aln -            123   2.1e-09   33.5   5.8   1   1   8.6e-11   2.3e-09   33.4   5.8     2   121     2   116     1   118 0.96 -
d2o7ta2a.121.1.1     -            110 d2fbqa2a.121.1.1.aln -            123   4.3e-09   32.5   0.0   1   1   1.8e-10   4.9e-09   32.3   0.0     9   106     4   101     2   110 0.94 -
d2fq4a2a.121.1.1     -            115 d2fbqa2a.121.1.1.aln -            123   5.6e-09   32.1   0.0   1   1   2.2e-10   6.1e-09   32.0   0.0     5   117     2   114     1   115 0.97 -
#
# Program:         hmmsearch
# Version:         3.1b2 (February 2015)
# Pipeline mode:   SEARCH
# Query file:      hmmModels95/d2fbqa2a.121.1.1.hmm
# Target file:     scop/scopTestSeq.fasta
# Option settings: hmmsearch --domtblout hmmModels95/d2fbqa2a.121.1.1.out -E 1 hmmModels95/d2fbqa2a.121.1.1.hmm scop/scopTestSeq.fasta 
# Current dir:     /users/nfs/Etu7/3801677/SBAS/TME8
# Date:            Tue Apr  4 15:54:22 2023
# [ok]
