#                                                                            --- full sequence --- -------------- this domain -------------   hmm coord   ali coord   env coord
# target name        accession   tlen query name           accession   qlen   E-value  score  bias   #  of  c-Evalue  i-Evalue  score  bias  from    to  from    to  from    to  acc description of target
#------------------- ---------- ----- -------------------- ---------- ----- --------- ------ ----- --- --- --------- --------- ------ ----- ----- ----- ----- ----- ----- ----- ---- ---------------------
d2pq8a_d.108.1.1     -            271 d2fcka1d.108.1.1.aln -            172   6.6e-61  200.5   1.8   1   1   4.8e-62     9e-61  200.0   1.8     4   172     2   176     1   176 0.99 -
d2p0wa_d.108.1.1     -            319 d2fcka1d.108.1.1.aln -            172   1.5e-51  170.0   2.1   1   2     8e-53   1.5e-51  170.0   2.1     1   172    18   208    18   208 0.99 -
d2p0wa_d.108.1.1     -            319 d2fcka1d.108.1.1.aln -            172   1.5e-51  170.0   2.1   2   2         4        75   -1.6   0.0    95   111   220   236   219   241 0.84 -
d1boba_d.108.1.1     -            315 d2fcka1d.108.1.1.aln -            172   1.5e-46  153.7   0.4   1   1   1.4e-47   2.5e-46  153.0   0.3     1   172    10   200    10   200 0.99 -
d1p0ha_d.108.1.1     -            308 d2fcka1d.108.1.1.aln -            172   1.6e-39  130.9   0.0   1   3   1.1e-38     2e-37  124.0   0.0     2   171    19   205    18   206 0.99 -
d1p0ha_d.108.1.1     -            308 d2fcka1d.108.1.1.aln -            172   1.6e-39  130.9   0.0   2   3      0.68        13    1.0   0.0    76   108   218   250   209   252 0.82 -
d1p0ha_d.108.1.1     -            308 d2fcka1d.108.1.1.aln -            172   1.6e-39  130.9   0.0   3   3      0.31       5.8    2.1   0.0   125   148   277   299   274   302 0.85 -
d1yk3a1d.108.1.1     -            198 d2fcka1d.108.1.1.aln -            172   1.2e-29   98.7   0.0   1   1     7e-31   1.3e-29   98.6   0.0     2   166    16   196    15   198 0.97 -
d1u6ma_d.108.1.1     -            189 d2fcka1d.108.1.1.aln -            172   2.3e-25   84.7   0.1   1   1   1.6e-26   2.9e-25   84.4   0.1    37   166    51   188    14   189 0.85 -
d2gana1d.108.1.1     -            182 d2fcka1d.108.1.1.aln -            172   1.7e-23   78.7   0.8   1   1   1.1e-24     2e-23   78.4   0.8     3   160     8   176     6   181 0.97 -
d2b5ga_d.108.1.1     -            168 d2fcka1d.108.1.1.aln -            172   5.2e-23   77.1   0.5   1   1     3e-24   5.6e-23   77.0   0.5     4   169     4   167     1   168 0.98 -
d1z4ra1d.108.1.1     -            162 d2fcka1d.108.1.1.aln -            172   7.8e-22   73.3   0.2   1   1   4.4e-23   8.4e-22   73.2   0.2     4   162     8   159     5   162 0.95 -
d1cjwa_d.108.1.1     -            166 d2fcka1d.108.1.1.aln -            172   8.7e-21   69.9   0.0   1   1   5.4e-22     1e-20   69.7   0.0     6   166     9   164     6   166 0.98 -
d2ae6a1d.108.1.1     -            161 d2fcka1d.108.1.1.aln -            172   2.6e-20   68.3   0.0   1   1   1.5e-21   2.8e-20   68.2   0.0    35   170    25   159     5   161 0.89 -
d1mk4a_d.108.1.1     -            157 d2fcka1d.108.1.1.aln -            172   4.8e-20   67.4   0.0   1   1   2.9e-21   5.4e-20   67.3   0.0     2   158     1   137     1   149 0.94 -
d1z4ea1d.108.1.1     -            150 d2fcka1d.108.1.1.aln -            172     5e-20   67.4   0.1   1   1     5e-21   9.3e-20   66.5   0.1     2   149     1   142     1   146 0.89 -
d2cy2a1d.108.1.1     -            174 d2fcka1d.108.1.1.aln -            172   2.5e-18   61.9   0.6   1   1   1.5e-19   2.8e-18   61.7   0.6     3   167     1   166     1   170 0.96 -
d1tiqa_d.108.1.1     -            173 d2fcka1d.108.1.1.aln -            172   5.7e-18   60.7   0.0   1   1   3.6e-19   6.7e-18   60.5   0.0     4   157     3   157     1   163 0.96 -
d1ufha_d.108.1.1     -            155 d2fcka1d.108.1.1.aln -            172   1.5e-17   59.3   0.2   1   1   9.2e-19   1.7e-17   59.1   0.2     5   150     4   148     1   152 0.89 -
d1i12a_d.108.1.1     -            157 d2fcka1d.108.1.1.aln -            172   1.5e-17   59.3   0.0   1   1   9.9e-19   1.9e-17   59.0   0.0     4   155     6   155     4   157 0.96 -
d1y9wa1d.108.1.1     -            140 d2fcka1d.108.1.1.aln -            172   5.7e-17   57.4   0.5   1   1   3.1e-18   5.7e-17   57.4   0.5    62   163    49   135     7   140 0.86 -
d1vkca_d.108.1.1     -            149 d2fcka1d.108.1.1.aln -            172   3.9e-16   54.7   1.8   1   1   2.6e-17   4.9e-16   54.4   1.8    12   151     6   143     2   148 0.93 -
d1yx0a1d.108.1.1     -            151 d2fcka1d.108.1.1.aln -            172   7.5e-16   53.8   0.0   1   1   4.4e-17   8.4e-16   53.6   0.0    41   167    23   150     4   151 0.92 -
d2fl4a1d.108.1.1     -            146 d2fcka1d.108.1.1.aln -            172   1.9e-15   52.5   0.2   1   1   1.2e-16   2.2e-15   52.3   0.2    27   157    22   138     5   145 0.88 -
d1nsla_d.108.1.1     -            180 d2fcka1d.108.1.1.aln -            172   2.2e-15   52.3   0.1   1   1   1.4e-16   2.6e-15   52.0   0.1     9   168    13   173     6   176 0.94 -
d1ghea_d.108.1.1     -            170 d2fcka1d.108.1.1.aln -            172   1.5e-14   49.5   0.0   1   1   8.5e-16   1.6e-14   49.5   0.0     4   156     2   153     1   169 0.95 -
d1wwza1d.108.1.1     -            157 d2fcka1d.108.1.1.aln -            172   7.3e-14   47.3   2.4   1   1   4.6e-15   8.6e-14   47.1   2.4     9   158     5   153     1   156 0.85 -
d2euia1d.108.1.1     -            153 d2fcka1d.108.1.1.aln -            172   8.2e-14   47.2   0.1   1   1   5.5e-15     1e-13   46.8   0.1     8   157     3   146     1   151 0.76 -
d1qsma_d.108.1.1     -            150 d2fcka1d.108.1.1.aln -            172   2.4e-13   45.6   0.1   1   1   1.6e-14     3e-13   45.3   0.1     2   152     2   144     1   149 0.94 -
d2fiaa1d.108.1.1     -            157 d2fcka1d.108.1.1.aln -            172   3.6e-13   45.1   0.4   1   1   2.3e-14   4.3e-13   44.8   0.4     4   162     2   148     1   155 0.93 -
d2jdca1d.108.1.1     -            145 d2fcka1d.108.1.1.aln -            172   2.3e-12   42.5   0.1   1   1   1.4e-13   2.6e-12   42.3   0.1    47   165    27   141     2   144 0.89 -
d1q2ya_d.108.1.1     -            140 d2fcka1d.108.1.1.aln -            172   1.4e-11   39.8   0.1   1   1   9.1e-13   1.7e-11   39.6   0.1     7   154     2   127     1   139 0.94 -
d2atra1d.108.1.1     -            137 d2fcka1d.108.1.1.aln -            172   9.3e-11   37.2   0.1   1   1   1.5e-11   2.8e-10   35.6   0.1     4   158     3   132     1   137 0.86 -
d1y7ra1d.108.1.1     -            133 d2fcka1d.108.1.1.aln -            172   1.6e-10   36.5   0.0   1   1   9.4e-12   1.8e-10   36.3   0.0    53   153    42   126    10   132 0.86 -
d1r57a_d.108.1.1     -            102 d2fcka1d.108.1.1.aln -            172   2.2e-10   36.0   0.1   1   1   1.2e-11   2.2e-10   36.0   0.1    70   152    19    99     4   102 0.83 -
d1bo4a_d.108.1.1     -            137 d2fcka1d.108.1.1.aln -            172   2.4e-10   35.9   0.0   1   1   1.3e-11   2.4e-10   35.9   0.0    70   145    63   137     3   137 0.86 -
d2g3aa1d.108.1.1     -            137 d2fcka1d.108.1.1.aln -            172   8.2e-10   34.1   0.0   1   1   4.6e-11   8.7e-10   34.1   0.0    80   151    52   120    12   129 0.91 -
d1m4ia_d.108.1.1     -            181 d2fcka1d.108.1.1.aln -            172   1.7e-09   33.1   0.1   1   1   1.2e-10   2.2e-09   32.7   0.1     3   148     6   133     4   135 0.93 -
d1n71a_d.108.1.1     -            180 d2fcka1d.108.1.1.aln -            172   1.2e-08   30.3   0.1   1   1   1.5e-09   2.8e-08   29.2   0.1     6   168    10   174     6   176 0.94 -
d1xeba_d.108.1.1     -            149 d2fcka1d.108.1.1.aln -            172   2.3e-08   29.4   0.6   1   1   1.5e-09   2.9e-08   29.1   0.6    10   153    11   136     3   146 0.92 -
d2fiwa1d.108.1.1     -            156 d2fcka1d.108.1.1.aln -            172   2.8e-08   29.1   0.0   1   1   1.7e-09   3.1e-08   29.0   0.0    46   149    36   135     4   146 0.80 -
d1y9ka1d.108.1.1     -            152 d2fcka1d.108.1.1.aln -            172   5.2e-08   28.3   0.0   1   1     8e-09   1.5e-07   26.8   0.0    31   164    16   146     4   150 0.82 -
d2aj6a1d.108.1.1     -            118 d2fcka1d.108.1.1.aln -            172     6e-07   24.8   0.0   1   1   3.3e-08   6.2e-07   24.8   0.0    12   125     7   115     1   118 0.88 -
d1xmta_d.108.1.1     -             95 d2fcka1d.108.1.1.aln -            172   6.2e-05   18.3   0.0   1   1   3.8e-06   7.1e-05   18.1   0.0    77   128    21    72     8    80 0.88 -
d2fsra1d.108.1.1     -            164 d2fcka1d.108.1.1.aln -            172   0.00056   15.1   0.0   1   1   3.3e-05   0.00062   15.0   0.0     8   153     7   151     2   164 0.83 -
#
# Program:         hmmsearch
# Version:         3.1b2 (February 2015)
# Pipeline mode:   SEARCH
# Query file:      hmmModels95/d2fcka1d.108.1.1.hmm
# Target file:     scop/scopTestSeq.fasta
# Option settings: hmmsearch --domtblout hmmModels95/d2fcka1d.108.1.1.out -E 1 hmmModels95/d2fcka1d.108.1.1.hmm scop/scopTestSeq.fasta 
# Current dir:     /users/nfs/Etu7/3801677/SBAS/TME8
# Date:            Tue Apr  4 15:54:22 2023
# [ok]
