#                                                                            --- full sequence --- -------------- this domain -------------   hmm coord   ali coord   env coord
# target name        accession   tlen query name           accession   qlen   E-value  score  bias   #  of  c-Evalue  i-Evalue  score  bias  from    to  from    to  from    to  acc description of target
#------------------- ---------- ----- -------------------- ---------- ----- --------- ------ ----- --- --- --------- --------- ------ ----- ----- ----- ----- ----- ----- ----- ---- ---------------------
d1z0xa2a.121.1.1     -            149 d2fd5a2a.121.1.1.aln -            124   2.6e-40  133.0   0.0   1   1   1.1e-41   2.9e-40  132.9   0.0     1   124     1   142     1   142 0.99 -
d3c07a2a.121.1.1     -            146 d2fd5a2a.121.1.1.aln -            124   2.2e-33  110.7   2.1   1   1   9.3e-35   2.5e-33  110.5   2.1     1   124     1   134     1   134 0.99 -
d2g7la2a.121.1.1     -            144 d2fd5a2a.121.1.1.aln -            124   2.9e-26   87.8   7.2   1   1   1.2e-27   3.2e-26   87.7   7.2     1   123     1   136     1   137 0.99 -
d1t33a2a.121.1.1     -            132 d2fd5a2a.121.1.1.aln -            124     7e-22   73.7   0.2   1   1   2.8e-23   7.7e-22   73.6   0.2     2   123     6   131     5   132 0.98 -
d2g7ga2a.121.1.1     -            132 d2fd5a2a.121.1.1.aln -            124   1.1e-18   63.5   7.6   1   1   4.5e-20   1.2e-18   63.3   7.6     2   124     2   126     1   126 0.99 -
d2fbqa2a.121.1.1     -            134 d2fd5a2a.121.1.1.aln -            124   1.2e-18   63.4   0.3   1   1   4.8e-20   1.3e-18   63.2   0.3     2   124     5   129     4   129 0.98 -
d2d6ya2a.121.1.1     -            118 d2fd5a2a.121.1.1.aln -            124   1.9e-16   56.3   0.6   1   1   7.4e-18     2e-16   56.2   0.6     5   121     2   118     1   118 0.98 -
d2id6a2a.121.1.1     -            125 d2fd5a2a.121.1.1.aln -            124     3e-16   55.6   0.0   1   1   1.2e-17   3.3e-16   55.5   0.0     2   123     2   124     1   125 0.98 -
d2id3a2a.121.1.1     -            123 d2fd5a2a.121.1.1.aln -            124   4.3e-16   55.1   5.9   1   1   1.7e-17   4.7e-16   55.0   5.9     2   123     2   120     1   121 0.97 -
d2fx0a2a.121.1.1     -            122 d2fd5a2a.121.1.1.aln -            124   9.1e-15   50.8   0.0   1   1   3.6e-16   9.9e-15   50.7   0.0     3   120     3   121     1   122 0.98 -
d2hyja2a.121.1.1     -            118 d2fd5a2a.121.1.1.aln -            124   1.2e-14   50.5   3.9   1   1   4.9e-16   1.3e-14   50.3   3.9     3   119     3   115     1   117 0.89 -
d1ui5a2a.121.1.1     -            133 d2fd5a2a.121.1.1.aln -            124   2.2e-14   49.6   0.9   1   1   8.9e-16   2.4e-14   49.5   0.9     2   121     3   127     2   130 0.98 -
d2oi8a2a.121.1.1     -            130 d2fd5a2a.121.1.1.aln -            124   5.2e-14   48.4   2.1   1   1   2.1e-15   5.6e-14   48.3   2.1     2   121     2   121     1   124 0.97 -
d2gfna2a.121.1.1     -            119 d2fd5a2a.121.1.1.aln -            124   3.8e-13   45.6   4.7   1   1   1.5e-14   4.1e-13   45.5   4.7     2   121     3   119     2   119 0.96 -
d2g3ba2a.121.1.1     -            116 d2fd5a2a.121.1.1.aln -            124   5.5e-13   45.1   1.1   1   1   2.2e-14   5.9e-13   45.0   1.1     5   119     3   115     1   116 0.98 -
d2g7sa2a.121.1.1     -            116 d2fd5a2a.121.1.1.aln -            124   1.2e-12   44.0   1.3   1   1   4.9e-14   1.3e-12   43.9   1.3     1   119     1   115     1   116 0.96 -
d2i10a2a.121.1.1     -            116 d2fd5a2a.121.1.1.aln -            124   1.9e-12   43.4   1.9   1   1   7.5e-14     2e-12   43.3   1.9     3   115     3   113     1   116 0.93 -
d1t56a2a.121.1.1     -            120 d2fd5a2a.121.1.1.aln -            124   2.1e-12   43.3   1.8   1   1   8.4e-14   2.3e-12   43.1   1.8     1   119     3   118     3   120 0.98 -
d2gena2a.121.1.1     -            118 d2fd5a2a.121.1.1.aln -            124   3.2e-11   39.4   5.2   1   1   1.3e-12   3.5e-11   39.3   5.2     2   120     2   117     1   118 0.97 -
d2np3a2a.121.1.1     -            112 d2fd5a2a.121.1.1.aln -            124   3.8e-11   39.2   4.7   1   1   1.6e-12   4.4e-11   39.0   4.7     4   122     6   108     3   110 0.97 -
d2fq4a2a.121.1.1     -            115 d2fd5a2a.121.1.1.aln -            124   9.4e-11   37.9   0.0   1   1   3.7e-12     1e-10   37.8   0.0     5   119     2   113     1   115 0.97 -
d2hkua2a.121.1.1     -            121 d2fd5a2a.121.1.1.aln -            124   1.1e-10   37.7   0.0   1   1   4.5e-12   1.2e-10   37.6   0.0    10   118     7   115     1   120 0.94 -
d1rkta2a.121.1.1     -            123 d2fd5a2a.121.1.1.aln -            124   1.1e-10   37.7   0.0   1   1   4.4e-12   1.2e-10   37.6   0.0     3   122     3   121     1   123 0.95 -
d2iu5a2a.121.1.1     -            109 d2fd5a2a.121.1.1.aln -            124   3.5e-09   32.9   0.0   1   1   1.4e-10   3.8e-09   32.8   0.0     9   119     3   108     1   109 0.98 -
d1vi0a2a.121.1.1     -            117 d2fd5a2a.121.1.1.aln -            124   4.7e-09   32.5   0.0   1   1   1.9e-10   5.1e-09   32.4   0.0     2   120     2   116     1   117 0.96 -
d2np5a2a.121.1.1     -            118 d2fd5a2a.121.1.1.aln -            124   8.8e-09   31.6   3.8   1   1   3.9e-10   1.1e-08   31.3   3.8     2   122     4   114     3   116 0.97 -
d1sgma2a.121.1.1     -            111 d2fd5a2a.121.1.1.aln -            124   2.5e-07   26.9   0.0   1   1     1e-08   2.9e-07   26.7   0.0    16   120    13   111     2   111 0.92 -
d2o7ta2a.121.1.1     -            110 d2fd5a2a.121.1.1.aln -            124   3.9e-07   26.3   0.0   1   1   1.5e-08   4.2e-07   26.2   0.0     1   111     1   109     1   110 0.94 -
d1zk8a2a.121.1.1     -            105 d2fd5a2a.121.1.1.aln -            124   5.3e-07   25.9   0.0   1   1   2.5e-08   6.7e-07   25.6   0.0     3   123     3   105     1   105 0.97 -
#
# Program:         hmmsearch
# Version:         3.1b2 (February 2015)
# Pipeline mode:   SEARCH
# Query file:      hmmModels95/d2fd5a2a.121.1.1.hmm
# Target file:     scop/scopTestSeq.fasta
# Option settings: hmmsearch --domtblout hmmModels95/d2fd5a2a.121.1.1.out -E 1 hmmModels95/d2fd5a2a.121.1.1.hmm scop/scopTestSeq.fasta 
# Current dir:     /users/nfs/Etu7/3801677/SBAS/TME8
# Date:            Tue Apr  4 15:54:22 2023
# [ok]
