#                                                                            --- full sequence --- -------------- this domain -------------   hmm coord   ali coord   env coord
# target name        accession   tlen query name           accession   qlen   E-value  score  bias   #  of  c-Evalue  i-Evalue  score  bias  from    to  from    to  from    to  acc description of target
#------------------- ---------- ----- -------------------- ---------- ----- --------- ------ ----- --- --- --------- --------- ------ ----- ----- ----- ----- ----- ----- ----- ---- ---------------------
d2arza1b.45.1.1      -            238 d2fg9a1b.45.1.1.aln  -            186   1.6e-77  254.7   0.4   1   1   3.2e-79   1.8e-77  254.5   0.4     8   186     1   203     1   210 0.98 -
d2vpaa_b.45.1.1      -            215 d2fg9a1b.45.1.1.aln  -            186   1.7e-52  173.1   0.2   1   1   3.5e-54     2e-52  172.9   0.2     1   186    27   215    27   215 0.99 -
d2fura1b.45.1.1      -            193 d2fg9a1b.45.1.1.aln  -            186   5.7e-34  112.7   0.0   1   1   1.2e-35   6.7e-34  112.5   0.0     1   180     2   179     2   190 0.98 -
d1rfea_b.45.1.1      -            160 d2fg9a1b.45.1.1.aln  -            186   6.1e-30   99.6   0.0   1   1   1.2e-31   6.7e-30   99.5   0.0     3   177     2   157     1   160 0.97 -
d2htia1b.45.1.1      -            156 d2fg9a1b.45.1.1.aln  -            186   3.3e-25   84.2   0.0   1   1   6.4e-27   3.6e-25   84.0   0.0     2   176     2   155     1   156 0.97 -
d1xhna1b.45.1.1      -            170 d2fg9a1b.45.1.1.aln  -            186     3e-24   81.0   0.0   1   1   6.5e-26   3.6e-24   80.8   0.0     1   180    11   167    11   169 0.98 -
d2fhqa1b.45.1.1      -            135 d2fg9a1b.45.1.1.aln  -            186   5.9e-24   80.1   0.0   1   1   1.1e-25   6.4e-24   80.0   0.0     9   169     2   131     1   135 0.96 -
d2i02a1b.45.1.1      -            143 d2fg9a1b.45.1.1.aln  -            186   8.1e-24   79.6   0.0   1   1   1.6e-25   9.2e-24   79.5   0.0     8   176     2   143     1   143 0.97 -
d2hq7a1b.45.1.1      -            141 d2fg9a1b.45.1.1.aln  -            186   2.1e-23   78.3   0.0   1   1   4.1e-25   2.3e-23   78.1   0.0     9   174     3   139     1   141 0.97 -
d1w9aa_b.45.1.1      -            142 d2fg9a1b.45.1.1.aln  -            186   1.4e-22   75.5   0.0   1   1     3e-24   1.7e-22   75.3   0.0    12   174     2   136     1   142 0.95 -
d2hq9a1b.45.1.1      -            148 d2fg9a1b.45.1.1.aln  -            186   9.9e-22   72.8   0.0   1   1   1.9e-23   1.1e-21   72.7   0.0     7   173     2   145     1   148 0.96 -
d1vl7a_b.45.1.1      -            135 d2fg9a1b.45.1.1.aln  -            186   7.5e-21   70.0   0.0   1   1   1.6e-22   9.2e-21   69.7   0.0    18   179     4   134     1   135 0.96 -
d2asfa1b.45.1.1      -            125 d2fg9a1b.45.1.1.aln  -            186     4e-14   48.0   0.0   1   1   8.8e-16     5e-14   47.7   0.0    13   113     2    99     1   124 0.89 -
d3a6ra_b.45.1.1      -            122 d2fg9a1b.45.1.1.aln  -            186   1.9e-09   32.8   0.0   1   1   5.1e-11   2.9e-09   32.2   0.0    11   102     2    92     1   109 0.92 -
#
# Program:         hmmsearch
# Version:         3.1b2 (February 2015)
# Pipeline mode:   SEARCH
# Query file:      hmmModels95/d2fg9a1b.45.1.1.hmm
# Target file:     scop/scopTestSeq.fasta
# Option settings: hmmsearch --domtblout hmmModels95/d2fg9a1b.45.1.1.out -E 1 hmmModels95/d2fg9a1b.45.1.1.hmm scop/scopTestSeq.fasta 
# Current dir:     /users/nfs/Etu7/3801677/SBAS/TME8
# Date:            Tue Apr  4 15:54:22 2023
# [ok]
