#                                                                            --- full sequence --- -------------- this domain -------------   hmm coord   ali coord   env coord
# target name        accession   tlen query name           accession   qlen   E-value  score  bias   #  of  c-Evalue  i-Evalue  score  bias  from    to  from    to  from    to  acc description of target
#------------------- ---------- ----- -------------------- ---------- ----- --------- ------ ----- --- --- --------- --------- ------ ----- ----- ----- ----- ----- ----- ----- ---- ---------------------
d2arza1b.45.1.1      -            238 d2fhqa1b.45.1.1.aln  -            183   1.4e-76  251.9   0.3   1   1   3.4e-78   1.8e-76  251.6   0.3     4   183     1   203     1   203 0.99 -
d2vpaa_b.45.1.1      -            215 d2fhqa1b.45.1.1.aln  -            183   3.5e-52  172.4   0.1   1   1   7.7e-54     4e-52  172.3   0.1     2   183    32   215    31   215 0.99 -
d2fura1b.45.1.1      -            193 d2fhqa1b.45.1.1.aln  -            183   1.6e-35  118.1   0.0   1   1   3.4e-37   1.8e-35  118.0   0.0     4   177     2   186     1   192 0.96 -
d1rfea_b.45.1.1      -            160 d2fhqa1b.45.1.1.aln  -            183   3.3e-31  104.1   0.0   1   1   6.8e-33   3.6e-31  104.0   0.0     3   173     6   158     4   160 0.96 -
d1xhna1b.45.1.1      -            170 d2fhqa1b.45.1.1.aln  -            183   4.1e-29   97.2   0.0   1   1   8.7e-31   4.6e-29   97.1   0.0     2   175     5   167     4   170 0.95 -
d2htia1b.45.1.1      -            156 d2fhqa1b.45.1.1.aln  -            183   5.7e-28   93.5   0.0   1   1   1.2e-29   6.2e-28   93.4   0.0     5   171     2   155     1   156 0.98 -
d1w9aa_b.45.1.1      -            142 d2fhqa1b.45.1.1.aln  -            183   3.6e-27   90.9   0.0   1   1   7.2e-29   3.8e-27   90.9   0.0     7   156     1   132     1   142 0.91 -
d2fg9a1b.45.1.1      -            157 d2fhqa1b.45.1.1.aln  -            183   4.4e-26   87.4   0.0   1   1   9.1e-28   4.8e-26   87.3   0.0     2   172     3   153     2   157 0.93 -
d2i02a1b.45.1.1      -            143 d2fhqa1b.45.1.1.aln  -            183   1.1e-23   79.5   0.0   1   1   2.9e-25   1.5e-23   79.1   0.0     3   169     2   141     1   143 0.94 -
d2hq9a1b.45.1.1      -            148 d2fhqa1b.45.1.1.aln  -            183   3.2e-23   78.0   0.0   1   1   6.7e-25   3.5e-23   77.9   0.0     3   164     3   147     1   148 0.94 -
d2hq7a1b.45.1.1      -            141 d2fhqa1b.45.1.1.aln  -            183   8.5e-22   73.4   0.0   1   1   3.9e-23     2e-21   72.2   0.0     6   171     4   137     1   141 0.91 -
d1vl7a_b.45.1.1      -            135 d2fhqa1b.45.1.1.aln  -            183   3.4e-21   71.5   0.0   1   1   6.7e-23   3.5e-21   71.4   0.0    13   114     3   104     1   133 0.94 -
d2asfa1b.45.1.1      -            125 d2fhqa1b.45.1.1.aln  -            183   2.3e-18   62.2   0.0   1   1     5e-20   2.6e-18   62.1   0.0     9   112     2   104     1   115 0.95 -
d3a6ra_b.45.1.1      -            122 d2fhqa1b.45.1.1.aln  -            183   6.2e-05   18.4   0.0   1   1   1.6e-06   8.3e-05   18.0   0.0     7    87     2    72     1   105 0.74 -
d2fhqa1b.45.1.1      -            135 d2fhqa1b.45.1.1.aln  -            183   0.00024   16.6   0.0   1   1   5.3e-06   0.00028   16.3   0.0     8   101     5    97     2   120 0.82 -
#
# Program:         hmmsearch
# Version:         3.1b2 (February 2015)
# Pipeline mode:   SEARCH
# Query file:      hmmModels95/d2fhqa1b.45.1.1.hmm
# Target file:     scop/scopTestSeq.fasta
# Option settings: hmmsearch --domtblout hmmModels95/d2fhqa1b.45.1.1.out -E 1 hmmModels95/d2fhqa1b.45.1.1.hmm scop/scopTestSeq.fasta 
# Current dir:     /users/nfs/Etu7/3801677/SBAS/TME8
# Date:            Tue Apr  4 15:54:22 2023
# [ok]
