#                                                                            --- full sequence --- -------------- this domain -------------   hmm coord   ali coord   env coord
# target name        accession   tlen query name           accession   qlen   E-value  score  bias   #  of  c-Evalue  i-Evalue  score  bias  from    to  from    to  from    to  acc description of target
#------------------- ---------- ----- -------------------- ---------- ----- --------- ------ ----- --- --- --------- --------- ------ ----- ----- ----- ----- ----- ----- ----- ---- ---------------------
d1uoka2c.1.8.1       -            479 d2fhfa5c.1.8.1.aln   -            426  4.4e-119  393.9  24.0   1   1  1.3e-120    5e-119  393.8  24.0     5   426     2   479     1   479 0.99 -
d3bmva4c.1.8.1       -            406 d2fhfa5c.1.8.1.aln   -            426   1.8e-97  322.7  17.7   1   1   5.4e-99   2.1e-97  322.5  17.7    11   426    14   406     7   406 0.97 -
d1e43a2c.1.8.1       -            393 d2fhfa5c.1.8.1.aln   -            426   8.8e-95  313.9  16.8   1   1   2.5e-96   9.8e-95  313.7  16.8    11   420     2   393     1   393 0.98 -
d1wzaa2c.1.8.1       -            409 d2fhfa5c.1.8.1.aln   -            426     3e-90  298.9  20.4   1   1   8.7e-92   3.4e-90  298.7  20.4     9   425     2   408     1   409 0.95 -
d1g5aa2c.1.8.1       -            554 d2fhfa5c.1.8.1.aln   -            426   5.9e-86  284.8   3.7   1   1   1.3e-86   5.1e-85  281.7   3.7     3   425    13   552    11   553 0.99 -
d1x1na1c.1.8.1       -            523 d2fhfa5c.1.8.1.aln   -            426   1.6e-84  280.0   0.4   1   1   4.7e-86   1.9e-84  279.8   0.4     2   423    28   498    27   501 0.99 -
d1gjwa2c.1.8.1       -            572 d2fhfa5c.1.8.1.aln   -            426   3.2e-81  269.2   0.8   1   1   9.2e-83   3.6e-81  269.0   0.8     2   425    43   570    42   571 0.99 -
d2guya2c.1.8.1       -            381 d2fhfa5c.1.8.1.aln   -            426   1.7e-79  263.5   8.0   1   1   4.9e-81   1.9e-79  263.3   8.0     5   420     2   371     1   377 0.96 -
d1ji1a3c.1.8.1       -            432 d2fhfa5c.1.8.1.aln   -            426   4.1e-74  245.8  23.8   1   1   1.3e-75   4.9e-74  245.5  23.8     3   425     2   430     1   431 0.95 -
d1h3ga3c.1.8.1       -            422 d2fhfa5c.1.8.1.aln   -            426   1.5e-72  240.6  10.6   1   1   4.6e-74   1.8e-72  240.4  10.6     9   425     9   420     2   421 0.93 -
d1wdpa_c.1.8.1       -            493 d2fhfa5c.1.8.1.aln   -            426   1.7e-63  210.8   0.8   1   1     5e-65     2e-63  210.6   0.8     3   404     8   468     6   491 0.97 -
d1bf2a3c.1.8.1       -            475 d2fhfa5c.1.8.1.aln   -            426   9.8e-63  208.3  11.3   1   1   2.8e-64   1.1e-62  208.1  11.3     3   425     8   471     6   472 0.98 -
d2bhua3c.1.8.1       -            420 d2fhfa5c.1.8.1.aln   -            426   2.7e-58  193.7   2.0   1   1   7.6e-60     3e-58  193.5   2.0     4   425     9   418     6   419 0.97 -
d1ht6a2c.1.8.1       -            347 d2fhfa5c.1.8.1.aln   -            426   1.1e-51  171.9   7.2   1   1   3.1e-53   1.2e-51  171.7   7.2    11   410     1   335     1   347 0.93 -
d1ua7a2c.1.8.1       -            344 d2fhfa5c.1.8.1.aln   -            426     4e-46  153.6  13.1   1   1     8e-47   3.2e-45  150.6  13.1    38   384    10   310     4   342 0.90 -
d1m7xa3c.1.8.1       -            396 d2fhfa5c.1.8.1.aln   -            426   4.5e-39  130.3  21.7   1   1   1.3e-40   5.2e-39  130.1  21.7     6   425    11   391     7   392 0.96 -
d1vema2c.1.8.1       -            417 d2fhfa5c.1.8.1.aln   -            426   2.1e-29   98.5   9.2   1   1   6.2e-31   2.5e-29   98.2   9.2    21   408    24   408     5   417 0.92 -
d1r7aa2c.1.8.1       -            434 d2fhfa5c.1.8.1.aln   -            426   3.3e-24   81.3   0.1   1   1   9.3e-26   3.7e-24   81.2   0.1     2   421     2   433     1   434 0.96 -
d1kwga2c.1.8.1       -            393 d2fhfa5c.1.8.1.aln   -            426     2e-22   75.5   0.1   1   1     6e-24   2.4e-22   75.2   0.1     2   386     4   370     3   386 0.94 -
d2fhfa5c.1.8.1       -            563 d2fhfa5c.1.8.1.aln   -            426   1.5e-10   36.3   7.2   1   2   2.8e-08   1.1e-06   23.6   0.1    80   141   143   215    60   253 0.74 -
d2fhfa5c.1.8.1       -            563 d2fhfa5c.1.8.1.aln   -            426   1.5e-10   36.3   7.2   2   2   0.00032     0.013   10.2   2.7   215   345   263   445   256   560 0.61 -
#
# Program:         hmmsearch
# Version:         3.1b2 (February 2015)
# Pipeline mode:   SEARCH
# Query file:      hmmModels95/d2fhfa5c.1.8.1.hmm
# Target file:     scop/scopTestSeq.fasta
# Option settings: hmmsearch --domtblout hmmModels95/d2fhfa5c.1.8.1.out -E 1 hmmModels95/d2fhfa5c.1.8.1.hmm scop/scopTestSeq.fasta 
# Current dir:     /users/nfs/Etu7/3801677/SBAS/TME8
# Date:            Tue Apr  4 15:54:22 2023
# [ok]
