#                                                                            --- full sequence --- -------------- this domain -------------   hmm coord   ali coord   env coord
# target name        accession   tlen query name           accession   qlen   E-value  score  bias   #  of  c-Evalue  i-Evalue  score  bias  from    to  from    to  from    to  acc description of target
#------------------- ---------- ----- -------------------- ---------- ----- --------- ------ ----- --- --- --------- --------- ------ ----- ----- ----- ----- ----- ----- ----- ---- ---------------------
d1bf2a1b.1.18.2      -            162 d2fhfa2b.1.18.2.aln  -            113   9.4e-38  124.6   4.6   1   1   2.5e-39   1.2e-37  124.3   4.6     1   113    17   141    17   141 0.99 -
d1j0ha1b.1.18.2      -            123 d2fhfa2b.1.18.2.aln  -            113     2e-31  104.2   0.0   1   1   4.8e-33   2.2e-31  104.1   0.0     1   113     5   116     5   116 0.99 -
d1ji1a1b.1.18.2      -            122 d2fhfa2b.1.18.2.aln  -            113   6.3e-27   89.7   2.6   1   1   1.5e-28   7.1e-27   89.6   2.6     2   112    12   121    11   122 0.98 -
d2fhfa1b.1.18.2      -            115 d2fhfa2b.1.18.2.aln  -            113   3.2e-16   55.3   2.4   1   1   7.3e-18   3.4e-16   55.2   2.4     4   112     4   112     1   113 0.96 -
d1m7xa1b.1.18.2      -            110 d2fhfa2b.1.18.2.aln  -            113   3.5e-16   55.1   0.0   1   1   8.1e-18   3.8e-16   55.0   0.0     3   112     2   109     1   110 0.98 -
d1txka1b.1.18.2      -            115 d2fhfa2b.1.18.2.aln  -            113   3.1e-15   52.1   1.2   1   1   7.3e-17   3.4e-15   51.9   1.2     1   109     3   114     3   115 0.98 -
d3bmva1b.1.18.2      -             83 d2fhfa2b.1.18.2.aln  -            113   6.4e-14   47.8   0.9   1   1   1.5e-15   6.9e-14   47.7   0.9    17   103     3    82     1    83 0.95 -
d1k3ia1b.1.18.2      -            102 d2fhfa2b.1.18.2.aln  -            113   1.9e-13   46.3   0.6   1   1   4.3e-15     2e-13   46.3   0.6    14   103     3   100     1   102 0.96 -
d1edqa1b.1.18.2      -            109 d2fhfa2b.1.18.2.aln  -            113   4.3e-12   42.0   2.9   1   1   9.9e-14   4.6e-12   41.9   2.9     2   105     2   106     1   109 0.96 -
d1ut9a2b.1.18.2      -             98 d2fhfa2b.1.18.2.aln  -            113     1e-10   37.5   0.2   1   1   2.3e-12   1.1e-10   37.4   0.2    12   104     3    95     1    98 0.96 -
d1w8oa1b.1.18.2      -            103 d2fhfa2b.1.18.2.aln  -            113   1.1e-10   37.4   1.4   1   1   2.7e-12   1.3e-10   37.2   1.4    11   106     3    99     1   102 0.96 -
d1qbaa1b.1.18.2      -            105 d2fhfa2b.1.18.2.aln  -            113   1.9e-10   36.7   0.0   1   1   4.3e-12     2e-10   36.6   0.0    12   112     3   102     1   103 0.96 -
d1clca2b.1.18.2      -            100 d2fhfa2b.1.18.2.aln  -            113   4.4e-10   35.5   0.1   1   1   9.9e-12   4.6e-10   35.4   0.1    12   102     6    97     1   100 0.94 -
d2bhua1b.1.18.2      -             97 d2fhfa2b.1.18.2.aln  -            113   5.5e-10   35.2   0.1   1   1   1.4e-11   6.7e-10   34.9   0.1     9    99     1    93     1    96 0.95 -
d2bvya1b.1.18.2      -             94 d2fhfa2b.1.18.2.aln  -            113     3e-07   26.4   8.5   1   1   6.7e-09   3.1e-07   26.3   8.5    14   102     6    93     1    94 0.89 -
d1f1sa2b.1.18.2      -             78 d2fhfa2b.1.18.2.aln  -            113   1.7e-06   23.9   0.2   1   1     4e-08   1.9e-06   23.8   0.2    18    96     2    77     1    78 0.90 -
d1h3ga1b.1.18.2      -             93 d2fhfa2b.1.18.2.aln  -            113   3.8e-06   22.8   0.0   1   1   8.5e-08   3.9e-06   22.7   0.0    14   103     3    90     1    93 0.92 -
#
# Program:         hmmsearch
# Version:         3.1b2 (February 2015)
# Pipeline mode:   SEARCH
# Query file:      hmmModels95/d2fhfa2b.1.18.2.hmm
# Target file:     scop/scopTestSeq.fasta
# Option settings: hmmsearch --domtblout hmmModels95/d2fhfa2b.1.18.2.out -E 1 hmmModels95/d2fhfa2b.1.18.2.hmm scop/scopTestSeq.fasta 
# Current dir:     /users/nfs/Etu7/3801677/SBAS/TME8
# Date:            Tue Apr  4 15:54:22 2023
# [ok]
