#                                                                            --- full sequence --- -------------- this domain -------------   hmm coord   ali coord   env coord
# target name        accession   tlen query name           accession   qlen   E-value  score  bias   #  of  c-Evalue  i-Evalue  score  bias  from    to  from    to  from    to  acc description of target
#------------------- ---------- ----- -------------------- ---------- ----- --------- ------ ----- --- --- --------- --------- ------ ----- ----- ----- ----- ----- ----- ----- ---- ---------------------
d2p0wa_d.108.1.1     -            319 d2fl4a1d.108.1.1.aln -            182   3.1e-67  221.5   0.5   1   1   2.1e-68   3.9e-67  221.2   0.5     1   182   113   319   113   319 0.99 -
d1boba_d.108.1.1     -            315 d2fl4a1d.108.1.1.aln -            182   4.9e-61  201.3   0.4   1   1   3.5e-62   6.3e-61  200.9   0.4     1   182   110   305   110   305 0.99 -
d1p0ha_d.108.1.1     -            308 d2fl4a1d.108.1.1.aln -            182   5.1e-57  188.2   0.0   1   2   3.6e-57   6.5e-56  184.6   0.0     1   182    69   270    69   270 0.99 -
d1p0ha_d.108.1.1     -            308 d2fl4a1d.108.1.1.aln -            182   5.1e-57  188.2   0.0   2   2      0.52       9.5    1.5   0.0   127   154   277   301   274   307 0.73 -
d2pq8a_d.108.1.1     -            271 d2fl4a1d.108.1.1.aln -            182   1.6e-54  180.1   0.0   1   1   1.1e-55     2e-54  179.8   0.0     1   181    61   252    61   253 0.99 -
d1z4ea1d.108.1.1     -            150 d2fl4a1d.108.1.1.aln -            182   1.4e-23   79.2   0.1   1   1   9.5e-25   1.7e-23   78.9   0.1     9   154     1   143     1   147 0.97 -
d2b5ga_d.108.1.1     -            168 d2fl4a1d.108.1.1.aln -            182   1.8e-22   75.6   0.1   1   1   1.1e-23   1.9e-22   75.5   0.1     9   172     2   166     1   168 0.93 -
d1tiqa_d.108.1.1     -            173 d2fl4a1d.108.1.1.aln -            182   3.8e-19   64.8   0.1   1   1   2.4e-20   4.5e-19   64.5   0.1    10   176     2   172     1   173 0.94 -
d1nsla_d.108.1.1     -            180 d2fl4a1d.108.1.1.aln -            182     7e-19   63.9   0.1   1   1   4.2e-20   7.7e-19   63.8   0.1     2   179     3   180     2   180 0.97 -
d2fcka1d.108.1.1     -            178 d2fl4a1d.108.1.1.aln -            182   1.3e-18   63.0   0.2   1   1   8.6e-20   1.6e-18   62.7   0.2     6   163     8   165     4   170 0.95 -
d2gana1d.108.1.1     -            182 d2fl4a1d.108.1.1.aln -            182   1.4e-18   62.9   0.3   1   1     9e-20   1.6e-18   62.7   0.3     7   169    19   181    14   182 0.93 -
d2ae6a1d.108.1.1     -            161 d2fl4a1d.108.1.1.aln -            182   7.4e-18   60.6   0.1   1   1   5.2e-19   9.5e-18   60.2   0.1    10   170     5   155     2   159 0.94 -
d1u6ma_d.108.1.1     -            189 d2fl4a1d.108.1.1.aln -            182   1.1e-17   60.1   0.1   1   1   7.4e-19   1.4e-17   59.7   0.1     2   167    12   185    11   188 0.95 -
d1vkca_d.108.1.1     -            149 d2fl4a1d.108.1.1.aln -            182   1.9e-17   59.2   0.7   1   1   1.2e-18   2.3e-17   59.0   0.7    25   156    19   144     9   148 0.92 -
d1i12a_d.108.1.1     -            157 d2fl4a1d.108.1.1.aln -            182   4.5e-17   58.0   0.0   1   1   2.9e-18   5.4e-17   57.8   0.0    11   159     6   155     3   157 0.95 -
d1z4ra1d.108.1.1     -            162 d2fl4a1d.108.1.1.aln -            182   6.6e-17   57.5   0.0   1   1     4e-18   7.3e-17   57.3   0.0    10   177     3   160     1   162 0.92 -
d1ufha_d.108.1.1     -            155 d2fl4a1d.108.1.1.aln -            182   7.7e-17   57.2   0.4   1   1   4.7e-18   8.7e-17   57.1   0.4    10   156     2   150     1   154 0.90 -
d1y9wa1d.108.1.1     -            140 d2fl4a1d.108.1.1.aln -            182   1.1e-16   56.7   0.5   1   1   8.4e-18   1.5e-16   56.3   0.5    86   171    57   139    43   140 0.95 -
d1mk4a_d.108.1.1     -            157 d2fl4a1d.108.1.1.aln -            182   5.9e-16   54.4   0.0   1   1   3.9e-17   7.2e-16   54.1   0.0     9   154     1   129     1   139 0.96 -
d2cy2a1d.108.1.1     -            174 d2fl4a1d.108.1.1.aln -            182     7e-16   54.1   0.4   1   1   4.3e-17   7.8e-16   54.0   0.4    10   175     1   170     1   174 0.96 -
d1y9ka1d.108.1.1     -            152 d2fl4a1d.108.1.1.aln -            182   7.4e-16   54.1   0.1   1   1     5e-17   9.3e-16   53.7   0.1    87   181    56   147    22   148 0.88 -
d1yk3a1d.108.1.1     -            198 d2fl4a1d.108.1.1.aln -            182   1.5e-15   53.0   0.0   1   1   9.7e-17   1.8e-15   52.8   0.0    13   176    24   190    12   195 0.94 -
d1qsma_d.108.1.1     -            150 d2fl4a1d.108.1.1.aln -            182     2e-15   52.6   0.0   1   1   1.2e-16   2.2e-15   52.5   0.0     9   156     2   144     1   150 0.95 -
d1wwza1d.108.1.1     -            157 d2fl4a1d.108.1.1.aln -            182   2.9e-15   52.1   0.3   1   1   1.8e-16   3.3e-15   51.9   0.3     7   164     1   155     1   157 0.91 -
d1cjwa_d.108.1.1     -            166 d2fl4a1d.108.1.1.aln -            182   4.1e-15   51.6   0.0   1   1   2.6e-16   4.7e-15   51.4   0.0    11   171     7   165     5   166 0.97 -
d1ghea_d.108.1.1     -            170 d2fl4a1d.108.1.1.aln -            182   3.7e-14   48.5   0.0   1   1   2.4e-15   4.4e-14   48.3   0.0    21   160    16   153     4   166 0.94 -
d2fiaa1d.108.1.1     -            157 d2fl4a1d.108.1.1.aln -            182   4.7e-14   48.2   0.7   1   1   2.8e-15     5e-14   48.1   0.7    10   168     1   150     1   157 0.95 -
d1m4ia_d.108.1.1     -            181 d2fl4a1d.108.1.1.aln -            182   6.5e-14   47.7   0.0   1   1   3.9e-15   7.1e-14   47.6   0.0     6   180     2   176     1   178 0.95 -
d1n71a_d.108.1.1     -            180 d2fl4a1d.108.1.1.aln -            182   1.1e-13   47.0   0.0   1   1   6.7e-15   1.2e-13   46.8   0.0    10   170     3   172     1   179 0.97 -
d2euia1d.108.1.1     -            153 d2fl4a1d.108.1.1.aln -            182   1.2e-13   46.8   0.0   1   1     9e-15   1.6e-13   46.4   0.0    80   159    66   144    37   151 0.92 -
d2atra1d.108.1.1     -            137 d2fl4a1d.108.1.1.aln -            182   2.1e-12   42.8   0.0   1   1   1.7e-13   3.2e-12   42.2   0.0     9   162     1   132     1   137 0.91 -
d1yx0a1d.108.1.1     -            151 d2fl4a1d.108.1.1.aln -            182   3.9e-12   41.9   0.0   1   1   2.1e-13   3.9e-12   41.9   0.0    87   170    65   149     5   151 0.86 -
d1y7ra1d.108.1.1     -            133 d2fl4a1d.108.1.1.aln -            182   5.6e-11   38.2   0.0   1   1   3.7e-12   6.8e-11   37.9   0.0    23   163    14   132     4   133 0.77 -
d2fl4a1d.108.1.1     -            146 d2fl4a1d.108.1.1.aln -            182   8.3e-11   37.6   0.2   1   1   5.3e-12   9.7e-11   37.4   0.2    78   151    55   128     4   133 0.77 -
d2jdca1d.108.1.1     -            145 d2fl4a1d.108.1.1.aln -            182   8.5e-11   37.6   0.4   1   1   5.6e-12     1e-10   37.3   0.4    53   170    32   142     1   145 0.81 -
d1bo4a_d.108.1.1     -            137 d2fl4a1d.108.1.1.aln -            182   4.5e-10   35.2   0.0   1   1   2.5e-11   4.5e-10   35.2   0.0    66   149    43   137     3   137 0.82 -
d1xeba_d.108.1.1     -            149 d2fl4a1d.108.1.1.aln -            182   6.5e-10   34.7   0.6   1   1   4.7e-11   8.7e-10   34.3   0.6    14   156    11   135     2   148 0.92 -
d2g3aa1d.108.1.1     -            137 d2fl4a1d.108.1.1.aln -            182   2.7e-09   32.7   0.0   1   1   1.7e-10     3e-09   32.5   0.0    16   155     7   120     1   131 0.85 -
d2fsra1d.108.1.1     -            164 d2fl4a1d.108.1.1.aln -            182   4.6e-09   31.9   0.0   1   1   3.1e-10   5.7e-09   31.6   0.0     5   149     5   143     3   155 0.93 -
d1q2ya_d.108.1.1     -            140 d2fl4a1d.108.1.1.aln -            182   1.8e-08   30.0   0.1   1   1     1e-09   1.9e-08   29.9   0.1    88   169    61   138     8   140 0.80 -
d1r57a_d.108.1.1     -            102 d2fl4a1d.108.1.1.aln -            182   1.9e-08   29.9   0.0   1   1   1.2e-09   2.2e-08   29.7   0.0    89   141    32    84    16   100 0.86 -
d2fiwa1d.108.1.1     -            156 d2fl4a1d.108.1.1.aln -            182   2.6e-08   29.4   0.0   1   1   2.2e-09     4e-08   28.8   0.0    12   155     6   137     1   141 0.78 -
d2aj6a1d.108.1.1     -            118 d2fl4a1d.108.1.1.aln -            182   1.5e-06   23.7   0.0   1   1   8.2e-08   1.5e-06   23.7   0.0    63   129    55   115     5   118 0.83 -
d1xmta_d.108.1.1     -             95 d2fl4a1d.108.1.1.aln -            182   5.6e-05   18.6   0.0   1   1     8e-06   0.00015   17.2   0.0    78   129    18    69     4    81 0.84 -
#
# Program:         hmmsearch
# Version:         3.1b2 (February 2015)
# Pipeline mode:   SEARCH
# Query file:      hmmModels95/d2fl4a1d.108.1.1.hmm
# Target file:     scop/scopTestSeq.fasta
# Option settings: hmmsearch --domtblout hmmModels95/d2fl4a1d.108.1.1.out -E 1 hmmModels95/d2fl4a1d.108.1.1.hmm scop/scopTestSeq.fasta 
# Current dir:     /users/nfs/Etu7/3801677/SBAS/TME8
# Date:            Tue Apr  4 15:54:23 2023
# [ok]
