#                                                                            --- full sequence --- -------------- this domain -------------   hmm coord   ali coord   env coord
# target name        accession   tlen query name           accession   qlen   E-value  score  bias   #  of  c-Evalue  i-Evalue  score  bias  from    to  from    to  from    to  acc description of target
#------------------- ---------- ----- -------------------- ---------- ----- --------- ------ ----- --- --- --------- --------- ------ ----- ----- ----- ----- ----- ----- ----- ---- ---------------------
d2c4ja1a.45.1.1      -            133 d2fnoa1a.45.1.1.aln  -            138   1.7e-43  143.3   0.1   1   1   2.6e-45   1.8e-43  143.2   0.1     1   138     1   132     1   132 0.98 -
d1tu7a1a.45.1.1      -            131 d2fnoa1a.45.1.1.aln  -            138   2.1e-33  110.6   0.1   1   1   3.3e-35   2.3e-33  110.5   0.1     3   134     1   130     1   131 0.98 -
d1k3ya1a.45.1.1      -            142 d2fnoa1a.45.1.1.aln  -            138   2.2e-31  104.1   0.1   1   1   3.3e-33   2.4e-31  104.0   0.1     1   134     1   133     1   137 0.97 -
d1okta1a.45.1.1      -            126 d2fnoa1a.45.1.1.aln  -            138   5.6e-27   89.8   0.1   1   1   9.1e-29   6.5e-27   89.6   0.1     2   124     1   123     1   125 0.98 -
d1nhya1a.45.1.1      -            144 d2fnoa1a.45.1.1.aln  -            138   6.3e-24   79.9   0.0   1   1   9.9e-26   7.1e-24   79.8   0.0     3   133    13   144    11   144 0.97 -
d2cvda1a.45.1.1      -            124 d2fnoa1a.45.1.1.aln  -            138   8.6e-24   79.5   0.1   1   1   1.3e-25   9.5e-24   79.3   0.1     1   126     2   123     2   124 0.93 -
d1eema1a.45.1.1      -            139 d2fnoa1a.45.1.1.aln  -            138     4e-23   77.3   0.1   1   1   6.5e-25   4.7e-23   77.1   0.1     2   133     1   128     1   132 0.95 -
d1tw9a1a.45.1.1      -            129 d2fnoa1a.45.1.1.aln  -            138     6e-23   76.8   0.0   1   1   9.2e-25   6.6e-23   76.6   0.0     3   125     2   127     1   129 0.96 -
d1gnwa1a.45.1.1      -            126 d2fnoa1a.45.1.1.aln  -            138   4.4e-18   61.0   0.1   1   1   6.8e-20   4.9e-18   60.8   0.1    19   117    22   124     6   126 0.91 -
d1z9ha1a.45.1.1      -            161 d2fnoa1a.45.1.1.aln  -            138     7e-17   57.1   0.1   1   1   1.1e-18   7.9e-17   56.9   0.1     3   137    13   155    11   156 0.97 -
d1k0ma1a.45.1.1      -            149 d2fnoa1a.45.1.1.aln  -            138     8e-17   56.9   0.0   1   1   1.3e-18   9.2e-17   56.7   0.0     4   134     8   147     5   149 0.94 -
#
# Program:         hmmsearch
# Version:         3.1b2 (February 2015)
# Pipeline mode:   SEARCH
# Query file:      hmmModels95/d2fnoa1a.45.1.1.hmm
# Target file:     scop/scopTestSeq.fasta
# Option settings: hmmsearch --domtblout hmmModels95/d2fnoa1a.45.1.1.out -E 1 hmmModels95/d2fnoa1a.45.1.1.hmm scop/scopTestSeq.fasta 
# Current dir:     /users/nfs/Etu7/3801677/SBAS/TME8
# Date:            Tue Apr  4 15:54:23 2023
# [ok]
