#                                                                            --- full sequence --- -------------- this domain -------------   hmm coord   ali coord   env coord
# target name        accession   tlen query name           accession   qlen   E-value  score  bias   #  of  c-Evalue  i-Evalue  score  bias  from    to  from    to  from    to  acc description of target
#------------------- ---------- ----- -------------------- ---------- ----- --------- ------ ----- --- --- --------- --------- ------ ----- ----- ----- ----- ----- ----- ----- ---- ---------------------
d1g41a_c.37.1.20     -            443 d2fnaa2c.37.1.20.aln -            285  2.6e-130  429.4   7.1   1   1  9.5e-132  3.1e-130  429.1   7.1     1   285     5   433     5   433 1.00 -
d1um8a_c.37.1.20     -            364 d2fnaa2c.37.1.20.aln -            285  1.8e-100  331.5   3.2   1   1  6.9e-102  2.3e-100  331.1   3.2     1   285     8   362     8   362 0.99 -
d2p65a_c.37.1.20     -            185 d2fnaa2c.37.1.20.aln -            285   2.5e-54  180.0   1.1   1   1   8.4e-56   2.8e-54  179.9   1.1     4   188     2   185     1   185 0.99 -
d1r6bx3c.37.1.20     -            315 d2fnaa2c.37.1.20.aln -            285   3.1e-53  176.5   0.1   1   1   1.1e-54   3.5e-53  176.3   0.1     2   285    14   305    13   305 0.99 -
d1svma_c.37.1.20     -            362 d2fnaa2c.37.1.20.aln -            285   1.2e-43  145.0   0.0   1   1   4.1e-45   1.4e-43  144.8   0.0     2   285     4   333     3   333 0.99 -
d1iqpa2c.37.1.20     -            231 d2fnaa2c.37.1.20.aln -            285   1.4e-43  144.8   0.5   1   1   5.2e-45   1.7e-43  144.5   0.5     9   245    10   226     4   230 0.96 -
d1sxja2c.37.1.20     -            253 d2fnaa2c.37.1.20.aln -            285   3.6e-39  130.3   0.0   1   1   1.3e-40   4.1e-39  130.1   0.0    11   253     2   250     1   253 0.97 -
d1lv7a_c.37.1.20     -            256 d2fnaa2c.37.1.20.aln -            285   1.3e-38  128.5   0.0   1   1   4.9e-40   1.6e-38  128.2   0.0     7   259     9   251     4   255 0.97 -
d1njfa_c.37.1.20     -            239 d2fnaa2c.37.1.20.aln -            285   4.9e-33  110.2   0.0   1   1   1.7e-34   5.7e-33  110.0   0.0    14   235     3   222     1   237 0.95 -
d1g8pa_c.37.1.20     -            333 d2fnaa2c.37.1.20.aln -            285   1.4e-27   92.3   0.0   1   1   2.7e-28   8.8e-27   89.7   0.0     4   284    10   332     8   333 0.98 -
d1in4a2c.37.1.20     -            238 d2fnaa2c.37.1.20.aln -            285   2.4e-20   68.6   2.0   1   2   4.3e-10   1.4e-08   29.9   0.1    25    76    11    67     3    82 0.72 -
d1in4a2c.37.1.20     -            238 d2fnaa2c.37.1.20.aln -            285   2.4e-20   68.6   2.0   2   2   1.2e-12   3.9e-11   38.3   0.4   117   253    85   230    77   238 0.92 -
d1w5sa2c.37.1.20     -            287 d2fnaa2c.37.1.20.aln -            285     2e-19   65.6   0.0   1   1   7.1e-21   2.3e-19   65.3   0.0     9   279     5   286     2   287 0.97 -
d2a5yb3c.37.1.20     -            277 d2fnaa2c.37.1.20.aln -            285   2.1e-19   65.5   0.0   1   1   7.3e-21   2.4e-19   65.3   0.0     6   274     4   272     1   276 0.94 -
d1ny5a2c.37.1.20     -            247 d2fnaa2c.37.1.20.aln -            285   7.7e-18   60.3   0.2   1   1   2.9e-19   9.6e-18   60.0   0.2    47   248    26   227    11   244 0.93 -
d1d2na_c.37.1.20     -            246 d2fnaa2c.37.1.20.aln -            285   1.3e-16   56.3   0.0   1   1   4.6e-18   1.5e-16   56.1   0.0    16   260    13   245     4   246 0.93 -
d1fnna2c.37.1.20     -            276 d2fnaa2c.37.1.20.aln -            285   2.3e-16   55.5   0.0   1   1   9.5e-18   3.1e-16   55.1   0.0     7   267     3   272     1   276 0.87 -
d1l8qa2c.37.1.20     -            213 d2fnaa2c.37.1.20.aln -            285   1.8e-12   42.7   0.7   1   1   6.3e-14   2.1e-12   42.5   0.7    13   239     3   212     1   213 0.94 -
d1a5ta2c.37.1.20     -            207 d2fnaa2c.37.1.20.aln -            285   9.3e-12   40.4   0.0   1   1     3e-13   9.9e-12   40.3   0.0     9   225     2   200     1   207 0.91 -
d1u0ja_c.37.1.20     -            267 d2fnaa2c.37.1.20.aln -            285   9.3e-08   27.2   0.0   1   1   4.6e-09   1.5e-07   26.6   0.0    10   274     7   263     2   266 0.95 -
d1jqlb_c.37.1.20     -            140 d2fnaa2c.37.1.20.aln -            285     6e-07   24.6   0.0   1   1   2.1e-08   6.8e-07   24.4   0.0    27   157     5   136     2   140 0.90 -
d2fnaa2c.37.1.20     -            283 d2fnaa2c.37.1.20.aln -            285   1.3e-06   23.5   0.1   1   1   6.2e-08     2e-06   22.8   0.1    36   197    21   218    16   220 0.89 -
d2gnoa2c.37.1.20     -            198 d2fnaa2c.37.1.20.aln -            285   2.5e-05   19.3   0.0   1   1   8.8e-07   2.9e-05   19.1   0.0   120   240    81   191    32   197 0.91 -
d1y63a_c.37.1.1      -            174 d2fnaa2c.37.1.20.aln -            285    0.0001   17.3   0.1   1   3     3e-06    0.0001   17.3   0.1    46    70     7    31     5    42 0.89 -
d1y63a_c.37.1.1      -            174 d2fnaa2c.37.1.20.aln -            285    0.0001   17.3   0.1   2   3         2        66   -1.8   0.0     7    22    53    68    49    70 0.86 -
d1y63a_c.37.1.1      -            174 d2fnaa2c.37.1.20.aln -            285    0.0001   17.3   0.1   3   3      0.19       6.3    1.5   0.3   138   199   119   173   108   174 0.73 -
d1tuea_c.37.1.20     -            205 d2fnaa2c.37.1.20.aln -            285     0.003   12.4   0.0   1   1   0.00019    0.0062   11.4   0.0    25   240    15   203     4   205 0.79 -
#
# Program:         hmmsearch
# Version:         3.1b2 (February 2015)
# Pipeline mode:   SEARCH
# Query file:      hmmModels95/d2fnaa2c.37.1.20.hmm
# Target file:     scop/scopTestSeq.fasta
# Option settings: hmmsearch --domtblout hmmModels95/d2fnaa2c.37.1.20.out -E 1 hmmModels95/d2fnaa2c.37.1.20.hmm scop/scopTestSeq.fasta 
# Current dir:     /users/nfs/Etu7/3801677/SBAS/TME8
# Date:            Tue Apr  4 15:54:23 2023
# [ok]
