#                                                                            --- full sequence --- -------------- this domain -------------   hmm coord   ali coord   env coord
# target name        accession   tlen query name           accession   qlen   E-value  score  bias   #  of  c-Evalue  i-Evalue  score  bias  from    to  from    to  from    to  acc description of target
#------------------- ---------- ----- -------------------- ---------- ----- --------- ------ ----- --- --- --------- --------- ------ ----- ----- ----- ----- ----- ----- ----- ---- ---------------------
d1p0ha_d.108.1.1     -            308 d2fsra1d.108.1.1.aln -            189   3.2e-67  221.5   0.0   1   3   2.2e-64   4.1e-63  208.1   0.0     3   189     2   190     1   190 0.99 -
d1p0ha_d.108.1.1     -            308 d2fsra1d.108.1.1.aln -            189   3.2e-67  221.5   0.0   2   3     0.008      0.15    7.3   0.0    73   110   215   252   205   256 0.89 -
d1p0ha_d.108.1.1     -            308 d2fsra1d.108.1.1.aln -            189   3.2e-67  221.5   0.0   3   3      0.21       3.9    2.7   0.0   122   151   274   303   266   308 0.79 -
d2pq8a_d.108.1.1     -            271 d2fsra1d.108.1.1.aln -            189   2.2e-66  218.8   1.4   1   1   1.3e-67   2.4e-66  218.6   0.7     5   189     3   187     1   187 0.99 -
d2p0wa_d.108.1.1     -            319 d2fsra1d.108.1.1.aln -            189   9.1e-63  207.0   0.3   1   1   7.9e-64   1.5e-62  206.3   0.3     1   189    34   226    34   226 0.99 -
d1boba_d.108.1.1     -            315 d2fsra1d.108.1.1.aln -            189   8.4e-54  177.7   0.4   1   1   5.9e-55   1.1e-53  177.3   0.4     1   189    26   218    26   218 0.99 -
d1u6ma_d.108.1.1     -            189 d2fsra1d.108.1.1.aln -            189   1.2e-28   95.7   0.1   1   2         4        74   -1.5   0.0     4    19     2    17     2    21 0.87 -
d1u6ma_d.108.1.1     -            189 d2fsra1d.108.1.1.aln -            189   1.2e-28   95.7   0.1   2   2   1.5e-29   2.8e-28   94.5   0.1     2   165    24   188    23   189 0.98 -
d2b5ga_d.108.1.1     -            168 d2fsra1d.108.1.1.aln -            189     3e-25   84.6   0.2   1   1   1.8e-26   3.4e-25   84.4   0.2     4   168     4   167     2   168 0.96 -
d1i12a_d.108.1.1     -            157 d2fsra1d.108.1.1.aln -            189     1e-21   73.1   0.0   1   1   6.6e-23   1.2e-21   72.8   0.0     4   155     6   156     4   157 0.98 -
d1z4ea1d.108.1.1     -            150 d2fsra1d.108.1.1.aln -            189   1.2e-21   72.8   0.1   1   1   9.3e-23   1.8e-21   72.3   0.1     2   147     1   141     1   148 0.90 -
d2gana1d.108.1.1     -            182 d2fsra1d.108.1.1.aln -            189   8.9e-21   70.0   0.6   1   1   5.4e-22     1e-20   69.8   0.6    17   162    33   179    20   182 0.91 -
d2euia1d.108.1.1     -            153 d2fsra1d.108.1.1.aln -            189   2.6e-20   68.5   0.1   1   1   1.7e-21   3.2e-20   68.2   0.1     3   156     1   146     1   151 0.96 -
d1mk4a_d.108.1.1     -            157 d2fsra1d.108.1.1.aln -            189   1.1e-19   66.5   0.0   1   1   6.5e-21   1.2e-19   66.3   0.0     2   163     1   143     1   149 0.96 -
d2ae6a1d.108.1.1     -            161 d2fsra1d.108.1.1.aln -            189   1.5e-19   66.0   0.0   1   1   8.6e-21   1.6e-19   65.9   0.0    23   169    23   159     3   161 0.91 -
d1tiqa_d.108.1.1     -            173 d2fsra1d.108.1.1.aln -            189   1.2e-18   63.0   0.0   1   1   8.1e-20   1.5e-18   62.7   0.0     6   166     5   167     1   172 0.90 -
d1qsma_d.108.1.1     -            150 d2fsra1d.108.1.1.aln -            189   3.5e-18   61.6   0.0   1   1   2.2e-19   4.2e-18   61.3   0.0     3   150     3   143     1   149 0.97 -
d1y9wa1d.108.1.1     -            140 d2fsra1d.108.1.1.aln -            189   3.9e-17   58.1   0.5   1   1   2.1e-18     4e-17   58.1   0.5    45   163    36   136     1   140 0.80 -
d2cy2a1d.108.1.1     -            174 d2fsra1d.108.1.1.aln -            189   3.9e-17   58.1   0.4   1   1   2.4e-18   4.5e-17   57.9   0.4     4   162     2   162     1   171 0.96 -
d1z4ra1d.108.1.1     -            162 d2fsra1d.108.1.1.aln -            189   5.2e-17   57.7   0.1   1   1     3e-18   5.6e-17   57.6   0.1     6   167    10   158     5   162 0.94 -
d1y9ka1d.108.1.1     -            152 d2fsra1d.108.1.1.aln -            189   1.7e-16   56.1   0.0   1   1     1e-17   1.9e-16   55.9   0.0    79   183    50   145     4   149 0.84 -
d1ghea_d.108.1.1     -            170 d2fsra1d.108.1.1.aln -            189   2.4e-16   55.6   0.0   1   1   1.4e-17   2.7e-16   55.4   0.0    26   163    24   161     2   169 0.89 -
d1ufha_d.108.1.1     -            155 d2fsra1d.108.1.1.aln -            189   1.1e-15   53.4   0.2   1   1   7.3e-17   1.4e-15   53.1   0.2    24   152    20   151     5   153 0.92 -
d1m4ia_d.108.1.1     -            181 d2fsra1d.108.1.1.aln -            189   1.3e-15   53.1   0.0   1   1   7.7e-17   1.4e-15   53.0   0.0     2   187     2   179     1   181 0.93 -
d1vkca_d.108.1.1     -            149 d2fsra1d.108.1.1.aln -            189   6.6e-15   50.9   1.3   1   1   4.5e-16   8.4e-15   50.5   1.3    14   151     8   144     2   147 0.79 -
d1cjwa_d.108.1.1     -            166 d2fsra1d.108.1.1.aln -            189   1.1e-14   50.2   0.0   1   1   7.3e-16   1.4e-14   49.8   0.0     5   166     8   165     6   166 0.94 -
d1nsla_d.108.1.1     -            180 d2fsra1d.108.1.1.aln -            189   1.5e-14   49.7   0.2   1   1   8.7e-16   1.6e-14   49.6   0.2     2   173    10   179     9   180 0.97 -
d1wwza1d.108.1.1     -            157 d2fsra1d.108.1.1.aln -            189   2.1e-14   49.3   0.8   1   1   1.3e-15   2.5e-14   49.0   0.8    37   156    40   152     4   156 0.80 -
d2fiaa1d.108.1.1     -            157 d2fsra1d.108.1.1.aln -            189   4.3e-14   48.2   0.5   1   1   2.6e-15   4.9e-14   48.0   0.5     3   168     1   155     1   157 0.93 -
d1yk3a1d.108.1.1     -            198 d2fsra1d.108.1.1.aln -            189   8.9e-14   47.2   0.0   1   1   5.1e-15   9.6e-14   47.1   0.0     6   178    21   197    16   198 0.94 -
d1yx0a1d.108.1.1     -            151 d2fsra1d.108.1.1.aln -            189   4.7e-13   44.8   0.0   1   1   2.8e-14   5.3e-13   44.7   0.0    27   165    25   149     6   151 0.90 -
d2jdca1d.108.1.1     -            145 d2fsra1d.108.1.1.aln -            189   7.4e-12   40.9   0.1   1   1     4e-13   7.5e-12   40.9   0.1    28   152    28   129     1   141 0.76 -
d1bo4a_d.108.1.1     -            137 d2fsra1d.108.1.1.aln -            189   1.2e-11   40.2   0.0   1   1   7.2e-13   1.3e-11   40.1   0.0    18   144    18   137     8   137 0.85 -
d1xeba_d.108.1.1     -            149 d2fsra1d.108.1.1.aln -            189   2.2e-11   39.4   0.4   1   1   1.4e-12   2.7e-11   39.1   0.4     3   151     2   135     1   142 0.91 -
d2fl4a1d.108.1.1     -            146 d2fsra1d.108.1.1.aln -            189   2.2e-11   39.4   0.3   1   1   1.5e-12   2.8e-11   39.1   0.3    51   157    51   139     7   146 0.81 -
d2g3aa1d.108.1.1     -            137 d2fsra1d.108.1.1.aln -            189   1.1e-10   37.1   0.0   1   1   7.5e-12   1.4e-10   36.8   0.0    79   149    51   119     1   121 0.89 -
d1y7ra1d.108.1.1     -            133 d2fsra1d.108.1.1.aln -            189   4.3e-10   35.2   0.0   1   1   2.6e-11   4.9e-10   35.0   0.0    79   154    54   128    39   133 0.87 -
d2fcka1d.108.1.1     -            178 d2fsra1d.108.1.1.aln -            189   5.5e-10   34.8   0.2   1   1   3.4e-11   6.4e-10   34.6   0.2     3   159    12   166    10   175 0.92 -
d1n71a_d.108.1.1     -            180 d2fsra1d.108.1.1.aln -            189     1e-09   34.0   0.0   1   1   6.4e-11   1.2e-09   33.7   0.0    19   172    21   179    10   180 0.94 -
d2atra1d.108.1.1     -            137 d2fsra1d.108.1.1.aln -            189     1e-08   30.7   0.0   1   1   5.9e-10   1.1e-08   30.6   0.0    44   160    36   135     1   137 0.83 -
d1r57a_d.108.1.1     -            102 d2fsra1d.108.1.1.aln -            189   1.7e-07   26.7   0.0   1   1   1.1e-08   2.1e-07   26.4   0.0    90   134    37    83    29   100 0.86 -
d2fiwa1d.108.1.1     -            156 d2fsra1d.108.1.1.aln -            189   1.9e-07   26.5   0.0   1   1   1.3e-08   2.5e-07   26.2   0.0     5   150     6   137     3   154 0.87 -
d1q2ya_d.108.1.1     -            140 d2fsra1d.108.1.1.aln -            189   6.2e-07   24.9   0.1   1   1   3.8e-08   7.2e-07   24.7   0.1    27   152    23   126     4   139 0.80 -
d1xmta_d.108.1.1     -             95 d2fsra1d.108.1.1.aln -            189     7e-05   18.2   0.0   1   1   4.4e-06   8.3e-05   17.9   0.0    78   125    22    69    12    77 0.89 -
d2aj6a1d.108.1.1     -            118 d2fsra1d.108.1.1.aln -            189   0.00014   17.2   0.0   1   1   7.7e-06   0.00014   17.2   0.0     5   125     4   115     1   117 0.76 -
#
# Program:         hmmsearch
# Version:         3.1b2 (February 2015)
# Pipeline mode:   SEARCH
# Query file:      hmmModels95/d2fsra1d.108.1.1.hmm
# Target file:     scop/scopTestSeq.fasta
# Option settings: hmmsearch --domtblout hmmModels95/d2fsra1d.108.1.1.out -E 1 hmmModels95/d2fsra1d.108.1.1.hmm scop/scopTestSeq.fasta 
# Current dir:     /users/nfs/Etu7/3801677/SBAS/TME8
# Date:            Tue Apr  4 15:54:23 2023
# [ok]
