#                                                                            --- full sequence --- -------------- this domain -------------   hmm coord   ali coord   env coord
# target name        accession   tlen query name           accession   qlen   E-value  score  bias   #  of  c-Evalue  i-Evalue  score  bias  from    to  from    to  from    to  acc description of target
#------------------- ---------- ----- -------------------- ---------- ----- --------- ------ ----- --- --- --------- --------- ------ ----- ----- ----- ----- ----- ----- ----- ---- ---------------------
d1z6na1c.47.1.1      -            166 d2fwha_c.47.1.1.aln  -            108   1.2e-38  126.9   0.0   1   1   2.7e-40   1.4e-38  126.6   0.0     1   108    38   154    38   154 0.99 -
d2i4aa_c.47.1.1      -            107 d2fwha_c.47.1.1.aln  -            108   1.1e-34  114.1   0.0   1   1   2.3e-36   1.2e-34  114.0   0.0     3   105     3   105     1   107 0.95 -
d1sena_c.47.1.1      -            135 d2fwha_c.47.1.1.aln  -            108     1e-29   98.1   0.0   1   1   2.3e-31   1.2e-29   97.9   0.0     2   106     7   118     6   120 0.98 -
d1r26a_c.47.1.1      -            113 d2fwha_c.47.1.1.aln  -            108   2.6e-23   77.5   0.0   1   1   5.8e-25     3e-23   77.3   0.0     9   103    15   108     8   112 0.94 -
d1zmaa1c.47.1.1      -            115 d2fwha_c.47.1.1.aln  -            108   9.2e-16   53.2   0.0   1   1   2.2e-17   1.1e-15   52.9   0.0     6   106    15   113    10   114 0.93 -
d2hzfa_c.47.1.0      -            110 d2fwha_c.47.1.1.aln  -            108   1.3e-11   39.9   0.0   1   1   2.8e-13   1.5e-11   39.7   0.0     5    95     2    88     1    96 0.94 -
d3qmxa_c.47.1.0      -             99 d2fwha_c.47.1.1.aln  -            108   2.2e-09   32.7   0.0   1   1   5.8e-11   3.1e-09   32.3   0.0    16   104    13    92     5    95 0.81 -
d1iloa_c.47.1.1      -             77 d2fwha_c.47.1.1.aln  -            108   2.8e-09   32.4   0.2   1   1   5.8e-11     3e-09   32.3   0.2    23    98     2    70     1    76 0.87 -
d1wjka_c.47.1.1      -            100 d2fwha_c.47.1.1.aln  -            108   4.1e-09   31.8   0.0   1   1   8.3e-11   4.3e-09   31.8   0.0     9   102     4    94     1    99 0.94 -
d1abaa_c.47.1.1      -             87 d2fwha_c.47.1.1.aln  -            108   8.6e-09   30.8   0.0   1   1   1.8e-10   9.5e-09   30.7   0.0    21    99     3    85     1    87 0.84 -
d3gnja_c.47.1.0      -            111 d2fwha_c.47.1.1.aln  -            108   2.2e-07   26.3   0.1   1   1     5e-09   2.6e-07   26.0   0.1     6    89    11    91     4   108 0.77 -
d2fwha_c.47.1.1      -            117 d2fwha_c.47.1.1.aln  -            108   2.9e-06   22.7   0.3   1   1   1.3e-07   6.6e-06   21.5   0.3    16    95    18   106     6   116 0.69 -
d2wcia_c.47.1.0      -            113 d2fwha_c.47.1.1.aln  -            108   0.00012   17.5   0.0   1   1   3.1e-06   0.00016   17.1   0.0    19   105    17    96     2    99 0.82 -
d3feua_c.47.1.0      -            183 d2fwha_c.47.1.1.aln  -            108   0.00018   16.9   0.0   1   2      0.12       6.5    2.2   0.0    25    48    25    48    16    62 0.84 -
d3feua_c.47.1.0      -            183 d2fwha_c.47.1.1.aln  -            108   0.00018   16.9   0.0   2   2   8.4e-05    0.0044   12.4   0.0    47    95   125   169   123   180 0.77 -
d1ttza_c.47.1.1      -             75 d2fwha_c.47.1.1.aln  -            108    0.0052   12.2   0.0   1   1   0.00017    0.0088   11.5   0.0    33   101    14    72     1    75 0.73 -
#
# Program:         hmmsearch
# Version:         3.1b2 (February 2015)
# Pipeline mode:   SEARCH
# Query file:      hmmModels95/d2fwha_c.47.1.1.hmm
# Target file:     scop/scopTestSeq.fasta
# Option settings: hmmsearch --domtblout hmmModels95/d2fwha_c.47.1.1.out -E 1 hmmModels95/d2fwha_c.47.1.1.hmm scop/scopTestSeq.fasta 
# Current dir:     /users/nfs/Etu7/3801677/SBAS/TME8
# Date:            Tue Apr  4 15:54:23 2023
# [ok]
