#                                                                            --- full sequence --- -------------- this domain -------------   hmm coord   ali coord   env coord
# target name        accession   tlen query name           accession   qlen   E-value  score  bias   #  of  c-Evalue  i-Evalue  score  bias  from    to  from    to  from    to  acc description of target
#------------------- ---------- ----- -------------------- ---------- ----- --------- ------ ----- --- --- --------- --------- ------ ----- ----- ----- ----- ----- ----- ----- ---- ---------------------
d1z0xa2a.121.1.1     -            149 d2fx0a2a.121.1.1.aln -            124   4.9e-40  132.0   0.0   1   1     2e-41   5.5e-40  131.8   0.0     1   124     1   142     1   142 0.99 -
d3c07a2a.121.1.1     -            146 d2fx0a2a.121.1.1.aln -            124   5.2e-33  109.4   2.4   1   1   2.1e-34   5.8e-33  109.2   2.4     2   124     2   134     1   134 0.99 -
d2g7la2a.121.1.1     -            144 d2fx0a2a.121.1.1.aln -            124   3.6e-27   90.6   8.0   1   1   1.5e-28     4e-27   90.4   8.0     1   123     1   136     1   137 0.99 -
d1t33a2a.121.1.1     -            132 d2fx0a2a.121.1.1.aln -            124   9.7e-21   69.9   0.1   1   1   3.9e-22   1.1e-20   69.8   0.1     2   123     6   131     5   132 0.98 -
d2g7ga2a.121.1.1     -            132 d2fx0a2a.121.1.1.aln -            124   6.2e-19   64.1   8.4   1   1   2.5e-20   6.9e-19   63.9   8.4     2   124     2   126     1   126 0.99 -
d2fbqa2a.121.1.1     -            134 d2fx0a2a.121.1.1.aln -            124   1.9e-18   62.5   0.4   1   1   7.6e-20   2.1e-18   62.4   0.4     1   124     4   129     4   129 0.99 -
d2id6a2a.121.1.1     -            125 d2fx0a2a.121.1.1.aln -            124   4.8e-17   58.0   0.0   1   1   1.9e-18   5.3e-17   57.9   0.0     2   123     2   124     1   125 0.98 -
d2gfna2a.121.1.1     -            119 d2fx0a2a.121.1.1.aln -            124   4.5e-16   54.9   5.9   1   1   1.8e-17   4.9e-16   54.7   5.9     2   120     3   118     2   119 0.96 -
d2id3a2a.121.1.1     -            123 d2fx0a2a.121.1.1.aln -            124   4.7e-16   54.8   7.5   1   1   1.9e-17   5.1e-16   54.7   7.5     1   123     1   120     1   121 0.98 -
d2d6ya2a.121.1.1     -            118 d2fx0a2a.121.1.1.aln -            124   7.4e-16   54.2   0.9   1   1     3e-17   8.1e-16   54.0   0.9     5   120     2   117     1   118 0.98 -
d2hyja2a.121.1.1     -            118 d2fx0a2a.121.1.1.aln -            124     2e-15   52.8   5.3   1   1   8.7e-17   2.4e-15   52.5   5.3     2   115     2   115     1   117 0.97 -
d2i10a2a.121.1.1     -            116 d2fx0a2a.121.1.1.aln -            124   8.7e-15   50.7   2.7   1   1   3.4e-16   9.4e-15   50.6   2.7     2   115     2   113     1   116 0.95 -
d1ui5a2a.121.1.1     -            133 d2fx0a2a.121.1.1.aln -            124   1.2e-14   50.3   1.6   1   1   4.8e-16   1.3e-14   50.2   1.6     2   121     3   127     2   130 0.98 -
d2g3ba2a.121.1.1     -            116 d2fx0a2a.121.1.1.aln -            124   9.4e-14   47.4   1.3   1   1   3.7e-15     1e-13   47.3   1.3     5   119     3   115     1   116 0.98 -
d2gena2a.121.1.1     -            118 d2fx0a2a.121.1.1.aln -            124   1.1e-13   47.1   6.2   1   1   4.5e-15   1.2e-13   47.0   6.2     2   120     2   117     1   118 0.98 -
d1rkta2a.121.1.1     -            123 d2fx0a2a.121.1.1.aln -            124   1.7e-13   46.6   0.0   1   1   6.7e-15   1.8e-13   46.5   0.0     1   122     4   121     4   123 0.96 -
d2oi8a2a.121.1.1     -            130 d2fx0a2a.121.1.1.aln -            124     2e-13   46.3   2.6   1   1     8e-15   2.2e-13   46.2   2.6     2   121     2   121     1   124 0.96 -
d2g7sa2a.121.1.1     -            116 d2fx0a2a.121.1.1.aln -            124   7.5e-13   44.5   1.5   1   1     3e-14   8.1e-13   44.4   1.5     2   119     2   115     1   116 0.97 -
d1t56a2a.121.1.1     -            120 d2fx0a2a.121.1.1.aln -            124   8.7e-13   44.3   1.8   1   1   3.4e-14   9.3e-13   44.2   1.8     2   119     2   118     1   120 0.96 -
d2np3a2a.121.1.1     -            112 d2fx0a2a.121.1.1.aln -            124   6.9e-12   41.4   5.7   1   1   2.9e-13   7.8e-12   41.2   5.7     4   122     6   108     3   110 0.97 -
d1vi0a2a.121.1.1     -            117 d2fx0a2a.121.1.1.aln -            124   8.4e-12   41.1   0.0   1   1   3.3e-13   8.9e-12   41.0   0.0     8   120     6   116     1   117 0.96 -
d2hkua2a.121.1.1     -            121 d2fx0a2a.121.1.1.aln -            124   4.4e-11   38.8   0.0   1   1   1.9e-12   5.1e-11   38.6   0.0     2   118     2   115     1   120 0.95 -
d2fq4a2a.121.1.1     -            115 d2fx0a2a.121.1.1.aln -            124   1.8e-10   36.8   0.0   1   1   7.3e-12     2e-10   36.7   0.0     2   119     2   113     1   115 0.97 -
d2np5a2a.121.1.1     -            118 d2fx0a2a.121.1.1.aln -            124   2.2e-10   36.5   4.5   1   1   9.2e-12   2.5e-10   36.4   4.5     2   122     4   114     3   116 0.95 -
d2iu5a2a.121.1.1     -            109 d2fx0a2a.121.1.1.aln -            124   2.7e-10   36.3   0.0   1   1   1.1e-11   2.9e-10   36.1   0.0     8   119     2   108     1   109 0.98 -
d1zk8a2a.121.1.1     -            105 d2fx0a2a.121.1.1.aln -            124   7.9e-08   28.3   0.0   1   1   4.1e-09   1.1e-07   27.8   0.0     3   123     3   105     1   105 0.96 -
d2fd5a2a.121.1.1     -            104 d2fx0a2a.121.1.1.aln -            124     8e-08   28.3   2.3   1   1   3.2e-09   8.6e-08   28.2   2.3     2   113     2   102     1   104 0.96 -
d1sgma2a.121.1.1     -            111 d2fx0a2a.121.1.1.aln -            124   5.9e-07   25.5   0.0   1   1   2.3e-08   6.2e-07   25.4   0.0     7   119     4   110     1   111 0.89 -
d2o7ta2a.121.1.1     -            110 d2fx0a2a.121.1.1.aln -            124   2.9e-06   23.3   0.0   1   1   1.1e-07   2.9e-06   23.3   0.0    10   118    11   108     2   110 0.87 -
#
# Program:         hmmsearch
# Version:         3.1b2 (February 2015)
# Pipeline mode:   SEARCH
# Query file:      hmmModels95/d2fx0a2a.121.1.1.hmm
# Target file:     scop/scopTestSeq.fasta
# Option settings: hmmsearch --domtblout hmmModels95/d2fx0a2a.121.1.1.out -E 1 hmmModels95/d2fx0a2a.121.1.1.hmm scop/scopTestSeq.fasta 
# Current dir:     /users/nfs/Etu7/3801677/SBAS/TME8
# Date:            Tue Apr  4 15:54:23 2023
# [ok]
