#                                                                            --- full sequence --- -------------- this domain -------------   hmm coord   ali coord   env coord
# target name        accession   tlen query name           accession   qlen   E-value  score  bias   #  of  c-Evalue  i-Evalue  score  bias  from    to  from    to  from    to  acc description of target
#------------------- ---------- ----- -------------------- ---------- ----- --------- ------ ----- --- --- --------- --------- ------ ----- ----- ----- ----- ----- ----- ----- ---- ---------------------
d2fbka1a.4.5.28      -            172 d2fxaa1a.4.5.28.aln  -            141   2.4e-58  191.4   0.1   1   1   7.6e-60     3e-58  191.2   0.1     2   141    31   171    30   171 0.99 -
d1lj9a_a.4.5.28      -            144 d2fxaa1a.4.5.28.aln  -            141   1.1e-43  144.0   1.5   1   1     3e-45   1.2e-43  143.9   1.5     6   140     2   134     1   135 0.97 -
d2fbia1a.4.5.28      -            136 d2fxaa1a.4.5.28.aln  -            141   1.6e-39  130.4   0.5   1   1   4.4e-41   1.7e-39  130.3   0.5     6   138     3   133     1   136 0.98 -
d2fbha1a.4.5.28      -            137 d2fxaa1a.4.5.28.aln  -            141   1.6e-38  127.2   0.5   1   1   4.5e-40   1.8e-38  127.1   0.5     7   141     2   135     1   135 0.97 -
d2etha1a.4.5.28      -            140 d2fxaa1a.4.5.28.aln  -            141   4.7e-38  125.7   0.0   1   1   1.3e-39   5.1e-38  125.6   0.0     4   140     3   137     1   138 0.98 -
d2a61a1a.4.5.28      -            139 d2fxaa1a.4.5.28.aln  -            141   7.2e-38  125.1   0.0   1   1     2e-39   7.9e-38  125.0   0.0     5   140     2   135     1   136 0.97 -
d1s3ja_a.4.5.28      -            143 d2fxaa1a.4.5.28.aln  -            141   2.2e-36  120.3   4.5   1   1   6.3e-38   2.5e-36  120.1   4.5     3   140     5   140     3   141 0.97 -
d3broa1a.4.5.28      -            135 d2fxaa1a.4.5.28.aln  -            141   3.5e-36  119.6   6.0   1   1   9.8e-38   3.8e-36  119.5   6.0     6   138     2   134     1   135 0.99 -
d1jgsa_a.4.5.28      -            138 d2fxaa1a.4.5.28.aln  -            141   5.9e-36  118.9   0.0   1   1   1.6e-37   6.4e-36  118.8   0.0     3   137     4   137     2   138 0.92 -
d3echa_a.4.5.28      -            142 d2fxaa1a.4.5.28.aln  -            141   1.2e-34  114.7   0.2   1   1   3.3e-36   1.3e-34  114.5   0.2     4   139     6   141     3   142 0.98 -
d2hr3a1a.4.5.28      -            145 d2fxaa1a.4.5.28.aln  -            141   6.6e-33  109.0   0.3   1   1   1.9e-34   7.3e-33  108.9   0.3     2   140     3   140     2   141 0.97 -
d1p4xa1a.4.5.28      -            125 d2fxaa1a.4.5.28.aln  -            141   7.6e-32  105.6   1.5   1   1   2.1e-33   8.2e-32  105.5   1.5     2   123     3   124     2   125 0.97 -
d1p4xa2a.4.5.28      -            125 d2fxaa1a.4.5.28.aln  -            141   5.2e-31  102.9   3.4   1   1   1.4e-32   5.5e-31  102.8   3.4     2   121     2   121     1   125 0.96 -
d1hsja1a.4.5.28      -            115 d2fxaa1a.4.5.28.aln  -            141   1.6e-30  101.3   3.5   1   1   4.4e-32   1.8e-30  101.2   3.5     3   115     2   114     1   115 0.98 -
d3jw4a_a.4.5.0       -            137 d2fxaa1a.4.5.28.aln  -            141   4.6e-26   86.8   0.1   1   1   1.2e-27   4.8e-26   86.8   0.1     8   136     5   133     1   137 0.96 -
d3bjaa_a.4.5.0       -            139 d2fxaa1a.4.5.28.aln  -            141   3.4e-22   74.3   0.1   1   1     1e-23   3.9e-22   74.1   0.1     6   140     6   138     2   139 0.92 -
d1ub9a_a.4.5.28      -            100 d2fxaa1a.4.5.28.aln  -            141   8.1e-20   66.6   0.0   1   1   2.2e-21   8.7e-20   66.5   0.0    18   117     1    98     1   100 0.96 -
d3ctaa1a.4.5.28      -             85 d2fxaa1a.4.5.28.aln  -            141   3.7e-14   48.3   0.3   1   1   1.1e-15   4.4e-14   48.0   0.3    49   114    20    83     2    85 0.91 -
d2fxaa1a.4.5.28      -            162 d2fxaa1a.4.5.28.aln  -            141   9.6e-12   40.4   0.0   1   1   3.1e-13   1.2e-11   40.1   0.0    23   120    31   126    12   139 0.90 -
d3df8a_a.4.5.0       -            109 d2fxaa1a.4.5.28.aln  -            141   0.00021   16.7   0.0   1   1   7.6e-06    0.0003   16.1   0.0    39   110    32   100    15   106 0.83 -
#
# Program:         hmmsearch
# Version:         3.1b2 (February 2015)
# Pipeline mode:   SEARCH
# Query file:      hmmModels95/d2fxaa1a.4.5.28.hmm
# Target file:     scop/scopTestSeq.fasta
# Option settings: hmmsearch --domtblout hmmModels95/d2fxaa1a.4.5.28.out -E 1 hmmModels95/d2fxaa1a.4.5.28.hmm scop/scopTestSeq.fasta 
# Current dir:     /users/nfs/Etu7/3801677/SBAS/TME8
# Date:            Tue Apr  4 15:54:23 2023
# [ok]
