#                                                                            --- full sequence --- -------------- this domain -------------   hmm coord   ali coord   env coord
# target name        accession   tlen query name           accession   qlen   E-value  score  bias   #  of  c-Evalue  i-Evalue  score  bias  from    to  from    to  from    to  acc description of target
#------------------- ---------- ----- -------------------- ---------- ----- --------- ------ ----- --- --- --------- --------- ------ ----- ----- ----- ----- ----- ----- ----- ---- ---------------------
d1lb3a_a.25.1.1      -            179 d2fzfa1a.25.1.1.aln  -            153   5.8e-51  167.8   0.4   1   1   9.1e-53   6.5e-51  167.6   0.4     2   152     4   156     3   157 0.98 -
d3bvfa_a.25.1.1      -            172 d2fzfa1a.25.1.1.aln  -            153   1.3e-43  143.9   5.8   1   1   2.1e-45   1.5e-43  143.7   5.8     3   152     6   153     4   154 0.98 -
d1z6om1a.25.1.1      -            191 d2fzfa1a.25.1.1.aln  -            153   3.1e-42  139.4   0.1   1   1   4.9e-44   3.5e-42  139.2   0.1     3   152    15   173    13   174 0.97 -
d2y3qa_a.25.1.1      -            158 d2fzfa1a.25.1.1.aln  -            153   2.3e-41  136.6   2.0   1   1   3.7e-43   2.7e-41  136.4   2.0     3   152     1   148     1   149 0.98 -
d1nf4a_a.25.1.1      -            169 d2fzfa1a.25.1.1.aln  -            153   1.2e-40  134.2   4.9   1   1   1.9e-42   1.4e-40  134.1   4.9     2   151     2   149     1   151 0.97 -
d2cf7a_a.25.1.1      -            159 d2fzfa1a.25.1.1.aln  -            153   3.7e-37  123.0   0.0   1   1   5.8e-39   4.2e-37  122.8   0.0     7   147    10   158     5   159 0.97 -
d1tjoa_a.25.1.1      -            180 d2fzfa1a.25.1.1.aln  -            153   2.5e-35  117.0   7.5   1   1     4e-37   2.8e-35  116.8   7.5     2   150    22   177    21   180 0.92 -
d1yuza1a.25.1.1      -            135 d2fzfa1a.25.1.1.aln  -            153   4.4e-34  112.9   0.6   1   1   7.3e-36   5.2e-34  112.7   0.6     9   139     7   135     3   135 0.98 -
d1z6oa1a.25.1.1      -            200 d2fzfa1a.25.1.1.aln  -            153   3.5e-29   97.1  10.7   1   1   5.6e-31     4e-29   96.9  10.7     4   152    20   179    17   180 0.97 -
d1zs3a1a.25.1.1      -            171 d2fzfa1a.25.1.1.aln  -            153   1.9e-24   81.7   0.4   1   1     3e-26   2.1e-24   81.5   0.4     2   146    15   168    14   171 0.98 -
d1vjxa_a.25.1.1      -            149 d2fzfa1a.25.1.1.aln  -            153   1.2e-13   46.6   6.7   1   1   1.8e-15   1.3e-13   46.5   6.7     4   145     2   148     1   149 0.97 -
#
# Program:         hmmsearch
# Version:         3.1b2 (February 2015)
# Pipeline mode:   SEARCH
# Query file:      hmmModels95/d2fzfa1a.25.1.1.hmm
# Target file:     scop/scopTestSeq.fasta
# Option settings: hmmsearch --domtblout hmmModels95/d2fzfa1a.25.1.1.out -E 1 hmmModels95/d2fzfa1a.25.1.1.hmm scop/scopTestSeq.fasta 
# Current dir:     /users/nfs/Etu7/3801677/SBAS/TME8
# Date:            Tue Apr  4 15:54:24 2023
# [ok]
