#                                                                            --- full sequence --- -------------- this domain -------------   hmm coord   ali coord   env coord
# target name        accession   tlen query name           accession   qlen   E-value  score  bias   #  of  c-Evalue  i-Evalue  score  bias  from    to  from    to  from    to  acc description of target
#------------------- ---------- ----- -------------------- ---------- ----- --------- ------ ----- --- --- --------- --------- ------ ----- ----- ----- ----- ----- ----- ----- ---- ---------------------
d1z0xa2a.121.1.1     -            149 d2g3ba2a.121.1.1.aln -            125   2.2e-41  136.4   0.0   1   1   8.8e-43   2.4e-41  136.2   0.0     2   125     2   145     1   145 0.99 -
d3c07a2a.121.1.1     -            146 d2g3ba2a.121.1.1.aln -            125   9.6e-33  108.5   2.1   1   1   3.9e-34   1.1e-32  108.4   2.1     1   125     1   137     1   137 0.99 -
d2g7la2a.121.1.1     -            144 d2g3ba2a.121.1.1.aln -            125   3.6e-24   81.0   6.5   1   1   1.5e-25     4e-24   80.8   6.5     1   123     1   138     1   140 0.99 -
d2fbqa2a.121.1.1     -            134 d2g3ba2a.121.1.1.aln -            125   1.1e-18   63.4   0.3   1   1   4.2e-20   1.2e-18   63.2   0.3     2   123     4   130     3   132 0.98 -
d2g7ga2a.121.1.1     -            132 d2g3ba2a.121.1.1.aln -            125   4.4e-18   61.4   8.2   1   1   1.8e-19   4.9e-18   61.2   8.2     2   124     2   128     1   129 0.97 -
d2id3a2a.121.1.1     -            123 d2g3ba2a.121.1.1.aln -            125   1.5e-16   56.4   5.4   1   1   5.9e-18   1.6e-16   56.3   5.4     3   122     2   121     1   123 0.98 -
d2oi8a2a.121.1.1     -            130 d2g3ba2a.121.1.1.aln -            125   2.6e-16   55.7   1.9   1   1     1e-17   2.8e-16   55.5   1.9     3   124     6   128     4   129 0.97 -
d1rkta2a.121.1.1     -            123 d2g3ba2a.121.1.1.aln -            125   3.9e-15   51.9   0.1   1   1   1.6e-16   4.3e-15   51.8   0.1     7   122     2   119     1   122 0.95 -
d2hyja2a.121.1.1     -            118 d2g3ba2a.121.1.1.aln -            125   6.8e-15   51.1   3.1   1   1   2.8e-16   7.5e-15   51.0   3.1    14   121    13   116     2   118 0.92 -
d2gena2a.121.1.1     -            118 d2g3ba2a.121.1.1.aln -            125   1.5e-14   50.0   5.4   1   1   5.8e-16   1.6e-14   49.9   5.4     2   122     2   117     1   118 0.98 -
d1t33a2a.121.1.1     -            132 d2g3ba2a.121.1.1.aln -            125   2.2e-14   49.5   0.2   1   1     9e-16   2.4e-14   49.3   0.2     2   125     2   131     1   131 0.99 -
d2fx0a2a.121.1.1     -            122 d2g3ba2a.121.1.1.aln -            125   1.3e-13   47.0   0.0   1   1   5.1e-15   1.4e-13   46.9   0.0    10   125     4   120     1   120 0.93 -
d2g7sa2a.121.1.1     -            116 d2g3ba2a.121.1.1.aln -            125   9.9e-13   44.1   1.1   1   1   4.2e-14   1.2e-12   43.9   1.1    11   122     9   116     3   116 0.95 -
d2i10a2a.121.1.1     -            116 d2g3ba2a.121.1.1.aln -            125   2.2e-12   43.0   1.9   1   1   8.6e-14   2.4e-12   42.9   1.9    10   120     9   114     1   116 0.88 -
d1vi0a2a.121.1.1     -            117 d2g3ba2a.121.1.1.aln -            125   4.2e-12   42.1   0.0   1   1   1.8e-13     5e-12   41.9   0.0    13   122     7   116     2   117 0.94 -
d1ui5a2a.121.1.1     -            133 d2g3ba2a.121.1.1.aln -            125   6.2e-12   41.6   0.7   1   1   2.5e-13   6.7e-12   41.5   0.7     2   123     2   132     1   133 0.98 -
d2gfna2a.121.1.1     -            119 d2g3ba2a.121.1.1.aln -            125     1e-11   40.9   4.9   1   1     4e-13   1.1e-11   40.8   4.9    10   122     4   119     1   119 0.96 -
d1zk8a2a.121.1.1     -            105 d2g3ba2a.121.1.1.aln -            125     1e-11   40.9   0.0   1   1     4e-13   1.1e-11   40.8   0.0     2    95     2    94     1   105 0.94 -
d2d6ya2a.121.1.1     -            118 d2g3ba2a.121.1.1.aln -            125   4.2e-11   38.9   1.1   1   1   1.7e-12   4.6e-11   38.8   1.1     2   121     2   117     1   118 0.95 -
d1t56a2a.121.1.1     -            120 d2g3ba2a.121.1.1.aln -            125     2e-10   36.7   1.6   1   1   7.9e-12   2.1e-10   36.6   1.6     3   121     2   118     1   120 0.95 -
d2id6a2a.121.1.1     -            125 d2g3ba2a.121.1.1.aln -            125   3.3e-10   36.0   0.0   1   1   1.3e-11   3.7e-10   35.9   0.0     2   125     2   124     1   124 0.97 -
d2np5a2a.121.1.1     -            118 d2g3ba2a.121.1.1.aln -            125   5.5e-10   35.3   2.2   1   1   2.3e-11   6.2e-10   35.1   2.2    10   115     5   111     2   118 0.93 -
d2fq4a2a.121.1.1     -            115 d2g3ba2a.121.1.1.aln -            125   8.7e-10   34.7   0.0   1   1   3.3e-11   9.1e-10   34.6   0.0     7   117     3   110     1   115 0.93 -
d2o7ta2a.121.1.1     -            110 d2g3ba2a.121.1.1.aln -            125   1.7e-09   33.7   0.0   1   1   6.9e-11   1.9e-09   33.6   0.0     2   124     2   109     1   110 0.94 -
d2iu5a2a.121.1.1     -            109 d2g3ba2a.121.1.1.aln -            125   1.9e-08   30.4   0.0   1   1   7.9e-10   2.1e-08   30.2   0.0     9   121     3   105     1   108 0.97 -
d2hkua2a.121.1.1     -            121 d2g3ba2a.121.1.1.aln -            125     6e-08   28.8   0.0   1   1   2.3e-09   6.4e-08   28.7   0.0     9   122     5   120     1   121 0.94 -
d2np3a2a.121.1.1     -            112 d2g3ba2a.121.1.1.aln -            125   1.8e-07   27.2   4.8   1   1   7.5e-09     2e-07   27.1   4.8     8   123     2   108     1   110 0.95 -
d2fd5a2a.121.1.1     -            104 d2g3ba2a.121.1.1.aln -            125   4.1e-07   26.1   1.2   1   1   1.6e-08   4.3e-07   26.0   1.2     9    94     5    90     1   104 0.88 -
d1sgma2a.121.1.1     -            111 d2g3ba2a.121.1.1.aln -            125   1.8e-05   20.8   0.0   1   1   7.6e-07   2.1e-05   20.6   0.0    15   120    10   110     4   111 0.90 -
#
# Program:         hmmsearch
# Version:         3.1b2 (February 2015)
# Pipeline mode:   SEARCH
# Query file:      hmmModels95/d2g3ba2a.121.1.1.hmm
# Target file:     scop/scopTestSeq.fasta
# Option settings: hmmsearch --domtblout hmmModels95/d2g3ba2a.121.1.1.out -E 1 hmmModels95/d2g3ba2a.121.1.1.hmm scop/scopTestSeq.fasta 
# Current dir:     /users/nfs/Etu7/3801677/SBAS/TME8
# Date:            Tue Apr  4 15:54:24 2023
# [ok]
