#                                                                            --- full sequence --- -------------- this domain -------------   hmm coord   ali coord   env coord
# target name        accession   tlen query name           accession   qlen   E-value  score  bias   #  of  c-Evalue  i-Evalue  score  bias  from    to  from    to  from    to  acc description of target
#------------------- ---------- ----- -------------------- ---------- ----- --------- ------ ----- --- --- --------- --------- ------ ----- ----- ----- ----- ----- ----- ----- ---- ---------------------
d2pq8a_d.108.1.1     -            271 d2g3aa1d.108.1.1.aln -            176   1.7e-60  199.4   2.0   1   1   1.1e-61   2.1e-60  199.1   2.0     4   176     2   180     1   180 0.99 -
d2p0wa_d.108.1.1     -            319 d2g3aa1d.108.1.1.aln -            176   4.5e-54  178.4   1.6   1   1   4.3e-55   7.9e-54  177.6   1.6     2   176    23   227    22   244 0.99 -
d1boba_d.108.1.1     -            315 d2g3aa1d.108.1.1.aln -            176   1.1e-53  177.2   1.1   1   1   7.4e-55   1.4e-53  176.9   1.1     2   176    35   225    34   225 0.99 -
d1p0ha_d.108.1.1     -            308 d2g3aa1d.108.1.1.aln -            176   1.6e-36  121.3   0.0   1   3   2.4e-35   4.4e-34  113.3   0.0     2   175    23   208    22   209 0.99 -
d1p0ha_d.108.1.1     -            308 d2g3aa1d.108.1.1.aln -            176   1.6e-36  121.3   0.0   2   3       2.9        54   -1.0   0.0    87   109   227   249   216   251 0.73 -
d1p0ha_d.108.1.1     -            308 d2g3aa1d.108.1.1.aln -            176   1.6e-36  121.3   0.0   3   3     0.052      0.96    4.8   0.0   128   154   278   303   269   308 0.78 -
d1u6ma_d.108.1.1     -            189 d2g3aa1d.108.1.1.aln -            176   1.4e-29   98.7   0.1   1   1   9.9e-31   1.8e-29   98.3   0.1     9   166    32   186    25   189 0.96 -
d2gana1d.108.1.1     -            182 d2g3aa1d.108.1.1.aln -            176   2.4e-28   94.6   1.3   1   1   1.5e-29   2.7e-28   94.5   1.3     3   167     8   181     6   182 0.97 -
d1yk3a1d.108.1.1     -            198 d2g3aa1d.108.1.1.aln -            176   5.2e-27   90.3   0.0   1   1   3.2e-28   5.8e-27   90.1   0.0     5   168    27   196    23   198 0.97 -
d1z4ea1d.108.1.1     -            150 d2g3aa1d.108.1.1.aln -            176   6.4e-23   77.0   0.1   1   1   3.9e-24   7.2e-23   76.8   0.1     2   154     1   145     1   150 0.96 -
d2b5ga_d.108.1.1     -            168 d2g3aa1d.108.1.1.aln -            176   1.1e-21   73.0   0.5   1   1   6.5e-23   1.2e-21   72.8   0.5     4   170     4   166     1   168 0.97 -
d1i12a_d.108.1.1     -            157 d2g3aa1d.108.1.1.aln -            176   3.9e-21   71.2   0.0   1   1   2.8e-22   5.1e-21   70.8   0.0     4   154     6   152     4   156 0.97 -
d1tiqa_d.108.1.1     -            173 d2g3aa1d.108.1.1.aln -            176   4.7e-21   70.9   0.0   1   1   2.9e-22   5.3e-21   70.7   0.0     6   165     5   162     1   172 0.91 -
d2ae6a1d.108.1.1     -            161 d2g3aa1d.108.1.1.aln -            176   5.1e-20   67.5   0.1   1   1   3.2e-21   5.9e-20   67.3   0.1     3   171     5   158     3   160 0.96 -
d2cy2a1d.108.1.1     -            174 d2g3aa1d.108.1.1.aln -            176   9.8e-19   63.4   0.4   1   1   6.4e-20   1.2e-18   63.1   0.4     4   166     2   163     1   168 0.96 -
d1qsma_d.108.1.1     -            150 d2g3aa1d.108.1.1.aln -            176   1.1e-18   63.2   0.2   1   1   7.8e-20   1.4e-18   62.8   0.2     3   158     3   148     1   150 0.94 -
d1y9ka1d.108.1.1     -            152 d2g3aa1d.108.1.1.aln -            176   1.1e-18   63.1   0.0   1   1   7.4e-20   1.4e-18   62.9   0.0    88   169    57   137    43   144 0.92 -
d1z4ra1d.108.1.1     -            162 d2g3aa1d.108.1.1.aln -            176   1.4e-18   62.8   0.1   1   1   8.4e-20   1.5e-18   62.7   0.1     6   164    10   161     5   162 0.94 -
d2euia1d.108.1.1     -            153 d2g3aa1d.108.1.1.aln -            176   3.5e-18   61.5   0.1   1   1   2.3e-19   4.2e-18   61.3   0.1     3   158     1   145     1   151 0.97 -
d1wwza1d.108.1.1     -            157 d2g3aa1d.108.1.1.aln -            176   3.8e-18   61.4   2.2   1   1   2.4e-19   4.4e-18   61.2   2.2     2   161     3   154     2   157 0.94 -
d1mk4a_d.108.1.1     -            157 d2g3aa1d.108.1.1.aln -            176   5.7e-18   60.9   0.0   1   1   3.6e-19   6.7e-18   60.6   0.0     2   151     1   128     1   144 0.96 -
d1y9wa1d.108.1.1     -            140 d2g3aa1d.108.1.1.aln -            176   7.7e-18   60.4   0.9   1   1   4.4e-19     8e-18   60.4   0.9    10   167     3   137     1   140 0.87 -
d1ufha_d.108.1.1     -            155 d2g3aa1d.108.1.1.aln -            176     1e-17   60.1   0.1   1   1   5.8e-19   1.1e-17   60.0   0.1    60   158    68   154     4   155 0.87 -
d1nsla_d.108.1.1     -            180 d2g3aa1d.108.1.1.aln -            176   1.6e-17   59.4   0.1   1   1     1e-18   1.9e-17   59.2   0.1     2   170    10   173     9   178 0.97 -
d1cjwa_d.108.1.1     -            166 d2g3aa1d.108.1.1.aln -            176   1.5e-16   56.2   0.0   1   1   1.1e-17     2e-16   55.8   0.0     4   157     7   153     5   163 0.94 -
d2fl4a1d.108.1.1     -            146 d2g3aa1d.108.1.1.aln -            176   2.7e-15   52.2   0.2   1   1   1.5e-16   2.8e-15   52.1   0.2    16   166    14   145     1   146 0.89 -
d2fcka1d.108.1.1     -            178 d2g3aa1d.108.1.1.aln -            176   6.5e-15   50.9   0.1   1   1   4.4e-16     8e-15   50.6   0.1    32   169    36   173    19   177 0.94 -
d1vkca_d.108.1.1     -            149 d2g3aa1d.108.1.1.aln -            176   1.1e-14   50.1   1.3   1   1   8.1e-16   1.5e-14   49.7   1.3     9   151    10   141     7   148 0.93 -
d1m4ia_d.108.1.1     -            181 d2g3aa1d.108.1.1.aln -            176   1.2e-14   50.1   0.1   1   1     8e-16   1.5e-14   49.8   0.1     2   149     2   132     1   135 0.96 -
d2fiaa1d.108.1.1     -            157 d2g3aa1d.108.1.1.aln -            176   3.2e-14   48.6   0.7   1   1   2.4e-15   4.5e-14   48.2   0.7     3   168     1   152     1   156 0.86 -
d2atra1d.108.1.1     -            137 d2g3aa1d.108.1.1.aln -            176     3e-13   45.5   0.0   1   1   1.8e-14   3.4e-13   45.3   0.0     2   164     1   136     1   137 0.92 -
d1ghea_d.108.1.1     -            170 d2g3aa1d.108.1.1.aln -            176   3.8e-13   45.1   0.0   1   1   2.3e-14   4.2e-13   45.0   0.0    26   158    25   153     2   165 0.89 -
d1n71a_d.108.1.1     -            180 d2g3aa1d.108.1.1.aln -            176   6.2e-13   44.5   0.0   1   1   3.6e-14   6.6e-13   44.4   0.0     5   175     3   179     1   180 0.96 -
d2jdca1d.108.1.1     -            145 d2g3aa1d.108.1.1.aln -            176   9.9e-13   43.8   0.3   1   1   6.6e-14   1.2e-12   43.5   0.3    77   163    55   137    33   144 0.88 -
d1yx0a1d.108.1.1     -            151 d2g3aa1d.108.1.1.aln -            176   1.7e-12   43.0   0.0   1   1   9.7e-14   1.8e-12   43.0   0.0    23   161    21   142     1   151 0.88 -
d1bo4a_d.108.1.1     -            137 d2g3aa1d.108.1.1.aln -            176   5.7e-12   41.3   0.0   1   1   3.5e-13   6.4e-12   41.1   0.0    14   147    14   137     3   137 0.88 -
d1r57a_d.108.1.1     -            102 d2g3aa1d.108.1.1.aln -            176   2.2e-11   39.4   0.1   1   1   1.3e-12   2.4e-11   39.3   0.1    64   135    11    83     4   101 0.85 -
d1xeba_d.108.1.1     -            149 d2g3aa1d.108.1.1.aln -            176   6.7e-11   37.8   0.4   1   1   4.6e-12   8.5e-11   37.5   0.4     5   157     4   138     1   146 0.87 -
d2fiwa1d.108.1.1     -            156 d2g3aa1d.108.1.1.aln -            176   4.3e-10   35.2   0.0   1   1     4e-11   7.3e-10   34.4   0.0     4   152     5   136     2   146 0.86 -
d1y7ra1d.108.1.1     -            133 d2g3aa1d.108.1.1.aln -            176   5.7e-10   34.8   0.1   1   1   3.5e-11   6.4e-10   34.6   0.1    91   160    64   131    39   133 0.91 -
d2aj6a1d.108.1.1     -            118 d2g3aa1d.108.1.1.aln -            176   1.2e-08   30.5   0.0   1   1   6.9e-10   1.3e-08   30.4   0.0     3   127     2   115     1   118 0.89 -
d1xmta_d.108.1.1     -             95 d2g3aa1d.108.1.1.aln -            176   1.8e-08   30.0   0.0   1   1     1e-09   1.9e-08   29.8   0.0    69   131    11    73     3    88 0.92 -
d1q2ya_d.108.1.1     -            140 d2g3aa1d.108.1.1.aln -            176   6.9e-08   28.0   0.1   1   1   4.8e-09   8.9e-08   27.7   0.1    86   156    61   127     4   139 0.78 -
d2g3aa1d.108.1.1     -            137 d2g3aa1d.108.1.1.aln -            176   3.3e-07   25.8   0.1   1   1   2.4e-08   4.4e-07   25.4   0.1    96   152    66   119    54   121 0.91 -
d2fsra1d.108.1.1     -            164 d2g3aa1d.108.1.1.aln -            176    0.0012   14.3   0.0   1   1     8e-05    0.0015   13.9   0.0    16   156    15   152     5   163 0.88 -
#
# Program:         hmmsearch
# Version:         3.1b2 (February 2015)
# Pipeline mode:   SEARCH
# Query file:      hmmModels95/d2g3aa1d.108.1.1.hmm
# Target file:     scop/scopTestSeq.fasta
# Option settings: hmmsearch --domtblout hmmModels95/d2g3aa1d.108.1.1.out -E 1 hmmModels95/d2g3aa1d.108.1.1.hmm scop/scopTestSeq.fasta 
# Current dir:     /users/nfs/Etu7/3801677/SBAS/TME8
# Date:            Tue Apr  4 15:54:24 2023
# [ok]
