#                                                                            --- full sequence --- -------------- this domain -------------   hmm coord   ali coord   env coord
# target name        accession   tlen query name           accession   qlen   E-value  score  bias   #  of  c-Evalue  i-Evalue  score  bias  from    to  from    to  from    to  acc description of target
#------------------- ---------- ----- -------------------- ---------- ----- --------- ------ ----- --- --- --------- --------- ------ ----- ----- ----- ----- ----- ----- ----- ---- ---------------------
d1z0xa2a.121.1.1     -            149 d2g7sa2a.121.1.1.aln -            120     6e-33  109.3   0.0   1   1   2.6e-34     7e-33  109.0   0.0     2   120     2   134     1   134 0.99 -
d2g7la2a.121.1.1     -            144 d2g7sa2a.121.1.1.aln -            120   3.6e-29   97.1   9.1   1   1   1.5e-30   4.1e-29   97.0   9.1     1   120     1   125     1   125 0.99 -
d3c07a2a.121.1.1     -            146 d2g7sa2a.121.1.1.aln -            120   4.5e-22   74.4   2.2   1   1   1.9e-23   5.2e-22   74.2   2.2     2   119     1   133     1   134 0.99 -
d2fbqa2a.121.1.1     -            134 d2g7sa2a.121.1.1.aln -            120   3.7e-17   58.6   0.2   1   1   1.5e-18   4.2e-17   58.4   0.2     3   120     6   128     4   128 0.98 -
d2id6a2a.121.1.1     -            125 d2g7sa2a.121.1.1.aln -            120   1.3e-16   56.8   0.0   1   1   5.4e-18   1.5e-16   56.7   0.0     2   119     5   124     4   125 0.97 -
d2g7ga2a.121.1.1     -            132 d2g7sa2a.121.1.1.aln -            120   1.5e-16   56.6   6.3   1   1   5.6e-18   1.5e-16   56.6   6.3     2   108     2   108     1   118 0.94 -
d1ui5a2a.121.1.1     -            133 d2g7sa2a.121.1.1.aln -            120   6.2e-15   51.5   0.2   1   1   2.6e-16     7e-15   51.3   0.2     3   118     3   121     1   123 0.97 -
d2id3a2a.121.1.1     -            123 d2g7sa2a.121.1.1.aln -            120   6.6e-15   51.4   5.4   1   1   2.8e-16   7.8e-15   51.2   5.4     4   120     7   120     2   120 0.92 -
d1t33a2a.121.1.1     -            132 d2g7sa2a.121.1.1.aln -            120   8.7e-15   51.0   0.2   1   1   3.6e-16   9.7e-15   50.8   0.2     2   119     2   119     1   120 0.98 -
d2d6ya2a.121.1.1     -            118 d2g7sa2a.121.1.1.aln -            120   4.2e-14   48.8   1.0   1   1   1.7e-15   4.6e-14   48.7   1.0     1   115     1   116     1   118 0.98 -
d2np5a2a.121.1.1     -            118 d2g7sa2a.121.1.1.aln -            120   4.5e-14   48.7   3.3   1   1   1.9e-15   5.3e-14   48.5   3.3     2   114     3   114     2   117 0.97 -
d2oi8a2a.121.1.1     -            130 d2g7sa2a.121.1.1.aln -            120   4.7e-14   48.6   1.8   1   1     2e-15   5.6e-14   48.4   1.8     3   116     2   118     1   121 0.97 -
d1rkta2a.121.1.1     -            123 d2g7sa2a.121.1.1.aln -            120   1.1e-13   47.5   0.0   1   1   4.4e-15   1.2e-13   47.3   0.0     7   118     2   109     1   111 0.97 -
d2fx0a2a.121.1.1     -            122 d2g7sa2a.121.1.1.aln -            120   8.1e-13   44.7   0.0   1   1   3.4e-14   9.2e-13   44.5   0.0     8   117     7   118     2   121 0.95 -
d2gena2a.121.1.1     -            118 d2g7sa2a.121.1.1.aln -            120   1.4e-12   43.9   5.3   1   1   5.7e-14   1.5e-12   43.8   5.3     3   117     3   117     1   118 0.98 -
d2hyja2a.121.1.1     -            118 d2g7sa2a.121.1.1.aln -            120   1.6e-12   43.7   4.0   1   1   6.4e-14   1.7e-12   43.6   4.0     4   117     4   117     1   118 0.97 -
d1vi0a2a.121.1.1     -            117 d2g7sa2a.121.1.1.aln -            120   5.9e-12   41.9   0.0   1   1   2.3e-13   6.4e-12   41.8   0.0     3   117     2   116     1   117 0.98 -
d1t56a2a.121.1.1     -            120 d2g7sa2a.121.1.1.aln -            120   9.5e-12   41.3   1.6   1   1   3.8e-13     1e-11   41.1   1.6     2   116     4   118     3   120 0.98 -
d1zk8a2a.121.1.1     -            105 d2g7sa2a.121.1.1.aln -            120   1.7e-11   40.4   0.0   1   1   6.5e-13   1.8e-11   40.4   0.0     3   103     3   104     1   105 0.96 -
d2i10a2a.121.1.1     -            116 d2g7sa2a.121.1.1.aln -            120   3.6e-11   39.4   1.8   1   1   1.6e-12   4.3e-11   39.1   1.8     2   103     2   109     1   115 0.91 -
d2gfna2a.121.1.1     -            119 d2g7sa2a.121.1.1.aln -            120   6.7e-11   38.5   5.5   1   1   2.6e-12   7.2e-11   38.4   5.5     3   117     3   117     1   119 0.96 -
d2hkua2a.121.1.1     -            121 d2g7sa2a.121.1.1.aln -            120   9.4e-11   38.1   0.0   1   1   3.6e-12   9.7e-11   38.0   0.0     7   116     6   118     1   121 0.94 -
d2np3a2a.121.1.1     -            112 d2g7sa2a.121.1.1.aln -            120   1.1e-10   37.8   5.0   1   1   4.3e-12   1.2e-10   37.7   5.0    12   118     6   112     1   112 0.96 -
d2iu5a2a.121.1.1     -            109 d2g7sa2a.121.1.1.aln -            120   1.1e-10   37.8   0.0   1   1   4.5e-12   1.2e-10   37.7   0.0     5   109     2   106     1   109 0.97 -
d1sgma2a.121.1.1     -            111 d2g7sa2a.121.1.1.aln -            120   5.8e-10   35.5   0.0   1   1   2.3e-11   6.3e-10   35.4   0.0     2   112     2   111     1   111 0.98 -
d2fq4a2a.121.1.1     -            115 d2g7sa2a.121.1.1.aln -            120   1.3e-09   34.4   0.0   1   1   5.1e-11   1.4e-09   34.3   0.0     5   118     2   115     1   115 0.97 -
d2g3ba2a.121.1.1     -            116 d2g7sa2a.121.1.1.aln -            120   1.3e-09   34.4   1.2   1   1     5e-11   1.3e-09   34.3   1.2     6   116     4   114     1   116 0.93 -
d2o7ta2a.121.1.1     -            110 d2g7sa2a.121.1.1.aln -            120   3.4e-09   33.0   0.0   1   1   1.5e-10   4.1e-09   32.8   0.0    12   119     4   109     2   110 0.97 -
d2fd5a2a.121.1.1     -            104 d2g7sa2a.121.1.1.aln -            120   3.9e-08   29.6   2.0   1   1   1.6e-09   4.4e-08   29.5   2.0     8   104     5   101     1   103 0.95 -
#
# Program:         hmmsearch
# Version:         3.1b2 (February 2015)
# Pipeline mode:   SEARCH
# Query file:      hmmModels95/d2g7sa2a.121.1.1.hmm
# Target file:     scop/scopTestSeq.fasta
# Option settings: hmmsearch --domtblout hmmModels95/d2g7sa2a.121.1.1.out -E 1 hmmModels95/d2g7sa2a.121.1.1.hmm scop/scopTestSeq.fasta 
# Current dir:     /users/nfs/Etu7/3801677/SBAS/TME8
# Date:            Tue Apr  4 15:54:24 2023
# [ok]
