#                                                                            --- full sequence --- -------------- this domain -------------   hmm coord   ali coord   env coord
# target name        accession   tlen query name           accession   qlen   E-value  score  bias   #  of  c-Evalue  i-Evalue  score  bias  from    to  from    to  from    to  acc description of target
#------------------- ---------- ----- -------------------- ---------- ----- --------- ------ ----- --- --- --------- --------- ------ ----- ----- ----- ----- ----- ----- ----- ---- ---------------------
d1z0xa2a.121.1.1     -            149 d2g7ga2a.121.1.1.aln -            121   3.2e-35  116.0   0.0   1   1   1.4e-36   3.7e-35  115.8   0.0     1   121     6   126     6   126 0.99 -
d3c07a2a.121.1.1     -            146 d2g7ga2a.121.1.1.aln -            121   1.2e-28   94.9   1.0   1   1   5.6e-30   1.5e-28   94.7   1.0     1   120     1   120     1   121 0.98 -
d1ui5a2a.121.1.1     -            133 d2g7ga2a.121.1.1.aln -            121   7.5e-24   79.5   0.1   1   1   3.5e-25   9.1e-24   79.3   0.1     7   119     3   115     1   117 0.97 -
d2g7la2a.121.1.1     -            144 d2g7ga2a.121.1.1.aln -            121     3e-20   68.0   7.9   1   1   1.6e-21   4.2e-20   67.5   7.6     2   120     2   120     1   121 0.98 -
d2id3a2a.121.1.1     -            123 d2g7ga2a.121.1.1.aln -            121   4.2e-20   67.5   4.6   1   1   1.7e-21   4.6e-20   67.4   4.6     2   119     4   121     3   123 0.97 -
d2gfna2a.121.1.1     -            119 d2g7ga2a.121.1.1.aln -            121   8.1e-20   66.6   4.8   1   1   3.3e-21   8.7e-20   66.5   4.8     3   118     3   118     1   119 0.97 -
d1rkta2a.121.1.1     -            123 d2g7ga2a.121.1.1.aln -            121   1.2e-18   62.9   0.1   1   1   4.8e-20   1.3e-18   62.8   0.1     2   120     2   120     1   121 0.98 -
d1t33a2a.121.1.1     -            132 d2g7ga2a.121.1.1.aln -            121   1.5e-18   62.5   0.1   1   1   6.4e-20   1.7e-18   62.4   0.1     1   120     3   122     3   123 0.98 -
d1vi0a2a.121.1.1     -            117 d2g7ga2a.121.1.1.aln -            121   2.1e-18   62.1   0.0   1   1   8.7e-20   2.3e-18   61.9   0.0     5   119     2   116     1   117 0.98 -
d2g7sa2a.121.1.1     -            116 d2g7ga2a.121.1.1.aln -            121     3e-18   61.6   0.9   1   1   1.2e-19   3.2e-18   61.5   0.9     1   113     2   114     2   116 0.95 -
d2oi8a2a.121.1.1     -            130 d2g7ga2a.121.1.1.aln -            121   1.2e-17   59.7   0.8   1   1     5e-19   1.3e-17   59.5   0.8     4   120     1   117     1   118 0.97 -
d2hyja2a.121.1.1     -            118 d2g7ga2a.121.1.1.aln -            121   1.7e-17   59.1   4.1   1   1   7.1e-19   1.9e-17   59.0   4.1     4   113     6   115     3   118 0.92 -
d1t56a2a.121.1.1     -            120 d2g7ga2a.121.1.1.aln -            121   5.9e-17   57.4   1.5   1   1   2.4e-18   6.2e-17   57.3   1.5     4   118     3   117     1   120 0.97 -
d2fbqa2a.121.1.1     -            134 d2g7ga2a.121.1.1.aln -            121   1.1e-16   56.5   0.1   1   1   4.7e-18   1.2e-16   56.4   0.1     2   119     3   120     2   122 0.98 -
d2d6ya2a.121.1.1     -            118 d2g7ga2a.121.1.1.aln -            121   1.1e-16   56.5   0.8   1   1   4.6e-18   1.2e-16   56.4   0.8     4   118     2   116     1   118 0.97 -
d2i10a2a.121.1.1     -            116 d2g7ga2a.121.1.1.aln -            121   1.6e-16   56.0   1.8   1   1   6.7e-18   1.8e-16   55.9   1.8     2   111     4   113     3   116 0.93 -
d2id6a2a.121.1.1     -            125 d2g7ga2a.121.1.1.aln -            121   5.7e-16   54.3   0.0   1   1   2.3e-17   6.1e-16   54.2   0.0     3   118     4   119     2   122 0.97 -
d2g3ba2a.121.1.1     -            116 d2g7ga2a.121.1.1.aln -            121   6.9e-16   54.0   1.3   1   1   3.1e-17   8.1e-16   53.8   1.3     2   108     2   108     1   115 0.93 -
d2gena2a.121.1.1     -            118 d2g7ga2a.121.1.1.aln -            121   7.7e-15   50.6   4.5   1   1   3.2e-16   8.4e-15   50.5   4.5     3   119     2   117     1   118 0.97 -
d2np5a2a.121.1.1     -            118 d2g7ga2a.121.1.1.aln -            121   5.1e-14   48.0   2.7   1   1   2.2e-15   5.7e-14   47.8   2.7     2   120     3   114     2   115 0.97 -
d1sgma2a.121.1.1     -            111 d2g7ga2a.121.1.1.aln -            121   1.3e-13   46.7   0.0   1   1   5.1e-15   1.3e-13   46.7   0.0     2   107     4   104     3   111 0.94 -
d2hkua2a.121.1.1     -            121 d2g7ga2a.121.1.1.aln -            121   1.3e-13   46.7   0.0   1   1   5.4e-15   1.4e-13   46.6   0.0     4   118     5   119     2   121 0.95 -
d2fx0a2a.121.1.1     -            122 d2g7ga2a.121.1.1.aln -            121   1.4e-13   46.6   0.0   1   1   5.4e-15   1.4e-13   46.6   0.0     3   116     4   117     2   122 0.95 -
d2fq4a2a.121.1.1     -            115 d2g7ga2a.121.1.1.aln -            121     1e-11   40.6   0.0   1   1   4.2e-13   1.1e-11   40.5   0.0     3    99     2    98     1   112 0.95 -
d2iu5a2a.121.1.1     -            109 d2g7ga2a.121.1.1.aln -            121   1.6e-11   40.0   0.0   1   1   6.7e-13   1.8e-11   39.8   0.0     9   115     2   108     1   109 0.97 -
d2o7ta2a.121.1.1     -            110 d2g7ga2a.121.1.1.aln -            121   4.3e-11   38.6   0.0   1   1   1.9e-12     5e-11   38.4   0.0    13   112     6   105     3   110 0.95 -
d1zk8a2a.121.1.1     -            105 d2g7ga2a.121.1.1.aln -            121   3.8e-09   32.4   0.0   1   1   1.5e-10     4e-09   32.3   0.0    16   117     3   104     1   105 0.96 -
d2np3a2a.121.1.1     -            112 d2g7ga2a.121.1.1.aln -            121   1.8e-08   30.2   5.0   1   1   1.1e-09   2.8e-08   29.6   5.0     1   119     2   107     2   109 0.97 -
d2fd5a2a.121.1.1     -            104 d2g7ga2a.121.1.1.aln -            121   3.9e-06   22.7   1.5   1   1   1.6e-07   4.3e-06   22.6   1.5     5   113     4    99     1   104 0.90 -
d1xeaa1c.2.1.3       -            168 d2g7ga2a.121.1.1.aln -            121    0.0022   13.9   0.4   1   2    0.0016     0.042    9.8   0.1    57    89    56    88    52    92 0.87 -
d1xeaa1c.2.1.3       -            168 d2g7ga2a.121.1.1.aln -            121    0.0022   13.9   0.4   2   2      0.35       9.1    2.3   0.0    49    84   120   155   105   159 0.81 -
#
# Program:         hmmsearch
# Version:         3.1b2 (February 2015)
# Pipeline mode:   SEARCH
# Query file:      hmmModels95/d2g7ga2a.121.1.1.hmm
# Target file:     scop/scopTestSeq.fasta
# Option settings: hmmsearch --domtblout hmmModels95/d2g7ga2a.121.1.1.out -E 1 hmmModels95/d2g7ga2a.121.1.1.hmm scop/scopTestSeq.fasta 
# Current dir:     /users/nfs/Etu7/3801677/SBAS/TME8
# Date:            Tue Apr  4 15:54:24 2023
# [ok]
