#                                                                            --- full sequence --- -------------- this domain -------------   hmm coord   ali coord   env coord
# target name        accession   tlen query name           accession   qlen   E-value  score  bias   #  of  c-Evalue  i-Evalue  score  bias  from    to  from    to  from    to  acc description of target
#------------------- ---------- ----- -------------------- ---------- ----- --------- ------ ----- --- --- --------- --------- ------ ----- ----- ----- ----- ----- ----- ----- ---- ---------------------
d1z0xa2a.121.1.1     -            149 d2g7la2a.121.1.1.aln -            122     2e-37  123.6   0.0   1   1   8.6e-39   2.3e-37  123.4   0.0     2   122     2   135     1   135 0.99 -
d3c07a2a.121.1.1     -            146 d2g7la2a.121.1.1.aln -            122   2.8e-26   87.8   2.0   1   1   1.3e-27   3.4e-26   87.5   2.0     2   121     1   134     1   135 0.99 -
d2g7ga2a.121.1.1     -            132 d2g7la2a.121.1.1.aln -            122     1e-19   66.8   7.6   1   1   4.6e-21   1.2e-19   66.5   7.6     2   119     2   116     1   122 0.97 -
d2fbqa2a.121.1.1     -            134 d2g7la2a.121.1.1.aln -            122     1e-18   63.6   0.3   1   1   4.2e-20   1.1e-18   63.4   0.3     2   121     4   127     3   128 0.98 -
d1ui5a2a.121.1.1     -            133 d2g7la2a.121.1.1.aln -            122   4.6e-17   58.2   0.2   1   1   1.9e-18   5.1e-17   58.1   0.2     2   120     2   122     1   124 0.98 -
d2id3a2a.121.1.1     -            123 d2g7la2a.121.1.1.aln -            122   1.6e-15   53.3   5.3   1   1   6.5e-17   1.7e-15   53.2   5.3     8   121     8   120     1   121 0.95 -
d1t33a2a.121.1.1     -            132 d2g7la2a.121.1.1.aln -            122   2.9e-15   52.5   0.1   1   1   1.2e-16   3.2e-15   52.3   0.1     2   121     2   124     1   125 0.98 -
d2g7sa2a.121.1.1     -            116 d2g7la2a.121.1.1.aln -            122   1.7e-14   50.0   1.0   1   1     7e-16   1.8e-14   49.9   1.0     2   116     2   115     1   116 0.98 -
d2d6ya2a.121.1.1     -            118 d2g7la2a.121.1.1.aln -            122     2e-14   49.8   0.8   1   1   8.1e-16   2.1e-14   49.7   0.8     5   121     2   117     1   118 0.96 -
d1rkta2a.121.1.1     -            123 d2g7la2a.121.1.1.aln -            122     2e-14   49.7   0.0   1   1   8.6e-16   2.3e-14   49.6   0.0     7   120     2   110     1   112 0.97 -
d2oi8a2a.121.1.1     -            130 d2g7la2a.121.1.1.aln -            122     2e-14   49.7   1.9   1   1   8.4e-16   2.2e-14   49.6   1.9     3   118     2   119     1   123 0.97 -
d2np5a2a.121.1.1     -            118 d2g7la2a.121.1.1.aln -            122   2.4e-14   49.5   3.1   1   1     1e-15   2.7e-14   49.3   3.1     2   115     3   114     2   117 0.97 -
d1t56a2a.121.1.1     -            120 d2g7la2a.121.1.1.aln -            122   4.4e-14   48.7   1.6   1   1   1.8e-15   4.8e-14   48.5   1.6     2   119     3   119     2   120 0.98 -
d2id6a2a.121.1.1     -            125 d2g7la2a.121.1.1.aln -            122   3.5e-13   45.7   0.0   1   1   1.5e-14   3.8e-13   45.6   0.0     3   121     3   124     1   125 0.97 -
d2g3ba2a.121.1.1     -            116 d2g7la2a.121.1.1.aln -            122   1.5e-12   43.7   1.0   1   1   6.2e-14   1.6e-12   43.6   1.0     4   122     1   116     1   116 0.98 -
d2hyja2a.121.1.1     -            118 d2g7la2a.121.1.1.aln -            122   2.5e-12   43.0   3.6   1   1     1e-13   2.6e-12   42.9   3.6     4   118     4   117     1   118 0.97 -
d2fx0a2a.121.1.1     -            122 d2g7la2a.121.1.1.aln -            122   3.6e-12   42.5   0.0   1   1   1.5e-13     4e-12   42.3   0.0     8   120     7   120     2   122 0.95 -
d1zk8a2a.121.1.1     -            105 d2g7la2a.121.1.1.aln -            122     4e-12   42.3   0.0   1   1   1.6e-13   4.3e-12   42.3   0.0     3   104     3   104     1   105 0.96 -
d2gena2a.121.1.1     -            118 d2g7la2a.121.1.1.aln -            122   8.2e-12   41.4   5.0   1   1   3.4e-13   8.9e-12   41.2   5.0     2   119     2   118     1   118 0.98 -
d2i10a2a.121.1.1     -            116 d2g7la2a.121.1.1.aln -            122   1.2e-11   40.8   1.6   1   1   5.7e-13   1.5e-11   40.5   1.6     2    99     2   104     1   115 0.88 -
d1vi0a2a.121.1.1     -            117 d2g7la2a.121.1.1.aln -            122   1.3e-11   40.8   0.0   1   1   5.1e-13   1.4e-11   40.7   0.0     3   117     2   115     1   117 0.97 -
d2hkua2a.121.1.1     -            121 d2g7la2a.121.1.1.aln -            122   7.2e-11   38.3   0.0   1   1   2.8e-12   7.4e-11   38.3   0.0     6   117     5   118     1   121 0.93 -
d2gfna2a.121.1.1     -            119 d2g7la2a.121.1.1.aln -            122     1e-10   37.8   5.5   1   1   4.1e-12   1.1e-10   37.7   5.5     3   117     3   116     1   119 0.96 -
d2o7ta2a.121.1.1     -            110 d2g7la2a.121.1.1.aln -            122   1.1e-10   37.8   0.0   1   1   4.6e-12   1.2e-10   37.6   0.0    12   121     4   110     2   110 0.98 -
d2fq4a2a.121.1.1     -            115 d2g7la2a.121.1.1.aln -            122   1.8e-10   37.0   0.0   1   1   7.6e-12     2e-10   36.9   0.0     5   118     2   114     1   115 0.96 -
d2np3a2a.121.1.1     -            112 d2g7la2a.121.1.1.aln -            122   1.4e-09   34.1   4.9   1   1   5.9e-11   1.6e-09   34.0   4.9     8   118     2   111     1   112 0.96 -
d2iu5a2a.121.1.1     -            109 d2g7la2a.121.1.1.aln -            122   9.8e-09   31.5   0.0   1   1   3.9e-10     1e-08   31.4   0.0     8   112     2   105     1   109 0.96 -
d1sgma2a.121.1.1     -            111 d2g7la2a.121.1.1.aln -            122   1.9e-07   27.4   0.0   1   1   7.6e-09     2e-07   27.3   0.0     2   116     2   110     1   111 0.93 -
d2fd5a2a.121.1.1     -            104 d2g7la2a.121.1.1.aln -            122   3.4e-07   26.5   1.8   1   1   1.5e-08   3.9e-07   26.3   1.8     6   105     3   101     1   103 0.94 -
d2g7la2a.121.1.1     -            144 d2g7la2a.121.1.1.aln -            122   0.00017   17.9   4.3   1   2   8.9e-06   0.00024   17.4   2.4     2    54     2    53     1    92 0.90 -
d2g7la2a.121.1.1     -            144 d2g7la2a.121.1.1.aln -            122   0.00017   17.9   4.3   2   2       2.1        54    0.2   0.1    43    61    87   105    64   117 0.64 -
#
# Program:         hmmsearch
# Version:         3.1b2 (February 2015)
# Pipeline mode:   SEARCH
# Query file:      hmmModels95/d2g7la2a.121.1.1.hmm
# Target file:     scop/scopTestSeq.fasta
# Option settings: hmmsearch --domtblout hmmModels95/d2g7la2a.121.1.1.out -E 1 hmmModels95/d2g7la2a.121.1.1.hmm scop/scopTestSeq.fasta 
# Current dir:     /users/nfs/Etu7/3801677/SBAS/TME8
# Date:            Tue Apr  4 15:54:24 2023
# [ok]
