#                                                                            --- full sequence --- -------------- this domain -------------   hmm coord   ali coord   env coord
# target name        accession   tlen query name           accession   qlen   E-value  score  bias   #  of  c-Evalue  i-Evalue  score  bias  from    to  from    to  from    to  acc description of target
#------------------- ---------- ----- -------------------- ---------- ----- --------- ------ ----- --- --- --------- --------- ------ ----- ----- ----- ----- ----- ----- ----- ---- ---------------------
d3fvsa_c.67.1.1      -            419 d2gb3a1c.67.1.1.aln  -            391  9.9e-133  438.1   0.0   1   1  2.1e-134  1.1e-132  437.9   0.0     5   390     2   417     1   418 0.99 -
d1gdea_c.67.1.1      -            388 d2gb3a1c.67.1.1.aln  -            391  5.2e-126  416.0   0.1   1   1  1.1e-127  5.8e-126  415.8   0.1     6   391     7   384     2   384 0.96 -
d1bw0a_c.67.1.1      -            412 d2gb3a1c.67.1.1.aln  -            391  1.2e-109  362.0   0.0   1   1  2.7e-111  1.4e-109  361.9   0.0     2   390     4   408     3   409 0.98 -
d2hoxa_c.67.1.1      -            425 d2gb3a1c.67.1.1.aln  -            391   4.1e-92  304.4   0.0   1   1   8.8e-94   4.6e-92  304.2   0.0     1   390     2   424     2   425 0.99 -
d1lc5a_c.67.1.1      -            355 d2gb3a1c.67.1.1.aln  -            391   1.5e-75  249.8   0.0   1   1   3.2e-77   1.7e-75  249.7   0.0    10   389     4   355     1   355 0.98 -
d1fg7a_c.67.1.1      -            354 d2gb3a1c.67.1.1.aln  -            391   1.3e-71  236.9   0.0   1   1   2.8e-73   1.5e-71  236.7   0.0    12   388     3   354     1   354 0.97 -
d1svva_c.67.1.1      -            340 d2gb3a1c.67.1.1.aln  -            391   1.8e-66  220.0   0.0   1   1     4e-68   2.1e-66  219.7   0.0    60   387    25   339     7   340 0.97 -
d1m6sa_c.67.1.1      -            343 d2gb3a1c.67.1.1.aln  -            391   9.1e-65  214.3   0.0   1   1     2e-66   1.1e-64  214.1   0.0    46   390    14   340     5   341 0.94 -
d1v72a1c.67.1.1      -            345 d2gb3a1c.67.1.1.aln  -            391   3.4e-62  205.9   0.0   1   1   7.3e-64   3.9e-62  205.7   0.0     9   386     4   342     1   345 0.97 -
d2gb3a1c.67.1.1      -            389 d2gb3a1c.67.1.1.aln  -            391   6.1e-59  195.2   0.0   1   1   1.3e-60   6.8e-59  195.0   0.0     8   345     8   330     1   367 0.90 -
d3piua_c.67.1.4      -            416 d2gb3a1c.67.1.1.aln  -            391   3.6e-31  103.7   0.0   1   1   8.9e-33   4.7e-31  103.4   0.0    71   389    70   412    65   414 0.88 -
d3ftba_c.67.1.0      -            334 d2gb3a1c.67.1.1.aln  -            391   7.7e-30   99.4   0.0   1   1   1.9e-31   9.7e-30   99.0   0.0    83   387    47   329    18   331 0.87 -
d2c81a_c.67.1.0      -            409 d2gb3a1c.67.1.1.aln  -            391   0.00011   16.6   0.2   1   1   6.9e-06   0.00037   14.8   0.2   100   210    56   157    31   161 0.86 -
d1gpja2c.2.1.7       -            159 d2gb3a1c.67.1.1.aln  -            391    0.0012   13.1   0.0   1   1   3.3e-05    0.0017   12.6   0.0    77   152     9    82     2    96 0.79 -
d2bhua3c.1.8.1       -            420 d2gb3a1c.67.1.1.aln  -            391    0.0068   10.6   0.0   1   1    0.0002      0.01   10.0   0.0   189   227    82   120    80   132 0.89 -
#
# Program:         hmmsearch
# Version:         3.1b2 (February 2015)
# Pipeline mode:   SEARCH
# Query file:      hmmModels95/d2gb3a1c.67.1.1.hmm
# Target file:     scop/scopTestSeq.fasta
# Option settings: hmmsearch --domtblout hmmModels95/d2gb3a1c.67.1.1.out -E 1 hmmModels95/d2gb3a1c.67.1.1.hmm scop/scopTestSeq.fasta 
# Current dir:     /users/nfs/Etu7/3801677/SBAS/TME8
# Date:            Tue Apr  4 15:54:24 2023
# [ok]
