#                                                                            --- full sequence --- -------------- this domain -------------   hmm coord   ali coord   env coord
# target name        accession   tlen query name           accession   qlen   E-value  score  bias   #  of  c-Evalue  i-Evalue  score  bias  from    to  from    to  from    to  acc description of target
#------------------- ---------- ----- -------------------- ---------- ----- --------- ------ ----- --- --- --------- --------- ------ ----- ----- ----- ----- ----- ----- ----- ---- ---------------------
d1t33a1a.4.1.9       -             88 d2gfna1a.4.1.9.aln   -             74   1.5e-29   97.2   1.9   1   1   4.7e-31   1.8e-29   97.0   1.9     1    74     9    81     9    81 0.98 -
d2id6a1a.4.1.9       -             75 d2gfna1a.4.1.9.aln   -             74   1.5e-26   87.7   0.5   1   1   4.2e-28   1.6e-26   87.6   0.5     4    73     3    72     1    73 0.97 -
d1vi0a1a.4.1.9       -             72 d2gfna1a.4.1.9.aln   -             74   1.7e-25   84.3   0.1   1   1   4.8e-27   1.8e-25   84.2   0.1     5    72     2    69     1    71 0.96 -
d1rkta1a.4.1.9       -             81 d2gfna1a.4.1.9.aln   -             74   1.3e-24   81.4   0.1   1   1   3.9e-26   1.5e-24   81.3   0.1     2    73     9    80     8    81 0.97 -
d1ui5a1a.4.1.9       -             71 d2gfna1a.4.1.9.aln   -             74   1.5e-23   78.0   1.3   1   1   4.2e-25   1.6e-23   78.0   1.3     2    65     3    66     2    71 0.91 -
d2gena1a.4.1.9       -             70 d2gfna1a.4.1.9.aln   -             74   3.2e-22   73.8   0.4   1   1   9.1e-24   3.4e-22   73.7   0.4     5    72     1    68     1    70 0.96 -
d2i10a1a.4.1.9       -             69 d2gfna1a.4.1.9.aln   -             74   6.5e-22   72.8   0.0   1   1   1.8e-23   6.7e-22   72.7   0.0     9    71     5    67     1    69 0.95 -
d2fd5a1a.4.1.9       -             76 d2gfna1a.4.1.9.aln   -             74   1.1e-21   72.0   0.1   1   1   3.4e-23   1.3e-21   71.8   0.1     1    69     4    72     4    75 0.97 -
d2oi8a1a.4.1.9       -             79 d2gfna1a.4.1.9.aln   -             74   3.4e-21   70.5   0.5   1   1   9.8e-23   3.7e-21   70.4   0.5     2    72     7    77     6    79 0.97 -
d1t56a1a.4.1.9       -             73 d2gfna1a.4.1.9.aln   -             74     1e-20   69.0   0.0   1   1   2.8e-22     1e-20   68.9   0.0     5    73     4    72     1    73 0.95 -
d2np5a1a.4.1.9       -             69 d2gfna1a.4.1.9.aln   -             74   1.4e-20   68.5   0.1   1   1     4e-22   1.5e-20   68.4   0.1     7    70     4    67     1    69 0.95 -
d1sgma1a.4.1.9       -             73 d2gfna1a.4.1.9.aln   -             74   2.3e-20   67.8   0.0   1   1   6.4e-22   2.4e-20   67.8   0.0     4    72     2    71     1    73 0.96 -
d2np3a1a.4.1.9       -             65 d2gfna1a.4.1.9.aln   -             74   1.3e-19   65.4   0.2   1   1   4.3e-21   1.6e-19   65.1   0.2     9    61     1    53     1    64 0.90 -
d2hyja1a.4.1.9       -             75 d2gfna1a.4.1.9.aln   -             74   2.1e-19   64.7   0.1   1   1   5.8e-21   2.2e-19   64.7   0.1     3    70     4    71     2    75 0.94 -
d2g7sa1a.4.1.9       -             74 d2gfna1a.4.1.9.aln   -             74   2.2e-19   64.6   0.0   1   1   6.2e-21   2.3e-19   64.6   0.0     3    72     3    72     1    74 0.95 -
d2iu5a1a.4.1.9       -             71 d2gfna1a.4.1.9.aln   -             74   7.3e-19   63.0   0.1   1   1     2e-20   7.5e-19   63.0   0.1     3    67     4    69     2    71 0.93 -
d2gfna1a.4.1.9       -             77 d2gfna1a.4.1.9.aln   -             74   1.1e-16   56.1   0.2   1   1     3e-18   1.1e-16   56.0   0.2     3    72     5    74     3    76 0.94 -
d1zk8a1a.4.1.9       -             72 d2gfna1a.4.1.9.aln   -             74   1.6e-16   55.5   0.1   1   1     5e-18   1.9e-16   55.3   0.1     5    72     4    71     2    72 0.97 -
d2o7ta1a.4.1.9       -             78 d2gfna1a.4.1.9.aln   -             74   5.8e-16   53.7   0.0   1   1   1.6e-17     6e-16   53.7   0.0     3    71     5    75     3    78 0.84 -
d2id3a1a.4.1.9       -             68 d2gfna1a.4.1.9.aln   -             74   1.7e-15   52.2   0.0   1   1   4.8e-17   1.8e-15   52.1   0.0     3    64     5    66     3    68 0.94 -
d2g7ga1a.4.1.9       -             65 d2gfna1a.4.1.9.aln   -             74   3.9e-14   47.9   0.0   1   1   1.1e-15   4.1e-14   47.8   0.0     5    68     2    63     1    65 0.95 -
#
# Program:         hmmsearch
# Version:         3.1b2 (February 2015)
# Pipeline mode:   SEARCH
# Query file:      hmmModels95/d2gfna1a.4.1.9.hmm
# Target file:     scop/scopTestSeq.fasta
# Option settings: hmmsearch --domtblout hmmModels95/d2gfna1a.4.1.9.out -E 1 hmmModels95/d2gfna1a.4.1.9.hmm scop/scopTestSeq.fasta 
# Current dir:     /users/nfs/Etu7/3801677/SBAS/TME8
# Date:            Tue Apr  4 15:54:25 2023
# [ok]
