#                                                                            --- full sequence --- -------------- this domain -------------   hmm coord   ali coord   env coord
# target name        accession   tlen query name           accession   qlen   E-value  score  bias   #  of  c-Evalue  i-Evalue  score  bias  from    to  from    to  from    to  acc description of target
#------------------- ---------- ----- -------------------- ---------- ----- --------- ------ ----- --- --- --------- --------- ------ ----- ----- ----- ----- ----- ----- ----- ---- ---------------------
d2nuja1d.38.1.1      -            159 d2gf6a1d.38.1.1.aln  -            138   7.2e-53  173.5   0.0   1   1   1.6e-54   8.1e-53  173.3   0.0     2   136    20   154    19   156 0.98 -
d2hx5a1d.38.1.1      -            144 d2gf6a1d.38.1.1.aln  -            138   5.1e-43  141.6   0.0   1   1   1.1e-44   5.6e-43  141.5   0.0     2   135     3   143     2   144 0.98 -
d1vpma_d.38.1.1      -            155 d2gf6a1d.38.1.1.aln  -            138   1.3e-41  137.0   0.2   1   1   2.9e-43   1.4e-41  136.9   0.2     2   137     7   141     6   142 0.98 -
d3qy3a1d.38.1.1      -            130 d2gf6a1d.38.1.1.aln  -            138   3.5e-39  129.2   0.1   1   1   7.7e-41   3.8e-39  129.0   0.1     4   132     2   129     1   130 0.98 -
d2hlja1d.38.1.1      -            156 d2gf6a1d.38.1.1.aln  -            138     4e-39  129.0   0.0   1   1   9.1e-41   4.5e-39  128.8   0.0     2   138     1   140     1   140 0.98 -
d2oiwa1d.38.1.1      -            131 d2gf6a1d.38.1.1.aln  -            138   2.6e-38  126.4   0.3   1   1   5.7e-40   2.8e-38  126.2   0.3     5   137     1   129     1   130 0.98 -
d1lo7a_d.38.1.1      -            140 d2gf6a1d.38.1.1.aln  -            138     4e-37  122.5   0.0   1   1   8.8e-39   4.4e-37  122.4   0.0     5   133     3   140     1   140 0.98 -
d2oafa1d.38.1.1      -            143 d2gf6a1d.38.1.1.aln  -            138   1.1e-35  117.8   0.0   1   1   2.5e-37   1.2e-35  117.7   0.0     2   137     5   142     4   143 0.98 -
d1s5ua_d.38.1.1      -            129 d2gf6a1d.38.1.1.aln  -            138   2.6e-35  116.6   1.5   1   1   5.8e-37   2.9e-35  116.5   1.5     5   132     2   129     1   129 0.98 -
d3bjka_d.38.1.1      -            140 d2gf6a1d.38.1.1.aln  -            138   2.8e-33  110.0   0.0   1   1   6.2e-35   3.1e-33  109.9   0.0     5   136     4   137     1   139 0.96 -
d1njka_d.38.1.1      -            133 d2gf6a1d.38.1.1.aln  -            138     3e-33  109.9   0.0   1   1   6.6e-35   3.3e-33  109.8   0.0     6   136     2   132     1   133 0.95 -
d2gvha1d.38.1.1      -            135 d2gf6a1d.38.1.1.aln  -            138   1.6e-32  107.6   0.1   1   1   3.5e-34   1.7e-32  107.5   0.1     2   131     5   133     4   135 0.96 -
d2gf6a1d.38.1.1      -            134 d2gf6a1d.38.1.1.aln  -            138   3.2e-14   48.3   0.0   1   1   7.7e-16   3.8e-14   48.1   0.0     8   132     8   131     1   133 0.91 -
d2hboa1d.38.1.5      -            142 d2gf6a1d.38.1.1.aln  -            138   7.5e-06   21.2   0.0   1   1   5.8e-07   2.8e-05   19.3   0.0     7   115    33   133    29   140 0.87 -
d1wlua_d.38.1.5      -            117 d2gf6a1d.38.1.1.aln  -            138     8e-06   21.1   0.8   1   1   1.1e-06   5.3e-05   18.5   0.8     8   109    23   114    17   117 0.88 -
d3f5oa_d.38.1.5      -            138 d2gf6a1d.38.1.1.aln  -            138   4.7e-05   18.6   0.0   1   1     3e-06   0.00015   17.0   0.0     7    80    38   105    32   111 0.82 -
#
# Program:         hmmsearch
# Version:         3.1b2 (February 2015)
# Pipeline mode:   SEARCH
# Query file:      hmmModels95/d2gf6a1d.38.1.1.hmm
# Target file:     scop/scopTestSeq.fasta
# Option settings: hmmsearch --domtblout hmmModels95/d2gf6a1d.38.1.1.out -E 1 hmmModels95/d2gf6a1d.38.1.1.hmm scop/scopTestSeq.fasta 
# Current dir:     /users/nfs/Etu7/3801677/SBAS/TME8
# Date:            Tue Apr  4 15:54:25 2023
# [ok]
