#                                                                            --- full sequence --- -------------- this domain -------------   hmm coord   ali coord   env coord
# target name        accession   tlen query name           accession   qlen   E-value  score  bias   #  of  c-Evalue  i-Evalue  score  bias  from    to  from    to  from    to  acc description of target
#------------------- ---------- ----- -------------------- ---------- ----- --------- ------ ----- --- --- --------- --------- ------ ----- ----- ----- ----- ----- ----- ----- ---- ---------------------
d2dw4a2c.3.1.2       -            450 d2gf3a1c.3.1.2.aln   -            358  5.9e-130  429.1   0.2   1   3   7.6e-10   2.5e-08   29.0   0.2     7    42     8    43     4    43 0.97 -
d2dw4a2c.3.1.2       -            450 d2gf3a1c.3.1.2.aln   -            358  5.9e-130  429.1   0.2   2   3  1.7e-124  5.5e-123  406.1   0.0     7   358    37   412    36   412 1.00 -
d2dw4a2c.3.1.2       -            450 d2gf3a1c.3.1.2.aln   -            358  5.9e-130  429.1   0.2   3   3       4.9   1.6e+02   -3.3   0.0   302   330   415   443   414   446 0.87 -
d2iida1c.3.1.2       -            371 d2gf3a1c.3.1.2.aln   -            358     8e-98  323.3   0.0   1   1   2.8e-99   9.1e-98  323.2   0.0     2   336    28   370    27   371 0.99 -
d1n4wa1c.3.1.2       -            368 d2gf3a1c.3.1.2.aln   -            358   2.2e-87  289.0   0.3   1   1   7.5e-89   2.5e-87  288.8   0.3     3   355    17   367    15   368 0.99 -
d2gmha1c.3.1.2       -            381 d2gf3a1c.3.1.2.aln   -            358   2.6e-81  269.0   0.0   1   1   8.9e-83   2.9e-81  268.9   0.0     3   358    31   381    29   381 0.99 -
d2f5va1c.3.1.2       -            380 d2gf3a1c.3.1.2.aln   -            358   7.9e-80  264.2   0.0   1   1   2.7e-81   8.7e-80  264.0   0.0     1   357     1   377     1   378 0.99 -
d1kdga1c.3.1.2       -            361 d2gf3a1c.3.1.2.aln   -            358   6.6e-78  257.8   0.0   1   1   2.2e-79   7.4e-78  257.7   0.0     3   356     1   360     1   361 0.99 -
d1seza1c.3.1.2       -            374 d2gf3a1c.3.1.2.aln   -            358   1.6e-75  250.0   0.0   1   1   5.4e-77   1.8e-75  249.8   0.0     5   357     2   367     1   368 0.99 -
d1b5qa1c.3.1.2       -            348 d2gf3a1c.3.1.2.aln   -            358     3e-75  249.1   0.1   1   1     1e-76   3.3e-75  248.9   0.1     5   340     1   348     1   348 1.00 -
d1pn0a1c.3.1.2       -            361 d2gf3a1c.3.1.2.aln   -            358   4.4e-73  242.0   0.0   1   1   1.5e-74   4.9e-73  241.8   0.0     2   358     5   357     4   357 0.99 -
d1ju2a1c.3.1.2       -            352 d2gf3a1c.3.1.2.aln   -            358   2.1e-68  226.6   0.2   1   1   7.1e-70   2.3e-68  226.4   0.2     3   356    26   350    24   352 0.96 -
d2ivda1c.3.1.2       -            348 d2gf3a1c.3.1.2.aln   -            358   4.6e-56  186.0   0.3   1   1   1.6e-57   5.1e-56  185.8   0.3     6   356     2   346     1   348 0.99 -
d1k0ia1c.3.1.2       -            293 d2gf3a1c.3.1.2.aln   -            358   6.7e-51  169.0   0.0   1   1   2.3e-52   7.5e-51  168.8   0.0     4   346     2   292     1   293 0.98 -
d1pj5a2c.3.1.2       -            306 d2gf3a1c.3.1.2.aln   -            358   8.5e-46  152.2   0.1   1   1   2.9e-47   9.5e-46  152.0   0.1     5   354     2   305     1   306 0.98 -
d1ryia1c.3.1.2       -            277 d2gf3a1c.3.1.2.aln   -            358     9e-42  139.0   0.0   1   1   4.3e-43   1.4e-41  138.3   0.0     1   355     1   276     1   277 0.99 -
d2voua1c.3.1.2       -            266 d2gf3a1c.3.1.2.aln   -            358   5.4e-41  136.4   1.1   1   1   5.4e-42   1.8e-40  134.7   1.1     2   344     2   264     1   266 0.98 -
d3c96a1c.3.1.2       -            289 d2gf3a1c.3.1.2.aln   -            358   4.3e-40  133.5   0.9   1   1   1.5e-41   4.9e-40  133.3   0.9     5   349     2   288     1   289 0.99 -
d2gf3a1c.3.1.2       -            282 d2gf3a1c.3.1.2.aln   -            358   1.5e-06   23.1   0.0   1   1   6.2e-08   2.1e-06   22.7   0.0     3    39     2    38     1    48 0.89 -
d1w4xa1c.3.1.5       -            299 d2gf3a1c.3.1.2.aln   -            358   1.3e-05   20.0   0.1   1   1   5.9e-07   1.9e-05   19.4   0.1     6    45     9    48     5    54 0.92 -
d1v59a2c.3.1.5       -            122 d2gf3a1c.3.1.2.aln   -            358   1.4e-05   19.9   0.0   1   1   4.3e-07   1.4e-05   19.9   0.0     4    34    23    53    21   114 0.91 -
d1nhpa2c.3.1.5       -            123 d2gf3a1c.3.1.2.aln   -            358   4.2e-05   18.4   0.6   1   1     2e-06   6.4e-05   17.7   0.5     6    40    32    66    29    69 0.90 -
d2gv8a1c.3.1.5       -            336 d2gf3a1c.3.1.2.aln   -            358   5.8e-05   17.9   0.0   1   1   2.5e-06   8.4e-05   17.4   0.0     7    63     7    68     5    87 0.80 -
d1v59a1c.3.1.5       -            234 d2gf3a1c.3.1.2.aln   -            358   0.00016   16.4   0.5   1   1   7.1e-06   0.00023   15.9   0.5     6    41     7    42     5    44 0.95 -
d1xhca2c.3.1.5       -            122 d2gf3a1c.3.1.2.aln   -            358    0.0006   14.5   0.6   1   1   2.5e-05   0.00083   14.1   0.6     8    37    36    65    34    70 0.92 -
d1fl2a1c.3.1.5       -            185 d2gf3a1c.3.1.2.aln   -            358     0.011   10.4   1.4   1   1   0.00045     0.015   10.0   1.4     4    28     1    25     1    33 0.89 -
#
# Program:         hmmsearch
# Version:         3.1b2 (February 2015)
# Pipeline mode:   SEARCH
# Query file:      hmmModels95/d2gf3a1c.3.1.2.hmm
# Target file:     scop/scopTestSeq.fasta
# Option settings: hmmsearch --domtblout hmmModels95/d2gf3a1c.3.1.2.out -E 1 hmmModels95/d2gf3a1c.3.1.2.hmm scop/scopTestSeq.fasta 
# Current dir:     /users/nfs/Etu7/3801677/SBAS/TME8
# Date:            Tue Apr  4 15:54:25 2023
# [ok]
