#                                                                            --- full sequence --- -------------- this domain -------------   hmm coord   ali coord   env coord
# target name        accession   tlen query name           accession   qlen   E-value  score  bias   #  of  c-Evalue  i-Evalue  score  bias  from    to  from    to  from    to  acc description of target
#------------------- ---------- ----- -------------------- ---------- ----- --------- ------ ----- --- --- --------- --------- ------ ----- ----- ----- ----- ----- ----- ----- ---- ---------------------
d1kkoa2d.54.1.1      -            160 d2gl5a2d.54.1.1.aln  -            131     4e-46  152.3   0.0   1   1   6.3e-48   4.5e-46  152.1   0.0     1   131    15   156    15   156 0.99 -
d2akza2d.54.1.1      -            139 d2gl5a2d.54.1.1.aln  -            131   6.2e-37  122.5   0.0   1   1   9.5e-39   6.8e-37  122.4   0.0     3   130     2   134     1   135 0.99 -
d1wuea2d.54.1.1      -            126 d2gl5a2d.54.1.1.aln  -            131   5.4e-35  116.3   0.0   1   1   8.2e-37   5.9e-35  116.1   0.0     1   130     1   125     1   126 0.96 -
d1r0ma2d.54.1.1      -            127 d2gl5a2d.54.1.1.aln  -            131   2.8e-29   97.8   0.1   1   1   4.3e-31   3.1e-29   97.6   0.1     1   131     3   127     3   127 0.99 -
d2mnra2d.54.1.1      -            130 d2gl5a2d.54.1.1.aln  -            131   1.3e-28   95.6   0.4   1   1   2.1e-30   1.5e-28   95.4   0.4     2   130     3   126     2   127 0.98 -
d1sjda2d.54.1.1      -            125 d2gl5a2d.54.1.1.aln  -            131   6.5e-28   93.4   0.1   1   1   9.9e-30   7.1e-28   93.2   0.1     1   130     1   124     1   125 0.96 -
d1yeya2d.54.1.1      -            139 d2gl5a2d.54.1.1.aln  -            131   2.1e-27   91.7   0.3   1   1   3.2e-29   2.3e-27   91.6   0.3     2   131     2   137     1   137 0.99 -
d2gdqa2d.54.1.1      -            115 d2gl5a2d.54.1.1.aln  -            131   2.8e-26   88.1   0.0   1   1   4.8e-28   3.5e-26   87.8   0.0     2   131     2   115     1   115 0.98 -
d1jpdx2d.54.1.1      -            116 d2gl5a2d.54.1.1.aln  -            131   6.1e-23   77.3   0.0   1   1   1.2e-24   8.4e-23   76.8   0.0     1   130     2   115     2   116 0.94 -
d1r6wa2d.54.1.1      -            101 d2gl5a2d.54.1.1.aln  -            131   1.4e-14   50.2   0.0   1   1   3.4e-16   2.5e-14   49.4   0.0     1   118     1    98     1   101 0.97 -
d2gl5a2d.54.1.1      -            122 d2gl5a2d.54.1.1.aln  -            131   3.3e-08   29.6   0.0   1   1   8.5e-10   6.1e-08   28.8   0.0    33   131    27   122     2   122 0.71 -
#
# Program:         hmmsearch
# Version:         3.1b2 (February 2015)
# Pipeline mode:   SEARCH
# Query file:      hmmModels95/d2gl5a2d.54.1.1.hmm
# Target file:     scop/scopTestSeq.fasta
# Option settings: hmmsearch --domtblout hmmModels95/d2gl5a2d.54.1.1.out -E 1 hmmModels95/d2gl5a2d.54.1.1.hmm scop/scopTestSeq.fasta 
# Current dir:     /users/nfs/Etu7/3801677/SBAS/TME8
# Date:            Tue Apr  4 15:54:25 2023
# [ok]
