#                                                                            --- full sequence --- -------------- this domain -------------   hmm coord   ali coord   env coord
# target name        accession   tlen query name           accession   qlen   E-value  score  bias   #  of  c-Evalue  i-Evalue  score  bias  from    to  from    to  from    to  acc description of target
#------------------- ---------- ----- -------------------- ---------- ----- --------- ------ ----- --- --- --------- --------- ------ ----- ----- ----- ----- ----- ----- ----- ---- ---------------------
d2dw4a2c.3.1.2       -            450 d2gmha1c.3.1.2.aln   -            369    4e-138  456.1   0.8   1   2   8.1e-11   2.7e-09   32.1   0.2     7    43     8    44     5    44 0.97 -
d2dw4a2c.3.1.2       -            450 d2gmha1c.3.1.2.aln   -            369    4e-138  456.1   0.8   2   2  7.5e-132  2.5e-130  430.4   0.0     7   369    37   411    36   411 1.00 -
d2iida1c.3.1.2       -            371 d2gmha1c.3.1.2.aln   -            369  2.5e-101  334.9   0.0   1   1  8.6e-103  2.8e-101  334.8   0.0     2   348    28   370    27   371 0.99 -
d1n4wa1c.3.1.2       -            368 d2gmha1c.3.1.2.aln   -            369     7e-89  294.0   0.3   1   1   2.4e-90   7.8e-89  293.8   0.3     2   367    16   367    15   368 0.99 -
d2f5va1c.3.1.2       -            380 d2gmha1c.3.1.2.aln   -            369   1.4e-85  283.1   0.0   1   1   4.7e-87   1.6e-85  283.0   0.0     1   368     1   376     1   377 0.99 -
d1seza1c.3.1.2       -            374 d2gmha1c.3.1.2.aln   -            369   1.5e-81  269.9   0.0   1   1   5.1e-83   1.7e-81  269.7   0.0     5   369     2   368     1   368 0.99 -
d1kdga1c.3.1.2       -            361 d2gmha1c.3.1.2.aln   -            369   5.9e-79  261.3   0.0   1   1     2e-80   6.6e-79  261.2   0.0     3   368     1   360     1   361 0.99 -
d1b5qa1c.3.1.2       -            348 d2gmha1c.3.1.2.aln   -            369   6.9e-78  257.8   0.1   1   1   2.3e-79   7.7e-78  257.7   0.1     5   352     1   348     1   348 0.99 -
d1pn0a1c.3.1.2       -            361 d2gmha1c.3.1.2.aln   -            369   3.8e-72  238.9   0.0   1   1   1.3e-73   4.2e-72  238.8   0.0     2   366     5   360     4   361 0.99 -
d1ju2a1c.3.1.2       -            352 d2gmha1c.3.1.2.aln   -            369   1.3e-71  237.2   0.2   1   1   4.3e-73   1.4e-71  237.1   0.2     3   368    26   350    24   351 0.98 -
d2ivda1c.3.1.2       -            348 d2gmha1c.3.1.2.aln   -            369   1.3e-57  191.1   0.3   1   1   4.5e-59   1.5e-57  190.9   0.3     6   367     2   346     1   348 0.99 -
d1k0ia1c.3.1.2       -            293 d2gmha1c.3.1.2.aln   -            369   2.3e-49  164.0   0.0   1   1   7.7e-51   2.5e-49  163.8   0.0     4   358     2   292     1   293 0.99 -
d1pj5a2c.3.1.2       -            306 d2gmha1c.3.1.2.aln   -            369   9.7e-49  161.9   0.1   1   1   3.3e-50   1.1e-48  161.8   0.1     5   365     2   304     1   306 0.98 -
d3c96a1c.3.1.2       -            289 d2gmha1c.3.1.2.aln   -            369   5.2e-46  152.9   0.3   1   1   1.8e-47   5.8e-46  152.8   0.3     5   353     2   287     1   289 0.99 -
d1ryia1c.3.1.2       -            277 d2gmha1c.3.1.2.aln   -            369   5.4e-46  152.9   0.0   1   1   1.9e-47   6.2e-46  152.7   0.0     1   344     1   275     1   277 0.98 -
d2gf3a1c.3.1.2       -            282 d2gmha1c.3.1.2.aln   -            369   8.6e-44  145.6   0.0   1   1   3.1e-45     1e-43  145.4   0.0     2   349     1   279     1   282 0.98 -
d2voua1c.3.1.2       -            266 d2gmha1c.3.1.2.aln   -            369   7.7e-39  129.3   0.5   1   1   4.7e-40   1.5e-38  128.4   0.5     2   346     2   261     1   266 0.98 -
d1nhpa2c.3.1.5       -            123 d2gmha1c.3.1.2.aln   -            369   3.4e-06   21.9   0.1   1   1   1.2e-07     4e-06   21.7   0.1     6    41    32    67    28   117 0.85 -
d1v59a2c.3.1.5       -            122 d2gmha1c.3.1.2.aln   -            369   9.7e-06   20.4   0.3   1   1   4.3e-07   1.4e-05   19.9   0.2     3    34    22    53    20    62 0.92 -
d1w4xa1c.3.1.5       -            299 d2gmha1c.3.1.2.aln   -            369   4.7e-05   18.2   0.1   1   1   2.3e-06   7.5e-05   17.5   0.1     6    45     9    48     8    62 0.94 -
d2gmha1c.3.1.2       -            381 d2gmha1c.3.1.2.aln   -            369   9.9e-05   17.1   0.5   1   1   4.7e-06   0.00016   16.5   0.5     6    25    34    53    33    57 0.93 -
d2gv8a1c.3.1.5       -            336 d2gmha1c.3.1.2.aln   -            369   0.00021   16.0   0.0   1   1   8.7e-06   0.00029   15.6   0.0     7    59     7    64     3   109 0.82 -
d1v59a1c.3.1.5       -            234 d2gmha1c.3.1.2.aln   -            369   0.00026   15.7   0.5   1   1   1.6e-05   0.00052   14.7   0.5     6    41     7    42     6    44 0.96 -
d1xhca2c.3.1.5       -            122 d2gmha1c.3.1.2.aln   -            369    0.0004   15.1   0.6   1   1   1.7e-05   0.00057   14.6   0.6     8    37    36    65    34    69 0.92 -
d1fl2a1c.3.1.5       -            185 d2gmha1c.3.1.2.aln   -            369    0.0082   10.8   1.1   1   1   0.00037     0.012   10.2   1.1     4    28     1    25     1    35 0.87 -
#
# Program:         hmmsearch
# Version:         3.1b2 (February 2015)
# Pipeline mode:   SEARCH
# Query file:      hmmModels95/d2gmha1c.3.1.2.hmm
# Target file:     scop/scopTestSeq.fasta
# Option settings: hmmsearch --domtblout hmmModels95/d2gmha1c.3.1.2.out -E 1 hmmModels95/d2gmha1c.3.1.2.hmm scop/scopTestSeq.fasta 
# Current dir:     /users/nfs/Etu7/3801677/SBAS/TME8
# Date:            Tue Apr  4 15:54:25 2023
# [ok]
