#                                                                            --- full sequence --- -------------- this domain -------------   hmm coord   ali coord   env coord
# target name        accession   tlen query name           accession   qlen   E-value  score  bias   #  of  c-Evalue  i-Evalue  score  bias  from    to  from    to  from    to  acc description of target
#------------------- ---------- ----- -------------------- ---------- ----- --------- ------ ----- --- --- --------- --------- ------ ----- ----- ----- ----- ----- ----- ----- ---- ---------------------
d1g41a_c.37.1.20     -            443 d2gnoa2c.37.1.20.aln -            292  1.7e-142  469.3   7.4   1   1    6e-144  2.1e-142  469.1   7.4     1   292     3   430     3   430 1.00 -
d1um8a_c.37.1.20     -            364 d2gnoa2c.37.1.20.aln -            292  2.2e-110  364.0   3.6   1   1  7.2e-112  2.5e-110  363.8   3.6     2   292     7   359     6   359 0.99 -
d2p65a_c.37.1.20     -            185 d2gnoa2c.37.1.20.aln -            292   3.4e-58  192.6   1.3   1   1   1.1e-59   3.7e-58  192.5   1.3     6   198     2   185     1   185 0.99 -
d1r6bx3c.37.1.20     -            315 d2gnoa2c.37.1.20.aln -            292   1.9e-48  160.7   0.1   1   1   6.1e-50   2.1e-48  160.5   0.1     2   291    12   301    11   302 0.98 -
d1lv7a_c.37.1.20     -            256 d2gnoa2c.37.1.20.aln -            292   1.8e-46  154.1   0.1   1   1   6.3e-48   2.2e-46  153.9   0.1     1   260     1   247     1   254 0.95 -
d1svma_c.37.1.20     -            362 d2gnoa2c.37.1.20.aln -            292   2.9e-37  123.9   0.0   1   1   9.7e-39   3.3e-37  123.7   0.0     2   291     8   334     7   335 0.99 -
d1iqpa2c.37.1.20     -            231 d2gnoa2c.37.1.20.aln -            292   9.5e-36  118.9   0.6   1   1   3.4e-37   1.2e-35  118.7   0.6     7   251     7   225     4   230 0.95 -
d1g8pa_c.37.1.20     -            333 d2gnoa2c.37.1.20.aln -            292   1.9e-33  111.4   0.1   1   1   8.5e-35   2.9e-33  110.8   0.1     4   287    22   330    19   333 0.97 -
d1sxja2c.37.1.20     -            253 d2gnoa2c.37.1.20.aln -            292   6.1e-28   93.3   0.0   1   1     2e-29   6.8e-28   93.2   0.0     2   258     4   250     3   253 0.93 -
d1njfa_c.37.1.20     -            239 d2gnoa2c.37.1.20.aln -            292   6.1e-21   70.3   0.6   1   1   1.3e-21   4.4e-20   67.5   0.6     3   244     3   226     1   238 0.94 -
d1in4a2c.37.1.20     -            238 d2gnoa2c.37.1.20.aln -            292   1.6e-20   69.0   4.6   1   1   1.3e-20   4.6e-19   64.2   4.6     6   266     3   237     1   238 0.91 -
d1ny5a2c.37.1.20     -            247 d2gnoa2c.37.1.20.aln -            292   8.2e-15   50.2   0.4   1   1   1.4e-15   4.6e-14   47.8   0.4    48   258    26   232    25   240 0.90 -
d1d2na_c.37.1.20     -            246 d2gnoa2c.37.1.20.aln -            292   1.7e-14   49.2   0.0   1   1   5.4e-16   1.8e-14   49.1   0.0    38   260    33   239     2   246 0.83 -
d2a5yb3c.37.1.20     -            277 d2gnoa2c.37.1.20.aln -            292   2.4e-14   48.7   0.0   1   1   8.3e-16   2.9e-14   48.5   0.0     6   281     3   274     1   276 0.94 -
d1w5sa2c.37.1.20     -            287 d2gnoa2c.37.1.20.aln -            292   1.3e-11   39.7   0.0   1   1   4.4e-13   1.5e-11   39.5   0.0    42   282    38   283     7   287 0.92 -
d1fnna2c.37.1.20     -            276 d2gnoa2c.37.1.20.aln -            292   1.1e-09   33.4   0.0   1   2   5.4e-06   0.00019   16.2   0.0    29    73    27    71     9   101 0.74 -
d1fnna2c.37.1.20     -            276 d2gnoa2c.37.1.20.aln -            292   1.1e-09   33.4   0.0   2   2     8e-06   0.00028   15.7   0.0   188   289   172   273   109   276 0.90 -
d1l8qa2c.37.1.20     -            213 d2gnoa2c.37.1.20.aln -            292   1.7e-08   29.5   0.3   1   1   6.2e-10   2.1e-08   29.2   0.3    24   217    16   185     2   202 0.80 -
d1u0ja_c.37.1.20     -            267 d2gnoa2c.37.1.20.aln -            292   6.7e-08   27.5   0.0   1   1   3.5e-08   1.2e-06   23.4   0.0     9   278    14   262     7   267 0.95 -
d1jqlb_c.37.1.20     -            140 d2gnoa2c.37.1.20.aln -            292   3.2e-07   25.3   0.0   1   1   1.1e-08   3.8e-07   25.1   0.0    30   138     6   118     2   127 0.92 -
d2fnaa2c.37.1.20     -            283 d2gnoa2c.37.1.20.aln -            292     1e-05   20.4   0.1   1   1   4.3e-07   1.5e-05   19.9   0.1    10   281    10   277     1   282 0.84 -
d1y63a_c.37.1.1      -            174 d2gnoa2c.37.1.20.aln -            292   0.00012   16.9   0.1   1   2   3.5e-06   0.00012   16.9   0.1    47    71     7    31     3    67 0.82 -
d1y63a_c.37.1.1      -            174 d2gnoa2c.37.1.20.aln -            292   0.00012   16.9   0.1   2   2       2.4        83   -2.3   0.1   258   268   128   138   107   167 0.59 -
d1a5ta2c.37.1.20     -            207 d2gnoa2c.37.1.20.aln -            292   0.00017   16.4   0.0   1   1   5.4e-06   0.00018   16.3   0.0    48   233    48   203    29   207 0.84 -
d1tuea_c.37.1.20     -            205 d2gnoa2c.37.1.20.aln -            292    0.0028   12.4   0.0   1   1   0.00012    0.0042   11.8   0.0     5   168     4   139     2   167 0.88 -
#
# Program:         hmmsearch
# Version:         3.1b2 (February 2015)
# Pipeline mode:   SEARCH
# Query file:      hmmModels95/d2gnoa2c.37.1.20.hmm
# Target file:     scop/scopTestSeq.fasta
# Option settings: hmmsearch --domtblout hmmModels95/d2gnoa2c.37.1.20.out -E 1 hmmModels95/d2gnoa2c.37.1.20.hmm scop/scopTestSeq.fasta 
# Current dir:     /users/nfs/Etu7/3801677/SBAS/TME8
# Date:            Tue Apr  4 15:54:25 2023
# [ok]
