#                                                                            --- full sequence --- -------------- this domain -------------   hmm coord   ali coord   env coord
# target name        accession   tlen query name           accession   qlen   E-value  score  bias   #  of  c-Evalue  i-Evalue  score  bias  from    to  from    to  from    to  acc description of target
#------------------- ---------- ----- -------------------- ---------- ----- --------- ------ ----- --- --- --------- --------- ------ ----- ----- ----- ----- ----- ----- ----- ---- ---------------------
d2fhfa4b.71.1.1      -            118 d2guya1b.71.1.1.aln  -             91   4.3e-27   89.4   0.1   1   1   1.4e-28   5.1e-27   89.1   0.1     1    91    18   108    18   108 0.98 -
d1m7xa2b.71.1.1      -            106 d2guya1b.71.1.1.aln  -             91   3.7e-21   70.4   0.0   1   1   1.1e-22   4.1e-21   70.2   0.0     3    90     6    93     4    94 0.96 -
d1bf2a2b.71.1.1      -            113 d2guya1b.71.1.1.aln  -             91   7.1e-21   69.5   8.0   1   1   1.9e-22   7.1e-21   69.5   8.0     3    90    16   103    14   104 0.98 -
d1szna1b.71.1.1      -            103 d2guya1b.71.1.1.aln  -             91   1.6e-20   68.4   0.1   1   1   4.8e-22   1.8e-20   68.2   0.1     2    91    14   103    13   103 0.98 -
d3bmva3b.71.1.1      -             89 d2guya1b.71.1.1.aln  -             91   3.5e-19   64.1   5.0   1   1     1e-20   3.8e-19   64.0   5.0     2    89     1    87     1    89 0.98 -
d1e43a1b.71.1.1      -             90 d2guya1b.71.1.1.aln  -             91   1.5e-16   55.7   1.8   1   1   4.3e-18   1.6e-16   55.6   1.8     2    88     4    89     3    90 0.97 -
d2guya1b.71.1.1      -             95 d2guya1b.71.1.1.aln  -             91   5.5e-16   53.9   0.3   1   1   1.7e-17   6.4e-16   53.7   0.3    10    90     8    87     5    88 0.97 -
d1ea9c2b.71.1.1      -             80 d2guya1b.71.1.1.aln  -             91   2.4e-11   39.1   0.0   1   1   7.3e-13   2.7e-11   38.9   0.0     5    80     5    79     2    80 0.95 -
d1uasa1b.71.1.1      -             89 d2guya1b.71.1.1.aln  -             91   2.4e-11   39.0   1.3   1   1   6.9e-13   2.6e-11   38.9   1.3     2    88     3    89     2    89 0.97 -
d1ji1a2b.71.1.1      -             83 d2guya1b.71.1.1.aln  -             91   3.2e-11   38.6   3.0   1   1   8.9e-13   3.3e-11   38.6   3.0     4    80     2    78     1    83 0.93 -
d1h3ga2b.71.1.1      -             83 d2guya1b.71.1.1.aln  -             91   2.7e-09   32.5   0.0   1   1   7.6e-11   2.9e-09   32.4   0.0     6    69     4    67     1    82 0.85 -
d1j0ha2b.71.1.1      -             83 d2guya1b.71.1.1.aln  -             91   1.6e-07   26.9   0.0   1   1   4.8e-09   1.8e-07   26.6   0.0     3    91     2    80     1    80 0.93 -
d1ua7a1b.71.1.1      -             78 d2guya1b.71.1.1.aln  -             91   3.9e-07   25.6   0.4   1   1   1.1e-08     4e-07   25.5   0.4     5    77     5    77     1    78 0.94 -
d1wzaa1b.71.1.1      -             79 d2guya1b.71.1.1.aln  -             91   1.2e-06   24.0   0.1   1   1   3.4e-08   1.3e-06   23.9   0.1     6    67     5    66     1    75 0.90 -
d1mxga1b.71.1.1      -             74 d2guya1b.71.1.1.aln  -             91   1.4e-06   23.8   1.4   1   1   3.9e-08   1.5e-06   23.7   1.4     4    75     2    73     1    74 0.97 -
d1g5aa1b.71.1.1      -             74 d2guya1b.71.1.1.aln  -             91   4.7e-06   22.1   0.0   1   1   1.4e-07   5.3e-06   21.9   0.0     4    71     3    70     1    73 0.96 -
d1ht6a1b.71.1.1      -             57 d2guya1b.71.1.1.aln  -             91   1.5e-05   20.5   0.0   1   1   4.1e-07   1.5e-05   20.5   0.0    10    55    11    56     3    57 0.93 -
d1gjwa1b.71.1.1      -             64 d2guya1b.71.1.1.aln  -             91   2.8e-05   19.6   0.0   1   1   7.7e-07   2.9e-05   19.6   0.0     7    60     5    58     2    64 0.90 -
d2bhua2b.71.1.1      -             72 d2guya1b.71.1.1.aln  -             91   0.00054   15.5   0.0   1   1   1.7e-05   0.00062   15.3   0.0     4    70     3    69     1    71 0.94 -
d1r7aa1b.71.1.1      -             70 d2guya1b.71.1.1.aln  -             91    0.0011   14.6   0.1   1   1   2.8e-05    0.0011   14.6   0.1     4    64     5    65     2    70 0.90 -
d1lwha1b.71.1.1      -             50 d2guya1b.71.1.1.aln  -             91    0.0093   11.6   0.0   1   1   0.00025    0.0093   11.6   0.0     4    43     3    42     1    49 0.86 -
#
# Program:         hmmsearch
# Version:         3.1b2 (February 2015)
# Pipeline mode:   SEARCH
# Query file:      hmmModels95/d2guya1b.71.1.1.hmm
# Target file:     scop/scopTestSeq.fasta
# Option settings: hmmsearch --domtblout hmmModels95/d2guya1b.71.1.1.out -E 1 hmmModels95/d2guya1b.71.1.1.hmm scop/scopTestSeq.fasta 
# Current dir:     /users/nfs/Etu7/3801677/SBAS/TME8
# Date:            Tue Apr  4 15:54:26 2023
# [ok]
