#                                                                            --- full sequence --- -------------- this domain -------------   hmm coord   ali coord   env coord
# target name        accession   tlen query name           accession   qlen   E-value  score  bias   #  of  c-Evalue  i-Evalue  score  bias  from    to  from    to  from    to  acc description of target
#------------------- ---------- ----- -------------------- ---------- ----- --------- ------ ----- --- --- --------- --------- ------ ----- ----- ----- ----- ----- ----- ----- ---- ---------------------
d1mo9a1c.3.1.5       -            262 d2gv8a1c.3.1.5.aln   -            192   1.8e-63  209.6   0.0   1   1   6.8e-65   2.1e-63  209.3   0.0     1   192    40   262    40   262 0.99 -
d1v59a1c.3.1.5       -            234 d2gv8a1c.3.1.5.aln   -            192   2.3e-58  192.9   2.8   1   1   8.2e-60   2.6e-58  192.7   2.8     2   190     4   232     3   234 0.98 -
d1w4xa1c.3.1.5       -            299 d2gv8a1c.3.1.5.aln   -            192   7.3e-50  165.2   0.0   1   1   2.7e-51   8.4e-50  165.0   0.0     1   189     5   298     5   299 0.99 -
d1m6ia1c.3.1.5       -            214 d2gv8a1c.3.1.5.aln   -            192   6.1e-39  129.5   0.0   1   1   2.2e-40   6.8e-39  129.4   0.0     1   192     2   214     2   214 0.98 -
d1xdia1c.3.1.5       -            234 d2gv8a1c.3.1.5.aln   -            192   8.3e-39  129.1   0.3   1   1   3.6e-40   1.1e-38  128.7   0.3     4   188     2   229     1   232 0.98 -
d1fl2a1c.3.1.5       -            185 d2gv8a1c.3.1.5.aln   -            192   6.9e-37  122.8   2.2   1   1   2.4e-38   7.6e-37  122.7   2.2     4   190     2   179     1   181 0.96 -
d1w4xa2c.3.1.5       -            235 d2gv8a1c.3.1.5.aln   -            192     2e-32  108.3   0.0   1   1     7e-34   2.2e-32  108.1   0.0     3   190    32   233    30   235 0.98 -
d1nhpa1c.3.1.5       -            199 d2gv8a1c.3.1.5.aln   -            192   1.2e-29   99.2   0.0   1   1   4.3e-31   1.4e-29   99.0   0.0     5   190     2   197     1   199 0.97 -
d1v59a2c.3.1.5       -            122 d2gv8a1c.3.1.5.aln   -            192   4.5e-13   45.1   0.4   1   1   1.6e-14   5.1e-13   45.0   0.4     5   135     6   120     3   122 0.93 -
d1mo9a2c.3.1.5       -            121 d2gv8a1c.3.1.5.aln   -            192   4.5e-11   38.6   0.0   1   1   1.7e-12   5.3e-11   38.4   0.0    28   124    23   113    13   120 0.93 -
d1aoga2c.3.1.5       -            117 d2gv8a1c.3.1.5.aln   -            192   9.2e-10   34.4   0.0   1   1   3.2e-11     1e-09   34.2   0.0     7   118     5   107     1   112 0.95 -
d2gf3a1c.3.1.2       -            282 d2gv8a1c.3.1.5.aln   -            192   5.3e-08   28.6   0.1   1   1   8.8e-09   2.8e-07   26.3   0.1     3    88     3    88     1   223 0.87 -
d1m6ia2c.3.1.5       -            137 d2gv8a1c.3.1.5.aln   -            192   6.5e-08   28.3   0.0   1   1   2.2e-09   7.1e-08   28.2   0.0     3   124    18   130    16   137 0.93 -
d1fcda2c.3.1.5       -            141 d2gv8a1c.3.1.5.aln   -            192   5.9e-07   25.2   0.0   1   1   2.1e-08   6.5e-07   25.1   0.0    15   122    19   124     6   138 0.90 -
d2gmha1c.3.1.2       -            381 d2gv8a1c.3.1.5.aln   -            192   4.4e-06   22.3   0.1   1   2   1.5e-05   0.00048   15.7   0.1     2    28    31    57    30    87 0.80 -
d2gmha1c.3.1.2       -            381 d2gv8a1c.3.1.5.aln   -            192   4.4e-06   22.3   0.1   2   2     0.052       1.7    4.2   0.0   167   190   263   286   246   288 0.80 -
d1vdca2c.3.1.5       -            130 d2gv8a1c.3.1.5.aln   -            192     7e-05   18.4   0.0   1   1   2.4e-06   7.6e-05   18.3   0.0     9   115    10   109     3   124 0.87 -
d1nhpa2c.3.1.5       -            123 d2gv8a1c.3.1.5.aln   -            192   9.8e-05   17.9   5.8   1   2   9.5e-06    0.0003   16.4   0.4     1    35    28    62    28    78 0.88 -
d1nhpa2c.3.1.5       -            123 d2gv8a1c.3.1.5.aln   -            192   9.8e-05   17.9   5.8   2   2     0.036       1.1    4.7   0.7   111   160    87   123    69   123 0.71 -
d1onfa2c.3.1.5       -            117 d2gv8a1c.3.1.5.aln   -            192   0.00013   17.5   0.0   1   1   4.9e-06   0.00015   17.3   0.0    19   119    19   107    11   117 0.88 -
d1kdga1c.3.1.2       -            361 d2gv8a1c.3.1.5.aln   -            192   0.00016   17.3   0.4   1   1   9.7e-06   0.00031   16.3   0.4     4    41     3    44     1    47 0.86 -
d2dw4a2c.3.1.2       -            450 d2gv8a1c.3.1.5.aln   -            192   0.00052   15.6   0.7   1   1   2.6e-05   0.00082   14.9   0.2     5    47     7    49     3    85 0.87 -
d1f0ya2c.2.1.6       -            192 d2gv8a1c.3.1.5.aln   -            192    0.0015   14.1   0.4   1   1   5.8e-05    0.0018   13.8   0.4     6    95     7    88     4   143 0.71 -
d1seza1c.3.1.2       -            374 d2gv8a1c.3.1.5.aln   -            192    0.0023   13.5   1.0   1   1   0.00013     0.004   12.7   1.0     5    40     3    38     1    43 0.90 -
d1ryia1c.3.1.2       -            277 d2gv8a1c.3.1.5.aln   -            192    0.0033   13.0   0.3   1   1   0.00022    0.0071   11.9   0.3     2    35     3    36     2    55 0.90 -
d1kola2c.2.1.1       -            195 d2gv8a1c.3.1.5.aln   -            192    0.0037   12.8   1.2   1   1   0.00026    0.0082   11.7   1.2     5    44    28    64    25    72 0.83 -
d2iida1c.3.1.2       -            371 d2gv8a1c.3.1.5.aln   -            192    0.0043   12.6   0.2   1   1   0.00025    0.0078   11.7   0.2     5    42    32    69    28    85 0.89 -
#
# Program:         hmmsearch
# Version:         3.1b2 (February 2015)
# Pipeline mode:   SEARCH
# Query file:      hmmModels95/d2gv8a1c.3.1.5.hmm
# Target file:     scop/scopTestSeq.fasta
# Option settings: hmmsearch --domtblout hmmModels95/d2gv8a1c.3.1.5.out -E 1 hmmModels95/d2gv8a1c.3.1.5.hmm scop/scopTestSeq.fasta 
# Current dir:     /users/nfs/Etu7/3801677/SBAS/TME8
# Date:            Tue Apr  4 15:54:26 2023
# [ok]
