#                                                                            --- full sequence --- -------------- this domain -------------   hmm coord   ali coord   env coord
# target name        accession   tlen query name           accession   qlen   E-value  score  bias   #  of  c-Evalue  i-Evalue  score  bias  from    to  from    to  from    to  acc description of target
#------------------- ---------- ----- -------------------- ---------- ----- --------- ------ ----- --- --- --------- --------- ------ ----- ----- ----- ----- ----- ----- ----- ---- ---------------------
d2ov9a1d.38.1.5      -            203 d2hboa1d.38.1.5.aln  -            138   5.1e-65  213.3   0.0   1   1   1.3e-66   6.8e-65  212.9   0.0     1   137    70   203    70   203 0.99 -
d1vh5a_d.38.1.5      -            138 d2hboa1d.38.1.5.aln  -            138   1.4e-40  134.1   0.0   1   1     3e-42   1.6e-40  134.0   0.0     1   136     2   135     2   137 0.99 -
d3f5oa_d.38.1.5      -            138 d2hboa1d.38.1.5.aln  -            138   1.3e-39  131.0   1.0   1   1   2.7e-41   1.4e-39  130.9   1.0     3   137     4   136     2   137 0.96 -
d1q4ta_d.38.1.5      -            142 d2hboa1d.38.1.5.aln  -            138     1e-37  124.9   1.1   1   1   2.2e-39   1.2e-37  124.6   1.1     6   137     7   137     3   138 0.96 -
d1sh8a_d.38.1.5      -            153 d2hboa1d.38.1.5.aln  -            138   7.6e-37  122.0   0.0   1   1   1.6e-38   8.4e-37  121.9   0.0     2   137     1   145     1   146 0.98 -
d1yoca1d.38.1.5      -            145 d2hboa1d.38.1.5.aln  -            138   7.1e-36  118.9   0.1   1   1   1.5e-37   7.9e-36  118.7   0.1     1   137     7   144     7   145 0.98 -
d1t82a_d.38.1.5      -            143 d2hboa1d.38.1.5.aln  -            138   3.2e-34  113.5   0.0   1   1   6.6e-36   3.5e-34  113.4   0.0     4   137     2   141     1   142 0.98 -
d1wlua_d.38.1.5      -            117 d2hboa1d.38.1.5.aln  -            138   8.5e-31  102.4   0.4   1   1   1.8e-32   9.2e-31  102.3   0.4    16   137     1   116     1   117 0.95 -
d1ixla_d.38.1.5      -            130 d2hboa1d.38.1.5.aln  -            138   2.6e-30  100.8   0.1   1   1   5.4e-32   2.9e-30  100.7   0.1    10   136     2   124     1   126 0.97 -
d2f41a1d.38.1.5      -            111 d2hboa1d.38.1.5.aln  -            138   1.9e-24   81.9   0.1   1   1   3.9e-26   2.1e-24   81.7   0.1    23   134     2   111     1   111 0.97 -
d2hboa1d.38.1.5      -            142 d2hboa1d.38.1.5.aln  -            138   1.2e-12   43.6   0.0   1   1   2.6e-14   1.4e-12   43.4   0.0    21   123    17   123     3   134 0.80 -
d2gvha1d.38.1.1      -            135 d2hboa1d.38.1.5.aln  -            138   1.2e-10   37.1   0.1   1   1   3.1e-12   1.6e-10   36.7   0.1    47   124    20    95    13   104 0.92 -
d1s5ua_d.38.1.1      -            129 d2hboa1d.38.1.5.aln  -            138   3.6e-06   22.7   0.2   1   1   8.8e-08   4.6e-06   22.3   0.2    76   136    50   109    36   111 0.90 -
d1njka_d.38.1.1      -            133 d2hboa1d.38.1.5.aln  -            138   6.9e-05   18.5   0.0   1   1   1.9e-06    0.0001   18.0   0.0    78   135    50   107    41   109 0.85 -
d2gf6a1d.38.1.1      -            134 d2hboa1d.38.1.5.aln  -            138    0.0032   13.1   0.0   1   1   0.00011     0.006   12.2   0.0    81   105    58    82    52   109 0.80 -
#
# Program:         hmmsearch
# Version:         3.1b2 (February 2015)
# Pipeline mode:   SEARCH
# Query file:      hmmModels95/d2hboa1d.38.1.5.hmm
# Target file:     scop/scopTestSeq.fasta
# Option settings: hmmsearch --domtblout hmmModels95/d2hboa1d.38.1.5.out -E 1 hmmModels95/d2hboa1d.38.1.5.hmm scop/scopTestSeq.fasta 
# Current dir:     /users/nfs/Etu7/3801677/SBAS/TME8
# Date:            Tue Apr  4 15:54:26 2023
# [ok]
