#                                                                            --- full sequence --- -------------- this domain -------------   hmm coord   ali coord   env coord
# target name        accession   tlen query name           accession   qlen   E-value  score  bias   #  of  c-Evalue  i-Evalue  score  bias  from    to  from    to  from    to  acc description of target
#------------------- ---------- ----- -------------------- ---------- ----- --------- ------ ----- --- --- --------- --------- ------ ----- ----- ----- ----- ----- ----- ----- ---- ---------------------
d2bg1a1e.3.1.1       -            453 d2hdsa_e.3.1.1.aln   -            323  4.2e-133  439.3  14.8   1   1  1.2e-134  5.5e-133  438.9  14.8     1   323    50   399    50   399 1.00 -
d1qmea4e.3.1.1       -            357 d2hdsa_e.3.1.1.aln   -            323  5.1e-104  343.7   6.4   1   1  1.3e-105  5.8e-104  343.6   6.4     3   323     1   357     1   357 0.99 -
d2v2ff_e.3.1.1       -            384 d2hdsa_e.3.1.1.aln   -            323   3.5e-79  262.1  17.6   1   1   9.3e-81   4.1e-79  261.9  17.6     1   322    29   379    29   380 0.99 -
d2p74a_e.3.1.1       -            263 d2hdsa_e.3.1.1.aln   -            323   2.5e-72  239.6   2.5   1   1   6.3e-74   2.8e-72  239.5   2.5    32   302     2   262     1   263 0.98 -
d2olua2e.3.1.1       -            400 d2hdsa_e.3.1.1.aln   -            323   3.1e-64  213.0  13.6   1   1   8.2e-66   3.6e-64  212.8  13.6     3   322    34   379    32   380 0.99 -
d2hdsa_e.3.1.1       -            358 d2hdsa_e.3.1.1.aln   -            323   8.7e-59  195.1   1.3   1   1   2.3e-60   9.9e-59  194.9   1.3     2   322    19   332    18   333 0.99 -
d2dcfa1e.3.1.1       -            388 d2hdsa_e.3.1.1.aln   -            323   4.2e-56  186.3   0.0   1   1   1.1e-57   4.7e-56  186.1   0.0     2   323    34   364    33   364 0.99 -
d1alqa_e.3.1.1       -            263 d2hdsa_e.3.1.1.aln   -            323   8.5e-56  185.3   2.9   1   1   3.2e-57   1.4e-55  184.6   3.1    22   264    29   262    10   263 0.98 -
d2drwa1e.3.1.1       -            362 d2hdsa_e.3.1.1.aln   -            323   1.6e-52  174.5   0.0   1   1   4.2e-54   1.8e-52  174.3   0.0     4   322    19   342    16   343 0.98 -
d1ci9a_e.3.1.1       -            377 d2hdsa_e.3.1.1.aln   -            323   2.6e-46  154.1   0.0   1   1   6.7e-48   2.9e-46  153.9   0.0     3   322    35   359    33   360 0.99 -
d1yqsa_e.3.1.1       -            345 d2hdsa_e.3.1.1.aln   -            323   2.5e-44  147.6   5.1   1   1   6.3e-46   2.8e-44  147.5   5.1     3   313    19   344    17   345 0.98 -
d1e25a_e.3.1.1       -            278 d2hdsa_e.3.1.1.aln   -            323   1.7e-43  144.9   0.0   1   1   4.2e-45   1.8e-43  144.8   0.0    38   306     7   274     1   278 0.95 -
d1vqqa3e.3.1.1       -            341 d2hdsa_e.3.1.1.aln   -            323   1.2e-42  142.1  11.7   1   1     3e-44   1.3e-42  142.0  11.7     2   322     2   339     1   340 0.98 -
d1xa1a_e.3.1.1       -            246 d2hdsa_e.3.1.1.aln   -            323   1.7e-32  108.7   6.1   1   1   4.1e-34   1.8e-32  108.6   6.1    24   278     2   222     1   246 0.91 -
d1ei5a3e.3.1.1       -            333 d2hdsa_e.3.1.1.aln   -            323   1.3e-31  105.9   0.0   1   1   3.2e-33   1.4e-31  105.7   0.0     2   311    16   332    15   333 0.98 -
d1tvfa2e.3.1.1       -            301 d2hdsa_e.3.1.1.aln   -            323   7.5e-28   93.5  15.5   1   1   1.9e-29   8.1e-28   93.3  15.5    18   303     3   298     1   301 0.96 -
d1es5a_e.3.1.1       -            260 d2hdsa_e.3.1.1.aln   -            323   1.6e-18   62.8  11.9   1   1   4.1e-20   1.8e-18   62.6  11.9    32   297     2   258     1   260 0.93 -
d1xp4a2e.3.1.1       -            269 d2hdsa_e.3.1.1.aln   -            323   2.2e-16   55.8   5.5   1   1     6e-18   2.6e-16   55.5   5.5    29   303     5   268     1   269 0.93 -
#
# Program:         hmmsearch
# Version:         3.1b2 (February 2015)
# Pipeline mode:   SEARCH
# Query file:      hmmModels95/d2hdsa_e.3.1.1.hmm
# Target file:     scop/scopTestSeq.fasta
# Option settings: hmmsearch --domtblout hmmModels95/d2hdsa_e.3.1.1.out -E 1 hmmModels95/d2hdsa_e.3.1.1.hmm scop/scopTestSeq.fasta 
# Current dir:     /users/nfs/Etu7/3801677/SBAS/TME8
# Date:            Tue Apr  4 15:54:26 2023
# [ok]
