#                                                                            --- full sequence --- -------------- this domain -------------   hmm coord   ali coord   env coord
# target name        accession   tlen query name           accession   qlen   E-value  score  bias   #  of  c-Evalue  i-Evalue  score  bias  from    to  from    to  from    to  acc description of target
#------------------- ---------- ----- -------------------- ---------- ----- --------- ------ ----- --- --- --------- --------- ------ ----- ----- ----- ----- ----- ----- ----- ---- ---------------------
d1z0xa2a.121.1.1     -            149 d2hkua2a.121.1.1.aln -            126   3.5e-46  152.0   0.0   1   1   1.4e-47   3.9e-46  151.9   0.0     1   126     1   143     1   143 0.99 -
d2g7la2a.121.1.1     -            144 d2hkua2a.121.1.1.aln -            126     4e-31  103.4   9.4   1   1   1.7e-32   4.5e-31  103.3   9.4     1   126     1   131     1   131 0.99 -
d3c07a2a.121.1.1     -            146 d2hkua2a.121.1.1.aln -            126   4.8e-27   90.3   2.6   1   1     2e-28   5.3e-27   90.1   2.6     1   126     1   135     1   135 0.99 -
d2oi8a2a.121.1.1     -            130 d2hkua2a.121.1.1.aln -            126   6.9e-22   73.6   1.2   1   1   2.8e-23   7.7e-22   73.5   1.2     1   121     8   129     8   130 0.98 -
d2g7ga2a.121.1.1     -            132 d2hkua2a.121.1.1.aln -            126   6.4e-21   70.5   8.9   1   1   2.6e-22   7.2e-21   70.4   8.9     2   126     2   127     1   127 0.93 -
d1ui5a2a.121.1.1     -            133 d2hkua2a.121.1.1.aln -            126   3.6e-19   64.9   0.2   1   1   1.5e-20     4e-19   64.7   0.2     2   125     3   123     2   124 0.97 -
d2i10a2a.121.1.1     -            116 d2hkua2a.121.1.1.aln -            126   3.8e-19   64.8   2.7   1   1   1.5e-20   4.1e-19   64.7   2.7     3   117     3   116     1   116 0.98 -
d1t56a2a.121.1.1     -            120 d2hkua2a.121.1.1.aln -            126   3.5e-18   61.7   1.6   1   1   1.4e-19   3.7e-18   61.6   1.6     6   122     3   119     1   120 0.98 -
d1t33a2a.121.1.1     -            132 d2hkua2a.121.1.1.aln -            126   4.8e-18   61.3   0.1   1   1   1.9e-19   5.2e-18   61.1   0.1     2   124     6   127     5   129 0.97 -
d2id3a2a.121.1.1     -            123 d2hkua2a.121.1.1.aln -            126   4.1e-17   58.2   6.1   1   1   1.7e-18   4.8e-17   58.0   6.1     1   121     4   120     4   122 0.97 -
d2fbqa2a.121.1.1     -            134 d2hkua2a.121.1.1.aln -            126     9e-17   57.1   0.4   1   1   3.6e-18   9.8e-17   57.0   0.4     1   122     3   125     3   129 0.97 -
d2id6a2a.121.1.1     -            125 d2hkua2a.121.1.1.aln -            126   1.4e-16   56.5   0.0   1   1   5.4e-18   1.5e-16   56.4   0.0     2   123     2   119     1   122 0.97 -
d2gena2a.121.1.1     -            118 d2hkua2a.121.1.1.aln -            126   1.6e-16   56.3   5.8   1   1   6.6e-18   1.8e-16   56.2   5.8     2   122     2   117     1   118 0.97 -
d2g3ba2a.121.1.1     -            116 d2hkua2a.121.1.1.aln -            126   2.5e-16   55.7   1.0   1   1     1e-17   2.7e-16   55.6   1.0     5   118     3   115     1   116 0.97 -
d2hyja2a.121.1.1     -            118 d2hkua2a.121.1.1.aln -            126   7.6e-16   54.1   4.3   1   1     3e-17   8.2e-16   54.0   4.3     2   117     2   116     1   118 0.97 -
d2d6ya2a.121.1.1     -            118 d2hkua2a.121.1.1.aln -            126     7e-15   51.0   0.8   1   1   2.8e-16   7.5e-15   50.9   0.8     5   124     2   116     1   118 0.96 -
d2fx0a2a.121.1.1     -            122 d2hkua2a.121.1.1.aln -            126   7.8e-15   50.9   0.0   1   1   3.1e-16   8.4e-15   50.8   0.0     2   121     2   121     1   122 0.98 -
d2gfna2a.121.1.1     -            119 d2hkua2a.121.1.1.aln -            126   8.6e-15   50.8   4.9   1   1   3.4e-16   9.3e-15   50.6   4.9     2   122     3   119     2   119 0.96 -
d1rkta2a.121.1.1     -            123 d2hkua2a.121.1.1.aln -            126   1.5e-14   50.0   0.1   1   1     6e-16   1.6e-14   49.9   0.1     2   124     5   121     4   123 0.95 -
d2g7sa2a.121.1.1     -            116 d2hkua2a.121.1.1.aln -            126   6.2e-14   48.0   1.4   1   1   2.5e-15   6.7e-14   47.9   1.4     2   115     2   114     1   116 0.98 -
d2fq4a2a.121.1.1     -            115 d2hkua2a.121.1.1.aln -            126   1.8e-12   43.2   0.0   1   1   7.4e-14     2e-12   43.1   0.0     1   119     1   112     1   115 0.97 -
d2np5a2a.121.1.1     -            118 d2hkua2a.121.1.1.aln -            126   3.3e-11   39.2   3.8   1   1   1.3e-12   3.6e-11   39.1   3.8     2   125     4   116     3   117 0.98 -
d1vi0a2a.121.1.1     -            117 d2hkua2a.121.1.1.aln -            126   6.1e-11   38.3   0.0   1   1   2.4e-12   6.6e-11   38.2   0.0     3   121     2   115     1   117 0.96 -
d2np3a2a.121.1.1     -            112 d2hkua2a.121.1.1.aln -            126   6.8e-11   38.2   4.4   1   1   3.1e-12   8.3e-11   37.9   4.4     4   125     6   110     3   111 0.96 -
d2iu5a2a.121.1.1     -            109 d2hkua2a.121.1.1.aln -            126   9.3e-11   37.7   0.0   1   1   4.1e-12   1.1e-10   37.5   0.0     3   115     4   104     2   107 0.98 -
d1sgma2a.121.1.1     -            111 d2hkua2a.121.1.1.aln -            126     1e-08   31.2   0.0   1   1   4.1e-10   1.1e-08   31.0   0.0     2   121     2   111     1   111 0.98 -
d2o7ta2a.121.1.1     -            110 d2hkua2a.121.1.1.aln -            126   1.2e-05   21.3   0.0   1   1   4.8e-07   1.3e-05   21.1   0.0    10   118    11   109     3   110 0.87 -
d1zk8a2a.121.1.1     -            105 d2hkua2a.121.1.1.aln -            126   1.5e-05   20.9   0.0   1   1   6.7e-07   1.8e-05   20.7   0.0     3   121     3   105     1   105 0.96 -
d2fd5a2a.121.1.1     -            104 d2hkua2a.121.1.1.aln -            126   1.8e-05   20.7   1.9   1   1   7.2e-07     2e-05   20.6   1.9     3   116     3   103     1   104 0.92 -
#
# Program:         hmmsearch
# Version:         3.1b2 (February 2015)
# Pipeline mode:   SEARCH
# Query file:      hmmModels95/d2hkua2a.121.1.1.hmm
# Target file:     scop/scopTestSeq.fasta
# Option settings: hmmsearch --domtblout hmmModels95/d2hkua2a.121.1.1.out -E 1 hmmModels95/d2hkua2a.121.1.1.hmm scop/scopTestSeq.fasta 
# Current dir:     /users/nfs/Etu7/3801677/SBAS/TME8
# Date:            Tue Apr  4 15:54:27 2023
# [ok]
