#                                                                            --- full sequence --- -------------- this domain -------------   hmm coord   ali coord   env coord
# target name        accession   tlen query name           accession   qlen   E-value  score  bias   #  of  c-Evalue  i-Evalue  score  bias  from    to  from    to  from    to  acc description of target
#------------------- ---------- ----- -------------------- ---------- ----- --------- ------ ----- --- --- --------- --------- ------ ----- ----- ----- ----- ----- ----- ----- ---- ---------------------
d2nuja1d.38.1.1      -            159 d2hlja1d.38.1.1.aln  -            138   7.4e-52  170.2   0.0   1   1   1.6e-53   8.5e-52  170.0   0.0     2   137    19   154    18   155 0.98 -
d1vpma_d.38.1.1      -            155 d2hlja1d.38.1.1.aln  -            138   6.6e-45  147.7   0.1   1   1   1.4e-46   7.4e-45  147.6   0.1     2   136     6   139     5   141 0.98 -
d2hx5a1d.38.1.1      -            144 d2hlja1d.38.1.1.aln  -            138   4.9e-44  144.9   0.0   1   1     1e-45   5.4e-44  144.8   0.0     1   136     1   143     1   144 0.98 -
d3qy3a1d.38.1.1      -            130 d2hlja1d.38.1.1.aln  -            138   9.1e-38  124.6   0.0   1   1   1.9e-39   9.9e-38  124.5   0.0     6   133     3   129     1   130 0.98 -
d2oiwa1d.38.1.1      -            131 d2hlja1d.38.1.1.aln  -            138   6.8e-37  121.8   0.4   1   1   1.4e-38   7.5e-37  121.6   0.4     7   137     2   128     1   129 0.98 -
d1lo7a_d.38.1.1      -            140 d2hlja1d.38.1.1.aln  -            138   1.9e-36  120.3   0.0   1   1   4.1e-38   2.1e-36  120.2   0.0     6   134     3   140     1   140 0.98 -
d1s5ua_d.38.1.1      -            129 d2hlja1d.38.1.1.aln  -            138   1.1e-35  117.9   1.4   1   1   2.3e-37   1.2e-35  117.7   1.4     6   133     2   129     1   129 0.98 -
d2oafa1d.38.1.1      -            143 d2hlja1d.38.1.1.aln  -            138   1.3e-35  117.6   0.0   1   1   2.8e-37   1.5e-35  117.5   0.0     2   137     4   141     3   142 0.98 -
d2gf6a1d.38.1.1      -            134 d2hlja1d.38.1.1.aln  -            138   4.8e-34  112.6   0.0   1   1   9.9e-36   5.2e-34  112.4   0.0     2   134     1   132     1   134 0.98 -
d3bjka_d.38.1.1      -            140 d2hlja1d.38.1.1.aln  -            138   4.8e-34  112.6   0.0   1   1   9.8e-36   5.1e-34  112.4   0.0     6   135     4   135     1   138 0.96 -
d2gvha1d.38.1.1      -            135 d2hlja1d.38.1.1.aln  -            138   1.6e-33  110.8   0.1   1   1   3.3e-35   1.7e-33  110.7   0.1     3   132     5   133     3   135 0.96 -
d1njka_d.38.1.1      -            133 d2hlja1d.38.1.1.aln  -            138   2.4e-33  110.3   0.0   1   1     5e-35   2.6e-33  110.2   0.0     7   136     2   131     1   133 0.96 -
d1wlua_d.38.1.5      -            117 d2hlja1d.38.1.1.aln  -            138   1.2e-05   20.6   0.5   1   1   1.3e-06     7e-05   18.1   0.5     8   110    22   114    17   117 0.89 -
d2hboa1d.38.1.5      -            142 d2hlja1d.38.1.1.aln  -            138   6.4e-05   18.2   0.0   1   1   3.7e-06   0.00019   16.6   0.0     8   113    33   130    29   139 0.71 -
d3f5oa_d.38.1.5      -            138 d2hlja1d.38.1.1.aln  -            138   0.00022   16.5   0.0   1   1     1e-05   0.00055   15.2   0.0     7    80    37   104    32   111 0.84 -
#
# Program:         hmmsearch
# Version:         3.1b2 (February 2015)
# Pipeline mode:   SEARCH
# Query file:      hmmModels95/d2hlja1d.38.1.1.hmm
# Target file:     scop/scopTestSeq.fasta
# Option settings: hmmsearch --domtblout hmmModels95/d2hlja1d.38.1.1.out -E 1 hmmModels95/d2hlja1d.38.1.1.hmm scop/scopTestSeq.fasta 
# Current dir:     /users/nfs/Etu7/3801677/SBAS/TME8
# Date:            Tue Apr  4 15:54:27 2023
# [ok]
