#                                                                            --- full sequence --- -------------- this domain -------------   hmm coord   ali coord   env coord
# target name        accession   tlen query name           accession   qlen   E-value  score  bias   #  of  c-Evalue  i-Evalue  score  bias  from    to  from    to  from    to  acc description of target
#------------------- ---------- ----- -------------------- ---------- ----- --------- ------ ----- --- --- --------- --------- ------ ----- ----- ----- ----- ----- ----- ----- ---- ---------------------
d3fvsa_c.67.1.1      -            419 d2hoxa_c.67.1.1.aln  -            385  8.6e-139  458.0   0.0   1   1    2e-140  9.6e-139  457.9   0.0     5   383     2   418     1   419 0.99 -
d1gdea_c.67.1.1      -            388 d2hoxa_c.67.1.1.aln  -            385  2.2e-130  430.4   0.1   1   1  4.9e-132  2.4e-130  430.2   0.1     2   384     3   385     2   386 0.97 -
d1bw0a_c.67.1.1      -            412 d2hoxa_c.67.1.1.aln  -            385  1.1e-109  362.2   0.0   1   1  2.5e-111  1.2e-109  362.1   0.0     2   384     4   410     3   411 0.98 -
d2gb3a1c.67.1.1      -            389 d2hoxa_c.67.1.1.aln  -            385  5.2e-106  350.1   0.0   1   1  1.2e-107  5.8e-106  350.0   0.0     2   384     2   387     1   388 0.98 -
d1lc5a_c.67.1.1      -            355 d2hoxa_c.67.1.1.aln  -            385   3.6e-72  238.7   0.0   1   1   8.1e-74     4e-72  238.6   0.0    12   383     6   353     1   355 0.97 -
d1fg7a_c.67.1.1      -            354 d2hoxa_c.67.1.1.aln  -            385   2.7e-69  229.3   0.0   1   1   6.1e-71     3e-69  229.1   0.0     4   383     3   351     1   353 0.95 -
d1svva_c.67.1.1      -            340 d2hoxa_c.67.1.1.aln  -            385   1.2e-61  204.1   0.0   1   1   2.8e-63   1.4e-61  203.9   0.0    54   383    21   339     6   340 0.96 -
d1v72a1c.67.1.1      -            345 d2hoxa_c.67.1.1.aln  -            385   8.7e-55  181.5   0.0   1   1   2.1e-56   1.1e-54  181.2   0.0    14   382     9   342     1   345 0.94 -
d1m6sa_c.67.1.1      -            343 d2hoxa_c.67.1.1.aln  -            385   1.7e-48  160.9   0.0   1   1   3.8e-50   1.9e-48  160.7   0.0     6   384     2   342     1   343 0.99 -
d3piua_c.67.1.4      -            416 d2hoxa_c.67.1.1.aln  -            385   1.1e-33  112.0   0.0   1   1   2.9e-35   1.4e-33  111.7   0.0    68   383    69   414    51   416 0.92 -
d3ftba_c.67.1.0      -            334 d2hoxa_c.67.1.1.aln  -            385     8e-29   96.1   0.0   1   1   1.9e-30   9.6e-29   95.8   0.0    65   353    31   295    11   327 0.88 -
d2c81a_c.67.1.0      -            409 d2hoxa_c.67.1.1.aln  -            385   1.9e-07   25.7   0.0   1   1   5.6e-09   2.8e-07   25.2   0.0    98   208    56   157    31   162 0.90 -
d1bs0a_c.67.1.4      -            383 d2hoxa_c.67.1.1.aln  -            385   9.9e-05   16.7   0.0   1   1     4e-06    0.0002   15.8   0.0   190   283   186   277   179   307 0.83 -
d2epja_c.67.1.0      -            426 d2hoxa_c.67.1.1.aln  -            385   0.00055   14.3   0.0   1   1   1.7e-05   0.00086   13.7   0.0   185   264   213   285   147   351 0.80 -
d1gpja2c.2.1.7       -            159 d2hoxa_c.67.1.1.aln  -            385    0.0034   11.7   0.0   1   1   0.00011    0.0054   11.0   0.0    74   144     8    76     1    94 0.78 -
d2bhua3c.1.8.1       -            420 d2hoxa_c.67.1.1.aln  -            385    0.0072   10.6   0.0   1   1   0.00023     0.011   10.0   0.0   186   224    81   119    77   130 0.87 -
#
# Program:         hmmsearch
# Version:         3.1b2 (February 2015)
# Pipeline mode:   SEARCH
# Query file:      hmmModels95/d2hoxa_c.67.1.1.hmm
# Target file:     scop/scopTestSeq.fasta
# Option settings: hmmsearch --domtblout hmmModels95/d2hoxa_c.67.1.1.out -E 1 hmmModels95/d2hoxa_c.67.1.1.hmm scop/scopTestSeq.fasta 
# Current dir:     /users/nfs/Etu7/3801677/SBAS/TME8
# Date:            Tue Apr  4 15:54:27 2023
# [ok]
