#                                                                            --- full sequence --- -------------- this domain -------------   hmm coord   ali coord   env coord
# target name        accession   tlen query name           accession   qlen   E-value  score  bias   #  of  c-Evalue  i-Evalue  score  bias  from    to  from    to  from    to  acc description of target
#------------------- ---------- ----- -------------------- ---------- ----- --------- ------ ----- --- --- --------- --------- ------ ----- ----- ----- ----- ----- ----- ----- ---- ---------------------
d2arza1b.45.1.1      -            238 d2hq7a1b.45.1.1.aln  -            169   3.4e-70  230.7   0.3   1   1   7.6e-72     4e-70  230.5   0.3     3   169     1   179     1   179 0.99 -
d2vpaa_b.45.1.1      -            215 d2hq7a1b.45.1.1.aln  -            169   2.4e-44  146.6   0.1   1   1   5.2e-46   2.7e-44  146.4   0.1     2   169    33   207    32   207 0.99 -
d2fura1b.45.1.1      -            193 d2hq7a1b.45.1.1.aln  -            169   7.1e-40  132.1   0.0   1   1   1.5e-41   7.9e-40  131.9   0.0     3   168     2   178     1   179 0.98 -
d2htia1b.45.1.1      -            156 d2hq7a1b.45.1.1.aln  -            169   4.2e-35  116.6   0.0   1   1   8.7e-37   4.6e-35  116.4   0.0     4   165     2   155     1   156 0.97 -
d1rfea_b.45.1.1      -            160 d2hq7a1b.45.1.1.aln  -            169   6.3e-31  103.0   0.0   1   1   1.3e-32   6.9e-31  102.8   0.0     3   168     7   159     5   160 0.96 -
d2i02a1b.45.1.1      -            143 d2hq7a1b.45.1.1.aln  -            169   2.6e-27   91.2   0.0   1   1   5.5e-29   2.9e-27   91.0   0.0     3   163     3   141     1   143 0.97 -
d2fg9a1b.45.1.1      -            157 d2hq7a1b.45.1.1.aln  -            169   3.9e-26   87.4   0.0   1   1     8e-28   4.2e-26   87.3   0.0     3   167     3   154     1   156 0.97 -
d1w9aa_b.45.1.1      -            142 d2hq7a1b.45.1.1.aln  -            169   5.9e-25   83.5   0.0   1   1   1.3e-26   6.7e-25   83.3   0.0     6   162     1   135     1   141 0.97 -
d2hq9a1b.45.1.1      -            148 d2hq7a1b.45.1.1.aln  -            169   1.7e-22   75.5   0.0   1   1   3.6e-24   1.9e-22   75.4   0.0     2   167     3   144     2   146 0.90 -
d2fhqa1b.45.1.1      -            135 d2hq7a1b.45.1.1.aln  -            169   1.8e-21   72.1   0.0   1   1   3.9e-23   2.1e-21   72.0   0.0     4   160     2   132     1   135 0.94 -
d1vl7a_b.45.1.1      -            135 d2hq7a1b.45.1.1.aln  -            169   2.5e-21   71.7   0.0   1   1     5e-23   2.6e-21   71.6   0.0    12   116     3   106     1   135 0.87 -
d1xhna1b.45.1.1      -            170 d2hq7a1b.45.1.1.aln  -            169     3e-21   71.5   0.0   1   1   6.5e-23   3.4e-21   71.3   0.0     2   166    17   168    16   170 0.98 -
d2asfa1b.45.1.1      -            125 d2hq7a1b.45.1.1.aln  -            169   1.7e-19   65.8   0.0   1   1   3.6e-21   1.9e-19   65.6   0.0     8   118     2   110     1   121 0.96 -
d3a6ra_b.45.1.1      -            122 d2hq7a1b.45.1.1.aln  -            169   7.6e-05   18.1   0.0   1   1   1.7e-06   8.8e-05   17.9   0.0     6   112     2    97     1   120 0.89 -
d2hq7a1b.45.1.1      -            141 d2hq7a1b.45.1.1.aln  -            169   0.00058   15.2   0.0   1   1   1.3e-05   0.00068   15.0   0.0    13   108    12   107     9   130 0.86 -
#
# Program:         hmmsearch
# Version:         3.1b2 (February 2015)
# Pipeline mode:   SEARCH
# Query file:      hmmModels95/d2hq7a1b.45.1.1.hmm
# Target file:     scop/scopTestSeq.fasta
# Option settings: hmmsearch --domtblout hmmModels95/d2hq7a1b.45.1.1.out -E 1 hmmModels95/d2hq7a1b.45.1.1.hmm scop/scopTestSeq.fasta 
# Current dir:     /users/nfs/Etu7/3801677/SBAS/TME8
# Date:            Tue Apr  4 15:54:27 2023
# [ok]
