#                                                                            --- full sequence --- -------------- this domain -------------   hmm coord   ali coord   env coord
# target name        accession   tlen query name           accession   qlen   E-value  score  bias   #  of  c-Evalue  i-Evalue  score  bias  from    to  from    to  from    to  acc description of target
#------------------- ---------- ----- -------------------- ---------- ----- --------- ------ ----- --- --- --------- --------- ------ ----- ----- ----- ----- ----- ----- ----- ---- ---------------------
d2arza1b.45.1.1      -            238 d2hq9a1b.45.1.1.aln  -            184     4e-79  259.9   0.2   1   1     9e-81   4.7e-79  259.7   0.2     4   184     2   203     1   203 0.99 -
d2vpaa_b.45.1.1      -            215 d2hq9a1b.45.1.1.aln  -            184   3.5e-51  168.9   0.1   1   1   7.5e-53     4e-51  168.7   0.1     2   184    33   215    32   215 0.99 -
d2fura1b.45.1.1      -            193 d2hq9a1b.45.1.1.aln  -            184   4.6e-36  119.6   0.0   1   1   9.8e-38   5.1e-36  119.4   0.0     5   184     2   188     1   188 0.97 -
d1xhna1b.45.1.1      -            170 d2hq9a1b.45.1.1.aln  -            184   1.2e-32  108.4   0.0   1   1   2.5e-34   1.3e-32  108.3   0.0     3   162     6   170     4   170 0.97 -
d1rfea_b.45.1.1      -            160 d2hq9a1b.45.1.1.aln  -            184   4.8e-32  106.5   0.0   1   1   9.8e-34   5.2e-32  106.4   0.0     3   150     7   155     5   160 0.96 -
d2fg9a1b.45.1.1      -            157 d2hq9a1b.45.1.1.aln  -            184   1.1e-28   95.5   0.0   1   1   2.2e-30   1.2e-28   95.4   0.0     4   158     4   156     1   157 0.97 -
d2htia1b.45.1.1      -            156 d2hq9a1b.45.1.1.aln  -            184   3.1e-26   87.5   0.0   1   1   6.3e-28   3.3e-26   87.4   0.0     4   157     2   154     1   156 0.96 -
d1w9aa_b.45.1.1      -            142 d2hq9a1b.45.1.1.aln  -            184     6e-25   83.3   0.0   1   1   1.2e-26   6.5e-25   83.2   0.0     7   152     2   140     1   142 0.96 -
d2hq7a1b.45.1.1      -            141 d2hq9a1b.45.1.1.aln  -            184   4.1e-24   80.6   0.0   1   1   8.2e-26   4.3e-24   80.5   0.0     5   153     4   139     1   141 0.97 -
d2i02a1b.45.1.1      -            143 d2hq9a1b.45.1.1.aln  -            184   1.1e-23   79.2   0.0   1   1   2.3e-25   1.2e-23   79.1   0.0     3   154     3   142     1   143 0.97 -
d1vl7a_b.45.1.1      -            135 d2hq9a1b.45.1.1.aln  -            184   3.7e-23   77.5   0.0   1   1   7.6e-25     4e-23   77.4   0.0    13   153     4   132     1   135 0.97 -
d2fhqa1b.45.1.1      -            135 d2hq9a1b.45.1.1.aln  -            184   7.2e-22   73.3   0.0   1   1   1.5e-23   7.8e-22   73.2   0.0     4   151     2   134     1   135 0.97 -
d2asfa1b.45.1.1      -            125 d2hq9a1b.45.1.1.aln  -            184   1.1e-17   59.7   0.0   1   1   2.3e-19   1.2e-17   59.5   0.0     8   118     2   110     1   119 0.96 -
d3a6ra_b.45.1.1      -            122 d2hq9a1b.45.1.1.aln  -            184   1.3e-09   33.3   0.0   1   1   3.4e-11   1.8e-09   32.9   0.0     6   107     2   101     1   122 0.84 -
d2hq9a1b.45.1.1      -            148 d2hq9a1b.45.1.1.aln  -            184   2.7e-06   22.5   0.0   1   1   6.5e-08   3.4e-06   22.2   0.0    23    91    23    91    10   105 0.84 -
#
# Program:         hmmsearch
# Version:         3.1b2 (February 2015)
# Pipeline mode:   SEARCH
# Query file:      hmmModels95/d2hq9a1b.45.1.1.hmm
# Target file:     scop/scopTestSeq.fasta
# Option settings: hmmsearch --domtblout hmmModels95/d2hq9a1b.45.1.1.out -E 1 hmmModels95/d2hq9a1b.45.1.1.hmm scop/scopTestSeq.fasta 
# Current dir:     /users/nfs/Etu7/3801677/SBAS/TME8
# Date:            Tue Apr  4 15:54:27 2023
# [ok]
