#                                                                            --- full sequence --- -------------- this domain -------------   hmm coord   ali coord   env coord
# target name        accession   tlen query name           accession   qlen   E-value  score  bias   #  of  c-Evalue  i-Evalue  score  bias  from    to  from    to  from    to  acc description of target
#------------------- ---------- ----- -------------------- ---------- ----- --------- ------ ----- --- --- --------- --------- ------ ----- ----- ----- ----- ----- ----- ----- ---- ---------------------
d2arza1b.45.1.1      -            238 d2htia1b.45.1.1.aln  -            179   3.6e-77  253.6   0.3   1   1   8.1e-79   4.3e-77  253.3   0.3     3   179     1   203     1   210 0.98 -
d2vpaa_b.45.1.1      -            215 d2htia1b.45.1.1.aln  -            179   3.4e-48  159.2   0.1   1   1   7.4e-50   3.9e-48  159.0   0.1     2   179    33   215    32   215 0.99 -
d1rfea_b.45.1.1      -            160 d2htia1b.45.1.1.aln  -            179   2.8e-30  100.8   0.0   1   1   5.9e-32   3.1e-30  100.7   0.0     4   159     8   158     5   160 0.94 -
d1w9aa_b.45.1.1      -            142 d2htia1b.45.1.1.aln  -            179   6.9e-27   89.8   0.0   1   1   1.4e-28   7.5e-27   89.6   0.0     7   149     2   140     1   142 0.96 -
d2i02a1b.45.1.1      -            143 d2htia1b.45.1.1.aln  -            179   2.8e-25   84.5   0.0   1   1   5.7e-27     3e-25   84.4   0.0     4   154     4   140     1   143 0.96 -
d2fura1b.45.1.1      -            193 d2htia1b.45.1.1.aln  -            179   7.8e-25   83.1   0.0   1   1   1.7e-26   8.7e-25   82.9   0.0     1   172    12   191    12   193 0.99 -
d2fg9a1b.45.1.1      -            157 d2htia1b.45.1.1.aln  -            179   2.4e-24   81.5   0.0   1   1   4.9e-26   2.6e-24   81.4   0.0     3   160     3   155     1   157 0.97 -
d2hq9a1b.45.1.1      -            148 d2htia1b.45.1.1.aln  -            179   8.1e-24   79.8   0.0   1   1   1.7e-25   8.9e-24   79.6   0.0     1   160     1   147     1   148 0.97 -
d1xhna1b.45.1.1      -            170 d2htia1b.45.1.1.aln  -            179   4.9e-23   77.2   0.0   1   1   1.1e-24   5.6e-23   77.0   0.0     2   163    17   169    16   170 0.98 -
d2hq7a1b.45.1.1      -            141 d2htia1b.45.1.1.aln  -            179   1.3e-22   75.8   0.0   1   1   2.7e-24   1.4e-22   75.7   0.0     5   156     4   140     1   141 0.96 -
d2fhqa1b.45.1.1      -            135 d2htia1b.45.1.1.aln  -            179   1.9e-22   75.3   0.0   1   1   3.9e-24   2.1e-22   75.2   0.0     4   153     2   134     1   135 0.97 -
d1vl7a_b.45.1.1      -            135 d2htia1b.45.1.1.aln  -            179   2.9e-21   71.4   0.0   1   1   6.1e-23   3.2e-21   71.3   0.0    13   158     4   134     1   135 0.97 -
d2asfa1b.45.1.1      -            125 d2htia1b.45.1.1.aln  -            179   2.2e-17   58.8   0.0   1   1   4.7e-19   2.5e-17   58.6   0.0     8   118     2   110     1   122 0.94 -
d3a6ra_b.45.1.1      -            122 d2htia1b.45.1.1.aln  -            179   2.6e-05   19.4   0.0   1   1     1e-06   5.4e-05   18.4   0.0     6   101     2    86     1   121 0.74 -
d2htia1b.45.1.1      -            156 d2htia1b.45.1.1.aln  -            179   0.00052   15.2   0.0   1   1   1.4e-05   0.00073   14.8   0.0     8   109     6   117     4   132 0.84 -
#
# Program:         hmmsearch
# Version:         3.1b2 (February 2015)
# Pipeline mode:   SEARCH
# Query file:      hmmModels95/d2htia1b.45.1.1.hmm
# Target file:     scop/scopTestSeq.fasta
# Option settings: hmmsearch --domtblout hmmModels95/d2htia1b.45.1.1.out -E 1 hmmModels95/d2htia1b.45.1.1.hmm scop/scopTestSeq.fasta 
# Current dir:     /users/nfs/Etu7/3801677/SBAS/TME8
# Date:            Tue Apr  4 15:54:27 2023
# [ok]
