#                                                                            --- full sequence --- -------------- this domain -------------   hmm coord   ali coord   env coord
# target name        accession   tlen query name           accession   qlen   E-value  score  bias   #  of  c-Evalue  i-Evalue  score  bias  from    to  from    to  from    to  acc description of target
#------------------- ---------- ----- -------------------- ---------- ----- --------- ------ ----- --- --- --------- --------- ------ ----- ----- ----- ----- ----- ----- ----- ---- ---------------------
d1z0xa2a.121.1.1     -            149 d2hyja2a.121.1.1.aln -            122   3.1e-35  116.4   0.0   1   1   1.3e-36   3.5e-35  116.2   0.0     1   122     2   136     2   136 0.99 -
d2g7la2a.121.1.1     -            144 d2hyja2a.121.1.1.aln -            122   4.2e-30   99.9   8.8   1   1   1.7e-31   4.7e-30   99.7   8.8     1   122     2   127     2   127 0.99 -
d3c07a2a.121.1.1     -            146 d2hyja2a.121.1.1.aln -            122   1.3e-25   85.5   2.1   1   1   5.5e-27   1.5e-25   85.3   2.1     1   122     1   136     1   136 0.99 -
d2g7ga2a.121.1.1     -            132 d2hyja2a.121.1.1.aln -            122   5.4e-20   67.4   7.3   1   1   2.3e-21   6.4e-20   67.2   7.3     1   118     2   116     2   120 0.96 -
d2id3a2a.121.1.1     -            123 d2hyja2a.121.1.1.aln -            122   2.4e-19   65.3   6.5   1   1   9.6e-21   2.6e-19   65.2   6.5     2   120     2   120     1   122 0.98 -
d2fbqa2a.121.1.1     -            134 d2hyja2a.121.1.1.aln -            122     9e-19   63.5   0.1   1   1   3.7e-20     1e-18   63.4   0.1     2   120     5   122     4   124 0.98 -
d1ui5a2a.121.1.1     -            133 d2hyja2a.121.1.1.aln -            122   9.9e-19   63.4   0.4   1   1   4.3e-20   1.2e-18   63.1   0.4     5   121     8   124     5   125 0.98 -
d1t33a2a.121.1.1     -            132 d2hyja2a.121.1.1.aln -            122   6.7e-16   54.3   0.1   1   1   2.7e-17   7.3e-16   54.2   0.1     2   120     3   124     2   126 0.98 -
d1rkta2a.121.1.1     -            123 d2hyja2a.121.1.1.aln -            122   3.5e-14   48.8   0.0   1   1   1.5e-15     4e-14   48.6   0.0     6   122     2   113     1   113 0.96 -
d2id6a2a.121.1.1     -            125 d2hyja2a.121.1.1.aln -            122   3.3e-13   45.6   0.0   1   1   1.3e-14   3.5e-13   45.6   0.0     3   117     4   118     2   123 0.97 -
d2oi8a2a.121.1.1     -            130 d2hyja2a.121.1.1.aln -            122   3.9e-13   45.4   2.6   1   1   1.6e-14   4.3e-13   45.3   2.6     2   118     2   120     1   124 0.96 -
d2np5a2a.121.1.1     -            118 d2hyja2a.121.1.1.aln -            122   5.4e-13   45.0   3.6   1   1   2.1e-14   5.7e-13   44.9   3.6     3   114     5   114     3   118 0.96 -
d1t56a2a.121.1.1     -            120 d2hyja2a.121.1.1.aln -            122   9.9e-13   44.1   2.0   1   1     4e-14   1.1e-12   44.0   2.0     3   118     2   119     1   120 0.98 -
d2d6ya2a.121.1.1     -            118 d2hyja2a.121.1.1.aln -            122   1.4e-12   43.6   1.2   1   1   5.7e-14   1.6e-12   43.5   1.2     1   115     2   116     2   118 0.97 -
d2fx0a2a.121.1.1     -            122 d2hyja2a.121.1.1.aln -            122   1.6e-12   43.5   0.0   1   1   6.1e-14   1.7e-12   43.4   0.0     5   119     5   119     1   122 0.96 -
d2i10a2a.121.1.1     -            116 d2hyja2a.121.1.1.aln -            122   2.3e-12   43.0   2.2   1   1     9e-14   2.4e-12   42.9   2.2     6   118     3   115     1   116 0.97 -
d2gena2a.121.1.1     -            118 d2hyja2a.121.1.1.aln -            122   3.1e-12   42.5   5.0   1   1   1.2e-13   3.4e-12   42.4   5.0     3   118     4   118     2   118 0.98 -
d2fq4a2a.121.1.1     -            115 d2hyja2a.121.1.1.aln -            122   3.7e-12   42.3   0.0   1   1   1.5e-13     4e-12   42.2   0.0     6   118     3   115     1   115 0.98 -
d1zk8a2a.121.1.1     -            105 d2hyja2a.121.1.1.aln -            122   4.6e-12   42.0   0.0   1   1   1.8e-13   4.9e-12   41.9   0.0     2   103     3   104     2   105 0.96 -
d2np3a2a.121.1.1     -            112 d2hyja2a.121.1.1.aln -            122   2.5e-11   39.6   5.8   1   1   9.7e-13   2.6e-11   39.5   5.8     9   118     4   112     1   112 0.97 -
d1vi0a2a.121.1.1     -            117 d2hyja2a.121.1.1.aln -            122   3.1e-11   39.3   0.0   1   1   1.2e-12   3.4e-11   39.2   0.0     2   117     2   116     1   117 0.98 -
d2g7sa2a.121.1.1     -            116 d2hyja2a.121.1.1.aln -            122   3.3e-11   39.2   1.2   1   1   1.3e-12   3.5e-11   39.1   1.2     2   116     2   115     1   116 0.95 -
d2hkua2a.121.1.1     -            121 d2hyja2a.121.1.1.aln -            122   1.8e-10   36.8   0.0   1   1   7.1e-12   1.9e-10   36.8   0.0     5   118     5   119     1   121 0.95 -
d2g3ba2a.121.1.1     -            116 d2hyja2a.121.1.1.aln -            122   2.2e-10   36.6   1.4   1   1   8.7e-12   2.4e-10   36.5   1.4     3   119     1   115     1   116 0.98 -
d2iu5a2a.121.1.1     -            109 d2hyja2a.121.1.1.aln -            122   3.4e-10   36.0   0.0   1   1   1.3e-11   3.6e-10   35.9   0.0     8   113     3   106     1   109 0.96 -
d2o7ta2a.121.1.1     -            110 d2hyja2a.121.1.1.aln -            122   5.4e-10   35.3   0.0   1   1   2.1e-11   5.8e-10   35.2   0.0    11   119     4   109     1   110 0.97 -
d2gfna2a.121.1.1     -            119 d2hyja2a.121.1.1.aln -            122   1.3e-09   34.1   5.5   1   1   5.2e-11   1.4e-09   34.0   5.5     3   118     4   118     2   119 0.97 -
d1sgma2a.121.1.1     -            111 d2hyja2a.121.1.1.aln -            122   7.4e-09   31.7   0.0   1   1   2.9e-10     8e-09   31.6   0.0     5   118     2   111     1   111 0.97 -
d2fd5a2a.121.1.1     -            104 d2hyja2a.121.1.1.aln -            122   5.6e-06   22.4   1.5   1   1   2.2e-07   6.1e-06   22.3   1.5    11   115     4   103     1   104 0.90 -
#
# Program:         hmmsearch
# Version:         3.1b2 (February 2015)
# Pipeline mode:   SEARCH
# Query file:      hmmModels95/d2hyja2a.121.1.1.hmm
# Target file:     scop/scopTestSeq.fasta
# Option settings: hmmsearch --domtblout hmmModels95/d2hyja2a.121.1.1.out -E 1 hmmModels95/d2hyja2a.121.1.1.hmm scop/scopTestSeq.fasta 
# Current dir:     /users/nfs/Etu7/3801677/SBAS/TME8
# Date:            Tue Apr  4 15:54:28 2023
# [ok]
