#                                                                            --- full sequence --- -------------- this domain -------------   hmm coord   ali coord   env coord
# target name        accession   tlen query name           accession   qlen   E-value  score  bias   #  of  c-Evalue  i-Evalue  score  bias  from    to  from    to  from    to  acc description of target
#------------------- ---------- ----- -------------------- ---------- ----- --------- ------ ----- --- --- --------- --------- ------ ----- ----- ----- ----- ----- ----- ----- ---- ---------------------
d1z6na1c.47.1.1      -            166 d2i4aa_c.47.1.1.aln  -            110   3.9e-38  125.4   0.0   1   1   7.6e-40   4.6e-38  125.1   0.0     1   110    36   154    36   154 0.99 -
d2i4aa_c.47.1.1      -            107 d2i4aa_c.47.1.1.aln  -            110   2.4e-30  100.3   0.0   1   1   4.4e-32   2.7e-30  100.1   0.0     8   103     6   101     1   105 0.96 -
d1sena_c.47.1.1      -            135 d2i4aa_c.47.1.1.aln  -            110   4.2e-27   89.8   0.0   1   1   7.7e-29   4.7e-27   89.7   0.0     2   109     5   129     4   130 0.98 -
d1r26a_c.47.1.1      -            113 d2i4aa_c.47.1.1.aln  -            110   8.3e-23   76.0   0.0   1   1   1.6e-24   9.9e-23   75.8   0.0    11   104    15   107     6   111 0.94 -
d2fwha_c.47.1.1      -            117 d2i4aa_c.47.1.1.aln  -            110   8.1e-18   60.0   0.1   1   1   1.5e-19   9.3e-18   59.8   0.1     3   107     3   116     1   117 0.92 -
d1zmaa1c.47.1.1      -            115 d2i4aa_c.47.1.1.aln  -            110   6.3e-16   53.9   0.0   1   1   1.2e-17     7e-16   53.7   0.0     6   106    13   114     8   115 0.94 -
d2hzfa_c.47.1.0      -            110 d2i4aa_c.47.1.1.aln  -            110   3.7e-10   35.3   0.0   1   1   6.6e-12     4e-10   35.2   0.0     8    98     3    89     1    98 0.92 -
d1abaa_c.47.1.1      -             87 d2i4aa_c.47.1.1.aln  -            110   7.4e-10   34.3   0.0   1   1   1.3e-11     8e-10   34.2   0.0    23   101     3    85     1    87 0.87 -
d3qmxa_c.47.1.0      -             99 d2i4aa_c.47.1.1.aln  -            110     2e-09   33.0   0.0   1   1   4.2e-11   2.5e-09   32.6   0.0    20   107    15    93     5    95 0.83 -
d1iloa_c.47.1.1      -             77 d2i4aa_c.47.1.1.aln  -            110   5.3e-09   31.6   0.1   1   1     9e-11   5.5e-09   31.5   0.1    25   104     2    75     1    77 0.90 -
d1wjka_c.47.1.1      -            100 d2i4aa_c.47.1.1.aln  -            110   1.3e-08   30.4   0.0   1   1   2.2e-10   1.3e-08   30.3   0.0    12   104     5    94     1    99 0.93 -
d3gnja_c.47.1.0      -            111 d2i4aa_c.47.1.1.aln  -            110   7.9e-08   27.8   0.1   1   1   1.6e-09   9.9e-08   27.5   0.1     8    91     8    91     3   107 0.83 -
d3feua_c.47.1.0      -            183 d2i4aa_c.47.1.1.aln  -            110   0.00038   16.0   0.0   1   2      0.16       9.6    1.8   0.0    27    50    25    48    14    56 0.83 -
d3feua_c.47.1.0      -            183 d2i4aa_c.47.1.1.aln  -            110   0.00038   16.0   0.0   2   2   0.00012    0.0072   11.8   0.0    50   101   126   173   124   181 0.71 -
#
# Program:         hmmsearch
# Version:         3.1b2 (February 2015)
# Pipeline mode:   SEARCH
# Query file:      hmmModels95/d2i4aa_c.47.1.1.hmm
# Target file:     scop/scopTestSeq.fasta
# Option settings: hmmsearch --domtblout hmmModels95/d2i4aa_c.47.1.1.out -E 1 hmmModels95/d2i4aa_c.47.1.1.hmm scop/scopTestSeq.fasta 
# Current dir:     /users/nfs/Etu7/3801677/SBAS/TME8
# Date:            Tue Apr  4 15:54:28 2023
# [ok]
