#                                                                            --- full sequence --- -------------- this domain -------------   hmm coord   ali coord   env coord
# target name        accession   tlen query name           accession   qlen   E-value  score  bias   #  of  c-Evalue  i-Evalue  score  bias  from    to  from    to  from    to  acc description of target
#------------------- ---------- ----- -------------------- ---------- ----- --------- ------ ----- --- --- --------- --------- ------ ----- ----- ----- ----- ----- ----- ----- ---- ---------------------
d1jeta_c.94.1.1      -            517 d2i6ea1c.94.1.1.aln  -            329   3.7e-96  317.9  12.0   1   1   1.4e-97     6e-96  317.2  12.0     1   329    95   453    95   453 0.99 -
d3vlva_c.94.1.1      -            490 d2i6ea1c.94.1.1.aln  -            329   4.2e-91  301.3  11.4   1   1   1.3e-92   5.8e-91  300.8  11.4     1   328    16   427    16   428 0.99 -
d1vr5a1c.94.1.1      -            535 d2i6ea1c.94.1.1.aln  -            329   1.4e-82  273.3  12.6   1   1   4.6e-84     2e-82  272.8  12.6     2   328    89   457    88   458 0.98 -
d1xoca1c.94.1.1      -            504 d2i6ea1c.94.1.1.aln  -            329     3e-56  186.9  19.0   1   1   9.3e-58   4.1e-56  186.5  19.0     2   329    90   441    89   441 0.98 -
d2nooa_c.94.1.1      -            496 d2i6ea1c.94.1.1.aln  -            329   1.8e-51  171.3   0.6   1   1     5e-53   2.2e-51  171.0   0.6     1   329    83   435    83   435 0.99 -
d1uqwa_c.94.1.1      -            487 d2i6ea1c.94.1.1.aln  -            329   4.2e-51  170.1  11.4   1   1   1.2e-52   5.2e-51  169.8  11.4     2   329    87   426    86   426 0.99 -
d1eu8a_c.94.1.1      -            407 d2i6ea1c.94.1.1.aln  -            329   1.8e-34  115.5   7.2   1   1   4.8e-36   2.1e-34  115.3   7.2     5   328    32   378    28   379 0.98 -
d1nnfa_c.94.1.1      -            308 d2i6ea1c.94.1.1.aln  -            329   3.2e-32  108.1   8.6   1   1     8e-34   3.5e-32  108.0   8.6     8   290     1   297     1   308 0.96 -
d1q35a_c.94.1.1      -            318 d2i6ea1c.94.1.1.aln  -            329   7.4e-29   97.1   3.8   1   1   1.9e-30   8.2e-29   97.0   3.8     9   305     4   316     1   318 0.95 -
d1ursa_c.94.1.1      -            367 d2i6ea1c.94.1.1.aln  -            329   7.9e-26   87.2  12.1   1   1     2e-27   8.8e-26   87.0  12.1     6   328     5   342     1   343 0.98 -
d3thia_c.94.1.1      -            362 d2i6ea1c.94.1.1.aln  -            329   7.8e-24   80.6   0.4   1   1   2.1e-25   9.1e-24   80.4   0.4    16   322    22   339     4   346 0.95 -
d1ixha_c.94.1.1      -            321 d2i6ea1c.94.1.1.aln  -            329     2e-16   56.3  13.0   1   1   5.8e-18   2.6e-16   56.0  13.0     5   327    28   311    18   313 0.90 -
d1pb7a_c.94.1.1      -            289 d2i6ea1c.94.1.1.aln  -            329   1.5e-14   50.2   0.0   1   1   3.9e-16   1.7e-14   50.0   0.0     6   298     4   286     1   289 0.93 -
d1r9la_c.94.1.1      -            309 d2i6ea1c.94.1.1.aln  -            329   2.4e-12   43.0  11.3   1   1     7e-14   3.1e-12   42.6  11.3     6   312     9   299     5   307 0.89 -
d1sbpa_c.94.1.1      -            309 d2i6ea1c.94.1.1.aln  -            329   2.6e-12   42.9   9.6   1   1   7.1e-14   3.1e-12   42.6   9.6    11   328    16   305    11   306 0.97 -
d2czla1c.94.1.1      -            270 d2i6ea1c.94.1.1.aln  -            329   1.3e-08   30.8   0.0   1   1   3.5e-10   1.5e-08   30.5   0.0    31   293    25   255     6   265 0.93 -
d1us5a_c.94.1.1      -            298 d2i6ea1c.94.1.1.aln  -            329   1.8e-06   23.7   1.3   1   1   4.8e-08   2.1e-06   23.5   1.3    36   278    44   264    14   295 0.89 -
d1twya_c.94.1.1      -            249 d2i6ea1c.94.1.1.aln  -            329     0.001   14.6   0.1   1   1   2.9e-05    0.0013   14.3   0.1   140   287    74   229    14   248 0.80 -
#
# Program:         hmmsearch
# Version:         3.1b2 (February 2015)
# Pipeline mode:   SEARCH
# Query file:      hmmModels95/d2i6ea1c.94.1.1.hmm
# Target file:     scop/scopTestSeq.fasta
# Option settings: hmmsearch --domtblout hmmModels95/d2i6ea1c.94.1.1.out -E 1 hmmModels95/d2i6ea1c.94.1.1.hmm scop/scopTestSeq.fasta 
# Current dir:     /users/nfs/Etu7/3801677/SBAS/TME8
# Date:            Tue Apr  4 15:54:28 2023
# [ok]
