#                                                                            --- full sequence --- -------------- this domain -------------   hmm coord   ali coord   env coord
# target name        accession   tlen query name           accession   qlen   E-value  score  bias   #  of  c-Evalue  i-Evalue  score  bias  from    to  from    to  from    to  acc description of target
#------------------- ---------- ----- -------------------- ---------- ----- --------- ------ ----- --- --- --------- --------- ------ ----- ----- ----- ----- ----- ----- ----- ---- ---------------------
d1lj8a4c.2.1.6       -            286 d2i76a2c.2.1.6.aln   -            186   9.8e-82  268.8   0.0   1   1   2.5e-83   1.2e-81  268.6   0.0     1   186    55   260    55   260 0.99 -
d1jaya_c.2.1.6       -            212 d2i76a2c.2.1.6.aln   -            186   5.1e-39  129.6   0.5   1   1   1.2e-40   5.7e-39  129.4   0.5     2   185     2   191     1   192 0.98 -
d1f0ya2c.2.1.6       -            192 d2i76a2c.2.1.6.aln   -            186     8e-34  112.6   2.2   1   1   1.9e-35   8.9e-34  112.5   2.2     2   186     5   191     4   191 0.99 -
d1vpda2c.2.1.6       -            161 d2i76a2c.2.1.6.aln   -            186   1.6e-33  111.6   1.5   1   1   3.9e-35   1.8e-33  111.5   1.5     2   172     1   160     1   161 0.99 -
d1mv8a2c.2.1.6       -            202 d2i76a2c.2.1.6.aln   -            186   5.9e-33  109.8   0.0   1   1   1.4e-34   6.5e-33  109.6   0.0     2   184     1   191     1   193 0.97 -
d1bg6a2c.2.1.6       -            184 d2i76a2c.2.1.6.aln   -            186   1.8e-29   98.4   0.4   1   1   4.3e-31     2e-29   98.3   0.4     2   180     2   181     1   184 0.97 -
d1evya2c.2.1.6       -            189 d2i76a2c.2.1.6.aln   -            186   2.2e-29   98.1   0.0   1   1   5.2e-31   2.4e-29   98.0   0.0     2   182     8   188     7   189 0.99 -
d1txga2c.2.1.6       -            180 d2i76a2c.2.1.6.aln   -            186   1.5e-27   92.1   0.0   1   1   3.6e-29   1.7e-27   92.0   0.0     2   175     1   175     1   180 0.97 -
d1dlja2c.2.1.6       -            196 d2i76a2c.2.1.6.aln   -            186   4.4e-27   90.6   0.0   1   1   1.1e-28   4.9e-27   90.5   0.0     2   183     1   185     1   188 0.98 -
d2f1ka2c.2.1.6       -            165 d2i76a2c.2.1.6.aln   -            186   2.1e-26   88.4   0.0   1   1     5e-28   2.3e-26   88.3   0.0     2   181     1   164     1   165 0.96 -
d1ks9a2c.2.1.6       -            167 d2i76a2c.2.1.6.aln   -            186   1.2e-25   85.9   0.0   1   1   2.9e-27   1.4e-25   85.8   0.0     2   174     1   166     1   167 0.98 -
d1i36a2c.2.1.6       -            152 d2i76a2c.2.1.6.aln   -            186   1.4e-18   63.0   0.2   1   1   3.3e-20   1.5e-18   62.8   0.2     2   168     1   151     1   152 0.96 -
d1yqga2c.2.1.6       -            152 d2i76a2c.2.1.6.aln   -            186   1.6e-18   62.8   0.1   1   1   4.3e-20     2e-18   62.4   0.1     2   172     1   150     1   152 0.97 -
d2ahra2c.2.1.6       -            152 d2i76a2c.2.1.6.aln   -            186   7.8e-18   60.5   0.1   1   1     4e-19   1.9e-17   59.3   0.1     2   167     1   144     1   152 0.95 -
d2pv7a2c.2.1.6       -            152 d2i76a2c.2.1.6.aln   -            186   1.4e-17   59.7   0.2   1   2     0.011       0.5    5.7   0.1     3    34    12    41    10    43 0.82 -
d2pv7a2c.2.1.6       -            152 d2i76a2c.2.1.6.aln   -            186   1.4e-17   59.7   0.2   2   2     3e-17   1.4e-15   53.1   0.0    60   171    42   151    37   152 0.96 -
d1gpja2c.2.1.7       -            159 d2i76a2c.2.1.6.aln   -            186   0.00017   17.0   0.5   1   1   4.8e-06   0.00022   16.6   0.5     2    49    25    72    25   139 0.79 -
d1xhca2c.3.1.5       -            122 d2i76a2c.2.1.6.aln   -            186     0.001   14.5   0.4   1   1   3.9e-05    0.0018   13.7   0.4     6    30    37    61    34    65 0.88 -
#
# Program:         hmmsearch
# Version:         3.1b2 (February 2015)
# Pipeline mode:   SEARCH
# Query file:      hmmModels95/d2i76a2c.2.1.6.hmm
# Target file:     scop/scopTestSeq.fasta
# Option settings: hmmsearch --domtblout hmmModels95/d2i76a2c.2.1.6.out -E 1 hmmModels95/d2i76a2c.2.1.6.hmm scop/scopTestSeq.fasta 
# Current dir:     /users/nfs/Etu7/3801677/SBAS/TME8
# Date:            Tue Apr  4 15:54:28 2023
# [ok]
