#                                                                            --- full sequence --- -------------- this domain -------------   hmm coord   ali coord   env coord
# target name        accession   tlen query name           accession   qlen   E-value  score  bias   #  of  c-Evalue  i-Evalue  score  bias  from    to  from    to  from    to  acc description of target
#------------------- ---------- ----- -------------------- ---------- ----- --------- ------ ----- --- --- --------- --------- ------ ----- ----- ----- ----- ----- ----- ----- ---- ---------------------
d1z0xa2a.121.1.1     -            149 d2id6a2a.121.1.1.aln -            125   6.7e-43  141.1   0.0   1   1   2.8e-44   7.5e-43  140.9   0.0     1   125     1   143     1   143 0.99 -
d3c07a2a.121.1.1     -            146 d2id6a2a.121.1.1.aln -            125   3.4e-31  103.4   2.5   1   1   1.4e-32   3.8e-31  103.3   2.5     3   124     4   134     2   135 0.98 -
d2g7la2a.121.1.1     -            144 d2id6a2a.121.1.1.aln -            125   6.7e-28   92.8   8.2   1   1   2.9e-29   7.5e-28   92.6   8.2     1   124     1   137     1   138 0.99 -
d2g7ga2a.121.1.1     -            132 d2id6a2a.121.1.1.aln -            125   2.4e-20   68.5   9.1   1   1   9.9e-22   2.6e-20   68.4   9.1     2   124     2   126     1   127 0.94 -
d1t33a2a.121.1.1     -            132 d2id6a2a.121.1.1.aln -            125   1.9e-18   62.4   0.1   1   1     8e-20   2.1e-18   62.2   0.1     2   124     6   128     5   129 0.98 -
d2hyja2a.121.1.1     -            118 d2id6a2a.121.1.1.aln -            125     2e-17   59.1   4.9   1   1   8.1e-19   2.1e-17   59.0   4.9     2   116     2   116     1   118 0.91 -
d2fbqa2a.121.1.1     -            134 d2id6a2a.121.1.1.aln -            125   3.3e-17   58.4   0.3   1   1   1.4e-18   3.6e-17   58.3   0.3     2   124     5   129     4   130 0.98 -
d2id3a2a.121.1.1     -            123 d2id6a2a.121.1.1.aln -            125   1.8e-15   52.8   6.9   1   1   7.5e-17     2e-15   52.7   6.9     4   124     4   121     1   122 0.96 -
d1t56a2a.121.1.1     -            120 d2id6a2a.121.1.1.aln -            125   4.5e-15   51.5   1.7   1   1   1.8e-16   4.8e-15   51.4   1.7     5   123     2   118     1   120 0.97 -
d1ui5a2a.121.1.1     -            133 d2id6a2a.121.1.1.aln -            125   1.3e-14   50.0   2.0   1   1   5.6e-16   1.5e-14   49.9   2.0     2   124     5   130     4   131 0.97 -
d2i10a2a.121.1.1     -            116 d2id6a2a.121.1.1.aln -            125   2.1e-14   49.4   2.7   1   1   8.4e-16   2.2e-14   49.3   2.7     2   113     2   113     1   116 0.87 -
d1rkta2a.121.1.1     -            123 d2id6a2a.121.1.1.aln -            125   3.5e-14   48.6   0.0   1   1   1.4e-15   3.8e-14   48.5   0.0     2   124     5   122     4   123 0.95 -
d2g3ba2a.121.1.1     -            116 d2id6a2a.121.1.1.aln -            125   4.2e-14   48.4   1.2   1   1   1.7e-15   4.5e-14   48.3   1.2     5   119     3   115     1   116 0.97 -
d2oi8a2a.121.1.1     -            130 d2id6a2a.121.1.1.aln -            125   2.7e-13   45.8   2.2   1   1   1.1e-14   2.9e-13   45.7   2.2     2   122     2   122     1   125 0.94 -
d2gena2a.121.1.1     -            118 d2id6a2a.121.1.1.aln -            125     3e-13   45.6   4.1   1   1   1.3e-14   3.5e-13   45.4   4.1     2   120     2   112     1   116 0.96 -
d2g7sa2a.121.1.1     -            116 d2id6a2a.121.1.1.aln -            125   7.7e-13   44.3   1.6   1   1   3.2e-14   8.3e-13   44.2   1.6     2   118     2   114     1   116 0.95 -
d2d6ya2a.121.1.1     -            118 d2id6a2a.121.1.1.aln -            125   8.1e-13   44.3   0.7   1   1   3.3e-14   8.7e-13   44.2   0.7     6   124     3   117     1   118 0.96 -
d2fq4a2a.121.1.1     -            115 d2id6a2a.121.1.1.aln -            125   2.1e-12   42.9   0.0   1   1   8.5e-14   2.2e-12   42.8   0.0     5   118     2   112     1   115 0.96 -
d2gfna2a.121.1.1     -            119 d2id6a2a.121.1.1.aln -            125     3e-12   42.4   5.4   1   1   1.3e-13   3.3e-12   42.3   5.4     2   120     3   118     2   119 0.96 -
d2fx0a2a.121.1.1     -            122 d2id6a2a.121.1.1.aln -            125   5.5e-12   41.6   0.0   1   1   2.3e-13     6e-12   41.5   0.0     3   124     3   121     1   122 0.98 -
d2hkua2a.121.1.1     -            121 d2id6a2a.121.1.1.aln -            125   2.9e-11   39.3   0.0   1   1   1.3e-12   3.5e-11   39.0   0.0    13   117    10   114     4   120 0.94 -
d2iu5a2a.121.1.1     -            109 d2id6a2a.121.1.1.aln -            125   8.4e-11   37.8   0.0   1   1   3.4e-12   9.1e-11   37.7   0.0     3   122     4   107     2   109 0.97 -
d2np3a2a.121.1.1     -            112 d2id6a2a.121.1.1.aln -            125   1.3e-10   37.1   5.2   1   1   5.6e-12   1.5e-10   37.0   5.2     4   124     6   110     3   111 0.97 -
d2np5a2a.121.1.1     -            118 d2id6a2a.121.1.1.aln -            125   2.2e-10   36.4   4.3   1   1   9.4e-12   2.5e-10   36.2   4.3     1   123     3   115     3   117 0.97 -
d1vi0a2a.121.1.1     -            117 d2id6a2a.121.1.1.aln -            125   4.4e-09   32.2   0.0   1   1   1.9e-10   4.9e-09   32.1   0.0     3   125     2   117     1   117 0.97 -
d2o7ta2a.121.1.1     -            110 d2id6a2a.121.1.1.aln -            125   4.9e-07   25.6   0.0   1   1   1.9e-08   5.1e-07   25.6   0.0     8   119     9   109     2   110 0.88 -
d1sgma2a.121.1.1     -            111 d2id6a2a.121.1.1.aln -            125   1.7e-06   23.9   0.0   1   1     7e-08   1.8e-06   23.8   0.0     2   120     2   111     1   111 0.96 -
d1zk8a2a.121.1.1     -            105 d2id6a2a.121.1.1.aln -            125   5.2e-06   22.3   0.0   1   1   2.3e-07   5.9e-06   22.2   0.0     3   123     3   105     1   105 0.97 -
d2fd5a2a.121.1.1     -            104 d2id6a2a.121.1.1.aln -            125     9e-06   21.6   2.0   1   1   3.8e-07     1e-05   21.4   2.0     3   112     3   101     1   104 0.95 -
d2nxoa1c.94.1.1      -            277 d2id6a2a.121.1.1.aln -            125   9.1e-05   18.3   0.5   1   2      0.13       3.4    3.6   0.0    43    84     3    44     1    67 0.87 -
d2nxoa1c.94.1.1      -            277 d2id6a2a.121.1.1.aln -            125   9.1e-05   18.3   0.5   2   2   0.00036    0.0094   11.8   0.9    23    88   177   242   175   262 0.89 -
#
# Program:         hmmsearch
# Version:         3.1b2 (February 2015)
# Pipeline mode:   SEARCH
# Query file:      hmmModels95/d2id6a2a.121.1.1.hmm
# Target file:     scop/scopTestSeq.fasta
# Option settings: hmmsearch --domtblout hmmModels95/d2id6a2a.121.1.1.out -E 1 hmmModels95/d2id6a2a.121.1.1.hmm scop/scopTestSeq.fasta 
# Current dir:     /users/nfs/Etu7/3801677/SBAS/TME8
# Date:            Tue Apr  4 15:54:28 2023
# [ok]
