#                                                                            --- full sequence --- -------------- this domain -------------   hmm coord   ali coord   env coord
# target name        accession   tlen query name           accession   qlen   E-value  score  bias   #  of  c-Evalue  i-Evalue  score  bias  from    to  from    to  from    to  acc description of target
#------------------- ---------- ----- -------------------- ---------- ----- --------- ------ ----- --- --- --------- --------- ------ ----- ----- ----- ----- ----- ----- ----- ---- ---------------------
d1t33a1a.4.1.9       -             88 d2id3a1a.4.1.9.aln   -             74   9.6e-30   97.8   1.7   1   1   2.9e-31   1.1e-29   97.7   1.7     1    74     9    81     9    81 0.98 -
d2id6a1a.4.1.9       -             75 d2id3a1a.4.1.9.aln   -             74   1.9e-26   87.3   0.5   1   1   5.4e-28     2e-26   87.2   0.5     4    73     3    72     1    73 0.97 -
d1vi0a1a.4.1.9       -             72 d2id3a1a.4.1.9.aln   -             74   2.5e-25   83.7   0.1   1   1   7.1e-27   2.7e-25   83.6   0.1     5    72     2    69     1    71 0.95 -
d1rkta1a.4.1.9       -             81 d2id3a1a.4.1.9.aln   -             74     7e-25   82.3   0.1   1   1   2.1e-26   7.8e-25   82.1   0.1     2    73     9    80     8    81 0.97 -
d1ui5a1a.4.1.9       -             71 d2id3a1a.4.1.9.aln   -             74   2.4e-23   77.3   1.3   1   1   6.8e-25   2.5e-23   77.3   1.3     2    63     3    64     2    71 0.90 -
d2gfna1a.4.1.9       -             77 d2id3a1a.4.1.9.aln   -             74   9.3e-23   75.5   0.2   1   1   2.6e-24   9.9e-23   75.4   0.2     2    73     4    75     3    76 0.96 -
d2gena1a.4.1.9       -             70 d2id3a1a.4.1.9.aln   -             74   3.5e-22   73.6   0.4   1   1   9.8e-24   3.7e-22   73.5   0.4     5    70     1    66     1    70 0.95 -
d2i10a1a.4.1.9       -             69 d2id3a1a.4.1.9.aln   -             74   6.6e-22   72.7   0.0   1   1   1.8e-23   6.7e-22   72.7   0.0     9    71     5    67     1    69 0.95 -
d2oi8a1a.4.1.9       -             79 d2id3a1a.4.1.9.aln   -             74   1.2e-21   71.9   0.5   1   1   3.5e-23   1.3e-21   71.8   0.5     2    72     7    77     6    79 0.97 -
d2fd5a1a.4.1.9       -             76 d2id3a1a.4.1.9.aln   -             74   2.3e-21   71.0   0.0   1   1   7.3e-23   2.7e-21   70.7   0.0     1    69     4    72     4    75 0.96 -
d1t56a1a.4.1.9       -             73 d2id3a1a.4.1.9.aln   -             74   8.2e-21   69.2   0.0   1   1   2.3e-22   8.6e-21   69.2   0.0     4    73     3    72     1    73 0.96 -
d1sgma1a.4.1.9       -             73 d2id3a1a.4.1.9.aln   -             74   1.2e-20   68.7   0.0   1   1   3.4e-22   1.3e-20   68.6   0.0     4    73     2    72     1    73 0.96 -
d2np5a1a.4.1.9       -             69 d2id3a1a.4.1.9.aln   -             74   2.5e-20   67.7   0.1   1   1   6.9e-22   2.6e-20   67.6   0.1     7    70     4    67     1    69 0.95 -
d2np3a1a.4.1.9       -             65 d2id3a1a.4.1.9.aln   -             74   1.4e-19   65.3   0.2   1   1   4.5e-21   1.7e-19   65.0   0.2     9    63     1    55     1    64 0.91 -
d2g7sa1a.4.1.9       -             74 d2id3a1a.4.1.9.aln   -             74   2.2e-19   64.7   0.0   1   1     6e-21   2.3e-19   64.6   0.0     3    72     3    72     1    74 0.94 -
d2hyja1a.4.1.9       -             75 d2id3a1a.4.1.9.aln   -             74     3e-19   64.2   0.1   1   1   8.3e-21   3.1e-19   64.2   0.1     3    70     4    71     2    75 0.94 -
d2iu5a1a.4.1.9       -             71 d2id3a1a.4.1.9.aln   -             74   7.1e-19   63.0   0.1   1   1   1.9e-20   7.3e-19   63.0   0.1     5    66     6    68     2    71 0.93 -
d1zk8a1a.4.1.9       -             72 d2id3a1a.4.1.9.aln   -             74   1.7e-16   55.4   0.1   1   1   5.4e-18     2e-16   55.1   0.1     5    72     4    71     2    72 0.97 -
d2o7ta1a.4.1.9       -             78 d2id3a1a.4.1.9.aln   -             74   9.7e-16   53.0   0.0   1   1   2.7e-17     1e-15   52.9   0.0     3    71     5    75     3    78 0.81 -
d2g7ga1a.4.1.9       -             65 d2id3a1a.4.1.9.aln   -             74   2.5e-14   48.4   0.0   1   1     7e-16   2.6e-14   48.4   0.0     5    68     2    63     1    65 0.95 -
d2id3a1a.4.1.9       -             68 d2id3a1a.4.1.9.aln   -             74   3.2e-08   28.9   0.0   1   1     1e-09   3.9e-08   28.6   0.0     6    54     8    56     4    67 0.85 -
#
# Program:         hmmsearch
# Version:         3.1b2 (February 2015)
# Pipeline mode:   SEARCH
# Query file:      hmmModels95/d2id3a1a.4.1.9.hmm
# Target file:     scop/scopTestSeq.fasta
# Option settings: hmmsearch --domtblout hmmModels95/d2id3a1a.4.1.9.out -E 1 hmmModels95/d2id3a1a.4.1.9.hmm scop/scopTestSeq.fasta 
# Current dir:     /users/nfs/Etu7/3801677/SBAS/TME8
# Date:            Tue Apr  4 15:54:28 2023
# [ok]
