#                                                                            --- full sequence --- -------------- this domain -------------   hmm coord   ali coord   env coord
# target name        accession   tlen query name           accession   qlen   E-value  score  bias   #  of  c-Evalue  i-Evalue  score  bias  from    to  from    to  from    to  acc description of target
#------------------- ---------- ----- -------------------- ---------- ----- --------- ------ ----- --- --- --------- --------- ------ ----- ----- ----- ----- ----- ----- ----- ---- ---------------------
d3hl8a_c.55.3.5      -            470 d2igia_c.55.3.5.aln  -            311  6.3e-133  438.4   0.5   1   1  1.4e-134  7.3e-133  438.2   0.5     1   311    36   459    36   459 1.00 -
d1s5ja1c.55.3.5      -            410 d2igia_c.55.3.5.aln  -            311    5e-105  346.8   4.3   1   1  1.1e-106  5.7e-105  346.6   4.3     1   310    13   405    13   406 1.00 -
d1q8ia1c.55.3.5      -            388 d2igia_c.55.3.5.aln  -            311   1.2e-86  286.3   0.0   1   1   2.7e-88   1.4e-86  286.2   0.0     2   311     7   377     6   377 0.99 -
d2hbja2c.55.3.5      -            292 d2igia_c.55.3.5.aln  -            311   3.5e-56  186.3   0.8   1   1   7.5e-58   3.9e-56  186.2   0.8     2   310     5   286     4   287 0.98 -
d3mxma_c.55.3.5      -            229 d2igia_c.55.3.5.aln  -            311   1.7e-36  121.7   0.0   1   1   3.5e-38   1.8e-36  121.5   0.0    55   302     3   229     1   229 0.99 -
d1w0ha_c.55.3.5      -            200 d2igia_c.55.3.5.aln  -            311   3.5e-22   74.7   0.0   1   1   7.2e-24   3.8e-22   74.5   0.0    55   300     2   197     1   200 0.98 -
d1x9ma1c.55.3.5      -            204 d2igia_c.55.3.5.aln  -            311   1.2e-20   69.6   0.1   1   1   2.5e-22   1.3e-20   69.5   0.1    48   303     2   202     1   204 0.95 -
d1kfsa1c.55.3.5      -            195 d2igia_c.55.3.5.aln  -            311   2.8e-18   61.8   0.3   1   1   5.9e-20   3.1e-18   61.7   0.3    55   296     1   195     1   195 0.97 -
d1vk0a_c.55.3.5      -            206 d2igia_c.55.3.5.aln  -            311   5.9e-18   60.8   0.0   1   1   1.2e-19   6.4e-18   60.6   0.0    45   296     3   205     1   206 0.98 -
d1yt3a3c.55.3.5      -            193 d2igia_c.55.3.5.aln  -            311   9.6e-18   60.1   0.0   1   1     2e-19   1.1e-17   59.9   0.0    51   299     1   193     1   193 0.98 -
d2f96a1c.55.3.5      -            202 d2igia_c.55.3.5.aln  -            311   2.2e-15   52.3   0.0   1   1   4.8e-17   2.5e-15   52.1   0.0    38   297     2   201     1   202 0.98 -
d2guia_c.55.3.5      -            176 d2igia_c.55.3.5.aln  -            311   3.5e-15   51.6   0.0   1   1   7.6e-17     4e-15   51.4   0.0    59   295     2   175     1   176 0.98 -
d2py5a1c.55.3.5      -            183 d2igia_c.55.3.5.aln  -            311   5.3e-15   51.1   0.2   1   1   1.1e-16     6e-15   50.9   0.2    52   296     3   183     1   183 0.97 -
d1wlja_c.55.3.5      -            173 d2igia_c.55.3.5.aln  -            311   8.1e-09   30.7   0.0   1   1   1.9e-10     1e-08   30.4   0.0    61   289     2   166     1   170 0.96 -
d2igia_c.55.3.5      -            180 d2igia_c.55.3.5.aln  -            311   4.1e-06   21.8   0.2   1   2   0.00023     0.012   10.5   0.0    60   115     6    58     4    96 0.82 -
d2igia_c.55.3.5      -            180 d2igia_c.55.3.5.aln  -            311   4.1e-06   21.8   0.2   2   2   0.00033     0.017   10.0   0.1   218   291   103   177    86   180 0.91 -
#
# Program:         hmmsearch
# Version:         3.1b2 (February 2015)
# Pipeline mode:   SEARCH
# Query file:      hmmModels95/d2igia_c.55.3.5.hmm
# Target file:     scop/scopTestSeq.fasta
# Option settings: hmmsearch --domtblout hmmModels95/d2igia_c.55.3.5.out -E 1 hmmModels95/d2igia_c.55.3.5.hmm scop/scopTestSeq.fasta 
# Current dir:     /users/nfs/Etu7/3801677/SBAS/TME8
# Date:            Tue Apr  4 15:54:28 2023
# [ok]
