#                                                                            --- full sequence --- -------------- this domain -------------   hmm coord   ali coord   env coord
# target name        accession   tlen query name           accession   qlen   E-value  score  bias   #  of  c-Evalue  i-Evalue  score  bias  from    to  from    to  from    to  acc description of target
#------------------- ---------- ----- -------------------- ---------- ----- --------- ------ ----- --- --- --------- --------- ------ ----- ----- ----- ----- ----- ----- ----- ---- ---------------------
d2dw4a2c.3.1.2       -            450 d2iida1c.3.1.2.aln   -            374  5.4e-166  547.7   0.0   1   1  1.6e-167  6.1e-166  547.5   0.0     1   374     2   428     2   428 1.00 -
d1n4wa1c.3.1.2       -            368 d2iida1c.3.1.2.aln   -            374     1e-88  293.4   0.5   1   1     3e-90   1.1e-88  293.2   0.5     3   370     2   366     1   368 0.99 -
d2f5va1c.3.1.2       -            380 d2iida1c.3.1.2.aln   -            374     1e-83  276.9   0.0   1   1     3e-85   1.1e-83  276.8   0.0     2   373     3   377     2   378 0.99 -
d1kdga1c.3.1.2       -            361 d2iida1c.3.1.2.aln   -            374     5e-77  254.9   0.0   1   1   1.5e-78   5.6e-77  254.8   0.0     2   371     1   359     1   361 0.99 -
d2gmha1c.3.1.2       -            381 d2iida1c.3.1.2.aln   -            374   3.2e-75  249.0   0.0   1   1   9.6e-77   3.6e-75  248.8   0.0     2   373     7   378     6   379 0.99 -
d1seza1c.3.1.2       -            374 d2iida1c.3.1.2.aln   -            374   9.4e-72  237.6   0.0   1   1   2.8e-73     1e-71  237.4   0.0     4   371     2   369     1   372 0.99 -
d1b5qa1c.3.1.2       -            348 d2iida1c.3.1.2.aln   -            374   9.5e-71  234.3   0.2   1   1   2.8e-72   1.1e-70  234.1   0.2     5   373     2   345     1   346 0.99 -
d1pn0a1c.3.1.2       -            361 d2iida1c.3.1.2.aln   -            374   2.2e-66  219.9   0.0   1   1   6.6e-68   2.5e-66  219.7   0.0     2   373     6   359     5   360 0.99 -
d1ju2a1c.3.1.2       -            352 d2iida1c.3.1.2.aln   -            374   5.9e-66  218.5   0.2   1   1   1.7e-67   6.5e-66  218.3   0.2     4   373     3   351     1   352 0.99 -
d2iida1c.3.1.2       -            371 d2iida1c.3.1.2.aln   -            374   2.1e-60  200.2   0.0   1   1   7.8e-62   2.9e-60  199.7   0.0    15   365    18   364    12   369 0.97 -
d2ivda1c.3.1.2       -            348 d2iida1c.3.1.2.aln   -            374   1.5e-50  167.8   0.6   1   1   4.5e-52   1.7e-50  167.6   0.6     4   372     1   344     1   346 0.99 -
d1k0ia1c.3.1.2       -            293 d2iida1c.3.1.2.aln   -            374   4.6e-50  166.2   0.0   1   1   1.4e-51   5.2e-50  166.0   0.0     3   360     2   290     1   293 0.98 -
d1pj5a2c.3.1.2       -            306 d2iida1c.3.1.2.aln   -            374   1.8e-47  157.7   0.3   1   1   5.4e-49     2e-47  157.5   0.3     4   368     2   305     1   306 0.99 -
d1ryia1c.3.1.2       -            277 d2iida1c.3.1.2.aln   -            374   3.7e-42  140.2   0.0   1   1   1.1e-43   4.1e-42  140.0   0.0     2   344     3   276     2   277 0.99 -
d2gf3a1c.3.1.2       -            282 d2iida1c.3.1.2.aln   -            374   9.3e-41  135.6   0.0   1   1   2.8e-42     1e-40  135.4   0.0     2   350     2   281     1   282 0.99 -
d3c96a1c.3.1.2       -            289 d2iida1c.3.1.2.aln   -            374   2.9e-38  127.3   0.3   1   1   8.6e-40   3.2e-38  127.2   0.3     4   349     2   288     1   289 0.98 -
d2voua1c.3.1.2       -            266 d2iida1c.3.1.2.aln   -            374   2.8e-33  110.9   0.8   1   1   1.3e-34   4.8e-33  110.2   0.8     2   346     2   264     1   266 0.98 -
d1nhpa2c.3.1.5       -            123 d2iida1c.3.1.2.aln   -            374   0.00024   15.7   0.2   1   1   9.2e-06   0.00035   15.2   0.2     5    33    32    60    30    65 0.93 -
d1w4xa1c.3.1.5       -            299 d2iida1c.3.1.2.aln   -            374    0.0037   11.8   0.7   1   1   0.00015    0.0056   11.2   0.7     4    37     8    41     6    45 0.89 -
d1v59a1c.3.1.5       -            234 d2iida1c.3.1.2.aln   -            374    0.0037   11.8   0.1   1   1   0.00014    0.0054   11.3   0.1     4    39     6    42     3    45 0.94 -
d1xhca2c.3.1.5       -            122 d2iida1c.3.1.2.aln   -            374    0.0043   11.6   0.5   1   1   0.00017    0.0065   11.0   0.5     6    32    35    61    34    66 0.86 -
#
# Program:         hmmsearch
# Version:         3.1b2 (February 2015)
# Pipeline mode:   SEARCH
# Query file:      hmmModels95/d2iida1c.3.1.2.hmm
# Target file:     scop/scopTestSeq.fasta
# Option settings: hmmsearch --domtblout hmmModels95/d2iida1c.3.1.2.out -E 1 hmmModels95/d2iida1c.3.1.2.hmm scop/scopTestSeq.fasta 
# Current dir:     /users/nfs/Etu7/3801677/SBAS/TME8
# Date:            Tue Apr  4 15:54:29 2023
# [ok]
