#                                                                            --- full sequence --- -------------- this domain -------------   hmm coord   ali coord   env coord
# target name        accession   tlen query name           accession   qlen   E-value  score  bias   #  of  c-Evalue  i-Evalue  score  bias  from    to  from    to  from    to  acc description of target
#------------------- ---------- ----- -------------------- ---------- ----- --------- ------ ----- --- --- --------- --------- ------ ----- ----- ----- ----- ----- ----- ----- ---- ---------------------
d2k5ga1d.129.3.5     -            183 d2il5a1d.129.3.5.aln -            154   9.7e-58  190.0   0.1   1   1   1.4e-59   1.1e-57  189.8   0.1     2   154    16   165    15   165 0.98 -
d1xfsa_d.129.3.5     -            165 d2il5a1d.129.3.5.aln -            154   3.2e-49  162.4   0.1   1   1   4.4e-51   3.5e-49  162.2   0.1     3   154     3   164     1   164 0.98 -
d3elia1d.129.3.5     -            143 d2il5a1d.129.3.5.aln -            154   3.6e-48  158.9   0.7   1   1     5e-50     4e-48  158.8   0.7     6   150     2   143     1   143 0.99 -
d1xuva_d.129.3.5     -            163 d2il5a1d.129.3.5.aln -            154   4.3e-48  158.7   0.0   1   1   6.1e-50   4.8e-48  158.5   0.0     2   154     9   160     8   160 0.98 -
d1xn5a_d.129.3.5     -            138 d2il5a1d.129.3.5.aln -            154   5.4e-45  148.6   2.7   1   1   7.5e-47   5.9e-45  148.5   2.7     3   151     3   138     1   138 0.97 -
d2l65a1d.129.3.5     -            155 d2il5a1d.129.3.5.aln -            154   3.1e-44  146.2   0.7   1   1   4.3e-46   3.4e-44  146.0   0.7     4   154     1   153     1   153 0.98 -
d2nn5a1d.129.3.5     -            160 d2il5a1d.129.3.5.aln -            154   2.2e-41  136.9   0.3   1   1   3.1e-43   2.5e-41  136.7   0.3     1   153     8   159     8   160 0.98 -
d1z94a1d.129.3.5     -            143 d2il5a1d.129.3.5.aln -            154   7.4e-40  131.9   0.0   1   1     1e-41   8.1e-40  131.8   0.0     5   151     2   142     1   143 0.98 -
d1x53a1d.129.3.5     -            132 d2il5a1d.129.3.5.aln -            154   6.8e-32  106.1   0.2   1   1   9.6e-34   7.6e-32  105.9   0.2     3   153     2   131     1   132 0.96 -
d2il5a1d.129.3.5     -            164 d2il5a1d.129.3.5.aln -            154     3e-10   35.8   0.1   1   1   4.2e-12   3.3e-10   35.7   0.1     5    98     7   100     3   146 0.88 -
#
# Program:         hmmsearch
# Version:         3.1b2 (February 2015)
# Pipeline mode:   SEARCH
# Query file:      hmmModels95/d2il5a1d.129.3.5.hmm
# Target file:     scop/scopTestSeq.fasta
# Option settings: hmmsearch --domtblout hmmModels95/d2il5a1d.129.3.5.out -E 1 hmmModels95/d2il5a1d.129.3.5.hmm scop/scopTestSeq.fasta 
# Current dir:     /users/nfs/Etu7/3801677/SBAS/TME8
# Date:            Tue Apr  4 15:54:29 2023
# [ok]
