#                                                                            --- full sequence --- -------------- this domain -------------   hmm coord   ali coord   env coord
# target name        accession   tlen query name           accession   qlen   E-value  score  bias   #  of  c-Evalue  i-Evalue  score  bias  from    to  from    to  from    to  acc description of target
#------------------- ---------- ----- -------------------- ---------- ----- --------- ------ ----- --- --- --------- --------- ------ ----- ----- ----- ----- ----- ----- ----- ---- ---------------------
d1t33a1a.4.1.9       -             88 d2iu5a1a.4.1.9.aln   -             74   1.3e-29   97.4   1.8   1   1     4e-31   1.5e-29   97.2   1.8     1    74     9    81     9    81 0.98 -
d2id6a1a.4.1.9       -             75 d2iu5a1a.4.1.9.aln   -             74   7.3e-27   88.6   0.4   1   1   2.1e-28   7.8e-27   88.5   0.4     4    73     3    72     1    73 0.96 -
d1vi0a1a.4.1.9       -             72 d2iu5a1a.4.1.9.aln   -             74   5.2e-25   82.7   0.1   1   1   1.5e-26   5.5e-25   82.6   0.1     6    72     3    69     1    71 0.95 -
d1rkta1a.4.1.9       -             81 d2iu5a1a.4.1.9.aln   -             74     1e-24   81.7   0.1   1   1     3e-26   1.1e-24   81.6   0.1     2    73     9    80     8    81 0.97 -
d1ui5a1a.4.1.9       -             71 d2iu5a1a.4.1.9.aln   -             74   1.6e-23   77.9   1.5   1   1   4.4e-25   1.7e-23   77.9   1.5     2    65     3    66     2    71 0.90 -
d2gfna1a.4.1.9       -             77 d2iu5a1a.4.1.9.aln   -             74   9.7e-23   75.4   0.3   1   1   2.8e-24     1e-22   75.3   0.3     2    73     4    75     3    76 0.96 -
d2gena1a.4.1.9       -             70 d2iu5a1a.4.1.9.aln   -             74   1.2e-22   75.1   0.5   1   1   3.3e-24   1.2e-22   75.1   0.5     5    70     1    66     1    70 0.96 -
d2oi8a1a.4.1.9       -             79 d2iu5a1a.4.1.9.aln   -             74   6.1e-22   72.8   0.6   1   1   1.7e-23   6.5e-22   72.7   0.6     2    72     7    77     6    79 0.97 -
d2i10a1a.4.1.9       -             69 d2iu5a1a.4.1.9.aln   -             74   6.8e-22   72.7   0.0   1   1   1.8e-23   6.9e-22   72.7   0.0     9    71     5    67     1    69 0.95 -
d1t56a1a.4.1.9       -             73 d2iu5a1a.4.1.9.aln   -             74   8.2e-21   69.2   0.0   1   1   2.3e-22   8.7e-21   69.1   0.0     4    73     3    72     1    73 0.96 -
d2np5a1a.4.1.9       -             69 d2iu5a1a.4.1.9.aln   -             74   9.1e-21   69.1   0.2   1   1   2.5e-22   9.5e-21   69.0   0.2     6    70     3    67     1    69 0.95 -
d1sgma1a.4.1.9       -             73 d2iu5a1a.4.1.9.aln   -             74   1.1e-20   68.9   0.0   1   1     3e-22   1.1e-20   68.8   0.0     4    73     2    72     1    73 0.96 -
d2fd5a1a.4.1.9       -             76 d2iu5a1a.4.1.9.aln   -             74   1.4e-20   68.5   0.1   1   1   4.4e-22   1.6e-20   68.3   0.1     1    69     4    72     4    75 0.96 -
d2np3a1a.4.1.9       -             65 d2iu5a1a.4.1.9.aln   -             74   3.6e-20   67.1   0.3   1   1   1.2e-21   4.4e-20   66.9   0.3     9    64     1    56     1    64 0.90 -
d2hyja1a.4.1.9       -             75 d2iu5a1a.4.1.9.aln   -             74   1.4e-19   65.3   0.1   1   1   3.8e-21   1.4e-19   65.2   0.1     2    70     3    71     2    75 0.94 -
d2g7sa1a.4.1.9       -             74 d2iu5a1a.4.1.9.aln   -             74   3.8e-19   63.9   0.0   1   1     1e-20   3.9e-19   63.8   0.0     3    72     3    72     1    74 0.94 -
d2o7ta1a.4.1.9       -             78 d2iu5a1a.4.1.9.aln   -             74   3.3e-18   60.9   0.0   1   1   9.3e-20   3.5e-18   60.8   0.0     3    70     6    74     4    78 0.85 -
d1zk8a1a.4.1.9       -             72 d2iu5a1a.4.1.9.aln   -             74   2.8e-16   54.7   0.1   1   1   8.7e-18   3.3e-16   54.5   0.1     5    72     4    71     2    72 0.97 -
d2id3a1a.4.1.9       -             68 d2iu5a1a.4.1.9.aln   -             74   1.5e-15   52.4   0.1   1   1   4.1e-17   1.5e-15   52.3   0.1     4    64     6    66     3    68 0.94 -
d2g7ga1a.4.1.9       -             65 d2iu5a1a.4.1.9.aln   -             74   1.4e-14   49.2   0.0   1   1   3.9e-16   1.5e-14   49.2   0.0     5    67     2    62     1    65 0.95 -
d2iu5a1a.4.1.9       -             71 d2iu5a1a.4.1.9.aln   -             74   1.2e-10   36.7   0.0   1   1   3.6e-12   1.3e-10   36.5   0.0     6    57     8    59     4    68 0.88 -
#
# Program:         hmmsearch
# Version:         3.1b2 (February 2015)
# Pipeline mode:   SEARCH
# Query file:      hmmModels95/d2iu5a1a.4.1.9.hmm
# Target file:     scop/scopTestSeq.fasta
# Option settings: hmmsearch --domtblout hmmModels95/d2iu5a1a.4.1.9.out -E 1 hmmModels95/d2iu5a1a.4.1.9.hmm scop/scopTestSeq.fasta 
# Current dir:     /users/nfs/Etu7/3801677/SBAS/TME8
# Date:            Tue Apr  4 15:54:29 2023
# [ok]
