#                                                                            --- full sequence --- -------------- this domain -------------   hmm coord   ali coord   env coord
# target name        accession   tlen query name           accession   qlen   E-value  score  bias   #  of  c-Evalue  i-Evalue  score  bias  from    to  from    to  from    to  acc description of target
#------------------- ---------- ----- -------------------- ---------- ----- --------- ------ ----- --- --- --------- --------- ------ ----- ----- ----- ----- ----- ----- ----- ---- ---------------------
d2vnud3b.40.4.5      -            148 d2ix0a2b.40.4.5.aln  -             96   6.4e-27   89.6   0.0   1   1   2.4e-28     8e-27   89.3   0.0     1    96    40   139    40   139 0.99 -
d2nn6i1b.40.4.5      -            125 d2ix0a2b.40.4.5.aln  -             96   9.6e-27   89.0   0.0   1   1   3.4e-28   1.1e-26   88.8   0.0     2    96     1    99     1    99 0.98 -
d2uubl1b.40.4.5      -            118 d2ix0a2b.40.4.5.aln  -             96     5e-22   73.9   2.3   1   1     2e-23   6.6e-22   73.6   2.3     1    96    18   110    18   110 0.98 -
d1d7qa_b.40.4.5      -            143 d2ix0a2b.40.4.5.aln  -             96   8.5e-21   70.0   0.0   1   1   4.1e-22   1.3e-20   69.4   0.0     2    96    31   129    30   129 0.98 -
d2uubq1b.40.4.5      -            100 d2ix0a2b.40.4.5.aln  -             96   1.7e-16   56.2   2.3   1   1   5.8e-18   1.9e-16   56.1   2.3     7    93     3    87     1    90 0.95 -
d1rl2a2b.40.4.5      -             66 d2ix0a2b.40.4.5.aln  -             96   1.1e-11   40.8   0.3   1   1   3.6e-13   1.2e-11   40.7   0.3    25    92     1    66     1    66 0.95 -
d3bzka4b.40.4.5      -             94 d2ix0a2b.40.4.5.aln  -             96   1.5e-10   37.2   0.6   1   1     5e-12   1.6e-10   37.1   0.6     4    89    14    93    11    94 0.93 -
d1kl9a2b.40.4.5      -             86 d2ix0a2b.40.4.5.aln  -             96   3.1e-10   36.2   0.9   1   1     1e-11   3.3e-10   36.1   0.9     4    85     9    86     6    86 0.94 -
d2je6i1b.40.4.5      -             87 d2ix0a2b.40.4.5.aln  -             96   2.3e-09   33.4   1.1   1   1   7.7e-11   2.5e-09   33.3   1.1     4    89     3    85     1    87 0.89 -
d2nn6h1b.40.4.5      -             95 d2ix0a2b.40.4.5.aln  -             96   2.9e-08   29.9   0.0   1   1   1.1e-09   3.7e-08   29.5   0.0     4    84     4    88     2    93 0.93 -
d1wi5a_b.40.4.5      -            119 d2ix0a2b.40.4.5.aln  -             96   3.5e-08   29.6   0.0   1   1   1.2e-09     4e-08   29.4   0.0     1    95     6   104     6   105 0.96 -
d1luza_b.40.4.5      -             85 d2ix0a2b.40.4.5.aln  -             96   8.6e-08   28.4   0.4   1   1   3.3e-09   1.1e-07   28.1   0.4     6    89     6    84     2    85 0.92 -
d1c9oa_b.40.4.5      -             66 d2ix0a2b.40.4.5.aln  -             96   6.2e-07   25.6   0.0   1   1   2.1e-08   7.1e-07   25.4   0.0    15    83     2    63     1    65 0.88 -
d1go3e1b.40.4.5      -            106 d2ix0a2b.40.4.5.aln  -             96   1.5e-06   24.4   0.6   1   1   5.3e-08   1.7e-06   24.2   0.6    12    85    11    84     4    94 0.88 -
d2ja9a1b.40.4.5      -             90 d2ix0a2b.40.4.5.aln  -             96   1.9e-06   24.1   0.0   1   1   6.9e-08   2.3e-06   23.8   0.0     2    89     1    82     1    88 0.90 -
d1jt8a_b.40.4.5      -            102 d2ix0a2b.40.4.5.aln  -             96   1.7e-05   21.0   0.6   1   1   5.5e-07   1.8e-05   20.9   0.6     3    91     4    91     2    96 0.88 -
d2asba1b.40.4.5      -             76 d2ix0a2b.40.4.5.aln  -             96     4e-05   19.8   0.3   1   1   1.4e-06   4.5e-05   19.7   0.3     4    83     3    74     1    76 0.77 -
d1smxa_b.40.4.5      -             87 d2ix0a2b.40.4.5.aln  -             96   4.4e-05   19.7   0.0   1   1   1.3e-06   4.4e-05   19.7   0.0    42    88    33    85     5    87 0.88 -
d3i4oa_b.40.4.5      -             68 d2ix0a2b.40.4.5.aln  -             96   0.00011   18.4   0.2   1   1   3.4e-06   0.00011   18.4   0.2     8    71     4    65     1    68 0.95 -
d1jjga_b.40.4.5      -            102 d2ix0a2b.40.4.5.aln  -             96   0.00059   16.1   0.6   1   1     2e-05   0.00065   15.9   0.6     3    93     5    99     3   102 0.95 -
d1x6oa2b.40.4.5      -             79 d2ix0a2b.40.4.5.aln  -             96    0.0012   15.1   0.0   1   1   6.3e-05    0.0021   14.3   0.0     2    84     2    77     1    79 0.83 -
d1e3pa2b.40.4.5      -             62 d2ix0a2b.40.4.5.aln  -             96    0.0016   14.7   0.1   1   1     5e-05    0.0017   14.6   0.1    15    75     2    60     1    62 0.92 -
d1ne3a_b.40.4.5      -             68 d2ix0a2b.40.4.5.aln  -             96    0.0024   14.1   0.1   1   1   7.3e-05    0.0024   14.1   0.1     9    65     5    59     1    67 0.88 -
d1wfqa_b.40.4.5      -             89 d2ix0a2b.40.4.5.aln  -             96    0.0028   13.9   0.0   1   1   9.8e-05    0.0032   13.7   0.0    56    89    53    86    36    89 0.85 -
#
# Program:         hmmsearch
# Version:         3.1b2 (February 2015)
# Pipeline mode:   SEARCH
# Query file:      hmmModels95/d2ix0a2b.40.4.5.hmm
# Target file:     scop/scopTestSeq.fasta
# Option settings: hmmsearch --domtblout hmmModels95/d2ix0a2b.40.4.5.out -E 1 hmmModels95/d2ix0a2b.40.4.5.hmm scop/scopTestSeq.fasta 
# Current dir:     /users/nfs/Etu7/3801677/SBAS/TME8
# Date:            Tue Apr  4 15:54:29 2023
# [ok]
