#                                                                            --- full sequence --- -------------- this domain -------------   hmm coord   ali coord   env coord
# target name        accession   tlen query name           accession   qlen   E-value  score  bias   #  of  c-Evalue  i-Evalue  score  bias  from    to  from    to  from    to  acc description of target
#------------------- ---------- ----- -------------------- ---------- ----- --------- ------ ----- --- --- --------- --------- ------ ----- ----- ----- ----- ----- ----- ----- ---- ---------------------
d2vnud3b.40.4.5      -            148 d2ja9a1b.40.4.5.aln  -             92   2.3e-24   81.1   0.0   1   1     7e-26   2.9e-24   80.8   0.0     1    92    39   134    39   134 0.99 -
d1d7qa_b.40.4.5      -            143 d2ja9a1b.40.4.5.aln  -             92   1.2e-22   75.6   0.1   1   1   4.2e-24   1.8e-22   75.1   0.1     1    91    19   113    19   114 0.98 -
d2nn6i1b.40.4.5      -            125 d2ja9a1b.40.4.5.aln  -             92   1.2e-20   69.2   0.0   1   1   3.5e-22   1.4e-20   69.0   0.0     3    91     1    93     1    94 0.97 -
d2uubl1b.40.4.5      -            118 d2ja9a1b.40.4.5.aln  -             92   1.5e-17   59.3   1.3   1   1   5.9e-19   2.4e-17   58.7   1.3     1    91    21   108    21   109 0.98 -
d2uubq1b.40.4.5      -            100 d2ja9a1b.40.4.5.aln  -             92   1.2e-13   46.9   1.8   1   1   3.3e-15   1.4e-13   46.7   1.8    13    90     3    80     1    82 0.95 -
d1wi5a_b.40.4.5      -            119 d2ja9a1b.40.4.5.aln  -             92   2.5e-12   42.7   0.0   1   1   6.7e-14   2.8e-12   42.6   0.0     3    89    15   101    13   104 0.94 -
d1rl2a2b.40.4.5      -             66 d2ja9a1b.40.4.5.aln  -             92   7.9e-12   41.1   0.3   1   1     2e-13   8.4e-12   41.0   0.3    25    90     2    65     1    66 0.97 -
d3bzka4b.40.4.5      -             94 d2ja9a1b.40.4.5.aln  -             92   1.1e-11   40.6   0.8   1   1   3.1e-13   1.3e-11   40.5   0.8     4    87    13    90    10    93 0.91 -
d1kl9a2b.40.4.5      -             86 d2ja9a1b.40.4.5.aln  -             92   1.6e-10   36.9   0.6   1   1   4.1e-12   1.7e-10   36.9   0.6     5    85     9    85     5    86 0.95 -
d1go3e1b.40.4.5      -            106 d2ja9a1b.40.4.5.aln  -             92   3.7e-10   35.8   0.8   1   1   1.1e-11   4.4e-10   35.5   0.8     9    90     7    88     2    90 0.94 -
d1jt8a_b.40.4.5      -            102 d2ja9a1b.40.4.5.aln  -             92   8.9e-08   28.2   1.2   1   1   2.7e-09   1.1e-07   27.9   1.2     6    86    13    97     8   100 0.91 -
d1c9oa_b.40.4.5      -             66 d2ja9a1b.40.4.5.aln  -             92   1.3e-06   24.5   0.0   1   1   3.2e-08   1.3e-06   24.5   0.0    13    82     3    65     1    66 0.93 -
d2je6i1b.40.4.5      -             87 d2ja9a1b.40.4.5.aln  -             92   2.6e-06   23.6   1.2   1   1   6.9e-08   2.8e-06   23.4   1.2     4    81     2    76     1    86 0.89 -
d1luza_b.40.4.5      -             85 d2ja9a1b.40.4.5.aln  -             92     3e-06   23.3   0.3   1   1   7.7e-08   3.2e-06   23.2   0.3     5    90     3    84     1    85 0.93 -
d2nn6h1b.40.4.5      -             95 d2ja9a1b.40.4.5.aln  -             92   6.1e-06   22.4   0.0   1   1   1.7e-07     7e-06   22.2   0.0     2    54     1    56     1    76 0.87 -
d1u0la1b.40.4.5      -             66 d2ja9a1b.40.4.5.aln  -             92   0.00012   18.2   0.1   1   1   2.9e-06   0.00012   18.2   0.1    15    69     3    50     1    66 0.79 -
d3i4oa_b.40.4.5      -             68 d2ja9a1b.40.4.5.aln  -             92   0.00028   17.0   0.1   1   1     9e-06   0.00037   16.7   0.1    15    62     5    51     2    68 0.83 -
d1e3pa2b.40.4.5      -             62 d2ja9a1b.40.4.5.aln  -             92    0.0021   14.3   0.1   1   1     5e-05    0.0021   14.3   0.1    19    76     5    60     1    62 0.71 -
d1y14b1b.40.4.5      -             91 d2ja9a1b.40.4.5.aln  -             92    0.0024   14.1   0.7   1   1   0.00041     0.017   11.4   0.7     3    90     2    87     1    89 0.83 -
#
# Program:         hmmsearch
# Version:         3.1b2 (February 2015)
# Pipeline mode:   SEARCH
# Query file:      hmmModels95/d2ja9a1b.40.4.5.hmm
# Target file:     scop/scopTestSeq.fasta
# Option settings: hmmsearch --domtblout hmmModels95/d2ja9a1b.40.4.5.out -E 1 hmmModels95/d2ja9a1b.40.4.5.hmm scop/scopTestSeq.fasta 
# Current dir:     /users/nfs/Etu7/3801677/SBAS/TME8
# Date:            Tue Apr  4 15:54:29 2023
# [ok]
