#                                                                            --- full sequence --- -------------- this domain -------------   hmm coord   ali coord   env coord
# target name        accession   tlen query name           accession   qlen   E-value  score  bias   #  of  c-Evalue  i-Evalue  score  bias  from    to  from    to  from    to  acc description of target
#------------------- ---------- ----- -------------------- ---------- ----- --------- ------ ----- --- --- --------- --------- ------ ----- ----- ----- ----- ----- ----- ----- ---- ---------------------
d3n9ka_c.1.8.3       -            394 d2je8a5c.1.8.3.aln   -            351  8.6e-102  336.4  22.9   1   1    3e-103  1.1e-101  336.1  22.9     3   351    38   387    36   387 0.99 -
d1i1wa_c.1.8.3       -            303 d2je8a5c.1.8.3.aln   -            351   6.7e-84  277.5   5.8   1   1   2.2e-85   7.9e-84  277.3   5.8    14   346    13   301     2   303 0.95 -
d1uuqa_c.1.8.3       -            410 d2je8a5c.1.8.3.aln   -            351     2e-58  193.8  18.0   1   1   6.2e-60   2.2e-58  193.6  18.0     2   351    10   408     9   408 0.99 -
d1rh9a1c.1.8.3       -            370 d2je8a5c.1.8.3.aln   -            351   1.8e-53  177.4   8.2   1   1   5.6e-55     2e-53  177.3   8.2     2   350     2   368     1   369 0.98 -
d1odza_c.1.8.3       -            381 d2je8a5c.1.8.3.aln   -            351   3.4e-53  176.5  14.0   1   1   1.1e-54   3.9e-53  176.4  14.0     2   350    12   369    11   370 0.99 -
d1hjua_c.1.8.3       -            332 d2je8a5c.1.8.3.aln   -            351   6.2e-46  152.7  16.4   1   1   2.1e-47   7.4e-46  152.4  16.4    23   347    17   325     2   329 0.96 -
d7a3ha_c.1.8.3       -            300 d2je8a5c.1.8.3.aln   -            351   6.7e-43  142.7  15.5   1   1   2.4e-44   8.7e-43  142.3  15.5    13   324    16   280    11   294 0.95 -
d1edga_c.1.8.3       -            380 d2je8a5c.1.8.3.aln   -            351   1.3e-38  128.5  18.1   1   1   4.5e-40   1.6e-38  128.3  18.1     6   348    16   374    11   376 0.98 -
d1bqca_c.1.8.3       -            302 d2je8a5c.1.8.3.aln   -            351   2.1e-36  121.3  10.7   1   1   6.9e-38   2.5e-36  121.1  10.7     4   347     2   296     1   299 0.97 -
d1qw9a2c.1.8.3       -            367 d2je8a5c.1.8.3.aln   -            351   5.3e-36  120.0   2.2   1   1   1.6e-37   5.8e-36  119.9   2.2     6   348     3   365     1   367 0.98 -
d1ur4a_c.1.8.3       -            387 d2je8a5c.1.8.3.aln   -            351   1.6e-35  118.4  14.4   1   1     5e-37   1.8e-35  118.3  14.4     4   350     9   386     6   387 0.98 -
d1ceoa_c.1.8.3       -            340 d2je8a5c.1.8.3.aln   -            351   6.6e-35  116.4   1.7   1   1     2e-36   7.3e-35  116.3   1.7     8   348     3   332     1   335 0.95 -
d1ecea_c.1.8.3       -            358 d2je8a5c.1.8.3.aln   -            351   2.2e-33  111.4  16.2   1   1   6.7e-35   2.4e-33  111.3  16.2     5   321    10   334     6   355 0.94 -
d1qnra_c.1.8.3       -            344 d2je8a5c.1.8.3.aln   -            351   4.4e-31  103.8  22.1   1   1   1.3e-32   4.8e-31  103.7  22.1     6   342     9   338     4   344 0.96 -
d1w91a2c.1.8.3       -            347 d2je8a5c.1.8.3.aln   -            351   2.7e-29   97.9   0.0   1   1   8.9e-31   3.2e-29   97.7   0.0     2   347     7   344     6   347 0.91 -
d1vjza_c.1.8.3       -            325 d2je8a5c.1.8.3.aln   -            351   4.8e-25   84.0   0.8   1   1   1.6e-26   5.6e-25   83.7   0.8    11   314     5   299     1   318 0.93 -
d2nt0a2c.1.8.3       -            354 d2je8a5c.1.8.3.aln   -            351   6.6e-25   83.5   0.1   1   1     2e-26   7.3e-25   83.4   0.1     3   351    12   349    10   349 0.96 -
d1h1na_c.1.8.3       -            305 d2je8a5c.1.8.3.aln   -            351   1.2e-23   79.3  13.9   1   1   4.3e-25   1.5e-23   79.0  13.9     9   346     7   301     1   304 0.91 -
d1jz8a5c.1.8.3       -            292 d2je8a5c.1.8.3.aln   -            351     1e-22   76.3   1.2   1   1   4.6e-24   1.6e-22   75.6   1.2     7   345     2   290     1   292 0.94 -
d2vzsa5c.1.8.3       -            339 d2je8a5c.1.8.3.aln   -            351   2.5e-19   65.2   2.5   1   1   7.7e-21   2.8e-19   65.0   2.5     6   346     6   338     1   339 0.97 -
d1nofa2c.1.8.3       -            277 d2je8a5c.1.8.3.aln   -            351   2.4e-09   32.3   3.3   1   1   7.8e-11   2.8e-09   32.1   3.3    11   256     2   228     1   259 0.92 -
d2v3ga_c.1.8.3       -            273 d2je8a5c.1.8.3.aln   -            351   1.3e-08   29.9  19.5   1   1   1.1e-08     4e-07   25.0  19.5    11   288     5   234     1   263 0.77 -
#
# Program:         hmmsearch
# Version:         3.1b2 (February 2015)
# Pipeline mode:   SEARCH
# Query file:      hmmModels95/d2je8a5c.1.8.3.hmm
# Target file:     scop/scopTestSeq.fasta
# Option settings: hmmsearch --domtblout hmmModels95/d2je8a5c.1.8.3.out -E 1 hmmModels95/d2je8a5c.1.8.3.hmm scop/scopTestSeq.fasta 
# Current dir:     /users/nfs/Etu7/3801677/SBAS/TME8
# Date:            Tue Apr  4 15:54:30 2023
# [ok]
