#                                                                            --- full sequence --- -------------- this domain -------------   hmm coord   ali coord   env coord
# target name        accession   tlen query name           accession   qlen   E-value  score  bias   #  of  c-Evalue  i-Evalue  score  bias  from    to  from    to  from    to  acc description of target
#------------------- ---------- ----- -------------------- ---------- ----- --------- ------ ----- --- --- --------- --------- ------ ----- ----- ----- ----- ----- ----- ----- ---- ---------------------
d2jhfa2c.2.1.1       -            176 d2jhfa2c.2.1.1.aln   -            177     2e-54  179.3   1.3   1   1   4.3e-56   2.2e-54  179.2   1.3     2   176     2   175     1   176 0.99 -
d1kola2c.2.1.1       -            195 d2jhfa2c.2.1.1.aln   -            177   7.8e-53  174.2   3.4   1   1   1.7e-54   8.7e-53  174.0   3.4     4   176     2   178     1   179 0.98 -
d1vj0a2c.2.1.1       -            182 d2jhfa2c.2.1.1.aln   -            177   1.8e-46  153.5   0.0   1   1   3.6e-48   1.9e-46  153.4   0.0     3   175     3   175     1   177 0.97 -
d1jqba2c.2.1.1       -            174 d2jhfa2c.2.1.1.aln   -            177   7.1e-45  148.3   4.5   1   1   1.5e-46   7.7e-45  148.2   4.5     2   174     2   170     1   173 0.97 -
d1o89a2c.2.1.1       -            177 d2jhfa2c.2.1.1.aln   -            177   1.2e-42  141.0   1.2   1   1   2.5e-44   1.3e-42  140.9   1.2     2   174     6   171     5   174 0.96 -
d1h2ba2c.2.1.1       -            172 d2jhfa2c.2.1.1.aln   -            177   1.7e-42  140.5   2.0   1   1   3.5e-44   1.8e-42  140.4   2.0     2   173     5   171     4   172 0.96 -
d2dm6a2c.2.1.1       -            182 d2jhfa2c.2.1.1.aln   -            177   6.9e-42  138.5   0.1   1   1   1.5e-43   7.7e-42  138.4   0.1     2   177     4   178     3   178 0.96 -
d1pl8a2c.2.1.1       -            171 d2jhfa2c.2.1.1.aln   -            177   1.3e-41  137.6   5.5   1   1   2.7e-43   1.4e-41  137.5   5.5     4   174     3   169     1   171 0.93 -
d1gu7a2c.2.1.1       -            189 d2jhfa2c.2.1.1.aln   -            177   2.9e-41  136.5   0.0   1   1   6.1e-43   3.2e-41  136.4   0.0     2   175     2   181     1   183 0.96 -
d1qora2c.2.1.1       -            179 d2jhfa2c.2.1.1.aln   -            177   9.5e-41  134.8   0.1   1   1   2.2e-42   1.1e-40  134.6   0.1     2   173     2   175     1   178 0.97 -
d1yb5a2c.2.1.1       -            174 d2jhfa2c.2.1.1.aln   -            177   4.4e-40  132.6   2.1   1   1   9.3e-42   4.9e-40  132.5   2.1     2   175     2   171     1   173 0.95 -
d1piwa2c.2.1.1       -            168 d2jhfa2c.2.1.1.aln   -            177   1.4e-38  127.7   0.0   1   1     3e-40   1.6e-38  127.6   0.0     2   175     2   167     1   168 0.97 -
d1pqwa_c.2.1.1       -            183 d2jhfa2c.2.1.1.aln   -            177   2.4e-38  127.0   0.6   1   1     5e-40   2.7e-38  126.9   0.6     4   176     1   175     1   176 0.92 -
d1k0ia1c.3.1.2       -            293 d2jhfa2c.2.1.1.aln   -            177   0.00012   17.2   0.0   1   2   0.00032     0.017   10.3   0.0    30    57     3    30     1    38 0.90 -
d1k0ia1c.3.1.2       -            293 d2jhfa2c.2.1.1.aln   -            177   0.00012   17.2   0.0   2   2     0.016      0.85    4.7   0.0    49    93    90   137    88   210 0.76 -
d1c1da1c.2.1.7       -            201 d2jhfa2c.2.1.1.aln   -            177   0.00047   15.3   4.8   1   2   8.9e-06   0.00047   15.3   4.8    29    75    27    72     7    83 0.88 -
d1c1da1c.2.1.7       -            201 d2jhfa2c.2.1.1.aln   -            177   0.00047   15.3   4.8   2   2      0.27        14    0.7   0.0   100   132   118   150    95   156 0.72 -
#
# Program:         hmmsearch
# Version:         3.1b2 (February 2015)
# Pipeline mode:   SEARCH
# Query file:      hmmModels95/d2jhfa2c.2.1.1.hmm
# Target file:     scop/scopTestSeq.fasta
# Option settings: hmmsearch --domtblout hmmModels95/d2jhfa2c.2.1.1.out -E 1 hmmModels95/d2jhfa2c.2.1.1.hmm scop/scopTestSeq.fasta 
# Current dir:     /users/nfs/Etu7/3801677/SBAS/TME8
# Date:            Tue Apr  4 15:54:30 2023
# [ok]
