#                                                                            --- full sequence --- -------------- this domain -------------   hmm coord   ali coord   env coord
# target name        accession   tlen query name           accession   qlen   E-value  score  bias   #  of  c-Evalue  i-Evalue  score  bias  from    to  from    to  from    to  acc description of target
#------------------- ---------- ----- -------------------- ---------- ----- --------- ------ ----- --- --- --------- --------- ------ ----- ----- ----- ----- ----- ----- ----- ---- ---------------------
d1kt7a_b.60.1.1      -            175 d2joza1b.60.1.1.aln  -            162   2.4e-59  195.5   0.2   1   1   4.5e-61   2.7e-59  195.3   0.2     1   161     6   163     6   164 0.99 -
d3kffa_b.60.1.1      -            152 d2joza1b.60.1.1.aln  -            162   3.1e-49  162.6   0.4   1   1   5.6e-51   3.4e-49  162.5   0.4    11   161     2   151     1   152 0.99 -
d1kxoa_b.60.1.1      -            171 d2joza1b.60.1.1.aln  -            162     8e-46  151.5   0.7   1   1   1.5e-47   8.9e-46  151.4   0.7     1   158     8   170     8   171 0.99 -
d3s26a_b.60.1.1      -            176 d2joza1b.60.1.1.aln  -            162   6.9e-43  142.0   0.1   1   1   1.3e-44   7.9e-43  141.8   0.1     4   161    11   175     8   176 0.97 -
d3saoa_b.60.1.1      -            155 d2joza1b.60.1.1.aln  -            162   6.9e-42  138.7   0.2   1   1   1.3e-43   7.6e-42  138.6   0.2    13   161     1   149     1   150 0.99 -
d1dzka_b.60.1.1      -            148 d2joza1b.60.1.1.aln  -            162   5.8e-36  119.5   0.1   1   1     1e-37   6.4e-36  119.3   0.1    14   160     2   148     1   148 0.97 -
d1x8qa_b.60.1.1      -            184 d2joza1b.60.1.1.aln  -            162   7.1e-34  112.7   7.1   1   1   1.3e-35   7.8e-34  112.6   7.1     6   161     5   180     1   181 0.96 -
d1i4ua_b.60.1.1      -            181 d2joza1b.60.1.1.aln  -            162     3e-33  110.7   1.2   1   1   5.7e-35   3.4e-33  110.5   1.2     4   161    15   176    12   177 0.93 -
d1epba_b.60.1.1      -            160 d2joza1b.60.1.1.aln  -            162   4.5e-33  110.1   0.1   1   1   8.2e-35     5e-33  109.9   0.1     7   160     1   154     1   156 0.95 -
d1qwda_b.60.1.1      -            167 d2joza1b.60.1.1.aln  -            162     1e-31  105.7   0.0   1   1   2.1e-33   1.3e-31  105.4   0.0     4   154    19   166    11   167 0.94 -
d1lf7a_b.60.1.1      -            171 d2joza1b.60.1.1.aln  -            162   1.5e-26   88.8   0.0   1   1   2.8e-28   1.7e-26   88.7   0.0     3   159     6   167     4   170 0.93 -
d1qfta_b.60.1.1      -            175 d2joza1b.60.1.1.aln  -            162   3.9e-23   77.8   7.7   1   1   7.5e-25   4.5e-23   77.6   7.7     7   152    17   173     7   175 0.96 -
d1xkia_b.60.1.1      -            139 d2joza1b.60.1.1.aln  -            162   5.3e-22   74.1   0.0   1   1   9.9e-24     6e-22   73.9   0.0    15   154     2   138     1   139 0.96 -
#
# Program:         hmmsearch
# Version:         3.1b2 (February 2015)
# Pipeline mode:   SEARCH
# Query file:      hmmModels95/d2joza1b.60.1.1.hmm
# Target file:     scop/scopTestSeq.fasta
# Option settings: hmmsearch --domtblout hmmModels95/d2joza1b.60.1.1.out -E 1 hmmModels95/d2joza1b.60.1.1.hmm scop/scopTestSeq.fasta 
# Current dir:     /users/nfs/Etu7/3801677/SBAS/TME8
# Date:            Tue Apr  4 15:54:30 2023
# [ok]
