#                                                                            --- full sequence --- -------------- this domain -------------   hmm coord   ali coord   env coord
# target name        accession   tlen query name           accession   qlen   E-value  score  bias   #  of  c-Evalue  i-Evalue  score  bias  from    to  from    to  from    to  acc description of target
#------------------- ---------- ----- -------------------- ---------- ----- --------- ------ ----- --- --- --------- --------- ------ ----- ----- ----- ----- ----- ----- ----- ---- ---------------------
d1d7qa_b.40.4.5      -            143 d2nn6h1b.40.4.5.aln  -            110   4.3e-39  129.1   1.5   1   2   9.7e-41   4.3e-39  129.1   1.5     1   110     1   113     1   113 1.00 -
d1d7qa_b.40.4.5      -            143 d2nn6h1b.40.4.5.aln  -            110   4.3e-39  129.1   1.5   2   2       8.1   3.5e+02   -2.6   0.1    69    87   120   138   117   141 0.69 -
d2vnud3b.40.4.5      -            148 d2nn6h1b.40.4.5.aln  -            110   3.2e-31  103.8   0.0   1   1   9.2e-33     4e-31  103.4   0.0     1   110    33   145    33   145 0.99 -
d2nn6i1b.40.4.5      -            125 d2nn6h1b.40.4.5.aln  -            110   3.9e-23   77.7   0.0   1   1   9.9e-25   4.3e-23   77.6   0.0    11   110     1   103     1   103 0.99 -
d2uubl1b.40.4.5      -            118 d2nn6h1b.40.4.5.aln  -            110   5.7e-22   74.0   3.8   1   1   1.6e-23   7.1e-22   73.7   3.8     1   106    16   118    16   118 0.99 -
d1go3e1b.40.4.5      -            106 d2nn6h1b.40.4.5.aln  -            110   4.9e-13   45.2   0.4   1   1   1.3e-14   5.5e-13   45.1   0.4    15   109     1    98     1    99 0.98 -
d1wi5a_b.40.4.5      -            119 d2nn6h1b.40.4.5.aln  -            110   6.2e-13   44.9   0.0   1   1   1.5e-14   6.7e-13   44.8   0.0     3   109     7   116     5   117 0.97 -
d1rl2a2b.40.4.5      -             66 d2nn6h1b.40.4.5.aln  -            110   2.3e-12   43.1   0.3   1   1   5.5e-14   2.4e-12   43.0   0.3    25    89     2    65     1    66 0.97 -
d2uubq1b.40.4.5      -            100 d2nn6h1b.40.4.5.aln  -            110   1.7e-10   37.0   2.7   1   1   4.3e-12   1.9e-10   36.9   2.7     6   103     3    99     1   100 0.96 -
d1kl9a2b.40.4.5      -             86 d2nn6h1b.40.4.5.aln  -            110   9.2e-09   31.5   0.3   1   1   2.3e-10     1e-08   31.3   0.3     7    95     3    86     1    86 0.94 -
d3bzka4b.40.4.5      -             94 d2nn6h1b.40.4.5.aln  -            110   1.4e-08   30.9   0.3   1   1   3.1e-10   1.4e-08   30.9   0.3     4    95     5    89     2    94 0.91 -
d1jt8a_b.40.4.5      -            102 d2nn6h1b.40.4.5.aln  -            110   1.8e-08   30.5   0.7   1   1   4.9e-10   2.2e-08   30.3   0.7    18   106     7    98     2   101 0.94 -
d2je6i1b.40.4.5      -             87 d2nn6h1b.40.4.5.aln  -            110   2.5e-08   30.1   0.5   1   1   6.6e-10   2.9e-08   29.9   0.5    11    98     1    84     1    87 0.87 -
d1y14b1b.40.4.5      -             91 d2nn6h1b.40.4.5.aln  -            110   4.3e-08   29.3   0.0   1   1   1.1e-09   4.6e-08   29.2   0.0    15   108     1    89     1    91 0.78 -
d1c9oa_b.40.4.5      -             66 d2nn6h1b.40.4.5.aln  -            110   8.5e-07   25.1   0.1   1   1   2.1e-08   9.2e-07   25.0   0.1    19    82     4    60     1    65 0.90 -
d1luza_b.40.4.5      -             85 d2nn6h1b.40.4.5.aln  -            110     4e-06   23.0   0.3   1   1   1.1e-07   4.7e-06   22.7   0.3    11    99     2    84     1    85 0.92 -
d2ja9a1b.40.4.5      -             90 d2nn6h1b.40.4.5.aln  -            110   1.8e-05   20.9   0.0   1   1   4.9e-07   2.1e-05   20.6   0.0    12   106     2    89     1    90 0.81 -
d2ix0a1b.40.4.5      -             90 d2nn6h1b.40.4.5.aln  -            110   9.7e-05   18.5   0.0   1   1   2.5e-06   0.00011   18.3   0.0    18    92     8    85     2    89 0.87 -
d1e3pa2b.40.4.5      -             62 d2nn6h1b.40.4.5.aln  -            110     0.002   14.3   0.1   1   1   5.3e-05    0.0023   14.1   0.1    24    84     2    54     1    58 0.88 -
#
# Program:         hmmsearch
# Version:         3.1b2 (February 2015)
# Pipeline mode:   SEARCH
# Query file:      hmmModels95/d2nn6h1b.40.4.5.hmm
# Target file:     scop/scopTestSeq.fasta
# Option settings: hmmsearch --domtblout hmmModels95/d2nn6h1b.40.4.5.out -E 1 hmmModels95/d2nn6h1b.40.4.5.hmm scop/scopTestSeq.fasta 
# Current dir:     /users/nfs/Etu7/3801677/SBAS/TME8
# Date:            Tue Apr  4 15:54:30 2023
# [ok]
