#                                                                            --- full sequence --- -------------- this domain -------------   hmm coord   ali coord   env coord
# target name        accession   tlen query name           accession   qlen   E-value  score  bias   #  of  c-Evalue  i-Evalue  score  bias  from    to  from    to  from    to  acc description of target
#------------------- ---------- ----- -------------------- ---------- ----- --------- ------ ----- --- --- --------- --------- ------ ----- ----- ----- ----- ----- ----- ----- ---- ---------------------
d2vnud3b.40.4.5      -            148 d2nn6i1b.40.4.5.aln  -             90     3e-21   71.0   0.0   1   1   1.1e-22   4.2e-21   70.6   0.0     1    90    24   120    24   120 0.99 -
d1d7qa_b.40.4.5      -            143 d2nn6i1b.40.4.5.aln  -             90   1.6e-20   68.7   0.1   1   1   6.7e-22   2.5e-20   68.1   0.1     1    89    22   115    22   116 0.98 -
d2uubl1b.40.4.5      -            118 d2nn6i1b.40.4.5.aln  -             90   4.8e-20   67.2   3.2   1   1   1.9e-21   7.2e-20   66.6   3.2     1    90    24   113    24   113 0.99 -
d2uubq1b.40.4.5      -            100 d2nn6i1b.40.4.5.aln  -             90   8.2e-17   56.8   2.1   1   1   2.7e-18     1e-16   56.5   2.1     9    90     2    80     1    80 0.97 -
d1rl2a2b.40.4.5      -             66 d2nn6i1b.40.4.5.aln  -             90   1.7e-15   52.6   0.3   1   1   5.2e-17     2e-15   52.4   0.3    25    88     2    64     1    65 0.97 -
d3bzka4b.40.4.5      -             94 d2nn6i1b.40.4.5.aln  -             90   2.8e-13   45.5   0.5   1   1   8.1e-15     3e-13   45.4   0.5     4    86    14    91    11    94 0.88 -
d1kl9a2b.40.4.5      -             86 d2nn6i1b.40.4.5.aln  -             90   5.1e-12   41.5   0.8   1   1   1.5e-13   5.5e-12   41.4   0.8     3    84     8    86     6    86 0.93 -
d1go3e1b.40.4.5      -            106 d2nn6i1b.40.4.5.aln  -             90   8.8e-12   40.7   0.6   1   1   2.7e-13     1e-11   40.6   0.6     6    89     1    89     1    90 0.93 -
d1smxa_b.40.4.5      -             87 d2nn6i1b.40.4.5.aln  -             90   2.7e-11   39.2   0.0   1   1   8.3e-13   3.1e-11   39.0   0.0    10    84     2    82     1    85 0.96 -
d1wi5a_b.40.4.5      -            119 d2nn6i1b.40.4.5.aln  -             90   1.2e-10   37.1   0.0   1   1   3.8e-12   1.4e-10   36.9   0.0     5    85    18    95    14    98 0.95 -
d1jt8a_b.40.4.5      -            102 d2nn6i1b.40.4.5.aln  -             90   6.3e-09   31.6   1.7   1   1   1.9e-10     7e-09   31.5   1.7     3    88    13    95    11    97 0.95 -
d1luza_b.40.4.5      -             85 d2nn6i1b.40.4.5.aln  -             90   9.2e-09   31.1   0.6   1   1   2.7e-10     1e-08   30.9   0.6     6    88     6    84     2    85 0.93 -
d2ja9a1b.40.4.5      -             90 d2nn6i1b.40.4.5.aln  -             90   5.5e-08   28.6   0.0   1   1   1.8e-09   6.8e-08   28.3   0.0     2    77     1    71     1    82 0.92 -
d2je6i1b.40.4.5      -             87 d2nn6i1b.40.4.5.aln  -             90   8.1e-08   28.1   1.0   1   1   2.5e-09   9.4e-08   27.9   1.0     3    86     2    83     1    86 0.92 -
d1c9oa_b.40.4.5      -             66 d2nn6i1b.40.4.5.aln  -             90   9.5e-08   27.8   0.0   1   1   2.7e-09     1e-07   27.7   0.0    14    84     4    65     1    66 0.96 -
d1e3pa2b.40.4.5      -             62 d2nn6i1b.40.4.5.aln  -             90   3.9e-06   22.7   0.2   1   1   1.1e-07   4.1e-06   22.6   0.2    14    75     1    61     1    62 0.95 -
d3i4oa_b.40.4.5      -             68 d2nn6i1b.40.4.5.aln  -             90   4.6e-06   22.4   0.4   1   1   1.3e-07   4.9e-06   22.4   0.4    11    77     4    67     1    68 0.94 -
d2nn6h1b.40.4.5      -             95 d2nn6i1b.40.4.5.aln  -             90   1.9e-05   20.5   0.0   1   1     6e-07   2.3e-05   20.2   0.0     1    77     1    82     1    92 0.91 -
d1hh2p1b.40.4.5      -             72 d2nn6i1b.40.4.5.aln  -             90   6.3e-05   18.8   0.6   1   1   2.6e-06   9.6e-05   18.2   0.6    37    79    26    67     2    72 0.80 -
d1wfqa_b.40.4.5      -             89 d2nn6i1b.40.4.5.aln  -             90     0.001   14.9   0.1   1   1   2.9e-05    0.0011   14.9   0.1    49    85    47    83     7    87 0.89 -
d1bkba2b.40.4.5      -             65 d2nn6i1b.40.4.5.aln  -             90    0.0012   14.7   0.2   1   1   3.3e-05    0.0012   14.7   0.2    11    72     4    64     1    65 0.86 -
#
# Program:         hmmsearch
# Version:         3.1b2 (February 2015)
# Pipeline mode:   SEARCH
# Query file:      hmmModels95/d2nn6i1b.40.4.5.hmm
# Target file:     scop/scopTestSeq.fasta
# Option settings: hmmsearch --domtblout hmmModels95/d2nn6i1b.40.4.5.out -E 1 hmmModels95/d2nn6i1b.40.4.5.hmm scop/scopTestSeq.fasta 
# Current dir:     /users/nfs/Etu7/3801677/SBAS/TME8
# Date:            Tue Apr  4 15:54:30 2023
# [ok]
