#                                                                            --- full sequence --- -------------- this domain -------------   hmm coord   ali coord   env coord
# target name        accession   tlen query name           accession   qlen   E-value  score  bias   #  of  c-Evalue  i-Evalue  score  bias  from    to  from    to  from    to  acc description of target
#------------------- ---------- ----- -------------------- ---------- ----- --------- ------ ----- --- --- --------- --------- ------ ----- ----- ----- ----- ----- ----- ----- ---- ---------------------
d3vlva_c.94.1.1      -            490 d2nooa_c.94.1.1.aln  -            346  1.6e-131  434.4  15.0   1   1    4e-133  2.4e-131  433.8  15.0     1   346    19   411    19   411 1.00 -
d1jeta_c.94.1.1      -            517 d2nooa_c.94.1.1.aln  -            346  4.2e-109  360.6  16.6   1   1  8.4e-111  5.1e-109  360.4  16.6     2   346   130   515   129   515 0.99 -
d1vr5a1c.94.1.1      -            535 d2nooa_c.94.1.1.aln  -            346   1.5e-90  299.7  20.3   1   2         4   2.4e+02   -3.4   0.1    96   127    24    55    14    58 0.82 -
d1vr5a1c.94.1.1      -            535 d2nooa_c.94.1.1.aln  -            346   1.5e-90  299.7  20.3   2   2   2.5e-92   1.5e-90  299.7  20.3     1   346   106   517   106   517 1.00 -
d1uqwa_c.94.1.1      -            487 d2nooa_c.94.1.1.aln  -            346   2.9e-76  252.7  12.6   1   1   6.4e-78   3.9e-76  252.3  12.6     1   345   101   484   101   485 0.99 -
d1xoca1c.94.1.1      -            504 d2nooa_c.94.1.1.aln  -            346   6.7e-62  205.5  24.7   1   1   1.4e-63   8.2e-62  205.2  24.7     3   346   106   500   104   500 0.99 -
d1eu8a_c.94.1.1      -            407 d2nooa_c.94.1.1.aln  -            346   4.6e-45  150.2  10.6   1   1   8.5e-47   5.2e-45  150.0  10.6     1   343     8   390     8   393 0.98 -
d1ursa_c.94.1.1      -            367 d2nooa_c.94.1.1.aln  -            346   1.5e-33  112.3  12.1   1   1     3e-35   1.8e-33  112.0  12.1     8   345    10   356     4   357 0.97 -
d1q35a_c.94.1.1      -            318 d2nooa_c.94.1.1.aln  -            346   1.2e-22   76.5   3.3   1   1   2.2e-24   1.3e-22   76.3   3.3     6   329     4   307     1   316 0.91 -
d1nnfa_c.94.1.1      -            308 d2nooa_c.94.1.1.aln  -            346   5.5e-22   74.3   8.1   1   1   1.2e-23   7.1e-22   73.9   8.1     5   311     1   285     1   291 0.92 -
d1ixha_c.94.1.1      -            321 d2nooa_c.94.1.1.aln  -            346   3.3e-19   65.2  14.5   1   1   5.9e-21   3.6e-19   65.1  14.5    28   343    18   318     1   321 0.91 -
d3thia_c.94.1.1      -            362 d2nooa_c.94.1.1.aln  -            346   9.2e-19   63.7   0.4   1   1   1.8e-20   1.1e-18   63.5   0.4    16   344    20   359     6   361 0.96 -
d1pb7a_c.94.1.1      -            289 d2nooa_c.94.1.1.aln  -            346   7.1e-13   44.4   0.0   1   1   1.3e-14   7.7e-13   44.2   0.0    19   321     6   287     1   289 0.94 -
d2i6ea1c.94.1.1      -            272 d2nooa_c.94.1.1.aln  -            346   0.00075   14.7   0.0   1   1   1.8e-05    0.0011   14.2   0.0   163   255   134   213   131   224 0.89 -
#
# Program:         hmmsearch
# Version:         3.1b2 (February 2015)
# Pipeline mode:   SEARCH
# Query file:      hmmModels95/d2nooa_c.94.1.1.hmm
# Target file:     scop/scopTestSeq.fasta
# Option settings: hmmsearch --domtblout hmmModels95/d2nooa_c.94.1.1.out -E 1 hmmModels95/d2nooa_c.94.1.1.hmm scop/scopTestSeq.fasta 
# Current dir:     /users/nfs/Etu7/3801677/SBAS/TME8
# Date:            Tue Apr  4 15:54:30 2023
# [ok]
