#                                                                            --- full sequence --- -------------- this domain -------------   hmm coord   ali coord   env coord
# target name        accession   tlen query name           accession   qlen   E-value  score  bias   #  of  c-Evalue  i-Evalue  score  bias  from    to  from    to  from    to  acc description of target
#------------------- ---------- ----- -------------------- ---------- ----- --------- ------ ----- --- --- --------- --------- ------ ----- ----- ----- ----- ----- ----- ----- ---- ---------------------
d1t33a1a.4.1.9       -             88 d2np5a1a.4.1.9.aln   -             74   1.3e-29   97.4   1.9   1   1   3.9e-31   1.5e-29   97.2   1.9     1    74     9    81     9    81 0.98 -
d2id6a1a.4.1.9       -             75 d2np5a1a.4.1.9.aln   -             74   1.8e-26   87.3   0.5   1   1     5e-28   1.9e-26   87.3   0.5     4    73     3    72     1    73 0.97 -
d1vi0a1a.4.1.9       -             72 d2np5a1a.4.1.9.aln   -             74   2.4e-25   83.7   0.1   1   1   6.7e-27   2.5e-25   83.7   0.1     5    72     2    69     1    71 0.95 -
d1rkta1a.4.1.9       -             81 d2np5a1a.4.1.9.aln   -             74   1.1e-24   81.7   0.1   1   1   3.1e-26   1.2e-24   81.5   0.1     2    73     9    80     8    81 0.97 -
d1ui5a1a.4.1.9       -             71 d2np5a1a.4.1.9.aln   -             74     2e-23   77.6   1.4   1   1   5.5e-25   2.1e-23   77.5   1.4     2    65     3    66     2    71 0.91 -
d2gfna1a.4.1.9       -             77 d2np5a1a.4.1.9.aln   -             74     2e-22   74.3   0.3   1   1   5.8e-24   2.2e-22   74.2   0.3     2    73     4    75     3    76 0.96 -
d2gena1a.4.1.9       -             70 d2np5a1a.4.1.9.aln   -             74   3.5e-22   73.6   0.4   1   1   9.8e-24   3.7e-22   73.5   0.4     5    70     1    66     1    70 0.95 -
d2i10a1a.4.1.9       -             69 d2np5a1a.4.1.9.aln   -             74     8e-22   72.4   0.0   1   1   2.2e-23   8.2e-22   72.4   0.0     9    71     5    67     1    69 0.95 -
d2oi8a1a.4.1.9       -             79 d2np5a1a.4.1.9.aln   -             74   1.2e-21   71.9   0.6   1   1   3.3e-23   1.2e-21   71.8   0.6     2    72     7    77     6    79 0.97 -
d2fd5a1a.4.1.9       -             76 d2np5a1a.4.1.9.aln   -             74   3.8e-21   70.3   0.1   1   1   1.2e-22   4.4e-21   70.1   0.1     1    69     4    72     4    75 0.96 -
d1t56a1a.4.1.9       -             73 d2np5a1a.4.1.9.aln   -             74   7.6e-21   69.3   0.0   1   1   2.1e-22     8e-21   69.2   0.0     4    73     3    72     1    73 0.96 -
d1sgma1a.4.1.9       -             73 d2np5a1a.4.1.9.aln   -             74   1.2e-20   68.6   0.0   1   1   3.5e-22   1.3e-20   68.6   0.0     4    73     2    72     1    73 0.96 -
d2np3a1a.4.1.9       -             65 d2np5a1a.4.1.9.aln   -             74   1.1e-19   65.5   0.2   1   1   3.7e-21   1.4e-19   65.3   0.2     9    63     1    55     1    64 0.91 -
d2g7sa1a.4.1.9       -             74 d2np5a1a.4.1.9.aln   -             74   2.7e-19   64.4   0.0   1   1   8.3e-21   3.1e-19   64.1   0.0     3    70     3    70     1    73 0.94 -
d2hyja1a.4.1.9       -             75 d2np5a1a.4.1.9.aln   -             74   3.2e-19   64.1   0.1   1   1   8.8e-21   3.3e-19   64.1   0.1     3    70     4    71     2    75 0.94 -
d2iu5a1a.4.1.9       -             71 d2np5a1a.4.1.9.aln   -             74   9.8e-19   62.5   0.1   1   1   2.7e-20     1e-18   62.5   0.1     3    66     4    68     2    71 0.93 -
d1zk8a1a.4.1.9       -             72 d2np5a1a.4.1.9.aln   -             74   2.2e-16   55.0   0.1   1   1     7e-18   2.6e-16   54.8   0.1     5    72     4    71     2    72 0.97 -
d2np5a1a.4.1.9       -             69 d2np5a1a.4.1.9.aln   -             74   2.8e-16   54.7   0.1   1   1   8.1e-18     3e-16   54.6   0.1     9    69     6    66     2    69 0.91 -
d2o7ta1a.4.1.9       -             78 d2np5a1a.4.1.9.aln   -             74   5.3e-16   53.8   0.0   1   1   1.5e-17   5.5e-16   53.7   0.0     3    71     5    75     3    78 0.82 -
d2id3a1a.4.1.9       -             68 d2np5a1a.4.1.9.aln   -             74   3.7e-15   51.1   0.0   1   1     1e-16   3.8e-15   51.0   0.0     3    64     5    66     3    68 0.94 -
d2g7ga1a.4.1.9       -             65 d2np5a1a.4.1.9.aln   -             74   3.6e-14   47.9   0.0   1   1     1e-15   3.8e-14   47.9   0.0     5    67     2    62     1    65 0.95 -
#
# Program:         hmmsearch
# Version:         3.1b2 (February 2015)
# Pipeline mode:   SEARCH
# Query file:      hmmModels95/d2np5a1a.4.1.9.hmm
# Target file:     scop/scopTestSeq.fasta
# Option settings: hmmsearch --domtblout hmmModels95/d2np5a1a.4.1.9.out -E 1 hmmModels95/d2np5a1a.4.1.9.hmm scop/scopTestSeq.fasta 
# Current dir:     /users/nfs/Etu7/3801677/SBAS/TME8
# Date:            Tue Apr  4 15:54:31 2023
# [ok]
