#                                                                            --- full sequence --- -------------- this domain -------------   hmm coord   ali coord   env coord
# target name        accession   tlen query name           accession   qlen   E-value  score  bias   #  of  c-Evalue  i-Evalue  score  bias  from    to  from    to  from    to  acc description of target
#------------------- ---------- ----- -------------------- ---------- ----- --------- ------ ----- --- --- --------- --------- ------ ----- ----- ----- ----- ----- ----- ----- ---- ---------------------
d1vpma_d.38.1.1      -            155 d2nuja1d.38.1.1.aln  -            134   3.2e-42  138.8   0.1   1   1   7.9e-44   3.7e-42  138.6   0.1     2   133     3   137     2   138 0.98 -
d2hx5a1d.38.1.1      -            144 d2nuja1d.38.1.1.aln  -            134   4.5e-42  138.3   0.0   1   1   1.1e-43     5e-42  138.2   0.0     2   133     5   143     4   144 0.97 -
d3bjka_d.38.1.1      -            140 d2nuja1d.38.1.1.aln  -            134   3.2e-39  129.1   0.0   1   1   7.5e-41   3.5e-39  129.0   0.0     9   132     4   133     1   135 0.97 -
d2oafa1d.38.1.1      -            143 d2nuja1d.38.1.1.aln  -            134     5e-38  125.2   0.0   1   1   1.2e-39   5.5e-38  125.1   0.0     2   133     7   140     6   141 0.98 -
d1njka_d.38.1.1      -            133 d2nuja1d.38.1.1.aln  -            134     2e-37  123.2   0.0   1   1   4.8e-39   2.2e-37  123.1   0.0     4   133     2   131     1   132 0.98 -
d3qy3a1d.38.1.1      -            130 d2nuja1d.38.1.1.aln  -            134   3.2e-37  122.6   0.0   1   1   7.6e-39   3.5e-37  122.5   0.0     2   130     2   129     1   130 0.98 -
d2hlja1d.38.1.1      -            156 d2nuja1d.38.1.1.aln  -            134   3.3e-37  122.6   0.0   1   1   8.2e-39   3.8e-37  122.4   0.0     2   133     3   137     2   138 0.98 -
d2gvha1d.38.1.1      -            135 d2nuja1d.38.1.1.aln  -            134   7.2e-37  121.5   0.0   1   1   1.7e-38   7.8e-37  121.4   0.0     4   131     3   133     1   135 0.97 -
d2oiwa1d.38.1.1      -            131 d2nuja1d.38.1.1.aln  -            134   1.3e-36  120.7   0.2   1   1     3e-38   1.4e-36  120.5   0.2     4   133     2   127     1   128 0.98 -
d1lo7a_d.38.1.1      -            140 d2nuja1d.38.1.1.aln  -            134   4.6e-35  115.6   0.0   1   1   1.1e-36   5.1e-35  115.5   0.0     3   130     3   139     1   140 0.95 -
d2gf6a1d.38.1.1      -            134 d2nuja1d.38.1.1.aln  -            134     8e-35  114.9   0.0   1   1   1.9e-36   8.7e-35  114.7   0.0     2   131     4   132     3   134 0.97 -
d1s5ua_d.38.1.1      -            129 d2nuja1d.38.1.1.aln  -            134   1.2e-34  114.3   1.3   1   1   2.7e-36   1.3e-34  114.2   1.3     3   129     2   128     1   129 0.98 -
d2nuja1d.38.1.1      -            159 d2nuja1d.38.1.1.aln  -            134   2.4e-19   64.7   0.0   1   1   6.2e-21   2.9e-19   64.5   0.0     8   128    28   148    23   153 0.96 -
d1wlua_d.38.1.5      -            117 d2nuja1d.38.1.1.aln  -            134   1.4e-07   26.7   0.1   1   1   4.6e-09   2.1e-07   26.1   0.1    53   106    61   113    26   116 0.78 -
d3f5oa_d.38.1.5      -            138 d2nuja1d.38.1.1.aln  -            134   5.2e-07   24.8   0.0   1   1   1.4e-08   6.7e-07   24.5   0.0    17   105    44   131    31   135 0.83 -
d1ixla_d.38.1.5      -            130 d2nuja1d.38.1.1.aln  -            134   0.00047   15.3   0.0   1   1   1.3e-05   0.00062   14.9   0.0    50   109    65   121    51   127 0.77 -
d2hboa1d.38.1.5      -            142 d2nuja1d.38.1.1.aln  -            134   0.00083   14.5   0.0   1   1   2.2e-05     0.001   14.2   0.0    48   109    69   129    32   140 0.77 -
#
# Program:         hmmsearch
# Version:         3.1b2 (February 2015)
# Pipeline mode:   SEARCH
# Query file:      hmmModels95/d2nuja1d.38.1.1.hmm
# Target file:     scop/scopTestSeq.fasta
# Option settings: hmmsearch --domtblout hmmModels95/d2nuja1d.38.1.1.out -E 1 hmmModels95/d2nuja1d.38.1.1.hmm scop/scopTestSeq.fasta 
# Current dir:     /users/nfs/Etu7/3801677/SBAS/TME8
# Date:            Tue Apr  4 15:54:31 2023
# [ok]
