#                                                                            --- full sequence --- -------------- this domain -------------   hmm coord   ali coord   env coord
# target name        accession   tlen query name           accession   qlen   E-value  score  bias   #  of  c-Evalue  i-Evalue  score  bias  from    to  from    to  from    to  acc description of target
#------------------- ---------- ----- -------------------- ---------- ----- --------- ------ ----- --- --- --------- --------- ------ ----- ----- ----- ----- ----- ----- ----- ---- ---------------------
d2nuja1d.38.1.1      -            159 d2oafa1d.38.1.1.aln  -            136   3.4e-52  171.1   0.0   1   1   8.3e-54   3.8e-52  171.0   0.0     1   135    21   154    21   155 0.98 -
d2hx5a1d.38.1.1      -            144 d2oafa1d.38.1.1.aln  -            136   6.2e-44  144.4   0.0   1   1   1.5e-45   6.9e-44  144.2   0.0     2   134     5   143     4   144 0.98 -
d1vpma_d.38.1.1      -            155 d2oafa1d.38.1.1.aln  -            136     4e-41  135.3   0.1   1   1   9.7e-43   4.5e-41  135.1   0.1     3   134     4   137     2   139 0.98 -
d3bjka_d.38.1.1      -            140 d2oafa1d.38.1.1.aln  -            136   3.6e-39  129.0   0.0   1   1   8.3e-41   3.8e-39  128.9   0.0     9   134     4   134     1   136 0.97 -
d2hlja1d.38.1.1      -            156 d2oafa1d.38.1.1.aln  -            136   2.6e-38  126.2   0.0   1   1   6.2e-40   2.9e-38  126.0   0.0     2   135     3   138     2   139 0.98 -
d2oiwa1d.38.1.1      -            131 d2oafa1d.38.1.1.aln  -            136   1.7e-36  120.3   0.2   1   1   3.9e-38   1.8e-36  120.2   0.2     4   134     2   127     1   129 0.98 -
d1njka_d.38.1.1      -            133 d2oafa1d.38.1.1.aln  -            136   1.8e-36  120.2   0.0   1   1   4.3e-38     2e-36  120.1   0.0     4   134     2   131     1   133 0.98 -
d3qy3a1d.38.1.1      -            130 d2oafa1d.38.1.1.aln  -            136   4.8e-36  118.8   0.0   1   1   1.1e-37   5.2e-36  118.7   0.0     2   131     2   129     1   130 0.98 -
d2gvha1d.38.1.1      -            135 d2oafa1d.38.1.1.aln  -            136   4.8e-36  118.8   0.0   1   1   1.1e-37   5.1e-36  118.7   0.0     5   132     4   133     1   135 0.96 -
d1lo7a_d.38.1.1      -            140 d2oafa1d.38.1.1.aln  -            136   2.3e-35  116.6   0.0   1   1   5.5e-37   2.5e-35  116.5   0.0     3   131     3   139     1   140 0.97 -
d2gf6a1d.38.1.1      -            134 d2oafa1d.38.1.1.aln  -            136   4.3e-35  115.8   0.0   1   1     1e-36   4.7e-35  115.6   0.0     2   132     4   132     3   134 0.98 -
d1s5ua_d.38.1.1      -            129 d2oafa1d.38.1.1.aln  -            136   1.1e-34  114.4   1.5   1   1   2.7e-36   1.3e-34  114.3   1.5     3   131     2   129     1   129 0.98 -
d2oafa1d.38.1.1      -            143 d2oafa1d.38.1.1.aln  -            136   4.6e-12   41.2   0.0   1   1   1.2e-13   5.5e-12   40.9   0.0     4   132     9   138     6   140 0.96 -
d1wlua_d.38.1.5      -            117 d2oafa1d.38.1.1.aln  -            136   1.8e-07   26.3   0.1   1   2      0.22        10    1.2   0.0    33    63     1    32     1    34 0.84 -
d1wlua_d.38.1.5      -            117 d2oafa1d.38.1.1.aln  -            136   1.8e-07   26.3   0.1   2   2   2.2e-08     1e-06   23.9   0.1    53    96    61   104    27   115 0.77 -
d3f5oa_d.38.1.5      -            138 d2oafa1d.38.1.1.aln  -            136   5.8e-07   24.7   0.0   1   1   1.5e-08   6.9e-07   24.4   0.0    19    84    46   111    31   134 0.84 -
d1ixla_d.38.1.5      -            130 d2oafa1d.38.1.1.aln  -            136   9.9e-05   17.4   0.0   1   1   2.5e-06   0.00011   17.2   0.0    44   101    59   114    32   125 0.79 -
d2hboa1d.38.1.5      -            142 d2oafa1d.38.1.1.aln  -            136     0.001   14.2   0.0   1   1   2.5e-05    0.0012   14.0   0.0    48   111    69   130    34   141 0.83 -
#
# Program:         hmmsearch
# Version:         3.1b2 (February 2015)
# Pipeline mode:   SEARCH
# Query file:      hmmModels95/d2oafa1d.38.1.1.hmm
# Target file:     scop/scopTestSeq.fasta
# Option settings: hmmsearch --domtblout hmmModels95/d2oafa1d.38.1.1.out -E 1 hmmModels95/d2oafa1d.38.1.1.hmm scop/scopTestSeq.fasta 
# Current dir:     /users/nfs/Etu7/3801677/SBAS/TME8
# Date:            Tue Apr  4 15:54:31 2023
# [ok]
