#                                                                            --- full sequence --- -------------- this domain -------------   hmm coord   ali coord   env coord
# target name        accession   tlen query name           accession   qlen   E-value  score  bias   #  of  c-Evalue  i-Evalue  score  bias  from    to  from    to  from    to  acc description of target
#------------------- ---------- ----- -------------------- ---------- ----- --------- ------ ----- --- --- --------- --------- ------ ----- ----- ----- ----- ----- ----- ----- ---- ---------------------
d1z0xa2a.121.1.1     -            149 d2oi8a2a.121.1.1.aln -            120   2.9e-35  116.5   0.0   1   1   1.2e-36   3.3e-35  116.3   0.0     1   119     1   132     1   133 0.99 -
d2g7la2a.121.1.1     -            144 d2oi8a2a.121.1.1.aln -            120   9.8e-31  101.9   8.6   1   1   4.1e-32   1.1e-30  101.7   8.6     1   119     1   123     1   124 0.99 -
d3c07a2a.121.1.1     -            146 d2oi8a2a.121.1.1.aln -            120   3.8e-25   84.0   1.9   1   1   1.6e-26   4.4e-25   83.8   1.9     2   119     1   132     1   133 0.99 -
d1ui5a2a.121.1.1     -            133 d2oi8a2a.121.1.1.aln -            120     6e-18   60.9   0.4   1   1   2.6e-19   7.2e-18   60.6   0.4     6   119     8   121     5   122 0.97 -
d1t33a2a.121.1.1     -            132 d2oi8a2a.121.1.1.aln -            120   2.2e-17   59.1   0.1   1   1     9e-19   2.5e-17   58.9   0.1     3   119     7   122     5   123 0.98 -
d2g7ga2a.121.1.1     -            132 d2oi8a2a.121.1.1.aln -            120     3e-17   58.6   6.3   1   1   1.1e-18   3.1e-17   58.6   5.8     2   114     2   111     1   117 0.93 -
d2fbqa2a.121.1.1     -            134 d2oi8a2a.121.1.1.aln -            120   1.1e-16   56.8   0.2   1   1   4.5e-18   1.2e-16   56.7   0.2     2   120     5   127     4   127 0.98 -
d1rkta2a.121.1.1     -            123 d2oi8a2a.121.1.1.aln -            120   1.1e-14   50.4   0.0   1   1   4.7e-16   1.3e-14   50.2   0.0     7   119     2   109     1   110 0.98 -
d2id3a2a.121.1.1     -            123 d2oi8a2a.121.1.1.aln -            120   1.6e-14   49.8   5.7   1   1     7e-16   1.9e-14   49.6   5.7     2   117     5   120     4   122 0.97 -
d2d6ya2a.121.1.1     -            118 d2oi8a2a.121.1.1.aln -            120   2.1e-14   49.5   1.0   1   1   8.2e-16   2.2e-14   49.4   1.0     2   116     2   116     1   118 0.98 -
d2hyja2a.121.1.1     -            118 d2oi8a2a.121.1.1.aln -            120   3.2e-14   48.9   3.9   1   1   1.3e-15   3.4e-14   48.8   3.9     4   118     4   117     1   118 0.97 -
d2fx0a2a.121.1.1     -            122 d2oi8a2a.121.1.1.aln -            120   6.5e-14   47.9   0.0   1   1   2.6e-15   7.1e-14   47.8   0.0     2   118     5   121     4   122 0.98 -
d1t56a2a.121.1.1     -            120 d2oi8a2a.121.1.1.aln -            120   1.2e-13   47.1   1.9   1   1   4.6e-15   1.3e-13   47.0   1.9     2   118     2   118     1   120 0.94 -
d2id6a2a.121.1.1     -            125 d2oi8a2a.121.1.1.aln -            120   1.8e-13   46.5   0.0   1   1   7.8e-15   2.1e-13   46.3   0.0     2   115     5   119     4   123 0.97 -
d2np5a2a.121.1.1     -            118 d2oi8a2a.121.1.1.aln -            120   7.8e-13   44.5   3.2   1   1   3.4e-14   9.3e-13   44.2   3.2     1   115     2   114     2   117 0.97 -
d2i10a2a.121.1.1     -            116 d2oi8a2a.121.1.1.aln -            120   1.1e-12   44.0   1.8   1   1   4.8e-14   1.3e-12   43.7   1.8     2   113     2   111     1   116 0.90 -
d2gena2a.121.1.1     -            118 d2oi8a2a.121.1.1.aln -            120   1.4e-12   43.7   5.4   1   1   5.5e-14   1.5e-12   43.5   5.4     2   118     2   117     1   118 0.98 -
d1vi0a2a.121.1.1     -            117 d2oi8a2a.121.1.1.aln -            120   4.7e-12   42.0   0.0   1   1   1.9e-13   5.1e-12   41.8   0.0     2   118     1   116     1   117 0.98 -
d2g7sa2a.121.1.1     -            116 d2oi8a2a.121.1.1.aln -            120   1.5e-11   40.3   1.1   1   1   6.1e-13   1.7e-11   40.2   1.1     2   116     2   115     1   116 0.98 -
d2gfna2a.121.1.1     -            119 d2oi8a2a.121.1.1.aln -            120   9.6e-11   37.7   5.7   1   1   3.8e-12     1e-10   37.7   5.7     3   118     3   117     1   119 0.96 -
d2hkua2a.121.1.1     -            121 d2oi8a2a.121.1.1.aln -            120   1.9e-10   36.8   0.1   1   1   7.2e-12   1.9e-10   36.8   0.1     6   117     5   118     1   121 0.93 -
d2fd5a2a.121.1.1     -            104 d2oi8a2a.121.1.1.aln -            120   4.4e-10   35.6   1.6   1   1   1.9e-11   5.2e-10   35.4   1.6    10   105     7   101     2   103 0.94 -
d1zk8a2a.121.1.1     -            105 d2oi8a2a.121.1.1.aln -            120   5.2e-10   35.4   0.0   1   1     2e-11   5.4e-10   35.3   0.0     3    98     3    98     1   105 0.92 -
d2np3a2a.121.1.1     -            112 d2oi8a2a.121.1.1.aln -            120   1.1e-09   34.3   5.6   1   1   4.4e-11   1.2e-09   34.2   5.6    11   119     5   112     1   112 0.97 -
d2iu5a2a.121.1.1     -            109 d2oi8a2a.121.1.1.aln -            120   1.1e-09   34.3   0.0   1   1   4.4e-11   1.2e-09   34.2   0.0     8   114     2   106     1   109 0.95 -
d2fq4a2a.121.1.1     -            115 d2oi8a2a.121.1.1.aln -            120   1.3e-08   30.9   0.0   1   1   5.1e-10   1.4e-08   30.8   0.0     2   117     2   113     1   115 0.95 -
d2g3ba2a.121.1.1     -            116 d2oi8a2a.121.1.1.aln -            120   2.1e-08   30.3   1.1   1   1   8.5e-10   2.3e-08   30.1   1.1    14   118    12   115     2   116 0.93 -
d1sgma2a.121.1.1     -            111 d2oi8a2a.121.1.1.aln -            120   2.7e-07   26.7   0.0   1   1   1.1e-08     3e-07   26.5   0.0     2   113     2   111     1   111 0.96 -
d2o7ta2a.121.1.1     -            110 d2oi8a2a.121.1.1.aln -            120   7.9e-07   25.2   0.0   1   1   3.1e-08   8.5e-07   25.1   0.0    12   120     4   109     1   109 0.97 -
#
# Program:         hmmsearch
# Version:         3.1b2 (February 2015)
# Pipeline mode:   SEARCH
# Query file:      hmmModels95/d2oi8a2a.121.1.1.hmm
# Target file:     scop/scopTestSeq.fasta
# Option settings: hmmsearch --domtblout hmmModels95/d2oi8a2a.121.1.1.out -E 1 hmmModels95/d2oi8a2a.121.1.1.hmm scop/scopTestSeq.fasta 
# Current dir:     /users/nfs/Etu7/3801677/SBAS/TME8
# Date:            Tue Apr  4 15:54:31 2023
# [ok]
