#                                                                            --- full sequence --- -------------- this domain -------------   hmm coord   ali coord   env coord
# target name        accession   tlen query name           accession   qlen   E-value  score  bias   #  of  c-Evalue  i-Evalue  score  bias  from    to  from    to  from    to  acc description of target
#------------------- ---------- ----- -------------------- ---------- ----- --------- ------ ----- --- --- --------- --------- ------ ----- ----- ----- ----- ----- ----- ----- ---- ---------------------
d1t33a1a.4.1.9       -             88 d2oi8a1a.4.1.9.aln   -             74   3.9e-30   99.1   1.7   1   1   1.2e-31   4.4e-30   98.9   1.7     1    74     9    81     9    81 0.98 -
d2id6a1a.4.1.9       -             75 d2oi8a1a.4.1.9.aln   -             74   6.7e-27   88.8   0.5   1   1   1.9e-28   7.1e-27   88.7   0.5     4    73     3    72     1    73 0.97 -
d1rkta1a.4.1.9       -             81 d2oi8a1a.4.1.9.aln   -             74   1.8e-25   84.1   0.1   1   1   5.4e-27     2e-25   84.0   0.1     2    73     9    80     8    81 0.97 -
d1vi0a1a.4.1.9       -             72 d2oi8a1a.4.1.9.aln   -             74   2.1e-25   83.9   0.1   1   1   6.1e-27   2.3e-25   83.9   0.1     5    72     2    69     1    71 0.95 -
d1ui5a1a.4.1.9       -             71 d2oi8a1a.4.1.9.aln   -             74   1.4e-23   78.1   1.4   1   1     4e-25   1.5e-23   78.0   1.4     2    65     3    66     2    71 0.90 -
d2gena1a.4.1.9       -             70 d2oi8a1a.4.1.9.aln   -             74   4.3e-22   73.4   0.4   1   1   1.2e-23   4.5e-22   73.3   0.4     5    70     1    66     1    70 0.95 -
d2gfna1a.4.1.9       -             77 d2oi8a1a.4.1.9.aln   -             74   7.6e-22   72.6   0.2   1   1   2.2e-23   8.1e-22   72.5   0.2     2    73     4    75     3    76 0.96 -
d2i10a1a.4.1.9       -             69 d2oi8a1a.4.1.9.aln   -             74   8.7e-22   72.4   0.0   1   1   2.4e-23   8.9e-22   72.3   0.0     9    71     5    67     1    69 0.95 -
d2fd5a1a.4.1.9       -             76 d2oi8a1a.4.1.9.aln   -             74   3.1e-21   70.6   0.1   1   1   9.8e-23   3.7e-21   70.4   0.1     1    69     4    72     4    75 0.96 -
d1t56a1a.4.1.9       -             73 d2oi8a1a.4.1.9.aln   -             74   5.6e-21   69.8   0.0   1   1   1.6e-22   5.9e-21   69.7   0.0     4    73     3    72     1    73 0.96 -
d1sgma1a.4.1.9       -             73 d2oi8a1a.4.1.9.aln   -             74   1.2e-20   68.7   0.0   1   1   3.4e-22   1.3e-20   68.6   0.0     4    73     2    72     1    73 0.97 -
d2np5a1a.4.1.9       -             69 d2oi8a1a.4.1.9.aln   -             74   1.4e-20   68.5   0.2   1   1   3.9e-22   1.5e-20   68.4   0.2     6    70     3    67     1    69 0.95 -
d2np3a1a.4.1.9       -             65 d2oi8a1a.4.1.9.aln   -             74   5.1e-20   66.7   0.2   1   1   1.6e-21     6e-20   66.5   0.2     9    62     1    54     1    64 0.91 -
d2g7sa1a.4.1.9       -             74 d2oi8a1a.4.1.9.aln   -             74   1.9e-19   64.9   0.0   1   1   5.2e-21   1.9e-19   64.9   0.0     3    72     3    72     1    74 0.94 -
d2hyja1a.4.1.9       -             75 d2oi8a1a.4.1.9.aln   -             74   2.2e-19   64.7   0.1   1   1   6.2e-21   2.3e-19   64.6   0.1     3    70     4    71     2    75 0.94 -
d2iu5a1a.4.1.9       -             71 d2oi8a1a.4.1.9.aln   -             74   7.7e-19   62.9   0.1   1   1   2.1e-20     8e-19   62.9   0.1     3    66     4    68     2    71 0.93 -
d1zk8a1a.4.1.9       -             72 d2oi8a1a.4.1.9.aln   -             74   3.7e-16   54.3   0.1   1   1   1.2e-17   4.4e-16   54.1   0.1     5    72     4    71     2    72 0.97 -
d2o7ta1a.4.1.9       -             78 d2oi8a1a.4.1.9.aln   -             74   8.2e-16   53.2   0.0   1   1   2.3e-17   8.5e-16   53.2   0.0     3    71     5    75     3    78 0.84 -
d2id3a1a.4.1.9       -             68 d2oi8a1a.4.1.9.aln   -             74   3.4e-15   51.2   0.0   1   1   9.5e-17   3.6e-15   51.2   0.0     3    64     5    66     3    68 0.94 -
d2g7ga1a.4.1.9       -             65 d2oi8a1a.4.1.9.aln   -             74   4.8e-14   47.6   0.0   1   1   1.3e-15     5e-14   47.5   0.0     5    67     2    62     1    65 0.95 -
d2oi8a1a.4.1.9       -             79 d2oi8a1a.4.1.9.aln   -             74   4.2e-11   38.1   0.4   1   1   1.3e-12     5e-11   37.9   0.4     4    71     9    76     7    78 0.93 -
#
# Program:         hmmsearch
# Version:         3.1b2 (February 2015)
# Pipeline mode:   SEARCH
# Query file:      hmmModels95/d2oi8a1a.4.1.9.hmm
# Target file:     scop/scopTestSeq.fasta
# Option settings: hmmsearch --domtblout hmmModels95/d2oi8a1a.4.1.9.out -E 1 hmmModels95/d2oi8a1a.4.1.9.hmm scop/scopTestSeq.fasta 
# Current dir:     /users/nfs/Etu7/3801677/SBAS/TME8
# Date:            Tue Apr  4 15:54:31 2023
# [ok]
