#                                                                            --- full sequence --- -------------- this domain -------------   hmm coord   ali coord   env coord
# target name        accession   tlen query name           accession   qlen   E-value  score  bias   #  of  c-Evalue  i-Evalue  score  bias  from    to  from    to  from    to  acc description of target
#------------------- ---------- ----- -------------------- ---------- ----- --------- ------ ----- --- --- --------- --------- ------ ----- ----- ----- ----- ----- ----- ----- ---- ---------------------
d3f5oa_d.38.1.5      -            138 d2ov9a1d.38.1.5.aln  -            136     2e-46  152.7   0.5   1   1   4.4e-48   2.2e-46  152.5   0.5     2   135     5   137     4   138 0.98 -
d1yoca1d.38.1.5      -            145 d2ov9a1d.38.1.5.aln  -            136     5e-44  144.9   0.0   1   1   1.1e-45   5.6e-44  144.7   0.0     2   135    10   144     9   145 0.98 -
d1vh5a_d.38.1.5      -            138 d2ov9a1d.38.1.5.aln  -            136   7.1e-44  144.4   0.0   1   1   1.6e-45   7.8e-44  144.3   0.0     1   135     4   137     4   138 0.99 -
d1q4ta_d.38.1.5      -            142 d2ov9a1d.38.1.5.aln  -            136   1.1e-43  143.8   0.4   1   1   2.4e-45   1.2e-43  143.7   0.4     3   135     6   138     4   139 0.97 -
d1sh8a_d.38.1.5      -            153 d2ov9a1d.38.1.5.aln  -            136   5.5e-43  141.5   0.0   1   1   1.3e-44   6.3e-43  141.3   0.0     1   135     2   146     2   147 0.99 -
d2hboa1d.38.1.5      -            142 d2ov9a1d.38.1.5.aln  -            136   2.6e-39  129.6   0.0   1   1   5.8e-41   2.9e-39  129.5   0.0     4   134     2   137     1   139 0.98 -
d1t82a_d.38.1.5      -            143 d2ov9a1d.38.1.5.aln  -            136   7.9e-39  128.0   0.0   1   1   1.8e-40   8.8e-39  127.9   0.0     1   134     1   142     1   143 0.98 -
d1ixla_d.38.1.5      -            130 d2ov9a1d.38.1.5.aln  -            136     3e-33  110.0   0.1   1   1   6.6e-35   3.3e-33  109.9   0.1     8   135     3   125     1   126 0.97 -
d1wlua_d.38.1.5      -            117 d2ov9a1d.38.1.5.aln  -            136   9.4e-33  108.4   0.2   1   1   2.1e-34     1e-32  108.3   0.2    14   131     1   114     1   117 0.94 -
d2f41a1d.38.1.5      -            111 d2ov9a1d.38.1.5.aln  -            136   3.8e-26   87.0   0.4   1   1   8.4e-28   4.1e-26   86.9   0.4    20   133     1   110     1   111 0.98 -
d2gvha1d.38.1.1      -            135 d2ov9a1d.38.1.5.aln  -            136     7e-10   34.3   0.1   1   1   1.9e-11   9.2e-10   33.9   0.1    45   121    20    95    15   107 0.89 -
d1vpma_d.38.1.1      -            155 d2ov9a1d.38.1.5.aln  -            136     9e-06   21.0   0.1   1   1   2.7e-07   1.3e-05   20.5   0.1    45   122    22    96    16   109 0.83 -
d2ov9a1d.38.1.5      -            203 d2ov9a1d.38.1.5.aln  -            136     1e-05   20.8   0.0   1   1   3.1e-07   1.5e-05   20.3   0.0    28   126   100   195    91   202 0.89 -
d1s5ua_d.38.1.1      -            129 d2ov9a1d.38.1.5.aln  -            136   3.6e-05   19.1   0.1   1   1   8.9e-07   4.4e-05   18.8   0.1    74   125    50   101     7   111 0.80 -
d1njka_d.38.1.1      -            133 d2ov9a1d.38.1.5.aln  -            136   4.3e-05   18.8   0.0   1   1   1.2e-06     6e-05   18.3   0.0    77   133    51   107    42   109 0.88 -
d3bjka_d.38.1.1      -            140 d2ov9a1d.38.1.5.aln  -            136   0.00042   15.6   0.1   1   1   1.2e-05   0.00061   15.1   0.1    45   120    16    90     9    95 0.85 -
#
# Program:         hmmsearch
# Version:         3.1b2 (February 2015)
# Pipeline mode:   SEARCH
# Query file:      hmmModels95/d2ov9a1d.38.1.5.hmm
# Target file:     scop/scopTestSeq.fasta
# Option settings: hmmsearch --domtblout hmmModels95/d2ov9a1d.38.1.5.out -E 1 hmmModels95/d2ov9a1d.38.1.5.hmm scop/scopTestSeq.fasta 
# Current dir:     /users/nfs/Etu7/3801677/SBAS/TME8
# Date:            Tue Apr  4 15:54:32 2023
# [ok]
