#                                                                            --- full sequence --- -------------- this domain -------------   hmm coord   ali coord   env coord
# target name        accession   tlen query name           accession   qlen   E-value  score  bias   #  of  c-Evalue  i-Evalue  score  bias  from    to  from    to  from    to  acc description of target
#------------------- ---------- ----- -------------------- ---------- ----- --------- ------ ----- --- --- --------- --------- ------ ----- ----- ----- ----- ----- ----- ----- ---- ---------------------
d1g41a_c.37.1.20     -            443 d2p65a_c.37.1.20.aln -            303  2.6e-148  489.1   7.9   1   1  9.5e-150  3.2e-148  488.8   7.9     1   303     5   432     5   432 1.00 -
d1um8a_c.37.1.20     -            364 d2p65a_c.37.1.20.aln -            303  2.5e-113  374.2   4.3   1   1  8.1e-115  2.8e-113  374.0   4.3     1   303     8   361     8   361 1.00 -
d1svma_c.37.1.20     -            362 d2p65a_c.37.1.20.aln -            303   4.6e-52  173.0   0.0   1   1   1.5e-53   5.2e-52  172.8   0.0     2   302     5   335     4   336 0.99 -
d2p65a_c.37.1.20     -            185 d2p65a_c.37.1.20.aln -            303   1.9e-47  157.9   1.0   1   1   5.9e-49     2e-47  157.8   1.0     4   182     2   179     1   185 0.98 -
d1r6bx3c.37.1.20     -            315 d2p65a_c.37.1.20.aln -            303   1.2e-42  142.1   0.0   1   1   4.1e-44   1.4e-42  141.9   0.0     1   298     1   305     1   309 0.98 -
d1iqpa2c.37.1.20     -            231 d2p65a_c.37.1.20.aln -            303   2.1e-35  118.3   0.2   1   1   7.6e-37   2.6e-35  118.0   0.2     5   235     7   226     4   229 0.96 -
d1lv7a_c.37.1.20     -            256 d2p65a_c.37.1.20.aln -            303   1.4e-32  109.0   0.0   1   1     5e-34   1.7e-32  108.8   0.0     3   247     6   249     4   254 0.96 -
d1njfa_c.37.1.20     -            239 d2p65a_c.37.1.20.aln -            303   4.2e-28   94.3   0.0   1   1   1.5e-29     5e-28   94.1   0.0    12   219     2   216     1   223 0.97 -
d1sxja2c.37.1.20     -            253 d2p65a_c.37.1.20.aln -            303   1.5e-26   89.2   0.0   1   1   4.8e-28   1.7e-26   89.1   0.0     9   243    15   250     7   253 0.95 -
d1g8pa_c.37.1.20     -            333 d2p65a_c.37.1.20.aln -            303   1.4e-22   76.2   0.0   1   2     0.013      0.44    5.6   0.1    47    68    31    52    14    57 0.90 -
d1g8pa_c.37.1.20     -            333 d2p65a_c.37.1.20.aln -            303   1.4e-22   76.2   0.0   2   2   5.2e-22   1.8e-20   69.3   0.0    48   300    57   322    50   325 0.97 -
d1ny5a2c.37.1.20     -            247 d2p65a_c.37.1.20.aln -            303   5.8e-17   57.8   0.3   1   1     2e-18   6.8e-17   57.5   0.3    47   230    26   206    10   243 0.92 -
d1u0ja_c.37.1.20     -            267 d2p65a_c.37.1.20.aln -            303   3.5e-16   55.2   0.0   1   1   1.3e-17   4.6e-16   54.8   0.0    12   264     9   263     2   266 0.94 -
d1d2na_c.37.1.20     -            246 d2p65a_c.37.1.20.aln -            303   8.9e-16   53.9   0.0   1   1   2.9e-17     1e-15   53.7   0.0    32   242    29   236     1   244 0.92 -
d1w5sa2c.37.1.20     -            287 d2p65a_c.37.1.20.aln -            303   3.8e-15   51.8   0.0   1   1   1.4e-16   4.6e-15   51.5   0.0     8   272     5   281     1   287 0.89 -
d1fnna2c.37.1.20     -            276 d2p65a_c.37.1.20.aln -            303   1.4e-14   49.9   0.0   1   1   4.7e-16   1.6e-14   49.7   0.0     5   279     2   275     1   276 0.97 -
d2a5yb3c.37.1.20     -            277 d2p65a_c.37.1.20.aln -            303   2.3e-14   49.3   0.0   1   1     8e-16   2.8e-14   49.0   0.0     6   271     5   276     2   277 0.96 -
d2fnaa2c.37.1.20     -            283 d2p65a_c.37.1.20.aln -            303   3.4e-13   45.4   0.3   1   1   1.1e-14   3.8e-13   45.2   0.3     3   270    10   281     8   283 0.98 -
d1in4a2c.37.1.20     -            238 d2p65a_c.37.1.20.aln -            303     9e-13   44.0   2.2   1   1     5e-14   1.7e-12   43.1   2.2    17   239     4   226     3   235 0.90 -
d1jqlb_c.37.1.20     -            140 d2p65a_c.37.1.20.aln -            303   5.6e-08   28.3   0.0   1   1   1.9e-09   6.4e-08   28.1   0.0    23   166     1   121     1   137 0.88 -
d1l8qa2c.37.1.20     -            213 d2p65a_c.37.1.20.aln -            303   1.1e-06   24.0   1.9   1   1   1.4e-07   4.7e-06   21.9   1.9    26   248    17   211     1   213 0.89 -
d1y63a_c.37.1.1      -            174 d2p65a_c.37.1.20.aln -            303   0.00011   17.5   0.5   1   2   6.2e-06   0.00021   16.5   0.1    46    70     7    31     6    44 0.90 -
d1y63a_c.37.1.1      -            174 d2p65a_c.37.1.20.aln -            303   0.00011   17.5   0.5   2   2       7.1   2.4e+02   -3.4   0.0     7    21    53    67    52    68 0.84 -
d1a5ta2c.37.1.20     -            207 d2p65a_c.37.1.20.aln -            303   0.00011   17.4   0.0   1   1   3.4e-06   0.00012   17.3   0.0    41   179    21   168     6   204 0.86 -
d2gnoa2c.37.1.20     -            198 d2p65a_c.37.1.20.aln -            303    0.0019   13.4   0.0   1   1   0.00026     0.009   11.2   0.0   118   205    81   162     1   197 0.76 -
#
# Program:         hmmsearch
# Version:         3.1b2 (February 2015)
# Pipeline mode:   SEARCH
# Query file:      hmmModels95/d2p65a_c.37.1.20.hmm
# Target file:     scop/scopTestSeq.fasta
# Option settings: hmmsearch --domtblout hmmModels95/d2p65a_c.37.1.20.out -E 1 hmmModels95/d2p65a_c.37.1.20.hmm scop/scopTestSeq.fasta 
# Current dir:     /users/nfs/Etu7/3801677/SBAS/TME8
# Date:            Tue Apr  4 15:54:32 2023
# [ok]
