#                                                                            --- full sequence --- -------------- this domain -------------   hmm coord   ali coord   env coord
# target name        accession   tlen query name           accession   qlen   E-value  score  bias   #  of  c-Evalue  i-Evalue  score  bias  from    to  from    to  from    to  acc description of target
#------------------- ---------- ----- -------------------- ---------- ----- --------- ------ ----- --- --- --------- --------- ------ ----- ----- ----- ----- ----- ----- ----- ---- ---------------------
d2bg1a1e.3.1.1       -            453 d2p74a_e.3.1.1.aln   -            314   4.3e-97  320.9  14.5   1   1   1.4e-98   6.2e-97  320.4  14.5     2   314    51   433    50   433 0.99 -
d1qmea4e.3.1.1       -            357 d2p74a_e.3.1.1.aln   -            314   4.2e-90  297.9   6.3   1   1   1.1e-91   4.7e-90  297.8   6.3     4   313     2   340     1   341 0.99 -
d2hdsa_e.3.1.1       -            358 d2p74a_e.3.1.1.aln   -            314   3.5e-81  268.6   2.6   1   1   9.1e-83     4e-81  268.5   2.6     2   311    19   358    18   358 0.99 -
d2v2ff_e.3.1.1       -            384 d2p74a_e.3.1.1.aln   -            314   9.4e-75  247.5  18.6   1   1   2.5e-76   1.1e-74  247.3  18.6     1   314    29   364    29   364 0.99 -
d2olua2e.3.1.1       -            400 d2p74a_e.3.1.1.aln   -            314   3.2e-70  232.6  12.8   1   1   8.6e-72   3.8e-70  232.4  12.8     3   312    34   378    32   380 0.99 -
d2p74a_e.3.1.1       -            263 d2p74a_e.3.1.1.aln   -            314   4.8e-69  228.8   3.1   1   1   1.2e-70   5.3e-69  228.6   3.1    33   307     3   260     1   263 0.98 -
d1alqa_e.3.1.1       -            263 d2p74a_e.3.1.1.aln   -            314     5e-58  192.6   2.0   1   1   1.3e-59   5.9e-58  192.3   2.0    21   271    28   263     3   263 0.98 -
d2drwa1e.3.1.1       -            362 d2p74a_e.3.1.1.aln   -            314   6.8e-57  188.9   0.0   1   1   1.7e-58   7.7e-57  188.7   0.0     2   313    17   360    16   361 0.99 -
d2dcfa1e.3.1.1       -            388 d2p74a_e.3.1.1.aln   -            314   4.8e-52  172.9   0.0   1   1   1.2e-53   5.4e-52  172.8   0.0     2   312    34   385    33   387 0.99 -
d1yqsa_e.3.1.1       -            345 d2p74a_e.3.1.1.aln   -            314   3.5e-50  166.8   5.5   1   1     9e-52   3.9e-50  166.6   5.5     3   312    19   343    17   345 0.98 -
d1ci9a_e.3.1.1       -            377 d2p74a_e.3.1.1.aln   -            314   9.7e-45  148.9   0.0   1   1   2.5e-46   1.1e-44  148.8   0.0     2   312    19   371    18   373 0.98 -
d1e25a_e.3.1.1       -            278 d2p74a_e.3.1.1.aln   -            314   3.4e-43  143.8   0.0   1   1   8.8e-45   3.9e-43  143.7   0.0    35   310     4   275     1   277 0.94 -
d1vqqa3e.3.1.1       -            341 d2p74a_e.3.1.1.aln   -            314   6.7e-42  139.6   9.5   1   1   1.7e-43   7.4e-42  139.5   9.5     2   313     2   335     1   336 0.93 -
d1ei5a3e.3.1.1       -            333 d2p74a_e.3.1.1.aln   -            314   1.9e-41  138.1   0.0   1   1   4.8e-43   2.1e-41  138.0   0.0     2   312    18   328    17   330 0.98 -
d1xa1a_e.3.1.1       -            246 d2p74a_e.3.1.1.aln   -            314     2e-38  128.2   6.4   1   1   4.9e-40   2.1e-38  128.1   6.4    24   309     2   244     1   246 0.92 -
d1tvfa2e.3.1.1       -            301 d2p74a_e.3.1.1.aln   -            314   9.2e-33  109.6  15.6   1   1   2.3e-34     1e-32  109.4  15.6     8   311     2   299     1   301 0.97 -
d1xp4a2e.3.1.1       -            269 d2p74a_e.3.1.1.aln   -            314   4.3e-32  107.4   5.7   1   1   1.1e-33   4.7e-32  107.3   5.7    40   309     5   267     1   269 0.96 -
d1es5a_e.3.1.1       -            260 d2p74a_e.3.1.1.aln   -            314   5.7e-25   84.0  12.0   1   1   1.8e-26   7.7e-25   83.5  12.0    46   310     3   260     1   260 0.87 -
#
# Program:         hmmsearch
# Version:         3.1b2 (February 2015)
# Pipeline mode:   SEARCH
# Query file:      hmmModels95/d2p74a_e.3.1.1.hmm
# Target file:     scop/scopTestSeq.fasta
# Option settings: hmmsearch --domtblout hmmModels95/d2p74a_e.3.1.1.out -E 1 hmmModels95/d2p74a_e.3.1.1.hmm scop/scopTestSeq.fasta 
# Current dir:     /users/nfs/Etu7/3801677/SBAS/TME8
# Date:            Tue Apr  4 15:54:32 2023
# [ok]
