#                                                                            --- full sequence --- -------------- this domain -------------   hmm coord   ali coord   env coord
# target name        accession   tlen query name           accession   qlen   E-value  score  bias   #  of  c-Evalue  i-Evalue  score  bias  from    to  from    to  from    to  acc description of target
#------------------- ---------- ----- -------------------- ---------- ----- --------- ------ ----- --- --- --------- --------- ------ ----- ----- ----- ----- ----- ----- ----- ---- ---------------------
d3heba_c.23.1.0      -            142 d2plna_c.23.1.0.aln  -            125     4e-45  148.1   0.0   1   1     9e-47   4.4e-45  147.9   0.0     2   125     2   136     1   136 0.99 -
d3cfya_c.23.1.0      -            130 d2plna_c.23.1.0.aln  -            125     1e-40  133.8   0.2   1   1   2.3e-42   1.1e-40  133.7   0.2     2   123     3   122     2   124 0.98 -
d3khta_c.23.1.0      -            132 d2plna_c.23.1.0.aln  -            125   3.7e-36  119.1   0.0   1   1   8.3e-38   4.1e-36  118.9   0.0     2   123     2   126     1   128 0.96 -
d1jbea_c.23.1.1      -            128 d2plna_c.23.1.0.aln  -            125   4.8e-34  112.3   0.0   1   1   1.2e-35   6.2e-34  111.9   0.0     4   119     7   123     5   126 0.98 -
d3eqza_c.23.1.0      -            124 d2plna_c.23.1.0.aln  -            125   1.8e-32  107.2   0.0   1   1   3.9e-34   1.9e-32  107.1   0.0     2   125     2   124     1   124 0.97 -
d1kgsa2c.23.1.1      -            122 d2plna_c.23.1.0.aln  -            125   1.9e-30  100.7   0.1   1   1     4e-32     2e-30  100.6   0.1     3   122     3   120     1   122 0.94 -
d3ktoa_c.23.1.0      -            122 d2plna_c.23.1.0.aln  -            125   2.4e-30  100.3   0.2   1   1   5.3e-32   2.6e-30  100.2   0.2     2   119     1   119     1   122 0.93 -
d1mb3a_c.23.1.1      -            123 d2plna_c.23.1.0.aln  -            125   3.4e-29   96.6   0.1   1   1   7.6e-31   3.7e-29   96.5   0.1     2   121     2   121     1   123 0.97 -
d1s8na_c.23.1.1      -            190 d2plna_c.23.1.0.aln  -            125   4.6e-27   89.7   0.0   1   1   1.3e-28   6.5e-27   89.2   0.0     3   120     5   120     3   124 0.96 -
d1k66a_c.23.1.1      -            149 d2plna_c.23.1.0.aln  -            125   1.9e-26   87.7   0.0   1   1   4.7e-28   2.3e-26   87.4   0.0     4   122     9   139     6   141 0.96 -
d1dz3a_c.23.1.1      -            123 d2plna_c.23.1.0.aln  -            125   5.8e-25   82.9   0.1   1   1   1.2e-26   6.1e-25   82.8   0.1     3   117     3   118     1   123 0.90 -
d1dbwa_c.23.1.1      -            123 d2plna_c.23.1.0.aln  -            125   7.5e-24   79.3   0.1   1   1   1.8e-25   8.8e-24   79.1   0.1     3   116     5   116     3   121 0.92 -
d2r25b_c.23.1.1      -            133 d2plna_c.23.1.0.aln  -            125   3.8e-23   77.0   0.1   1   1   9.1e-25   4.5e-23   76.8   0.1     3   119     4   125     2   129 0.94 -
d2v0na2c.23.1.1      -            153 d2plna_c.23.1.0.aln  -            125   2.3e-14   48.7   0.0   1   1   6.1e-16     3e-14   48.3   0.0     3   122    15   132    14   135 0.93 -
d2plna_c.23.1.0      -            118 d2plna_c.23.1.0.aln  -            125   7.2e-10   34.1   0.1   1   1   1.7e-11   8.2e-10   34.0   0.1     2   117     5   115     4   118 0.86 -
d2b4aa1c.23.1.1      -            118 d2plna_c.23.1.0.aln  -            125   7.6e-08   27.6   0.0   1   1     2e-09     1e-07   27.2   0.0     3   116     4   113     3   116 0.88 -
#
# Program:         hmmsearch
# Version:         3.1b2 (February 2015)
# Pipeline mode:   SEARCH
# Query file:      hmmModels95/d2plna_c.23.1.0.hmm
# Target file:     scop/scopTestSeq.fasta
# Option settings: hmmsearch --domtblout hmmModels95/d2plna_c.23.1.0.out -E 1 hmmModels95/d2plna_c.23.1.0.hmm scop/scopTestSeq.fasta 
# Current dir:     /users/nfs/Etu7/3801677/SBAS/TME8
# Date:            Tue Apr  4 15:54:32 2023
# [ok]
