#                                                                            --- full sequence --- -------------- this domain -------------   hmm coord   ali coord   env coord
# target name        accession   tlen query name           accession   qlen   E-value  score  bias   #  of  c-Evalue  i-Evalue  score  bias  from    to  from    to  from    to  acc description of target
#------------------- ---------- ----- -------------------- ---------- ----- --------- ------ ----- --- --- --------- --------- ------ ----- ----- ----- ----- ----- ----- ----- ---- ---------------------
d3hl8a_c.55.3.5      -            470 d2py5a1c.55.3.5.aln  -            300  5.6e-136  448.4   0.2   1   1  1.6e-137  8.8e-136  447.8   0.2     1   300    21   413    21   413 1.00 -
d1s5ja1c.55.3.5      -            410 d2py5a1c.55.3.5.aln  -            300   3.6e-85  281.6   1.8   1   1   7.4e-87   4.2e-85  281.4   1.8     1   299    13   405    13   406 0.99 -
d1q8ia1c.55.3.5      -            388 d2py5a1c.55.3.5.aln  -            300   3.2e-81  268.6   0.0   1   1   6.3e-83   3.6e-81  268.5   0.0     2   300     7   386     6   386 0.99 -
d2hbja2c.55.3.5      -            292 d2py5a1c.55.3.5.aln  -            300     3e-57  189.9   1.1   1   1   5.9e-59   3.3e-57  189.8   1.1     2   300     5   287     4   287 0.99 -
d3mxma_c.55.3.5      -            229 d2py5a1c.55.3.5.aln  -            300   6.3e-44  146.2   0.0   1   1   1.2e-45   6.9e-44  146.0   0.0    55   291     3   229     1   229 0.99 -
d1w0ha_c.55.3.5      -            200 d2py5a1c.55.3.5.aln  -            300   5.3e-26   87.3   0.0   1   1     1e-27   5.8e-26   87.2   0.0    54   284     1   200     1   200 0.96 -
d2igia_c.55.3.5      -            180 d2py5a1c.55.3.5.aln  -            300   8.2e-23   76.8   0.1   1   1     2e-24   1.1e-22   76.4   0.1    58   274     4   179     1   180 0.95 -
d1kfsa1c.55.3.5      -            195 d2py5a1c.55.3.5.aln  -            300   1.4e-22   76.0   0.2   1   1   2.8e-24   1.6e-22   75.9   0.2    55   285     1   195     1   195 0.98 -
d1x9ma1c.55.3.5      -            204 d2py5a1c.55.3.5.aln  -            300   2.2e-22   75.4   0.1   1   1   4.2e-24   2.4e-22   75.3   0.1    57   298     3   198     1   200 0.97 -
d2guia_c.55.3.5      -            176 d2py5a1c.55.3.5.aln  -            300   4.7e-22   74.3   0.0   1   1   9.1e-24   5.1e-22   74.2   0.0    59   279     2   174     1   176 0.97 -
d1yt3a3c.55.3.5      -            193 d2py5a1c.55.3.5.aln  -            300     7e-21   70.5   0.0   1   1   1.4e-22   7.8e-21   70.3   0.0    51   288     1   193     1   193 0.99 -
d2f96a1c.55.3.5      -            202 d2py5a1c.55.3.5.aln  -            300   3.9e-18   61.5   0.0   1   1   7.6e-20   4.3e-18   61.3   0.0    50   290     2   202     1   202 0.98 -
d1vk0a_c.55.3.5      -            206 d2py5a1c.55.3.5.aln  -            300   9.1e-18   60.3   0.0   1   1   1.8e-19     1e-17   60.1   0.0    50   294     3   205     1   206 0.98 -
d1wlja_c.55.3.5      -            173 d2py5a1c.55.3.5.aln  -            300   4.6e-14   48.1   0.0   1   1     1e-15   5.7e-14   47.8   0.0    61   272     2   161     1   173 0.89 -
#
# Program:         hmmsearch
# Version:         3.1b2 (February 2015)
# Pipeline mode:   SEARCH
# Query file:      hmmModels95/d2py5a1c.55.3.5.hmm
# Target file:     scop/scopTestSeq.fasta
# Option settings: hmmsearch --domtblout hmmModels95/d2py5a1c.55.3.5.out -E 1 hmmModels95/d2py5a1c.55.3.5.hmm scop/scopTestSeq.fasta 
# Current dir:     /users/nfs/Etu7/3801677/SBAS/TME8
# Date:            Tue Apr  4 15:54:33 2023
# [ok]
