#                                                                            --- full sequence --- -------------- this domain -------------   hmm coord   ali coord   env coord
# target name        accession   tlen query name           accession   qlen   E-value  score  bias   #  of  c-Evalue  i-Evalue  score  bias  from    to  from    to  from    to  acc description of target
#------------------- ---------- ----- -------------------- ---------- ----- --------- ------ ----- --- --- --------- --------- ------ ----- ----- ----- ----- ----- ----- ----- ---- ---------------------
d3i4fa_c.2.1.0       -            250 d2r6ja_c.2.1.0.aln   -            265   2.9e-63  209.3   1.0   1   1   4.8e-65   3.4e-63  209.0   1.0     5   262     3   247     2   250 0.95 -
d3f1la_c.2.1.0       -            245 d2r6ja_c.2.1.0.aln   -            265   9.6e-63  207.6   0.0   1   1   1.5e-64   1.1e-62  207.4   0.0     2   256    10   241     9   245 0.96 -
d3l77a_c.2.1.0       -            235 d2r6ja_c.2.1.0.aln   -            265     1e-48  161.6   0.0   1   1   1.7e-50   1.2e-48  161.4   0.0     4   246     2   216     1   227 0.89 -
d3ehea_c.2.1.0       -            303 d2r6ja_c.2.1.0.aln   -            265   3.2e-44  146.9   0.0   1   1   4.9e-46   3.5e-44  146.7   0.0     7   262     2   295     1   298 0.98 -
d1o89a2c.2.1.1       -            177 d2r6ja_c.2.1.0.aln   -            265   3.2e-07   25.6   0.1   1   1   5.8e-09   4.2e-07   25.2   0.1     5    48    33    73    30   113 0.83 -
d1luaa1c.2.1.7       -            191 d2r6ja_c.2.1.0.aln   -            265   1.7e-06   23.2   4.3   1   1   3.3e-08   2.3e-06   22.7   4.3     2    76    21    91    20    99 0.87 -
d1nhpa2c.3.1.5       -            123 d2r6ja_c.2.1.0.aln   -            265   1.5e-05   20.1   0.1   1   1   2.4e-07   1.7e-05   19.9   0.1    12    38    37    75    31   120 0.74 -
d1jaya_c.2.1.6       -            212 d2r6ja_c.2.1.0.aln   -            265   0.00032   15.7   2.6   1   1   4.9e-06   0.00035   15.6   1.9    11    60     7    54     1    73 0.80 -
d1gpja2c.2.1.7       -            159 d2r6ja_c.2.1.0.aln   -            265   0.00051   15.1   7.8   1   1   0.00012    0.0085   11.0   7.8     2    79    22   136    21   157 0.66 -
d1xhca2c.3.1.5       -            122 d2r6ja_c.2.1.0.aln   -            265   0.00057   14.9   0.0   1   1   8.9e-06   0.00064   14.7   0.0    12    38    39    70    32   107 0.76 -
d2f5va1c.3.1.2       -            380 d2r6ja_c.2.1.0.aln   -            265    0.0043   12.0   0.1   1   1   9.7e-05     0.007   11.3   0.1    10    48     9    56     6    68 0.80 -
#
# Program:         hmmsearch
# Version:         3.1b2 (February 2015)
# Pipeline mode:   SEARCH
# Query file:      hmmModels95/d2r6ja_c.2.1.0.hmm
# Target file:     scop/scopTestSeq.fasta
# Option settings: hmmsearch --domtblout hmmModels95/d2r6ja_c.2.1.0.out -E 1 hmmModels95/d2r6ja_c.2.1.0.hmm scop/scopTestSeq.fasta 
# Current dir:     /users/nfs/Etu7/3801677/SBAS/TME8
# Date:            Tue Apr  4 15:54:33 2023
# [ok]
