#                                                                            --- full sequence --- -------------- this domain -------------   hmm coord   ali coord   env coord
# target name        accession   tlen query name           accession   qlen   E-value  score  bias   #  of  c-Evalue  i-Evalue  score  bias  from    to  from    to  from    to  acc description of target
#------------------- ---------- ----- -------------------- ---------- ----- --------- ------ ----- --- --- --------- --------- ------ ----- ----- ----- ----- ----- ----- ----- ---- ---------------------
d2v8qe2d.37.1.1      -            159 d2rc3a1d.37.1.1.aln  -            135     6e-39  128.7   0.0   1   1   7.1e-40   3.1e-38  126.4   0.0     1   134    12   159    12   159 0.99 -
d1pvma4d.37.1.1      -            142 d2rc3a1d.37.1.1.aln  -            135   4.7e-30  100.0   0.7   1   1   1.2e-31   5.2e-30   99.8   0.7     6   132     1   129     1   132 0.97 -
d2nyca1d.37.1.1      -            140 d2rc3a1d.37.1.1.aln  -            135     6e-30   99.6   0.5   1   1   1.5e-31   6.5e-30   99.5   0.5     3   129    12   138    10   140 0.98 -
d1o50a3d.37.1.1      -            145 d2rc3a1d.37.1.1.aln  -            135   2.9e-29   97.4   1.8   1   1   7.4e-31   3.2e-29   97.3   1.8     5   133     1   144     1   145 0.97 -
d2yzqa1d.37.1.1      -            156 d2rc3a1d.37.1.1.aln  -            135   1.1e-28   95.6   0.3   1   1   4.7e-30   2.1e-28   94.6   0.3     2   129    13   156    12   156 0.98 -
d2j9la1d.37.1.1      -            169 d2rc3a1d.37.1.1.aln  -            135   3.6e-28   93.9   0.3   1   1   9.2e-30   4.1e-28   93.7   0.3     2   134    15   161    14   162 0.98 -
d2yzqa2d.37.1.1      -            122 d2rc3a1d.37.1.1.aln  -            135   1.6e-27   91.8   1.8   1   1   6.8e-28     3e-26   87.6   1.8     8   132     1   120     1   122 0.93 -
d2yzia1d.37.1.1      -            132 d2rc3a1d.37.1.1.aln  -            135   2.1e-27   91.4   0.9   1   1   5.2e-29   2.3e-27   91.3   0.9     7   134     4   131     1   132 0.96 -
d1pbja3d.37.1.1      -            120 d2rc3a1d.37.1.1.aln  -            135   4.3e-27   90.4   6.0   1   1   1.1e-28   4.7e-27   90.2   6.0     9   127     1   118     1   120 0.96 -
d2d4za3d.37.1.1      -            161 d2rc3a1d.37.1.1.aln  -            135   5.4e-27   90.0   0.0   1   1   1.6e-28   6.8e-27   89.7   0.0     1   134     4   145     4   159 0.98 -
d3ddja1d.37.1.1      -            141 d2rc3a1d.37.1.1.aln  -            135   6.7e-27   89.7   5.5   1   1   1.7e-28   7.3e-27   89.6   5.5     8   131     2   132     1   136 0.97 -
d1y5ha3d.37.1.1      -            123 d2rc3a1d.37.1.1.aln  -            135     1e-26   89.2   0.0   1   1   2.5e-28   1.1e-26   89.1   0.0    10   128     3   122     1   123 0.98 -
d3ddja2d.37.1.1      -            135 d2rc3a1d.37.1.1.aln  -            135   6.8e-26   86.5   0.1   1   1   1.7e-27   7.6e-26   86.3   0.1     8   130     1   132     1   135 0.98 -
d1vr9a3d.37.1.1      -            121 d2rc3a1d.37.1.1.aln  -            135   1.2e-24   82.5   0.1   1   1     3e-26   1.3e-24   82.3   0.1     8   131     1   119     1   121 0.98 -
d2ouxa2d.37.1.1      -            127 d2rc3a1d.37.1.1.aln  -            135   1.9e-23   78.6   5.9   1   1   4.7e-25   2.1e-23   78.5   5.9     9   132     2   125     1   127 0.97 -
d2riha_d.37.1.1      -            131 d2rc3a1d.37.1.1.aln  -            135   2.8e-22   74.8   0.3   1   1   7.2e-24   3.1e-22   74.6   0.3     8   130     1   124     1   129 0.93 -
d1zfja4d.37.1.1      -            126 d2rc3a1d.37.1.1.aln  -            135   2.3e-21   71.8   0.6   1   2   5.5e-07   2.4e-05   20.0   0.0    82   123     7    50     5    55 0.92 -
d1zfja4d.37.1.1      -            126 d2rc3a1d.37.1.1.aln  -            135   2.3e-21   71.8   0.6   2   2   2.5e-18   1.1e-16   56.7   0.5    47   130    39   118    36   122 0.85 -
d2rc3a1d.37.1.1      -            127 d2rc3a1d.37.1.1.aln  -            135   9.4e-15   50.4   0.6   1   2   1.3e-07   5.8e-06   22.0   0.0    82   126    15    58     9    62 0.91 -
d2rc3a1d.37.1.1      -            127 d2rc3a1d.37.1.1.aln  -            135   9.4e-15   50.4   0.6   2   2   3.4e-09   1.5e-07   27.1   0.2    70   126    68   123    58   126 0.90 -
#
# Program:         hmmsearch
# Version:         3.1b2 (February 2015)
# Pipeline mode:   SEARCH
# Query file:      hmmModels95/d2rc3a1d.37.1.1.hmm
# Target file:     scop/scopTestSeq.fasta
# Option settings: hmmsearch --domtblout hmmModels95/d2rc3a1d.37.1.1.out -E 1 hmmModels95/d2rc3a1d.37.1.1.hmm scop/scopTestSeq.fasta 
# Current dir:     /users/nfs/Etu7/3801677/SBAS/TME8
# Date:            Tue Apr  4 15:54:33 2023
# [ok]
