#                                                                            --- full sequence --- -------------- this domain -------------   hmm coord   ali coord   env coord
# target name        accession   tlen query name           accession   qlen   E-value  score  bias   #  of  c-Evalue  i-Evalue  score  bias  from    to  from    to  from    to  acc description of target
#------------------- ---------- ----- -------------------- ---------- ----- --------- ------ ----- --- --- --------- --------- ------ ----- ----- ----- ----- ----- ----- ----- ---- ---------------------
d1o50a3d.37.1.1      -            145 d2riha_d.37.1.1.aln  -            131   2.8e-37  123.2   2.6   1   1   7.3e-39   3.2e-37  123.0   2.6     1   130     1   145     1   145 0.98 -
d2nyca1d.37.1.1      -            140 d2riha_d.37.1.1.aln  -            131     3e-31  103.7   0.3   1   1   7.6e-33   3.3e-31  103.6   0.3     2   125    15   138    14   140 0.98 -
d1pvma4d.37.1.1      -            142 d2riha_d.37.1.1.aln  -            131   6.8e-31  102.6   1.0   1   1   1.7e-32   7.5e-31  102.4   1.0     2   128     1   129     1   132 0.97 -
d2v8qe2d.37.1.1      -            159 d2riha_d.37.1.1.aln  -            131   1.3e-30  101.6   0.0   1   1   1.3e-31   5.7e-30   99.6   0.0     1   130    16   159    16   159 0.99 -
d2j9la1d.37.1.1      -            169 d2riha_d.37.1.1.aln  -            131   8.2e-29   95.8   2.0   1   1   2.1e-29   9.4e-28   92.4   2.0     2   130     9   161     8   162 0.98 -
d2yzqa2d.37.1.1      -            122 d2riha_d.37.1.1.aln  -            131   1.1e-28   95.5   2.0   1   1     4e-30   1.7e-28   94.8   2.0     4   128     1   120     1   122 0.94 -
d1y5ha3d.37.1.1      -            123 d2riha_d.37.1.1.aln  -            131     2e-28   94.6   0.0   1   1   4.9e-30   2.1e-28   94.5   0.0     6   124     3   122     1   123 0.98 -
d2yzia1d.37.1.1      -            132 d2riha_d.37.1.1.aln  -            131   5.1e-28   93.3   1.0   1   1   1.3e-29   5.6e-28   93.1   1.0     2   129     3   130     2   132 0.97 -
d3ddja2d.37.1.1      -            135 d2riha_d.37.1.1.aln  -            131     7e-27   89.6   0.2   1   1   1.8e-28   7.8e-27   89.4   0.2     4   127     1   133     1   135 0.98 -
d3ddja1d.37.1.1      -            141 d2riha_d.37.1.1.aln  -            131   8.1e-27   89.4   5.8   1   1     2e-28   8.8e-27   89.2   5.8     5   127     3   132     1   136 0.97 -
d2yzqa1d.37.1.1      -            156 d2riha_d.37.1.1.aln  -            131   1.2e-26   88.8   3.4   1   2     2e-24   8.9e-23   76.3   0.2     1   114     1   121     1   123 0.98 -
d2yzqa1d.37.1.1      -            156 d2riha_d.37.1.1.aln  -            131   1.2e-26   88.8   3.4   2   2   5.8e-07   2.5e-05   19.8   0.4    72   124   103   155   102   156 0.85 -
d1pbja3d.37.1.1      -            120 d2riha_d.37.1.1.aln  -            131   1.9e-26   88.2   6.2   1   1   4.7e-28   2.1e-26   88.1   6.2     5   123     1   118     1   120 0.96 -
d1vr9a3d.37.1.1      -            121 d2riha_d.37.1.1.aln  -            131     3e-25   84.3   0.1   1   1   8.1e-27   3.5e-25   84.1   0.1     4   127     1   119     1   121 0.98 -
d2d4za3d.37.1.1      -            161 d2riha_d.37.1.1.aln  -            131   1.1e-23   79.3   0.1   1   1   2.9e-25   1.3e-23   79.0   0.1     2   130     9   145     8   155 0.98 -
d2rc3a1d.37.1.1      -            127 d2riha_d.37.1.1.aln  -            131   1.7e-23   78.6   0.7   1   1   4.5e-25     2e-23   78.4   0.7    12   124    13   125    12   127 0.93 -
d2ouxa2d.37.1.1      -            127 d2riha_d.37.1.1.aln  -            131     6e-23   76.9   6.6   1   1   1.5e-24   6.6e-23   76.7   6.6     6   128     3   125     1   127 0.97 -
d1zfja4d.37.1.1      -            126 d2riha_d.37.1.1.aln  -            131   3.9e-19   64.5   0.8   1   1   1.9e-20   8.2e-19   63.5   0.8    17   126    14   118     3   122 0.87 -
d2riha_d.37.1.1      -            131 d2riha_d.37.1.1.aln  -            131   2.8e-13   45.6   1.3   1   2   1.2e-06   5.3e-05   18.8   0.1    70   127     3    62     1    66 0.91 -
d2riha_d.37.1.1      -            131 d2riha_d.37.1.1.aln  -            131   2.8e-13   45.6   1.3   2   2   6.2e-09   2.7e-07   26.2   0.2    79   120    77   118    69   127 0.88 -
#
# Program:         hmmsearch
# Version:         3.1b2 (February 2015)
# Pipeline mode:   SEARCH
# Query file:      hmmModels95/d2riha_d.37.1.1.hmm
# Target file:     scop/scopTestSeq.fasta
# Option settings: hmmsearch --domtblout hmmModels95/d2riha_d.37.1.1.out -E 1 hmmModels95/d2riha_d.37.1.1.hmm scop/scopTestSeq.fasta 
# Current dir:     /users/nfs/Etu7/3801677/SBAS/TME8
# Date:            Tue Apr  4 15:54:34 2023
# [ok]
