#                                                                            --- full sequence --- -------------- this domain -------------   hmm coord   ali coord   env coord
# target name        accession   tlen query name           accession   qlen   E-value  score  bias   #  of  c-Evalue  i-Evalue  score  bias  from    to  from    to  from    to  acc description of target
#------------------- ---------- ----- -------------------- ---------- ----- --------- ------ ----- --- --- --------- --------- ------ ----- ----- ----- ----- ----- ----- ----- ---- ---------------------
d1exra_a.39.1.5      -            146 d2sasa_a.39.1.5.aln  -            180   3.5e-56  185.3  13.9   1   1   7.1e-57   4.6e-55  181.6  14.1    36   177     1   144     1   145 0.99 -
d1omra_a.39.1.5      -            201 d2sasa_a.39.1.5.aln  -            180   6.1e-51  168.2   2.8   1   1   1.1e-52   7.2e-51  167.9   2.8     1   178    20   193    20   195 0.98 -
d1jbaa_a.39.1.5      -            189 d2sasa_a.39.1.5.aln  -            180   2.8e-45  149.7   0.5   1   1   4.7e-47   3.1e-45  149.6   0.5     3   173    18   186    16   189 0.97 -
d1qv0a_a.39.1.5      -            189 d2sasa_a.39.1.5.aln  -            180     1e-38  128.3   0.2   1   2    0.0011     0.075    8.2   0.1    84   102    17    35     7    38 0.63 -
d1qv0a_a.39.1.5      -            189 d2sasa_a.39.1.5.aln  -            180     1e-38  128.3   0.2   2   2   1.6e-39   1.1e-37  125.0   0.0     2   177    28   186    27   189 0.96 -
d1s6ja_a.39.1.5      -             87 d2sasa_a.39.1.5.aln  -            180   4.4e-36  119.8   4.5   1   1     7e-38   4.6e-36  119.7   4.5    28   109     7    87     1    87 0.96 -
d2zfda1a.39.1.5      -            183 d2sasa_a.39.1.5.aln  -            180   3.9e-33  110.2   5.3   1   1   6.5e-35   4.3e-33  110.0   5.3     3   175    13   176    11   181 0.93 -
d1xo5a_a.39.1.5      -            180 d2sasa_a.39.1.5.aln  -            180   1.8e-25   85.1   0.0   1   1   3.1e-27   2.1e-25   85.0   0.0     6   172    19   178    14   180 0.96 -
d1jfka_a.39.1.5      -            134 d2sasa_a.39.1.5.aln  -            180   1.2e-24   82.5   9.3   1   2     4e-20   2.6e-18   61.8   1.0    45   122     1    77     1    81 0.96 -
d1jfka_a.39.1.5      -            134 d2sasa_a.39.1.5.aln  -            180   1.2e-24   82.5   9.3   2   2   4.1e-09   2.7e-07   26.0   2.6    45   106    76   132    72   133 0.85 -
d2scpa_a.39.1.5      -            174 d2sasa_a.39.1.5.aln  -            180   6.4e-23   76.9   3.2   1   1   1.1e-24     7e-23   76.7   3.2     6   177     3   171     1   174 0.97 -
d1nyaa_a.39.1.5      -            176 d2sasa_a.39.1.5.aln  -            180   1.5e-17   59.3   3.4   1   1   1.2e-18   8.1e-17   57.0   3.4     2   171     2   173     1   175 0.94 -
d1j7qa_a.39.1.5      -             86 d2sasa_a.39.1.5.aln  -            180   1.7e-12   42.9   0.1   1   1   2.9e-14   1.9e-12   42.7   0.1    35    92     5    61     2    85 0.88 -
d1ctaa_a.39.1.5      -             34 d2sasa_a.39.1.5.aln  -            180     2e-12   42.7   0.2   1   1   3.1e-14   2.1e-12   42.6   0.2    41    74     1    34     1    34 0.97 -
#
# Program:         hmmsearch
# Version:         3.1b2 (February 2015)
# Pipeline mode:   SEARCH
# Query file:      hmmModels95/d2sasa_a.39.1.5.hmm
# Target file:     scop/scopTestSeq.fasta
# Option settings: hmmsearch --domtblout hmmModels95/d2sasa_a.39.1.5.out -E 1 hmmModels95/d2sasa_a.39.1.5.hmm scop/scopTestSeq.fasta 
# Current dir:     /users/nfs/Etu7/3801677/SBAS/TME8
# Date:            Tue Apr  4 15:54:34 2023
# [ok]
