#                                                                            --- full sequence --- -------------- this domain -------------   hmm coord   ali coord   env coord
# target name        accession   tlen query name           accession   qlen   E-value  score  bias   #  of  c-Evalue  i-Evalue  score  bias  from    to  from    to  from    to  acc description of target
#------------------- ---------- ----- -------------------- ---------- ----- --------- ------ ----- --- --- --------- --------- ------ ----- ----- ----- ----- ----- ----- ----- ---- ---------------------
d2nn6i1b.40.4.5      -            125 d2uubq1b.40.4.5.aln  -             90     6e-23   76.3   0.1   1   1     2e-24   7.1e-23   76.0   0.1     2    90     1    95     1    95 0.97 -
d2vnud3b.40.4.5      -            148 d2uubq1b.40.4.5.aln  -             90   6.2e-20   66.6   0.0   1   1   2.3e-21   8.2e-20   66.3   0.0     1    89    33   128    33   129 0.98 -
d1d7qa_b.40.4.5      -            143 d2uubq1b.40.4.5.aln  -             90   1.5e-18   62.2   0.0   1   1   8.4e-20     3e-18   61.3   0.0     1    89    22   116    22   117 0.98 -
d2uubl1b.40.4.5      -            118 d2uubq1b.40.4.5.aln  -             90   2.9e-17   58.1   0.9   1   1   1.2e-18   4.3e-17   57.6   0.9     2    90    22   106    21   106 0.97 -
d1rl2a2b.40.4.5      -             66 d2uubq1b.40.4.5.aln  -             90   5.1e-14   47.8   0.3   1   1   1.5e-15   5.4e-14   47.7   0.3    25    88     2    65     1    66 0.97 -
d2uubq1b.40.4.5      -            100 d2uubq1b.40.4.5.aln  -             90   2.3e-12   42.5   1.6   1   1     8e-14   2.9e-12   42.2   1.6     9    86     2    77     1    80 0.96 -
d3bzka4b.40.4.5      -             94 d2uubq1b.40.4.5.aln  -             90   2.6e-12   42.3   0.6   1   1   8.4e-14     3e-12   42.1   0.6     2    78    12    84    11    91 0.90 -
d1kl9a2b.40.4.5      -             86 d2uubq1b.40.4.5.aln  -             90   4.8e-11   38.3   0.8   1   1   1.4e-12   5.2e-11   38.2   0.8     4    83     9    86     6    86 0.96 -
d1go3e1b.40.4.5      -            106 d2uubq1b.40.4.5.aln  -             90   4.2e-10   35.3   0.6   1   1   1.3e-11   4.8e-10   35.1   0.6     6    88     1    89     1    91 0.93 -
d2je6i1b.40.4.5      -             87 d2uubq1b.40.4.5.aln  -             90   3.6e-09   32.3   0.8   1   1   1.1e-10   3.9e-09   32.2   0.8     2    87     1    85     1    87 0.90 -
d1wi5a_b.40.4.5      -            119 d2uubq1b.40.4.5.aln  -             90   9.8e-09   30.9   0.0   1   1   3.2e-10   1.2e-08   30.7   0.0     3    86    16   106    14   110 0.87 -
d1c9oa_b.40.4.5      -             66 d2uubq1b.40.4.5.aln  -             90   1.4e-08   30.4   0.0   1   1   3.9e-10   1.4e-08   30.4   0.0    13    81     3    63     1    66 0.90 -
d1smxa_b.40.4.5      -             87 d2uubq1b.40.4.5.aln  -             90   2.7e-08   29.5   0.0   1   1   8.5e-10     3e-08   29.3   0.0    11    81     3    80     1    84 0.90 -
d1luza_b.40.4.5      -             85 d2uubq1b.40.4.5.aln  -             90   2.9e-08   29.4   0.4   1   1     9e-10   3.2e-08   29.2   0.4     5    86     5    83     2    85 0.93 -
d2nn6h1b.40.4.5      -             95 d2uubq1b.40.4.5.aln  -             90   7.2e-08   28.1   0.0   1   1   2.4e-09   8.5e-08   27.9   0.0     1    82     1    88     1    93 0.92 -
d2ja9a1b.40.4.5      -             90 d2uubq1b.40.4.5.aln  -             90   4.1e-07   25.7   0.0   1   1   1.5e-08   5.3e-07   25.4   0.0     2    72     1    67     1    78 0.94 -
d1jt8a_b.40.4.5      -            102 d2uubq1b.40.4.5.aln  -             90   4.1e-06   22.5   0.6   1   1   1.4e-07   4.9e-06   22.3   0.6     3    75    13    91    11   101 0.88 -
d1e3pa2b.40.4.5      -             62 d2uubq1b.40.4.5.aln  -             90   4.7e-05   19.1   0.2   1   1   1.4e-06     5e-05   19.1   0.2    15    73     2    60     1    62 0.92 -
d1wfqa_b.40.4.5      -             89 d2uubq1b.40.4.5.aln  -             90   0.00021   17.1   0.0   1   1     8e-06   0.00029   16.6   0.0    53    83    41    82     6    88 0.72 -
d1x6oa2b.40.4.5      -             79 d2uubq1b.40.4.5.aln  -             90   0.00021   17.0   0.0   1   1     6e-06   0.00021   17.0   0.0    25    78    25    73     1    79 0.78 -
d3i4oa_b.40.4.5      -             68 d2uubq1b.40.4.5.aln  -             90   0.00064   15.5   0.2   1   1     2e-05   0.00072   15.4   0.2    11    75     4    66     2    68 0.90 -
d1hh2p1b.40.4.5      -             72 d2uubq1b.40.4.5.aln  -             90     0.001   14.9   0.2   1   1   3.1e-05    0.0011   14.7   0.2    36    79    30    68     3    72 0.68 -
#
# Program:         hmmsearch
# Version:         3.1b2 (February 2015)
# Pipeline mode:   SEARCH
# Query file:      hmmModels95/d2uubq1b.40.4.5.hmm
# Target file:     scop/scopTestSeq.fasta
# Option settings: hmmsearch --domtblout hmmModels95/d2uubq1b.40.4.5.out -E 1 hmmModels95/d2uubq1b.40.4.5.hmm scop/scopTestSeq.fasta 
# Current dir:     /users/nfs/Etu7/3801677/SBAS/TME8
# Date:            Tue Apr  4 15:54:34 2023
# [ok]
