#                                                                            --- full sequence --- -------------- this domain -------------   hmm coord   ali coord   env coord
# target name        accession   tlen query name           accession   qlen   E-value  score  bias   #  of  c-Evalue  i-Evalue  score  bias  from    to  from    to  from    to  acc description of target
#------------------- ---------- ----- -------------------- ---------- ----- --------- ------ ----- --- --- --------- --------- ------ ----- ----- ----- ----- ----- ----- ----- ---- ---------------------
d3c7ma_c.47.1.0      -            195 d2v1ma_c.47.1.0.aln  -            146   1.5e-46  153.4   5.4   1   1   3.2e-48     2e-46  153.1   5.4     4   146     1   146     1   146 0.99 -
d3h93a_c.47.1.0      -            192 d2v1ma_c.47.1.0.aln  -            146   5.2e-31  103.0   0.5   1   2   8.5e-33   5.2e-31  103.0   0.5     1   146     2   155     2   155 0.99 -
d3h93a_c.47.1.0      -            192 d2v1ma_c.47.1.0.aln  -            146   5.2e-31  103.0   0.5   2   2       1.9   1.2e+02   -1.9   0.0   107   138   159   189   158   191 0.64 -
d3feua_c.47.1.0      -            183 d2v1ma_c.47.1.0.aln  -            146   3.7e-24   80.8   0.0   1   1   7.2e-26   4.3e-24   80.6   0.0     6   146     2   153     1   153 0.98 -
d2v1ma_c.47.1.0      -            163 d2v1ma_c.47.1.0.aln  -            146   2.5e-20   68.4   0.1   1   1   4.8e-22   2.9e-20   68.2   0.1     1   146     3   147     3   147 0.96 -
d2xhfa_c.47.1.0      -            156 d2v1ma_c.47.1.0.aln  -            146   5.1e-18   60.9   0.0   1   1   9.2e-20   5.6e-18   60.8   0.0     4   144    13   147    10   149 0.96 -
d1r26a_c.47.1.1      -            113 d2v1ma_c.47.1.0.aln  -            146   2.2e-15   52.3   0.0   1   1   3.7e-17   2.2e-15   52.3   0.0    16    88    18    88     4   112 0.81 -
d2i4aa_c.47.1.1      -            107 d2v1ma_c.47.1.0.aln  -            146   9.6e-15   50.3   0.0   1   1   1.7e-16   1.1e-14   50.1   0.0    10   125     6   102     1   106 0.88 -
d3gnja_c.47.1.0      -            111 d2v1ma_c.47.1.0.aln  -            146   1.3e-12   43.3   0.4   1   1   2.3e-14   1.4e-12   43.3   0.4     5   132     3   110     1   111 0.94 -
d3h79a_c.47.1.0      -            115 d2v1ma_c.47.1.0.aln  -            146   1.3e-06   23.9   0.0   1   1   2.4e-08   1.5e-06   23.7   0.0     7    76     4    73     1   114 0.83 -
d2hzfa_c.47.1.0      -            110 d2v1ma_c.47.1.0.aln  -            146   1.3e-06   23.9   0.0   1   1   2.4e-08   1.4e-06   23.7   0.0    10    86     3    79     1    94 0.93 -
d2wcia_c.47.1.0      -            113 d2v1ma_c.47.1.0.aln  -            146   3.2e-05   19.4   0.0   1   1     6e-07   3.6e-05   19.2   0.0    12   130     3   107     1   112 0.88 -
d3fz4a_c.47.1.0      -            119 d2v1ma_c.47.1.0.aln  -            146   4.1e-05   19.0   0.0   1   1   6.7e-07   4.1e-05   19.0   0.0     3    81     9    87     7   119 0.85 -
d1sena_c.47.1.1      -            135 d2v1ma_c.47.1.0.aln  -            146    0.0037   12.7   0.0   1   2   0.00022     0.013   10.9   0.0    26    65    27    65    14    77 0.73 -
d1sena_c.47.1.1      -            135 d2v1ma_c.47.1.0.aln  -            146    0.0037   12.7   0.0   2   2      0.76        46   -0.6   0.0    78   102   103   125    88   131 0.79 -
#
# Program:         hmmsearch
# Version:         3.1b2 (February 2015)
# Pipeline mode:   SEARCH
# Query file:      hmmModels95/d2v1ma_c.47.1.0.hmm
# Target file:     scop/scopTestSeq.fasta
# Option settings: hmmsearch --domtblout hmmModels95/d2v1ma_c.47.1.0.out -E 1 hmmModels95/d2v1ma_c.47.1.0.hmm scop/scopTestSeq.fasta 
# Current dir:     /users/nfs/Etu7/3801677/SBAS/TME8
# Date:            Tue Apr  4 15:54:34 2023
# [ok]
