#                                                                            --- full sequence --- -------------- this domain -------------   hmm coord   ali coord   env coord
# target name        accession   tlen query name           accession   qlen   E-value  score  bias   #  of  c-Evalue  i-Evalue  score  bias  from    to  from    to  from    to  acc description of target
#------------------- ---------- ----- -------------------- ---------- ----- --------- ------ ----- --- --- --------- --------- ------ ----- ----- ----- ----- ----- ----- ----- ---- ---------------------
d1qmea4e.3.1.1       -            357 d2v2ff_e.3.1.1.aln   -            330  1.4e-106  351.9   7.3   1   1  3.8e-108  1.7e-106  351.7   7.3     1   318     1   356     1   357 1.00 -
d2bg1a1e.3.1.1       -            453 d2v2ff_e.3.1.1.aln   -            330  1.2e-102  339.0  16.1   1   1  3.5e-104  1.5e-102  338.7  16.1     2   330    35   425    34   425 1.00 -
d2hdsa_e.3.1.1       -            358 d2v2ff_e.3.1.1.aln   -            330   3.3e-82  271.8   2.3   1   1   8.5e-84   3.7e-82  271.6   2.3     1   330    20   348    20   348 0.99 -
d2olua2e.3.1.1       -            400 d2v2ff_e.3.1.1.aln   -            330   6.7e-78  257.7  15.1   1   1   1.7e-79   7.7e-78  257.5  15.1     2   329    17   371    16   372 0.99 -
d2p74a_e.3.1.1       -            263 d2v2ff_e.3.1.1.aln   -            330   2.4e-74  246.0   2.6   1   1     6e-76   2.6e-74  245.8   2.6    30   315     2   261     1   263 0.99 -
d2dcfa1e.3.1.1       -            388 d2v2ff_e.3.1.1.aln   -            330   2.4e-62  206.5   0.0   1   1   6.3e-64   2.7e-62  206.3   0.0     1   330    30   380    30   380 0.99 -
d1ci9a_e.3.1.1       -            377 d2v2ff_e.3.1.1.aln   -            330   1.6e-60  200.5   0.0   1   1   4.1e-62   1.8e-60  200.4   0.0     2   330    21   373    20   373 0.99 -
d1alqa_e.3.1.1       -            263 d2v2ff_e.3.1.1.aln   -            330   8.2e-60  198.2   4.2   1   1   2.3e-61   9.9e-60  197.9   4.2     4   279    13   263     4   263 0.97 -
d2drwa1e.3.1.1       -            362 d2v2ff_e.3.1.1.aln   -            330   1.1e-57  191.2   0.0   1   1   2.8e-59   1.2e-57  191.1   0.0     3   328    20   353    18   355 0.98 -
d1vqqa3e.3.1.1       -            341 d2v2ff_e.3.1.1.aln   -            330   1.3e-53  177.9  11.7   1   1   3.2e-55   1.4e-53  177.7  11.7     4   324     2   340     1   341 0.97 -
d1yqsa_e.3.1.1       -            345 d2v2ff_e.3.1.1.aln   -            330   3.5e-49  163.3   4.7   1   1   8.9e-51   3.9e-49  163.1   4.7     2   329    20   342    19   343 0.99 -
d1ei5a3e.3.1.1       -            333 d2v2ff_e.3.1.1.aln   -            330   4.1e-43  143.3   0.0   1   1     1e-44   4.5e-43  143.2   0.0     2   325    20   326    19   331 0.97 -
d2v2ff_e.3.1.1       -            384 d2v2ff_e.3.1.1.aln   -            330   1.4e-42  141.6  19.8   1   1   3.5e-44   1.5e-42  141.4  19.8     1   330    10   371    10   371 0.98 -
d1e25a_e.3.1.1       -            278 d2v2ff_e.3.1.1.aln   -            330   1.8e-42  141.2   0.0   1   1   4.5e-44     2e-42  141.1   0.0    35   323     6   277     1   278 0.96 -
d1tvfa2e.3.1.1       -            301 d2v2ff_e.3.1.1.aln   -            330   5.6e-42  139.6  15.8   1   1   1.4e-43   6.2e-42  139.4  15.8    16   318     2   299     1   301 0.98 -
d1xp4a2e.3.1.1       -            269 d2v2ff_e.3.1.1.aln   -            330     5e-35  116.7   5.3   1   1   1.3e-36   5.5e-35  116.6   5.3    46   316     4   267     1   269 0.97 -
d1es5a_e.3.1.1       -            260 d2v2ff_e.3.1.1.aln   -            330   2.3e-34  114.6  12.2   1   1   5.7e-36   2.5e-34  114.4  12.2    43   313     2   260     1   260 0.97 -
d1xa1a_e.3.1.1       -            246 d2v2ff_e.3.1.1.aln   -            330   3.7e-33  110.6   6.3   1   1   9.7e-35   4.2e-33  110.4   6.3    40   280    19   228     1   240 0.91 -
#
# Program:         hmmsearch
# Version:         3.1b2 (February 2015)
# Pipeline mode:   SEARCH
# Query file:      hmmModels95/d2v2ff_e.3.1.1.hmm
# Target file:     scop/scopTestSeq.fasta
# Option settings: hmmsearch --domtblout hmmModels95/d2v2ff_e.3.1.1.out -E 1 hmmModels95/d2v2ff_e.3.1.1.hmm scop/scopTestSeq.fasta 
# Current dir:     /users/nfs/Etu7/3801677/SBAS/TME8
# Date:            Tue Apr  4 15:54:34 2023
# [ok]
