#                                                                            --- full sequence --- -------------- this domain -------------   hmm coord   ali coord   env coord
# target name        accession   tlen query name           accession   qlen   E-value  score  bias   #  of  c-Evalue  i-Evalue  score  bias  from    to  from    to  from    to  acc description of target
#------------------- ---------- ----- -------------------- ---------- ----- --------- ------ ----- --- --- --------- --------- ------ ----- ----- ----- ----- ----- ----- ----- ---- ---------------------
d2yzqa1d.37.1.1      -            156 d2v8qe2d.37.1.1.aln  -            138   5.8e-44  144.9   0.1   1   1   1.5e-45   6.5e-44  144.8   0.1     2   133     2   156     1   156 0.98 -
d2nyca1d.37.1.1      -            140 d2v8qe2d.37.1.1.aln  -            138   2.3e-39  130.1   0.3   1   1   6.2e-41   2.7e-39  129.8   0.3     5   133    10   138     7   140 0.98 -
d1pvma4d.37.1.1      -            142 d2v8qe2d.37.1.1.aln  -            138   9.9e-39  128.0   0.7   1   1   2.5e-40   1.1e-38  127.8   0.7     2   136     1   129     1   131 0.98 -
d2j9la1d.37.1.1      -            169 d2v8qe2d.37.1.1.aln  -            138   2.2e-36  120.4   0.5   1   1   5.8e-38   2.5e-36  120.2   0.5     1   137     6   160     6   161 0.99 -
d2yzia1d.37.1.1      -            132 d2v8qe2d.37.1.1.aln  -            138   2.7e-33  110.4   1.1   1   1   6.8e-35     3e-33  110.2   1.1     4   137     5   130     2   131 0.95 -
d2yzqa2d.37.1.1      -            122 d2v8qe2d.37.1.1.aln  -            138   2.9e-33  110.2   2.5   1   1   1.8e-34   7.7e-33  108.9   2.5     4   137     1   121     1   122 0.95 -
d2d4za3d.37.1.1      -            161 d2v8qe2d.37.1.1.aln  -            138   1.2e-32  108.3   0.0   1   1     3e-34   1.3e-32  108.1   0.0     2   133     9   160     8   161 0.99 -
d1o50a3d.37.1.1      -            145 d2v8qe2d.37.1.1.aln  -            138   3.4e-32  106.8   1.7   1   1   8.5e-34   3.7e-32  106.7   1.7     1   137     1   144     1   145 0.98 -
d1y5ha3d.37.1.1      -            123 d2v8qe2d.37.1.1.aln  -            138   2.9e-31  103.8   0.1   1   1   7.2e-33   3.1e-31  103.7   0.1     7   132     4   122     1   123 0.96 -
d3ddja1d.37.1.1      -            141 d2v8qe2d.37.1.1.aln  -            138   2.4e-30  100.8   6.6   1   1   6.1e-32   2.7e-30  100.7   6.6     5   134     3   131     1   135 0.97 -
d3ddja2d.37.1.1      -            135 d2v8qe2d.37.1.1.aln  -            138   1.1e-28   95.5   0.1   1   1   2.7e-30   1.2e-28   95.4   0.1     4   133     1   131     1   135 0.91 -
d2rc3a1d.37.1.1      -            127 d2v8qe2d.37.1.1.aln  -            138   2.7e-28   94.2   1.9   1   1   6.8e-30     3e-28   94.0   1.9    10   133    11   126     2   127 0.94 -
d1vr9a3d.37.1.1      -            121 d2v8qe2d.37.1.1.aln  -            138   1.3e-27   91.9   0.0   1   1   4.1e-29   1.8e-27   91.5   0.0     4   135     1   119     1   121 0.98 -
d2ouxa2d.37.1.1      -            127 d2v8qe2d.37.1.1.aln  -            138   2.6e-27   91.0   6.8   1   1   6.4e-29   2.8e-27   90.9   6.8    15   137     4   126     1   127 0.97 -
d1pbja3d.37.1.1      -            120 d2v8qe2d.37.1.1.aln  -            138   3.3e-27   90.6   7.0   1   1   8.3e-29   3.7e-27   90.5   7.0     5   131     1   118     1   120 0.92 -
d1zfja4d.37.1.1      -            126 d2v8qe2d.37.1.1.aln  -            138     5e-27   90.1   0.3   1   1   1.7e-28   7.6e-27   89.5   0.3    10   134     3   118     1   122 0.90 -
d2riha_d.37.1.1      -            131 d2v8qe2d.37.1.1.aln  -            138   2.3e-26   87.9   0.6   1   1   5.8e-28   2.5e-26   87.8   0.6     7   133     4   123     1   128 0.94 -
d2v8qe2d.37.1.1      -            159 d2v8qe2d.37.1.1.aln  -            138   3.3e-18   61.5   0.0   1   1   4.1e-19   1.8e-17   59.1   0.0     7   130    18   151    15   157 0.86 -
#
# Program:         hmmsearch
# Version:         3.1b2 (February 2015)
# Pipeline mode:   SEARCH
# Query file:      hmmModels95/d2v8qe2d.37.1.1.hmm
# Target file:     scop/scopTestSeq.fasta
# Option settings: hmmsearch --domtblout hmmModels95/d2v8qe2d.37.1.1.out -E 1 hmmModels95/d2v8qe2d.37.1.1.hmm scop/scopTestSeq.fasta 
# Current dir:     /users/nfs/Etu7/3801677/SBAS/TME8
# Date:            Tue Apr  4 15:54:34 2023
# [ok]
