#                                                                            --- full sequence --- -------------- this domain -------------   hmm coord   ali coord   env coord
# target name        accession   tlen query name           accession   qlen   E-value  score  bias   #  of  c-Evalue  i-Evalue  score  bias  from    to  from    to  from    to  acc description of target
#------------------- ---------- ----- -------------------- ---------- ----- --------- ------ ----- --- --- --------- --------- ------ ----- ----- ----- ----- ----- ----- ----- ---- ---------------------
d1d7qa_b.40.4.5      -            143 d2vnud1b.40.4.5.aln  -             92     8e-24   79.3   0.0   1   1   4.5e-25   1.4e-23   78.5   0.0     1    91    22   117    22   118 0.98 -
d2nn6i1b.40.4.5      -            125 d2vnud1b.40.4.5.aln  -             92   1.9e-23   78.0   0.0   1   1   7.1e-25   2.2e-23   77.8   0.0     2    92     1    97     1    97 0.98 -
d2vnud3b.40.4.5      -            148 d2vnud1b.40.4.5.aln  -             92   7.2e-21   69.8   0.0   1   1   3.1e-22   9.8e-21   69.4   0.0     1    92    39   137    39   137 0.99 -
d2uubl1b.40.4.5      -            118 d2vnud1b.40.4.5.aln  -             92     2e-20   68.4   3.0   1   1   6.2e-22     2e-20   68.4   3.0     1    88    36   117    36   118 0.98 -
d2uubq1b.40.4.5      -            100 d2vnud1b.40.4.5.aln  -             92   8.6e-19   63.2   2.1   1   1   3.9e-20   1.2e-18   62.7   2.1     9    90     2    78     1    80 0.96 -
d3bzka4b.40.4.5      -             94 d2vnud1b.40.4.5.aln  -             92   2.1e-13   45.9   0.7   1   1   7.8e-15   2.5e-13   45.7   0.7     2    82    12    88    11    93 0.94 -
d1go3e1b.40.4.5      -            106 d2vnud1b.40.4.5.aln  -             92   1.4e-12   43.3   0.6   1   1   5.3e-14   1.7e-12   43.0   0.6     6    89     1    90     1    93 0.95 -
d2je6i1b.40.4.5      -             87 d2vnud1b.40.4.5.aln  -             92     2e-11   39.6   1.0   1   1     7e-13   2.2e-11   39.4   1.0     2    88     1    86     1    87 0.96 -
d1rl2a2b.40.4.5      -             66 d2vnud1b.40.4.5.aln  -             92   1.3e-10   37.0   0.2   1   1   4.6e-12   1.4e-10   36.8   0.2    25    86     2    63     1    65 0.92 -
d1kl9a2b.40.4.5      -             86 d2vnud1b.40.4.5.aln  -             92   3.1e-10   35.8   0.7   1   1   1.1e-11   3.3e-10   35.7   0.7     4    83     9    86     6    86 0.94 -
d1wi5a_b.40.4.5      -            119 d2vnud1b.40.4.5.aln  -             92   4.4e-10   35.3   0.0   1   1   1.7e-11   5.4e-10   35.0   0.0     5    90    18   110    14   112 0.96 -
d1c9oa_b.40.4.5      -             66 d2vnud1b.40.4.5.aln  -             92   4.4e-09   32.1   0.0   1   1   1.4e-10   4.5e-09   32.1   0.0    13    81     3    63     1    66 0.93 -
d2ja9a1b.40.4.5      -             90 d2vnud1b.40.4.5.aln  -             92   2.1e-08   29.9   0.0   1   1   7.2e-10   2.3e-08   29.8   0.0     2    72     1    67     1    82 0.94 -
d1luza_b.40.4.5      -             85 d2vnud1b.40.4.5.aln  -             92   4.4e-08   28.9   0.6   1   1   1.7e-09   5.3e-08   28.6   0.6     5    88     5    85     2    85 0.94 -
d2nn6h1b.40.4.5      -             95 d2vnud1b.40.4.5.aln  -             92   8.4e-08   28.0   0.0   1   1     3e-09   9.4e-08   27.8   0.0     3    80     3    86     1    94 0.91 -
d1smxa_b.40.4.5      -             87 d2vnud1b.40.4.5.aln  -             92   5.4e-07   25.4   0.0   1   1   1.9e-08   5.9e-07   25.3   0.0    10    86     2    85     1    87 0.94 -
d1jt8a_b.40.4.5      -            102 d2vnud1b.40.4.5.aln  -             92   7.4e-07   25.0   0.5   1   1   2.6e-08   8.3e-07   24.8   0.5     3    84    13   100    11   102 0.93 -
d3i4oa_b.40.4.5      -             68 d2vnud1b.40.4.5.aln  -             92   2.6e-06   23.2   0.2   1   1   8.9e-08   2.8e-06   23.1   0.2    11    79     4    67     2    68 0.96 -
d1e3pa2b.40.4.5      -             62 d2vnud1b.40.4.5.aln  -             92   6.8e-06   21.9   0.2   1   1   2.2e-07   7.1e-06   21.8   0.2    15    72     2    59     1    62 0.93 -
d2vnud2b.40.4.5      -             88 d2vnud1b.40.4.5.aln  -             92   7.6e-06   21.7   0.3   1   1   2.7e-07   8.6e-06   21.5   0.3    11    87     3    83     1    87 0.94 -
d2ix0a3b.40.4.5      -             87 d2vnud1b.40.4.5.aln  -             92   2.5e-05   20.0   0.1   1   1   9.6e-07     3e-05   19.8   0.1    11    84     6    81     3    86 0.93 -
d1khia2b.40.4.5      -             71 d2vnud1b.40.4.5.aln  -             92    0.0005   15.9   0.1   1   1   1.8e-05   0.00056   15.7   0.1    17    81     6    67     1    70 0.89 -
d1x6oa2b.40.4.5      -             79 d2vnud1b.40.4.5.aln  -             92   0.00056   15.7   0.0   1   1   1.9e-05    0.0006   15.6   0.0     1    83     1    78     1    79 0.89 -
d1wfqa_b.40.4.5      -             89 d2vnud1b.40.4.5.aln  -             92    0.0017   14.2   0.0   1   1   5.6e-05    0.0018   14.1   0.0    33    86    32    85    12    89 0.81 -
d1jjga_b.40.4.5      -            102 d2vnud1b.40.4.5.aln  -             92    0.0018   14.1   0.8   1   1   6.3e-05     0.002   14.0   0.8     4    90     5    98     2   100 0.91 -
#
# Program:         hmmsearch
# Version:         3.1b2 (February 2015)
# Pipeline mode:   SEARCH
# Query file:      hmmModels95/d2vnud1b.40.4.5.hmm
# Target file:     scop/scopTestSeq.fasta
# Option settings: hmmsearch --domtblout hmmModels95/d2vnud1b.40.4.5.out -E 1 hmmModels95/d2vnud1b.40.4.5.hmm scop/scopTestSeq.fasta 
# Current dir:     /users/nfs/Etu7/3801677/SBAS/TME8
# Date:            Tue Apr  4 15:54:35 2023
# [ok]
