#                                                                            --- full sequence --- -------------- this domain -------------   hmm coord   ali coord   env coord
# target name        accession   tlen query name           accession   qlen   E-value  score  bias   #  of  c-Evalue  i-Evalue  score  bias  from    to  from    to  from    to  acc description of target
#------------------- ---------- ----- -------------------- ---------- ----- --------- ------ ----- --- --- --------- --------- ------ ----- ----- ----- ----- ----- ----- ----- ---- ---------------------
d2vnud3b.40.4.5      -            148 d2vnud2b.40.4.5.aln  -            104   4.2e-39  129.1   0.0   1   1   1.3e-40   5.3e-39  128.8   0.0     1   104     6   113     6   113 0.99 -
d1d7qa_b.40.4.5      -            143 d2vnud2b.40.4.5.aln  -            104   4.4e-28   93.7   0.9   1   2       9.3   3.9e+02   -2.5   0.1    48    62     8    22     5    26 0.52 -
d1d7qa_b.40.4.5      -            143 d2vnud2b.40.4.5.aln  -            104   4.4e-28   93.7   0.9   2   2   1.2e-29   4.9e-28   93.6   0.1     1   104    30   137    30   137 0.99 -
d2uubl1b.40.4.5      -            118 d2vnud2b.40.4.5.aln  -            104   6.7e-24   80.3   1.6   1   1   2.2e-25   9.2e-24   79.9   1.6     1   102    20   118    20   118 0.97 -
d2nn6i1b.40.4.5      -            125 d2vnud2b.40.4.5.aln  -            104     1e-22   76.5   0.0   1   1   2.7e-24   1.1e-22   76.4   0.0     8   104     1   101     1   101 0.98 -
d1rl2a2b.40.4.5      -             66 d2vnud2b.40.4.5.aln  -            104   6.9e-14   48.1   0.4   1   1   1.8e-15   7.3e-14   48.1   0.4    32    94     3    65     1    66 0.93 -
d2uubq1b.40.4.5      -            100 d2vnud2b.40.4.5.aln  -            104     2e-12   43.5   1.6   1   1     5e-14   2.1e-12   43.4   1.6    12   100     4    91     1    95 0.94 -
d1wi5a_b.40.4.5      -            119 d2vnud2b.40.4.5.aln  -            104   2.1e-12   43.3   0.0   1   1   5.8e-14   2.4e-12   43.2   0.0     5   104    12   115     8   115 0.95 -
d1kl9a2b.40.4.5      -             86 d2vnud2b.40.4.5.aln  -            104   9.7e-10   34.8   0.4   1   1   2.7e-11   1.1e-09   34.6   0.4     5    90     4    85     2    86 0.94 -
d3bzka4b.40.4.5      -             94 d2vnud2b.40.4.5.aln  -            104     2e-08   30.5   0.5   1   1   5.4e-10   2.2e-08   30.4   0.5     1    93     5    91     5    94 0.93 -
d1jt8a_b.40.4.5      -            102 d2vnud2b.40.4.5.aln  -            104   5.7e-08   29.1   0.3   1   1   1.5e-09     6e-08   29.0   0.3     3    94     5   100     3   102 0.91 -
d2je6i1b.40.4.5      -             87 d2vnud2b.40.4.5.aln  -            104   4.6e-07   26.2   1.2   1   1   1.3e-08   5.3e-07   26.0   1.2     8    96     1    86     1    87 0.87 -
d1luza_b.40.4.5      -             85 d2vnud2b.40.4.5.aln  -            104     6e-07   25.8   0.3   1   1   1.7e-08   7.2e-07   25.6   0.3    11    94     5    83     2    85 0.88 -
d2nn6h1b.40.4.5      -             95 d2vnud2b.40.4.5.aln  -            104   2.6e-06   23.8   0.0   1   1   7.9e-08   3.3e-06   23.5   0.0     7    87     1    85     1    93 0.91 -
d1go3e1b.40.4.5      -            106 d2vnud2b.40.4.5.aln  -            104     3e-06   23.6   0.2   1   1   8.5e-08   3.5e-06   23.4   0.2    17   103    10    96     2    97 0.93 -
d1y14b1b.40.4.5      -             91 d2vnud2b.40.4.5.aln  -            104   3.7e-06   23.3   0.0   1   1     1e-07   4.2e-06   23.1   0.0    12   100     1    87     1    90 0.91 -
d2ja9a1b.40.4.5      -             90 d2vnud2b.40.4.5.aln  -            104   2.8e-05   20.5   0.0   1   1   8.7e-07   3.6e-05   20.1   0.0     9    94     2    81     1    87 0.91 -
d1e3pa2b.40.4.5      -             62 d2vnud2b.40.4.5.aln  -            104   0.00043   16.7   0.1   1   1   1.1e-05   0.00044   16.6   0.1    21    80     2    59     1    62 0.92 -
d1jjga_b.40.4.5      -            102 d2vnud2b.40.4.5.aln  -            104   0.00055   16.3   0.4   1   1   1.5e-05   0.00061   16.2   0.4     4    91     4    95     1   102 0.81 -
d3i4oa_b.40.4.5      -             68 d2vnud2b.40.4.5.aln  -            104    0.0018   14.6   0.3   1   1   4.5e-05    0.0019   14.6   0.3    12    73     4    64     1    68 0.90 -
#
# Program:         hmmsearch
# Version:         3.1b2 (February 2015)
# Pipeline mode:   SEARCH
# Query file:      hmmModels95/d2vnud2b.40.4.5.hmm
# Target file:     scop/scopTestSeq.fasta
# Option settings: hmmsearch --domtblout hmmModels95/d2vnud2b.40.4.5.out -E 1 hmmModels95/d2vnud2b.40.4.5.hmm scop/scopTestSeq.fasta 
# Current dir:     /users/nfs/Etu7/3801677/SBAS/TME8
# Date:            Tue Apr  4 15:54:35 2023
# [ok]
