#                                                                            --- full sequence --- -------------- this domain -------------   hmm coord   ali coord   env coord
# target name        accession   tlen query name           accession   qlen   E-value  score  bias   #  of  c-Evalue  i-Evalue  score  bias  from    to  from    to  from    to  acc description of target
#------------------- ---------- ----- -------------------- ---------- ----- --------- ------ ----- --- --- --------- --------- ------ ----- ----- ----- ----- ----- ----- ----- ---- ---------------------
d2dw4a2c.3.1.2       -            450 d2voua1c.3.1.2.aln   -            370  3.3e-137  453.2   0.6   1   3   8.9e-11   2.9e-09   32.2   0.1     7    43     8    44     5    44 0.97 -
d2dw4a2c.3.1.2       -            450 d2voua1c.3.1.2.aln   -            370  3.3e-137  453.2   0.6   2   3  7.1e-131  2.3e-129  427.4   0.0     7   370    37   412    36   412 1.00 -
d2dw4a2c.3.1.2       -            450 d2voua1c.3.1.2.aln   -            370  3.3e-137  453.2   0.6   3   3       2.7        90   -2.3   0.0   313   341   414   442   413   445 0.91 -
d2iida1c.3.1.2       -            371 d2voua1c.3.1.2.aln   -            370  2.2e-102  338.6   0.0   1   1  7.6e-104  2.5e-102  338.5   0.0     2   346    28   368    27   371 0.99 -
d1n4wa1c.3.1.2       -            368 d2voua1c.3.1.2.aln   -            370     2e-86  286.1   0.3   1   1   6.8e-88   2.2e-86  286.0   0.3     3   367    17   367    15   368 0.99 -
d2f5va1c.3.1.2       -            380 d2voua1c.3.1.2.aln   -            370   4.1e-84  278.5   0.0   1   1   1.4e-85   4.6e-84  278.4   0.0     1   369     1   377     1   378 0.99 -
d2gmha1c.3.1.2       -            381 d2voua1c.3.1.2.aln   -            370   4.1e-79  262.1   0.0   1   1   1.4e-80   4.6e-79  261.9   0.0     3   370    31   381    29   381 0.99 -
d1b5qa1c.3.1.2       -            348 d2voua1c.3.1.2.aln   -            370   9.4e-79  260.9   0.1   1   1   3.2e-80     1e-78  260.7   0.1     5   352     1   348     1   348 0.99 -
d1seza1c.3.1.2       -            374 d2voua1c.3.1.2.aln   -            370   3.3e-78  259.1   0.0   1   1   1.1e-79   3.7e-78  258.9   0.0     5   369     2   367     1   368 0.99 -
d1kdga1c.3.1.2       -            361 d2voua1c.3.1.2.aln   -            370   1.3e-77  257.1   0.0   1   1   4.3e-79   1.4e-77  257.0   0.0     3   368     1   360     1   361 0.99 -
d1pn0a1c.3.1.2       -            361 d2voua1c.3.1.2.aln   -            370   2.9e-70  233.0   0.0   1   1   9.7e-72   3.2e-70  232.8   0.0     2   366     5   360     4   361 0.99 -
d1ju2a1c.3.1.2       -            352 d2voua1c.3.1.2.aln   -            370     2e-68  226.9   0.1   1   1   6.9e-70   2.3e-68  226.7   0.1     3   368    26   350    24   352 0.97 -
d2ivda1c.3.1.2       -            348 d2voua1c.3.1.2.aln   -            370   4.1e-55  183.1   0.2   1   1   1.4e-56   4.5e-55  182.9   0.2     6   368     2   346     1   348 0.99 -
d1pj5a2c.3.1.2       -            306 d2voua1c.3.1.2.aln   -            370   1.1e-47  158.6   0.1   1   1   3.8e-49   1.3e-47  158.5   0.1     5   360     2   306     1   306 0.99 -
d1k0ia1c.3.1.2       -            293 d2voua1c.3.1.2.aln   -            370   1.5e-47  158.2   0.0   1   1     5e-49   1.6e-47  158.1   0.0     4   358     2   291     1   293 0.98 -
d2gf3a1c.3.1.2       -            282 d2voua1c.3.1.2.aln   -            370   3.6e-46  153.7   0.0   1   1   1.3e-47   4.4e-46  153.4   0.0     2   356     1   281     1   282 0.99 -
d1ryia1c.3.1.2       -            277 d2voua1c.3.1.2.aln   -            370   5.4e-46  153.1   0.0   1   1   2.1e-47   6.8e-46  152.8   0.0     1   347     1   273     1   277 0.98 -
d3c96a1c.3.1.2       -            289 d2voua1c.3.1.2.aln   -            370     6e-42  139.8   0.4   1   1     2e-43   6.7e-42  139.6   0.4     5   352     2   286     1   289 0.98 -
d2voua1c.3.1.2       -            266 d2voua1c.3.1.2.aln   -            370   8.2e-06   20.8   0.0   1   2   8.6e-07   2.8e-05   19.1   0.0     3    36     3    36     2    39 0.93 -
d2voua1c.3.1.2       -            266 d2voua1c.3.1.2.aln   -            370   8.2e-06   20.8   0.0   2   2       1.4        45   -1.3   0.0    85   118   197   230   192   238 0.84 -
d1nhpa2c.3.1.5       -            123 d2voua1c.3.1.2.aln   -            370   1.5e-05   20.0   0.1   1   1   5.4e-07   1.8e-05   19.8   0.1     6    39    32    65    30   115 0.86 -
d1v59a2c.3.1.5       -            122 d2voua1c.3.1.2.aln   -            370   2.4e-05   19.3   0.0   1   1   8.4e-07   2.8e-05   19.1   0.0     4    34    23    53    21    86 0.95 -
d1w4xa1c.3.1.5       -            299 d2voua1c.3.1.2.aln   -            370   3.6e-05   18.7   0.2   1   1   1.9e-06   6.1e-05   18.0   0.2     6    45     9    48     6    53 0.93 -
d1v59a1c.3.1.5       -            234 d2voua1c.3.1.2.aln   -            370   3.9e-05   18.6   0.5   1   1   2.9e-06   9.6e-05   17.3   0.5     6    41     7    42     5    44 0.96 -
d2gv8a1c.3.1.5       -            336 d2voua1c.3.1.2.aln   -            370   0.00011   17.1   0.0   1   1     5e-06   0.00017   16.6   0.0     7    63     7    68     6    93 0.79 -
d1xhca2c.3.1.5       -            122 d2voua1c.3.1.2.aln   -            370   0.00074   14.4   0.8   1   1   3.3e-05    0.0011   13.9   0.8     8    36    36    64    34    66 0.92 -
d1fl2a1c.3.1.5       -            185 d2voua1c.3.1.2.aln   -            370    0.0051   11.7   1.9   1   2   0.00031      0.01   10.7   1.7     4    28     1    25     1    35 0.87 -
d1fl2a1c.3.1.5       -            185 d2voua1c.3.1.2.aln   -            370    0.0051   11.7   1.9   2   2      0.83        27   -0.6   0.0   306   356    25    75    20    86 0.81 -
#
# Program:         hmmsearch
# Version:         3.1b2 (February 2015)
# Pipeline mode:   SEARCH
# Query file:      hmmModels95/d2voua1c.3.1.2.hmm
# Target file:     scop/scopTestSeq.fasta
# Option settings: hmmsearch --domtblout hmmModels95/d2voua1c.3.1.2.out -E 1 hmmModels95/d2voua1c.3.1.2.hmm scop/scopTestSeq.fasta 
# Current dir:     /users/nfs/Etu7/3801677/SBAS/TME8
# Date:            Tue Apr  4 15:54:35 2023
# [ok]
