#                                                                            --- full sequence --- -------------- this domain -------------   hmm coord   ali coord   env coord
# target name        accession   tlen query name           accession   qlen   E-value  score  bias   #  of  c-Evalue  i-Evalue  score  bias  from    to  from    to  from    to  acc description of target
#------------------- ---------- ----- -------------------- ---------- ----- --------- ------ ----- --- --- --------- --------- ------ ----- ----- ----- ----- ----- ----- ----- ---- ---------------------
d3n9ka_c.1.8.3       -            394 d2vzsa5c.1.8.3.aln   -            350   4.4e-86  284.9  23.6   1   1   1.6e-87     6e-86  284.5  23.6     5   350    37   393    34   393 0.99 -
d1i1wa_c.1.8.3       -            303 d2vzsa5c.1.8.3.aln   -            350   3.7e-85  281.9   6.2   1   1   1.2e-86   4.4e-85  281.6   6.2    25   348    16   302     7   303 0.96 -
d1uuqa_c.1.8.3       -            410 d2vzsa5c.1.8.3.aln   -            350   9.9e-62  204.8  17.7   1   1   2.9e-63   1.1e-61  204.7  17.7     3   350    14   408    12   408 0.99 -
d1odza_c.1.8.3       -            381 d2vzsa5c.1.8.3.aln   -            350   1.9e-55  184.2  14.4   1   1   5.7e-57   2.1e-55  184.0  14.4     2   348     9   372     8   374 0.99 -
d1rh9a1c.1.8.3       -            370 d2vzsa5c.1.8.3.aln   -            350   2.4e-47  157.5   7.5   1   1   7.5e-49   2.8e-47  157.3   7.5     1   345     5   362     5   366 0.98 -
d1hjua_c.1.8.3       -            332 d2vzsa5c.1.8.3.aln   -            350   1.9e-46  154.6  16.1   1   1   5.5e-48   2.1e-46  154.4  16.1    12   348     3   331     1   332 0.98 -
d1edga_c.1.8.3       -            380 d2vzsa5c.1.8.3.aln   -            350   1.5e-44  148.3  18.5   1   1   4.5e-46   1.7e-44  148.1  18.5     2   348    17   376    16   378 0.99 -
d1w91a2c.1.8.3       -            347 d2vzsa5c.1.8.3.aln   -            350   1.3e-42  141.9   0.2   1   1   3.8e-44   1.4e-42  141.8   0.2     2   348    11   344    10   346 0.96 -
d1ur4a_c.1.8.3       -            387 d2vzsa5c.1.8.3.aln   -            350   1.3e-40  135.4  15.0   1   1   3.8e-42   1.4e-40  135.2  15.0     2   349     4   384     3   385 0.98 -
d1ecea_c.1.8.3       -            358 d2vzsa5c.1.8.3.aln   -            350   2.8e-39  131.0  15.7   1   1   8.1e-41     3e-39  130.9  15.7     5   345    14   356    10   358 0.94 -
d1qw9a2c.1.8.3       -            367 d2vzsa5c.1.8.3.aln   -            350   4.2e-39  130.4   2.2   1   1   1.3e-40   4.7e-39  130.2   2.2     3   347     4   363     2   366 0.98 -
d7a3ha_c.1.8.3       -            300 d2vzsa5c.1.8.3.aln   -            350   1.4e-37  125.4  14.5   1   1   4.8e-39   1.8e-37  125.0  14.5    14   333    14   295    12   299 0.94 -
d1qnra_c.1.8.3       -            344 d2vzsa5c.1.8.3.aln   -            350   5.5e-35  116.9  21.7   1   1   1.7e-36   6.4e-35  116.6  21.7     7   346     8   342     3   344 0.97 -
d2je8a5c.1.8.3       -            348 d2vzsa5c.1.8.3.aln   -            350   8.9e-33  109.6   6.9   1   1   2.6e-34   9.8e-33  109.5   6.9     5   346     6   346     2   348 0.98 -
d1bqca_c.1.8.3       -            302 d2vzsa5c.1.8.3.aln   -            350   1.3e-29   99.2  10.8   1   1   3.8e-31   1.4e-29   99.1  10.8     7   342     2   295     1   302 0.94 -
d2nt0a2c.1.8.3       -            354 d2vzsa5c.1.8.3.aln   -            350   1.7e-29   98.8   0.1   1   1   5.1e-31   1.9e-29   98.6   0.1     7   347     4   347     1   350 0.98 -
d1vjza_c.1.8.3       -            325 d2vzsa5c.1.8.3.aln   -            350   9.5e-28   93.1   0.4   1   1     3e-29   1.1e-27   92.8   0.4    28   347    20   322     7   325 0.94 -
d1ceoa_c.1.8.3       -            340 d2vzsa5c.1.8.3.aln   -            350   2.3e-27   91.8   1.6   1   1   6.9e-29   2.6e-27   91.6   1.6     2   348     2   339     1   340 0.94 -
d1jz8a5c.1.8.3       -            292 d2vzsa5c.1.8.3.aln   -            350   2.6e-23   78.5   0.2   1   1   8.2e-25   3.1e-23   78.2   0.2    10   347     2   291     1   292 0.94 -
d1h1na_c.1.8.3       -            305 d2vzsa5c.1.8.3.aln   -            350   2.6e-17   58.7  14.2   1   1     8e-19     3e-17   58.5  14.2     7   348     2   302     1   304 0.94 -
d2v3ga_c.1.8.3       -            273 d2vzsa5c.1.8.3.aln   -            350     6e-11   37.8  22.8   1   1   2.1e-12   7.9e-11   37.4  22.8    13   311     5   260     2   268 0.90 -
#
# Program:         hmmsearch
# Version:         3.1b2 (February 2015)
# Pipeline mode:   SEARCH
# Query file:      hmmModels95/d2vzsa5c.1.8.3.hmm
# Target file:     scop/scopTestSeq.fasta
# Option settings: hmmsearch --domtblout hmmModels95/d2vzsa5c.1.8.3.out -E 1 hmmModels95/d2vzsa5c.1.8.3.hmm scop/scopTestSeq.fasta 
# Current dir:     /users/nfs/Etu7/3801677/SBAS/TME8
# Date:            Tue Apr  4 15:54:35 2023
# [ok]
