#                                                                            --- full sequence --- -------------- this domain -------------   hmm coord   ali coord   env coord
# target name        accession   tlen query name           accession   qlen   E-value  score  bias   #  of  c-Evalue  i-Evalue  score  bias  from    to  from    to  from    to  acc description of target
#------------------- ---------- ----- -------------------- ---------- ----- --------- ------ ----- --- --- --------- --------- ------ ----- ----- ----- ----- ----- ----- ----- ---- ---------------------
d3c7ma_c.47.1.0      -            195 d2wcia_c.47.1.0.aln  -            150   1.1e-51  170.2   4.4   1   1   2.1e-53   1.4e-51  169.9   4.4     1   150     3   157     3   157 0.99 -
d2v1ma_c.47.1.0      -            163 d2wcia_c.47.1.0.aln  -            150     3e-38  126.6   0.1   1   1     5e-40   3.3e-38  126.5   0.1     1   148     9   162     9   163 0.98 -
d3h93a_c.47.1.0      -            192 d2wcia_c.47.1.0.aln  -            150   2.5e-35  117.2   0.4   1   1   4.3e-37   2.8e-35  117.0   0.4     2   149     8   164     7   165 0.99 -
d3feua_c.47.1.0      -            183 d2wcia_c.47.1.0.aln  -            150   8.2e-25   83.0   0.0   1   1   1.4e-26   9.3e-25   82.8   0.0     1   149     5   162     5   163 0.99 -
d2i4aa_c.47.1.1      -            107 d2wcia_c.47.1.0.aln  -            150   1.2e-14   50.0   0.0   1   1   2.2e-16   1.5e-14   49.7   0.0    20   119     7    99     2   106 0.90 -
d2xhfa_c.47.1.0      -            156 d2wcia_c.47.1.0.aln  -            150   1.6e-14   49.6   0.0   1   1   2.7e-16   1.8e-14   49.5   0.0     2   149     6   156     5   156 0.97 -
d3gnja_c.47.1.0      -            111 d2wcia_c.47.1.0.aln  -            150   8.4e-14   47.3   0.3   1   1   1.4e-15   9.4e-14   47.1   0.3    29   127    18   109     5   111 0.92 -
d2hzfa_c.47.1.0      -            110 d2wcia_c.47.1.0.aln  -            150     2e-12   42.8   0.0   1   1   3.3e-14   2.2e-12   42.7   0.0    27   128     8   107     2   110 0.91 -
d3h79a_c.47.1.0      -            115 d2wcia_c.47.1.0.aln  -            150   1.3e-07   27.2   0.0   1   1   2.1e-09   1.4e-07   27.1   0.0    17   125     5   113     1   115 0.92 -
d3qmxa_c.47.1.0      -             99 d2wcia_c.47.1.0.aln  -            150   1.2e-06   24.1   0.0   1   1   1.9e-08   1.3e-06   24.0   0.0    27   123     8    97     3    99 0.91 -
d3fz4a_c.47.1.0      -            119 d2wcia_c.47.1.0.aln  -            150   5.9e-05   18.5   0.0   1   1   1.1e-06   6.9e-05   18.3   0.0     7   128     3   115     1   118 0.95 -
d2fwha_c.47.1.1      -            117 d2wcia_c.47.1.0.aln  -            150    0.0033   12.9   0.1   1   1   5.8e-05    0.0038   12.7   0.1    13    50     2    39     1   104 0.93 -
#
# Program:         hmmsearch
# Version:         3.1b2 (February 2015)
# Pipeline mode:   SEARCH
# Query file:      hmmModels95/d2wcia_c.47.1.0.hmm
# Target file:     scop/scopTestSeq.fasta
# Option settings: hmmsearch --domtblout hmmModels95/d2wcia_c.47.1.0.out -E 1 hmmModels95/d2wcia_c.47.1.0.hmm scop/scopTestSeq.fasta 
# Current dir:     /users/nfs/Etu7/3801677/SBAS/TME8
# Date:            Tue Apr  4 15:54:35 2023
# [ok]
