#                                                                            --- full sequence --- -------------- this domain -------------   hmm coord   ali coord   env coord
# target name        accession   tlen query name           accession   qlen   E-value  score  bias   #  of  c-Evalue  i-Evalue  score  bias  from    to  from    to  from    to  acc description of target
#------------------- ---------- ----- -------------------- ---------- ----- --------- ------ ----- --- --- --------- --------- ------ ----- ----- ----- ----- ----- ----- ----- ---- ---------------------
d3c7ma_c.47.1.0      -            195 d2xhfa_c.47.1.0.aln  -            135   2.8e-49  162.3   4.6   1   1   4.9e-51   3.2e-49  162.1   4.6     1   132    15   195    15   195 0.99 -
d2v1ma_c.47.1.0      -            163 d2xhfa_c.47.1.0.aln  -            135   1.3e-41  137.4   0.1   1   1   2.3e-43   1.5e-41  137.2   0.1     2   134     2   145     1   146 0.99 -
d3h93a_c.47.1.0      -            192 d2xhfa_c.47.1.0.aln  -            135   4.7e-33  109.7   0.2   1   1   8.5e-35   5.6e-33  109.5   0.2     1   134    23   187    23   188 0.99 -
d3feua_c.47.1.0      -            183 d2xhfa_c.47.1.0.aln  -            135   3.6e-20   68.0   0.0   1   1   6.5e-22   4.3e-20   67.8   0.0     2   132    19   167    18   170 0.97 -
d2i4aa_c.47.1.1      -            107 d2xhfa_c.47.1.0.aln  -            135   1.3e-14   50.1   0.0   1   1   2.2e-16   1.4e-14   49.9   0.0    10   101     5    94     1   100 0.92 -
d3gnja_c.47.1.0      -            111 d2xhfa_c.47.1.0.aln  -            135   7.2e-12   41.1   0.5   1   1   1.1e-13   7.3e-12   41.1   0.5    11   113     8   108     1   111 0.88 -
d1r26a_c.47.1.1      -            113 d2xhfa_c.47.1.0.aln  -            135   1.9e-06   23.6   0.0   1   1   3.1e-08     2e-06   23.5   0.0    33   114    33   112    10   113 0.92 -
d2hzfa_c.47.1.0      -            110 d2xhfa_c.47.1.0.aln  -            135     3e-05   19.7   0.0   1   1   5.3e-07   3.5e-05   19.5   0.0    13    91     5    79     1   105 0.86 -
d2wcia_c.47.1.0      -            113 d2xhfa_c.47.1.0.aln  -            135   0.00015   17.4   0.0   1   1   2.4e-06   0.00015   17.4   0.0    15   124     6   107     1   113 0.88 -
d1sena_c.47.1.1      -            135 d2xhfa_c.47.1.0.aln  -            135    0.0014   14.3   0.0   1   2   5.1e-05    0.0034   13.1   0.0    28    75    27    71     9    80 0.78 -
d1sena_c.47.1.1      -            135 d2xhfa_c.47.1.0.aln  -            135    0.0014   14.3   0.0   2   2       3.4   2.2e+02   -2.5   0.0    38    56   108   126   102   133 0.70 -
d3h79a_c.47.1.0      -            115 d2xhfa_c.47.1.0.aln  -            135    0.0025   13.5   0.0   1   1   3.9e-05    0.0026   13.5   0.0     9   106     5    99     1   115 0.78 -
d3fz4a_c.47.1.0      -            119 d2xhfa_c.47.1.0.aln  -            135    0.0071   12.0   0.0   1   1   0.00017     0.011   11.4   0.0     7   119     4   115     1   119 0.88 -
#
# Program:         hmmsearch
# Version:         3.1b2 (February 2015)
# Pipeline mode:   SEARCH
# Query file:      hmmModels95/d2xhfa_c.47.1.0.hmm
# Target file:     scop/scopTestSeq.fasta
# Option settings: hmmsearch --domtblout hmmModels95/d2xhfa_c.47.1.0.out -E 1 hmmModels95/d2xhfa_c.47.1.0.hmm scop/scopTestSeq.fasta 
# Current dir:     /users/nfs/Etu7/3801677/SBAS/TME8
# Date:            Tue Apr  4 15:54:35 2023
# [ok]
