#                                                                            --- full sequence --- -------------- this domain -------------   hmm coord   ali coord   env coord
# target name        accession   tlen query name           accession   qlen   E-value  score  bias   #  of  c-Evalue  i-Evalue  score  bias  from    to  from    to  from    to  acc description of target
#------------------- ---------- ----- -------------------- ---------- ----- --------- ------ ----- --- --- --------- --------- ------ ----- ----- ----- ----- ----- ----- ----- ---- ---------------------
d2yzqa1d.37.1.1      -            156 d2yzqa2d.37.1.1.aln  -            138   1.5e-43  143.5   0.1   1   1     4e-45   1.7e-43  143.3   0.1     2   132     2   156     1   156 0.98 -
d2v8qe2d.37.1.1      -            159 d2yzqa2d.37.1.1.aln  -            138   1.7e-38  127.1   0.0   1   1   4.7e-40   2.1e-38  126.9   0.0     1   137    12   159    12   159 0.98 -
d1pvma4d.37.1.1      -            142 d2yzqa2d.37.1.1.aln  -            138     2e-36  120.4   0.6   1   1     5e-38   2.2e-36  120.3   0.6     2   137     1   131     1   132 0.97 -
d2nyca1d.37.1.1      -            140 d2yzqa2d.37.1.1.aln  -            138   6.7e-36  118.7   0.2   1   1   1.8e-37   7.7e-36  118.5   0.2     5   131    10   137     7   140 0.98 -
d2j9la1d.37.1.1      -            169 d2yzqa2d.37.1.1.aln  -            138   1.2e-35  117.9   0.4   1   1   3.1e-37   1.3e-35  117.7   0.4     1   138     6   162     6   162 0.98 -
d2yzia1d.37.1.1      -            132 d2yzqa2d.37.1.1.aln  -            138   1.3e-29   98.3   0.8   1   1   3.3e-31   1.4e-29   98.2   0.8     4   136     5   130     2   132 0.93 -
d1o50a3d.37.1.1      -            145 d2yzqa2d.37.1.1.aln  -            138   2.5e-29   97.5   1.4   1   1   6.2e-31   2.7e-29   97.3   1.4     1   136     1   144     1   145 0.97 -
d1y5ha3d.37.1.1      -            123 d2yzqa2d.37.1.1.aln  -            138   1.1e-27   92.1   0.0   1   1   2.8e-29   1.2e-27   92.0   0.0     7   131     4   122     1   123 0.96 -
d2yzqa2d.37.1.1      -            122 d2yzqa2d.37.1.1.aln  -            138   1.5e-27   91.7   1.2   1   2   2.9e-14   1.3e-12   43.3   0.0    76   128     2    54     1    56 0.97 -
d2yzqa2d.37.1.1      -            122 d2yzqa2d.37.1.1.aln  -            138   1.5e-27   91.7   1.2   2   2   1.1e-15   4.9e-14   47.9   0.4    72   129    57   114    54   119 0.92 -
d3ddja2d.37.1.1      -            135 d2yzqa2d.37.1.1.aln  -            138   2.8e-27   90.8   0.1   1   1     7e-29   3.1e-27   90.7   0.1     4   132     1   131     1   135 0.96 -
d3ddja1d.37.1.1      -            141 d2yzqa2d.37.1.1.aln  -            138     4e-27   90.3   6.0   1   1   1.1e-28   4.8e-27   90.0   6.0     5   133     3   131     1   135 0.97 -
d2rc3a1d.37.1.1      -            127 d2yzqa2d.37.1.1.aln  -            138   1.6e-25   85.1   1.3   1   1   4.1e-27   1.8e-25   85.0   1.3    10   131    11   125     2   127 0.94 -
d1zfja4d.37.1.1      -            126 d2yzqa2d.37.1.1.aln  -            138   5.4e-25   83.4   0.1   1   1   1.5e-26   6.6e-25   83.1   0.1    11   133     4   118     1   122 0.88 -
d1pbja3d.37.1.1      -            120 d2yzqa2d.37.1.1.aln  -            138     4e-24   80.6   6.7   1   1     1e-25   4.4e-24   80.4   6.7     5   130     1   118     1   120 0.91 -
d2ouxa2d.37.1.1      -            127 d2yzqa2d.37.1.1.aln  -            138   4.3e-24   80.5   5.8   1   1     1e-25   4.6e-24   80.4   5.8    15   135     4   125     1   127 0.97 -
d1vr9a3d.37.1.1      -            121 d2yzqa2d.37.1.1.aln  -            138   1.1e-23   79.1   0.1   1   1   4.2e-25   1.9e-23   78.4   0.1     4   134     1   119     1   121 0.97 -
d2d4za3d.37.1.1      -            161 d2yzqa2d.37.1.1.aln  -            138   7.2e-23   76.5   0.0   1   1   2.5e-24   1.1e-22   75.9   0.0     2   137     9   156     8   160 0.97 -
d2riha_d.37.1.1      -            131 d2yzqa2d.37.1.1.aln  -            138   3.5e-22   74.3   0.4   1   1   9.3e-24   4.1e-22   74.1   0.4     8   132     5   123     1   129 0.87 -
#
# Program:         hmmsearch
# Version:         3.1b2 (February 2015)
# Pipeline mode:   SEARCH
# Query file:      hmmModels95/d2yzqa2d.37.1.1.hmm
# Target file:     scop/scopTestSeq.fasta
# Option settings: hmmsearch --domtblout hmmModels95/d2yzqa2d.37.1.1.out -E 1 hmmModels95/d2yzqa2d.37.1.1.hmm scop/scopTestSeq.fasta 
# Current dir:     /users/nfs/Etu7/3801677/SBAS/TME8
# Date:            Tue Apr  4 15:54:36 2023
# [ok]
