#                                                                            --- full sequence --- -------------- this domain -------------   hmm coord   ali coord   env coord
# target name        accession   tlen query name           accession   qlen   E-value  score  bias   #  of  c-Evalue  i-Evalue  score  bias  from    to  from    to  from    to  acc description of target
#------------------- ---------- ----- -------------------- ---------- ----- --------- ------ ----- --- --- --------- --------- ------ ----- ----- ----- ----- ----- ----- ----- ---- ---------------------
d2j9la1d.37.1.1      -            169 d2yzia1d.37.1.1.aln  -            141   4.5e-44  145.2   0.6   1   1   1.2e-45   5.2e-44  145.0   0.6     1   141     6   164     6   164 0.99 -
d2v8qe2d.37.1.1      -            159 d2yzia1d.37.1.1.aln  -            141   2.6e-37  123.3   0.0   1   1   7.7e-39   3.4e-37  122.9   0.0     1   138    12   159    12   159 0.98 -
d2nyca1d.37.1.1      -            140 d2yzia1d.37.1.1.aln  -            141   6.8e-37  121.9   0.2   1   1   1.8e-38   8.1e-37  121.7   0.2     5   132    10   137     7   140 0.98 -
d1pvma4d.37.1.1      -            142 d2yzia1d.37.1.1.aln  -            141   1.1e-34  114.8   0.8   1   1   2.8e-36   1.2e-34  114.6   0.8     2   140     1   133     1   134 0.92 -
d2yzqa1d.37.1.1      -            156 d2yzia1d.37.1.1.aln  -            141   4.4e-32  106.3   0.0   1   1   1.7e-33   7.2e-32  105.6   0.0     2   138     2   152     1   155 0.97 -
d1o50a3d.37.1.1      -            145 d2yzia1d.37.1.1.aln  -            141   2.6e-29   97.4   1.9   1   1   6.6e-31   2.9e-29   97.2   1.9     1   137     1   144     1   145 0.98 -
d2yzqa2d.37.1.1      -            122 d2yzia1d.37.1.1.aln  -            141   9.5e-28   92.3   2.0   1   1   3.1e-29   1.3e-27   91.8   2.0     4   135     1   119     1   122 0.96 -
d2d4za3d.37.1.1      -            161 d2yzia1d.37.1.1.aln  -            141   1.4e-26   88.5   0.0   1   1   3.5e-28   1.5e-26   88.4   0.0     2   140     9   158     8   159 0.98 -
d1y5ha3d.37.1.1      -            123 d2yzia1d.37.1.1.aln  -            141   2.9e-26   87.5   0.0   1   1   7.1e-28   3.1e-26   87.4   0.0     7   132     4   122     1   123 0.97 -
d3ddja2d.37.1.1      -            135 d2yzia1d.37.1.1.aln  -            141   9.6e-25   82.5   0.1   1   1   2.4e-26   1.1e-24   82.4   0.1     4   136     1   134     1   135 0.95 -
d3ddja1d.37.1.1      -            141 d2yzia1d.37.1.1.aln  -            141   3.2e-24   80.9   6.1   1   1   8.5e-26   3.7e-24   80.7   6.1     5   135     3   132     1   137 0.96 -
d1zfja4d.37.1.1      -            126 d2yzia1d.37.1.1.aln  -            141   1.5e-23   78.7   0.2   1   1   3.8e-25   1.7e-23   78.5   0.2    11   136     4   120     1   125 0.88 -
d2ouxa2d.37.1.1      -            127 d2yzia1d.37.1.1.aln  -            141     2e-23   78.3   6.0   1   1     5e-25   2.2e-23   78.2   6.0    15   137     4   126     1   127 0.98 -
d1vr9a3d.37.1.1      -            121 d2yzia1d.37.1.1.aln  -            141   1.5e-22   75.5   0.1   1   1     4e-24   1.8e-22   75.2   0.1     4   135     1   119     1   121 0.98 -
d1pbja3d.37.1.1      -            120 d2yzia1d.37.1.1.aln  -            141   3.1e-22   74.4   6.6   1   1   7.8e-24   3.4e-22   74.3   6.6     5   131     1   118     1   120 0.96 -
d2riha_d.37.1.1      -            131 d2yzia1d.37.1.1.aln  -            141   3.6e-22   74.2   0.6   1   1   9.5e-24   4.2e-22   74.0   0.6     8   135     5   125     1   130 0.94 -
d2rc3a1d.37.1.1      -            127 d2yzia1d.37.1.1.aln  -            141   1.5e-21   72.2   1.4   1   1   3.8e-23   1.7e-21   72.0   1.4     5   132     6   125     2   127 0.89 -
d2yzia1d.37.1.1      -            132 d2yzia1d.37.1.1.aln  -            141   1.4e-15   52.9   2.2   1   1   9.5e-17   4.2e-15   51.3   2.2     7   133     8   126     5   132 0.93 -
#
# Program:         hmmsearch
# Version:         3.1b2 (February 2015)
# Pipeline mode:   SEARCH
# Query file:      hmmModels95/d2yzia1d.37.1.1.hmm
# Target file:     scop/scopTestSeq.fasta
# Option settings: hmmsearch --domtblout hmmModels95/d2yzia1d.37.1.1.out -E 1 hmmModels95/d2yzia1d.37.1.1.hmm scop/scopTestSeq.fasta 
# Current dir:     /users/nfs/Etu7/3801677/SBAS/TME8
# Date:            Tue Apr  4 15:54:36 2023
# [ok]
