#                                                                            --- full sequence --- -------------- this domain -------------   hmm coord   ali coord   env coord
# target name        accession   tlen query name           accession   qlen   E-value  score  bias   #  of  c-Evalue  i-Evalue  score  bias  from    to  from    to  from    to  acc description of target
#------------------- ---------- ----- -------------------- ---------- ----- --------- ------ ----- --- --- --------- --------- ------ ----- ----- ----- ----- ----- ----- ----- ---- ---------------------
d1exra_a.39.1.5      -            146 d2zfda1a.39.1.5.aln  -            161   1.6e-56  186.0  12.6   1   1   6.1e-57   3.7e-55  181.6  12.7    13   155     2   144     1   145 0.99 -
d1omra_a.39.1.5      -            201 d2zfda1a.39.1.5.aln  -            161   9.8e-52  170.4   0.5   1   1   2.2e-53   1.3e-51  170.0   0.5     3   161     7   163     5   163 0.98 -
d1qv0a_a.39.1.5      -            189 d2zfda1a.39.1.5.aln  -            161   1.5e-43  143.8   0.3   1   1   2.8e-45   1.7e-43  143.7   0.3     8   161     2   177     1   177 0.96 -
d1jbaa_a.39.1.5      -            189 d2zfda1a.39.1.5.aln  -            161     1e-36  121.6   5.1   1   2   1.1e-36   6.5e-35  115.8   1.9     5   161     5   161     1   161 0.95 -
d1jbaa_a.39.1.5      -            189 d2zfda1a.39.1.5.aln  -            161     1e-36  121.6   5.1   2   2   2.6e-05    0.0016   13.7   0.1    54   116   144   169   136   186 0.61 -
d1jfka_a.39.1.5      -            134 d2zfda1a.39.1.5.aln  -            161   1.5e-26   88.5   9.1   1   3   9.9e-22     6e-20   67.1   1.3    59   132     2    74     1    81 0.95 -
d1jfka_a.39.1.5      -            134 d2zfda1a.39.1.5.aln  -            161   1.5e-26   88.5   9.1   2   3   3.8e-06   0.00023   16.4   0.2    97   133    78   114    75   116 0.88 -
d1jfka_a.39.1.5      -            134 d2zfda1a.39.1.5.aln  -            161   1.5e-26   88.5   9.1   3   3   0.00034      0.02   10.1   0.1   104   119   117   132   108   133 0.74 -
d1s6ja_a.39.1.5      -             87 d2zfda1a.39.1.5.aln  -            161   1.3e-22   75.7   4.3   1   1   2.3e-24   1.4e-22   75.7   4.3     4    84     7    86     4    87 0.95 -
d2sasa_a.39.1.5      -            185 d2zfda1a.39.1.5.aln  -            161   2.2e-22   75.0   0.8   1   1   6.6e-24     4e-22   74.2   0.8     3   158    10   172     8   175 0.95 -
d1xo5a_a.39.1.5      -            180 d2zfda1a.39.1.5.aln  -            161   2.6e-20   68.3   0.0   1   2   8.1e-19   4.9e-17   57.6   0.0     7   143     4   145     1   150 0.94 -
d1xo5a_a.39.1.5      -            180 d2zfda1a.39.1.5.aln  -            161   2.6e-20   68.3   0.0   2   2   0.00035     0.021   10.1   0.0   101   120   147   166   140   169 0.79 -
d2scpa_a.39.1.5      -            174 d2zfda1a.39.1.5.aln  -            161   6.5e-18   60.5   5.4   1   1   1.6e-19     1e-17   59.9   5.4    20   160     6   163     2   164 0.93 -
d1nyaa_a.39.1.5      -            176 d2zfda1a.39.1.5.aln  -            161   4.2e-16   54.6   3.4   1   2   1.1e-12   6.5e-11   37.7   1.7    20   130     7   138     5   141 0.70 -
d1nyaa_a.39.1.5      -            176 d2zfda1a.39.1.5.aln  -            161   4.2e-16   54.6   3.4   2   2   2.5e-05    0.0015   13.8   0.0    97   121   139   163   135   168 0.74 -
d2zfda1a.39.1.5      -            183 d2zfda1a.39.1.5.aln  -            161   2.4e-14   48.9   8.3   1   2   4.8e-13   2.9e-11   38.9   1.5    19   122    16   119    12   125 0.89 -
d2zfda1a.39.1.5      -            183 d2zfda1a.39.1.5.aln  -            161   2.4e-14   48.9   8.3   2   2   1.9e-05    0.0012   14.1   0.7    86   120   127   161   120   164 0.88 -
d1ctaa_a.39.1.5      -             34 d2zfda1a.39.1.5.aln  -            161   1.3e-11   40.0   0.1   1   1   2.3e-13   1.4e-11   39.9   0.1    17    50     1    34     1    34 0.93 -
d1j7qa_a.39.1.5      -             86 d2zfda1a.39.1.5.aln  -            161   1.6e-11   39.8   0.1   1   1   2.9e-13   1.8e-11   39.6   0.1    12    69     6    62     2    82 0.89 -
#
# Program:         hmmsearch
# Version:         3.1b2 (February 2015)
# Pipeline mode:   SEARCH
# Query file:      hmmModels95/d2zfda1a.39.1.5.hmm
# Target file:     scop/scopTestSeq.fasta
# Option settings: hmmsearch --domtblout hmmModels95/d2zfda1a.39.1.5.out -E 1 hmmModels95/d2zfda1a.39.1.5.hmm scop/scopTestSeq.fasta 
# Current dir:     /users/nfs/Etu7/3801677/SBAS/TME8
# Date:            Tue Apr  4 15:54:36 2023
# [ok]
