#                                                                            --- full sequence --- -------------- this domain -------------   hmm coord   ali coord   env coord
# target name        accession   tlen query name           accession   qlen   E-value  score  bias   #  of  c-Evalue  i-Evalue  score  bias  from    to  from    to  from    to  acc description of target
#------------------- ---------- ----- -------------------- ---------- ----- --------- ------ ----- --- --- --------- --------- ------ ----- ----- ----- ----- ----- ----- ----- ---- ---------------------
d1qdda_d.169.1.1     -            144 d2ziba_d.169.1.1.aln -            130     2e-37  124.1   3.1   1   1   3.7e-39   2.2e-37  124.0   3.1     2   128    13   143    12   144 0.97 -
d1wmza_d.169.1.1     -            140 d2ziba_d.169.1.1.aln -            130   2.9e-31  104.2   7.4   1   1   5.3e-33   3.2e-31  104.0   7.4     1   128     1   138     1   140 0.89 -
d1qo3c_d.169.1.1     -            133 d2ziba_d.169.1.1.aln -            130   3.3e-28   94.3   5.1   1   1   5.9e-30   3.6e-28   94.2   5.1     5   129    16   132    12   133 0.92 -
d2ziba_d.169.1.1     -            130 d2ziba_d.169.1.1.aln -            130   9.2e-28   92.9   3.0   1   1   1.8e-29   1.1e-27   92.6   3.0     3   128     7   128     6   130 0.96 -
d1wk1a_d.169.1.1     -            150 d2ziba_d.169.1.1.aln -            130   2.3e-27   91.6   0.1   1   1   8.7e-29   5.3e-27   90.4   0.1     7   129     3   131     1   132 0.89 -
d1gz2a_d.169.1.1     -            139 d2ziba_d.169.1.1.aln -            130   6.8e-27   90.1   0.0   1   1   1.3e-28     8e-27   89.8   0.0     3   128     2   138     1   139 0.90 -
d3l9jc_d.169.1.1     -            134 d2ziba_d.169.1.1.aln -            130   7.5e-27   89.9   2.2   1   1   1.4e-28   8.8e-27   89.7   2.2    10   127    10   132     5   134 0.92 -
d3hupa_d.169.1.1     -            121 d2ziba_d.169.1.1.aln -            130   2.6e-25   84.9  10.7   1   1   4.8e-27   2.9e-25   84.8  10.7     2   128     6   119     5   121 0.88 -
d1g1ta1d.169.1.1     -            118 d2ziba_d.169.1.1.aln -            130   4.5e-25   84.2   5.4   1   1   8.1e-27   4.9e-25   84.0   5.4    14   125     2   117     1   118 0.89 -
d1pwba1d.169.1.1     -            121 d2ziba_d.169.1.1.aln -            130   5.3e-25   83.9   0.0   1   1   9.5e-27   5.8e-25   83.8   0.0     8   127     4   121     1   121 0.94 -
d1h8ua_d.169.1.1     -            115 d2ziba_d.169.1.1.aln -            130   4.4e-24   81.0   2.3   1   1   7.8e-26   4.7e-24   80.9   2.3    15   126     2   114     1   115 0.96 -
d1byfa_d.169.1.1     -            123 d2ziba_d.169.1.1.aln -            130   3.1e-21   71.7   0.1   1   1     6e-23   3.7e-21   71.5   0.1    17   129     6   122     2   123 0.89 -
d1kg0c_d.169.1.1     -            136 d2ziba_d.169.1.1.aln -            130     1e-15   53.9   4.3   1   1   2.2e-17   1.3e-15   53.5   4.3     5   129    21   135    15   136 0.88 -
#
# Program:         hmmsearch
# Version:         3.1b2 (February 2015)
# Pipeline mode:   SEARCH
# Query file:      hmmModels95/d2ziba_d.169.1.1.hmm
# Target file:     scop/scopTestSeq.fasta
# Option settings: hmmsearch --domtblout hmmModels95/d2ziba_d.169.1.1.out -E 1 hmmModels95/d2ziba_d.169.1.1.hmm scop/scopTestSeq.fasta 
# Current dir:     /users/nfs/Etu7/3801677/SBAS/TME8
# Date:            Tue Apr  4 15:54:36 2023
# [ok]
