#                                                                            --- full sequence --- -------------- this domain -------------   hmm coord   ali coord   env coord
# target name        accession   tlen query name           accession   qlen   E-value  score  bias   #  of  c-Evalue  i-Evalue  score  bias  from    to  from    to  from    to  acc description of target
#------------------- ---------- ----- -------------------- ---------- ----- --------- ------ ----- --- --- --------- --------- ------ ----- ----- ----- ----- ----- ----- ----- ---- ---------------------
d2nuja1d.38.1.1      -            159 d3bjka_d.38.1.1.aln  -            135   2.4e-53  175.0   0.0   1   1   5.7e-55   2.7e-53  174.8   0.0     2   134    21   153    20   154 0.99 -
d2hx5a1d.38.1.1      -            144 d3bjka_d.38.1.1.aln  -            135   1.2e-44  146.8   0.0   1   1   2.8e-46   1.3e-44  146.7   0.0     2   134     4   143     3   144 0.98 -
d1vpma_d.38.1.1      -            155 d3bjka_d.38.1.1.aln  -            135   9.2e-41  134.2   0.1   1   1   2.2e-42     1e-40  134.0   0.1     2   134     2   137     1   138 0.98 -
d2gvha1d.38.1.1      -            135 d3bjka_d.38.1.1.aln  -            135   8.1e-38  124.7   0.0   1   1   1.9e-39   8.7e-38  124.6   0.0     5   133     3   134     1   135 0.97 -
d2oafa1d.38.1.1      -            143 d3bjka_d.38.1.1.aln  -            135   1.1e-37  124.2   0.0   1   1   2.6e-39   1.2e-37  124.1   0.0     2   134     6   140     5   141 0.98 -
d2oiwa1d.38.1.1      -            131 d3bjka_d.38.1.1.aln  -            135   3.3e-37  122.7   0.3   1   1   7.8e-39   3.6e-37  122.6   0.3     5   134     2   127     1   128 0.98 -
d3qy3a1d.38.1.1      -            130 d3bjka_d.38.1.1.aln  -            135   3.6e-37  122.6   0.0   1   1   8.3e-39   3.9e-37  122.5   0.0     3   131     2   129     1   130 0.94 -
d1njka_d.38.1.1      -            133 d3bjka_d.38.1.1.aln  -            135   3.7e-36  119.3   0.0   1   1   8.7e-38     4e-36  119.2   0.0     5   134     2   131     1   132 0.98 -
d1s5ua_d.38.1.1      -            129 d3bjka_d.38.1.1.aln  -            135   7.2e-36  118.4   1.7   1   1   1.7e-37   7.9e-36  118.2   1.7     4   131     2   129     1   129 0.99 -
d2gf6a1d.38.1.1      -            134 d3bjka_d.38.1.1.aln  -            135   1.5e-35  117.4   0.0   1   1   3.4e-37   1.6e-35  117.3   0.0     2   132     3   132     2   134 0.98 -
d1lo7a_d.38.1.1      -            140 d3bjka_d.38.1.1.aln  -            135   1.7e-35  117.1   0.0   1   1     4e-37   1.9e-35  117.0   0.0     4   132     3   139     1   140 0.98 -
d2hlja1d.38.1.1      -            156 d3bjka_d.38.1.1.aln  -            135   9.8e-34  111.4   0.1   1   1   2.4e-35   1.1e-33  111.3   0.1     3   134     5   139     3   140 0.98 -
d3bjka_d.38.1.1      -            140 d3bjka_d.38.1.1.aln  -            135   3.6e-17   57.8   0.0   1   1   9.2e-19   4.3e-17   57.6   0.0    19   133    13   132     8   134 0.91 -
d1wlua_d.38.1.5      -            117 d3bjka_d.38.1.1.aln  -            135   1.7e-07   26.5   0.1   1   2         1        47   -0.8   0.0    35    64     2    32     1    37 0.74 -
d1wlua_d.38.1.5      -            117 d3bjka_d.38.1.1.aln  -            135   1.7e-07   26.5   0.1   2   2   7.7e-09   3.6e-07   25.5   0.1    50   103    57   109    17   116 0.77 -
d3f5oa_d.38.1.5      -            138 d3bjka_d.38.1.1.aln  -            135   2.4e-07   26.0   0.0   1   1   6.5e-09     3e-07   25.7   0.0    20    96    46   122    36   135 0.85 -
d1ixla_d.38.1.5      -            130 d3bjka_d.38.1.1.aln  -            135   7.3e-05   18.0   0.0   1   1     2e-06   9.1e-05   17.7   0.0    45   113    59   124    38   127 0.84 -
d2hboa1d.38.1.5      -            142 d3bjka_d.38.1.1.aln  -            135   0.00028   16.1   0.0   1   1     9e-06   0.00042   15.5   0.0    27   109    54   128    29   140 0.72 -
#
# Program:         hmmsearch
# Version:         3.1b2 (February 2015)
# Pipeline mode:   SEARCH
# Query file:      hmmModels95/d3bjka_d.38.1.1.hmm
# Target file:     scop/scopTestSeq.fasta
# Option settings: hmmsearch --domtblout hmmModels95/d3bjka_d.38.1.1.out -E 1 hmmModels95/d3bjka_d.38.1.1.hmm scop/scopTestSeq.fasta 
# Current dir:     /users/nfs/Etu7/3801677/SBAS/TME8
# Date:            Tue Apr  4 15:54:36 2023
# [ok]
