#                                                                            --- full sequence --- -------------- this domain -------------   hmm coord   ali coord   env coord
# target name        accession   tlen query name           accession   qlen   E-value  score  bias   #  of  c-Evalue  i-Evalue  score  bias  from    to  from    to  from    to  acc description of target
#------------------- ---------- ----- -------------------- ---------- ----- --------- ------ ----- --- --- --------- --------- ------ ----- ----- ----- ----- ----- ----- ----- ---- ---------------------
d3k69a_a.4.5.0       -            155 d3bjaa_a.4.5.0.aln   -            124   5.8e-49  161.1   0.0   1   1   6.6e-51   7.5e-49  160.8   0.0     1   124    20   151    20   151 0.99 -
d2xiga_a.4.5.0       -            148 d3bjaa_a.4.5.0.aln   -            124   8.4e-49  160.6   1.0   1   1   8.8e-51     1e-48  160.4   1.0     1   124    18   142    18   142 0.99 -
d3jw4a_a.4.5.0       -            137 d3bjaa_a.4.5.0.aln   -            124   3.1e-37  123.3   0.2   1   1   3.1e-39   3.5e-37  123.1   0.2     2   124    16   137    15   137 0.99 -
d3qu3a_a.4.5.0       -            122 d3bjaa_a.4.5.0.aln   -            124   4.8e-31  103.3   0.0   1   1   4.7e-33   5.3e-31  103.1   0.0     2   123     2   122     1   122 0.98 -
d3f8ba_a.4.5.0       -            105 d3bjaa_a.4.5.0.aln   -            124   3.5e-27   90.8   0.3   1   1   3.3e-29   3.8e-27   90.7   0.3     8   111     2   104     1   105 0.98 -
d3df8a_a.4.5.0       -            109 d3bjaa_a.4.5.0.aln   -            124   1.8e-23   78.8   0.0   1   1   1.8e-25     2e-23   78.7   0.0     8   118     2   108     1   109 0.96 -
d3broa1a.4.5.28      -            135 d3bjaa_a.4.5.0.aln   -            124    0.0014   14.5   0.7   1   1   1.5e-05    0.0017   14.3   0.7    12    99    25   111    14   132 0.83 -
#
# Program:         hmmsearch
# Version:         3.1b2 (February 2015)
# Pipeline mode:   SEARCH
# Query file:      hmmModels95/d3bjaa_a.4.5.0.hmm
# Target file:     scop/scopTestSeq.fasta
# Option settings: hmmsearch --domtblout hmmModels95/d3bjaa_a.4.5.0.out -E 1 hmmModels95/d3bjaa_a.4.5.0.hmm scop/scopTestSeq.fasta 
# Current dir:     /users/nfs/Etu7/3801677/SBAS/TME8
# Date:            Tue Apr  4 15:54:36 2023
# [ok]
