#                                                                            --- full sequence --- -------------- this domain -------------   hmm coord   ali coord   env coord
# target name        accession   tlen query name           accession   qlen   E-value  score  bias   #  of  c-Evalue  i-Evalue  score  bias  from    to  from    to  from    to  acc description of target
#------------------- ---------- ----- -------------------- ---------- ----- --------- ------ ----- --- --- --------- --------- ------ ----- ----- ----- ----- ----- ----- ----- ---- ---------------------
d1uoka2c.1.8.1       -            479 d3bmva4c.1.8.1.aln   -            428  1.7e-124  411.9  23.3   1   1  4.8e-126  1.9e-124  411.7  23.3     4   427     1   479     1   479 0.99 -
d1wzaa2c.1.8.1       -            409 d3bmva4c.1.8.1.aln   -            428   2.2e-90  299.5  20.0   1   1   6.1e-92   2.4e-90  299.3  20.0     9   426     2   408     1   409 0.96 -
d1e43a2c.1.8.1       -            393 d3bmva4c.1.8.1.aln   -            428   2.9e-90  299.1  17.2   1   1   8.2e-92   3.2e-90  298.9  17.2    11   421     2   393     1   393 0.97 -
d1g5aa2c.1.8.1       -            554 d3bmva4c.1.8.1.aln   -            428   2.6e-83  276.2   6.4   1   1   7.9e-85   3.1e-83  275.9   6.4     2   427    37   553    36   554 0.97 -
d2guya2c.1.8.1       -            381 d3bmva4c.1.8.1.aln   -            428   7.6e-81  268.0   9.2   1   1   2.3e-82   9.2e-81  267.8   9.2     5   421     2   371     1   376 0.97 -
d3bmva4c.1.8.1       -            406 d3bmva4c.1.8.1.aln   -            428   5.2e-80  265.3  19.0   1   1   1.6e-81   6.5e-80  265.0  19.0    12   427    15   406    12   406 0.97 -
d1ji1a3c.1.8.1       -            432 d3bmva4c.1.8.1.aln   -            428     1e-77  257.7  22.4   1   1   2.9e-79   1.2e-77  257.5  22.4     3   427     2   431     1   432 0.98 -
d1h3ga3c.1.8.1       -            422 d3bmva4c.1.8.1.aln   -            428   1.8e-73  243.7  11.9   1   1   5.4e-75   2.1e-73  243.5  11.9     8   427     8   421     2   422 0.94 -
d1wdpa_c.1.8.1       -            493 d3bmva4c.1.8.1.aln   -            428   3.2e-72  239.6   1.0   1   1   8.9e-74   3.5e-72  239.5   1.0     2   425     7   491     6   493 0.98 -
d2fhfa5c.1.8.1       -            563 d3bmva4c.1.8.1.aln   -            428   8.5e-72  238.2   0.5   1   1   2.5e-73   9.7e-72  238.0   0.5     2   427    45   562    44   563 0.98 -
d1gjwa2c.1.8.1       -            572 d3bmva4c.1.8.1.aln   -            428   1.9e-70  233.7   0.6   1   1   5.6e-72   2.2e-70  233.6   0.6     3   427    46   571    44   572 0.97 -
d1x1na1c.1.8.1       -            523 d3bmva4c.1.8.1.aln   -            428   5.5e-67  222.4   0.3   1   1   1.6e-68   6.2e-67  222.2   0.3     2   427    31   522    30   523 0.98 -
d1bf2a3c.1.8.1       -            475 d3bmva4c.1.8.1.aln   -            428   4.3e-60  199.7  12.3   1   1   1.3e-61   5.1e-60  199.4  12.3     4   427     9   472     6   473 0.94 -
d1ht6a2c.1.8.1       -            347 d3bmva4c.1.8.1.aln   -            428   4.6e-54  179.8   6.7   1   1   1.3e-55   5.2e-54  179.6   6.7    12   422     2   346     1   347 0.94 -
d2bhua3c.1.8.1       -            420 d3bmva4c.1.8.1.aln   -            428     2e-49  164.5   3.9   1   1   5.7e-51   2.2e-49  164.3   3.9     6   427     9   419     4   420 0.96 -
d1ua7a2c.1.8.1       -            344 d3bmva4c.1.8.1.aln   -            428     8e-41  136.2  12.6   1   1   4.3e-42   1.7e-40  135.1  12.6    38   422    12   340     4   344 0.91 -
d1m7xa3c.1.8.1       -            396 d3bmva4c.1.8.1.aln   -            428   9.5e-33  109.6  21.0   1   1   2.8e-34   1.1e-32  109.3  21.0    11   426    11   391     2   393 0.94 -
d1r7aa2c.1.8.1       -            434 d3bmva4c.1.8.1.aln   -            428   3.9e-29   97.7   0.3   1   1   1.1e-30   4.4e-29   97.5   0.3     9   427     1   431     1   432 0.93 -
d1vema2c.1.8.1       -            417 d3bmva4c.1.8.1.aln   -            428   7.7e-20   67.0   8.9   1   1   2.3e-21   9.1e-20   66.8   8.9     4   380     7   397     4   416 0.91 -
d1kwga2c.1.8.1       -            393 d3bmva4c.1.8.1.aln   -            428   4.3e-17   58.0   0.0   1   1   1.3e-18     5e-17   57.8   0.0     2   380     4   368     3   392 0.91 -
#
# Program:         hmmsearch
# Version:         3.1b2 (February 2015)
# Pipeline mode:   SEARCH
# Query file:      hmmModels95/d3bmva4c.1.8.1.hmm
# Target file:     scop/scopTestSeq.fasta
# Option settings: hmmsearch --domtblout hmmModels95/d3bmva4c.1.8.1.out -E 1 hmmModels95/d3bmva4c.1.8.1.hmm scop/scopTestSeq.fasta 
# Current dir:     /users/nfs/Etu7/3801677/SBAS/TME8
# Date:            Tue Apr  4 15:54:37 2023
# [ok]
