#                                                                            --- full sequence --- -------------- this domain -------------   hmm coord   ali coord   env coord
# target name        accession   tlen query name           accession   qlen   E-value  score  bias   #  of  c-Evalue  i-Evalue  score  bias  from    to  from    to  from    to  acc description of target
#------------------- ---------- ----- -------------------- ---------- ----- --------- ------ ----- --- --- --------- --------- ------ ----- ----- ----- ----- ----- ----- ----- ---- ---------------------
d2fhfa4b.71.1.1      -            118 d3bmva3b.71.1.1.aln  -             89     6e-25   82.8   0.1   1   1   1.9e-26   7.2e-25   82.6   0.1     1    88    18   105    18   106 0.98 -
d1bf2a2b.71.1.1      -            113 d3bmva3b.71.1.1.aln  -             89   3.2e-24   80.5   8.0   1   1   1.1e-25     4e-24   80.2   8.0     2    89    18   105    17   105 0.98 -
d2guya1b.71.1.1      -             95 d3bmva3b.71.1.1.aln  -             89     8e-21   69.6   0.5   1   1   2.3e-22   8.7e-21   69.5   0.5     3    88     2    87     1    88 0.97 -
d1m7xa2b.71.1.1      -            106 d3bmva3b.71.1.1.aln  -             89   8.4e-20   66.4   0.0   1   1   2.5e-21   9.5e-20   66.2   0.0     6    88    10    92     5    93 0.94 -
d1szna1b.71.1.1      -            103 d3bmva3b.71.1.1.aln  -             89   2.4e-19   64.9   0.1   1   1   7.2e-21   2.7e-19   64.7   0.1     2    89    13   100    12   100 0.98 -
d1e43a1b.71.1.1      -             90 d3bmva3b.71.1.1.aln  -             89   2.4e-18   61.7   1.9   1   1     7e-20   2.6e-18   61.6   1.9     2    86     5    89     4    90 0.98 -
d3bmva3b.71.1.1      -             89 d3bmva3b.71.1.1.aln  -             89   1.9e-15   52.5   5.1   1   1   5.7e-17   2.2e-15   52.3   5.1     1    86     1    86     1    87 0.98 -
d1uasa1b.71.1.1      -             89 d3bmva3b.71.1.1.aln  -             89   2.8e-13   45.5   1.1   1   1   7.7e-15   2.9e-13   45.5   1.1     3    87     3    87     1    89 0.95 -
d1ji1a2b.71.1.1      -             83 d3bmva3b.71.1.1.aln  -             89   4.9e-12   41.6   2.9   1   1   1.3e-13     5e-12   41.5   2.9     4    81     3    80     1    83 0.94 -
d1ea9c2b.71.1.1      -             80 d3bmva3b.71.1.1.aln  -             89   1.4e-11   40.1   0.0   1   1   3.9e-13   1.5e-11   40.1   0.0     3    80     2    79     1    80 0.95 -
d1h3ga2b.71.1.1      -             83 d3bmva3b.71.1.1.aln  -             89   2.2e-09   33.1   0.0   1   1   6.5e-11   2.4e-09   32.9   0.0     5    87     2    79     1    81 0.89 -
d1g5aa1b.71.1.1      -             74 d3bmva3b.71.1.1.aln  -             89   6.5e-08   28.4   0.0   1   1   1.8e-09   6.7e-08   28.3   0.0     9    77     4    72     1    74 0.94 -
d1ua7a1b.71.1.1      -             78 d3bmva3b.71.1.1.aln  -             89   8.7e-07   24.8   0.6   1   1   2.6e-08   9.7e-07   24.6   0.6     7    73     8    74     3    77 0.94 -
d1mxga1b.71.1.1      -             74 d3bmva3b.71.1.1.aln  -             89   1.4e-06   24.1   1.4   1   1   3.8e-08   1.4e-06   24.1   1.4     5    73     4    72     1    74 0.96 -
d1j0ha2b.71.1.1      -             83 d3bmva3b.71.1.1.aln  -             89   1.8e-06   23.8   0.0   1   1   4.8e-08   1.8e-06   23.8   0.0     5    75     5    72     1    83 0.83 -
d1wzaa1b.71.1.1      -             79 d3bmva3b.71.1.1.aln  -             89   1.9e-06   23.7   0.1   1   1   5.4e-08     2e-06   23.6   0.1     5    76     3    74     1    78 0.91 -
d1r7aa1b.71.1.1      -             70 d3bmva3b.71.1.1.aln  -             89   8.9e-06   21.6   0.1   1   1   2.4e-07     9e-06   21.5   0.1     2    61     4    63     3    70 0.92 -
d1gjwa1b.71.1.1      -             64 d3bmva3b.71.1.1.aln  -             89   6.7e-05   18.7   0.0   1   1   1.8e-06   6.7e-05   18.7   0.0     4    59     3    58     1    64 0.88 -
d1ht6a1b.71.1.1      -             57 d3bmva3b.71.1.1.aln  -             89   0.00029   16.7   0.0   1   1   8.7e-06   0.00033   16.6   0.0     5    54     7    56     4    57 0.93 -
d2bhua2b.71.1.1      -             72 d3bmva3b.71.1.1.aln  -             89   0.00031   16.6   0.0   1   1   8.5e-06   0.00032   16.6   0.0     4    71     4    71     1    72 0.92 -
d1lwha1b.71.1.1      -             50 d3bmva3b.71.1.1.aln  -             89   0.00041   16.2   0.0   1   1   1.1e-05   0.00041   16.2   0.0     5    47     3    45     1    50 0.86 -
#
# Program:         hmmsearch
# Version:         3.1b2 (February 2015)
# Pipeline mode:   SEARCH
# Query file:      hmmModels95/d3bmva3b.71.1.1.hmm
# Target file:     scop/scopTestSeq.fasta
# Option settings: hmmsearch --domtblout hmmModels95/d3bmva3b.71.1.1.out -E 1 hmmModels95/d3bmva3b.71.1.1.hmm scop/scopTestSeq.fasta 
# Current dir:     /users/nfs/Etu7/3801677/SBAS/TME8
# Date:            Tue Apr  4 15:54:37 2023
# [ok]
