#                                                                            --- full sequence --- -------------- this domain -------------   hmm coord   ali coord   env coord
# target name        accession   tlen query name           accession   qlen   E-value  score  bias   #  of  c-Evalue  i-Evalue  score  bias  from    to  from    to  from    to  acc description of target
#------------------- ---------- ----- -------------------- ---------- ----- --------- ------ ----- --- --- --------- --------- ------ ----- ----- ----- ----- ----- ----- ----- ---- ---------------------
d1lb3a_a.25.1.1      -            179 d3bvfa_a.25.1.1.aln  -            162   2.2e-53  176.1   0.1   1   1   3.7e-55   2.4e-53  176.0   0.1     2   161     4   175     3   176 0.98 -
d2y3qa_a.25.1.1      -            158 d3bvfa_a.25.1.1.aln  -            162   6.8e-42  138.8   2.8   1   1   1.2e-43   7.7e-42  138.6   2.8     3   161     1   149     1   150 0.98 -
d1z6om1a.25.1.1      -            191 d3bvfa_a.25.1.1.aln  -            162     2e-41  137.3   0.1   1   1   3.3e-43   2.2e-41  137.1   0.1     3   162    15   185    13   185 0.98 -
d1nf4a_a.25.1.1      -            169 d3bvfa_a.25.1.1.aln  -            162   1.3e-40  134.6   5.1   1   1   2.4e-42   1.6e-40  134.4   5.1     2   156     2   146     1   151 0.97 -
d1tjoa_a.25.1.1      -            180 d3bvfa_a.25.1.1.aln  -            162   3.4e-39  130.0   8.6   1   1   5.8e-41   3.8e-39  129.8   8.6     2   159    22   177    21   180 0.96 -
d2cf7a_a.25.1.1      -            159 d3bvfa_a.25.1.1.aln  -            162   3.4e-38  126.8   0.1   1   1     6e-40   3.9e-38  126.6   0.1     7   154    10   157     6   159 0.97 -
d1z6oa1a.25.1.1      -            200 d3bvfa_a.25.1.1.aln  -            162   3.9e-37  123.3  11.6   1   1   6.6e-39   4.3e-37  123.2  11.6     3   162    19   195    17   195 0.98 -
d1yuza1a.25.1.1      -            135 d3bvfa_a.25.1.1.aln  -            162   5.9e-33  109.7   0.7   1   1     1e-34   6.7e-33  109.5   0.7     8   146     6   134     2   135 0.98 -
d3bvfa_a.25.1.1      -            172 d3bvfa_a.25.1.1.aln  -            162   2.8e-27   91.3   5.6   1   1     5e-29   3.3e-27   91.1   5.6     5   162     8   163     5   163 0.98 -
d1zs3a1a.25.1.1      -            171 d3bvfa_a.25.1.1.aln  -            162   1.6e-25   85.6   0.3   1   1     3e-27     2e-25   85.3   0.3     2   155    18   169    17   171 0.98 -
d1vjxa_a.25.1.1      -            149 d3bvfa_a.25.1.1.aln  -            162   1.4e-19   66.2   7.6   1   1   2.4e-21   1.6e-19   66.1   7.6     3   152     1   147     1   149 0.98 -
d2fzfa1a.25.1.1      -            158 d3bvfa_a.25.1.1.aln  -            162   3.6e-19   64.9  11.9   1   1   5.9e-21   3.9e-19   64.8  11.9     3   153     6   152     4   158 0.91 -
#
# Program:         hmmsearch
# Version:         3.1b2 (February 2015)
# Pipeline mode:   SEARCH
# Query file:      hmmModels95/d3bvfa_a.25.1.1.hmm
# Target file:     scop/scopTestSeq.fasta
# Option settings: hmmsearch --domtblout hmmModels95/d3bvfa_a.25.1.1.out -E 1 hmmModels95/d3bvfa_a.25.1.1.hmm scop/scopTestSeq.fasta 
# Current dir:     /users/nfs/Etu7/3801677/SBAS/TME8
# Date:            Tue Apr  4 15:54:37 2023
# [ok]
