#                                                                            --- full sequence --- -------------- this domain -------------   hmm coord   ali coord   env coord
# target name        accession   tlen query name           accession   qlen   E-value  score  bias   #  of  c-Evalue  i-Evalue  score  bias  from    to  from    to  from    to  acc description of target
#------------------- ---------- ----- -------------------- ---------- ----- --------- ------ ----- --- --- --------- --------- ------ ----- ----- ----- ----- ----- ----- ----- ---- ---------------------
d1z0xa2a.121.1.1     -            149 d3c07a2a.121.1.1.aln -            122   4.5e-41  135.4   0.0   1   1   1.8e-42     5e-41  135.2   0.0     1   122     6   140     6   140 0.99 -
d2g7la2a.121.1.1     -            144 d3c07a2a.121.1.1.aln -            122   2.2e-21   72.1   5.8   1   1   9.3e-23   2.5e-21   71.9   5.8     2   122     7   135     6   135 0.99 -
d2fbqa2a.121.1.1     -            134 d3c07a2a.121.1.1.aln -            122   3.1e-21   71.6   0.3   1   1   1.3e-22   3.5e-21   71.4   0.3     2   122     2   127     1   127 0.99 -
d1ui5a2a.121.1.1     -            133 d3c07a2a.121.1.1.aln -            122     3e-19   65.2   0.2   1   1   1.3e-20   3.5e-19   65.0   0.2     3   121     2   122     1   123 0.97 -
d1t33a2a.121.1.1     -            132 d3c07a2a.121.1.1.aln -            122   1.2e-18   63.3   0.3   1   1   4.7e-20   1.3e-18   63.2   0.3     2   122     4   130     3   130 0.98 -
d2id3a2a.121.1.1     -            123 d3c07a2a.121.1.1.aln -            122   1.7e-18   62.8   5.4   1   1   6.9e-20   1.9e-18   62.6   5.4     2   116     3   117     2   122 0.95 -
d2g7ga2a.121.1.1     -            132 d3c07a2a.121.1.1.aln -            122   2.6e-17   59.0   6.9   1   1   1.1e-18   2.9e-17   58.8   6.9     3   122     8   124     6   124 0.98 -
d1rkta2a.121.1.1     -            123 d3c07a2a.121.1.1.aln -            122   2.6e-16   55.7   0.0   1   1     1e-17   2.8e-16   55.6   0.0     4   121     4   116     1   117 0.94 -
d2i10a2a.121.1.1     -            116 d3c07a2a.121.1.1.aln -            122   1.5e-15   53.3   2.6   1   1   5.9e-17   1.6e-15   53.2   2.6     3   116     4   116     2   116 0.97 -
d2g7sa2a.121.1.1     -            116 d3c07a2a.121.1.1.aln -            122   1.8e-15   53.0   1.5   1   1   7.9e-17   2.1e-15   52.8   1.5     8   116     8   115     4   116 0.97 -
d2id6a2a.121.1.1     -            125 d3c07a2a.121.1.1.aln -            122   5.3e-15   51.5   0.0   1   1   2.1e-16   5.8e-15   51.4   0.0     5   122     5   123     1   123 0.98 -
d2g3ba2a.121.1.1     -            116 d3c07a2a.121.1.1.aln -            122     1e-14   50.6   1.1   1   1     4e-16   1.1e-14   50.5   1.1     3   116     2   115     1   116 0.97 -
d2oi8a2a.121.1.1     -            130 d3c07a2a.121.1.1.aln -            122   1.2e-14   50.4   0.8   1   1   4.6e-16   1.3e-14   50.3   0.8     2   120     6   128     5   130 0.96 -
d1t56a2a.121.1.1     -            120 d3c07a2a.121.1.1.aln -            122   1.5e-14   50.1   1.5   1   1   5.7e-16   1.6e-14   50.0   1.5     5   121     3   119     1   120 0.96 -
d2d6ya2a.121.1.1     -            118 d3c07a2a.121.1.1.aln -            122   3.2e-14   49.0   0.6   1   1   1.3e-15   3.5e-14   48.9   0.6     6   120     3   117     1   118 0.93 -
d2gena2a.121.1.1     -            118 d3c07a2a.121.1.1.aln -            122   6.6e-14   48.0   4.7   1   1   2.6e-15   7.1e-14   47.9   4.7     3   120     1   116     1   118 0.98 -
d2gfna2a.121.1.1     -            119 d3c07a2a.121.1.1.aln -            122   7.6e-14   47.8   4.8   1   1   2.9e-15     8e-14   47.8   4.8     5   116     4   114     1   119 0.88 -
d1zk8a2a.121.1.1     -            105 d3c07a2a.121.1.1.aln -            122   4.5e-13   45.3   0.0   1   1   1.8e-14   4.9e-13   45.2   0.0     2    98     7   103     6   105 0.96 -
d2hkua2a.121.1.1     -            121 d3c07a2a.121.1.1.aln -            122   1.2e-12   44.0   0.0   1   1   4.9e-14   1.3e-12   43.8   0.0     6   120     6   119     2   121 0.97 -
d2hyja2a.121.1.1     -            118 d3c07a2a.121.1.1.aln -            122   1.8e-12   43.4   4.0   1   1   7.4e-14     2e-12   43.2   4.0     6   116     7   116     3   118 0.96 -
d2fx0a2a.121.1.1     -            122 d3c07a2a.121.1.1.aln -            122   2.4e-12   43.0   0.0   1   1   9.4e-14   2.5e-12   42.9   0.0     5   120     5   121     1   122 0.92 -
d2np5a2a.121.1.1     -            118 d3c07a2a.121.1.1.aln -            122   1.4e-11   40.6   2.5   1   1   5.4e-13   1.5e-11   40.5   2.5     4   118     4   116     1   118 0.96 -
d2fq4a2a.121.1.1     -            115 d3c07a2a.121.1.1.aln -            122   4.4e-11   39.0   0.0   1   1   1.7e-12   4.7e-11   38.9   0.0     4   115     2   113     1   115 0.97 -
d2fd5a2a.121.1.1     -            104 d3c07a2a.121.1.1.aln -            122   3.5e-10   36.1   1.6   1   1   1.4e-11   3.7e-10   36.0   1.6    14   115     4   103     1   104 0.97 -
d1vi0a2a.121.1.1     -            117 d3c07a2a.121.1.1.aln -            122   5.2e-10   35.5   0.0   1   1   2.1e-11   5.7e-10   35.4   0.0     5   122     2   114     1   114 0.97 -
d2o7ta2a.121.1.1     -            110 d3c07a2a.121.1.1.aln -            122   1.2e-09   34.4   0.0   1   1   4.6e-11   1.3e-09   34.3   0.0     5   115     2   109     1   110 0.97 -
d2np3a2a.121.1.1     -            112 d3c07a2a.121.1.1.aln -            122   3.9e-08   29.5   4.7   1   1   1.7e-09   4.5e-08   29.3   4.7     6   112     6   109     2   112 0.96 -
d2iu5a2a.121.1.1     -            109 d3c07a2a.121.1.1.aln -            122   5.5e-08   29.0   0.0   1   1   2.2e-09   5.9e-08   28.9   0.0     9   118     2   107     1   109 0.96 -
d1sgma2a.121.1.1     -            111 d3c07a2a.121.1.1.aln -            122   4.7e-05   19.5   0.0   1   1   1.7e-06   4.7e-05   19.5   0.0    15   111    12   106     1   111 0.84 -
#
# Program:         hmmsearch
# Version:         3.1b2 (February 2015)
# Pipeline mode:   SEARCH
# Query file:      hmmModels95/d3c07a2a.121.1.1.hmm
# Target file:     scop/scopTestSeq.fasta
# Option settings: hmmsearch --domtblout hmmModels95/d3c07a2a.121.1.1.out -E 1 hmmModels95/d3c07a2a.121.1.1.hmm scop/scopTestSeq.fasta 
# Current dir:     /users/nfs/Etu7/3801677/SBAS/TME8
# Date:            Tue Apr  4 15:54:37 2023
# [ok]
