#                                                                            --- full sequence --- -------------- this domain -------------   hmm coord   ali coord   env coord
# target name        accession   tlen query name           accession   qlen   E-value  score  bias   #  of  c-Evalue  i-Evalue  score  bias  from    to  from    to  from    to  acc description of target
#------------------- ---------- ----- -------------------- ---------- ----- --------- ------ ----- --- --- --------- --------- ------ ----- ----- ----- ----- ----- ----- ----- ---- ---------------------
d2v1ma_c.47.1.0      -            163 d3c7ma_c.47.1.0.aln  -            132   9.4e-33  108.4   0.1   1   1   1.9e-34   1.1e-32  108.2   0.1     1   130     3   162     3   163 0.98 -
d3c7ma_c.47.1.0      -            195 d3c7ma_c.47.1.0.aln  -            132   2.8e-29   97.2   1.8   1   1   5.9e-31   3.3e-29   96.9   1.8     9   132     2   182     1   182 0.99 -
d3h93a_c.47.1.0      -            192 d3c7ma_c.47.1.0.aln  -            132   5.2e-29   96.3   0.1   1   1   1.1e-30     6e-29   96.1   0.1     1   131     2   189     2   190 0.99 -
d3feua_c.47.1.0      -            183 d3c7ma_c.47.1.0.aln  -            132   6.1e-25   83.1   0.0   1   1   1.2e-26   6.9e-25   83.0   0.0     5   132     1   177     1   177 0.98 -
d2i4aa_c.47.1.1      -            107 d3c7ma_c.47.1.0.aln  -            132   8.2e-17   56.9   0.0   1   1   1.5e-18   8.7e-17   56.8   0.0     8   106     4    96     1   105 0.93 -
d2xhfa_c.47.1.0      -            156 d3c7ma_c.47.1.0.aln  -            132   2.1e-15   52.3   0.0   1   1   4.1e-17   2.3e-15   52.2   0.0     6   131    15   148    10   149 0.95 -
d3gnja_c.47.1.0      -            111 d3c7ma_c.47.1.0.aln  -            132   1.7e-12   42.9   0.3   1   1   3.2e-14   1.8e-12   42.8   0.3     5   118     3   110     1   111 0.94 -
d2hzfa_c.47.1.0      -            110 d3c7ma_c.47.1.0.aln  -            132     5e-11   38.1   0.0   1   1   9.7e-13   5.4e-11   38.0   0.0    11   114     3    98     1   106 0.89 -
d1r26a_c.47.1.1      -            113 d3c7ma_c.47.1.0.aln  -            132   3.6e-10   35.4   0.1   1   1   7.5e-12   4.2e-10   35.1   0.1    31   104    33    99     7   102 0.92 -
d3h79a_c.47.1.0      -            115 d3c7ma_c.47.1.0.aln  -            132   1.8e-09   33.1   0.0   1   1   3.5e-11     2e-09   33.0   0.0     5   123     2   113     1   115 0.94 -
d2wcia_c.47.1.0      -            113 d3c7ma_c.47.1.0.aln  -            132   1.6e-08   30.0   0.0   1   1     3e-10   1.7e-08   29.9   0.0    12   125     3   112     1   113 0.95 -
d3fz4a_c.47.1.0      -            119 d3c7ma_c.47.1.0.aln  -            132   1.3e-07   27.0   0.0   1   1   2.6e-09   1.4e-07   26.9   0.0     2   118     8   118     7   119 0.93 -
d3qmxa_c.47.1.0      -             99 d3c7ma_c.47.1.0.aln  -            132   0.00013   17.4   0.0   1   1   3.4e-06   0.00019   16.8   0.0    14   119     4    98     1    99 0.93 -
d2fwha_c.47.1.1      -            117 d3c7ma_c.47.1.0.aln  -            132    0.0037   12.7   0.1   1   2   0.00015    0.0084   11.5   0.1     5    41     4    39     3    42 0.85 -
d2fwha_c.47.1.1      -            117 d3c7ma_c.47.1.0.aln  -            132    0.0037   12.7   0.1   2   2       3.5     2e+02   -2.6   0.0    79    95    82    94    79   107 0.59 -
#
# Program:         hmmsearch
# Version:         3.1b2 (February 2015)
# Pipeline mode:   SEARCH
# Query file:      hmmModels95/d3c7ma_c.47.1.0.hmm
# Target file:     scop/scopTestSeq.fasta
# Option settings: hmmsearch --domtblout hmmModels95/d3c7ma_c.47.1.0.out -E 1 hmmModels95/d3c7ma_c.47.1.0.hmm scop/scopTestSeq.fasta 
# Current dir:     /users/nfs/Etu7/3801677/SBAS/TME8
# Date:            Tue Apr  4 15:54:37 2023
# [ok]
