#                                                                            --- full sequence --- -------------- this domain -------------   hmm coord   ali coord   env coord
# target name        accession   tlen query name           accession   qlen   E-value  score  bias   #  of  c-Evalue  i-Evalue  score  bias  from    to  from    to  from    to  acc description of target
#------------------- ---------- ----- -------------------- ---------- ----- --------- ------ ----- --- --- --------- --------- ------ ----- ----- ----- ----- ----- ----- ----- ---- ---------------------
d3heba_c.23.1.0      -            142 d3cfya_c.23.1.0.aln  -            122   7.5e-46  150.5   0.0   1   1   1.7e-47   8.4e-46  150.3   0.0     2   121     2   131     1   132 0.98 -
d3khta_c.23.1.0      -            132 d3cfya_c.23.1.0.aln  -            122   8.4e-36  118.0   0.0   1   1   1.9e-37   9.3e-36  117.9   0.0     1   121     1   124     1   125 0.98 -
d3eqza_c.23.1.0      -            124 d3cfya_c.23.1.0.aln  -            122   1.7e-35  117.0   0.0   1   1   3.9e-37   1.9e-35  116.9   0.0     2   122     2   124     1   124 0.96 -
d1jbea_c.23.1.1      -            128 d3cfya_c.23.1.0.aln  -            122   1.4e-31  104.4   0.0   1   1   3.6e-33   1.8e-31  104.1   0.0     4   120     7   124     5   125 0.98 -
d1kgsa2c.23.1.1      -            122 d3cfya_c.23.1.0.aln  -            122     1e-30  101.6   0.1   1   1   2.2e-32   1.1e-30  101.5   0.1     3   121     3   119     1   120 0.95 -
d3ktoa_c.23.1.0      -            122 d3cfya_c.23.1.0.aln  -            122     2e-30  100.7   0.1   1   1   4.3e-32   2.1e-30  100.6   0.1     3   120     2   119     1   121 0.98 -
d1mb3a_c.23.1.1      -            123 d3cfya_c.23.1.0.aln  -            122   1.1e-27   91.8   0.1   1   1   2.4e-29   1.2e-27   91.7   0.1     2   122     2   122     1   122 0.98 -
d1s8na_c.23.1.1      -            190 d3cfya_c.23.1.0.aln  -            122   2.8e-26   87.3   0.0   1   1   9.8e-28   4.8e-26   86.5   0.0     3   118     5   118     3   122 0.96 -
d2plna_c.23.1.0      -            118 d3cfya_c.23.1.0.aln  -            122   4.6e-26   86.6   0.2   1   1     1e-27   5.1e-26   86.4   0.2     1   120     4   118     4   118 0.95 -
d1dz3a_c.23.1.1      -            123 d3cfya_c.23.1.0.aln  -            122   3.2e-25   83.9   0.0   1   1   7.9e-27   3.9e-25   83.6   0.0     3   119     3   120     1   122 0.94 -
d3cfya_c.23.1.0      -            130 d3cfya_c.23.1.0.aln  -            122   4.8e-25   83.3   0.1   1   1   1.1e-26   5.4e-25   83.1   0.1     2   120     3   119     2   121 0.97 -
d1k66a_c.23.1.1      -            149 d3cfya_c.23.1.0.aln  -            122   2.7e-24   80.9   0.0   1   1   6.2e-26   3.1e-24   80.7   0.0     4   121     9   138     6   139 0.95 -
d1dbwa_c.23.1.1      -            123 d3cfya_c.23.1.0.aln  -            122   5.7e-23   76.6   0.1   1   1   1.3e-24   6.6e-23   76.4   0.1     3   118     5   118     3   121 0.95 -
d2r25b_c.23.1.1      -            133 d3cfya_c.23.1.0.aln  -            122   5.1e-22   73.5   0.1   1   1   1.2e-23   5.9e-22   73.3   0.1     3   116     4   122     2   127 0.92 -
d2v0na2c.23.1.1      -            153 d3cfya_c.23.1.0.aln  -            122   6.1e-15   50.7   0.0   1   1   1.7e-16   8.2e-15   50.3   0.0     3   120    15   130    14   132 0.91 -
d2b4aa1c.23.1.1      -            118 d3cfya_c.23.1.0.aln  -            122   6.7e-08   27.9   0.0   1   1   1.8e-09     9e-08   27.5   0.0     3   115     4   112     3   115 0.85 -
#
# Program:         hmmsearch
# Version:         3.1b2 (February 2015)
# Pipeline mode:   SEARCH
# Query file:      hmmModels95/d3cfya_c.23.1.0.hmm
# Target file:     scop/scopTestSeq.fasta
# Option settings: hmmsearch --domtblout hmmModels95/d3cfya_c.23.1.0.out -E 1 hmmModels95/d3cfya_c.23.1.0.hmm scop/scopTestSeq.fasta 
# Current dir:     /users/nfs/Etu7/3801677/SBAS/TME8
# Date:            Tue Apr  4 15:54:37 2023
# [ok]
