#                                                                            --- full sequence --- -------------- this domain -------------   hmm coord   ali coord   env coord
# target name        accession   tlen query name           accession   qlen   E-value  score  bias   #  of  c-Evalue  i-Evalue  score  bias  from    to  from    to  from    to  acc description of target
#------------------- ---------- ----- -------------------- ---------- ----- --------- ------ ----- --- --- --------- --------- ------ ----- ----- ----- ----- ----- ----- ----- ---- ---------------------
d2fbka1a.4.5.28      -            172 d3ctaa1a.4.5.28.aln  -            143   1.7e-57  188.7   0.1   1   1   5.2e-59   2.1e-57  188.5   0.1     1   143    29   172    29   172 0.99 -
d2fxaa1a.4.5.28      -            162 d3ctaa1a.4.5.28.aln  -            143   1.6e-52  172.6   0.0   1   1   4.7e-54   1.8e-52  172.4   0.0     2   143     9   148     8   148 0.98 -
d1lj9a_a.4.5.28      -            144 d3ctaa1a.4.5.28.aln  -            143   1.8e-39  130.3   0.9   1   1   5.1e-41     2e-39  130.2   0.9     7   142     2   135     1   136 0.98 -
d2fbia1a.4.5.28      -            136 d3ctaa1a.4.5.28.aln  -            143   6.6e-39  128.5   0.7   1   1   1.8e-40   7.1e-39  128.4   0.7     7   139     3   133     1   136 0.97 -
d2etha1a.4.5.28      -            140 d3ctaa1a.4.5.28.aln  -            143   1.6e-38  127.2   0.0   1   1   4.4e-40   1.7e-38  127.1   0.0     5   143     3   139     1   139 0.98 -
d2fbha1a.4.5.28      -            137 d3ctaa1a.4.5.28.aln  -            143   1.3e-37  124.3   0.3   1   1   3.6e-39   1.4e-37  124.2   0.3     8   142     2   135     1   136 0.97 -
d2a61a1a.4.5.28      -            139 d3ctaa1a.4.5.28.aln  -            143   2.7e-37  123.3   0.0   1   1   7.4e-39   2.9e-37  123.1   0.0     5   143     1   137     1   137 0.98 -
d1s3ja_a.4.5.28      -            143 d3ctaa1a.4.5.28.aln  -            143   3.3e-36  119.7   4.2   1   1   9.1e-38   3.6e-36  119.6   4.2     3   142     4   141     2   142 0.97 -
d3broa1a.4.5.28      -            135 d3ctaa1a.4.5.28.aln  -            143     4e-36  119.4   5.3   1   1   1.1e-37   4.4e-36  119.3   5.3     7   139     2   134     1   135 0.99 -
d1jgsa_a.4.5.28      -            138 d3ctaa1a.4.5.28.aln  -            143   2.4e-35  117.0   0.0   1   1   6.4e-37   2.5e-35  116.8   0.0     3   137     3   136     1   138 0.92 -
d3echa_a.4.5.28      -            142 d3ctaa1a.4.5.28.aln  -            143   1.9e-34  114.0   0.1   1   1   5.2e-36     2e-34  113.9   0.1     4   140     5   141     2   142 0.97 -
d2hr3a1a.4.5.28      -            145 d3ctaa1a.4.5.28.aln  -            143   9.5e-33  108.5   0.1   1   1   2.7e-34     1e-32  108.4   0.1     2   143     2   142     1   142 0.97 -
d1p4xa1a.4.5.28      -            125 d3ctaa1a.4.5.28.aln  -            143   1.7e-32  107.7   1.5   1   1   4.8e-34   1.9e-32  107.6   1.5     1   124     1   124     1   125 0.97 -
d1p4xa2a.4.5.28      -            125 d3ctaa1a.4.5.28.aln  -            143   7.2e-31  102.4   3.3   1   1   1.9e-32   7.6e-31  102.3   3.3     3   120     2   119     1   125 0.96 -
d1hsja1a.4.5.28      -            115 d3ctaa1a.4.5.28.aln  -            143   9.7e-31  102.0   3.4   1   1   2.7e-32   1.1e-30  101.9   3.4     4   116     2   114     1   115 0.98 -
d3jw4a_a.4.5.0       -            137 d3ctaa1a.4.5.28.aln  -            143     4e-24   80.5   0.1   1   1   1.2e-25   4.6e-24   80.4   0.1    11   137     7   133     2   137 0.96 -
d3bjaa_a.4.5.0       -            139 d3ctaa1a.4.5.28.aln  -            143   3.1e-22   74.4   0.1   1   1   8.3e-24   3.3e-22   74.3   0.1    17   140    16   137     2   139 0.92 -
d1ub9a_a.4.5.28      -            100 d3ctaa1a.4.5.28.aln  -            143   3.5e-20   67.8   0.0   1   1   9.6e-22   3.8e-20   67.7   0.0    19   118     1    98     1   100 0.97 -
d3ctaa1a.4.5.28      -             85 d3ctaa1a.4.5.28.aln  -            143   4.4e-07   25.3   0.1   1   1   1.4e-08   5.4e-07   25.0   0.1    47   104    18    72     9    83 0.87 -
d3df8a_a.4.5.0       -            109 d3ctaa1a.4.5.28.aln  -            143    0.0046   12.3   0.0   1   1   0.00029     0.011   11.0   0.0    42   109    34    98    21   105 0.75 -
#
# Program:         hmmsearch
# Version:         3.1b2 (February 2015)
# Pipeline mode:   SEARCH
# Query file:      hmmModels95/d3ctaa1a.4.5.28.hmm
# Target file:     scop/scopTestSeq.fasta
# Option settings: hmmsearch --domtblout hmmModels95/d3ctaa1a.4.5.28.out -E 1 hmmModels95/d3ctaa1a.4.5.28.hmm scop/scopTestSeq.fasta 
# Current dir:     /users/nfs/Etu7/3801677/SBAS/TME8
# Date:            Tue Apr  4 15:54:38 2023
# [ok]
