#                                                                            --- full sequence --- -------------- this domain -------------   hmm coord   ali coord   env coord
# target name        accession   tlen query name           accession   qlen   E-value  score  bias   #  of  c-Evalue  i-Evalue  score  bias  from    to  from    to  from    to  acc description of target
#------------------- ---------- ----- -------------------- ---------- ----- --------- ------ ----- --- --- --------- --------- ------ ----- ----- ----- ----- ----- ----- ----- ---- ---------------------
d2k5ga1d.129.3.5     -            183 d3elia1d.129.3.5.aln -            156   2.8e-53  175.6   0.0   1   1     4e-55   3.1e-53  175.5   0.0     2   156    14   181    13   181 0.99 -
d1xuva_d.129.3.5     -            163 d3elia1d.129.3.5.aln -            156   1.2e-51  170.4   0.1   1   1   1.6e-53   1.3e-51  170.2   0.1     2   155     7   160     6   161 0.98 -
d1xfsa_d.129.3.5     -            165 d3elia1d.129.3.5.aln -            156   4.2e-50  165.3   0.0   1   1   5.8e-52   4.6e-50  165.2   0.0     4   156     2   165     1   165 0.98 -
d2il5a1d.129.3.5     -            164 d3elia1d.129.3.5.aln -            156     1e-47  157.5   2.8   1   1   1.5e-49   1.2e-47  157.4   2.8     1   156     1   164     1   164 0.99 -
d2nn5a1d.129.3.5     -            160 d3elia1d.129.3.5.aln -            156   8.4e-47  154.6   0.4   1   1   1.2e-48   9.4e-47  154.4   0.4     2   152     7   160     6   160 0.99 -
d1xn5a_d.129.3.5     -            138 d3elia1d.129.3.5.aln -            156   3.2e-46  152.7   1.6   1   1   4.5e-48   3.6e-46  152.5   1.6     4   152     2   138     1   138 0.98 -
d2l65a1d.129.3.5     -            155 d3elia1d.129.3.5.aln -            156   9.9e-46  151.1   0.8   1   1   1.4e-47   1.1e-45  150.9   0.8     4   156     1   154     1   154 0.99 -
d1z94a1d.129.3.5     -            143 d3elia1d.129.3.5.aln -            156   4.4e-43  142.5   0.0   1   1   6.1e-45   4.8e-43  142.4   0.0     7   153     2   143     1   143 0.98 -
d1x53a1d.129.3.5     -            132 d3elia1d.129.3.5.aln -            156   7.9e-35  115.7   2.5   1   1   5.5e-36   4.4e-34  113.3   2.5     5   154     2   131     1   132 0.98 -
d3elia1d.129.3.5     -            143 d3elia1d.129.3.5.aln -            156   3.7e-09   32.3   0.2   1   1   5.8e-11   4.6e-09   32.0   0.2     8   104     2   101     1   143 0.67 -
#
# Program:         hmmsearch
# Version:         3.1b2 (February 2015)
# Pipeline mode:   SEARCH
# Query file:      hmmModels95/d3elia1d.129.3.5.hmm
# Target file:     scop/scopTestSeq.fasta
# Option settings: hmmsearch --domtblout hmmModels95/d3elia1d.129.3.5.out -E 1 hmmModels95/d3elia1d.129.3.5.hmm scop/scopTestSeq.fasta 
# Current dir:     /users/nfs/Etu7/3801677/SBAS/TME8
# Date:            Tue Apr  4 15:54:39 2023
# [ok]
