#                                                                            --- full sequence --- -------------- this domain -------------   hmm coord   ali coord   env coord
# target name        accession   tlen query name           accession   qlen   E-value  score  bias   #  of  c-Evalue  i-Evalue  score  bias  from    to  from    to  from    to  acc description of target
#------------------- ---------- ----- -------------------- ---------- ----- --------- ------ ----- --- --- --------- --------- ------ ----- ----- ----- ----- ----- ----- ----- ---- ---------------------
d3heba_c.23.1.0      -            142 d3eqza_c.23.1.0.aln  -            122   2.1e-44  145.8   0.0   1   1   4.8e-46   2.4e-44  145.7   0.0     2   120     2   130     1   132 0.98 -
d3cfya_c.23.1.0      -            130 d3eqza_c.23.1.0.aln  -            122   8.2e-39  127.8   0.1   1   1   1.9e-40   9.2e-39  127.6   0.1     2   121     3   120     2   121 0.98 -
d3khta_c.23.1.0      -            132 d3eqza_c.23.1.0.aln  -            122   1.8e-35  117.0   0.0   1   1   4.1e-37     2e-35  116.9   0.0     1   121     1   124     1   125 0.96 -
d1jbea_c.23.1.1      -            128 d3eqza_c.23.1.0.aln  -            122   2.7e-33  110.0   0.0   1   1   6.3e-35   3.1e-33  109.8   0.0     3   119     6   123     4   125 0.98 -
d1kgsa2c.23.1.1      -            122 d3eqza_c.23.1.0.aln  -            122   1.7e-30  100.9   0.0   1   1   3.8e-32   1.9e-30  100.8   0.0     3   121     3   119     1   120 0.93 -
d3ktoa_c.23.1.0      -            122 d3eqza_c.23.1.0.aln  -            122   1.7e-29   97.7   0.1   1   1     4e-31     2e-29   97.5   0.1     2   119     1   118     1   121 0.97 -
d1mb3a_c.23.1.1      -            123 d3eqza_c.23.1.0.aln  -            122   2.2e-29   97.3   0.1   1   1   4.9e-31   2.4e-29   97.2   0.1     2   121     2   121     1   122 0.98 -
d2plna_c.23.1.0      -            118 d3eqza_c.23.1.0.aln  -            122   6.3e-28   92.6   0.2   1   1   1.4e-29     7e-28   92.5   0.2     1   119     4   117     4   118 0.97 -
d1s8na_c.23.1.1      -            190 d3eqza_c.23.1.0.aln  -            122   3.4e-27   90.3   0.0   1   1   1.1e-28   5.4e-27   89.7   0.0     3   119     5   119     3   122 0.96 -
d1dz3a_c.23.1.1      -            123 d3eqza_c.23.1.0.aln  -            122     2e-26   87.8   0.0   1   1   4.4e-28   2.2e-26   87.7   0.0     3   119     3   120     1   123 0.94 -
d1k66a_c.23.1.1      -            149 d3eqza_c.23.1.0.aln  -            122   1.1e-25   85.4   0.0   1   1   2.6e-27   1.3e-25   85.2   0.0     4   121     9   138     6   139 0.96 -
d1dbwa_c.23.1.1      -            123 d3eqza_c.23.1.0.aln  -            122   2.1e-23   78.0   0.0   1   1   4.8e-25   2.4e-23   77.9   0.0     3   117     5   117     3   121 0.90 -
d2r25b_c.23.1.1      -            133 d3eqza_c.23.1.0.aln  -            122   5.2e-23   76.8   0.1   1   1   1.3e-24   6.2e-23   76.5   0.1     3   118     4   124     2   127 0.94 -
d3eqza_c.23.1.0      -            124 d3eqza_c.23.1.0.aln  -            122   8.9e-17   56.7   0.0   1   1   2.1e-18     1e-16   56.4   0.0     2   113     2   115     1   124 0.83 -
d2v0na2c.23.1.1      -            153 d3eqza_c.23.1.0.aln  -            122   1.8e-14   49.2   0.0   1   1   4.9e-16   2.4e-14   48.8   0.0     3   118    15   128    14   132 0.91 -
d2b4aa1c.23.1.1      -            118 d3eqza_c.23.1.0.aln  -            122   8.1e-09   31.0   0.0   1   1   2.3e-10   1.1e-08   30.5   0.0     3   116     4   113     3   116 0.86 -
#
# Program:         hmmsearch
# Version:         3.1b2 (February 2015)
# Pipeline mode:   SEARCH
# Query file:      hmmModels95/d3eqza_c.23.1.0.hmm
# Target file:     scop/scopTestSeq.fasta
# Option settings: hmmsearch --domtblout hmmModels95/d3eqza_c.23.1.0.out -E 1 hmmModels95/d3eqza_c.23.1.0.hmm scop/scopTestSeq.fasta 
# Current dir:     /users/nfs/Etu7/3801677/SBAS/TME8
# Date:            Tue Apr  4 15:54:39 2023
# [ok]
