#                                                                            --- full sequence --- -------------- this domain -------------   hmm coord   ali coord   env coord
# target name        accession   tlen query name           accession   qlen   E-value  score  bias   #  of  c-Evalue  i-Evalue  score  bias  from    to  from    to  from    to  acc description of target
#------------------- ---------- ----- -------------------- ---------- ----- --------- ------ ----- --- --- --------- --------- ------ ----- ----- ----- ----- ----- ----- ----- ---- ---------------------
d2efja_c.66.1.0      -            377 d3evfa_c.66.1.0.aln  -            249  6.5e-137  450.0   0.2   1   1  6.8e-139  7.7e-137  449.8   0.2     1   249    32   303    32   303 1.00 -
d3d2la_c.66.1.0      -            238 d3evfa_c.66.1.0.aln  -            249   3.3e-33  110.3   0.0   1   1   3.2e-35   3.6e-33  110.2   0.0    14   247     2   236     1   238 0.99 -
d2nyua_c.66.1.0      -            189 d3evfa_c.66.1.0.aln  -            249   1.2e-23   79.1   0.0   1   1   1.3e-25   1.4e-23   78.8   0.0    21   238     2   188     1   189 0.99 -
d3c3pa_c.66.1.0      -            210 d3evfa_c.66.1.0.aln  -            249   4.1e-21   70.7   0.0   1   1   4.2e-23   4.7e-21   70.5   0.0    20   245     7   208     2   210 0.96 -
d3evfa_c.66.1.0      -            261 d3evfa_c.66.1.0.aln  -            249   4.3e-16   54.3   0.0   1   1   5.6e-18   6.3e-16   53.7   0.0     1   225     7   222     7   228 0.91 -
d3doua_c.66.1.0      -            181 d3evfa_c.66.1.0.aln  -            249   5.5e-16   53.9   0.0   1   1   5.8e-18   6.6e-16   53.7   0.0    21   238     2   179     1   181 0.98 -
d3e05a_c.66.1.0      -            191 d3evfa_c.66.1.0.aln  -            249     1e-12   43.2   0.0   1   1     1e-14   1.1e-12   43.1   0.0    14   235     2   190     1   191 0.98 -
#
# Program:         hmmsearch
# Version:         3.1b2 (February 2015)
# Pipeline mode:   SEARCH
# Query file:      hmmModels95/d3evfa_c.66.1.0.hmm
# Target file:     scop/scopTestSeq.fasta
# Option settings: hmmsearch --domtblout hmmModels95/d3evfa_c.66.1.0.out -E 1 hmmModels95/d3evfa_c.66.1.0.hmm scop/scopTestSeq.fasta 
# Current dir:     /users/nfs/Etu7/3801677/SBAS/TME8
# Date:            Tue Apr  4 15:54:39 2023
# [ok]
