#                                                                            --- full sequence --- -------------- this domain -------------   hmm coord   ali coord   env coord
# target name        accession   tlen query name           accession   qlen   E-value  score  bias   #  of  c-Evalue  i-Evalue  score  bias  from    to  from    to  from    to  acc description of target
#------------------- ---------- ----- -------------------- ---------- ----- --------- ------ ----- --- --- --------- --------- ------ ----- ----- ----- ----- ----- ----- ----- ---- ---------------------
d2ov9a1d.38.1.5      -            203 d3f5oa_d.38.1.5.aln  -            135   9.5e-66  215.4   0.1   1   1   2.7e-67   1.3e-65  215.0   0.1     1   134    71   203    71   203 0.99 -
d1vh5a_d.38.1.5      -            138 d3f5oa_d.38.1.5.aln  -            135     3e-38  126.4   0.0   1   1     7e-40   3.2e-38  126.3   0.0     1   133     3   135     3   137 0.98 -
d1q4ta_d.38.1.5      -            142 d3f5oa_d.38.1.5.aln  -            135     4e-37  122.8   1.2   1   1   9.8e-39   4.6e-37  122.6   1.2     7   133     9   136     4   138 0.95 -
d3f5oa_d.38.1.5      -            138 d3f5oa_d.38.1.5.aln  -            135   3.7e-36  119.6   0.7   1   1   9.4e-38   4.4e-36  119.4   0.7     7   134     9   136     4   137 0.95 -
d2hboa1d.38.1.5      -            142 d3f5oa_d.38.1.5.aln  -            135   5.1e-36  119.2   0.0   1   1   1.3e-37     6e-36  119.0   0.0     6   132     3   135     1   137 0.98 -
d1yoca1d.38.1.5      -            145 d3f5oa_d.38.1.5.aln  -            135   2.4e-33  110.5   0.0   1   1   5.8e-35   2.7e-33  110.4   0.0     2   134     9   144     8   145 0.98 -
d1sh8a_d.38.1.5      -            153 d3f5oa_d.38.1.5.aln  -            135   4.6e-33  109.6   0.0   1   1   1.1e-34   5.1e-33  109.5   0.0     1   134     1   145     1   146 0.98 -
d1t82a_d.38.1.5      -            143 d3f5oa_d.38.1.5.aln  -            135     2e-32  107.5   0.0   1   1   4.8e-34   2.2e-32  107.4   0.0     3   134     2   141     1   142 0.97 -
d1wlua_d.38.1.5      -            117 d3f5oa_d.38.1.5.aln  -            135   1.8e-30  101.3   0.4   1   1   4.1e-32   1.9e-30  101.1   0.4    15   133     1   115     1   117 0.95 -
d1ixla_d.38.1.5      -            130 d3f5oa_d.38.1.5.aln  -            135   6.6e-30   99.4   0.1   1   1   1.5e-31   7.2e-30   99.3   0.1    10   134     3   124     1   125 0.97 -
d2f41a1d.38.1.5      -            111 d3f5oa_d.38.1.5.aln  -            135     4e-23   77.4   0.1   1   1   9.4e-25   4.4e-23   77.3   0.1    22   132     2   111     1   111 0.96 -
d2gvha1d.38.1.1      -            135 d3f5oa_d.38.1.5.aln  -            135   9.2e-11   37.4   0.1   1   1   2.7e-12   1.2e-10   37.0   0.1    46   120    20    94    13   104 0.92 -
d1s5ua_d.38.1.1      -            129 d3f5oa_d.38.1.5.aln  -            135   3.4e-06   22.6   0.2   1   1   8.6e-08     4e-06   22.4   0.2    73   133    50   109    18   111 0.90 -
d1vpma_d.38.1.1      -            155 d3f5oa_d.38.1.5.aln  -            135   4.7e-06   22.2   0.2   1   1   1.5e-07     7e-06   21.6   0.2    41   111    17    87    10   114 0.83 -
d1njka_d.38.1.1      -            133 d3f5oa_d.38.1.5.aln  -            135   0.00018   17.0   0.0   1   1   5.9e-06   0.00027   16.5   0.0    76   128    51   103    41   109 0.82 -
d2hlja1d.38.1.1      -            156 d3f5oa_d.38.1.5.aln  -            135    0.0018   13.8   0.0   1   1   4.7e-05    0.0022   13.5   0.0    73   131    52   110     8   114 0.87 -
d2gf6a1d.38.1.1      -            134 d3f5oa_d.38.1.5.aln  -            135     0.003   13.1   0.0   1   1   0.00012    0.0055   12.2   0.0    78   102    58    82    52   105 0.80 -
#
# Program:         hmmsearch
# Version:         3.1b2 (February 2015)
# Pipeline mode:   SEARCH
# Query file:      hmmModels95/d3f5oa_d.38.1.5.hmm
# Target file:     scop/scopTestSeq.fasta
# Option settings: hmmsearch --domtblout hmmModels95/d3f5oa_d.38.1.5.out -E 1 hmmModels95/d3f5oa_d.38.1.5.hmm scop/scopTestSeq.fasta 
# Current dir:     /users/nfs/Etu7/3801677/SBAS/TME8
# Date:            Tue Apr  4 15:54:39 2023
# [ok]
