#                                                                            --- full sequence --- -------------- this domain -------------   hmm coord   ali coord   env coord
# target name        accession   tlen query name           accession   qlen   E-value  score  bias   #  of  c-Evalue  i-Evalue  score  bias  from    to  from    to  from    to  acc description of target
#------------------- ---------- ----- -------------------- ---------- ----- --------- ------ ----- --- --- --------- --------- ------ ----- ----- ----- ----- ----- ----- ----- ---- ---------------------
d3h93a_c.47.1.0      -            192 d3feua_c.47.1.0.aln  -            129   5.5e-38  125.5   0.3   1   2       2.9   1.7e+02   -2.2   0.1    28    49    24    45    19    47 0.76 -
d3h93a_c.47.1.0      -            192 d3feua_c.47.1.0.aln  -            129   5.5e-38  125.5   0.3   2   2   9.1e-40   5.5e-38  125.5   0.3     1   129    60   192    60   192 0.99 -
d3c7ma_c.47.1.0      -            195 d3feua_c.47.1.0.aln  -            129   4.9e-37  122.5   3.0   1   1   1.1e-38   6.4e-37  122.1   3.0     2   129    53   183    52   183 0.99 -
d2v1ma_c.47.1.0      -            163 d3feua_c.47.1.0.aln  -            129   2.2e-29   97.7   0.0   1   1   4.6e-31   2.8e-29   97.4   0.0     1   126    26   163    26   163 0.98 -
d3gnja_c.47.1.0      -            111 d3feua_c.47.1.0.aln  -            129   3.3e-17   58.3   0.2   1   1   5.8e-19   3.5e-17   58.3   0.2    14   124     7   110     1   111 0.95 -
d2i4aa_c.47.1.1      -            107 d3feua_c.47.1.0.aln  -            129   7.8e-17   57.1   0.0   1   1   1.5e-18   8.9e-17   57.0   0.0    17   113     8    97     3   104 0.91 -
d2xhfa_c.47.1.0      -            156 d3feua_c.47.1.0.aln  -            129     2e-11   39.7   0.0   1   1   3.8e-13   2.3e-11   39.5   0.0     1   125     5   144     5   147 0.94 -
d2wcia_c.47.1.0      -            113 d3feua_c.47.1.0.aln  -            129   1.3e-10   37.0   0.0   1   1   2.4e-12   1.4e-10   36.9   0.0    20   127     5   108     1   110 0.93 -
d3h79a_c.47.1.0      -            115 d3feua_c.47.1.0.aln  -            129   8.5e-10   34.4   0.0   1   1   1.6e-11   9.7e-10   34.2   0.0    11   111     3   103     1   113 0.93 -
d3qmxa_c.47.1.0      -             99 d3feua_c.47.1.0.aln  -            129   1.6e-08   30.3   0.0   1   1   2.6e-10   1.6e-08   30.3   0.0    21   120     6    98     1    99 0.92 -
d3fz4a_c.47.1.0      -            119 d3feua_c.47.1.0.aln  -            129   3.6e-07   25.9   0.0   1   1   6.2e-09   3.8e-07   25.8   0.0    14   122     3   113     1   119 0.91 -
d1r26a_c.47.1.1      -            113 d3feua_c.47.1.0.aln  -            129   5.7e-07   25.3   0.0   1   1   1.1e-08   6.4e-07   25.1   0.0    31   108    28    97    10   106 0.85 -
d2hzfa_c.47.1.0      -            110 d3feua_c.47.1.0.aln  -            129   6.5e-07   25.1   0.0   1   1   1.3e-08   7.6e-07   24.8   0.0    14   121     2   104     1   108 0.95 -
d2fwha_c.47.1.1      -            117 d3feua_c.47.1.0.aln  -            129   0.00044   15.9   0.2   1   1   9.3e-06   0.00057   15.6   0.2    12    55     5    48     3    99 0.82 -
#
# Program:         hmmsearch
# Version:         3.1b2 (February 2015)
# Pipeline mode:   SEARCH
# Query file:      hmmModels95/d3feua_c.47.1.0.hmm
# Target file:     scop/scopTestSeq.fasta
# Option settings: hmmsearch --domtblout hmmModels95/d3feua_c.47.1.0.out -E 1 hmmModels95/d3feua_c.47.1.0.hmm scop/scopTestSeq.fasta 
# Current dir:     /users/nfs/Etu7/3801677/SBAS/TME8
# Date:            Tue Apr  4 15:54:39 2023
# [ok]
