#                                                                            --- full sequence --- -------------- this domain -------------   hmm coord   ali coord   env coord
# target name        accession   tlen query name           accession   qlen   E-value  score  bias   #  of  c-Evalue  i-Evalue  score  bias  from    to  from    to  from    to  acc description of target
#------------------- ---------- ----- -------------------- ---------- ----- --------- ------ ----- --- --- --------- --------- ------ ----- ----- ----- ----- ----- ----- ----- ---- ---------------------
d1gdea_c.67.1.1      -            388 d3fvsa_c.67.1.1.aln  -            393  4.6e-124  409.5   0.1   1   1    1e-125  5.1e-124  409.3   0.1     2   392     2   384     1   385 0.99 -
d1bw0a_c.67.1.1      -            412 d3fvsa_c.67.1.1.aln  -            393  1.3e-111  368.5   0.0   1   1  2.9e-113  1.4e-111  368.4   0.0     2   392     3   409     2   410 0.98 -
d2gb3a1c.67.1.1      -            389 d3fvsa_c.67.1.1.aln  -            393  4.8e-100  330.4   0.0   1   1  1.1e-101  5.3e-100  330.2   0.0     3   392     2   386     1   387 0.98 -
d2hoxa_c.67.1.1      -            425 d3fvsa_c.67.1.1.aln  -            393   8.4e-94  309.8   0.0   1   1   1.9e-95   9.4e-94  309.7   0.0     1   391     1   424     1   425 0.99 -
d1lc5a_c.67.1.1      -            355 d3fvsa_c.67.1.1.aln  -            393   8.7e-73  240.6   0.0   1   1     2e-74   9.7e-73  240.5   0.0    10   390     3   355     1   355 0.97 -
d1fg7a_c.67.1.1      -            354 d3fvsa_c.67.1.1.aln  -            393   3.6e-72  238.6   0.0   1   1   8.2e-74     4e-72  238.5   0.0     5   389     3   354     1   354 0.98 -
d1svva_c.67.1.1      -            340 d3fvsa_c.67.1.1.aln  -            393   2.8e-66  219.2   0.0   1   1   6.8e-68   3.4e-66  219.0   0.0    50   392    14   339     6   340 0.97 -
d1m6sa_c.67.1.1      -            343 d3fvsa_c.67.1.1.aln  -            393   1.9e-64  213.2   0.0   1   1   4.6e-66   2.3e-64  213.0   0.0    48   392    11   341     5   342 0.97 -
d1v72a1c.67.1.1      -            345 d3fvsa_c.67.1.1.aln  -            393   8.1e-62  204.5   0.0   1   1     2e-63   9.7e-62  204.3   0.0    49   390    16   342     6   345 0.97 -
d3fvsa_c.67.1.1      -            419 d3fvsa_c.67.1.1.aln  -            393   1.7e-56  187.1   0.0   1   1   6.4e-58   3.2e-56  186.1   0.0    24   388    20   414    17   418 0.88 -
d3piua_c.67.1.4      -            416 d3fvsa_c.67.1.1.aln  -            393   7.1e-34  112.5   0.0   1   1   1.8e-35   8.9e-34  112.2   0.0    72   391    70   413    66   415 0.89 -
d3ftba_c.67.1.0      -            334 d3fvsa_c.67.1.1.aln  -            393   1.1e-26   88.8   0.0   1   1   2.9e-28   1.4e-26   88.5   0.0    68   340    31   279    24   327 0.83 -
d2c81a_c.67.1.0      -            409 d3fvsa_c.67.1.1.aln  -            393   0.00012   16.3   0.3   1   1     1e-05    0.0005   14.3   0.3   101   213    56   158    30   161 0.81 -
d2bhua3c.1.8.1       -            420 d3fvsa_c.67.1.1.aln  -            393    0.0018   12.4   0.0   1   1   5.2e-05    0.0026   11.9   0.0   191   231    82   122    80   133 0.87 -
d1o69a_c.67.1.4      -            374 d3fvsa_c.67.1.1.aln  -            393    0.0043   11.2   0.2   1   2    0.0019     0.092    6.8   0.4    90   213    31   146    21   147 0.74 -
d1o69a_c.67.1.4      -            374 d3fvsa_c.67.1.1.aln  -            393    0.0043   11.2   0.2   2   2      0.19       9.5    0.2   0.0   142   201   313   369   304   372 0.89 -
d2epja_c.67.1.0      -            426 d3fvsa_c.67.1.1.aln  -            393    0.0055   10.8   0.0   1   1   0.00015    0.0074   10.4   0.0   120   227   137   251    65   340 0.71 -
#
# Program:         hmmsearch
# Version:         3.1b2 (February 2015)
# Pipeline mode:   SEARCH
# Query file:      hmmModels95/d3fvsa_c.67.1.1.hmm
# Target file:     scop/scopTestSeq.fasta
# Option settings: hmmsearch --domtblout hmmModels95/d3fvsa_c.67.1.1.out -E 1 hmmModels95/d3fvsa_c.67.1.1.hmm scop/scopTestSeq.fasta 
# Current dir:     /users/nfs/Etu7/3801677/SBAS/TME8
# Date:            Tue Apr  4 15:54:39 2023
# [ok]
