#                                                                            --- full sequence --- -------------- this domain -------------   hmm coord   ali coord   env coord
# target name        accession   tlen query name           accession   qlen   E-value  score  bias   #  of  c-Evalue  i-Evalue  score  bias  from    to  from    to  from    to  acc description of target
#------------------- ---------- ----- -------------------- ---------- ----- --------- ------ ----- --- --- --------- --------- ------ ----- ----- ----- ----- ----- ----- ----- ---- ---------------------
d3r6ua_c.94.1.0      -            272 d3h7ma_c.94.1.0.aln  -            297     4e-48  159.7   3.4   1   1   5.7e-50   4.5e-48  159.5   3.4    15   295     1   272     1   272 0.98 -
d3tqla_c.94.1.0      -            227 d3h7ma_c.94.1.0.aln  -            297   3.7e-47  156.5   0.6   1   1   5.2e-49   4.1e-47  156.4   0.6    30   269     2   227     1   227 0.99 -
d3delb_c.94.1.0      -            232 d3h7ma_c.94.1.0.aln  -            297   1.4e-46  154.6   0.0   1   1     2e-48   1.5e-46  154.5   0.0    32   278     3   230     1   232 0.97 -
d3kzga_c.94.1.0      -            228 d3h7ma_c.94.1.0.aln  -            297   2.5e-46  153.8   0.0   1   1   3.7e-48   2.9e-46  153.6   0.0    32   269     4   228     2   228 0.99 -
d2q88a_c.94.1.0      -            257 d3h7ma_c.94.1.0.aln  -            297   5.7e-44  146.1   0.0   1   1   7.9e-46   6.3e-44  145.9   0.0    21   287     3   257     1   257 0.97 -
d3i6va_c.94.1.0      -            218 d3h7ma_c.94.1.0.aln  -            297   9.4e-39  128.9   0.0   1   1   1.4e-40   1.1e-38  128.7   0.0    31   273     1   215     1   218 0.97 -
d1jeta_c.94.1.1      -            517 d3h7ma_c.94.1.0.aln  -            297   3.3e-34  114.0   4.8   1   1   5.5e-36   4.3e-34  113.6   4.8    81   296   203   444   115   445 0.90 -
d3h7ma_c.94.1.0      -            228 d3h7ma_c.94.1.0.aln  -            297   2.3e-11   39.0   0.0   1   1   5.9e-13   4.7e-11   38.0   0.0    36   270    11   224     3   227 0.90 -
d1q35a_c.94.1.1      -            318 d3h7ma_c.94.1.0.aln  -            297   6.6e-05   17.8   0.2   1   1   9.9e-07   7.8e-05   17.6   0.2   152   275   154   276    75   296 0.87 -
d1ii5a_c.94.1.1      -            226 d3h7ma_c.94.1.0.aln  -            297    0.0014   13.5   0.0   1   1   0.00016     0.012   10.4   0.0    53   269    27   225     8   226 0.64 -
#
# Program:         hmmsearch
# Version:         3.1b2 (February 2015)
# Pipeline mode:   SEARCH
# Query file:      hmmModels95/d3h7ma_c.94.1.0.hmm
# Target file:     scop/scopTestSeq.fasta
# Option settings: hmmsearch --domtblout hmmModels95/d3h7ma_c.94.1.0.out -E 1 hmmModels95/d3h7ma_c.94.1.0.hmm scop/scopTestSeq.fasta 
# Current dir:     /users/nfs/Etu7/3801677/SBAS/TME8
# Date:            Tue Apr  4 15:54:40 2023
# [ok]
