#                                                                            --- full sequence --- -------------- this domain -------------   hmm coord   ali coord   env coord
# target name        accession   tlen query name           accession   qlen   E-value  score  bias   #  of  c-Evalue  i-Evalue  score  bias  from    to  from    to  from    to  acc description of target
#------------------- ---------- ----- -------------------- ---------- ----- --------- ------ ----- --- --- --------- --------- ------ ----- ----- ----- ----- ----- ----- ----- ---- ---------------------
d3c7ma_c.47.1.0      -            195 d3h93a_c.47.1.0.aln  -            131     1e-49  163.3   3.2   1   1   2.4e-51   1.3e-49  163.0   3.2     5   131     1   145     1   145 0.99 -
d2v1ma_c.47.1.0      -            163 d3h93a_c.47.1.0.aln  -            131   2.8e-33  110.2   0.1   1   1   5.8e-35   3.3e-33  109.9   0.1     1   122    31   162    31   163 0.98 -
d3feua_c.47.1.0      -            183 d3h93a_c.47.1.0.aln  -            131   6.1e-23   76.7   0.0   1   1   1.3e-24   7.2e-23   76.5   0.0     7   131     3   157     1   157 0.98 -
d2i4aa_c.47.1.1      -            107 d3h93a_c.47.1.0.aln  -            131     7e-17   57.1   0.0   1   1   1.4e-18   7.9e-17   56.9   0.0    12   114     8   101     3   106 0.90 -
d3gnja_c.47.1.0      -            111 d3h93a_c.47.1.0.aln  -            131   1.4e-15   52.9   0.3   1   1   2.7e-17   1.5e-15   52.8   0.3     3   121     3   110     1   111 0.94 -
d2xhfa_c.47.1.0      -            156 d3h93a_c.47.1.0.aln  -            131   1.6e-13   46.3   0.0   1   1   3.2e-15   1.8e-13   46.1   0.0    12   130    21   144    11   145 0.95 -
d1r26a_c.47.1.1      -            113 d3h93a_c.47.1.0.aln  -            131   2.5e-12   42.4   0.0   1   1   4.9e-14   2.8e-12   42.2   0.0     4   107     7    99     4   109 0.89 -
d3h79a_c.47.1.0      -            115 d3h93a_c.47.1.0.aln  -            131   4.7e-10   35.0   0.0   1   1   9.1e-12   5.2e-10   34.9   0.0     8    99     5    92     1   108 0.90 -
d2hzfa_c.47.1.0      -            110 d3h93a_c.47.1.0.aln  -            131   1.3e-05   20.7   0.0   1   1   2.4e-07   1.4e-05   20.6   0.0    11    99     4    83     1   105 0.81 -
d3fz4a_c.47.1.0      -            119 d3h93a_c.47.1.0.aln  -            131   3.9e-05   19.1   0.0   1   1   7.9e-07   4.4e-05   18.9   0.0     3   117     8   118     6   119 0.91 -
d1sena_c.47.1.1      -            135 d3h93a_c.47.1.0.aln  -            131     4e-05   19.1   0.0   1   1   1.1e-06   6.5e-05   18.4   0.0    14    52    15    52    12    76 0.79 -
d3qmxa_c.47.1.0      -             99 d3h93a_c.47.1.0.aln  -            131   0.00038   15.9   0.0   1   1   7.5e-06   0.00042   15.8   0.0    26   116    19    97     4    99 0.89 -
d3h93a_c.47.1.0      -            192 d3h93a_c.47.1.0.aln  -            131    0.0012   14.4   1.2   1   2       1.9   1.1e+02   -1.7   0.1    26    39    30    43     7    61 0.58 -
d3h93a_c.47.1.0      -            192 d3h93a_c.47.1.0.aln  -            131    0.0012   14.4   1.2   2   2   2.8e-05    0.0016   13.9   0.2    44    97   116   162   112   192 0.86 -
d2wcia_c.47.1.0      -            113 d3h93a_c.47.1.0.aln  -            131    0.0023   13.4   0.0   1   1   4.2e-05    0.0024   13.4   0.0    17   127    11   111     1   113 0.86 -
#
# Program:         hmmsearch
# Version:         3.1b2 (February 2015)
# Pipeline mode:   SEARCH
# Query file:      hmmModels95/d3h93a_c.47.1.0.hmm
# Target file:     scop/scopTestSeq.fasta
# Option settings: hmmsearch --domtblout hmmModels95/d3h93a_c.47.1.0.out -E 1 hmmModels95/d3h93a_c.47.1.0.hmm scop/scopTestSeq.fasta 
# Current dir:     /users/nfs/Etu7/3801677/SBAS/TME8
# Date:            Tue Apr  4 15:54:40 2023
# [ok]
