#                                                                            --- full sequence --- -------------- this domain -------------   hmm coord   ali coord   env coord
# target name        accession   tlen query name           accession   qlen   E-value  score  bias   #  of  c-Evalue  i-Evalue  score  bias  from    to  from    to  from    to  acc description of target
#------------------- ---------- ----- -------------------- ---------- ----- --------- ------ ----- --- --- --------- --------- ------ ----- ----- ----- ----- ----- ----- ----- ---- ---------------------
d1s5ja1c.55.3.5      -            410 d3hl8a_c.55.3.5.aln  -            247   1.2e-82  272.5   2.0   1   1   2.8e-84   1.6e-82  272.1   2.0     1   247    64   406    64   406 1.00 -
d1q8ia1c.55.3.5      -            388 d3hl8a_c.55.3.5.aln  -            247     3e-76  251.5   0.0   1   1   6.2e-78   3.5e-76  251.3   0.0     1   247    57   386    57   386 0.99 -
d2hbja2c.55.3.5      -            292 d3hl8a_c.55.3.5.aln  -            247   3.8e-54  179.2   1.2   1   1   8.1e-56   4.5e-54  178.9   1.2     1   247    55   287    55   287 0.98 -
d3mxma_c.55.3.5      -            229 d3hl8a_c.55.3.5.aln  -            247   1.2e-48  161.2   0.0   1   1   2.3e-50   1.3e-48  161.0   0.0     7   238     3   229     1   229 0.98 -
d2igia_c.55.3.5      -            180 d3hl8a_c.55.3.5.aln  -            247   2.6e-29   97.8   0.1   1   1   6.4e-31   3.6e-29   97.3   0.1    10   222     4   180     1   180 0.96 -
d1x9ma1c.55.3.5      -            204 d3hl8a_c.55.3.5.aln  -            247     3e-28   94.3   0.1   1   1   5.8e-30   3.2e-28   94.2   0.1     8   246     2   199     1   200 0.97 -
d1kfsa1c.55.3.5      -            195 d3hl8a_c.55.3.5.aln  -            247   7.7e-27   89.7   0.4   1   1   1.5e-28   8.5e-27   89.6   0.4     7   232     1   195     1   195 0.98 -
d1yt3a3c.55.3.5      -            193 d3hl8a_c.55.3.5.aln  -            247   2.8e-26   87.9   0.0   1   1   5.5e-28   3.1e-26   87.7   0.0     3   235     1   193     1   193 0.99 -
d1w0ha_c.55.3.5      -            200 d3hl8a_c.55.3.5.aln  -            247     2e-25   85.1   0.0   1   1     4e-27   2.2e-25   84.9   0.0     7   231     2   199     1   200 0.95 -
d2guia_c.55.3.5      -            176 d3hl8a_c.55.3.5.aln  -            247   1.1e-24   82.6   0.0   1   1   2.2e-26   1.3e-24   82.5   0.0    11   226     2   174     1   176 0.97 -
d2f96a1c.55.3.5      -            202 d3hl8a_c.55.3.5.aln  -            247     3e-24   81.2   0.0   1   1     6e-26   3.4e-24   81.1   0.0     2   237     2   202     1   202 0.98 -
d1vk0a_c.55.3.5      -            206 d3hl8a_c.55.3.5.aln  -            247   6.7e-23   76.8   0.0   1   1   1.3e-24   7.3e-23   76.7   0.0    15   243     6   205     1   206 0.98 -
d2py5a1c.55.3.5      -            183 d3hl8a_c.55.3.5.aln  -            247   5.5e-18   60.7   0.1   1   1   1.1e-19     6e-18   60.6   0.1    11   232     2   183     1   183 0.97 -
d1wlja_c.55.3.5      -            173 d3hl8a_c.55.3.5.aln  -            247   1.4e-15   52.8   0.0   1   1   2.9e-17   1.6e-15   52.6   0.0    13   230     2   172     1   173 0.93 -
#
# Program:         hmmsearch
# Version:         3.1b2 (February 2015)
# Pipeline mode:   SEARCH
# Query file:      hmmModels95/d3hl8a_c.55.3.5.hmm
# Target file:     scop/scopTestSeq.fasta
# Option settings: hmmsearch --domtblout hmmModels95/d3hl8a_c.55.3.5.out -E 1 hmmModels95/d3hl8a_c.55.3.5.hmm scop/scopTestSeq.fasta 
# Current dir:     /users/nfs/Etu7/3801677/SBAS/TME8
# Date:            Tue Apr  4 15:54:40 2023
# [ok]
