#                                                                            --- full sequence --- -------------- this domain -------------   hmm coord   ali coord   env coord
# target name        accession   tlen query name           accession   qlen   E-value  score  bias   #  of  c-Evalue  i-Evalue  score  bias  from    to  from    to  from    to  acc description of target
#------------------- ---------- ----- -------------------- ---------- ----- --------- ------ ----- --- --- --------- --------- ------ ----- ----- ----- ----- ----- ----- ----- ---- ---------------------
d2xiga_a.4.5.0       -            148 d3jw4a_a.4.5.0.aln   -            127   5.4e-52  170.5   3.5   1   1   1.3e-53     6e-52  170.3   3.5     2   127     1   148     1   148 0.99 -
d3k69a_a.4.5.0       -            155 d3jw4a_a.4.5.0.aln   -            127   7.2e-44  144.2   0.0   1   1   1.8e-45   8.2e-44  144.0   0.0     1   127     9   145     9   145 0.99 -
d3bjaa_a.4.5.0       -            139 d3jw4a_a.4.5.0.aln   -            127   1.2e-42  140.3   1.3   1   1   2.8e-44   1.3e-42  140.1   1.3     1   127    15   139    15   139 0.99 -
d3f8ba_a.4.5.0       -            105 d3jw4a_a.4.5.0.aln   -            127   3.1e-29   96.9   0.1   1   1   7.3e-31   3.4e-29   96.8   0.1     5   109     2   105     1   105 0.98 -
d3qu3a_a.4.5.0       -            122 d3jw4a_a.4.5.0.aln   -            127   5.8e-27   89.6   0.0   1   1   1.4e-28   6.3e-27   89.5   0.0     1   116     6   121     6   122 0.98 -
d3df8a_a.4.5.0       -            109 d3jw4a_a.4.5.0.aln   -            127   3.4e-20   67.7   0.0   1   1   7.9e-22   3.6e-20   67.6   0.0     1   115     1   108     1   109 0.97 -
d3jw4a_a.4.5.0       -            137 d3jw4a_a.4.5.0.aln   -            127   6.5e-10   34.5   0.1   1   1   1.7e-11   7.7e-10   34.2   0.1     2   121    13   132    12   136 0.90 -
d2fbia1a.4.5.28      -            136 d3jw4a_a.4.5.0.aln   -            127   6.5e-07   24.8   0.0   1   1   1.9e-08   8.8e-07   24.4   0.0    26    87    30    96     8   114 0.85 -
d2etha1a.4.5.28      -            140 d3jw4a_a.4.5.0.aln   -            127   9.5e-06   21.0   0.0   1   1     3e-07   1.4e-05   20.5   0.0    41   109    54   117    46   126 0.77 -
d2a61a1a.4.5.28      -            139 d3jw4a_a.4.5.0.aln   -            127     1e-05   20.9   0.0   1   1     3e-07   1.4e-05   20.5   0.0    45   110    56   119    53   131 0.88 -
d2fbha1a.4.5.28      -            137 d3jw4a_a.4.5.0.aln   -            127   4.2e-05   18.9   0.0   1   1     1e-06   4.7e-05   18.7   0.0    27    94    37   102    12   134 0.81 -
d3broa1a.4.5.28      -            135 d3jw4a_a.4.5.0.aln   -            127   0.00012   17.4   0.9   1   1   3.1e-06   0.00015   17.2   0.9    30    99    42   108    19   132 0.82 -
d2hr3a1a.4.5.28      -            145 d3jw4a_a.4.5.0.aln   -            127   0.00014   17.2   0.0   1   1   5.8e-06   0.00027   16.3   0.0    37    84    53   109    48   120 0.80 -
d1s3ja_a.4.5.28      -            143 d3jw4a_a.4.5.0.aln   -            127   0.00015   17.1   0.1   1   1   4.9e-06   0.00023   16.6   0.1    28    73    44    89    12   113 0.80 -
d1jgsa_a.4.5.28      -            138 d3jw4a_a.4.5.0.aln   -            127   0.00094   14.6   0.0   1   1   2.4e-05    0.0011   14.3   0.0    34   121    49   135    18   137 0.81 -
d1lj9a_a.4.5.28      -            144 d3jw4a_a.4.5.0.aln   -            127    0.0026   13.1   0.1   1   1   6.4e-05     0.003   12.9   0.1    33   103    43   110    12   132 0.82 -
d3echa_a.4.5.28      -            142 d3jw4a_a.4.5.0.aln   -            127    0.0055   12.1   0.0   1   1   0.00013    0.0063   11.9   0.0    38   100    57   116    31   138 0.82 -
#
# Program:         hmmsearch
# Version:         3.1b2 (February 2015)
# Pipeline mode:   SEARCH
# Query file:      hmmModels95/d3jw4a_a.4.5.0.hmm
# Target file:     scop/scopTestSeq.fasta
# Option settings: hmmsearch --domtblout hmmModels95/d3jw4a_a.4.5.0.out -E 1 hmmModels95/d3jw4a_a.4.5.0.hmm scop/scopTestSeq.fasta 
# Current dir:     /users/nfs/Etu7/3801677/SBAS/TME8
# Date:            Tue Apr  4 15:54:40 2023
# [ok]
