#                                                                            --- full sequence --- -------------- this domain -------------   hmm coord   ali coord   env coord
# target name        accession   tlen query name           accession   qlen   E-value  score  bias   #  of  c-Evalue  i-Evalue  score  bias  from    to  from    to  from    to  acc description of target
#------------------- ---------- ----- -------------------- ---------- ----- --------- ------ ----- --- --- --------- --------- ------ ----- ----- ----- ----- ----- ----- ----- ---- ---------------------
d1e2ka_c.37.1.1      -            329 d3kb2a_c.37.1.1.aln  -            211   6.8e-83  273.3   0.0   1   2   0.00049     0.021   10.3   0.0     5    25     6    26     4    29 0.91 -
d1e2ka_c.37.1.1      -            329 d3kb2a_c.37.1.1.aln  -            211   6.8e-83  273.3   0.0   2   2   8.3e-81   3.4e-79  261.2   0.0     2   211    30   276    29   276 0.99 -
d1p5zb_c.37.1.1      -            241 d3kb2a_c.37.1.1.aln  -            211     1e-57  191.0   0.0   1   1   2.8e-59   1.2e-57  190.8   0.0     3   210     2   231     1   232 0.99 -
d1zina1c.37.1.1      -            183 d3kb2a_c.37.1.1.aln  -            211   5.9e-35  116.6   0.1   1   1   1.6e-36   6.4e-35  116.5   0.1     4   202     1   181     1   183 0.98 -
d1t0hb_c.37.1.1      -            219 d3kb2a_c.37.1.1.aln  -            211   8.7e-33  109.6   0.0   1   1   2.3e-34   9.7e-33  109.4   0.0     2   210    19   212    18   213 0.98 -
d1deka_c.37.1.1      -            241 d3kb2a_c.37.1.1.aln  -            211   8.2e-27   90.0   0.0   1   1   2.2e-28   9.1e-27   89.9   0.0     3   207     1   226     1   230 0.98 -
d1qf9a_c.37.1.1      -            194 d3kb2a_c.37.1.1.aln  -            211   4.5e-26   87.6   0.0   1   1   1.3e-27   5.3e-26   87.4   0.0     2   200     5   190     4   193 0.93 -
d1khta_c.37.1.1      -            190 d3kb2a_c.37.1.1.aln  -            211   2.9e-19   65.4   0.0   1   1   7.6e-21   3.1e-19   65.3   0.0     3   200     1   187     1   190 0.94 -
d1vhta_c.37.1.1      -            208 d3kb2a_c.37.1.1.aln  -            211   6.1e-18   61.0   0.4   1   1   1.7e-19   7.2e-18   60.8   0.4     4   207     4   206     2   208 0.96 -
d1kjwa2c.37.1.1      -            199 d3kb2a_c.37.1.1.aln  -            211   1.1e-17   60.2   0.1   1   1   3.1e-19   1.3e-17   60.0   0.1    37   210    39   198    19   199 0.87 -
d1y63a_c.37.1.1      -            174 d3kb2a_c.37.1.1.aln  -            211   5.9e-16   54.5   0.5   1   1   1.6e-17   6.6e-16   54.4   0.5     2   198     4   173     3   174 0.94 -
d1gsia_c.37.1.1      -            208 d3kb2a_c.37.1.1.aln  -            211   1.7e-14   49.8   0.0   1   1   4.7e-16     2e-14   49.6   0.0     4   171     1   170     1   199 0.89 -
d1kgda_c.37.1.1      -            178 d3kb2a_c.37.1.1.aln  -            211   3.6e-14   48.7   0.1   1   1     1e-15   4.2e-14   48.5   0.1     2   198     2   177     1   178 0.88 -
d1yj5a2c.37.1.1      -            172 d3kb2a_c.37.1.1.aln  -            211   3.9e-13   45.3   0.0   1   2   3.4e-08   1.4e-06   23.9   0.0     3    52    14    63    12    67 0.93 -
d1yj5a2c.37.1.1      -            172 d3kb2a_c.37.1.1.aln  -            211   3.9e-13   45.3   0.0   2   2   5.6e-07   2.3e-05   19.9   0.0    89   198    67   168    65   172 0.95 -
d1ly1a_c.37.1.1      -            152 d3kb2a_c.37.1.1.aln  -            211   4.7e-12   41.8   0.0   1   1     1e-11   4.2e-10   35.4   0.0     3   174     2   142     1   146 0.90 -
d1lw7a2c.37.1.1      -            192 d3kb2a_c.37.1.1.aln  -            211   1.1e-11   40.6   0.0   1   1   3.4e-13   1.4e-11   40.2   0.0     4   191     8   181     6   188 0.94 -
d2grja_c.37.1.1      -            179 d3kb2a_c.37.1.1.aln  -            211   1.7e-09   33.5   0.3   1   1   6.8e-11   2.8e-09   32.7   0.3     2   194     2   177     1   178 0.84 -
d2qora_c.37.1.0      -            196 d3kb2a_c.37.1.1.aln  -            211   5.6e-07   25.2   0.0   1   1   2.5e-08     1e-06   24.3   0.0     3    60     4    60     2   189 0.64 -
d3akea_c.37.1.0      -            208 d3kb2a_c.37.1.1.aln  -            211   7.8e-06   21.5   0.1   1   2   5.6e-07   2.3e-05   19.9   0.0     5    41     4    40     1    80 0.88 -
d3akea_c.37.1.0      -            208 d3kb2a_c.37.1.1.aln  -            211   7.8e-06   21.5   0.1   2   2       1.7        72   -1.3   0.1   136   166   156   186   140   205 0.62 -
d1in4a2c.37.1.20     -            238 d3kb2a_c.37.1.1.aln  -            211     7e-05   18.4   0.0   1   1     4e-06   0.00017   17.1   0.0     6    50    38    83    36   102 0.87 -
#
# Program:         hmmsearch
# Version:         3.1b2 (February 2015)
# Pipeline mode:   SEARCH
# Query file:      hmmModels95/d3kb2a_c.37.1.1.hmm
# Target file:     scop/scopTestSeq.fasta
# Option settings: hmmsearch --domtblout hmmModels95/d3kb2a_c.37.1.1.out -E 1 hmmModels95/d3kb2a_c.37.1.1.hmm scop/scopTestSeq.fasta 
# Current dir:     /users/nfs/Etu7/3801677/SBAS/TME8
# Date:            Tue Apr  4 15:54:41 2023
# [ok]
