#                                                                            --- full sequence --- -------------- this domain -------------   hmm coord   ali coord   env coord
# target name        accession   tlen query name           accession   qlen   E-value  score  bias   #  of  c-Evalue  i-Evalue  score  bias  from    to  from    to  from    to  acc description of target
#------------------- ---------- ----- -------------------- ---------- ----- --------- ------ ----- --- --- --------- --------- ------ ----- ----- ----- ----- ----- ----- ----- ---- ---------------------
d1kt7a_b.60.1.1      -            175 d3kffa_b.60.1.1.aln  -            170   2.4e-49  163.2   0.1   1   1     5e-51   2.6e-49  163.0   0.1     2   167     3   174     2   175 0.99 -
d1kxoa_b.60.1.1      -            171 d3kffa_b.60.1.1.aln  -            170   9.3e-47  154.7   1.0   1   1     2e-48     1e-46  154.6   1.0     1   168     4   171     4   171 0.98 -
d3s26a_b.60.1.1      -            176 d3kffa_b.60.1.1.aln  -            170   1.2e-46  154.4   0.1   1   1   2.4e-48   1.3e-46  154.3   0.1     3   169     6   174     4   175 0.96 -
d3kffa_b.60.1.1      -            152 d3kffa_b.60.1.1.aln  -            170   3.3e-44  146.4   0.4   1   1   6.9e-46   3.6e-44  146.3   0.4    15   168     2   149     1   151 0.98 -
d3saoa_b.60.1.1      -            155 d3kffa_b.60.1.1.aln  -            170   4.5e-43  142.7   0.2   1   1   9.6e-45     5e-43  142.6   0.2    17   169     1   148     1   149 0.98 -
d1lf7a_b.60.1.1      -            171 d3kffa_b.60.1.1.aln  -            170   5.9e-37  122.8   0.0   1   1   1.2e-38   6.5e-37  122.7   0.0     3   168     2   160     1   162 0.97 -
d1i4ua_b.60.1.1      -            181 d3kffa_b.60.1.1.aln  -            170   7.3e-37  122.5   0.8   1   1   1.6e-38   8.3e-37  122.4   0.8     2   169     9   175     8   176 0.97 -
d1dzka_b.60.1.1      -            148 d3kffa_b.60.1.1.aln  -            170   9.3e-36  118.9   0.2   1   1   1.9e-37     1e-35  118.8   0.2    18   168     2   147     1   148 0.98 -
d1x8qa_b.60.1.1      -            184 d3kffa_b.60.1.1.aln  -            170   1.7e-35  118.1   6.5   1   1   3.8e-37     2e-35  117.8   6.5     2   166     2   178     1   181 0.98 -
d1qwda_b.60.1.1      -            167 d3kffa_b.60.1.1.aln  -            170   5.4e-35  116.5   0.0   1   1   1.1e-36   5.9e-35  116.3   0.0     3   163     9   166     7   167 0.96 -
d1epba_b.60.1.1      -            160 d3kffa_b.60.1.1.aln  -            170   4.4e-33  110.2   0.1   1   1   9.2e-35   4.8e-33  110.1   0.1    11   168     1   153     1   155 0.96 -
d1qfta_b.60.1.1      -            175 d3kffa_b.60.1.1.aln  -            170   1.8e-32  108.2   7.3   1   1   3.7e-34     2e-32  108.1   7.3     4   161     5   173     2   175 0.95 -
d1xkia_b.60.1.1      -            139 d3kffa_b.60.1.1.aln  -            170   2.3e-26   88.4   0.0   1   1   4.7e-28   2.5e-26   88.3   0.0    19   162     2   137     1   139 0.98 -
d2joza1b.60.1.1      -            126 d3kffa_b.60.1.1.aln  -            170   2.1e-11   39.7   0.0   1   2     6e-09   3.1e-07   26.1   0.0     6    66     4    63     1    73 0.91 -
d2joza1b.60.1.1      -            126 d3kffa_b.60.1.1.aln  -            170   2.1e-11   39.7   0.0   2   2   2.3e-05    0.0012   14.4   0.0    97   165    62   124    61   126 0.92 -
d2etha1a.4.5.28      -            140 d3kffa_b.60.1.1.aln  -            170    0.0054   12.3   0.1   1   1   0.00012    0.0064   12.1   0.1    81   151    48   114    14   130 0.78 -
#
# Program:         hmmsearch
# Version:         3.1b2 (February 2015)
# Pipeline mode:   SEARCH
# Query file:      hmmModels95/d3kffa_b.60.1.1.hmm
# Target file:     scop/scopTestSeq.fasta
# Option settings: hmmsearch --domtblout hmmModels95/d3kffa_b.60.1.1.out -E 1 hmmModels95/d3kffa_b.60.1.1.hmm scop/scopTestSeq.fasta 
# Current dir:     /users/nfs/Etu7/3801677/SBAS/TME8
# Date:            Tue Apr  4 15:54:41 2023
# [ok]
