#                                                                            --- full sequence --- -------------- this domain -------------   hmm coord   ali coord   env coord
# target name        accession   tlen query name           accession   qlen   E-value  score  bias   #  of  c-Evalue  i-Evalue  score  bias  from    to  from    to  from    to  acc description of target
#------------------- ---------- ----- -------------------- ---------- ----- --------- ------ ----- --- --- --------- --------- ------ ----- ----- ----- ----- ----- ----- ----- ---- ---------------------
d3heba_c.23.1.0      -            142 d3khta_c.23.1.0.aln  -            122   6.3e-45  147.4   0.0   1   1   1.4e-46   7.1e-45  147.2   0.0     2   121     2   131     1   132 0.98 -
d3cfya_c.23.1.0      -            130 d3khta_c.23.1.0.aln  -            122   6.3e-40  131.3   0.1   1   1   1.4e-41     7e-40  131.1   0.1     2   121     3   120     2   121 0.98 -
d3eqza_c.23.1.0      -            124 d3khta_c.23.1.0.aln  -            122   2.6e-36  119.6   0.0   1   1   5.8e-38   2.9e-36  119.5   0.0     2   122     2   124     1   124 0.97 -
d1jbea_c.23.1.1      -            128 d3khta_c.23.1.0.aln  -            122     3e-32  106.5   0.0   1   1   7.6e-34   3.8e-32  106.2   0.0     4   118     7   122     5   125 0.98 -
d3ktoa_c.23.1.0      -            122 d3khta_c.23.1.0.aln  -            122   3.8e-30   99.7   0.1   1   1   8.4e-32   4.1e-30   99.6   0.1     2   120     1   119     1   121 0.98 -
d1kgsa2c.23.1.1      -            122 d3khta_c.23.1.0.aln  -            122   3.8e-30   99.7   0.1   1   1   8.4e-32   4.1e-30   99.6   0.1     3   121     3   119     1   120 0.94 -
d1mb3a_c.23.1.1      -            123 d3khta_c.23.1.0.aln  -            122   6.1e-28   92.6   0.2   1   1   1.4e-29   6.7e-28   92.4   0.2     2   122     2   122     1   122 0.98 -
d1s8na_c.23.1.1      -            190 d3khta_c.23.1.0.aln  -            122   3.9e-27   90.0   0.0   1   1   1.2e-28   5.7e-27   89.4   0.0     3   120     5   120     3   122 0.96 -
d1dz3a_c.23.1.1      -            123 d3khta_c.23.1.0.aln  -            122   3.7e-26   86.8   0.0   1   1   8.1e-28     4e-26   86.7   0.0     3   119     3   120     1   123 0.95 -
d1dbwa_c.23.1.1      -            123 d3khta_c.23.1.0.aln  -            122   1.4e-24   81.7   0.1   1   1   3.2e-26   1.6e-24   81.5   0.1     3   118     5   118     3   121 0.93 -
d2plna_c.23.1.0      -            118 d3khta_c.23.1.0.aln  -            122   2.7e-24   80.8   0.2   1   1   5.9e-26   2.9e-24   80.7   0.2     2   119     5   116     4   118 0.92 -
d1k66a_c.23.1.1      -            149 d3khta_c.23.1.0.aln  -            122   2.7e-23   77.6   0.0   1   1   6.6e-25   3.2e-23   77.3   0.0     4   119     9   136     6   138 0.95 -
d2r25b_c.23.1.1      -            133 d3khta_c.23.1.0.aln  -            122     8e-22   72.8   0.1   1   1   1.9e-23   9.3e-22   72.6   0.1     3   118     4   124     2   127 0.94 -
d3khta_c.23.1.0      -            132 d3khta_c.23.1.0.aln  -            122   2.7e-18   61.4   0.1   1   1   6.3e-20   3.1e-18   61.2   0.1     2   107     2   109     1   118 0.95 -
d2v0na2c.23.1.1      -            153 d3khta_c.23.1.0.aln  -            122   2.3e-13   45.5   0.0   1   1   6.5e-15   3.2e-13   45.0   0.0     3   120    15   130    14   132 0.93 -
d2b4aa1c.23.1.1      -            118 d3khta_c.23.1.0.aln  -            122   5.2e-08   28.2   0.0   1   1   1.4e-09   6.8e-08   27.8   0.0     3   116     4   113     3   116 0.83 -
#
# Program:         hmmsearch
# Version:         3.1b2 (February 2015)
# Pipeline mode:   SEARCH
# Query file:      hmmModels95/d3khta_c.23.1.0.hmm
# Target file:     scop/scopTestSeq.fasta
# Option settings: hmmsearch --domtblout hmmModels95/d3khta_c.23.1.0.out -E 1 hmmModels95/d3khta_c.23.1.0.hmm scop/scopTestSeq.fasta 
# Current dir:     /users/nfs/Etu7/3801677/SBAS/TME8
# Date:            Tue Apr  4 15:54:41 2023
# [ok]
