#                                                                            --- full sequence --- -------------- this domain -------------   hmm coord   ali coord   env coord
# target name        accession   tlen query name           accession   qlen   E-value  score  bias   #  of  c-Evalue  i-Evalue  score  bias  from    to  from    to  from    to  acc description of target
#------------------- ---------- ----- -------------------- ---------- ----- --------- ------ ----- --- --- --------- --------- ------ ----- ----- ----- ----- ----- ----- ----- ---- ---------------------
d3heba_c.23.1.0      -            142 d3ktoa_c.23.1.0.aln  -            122   4.7e-44  144.6   0.0   1   1   1.1e-45   5.3e-44  144.5   0.0     2   121     2   131     1   132 0.98 -
d3cfya_c.23.1.0      -            130 d3ktoa_c.23.1.0.aln  -            122   1.2e-38  127.2   0.1   1   1   2.7e-40   1.4e-38  127.0   0.1     2   121     3   120     2   121 0.98 -
d3eqza_c.23.1.0      -            124 d3ktoa_c.23.1.0.aln  -            122   1.6e-35  117.1   0.0   1   1   3.6e-37   1.8e-35  116.9   0.0     2   122     2   124     1   124 0.96 -
d3khta_c.23.1.0      -            132 d3ktoa_c.23.1.0.aln  -            122   6.4e-35  115.1   0.0   1   1   1.4e-36   7.1e-35  115.0   0.0     1   121     1   124     1   125 0.97 -
d1jbea_c.23.1.1      -            128 d3ktoa_c.23.1.0.aln  -            122   4.8e-32  105.8   0.0   1   1   1.1e-33   5.6e-32  105.6   0.0     3   119     6   123     4   125 0.98 -
d1kgsa2c.23.1.1      -            122 d3ktoa_c.23.1.0.aln  -            122   5.8e-31  102.4   0.1   1   1   1.3e-32   6.3e-31  102.2   0.1     3   121     3   119     1   120 0.95 -
d1mb3a_c.23.1.1      -            123 d3ktoa_c.23.1.0.aln  -            122   6.3e-30   99.0   0.1   1   1   1.4e-31   6.9e-30   98.9   0.1     2   122     2   122     1   122 0.98 -
d1s8na_c.23.1.1      -            190 d3ktoa_c.23.1.0.aln  -            122   8.8e-28   92.1   0.0   1   1   2.8e-29   1.4e-27   91.4   0.0     3   120     5   120     3   122 0.96 -
d1dz3a_c.23.1.1      -            123 d3ktoa_c.23.1.0.aln  -            122     3e-26   87.1   0.0   1   1   7.3e-28   3.6e-26   86.9   0.0     3   118     3   119     1   122 0.95 -
d2plna_c.23.1.0      -            118 d3ktoa_c.23.1.0.aln  -            122   1.5e-25   84.8   0.2   1   1   3.4e-27   1.7e-25   84.7   0.2     1   119     4   117     4   118 0.95 -
d1k66a_c.23.1.1      -            149 d3ktoa_c.23.1.0.aln  -            122   8.4e-25   82.5   0.0   1   1     2e-26   9.7e-25   82.3   0.0     4   121     9   138     6   139 0.95 -
d2r25b_c.23.1.1      -            133 d3ktoa_c.23.1.0.aln  -            122   3.3e-23   77.3   0.1   1   1     8e-25   3.9e-23   77.1   0.1     3   118     4   124     2   127 0.93 -
d1dbwa_c.23.1.1      -            123 d3ktoa_c.23.1.0.aln  -            122     1e-21   72.5   0.0   1   1   2.4e-23   1.2e-21   72.3   0.0     3   118     5   118     3   121 0.93 -
d2v0na2c.23.1.1      -            153 d3ktoa_c.23.1.0.aln  -            122   8.8e-15   50.1   0.0   1   1   2.4e-16   1.2e-14   49.7   0.0     3   119    15   129    14   132 0.90 -
d3ktoa_c.23.1.0      -            122 d3ktoa_c.23.1.0.aln  -            122     2e-11   39.3   0.1   1   1   4.8e-13   2.4e-11   39.0   0.1     4   119     3   118     1   120 0.91 -
d2b4aa1c.23.1.1      -            118 d3ktoa_c.23.1.0.aln  -            122   2.1e-09   32.7   0.0   1   1   5.7e-11   2.8e-09   32.3   0.0     3   116     4   113     3   116 0.83 -
#
# Program:         hmmsearch
# Version:         3.1b2 (February 2015)
# Pipeline mode:   SEARCH
# Query file:      hmmModels95/d3ktoa_c.23.1.0.hmm
# Target file:     scop/scopTestSeq.fasta
# Option settings: hmmsearch --domtblout hmmModels95/d3ktoa_c.23.1.0.out -E 1 hmmModels95/d3ktoa_c.23.1.0.hmm scop/scopTestSeq.fasta 
# Current dir:     /users/nfs/Etu7/3801677/SBAS/TME8
# Date:            Tue Apr  4 15:54:41 2023
# [ok]
