#                                                                            --- full sequence --- -------------- this domain -------------   hmm coord   ali coord   env coord
# target name        accession   tlen query name           accession   qlen   E-value  score  bias   #  of  c-Evalue  i-Evalue  score  bias  from    to  from    to  from    to  acc description of target
#------------------- ---------- ----- -------------------- ---------- ----- --------- ------ ----- --- --- --------- --------- ------ ----- ----- ----- ----- ----- ----- ----- ---- ---------------------
d3f1la_c.2.1.0       -            245 d3l77a_c.2.1.0.aln   -            269   5.9e-64  211.5   0.0   1   1     1e-65   6.6e-64  211.3   0.0     3   264    10   245     8   245 0.96 -
d3i4fa_c.2.1.0       -            250 d3l77a_c.2.1.0.aln   -            269   3.9e-61  202.2   0.7   1   1   7.1e-63   4.7e-61  202.0   0.7     6   266     3   247     2   250 0.96 -
d2r6ja_c.2.1.0       -            310 d3l77a_c.2.1.0.aln   -            269   3.5e-49  163.0   0.0   1   1   5.9e-51   3.9e-49  162.9   0.0     4   267     2   297     1   299 0.99 -
d3ehea_c.2.1.0       -            303 d3l77a_c.2.1.0.aln   -            269   1.7e-42  141.1   0.4   1   2   0.00054     0.036    8.9   0.2     8    28     2    22     1    31 0.82 -
d3ehea_c.2.1.0       -            303 d3l77a_c.2.1.0.aln   -            269   1.7e-42  141.1   0.4   2   2   3.5e-41   2.3e-39  130.8   0.0    18   267    31   299    27   301 0.97 -
d3l77a_c.2.1.0       -            235 d3l77a_c.2.1.0.aln   -            269   9.2e-39  128.9   0.0   1   1   1.9e-40   1.3e-38  128.4   0.0     5   256     2   223     1   228 0.89 -
d1gpja2c.2.1.7       -            159 d3l77a_c.2.1.0.aln   -            269   4.8e-07   24.9   4.9   1   1   1.7e-08   1.1e-06   23.7   4.9     2    87    21   139    20   146 0.93 -
d1luaa1c.2.1.7       -            191 d3l77a_c.2.1.0.aln   -            269   2.5e-06   22.5   4.3   1   1   5.4e-08   3.5e-06   22.0   4.3     2    87    20    97    19   100 0.88 -
d1o89a2c.2.1.1       -            177 d3l77a_c.2.1.0.aln   -            269     6e-06   21.3   0.1   1   1   1.1e-07   7.4e-06   21.0   0.1     5    44    32    70    29   105 0.81 -
d1nhpa2c.3.1.5       -            123 d3l77a_c.2.1.0.aln   -            269   1.8e-05   19.7   0.2   1   1   3.1e-07     2e-05   19.5   0.2     9    41    33    65    31   115 0.79 -
d1jaya_c.2.1.6       -            212 d3l77a_c.2.1.0.aln   -            269   8.5e-05   17.5   0.5   1   1     2e-06   0.00013   16.9   0.5     6    46     2    48     1    95 0.74 -
d1vpda2c.2.1.6       -            161 d3l77a_c.2.1.0.aln   -            269    0.0021   12.9   0.0   1   1   4.3e-05    0.0028   12.5   0.0    17    67    11    61     5    75 0.81 -
d1h9aa1c.2.1.3       -            196 d3l77a_c.2.1.0.aln   -            269    0.0046   11.8   0.2   1   1     9e-05    0.0059   11.4   0.2    45    92    59   108    32   125 0.82 -
#
# Program:         hmmsearch
# Version:         3.1b2 (February 2015)
# Pipeline mode:   SEARCH
# Query file:      hmmModels95/d3l77a_c.2.1.0.hmm
# Target file:     scop/scopTestSeq.fasta
# Option settings: hmmsearch --domtblout hmmModels95/d3l77a_c.2.1.0.out -E 1 hmmModels95/d3l77a_c.2.1.0.hmm scop/scopTestSeq.fasta 
# Current dir:     /users/nfs/Etu7/3801677/SBAS/TME8
# Date:            Tue Apr  4 15:54:41 2023
# [ok]
