#                                                                            --- full sequence --- -------------- this domain -------------   hmm coord   ali coord   env coord
# target name        accession   tlen query name           accession   qlen   E-value  score  bias   #  of  c-Evalue  i-Evalue  score  bias  from    to  from    to  from    to  acc description of target
#------------------- ---------- ----- -------------------- ---------- ----- --------- ------ ----- --- --- --------- --------- ------ ----- ----- ----- ----- ----- ----- ----- ---- ---------------------
d3hl8a_c.55.3.5      -            470 d3mxma_c.55.3.5.aln  -            288  4.7e-120  395.5   0.3   1   1  9.8e-122  5.5e-120  395.3   0.3     1   288    54   428    54   428 1.00 -
d1s5ja1c.55.3.5      -            410 d3mxma_c.55.3.5.aln  -            288   6.8e-95  312.9   1.1   1   1   1.4e-96   7.9e-95  312.7   1.1     2   288    53   410    52   410 1.00 -
d1q8ia1c.55.3.5      -            388 d3mxma_c.55.3.5.aln  -            288   1.5e-88  292.1   0.0   1   1     3e-90   1.7e-88  291.9   0.0     1   288    45   369    45   369 1.00 -
d2hbja2c.55.3.5      -            292 d3mxma_c.55.3.5.aln  -            288   2.2e-61  202.9   0.4   1   1   4.4e-63   2.5e-61  202.8   0.4     3   287     3   289     1   290 0.99 -
d2igia_c.55.3.5      -            180 d3mxma_c.55.3.5.aln  -            288   7.3e-24   79.8   0.2   1   1   1.5e-25   8.6e-24   79.6   0.2    62   273     5   179     2   180 0.96 -
d2f96a1c.55.3.5      -            202 d3mxma_c.55.3.5.aln  -            288   4.1e-23   77.4   0.0   1   1   7.9e-25   4.5e-23   77.2   0.0    64   285     1   202     1   202 0.97 -
d1kfsa1c.55.3.5      -            195 d3mxma_c.55.3.5.aln  -            288   1.6e-21   72.1   0.7   1   1   3.1e-23   1.8e-21   72.0   0.7    51   275     2   194     1   195 0.97 -
d1w0ha_c.55.3.5      -            200 d3mxma_c.55.3.5.aln  -            288   4.1e-21   70.8   0.0   1   1     8e-23   4.5e-21   70.7   0.0    57   277     3   198     1   200 0.96 -
d1yt3a3c.55.3.5      -            193 d3mxma_c.55.3.5.aln  -            288   2.2e-20   68.4   0.0   1   1   4.4e-22   2.5e-20   68.2   0.0    57   279     1   193     1   193 0.98 -
d1x9ma1c.55.3.5      -            204 d3mxma_c.55.3.5.aln  -            288   5.9e-20   67.0   0.2   1   1   1.2e-21   6.6e-20   66.8   0.2    57   287     1   202     1   203 0.98 -
d1vk0a_c.55.3.5      -            206 d3mxma_c.55.3.5.aln  -            288     9e-20   66.4   0.0   1   1   1.7e-21   9.8e-20   66.3   0.0    56   276     4   205     1   206 0.98 -
d2guia_c.55.3.5      -            176 d3mxma_c.55.3.5.aln  -            288   1.1e-17   59.6   0.1   1   1   2.1e-19   1.2e-17   59.4   0.1    80   275     2   175     1   176 0.97 -
d2py5a1c.55.3.5      -            183 d3mxma_c.55.3.5.aln  -            288   1.9e-15   52.2   0.4   1   1   3.8e-17   2.1e-15   52.0   0.4    54   275     1   182     1   183 0.96 -
d1wlja_c.55.3.5      -            173 d3mxma_c.55.3.5.aln  -            288     9e-11   36.9   0.0   1   1   1.7e-12   9.6e-11   36.8   0.0    70   274    16   172     1   173 0.85 -
#
# Program:         hmmsearch
# Version:         3.1b2 (February 2015)
# Pipeline mode:   SEARCH
# Query file:      hmmModels95/d3mxma_c.55.3.5.hmm
# Target file:     scop/scopTestSeq.fasta
# Option settings: hmmsearch --domtblout hmmModels95/d3mxma_c.55.3.5.out -E 1 hmmModels95/d3mxma_c.55.3.5.hmm scop/scopTestSeq.fasta 
# Current dir:     /users/nfs/Etu7/3801677/SBAS/TME8
# Date:            Tue Apr  4 15:54:41 2023
# [ok]
