#                                                                            --- full sequence --- -------------- this domain -------------   hmm coord   ali coord   env coord
# target name        accession   tlen query name           accession   qlen   E-value  score  bias   #  of  c-Evalue  i-Evalue  score  bias  from    to  from    to  from    to  acc description of target
#------------------- ---------- ----- -------------------- ---------- ----- --------- ------ ----- --- --- --------- --------- ------ ----- ----- ----- ----- ----- ----- ----- ---- ---------------------
d1q33a_d.113.1.1     -            292 d3o69a_d.113.1.1.aln -            176   2.9e-89  292.8   0.2   1   1   6.9e-91   3.6e-89  292.5   0.2     1   176    98   292    98   292 0.99 -
d1g0sa_d.113.1.1     -            209 d3o69a_d.113.1.1.aln -            176   1.4e-47  157.0   2.2   1   1   3.2e-49   1.7e-47  156.8   2.2     2   175    39   208    38   209 0.99 -
d1vhza_d.113.1.1     -            186 d3o69a_d.113.1.1.aln -            176   5.2e-38  125.9   0.0   1   1   1.1e-39   5.8e-38  125.7   0.0     2   169    23   185    22   186 0.98 -
d1jkna_d.113.1.1     -            165 d3o69a_d.113.1.1.aln -            176   4.8e-37  122.7   0.0   1   1   9.9e-39   5.2e-37  122.6   0.0    20   166     5   165     1   165 0.97 -
d1ktga_d.113.1.1     -            137 d3o69a_d.113.1.1.aln -            176   6.3e-34  112.6   0.2   1   1   1.3e-35     7e-34  112.4   0.2    40   163    16   134     2   137 0.93 -
d1v8ya_d.113.1.1     -            158 d3o69a_d.113.1.1.aln -            176   3.5e-33  110.1   0.3   1   1   7.6e-35     4e-33  110.0   0.3     4   160     1   148     1   157 0.93 -
d1sjya_d.113.1.1     -            158 d3o69a_d.113.1.1.aln -            176   1.2e-31  105.1   0.1   1   1   2.4e-33   1.3e-31  105.0   0.1    13   173     2   156     1   158 0.94 -
d1nqza_d.113.1.1     -            187 d3o69a_d.113.1.1.aln -            176   6.2e-31  102.8   0.0   1   1   1.3e-32   6.9e-31  102.7   0.0     3   176    11   185     9   185 0.98 -
d2fvva1d.113.1.1     -            135 d3o69a_d.113.1.1.aln -            176   2.2e-30  101.0   0.4   1   1   4.4e-32   2.3e-30  101.0   0.4    25   159    10   134     1   135 0.92 -
d3zr0a_d.113.1.1     -            154 d3o69a_d.113.1.1.aln -            176   1.2e-29   98.6   0.0   1   1   2.6e-31   1.4e-29   98.4   0.0    41   174    16   152     6   154 0.95 -
d2azwa1d.113.1.1     -            147 d3o69a_d.113.1.1.aln -            176   5.9e-29   96.4   0.2   1   1   1.2e-30   6.4e-29   96.3   0.2    16   163     3   146     1   147 0.97 -
d2b06a1d.113.1.1     -            155 d3o69a_d.113.1.1.aln -            176   6.8e-29   96.2   0.0   1   1   1.4e-30   7.3e-29   96.1   0.0    20   172     3   154     1   155 0.96 -
d3a6sa_d.113.1.1     -            129 d3o69a_d.113.1.1.aln -            176     2e-26   88.1   0.5   1   1   4.3e-28   2.2e-26   88.0   0.5    35   161    13   128     2   129 0.93 -
d1k2ea_d.113.1.1     -            152 d3o69a_d.113.1.1.aln -            176   2.5e-26   87.8   0.1   1   1   5.4e-28   2.8e-26   87.6   0.1    44   174    14   147     5   149 0.96 -
d2b0va1d.113.1.1     -            146 d3o69a_d.113.1.1.aln -            176   2.5e-25   84.6   0.0   1   1     5e-27   2.6e-25   84.5   0.0    36   174    11   143     1   145 0.92 -
#
# Program:         hmmsearch
# Version:         3.1b2 (February 2015)
# Pipeline mode:   SEARCH
# Query file:      hmmModels95/d3o69a_d.113.1.1.hmm
# Target file:     scop/scopTestSeq.fasta
# Option settings: hmmsearch --domtblout hmmModels95/d3o69a_d.113.1.1.out -E 1 hmmModels95/d3o69a_d.113.1.1.hmm scop/scopTestSeq.fasta 
# Current dir:     /users/nfs/Etu7/3801677/SBAS/TME8
# Date:            Tue Apr  4 15:54:42 2023
# [ok]
