#                                                                            --- full sequence --- -------------- this domain -------------   hmm coord   ali coord   env coord
# target name        accession   tlen query name           accession   qlen   E-value  score  bias   #  of  c-Evalue  i-Evalue  score  bias  from    to  from    to  from    to  acc description of target
#------------------- ---------- ----- -------------------- ---------- ----- --------- ------ ----- --- --- --------- --------- ------ ----- ----- ----- ----- ----- ----- ----- ---- ---------------------
d3k69a_a.4.5.0       -            155 d3qu3a_a.4.5.0.aln   -            137   3.2e-51  168.8   0.0   1   1   7.8e-53   3.6e-51  168.6   0.0     1   137     8   149     8   149 0.99 -
d2xiga_a.4.5.0       -            148 d3qu3a_a.4.5.0.aln   -            137   1.3e-48  160.4   4.0   1   1   3.1e-50   1.4e-48  160.2   4.0     1   137     3   144     3   144 0.99 -
d3jw4a_a.4.5.0       -            137 d3qu3a_a.4.5.0.aln   -            137   4.8e-47  155.3   0.3   1   1   1.1e-48   5.3e-47  155.1   0.3     2   136     3   137     2   137 0.99 -
d3bjaa_a.4.5.0       -            139 d3qu3a_a.4.5.0.aln   -            137   1.7e-45  150.2   1.2   1   1   4.1e-47   1.9e-45  150.1   1.2     1   137     5   139     5   139 0.99 -
d3f8ba_a.4.5.0       -            105 d3qu3a_a.4.5.0.aln   -            137   1.3e-29   98.8   0.2   1   1     3e-31   1.4e-29   98.7   0.2    16   123     2   105     1   105 0.98 -
d3df8a_a.4.5.0       -            109 d3qu3a_a.4.5.0.aln   -            137   3.3e-25   84.5   0.0   1   1   7.9e-27   3.7e-25   84.4   0.0    19   130     1   109     1   109 0.98 -
d3broa1a.4.5.28      -            135 d3qu3a_a.4.5.0.aln   -            137   9.9e-10   34.4   5.2   1   1   2.5e-11   1.2e-09   34.2   5.2    10   132    10   132     4   135 0.95 -
d1lj9a_a.4.5.28      -            144 d3qu3a_a.4.5.0.aln   -            137   1.9e-06   23.8   0.4   1   1   6.8e-08   3.2e-06   23.1   0.4    45    98    43    96    36   130 0.90 -
d2fbha1a.4.5.28      -            137 d3qu3a_a.4.5.0.aln   -            137   4.3e-06   22.6   0.0   1   1   1.1e-07     5e-06   22.4   0.0    40   129    38   127    10   134 0.87 -
d2etha1a.4.5.28      -            140 d3qu3a_a.4.5.0.aln   -            137   1.8e-05   20.6   0.0   1   1   5.3e-07   2.4e-05   20.2   0.0    48   125    49   123    40   134 0.88 -
d1jgsa_a.4.5.28      -            138 d3qu3a_a.4.5.0.aln   -            137   0.00021   17.2   0.0   1   1     6e-06   0.00028   16.8   0.0     8   131    13   135     8   137 0.82 -
d3echa_a.4.5.28      -            142 d3qu3a_a.4.5.0.aln   -            137   0.00042   16.2   0.0   1   1     1e-05   0.00046   16.0   0.0    36   130    44   136    19   140 0.88 -
d2hr3a1a.4.5.28      -            145 d3qu3a_a.4.5.0.aln   -            137   0.00094   15.0   0.0   1   1   2.8e-05    0.0013   14.6   0.0    42    96    46   100     6   102 0.76 -
d2fbia1a.4.5.28      -            136 d3qu3a_a.4.5.0.aln   -            137    0.0012   14.7   0.1   1   1   5.9e-05    0.0028   13.5   0.1    22   126    23   122    19   134 0.73 -
d1s3ja_a.4.5.28      -            143 d3qu3a_a.4.5.0.aln   -            137     0.002   14.0   0.1   1   1   6.3e-05    0.0029   13.5   0.1    15    85    21    89    16   135 0.84 -
d2a61a1a.4.5.28      -            139 d3qu3a_a.4.5.0.aln   -            137    0.0029   13.5   0.0   1   1    0.0001    0.0048   12.8   0.0    14   128    15   124     8   132 0.80 -
d2fbka1a.4.5.28      -            172 d3qu3a_a.4.5.0.aln   -            137    0.0062   12.4   0.0   1   1   0.00018    0.0082   12.0   0.0    56   102    90   136    78   162 0.85 -
#
# Program:         hmmsearch
# Version:         3.1b2 (February 2015)
# Pipeline mode:   SEARCH
# Query file:      hmmModels95/d3qu3a_a.4.5.0.hmm
# Target file:     scop/scopTestSeq.fasta
# Option settings: hmmsearch --domtblout hmmModels95/d3qu3a_a.4.5.0.out -E 1 hmmModels95/d3qu3a_a.4.5.0.hmm scop/scopTestSeq.fasta 
# Current dir:     /users/nfs/Etu7/3801677/SBAS/TME8
# Date:            Tue Apr  4 15:54:42 2023
# [ok]
