#                                                                            --- full sequence --- -------------- this domain -------------   hmm coord   ali coord   env coord
# target name        accession   tlen query name           accession   qlen   E-value  score  bias   #  of  c-Evalue  i-Evalue  score  bias  from    to  from    to  from    to  acc description of target
#------------------- ---------- ----- -------------------- ---------- ----- --------- ------ ----- --- --- --------- --------- ------ ----- ----- ----- ----- ----- ----- ----- ---- ---------------------
d2nuja1d.38.1.1      -            159 d3qy3a1d.38.1.1.aln  -            137   6.7e-51  167.2   0.0   1   1   1.6e-52   7.7e-51  167.1   0.0     2   136    21   156    20   157 0.98 -
d2hx5a1d.38.1.1      -            144 d3qy3a1d.38.1.1.aln  -            137   1.7e-42  140.0   0.0   1   1   4.1e-44   1.9e-42  139.9   0.0     2   133     4   143     3   144 0.98 -
d1vpma_d.38.1.1      -            155 d3qy3a1d.38.1.1.aln  -            137   1.9e-42  139.8   0.1   1   1   4.7e-44   2.2e-42  139.7   0.1     2   135     3   138     2   140 0.98 -
d2hlja1d.38.1.1      -            156 d3qy3a1d.38.1.1.aln  -            137   8.1e-40  131.3   0.0   1   1     2e-41   9.1e-40  131.2   0.0     2   136     2   138     1   139 0.98 -
d2oiwa1d.38.1.1      -            131 d3qy3a1d.38.1.1.aln  -            137   1.9e-38  126.9   0.1   1   1   4.5e-40   2.1e-38  126.8   0.1     4   136     1   130     1   131 0.98 -
d3bjka_d.38.1.1      -            140 d3qy3a1d.38.1.1.aln  -            137   3.1e-37  123.0   0.0   1   1   8.2e-39   3.8e-37  122.7   0.0    13   133     8   133     2   136 0.97 -
d2oafa1d.38.1.1      -            143 d3qy3a1d.38.1.1.aln  -            137   5.1e-36  119.0   0.0   1   1   1.2e-37   5.6e-36  118.9   0.0     3   133     7   140     5   143 0.97 -
d2gvha1d.38.1.1      -            135 d3qy3a1d.38.1.1.aln  -            137   2.2e-35  117.0   0.0   1   1     5e-37   2.3e-35  116.9   0.0     6   133     5   134     1   135 0.96 -
d1lo7a_d.38.1.1      -            140 d3qy3a1d.38.1.1.aln  -            137   1.4e-34  114.4   0.0   1   1   3.2e-36   1.5e-34  114.3   0.0     4   132     3   139     1   140 0.93 -
d2gf6a1d.38.1.1      -            134 d3qy3a1d.38.1.1.aln  -            137   1.1e-33  111.5   0.0   1   1   2.6e-35   1.2e-33  111.3   0.0     2   132     3   133     2   134 0.97 -
d1s5ua_d.38.1.1      -            129 d3qy3a1d.38.1.1.aln  -            137   8.2e-33  108.7   1.2   1   1   1.9e-34   8.8e-33  108.6   1.2     4   127     2   124     1   129 0.90 -
d1njka_d.38.1.1      -            133 d3qy3a1d.38.1.1.aln  -            137   4.1e-32  106.4   0.0   1   1   9.6e-34   4.5e-32  106.3   0.0     5   136     2   132     1   133 0.98 -
d3qy3a1d.38.1.1      -            130 d3qy3a1d.38.1.1.aln  -            137   1.8e-22   75.1   0.0   1   1   4.3e-24     2e-22   75.0   0.0     5   130     4   129     1   130 0.92 -
d1wlua_d.38.1.5      -            117 d3qy3a1d.38.1.1.aln  -            137   6.2e-08   28.1   0.1   1   1   1.9e-09   8.9e-08   27.6   0.1    18   102    29   109    20   117 0.75 -
d3f5oa_d.38.1.5      -            138 d3qy3a1d.38.1.1.aln  -            137   6.9e-07   24.7   0.0   1   1   1.9e-08   8.8e-07   24.3   0.0    21    85    48   111    43   134 0.88 -
d1ixla_d.38.1.5      -            130 d3qy3a1d.38.1.1.aln  -            137   2.1e-06   23.2   0.1   1   1     1e-07   4.7e-06   22.0   0.1    45   112    60   124    31   127 0.87 -
d2hboa1d.38.1.5      -            142 d3qy3a1d.38.1.1.aln  -            137   0.00072   14.9   0.0   1   1   2.1e-05   0.00098   14.5   0.0    46   114    69   132    31   141 0.73 -
#
# Program:         hmmsearch
# Version:         3.1b2 (February 2015)
# Pipeline mode:   SEARCH
# Query file:      hmmModels95/d3qy3a1d.38.1.1.hmm
# Target file:     scop/scopTestSeq.fasta
# Option settings: hmmsearch --domtblout hmmModels95/d3qy3a1d.38.1.1.out -E 1 hmmModels95/d3qy3a1d.38.1.1.hmm scop/scopTestSeq.fasta 
# Current dir:     /users/nfs/Etu7/3801677/SBAS/TME8
# Date:            Tue Apr  4 15:54:42 2023
# [ok]
