#                                                                            --- full sequence --- -------------- this domain -------------   hmm coord   ali coord   env coord
# target name        accession   tlen query name           accession   qlen   E-value  score  bias   #  of  c-Evalue  i-Evalue  score  bias  from    to  from    to  from    to  acc description of target
#------------------- ---------- ----- -------------------- ---------- ----- --------- ------ ----- --- --- --------- --------- ------ ----- ----- ----- ----- ----- ----- ----- ---- ---------------------
d3tqla_c.94.1.0      -            227 d3r6ua_c.94.1.0.aln  -            277   4.6e-53  175.8   0.1   1   1   9.7e-55   5.1e-53  175.7   0.1    23   257     2   227     1   227 0.99 -
d3delb_c.94.1.0      -            232 d3r6ua_c.94.1.0.aln  -            277   2.7e-50  166.7   0.0   1   1   5.6e-52   2.9e-50  166.6   0.0    25   266     3   230     1   232 0.97 -
d3kzga_c.94.1.0      -            228 d3r6ua_c.94.1.0.aln  -            277   2.1e-47  157.2   0.0   1   1   4.5e-49   2.4e-47  157.1   0.0    24   257     3   228     1   228 0.99 -
d2q88a_c.94.1.0      -            257 d3r6ua_c.94.1.0.aln  -            277   2.6e-45  150.4   0.0   1   1   5.5e-47   2.9e-45  150.2   0.0    13   272     2   254     1   257 0.98 -
d3i6va_c.94.1.0      -            218 d3r6ua_c.94.1.0.aln  -            277   4.9e-41  136.4   0.0   1   1   1.1e-42   5.6e-41  136.2   0.0    24   261     1   215     1   218 0.98 -
d3h7ma_c.94.1.0      -            228 d3r6ua_c.94.1.0.aln  -            277   3.7e-37  123.6   0.0   1   1   7.7e-39     4e-37  123.5   0.0    21   260     3   226     1   228 0.97 -
d1jeta_c.94.1.1      -            517 d3r6ua_c.94.1.0.aln  -            277   2.3e-33  111.2   7.3   1   1     6e-35   3.1e-33  110.8   7.3     8   277   172   490   169   490 0.96 -
d1xt8a1c.94.1.1      -            248 d3r6ua_c.94.1.0.aln  -            277   1.4e-13   46.3   3.1   1   1   3.4e-15   1.8e-13   46.0   3.1    34   255    22   229    15   233 0.97 -
d1ii5a_c.94.1.1      -            226 d3r6ua_c.94.1.0.aln  -            277   1.6e-11   39.5   0.0   1   1   3.7e-13   1.9e-11   39.3   0.0    42   256    23   224    14   226 0.92 -
d3r6ua_c.94.1.0      -            272 d3r6ua_c.94.1.0.aln  -            277   3.8e-08   28.5   0.9   1   1   9.5e-10     5e-08   28.1   0.9    82   270    74   264     3   270 0.87 -
d1q35a_c.94.1.1      -            318 d3r6ua_c.94.1.0.aln  -            277   1.4e-07   26.7   0.1   1   2       4.7   2.5e+02   -3.7   0.0    51    61    69    79    67    99 0.66 -
d1q35a_c.94.1.1      -            318 d3r6ua_c.94.1.0.aln  -            277   1.4e-07   26.7   0.1   2   2   6.3e-09   3.3e-07   25.4   0.0   160   258   168   271   157   281 0.93 -
d1ursa_c.94.1.1      -            367 d3r6ua_c.94.1.0.aln  -            277   1.8e-07   26.2   0.3   1   2   3.5e-09   1.8e-07   26.2   0.3    22   179   106   260    91   269 0.91 -
d1ursa_c.94.1.1      -            367 d3r6ua_c.94.1.0.aln  -            277   1.8e-07   26.2   0.3   2   2       1.8        95   -2.3   0.1   237   265   318   346   310   351 0.68 -
d1pb7a_c.94.1.1      -            289 d3r6ua_c.94.1.0.aln  -            277   2.7e-06   22.4   0.0   1   1   8.5e-08   4.5e-06   21.7   0.0    48   121    62   151    58   214 0.85 -
d2nooa_c.94.1.1      -            496 d3r6ua_c.94.1.0.aln  -            277   0.00088   14.2   0.2   1   1     5e-05    0.0026   12.6   0.2    20   129   155   285   151   314 0.86 -
d1uqwa_c.94.1.1      -            487 d3r6ua_c.94.1.0.aln  -            277    0.0012   13.8   6.4   1   1   0.00031     0.016   10.0   6.4    63   262   219   448   156   456 0.77 -
#
# Program:         hmmsearch
# Version:         3.1b2 (February 2015)
# Pipeline mode:   SEARCH
# Query file:      hmmModels95/d3r6ua_c.94.1.0.hmm
# Target file:     scop/scopTestSeq.fasta
# Option settings: hmmsearch --domtblout hmmModels95/d3r6ua_c.94.1.0.out -E 1 hmmModels95/d3r6ua_c.94.1.0.hmm scop/scopTestSeq.fasta 
# Current dir:     /users/nfs/Etu7/3801677/SBAS/TME8
# Date:            Tue Apr  4 15:54:42 2023
# [ok]
