#                                                                            --- full sequence --- -------------- this domain -------------   hmm coord   ali coord   env coord
# target name        accession   tlen query name           accession   qlen   E-value  score  bias   #  of  c-Evalue  i-Evalue  score  bias  from    to  from    to  from    to  acc description of target
#------------------- ---------- ----- -------------------- ---------- ----- --------- ------ ----- --- --- --------- --------- ------ ----- ----- ----- ----- ----- ----- ----- ---- ---------------------
d3kffa_b.60.1.1      -            152 d3s26a_b.60.1.1.aln  -            165   1.6e-48  160.3   0.5   1   1   3.2e-50   1.8e-48  160.2   0.5    11   163     2   149     1   151 0.98 -
d1kt7a_b.60.1.1      -            175 d3s26a_b.60.1.1.aln  -            165   5.5e-47  155.4   0.1   1   1   1.1e-48   6.2e-47  155.2   0.1     1   162     6   174     6   175 0.99 -
d1kxoa_b.60.1.1      -            171 d3s26a_b.60.1.1.aln  -            165   5.1e-46  152.2   1.4   1   1     1e-47   5.7e-46  152.1   1.4     1   163     8   171     8   171 0.99 -
d3saoa_b.60.1.1      -            155 d3s26a_b.60.1.1.aln  -            165   7.7e-43  141.9   0.2   1   1   1.5e-44   8.6e-43  141.7   0.2    13   164     1   148     1   149 0.98 -
d1dzka_b.60.1.1      -            148 d3s26a_b.60.1.1.aln  -            165   2.5e-36  120.7   0.3   1   1   4.8e-38   2.7e-36  120.6   0.3    14   164     2   148     1   148 0.98 -
d1i4ua_b.60.1.1      -            181 d3s26a_b.60.1.1.aln  -            165   2.1e-35  117.7   0.8   1   1   4.3e-37   2.4e-35  117.5   0.8     3   164    14   175    12   176 0.89 -
d1x8qa_b.60.1.1      -            184 d3s26a_b.60.1.1.aln  -            165   2.4e-35  117.5   6.9   1   1   4.7e-37   2.6e-35  117.4   6.9     6   163     5   179     1   181 0.95 -
d1lf7a_b.60.1.1      -            171 d3s26a_b.60.1.1.aln  -            165   1.2e-34  115.2   0.0   1   1   2.5e-36   1.4e-34  115.0   0.0     2   164     5   161     4   162 0.96 -
d1qwda_b.60.1.1      -            167 d3s26a_b.60.1.1.aln  -            165   1.2e-34  115.2   0.0   1   1   2.5e-36   1.4e-34  115.0   0.0     6   158    16   166    11   167 0.94 -
d1epba_b.60.1.1      -            160 d3s26a_b.60.1.1.aln  -            165   3.1e-31  104.1   0.2   1   1   6.1e-33   3.4e-31  104.0   0.2     7   164     1   154     1   155 0.94 -
d3s26a_b.60.1.1      -            176 d3s26a_b.60.1.1.aln  -            165   6.1e-30   99.9   0.1   1   1   1.3e-31   7.3e-30   99.7   0.1     4   164    11   174     9   175 0.96 -
d1qfta_b.60.1.1      -            175 d3s26a_b.60.1.1.aln  -            165   3.5e-26   87.7   7.4   1   1   7.3e-28   4.1e-26   87.5   7.4     7   160    17   171     7   175 0.96 -
d1xkia_b.60.1.1      -            139 d3s26a_b.60.1.1.aln  -            165     4e-23   77.8   0.0   1   1   7.7e-25   4.3e-23   77.7   0.0    15   157     2   137     1   139 0.97 -
d2joza1b.60.1.1      -            126 d3s26a_b.60.1.1.aln  -            165   1.4e-12   43.4   0.1   1   1   3.4e-14   1.9e-12   43.0   0.1     7   146     2   122     1   126 0.94 -
#
# Program:         hmmsearch
# Version:         3.1b2 (February 2015)
# Pipeline mode:   SEARCH
# Query file:      hmmModels95/d3s26a_b.60.1.1.hmm
# Target file:     scop/scopTestSeq.fasta
# Option settings: hmmsearch --domtblout hmmModels95/d3s26a_b.60.1.1.out -E 1 hmmModels95/d3s26a_b.60.1.1.hmm scop/scopTestSeq.fasta 
# Current dir:     /users/nfs/Etu7/3801677/SBAS/TME8
# Date:            Tue Apr  4 15:54:42 2023
# [ok]
