#                                                                            --- full sequence --- -------------- this domain -------------   hmm coord   ali coord   env coord
# target name        accession   tlen query name           accession   qlen   E-value  score  bias   #  of  c-Evalue  i-Evalue  score  bias  from    to  from    to  from    to  acc description of target
#------------------- ---------- ----- -------------------- ---------- ----- --------- ------ ----- --- --- --------- --------- ------ ----- ----- ----- ----- ----- ----- ----- ---- ---------------------
d3kffa_b.60.1.1      -            152 d3saoa_b.60.1.1.aln  -            165   1.9e-53  176.3   0.5   1   1   3.7e-55   2.1e-53  176.1   0.5    15   164     2   150     1   151 0.99 -
d1kxoa_b.60.1.1      -            171 d3saoa_b.60.1.1.aln  -            165     3e-49  162.6   0.8   1   1     6e-51   3.4e-49  162.4   0.8     1   163     4   171     4   171 0.97 -
d1kt7a_b.60.1.1      -            175 d3saoa_b.60.1.1.aln  -            165     1e-47  157.6   0.1   1   1     2e-49   1.1e-47  157.5   0.1     2   162     3   174     2   175 0.99 -
d3s26a_b.60.1.1      -            176 d3saoa_b.60.1.1.aln  -            165   5.5e-46  152.0   0.1   1   1   1.1e-47     6e-46  151.9   0.1     3   164     6   174     4   175 0.98 -
d1i4ua_b.60.1.1      -            181 d3saoa_b.60.1.1.aln  -            165   1.3e-38  128.0   0.7   1   1   2.6e-40   1.5e-38  127.8   0.7     2   164     9   175     8   176 0.95 -
d1dzka_b.60.1.1      -            148 d3saoa_b.60.1.1.aln  -            165     7e-37  122.4   0.2   1   1   1.4e-38   7.7e-37  122.3   0.2    18   163     2   147     1   148 0.98 -
d3saoa_b.60.1.1      -            155 d3saoa_b.60.1.1.aln  -            165   4.8e-35  116.4   0.1   1   1   9.4e-37   5.3e-35  116.3   0.1    17   163     1   147     1   149 0.98 -
d1qwda_b.60.1.1      -            167 d3saoa_b.60.1.1.aln  -            165   1.1e-34  115.3   0.0   1   1   2.1e-36   1.2e-34  115.1   0.0     3   158     9   166     7   167 0.95 -
d1lf7a_b.60.1.1      -            171 d3saoa_b.60.1.1.aln  -            165   1.1e-34  115.3   0.0   1   1   2.2e-36   1.2e-34  115.1   0.0     3   163     2   160     1   162 0.97 -
d1epba_b.60.1.1      -            160 d3saoa_b.60.1.1.aln  -            165   5.7e-34  112.9   0.1   1   1   1.1e-35   6.3e-34  112.8   0.1    11   164     1   154     1   155 0.91 -
d1x8qa_b.60.1.1      -            184 d3saoa_b.60.1.1.aln  -            165   5.2e-33  109.8   6.7   1   1     1e-34   5.7e-33  109.7   6.7     2   164     2   179     1   180 0.97 -
d1qfta_b.60.1.1      -            175 d3saoa_b.60.1.1.aln  -            165   1.6e-25   85.5   7.9   1   1     3e-27   1.7e-25   85.3   7.9     1   164     2   171     2   172 0.98 -
d1xkia_b.60.1.1      -            139 d3saoa_b.60.1.1.aln  -            165     9e-24   79.8   0.0   1   1   1.7e-25   9.9e-24   79.6   0.0    19   157     2   137     1   139 0.96 -
d2joza1b.60.1.1      -            126 d3saoa_b.60.1.1.aln  -            165   1.7e-09   33.3   0.1   1   1   3.2e-11   1.8e-09   33.2   0.1    28   160     4   122     1   126 0.86 -
#
# Program:         hmmsearch
# Version:         3.1b2 (February 2015)
# Pipeline mode:   SEARCH
# Query file:      hmmModels95/d3saoa_b.60.1.1.hmm
# Target file:     scop/scopTestSeq.fasta
# Option settings: hmmsearch --domtblout hmmModels95/d3saoa_b.60.1.1.out -E 1 hmmModels95/d3saoa_b.60.1.1.hmm scop/scopTestSeq.fasta 
# Current dir:     /users/nfs/Etu7/3801677/SBAS/TME8
# Date:            Tue Apr  4 15:54:42 2023
# [ok]
