#                                                                            --- full sequence --- -------------- this domain -------------   hmm coord   ali coord   env coord
# target name        accession   tlen query name           accession   qlen   E-value  score  bias   #  of  c-Evalue  i-Evalue  score  bias  from    to  from    to  from    to  acc description of target
#------------------- ---------- ----- -------------------- ---------- ----- --------- ------ ----- --- --- --------- --------- ------ ----- ----- ----- ----- ----- ----- ----- ---- ---------------------
d3r6ua_c.94.1.0      -            272 d3tqla_c.94.1.0.aln  -            315   1.7e-49  164.6   2.6   1   1   3.4e-51   1.9e-49  164.5   2.6    12   295     1   272     1   272 0.98 -
d1jeta_c.94.1.1      -            517 d3tqla_c.94.1.0.aln  -            315   4.3e-45  150.2   9.5   1   1   9.2e-47   5.2e-45  149.9   9.5     2   307   179   502   178   510 0.97 -
d3delb_c.94.1.0      -            232 d3tqla_c.94.1.0.aln  -            315   2.6e-44  147.6   0.0   1   1     5e-46   2.8e-44  147.5   0.0    13   282     2   223     1   232 0.96 -
d3kzga_c.94.1.0      -            228 d3tqla_c.94.1.0.aln  -            315     1e-40  135.8   0.0   1   1     2e-42   1.1e-40  135.6   0.0    14   275     4   228     1   228 0.99 -
d3i6va_c.94.1.0      -            218 d3tqla_c.94.1.0.aln  -            315   1.4e-33  112.4   0.0   1   1   4.1e-35   2.3e-33  111.6   0.0    13   276     1   212     1   217 0.93 -
d3h7ma_c.94.1.0      -            228 d3tqla_c.94.1.0.aln  -            315   3.2e-31  104.6   0.0   1   1   6.4e-33   3.6e-31  104.4   0.0     9   279     2   227     1   228 0.98 -
d2q88a_c.94.1.0      -            257 d3tqla_c.94.1.0.aln  -            315   2.5e-28   95.1   0.0   1   1   5.3e-30     3e-28   94.8   0.0     6   284     6   248     1   256 0.95 -
d3tqla_c.94.1.0      -            227 d3tqla_c.94.1.0.aln  -            315   8.3e-19   63.8   0.3   1   1   4.9e-20   2.8e-18   62.1   0.3    12   275     2   227     1   227 0.95 -
d1xt8a1c.94.1.1      -            248 d3tqla_c.94.1.0.aln  -            315   9.7e-11   37.3   1.6   1   2   4.5e-12   2.5e-10   36.0   0.7    21   188    20   161     9   170 0.89 -
d1xt8a1c.94.1.1      -            248 d3tqla_c.94.1.0.aln  -            315   9.7e-11   37.3   1.6   2   2      0.44        25   -0.2   0.0   242   275   198   231   194   239 0.87 -
d1xoca1c.94.1.1      -            504 d3tqla_c.94.1.0.aln  -            315   3.8e-06   22.2   0.9   1   2   6.8e-08   3.8e-06   22.2   0.9     6   139   164   296   160   299 0.93 -
d1xoca1c.94.1.1      -            504 d3tqla_c.94.1.0.aln  -            315   3.8e-06   22.2   0.9   2   2       1.4        79   -1.8   0.1   109   162   308   359   304   385 0.78 -
d1uqwa_c.94.1.1      -            487 d3tqla_c.94.1.0.aln  -            315   8.3e-06   21.1   3.1   1   3       1.9   1.1e+02   -2.3   0.1    61   102   128   169    93   171 0.78 -
d1uqwa_c.94.1.1      -            487 d3tqla_c.94.1.0.aln  -            315   8.3e-06   21.1   3.1   2   3   4.7e-06   0.00026   16.2   0.1    79   163   229   328   218   367 0.89 -
d1uqwa_c.94.1.1      -            487 d3tqla_c.94.1.0.aln  -            315   8.3e-06   21.1   3.1   3   3     0.014      0.81    4.7   0.1   247   307   415   475   398   479 0.91 -
d1ursa_c.94.1.1      -            367 d3tqla_c.94.1.0.aln  -            315   2.3e-05   19.6   0.7   1   1   6.1e-07   3.4e-05   19.1   0.7    12   233    45   255    37   336 0.76 -
d2nooa_c.94.1.1      -            496 d3tqla_c.94.1.0.aln  -            315   0.00084   14.5   0.5   1   1   5.8e-05    0.0032   12.6   0.5     8   145   156   303   154   405 0.76 -
d1pb7a_c.94.1.1      -            289 d3tqla_c.94.1.0.aln  -            315    0.0023   13.1   0.0   1   1   6.9e-05    0.0039   12.3   0.0    37   118    62   142    59   157 0.86 -
#
# Program:         hmmsearch
# Version:         3.1b2 (February 2015)
# Pipeline mode:   SEARCH
# Query file:      hmmModels95/d3tqla_c.94.1.0.hmm
# Target file:     scop/scopTestSeq.fasta
# Option settings: hmmsearch --domtblout hmmModels95/d3tqla_c.94.1.0.out -E 1 hmmModels95/d3tqla_c.94.1.0.hmm scop/scopTestSeq.fasta 
# Current dir:     /users/nfs/Etu7/3801677/SBAS/TME8
# Date:            Tue Apr  4 15:54:43 2023
# [ok]
