#                                                                            --- full sequence --- -------------- this domain -------------   hmm coord   ali coord   env coord
# target name        accession   tlen query name           accession   qlen   E-value  score  bias   #  of  c-Evalue  i-Evalue  score  bias  from    to  from    to  from    to  acc description of target
#------------------- ---------- ----- -------------------- ---------- ----- --------- ------ ----- --- --- --------- --------- ------ ----- ----- ----- ----- ----- ----- ----- ---- ---------------------
d1jeta_c.94.1.1      -            517 d3vlva_c.94.1.1.aln  -            342  1.1e-116  385.6  15.2   1   1  3.1e-118  1.3e-116  385.3  15.2     1   342   117   504   117   504 1.00 -
d1vr5a1c.94.1.1      -            535 d3vlva_c.94.1.1.aln  -            342   1.2e-87  290.2  18.1   1   1   3.7e-89   1.5e-87  289.8  18.1     1   342   114   509   114   509 1.00 -
d1xoca1c.94.1.1      -            504 d3vlva_c.94.1.1.aln  -            342   2.3e-67  223.6  22.8   1   1   7.6e-69   3.2e-67  223.1  22.8     1   341   115   491   115   492 1.00 -
d1uqwa_c.94.1.1      -            487 d3vlva_c.94.1.1.aln  -            342   1.1e-65  218.1  13.4   1   1   4.1e-67   1.7e-65  217.4  13.4     2   342   109   477   108   477 0.99 -
d2nooa_c.94.1.1      -            496 d3vlva_c.94.1.1.aln  -            342     4e-64  212.9   0.3   1   1   1.3e-65   5.5e-64  212.5   0.3     1   342   105   486   105   486 0.99 -
d1eu8a_c.94.1.1      -            407 d3vlva_c.94.1.1.aln  -            342   9.7e-44  146.0  10.0   1   1   2.6e-45   1.1e-43  145.9  10.0     3   341    15   392    13   393 0.99 -
d3vlva_c.94.1.1      -            490 d3vlva_c.94.1.1.aln  -            342   1.5e-31  106.0  16.1   1   1   4.4e-33   1.8e-31  105.7  16.1     2   342    87   472    86   472 0.99 -
d1nnfa_c.94.1.1      -            308 d3vlva_c.94.1.1.aln  -            342   2.7e-30  101.9  10.5   1   1   7.2e-32     3e-30  101.8  10.5     4   316     2   302     1   308 0.96 -
d1ursa_c.94.1.1      -            367 d3vlva_c.94.1.1.aln  -            342   8.5e-29   97.0  12.0   1   1   2.3e-30   9.4e-29   96.9  12.0     3   338     5   353     3   357 0.98 -
d1q35a_c.94.1.1      -            318 d3vlva_c.94.1.1.aln  -            342   1.9e-27   92.5   4.0   1   1   5.3e-29   2.2e-27   92.3   4.0     5   316     5   306     1   317 0.93 -
d1pb7a_c.94.1.1      -            289 d3vlva_c.94.1.1.aln  -            342   9.6e-26   87.0   0.0   1   1   2.6e-27   1.1e-25   86.8   0.0    28   328     3   287     1   289 0.98 -
d3thia_c.94.1.1      -            362 d3vlva_c.94.1.1.aln  -            342   3.7e-21   71.9   0.4   1   1   9.9e-23   4.1e-21   71.8   0.4     3   340     5   344     3   346 0.98 -
d1ixha_c.94.1.1      -            321 d3vlva_c.94.1.1.aln  -            342   3.1e-17   59.0  15.4   1   1   8.4e-19   3.5e-17   58.9  15.4    13   342     2   310     1   310 0.93 -
d1us5a_c.94.1.1      -            298 d3vlva_c.94.1.1.aln  -            342   1.3e-07   27.4   0.6   1   1   4.3e-09   1.8e-07   27.0   0.6     8   300    12   275     8   287 0.93 -
d1al3a_c.94.1.1      -            237 d3vlva_c.94.1.1.aln  -            342   1.3e-06   24.2   0.0   1   1   3.6e-08   1.5e-06   24.0   0.0    85   320    15   230     1   233 0.95 -
d2czla1c.94.1.1      -            270 d3vlva_c.94.1.1.aln  -            342   5.3e-06   22.2   0.0   1   1   1.5e-07   6.1e-06   22.0   0.0    75   293    29   231     9   257 0.92 -
d1xt8a1c.94.1.1      -            248 d3vlva_c.94.1.1.aln  -            342   4.1e-05   19.2   5.6   1   1   1.2e-06   5.2e-05   18.9   5.6    95   313    26   238     5   245 0.84 -
d1twya_c.94.1.1      -            249 d3vlva_c.94.1.1.aln  -            342     5e-05   19.0   0.2   1   1   2.7e-06   0.00011   17.8   0.2    82   319    24   245    17   249 0.84 -
d1ixca2c.94.1.1      -            205 d3vlva_c.94.1.1.aln  -            342    0.0041   12.7   0.0   1   1    0.0001    0.0042   12.7   0.0    86   251    12   156     6   205 0.82 -
#
# Program:         hmmsearch
# Version:         3.1b2 (February 2015)
# Pipeline mode:   SEARCH
# Query file:      hmmModels95/d3vlva_c.94.1.1.hmm
# Target file:     scop/scopTestSeq.fasta
# Option settings: hmmsearch --domtblout hmmModels95/d3vlva_c.94.1.1.out -E 1 hmmModels95/d3vlva_c.94.1.1.hmm scop/scopTestSeq.fasta 
# Current dir:     /users/nfs/Etu7/3801677/SBAS/TME8
# Date:            Tue Apr  4 15:54:43 2023
# [ok]
