#                                                                            --- full sequence --- -------------- this domain -------------   hmm coord   ali coord   env coord
# target name        accession   tlen query name           accession   qlen   E-value  score  bias   #  of  c-Evalue  i-Evalue  score  bias  from    to  from    to  from    to  acc description of target
#------------------- ---------- ----- -------------------- ---------- ----- --------- ------ ----- --- --- --------- --------- ------ ----- ----- ----- ----- ----- ----- ----- ---- ---------------------
d1atia2d.104.1.1     -            394 d12asa_d.104.1.1.aln -            312    2e-138  456.2   4.9   1   1  4.3e-140  2.4e-138  455.9   4.9     1   312    11   339    11   339 1.00 -
d1b8aa2d.104.1.1     -            335 d12asa_d.104.1.1.aln -            312   6.6e-86  283.7   6.6   1   1   1.3e-87   7.4e-86  283.5   6.6     2   309     4   334     3   335 0.99 -
d1wu7a2d.104.1.1     -            327 d12asa_d.104.1.1.aln -            312   6.3e-80  264.0   0.2   1   1   1.3e-81   7.1e-80  263.9   0.2     2   311     5   318     4   319 0.99 -
d1h4vb2d.104.1.1     -            324 d12asa_d.104.1.1.aln -            312     1e-75  250.2   5.0   1   1     2e-77   1.1e-75  250.0   5.0     2   312     3   315     2   315 0.99 -
d1z7ma1d.104.1.1     -            318 d12asa_d.104.1.1.aln -            312   1.9e-72  239.5   0.1   1   1   3.7e-74   2.1e-72  239.3   0.1     2   311     2   312     1   313 0.99 -
d1qf6a4d.104.1.1     -            291 d12asa_d.104.1.1.aln -            312   3.6e-67  222.1   0.3   1   1     7e-69     4e-67  222.0   0.3     7   310     2   291     1   291 0.99 -
d1nnha_d.104.1.1     -            293 d12asa_d.104.1.1.aln -            312   2.3e-63  209.6   2.1   1   1   4.5e-65   2.5e-63  209.5   2.1     7   309     3   291     1   293 0.98 -
d1g5ha2d.104.1.1     -            290 d12asa_d.104.1.1.aln -            312   2.9e-61  202.7   0.0   1   1   5.8e-63   3.3e-61  202.6   0.0     1   312     6   290     6   290 0.99 -
d1seta2d.104.1.1     -            311 d12asa_d.104.1.1.aln -            312   6.2e-61  201.6   1.9   1   1   1.2e-62   6.9e-61  201.5   1.9    10   311     2   305     1   306 0.99 -
d1j5wa_d.104.1.1     -            281 d12asa_d.104.1.1.aln -            312   1.7e-56  187.1   1.7   1   1   3.3e-58   1.8e-56  186.9   1.7     6   304     2   280     1   281 0.99 -
d1hc7a2d.104.1.1     -            272 d12asa_d.104.1.1.aln -            312   3.8e-54  179.3   2.7   1   1   7.9e-56   4.5e-54  179.1   2.7    19   309     9   271     2   272 0.97 -
d1usya_d.104.1.1     -            275 d12asa_d.104.1.1.aln -            312   3.6e-50  166.3   0.0   1   1   7.1e-52     4e-50  166.1   0.0    16   307     3   275     1   275 0.98 -
d1yfsa2d.104.1.1     -            236 d12asa_d.104.1.1.aln -            312   2.1e-45  150.6   0.4   1   1   4.2e-47   2.4e-45  150.4   0.4    33   294     3   234     1   236 0.99 -
d1jjcb5d.104.1.1     -            207 d12asa_d.104.1.1.aln -            312   7.6e-26   86.4   1.3   1   1   1.5e-27   8.3e-26   86.3   1.3    25   266     2   204     1   207 0.97 -
#
# Program:         hmmsearch
# Version:         3.1b2 (February 2015)
# Pipeline mode:   SEARCH
# Query file:      hmmModels30/d12asa_d.104.1.1.hmm
# Target file:     scop/scopTestSeq.fasta
# Option settings: hmmsearch --domtblout hmmModels30/d12asa_d.104.1.1.out -E 1 hmmModels30/d12asa_d.104.1.1.hmm scop/scopTestSeq.fasta 
# Current dir:     /home/anastasia/SBAS/TME8
# Date:            Sat Apr  8 15:33:42 2023
# [ok]
