#                                                                            --- full sequence --- -------------- this domain -------------   hmm coord   ali coord   env coord
# target name        accession   tlen query name           accession   qlen   E-value  score  bias   #  of  c-Evalue  i-Evalue  score  bias  from    to  from    to  from    to  acc description of target
#------------------- ---------- ----- -------------------- ---------- ----- --------- ------ ----- --- --- --------- --------- ------ ----- ----- ----- ----- ----- ----- ----- ---- ---------------------
d1dqna_c.61.1.1      -            230 d1a3ca_c.61.1.1.aln  -            213     3e-82  270.4   0.0   1   1   6.3e-84   3.6e-82  270.2   0.0     1   213     1   206     1   206 0.99 -
d1fsga_c.61.1.1      -            233 d1a3ca_c.61.1.1.aln  -            213   2.4e-71  234.8   0.0   1   1   4.7e-73   2.6e-71  234.7   0.0     2   212    16   227    15   228 0.99 -
d1qb7a_c.61.1.1      -            236 d1a3ca_c.61.1.1.aln  -            213   1.3e-66  219.4   0.0   1   1   2.5e-68   1.4e-66  219.2   0.0     2   213    15   227    14   227 0.99 -
d1ecfa1c.61.1.1      -            243 d1a3ca_c.61.1.1.aln  -            213   1.1e-62  206.5   0.3   1   1   2.2e-64   1.2e-62  206.3   0.3     1   213    16   236    16   236 0.99 -
d1p4aa2c.61.1.1      -            202 d1a3ca_c.61.1.1.aln  -            213   4.8e-52  171.7   0.1   1   1   9.4e-54   5.3e-52  171.6   0.1     1   204     1   202     1   202 0.99 -
d1xtta1c.61.1.1      -            215 d1a3ca_c.61.1.1.aln  -            213   9.4e-52  170.8   1.5   1   1   1.9e-53     1e-51  170.6   1.5     1   207     4   215     4   215 0.99 -
d1wd5a_c.61.1.1      -            208 d1a3ca_c.61.1.1.aln  -            213     3e-50  165.8   0.3   1   1     6e-52   3.4e-50  165.7   0.3     8   212     1   207     1   208 0.99 -
d1tc1a_c.61.1.1      -            184 d1a3ca_c.61.1.1.aln  -            213   3.4e-50  165.7   0.1   1   1   6.7e-52   3.8e-50  165.5   0.1    29   211     2   184     1   184 0.98 -
d2aeea1c.61.1.1      -            208 d1a3ca_c.61.1.1.aln  -            213   2.1e-48  159.8   0.0   1   1   4.2e-50   2.4e-48  159.6   0.0     5   213     1   204     1   204 0.99 -
d1y0ba1c.61.1.1      -            191 d1a3ca_c.61.1.1.aln  -            213   1.5e-45  150.5   0.2   1   1   2.9e-47   1.6e-45  150.4   0.2     8   197     2   190     1   191 0.98 -
d1vdma1c.61.1.1      -            153 d1a3ca_c.61.1.1.aln  -            213   1.7e-42  140.5   0.3   1   1   3.4e-44   1.9e-42  140.4   0.3    31   200     1   152     1   153 0.98 -
d1vcha1c.61.1.1      -            174 d1a3ca_c.61.1.1.aln  -            213   4.2e-41  136.0   0.0   1   1   8.2e-43   4.6e-41  135.8   0.0     6   180     2   174     1   174 0.98 -
d1nula_c.61.1.1      -            150 d1a3ca_c.61.1.1.aln  -            213   5.3e-37  122.6   0.0   1   1     1e-38   5.9e-37  122.4   0.0    32   200     1   150     1   150 0.94 -
d1a3ca_c.61.1.1      -            178 d1a3ca_c.61.1.1.aln  -            213   1.4e-08   29.7   1.2   1   1   3.1e-10   1.7e-08   29.4   1.2    39   181     9   152     3   175 0.74 -
#
# Program:         hmmsearch
# Version:         3.1b2 (February 2015)
# Pipeline mode:   SEARCH
# Query file:      hmmModels30/d1a3ca_c.61.1.1.hmm
# Target file:     scop/scopTestSeq.fasta
# Option settings: hmmsearch --domtblout hmmModels30/d1a3ca_c.61.1.1.out -E 1 hmmModels30/d1a3ca_c.61.1.1.hmm scop/scopTestSeq.fasta 
# Current dir:     /home/anastasia/SBAS/TME8
# Date:            Sat Apr  8 15:33:42 2023
# [ok]
