#                                                                            --- full sequence --- -------------- this domain -------------   hmm coord   ali coord   env coord
# target name        accession   tlen query name           accession   qlen   E-value  score  bias   #  of  c-Evalue  i-Evalue  score  bias  from    to  from    to  from    to  acc description of target
#------------------- ---------- ----- -------------------- ---------- ----- --------- ------ ----- --- --- --------- --------- ------ ----- ----- ----- ----- ----- ----- ----- ---- ---------------------
d1g41a_c.37.1.20     -            443 d1a5ta2c.37.1.20.aln -            280  5.4e-141  464.2   0.0   1   1  2.5e-142  8.2e-141  463.6   0.0     4   280     1   441     1   441 1.00 -
d1um8a_c.37.1.20     -            364 d1a5ta2c.37.1.20.aln -            280  1.8e-101  334.5   2.8   1   1  6.4e-103  2.1e-101  334.3   2.8     2   274     2   364     1   364 0.99 -
d1svma_c.37.1.20     -            362 d1a5ta2c.37.1.20.aln -            280   1.2e-74  246.5   0.0   1   1   4.2e-76   1.4e-74  246.3   0.0     1   279     9   358     9   359 0.99 -
d1r6bx3c.37.1.20     -            315 d1a5ta2c.37.1.20.aln -            280   1.1e-57  190.9   0.1   1   1   3.6e-59   1.2e-57  190.8   0.1     2   279     7   312     6   313 0.99 -
d1g8pa_c.37.1.20     -            333 d1a5ta2c.37.1.20.aln -            280   7.4e-50  165.2   0.0   1   1   2.5e-51   8.3e-50  165.0   0.0     2   279    10   330     9   331 0.99 -
d2a5yb3c.37.1.20     -            277 d1a5ta2c.37.1.20.aln -            280   1.8e-44  147.5   0.0   1   1   6.1e-46     2e-44  147.3   0.0     2   274     6   276     5   277 0.98 -
d1in4a2c.37.1.20     -            238 d1a5ta2c.37.1.20.aln -            280   8.2e-40  132.2   2.6   1   1   2.8e-41   9.1e-40  132.1   2.6    11   261     3   238     1   238 0.99 -
d1fnna2c.37.1.20     -            276 d1a5ta2c.37.1.20.aln -            280   3.3e-39  130.2   0.0   1   1   1.1e-40   3.7e-39  130.1   0.0     2   279     4   272     3   273 0.97 -
d1iqpa2c.37.1.20     -            231 d1a5ta2c.37.1.20.aln -            280   7.1e-39  129.1   0.2   1   1   2.4e-40     8e-39  129.0   0.2     2   271     9   229     8   231 0.97 -
d1lv7a_c.37.1.20     -            256 d1a5ta2c.37.1.20.aln -            280   1.9e-38  127.7   0.0   1   1   6.4e-40   2.1e-38  127.6   0.0     6   274     1   255     1   256 0.98 -
d1sxja2c.37.1.20     -            253 d1a5ta2c.37.1.20.aln -            280   3.8e-37  123.5   0.0   1   1   1.3e-38   4.2e-37  123.3   0.0     5   278     2   252     1   253 0.98 -
d1njfa_c.37.1.20     -            239 d1a5ta2c.37.1.20.aln -            280   3.9e-37  123.4   0.0   1   1   1.3e-38   4.3e-37  123.3   0.0     7   274     2   238     1   239 0.97 -
d1u0ja_c.37.1.20     -            267 d1a5ta2c.37.1.20.aln -            280   1.3e-36  121.8   0.0   1   1   4.2e-38   1.4e-36  121.6   0.0     2   279     3   265     2   266 0.98 -
d1w5sa2c.37.1.20     -            287 d1a5ta2c.37.1.20.aln -            280   3.3e-35  117.1   0.0   1   1   1.1e-36   3.6e-35  117.0   0.0     1   279     3   286     3   287 0.98 -
d2fnaa2c.37.1.20     -            283 d1a5ta2c.37.1.20.aln -            280   1.4e-33  111.7   1.7   1   1   4.8e-35   1.6e-33  111.6   1.7     2   278     4   279     3   281 0.98 -
d1d2na_c.37.1.20     -            246 d1a5ta2c.37.1.20.aln -            280   1.5e-30  101.8   0.0   1   1     5e-32   1.6e-30  101.7   0.0     3   277     2   241     1   244 0.97 -
d1ny5a2c.37.1.20     -            247 d1a5ta2c.37.1.20.aln -            280   1.4e-20   69.1   0.1   1   1   4.7e-22   1.6e-20   69.0   0.1     2   273     3   246     2   247 0.98 -
d1l8qa2c.37.1.20     -            213 d1a5ta2c.37.1.20.aln -            280   2.4e-19   65.0   1.8   1   1   1.5e-20   4.8e-19   64.1   1.8     7   273     3   212     1   213 0.93 -
d2p65a_c.37.1.20     -            185 d1a5ta2c.37.1.20.aln -            280   3.7e-16   54.6   0.5   1   1   1.2e-16   3.8e-15   51.3   0.5     2   237     5   183     4   185 0.95 -
d1tuea_c.37.1.20     -            205 d1a5ta2c.37.1.20.aln -            280   2.4e-15   52.0   0.0   1   1   9.7e-17   3.2e-15   51.5   0.0     8   273     4   205     1   205 0.97 -
d2gnoa2c.37.1.20     -            198 d1a5ta2c.37.1.20.aln -            280   8.3e-09   30.5   0.1   1   1   7.6e-10   2.5e-08   28.9   0.1     6   273     4   197     1   198 0.85 -
d2qora_c.37.1.0      -            196 d1a5ta2c.37.1.20.aln -            280   1.1e-05   20.2   0.6   1   1   5.8e-07   1.9e-05   19.5   0.6    51   196    11   194     5   194 0.75 -
d1jqlb_c.37.1.20     -            140 d1a5ta2c.37.1.20.aln -            280   2.9e-05   18.9   0.0   1   1   4.7e-06   0.00015   16.5   0.0   109   241    46   136    10   140 0.90 -
d1y63a_c.37.1.1      -            174 d1a5ta2c.37.1.20.aln -            280   0.00056   14.7   0.1   1   2     8e-05    0.0026   12.4   0.0    46    69     7    30     6    34 0.94 -
d1y63a_c.37.1.1      -            174 d1a5ta2c.37.1.20.aln -            280   0.00056   14.7   0.1   2   2      0.77        25   -0.6   0.0    13    27    52    66    46    75 0.84 -
#
# Program:         hmmsearch
# Version:         3.1b2 (February 2015)
# Pipeline mode:   SEARCH
# Query file:      hmmModels30/d1a5ta2c.37.1.20.hmm
# Target file:     scop/scopTestSeq.fasta
# Option settings: hmmsearch --domtblout hmmModels30/d1a5ta2c.37.1.20.out -E 1 hmmModels30/d1a5ta2c.37.1.20.hmm scop/scopTestSeq.fasta 
# Current dir:     /home/anastasia/SBAS/TME8
# Date:            Sat Apr  8 15:33:42 2023
# [ok]
