#                                                                            --- full sequence --- -------------- this domain -------------   hmm coord   ali coord   env coord
# target name        accession   tlen query name           accession   qlen   E-value  score  bias   #  of  c-Evalue  i-Evalue  score  bias  from    to  from    to  from    to  acc description of target
#------------------- ---------- ----- -------------------- ---------- ----- --------- ------ ----- --- --- --------- --------- ------ ----- ----- ----- ----- ----- ----- ----- ---- ---------------------
d1d7qa_b.40.4.5      -            143 d1a62a2b.40.4.5.aln  -             90   1.3e-29   97.8   0.4   1   1   5.1e-31   1.3e-29   97.8   0.4     1    89    11   102    11   103 0.98 -
d2vnud3b.40.4.5      -            148 d1a62a2b.40.4.5.aln  -             90   1.5e-27   91.2   0.0   1   1     1e-28   2.5e-27   90.5   0.0     1    89    13   107    13   108 0.98 -
d2nn6i1b.40.4.5      -            125 d1a62a2b.40.4.5.aln  -             90   7.3e-20   66.7   0.1   1   1   3.4e-21   8.5e-20   66.5   0.1     2    89     2    94     1    95 0.97 -
d3bzka4b.40.4.5      -             94 d1a62a2b.40.4.5.aln  -             90   1.4e-18   62.6   1.0   1   1   6.4e-20   1.6e-18   62.4   1.0     1    80    12    86    12    91 0.94 -
d1jt8a_b.40.4.5      -            102 d1a62a2b.40.4.5.aln  -             90   1.7e-18   62.3   0.3   1   1   7.5e-20   1.8e-18   62.2   0.3     4    89     3    91     1    92 0.96 -
d1go3e1b.40.4.5      -            106 d1a62a2b.40.4.5.aln  -             90     1e-13   47.0   0.5   1   1     5e-15   1.2e-13   46.8   0.5     5    89     1    90     1    91 0.98 -
d1wi5a_b.40.4.5      -            119 d1a62a2b.40.4.5.aln  -             90   5.8e-13   44.6   0.1   1   1   2.7e-14   6.6e-13   44.4   0.1     7    87    12    98     6   101 0.73 -
d2je6i1b.40.4.5      -             87 d1a62a2b.40.4.5.aln  -             90   1.2e-12   43.6   0.9   1   1   5.5e-14   1.4e-12   43.4   0.9     1    89     1    87     1    87 0.97 -
d1luza_b.40.4.5      -             85 d1a62a2b.40.4.5.aln  -             90   1.6e-12   43.2   0.4   1   1     7e-14   1.7e-12   43.1   0.4     3    87     4    84     2    85 0.96 -
d1y14b1b.40.4.5      -             91 d1a62a2b.40.4.5.aln  -             90     2e-12   42.9   0.0   1   1   8.5e-14   2.1e-12   42.8   0.0     5    87     1    89     1    91 0.97 -
d2uubq1b.40.4.5      -            100 d1a62a2b.40.4.5.aln  -             90   7.3e-12   41.1   1.8   1   1   3.7e-13     9e-12   40.8   1.8     8    89     2    82     1    83 0.97 -
d1kl9a2b.40.4.5      -             86 d1a62a2b.40.4.5.aln  -             90   1.9e-11   39.8   1.5   1   1   8.5e-13   2.1e-11   39.6   1.5     1    83     7    86     7    86 0.96 -
d2ja9a1b.40.4.5      -             90 d1a62a2b.40.4.5.aln  -             90   7.3e-11   37.9   0.0   1   1   3.2e-12     8e-11   37.8   0.0     2    88     2    83     1    85 0.97 -
d2nn6h1b.40.4.5      -             95 d1a62a2b.40.4.5.aln  -             90   2.3e-09   33.1   0.1   1   1   1.1e-10   2.8e-09   32.9   0.1     2    84     3    90     2    94 0.95 -
d2vnud2b.40.4.5      -             88 d1a62a2b.40.4.5.aln  -             90   5.5e-09   31.9   0.5   1   1   2.5e-10   6.1e-09   31.8   0.5     7    84     9    85     3    87 0.94 -
d1smxa_b.40.4.5      -             87 d1a62a2b.40.4.5.aln  -             90   1.2e-08   30.9   0.0   1   1   5.1e-10   1.3e-08   30.8   0.0    10    87     3    86     1    87 0.95 -
d1e3pa2b.40.4.5      -             62 d1a62a2b.40.4.5.aln  -             90   1.2e-08   30.8   0.3   1   1   5.4e-10   1.3e-08   30.7   0.3    13    74     1    61     1    62 0.96 -
d2uubl1b.40.4.5      -            118 d1a62a2b.40.4.5.aln  -             90   1.4e-08   30.6   1.7   1   1     7e-10   1.7e-08   30.3   1.7     2    89     6    99     5   100 0.97 -
d2ix0a3b.40.4.5      -             87 d1a62a2b.40.4.5.aln  -             90   6.9e-08   28.4   0.1   1   1     3e-09   7.5e-08   28.3   0.1    12    88     8    85     2    87 0.95 -
d1jjga_b.40.4.5      -            102 d1a62a2b.40.4.5.aln  -             90   9.3e-08   28.0   0.4   1   1   4.2e-09     1e-07   27.8   0.4     1    88     8   101     8   102 0.98 -
d2asba1b.40.4.5      -             76 d1a62a2b.40.4.5.aln  -             90   9.8e-08   27.9   0.1   1   1   4.3e-09   1.1e-07   27.8   0.1     6    82     3    75     1    76 0.95 -
d2ix0a1b.40.4.5      -             90 d1a62a2b.40.4.5.aln  -             90   1.5e-07   27.3   0.0   1   1   6.6e-09   1.6e-07   27.2   0.0     3    89     3    87     1    88 0.96 -
d1hh2p1b.40.4.5      -             72 d1a62a2b.40.4.5.aln  -             90   7.4e-07   25.1   0.4   1   1   4.2e-08     1e-06   24.7   0.4     6    79     7    68     3    72 0.89 -
d1bkba2b.40.4.5      -             65 d1a62a2b.40.4.5.aln  -             90   1.1e-06   24.5   0.2   1   1   4.7e-08   1.2e-06   24.5   0.2    10    78     2    64     1    65 0.92 -
d1t9ha1b.40.4.5      -             67 d1a62a2b.40.4.5.aln  -             90   1.2e-06   24.5   0.1   1   1   4.8e-08   1.2e-06   24.5   0.1    11    76     2    61     1    67 0.91 -
d2vnud1b.40.4.5      -             95 d1a62a2b.40.4.5.aln  -             90   1.3e-06   24.3   0.0   1   1   5.7e-08   1.4e-06   24.2   0.0     1    88     1    94     1    95 0.94 -
d1wfqa_b.40.4.5      -             89 d1a62a2b.40.4.5.aln  -             90     9e-06   21.7   0.0   1   1   3.7e-07     9e-06   21.7   0.0    36    89    35    88     4    89 0.75 -
d1khia2b.40.4.5      -             71 d1a62a2b.40.4.5.aln  -             90   6.9e-05   18.8   0.1   1   1   3.2e-06   7.8e-05   18.7   0.1     3    72     2    68     1    71 0.88 -
d1u0la1b.40.4.5      -             66 d1a62a2b.40.4.5.aln  -             90   0.00024   17.1   0.2   1   1   9.6e-06   0.00024   17.1   0.2    14    72     4    56     1    66 0.86 -
d3i4oa_b.40.4.5      -             68 d1a62a2b.40.4.5.aln  -             90   0.00025   17.1   0.1   1   1   1.1e-05   0.00027   17.0   0.1    11    81     3    67     1    68 0.88 -
d1x6oa2b.40.4.5      -             79 d1a62a2b.40.4.5.aln  -             90   0.00052   16.0   0.0   1   1   2.2e-05   0.00054   16.0   0.0    10    76     8    71     2    79 0.88 -
d2ix0a2b.40.4.5      -             79 d1a62a2b.40.4.5.aln  -             90   0.00061   15.8   0.0   1   1   2.7e-05   0.00066   15.7   0.0    10    83     8    77     2    79 0.84 -
#
# Program:         hmmsearch
# Version:         3.1b2 (February 2015)
# Pipeline mode:   SEARCH
# Query file:      hmmModels30/d1a62a2b.40.4.5.hmm
# Target file:     scop/scopTestSeq.fasta
# Option settings: hmmsearch --domtblout hmmModels30/d1a62a2b.40.4.5.out -E 1 hmmModels30/d1a62a2b.40.4.5.hmm scop/scopTestSeq.fasta 
# Current dir:     /home/anastasia/SBAS/TME8
# Date:            Sat Apr  8 15:33:42 2023
# [ok]
