#                                                                            --- full sequence --- -------------- this domain -------------   hmm coord   ali coord   env coord
# target name        accession   tlen query name           accession   qlen   E-value  score  bias   #  of  c-Evalue  i-Evalue  score  bias  from    to  from    to  from    to  acc description of target
#------------------- ---------- ----- -------------------- ---------- ----- --------- ------ ----- --- --- --------- --------- ------ ----- ----- ----- ----- ----- ----- ----- ---- ---------------------
d1vr5a1c.94.1.1      -            535 d1al3a_c.94.1.1.aln  -            338  6.2e-126  415.6  11.9   1   1  2.7e-127  7.3e-126  415.4  11.9     1   338    51   466    51   466 1.00 -
d1jeta_c.94.1.1      -            517 d1al3a_c.94.1.1.aln  -            338    1e-121  401.8  15.3   1   1  4.4e-123  1.2e-121  401.5  15.3     1   338    58   462    58   462 1.00 -
d1uqwa_c.94.1.1      -            487 d1al3a_c.94.1.1.aln  -            338   4.5e-96  317.4  12.5   1   2       2.1        58   -1.8   0.1    22    55    10    40     4    43 0.61 -
d1uqwa_c.94.1.1      -            487 d1al3a_c.94.1.1.aln  -            338   4.5e-96  317.4  12.5   2   2   1.7e-97   4.5e-96  317.4  12.5     2   337    50   440    49   441 0.99 -
d1xoca1c.94.1.1      -            504 d1al3a_c.94.1.1.aln  -            338   4.2e-93  307.7  17.4   1   1   1.9e-94   5.3e-93  307.4  17.4     2   338    53   449    52   449 0.99 -
d2nooa_c.94.1.1      -            496 d1al3a_c.94.1.1.aln  -            338   1.7e-86  285.9   1.7   1   1   7.6e-88   2.1e-86  285.7   1.7     1   338    46   444    46   444 1.00 -
d3vlva_c.94.1.1      -            490 d1al3a_c.94.1.1.aln  -            338   1.5e-79  263.1  10.4   1   1     7e-81   1.9e-79  262.8  10.4     2   338    41   436    40   436 0.99 -
d1eu8a_c.94.1.1      -            407 d1al3a_c.94.1.1.aln  -            338     3e-67  222.7   7.1   1   1   1.3e-68   3.4e-67  222.5   7.1     3   335     3   373     1   376 0.99 -
d1ursa_c.94.1.1      -            367 d1al3a_c.94.1.1.aln  -            338   1.2e-57  191.1   9.8   1   1   5.2e-59   1.4e-57  190.9   9.8     4   337     2   339     1   340 0.99 -
d3thia_c.94.1.1      -            362 d1al3a_c.94.1.1.aln  -            338   2.2e-46  154.1   0.1   1   1   9.2e-48   2.5e-46  153.9   0.1     4   333     2   343     1   348 0.99 -
d1r9la_c.94.1.1      -            309 d1al3a_c.94.1.1.aln  -            338   2.1e-35  118.0  11.2   1   1   8.8e-37   2.4e-35  117.8  11.2     5   333     7   308     4   309 0.99 -
d1ixha_c.94.1.1      -            321 d1al3a_c.94.1.1.aln  -            338   2.1e-35  118.0  12.1   1   1   8.9e-37   2.4e-35  117.8  12.1     8   331     8   317     2   321 0.97 -
d1nnfa_c.94.1.1      -            308 d1al3a_c.94.1.1.aln  -            338   3.3e-35  117.4  12.0   1   1   1.4e-36   3.9e-35  117.1  12.0     5   332     2   304     1   307 0.98 -
d1sbpa_c.94.1.1      -            309 d1al3a_c.94.1.1.aln  -            338   1.9e-34  114.9  10.1   1   1   7.9e-36   2.1e-34  114.7  10.1     3   311     4   309     2   309 0.98 -
d1pb7a_c.94.1.1      -            289 d1al3a_c.94.1.1.aln  -            338   2.9e-33  111.0   0.0   1   1   1.2e-34   3.2e-33  110.9   0.0     5   337     3   288     1   289 0.99 -
d1q35a_c.94.1.1      -            318 d1al3a_c.94.1.1.aln  -            338   6.4e-33  109.9   1.7   1   1   2.8e-34   7.6e-33  109.6   1.7     4   328     3   304     1   313 0.98 -
d2nxoa1c.94.1.1      -            277 d1al3a_c.94.1.1.aln  -            338   5.7e-29   96.9   0.0   1   1   2.4e-30   6.5e-29   96.7   0.0     7   274     4   267     1   274 0.92 -
d1us5a_c.94.1.1      -            298 d1al3a_c.94.1.1.aln  -            338   4.1e-25   84.2   0.0   1   1   1.8e-26     5e-25   83.9   0.0     5   335     5   296     2   298 0.98 -
d2czla1c.94.1.1      -            270 d1al3a_c.94.1.1.aln  -            338   3.2e-24   81.3   0.0   1   1   1.3e-25   3.6e-24   81.1   0.0     9   280     5   265     2   270 0.97 -
d1sw5a_c.94.1.1      -            270 d1al3a_c.94.1.1.aln  -            338   6.3e-23   77.0   3.0   1   1   2.5e-24   6.9e-23   76.9   3.0     6   310     3   266     1   270 0.97 -
d2i6ea1c.94.1.1      -            272 d1al3a_c.94.1.1.aln  -            338   4.3e-20   67.7   0.0   1   1   1.7e-21   4.7e-20   67.6   0.0     6   274     2   270     1   272 0.95 -
d1twya_c.94.1.1      -            249 d1al3a_c.94.1.1.aln  -            338     8e-20   66.8   0.0   1   1   3.4e-21   9.3e-20   66.6   0.0     4   294     4   248     1   249 0.96 -
d1xt8a1c.94.1.1      -            248 d1al3a_c.94.1.1.aln  -            338   1.4e-17   59.5   7.0   1   1   5.5e-19   1.5e-17   59.4   7.0    10   287     6   245     1   248 0.96 -
d1ii5a_c.94.1.1      -            226 d1al3a_c.94.1.1.aln  -            338   1.4e-15   52.9   0.2   1   1   6.6e-17   1.8e-15   52.5   0.2    22   273    18   223     7   225 0.96 -
d2ozza1c.94.1.1      -            228 d1al3a_c.94.1.1.aln  -            338   1.5e-14   49.5   0.0   1   1   6.2e-16   1.7e-14   49.3   0.0     6   278     4   225     1   228 0.95 -
d1atga_c.94.1.1      -            231 d1al3a_c.94.1.1.aln  -            338   3.3e-14   48.4   1.3   1   1   1.3e-15   3.6e-14   48.3   1.3     6   278     4   230     1   231 0.97 -
d2esna2c.94.1.1      -            212 d1al3a_c.94.1.1.aln  -            338   2.5e-11   38.9   0.0   1   1   1.1e-12   3.1e-11   38.6   0.0    15   272     4   210     1   212 0.94 -
d1i6aa_c.94.1.1      -            212 d1al3a_c.94.1.1.aln  -            338     7e-08   27.6   0.0   1   1     3e-09   8.2e-08   27.3   0.0     3   246     2   210     1   212 0.94 -
d2qmwa1c.94.1.1      -            184 d1al3a_c.94.1.1.aln  -            338   3.3e-06   22.1   0.1   1   2    0.0025     0.067    7.9   0.0     8    95     5    91     1   101 0.83 -
d2qmwa1c.94.1.1      -            184 d1al3a_c.94.1.1.aln  -            338   3.3e-06   22.1   0.1   2   2   9.5e-05    0.0026   12.6   0.0   213   267   129   183   125   184 0.92 -
d1ixca2c.94.1.1      -            205 d1al3a_c.94.1.1.aln  -            338   0.00016   16.6   0.0   1   1   5.7e-06   0.00016   16.6   0.0     8   176     4   148     1   204 0.82 -
#
# Program:         hmmsearch
# Version:         3.1b2 (February 2015)
# Pipeline mode:   SEARCH
# Query file:      hmmModels30/d1al3a_c.94.1.1.hmm
# Target file:     scop/scopTestSeq.fasta
# Option settings: hmmsearch --domtblout hmmModels30/d1al3a_c.94.1.1.out -E 1 hmmModels30/d1al3a_c.94.1.1.hmm scop/scopTestSeq.fasta 
# Current dir:     /home/anastasia/SBAS/TME8
# Date:            Sat Apr  8 15:33:42 2023
# [ok]
