#                                                                            --- full sequence --- -------------- this domain -------------   hmm coord   ali coord   env coord
# target name        accession   tlen query name           accession   qlen   E-value  score  bias   #  of  c-Evalue  i-Evalue  score  bias  from    to  from    to  from    to  acc description of target
#------------------- ---------- ----- -------------------- ---------- ----- --------- ------ ----- --- --- --------- --------- ------ ----- ----- ----- ----- ----- ----- ----- ---- ---------------------
d2gv8a1c.3.1.5       -            336 d1aoga2c.3.1.5.aln   -            208   2.9e-89  293.7   0.0   1   1   8.9e-91   3.5e-89  293.4   0.0     1   208    28   302    28   302 1.00 -
d1w4xa1c.3.1.5       -            299 d1aoga2c.3.1.5.aln   -            208     3e-75  247.9   0.0   1   2       1.4        57   -1.3   0.0    39    61     9    31     5    31 0.84 -
d1w4xa1c.3.1.5       -            299 d1aoga2c.3.1.5.aln   -            208     3e-75  247.9   0.0   2   2   1.3e-76   5.2e-75  247.1   0.0     2   208    30   266    29   266 0.99 -
d1w4xa2c.3.1.5       -            235 d1aoga2c.3.1.5.aln   -            208   2.9e-56  185.9   0.0   1   1   8.1e-58   3.2e-56  185.8   0.0     4   194     2   235     1   235 0.99 -
d1mo9a1c.3.1.5       -            262 d1aoga2c.3.1.5.aln   -            208   4.9e-55  181.9   0.0   1   1   1.4e-56   5.6e-55  181.7   0.0     2   208     7   227     6   227 0.99 -
d1v59a1c.3.1.5       -            234 d1aoga2c.3.1.5.aln   -            208     5e-49  162.3   0.1   1   1   1.5e-50   5.8e-49  162.0   0.1     2   208     6   199     5   199 0.99 -
d1xdia1c.3.1.5       -            234 d1aoga2c.3.1.5.aln   -            208   1.2e-40  134.9   0.0   1   1   3.7e-42   1.5e-40  134.6   0.0     2   207     2   197     1   198 0.98 -
d1m6ia1c.3.1.5       -            214 d1aoga2c.3.1.5.aln   -            208   2.9e-39  130.4   0.0   1   1   8.2e-41   3.2e-39  130.2   0.0     2   208     3   207     2   207 0.99 -
d1nhpa1c.3.1.5       -            199 d1aoga2c.3.1.5.aln   -            208     1e-37  125.3   0.1   1   1   2.8e-39   1.1e-37  125.2   0.1     3   207     2   198     1   199 0.99 -
d1fl2a1c.3.1.5       -            185 d1aoga2c.3.1.5.aln   -            208   5.3e-30  100.1   0.2   1   1   1.5e-31   5.8e-30  100.0   0.2     1   189     1   184     1   185 0.98 -
d1vdca2c.3.1.5       -            130 d1aoga2c.3.1.5.aln   -            208   4.6e-22   74.2   0.0   1   1   1.4e-23   5.4e-22   74.0   0.0     9   134     6   130     2   130 0.97 -
d1m6ia2c.3.1.5       -            137 d1aoga2c.3.1.5.aln   -            208   3.7e-19   64.7   0.0   1   1   1.1e-20   4.3e-19   64.5   0.0     7   136     7   137     2   137 0.97 -
d1nhpa2c.3.1.5       -            123 d1aoga2c.3.1.5.aln   -            208   4.1e-19   64.6   0.4   1   1   1.1e-20   4.3e-19   64.5   0.4    14   134     7   123     1   123 0.96 -
d1fl2a2c.3.1.5       -            126 d1aoga2c.3.1.5.aln   -            208   7.9e-18   60.3   0.0   1   1   2.3e-19     9e-18   60.2   0.0    15   136    10   126     2   126 0.95 -
d1fcda2c.3.1.5       -            141 d1aoga2c.3.1.5.aln   -            208   4.5e-17   57.9   0.0   1   1   1.2e-18   4.8e-17   57.8   0.0     8   143     4   139     1   141 0.96 -
d1xhca2c.3.1.5       -            122 d1aoga2c.3.1.5.aln   -            208   5.8e-17   57.5   0.0   1   1   1.7e-18   6.9e-17   57.3   0.0     9   134     4   121     2   122 0.97 -
d1mo9a2c.3.1.5       -            121 d1aoga2c.3.1.5.aln   -            208   1.1e-16   56.7   0.1   1   1     3e-18   1.2e-16   56.5   0.1    16   137     1   121     1   121 0.98 -
d1onfa2c.3.1.5       -            117 d1aoga2c.3.1.5.aln   -            208     3e-16   55.2   0.2   1   1   8.1e-18   3.2e-16   55.1   0.2    19   134     4   116     1   117 0.95 -
d1v59a2c.3.1.5       -            122 d1aoga2c.3.1.5.aln   -            208   8.6e-16   53.7   0.1   1   1   2.3e-17   8.9e-16   53.6   0.1    21   136     7   120     1   122 0.93 -
d1h6va2c.3.1.5       -            122 d1aoga2c.3.1.5.aln   -            208   1.1e-09   33.7   0.0   1   1   3.1e-11   1.2e-09   33.6   0.0     8   135     4   122     1   122 0.96 -
d2gv8a2c.3.1.5       -            107 d1aoga2c.3.1.5.aln   -            208   9.9e-08   27.4   0.0   1   1   2.7e-09   1.1e-07   27.3   0.0     6   100     1    93     1   106 0.90 -
#
# Program:         hmmsearch
# Version:         3.1b2 (February 2015)
# Pipeline mode:   SEARCH
# Query file:      hmmModels30/d1aoga2c.3.1.5.hmm
# Target file:     scop/scopTestSeq.fasta
# Option settings: hmmsearch --domtblout hmmModels30/d1aoga2c.3.1.5.out -E 1 hmmModels30/d1aoga2c.3.1.5.hmm scop/scopTestSeq.fasta 
# Current dir:     /home/anastasia/SBAS/TME8
# Date:            Sat Apr  8 15:33:42 2023
# [ok]
