#                                                                            --- full sequence --- -------------- this domain -------------   hmm coord   ali coord   env coord
# target name        accession   tlen query name           accession   qlen   E-value  score  bias   #  of  c-Evalue  i-Evalue  score  bias  from    to  from    to  from    to  acc description of target
#------------------- ---------- ----- -------------------- ---------- ----- --------- ------ ----- --- --- --------- --------- ------ ----- ----- ----- ----- ----- ----- ----- ---- ---------------------
d2dw4a2c.3.1.2       -            450 d1b5qa1c.3.1.2.aln   -            362  8.1e-165  543.6   0.0   1   1    3e-166  9.1e-165  543.4   0.0     1   362     4   450     4   450 1.00 -
d2f5va1c.3.1.2       -            380 d1b5qa1c.3.1.2.aln   -            362   7.5e-99  326.5   0.0   1   1  2.8e-100   8.4e-99  326.4   0.0     1   361     3   375     3   376 1.00 -
d2gmha1c.3.1.2       -            381 d1b5qa1c.3.1.2.aln   -            362   4.1e-93  307.7   0.0   1   1   1.5e-94   4.5e-93  307.5   0.0     1   361     6   376     6   377 0.99 -
d1kdga1c.3.1.2       -            361 d1b5qa1c.3.1.2.aln   -            362   1.8e-91  302.3   0.0   1   1   6.6e-93     2e-91  302.1   0.0     1   360     1   358     1   360 0.99 -
d1seza1c.3.1.2       -            374 d1b5qa1c.3.1.2.aln   -            362   3.4e-91  301.3   0.0   1   1   1.3e-92   3.8e-91  301.2   0.0     3   361     2   371     1   372 0.99 -
d2iida1c.3.1.2       -            371 d1b5qa1c.3.1.2.aln   -            362   9.6e-91  299.9   0.0   1   1   5.1e-92   1.6e-90  299.2   0.0     5   361     3   370     1   371 0.97 -
d1n4wa1c.3.1.2       -            368 d1b5qa1c.3.1.2.aln   -            362   6.5e-84  277.4   0.0   1   1   2.4e-85   7.2e-84  277.2   0.0     2   361     2   367     1   368 0.99 -
d1pn0a1c.3.1.2       -            361 d1b5qa1c.3.1.2.aln   -            362   6.3e-83  274.2   0.0   1   1   2.3e-84     7e-83  274.0   0.0     2   359     7   360     6   361 0.99 -
d1ju2a1c.3.1.2       -            352 d1b5qa1c.3.1.2.aln   -            362   2.9e-77  255.5   0.0   1   1   1.1e-78   3.2e-77  255.4   0.0     3   360     3   348     1   350 0.98 -
d2ivda1c.3.1.2       -            348 d1b5qa1c.3.1.2.aln   -            362   1.4e-73  243.4   3.2   1   1   5.1e-75   1.6e-73  243.3   3.2     3   356     1   346     1   348 0.99 -
d1pj5a2c.3.1.2       -            306 d1b5qa1c.3.1.2.aln   -            362   3.8e-57  189.3   0.0   1   1   1.4e-58   4.2e-57  189.2   0.0     2   328     1   305     1   306 0.99 -
d1k0ia1c.3.1.2       -            293 d1b5qa1c.3.1.2.aln   -            362   2.5e-52  173.5   0.0   1   1     9e-54   2.7e-52  173.4   0.0     1   345     1   290     1   293 0.98 -
d1ryia1c.3.1.2       -            277 d1b5qa1c.3.1.2.aln   -            362   1.7e-51  170.7   0.0   1   1   6.3e-53   1.9e-51  170.6   0.0     2   325     4   274     3   277 0.98 -
d2gf3a1c.3.1.2       -            282 d1b5qa1c.3.1.2.aln   -            362   2.5e-51  170.2   0.0   1   1   9.3e-53   2.8e-51  170.0   0.0     1   330     2   280     2   282 0.98 -
d3c96a1c.3.1.2       -            289 d1b5qa1c.3.1.2.aln   -            362   7.1e-45  149.0   0.6   1   1   2.6e-46   7.9e-45  148.8   0.6     3   341     2   288     1   289 0.98 -
d2voua1c.3.1.2       -            266 d1b5qa1c.3.1.2.aln   -            362   4.5e-42  139.7   0.3   1   1   9.3e-43   2.8e-41  137.1   0.3     1   331     3   264     3   266 0.97 -
d1b5qa1c.3.1.2       -            348 d1b5qa1c.3.1.2.aln   -            362   2.2e-09   32.2   0.1   1   2   1.7e-08   5.1e-07   24.4   0.0     4    56     2    55     1   105 0.85 -
d1b5qa1c.3.1.2       -            348 d1b5qa1c.3.1.2.aln   -            362   2.2e-09   32.2   0.1   2   2    0.0077      0.23    5.8   0.0   318   354   301   337   297   341 0.90 -
d1nhpa2c.3.1.5       -            123 d1b5qa1c.3.1.2.aln   -            362   6.2e-07   24.1   0.1   1   1   2.9e-08   8.8e-07   23.6   0.1     4    39    32    67    31    74 0.93 -
d1v59a1c.3.1.5       -            234 d1b5qa1c.3.1.2.aln   -            362   8.2e-05   17.2   0.2   1   1   4.4e-06   0.00013   16.5   0.2     4    39     7    42     4    44 0.96 -
d1xhca2c.3.1.5       -            122 d1b5qa1c.3.1.2.aln   -            362   0.00017   16.2   0.7   1   1   7.3e-06   0.00022   15.8   0.7     4    35    34    65    32    70 0.89 -
d2gv8a1c.3.1.5       -            336 d1b5qa1c.3.1.2.aln   -            362   0.00023   15.7   0.0   1   1   1.2e-05   0.00037   15.0   0.0     4    39     6    43     3    46 0.87 -
d1w4xa1c.3.1.5       -            299 d1b5qa1c.3.1.2.aln   -            362    0.0009   13.7   0.8   1   1   4.6e-05    0.0014   13.1   0.8     3    39     8    44     7    45 0.91 -
d1v59a2c.3.1.5       -            122 d1b5qa1c.3.1.2.aln   -            362    0.0012   13.3   0.0   1   1   3.9e-05    0.0012   13.3   0.0     2    38    23    59    22   108 0.85 -
d1gpja2c.2.1.7       -            159 d1b5qa1c.3.1.2.aln   -            362     0.002   12.6   0.1   1   1   9.4e-05    0.0029   12.1   0.1     4    32    26    54    24    59 0.92 -
d1fl2a2c.3.1.5       -            126 d1b5qa1c.3.1.2.aln   -            362    0.0037   11.7   0.2   1   1   0.00017    0.0053   11.2   0.2     4    32    32    60    29    65 0.94 -
d1fl2a1c.3.1.5       -            185 d1b5qa1c.3.1.2.aln   -            362    0.0047   11.4   1.3   1   1   0.00025    0.0075   10.7   1.3     2    18     1    17     1    28 0.88 -
#
# Program:         hmmsearch
# Version:         3.1b2 (February 2015)
# Pipeline mode:   SEARCH
# Query file:      hmmModels30/d1b5qa1c.3.1.2.hmm
# Target file:     scop/scopTestSeq.fasta
# Option settings: hmmsearch --domtblout hmmModels30/d1b5qa1c.3.1.2.out -E 1 hmmModels30/d1b5qa1c.3.1.2.hmm scop/scopTestSeq.fasta 
# Current dir:     /home/anastasia/SBAS/TME8
# Date:            Sat Apr  8 15:33:43 2023
# [ok]
