#                                                                            --- full sequence --- -------------- this domain -------------   hmm coord   ali coord   env coord
# target name        accession   tlen query name           accession   qlen   E-value  score  bias   #  of  c-Evalue  i-Evalue  score  bias  from    to  from    to  from    to  acc description of target
#------------------- ---------- ----- -------------------- ---------- ----- --------- ------ ----- --- --- --------- --------- ------ ----- ----- ----- ----- ----- ----- ----- ---- ---------------------
d1atia2d.104.1.1     -            394 d1b8aa2d.104.1.1.aln -            316  1.8e-141  466.4   6.5   1   1  4.1e-143  2.1e-141  466.2   6.5     1   316    30   359    30   359 1.00 -
d1wu7a2d.104.1.1     -            327 d1b8aa2d.104.1.1.aln -            316   1.3e-84  279.6   0.0   1   1   2.8e-86   1.5e-84  279.5   0.0     3   315     6   319     4   320 0.99 -
d1h4vb2d.104.1.1     -            324 d1b8aa2d.104.1.1.aln -            316   2.1e-78  259.2   6.8   1   1   4.5e-80   2.4e-78  259.1   6.8     2   316     3   316     2   316 0.99 -
d12asa_d.104.1.1     -            327 d1b8aa2d.104.1.1.aln -            316   6.6e-75  247.8   0.1   1   1   1.4e-76   7.3e-75  247.6   0.1     6   315     2   323     1   324 0.99 -
d1z7ma1d.104.1.1     -            318 d1b8aa2d.104.1.1.aln -            316   7.3e-74  244.3   0.0   1   1   1.6e-75   8.2e-74  244.2   0.0     2   316     2   314     1   314 0.99 -
d1qf6a4d.104.1.1     -            291 d1b8aa2d.104.1.1.aln -            316   8.2e-69  227.7   0.2   1   1   1.7e-70   9.1e-69  227.6   0.2     3   310     2   291     1   291 0.99 -
d1nnha_d.104.1.1     -            293 d1b8aa2d.104.1.1.aln -            316   2.3e-67  223.0   0.7   1   1   4.9e-69   2.6e-67  222.8   0.7     3   312     2   291     1   293 0.99 -
d1seta2d.104.1.1     -            311 d1b8aa2d.104.1.1.aln -            316   1.7e-66  220.2   1.5   1   1   3.5e-68   1.8e-66  220.0   1.5     4   315     3   310     1   311 0.99 -
d1g5ha2d.104.1.1     -            290 d1b8aa2d.104.1.1.aln -            316   7.9e-61  201.5   0.0   1   1   1.7e-62   8.7e-61  201.4   0.0     2   310     3   289     2   290 0.99 -
d1hc7a2d.104.1.1     -            272 d1b8aa2d.104.1.1.aln -            316   9.7e-59  194.6   2.9   1   1     2e-60   1.1e-58  194.5   2.9     6   309     2   272     1   272 0.98 -
d1j5wa_d.104.1.1     -            281 d1b8aa2d.104.1.1.aln -            316   9.4e-57  188.1   1.1   1   1     2e-58     1e-56  188.0   1.1     1   310     1   280     1   281 0.99 -
d1usya_d.104.1.1     -            275 d1b8aa2d.104.1.1.aln -            316   2.6e-52  173.5   0.0   1   1   5.5e-54   2.9e-52  173.4   0.0    17   310     4   275     1   275 0.99 -
d1yfsa2d.104.1.1     -            236 d1b8aa2d.104.1.1.aln -            316   1.3e-48  161.3   0.1   1   1   3.1e-50   1.6e-48  161.0   0.1    16   298     2   235     1   236 0.99 -
d1jjcb5d.104.1.1     -            207 d1b8aa2d.104.1.1.aln -            316   4.5e-26   87.3   2.5   1   2   1.3e-07   6.8e-06   21.0   0.0     3    54     2    53     1    58 0.91 -
d1jjcb5d.104.1.1     -            207 d1b8aa2d.104.1.1.aln -            316   4.5e-26   87.3   2.5   2   2     1e-21   5.3e-20   67.4   0.8    92   265    52   202    48   205 0.97 -
d1b8aa2d.104.1.1     -            335 d1b8aa2d.104.1.1.aln -            316   7.1e-06   21.0   0.1   1   2   0.00017    0.0091   10.8   0.0    26   119    45   124    29   149 0.76 -
d1b8aa2d.104.1.1     -            335 d1b8aa2d.104.1.1.aln -            316   7.1e-06   21.0   0.1   2   2     0.001     0.055    8.2   0.0   229   306   251   328   238   333 0.89 -
#
# Program:         hmmsearch
# Version:         3.1b2 (February 2015)
# Pipeline mode:   SEARCH
# Query file:      hmmModels30/d1b8aa2d.104.1.1.hmm
# Target file:     scop/scopTestSeq.fasta
# Option settings: hmmsearch --domtblout hmmModels30/d1b8aa2d.104.1.1.out -E 1 hmmModels30/d1b8aa2d.104.1.1.hmm scop/scopTestSeq.fasta 
# Current dir:     /home/anastasia/SBAS/TME8
# Date:            Sat Apr  8 15:33:43 2023
# [ok]
