#                                                                            --- full sequence --- -------------- this domain -------------   hmm coord   ali coord   env coord
# target name        accession   tlen query name           accession   qlen   E-value  score  bias   #  of  c-Evalue  i-Evalue  score  bias  from    to  from    to  from    to  acc description of target
#------------------- ---------- ----- -------------------- ---------- ----- --------- ------ ----- --- --- --------- --------- ------ ----- ----- ----- ----- ----- ----- ----- ---- ---------------------
d2fhfa4b.71.1.1      -            118 d1bf2a2b.71.1.1.aln  -             83   2.3e-35  115.9   0.3   1   1   7.4e-37   2.8e-35  115.6   0.3     1    83    20   108    20   108 0.99 -
d1m7xa2b.71.1.1      -            106 d1bf2a2b.71.1.1.aln  -             83   2.9e-23   77.1   0.0   1   1   8.7e-25   3.3e-23   77.0   0.0     1    83     5    99     5    99 0.98 -
d1szna1b.71.1.1      -            103 d1bf2a2b.71.1.1.aln  -             83   3.9e-22   73.5   0.2   1   1   1.2e-23   4.5e-22   73.3   0.2     1    83    11   101    11   101 0.99 -
d1ea9c2b.71.1.1      -             80 d1bf2a2b.71.1.1.aln  -             83   2.8e-18   61.2   0.1   1   1   7.8e-20   2.9e-18   61.1   0.1     1    79     1    78     1    80 0.96 -
d2guya1b.71.1.1      -             95 d1bf2a2b.71.1.1.aln  -             83   8.6e-18   59.6   0.1   1   1   2.5e-19   9.4e-18   59.5   0.1     1    83     1    95     1    95 0.99 -
d1h3ga2b.71.1.1      -             83 d1bf2a2b.71.1.1.aln  -             83   1.9e-17   58.5   0.0   1   1   5.4e-19     2e-17   58.4   0.0     4    81     2    79     1    81 0.96 -
d1ji1a2b.71.1.1      -             83 d1bf2a2b.71.1.1.aln  -             83   4.2e-16   54.2   2.0   1   1   1.2e-17   4.4e-16   54.1   2.0     2    79     2    79     1    83 0.96 -
d1e43a1b.71.1.1      -             90 d1bf2a2b.71.1.1.aln  -             83   3.1e-15   51.4   0.7   1   1   9.1e-17   3.4e-15   51.3   0.7     1    83     3    86     3    86 0.98 -
d3bmva3b.71.1.1      -             89 d1bf2a2b.71.1.1.aln  -             83   4.4e-15   50.9   1.6   1   1   1.3e-16   4.8e-15   50.8   1.6     2    83     1    89     1    89 0.98 -
d1uasa1b.71.1.1      -             89 d1bf2a2b.71.1.1.aln  -             83   5.9e-15   50.5   1.1   1   1   1.7e-16   6.6e-15   50.4   1.1     6    80     5    88     2    89 0.96 -
d1wzaa1b.71.1.1      -             79 d1bf2a2b.71.1.1.aln  -             83     3e-14   48.2   0.0   1   1   8.6e-16   3.2e-14   48.1   0.0     2    80     1    78     1    79 0.97 -
d1g5aa1b.71.1.1      -             74 d1bf2a2b.71.1.1.aln  -             83     3e-13   45.0   0.0   1   1   8.5e-15   3.2e-13   45.0   0.0     7    80     3    73     1    74 0.96 -
d1j0ha2b.71.1.1      -             83 d1bf2a2b.71.1.1.aln  -             83     5e-13   44.3   0.0   1   1   1.4e-14   5.4e-13   44.2   0.0     2    81     3    83     2    83 0.97 -
d1ua7a1b.71.1.1      -             78 d1bf2a2b.71.1.1.aln  -             83   4.6e-12   41.2   0.2   1   1   1.3e-13   4.8e-12   41.2   0.2     6    78     5    77     1    78 0.96 -
d1mxga1b.71.1.1      -             74 d1bf2a2b.71.1.1.aln  -             83   1.6e-11   39.5   0.2   1   1   4.5e-13   1.7e-11   39.4   0.2     2    76     2    73     1    74 0.97 -
d1r7aa1b.71.1.1      -             70 d1bf2a2b.71.1.1.aln  -             83   5.3e-10   34.6   0.1   1   1   1.5e-11   5.6e-10   34.5   0.1     2    71     4    69     3    70 0.97 -
d1gjwa1b.71.1.1      -             64 d1bf2a2b.71.1.1.aln  -             83   6.7e-08   27.9   0.0   1   1   1.9e-09   7.1e-08   27.8   0.0     7    71     2    64     1    64 0.94 -
d2bhua2b.71.1.1      -             72 d1bf2a2b.71.1.1.aln  -             83   6.8e-07   24.7   0.1   1   1   1.9e-08   7.2e-07   24.6   0.1     3    77     3    71     1    72 0.91 -
d1gcya1b.71.1.1      -             61 d1bf2a2b.71.1.1.aln  -             83   1.3e-05   20.5   0.5   1   1   3.9e-07   1.5e-05   20.4   0.5     6    67     6    59     2    61 0.88 -
d1lwha1b.71.1.1      -             50 d1bf2a2b.71.1.1.aln  -             83   0.00022   16.6   0.0   1   1   6.8e-06   0.00026   16.4   0.0     3    34     2    33     1    37 0.90 -
d1bf2a2b.71.1.1      -            113 d1bf2a2b.71.1.1.aln  -             83    0.0014   14.0   0.7   1   2       5.9   2.2e+02   -2.6   0.0    31    34    20    23     8    34 0.60 -
d1bf2a2b.71.1.1      -            113 d1bf2a2b.71.1.1.aln  -             83    0.0014   14.0   0.7   2   2     6e-05    0.0023   13.4   0.1    20    61    39    87    39    93 0.82 -
#
# Program:         hmmsearch
# Version:         3.1b2 (February 2015)
# Pipeline mode:   SEARCH
# Query file:      hmmModels30/d1bf2a2b.71.1.1.hmm
# Target file:     scop/scopTestSeq.fasta
# Option settings: hmmsearch --domtblout hmmModels30/d1bf2a2b.71.1.1.out -E 1 hmmModels30/d1bf2a2b.71.1.1.hmm scop/scopTestSeq.fasta 
# Current dir:     /home/anastasia/SBAS/TME8
# Date:            Sat Apr  8 15:33:43 2023
# [ok]
