#                                                                            --- full sequence --- -------------- this domain -------------   hmm coord   ali coord   env coord
# target name        accession   tlen query name           accession   qlen   E-value  score  bias   #  of  c-Evalue  i-Evalue  score  bias  from    to  from    to  from    to  acc description of target
#------------------- ---------- ----- -------------------- ---------- ----- --------- ------ ----- --- --- --------- --------- ------ ----- ----- ----- ----- ----- ----- ----- ---- ---------------------
d1uoka2c.1.8.1       -            479 d1bf2a3c.1.8.1.aln   -            443  5.9e-162  535.0  21.5   1   1  1.7e-163  6.6e-162  534.8  21.5     9   442     1   479     1   479 0.99 -
d1g5aa2c.1.8.1       -            554 d1bf2a3c.1.8.1.aln   -            443  1.4e-157  520.6   2.3   1   1    4e-159  1.6e-157  520.4   2.3     1   443    39   554    39   554 1.00 -
d1gjwa2c.1.8.1       -            572 d1bf2a3c.1.8.1.aln   -            443  1.1e-128  425.3   0.0   1   1  3.2e-130  1.3e-128  425.1   0.0     1   442    39   571    39   572 0.99 -
d2fhfa5c.1.8.1       -            563 d1bf2a3c.1.8.1.aln   -            443  4.8e-117  387.0   0.6   1   1  1.4e-118  5.5e-117  386.8   0.6     2   442    40   562    39   563 0.99 -
d1wzaa2c.1.8.1       -            409 d1bf2a3c.1.8.1.aln   -            443  5.5e-115  380.2  14.1   1   1  1.6e-116  6.1e-115  380.0  14.1    14   442     2   409     1   409 0.99 -
d1ji1a3c.1.8.1       -            432 d1bf2a3c.1.8.1.aln   -            443     2e-98  325.6  21.3   1   1  5.7e-100   2.2e-98  325.5  21.3     7   442     1   431     1   432 0.99 -
d1h3ga3c.1.8.1       -            422 d1bf2a3c.1.8.1.aln   -            443   8.1e-98  323.6   8.8   1   1   2.3e-99     9e-98  323.5   8.8     8   443     3   422     1   422 0.98 -
d3bmva4c.1.8.1       -            406 d1bf2a3c.1.8.1.aln   -            443   9.8e-94  310.2  13.1   1   1   2.8e-95   1.1e-93  310.0  13.1     6   442     4   406     1   406 0.98 -
d1wdpa_c.1.8.1       -            493 d1bf2a3c.1.8.1.aln   -            443   1.9e-91  302.6   0.2   1   1   5.4e-93   2.1e-91  302.5   0.2     1   441    19   489    19   491 0.98 -
d2guya2c.1.8.1       -            381 d1bf2a3c.1.8.1.aln   -            443   1.6e-89  296.3   7.6   1   1   4.9e-91   1.9e-89  296.0   7.6    10   427     2   368     1   379 0.94 -
d1x1na1c.1.8.1       -            523 d1bf2a3c.1.8.1.aln   -            443   2.1e-87  289.3   0.0   1   1     6e-89   2.4e-87  289.1   0.0     2   442    29   521    28   522 0.99 -
d2bhua3c.1.8.1       -            420 d1bf2a3c.1.8.1.aln   -            443   3.1e-86  285.4   1.4   1   1   8.9e-88   3.5e-86  285.3   1.4     2   442     2   419     1   420 0.99 -
d1e43a2c.1.8.1       -            393 d1bf2a3c.1.8.1.aln   -            443   1.7e-82  273.1  15.7   1   1   4.8e-84   1.9e-82  273.0  15.7    16   435     2   392     1   393 0.97 -
d1m7xa3c.1.8.1       -            396 d1bf2a3c.1.8.1.aln   -            443   2.1e-75  249.7  15.7   1   1     6e-77   2.4e-75  249.6  15.7     1   442     1   392     1   393 0.99 -
d1vema2c.1.8.1       -            417 d1bf2a3c.1.8.1.aln   -            443     3e-72  239.4   7.9   1   1   8.4e-74   3.3e-72  239.2   7.9    11   441     3   412     1   414 0.98 -
d1r7aa2c.1.8.1       -            434 d1bf2a3c.1.8.1.aln   -            443   2.4e-70  233.1   0.1   1   1   6.9e-72   2.7e-70  232.9   0.1     2   440     5   433     4   434 0.99 -
d1ht6a2c.1.8.1       -            347 d1bf2a3c.1.8.1.aln   -            443     1e-69  231.0   5.4   1   1   3.2e-71   1.2e-69  230.7   5.4    16   381     1   328     1   339 0.98 -
d1ua7a2c.1.8.1       -            344 d1bf2a3c.1.8.1.aln   -            443   6.4e-60  198.7  12.5   1   1     3e-61   1.2e-59  197.8  12.5    13   441     2   343     1   344 0.98 -
d1kwga2c.1.8.1       -            393 d1bf2a3c.1.8.1.aln   -            443   4.8e-59  195.8   0.0   1   1   1.5e-60   5.9e-59  195.5   0.0     1   432    10   385    10   390 0.97 -
d1bf2a3c.1.8.1       -            475 d1bf2a3c.1.8.1.aln   -            443   3.6e-29   97.4  11.5   1   2   6.2e-23   2.4e-21   71.6   5.2    15   222    15   215     7   220 0.91 -
d1bf2a3c.1.8.1       -            475 d1bf2a3c.1.8.1.aln   -            443   3.6e-29   97.4  11.5   2   2   8.2e-10   3.2e-08   28.3   0.4   317   440   361   470   328   471 0.82 -
#
# Program:         hmmsearch
# Version:         3.1b2 (February 2015)
# Pipeline mode:   SEARCH
# Query file:      hmmModels30/d1bf2a3c.1.8.1.hmm
# Target file:     scop/scopTestSeq.fasta
# Option settings: hmmsearch --domtblout hmmModels30/d1bf2a3c.1.8.1.out -E 1 hmmModels30/d1bf2a3c.1.8.1.hmm scop/scopTestSeq.fasta 
# Current dir:     /home/anastasia/SBAS/TME8
# Date:            Sat Apr  8 15:33:43 2023
# [ok]
