#                                                                            --- full sequence --- -------------- this domain -------------   hmm coord   ali coord   env coord
# target name        accession   tlen query name           accession   qlen   E-value  score  bias   #  of  c-Evalue  i-Evalue  score  bias  from    to  from    to  from    to  acc description of target
#------------------- ---------- ----- -------------------- ---------- ----- --------- ------ ----- --- --- --------- --------- ------ ----- ----- ----- ----- ----- ----- ----- ---- ---------------------
d2vnud3b.40.4.5      -            148 d1bkba2b.40.4.5.aln  -             93   8.5e-34  111.1   0.0   1   1   4.8e-35   1.2e-33  110.7   0.0     1    93    11   110    11   110 0.99 -
d1d7qa_b.40.4.5      -            143 d1bkba2b.40.4.5.aln  -             93     3e-29   96.5   0.0   1   1   1.7e-30     4e-29   96.1   0.0     1    93    21   120    21   120 0.99 -
d2nn6i1b.40.4.5      -            125 d1bkba2b.40.4.5.aln  -             93   6.8e-24   79.4   0.1   1   1   3.3e-25   7.8e-24   79.2   0.1     3    93     1    97     1    97 0.98 -
d1wi5a_b.40.4.5      -            119 d1bkba2b.40.4.5.aln  -             93   1.9e-21   71.6   0.0   1   1   9.1e-23   2.2e-21   71.4   0.0     2    91    14   101    13   103 0.95 -
d3bzka4b.40.4.5      -             94 d1bkba2b.40.4.5.aln  -             93   7.6e-16   53.7   1.0   1   1   3.6e-17   8.7e-16   53.5   1.0     3    81    12    86    10    92 0.93 -
d2je6i1b.40.4.5      -             87 d1bkba2b.40.4.5.aln  -             93   3.9e-14   48.2   1.0   1   1   1.8e-15   4.3e-14   48.1   1.0     3    90     1    87     1    87 0.97 -
d2uubl1b.40.4.5      -            118 d1bkba2b.40.4.5.aln  -             93     4e-14   48.2   1.1   1   1   2.1e-15   4.9e-14   47.9   1.1     2    92    18   115    17   116 0.97 -
d1jt8a_b.40.4.5      -            102 d1bkba2b.40.4.5.aln  -             93   9.3e-13   43.8   0.3   1   1   4.2e-14     1e-12   43.7   0.3     2    90    11    99    10   102 0.96 -
d1go3e1b.40.4.5      -            106 d1bkba2b.40.4.5.aln  -             93   4.7e-12   41.5   0.3   1   1   2.4e-13   5.6e-12   41.3   0.3     7    91     1    91     1    93 0.97 -
d1luza_b.40.4.5      -             85 d1bkba2b.40.4.5.aln  -             93     9e-11   37.4   0.4   1   1     4e-12   9.5e-11   37.4   0.4     4    88     3    84     1    85 0.95 -
d1kl9a2b.40.4.5      -             86 d1bkba2b.40.4.5.aln  -             93   1.2e-10   37.0   1.0   1   1   5.6e-12   1.3e-10   36.9   1.0     3    83     7    85     5    86 0.96 -
d2ja9a1b.40.4.5      -             90 d1bkba2b.40.4.5.aln  -             93   1.8e-10   36.5   0.0   1   1     8e-12   1.9e-10   36.4   0.0     3    90     1    84     1    87 0.96 -
d1y14b1b.40.4.5      -             91 d1bkba2b.40.4.5.aln  -             93   1.8e-10   36.4   0.0   1   1   8.9e-12   2.1e-10   36.2   0.0     7    88     1    87     1    90 0.94 -
d2vnud2b.40.4.5      -             88 d1bkba2b.40.4.5.aln  -             93   9.3e-10   34.2   0.4   1   1   4.4e-11     1e-09   34.0   0.4     2    84     2    84     1    87 0.94 -
d2nn6h1b.40.4.5      -             95 d1bkba2b.40.4.5.aln  -             93   2.7e-09   32.7   0.1   1   1   1.3e-10     3e-09   32.6   0.1     2    86     1    91     1    95 0.94 -
d2vnud1b.40.4.5      -             95 d1bkba2b.40.4.5.aln  -             93   3.5e-09   32.4   0.0   1   1   1.6e-10   3.8e-09   32.2   0.0     3    89    11    94     9    95 0.95 -
d2uubq1b.40.4.5      -            100 d1bkba2b.40.4.5.aln  -             93   4.8e-09   31.9   2.4   1   1   2.2e-10   5.3e-09   31.8   2.4     3    91     8    95     6    97 0.94 -
d1e3pa2b.40.4.5      -             62 d1bkba2b.40.4.5.aln  -             93   1.1e-08   30.8   0.2   1   1   4.9e-10   1.2e-08   30.7   0.2    15    76     1    62     1    62 0.96 -
d2asba1b.40.4.5      -             76 d1bkba2b.40.4.5.aln  -             93   1.4e-08   30.5   0.1   1   1   5.9e-10   1.4e-08   30.4   0.1     8    83     3    75     1    76 0.95 -
d1smxa_b.40.4.5      -             87 d1bkba2b.40.4.5.aln  -             93   2.4e-07   26.4   0.0   1   1   1.1e-08   2.6e-07   26.4   0.0    11    86     2    84     1    87 0.94 -
d1wfqa_b.40.4.5      -             89 d1bkba2b.40.4.5.aln  -             93     3e-07   26.1   0.0   1   1   1.4e-08   3.4e-07   26.0   0.0     8    90     5    88     2    89 0.94 -
d2ix0a1b.40.4.5      -             90 d1bkba2b.40.4.5.aln  -             93   3.1e-07   26.1   0.0   1   1   1.5e-08   3.6e-07   25.9   0.0     3    89     2    86     1    89 0.95 -
d1hh2p1b.40.4.5      -             72 d1bkba2b.40.4.5.aln  -             93   3.3e-07   26.0   0.4   1   1   2.1e-08     5e-07   25.5   0.4     9    81     8    69     2    72 0.84 -
d1jjga_b.40.4.5      -            102 d1bkba2b.40.4.5.aln  -             93   4.6e-06   22.4   0.3   1   1   2.1e-07   5.1e-06   22.2   0.3     2    89     7   101     6   102 0.97 -
d3i4oa_b.40.4.5      -             68 d1bkba2b.40.4.5.aln  -             93   5.5e-06   22.1   0.2   1   1   2.4e-07   5.7e-06   22.1   0.2    12    79     4    64     1    68 0.93 -
d2ix0a3b.40.4.5      -             87 d1bkba2b.40.4.5.aln  -             93   1.4e-05   20.8   0.0   1   1   6.4e-07   1.5e-05   20.7   0.0    11    88     5    84     2    87 0.92 -
d2ix0a2b.40.4.5      -             79 d1bkba2b.40.4.5.aln  -             93   2.6e-05   20.0   0.0   1   1   1.2e-06   2.8e-05   19.9   0.0    12    84     8    77     2    79 0.89 -
d1t9ha1b.40.4.5      -             67 d1bkba2b.40.4.5.aln  -             93   2.6e-05   20.0   0.2   1   1   1.3e-06     3e-05   19.8   0.2    13    79     2    63     1    66 0.92 -
d1u0la1b.40.4.5      -             66 d1bkba2b.40.4.5.aln  -             93   3.4e-05   19.6   0.2   1   1   1.6e-06   3.9e-05   19.4   0.2    13    68     3    51     2    65 0.90 -
d1khia2b.40.4.5      -             71 d1bkba2b.40.4.5.aln  -             93   0.00026   16.8   0.1   1   1   1.3e-05    0.0003   16.6   0.1     7    74     4    69     1    71 0.91 -
d1x6oa2b.40.4.5      -             79 d1bkba2b.40.4.5.aln  -             93    0.0006   15.6   0.0   1   1   2.7e-05   0.00064   15.5   0.0     8    77     2    71     1    78 0.93 -
d1c9oa_b.40.4.5      -             66 d1bkba2b.40.4.5.aln  -             93     0.001   14.9   0.0   1   1   4.7e-05    0.0011   14.7   0.0    12    76     1    59     1    65 0.92 -
d1ne3a_b.40.4.5      -             68 d1bkba2b.40.4.5.aln  -             93    0.0062   12.4   0.0   1   1   0.00027    0.0065   12.3   0.0    11    66     4    55     1    66 0.89 -
#
# Program:         hmmsearch
# Version:         3.1b2 (February 2015)
# Pipeline mode:   SEARCH
# Query file:      hmmModels30/d1bkba2b.40.4.5.hmm
# Target file:     scop/scopTestSeq.fasta
# Option settings: hmmsearch --domtblout hmmModels30/d1bkba2b.40.4.5.out -E 1 hmmModels30/d1bkba2b.40.4.5.hmm scop/scopTestSeq.fasta 
# Current dir:     /home/anastasia/SBAS/TME8
# Date:            Sat Apr  8 15:33:43 2023
# [ok]
