#                                                                            --- full sequence --- -------------- this domain -------------   hmm coord   ali coord   env coord
# target name        accession   tlen query name           accession   qlen   E-value  score  bias   #  of  c-Evalue  i-Evalue  score  bias  from    to  from    to  from    to  acc description of target
#------------------- ---------- ----- -------------------- ---------- ----- --------- ------ ----- --- --- --------- --------- ------ ----- ----- ----- ----- ----- ----- ----- ---- ---------------------
d1p0ha_d.108.1.1     -            308 d1bo4a_d.108.1.1.aln -            193   3.1e-87  286.9   0.1   1   3   2.9e-87   5.7e-86  282.8   0.0    10   193     1   200     1   200 1.00 -
d1p0ha_d.108.1.1     -            308 d1bo4a_d.108.1.1.aln -            193   3.1e-87  286.9   0.1   2   3       1.7        32   -0.2   0.0    96   118   227   249   211   267 0.81 -
d1p0ha_d.108.1.1     -            308 d1bo4a_d.108.1.1.aln -            193   3.1e-87  286.9   0.1   3   3       1.3        26    0.1   0.0   134   162   277   297   272   305 0.71 -
d2p0wa_d.108.1.1     -            319 d1bo4a_d.108.1.1.aln -            193   1.4e-78  258.7   0.1   1   1   1.1e-79     2e-78  258.1   0.1     1   193    96   319    96   319 1.00 -
d1boba_d.108.1.1     -            315 d1bo4a_d.108.1.1.aln -            193   4.7e-68  224.3   0.2   1   1   3.2e-69   6.1e-68  224.0   0.2     1   193    88   315    88   315 1.00 -
d2pq8a_d.108.1.1     -            271 d1bo4a_d.108.1.1.aln -            193   2.9e-55  182.6   0.0   1   1   1.7e-56   3.3e-55  182.4   0.0     1   193    17   241    17   241 0.99 -
d1u6ma_d.108.1.1     -            189 d1bo4a_d.108.1.1.aln -            193   9.1e-22   73.3   0.0   1   1   5.4e-23     1e-21   73.1   0.0    14   182     3   188     1   189 0.98 -
d1tiqa_d.108.1.1     -            173 d1bo4a_d.108.1.1.aln -            193   5.7e-19   64.2   0.1   1   1   3.2e-20   6.1e-19   64.1   0.1    14   187     4   172     1   173 0.96 -
d1mk4a_d.108.1.1     -            157 d1bo4a_d.108.1.1.aln -            193   9.8e-19   63.4   0.0   1   1   5.7e-20   1.1e-18   63.3   0.0    30   173     5   136     1   150 0.95 -
d2cy2a1d.108.1.1     -            174 d1bo4a_d.108.1.1.aln -            193   2.5e-17   58.9   0.2   1   1   1.5e-18   2.8e-17   58.7   0.2    17   178     6   162     1   172 0.91 -
d1yk3a1d.108.1.1     -            198 d1bo4a_d.108.1.1.aln -            193   3.2e-17   58.5   0.0   1   1   1.9e-18   3.7e-17   58.3   0.0     7   176     4   189     1   197 0.94 -
d2gana1d.108.1.1     -            182 d1bo4a_d.108.1.1.aln -            193   3.2e-17   58.5   0.0   1   1   1.8e-18   3.5e-17   58.4   0.0     2   177     2   177     1   182 0.94 -
d1i12a_d.108.1.1     -            157 d1bo4a_d.108.1.1.aln -            193   6.6e-17   57.5   0.0   1   1   3.8e-18   7.4e-17   57.3   0.0    14   167     7   151     3   157 0.95 -
d1vkca_d.108.1.1     -            149 d1bo4a_d.108.1.1.aln -            193   1.2e-16   56.7   0.1   1   1   6.8e-18   1.3e-16   56.5   0.1    34   171    20   147     6   149 0.92 -
d2b5ga_d.108.1.1     -            168 d1bo4a_d.108.1.1.aln -            193   1.4e-15   53.1   0.0   1   1   8.7e-17   1.7e-15   52.9   0.0    10   171     1   156     1   167 0.92 -
d1y9ka1d.108.1.1     -            152 d1bo4a_d.108.1.1.aln -            193   2.1e-15   52.6   0.0   1   1   1.2e-16   2.4e-15   52.4   0.0    76   186    22   149    10   152 0.83 -
d1z4ea1d.108.1.1     -            150 d1bo4a_d.108.1.1.aln -            193   2.8e-15   52.1   0.1   1   1   1.7e-16   3.3e-15   51.9   0.1    21   164     7   141     1   147 0.91 -
d2fl4a1d.108.1.1     -            146 d1bo4a_d.108.1.1.aln -            193   8.3e-15   50.6   0.2   1   1     5e-16   9.7e-15   50.4   0.2    27   177     6   141     2   146 0.87 -
d1ufha_d.108.1.1     -            155 d1bo4a_d.108.1.1.aln -            193   4.8e-14   48.1   0.4   1   1   2.9e-15   5.6e-14   47.9   0.4    17   171     7   153     3   155 0.92 -
d2ae6a1d.108.1.1     -            161 d1bo4a_d.108.1.1.aln -            193   1.1e-13   46.9   0.1   1   1   6.4e-15   1.2e-13   46.8   0.1    71   180    53   154     6   159 0.84 -
d2euia1d.108.1.1     -            153 d1bo4a_d.108.1.1.aln -            193     2e-13   46.1   0.0   1   1   1.2e-14   2.3e-13   45.9   0.0    32   172    13   145     5   152 0.84 -
d1ghea_d.108.1.1     -            170 d1bo4a_d.108.1.1.aln -            193   6.3e-12   41.2   0.1   1   1   3.9e-13   7.5e-12   41.0   0.1    15   160     4   144     2   169 0.91 -
d1y9wa1d.108.1.1     -            140 d1bo4a_d.108.1.1.aln -            193   8.1e-12   40.9   0.1   1   1   5.5e-13   1.1e-11   40.5   0.1    36   183     8   139     3   140 0.86 -
d1qsma_d.108.1.1     -            150 d1bo4a_d.108.1.1.aln -            193   6.2e-11   38.0   0.0   1   1   3.8e-12   7.3e-11   37.7   0.0    30   164    16   140     3   149 0.89 -
d2fiaa1d.108.1.1     -            157 d1bo4a_d.108.1.1.aln -            193   1.2e-10   37.1   0.1   1   1   6.4e-12   1.2e-10   37.0   0.1    84   176    60   146    29   157 0.87 -
d2atra1d.108.1.1     -            137 d1bo4a_d.108.1.1.aln -            193   1.4e-10   36.8   0.0   1   1   7.9e-12   1.5e-10   36.7   0.0    52   173    25   131    10   137 0.86 -
d1wwza1d.108.1.1     -            157 d1bo4a_d.108.1.1.aln -            193   1.8e-10   36.5   0.0   1   1   9.5e-12   1.8e-10   36.5   0.0    87   163    73   142     5   148 0.91 -
d2fcka1d.108.1.1     -            178 d1bo4a_d.108.1.1.aln -            193   3.5e-10   35.5   0.2   1   1     2e-11   3.8e-10   35.4   0.2    16   165     8   156     1   172 0.90 -
d1yx0a1d.108.1.1     -            151 d1bo4a_d.108.1.1.aln -            193   8.3e-10   34.3   0.0   1   1   5.1e-11   9.9e-10   34.1   0.0    67   174    31   141    10   150 0.86 -
d2jdca1d.108.1.1     -            145 d1bo4a_d.108.1.1.aln -            193   3.9e-09   32.1   0.1   1   1   3.3e-10   6.4e-09   31.4   0.1    21   183     2   143     1   145 0.91 -
d1y7ra1d.108.1.1     -            133 d1bo4a_d.108.1.1.aln -            193   4.4e-09   31.9   0.0   1   1   2.3e-10   4.4e-09   31.9   0.0    93   176    57   131     2   133 0.84 -
d1nsla_d.108.1.1     -            180 d1bo4a_d.108.1.1.aln -            193   5.5e-09   31.6   0.0   1   1   3.2e-10   6.2e-09   31.5   0.0    13   165     4   155     1   176 0.91 -
d1z4ra1d.108.1.1     -            162 d1bo4a_d.108.1.1.aln -            193   8.4e-09   31.0   0.0   1   1   5.5e-10   1.1e-08   30.7   0.0    30   177    16   155     3   160 0.84 -
d1bo4a_d.108.1.1     -            137 d1bo4a_d.108.1.1.aln -            193   1.3e-08   30.4   0.0   1   1   7.2e-10   1.4e-08   30.3   0.0    79   158    41   137     6   137 0.83 -
d1n71a_d.108.1.1     -            180 d1bo4a_d.108.1.1.aln -            193   1.3e-08   30.4   0.0   1   1   8.3e-10   1.6e-08   30.1   0.0    24   188    16   178     5   180 0.92 -
d1cjwa_d.108.1.1     -            166 d1bo4a_d.108.1.1.aln -            193   3.3e-08   29.1   0.0   1   1   1.7e-09   3.3e-08   29.1   0.0    89   164    79   146     5   164 0.80 -
d2fiwa1d.108.1.1     -            156 d1bo4a_d.108.1.1.aln -            193   1.1e-07   27.3   0.0   1   1   6.8e-09   1.3e-07   27.1   0.0    22   165     6   136     1   155 0.87 -
d2aj6a1d.108.1.1     -            118 d1bo4a_d.108.1.1.aln -            193   3.2e-07   25.9   0.0   1   1   1.9e-08   3.6e-07   25.7   0.0    18   135     4   114     1   117 0.94 -
d1m4ia_d.108.1.1     -            181 d1bo4a_d.108.1.1.aln -            193   3.7e-07   25.7   0.0   1   1   2.2e-08   4.3e-07   25.5   0.0    26   187    13   181     6   181 0.93 -
d1q2ya_d.108.1.1     -            140 d1bo4a_d.108.1.1.aln -            193   8.4e-07   24.5   0.0   1   1   4.9e-08   9.3e-07   24.3   0.0    85   180    51   137     6   140 0.75 -
d2g3aa1d.108.1.1     -            137 d1bo4a_d.108.1.1.aln -            193   1.4e-06   23.7   0.0   1   1   9.2e-08   1.8e-06   23.4   0.0   100   179    60   133    53   137 0.86 -
d1xeba_d.108.1.1     -            149 d1bo4a_d.108.1.1.aln -            193   2.1e-06   23.2   0.2   1   1   1.3e-07   2.6e-06   22.9   0.2    36   170    16   138     3   145 0.82 -
d1r57a_d.108.1.1     -            102 d1bo4a_d.108.1.1.aln -            193    0.0038   12.6   0.0   1   1   0.00024    0.0046   12.3   0.0   101   133    37    69    23    79 0.87 -
#
# Program:         hmmsearch
# Version:         3.1b2 (February 2015)
# Pipeline mode:   SEARCH
# Query file:      hmmModels30/d1bo4a_d.108.1.1.hmm
# Target file:     scop/scopTestSeq.fasta
# Option settings: hmmsearch --domtblout hmmModels30/d1bo4a_d.108.1.1.out -E 1 hmmModels30/d1bo4a_d.108.1.1.hmm scop/scopTestSeq.fasta 
# Current dir:     /home/anastasia/SBAS/TME8
# Date:            Sat Apr  8 15:33:43 2023
# [ok]
