#                                                                            --- full sequence --- -------------- this domain -------------   hmm coord   ali coord   env coord
# target name        accession   tlen query name           accession   qlen   E-value  score  bias   #  of  c-Evalue  i-Evalue  score  bias  from    to  from    to  from    to  acc description of target
#------------------- ---------- ----- -------------------- ---------- ----- --------- ------ ----- --- --- --------- --------- ------ ----- ----- ----- ----- ----- ----- ----- ---- ---------------------
d1p0ha_d.108.1.1     -            308 d1boba_d.108.1.1.aln -            217  4.4e-103  339.4   0.2   1   2  3.4e-103  6.5e-102  335.6   0.0     6   217     1   230     1   230 1.00 -
d1p0ha_d.108.1.1     -            308 d1boba_d.108.1.1.aln -            217  4.4e-103  339.4   0.2   2   2      0.56        10    1.5   0.0   129   156   275   298   231   306 0.67 -
d2p0wa_d.108.1.1     -            319 d1boba_d.108.1.1.aln -            217   1.4e-85  282.2   0.1   1   1     9e-87   1.7e-85  281.9   0.1     1   187    96   319    96   319 1.00 -
d2pq8a_d.108.1.1     -            271 d1boba_d.108.1.1.aln -            217   1.7e-69  229.6   0.0   1   1     1e-70   1.9e-69  229.4   0.0     1   217    20   271    20   271 1.00 -
d1u6ma_d.108.1.1     -            189 d1boba_d.108.1.1.aln -            217   2.3e-21   72.3   0.0   1   1   1.3e-22   2.5e-21   72.1   0.0     3   174     3   187     1   189 0.97 -
d1tiqa_d.108.1.1     -            173 d1boba_d.108.1.1.aln -            217   8.4e-21   70.4   0.1   1   1   4.8e-22   9.1e-21   70.3   0.1    11   181     4   172     1   173 0.97 -
d1z4ea1d.108.1.1     -            150 d1boba_d.108.1.1.aln -            217   7.3e-19   64.1   0.1   1   1   4.6e-20   8.6e-19   63.9   0.1    25   161    15   145     2   149 0.79 -
d1i12a_d.108.1.1     -            157 d1boba_d.108.1.1.aln -            217   4.8e-18   61.4   0.0   1   1     3e-19   5.6e-18   61.2   0.0    10   163     6   154     3   157 0.95 -
d2gana1d.108.1.1     -            182 d1boba_d.108.1.1.aln -            217   9.7e-17   57.1   0.0   1   1   5.8e-18   1.1e-16   57.0   0.0    13   172     6   179     1   182 0.94 -
d2euia1d.108.1.1     -            153 d1boba_d.108.1.1.aln -            217   1.8e-16   56.3   0.0   1   1   1.1e-17     2e-16   56.1   0.0    23   163     7   143     1   148 0.89 -
d1mk4a_d.108.1.1     -            157 d1boba_d.108.1.1.aln -            217   2.4e-16   55.9   0.0   1   1   1.8e-17   3.3e-16   55.4   0.0    16   169     3   139     1   148 0.93 -
d1y9ka1d.108.1.1     -            152 d1boba_d.108.1.1.aln -            217   2.8e-15   52.4   0.0   1   1   1.7e-16   3.2e-15   52.2   0.0    45   164    19   135     5   151 0.83 -
d1ufha_d.108.1.1     -            155 d1boba_d.108.1.1.aln -            217   1.2e-14   50.4   0.4   1   1   7.5e-16   1.4e-14   50.1   0.4    14   161     7   150     2   154 0.92 -
d1m4ia_d.108.1.1     -            181 d1boba_d.108.1.1.aln -            217   1.3e-14   50.2   0.0   1   1   7.5e-16   1.4e-14   50.1   0.0    20   189     3   181     1   181 0.95 -
d2ae6a1d.108.1.1     -            161 d1boba_d.108.1.1.aln -            217   2.1e-13   46.3   0.0   1   1   1.2e-14   2.2e-13   46.2   0.0    24   173     6   153     1   160 0.86 -
d1vkca_d.108.1.1     -            149 d1boba_d.108.1.1.aln -            217   2.3e-13   46.1   0.0   1   1   1.3e-14   2.5e-13   46.0   0.0    44   163    33   146     8   149 0.80 -
d2b5ga_d.108.1.1     -            168 d1boba_d.108.1.1.aln -            217   2.4e-13   46.1   0.0   1   1   1.4e-14   2.6e-13   45.9   0.0    22   174    13   163     2   168 0.93 -
d2fl4a1d.108.1.1     -            146 d1boba_d.108.1.1.aln -            217   4.4e-13   45.2   0.1   1   1   2.5e-14   4.8e-13   45.1   0.1    42   164    29   136     3   146 0.73 -
d1y9wa1d.108.1.1     -            140 d1boba_d.108.1.1.aln -            217   1.8e-12   43.2   0.0   1   1   1.6e-13     3e-12   42.5   0.0    95   176    62   139    29   140 0.92 -
d2atra1d.108.1.1     -            137 d1boba_d.108.1.1.aln -            217   4.2e-12   42.0   0.0   1   1   2.7e-13     5e-12   41.7   0.0    37   171    18   136     5   137 0.90 -
d1n71a_d.108.1.1     -            180 d1boba_d.108.1.1.aln -            217   4.6e-12   41.9   0.0   1   1     3e-13   5.6e-12   41.6   0.0    16   170     8   167     2   177 0.94 -
d1ghea_d.108.1.1     -            170 d1boba_d.108.1.1.aln -            217   4.7e-12   41.8   0.0   1   1   2.7e-13   5.1e-12   41.7   0.0    10   164     3   152     1   169 0.92 -
d2jdca1d.108.1.1     -            145 d1boba_d.108.1.1.aln -            217   8.9e-12   40.9   0.1   1   1   5.3e-13   9.9e-12   40.8   0.1    50   162    31   129     8   144 0.84 -
d1qsma_d.108.1.1     -            150 d1boba_d.108.1.1.aln -            217   1.1e-11   40.6   0.0   1   1     6e-13   1.1e-11   40.6   0.0    22   159     7   142     1   150 0.91 -
d1wwza1d.108.1.1     -            157 d1boba_d.108.1.1.aln -            217   2.2e-11   39.6   0.0   1   1   1.4e-12   2.5e-11   39.4   0.0    14   161     4   147     1   156 0.88 -
d2cy2a1d.108.1.1     -            174 d1boba_d.108.1.1.aln -            217   1.3e-10   37.1   0.0   1   1     7e-12   1.3e-10   37.1   0.0    89   177    81   167     3   174 0.81 -
d1cjwa_d.108.1.1     -            166 d1boba_d.108.1.1.aln -            217   3.2e-10   35.8   0.0   1   1   2.1e-11   3.9e-10   35.6   0.0    89   170    82   159    50   165 0.90 -
d1z4ra1d.108.1.1     -            162 d1boba_d.108.1.1.aln -            217   3.5e-10   35.7   0.0   1   1   2.2e-11   4.2e-10   35.5   0.0    24   179    13   155     3   161 0.93 -
d2g3aa1d.108.1.1     -            137 d1boba_d.108.1.1.aln -            217   4.1e-10   35.5   0.0   1   1     3e-11   5.6e-10   35.0   0.0    45   176    21   136     2   137 0.78 -
d1bo4a_d.108.1.1     -            137 d1boba_d.108.1.1.aln -            217   2.2e-09   33.1   0.0   1   1   1.2e-10   2.3e-09   33.1   0.0    63   154    41   137     3   137 0.78 -
d1yx0a1d.108.1.1     -            151 d1boba_d.108.1.1.aln -            217   3.3e-09   32.5   0.0   1   1   1.8e-10   3.4e-09   32.5   0.0    81   161    55   135     7   150 0.86 -
d2fcka1d.108.1.1     -            178 d1boba_d.108.1.1.aln -            217   1.1e-08   30.8   0.1   1   1   7.4e-10   1.4e-08   30.5   0.1    12   161     7   158     2   172 0.91 -
d1yk3a1d.108.1.1     -            198 d1boba_d.108.1.1.aln -            217   1.2e-08   30.7   0.0   1   1   6.7e-10   1.3e-08   30.6   0.0     8   183     2   195     1   198 0.96 -
d2fiaa1d.108.1.1     -            157 d1boba_d.108.1.1.aln -            217   1.9e-08   30.1   0.1   1   1   1.1e-09   2.1e-08   29.9   0.1    35   167    21   144     2   156 0.79 -
d1y7ra1d.108.1.1     -            133 d1boba_d.108.1.1.aln -            217   5.6e-08   28.5   0.0   1   1   3.9e-09   7.3e-08   28.1   0.0    92   157    59   121    44   132 0.89 -
d1xeba_d.108.1.1     -            149 d1boba_d.108.1.1.aln -            217   6.7e-08   28.2   0.3   1   1   5.3e-09   9.9e-08   27.7   0.3    90   167    68   141     2   145 0.79 -
d1nsla_d.108.1.1     -            180 d1boba_d.108.1.1.aln -            217   1.5e-07   27.1   0.0   1   1   8.8e-09   1.7e-07   27.0   0.0     8   165     2   159     1   178 0.88 -
d1q2ya_d.108.1.1     -            140 d1boba_d.108.1.1.aln -            217   5.6e-07   25.2   0.0   1   1   3.6e-08   6.7e-07   25.0   0.0    88   173    57   137     4   140 0.81 -
d2fiwa1d.108.1.1     -            156 d1boba_d.108.1.1.aln -            217   7.8e-07   24.8   0.0   1   1   4.3e-08     8e-07   24.7   0.0    77   163    59   140     4   156 0.71 -
d1r57a_d.108.1.1     -            102 d1boba_d.108.1.1.aln -            217   3.1e-06   22.8   0.0   1   1   1.8e-07   3.4e-06   22.7   0.0    89   141    28    80    13    94 0.86 -
d2aj6a1d.108.1.1     -            118 d1boba_d.108.1.1.aln -            217   2.5e-05   19.9   0.0   1   1   1.3e-06   2.5e-05   19.9   0.0    75   133    59   115     8   118 0.83 -
d1boba_d.108.1.1     -            315 d1boba_d.108.1.1.aln -            217   6.6e-05   18.5   0.0   1   1   6.2e-06   0.00012   17.7   0.0    54   128   141   241   127   295 0.65 -
d1xmta_d.108.1.1     -             95 d1boba_d.108.1.1.aln -            217   0.00031   16.3   0.0   1   1   1.7e-05   0.00032   16.2   0.0    78   137    14    73     3    87 0.86 -
#
# Program:         hmmsearch
# Version:         3.1b2 (February 2015)
# Pipeline mode:   SEARCH
# Query file:      hmmModels30/d1boba_d.108.1.1.hmm
# Target file:     scop/scopTestSeq.fasta
# Option settings: hmmsearch --domtblout hmmModels30/d1boba_d.108.1.1.out -E 1 hmmModels30/d1boba_d.108.1.1.hmm scop/scopTestSeq.fasta 
# Current dir:     /home/anastasia/SBAS/TME8
# Date:            Sat Apr  8 15:33:43 2023
# [ok]
