#                                                                            --- full sequence --- -------------- this domain -------------   hmm coord   ali coord   env coord
# target name        accession   tlen query name           accession   qlen   E-value  score  bias   #  of  c-Evalue  i-Evalue  score  bias  from    to  from    to  from    to  acc description of target
#------------------- ---------- ----- -------------------- ---------- ----- --------- ------ ----- --- --- --------- --------- ------ ----- ----- ----- ----- ----- ----- ----- ---- ---------------------
d1wk1a_d.169.1.1     -            150 d1byfa_d.169.1.1.aln -            130   1.2e-44  147.2   0.1   1   1   2.3e-46   1.4e-44  147.0   0.1     6   130     2   132     1   132 0.98 -
d1qdda_d.169.1.1     -            144 d1byfa_d.169.1.1.aln -            130   4.2e-44  145.4   3.4   1   1   7.7e-46   4.7e-44  145.3   3.4     2   128    13   143    12   144 0.99 -
d1wmza_d.169.1.1     -            140 d1byfa_d.169.1.1.aln -            130   3.8e-42  139.1   8.9   1   1     7e-44   4.2e-42  138.9   8.9     2   129     2   139     1   140 0.98 -
d1gz2a_d.169.1.1     -            139 d1byfa_d.169.1.1.aln -            130   6.8e-39  128.6   0.1   1   1   1.2e-40   7.5e-39  128.4   0.1     3   128     2   138     1   139 0.98 -
d2ziba_d.169.1.1     -            130 d1byfa_d.169.1.1.aln -            130   1.1e-38  127.9   3.5   1   1     2e-40   1.2e-38  127.8   3.5     2   128     6   128     5   130 0.98 -
d3l9jc_d.169.1.1     -            134 d1byfa_d.169.1.1.aln -            130   1.4e-35  117.8   3.3   1   1   2.6e-37   1.6e-35  117.7   3.3     2   127     2   132     1   134 0.97 -
d1qo3c_d.169.1.1     -            133 d1byfa_d.169.1.1.aln -            130   3.8e-33  110.0   4.2   1   1     7e-35   4.3e-33  109.8   4.2     3   128    14   131    12   133 0.96 -
d1kg0c_d.169.1.1     -            136 d1byfa_d.169.1.1.aln -            130     7e-33  109.1   5.1   1   1   1.4e-34   8.2e-33  108.9   5.1     1   129    17   135    17   136 0.98 -
d1pwba1d.169.1.1     -            121 d1byfa_d.169.1.1.aln -            130   1.3e-32  108.3   0.0   1   1   2.3e-34   1.4e-32  108.2   0.0     7   127     3   121     1   121 0.97 -
d1g1ta1d.169.1.1     -            118 d1byfa_d.169.1.1.aln -            130   2.7e-32  107.2   5.2   1   1   4.9e-34   2.9e-32  107.1   5.2    14   126     2   118     1   118 0.96 -
d1h8ua_d.169.1.1     -            115 d1byfa_d.169.1.1.aln -            130     4e-32  106.7   5.2   1   1   7.2e-34   4.4e-32  106.6   5.2    15   126     2   114     1   115 0.98 -
d3hupa_d.169.1.1     -            121 d1byfa_d.169.1.1.aln -            130   1.2e-29   98.7  10.3   1   1   2.1e-31   1.3e-29   98.6  10.3     2   129     6   120     5   121 0.97 -
d1byfa_d.169.1.1     -            123 d1byfa_d.169.1.1.aln -            130   3.5e-11   39.0   0.1   1   1   6.7e-13   4.1e-11   38.7   0.1    17   128     6   121     2   123 0.83 -
#
# Program:         hmmsearch
# Version:         3.1b2 (February 2015)
# Pipeline mode:   SEARCH
# Query file:      hmmModels30/d1byfa_d.169.1.1.hmm
# Target file:     scop/scopTestSeq.fasta
# Option settings: hmmsearch --domtblout hmmModels30/d1byfa_d.169.1.1.out -E 1 hmmModels30/d1byfa_d.169.1.1.hmm scop/scopTestSeq.fasta 
# Current dir:     /home/anastasia/SBAS/TME8
# Date:            Sat Apr  8 15:33:43 2023
# [ok]
