#                                                                            --- full sequence --- -------------- this domain -------------   hmm coord   ali coord   env coord
# target name        accession   tlen query name           accession   qlen   E-value  score  bias   #  of  c-Evalue  i-Evalue  score  bias  from    to  from    to  from    to  acc description of target
#------------------- ---------- ----- -------------------- ---------- ----- --------- ------ ----- --- --- --------- --------- ------ ----- ----- ----- ----- ----- ----- ----- ---- ---------------------
d1ur4a_c.1.8.3       -            387 d1ceoa_c.1.8.3.aln   -            359  2.5e-114  377.5  14.1   1   1  7.8e-116  2.8e-114  377.3  14.1     2   358     2   384     1   385 0.99 -
d1uuqa_c.1.8.3       -            410 d1ceoa_c.1.8.3.aln   -            359  1.7e-109  361.6  19.2   1   1  5.4e-111  1.9e-109  361.4  19.2     1   358     7   397     7   398 1.00 -
d1edga_c.1.8.3       -            380 d1ceoa_c.1.8.3.aln   -            359   1.2e-92  306.2  19.2   1   1   3.7e-94   1.3e-92  306.0  19.2     2   358    16   373    15   374 0.99 -
d1odza_c.1.8.3       -            381 d1ceoa_c.1.8.3.aln   -            359   2.6e-77  255.7  13.0   1   1   8.1e-79   2.9e-77  255.6  13.0     1   358    14   378    14   379 0.99 -
d1rh9a1c.1.8.3       -            370 d1ceoa_c.1.8.3.aln   -            359   5.2e-77  254.7   9.3   1   1   1.6e-78   5.8e-77  254.6   9.3     1   356     6   364     6   367 0.99 -
d3n9ka_c.1.8.3       -            394 d1ceoa_c.1.8.3.aln   -            359   2.4e-75  249.3  23.1   1   1   7.5e-77   2.7e-75  249.1  23.1     1   358     9   388     9   389 0.99 -
d1qw9a2c.1.8.3       -            367 d1ceoa_c.1.8.3.aln   -            359   1.4e-74  246.7   1.3   1   1   4.4e-76   1.6e-74  246.6   1.3     4   357     2   365     1   367 0.99 -
d1hjua_c.1.8.3       -            332 d1ceoa_c.1.8.3.aln   -            359   1.2e-71  237.1  17.3   1   1   3.8e-73   1.3e-71  236.9  17.3    14   355     3   332     1   332 0.99 -
d1ecea_c.1.8.3       -            358 d1ceoa_c.1.8.3.aln   -            359   5.4e-71  235.0  17.3   1   1   1.7e-72     6e-71  234.8  17.3     2   357    10   356     9   358 0.98 -
d1qnra_c.1.8.3       -            344 d1ceoa_c.1.8.3.aln   -            359   1.7e-66  220.1  25.6   1   1   5.4e-68   1.9e-66  220.0  25.6     2   355     8   341     7   344 0.98 -
d2nt0a2c.1.8.3       -            354 d1ceoa_c.1.8.3.aln   -            359   2.4e-66  219.7   0.0   1   1   7.3e-68   2.6e-66  219.6   0.0     4   355     2   352     1   354 0.99 -
d2je8a5c.1.8.3       -            348 d1ceoa_c.1.8.3.aln   -            359   2.4e-62  206.5   7.1   1   1   7.6e-64   2.7e-62  206.3   7.1     2   354     7   348     6   348 0.99 -
d1vjza_c.1.8.3       -            325 d1ceoa_c.1.8.3.aln   -            359     1e-61  204.4   0.1   1   1   3.4e-63   1.2e-61  204.2   0.1    14   351     3   318     1   324 0.99 -
d1w91a2c.1.8.3       -            347 d1ceoa_c.1.8.3.aln   -            359   2.6e-60  199.8   0.0   1   1     9e-62   3.2e-60  199.5   0.0     1   355     5   342     5   345 0.99 -
d2vzsa5c.1.8.3       -            339 d1ceoa_c.1.8.3.aln   -            359   2.7e-54  180.0   2.0   1   1   8.4e-56     3e-54  179.9   2.0     1   353     9   334     9   339 0.98 -
d1h1na_c.1.8.3       -            305 d1ceoa_c.1.8.3.aln   -            359   2.2e-52  173.7  14.9   1   1   6.8e-54   2.4e-52  173.6  14.9    17   359     5   304     1   304 0.98 -
d1bqca_c.1.8.3       -            302 d1ceoa_c.1.8.3.aln   -            359   4.6e-48  159.5   9.0   1   1   1.4e-49   5.1e-48  159.4   9.0    18   354     5   301     1   302 0.98 -
d1jz8a5c.1.8.3       -            292 d1ceoa_c.1.8.3.aln   -            359   7.1e-45  149.1   0.3   1   1   2.3e-46   8.2e-45  148.9   0.3    12   356     2   292     1   292 0.99 -
d7a3ha_c.1.8.3       -            300 d1ceoa_c.1.8.3.aln   -            359   6.8e-43  142.5  11.6   1   1   2.1e-44   7.5e-43  142.4  11.6    11   355     4   299     1   300 0.98 -
d1i1wa_c.1.8.3       -            303 d1ceoa_c.1.8.3.aln   -            359     2e-41  137.7   6.9   1   1     6e-43   2.1e-41  137.6   6.9    18   356     8   301     1   303 0.97 -
d2v3ga_c.1.8.3       -            273 d1ceoa_c.1.8.3.aln   -            359     7e-38  126.1  22.7   1   1   2.4e-39   8.5e-38  125.8  22.7    16   352     3   272     1   273 0.98 -
d1nofa2c.1.8.3       -            277 d1ceoa_c.1.8.3.aln   -            359     8e-35  116.0   4.8   1   1   2.5e-36   8.9e-35  115.8   4.8    11   354     3   276     1   277 0.98 -
#
# Program:         hmmsearch
# Version:         3.1b2 (February 2015)
# Pipeline mode:   SEARCH
# Query file:      hmmModels30/d1ceoa_c.1.8.3.hmm
# Target file:     scop/scopTestSeq.fasta
# Option settings: hmmsearch --domtblout hmmModels30/d1ceoa_c.1.8.3.out -E 1 hmmModels30/d1ceoa_c.1.8.3.hmm scop/scopTestSeq.fasta 
# Current dir:     /home/anastasia/SBAS/TME8
# Date:            Sat Apr  8 15:33:43 2023
# [ok]
