#                                                                            --- full sequence --- -------------- this domain -------------   hmm coord   ali coord   env coord
# target name        accession   tlen query name           accession   qlen   E-value  score  bias   #  of  c-Evalue  i-Evalue  score  bias  from    to  from    to  from    to  acc description of target
#------------------- ---------- ----- -------------------- ---------- ----- --------- ------ ----- --- --- --------- --------- ------ ----- ----- ----- ----- ----- ----- ----- ---- ---------------------
d1r3na1c.56.5.4      -            323 d1cg2a1c.56.5.4.aln  -            284  4.9e-108  355.9   0.0   1   1  7.6e-110  5.4e-108  355.7   0.0     2   284     2   318     1   318 1.00 -
d1y7ea2c.56.5.4      -            323 d1cg2a1c.56.5.4.aln  -            284   7.3e-97  319.2   0.2   1   1   1.1e-98   8.2e-97  319.0   0.2     1   284     5   322     5   322 1.00 -
d1rtqa_c.56.5.4      -            291 d1cg2a1c.56.5.4.aln  -            284   1.3e-95  315.1   0.5   1   1     2e-97   1.5e-95  314.9   0.5     2   284     9   286     8   286 0.99 -
d1z2la1c.56.5.4      -            294 d1cg2a1c.56.5.4.aln  -            284   5.2e-92  303.3   0.0   1   1     8e-94   5.8e-92  303.1   0.0    15   284     1   294     1   294 0.99 -
d1fnoa4c.56.5.4      -            296 d1cg2a1c.56.5.4.aln  -            284   1.7e-85  281.9   0.0   1   1   2.6e-87   1.9e-85  281.8   0.0     1   283     1   295     1   296 0.99 -
d1tkja_c.56.5.4      -            277 d1cg2a1c.56.5.4.aln  -            284   8.7e-83  273.0   0.0   1   1   1.3e-84   9.6e-83  272.9   0.0    15   283     2   276     1   277 0.99 -
d1lfwa1c.56.5.4      -            273 d1cg2a1c.56.5.4.aln  -            284     3e-79  261.4   0.0   1   1   4.7e-81   3.4e-79  261.2   0.0     2   283     9   272     8   273 0.99 -
d1vgya1c.56.5.4      -            263 d1cg2a1c.56.5.4.aln  -            284   5.8e-76  250.6   0.0   1   1     9e-78   6.5e-76  250.5   0.0    14   280     1   262     1   263 0.99 -
d1y0ya3c.56.5.4      -            256 d1cg2a1c.56.5.4.aln  -            284   1.5e-70  232.8   0.1   1   1   2.4e-72   1.7e-70  232.7   0.1    17   282     2   255     1   256 0.99 -
d2grea2c.56.5.4      -            234 d1cg2a1c.56.5.4.aln  -            284   1.1e-57  190.7   1.4   1   1   1.7e-59   1.3e-57  190.5   1.4    13   281     1   233     1   234 0.99 -
d1cg2a1c.56.5.4      -            277 d1cg2a1c.56.5.4.aln  -            284   2.3e-06   22.2   0.4   1   2   9.2e-07   6.6e-05   17.5   0.1    77   161    86   164    17   179 0.86 -
d1cg2a1c.56.5.4      -            277 d1cg2a1c.56.5.4.aln  -            284   2.3e-06   22.2   0.4   2   2     0.034       2.4    2.5   0.0   213   267   205   261   193   273 0.74 -
#
# Program:         hmmsearch
# Version:         3.1b2 (February 2015)
# Pipeline mode:   SEARCH
# Query file:      hmmModels30/d1cg2a1c.56.5.4.hmm
# Target file:     scop/scopTestSeq.fasta
# Option settings: hmmsearch --domtblout hmmModels30/d1cg2a1c.56.5.4.out -E 1 hmmModels30/d1cg2a1c.56.5.4.hmm scop/scopTestSeq.fasta 
# Current dir:     /home/anastasia/SBAS/TME8
# Date:            Sat Apr  8 15:33:43 2023
# [ok]
