#                                                                            --- full sequence --- -------------- this domain -------------   hmm coord   ali coord   env coord
# target name        accession   tlen query name           accession   qlen   E-value  score  bias   #  of  c-Evalue  i-Evalue  score  bias  from    to  from    to  from    to  acc description of target
#------------------- ---------- ----- -------------------- ---------- ----- --------- ------ ----- --- --- --------- --------- ------ ----- ----- ----- ----- ----- ----- ----- ---- ---------------------
d1p0ha_d.108.1.1     -            308 d1cjwa_d.108.1.1.aln -            268  4.2e-111  366.4   0.0   1   1  3.7e-112  7.8e-111  365.5   0.0    46   268     1   230     1   230 1.00 -
d2p0wa_d.108.1.1     -            319 d1cjwa_d.108.1.1.aln -            268   8.6e-95  312.9   0.0   1   1     5e-96     1e-94  312.7   0.0     1   238    79   319    79   319 1.00 -
d2pq8a_d.108.1.1     -            271 d1cjwa_d.108.1.1.aln -            268   1.3e-89  296.0   0.0   1   1   6.7e-91   1.4e-89  295.9   0.0     1   268     1   271     1   271 1.00 -
d1boba_d.108.1.1     -            315 d1cjwa_d.108.1.1.aln -            268   7.6e-83  273.8   0.6   1   1   4.4e-84   9.1e-83  273.5   0.6     1   233    75   315    75   315 0.99 -
d1u6ma_d.108.1.1     -            189 d1cjwa_d.108.1.1.aln -            268   4.7e-20   67.9   0.0   1   1   2.5e-21   5.1e-20   67.8   0.0    27   225     3   187     1   189 0.97 -
d1yk3a1d.108.1.1     -            198 d1cjwa_d.108.1.1.aln -            268   1.1e-17   60.1   0.0   1   1   5.8e-19   1.2e-17   60.0   0.0    21   225     3   195     1   198 0.95 -
d1tiqa_d.108.1.1     -            173 d1cjwa_d.108.1.1.aln -            268   3.8e-17   58.3   0.4   1   1     2e-18   4.1e-17   58.3   0.4    53   232     7   172     1   173 0.95 -
d2gana1d.108.1.1     -            182 d1cjwa_d.108.1.1.aln -            268   1.8e-15   52.9   0.0   1   1   9.3e-17   1.9e-15   52.8   0.0    31   223     2   179     1   182 0.97 -
d2cy2a1d.108.1.1     -            174 d1cjwa_d.108.1.1.aln -            268   1.1e-14   50.3   0.0   1   1   5.8e-16   1.2e-14   50.2   0.0    65   232    18   171     4   174 0.93 -
d1vkca_d.108.1.1     -            149 d1cjwa_d.108.1.1.aln -            268   7.7e-13   44.2   0.1   1   1   4.3e-14   8.8e-13   44.0   0.1    71   204    18   146     5   147 0.92 -
d2fl4a1d.108.1.1     -            146 d1cjwa_d.108.1.1.aln -            268   3.7e-12   42.0   0.3   1   1   1.8e-13   3.8e-12   41.9   0.3    71   219     5   140     1   146 0.90 -
d2euia1d.108.1.1     -            153 d1cjwa_d.108.1.1.aln -            268   3.9e-12   41.9   0.1   1   1     2e-13   4.2e-12   41.8   0.1    79   212    22   141     1   146 0.93 -
d1mk4a_d.108.1.1     -            157 d1cjwa_d.108.1.1.aln -            268   1.4e-11   40.1   0.0   1   1   7.3e-13   1.5e-11   40.0   0.0    89   201    22   129     2   145 0.87 -
d1ufha_d.108.1.1     -            155 d1cjwa_d.108.1.1.aln -            268     2e-11   39.6   0.4   1   1   1.2e-12   2.4e-11   39.3   0.4    63   208    15   146     3   153 0.87 -
d1i12a_d.108.1.1     -            157 d1cjwa_d.108.1.1.aln -            268   6.7e-11   37.9   0.0   1   1   3.6e-12   7.4e-11   37.7   0.0    61   210    16   150     6   157 0.90 -
d1ghea_d.108.1.1     -            170 d1cjwa_d.108.1.1.aln -            268   2.1e-10   36.2   0.0   1   1   1.1e-11   2.3e-10   36.1   0.0    83   194    35   141     7   149 0.87 -
d2b5ga_d.108.1.1     -            168 d1cjwa_d.108.1.1.aln -            268   2.5e-10   36.0   0.0   1   1   1.4e-11     3e-10   35.8   0.0    72   208    24   146     9   166 0.86 -
d1z4ea1d.108.1.1     -            150 d1cjwa_d.108.1.1.aln -            268   2.6e-10   35.9   0.1   1   1   1.3e-11   2.7e-10   35.9   0.1    56   214     6   147     1   149 0.82 -
d2fiaa1d.108.1.1     -            157 d1cjwa_d.108.1.1.aln -            268   2.7e-10   35.9   0.1   1   1   1.5e-11   3.1e-10   35.7   0.1    88   217    28   143     5   155 0.88 -
d1bo4a_d.108.1.1     -            137 d1cjwa_d.108.1.1.aln -            268   7.5e-10   34.4   0.0   1   1   4.2e-11   8.7e-10   34.2   0.0    69   195    15   137     7   137 0.95 -
d1m4ia_d.108.1.1     -            181 d1cjwa_d.108.1.1.aln -            268   1.5e-09   33.4   0.0   1   1   7.4e-11   1.5e-09   33.4   0.0    61   182     4   125     1   179 0.85 -
d1qsma_d.108.1.1     -            150 d1cjwa_d.108.1.1.aln -            268     2e-09   33.1   0.0   1   1   1.3e-10   2.7e-09   32.6   0.0    98   210    44   141    13   150 0.89 -
d1nsla_d.108.1.1     -            180 d1cjwa_d.108.1.1.aln -            268   2.1e-09   32.9   0.0   1   1   1.1e-10   2.2e-09   32.9   0.0    50   213     8   158     2   180 0.88 -
d2fcka1d.108.1.1     -            178 d1cjwa_d.108.1.1.aln -            268   2.5e-09   32.7   0.2   1   1   2.2e-10   4.5e-09   31.9   0.2    81   195    40   151     8   172 0.83 -
d2atra1d.108.1.1     -            137 d1cjwa_d.108.1.1.aln -            268     1e-08   30.7   0.0   1   1   5.4e-10   1.1e-08   30.6   0.0   112   222    43   136    10   137 0.88 -
d1wwza1d.108.1.1     -            157 d1cjwa_d.108.1.1.aln -            268   2.6e-08   29.4   0.0   1   1   1.4e-09   2.9e-08   29.2   0.0    85   213    36   148     5   156 0.83 -
d2ae6a1d.108.1.1     -            161 d1cjwa_d.108.1.1.aln -            268   4.4e-08   28.6   0.0   1   1   2.4e-09     5e-08   28.4   0.0   132   227    75   156    33   160 0.87 -
d1q2ya_d.108.1.1     -            140 d1cjwa_d.108.1.1.aln -            268   4.3e-07   25.4   0.1   1   1   2.1e-08   4.4e-07   25.3   0.1    76   207     6   120     1   139 0.91 -
d1y7ra1d.108.1.1     -            133 d1cjwa_d.108.1.1.aln -            268   1.3e-06   23.8   0.0   1   1   7.8e-08   1.6e-06   23.5   0.0   131   195    59   118    50   127 0.91 -
d1n71a_d.108.1.1     -            180 d1cjwa_d.108.1.1.aln -            268   3.8e-06   22.3   0.0   1   1   2.2e-07   4.6e-06   22.0   0.0    56   233    12   178     2   180 0.87 -
d2jdca1d.108.1.1     -            145 d1cjwa_d.108.1.1.aln -            268     6e-06   21.6   0.0   1   1   2.9e-07     6e-06   21.6   0.0   112   211    45   127     7   143 0.84 -
d1y9wa1d.108.1.1     -            140 d1cjwa_d.108.1.1.aln -            268   1.4e-05   20.4   0.0   1   1   1.1e-05   0.00024   16.4   0.0   136   195    64   117    47   140 0.81 -
d1z4ra1d.108.1.1     -            162 d1cjwa_d.108.1.1.aln -            268   2.8e-05   19.4   0.0   1   1   1.4e-06   2.9e-05   19.4   0.0   108   180    50   122    13   159 0.78 -
d1y9ka1d.108.1.1     -            152 d1cjwa_d.108.1.1.aln -            268   5.2e-05   18.6   0.0   1   1     3e-06   6.3e-05   18.3   0.0   110   195    34   115    22   134 0.82 -
d2aj6a1d.108.1.1     -            118 d1cjwa_d.108.1.1.aln -            268   0.00019   16.7   0.0   1   1     1e-05   0.00021   16.5   0.0    61   169     6   112     1   116 0.90 -
d1xeba_d.108.1.1     -            149 d1cjwa_d.108.1.1.aln -            268   0.00042   15.6   0.1   1   1   2.6e-05   0.00054   15.2   0.1    74   216     9   139     3   144 0.79 -
d2fiwa1d.108.1.1     -            156 d1cjwa_d.108.1.1.aln -            268   0.00067   14.9   0.0   1   1   3.6e-05   0.00075   14.8   0.0    85   195    28   131    13   155 0.72 -
d1yx0a1d.108.1.1     -            151 d1cjwa_d.108.1.1.aln -            268    0.0048   12.1   0.0   1   2      0.36       7.4    1.7   0.0    51   126     7    82     1    84 0.86 -
d1yx0a1d.108.1.1     -            151 d1cjwa_d.108.1.1.aln -            268    0.0048   12.1   0.0   2   2   0.00097      0.02   10.1   0.1   140   195    75   128    67   133 0.90 -
#
# Program:         hmmsearch
# Version:         3.1b2 (February 2015)
# Pipeline mode:   SEARCH
# Query file:      hmmModels30/d1cjwa_d.108.1.1.hmm
# Target file:     scop/scopTestSeq.fasta
# Option settings: hmmsearch --domtblout hmmModels30/d1cjwa_d.108.1.1.out -E 1 hmmModels30/d1cjwa_d.108.1.1.hmm scop/scopTestSeq.fasta 
# Current dir:     /home/anastasia/SBAS/TME8
# Date:            Sat Apr  8 15:33:43 2023
# [ok]
