#                                                                            --- full sequence --- -------------- this domain -------------   hmm coord   ali coord   env coord
# target name        accession   tlen query name           accession   qlen   E-value  score  bias   #  of  c-Evalue  i-Evalue  score  bias  from    to  from    to  from    to  acc description of target
#------------------- ---------- ----- -------------------- ---------- ----- --------- ------ ----- --- --- --------- --------- ------ ----- ----- ----- ----- ----- ----- ----- ---- ---------------------
d1omra_a.39.1.5      -            201 d1ctaa_a.39.1.5.aln  -            173   2.3e-65  215.0   5.4   1   1   5.1e-67   3.1e-65  214.5   5.4     1   170    42   201    42   201 0.99 -
d1jbaa_a.39.1.5      -            189 d1ctaa_a.39.1.5.aln  -            173   6.2e-61  200.6   1.3   1   1   1.2e-62   7.4e-61  200.3   1.3     1   160    38   189    38   189 0.99 -
d1qv0a_a.39.1.5      -            189 d1ctaa_a.39.1.5.aln  -            173     5e-50  165.0   0.2   1   1   9.2e-52   5.6e-50  164.9   0.2     2   172     4   182     3   183 0.99 -
d2zfda1a.39.1.5      -            183 d1ctaa_a.39.1.5.aln  -            173   3.1e-49  162.5   4.2   1   1   5.7e-51   3.4e-49  162.3   4.2     6   173     2   175     1   175 0.99 -
d2sasa_a.39.1.5      -            185 d1ctaa_a.39.1.5.aln  -            173   5.2e-48  158.5   1.4   1   1   9.6e-50   5.8e-48  158.3   1.4     1   172     3   178     3   179 0.99 -
d1exra_a.39.1.5      -            146 d1ctaa_a.39.1.5.aln  -            173   5.2e-47  155.2   7.3   1   1   9.3e-49   5.6e-47  155.1   7.3    15   160     2   145     1   146 0.99 -
d1xo5a_a.39.1.5      -            180 d1ctaa_a.39.1.5.aln  -            173   3.1e-44  146.2   0.0   1   1   5.6e-46   3.4e-44  146.0   0.0     2   172     2   179     1   180 0.99 -
d1nyaa_a.39.1.5      -            176 d1ctaa_a.39.1.5.aln  -            173   1.1e-43  144.4   0.5   1   1   1.9e-45   1.2e-43  144.3   0.5     1   171     1   174     1   176 0.98 -
d2scpa_a.39.1.5      -            174 d1ctaa_a.39.1.5.aln  -            173   1.9e-43  143.6   4.3   1   1   3.5e-45   2.1e-43  143.5   4.3     6   172     1   167     1   168 0.99 -
d1jfka_a.39.1.5      -            134 d1ctaa_a.39.1.5.aln  -            173   1.9e-39  130.6   5.7   1   1   3.4e-41   2.1e-39  130.5   5.7    23   159     1   133     1   134 0.97 -
d1s6ja_a.39.1.5      -             87 d1ctaa_a.39.1.5.aln  -            173   2.8e-23   78.0   1.3   1   1   4.8e-25   2.9e-23   77.9   1.3     3    85     4    86     2    87 0.97 -
d1j7qa_a.39.1.5      -             86 d1ctaa_a.39.1.5.aln  -            173   7.2e-18   60.3   0.1   1   1   1.3e-19   7.6e-18   60.3   0.1    10    93     2    85     1    86 0.96 -
d1ctaa_a.39.1.5      -             34 d1ctaa_a.39.1.5.aln  -            173   0.00022   16.4   0.1   1   1   3.6e-06   0.00022   16.4   0.1    22    49     4    31     1    34 0.61 -
#
# Program:         hmmsearch
# Version:         3.1b2 (February 2015)
# Pipeline mode:   SEARCH
# Query file:      hmmModels30/d1ctaa_a.39.1.5.hmm
# Target file:     scop/scopTestSeq.fasta
# Option settings: hmmsearch --domtblout hmmModels30/d1ctaa_a.39.1.5.out -E 1 hmmModels30/d1ctaa_a.39.1.5.hmm scop/scopTestSeq.fasta 
# Current dir:     /home/anastasia/SBAS/TME8
# Date:            Sat Apr  8 15:33:43 2023
# [ok]
