#                                                                            --- full sequence --- -------------- this domain -------------   hmm coord   ali coord   env coord
# target name        accession   tlen query name           accession   qlen   E-value  score  bias   #  of  c-Evalue  i-Evalue  score  bias  from    to  from    to  from    to  acc description of target
#------------------- ---------- ----- -------------------- ---------- ----- --------- ------ ----- --- --- --------- --------- ------ ----- ----- ----- ----- ----- ----- ----- ---- ---------------------
d1lj8a4c.2.1.6       -            286 d1dlja2c.2.1.6.aln   -            188   3.8e-96  316.0   0.0   1   1   9.7e-98   4.5e-96  315.8   0.0     1   188    30   233    30   233 1.00 -
d1jaya_c.2.1.6       -            212 d1dlja2c.2.1.6.aln   -            188   3.3e-50  166.2   0.1   1   1   8.3e-52   3.9e-50  166.0   0.1     2   187     3   188     2   189 0.98 -
d1mv8a2c.2.1.6       -            202 d1dlja2c.2.1.6.aln   -            188   1.7e-44  147.6   0.0   1   1   3.9e-46   1.8e-44  147.5   0.0     1   186     1   195     1   197 0.99 -
d1f0ya2c.2.1.6       -            192 d1dlja2c.2.1.6.aln   -            188   2.4e-40  134.1   1.1   1   1   5.6e-42   2.6e-40  133.9   1.1     1   187     5   191     5   192 0.99 -
d1evya2c.2.1.6       -            189 d1dlja2c.2.1.6.aln   -            188   1.7e-39  131.3   0.0   1   1     4e-41   1.9e-39  131.2   0.0     2   185     9   188     8   189 0.99 -
d1bg6a2c.2.1.6       -            184 d1dlja2c.2.1.6.aln   -            188   4.9e-35  116.7   0.2   1   1   1.2e-36   5.4e-35  116.6   0.2     2   185     3   176     2   179 0.97 -
d1txga2c.2.1.6       -            180 d1dlja2c.2.1.6.aln   -            188   1.3e-33  112.0   0.0   1   1   3.2e-35   1.5e-33  111.9   0.0     1   184     1   179     1   180 0.97 -
d2f1ka2c.2.1.6       -            165 d1dlja2c.2.1.6.aln   -            188   1.2e-32  109.0   0.0   1   1   2.8e-34   1.3e-32  108.8   0.0     1   184     1   165     1   165 0.95 -
d1ks9a2c.2.1.6       -            167 d1dlja2c.2.1.6.aln   -            188   9.6e-31  102.7   0.0   1   1   2.3e-32   1.1e-30  102.6   0.0     1   184     1   166     1   167 0.97 -
d1vpda2c.2.1.6       -            161 d1dlja2c.2.1.6.aln   -            188   2.7e-24   81.7   0.4   1   1   6.6e-26   3.1e-24   81.5   0.4     1   184     1   160     1   161 0.98 -
d2ahra2c.2.1.6       -            152 d1dlja2c.2.1.6.aln   -            188   1.8e-23   79.0   0.0   1   1   4.5e-25   2.1e-23   78.8   0.0     1   184     1   151     1   152 0.95 -
d1yqga2c.2.1.6       -            152 d1dlja2c.2.1.6.aln   -            188   3.8e-23   78.0   0.0   1   1   9.2e-25   4.3e-23   77.8   0.0     1   183     1   151     1   152 0.97 -
d2i76a2c.2.1.6       -            153 d1dlja2c.2.1.6.aln   -            188   3.8e-22   74.7   0.0   1   1   1.7e-23   7.8e-22   73.7   0.0     3   184     2   149     1   153 0.91 -
d2pv7a2c.2.1.6       -            152 d1dlja2c.2.1.6.aln   -            188   6.9e-22   73.9   0.0   1   1   1.7e-23   7.7e-22   73.7   0.0     7   184     1   152     1   152 0.98 -
d1i36a2c.2.1.6       -            152 d1dlja2c.2.1.6.aln   -            188   8.7e-20   67.0   0.2   1   1   2.2e-21     1e-19   66.8   0.2     2   135     2   121     1   148 0.93 -
d1gpja2c.2.1.7       -            159 d1dlja2c.2.1.6.aln   -            188     2e-05   20.2   0.6   1   1   5.6e-07   2.6e-05   19.8   0.6     2    49    26    75    25   136 0.82 -
d1dlja2c.2.1.6       -            196 d1dlja2c.2.1.6.aln   -            188     0.003   13.1   0.0   1   1   8.4e-05    0.0039   12.7   0.0     1   121     1   124     1   153 0.74 -
#
# Program:         hmmsearch
# Version:         3.1b2 (February 2015)
# Pipeline mode:   SEARCH
# Query file:      hmmModels30/d1dlja2c.2.1.6.hmm
# Target file:     scop/scopTestSeq.fasta
# Option settings: hmmsearch --domtblout hmmModels30/d1dlja2c.2.1.6.out -E 1 hmmModels30/d1dlja2c.2.1.6.hmm scop/scopTestSeq.fasta 
# Current dir:     /home/anastasia/SBAS/TME8
# Date:            Sat Apr  8 15:33:43 2023
# [ok]
