#                                                                            --- full sequence --- -------------- this domain -------------   hmm coord   ali coord   env coord
# target name        accession   tlen query name           accession   qlen   E-value  score  bias   #  of  c-Evalue  i-Evalue  score  bias  from    to  from    to  from    to  acc description of target
#------------------- ---------- ----- -------------------- ---------- ----- --------- ------ ----- --- --- --------- --------- ------ ----- ----- ----- ----- ----- ----- ----- ---- ---------------------
d1ecfa1c.61.1.1      -            243 d1dqna_c.61.1.1.aln  -            203   2.1e-89  293.7   0.3   1   1     4e-91   2.4e-89  293.5   0.3     6   203     1   202     1   202 0.99 -
d1fsga_c.61.1.1      -            233 d1dqna_c.61.1.1.aln  -            203   1.3e-74  245.4   0.0   1   1   2.5e-76   1.5e-74  245.2   0.0     2   203    32   229    31   229 0.99 -
d1qb7a_c.61.1.1      -            236 d1dqna_c.61.1.1.aln  -            203   2.3e-59  195.7   0.0   1   1   4.2e-61   2.6e-59  195.5   0.0     3   202    23   229    21   230 0.99 -
d1tc1a_c.61.1.1      -            184 d1dqna_c.61.1.1.aln  -            203   1.5e-51  170.1   0.1   1   1   2.7e-53   1.7e-51  170.0   0.1    13   199     2   183     1   184 0.98 -
d1p4aa2c.61.1.1      -            202 d1dqna_c.61.1.1.aln  -            203   1.7e-50  166.7   0.1   1   1   3.2e-52   1.9e-50  166.5   0.1     2   194     7   202     6   202 0.99 -
d1xtta1c.61.1.1      -            215 d1dqna_c.61.1.1.aln  -            203   1.6e-48  160.2   2.1   1   1     3e-50   1.8e-48  160.1   2.1     2   199    16   214    15   215 0.98 -
d2aeea1c.61.1.1      -            208 d1dqna_c.61.1.1.aln  -            203   8.5e-46  151.3   0.0   1   1   1.5e-47   9.4e-46  151.2   0.0     3   202     2   205     1   206 0.98 -
d1y0ba1c.61.1.1      -            191 d1dqna_c.61.1.1.aln  -            203     6e-45  148.6   0.1   1   1   1.1e-46   6.5e-45  148.5   0.1     2   192     2   190     1   191 0.98 -
d1wd5a_c.61.1.1      -            208 d1dqna_c.61.1.1.aln  -            203   5.7e-44  145.4   0.6   1   1     1e-45   6.3e-44  145.2   0.6     2   202     6   207     5   208 0.98 -
d1a3ca_c.61.1.1      -            178 d1dqna_c.61.1.1.aln  -            203   6.6e-42  138.6   4.0   1   1   1.2e-43   7.2e-42  138.5   4.0    16   197     2   176     1   178 0.97 -
d1vdma1c.61.1.1      -            153 d1dqna_c.61.1.1.aln  -            203   1.5e-39  130.9   0.4   1   1   2.8e-41   1.7e-39  130.8   0.4    15   189     1   152     1   153 0.98 -
d1vcha1c.61.1.1      -            174 d1dqna_c.61.1.1.aln  -            203   3.4e-35  116.7   0.1   1   1     6e-37   3.6e-35  116.6   0.1     3   174     4   173     2   174 0.96 -
d1nula_c.61.1.1      -            150 d1dqna_c.61.1.1.aln  -            203   7.4e-31  102.6   0.0   1   1   1.3e-32   8.2e-31  102.4   0.0    16   191     1   147     1   150 0.97 -
#
# Program:         hmmsearch
# Version:         3.1b2 (February 2015)
# Pipeline mode:   SEARCH
# Query file:      hmmModels30/d1dqna_c.61.1.1.hmm
# Target file:     scop/scopTestSeq.fasta
# Option settings: hmmsearch --domtblout hmmModels30/d1dqna_c.61.1.1.out -E 1 hmmModels30/d1dqna_c.61.1.1.hmm scop/scopTestSeq.fasta 
# Current dir:     /home/anastasia/SBAS/TME8
# Date:            Sat Apr  8 15:33:43 2023
# [ok]
