#                                                                            --- full sequence --- -------------- this domain -------------   hmm coord   ali coord   env coord
# target name        accession   tlen query name           accession   qlen   E-value  score  bias   #  of  c-Evalue  i-Evalue  score  bias  from    to  from    to  from    to  acc description of target
#------------------- ---------- ----- -------------------- ---------- ----- --------- ------ ----- --- --- --------- --------- ------ ----- ----- ----- ----- ----- ----- ----- ---- ---------------------
d1p5zb_c.37.1.1      -            241 d1e2ka_c.37.1.1.aln  -            201     6e-72  237.3   0.1   1   1   1.6e-73   6.7e-72  237.1   0.1     2   201     2   234     1   234 0.99 -
d1deka_c.37.1.1      -            241 d1e2ka_c.37.1.1.aln  -            201   6.6e-66  217.6   0.0   1   1   1.8e-67   7.3e-66  217.4   0.0     2   201     1   234     1   234 1.00 -
d1t0hb_c.37.1.1      -            219 d1e2ka_c.37.1.1.aln  -            201   1.6e-51  170.6   0.0   1   1   4.3e-53   1.8e-51  170.4   0.0     1   200     2   210     2   211 0.99 -
d1vhta_c.37.1.1      -            208 d1e2ka_c.37.1.1.aln  -            201   8.1e-48  158.5   0.1   1   1   2.2e-49   8.9e-48  158.4   0.1     2   201     3   205     2   205 0.99 -
d1kjwa2c.37.1.1      -            199 d1e2ka_c.37.1.1.aln  -            201   7.7e-47  155.3   0.1   1   1   2.1e-48   8.5e-47  155.2   0.1     3   200     7   196     5   197 0.98 -
d1lw7a2c.37.1.1      -            192 d1e2ka_c.37.1.1.aln  -            201   8.9e-47  155.1   0.1   1   1   2.4e-48   9.8e-47  155.0   0.1     2   200     7   191     6   192 0.98 -
d1qf9a_c.37.1.1      -            194 d1e2ka_c.37.1.1.aln  -            201   5.5e-46  152.5   0.0   1   1   1.5e-47   6.1e-46  152.4   0.0     2   194     6   193     5   194 0.99 -
d1kgda_c.37.1.1      -            178 d1e2ka_c.37.1.1.aln  -            201   3.8e-43  143.2   0.1   1   1     1e-44   4.3e-43  143.1   0.1     1   191     2   178     2   178 0.99 -
d1gsia_c.37.1.1      -            208 d1e2ka_c.37.1.1.aln  -            201   2.7e-42  140.4   0.0   1   1   7.3e-44     3e-42  140.3   0.0     3   198     1   205     1   208 0.99 -
d1zina1c.37.1.1      -            183 d1e2ka_c.37.1.1.aln  -            201   1.5e-40  134.8   0.0   1   1     4e-42   1.7e-40  134.6   0.0     3   195     1   183     1   183 0.98 -
d1khta_c.37.1.1      -            190 d1e2ka_c.37.1.1.aln  -            201   2.5e-40  134.1   0.0   1   1   6.6e-42   2.8e-40  133.9   0.0     2   197     1   189     1   190 0.99 -
d2grja_c.37.1.1      -            179 d1e2ka_c.37.1.1.aln  -            201   4.2e-36  120.3   0.9   1   1   1.1e-37   4.7e-36  120.1   0.9     1   191     2   179     2   179 0.98 -
d1y63a_c.37.1.1      -            174 d1e2ka_c.37.1.1.aln  -            201   1.8e-35  118.2   1.1   1   1   4.8e-37     2e-35  118.0   1.1     3   193     6   173     4   174 0.98 -
d1yj5a2c.37.1.1      -            172 d1e2ka_c.37.1.1.aln  -            201   9.1e-32  106.1   0.0   1   1   2.4e-33   9.9e-32  106.0   0.0     7   195     3   171     1   172 0.97 -
d1ly1a_c.37.1.1      -            152 d1e2ka_c.37.1.1.aln  -            201     6e-31  103.4   0.0   1   1   1.6e-32   6.5e-31  103.3   0.0     1   167     1   143     1   152 0.96 -
d3kb2a_c.37.1.1      -            171 d1e2ka_c.37.1.1.aln  -            201   1.9e-29   98.5   0.2   1   1   5.1e-31   2.1e-29   98.4   0.2     4   195     2   171     1   171 0.99 -
d2qora_c.37.1.0      -            196 d1e2ka_c.37.1.1.aln  -            201   3.2e-06   22.7   0.1   1   2   7.1e-07     3e-05   19.5   0.0     6    73     8    77     7    85 0.84 -
d2qora_c.37.1.0      -            196 d1e2ka_c.37.1.1.aln  -            201   3.2e-06   22.7   0.1   2   2      0.36        15    0.9   0.0    97   188   150   184   136   194 0.51 -
d2jaqa_c.37.1.0      -            201 d1e2ka_c.37.1.1.aln  -            201   0.00016   17.1   0.2   1   2   8.3e-06   0.00034   16.1   0.1     3    68     1    66     1    84 0.79 -
d2jaqa_c.37.1.0      -            201 d1e2ka_c.37.1.1.aln  -            201   0.00016   17.1   0.2   2   2       3.2   1.3e+02   -2.2   0.0    90   115   114   139   106   170 0.59 -
d1in4a2c.37.1.20     -            238 d1e2ka_c.37.1.1.aln  -            201   0.00063   15.2   0.0   1   1   3.6e-05    0.0015   14.0   0.0     5    40    38    73    37   121 0.89 -
#
# Program:         hmmsearch
# Version:         3.1b2 (February 2015)
# Pipeline mode:   SEARCH
# Query file:      hmmModels30/d1e2ka_c.37.1.1.hmm
# Target file:     scop/scopTestSeq.fasta
# Option settings: hmmsearch --domtblout hmmModels30/d1e2ka_c.37.1.1.out -E 1 hmmModels30/d1e2ka_c.37.1.1.hmm scop/scopTestSeq.fasta 
# Current dir:     /home/anastasia/SBAS/TME8
# Date:            Sat Apr  8 15:33:43 2023
# [ok]
