#                                                                            --- full sequence --- -------------- this domain -------------   hmm coord   ali coord   env coord
# target name        accession   tlen query name           accession   qlen   E-value  score  bias   #  of  c-Evalue  i-Evalue  score  bias  from    to  from    to  from    to  acc description of target
#------------------- ---------- ----- -------------------- ---------- ----- --------- ------ ----- --- --- --------- --------- ------ ----- ----- ----- ----- ----- ----- ----- ---- ---------------------
d2bg1a1e.3.1.1       -            453 d1e25a_e.3.1.1.aln   -            362    3e-169  558.3  18.6   1   1  7.6e-171  3.5e-169  558.1  18.6     1   362    60   444    60   444 1.00 -
d2olua2e.3.1.1       -            400 d1e25a_e.3.1.1.aln   -            362   2.4e-98  325.1  18.4   1   1  5.8e-100   2.7e-98  324.9  18.4     1   362     3   392     3   392 1.00 -
d2hdsa_e.3.1.1       -            358 d1e25a_e.3.1.1.aln   -            362   1.5e-90  299.4   0.8   1   1   3.6e-92   1.7e-90  299.2   0.8     2   360     2   358     1   358 0.99 -
d2v2ff_e.3.1.1       -            384 d1e25a_e.3.1.1.aln   -            362   1.1e-89  296.6  23.2   1   1   2.7e-91   1.2e-89  296.4  23.2     1   362     5   382     5   382 0.99 -
d2drwa1e.3.1.1       -            362 d1e25a_e.3.1.1.aln   -            362   7.8e-87  287.2   0.0   1   1   1.9e-88   8.7e-87  287.0   0.0     3   362     1   361     1   361 1.00 -
d2dcfa1e.3.1.1       -            388 d1e25a_e.3.1.1.aln   -            362   4.2e-83  274.9   0.0   1   1     1e-84   4.7e-83  274.8   0.0     2   362     4   383     3   383 1.00 -
d1ci9a_e.3.1.1       -            377 d1e25a_e.3.1.1.aln   -            362   4.8e-79  261.6   0.0   1   1   1.1e-80   5.3e-79  261.4   0.0     3   359     3   376     1   377 0.99 -
d1qmea4e.3.1.1       -            357 d1e25a_e.3.1.1.aln   -            362   1.8e-77  256.4   6.0   1   1   4.3e-79     2e-77  256.2   6.0     2   357     6   356     5   357 0.99 -
d1yqsa_e.3.1.1       -            345 d1e25a_e.3.1.1.aln   -            362   4.7e-76  251.7   5.8   1   1   1.1e-77   5.2e-76  251.6   5.8     5   362     4   344     1   344 0.99 -
d1ei5a3e.3.1.1       -            333 d1e25a_e.3.1.1.aln   -            362   1.1e-72  240.6   0.0   1   1   2.7e-74   1.2e-72  240.5   0.0     2   361     1   332     1   333 0.99 -
d1vqqa3e.3.1.1       -            341 d1e25a_e.3.1.1.aln   -            362   1.1e-71  237.4  13.9   1   1   2.6e-73   1.2e-71  237.2  13.9     1   349     6   340     6   341 0.99 -
d1tvfa2e.3.1.1       -            301 d1e25a_e.3.1.1.aln   -            362   2.1e-65  216.7  18.6   1   1   4.9e-67   2.3e-65  216.6  18.6     2   309     2   300     1   301 0.99 -
d1xp4a2e.3.1.1       -            269 d1e25a_e.3.1.1.aln   -            362   4.6e-49  162.9   6.3   1   1   1.1e-50     5e-49  162.8   6.3    31   308     3   267     1   269 0.98 -
d1es5a_e.3.1.1       -            260 d1e25a_e.3.1.1.aln   -            362   6.4e-42  139.4  13.0   1   1   1.7e-43   7.7e-42  139.2  13.0    35   308     8   259     2   260 0.97 -
d2p74a_e.3.1.1       -            263 d1e25a_e.3.1.1.aln   -            362   1.4e-41  138.3   1.9   1   1   3.3e-43   1.5e-41  138.2   1.9    27   304     2   261     1   263 0.99 -
d1xa1a_e.3.1.1       -            246 d1e25a_e.3.1.1.aln   -            362   4.7e-40  133.3  11.0   1   1   1.4e-41   6.4e-40  132.8  11.0    23   303     2   246     1   246 0.99 -
d1alqa_e.3.1.1       -            263 d1e25a_e.3.1.1.aln   -            362   2.9e-39  130.7   6.0   1   1   6.8e-41   3.2e-39  130.6   6.0    29   303     4   262     1   263 0.99 -
#
# Program:         hmmsearch
# Version:         3.1b2 (February 2015)
# Pipeline mode:   SEARCH
# Query file:      hmmModels30/d1e25a_e.3.1.1.hmm
# Target file:     scop/scopTestSeq.fasta
# Option settings: hmmsearch --domtblout hmmModels30/d1e25a_e.3.1.1.out -E 1 hmmModels30/d1e25a_e.3.1.1.hmm scop/scopTestSeq.fasta 
# Current dir:     /home/anastasia/SBAS/TME8
# Date:            Sat Apr  8 15:33:43 2023
# [ok]
