#                                                                            --- full sequence --- -------------- this domain -------------   hmm coord   ali coord   env coord
# target name        accession   tlen query name           accession   qlen   E-value  score  bias   #  of  c-Evalue  i-Evalue  score  bias  from    to  from    to  from    to  acc description of target
#------------------- ---------- ----- -------------------- ---------- ----- --------- ------ ----- --- --- --------- --------- ------ ----- ----- ----- ----- ----- ----- ----- ---- ---------------------
d1p1ja1c.2.1.3       -            411 d1e5qa1c.2.1.3.aln   -            240  4.9e-145  477.3   1.0   1   1  1.8e-146    6e-145  476.9   1.0     1   240     8   256     8   256 1.00 -
d3cina1c.2.1.3       -            276 d1e5qa1c.2.1.3.aln   -            240   3.4e-70  232.2   0.0   1   1   1.1e-71   3.8e-70  232.1   0.0     1   240     1   276     1   276 1.00 -
d1gr0a1c.2.1.3       -            244 d1e5qa1c.2.1.3.aln   -            240   1.3e-48  161.6   0.0   1   1   4.1e-50   1.4e-48  161.5   0.0     1   232     1   244     1   244 0.99 -
d2nvwa1c.2.1.3       -            238 d1e5qa1c.2.1.3.aln   -            240   2.8e-38  127.7   0.0   1   1   9.2e-40   3.2e-38  127.6   0.0     8   238     1   238     1   238 0.99 -
d1h6da1c.2.1.3       -            222 d1e5qa1c.2.1.3.aln   -            240   2.1e-33  111.8   0.0   1   1   6.9e-35   2.4e-33  111.6   0.0    18   232     1   221     1   222 0.99 -
d1qkia1c.2.1.3       -            204 d1e5qa1c.2.1.3.aln   -            240   5.8e-21   71.0   0.0   1   1   1.8e-22   6.3e-21   70.9   0.0    33   227     4   201     1   204 0.95 -
d1h9aa1c.2.1.3       -            196 d1e5qa1c.2.1.3.aln   -            240   4.6e-20   68.1   0.0   1   1   1.5e-21     5e-20   68.0   0.0    47   232     3   194     1   196 0.97 -
d1tlta1c.2.1.3       -            165 d1e5qa1c.2.1.3.aln   -            240   1.5e-18   63.1   0.0   1   1   4.9e-20   1.7e-18   63.0   0.0    50   226     1   164     1   165 0.99 -
d1ydwa1c.2.1.3       -            185 d1e5qa1c.2.1.3.aln   -            240     1e-17   60.4   0.0   1   1   3.5e-19   1.2e-17   60.2   0.0    50   231     1   181     1   184 0.91 -
d1vkna1c.2.1.3       -            177 d1e5qa1c.2.1.3.aln   -            240   1.2e-15   53.6   0.0   1   1     4e-17   1.4e-15   53.5   0.0    50   226     1   176     1   177 0.93 -
d1zh8a1c.2.1.3       -            182 d1e5qa1c.2.1.3.aln   -            240   2.3e-15   52.7   0.0   1   1   7.6e-17   2.6e-15   52.5   0.0    49   223     2   175     1   180 0.96 -
d1xeaa1c.2.1.3       -            168 d1e5qa1c.2.1.3.aln   -            240   2.4e-14   49.3   0.0   1   1   7.5e-16   2.6e-14   49.3   0.0    51   204     2   150     1   168 0.92 -
d1cf2o1c.2.1.3       -            172 d1e5qa1c.2.1.3.aln   -            240   4.4e-13   45.2   0.5   1   1   1.4e-14   4.7e-13   45.1   0.5    52   220     2   168     1   172 0.92 -
d1lc0a1c.2.1.3       -            173 d1e5qa1c.2.1.3.aln   -            240   2.2e-11   39.7   0.0   1   1   9.4e-13   3.2e-11   39.1   0.0    49   176     5   125     1   160 0.90 -
d1f06a1c.2.1.3       -            171 d1e5qa1c.2.1.3.aln   -            240   2.3e-11   39.6   0.0   1   1   7.3e-13   2.5e-11   39.5   0.0    49   224     2   170     1   171 0.93 -
d1drua1c.2.1.3       -            161 d1e5qa1c.2.1.3.aln   -            240   5.4e-11   38.4   0.0   1   1   1.7e-12   5.9e-11   38.3   0.0    50   222     2   160     1   161 0.97 -
d1ebfa1c.2.1.3       -            169 d1e5qa1c.2.1.3.aln   -            240   2.9e-10   36.0   0.0   1   1   9.7e-12   3.3e-10   35.8   0.0    49   224     2   165     1   168 0.96 -
d1nvmb1c.2.1.3       -            158 d1e5qa1c.2.1.3.aln   -            240   5.2e-08   28.6   0.0   1   1   1.7e-09   5.8e-08   28.5   0.0    49   200     3   143     1   157 0.89 -
d1t4ba1c.2.1.3       -            147 d1e5qa1c.2.1.3.aln   -            240   3.6e-06   22.6   0.0   1   1   1.7e-07   5.8e-06   21.9   0.0    52   188     3   126     1   138 0.95 -
d1q0qa2c.2.1.3       -            152 d1e5qa1c.2.1.3.aln   -            240   1.1e-05   21.1   0.0   1   1   3.6e-07   1.2e-05   20.8   0.0    52   198     3   141     1   150 0.85 -
d1j5pa4c.2.1.3       -            133 d1e5qa1c.2.1.3.aln   -            240   2.8e-05   19.7   0.2   1   2    0.0065      0.22    6.9   0.4    51    68     2    19     1    25 0.89 -
d1j5pa4c.2.1.3       -            133 d1e5qa1c.2.1.3.aln   -            240   2.8e-05   19.7   0.2   2   2   0.00034     0.012   11.1   0.0   126   198    43   115    27   132 0.86 -
d2g82a1c.2.1.3       -            169 d1e5qa1c.2.1.3.aln   -            240    0.0038   12.7   0.0   1   1   0.00013    0.0044   12.5   0.0    54   190     3   132     1   148 0.88 -
d1yl7a1c.2.1.3       -            136 d1e5qa1c.2.1.3.aln   -            240    0.0097   11.4   0.0   1   1    0.0026     0.088    8.2   0.0    53    89     2    34     1   126 0.82 -
#
# Program:         hmmsearch
# Version:         3.1b2 (February 2015)
# Pipeline mode:   SEARCH
# Query file:      hmmModels30/d1e5qa1c.2.1.3.hmm
# Target file:     scop/scopTestSeq.fasta
# Option settings: hmmsearch --domtblout hmmModels30/d1e5qa1c.2.1.3.out -E 1 hmmModels30/d1e5qa1c.2.1.3.hmm scop/scopTestSeq.fasta 
# Current dir:     /home/anastasia/SBAS/TME8
# Date:            Sat Apr  8 15:33:43 2023
# [ok]
