#                                                                            --- full sequence --- -------------- this domain -------------   hmm coord   ali coord   env coord
# target name        accession   tlen query name           accession   qlen   E-value  score  bias   #  of  c-Evalue  i-Evalue  score  bias  from    to  from    to  from    to  acc description of target
#------------------- ---------- ----- -------------------- ---------- ----- --------- ------ ----- --- --- --------- --------- ------ ----- ----- ----- ----- ----- ----- ----- ---- ---------------------
d1bf2a2b.71.1.1      -            113 d1ea9c2b.71.1.1.aln  -             86   1.7e-27   91.1   6.6   1   1   5.2e-29   1.9e-27   90.9   6.6     1    85     3    96     3    97 0.99 -
d2fhfa4b.71.1.1      -            118 d1ea9c2b.71.1.1.aln  -             86   5.5e-25   83.1   0.1   1   1   1.7e-26   6.4e-25   82.9   0.1     1    85    10   103    10   104 0.98 -
d1szna1b.71.1.1      -            103 d1ea9c2b.71.1.1.aln  -             86     4e-24   80.3   0.3   1   1   1.2e-25   4.6e-24   80.1   0.3     1    85    12    98    12    99 0.98 -
d1m7xa2b.71.1.1      -            106 d1ea9c2b.71.1.1.aln  -             86   2.1e-20   68.4   0.0   1   1   6.3e-22   2.4e-20   68.2   0.0     1    85     3    96     3    97 0.98 -
d1uasa1b.71.1.1      -             89 d1ea9c2b.71.1.1.aln  -             86   1.4e-18   62.6   1.1   1   1   3.8e-20   1.4e-18   62.5   1.1     7    85     7    88     2    89 0.96 -
d1e43a1b.71.1.1      -             90 d1ea9c2b.71.1.1.aln  -             86   1.3e-15   53.0   1.5   1   1   3.7e-17   1.4e-15   53.0   1.5     2    85     3    89     2    90 0.96 -
d3bmva3b.71.1.1      -             89 d1ea9c2b.71.1.1.aln  -             86   3.2e-15   51.8   1.7   1   1   9.6e-17   3.6e-15   51.6   1.7     4    85     2    81     1    82 0.97 -
d1ji1a2b.71.1.1      -             83 d1ea9c2b.71.1.1.aln  -             86   3.8e-15   51.6   3.4   1   1   1.1e-16   4.1e-15   51.5   3.4     3    84     2    82     1    83 0.97 -
d2guya1b.71.1.1      -             95 d1ea9c2b.71.1.1.aln  -             86   1.8e-14   49.4   0.2   1   1   5.3e-16     2e-14   49.2   0.2     4    85     2    92     1    93 0.98 -
d1h3ga2b.71.1.1      -             83 d1ea9c2b.71.1.1.aln  -             86     2e-13   46.0   0.0   1   1   5.7e-15   2.1e-13   45.9   0.0     5    84     2    79     1    81 0.97 -
d1j0ha2b.71.1.1      -             83 d1ea9c2b.71.1.1.aln  -             86   3.6e-13   45.2   0.0   1   1     1e-14   3.8e-13   45.2   0.0     6    86     5    83     1    83 0.96 -
d1mxga1b.71.1.1      -             74 d1ea9c2b.71.1.1.aln  -             86   2.3e-12   42.6   0.9   1   1   6.6e-14   2.5e-12   42.5   0.9    10    84     4    74     1    74 0.97 -
d1wzaa1b.71.1.1      -             79 d1ea9c2b.71.1.1.aln  -             86   2.9e-12   42.3   0.0   1   1   8.1e-14     3e-12   42.3   0.0     6    85     6    78     1    79 0.93 -
d1g5aa1b.71.1.1      -             74 d1ea9c2b.71.1.1.aln  -             86   5.5e-12   41.4   0.0   1   1   1.6e-13   5.8e-12   41.4   0.0     5    85     2    73     1    74 0.97 -
d1ua7a1b.71.1.1      -             78 d1ea9c2b.71.1.1.aln  -             86   1.2e-11   40.3   0.3   1   1   3.5e-13   1.3e-11   40.2   0.3     3    83     1    77     1    78 0.96 -
d1gjwa1b.71.1.1      -             64 d1ea9c2b.71.1.1.aln  -             86   3.2e-10   35.8   0.0   1   1   8.9e-12   3.3e-10   35.7   0.0     7    75     3    63     1    64 0.93 -
d1r7aa1b.71.1.1      -             70 d1ea9c2b.71.1.1.aln  -             86   1.9e-09   33.3   0.1   1   1   5.7e-11   2.1e-09   33.1   0.1     3    58     4    56     2    68 0.87 -
d2bhua2b.71.1.1      -             72 d1ea9c2b.71.1.1.aln  -             86   6.5e-08   28.4   0.0   1   1   1.9e-09     7e-08   28.3   0.0     3    84     1    72     1    72 0.96 -
d1ht6a1b.71.1.1      -             57 d1ea9c2b.71.1.1.aln  -             86   2.3e-07   26.6   0.1   1   1   6.4e-09   2.4e-07   26.6   0.1    21    85     3    57     1    57 0.96 -
d1lwha1b.71.1.1      -             50 d1ea9c2b.71.1.1.aln  -             86   4.7e-06   22.4   0.0   1   1   1.2e-07   4.7e-06   22.4   0.0     4    48     4    48     1    50 0.93 -
d1gcya1b.71.1.1      -             61 d1ea9c2b.71.1.1.aln  -             86   5.6e-06   22.2   0.7   1   1   1.7e-07   6.4e-06   22.0   0.7    12    84     3    60     1    61 0.92 -
#
# Program:         hmmsearch
# Version:         3.1b2 (February 2015)
# Pipeline mode:   SEARCH
# Query file:      hmmModels30/d1ea9c2b.71.1.1.hmm
# Target file:     scop/scopTestSeq.fasta
# Option settings: hmmsearch --domtblout hmmModels30/d1ea9c2b.71.1.1.out -E 1 hmmModels30/d1ea9c2b.71.1.1.hmm scop/scopTestSeq.fasta 
# Current dir:     /home/anastasia/SBAS/TME8
# Date:            Sat Apr  8 15:33:44 2023
# [ok]
