#                                                                            --- full sequence --- -------------- this domain -------------   hmm coord   ali coord   env coord
# target name        accession   tlen query name           accession   qlen   E-value  score  bias   #  of  c-Evalue  i-Evalue  score  bias  from    to  from    to  from    to  acc description of target
#------------------- ---------- ----- -------------------- ---------- ----- --------- ------ ----- --- --- --------- --------- ------ ----- ----- ----- ----- ----- ----- ----- ---- ---------------------
d1dqna_c.61.1.1      -            230 d1ecfa1c.61.1.1.aln  -            207   3.6e-79  260.1   0.1   1   1   7.8e-81   4.4e-79  259.9   0.1     1   206     6   203     6   204 0.99 -
d1fsga_c.61.1.1      -            233 d1ecfa1c.61.1.1.aln  -            207   3.4e-76  250.4   0.0   1   1   6.8e-78   3.8e-76  250.3   0.0     2   206    21   225    20   226 0.99 -
d1qb7a_c.61.1.1      -            236 d1ecfa1c.61.1.1.aln  -            207   4.2e-64  210.9   0.0   1   1   8.5e-66   4.8e-64  210.7   0.0     1   206    15   224    15   225 0.99 -
d1tc1a_c.61.1.1      -            184 d1ecfa1c.61.1.1.aln  -            207   2.6e-55  182.2   0.1   1   1   5.1e-57   2.9e-55  182.1   0.1    25   207     3   184     1   184 0.99 -
d1xtta1c.61.1.1      -            215 d1ecfa1c.61.1.1.aln  -            207   3.8e-53  175.1   1.5   1   1   7.4e-55   4.2e-53  175.0   1.5     2   203     5   215     4   215 0.99 -
d1p4aa2c.61.1.1      -            202 d1ecfa1c.61.1.1.aln  -            207   2.5e-52  172.4   0.1   1   1     5e-54   2.8e-52  172.3   0.1     1   200     1   202     1   202 0.99 -
d1a3ca_c.61.1.1      -            178 d1ecfa1c.61.1.1.aln  -            207   8.9e-50  164.1   1.6   1   1   1.7e-51   9.7e-50  164.0   1.6    27   202     2   177     1   178 0.98 -
d2aeea1c.61.1.1      -            208 d1ecfa1c.61.1.1.aln  -            207   3.5e-49  162.2   0.0   1   1   6.9e-51   3.9e-49  162.0   0.0     7   207     1   202     1   202 0.99 -
d1wd5a_c.61.1.1      -            208 d1ecfa1c.61.1.1.aln  -            207     1e-45  150.8   0.1   1   1     2e-47   1.2e-45  150.7   0.1     2   207     8   206     7   206 0.98 -
d1y0ba1c.61.1.1      -            191 d1ecfa1c.61.1.1.aln  -            207   1.3e-44  147.3   0.3   1   1   2.5e-46   1.4e-44  147.1   0.3     6   197     1   190     1   191 0.99 -
d1vdma1c.61.1.1      -            153 d1ecfa1c.61.1.1.aln  -            207     2e-42  140.1   0.2   1   1   3.8e-44   2.1e-42  140.0   0.2    26   196     1   152     1   153 0.98 -
d1vcha1c.61.1.1      -            174 d1ecfa1c.61.1.1.aln  -            207   4.2e-41  135.8   0.0   1   1   8.2e-43   4.6e-41  135.7   0.0     6   174     2   173     1   174 0.97 -
d1nula_c.61.1.1      -            150 d1ecfa1c.61.1.1.aln  -            207   9.7e-38  124.8   0.0   1   1   1.9e-39   1.1e-37  124.7   0.0    27   196     1   150     1   150 0.95 -
d1ecfa1c.61.1.1      -            243 d1ecfa1c.61.1.1.aln  -            207   9.5e-09   30.1   0.0   1   1   2.5e-10   1.4e-08   29.5   0.0    41   156    31   145    28   152 0.89 -
#
# Program:         hmmsearch
# Version:         3.1b2 (February 2015)
# Pipeline mode:   SEARCH
# Query file:      hmmModels30/d1ecfa1c.61.1.1.hmm
# Target file:     scop/scopTestSeq.fasta
# Option settings: hmmsearch --domtblout hmmModels30/d1ecfa1c.61.1.1.out -E 1 hmmModels30/d1ecfa1c.61.1.1.hmm scop/scopTestSeq.fasta 
# Current dir:     /home/anastasia/SBAS/TME8
# Date:            Sat Apr  8 15:33:44 2023
# [ok]
