#                                                                            --- full sequence --- -------------- this domain -------------   hmm coord   ali coord   env coord
# target name        accession   tlen query name           accession   qlen   E-value  score  bias   #  of  c-Evalue  i-Evalue  score  bias  from    to  from    to  from    to  acc description of target
#------------------- ---------- ----- -------------------- ---------- ----- --------- ------ ----- --- --- --------- --------- ------ ----- ----- ----- ----- ----- ----- ----- ---- ---------------------
d1uuqa_c.1.8.3       -            410 d1ecea_c.1.8.3.aln   -            351  8.4e-118  388.9  16.9   1   1  2.6e-119  9.5e-118  388.7  16.9     1   350     1   407     1   408 1.00 -
d1ur4a_c.1.8.3       -            387 d1ecea_c.1.8.3.aln   -            351  6.1e-109  359.8  12.5   1   1  1.9e-110  6.9e-109  359.6  12.5     2   350     2   381     1   382 0.99 -
d3n9ka_c.1.8.3       -            394 d1ecea_c.1.8.3.aln   -            351  4.2e-106  350.4  21.2   1   1  1.3e-107  4.8e-106  350.2  21.2     1   351    27   394    27   394 0.99 -
d1edga_c.1.8.3       -            380 d1ecea_c.1.8.3.aln   -            351   4.8e-91  300.9  17.3   1   1   1.5e-92   5.4e-91  300.7  17.3     2   350    21   379    20   380 0.99 -
d1rh9a1c.1.8.3       -            370 d1ecea_c.1.8.3.aln   -            351     1e-78  260.3   9.7   1   1   3.2e-80   1.2e-78  260.2   9.7     1   349     1   369     1   370 0.99 -
d1qw9a2c.1.8.3       -            367 d1ecea_c.1.8.3.aln   -            351   3.3e-73  242.2   1.5   1   1     1e-74   3.7e-73  242.1   1.5     5   350     1   366     1   367 0.99 -
d1hjua_c.1.8.3       -            332 d1ecea_c.1.8.3.aln   -            351   6.5e-72  238.0  15.3   1   1     2e-73   7.2e-72  237.8  15.3    14   350     3   332     1   332 0.99 -
d1qnra_c.1.8.3       -            344 d1ecea_c.1.8.3.aln   -            351   1.5e-70  233.5  21.9   1   1   4.7e-72   1.7e-70  233.3  21.9     1   348     2   342     2   344 0.99 -
d1ceoa_c.1.8.3       -            340 d1ecea_c.1.8.3.aln   -            351   1.2e-66  220.6   1.9   1   1   3.8e-68   1.4e-66  220.4   1.9    12   350     2   339     1   340 0.99 -
d1odza_c.1.8.3       -            381 d1ecea_c.1.8.3.aln   -            351   2.3e-66  219.7  10.1   1   1   7.1e-68   2.6e-66  219.6  10.1     2   350     3   380     2   381 0.99 -
d1w91a2c.1.8.3       -            347 d1ecea_c.1.8.3.aln   -            351   1.3e-63  210.7   0.1   1   1   3.9e-65   1.4e-63  210.5   0.1     1   351     5   343     5   343 0.99 -
d2je8a5c.1.8.3       -            348 d1ecea_c.1.8.3.aln   -            351   4.5e-63  208.9   6.2   1   1   1.4e-64     5e-63  208.7   6.2     2   349     9   346     8   348 0.98 -
d1vjza_c.1.8.3       -            325 d1ecea_c.1.8.3.aln   -            351   3.3e-60  199.5   0.5   1   1     1e-61   3.6e-60  199.3   0.5    19   349     3   322     1   324 0.98 -
d1h1na_c.1.8.3       -            305 d1ecea_c.1.8.3.aln   -            351   1.6e-57  190.6  13.1   1   1     5e-59   1.8e-57  190.5  13.1    10   342     3   301     1   305 0.98 -
d2vzsa5c.1.8.3       -            339 d1ecea_c.1.8.3.aln   -            351   9.9e-54  178.2   1.8   1   1     3e-55   1.1e-53  178.0   1.8     4   348     7   337     4   339 0.98 -
d2nt0a2c.1.8.3       -            354 d1ecea_c.1.8.3.aln   -            351     2e-53  177.2   0.0   1   1   6.1e-55   2.2e-53  177.0   0.0     4   349     2   351     1   353 0.99 -
d1jz8a5c.1.8.3       -            292 d1ecea_c.1.8.3.aln   -            351   2.1e-48  160.7   0.2   1   1   6.8e-50   2.4e-48  160.4   0.2     4   350     2   290     1   291 0.98 -
d1bqca_c.1.8.3       -            302 d1ecea_c.1.8.3.aln   -            351   7.2e-44  145.7   8.5   1   1   2.2e-45     8e-44  145.6   8.5    12   349     4   301     1   302 0.97 -
d1i1wa_c.1.8.3       -            303 d1ecea_c.1.8.3.aln   -            351   2.8e-39  130.6   4.9   1   1   8.8e-41   3.1e-39  130.5   4.9    12   350     4   302     1   303 0.98 -
d7a3ha_c.1.8.3       -            300 d1ecea_c.1.8.3.aln   -            351   1.4e-38  128.4  11.9   1   1   4.2e-40   1.5e-38  128.2  11.9     3   346     2   298     1   300 0.98 -
d1nofa2c.1.8.3       -            277 d1ecea_c.1.8.3.aln   -            351   3.2e-32  107.4   4.0   1   1   9.9e-34   3.6e-32  107.3   4.0    12   349     2   276     1   277 0.99 -
d2v3ga_c.1.8.3       -            273 d1ecea_c.1.8.3.aln   -            351     1e-29   99.2  22.1   1   1   3.1e-31   1.1e-29   99.0  22.1    16   347     3   272     1   273 0.98 -
#
# Program:         hmmsearch
# Version:         3.1b2 (February 2015)
# Pipeline mode:   SEARCH
# Query file:      hmmModels30/d1ecea_c.1.8.3.hmm
# Target file:     scop/scopTestSeq.fasta
# Option settings: hmmsearch --domtblout hmmModels30/d1ecea_c.1.8.3.out -E 1 hmmModels30/d1ecea_c.1.8.3.hmm scop/scopTestSeq.fasta 
# Current dir:     /home/anastasia/SBAS/TME8
# Date:            Sat Apr  8 15:33:44 2023
# [ok]
