#                                                                            --- full sequence --- -------------- this domain -------------   hmm coord   ali coord   env coord
# target name        accession   tlen query name           accession   qlen   E-value  score  bias   #  of  c-Evalue  i-Evalue  score  bias  from    to  from    to  from    to  acc description of target
#------------------- ---------- ----- -------------------- ---------- ----- --------- ------ ----- --- --- --------- --------- ------ ----- ----- ----- ----- ----- ----- ----- ---- ---------------------
d3mw9a1c.2.1.7       -            293 d1edza1c.2.1.7.aln   -            235  5.4e-101  332.8   0.0   1   1  1.1e-102  6.1e-101  332.6   0.0     2   235     7   292     6   292 1.00 -
d1o0sa1c.2.1.7       -            308 d1edza1c.2.1.7.aln   -            235     3e-98  323.8   1.0   1   1  7.8e-100   4.4e-98  323.3   1.0     1   235     1   287     1   287 1.00 -
d1euza1c.2.1.7       -            239 d1edza1c.2.1.7.aln   -            235   2.6e-86  284.8   2.2   1   1   5.2e-88   2.9e-86  284.6   2.2     2   234     7   237     6   238 0.99 -
d1bgva1c.2.1.7       -            255 d1edza1c.2.1.7.aln   -            235   2.5e-85  281.6   3.2   1   1   4.9e-87   2.8e-85  281.4   3.2     2   235    11   255    10   255 0.99 -
d1vl6a1c.2.1.7       -            222 d1edza1c.2.1.7.aln   -            235   1.7e-60  200.2   0.1   1   1   3.4e-62   1.9e-60  200.1   0.1     1   227     2   221     2   222 0.99 -
d1c1da1c.2.1.7       -            201 d1edza1c.2.1.7.aln   -            235   4.1e-46  153.2   2.3   1   1   8.2e-48   4.6e-46  153.0   2.3     3   228     2   201     1   201 0.99 -
d1luaa1c.2.1.7       -            191 d1edza1c.2.1.7.aln   -            235   3.6e-32  107.6   5.6   1   1   8.3e-34   4.7e-32  107.2   5.6     3   224     1   191     1   191 0.99 -
d1nyta1c.2.1.7       -            170 d1edza1c.2.1.7.aln   -            235   4.7e-27   90.8   0.0   1   1   1.6e-28   8.8e-27   89.9   0.0     8   218     1   169     1   170 0.98 -
d1gpja2c.2.1.7       -            159 d1edza1c.2.1.7.aln   -            235   1.8e-24   82.3   3.5   1   1   1.3e-24   7.4e-23   77.1   3.5     3   207     2   158     1   159 0.96 -
d1npya1c.2.1.7       -            167 d1edza1c.2.1.7.aln   -            235   8.1e-24   80.2   6.7   1   1   1.2e-23   6.6e-22   74.0   6.7     9   218     2   166     1   167 0.96 -
d1cf2o1c.2.1.3       -            172 d1edza1c.2.1.7.aln   -            235   8.7e-05   17.9   0.1   1   1     2e-06   0.00011   17.6   0.1    27   115     2    77     1   100 0.75 -
d1kola2c.2.1.1       -            195 d1edza1c.2.1.7.aln   -            235    0.0024   13.2   0.4   1   1     6e-05    0.0034   12.7   0.4    27    57    24    57    14    89 0.84 -
d1vj0a2c.2.1.1       -            182 d1edza1c.2.1.7.aln   -            235    0.0035   12.7   0.1   1   1   9.5e-05    0.0054   12.1   0.1    11    80    15    84     7   113 0.74 -
d1o89a2c.2.1.1       -            177 d1edza1c.2.1.7.aln   -            235    0.0061   11.9   0.2   1   1   0.00011    0.0062   11.9   0.2    24    61    30    67     8   139 0.68 -
#
# Program:         hmmsearch
# Version:         3.1b2 (February 2015)
# Pipeline mode:   SEARCH
# Query file:      hmmModels30/d1edza1c.2.1.7.hmm
# Target file:     scop/scopTestSeq.fasta
# Option settings: hmmsearch --domtblout hmmModels30/d1edza1c.2.1.7.out -E 1 hmmModels30/d1edza1c.2.1.7.hmm scop/scopTestSeq.fasta 
# Current dir:     /home/anastasia/SBAS/TME8
# Date:            Sat Apr  8 15:33:44 2023
# [ok]
