#                                                                            --- full sequence --- -------------- this domain -------------   hmm coord   ali coord   env coord
# target name        accession   tlen query name           accession   qlen   E-value  score  bias   #  of  c-Evalue  i-Evalue  score  bias  from    to  from    to  from    to  acc description of target
#------------------- ---------- ----- -------------------- ---------- ----- --------- ------ ----- --- --- --------- --------- ------ ----- ----- ----- ----- ----- ----- ----- ---- ---------------------
d1bf2a1b.1.18.2      -            162 d1edqa1b.1.18.2.aln  -            114     1e-59  195.3   8.7   1   1   3.8e-61   1.7e-59  194.6   8.7     1   114     1   114     1   114 1.00 -
d1j0ha1b.1.18.2      -            123 d1edqa1b.1.18.2.aln  -            114   8.8e-30   98.9   0.0   1   1   2.2e-31   9.8e-30   98.7   0.0     5   114     1   110     1   110 0.99 -
d1ji1a1b.1.18.2      -            122 d1edqa1b.1.18.2.aln  -            114   7.7e-29   95.8   4.1   1   1     2e-30   8.6e-29   95.7   4.1     1   114     3   116     3   116 0.99 -
d2fhfa2b.1.18.2      -            125 d1edqa1b.1.18.2.aln  -            114   1.8e-25   85.0   0.3   1   1   4.5e-27     2e-25   84.8   0.3     2   114     8   120     7   120 0.98 -
d2fhfa1b.1.18.2      -            115 d1edqa1b.1.18.2.aln  -            114   2.6e-25   84.4   4.4   1   1   7.1e-27   3.1e-25   84.2   4.4     1   108     2   109     2   114 0.96 -
d1m7xa1b.1.18.2      -            110 d1edqa1b.1.18.2.aln  -            114   5.2e-21   70.6   0.0   1   1   1.3e-22   5.7e-21   70.5   0.0     1   105     5   109     5   110 0.97 -
d1txka1b.1.18.2      -            115 d1edqa1b.1.18.2.aln  -            114   6.4e-19   63.9   1.6   1   1   1.6e-20     7e-19   63.7   1.6     1   114     1   114     1   114 0.99 -
d1qbaa1b.1.18.2      -            105 d1edqa1b.1.18.2.aln  -            114   7.3e-16   54.0   0.0   1   1   1.8e-17   7.8e-16   53.9   0.0     8   109     2   103     1   105 0.97 -
d1ut9a2b.1.18.2      -             98 d1edqa1b.1.18.2.aln  -            114   1.3e-15   53.2   0.1   1   1   3.2e-17   1.4e-15   53.1   0.1    16   110     3    96     1    98 0.97 -
d1k3ia1b.1.18.2      -            102 d1edqa1b.1.18.2.aln  -            114   2.1e-15   52.5   1.6   1   1   5.2e-17   2.3e-15   52.4   1.6    13   108     4    99     1   102 0.96 -
d1w8oa1b.1.18.2      -            103 d1edqa1b.1.18.2.aln  -            114   6.2e-15   51.0   0.8   1   1   1.5e-16   6.5e-15   50.9   0.8     5   103     2   100     1   103 0.96 -
d1clca2b.1.18.2      -            100 d1edqa1b.1.18.2.aln  -            114   4.9e-13   44.9   0.1   1   1   1.2e-14   5.3e-13   44.8   0.1     3   104     3    98     1   100 0.94 -
d1h3ga1b.1.18.2      -             93 d1edqa1b.1.18.2.aln  -            114   1.2e-10   37.2   0.0   1   1   2.9e-12   1.3e-10   37.1   0.0    12    89     3    79     1    92 0.94 -
d2bhua1b.1.18.2      -             97 d1edqa1b.1.18.2.aln  -            114   9.4e-10   34.3   0.0   1   1   2.3e-11     1e-09   34.2   0.0    13   107     3    96     1    97 0.97 -
d2bvya1b.1.18.2      -             94 d1edqa1b.1.18.2.aln  -            114   3.4e-08   29.3   9.8   1   1   8.2e-10   3.6e-08   29.2   9.8    13   104     2    93     1    94 0.97 -
d1f1sa2b.1.18.2      -             78 d1edqa1b.1.18.2.aln  -            114   5.3e-08   28.7   0.4   1   1   1.3e-09   5.6e-08   28.6   0.4    15    89     4    78     1    78 0.95 -
d3bmva1b.1.18.2      -             83 d1edqa1b.1.18.2.aln  -            114   1.5e-07   27.2   1.5   1   1   3.7e-09   1.6e-07   27.1   1.5    16    83     4    70     1    80 0.88 -
d1ulva2b.1.18.2      -             89 d1edqa1b.1.18.2.aln  -            114   9.2e-06   21.5   5.8   1   1   2.2e-07   9.6e-06   21.4   5.8    15   106     3    87     1    89 0.89 -
#
# Program:         hmmsearch
# Version:         3.1b2 (February 2015)
# Pipeline mode:   SEARCH
# Query file:      hmmModels30/d1edqa1b.1.18.2.hmm
# Target file:     scop/scopTestSeq.fasta
# Option settings: hmmsearch --domtblout hmmModels30/d1edqa1b.1.18.2.out -E 1 hmmModels30/d1edqa1b.1.18.2.hmm scop/scopTestSeq.fasta 
# Current dir:     /home/anastasia/SBAS/TME8
# Date:            Sat Apr  8 15:33:44 2023
# [ok]
