#                                                                            --- full sequence --- -------------- this domain -------------   hmm coord   ali coord   env coord
# target name        accession   tlen query name           accession   qlen   E-value  score  bias   #  of  c-Evalue  i-Evalue  score  bias  from    to  from    to  from    to  acc description of target
#------------------- ---------- ----- -------------------- ---------- ----- --------- ------ ----- --- --- --------- --------- ------ ----- ----- ----- ----- ----- ----- ----- ---- ---------------------
d1z9ha1a.45.1.1      -            161 d1eema1a.45.1.1.aln  -            145   4.8e-53  174.7   0.0   1   1     8e-55   5.3e-53  174.5   0.0     1   145     1   161     1   161 0.99 -
d1tu7a1a.45.1.1      -            131 d1eema1a.45.1.1.aln  -            145   5.3e-41  135.6   0.0   1   1   8.9e-43   5.8e-41  135.5   0.0     4   141     1   130     1   131 0.98 -
d1k3ya1a.45.1.1      -            142 d1eema1a.45.1.1.aln  -            145   9.5e-41  134.8   0.0   1   1   1.6e-42     1e-40  134.7   0.0     3   144     2   136     1   137 0.98 -
d1tw9a1a.45.1.1      -            129 d1eema1a.45.1.1.aln  -            145   6.2e-40  132.1   0.0   1   1     1e-41   6.8e-40  132.0   0.0     4   134     2   129     1   129 0.99 -
d1okta1a.45.1.1      -            126 d1eema1a.45.1.1.aln  -            145   9.3e-40  131.6   0.5   1   1   1.6e-41     1e-39  131.4   0.5     3   133     1   125     1   126 0.97 -
d2c4ja1a.45.1.1      -            133 d1eema1a.45.1.1.aln  -            145   1.9e-39  130.6   0.0   1   1   3.1e-41   2.1e-39  130.5   0.0     2   144     1   131     1   132 0.99 -
d2cvda1a.45.1.1      -            124 d1eema1a.45.1.1.aln  -            145   9.7e-39  128.3   0.1   1   1   1.6e-40   1.1e-38  128.1   0.1     1   133     1   123     1   124 0.98 -
d1nhya1a.45.1.1      -            144 d1eema1a.45.1.1.aln  -            145   1.1e-38  128.1   0.1   1   1   1.8e-40   1.2e-38  128.0   0.1     2   139     2   143     1   144 0.98 -
d1k0ma1a.45.1.1      -            149 d1eema1a.45.1.1.aln  -            145   1.6e-38  127.6   0.0   1   1   2.6e-40   1.7e-38  127.5   0.0     2   145     2   148     1   148 0.98 -
d2fnoa1a.45.1.1      -            149 d1eema1a.45.1.1.aln  -            145   5.6e-36  119.3   0.0   1   1   9.5e-38   6.2e-36  119.2   0.0     4   144     2   143     1   144 0.98 -
d1gnwa1a.45.1.1      -            126 d1eema1a.45.1.1.aln  -            145   1.1e-28   95.7   0.2   1   1   1.8e-30   1.2e-28   95.6   0.2     2   139     2   126     1   126 0.97 -
d1eema1a.45.1.1      -            139 d1eema1a.45.1.1.aln  -            145   1.1e-06   24.3   0.1   1   1   2.4e-08   1.6e-06   23.8   0.1    55   128    45   116    28   124 0.87 -
#
# Program:         hmmsearch
# Version:         3.1b2 (February 2015)
# Pipeline mode:   SEARCH
# Query file:      hmmModels30/d1eema1a.45.1.1.hmm
# Target file:     scop/scopTestSeq.fasta
# Option settings: hmmsearch --domtblout hmmModels30/d1eema1a.45.1.1.out -E 1 hmmModels30/d1eema1a.45.1.1.hmm scop/scopTestSeq.fasta 
# Current dir:     /home/anastasia/SBAS/TME8
# Date:            Sat Apr  8 15:33:44 2023
# [ok]
