#                                                                            --- full sequence --- -------------- this domain -------------   hmm coord   ali coord   env coord
# target name        accession   tlen query name           accession   qlen   E-value  score  bias   #  of  c-Evalue  i-Evalue  score  bias  from    to  from    to  from    to  acc description of target
#------------------- ---------- ----- -------------------- ---------- ----- --------- ------ ----- --- --- --------- --------- ------ ----- ----- ----- ----- ----- ----- ----- ---- ---------------------
d2bg1a1e.3.1.1       -            453 d1ei5a3e.3.1.1.aln   -            359  1.4e-162  536.3  18.2   1   1  3.8e-164  1.7e-162  536.1  18.2     1   359    10   391    10   391 1.00 -
d2olua2e.3.1.1       -            400 d1ei5a3e.3.1.1.aln   -            359  3.5e-119  393.5  15.6   1   1  9.1e-121    4e-119  393.4  15.6     2   359    14   381    13   381 0.99 -
d2v2ff_e.3.1.1       -            384 d1ei5a3e.3.1.1.aln   -            359   2.8e-98  324.8  22.0   1   1    7e-100   3.1e-98  324.6  22.0     2   358     8   380     7   381 0.99 -
d1ci9a_e.3.1.1       -            377 d1ei5a3e.3.1.1.aln   -            359   3.1e-89  295.0   0.0   1   1   7.9e-91   3.5e-89  294.9   0.0     2   358     2   374     1   375 0.99 -
d2drwa1e.3.1.1       -            362 d1ei5a3e.3.1.1.aln   -            359   3.2e-87  288.4   0.0   1   1   8.2e-89   3.6e-87  288.2   0.0     4   358     2   359     1   360 0.99 -
d2hdsa_e.3.1.1       -            358 d1ei5a3e.3.1.1.aln   -            359   2.2e-85  282.4   1.4   1   1   5.6e-87   2.4e-85  282.2   1.4     2   358     2   357     1   358 0.99 -
d2dcfa1e.3.1.1       -            388 d1ei5a3e.3.1.1.aln   -            359   8.6e-85  280.4   0.0   1   1   2.2e-86   9.6e-85  280.2   0.0     1   358     4   379     4   380 0.99 -
d1yqsa_e.3.1.1       -            345 d1ei5a3e.3.1.1.aln   -            359   1.1e-77  257.0   3.4   1   1   2.8e-79   1.2e-77  256.9   3.4     3   345     2   345     1   345 0.99 -
d1qmea4e.3.1.1       -            357 d1ei5a3e.3.1.1.aln   -            359   1.6e-75  249.9   5.6   1   1     4e-77   1.8e-75  249.8   5.6     2   353     6   357     5   357 0.99 -
d1vqqa3e.3.1.1       -            341 d1ei5a3e.3.1.1.aln   -            359   2.4e-63  209.9  16.7   1   1   6.1e-65   2.7e-63  209.7  16.7     6   350     2   341     1   341 0.99 -
d1tvfa2e.3.1.1       -            301 d1ei5a3e.3.1.1.aln   -            359   5.6e-57  188.9  19.1   1   1   1.4e-58   6.2e-57  188.8  19.1     3   327     6   301     4   301 0.99 -
d1e25a_e.3.1.1       -            278 d1ei5a3e.3.1.1.aln   -            359   2.8e-52  173.5   0.0   1   1   6.9e-54     3e-52  173.3   0.0    21   326     4   274     1   278 0.98 -
d1xp4a2e.3.1.1       -            269 d1ei5a3e.3.1.1.aln   -            359   3.8e-42  140.1   6.8   1   1   9.6e-44   4.2e-42  140.0   6.8    27   327     2   269     1   269 0.99 -
d1es5a_e.3.1.1       -            260 d1ei5a3e.3.1.1.aln   -            359   7.4e-37  122.7  13.8   1   1   1.9e-38   8.1e-37  122.6  13.8    27   325     3   259     1   260 0.98 -
d1xa1a_e.3.1.1       -            246 d1ei5a3e.3.1.1.aln   -            359   8.7e-36  119.2  13.3   1   1   2.2e-37   9.8e-36  119.0  13.3    37   327     1   246     1   246 0.99 -
d2p74a_e.3.1.1       -            263 d1ei5a3e.3.1.1.aln   -            359   2.1e-35  117.9   1.1   1   1   5.3e-37   2.3e-35  117.8   1.1    19   322     3   262     1   263 0.97 -
d1alqa_e.3.1.1       -            263 d1ei5a3e.3.1.1.aln   -            359   2.7e-34  114.3   7.5   1   1     7e-36   3.1e-34  114.1   7.5    22   317     2   262     1   263 0.99 -
d1ei5a3e.3.1.1       -            333 d1ei5a3e.3.1.1.aln   -            359   1.4e-05   19.8   0.0   1   2   1.6e-06   7.1e-05   17.5   0.0    22    84    21    83    17    88 0.91 -
d1ei5a3e.3.1.1       -            333 d1ei5a3e.3.1.1.aln   -            359   1.4e-05   19.8   0.0   2   2      0.43        19   -0.3   0.0   139   186   142   189   136   195 0.88 -
#
# Program:         hmmsearch
# Version:         3.1b2 (February 2015)
# Pipeline mode:   SEARCH
# Query file:      hmmModels30/d1ei5a3e.3.1.1.hmm
# Target file:     scop/scopTestSeq.fasta
# Option settings: hmmsearch --domtblout hmmModels30/d1ei5a3e.3.1.1.out -E 1 hmmModels30/d1ei5a3e.3.1.1.hmm scop/scopTestSeq.fasta 
# Current dir:     /home/anastasia/SBAS/TME8
# Date:            Sat Apr  8 15:33:44 2023
# [ok]
