#                                                                            --- full sequence --- -------------- this domain -------------   hmm coord   ali coord   env coord
# target name        accession   tlen query name           accession   qlen   E-value  score  bias   #  of  c-Evalue  i-Evalue  score  bias  from    to  from    to  from    to  acc description of target
#------------------- ---------- ----- -------------------- ---------- ----- --------- ------ ----- --- --- --------- --------- ------ ----- ----- ----- ----- ----- ----- ----- ---- ---------------------
d1ofda2c.1.4.1       -            809 d1ep3a_c.1.4.1.aln   -            387  5.6e-231  762.0   0.1   1   2       2.8   2.8e+02   -4.1   0.0   298   315   296   313   294   321 0.82 -
d1ofda2c.1.4.1       -            809 d1ep3a_c.1.4.1.aln   -            387  5.6e-231  762.0   0.1   2   2  9.2e-233  9.1e-231  761.3   0.0     1   387   351   794   351   794 1.00 -
d1p4ca_c.1.4.1       -            353 d1ep3a_c.1.4.1.aln   -            387   3.5e-90  298.5   0.0   1   1   3.9e-92   3.9e-90  298.3   0.0     1   366     1   352     1   353 0.99 -
d1p0ka_c.1.4.1       -            329 d1ep3a_c.1.4.1.aln   -            387   4.2e-80  265.3   0.3   1   1   4.7e-82   4.7e-80  265.1   0.3    35   386     1   328     1   329 0.99 -
d1vyra_c.1.4.1       -            363 d1ep3a_c.1.4.1.aln   -            387   8.9e-78  257.6   0.0   1   1     1e-79   9.9e-78  257.5   0.0     2   378     2   362     1   363 0.98 -
d1djqa1c.1.4.1       -            340 d1ep3a_c.1.4.1.aln   -            387   2.1e-73  243.2   0.0   1   1   2.3e-75   2.3e-73  243.1   0.0     6   371     2   340     1   340 0.99 -
d2e6fa_c.1.4.1       -            312 d1ep3a_c.1.4.1.aln   -            387   2.2e-55  183.9   0.0   1   1   2.5e-57   2.5e-55  183.7   0.0    14   366     2   312     1   312 0.98 -
d1vhna_c.1.4.1       -            305 d1ep3a_c.1.4.1.aln   -            387   8.9e-55  181.9   0.0   1   1     1e-56     1e-54  181.7   0.0    27   366     2   303     1   305 0.99 -
d1gtea2c.1.4.1       -            312 d1ep3a_c.1.4.1.aln   -            387   1.5e-49  164.7   0.0   1   1   1.7e-51   1.7e-49  164.5   0.0    17   365     3   311     1   312 0.99 -
#
# Program:         hmmsearch
# Version:         3.1b2 (February 2015)
# Pipeline mode:   SEARCH
# Query file:      hmmModels30/d1ep3a_c.1.4.1.hmm
# Target file:     scop/scopTestSeq.fasta
# Option settings: hmmsearch --domtblout hmmModels30/d1ep3a_c.1.4.1.out -E 1 hmmModels30/d1ep3a_c.1.4.1.hmm scop/scopTestSeq.fasta 
# Current dir:     /home/anastasia/SBAS/TME8
# Date:            Sat Apr  8 15:33:44 2023
# [ok]
