#                                                                            --- full sequence --- -------------- this domain -------------   hmm coord   ali coord   env coord
# target name        accession   tlen query name           accession   qlen   E-value  score  bias   #  of  c-Evalue  i-Evalue  score  bias  from    to  from    to  from    to  acc description of target
#------------------- ---------- ----- -------------------- ---------- ----- --------- ------ ----- --- --- --------- --------- ------ ----- ----- ----- ----- ----- ----- ----- ---- ---------------------
d1kt7a_b.60.1.1      -            175 d1epba_b.60.1.1.aln  -            168     9e-56  184.1   0.1   1   1   1.8e-57   9.9e-56  184.0   0.1     2   165     2   175     1   175 0.99 -
d1i4ua_b.60.1.1      -            181 d1epba_b.60.1.1.aln  -            168   9.2e-56  184.1   1.0   1   1   1.8e-57     1e-55  183.9   1.0     1   168    12   177    12   177 0.99 -
d3s26a_b.60.1.1      -            176 d1epba_b.60.1.1.aln  -            168     2e-53  176.5   0.1   1   1   3.8e-55   2.2e-53  176.4   0.1     2   167     4   175     3   176 0.98 -
d1kxoa_b.60.1.1      -            171 d1epba_b.60.1.1.aln  -            168   6.2e-50  165.1   0.6   1   1   1.2e-51   6.9e-50  165.0   0.6     1   166     3   170     3   171 0.99 -
d1lf7a_b.60.1.1      -            171 d1epba_b.60.1.1.aln  -            168   1.4e-49  164.0   0.0   1   1   2.7e-51   1.5e-49  163.8   0.0     4   167     2   162     1   163 0.99 -
d3saoa_b.60.1.1      -            155 d1epba_b.60.1.1.aln  -            168   9.7e-48  158.0   0.3   1   1   1.9e-49   1.1e-47  157.8   0.3    19   167     2   149     1   150 0.99 -
d1x8qa_b.60.1.1      -            184 d1epba_b.60.1.1.aln  -            168   1.5e-47  157.3   6.5   1   1     3e-49   1.7e-47  157.2   6.5     2   168     1   175     1   175 0.99 -
d3kffa_b.60.1.1      -            152 d1epba_b.60.1.1.aln  -            168   8.4e-47  154.9   0.1   1   1   1.6e-48   9.1e-47  154.8   0.1    16   167     2   151     1   152 0.98 -
d1qwda_b.60.1.1      -            167 d1epba_b.60.1.1.aln  -            168   6.4e-46  152.0   0.0   1   1   1.3e-47   7.2e-46  151.9   0.0     2   162    12   167    11   167 0.99 -
d1qfta_b.60.1.1      -            175 d1epba_b.60.1.1.aln  -            168   1.4e-43  144.4   8.7   1   1   2.8e-45   1.6e-43  144.3   8.7     2   167     7   174     6   175 0.99 -
d1dzka_b.60.1.1      -            148 d1epba_b.60.1.1.aln  -            168   7.9e-37  122.5   0.2   1   1   1.5e-38   8.7e-37  122.3   0.2    19   166     2   148     1   148 0.99 -
d1xkia_b.60.1.1      -            139 d1epba_b.60.1.1.aln  -            168   2.4e-33  111.1   0.0   1   1   4.8e-35   2.7e-33  111.0   0.0    19   160     1   138     1   139 0.98 -
d2joza1b.60.1.1      -            126 d1epba_b.60.1.1.aln  -            168   4.5e-22   74.5   0.1   1   1   8.7e-24   4.9e-22   74.3   0.1    20   155     2   125     1   126 0.98 -
d1epba_b.60.1.1      -            160 d1epba_b.60.1.1.aln  -            168   6.7e-16   54.4   0.1   1   1   1.7e-17   9.7e-16   53.8   0.1    13   161     2   149     1   154 0.93 -
#
# Program:         hmmsearch
# Version:         3.1b2 (February 2015)
# Pipeline mode:   SEARCH
# Query file:      hmmModels30/d1epba_b.60.1.1.hmm
# Target file:     scop/scopTestSeq.fasta
# Option settings: hmmsearch --domtblout hmmModels30/d1epba_b.60.1.1.out -E 1 hmmModels30/d1epba_b.60.1.1.hmm scop/scopTestSeq.fasta 
# Current dir:     /home/anastasia/SBAS/TME8
# Date:            Sat Apr  8 15:33:44 2023
# [ok]
