#                                                                            --- full sequence --- -------------- this domain -------------   hmm coord   ali coord   env coord
# target name        accession   tlen query name           accession   qlen   E-value  score  bias   #  of  c-Evalue  i-Evalue  score  bias  from    to  from    to  from    to  acc description of target
#------------------- ---------- ----- -------------------- ---------- ----- --------- ------ ----- --- --- --------- --------- ------ ----- ----- ----- ----- ----- ----- ----- ---- ---------------------
d1vr5a1c.94.1.1      -            535 d1eu8a_c.94.1.1.aln  -            311  2.8e-116  384.0   8.7   1   1  1.6e-117  4.7e-116  383.2   8.7     1   311   111   456   111   456 1.00 -
d1jeta_c.94.1.1      -            517 d1eu8a_c.94.1.1.aln  -            311  2.3e-115  381.0  10.7   1   2       8.5   2.5e+02   -3.3   0.0   289   304   105   120   103   125 0.86 -
d1jeta_c.94.1.1      -            517 d1eu8a_c.94.1.1.aln  -            311  2.3e-115  381.0  10.7   2   2  7.8e-117  2.3e-115  381.0  10.7     1   311   136   451   136   451 1.00 -
d1xoca1c.94.1.1      -            504 d1eu8a_c.94.1.1.aln  -            311   1.8e-92  305.8  16.9   1   1     1e-93   2.9e-92  305.1  16.9     1   311   115   439   115   439 0.99 -
d2nooa_c.94.1.1      -            496 d1eu8a_c.94.1.1.aln  -            311     3e-92  305.1   0.5   1   1   1.5e-93   4.5e-92  304.5   0.5     1   310   107   432   107   433 1.00 -
d1uqwa_c.94.1.1      -            487 d1eu8a_c.94.1.1.aln  -            311   8.9e-88  290.4  10.3   1   1   4.1e-89   1.2e-87  289.9  10.3     1   304   110   422   110   424 0.99 -
d3vlva_c.94.1.1      -            490 d1eu8a_c.94.1.1.aln  -            311   3.7e-86  285.1  10.1   1   1   1.5e-87   4.5e-86  284.8  10.1     1   311    94   422    94   422 0.99 -
d1ursa_c.94.1.1      -            367 d1eu8a_c.94.1.1.aln  -            311     2e-49  164.5   9.4   1   1   7.7e-51   2.3e-49  164.3   9.4     1   310     3   322     3   323 0.99 -
d3thia_c.94.1.1      -            362 d1eu8a_c.94.1.1.aln  -            311   7.3e-42  139.6   0.2   1   1   2.9e-43   8.4e-42  139.4   0.2     8   309     4   314     1   317 0.98 -
d1ixha_c.94.1.1      -            321 d1eu8a_c.94.1.1.aln  -            311     7e-36  120.0  12.0   1   1   2.6e-37   7.7e-36  119.8  12.0     2   302    14   315    13   321 0.98 -
d1pb7a_c.94.1.1      -            289 d1eu8a_c.94.1.1.aln  -            311   1.7e-35  118.7   0.0   1   1   6.5e-37   1.9e-35  118.5   0.0    19   308     2   288     1   289 0.99 -
d1q35a_c.94.1.1      -            318 d1eu8a_c.94.1.1.aln  -            311   2.4e-31  105.0   1.7   1   1   9.3e-33   2.7e-31  104.9   1.7     3   309     5   315     3   318 0.99 -
d2nxoa1c.94.1.1      -            277 d1eu8a_c.94.1.1.aln  -            311   6.4e-31  103.7   0.0   1   1   2.7e-32   7.8e-31  103.4   0.0    16   297     1   272     1   276 0.96 -
d1r9la_c.94.1.1      -            309 d1eu8a_c.94.1.1.aln  -            311   3.7e-29   97.9  11.2   1   1   1.4e-30   4.1e-29   97.7  11.2     4   305     6   309     3   309 0.98 -
d1nnfa_c.94.1.1      -            308 d1eu8a_c.94.1.1.aln  -            311   1.6e-27   92.5  10.5   1   1   6.5e-29   1.9e-27   92.3  10.5     5   300     1   302     1   306 0.99 -
d1sbpa_c.94.1.1      -            309 d1eu8a_c.94.1.1.aln  -            311   5.6e-26   87.4   8.9   1   1   2.1e-27   6.2e-26   87.3   8.9     6   304     2   306     1   309 0.98 -
d1us5a_c.94.1.1      -            298 d1eu8a_c.94.1.1.aln  -            311     1e-25   86.6   0.3   1   1   4.2e-27   1.2e-25   86.3   0.3    10   300     6   294     2   298 0.96 -
d2i6ea1c.94.1.1      -            272 d1eu8a_c.94.1.1.aln  -            311   2.2e-25   85.5   0.0   1   1   8.2e-27   2.4e-25   85.4   0.0    18   292     2   270     1   272 0.94 -
d1xt8a1c.94.1.1      -            248 d1eu8a_c.94.1.1.aln  -            311   8.2e-24   80.3   5.5   1   1   3.3e-25   9.6e-24   80.1   5.5    15   263     5   245     1   247 0.97 -
d1sw5a_c.94.1.1      -            270 d1eu8a_c.94.1.1.aln  -            311     4e-19   64.9   3.7   1   1   1.6e-20   4.7e-19   64.7   3.7    13   277     4   259     1   268 0.97 -
d2czla1c.94.1.1      -            270 d1eu8a_c.94.1.1.aln  -            311   2.2e-17   59.2   0.0   1   1   8.7e-19   2.6e-17   59.0   0.0    22   292     6   259     1   268 0.94 -
d1al3a_c.94.1.1      -            237 d1eu8a_c.94.1.1.aln  -            311   8.9e-16   53.9   0.0   1   1   3.3e-17   9.7e-16   53.8   0.0    16   274     4   233     1   237 0.97 -
d1ii5a_c.94.1.1      -            226 d1eu8a_c.94.1.1.aln  -            311   1.9e-14   49.6   0.3   1   1     7e-16     2e-14   49.5   0.3    18   260     4   222     1   226 0.96 -
d2ozza1c.94.1.1      -            228 d1eu8a_c.94.1.1.aln  -            311   1.5e-13   46.7   0.0   1   1   5.4e-15   1.6e-13   46.6   0.0    23   269     8   227     1   228 0.97 -
d1twya_c.94.1.1      -            249 d1eu8a_c.94.1.1.aln  -            311   5.2e-13   44.9   0.1   1   1   1.9e-14   5.7e-13   44.7   0.1     5   270     5   248     1   249 0.96 -
d1atga_c.94.1.1      -            231 d1eu8a_c.94.1.1.aln  -            311   8.6e-12   40.9   1.5   1   1   3.2e-13   9.3e-12   40.7   1.5    23   267     4   229     1   231 0.95 -
d2esna2c.94.1.1      -            212 d1eu8a_c.94.1.1.aln  -            311   9.6e-10   34.1   0.0   1   1     4e-11   1.2e-09   33.8   0.0    11   250     1   201     1   211 0.87 -
d2qmwa1c.94.1.1      -            184 d1eu8a_c.94.1.1.aln  -            311   1.5e-07   26.9   0.1   1   1     6e-09   1.7e-07   26.7   0.1    24   256     4   183     1   184 0.90 -
#
# Program:         hmmsearch
# Version:         3.1b2 (February 2015)
# Pipeline mode:   SEARCH
# Query file:      hmmModels30/d1eu8a_c.94.1.1.hmm
# Target file:     scop/scopTestSeq.fasta
# Option settings: hmmsearch --domtblout hmmModels30/d1eu8a_c.94.1.1.out -E 1 hmmModels30/d1eu8a_c.94.1.1.hmm scop/scopTestSeq.fasta 
# Current dir:     /home/anastasia/SBAS/TME8
# Date:            Sat Apr  8 15:33:44 2023
# [ok]
