#                                                                            --- full sequence --- -------------- this domain -------------   hmm coord   ali coord   env coord
# target name        accession   tlen query name           accession   qlen   E-value  score  bias   #  of  c-Evalue  i-Evalue  score  bias  from    to  from    to  from    to  acc description of target
#------------------- ---------- ----- -------------------- ---------- ----- --------- ------ ----- --- --- --------- --------- ------ ----- ----- ----- ----- ----- ----- ----- ---- ---------------------
d1p1ja1c.2.1.3       -            411 d1f06a1c.2.1.3.aln   -            246  7.1e-146  480.1   0.9   1   1  2.7e-147  8.8e-146  479.8   0.9     1   246     8   256     8   256 1.00 -
d3cina1c.2.1.3       -            276 d1f06a1c.2.1.3.aln   -            246   2.5e-75  249.1   0.0   1   1   8.6e-77   2.8e-75  248.9   0.0     1   246     1   276     1   276 1.00 -
d1gr0a1c.2.1.3       -            244 d1f06a1c.2.1.3.aln   -            246   7.1e-51  169.0   0.0   1   1   2.4e-52   7.9e-51  168.9   0.0     1   238     1   244     1   244 0.99 -
d2nvwa1c.2.1.3       -            238 d1f06a1c.2.1.3.aln   -            246   2.3e-40  134.6   0.0   1   1   7.9e-42   2.6e-40  134.4   0.0    35   245     2   217     1   218 0.99 -
d1h6da1c.2.1.3       -            222 d1f06a1c.2.1.3.aln   -            246   2.5e-35  118.1   0.0   1   1   8.2e-37   2.7e-35  118.0   0.0    20   233     2   220     1   222 0.97 -
d1qkia1c.2.1.3       -            204 d1f06a1c.2.1.3.aln   -            246   2.6e-21   72.2   0.0   1   1   8.5e-23   2.8e-21   72.1   0.0    31   239     3   203     1   204 0.97 -
d1ydwa1c.2.1.3       -            185 d1f06a1c.2.1.3.aln   -            246   2.6e-21   72.2   0.0   1   1   8.6e-23   2.8e-21   72.1   0.0    50   239     2   182     1   185 0.94 -
d1vkna1c.2.1.3       -            177 d1f06a1c.2.1.3.aln   -            246   9.7e-17   57.2   0.0   1   1   3.3e-18   1.1e-16   57.1   0.0    49   232     2   176     1   177 0.95 -
d1h9aa1c.2.1.3       -            196 d1f06a1c.2.1.3.aln   -            246     1e-15   53.9   0.0   1   1   3.4e-17   1.1e-15   53.7   0.0    45   238     2   195     1   196 0.94 -
d1cf2o1c.2.1.3       -            172 d1f06a1c.2.1.3.aln   -            246   1.4e-15   53.4   0.6   1   1   4.7e-17   1.6e-15   53.3   0.6    50   200     2   158     1   171 0.95 -
d1zh8a1c.2.1.3       -            182 d1f06a1c.2.1.3.aln   -            246   7.5e-15   51.0   0.0   1   1   2.6e-16   8.7e-15   50.8   0.0    48   192     2   146     1   169 0.91 -
d1tlta1c.2.1.3       -            165 d1f06a1c.2.1.3.aln   -            246   5.2e-14   48.3   0.0   1   1   1.8e-15     6e-14   48.1   0.0    50   221     2   154     1   164 0.93 -
d1lc0a1c.2.1.3       -            173 d1f06a1c.2.1.3.aln   -            246   9.7e-13   44.1   0.0   1   1   3.5e-14   1.2e-12   43.8   0.0    46   201     4   153     1   171 0.90 -
d1t4ba1c.2.1.3       -            147 d1f06a1c.2.1.3.aln   -            246   3.4e-12   42.3   0.0   1   1   1.1e-13   3.6e-12   42.2   0.0    50   195     3   143     1   147 0.93 -
d1drua1c.2.1.3       -            161 d1f06a1c.2.1.3.aln   -            246   7.5e-12   41.2   0.0   1   1   2.4e-13   7.9e-12   41.1   0.0    49   225     3   157     1   161 0.94 -
d1xeaa1c.2.1.3       -            168 d1f06a1c.2.1.3.aln   -            246   4.1e-11   38.8   0.0   1   1   1.3e-12   4.3e-11   38.7   0.0    51   201     3   152     1   168 0.89 -
d1nvmb1c.2.1.3       -            158 d1f06a1c.2.1.3.aln   -            246   1.3e-10   37.2   0.1   1   1   4.5e-12   1.5e-10   37.0   0.1    48   201     3   148     1   157 0.92 -
d1e5qa1c.2.1.3       -            183 d1f06a1c.2.1.3.aln   -            246   9.6e-10   34.3   0.1   1   1   3.1e-11     1e-09   34.2   0.1    37   233     4   182     1   183 0.93 -
d1ebfa1c.2.1.3       -            169 d1f06a1c.2.1.3.aln   -            246   3.2e-08   29.3   0.1   1   1   1.1e-09   3.5e-08   29.2   0.1    47   200     2   150     1   168 0.92 -
d2g82a1c.2.1.3       -            169 d1f06a1c.2.1.3.aln   -            246   1.7e-06   23.6   0.0   1   1   5.8e-08   1.9e-06   23.5   0.0    51   186     2   130     1   159 0.91 -
d1q0qa2c.2.1.3       -            152 d1f06a1c.2.1.3.aln   -            246   5.7e-05   18.7   0.0   1   1   1.9e-06   6.2e-05   18.5   0.0    50   196     3   140     1   148 0.83 -
d1yl7a1c.2.1.3       -            136 d1f06a1c.2.1.3.aln   -            246   0.00011   17.7   0.0   1   2     0.026      0.87    5.0   0.2    52    73     3    24     1    33 0.87 -
d1yl7a1c.2.1.3       -            136 d1f06a1c.2.1.3.aln   -            246   0.00011   17.7   0.0   2   2   0.00042     0.014   10.9   0.0   114   198    38   122    32   126 0.89 -
d1j5pa4c.2.1.3       -            133 d1f06a1c.2.1.3.aln   -            246   0.00033   16.2   0.0   1   2   0.00046     0.015   10.7   0.1    49    68     2    21     1    29 0.87 -
d1j5pa4c.2.1.3       -            133 d1f06a1c.2.1.3.aln   -            246   0.00033   16.2   0.0   2   2     0.062         2    3.8   0.0   119   194    42   117    35   129 0.83 -
d1vm6a3c.2.1.3       -            129 d1f06a1c.2.1.3.aln   -            246    0.0017   13.8   0.0   1   2     0.077       2.5    3.5   0.1    51    91     3    37     1    41 0.85 -
d1vm6a3c.2.1.3       -            129 d1f06a1c.2.1.3.aln   -            246    0.0017   13.8   0.0   2   2   0.00074     0.024   10.1   0.0   116   200    37   118    30   127 0.83 -
#
# Program:         hmmsearch
# Version:         3.1b2 (February 2015)
# Pipeline mode:   SEARCH
# Query file:      hmmModels30/d1f06a1c.2.1.3.hmm
# Target file:     scop/scopTestSeq.fasta
# Option settings: hmmsearch --domtblout hmmModels30/d1f06a1c.2.1.3.out -E 1 hmmModels30/d1f06a1c.2.1.3.hmm scop/scopTestSeq.fasta 
# Current dir:     /home/anastasia/SBAS/TME8
# Date:            Sat Apr  8 15:33:44 2023
# [ok]
