#                                                                            --- full sequence --- -------------- this domain -------------   hmm coord   ali coord   env coord
# target name        accession   tlen query name           accession   qlen   E-value  score  bias   #  of  c-Evalue  i-Evalue  score  bias  from    to  from    to  from    to  acc description of target
#------------------- ---------- ----- -------------------- ---------- ----- --------- ------ ----- --- --- --------- --------- ------ ----- ----- ----- ----- ----- ----- ----- ---- ---------------------
d1lj8a4c.2.1.6       -            286 d1f0ya2c.2.1.6.aln   -            176   3.7e-90  295.7   0.0   1   1   1.1e-91   4.6e-90  295.5   0.0     1   176    30   217    30   217 1.00 -
d1jaya_c.2.1.6       -            212 d1f0ya2c.2.1.6.aln   -            176   7.5e-49  161.2   0.2   1   1   2.1e-50   8.6e-49  161.0   0.2     1   175     1   178     1   179 0.99 -
d1evya2c.2.1.6       -            189 d1f0ya2c.2.1.6.aln   -            176   3.8e-42  139.4   0.0   1   1     1e-43   4.2e-42  139.3   0.0     3   174     9   188     7   189 0.98 -
d1mv8a2c.2.1.6       -            202 d1f0ya2c.2.1.6.aln   -            176   3.7e-39  129.7   0.0   1   1     1e-40   4.1e-39  129.5   0.0     1   175     1   184     1   185 0.99 -
d1bg6a2c.2.1.6       -            184 d1f0ya2c.2.1.6.aln   -            176     2e-38  127.3   0.1   1   1   5.2e-40   2.2e-38  127.2   0.1     2   175     3   174     2   175 0.98 -
d1txga2c.2.1.6       -            180 d1f0ya2c.2.1.6.aln   -            176   1.1e-37  124.9   0.0   1   1   2.9e-39   1.2e-37  124.7   0.0     1   172     1   178     1   180 0.98 -
d1dlja2c.2.1.6       -            196 d1f0ya2c.2.1.6.aln   -            176   1.2e-37  124.7   0.0   1   1   3.3e-39   1.4e-37  124.6   0.0     1   174     1   177     1   179 0.99 -
d1ks9a2c.2.1.6       -            167 d1f0ya2c.2.1.6.aln   -            176   4.7e-35  116.3   0.0   1   1   1.3e-36   5.2e-35  116.2   0.0     1   170     1   166     1   167 0.99 -
d2f1ka2c.2.1.6       -            165 d1f0ya2c.2.1.6.aln   -            176   7.6e-32  105.8   0.0   1   1     2e-33   8.4e-32  105.7   0.0     1   174     1   163     1   165 0.98 -
d1vpda2c.2.1.6       -            161 d1f0ya2c.2.1.6.aln   -            176     2e-30  101.2   0.4   1   1   5.4e-32   2.3e-30  101.0   0.4     1   173     1   160     1   161 0.99 -
d2ahra2c.2.1.6       -            152 d1f0ya2c.2.1.6.aln   -            176   2.2e-25   84.8   0.1   1   1   5.6e-27   2.3e-25   84.7   0.1     1   142     1   135     1   152 0.95 -
d1yqga2c.2.1.6       -            152 d1f0ya2c.2.1.6.aln   -            176   5.6e-24   80.2   0.1   1   1   1.5e-25   6.1e-24   80.1   0.1     1   169     1   150     1   152 0.93 -
d2pv7a2c.2.1.6       -            152 d1f0ya2c.2.1.6.aln   -            176   1.4e-23   78.9   0.0   1   1   4.5e-25   1.9e-23   78.5   0.0     7   175     1   151     1   152 0.98 -
d2i76a2c.2.1.6       -            153 d1f0ya2c.2.1.6.aln   -            176   1.7e-23   78.7   0.0   1   1   4.4e-25   1.8e-23   78.6   0.0     4   170     3   149     1   153 0.96 -
d1i36a2c.2.1.6       -            152 d1f0ya2c.2.1.6.aln   -            176   1.6e-22   75.5   0.2   1   1   4.1e-24   1.7e-22   75.4   0.2     2   172     2   151     1   152 0.98 -
d1vm6a3c.2.1.3       -            129 d1f0ya2c.2.1.6.aln   -            176    0.0012   14.0   0.1   1   1     5e-05    0.0021   13.2   0.1     1    27     1    28     1    39 0.95 -
d3l77a_c.2.1.0       -            235 d1f0ya2c.2.1.6.aln   -            176    0.0019   13.4   0.3   1   1   6.5e-05    0.0027   12.9   0.3     1    66     2    61     2    86 0.84 -
d1gpja2c.2.1.7       -            159 d1f0ya2c.2.1.6.aln   -            176    0.0033   12.6   0.7   1   1   0.00012     0.005   12.0   0.6     3    71    27    92    25   109 0.81 -
d1f0ya2c.2.1.6       -            192 d1f0ya2c.2.1.6.aln   -            176    0.0082   11.3   3.2   1   1    0.0003     0.013   10.7   2.7     2    34     6    38     5   104 0.71 -
#
# Program:         hmmsearch
# Version:         3.1b2 (February 2015)
# Pipeline mode:   SEARCH
# Query file:      hmmModels30/d1f0ya2c.2.1.6.hmm
# Target file:     scop/scopTestSeq.fasta
# Option settings: hmmsearch --domtblout hmmModels30/d1f0ya2c.2.1.6.out -E 1 hmmModels30/d1f0ya2c.2.1.6.hmm scop/scopTestSeq.fasta 
# Current dir:     /home/anastasia/SBAS/TME8
# Date:            Sat Apr  8 15:33:44 2023
# [ok]
