#                                                                            --- full sequence --- -------------- this domain -------------   hmm coord   ali coord   env coord
# target name        accession   tlen query name           accession   qlen   E-value  score  bias   #  of  c-Evalue  i-Evalue  score  bias  from    to  from    to  from    to  acc description of target
#------------------- ---------- ----- -------------------- ---------- ----- --------- ------ ----- --- --- --------- --------- ------ ----- ----- ----- ----- ----- ----- ----- ---- ---------------------
d2jhfa1b.35.1.2      -            199 d1f8fa1b.35.1.2.aln  -            178   4.6e-66  217.3   0.0   1   1   7.2e-68   5.1e-66  217.1   0.0     1   176     6   199     6   199 0.99 -
d1piwa1b.35.1.2      -            193 d1f8fa1b.35.1.2.aln  -            178   8.6e-66  216.4   0.7   1   1   1.3e-67   9.5e-66  216.3   0.7     1   177     1   186     1   187 0.98 -
d1pl8a1b.35.1.2      -            186 d1f8fa1b.35.1.2.aln  -            178   2.9e-63  208.2   0.0   1   1   4.5e-65   3.3e-63  208.0   0.0     3   177     4   180     2   181 0.98 -
d1kola1b.35.1.2      -            202 d1f8fa1b.35.1.2.aln  -            178   2.5e-62  205.2   0.4   1   1   3.8e-64   2.7e-62  205.0   0.4     4   177     2   197     1   198 0.98 -
d1h2ba1b.35.1.2      -            172 d1f8fa1b.35.1.2.aln  -            178   2.7e-59  195.3   0.0   1   1   4.1e-61     3e-59  195.1   0.0     5   176     1   171     1   172 0.98 -
d1jqba1b.35.1.2      -            178 d1f8fa1b.35.1.2.aln  -            178   1.2e-55  183.4   0.0   1   1   1.8e-57   1.3e-55  183.3   0.0    10   177     2   177     1   178 0.98 -
d1gu7a1b.35.1.2      -            176 d1f8fa1b.35.1.2.aln  -            178   5.4e-51  168.2   0.0   1   1   8.4e-53     6e-51  168.1   0.0     1   177     1   173     1   174 0.99 -
d1yb5a1b.35.1.2      -            151 d1f8fa1b.35.1.2.aln  -            178     3e-42  139.7   0.1   1   1   4.3e-43   3.1e-41  136.4   0.1     4   176     3   149     1   151 0.98 -
d1o89a1b.35.1.2      -            147 d1f8fa1b.35.1.2.aln  -            178   2.8e-33  110.5   0.0   1   1   5.5e-35   3.9e-33  110.0   0.0     5   176     2   146     1   147 0.98 -
d2dm6a1b.35.1.2      -            148 d1f8fa1b.35.1.2.aln  -            178   1.9e-31  104.6   0.0   1   1   2.1e-32   1.5e-30  101.6   0.0     2   176     4   147     3   148 0.98 -
d1f8fa1b.35.1.2      -            195 d1f8fa1b.35.1.2.aln  -            178   3.4e-25   84.2   0.1   1   1   6.1e-27   4.4e-25   83.8   0.1    17   175    15   193     9   195 0.88 -
#
# Program:         hmmsearch
# Version:         3.1b2 (February 2015)
# Pipeline mode:   SEARCH
# Query file:      hmmModels30/d1f8fa1b.35.1.2.hmm
# Target file:     scop/scopTestSeq.fasta
# Option settings: hmmsearch --domtblout hmmModels30/d1f8fa1b.35.1.2.out -E 1 hmmModels30/d1f8fa1b.35.1.2.hmm scop/scopTestSeq.fasta 
# Current dir:     /home/anastasia/SBAS/TME8
# Date:            Sat Apr  8 15:33:44 2023
# [ok]
