#                                                                            --- full sequence --- -------------- this domain -------------   hmm coord   ali coord   env coord
# target name        accession   tlen query name           accession   qlen   E-value  score  bias   #  of  c-Evalue  i-Evalue  score  bias  from    to  from    to  from    to  acc description of target
#------------------- ---------- ----- -------------------- ---------- ----- --------- ------ ----- --- --- --------- --------- ------ ----- ----- ----- ----- ----- ----- ----- ---- ---------------------
d2gv8a1c.3.1.5       -            336 d1fcda2c.3.1.5.aln   -            270  2.4e-141  465.3   0.0   1   1  6.9e-143  2.9e-141  465.0   0.0     1   270    56   325    56   325 1.00 -
d1w4xa1c.3.1.5       -            299 d1fcda2c.3.1.5.aln   -            270  2.6e-110  363.5   0.0   1   1  7.3e-112    3e-110  363.3   0.0     1   270     1   270     1   270 1.00 -
d1mo9a1c.3.1.5       -            262 d1fcda2c.3.1.5.aln   -            270   2.4e-77  255.4   0.0   1   1   6.5e-79   2.7e-77  255.2   0.0     1   269     6   262     6   262 0.99 -
d1v59a1c.3.1.5       -            234 d1fcda2c.3.1.5.aln   -            270   2.5e-55  183.2   0.1   1   1   6.7e-57   2.8e-55  183.0   0.1    33   269     1   234     1   234 0.99 -
d1xdia1c.3.1.5       -            234 d1fcda2c.3.1.5.aln   -            270     1e-48  161.5   0.0   1   1   2.8e-50   1.2e-48  161.3   0.0    38   269     2   233     1   234 0.99 -
d1w4xa2c.3.1.5       -            235 d1fcda2c.3.1.5.aln   -            270     6e-47  155.7   0.0   1   1   1.6e-48   6.6e-47  155.6   0.0    35   267     1   235     1   235 0.99 -
d1m6ia1c.3.1.5       -            214 d1fcda2c.3.1.5.aln   -            270   3.3e-39  130.3   0.0   1   1   8.9e-41   3.7e-39  130.2   0.0    34   250     2   214     1   214 0.99 -
d1nhpa1c.3.1.5       -            199 d1fcda2c.3.1.5.aln   -            270   1.3e-29   98.8   0.0   1   1   3.5e-31   1.4e-29   98.7   0.0    38   233     1   198     1   199 0.99 -
d1fl2a1c.3.1.5       -            185 d1fcda2c.3.1.5.aln   -            270   6.8e-28   93.2   0.1   1   1   1.8e-29   7.5e-28   93.1   0.1    38   226     2   184     1   185 0.99 -
d1vdca2c.3.1.5       -            130 d1fcda2c.3.1.5.aln   -            270   1.2e-16   56.3   0.0   1   1   3.2e-18   1.3e-16   56.2   0.0    72   209     2   127     1   130 0.97 -
d1m6ia2c.3.1.5       -            137 d1fcda2c.3.1.5.aln   -            270   6.3e-16   54.0   0.0   1   1   1.6e-17   6.6e-16   53.9   0.0    71   206     3   132     1   137 0.95 -
d1h6va2c.3.1.5       -            122 d1fcda2c.3.1.5.aln   -            270   1.8e-15   52.5   0.0   1   1   4.7e-17     2e-15   52.4   0.0    88   219     3   122     1   122 0.95 -
d1aoga2c.3.1.5       -            117 d1fcda2c.3.1.5.aln   -            270   3.3e-15   51.6   0.0   1   1   8.8e-17   3.6e-15   51.5   0.0    88   203     3   110     1   116 0.95 -
d1v59a2c.3.1.5       -            122 d1fcda2c.3.1.5.aln   -            270   1.5e-14   49.4   0.2   1   1   3.9e-16   1.6e-14   49.3   0.2    85   214     3   121     1   122 0.98 -
d1onfa2c.3.1.5       -            117 d1fcda2c.3.1.5.aln   -            270   2.7e-13   45.3   0.1   1   1     7e-15   2.9e-13   45.2   0.1    85   211     3   117     1   117 0.97 -
d1nhpa2c.3.1.5       -            123 d1fcda2c.3.1.5.aln   -            270   1.2e-12   43.3   0.2   1   1   3.1e-14   1.3e-12   43.1   0.2    78   196     3   112     1   122 0.93 -
d1xhca2c.3.1.5       -            122 d1fcda2c.3.1.5.aln   -            270   1.4e-11   39.8   0.0   1   1   3.5e-13   1.4e-11   39.7   0.0    88   203    15   117     3   122 0.88 -
d1mo9a2c.3.1.5       -            121 d1fcda2c.3.1.5.aln   -            270   2.8e-11   38.7   0.0   1   1   7.7e-13   3.2e-11   38.5   0.0    84   212     2   118     1   120 0.95 -
d1fl2a2c.3.1.5       -            126 d1fcda2c.3.1.5.aln   -            270     2e-06   22.8   0.0   1   1   5.5e-08   2.3e-06   22.6   0.0    81   208     9   120     1   125 0.85 -
#
# Program:         hmmsearch
# Version:         3.1b2 (February 2015)
# Pipeline mode:   SEARCH
# Query file:      hmmModels30/d1fcda2c.3.1.5.hmm
# Target file:     scop/scopTestSeq.fasta
# Option settings: hmmsearch --domtblout hmmModels30/d1fcda2c.3.1.5.out -E 1 hmmModels30/d1fcda2c.3.1.5.hmm scop/scopTestSeq.fasta 
# Current dir:     /home/anastasia/SBAS/TME8
# Date:            Sat Apr  8 15:33:44 2023
# [ok]
