#                                                                            --- full sequence --- -------------- this domain -------------   hmm coord   ali coord   env coord
# target name        accession   tlen query name           accession   qlen   E-value  score  bias   #  of  c-Evalue  i-Evalue  score  bias  from    to  from    to  from    to  acc description of target
#------------------- ---------- ----- -------------------- ---------- ----- --------- ------ ----- --- --- --------- --------- ------ ----- ----- ----- ----- ----- ----- ----- ---- ---------------------
d2gv8a1c.3.1.5       -            336 d1fl2a1c.3.1.5.aln   -            211   2.8e-90  297.0   0.0   1   2   1.2e-91   4.8e-90  296.2   0.0     1   211     6   249     6   249 1.00 -
d2gv8a1c.3.1.5       -            336 d1fl2a1c.3.1.5.aln   -            211   2.8e-90  297.0   0.0   2   2       5.9   2.3e+02   -3.4   0.0    18    41   292   315   288   316 0.79 -
d1w4xa1c.3.1.5       -            299 d1fl2a1c.3.1.5.aln   -            211     9e-83  272.4   0.0   1   1   2.8e-84   1.1e-82  272.1   0.0     2   211    10   227     9   227 0.99 -
d1mo9a1c.3.1.5       -            262 d1fl2a1c.3.1.5.aln   -            211   7.2e-58  191.1   0.0   1   1   2.1e-59   8.1e-58  190.9   0.0     2   210     7   245     6   246 0.99 -
d1v59a1c.3.1.5       -            234 d1fl2a1c.3.1.5.aln   -            211   4.1e-56  185.3   0.5   1   1   1.2e-57   4.6e-56  185.2   0.5     2   210     6   217     5   218 0.99 -
d1w4xa2c.3.1.5       -            235 d1fl2a1c.3.1.5.aln   -            211   7.8e-54  177.9   0.0   1   1   2.2e-55   8.7e-54  177.7   0.0     4   210     2   235     1   235 0.99 -
d1xdia1c.3.1.5       -            234 d1fl2a1c.3.1.5.aln   -            211   9.3e-46  151.5   0.0   1   1   2.6e-47     1e-45  151.3   0.0     2   211     2   217     1   217 0.98 -
d1m6ia1c.3.1.5       -            214 d1fl2a1c.3.1.5.aln   -            211   6.8e-42  138.9   0.0   1   1   1.9e-43   7.6e-42  138.7   0.0     2   211     6   214     5   214 0.99 -
d1nhpa1c.3.1.5       -            199 d1fl2a1c.3.1.5.aln   -            211   1.2e-33  112.0   0.1   1   1   3.2e-35   1.3e-33  111.8   0.1     2   205     1   198     1   199 0.98 -
d1fcda2c.3.1.5       -            141 d1fl2a1c.3.1.5.aln   -            211   1.8e-18   62.3   0.0   1   1     5e-20     2e-18   62.2   0.0     3   150     9   140     7   141 0.97 -
d1nhpa2c.3.1.5       -            123 d1fl2a1c.3.1.5.aln   -            211   2.9e-16   55.1   0.2   1   1   8.2e-18   3.2e-16   55.0   0.2    13   148     6   123     1   123 0.93 -
d1vdca2c.3.1.5       -            130 d1fl2a1c.3.1.5.aln   -            211   4.6e-15   51.2   0.0   1   1   1.4e-16   5.4e-15   51.0   0.0     8   148     5   128     2   130 0.95 -
d1h6va2c.3.1.5       -            122 d1fl2a1c.3.1.5.aln   -            211     8e-15   50.4   0.0   1   1   2.2e-16   8.7e-15   50.3   0.0     8   149     3   122     1   122 0.96 -
d1aoga2c.3.1.5       -            117 d1fl2a1c.3.1.5.aln   -            211   1.3e-14   49.7   0.0   1   1   3.7e-16   1.5e-14   49.6   0.0     6   147     1   116     1   117 0.98 -
d1mo9a2c.3.1.5       -            121 d1fl2a1c.3.1.5.aln   -            211   9.2e-14   47.0   0.1   1   1   2.6e-15     1e-13   46.8   0.1    10   146     6   120     2   121 0.93 -
d1xhca2c.3.1.5       -            122 d1fl2a1c.3.1.5.aln   -            211   1.9e-13   45.9   0.0   1   1   5.3e-15   2.1e-13   45.8   0.0     8   148     3   121     1   122 0.96 -
d1v59a2c.3.1.5       -            122 d1fl2a1c.3.1.5.aln   -            211   4.2e-13   44.8   0.2   1   1   1.1e-14   4.5e-13   44.7   0.2     5   148     3   121     1   122 0.96 -
d1m6ia2c.3.1.5       -            137 d1fl2a1c.3.1.5.aln   -            211   9.2e-13   43.7   0.0   1   1   2.7e-14   1.1e-12   43.5   0.0     6   149     6   136     2   137 0.95 -
d1onfa2c.3.1.5       -            117 d1fl2a1c.3.1.5.aln   -            211   8.9e-12   40.5   0.1   1   1   2.5e-13   9.7e-12   40.3   0.1     4   148     2   117     1   117 0.96 -
d1fl2a2c.3.1.5       -            126 d1fl2a1c.3.1.5.aln   -            211   3.2e-11   38.7   0.0   1   1   9.1e-13   3.6e-11   38.5   0.0    17   150    12   124     2   126 0.90 -
d2gv8a2c.3.1.5       -            107 d1fl2a1c.3.1.5.aln   -            211   1.2e-06   23.8   0.0   1   1   3.2e-08   1.3e-06   23.6   0.0     6   103     1    89     1   106 0.92 -
#
# Program:         hmmsearch
# Version:         3.1b2 (February 2015)
# Pipeline mode:   SEARCH
# Query file:      hmmModels30/d1fl2a1c.3.1.5.hmm
# Target file:     scop/scopTestSeq.fasta
# Option settings: hmmsearch --domtblout hmmModels30/d1fl2a1c.3.1.5.out -E 1 hmmModels30/d1fl2a1c.3.1.5.hmm scop/scopTestSeq.fasta 
# Current dir:     /home/anastasia/SBAS/TME8
# Date:            Sat Apr  8 15:33:44 2023
# [ok]
