#                                                                            --- full sequence --- -------------- this domain -------------   hmm coord   ali coord   env coord
# target name        accession   tlen query name           accession   qlen   E-value  score  bias   #  of  c-Evalue  i-Evalue  score  bias  from    to  from    to  from    to  acc description of target
#------------------- ---------- ----- -------------------- ---------- ----- --------- ------ ----- --- --- --------- --------- ------ ----- ----- ----- ----- ----- ----- ----- ---- ---------------------
d2gv8a1c.3.1.5       -            336 d1fl2a2c.3.1.5.aln   -            230  2.2e-106  350.0   0.0   1   1  6.5e-108  2.6e-106  349.8   0.0     4   230     1   252     1   252 1.00 -
d1w4xa1c.3.1.5       -            299 d1fl2a2c.3.1.5.aln   -            230     2e-84  278.2   0.0   1   1   5.9e-86   2.3e-84  277.9   0.0     1   230     2   243     2   243 0.99 -
d1mo9a1c.3.1.5       -            262 d1fl2a2c.3.1.5.aln   -            230   6.3e-81  266.7   0.0   1   1   1.8e-82     7e-81  266.5   0.0     1   230    11   262    11   262 0.99 -
d1v59a1c.3.1.5       -            234 d1fl2a2c.3.1.5.aln   -            230   5.1e-60  198.3   0.4   1   1   1.4e-61   5.7e-60  198.1   0.4     3   229     2   233     1   234 0.99 -
d1xdia1c.3.1.5       -            234 d1fl2a2c.3.1.5.aln   -            230   5.4e-53  175.3   0.0   1   1   1.5e-54     6e-53  175.2   0.0     7   229     2   232     1   233 0.99 -
d1w4xa2c.3.1.5       -            235 d1fl2a2c.3.1.5.aln   -            230   8.3e-49  161.6   0.0   1   1   2.3e-50   9.2e-49  161.5   0.0     2   229     2   233     1   234 0.99 -
d1m6ia1c.3.1.5       -            214 d1fl2a2c.3.1.5.aln   -            230   1.3e-43  144.6   0.0   1   1   3.7e-45   1.5e-43  144.4   0.0     5   216     2   214     1   214 0.99 -
d1nhpa1c.3.1.5       -            199 d1fl2a2c.3.1.5.aln   -            230   4.7e-37  123.2   0.0   1   1   1.3e-38   5.1e-37  123.0   0.0     8   208     1   198     1   199 0.99 -
d1fl2a1c.3.1.5       -            185 d1fl2a2c.3.1.5.aln   -            230   9.8e-26   86.1   0.2   1   1   2.7e-27   1.1e-25   86.0   0.2     7   192     3   184     1   185 0.96 -
d1m6ia2c.3.1.5       -            137 d1fl2a2c.3.1.5.aln   -            230   3.6e-19   64.6   0.0   1   1     1e-20   3.9e-19   64.5   0.0     4   150     9   136     6   137 0.94 -
d1fcda2c.3.1.5       -            141 d1fl2a2c.3.1.5.aln   -            230   1.2e-17   59.7   0.0   1   1   3.3e-19   1.3e-17   59.6   0.0     3   149     4   138     2   141 0.96 -
d1aoga2c.3.1.5       -            117 d1fl2a2c.3.1.5.aln   -            230   2.3e-17   58.7   0.0   1   1   6.3e-19   2.5e-17   58.6   0.0    15   149     3   117     1   117 0.97 -
d1mo9a2c.3.1.5       -            121 d1fl2a2c.3.1.5.aln   -            230   6.9e-17   57.2   0.0   1   1   1.9e-18   7.4e-17   57.1   0.0    14   150     4   121     1   121 0.95 -
d1h6va2c.3.1.5       -            122 d1fl2a2c.3.1.5.aln   -            230   6.3e-16   54.0   0.0   1   1   1.7e-17   6.9e-16   53.9   0.0    14   150     2   122     1   122 0.98 -
d1nhpa2c.3.1.5       -            123 d1fl2a2c.3.1.5.aln   -            230   6.6e-15   50.7   0.1   1   1   1.9e-16   7.7e-15   50.5   0.1    10   149     8   123     2   123 0.91 -
d1xhca2c.3.1.5       -            122 d1fl2a2c.3.1.5.aln   -            230   4.5e-14   48.0   0.0   1   1   1.3e-15   5.1e-14   47.8   0.0     3   123     3   111     1   121 0.94 -
d1onfa2c.3.1.5       -            117 d1fl2a2c.3.1.5.aln   -            230   4.8e-14   47.9   0.0   1   1   1.4e-15   5.6e-14   47.6   0.0    19   149    10   117     3   117 0.90 -
d1v59a2c.3.1.5       -            122 d1fl2a2c.3.1.5.aln   -            230   6.2e-13   44.2   0.1   1   1   1.6e-14   6.4e-13   44.2   0.1    14   146     5   118     1   122 0.87 -
d1vdca2c.3.1.5       -            130 d1fl2a2c.3.1.5.aln   -            230     1e-12   43.5   0.0   1   1   3.1e-14   1.2e-12   43.3   0.0     8   122    10   116     5   126 0.92 -
d2gv8a2c.3.1.5       -            107 d1fl2a2c.3.1.5.aln   -            230     4e-09   31.8   0.0   1   1   1.1e-10   4.3e-09   31.7   0.0     2   110     2   106     1   107 0.96 -
#
# Program:         hmmsearch
# Version:         3.1b2 (February 2015)
# Pipeline mode:   SEARCH
# Query file:      hmmModels30/d1fl2a2c.3.1.5.hmm
# Target file:     scop/scopTestSeq.fasta
# Option settings: hmmsearch --domtblout hmmModels30/d1fl2a2c.3.1.5.out -E 1 hmmModels30/d1fl2a2c.3.1.5.hmm scop/scopTestSeq.fasta 
# Current dir:     /home/anastasia/SBAS/TME8
# Date:            Sat Apr  8 15:33:44 2023
# [ok]
