#                                                                            --- full sequence --- -------------- this domain -------------   hmm coord   ali coord   env coord
# target name        accession   tlen query name           accession   qlen   E-value  score  bias   #  of  c-Evalue  i-Evalue  score  bias  from    to  from    to  from    to  acc description of target
#------------------- ---------- ----- -------------------- ---------- ----- --------- ------ ----- --- --- --------- --------- ------ ----- ----- ----- ----- ----- ----- ----- ---- ---------------------
d1r3na1c.56.5.4      -            323 d1fnoa4c.56.5.4.aln  -            288    8e-107  352.0   0.0   1   1  1.2e-108  8.9e-107  351.9   0.0     2   288    13   318    12   318 0.99 -
d1y7ea2c.56.5.4      -            323 d1fnoa4c.56.5.4.aln  -            288  4.4e-104  343.1   0.6   1   1  6.8e-106  4.9e-104  342.9   0.6     1   288     9   322     9   322 1.00 -
d1rtqa_c.56.5.4      -            291 d1fnoa4c.56.5.4.aln  -            288   2.4e-96  317.7   0.5   1   1   3.7e-98   2.7e-96  317.5   0.5     1   288     1   286     1   286 0.99 -
d1z2la1c.56.5.4      -            294 d1fnoa4c.56.5.4.aln  -            288   3.2e-94  310.7   0.0   1   1     5e-96   3.6e-94  310.5   0.0     4   288     1   294     1   294 0.99 -
d1tkja_c.56.5.4      -            277 d1fnoa4c.56.5.4.aln  -            288   2.6e-83  274.9   0.0   1   1   4.1e-85   2.9e-83  274.7   0.0     2   286     1   275     1   277 0.99 -
d1cg2a1c.56.5.4      -            277 d1fnoa4c.56.5.4.aln  -            288   6.4e-77  253.9   0.2   1   1   9.9e-79   7.1e-77  253.7   0.2     1   285     9   275     9   277 0.99 -
d1lfwa1c.56.5.4      -            273 d1fnoa4c.56.5.4.aln  -            288   1.8e-75  249.1   0.0   1   1   2.9e-77   2.1e-75  248.9   0.0     1   286     7   273     7   273 0.99 -
d1y0ya3c.56.5.4      -            256 d1fnoa4c.56.5.4.aln  -            288   5.1e-75  247.7   0.1   1   1   7.8e-77   5.6e-75  247.5   0.1     9   286     2   255     1   256 0.99 -
d1vgya1c.56.5.4      -            263 d1fnoa4c.56.5.4.aln  -            288   9.8e-74  243.4   0.0   1   1   1.5e-75   1.1e-73  243.3   0.0     7   283     2   262     1   263 0.98 -
d2grea2c.56.5.4      -            234 d1fnoa4c.56.5.4.aln  -            288   7.5e-60  197.9   1.9   1   1   1.2e-61   8.4e-60  197.7   1.9     5   286     1   234     1   234 0.99 -
d1fnoa4c.56.5.4      -            296 d1fnoa4c.56.5.4.aln  -            288    0.0023   12.5   0.0   1   1   5.1e-05    0.0037   11.8   0.0   111   160   138   184   132   204 0.83 -
#
# Program:         hmmsearch
# Version:         3.1b2 (February 2015)
# Pipeline mode:   SEARCH
# Query file:      hmmModels30/d1fnoa4c.56.5.4.hmm
# Target file:     scop/scopTestSeq.fasta
# Option settings: hmmsearch --domtblout hmmModels30/d1fnoa4c.56.5.4.out -E 1 hmmModels30/d1fnoa4c.56.5.4.hmm scop/scopTestSeq.fasta 
# Current dir:     /home/anastasia/SBAS/TME8
# Date:            Sat Apr  8 15:33:44 2023
# [ok]
