#                                                                            --- full sequence --- -------------- this domain -------------   hmm coord   ali coord   env coord
# target name        accession   tlen query name           accession   qlen   E-value  score  bias   #  of  c-Evalue  i-Evalue  score  bias  from    to  from    to  from    to  acc description of target
#------------------- ---------- ----- -------------------- ---------- ----- --------- ------ ----- --- --- --------- --------- ------ ----- ----- ----- ----- ----- ----- ----- ---- ---------------------
d1ecfa1c.61.1.1      -            243 d1fsga_c.61.1.1.aln  -            204   1.5e-86  284.3   0.2   1   1   3.1e-88   1.7e-86  284.1   0.2     1   204     1   196     1   196 0.99 -
d1qb7a_c.61.1.1      -            236 d1fsga_c.61.1.1.aln  -            204   3.9e-67  220.9   0.0   1   1   7.8e-69   4.4e-67  220.7   0.0     2   204    23   229    22   229 0.99 -
d1dqna_c.61.1.1      -            230 d1fsga_c.61.1.1.aln  -            204   1.4e-63  209.3   0.0   1   1   2.9e-65   1.6e-63  209.1   0.0     2   204    16   211    15   211 0.99 -
d1tc1a_c.61.1.1      -            184 d1fsga_c.61.1.1.aln  -            204   7.8e-53  174.2   0.1   1   1   1.5e-54   8.6e-53  174.1   0.1    15   197     2   184     1   184 0.99 -
d1p4aa2c.61.1.1      -            202 d1fsga_c.61.1.1.aln  -            204   1.8e-49  163.3   0.1   1   1   3.5e-51     2e-49  163.1   0.1     2   190     8   201     7   202 0.99 -
d1xtta1c.61.1.1      -            215 d1fsga_c.61.1.1.aln  -            204   8.8e-49  161.0   5.3   1   1   1.7e-50   9.8e-49  160.8   5.3     6   204     2   202     1   202 0.99 -
d2aeea1c.61.1.1      -            208 d1fsga_c.61.1.1.aln  -            204   2.3e-47  156.3   0.0   1   1   4.6e-49   2.6e-47  156.2   0.0     2   204     5   208     4   208 0.99 -
d1wd5a_c.61.1.1      -            208 d1fsga_c.61.1.1.aln  -            204   4.2e-45  149.0   0.9   1   1   8.1e-47   4.6e-45  148.8   0.9     4   198    11   207     8   208 0.97 -
d1y0ba1c.61.1.1      -            191 d1fsga_c.61.1.1.aln  -            204   1.7e-44  147.0   0.1   1   1   3.3e-46   1.9e-44  146.8   0.1     1   187     1   191     1   191 0.99 -
d1a3ca_c.61.1.1      -            178 d1fsga_c.61.1.1.aln  -            204   4.7e-37  122.7   3.4   1   1   9.2e-39   5.2e-37  122.6   3.4    18   195     2   178     1   178 0.97 -
d1vdma1c.61.1.1      -            153 d1fsga_c.61.1.1.aln  -            204   5.3e-36  119.3   0.7   1   1     1e-37   5.9e-36  119.1   0.7    17   187     1   152     1   153 0.98 -
d1nula_c.61.1.1      -            150 d1fsga_c.61.1.1.aln  -            204   1.8e-33  111.0   0.0   1   1   3.7e-35   2.1e-33  110.8   0.0    18   187     1   145     1   149 0.97 -
d1vcha1c.61.1.1      -            174 d1fsga_c.61.1.1.aln  -            204     1e-30  102.0   0.1   1   1     2e-32   1.1e-30  101.8   0.1    18   188     1   172     1   174 0.98 -
d1fsga_c.61.1.1      -            233 d1fsga_c.61.1.1.aln  -            204   1.9e-07   26.0   0.0   1   1   4.8e-09   2.7e-07   25.5   0.0   108   190   137   219   116   227 0.89 -
#
# Program:         hmmsearch
# Version:         3.1b2 (February 2015)
# Pipeline mode:   SEARCH
# Query file:      hmmModels30/d1fsga_c.61.1.1.hmm
# Target file:     scop/scopTestSeq.fasta
# Option settings: hmmsearch --domtblout hmmModels30/d1fsga_c.61.1.1.out -E 1 hmmModels30/d1fsga_c.61.1.1.hmm scop/scopTestSeq.fasta 
# Current dir:     /home/anastasia/SBAS/TME8
# Date:            Sat Apr  8 15:33:44 2023
# [ok]
