#                                                                            --- full sequence --- -------------- this domain -------------   hmm coord   ali coord   env coord
# target name        accession   tlen query name           accession   qlen   E-value  score  bias   #  of  c-Evalue  i-Evalue  score  bias  from    to  from    to  from    to  acc description of target
#------------------- ---------- ----- -------------------- ---------- ----- --------- ------ ----- --- --- --------- --------- ------ ----- ----- ----- ----- ----- ----- ----- ---- ---------------------
d1q33a_d.113.1.1     -            292 d1g0sa_d.113.1.1.aln -            176   5.5e-93  304.8   0.2   1   1   1.4e-94     7e-93  304.5   0.2     1   176    96   285    96   285 1.00 -
d1vhza_d.113.1.1     -            186 d1g0sa_d.113.1.1.aln -            176   2.8e-44  146.2   0.0   1   1   6.4e-46   3.2e-44  146.0   0.0     2   164    23   185    22   186 0.99 -
d3o69a_d.113.1.1     -            190 d1g0sa_d.113.1.1.aln -            176   2.6e-43  143.0   0.0   1   1   5.9e-45   2.9e-43  142.9   0.0     1   165    23   189    23   190 0.99 -
d1nqza_d.113.1.1     -            187 d1g0sa_d.113.1.1.aln -            176   8.8e-41  134.8   0.0   1   1     2e-42   9.8e-41  134.6   0.0     2   175    10   178     9   179 0.99 -
d2b06a1d.113.1.1     -            155 d1g0sa_d.113.1.1.aln -            176   4.7e-37  122.6   0.0   1   1     1e-38   5.1e-37  122.5   0.0    19   175     3   153     1   154 0.98 -
d3zr0a_d.113.1.1     -            154 d1g0sa_d.113.1.1.aln -            176   1.1e-36  121.5   0.0   1   1   2.4e-38   1.2e-36  121.3   0.0    23   175     2   146     1   147 0.97 -
d1v8ya_d.113.1.1     -            158 d1g0sa_d.113.1.1.aln -            176   2.8e-36  120.1   0.1   1   1   6.1e-38     3e-36  120.0   0.1     2   164     2   157     1   158 0.98 -
d1jkna_d.113.1.1     -            165 d1g0sa_d.113.1.1.aln -            176   2.9e-36  120.1   0.0   1   1   6.4e-38   3.2e-36  119.9   0.0    13   173     1   160     1   163 0.98 -
d1sjya_d.113.1.1     -            158 d1g0sa_d.113.1.1.aln -            176   2.1e-34  114.0   0.0   1   1     5e-36   2.4e-34  113.8   0.0    13   165     2   153     1   157 0.97 -
d1k2ea_d.113.1.1     -            152 d1g0sa_d.113.1.1.aln -            176   1.1e-33  111.6   0.1   1   1   2.5e-35   1.2e-33  111.5   0.1    27   174     4   152     1   152 0.96 -
d1ktga_d.113.1.1     -            137 d1g0sa_d.113.1.1.aln -            176   6.7e-31  102.6   0.1   1   1   1.5e-32   7.2e-31  102.5   0.1    24   158     3   134     1   137 0.97 -
d3a6sa_d.113.1.1     -            129 d1g0sa_d.113.1.1.aln -            176   7.3e-31  102.5   0.3   1   1   1.6e-32   7.8e-31  102.4   0.3    22   155     1   127     1   129 0.96 -
d2b0va1d.113.1.1     -            146 d1g0sa_d.113.1.1.aln -            176   1.1e-30  101.9   0.0   1   1   2.4e-32   1.2e-30  101.8   0.0    24   174     3   144     1   146 0.94 -
d2fvva1d.113.1.1     -            135 d1g0sa_d.113.1.1.aln -            176   9.1e-28   92.4   0.2   1   1     2e-29   9.7e-28   92.3   0.2    14   151     1   131     1   135 0.96 -
d2azwa1d.113.1.1     -            147 d1g0sa_d.113.1.1.aln -            176     1e-27   92.2   0.1   1   1   2.2e-29   1.1e-27   92.1   0.1    15   159     2   145     1   147 0.97 -
d1g0sa_d.113.1.1     -            209 d1g0sa_d.113.1.1.aln -            176   2.5e-10   35.6   0.6   1   1   6.8e-12   3.3e-10   35.2   0.6    36   156    71   194    68   207 0.76 -
#
# Program:         hmmsearch
# Version:         3.1b2 (February 2015)
# Pipeline mode:   SEARCH
# Query file:      hmmModels30/d1g0sa_d.113.1.1.hmm
# Target file:     scop/scopTestSeq.fasta
# Option settings: hmmsearch --domtblout hmmModels30/d1g0sa_d.113.1.1.out -E 1 hmmModels30/d1g0sa_d.113.1.1.hmm scop/scopTestSeq.fasta 
# Current dir:     /home/anastasia/SBAS/TME8
# Date:            Sat Apr  8 15:33:44 2023
# [ok]
