#                                                                            --- full sequence --- -------------- this domain -------------   hmm coord   ali coord   env coord
# target name        accession   tlen query name           accession   qlen   E-value  score  bias   #  of  c-Evalue  i-Evalue  score  bias  from    to  from    to  from    to  acc description of target
#------------------- ---------- ----- -------------------- ---------- ----- --------- ------ ----- --- --- --------- --------- ------ ----- ----- ----- ----- ----- ----- ----- ---- ---------------------
d1svma_c.37.1.20     -            362 d1g41a_c.37.1.20.aln -            272  1.3e-104  344.6   0.1   1   1  4.9e-106  1.5e-104  344.4   0.1     1   272     1   295     1   295 1.00 -
d1um8a_c.37.1.20     -            364 d1g41a_c.37.1.20.aln -            272   1.7e-95  314.7   1.9   1   1   6.7e-97   2.1e-95  314.4   1.9     1   272    13   311    13   311 1.00 -
d1g8pa_c.37.1.20     -            333 d1g41a_c.37.1.20.aln -            272   2.1e-67  222.6   0.0   1   1   7.9e-69   2.5e-67  222.4   0.0     1   272     3   281     3   281 1.00 -
d1r6bx3c.37.1.20     -            315 d1g41a_c.37.1.20.aln -            272     2e-64  212.9   0.1   1   1   7.2e-66   2.3e-64  212.7   0.1     1   272     5   281     5   281 1.00 -
d1w5sa2c.37.1.20     -            287 d1g41a_c.37.1.20.aln -            272   6.1e-53  175.2   0.0   1   1   2.2e-54   6.8e-53  175.0   0.0     2   272     3   276     2   276 0.99 -
d1njfa_c.37.1.20     -            239 d1g41a_c.37.1.20.aln -            272     2e-52  173.5   0.0   1   1   7.1e-54   2.2e-52  173.3   0.0     8   240     2   224     1   237 0.98 -
d1sxja2c.37.1.20     -            253 d1g41a_c.37.1.20.aln -            272   9.6e-52  171.3   0.0   1   1   3.4e-53   1.1e-51  171.1   0.0     5   258     1   252     1   253 0.99 -
d1iqpa2c.37.1.20     -            231 d1g41a_c.37.1.20.aln -            272   1.4e-49  164.2   0.1   1   1   5.9e-51   1.9e-49  163.8   0.1     1   252     7   230     7   231 0.98 -
d2a5yb3c.37.1.20     -            277 d1g41a_c.37.1.20.aln -            272   5.5e-49  162.2   0.0   1   1     2e-50   6.2e-49  162.0   0.0     2   271     5   269     4   270 0.99 -
d1fnna2c.37.1.20     -            276 d1g41a_c.37.1.20.aln -            272   1.7e-48  160.6   0.0   1   1     6e-50   1.9e-48  160.5   0.0     2   271     3   273     2   274 0.99 -
d2fnaa2c.37.1.20     -            283 d1g41a_c.37.1.20.aln -            272   3.2e-47  156.4   2.7   1   1   1.1e-48   3.5e-47  156.3   2.7     2   264     6   282     5   283 0.99 -
d1u0ja_c.37.1.20     -            267 d1g41a_c.37.1.20.aln -            272   2.2e-46  153.7   0.0   1   1   7.7e-48   2.4e-46  153.5   0.0     5   271     2   266     1   267 0.99 -
d1in4a2c.37.1.20     -            238 d1g41a_c.37.1.20.aln -            272   1.9e-45  150.6   0.3   1   1   6.7e-47   2.1e-45  150.4   0.3    10   264     1   238     1   238 0.99 -
d1lv7a_c.37.1.20     -            256 d1g41a_c.37.1.20.aln -            272   9.6e-45  148.3   0.0   1   1   3.4e-46   1.1e-44  148.1   0.0     7   262     1   254     1   256 0.99 -
d1d2na_c.37.1.20     -            246 d1g41a_c.37.1.20.aln -            272   1.6e-43  144.3   0.1   1   1   5.9e-45   1.9e-43  144.1   0.1     4   253     2   238     1   245 0.97 -
d1ny5a2c.37.1.20     -            247 d1g41a_c.37.1.20.aln -            272   2.9e-31  104.1   0.3   1   1     1e-32   3.2e-31  104.0   0.3     5   262     1   247     1   247 0.99 -
d1a5ta2c.37.1.20     -            207 d1g41a_c.37.1.20.aln -            272   3.9e-30  100.4   0.0   1   1   1.3e-31   4.1e-30  100.3   0.0     8   234     3   206     1   207 0.95 -
d1l8qa2c.37.1.20     -            213 d1g41a_c.37.1.20.aln -            272   3.8e-29   97.1   2.8   1   1   1.4e-30   4.3e-29   97.0   2.8     8   247     3   213     1   213 0.98 -
d1tuea_c.37.1.20     -            205 d1g41a_c.37.1.20.aln -            272   6.9e-27   89.7   0.0   1   1   3.6e-28   1.1e-26   89.0   0.0    19   258     5   203     2   205 0.97 -
d2gnoa2c.37.1.20     -            198 d1g41a_c.37.1.20.aln -            272   1.2e-24   82.3   0.4   1   1   7.7e-26   2.4e-24   81.4   0.4    14   245     3   195     1   198 0.97 -
d2p65a_c.37.1.20     -            185 d1g41a_c.37.1.20.aln -            272   1.1e-20   69.4   0.2   1   1     4e-22   1.3e-20   69.2   0.2    42   251     2   184     1   185 0.97 -
d1jqlb_c.37.1.20     -            140 d1g41a_c.37.1.20.aln -            272   2.1e-17   58.7   0.0   1   1     7e-19   2.2e-17   58.6   0.0   107   242     2   137     1   140 0.97 -
d1qzma_c.37.1.20     -             94 d1g41a_c.37.1.20.aln -            272   2.5e-10   35.4   0.2   1   1   9.3e-12   2.9e-10   35.2   0.2   130   217     6    93     3    94 0.95 -
d1g41a_c.37.1.20     -            443 d1g41a_c.37.1.20.aln -            272   2.3e-06   22.4   0.0   1   1   1.5e-07   4.7e-06   21.4   0.0     7    72    16    76    12   105 0.72 -
d1y63a_c.37.1.1      -            174 d1g41a_c.37.1.20.aln -            272    0.0011   13.7   0.0   1   1   8.1e-05    0.0026   12.4   0.0    47    70     7    30     7    37 0.95 -
#
# Program:         hmmsearch
# Version:         3.1b2 (February 2015)
# Pipeline mode:   SEARCH
# Query file:      hmmModels30/d1g41a_c.37.1.20.hmm
# Target file:     scop/scopTestSeq.fasta
# Option settings: hmmsearch --domtblout hmmModels30/d1g41a_c.37.1.20.out -E 1 hmmModels30/d1g41a_c.37.1.20.hmm scop/scopTestSeq.fasta 
# Current dir:     /home/anastasia/SBAS/TME8
# Date:            Sat Apr  8 15:33:44 2023
# [ok]
