#                                                                            --- full sequence --- -------------- this domain -------------   hmm coord   ali coord   env coord
# target name        accession   tlen query name           accession   qlen   E-value  score  bias   #  of  c-Evalue  i-Evalue  score  bias  from    to  from    to  from    to  acc description of target
#------------------- ---------- ----- -------------------- ---------- ----- --------- ------ ----- --- --- --------- --------- ------ ----- ----- ----- ----- ----- ----- ----- ---- ---------------------
d1atia2d.104.1.1     -            394 d1g5ha2d.104.1.1.aln -            326  2.4e-138  456.1   6.1   1   1  4.8e-140  2.7e-138  456.0   6.1     1   326    17   355    17   355 1.00 -
d1b8aa2d.104.1.1     -            335 d1g5ha2d.104.1.1.aln -            326   2.4e-92  304.9   6.4   1   1   4.8e-94   2.7e-92  304.8   6.4     3   320     7   334     5   335 0.99 -
d1wu7a2d.104.1.1     -            327 d1g5ha2d.104.1.1.aln -            326   2.1e-84  278.9   0.3   1   1   4.1e-86   2.3e-84  278.7   0.3     2   326     6   322     5   322 0.99 -
d12asa_d.104.1.1     -            327 d1g5ha2d.104.1.1.aln -            326   1.1e-79  263.3   0.0   1   1   2.3e-81   1.3e-79  263.1   0.0     5   324     2   325     1   327 0.99 -
d1z7ma1d.104.1.1     -            318 d1g5ha2d.104.1.1.aln -            326   3.8e-76  251.7   0.1   1   1   7.6e-78   4.3e-76  251.5   0.1     2   326     3   316     2   316 0.99 -
d1h4vb2d.104.1.1     -            324 d1g5ha2d.104.1.1.aln -            326   5.3e-74  244.7   6.5   1   1     1e-75   5.9e-74  244.5   6.5     2   326     4   318     3   318 0.99 -
d1qf6a4d.104.1.1     -            291 d1g5ha2d.104.1.1.aln -            326   6.8e-68  224.6   0.2   1   1   1.3e-69   7.5e-68  224.4   0.2     2   322     2   290     1   291 0.99 -
d1nnha_d.104.1.1     -            293 d1g5ha2d.104.1.1.aln -            326   1.9e-67  223.2   2.5   1   1   3.6e-69     2e-67  223.0   2.5     2   321     2   292     1   293 0.99 -
d1seta2d.104.1.1     -            311 d1g5ha2d.104.1.1.aln -            326   3.6e-64  212.3   2.6   1   1   7.2e-66   4.1e-64  212.2   2.6     3   326     3   307     1   307 0.99 -
d1j5wa_d.104.1.1     -            281 d1g5ha2d.104.1.1.aln -            326   2.9e-60  199.5   1.3   1   1   5.7e-62   3.2e-60  199.4   1.3     1   318     1   281     1   281 0.99 -
d1hc7a2d.104.1.1     -            272 d1g5ha2d.104.1.1.aln -            326   1.3e-55  184.3   2.9   1   1   2.5e-57   1.4e-55  184.1   2.9     5   318     2   271     1   272 0.98 -
d1usya_d.104.1.1     -            275 d1g5ha2d.104.1.1.aln -            326   6.4e-54  178.7   0.0   1   1   1.3e-55   7.1e-54  178.5   0.0    15   318     3   275     1   275 0.98 -
d1yfsa2d.104.1.1     -            236 d1g5ha2d.104.1.1.aln -            326   1.5e-44  147.9   0.1   1   1   2.9e-46   1.7e-44  147.7   0.1    16   306     3   235     1   236 0.98 -
d1jjcb5d.104.1.1     -            207 d1g5ha2d.104.1.1.aln -            326   7.8e-32  106.1   1.3   1   1   1.5e-33   8.6e-32  105.9   1.3     2   265     2   206     1   207 0.98 -
#
# Program:         hmmsearch
# Version:         3.1b2 (February 2015)
# Pipeline mode:   SEARCH
# Query file:      hmmModels30/d1g5ha2d.104.1.1.hmm
# Target file:     scop/scopTestSeq.fasta
# Option settings: hmmsearch --domtblout hmmModels30/d1g5ha2d.104.1.1.out -E 1 hmmModels30/d1g5ha2d.104.1.1.hmm scop/scopTestSeq.fasta 
# Current dir:     /home/anastasia/SBAS/TME8
# Date:            Sat Apr  8 15:33:44 2023
# [ok]
