#                                                                            --- full sequence --- -------------- this domain -------------   hmm coord   ali coord   env coord
# target name        accession   tlen query name           accession   qlen   E-value  score  bias   #  of  c-Evalue  i-Evalue  score  bias  from    to  from    to  from    to  acc description of target
#------------------- ---------- ----- -------------------- ---------- ----- --------- ------ ----- --- --- --------- --------- ------ ----- ----- ----- ----- ----- ----- ----- ---- ---------------------
d2fhfa4b.71.1.1      -            118 d1g5aa1b.71.1.1.aln  -             90     9e-35  114.7   0.4   1   1   2.9e-36   1.1e-34  114.4   0.4     1    90    19   108    19   108 0.98 -
d1bf2a2b.71.1.1      -            113 d1g5aa1b.71.1.1.aln  -             90   3.3e-28   93.6   6.4   1   1   9.9e-30   3.7e-28   93.5   6.4     1    90     4    99     4    99 0.98 -
d1szna1b.71.1.1      -            103 d1g5aa1b.71.1.1.aln  -             90     3e-27   90.5   0.1   1   1   9.3e-29   3.5e-27   90.4   0.1     2    90    14   101    13   101 0.98 -
d1uasa1b.71.1.1      -             89 d1g5aa1b.71.1.1.aln  -             90   1.1e-22   76.0   1.5   1   1   3.3e-24   1.2e-22   75.8   1.5     8    87     9    88     5    89 0.97 -
d1m7xa2b.71.1.1      -            106 d1g5aa1b.71.1.1.aln  -             90   1.6e-22   75.5   0.0   1   1   4.6e-24   1.7e-22   75.3   0.0     2    89     5    98     4    99 0.97 -
d2guya1b.71.1.1      -             95 d1g5aa1b.71.1.1.aln  -             90     1e-17   60.0   0.2   1   1   3.1e-19   1.2e-17   59.8   0.2     3    90     2    95     1    95 0.98 -
d1e43a1b.71.1.1      -             90 d1g5aa1b.71.1.1.aln  -             90   7.5e-17   57.2   0.9   1   1   2.2e-18   8.2e-17   57.1   0.9     2    85     6    89     5    90 0.98 -
d1ji1a2b.71.1.1      -             83 d1g5aa1b.71.1.1.aln  -             90   2.1e-16   55.8   2.6   1   1     6e-18   2.3e-16   55.7   2.6     2    85     2    83     1    83 0.97 -
d1h3ga2b.71.1.1      -             83 d1g5aa1b.71.1.1.aln  -             90     3e-15   52.1   0.0   1   1   8.4e-17   3.2e-15   52.0   0.0     4    87     2    80     1    83 0.95 -
d1ea9c2b.71.1.1      -             80 d1g5aa1b.71.1.1.aln  -             90   3.7e-14   48.6   0.0   1   1     1e-15   3.9e-14   48.5   0.0     2    85     2    77     1    80 0.95 -
d3bmva3b.71.1.1      -             89 d1g5aa1b.71.1.1.aln  -             90     5e-13   45.0   3.1   1   1   1.4e-14   5.3e-13   44.9   3.1     3    89     2    88     1    89 0.97 -
d1j0ha2b.71.1.1      -             83 d1g5aa1b.71.1.1.aln  -             90   1.9e-12   43.1   0.0   1   1   5.5e-14   2.1e-12   43.0   0.0     4    88     5    83     2    83 0.96 -
d1wzaa1b.71.1.1      -             79 d1g5aa1b.71.1.1.aln  -             90   6.6e-12   41.4   0.0   1   1   1.9e-13   7.2e-12   41.3   0.0     3    87     2    78     1    79 0.96 -
d1gjwa1b.71.1.1      -             64 d1g5aa1b.71.1.1.aln  -             90   1.5e-10   37.0   0.0   1   1   4.2e-12   1.6e-10   37.0   0.0     6    76     3    62     1    64 0.95 -
d1mxga1b.71.1.1      -             74 d1g5aa1b.71.1.1.aln  -             90   8.8e-10   34.6   0.5   1   1   2.7e-11     1e-09   34.4   0.5     2    88     2    73     1    74 0.94 -
d1ua7a1b.71.1.1      -             78 d1g5aa1b.71.1.1.aln  -             90   2.9e-09   32.9   0.2   1   1   8.4e-11   3.2e-09   32.8   0.2     2    85     1    77     1    78 0.94 -
d1r7aa1b.71.1.1      -             70 d1g5aa1b.71.1.1.aln  -             90   1.7e-08   30.5   0.1   1   1     5e-10   1.9e-08   30.3   0.1     2    87     4    67     3    70 0.89 -
d2bhua2b.71.1.1      -             72 d1g5aa1b.71.1.1.aln  -             90   1.4e-05   21.1   0.0   1   1   3.8e-07   1.4e-05   21.1   0.0     2    49     1    48     1    72 0.79 -
d1ht6a1b.71.1.1      -             57 d1g5aa1b.71.1.1.aln  -             90   3.3e-05   19.9   0.1   1   1   9.2e-07   3.5e-05   19.9   0.1    20    87     3    57     1    57 0.94 -
d1lwha1b.71.1.1      -             50 d1g5aa1b.71.1.1.aln  -             90   5.6e-05   19.2   0.0   1   1   1.7e-06   6.4e-05   19.0   0.0     3    37     2    36     1    50 0.92 -
d1gcya1b.71.1.1      -             61 d1g5aa1b.71.1.1.aln  -             90   0.00018   17.6   0.4   1   1   3.1e-05    0.0012   14.9   0.4     8    86     8    60     2    61 0.82 -
#
# Program:         hmmsearch
# Version:         3.1b2 (February 2015)
# Pipeline mode:   SEARCH
# Query file:      hmmModels30/d1g5aa1b.71.1.1.hmm
# Target file:     scop/scopTestSeq.fasta
# Option settings: hmmsearch --domtblout hmmModels30/d1g5aa1b.71.1.1.out -E 1 hmmModels30/d1g5aa1b.71.1.1.hmm scop/scopTestSeq.fasta 
# Current dir:     /home/anastasia/SBAS/TME8
# Date:            Sat Apr  8 15:33:44 2023
# [ok]
