#                                                                            --- full sequence --- -------------- this domain -------------   hmm coord   ali coord   env coord
# target name        accession   tlen query name           accession   qlen   E-value  score  bias   #  of  c-Evalue  i-Evalue  score  bias  from    to  from    to  from    to  acc description of target
#------------------- ---------- ----- -------------------- ---------- ----- --------- ------ ----- --- --- --------- --------- ------ ----- ----- ----- ----- ----- ----- ----- ---- ---------------------
d1g41a_c.37.1.20     -            443 d1g8pa_c.37.1.20.aln -            269  1.8e-130  429.7   4.3   1   1    6e-132  2.1e-130  429.5   4.3     1   269     1   437     1   437 1.00 -
d1um8a_c.37.1.20     -            364 d1g8pa_c.37.1.20.aln -            269   5.1e-93  306.9   2.8   1   1   1.7e-94   5.9e-93  306.7   2.8     1   267     4   364     4   364 0.99 -
d1svma_c.37.1.20     -            362 d1g8pa_c.37.1.20.aln -            269   1.5e-86  285.7   0.0   1   1   5.1e-88   1.8e-86  285.5   0.0     2   268    13   354    12   355 1.00 -
d1r6bx3c.37.1.20     -            315 d1g8pa_c.37.1.20.aln -            269   5.9e-63  208.3   0.1   1   1   1.9e-64   6.6e-63  208.2   0.1     5   268     1   314     1   315 0.99 -
d1sxja2c.37.1.20     -            253 d1g8pa_c.37.1.20.aln -            269   1.2e-40  135.2   0.0   1   1   3.8e-42   1.3e-40  135.0   0.0     3   267     3   252     1   253 0.98 -
d2fnaa2c.37.1.20     -            283 d1g8pa_c.37.1.20.aln -            269   2.2e-38  127.8   1.7   1   1     7e-40   2.4e-38  127.6   1.7     2   266     7   282     6   283 0.99 -
d2a5yb3c.37.1.20     -            277 d1g8pa_c.37.1.20.aln -            269     3e-38  127.3   0.0   1   1   9.8e-40   3.4e-38  127.1   0.0     3   268     3   274     1   275 0.98 -
d1u0ja_c.37.1.20     -            267 d1g8pa_c.37.1.20.aln -            269   4.9e-38  126.6   0.0   1   1   1.6e-39   5.4e-38  126.5   0.0     2   268     3   265     2   266 0.98 -
d1lv7a_c.37.1.20     -            256 d1g8pa_c.37.1.20.aln -            269   6.2e-37  123.0   0.0   1   1     2e-38   6.9e-37  122.8   0.0     3   267     1   253     1   255 0.98 -
d1in4a2c.37.1.20     -            238 d1g8pa_c.37.1.20.aln -            269   1.5e-36  121.7   1.5   1   1   4.8e-38   1.7e-36  121.6   1.5     7   254     2   238     1   238 0.98 -
d1fnna2c.37.1.20     -            276 d1g8pa_c.37.1.20.aln -            269   1.5e-35  118.5   0.0   1   1   4.7e-37   1.6e-35  118.4   0.0     3   268     4   272     2   273 0.98 -
d1iqpa2c.37.1.20     -            231 d1g8pa_c.37.1.20.aln -            269   1.8e-35  118.2   0.3   1   1   5.8e-37     2e-35  118.1   0.3     4   261     3   230     1   231 0.97 -
d1d2na_c.37.1.20     -            246 d1g8pa_c.37.1.20.aln -            269   2.7e-35  117.6   0.0   1   1   9.6e-37   3.3e-35  117.3   0.0     6   263     1   239     1   243 0.98 -
d1njfa_c.37.1.20     -            239 d1g8pa_c.37.1.20.aln -            269   2.8e-35  117.6   0.0   1   1   9.4e-37   3.2e-35  117.4   0.0     5   252     3   227     1   238 0.96 -
d1w5sa2c.37.1.20     -            287 d1g8pa_c.37.1.20.aln -            269     3e-35  117.5   0.0   1   1   9.8e-37   3.4e-35  117.3   0.0     2   268     3   286     2   287 0.98 -
d1l8qa2c.37.1.20     -            213 d1g8pa_c.37.1.20.aln -            269   2.2e-24   81.9   1.3   1   1   7.5e-26   2.6e-24   81.6   1.3     5   252     4   207     1   212 0.96 -
d1tuea_c.37.1.20     -            205 d1g8pa_c.37.1.20.aln -            269     6e-22   73.9   0.0   1   1   1.3e-22   4.4e-21   71.0   0.0     1   249     5   202     5   205 0.96 -
d1ny5a2c.37.1.20     -            247 d1g8pa_c.37.1.20.aln -            269   1.7e-21   72.4   0.2   1   1   5.3e-23   1.8e-21   72.3   0.2     5   258     5   245     1   247 0.96 -
d1a5ta2c.37.1.20     -            207 d1g8pa_c.37.1.20.aln -            269   1.2e-18   63.0   0.0   1   1   4.2e-20   1.4e-18   62.8   0.0    13   244     1   191     1   203 0.95 -
d2p65a_c.37.1.20     -            185 d1g8pa_c.37.1.20.aln -            269     3e-15   51.9   0.5   1   1   5.5e-16   1.9e-14   49.3   0.5    11   243     5   179     2   184 0.92 -
d2gnoa2c.37.1.20     -            198 d1g8pa_c.37.1.20.aln -            269   2.2e-11   39.2   0.1   1   1   7.3e-13   2.5e-11   39.0   0.1     9   250     2   195     1   198 0.96 -
d1jqlb_c.37.1.20     -            140 d1g8pa_c.37.1.20.aln -            269   1.2e-08   30.2   0.0   1   1   4.3e-10   1.5e-08   29.9   0.0   115   246    35   139    24   140 0.96 -
d1y63a_c.37.1.1      -            174 d1g8pa_c.37.1.20.aln -            269   0.00039   15.4   0.1   1   1   2.6e-05   0.00091   14.2   0.1    50    73     7    30     4    33 0.95 -
#
# Program:         hmmsearch
# Version:         3.1b2 (February 2015)
# Pipeline mode:   SEARCH
# Query file:      hmmModels30/d1g8pa_c.37.1.20.hmm
# Target file:     scop/scopTestSeq.fasta
# Option settings: hmmsearch --domtblout hmmModels30/d1g8pa_c.37.1.20.out -E 1 hmmModels30/d1g8pa_c.37.1.20.hmm scop/scopTestSeq.fasta 
# Current dir:     /home/anastasia/SBAS/TME8
# Date:            Sat Apr  8 15:33:44 2023
# [ok]
