#                                                                            --- full sequence --- -------------- this domain -------------   hmm coord   ali coord   env coord
# target name        accession   tlen query name           accession   qlen   E-value  score  bias   #  of  c-Evalue  i-Evalue  score  bias  from    to  from    to  from    to  acc description of target
#------------------- ---------- ----- -------------------- ---------- ----- --------- ------ ----- --- --- --------- --------- ------ ----- ----- ----- ----- ----- ----- ----- ---- ---------------------
d1p0ha_d.108.1.1     -            308 d1ghea_d.108.1.1.aln -            181   2.1e-74  244.5   0.0   1   2   3.8e-75   7.7e-74  242.7   0.0     1   181     1   196     1   196 1.00 -
d1p0ha_d.108.1.1     -            308 d1ghea_d.108.1.1.aln -            181   2.1e-74  244.5   0.0   2   2       2.3        46   -1.0   0.0   134   154   280   298   275   299 0.86 -
d2p0wa_d.108.1.1     -            319 d1ghea_d.108.1.1.aln -            181   1.8e-66  218.7   0.3   1   1   1.1e-67   2.3e-66  218.3   0.3     1   181    31   239    31   239 1.00 -
d1boba_d.108.1.1     -            315 d1ghea_d.108.1.1.aln -            181   3.5e-65  214.5   0.1   1   1   2.2e-66   4.4e-65  214.1   0.1     1   181    37   235    37   235 0.99 -
d2pq8a_d.108.1.1     -            271 d1ghea_d.108.1.1.aln -            181   4.3e-45  149.0   0.0   1   1   2.6e-46   5.3e-45  148.7   0.0     1   181    28   228    28   228 0.99 -
d1u6ma_d.108.1.1     -            189 d1ghea_d.108.1.1.aln -            181   1.9e-26   88.3   0.1   1   1     1e-27   2.1e-26   88.1   0.1     4   172    22   187    19   189 0.98 -
d2euia1d.108.1.1     -            153 d1ghea_d.108.1.1.aln -            181   4.9e-20   67.3   0.1   1   1   2.7e-21   5.4e-20   67.2   0.1    28   162    16   144     1   149 0.93 -
d1n71a_d.108.1.1     -            180 d1ghea_d.108.1.1.aln -            181   1.1e-18   63.0   0.0   1   1   6.3e-20   1.3e-18   62.8   0.0     5   167     2   166     1   175 0.96 -
d1z4ea1d.108.1.1     -            150 d1ghea_d.108.1.1.aln -            181   3.3e-18   61.4   0.1   1   1   1.9e-19   3.8e-18   61.2   0.1    11   159     6   145     1   148 0.95 -
d1ufha_d.108.1.1     -            155 d1ghea_d.108.1.1.aln -            181   3.1e-16   55.0   0.3   1   1   1.7e-17   3.4e-16   54.8   0.3    13   160     8   151     2   155 0.94 -
d1vkca_d.108.1.1     -            149 d1ghea_d.108.1.1.aln -            181   6.3e-16   54.0   1.3   1   1   3.9e-17   7.9e-16   53.7   1.3    27   156    20   141    10   147 0.93 -
d1i12a_d.108.1.1     -            157 d1ghea_d.108.1.1.aln -            181   2.9e-15   51.8   0.0   1   1   1.8e-16   3.6e-15   51.5   0.0     8   160     6   153     3   156 0.97 -
d1qsma_d.108.1.1     -            150 d1ghea_d.108.1.1.aln -            181   3.5e-15   51.6   0.1   1   1   1.8e-16   3.6e-15   51.5   0.1    18   162     8   147     1   150 0.92 -
d1tiqa_d.108.1.1     -            173 d1ghea_d.108.1.1.aln -            181     9e-15   50.2   0.0   1   1   4.7e-16   9.5e-15   50.1   0.0    22   177    17   170     1   172 0.86 -
d2fcka1d.108.1.1     -            178 d1ghea_d.108.1.1.aln -            181   1.5e-14   49.5   0.1   1   1   9.1e-16   1.8e-14   49.2   0.1    15   168    17   167     6   177 0.93 -
d1yk3a1d.108.1.1     -            198 d1ghea_d.108.1.1.aln -            181   3.9e-14   48.1   0.0   1   1   2.1e-15   4.2e-14   48.0   0.0     9   180     5   194     1   195 0.98 -
d2g3aa1d.108.1.1     -            137 d1ghea_d.108.1.1.aln -            181   5.3e-14   47.7   0.0   1   1     3e-15     6e-14   47.5   0.0    91   175    58   137    32   137 0.94 -
d2cy2a1d.108.1.1     -            174 d1ghea_d.108.1.1.aln -            181   5.6e-14   47.6   1.4   1   1   3.3e-15   6.6e-14   47.4   1.4    15   173    13   165     2   171 0.93 -
d2fl4a1d.108.1.1     -            146 d1ghea_d.108.1.1.aln -            181   1.4e-13   46.3   0.1   1   1   8.4e-15   1.7e-13   46.0   0.1    40   159    16   133     7   143 0.94 -
d1nsla_d.108.1.1     -            180 d1ghea_d.108.1.1.aln -            181   3.6e-13   45.0   0.0   1   1   1.9e-14   3.9e-13   44.9   0.0     5   166     6   164     2   177 0.93 -
d1wwza1d.108.1.1     -            157 d1ghea_d.108.1.1.aln -            181   5.1e-13   44.5   0.7   1   1   3.1e-14   6.2e-13   44.2   0.7    20   165    14   153     4   156 0.94 -
d2b5ga_d.108.1.1     -            168 d1ghea_d.108.1.1.aln -            181   5.4e-13   44.4   0.1   1   1     3e-14     6e-13   44.3   0.1    12   153     5   156     1   166 0.92 -
d1bo4a_d.108.1.1     -            137 d1ghea_d.108.1.1.aln -            181   2.5e-12   42.3   0.0   1   1   1.2e-13   2.5e-12   42.3   0.0    66   152    55   137     2   137 0.88 -
d1cjwa_d.108.1.1     -            166 d1ghea_d.108.1.1.aln -            181   6.9e-12   40.8   0.0   1   1   3.5e-13   7.1e-12   40.8   0.0    18   174    13   165     1   166 0.93 -
d2ae6a1d.108.1.1     -            161 d1ghea_d.108.1.1.aln -            181   8.2e-12   40.6   0.0   1   1   4.1e-13   8.2e-12   40.6   0.0    26   177    13   159     1   161 0.75 -
d1xeba_d.108.1.1     -            149 d1ghea_d.108.1.1.aln -            181   6.3e-11   37.7   0.3   1   1   3.6e-12   7.3e-11   37.5   0.3    20   169     2   145     1   148 0.87 -
d2jdca1d.108.1.1     -            145 d1ghea_d.108.1.1.aln -            181   1.1e-10   36.9   0.1   1   1   6.4e-12   1.3e-10   36.7   0.1    33   161     8   130     2   143 0.93 -
d2gana1d.108.1.1     -            182 d1ghea_d.108.1.1.aln -            181   1.9e-10   36.1   0.4   1   1     1e-11   2.1e-10   36.0   0.4     6   171     3   180     1   182 0.97 -
d1yx0a1d.108.1.1     -            151 d1ghea_d.108.1.1.aln -            181   2.6e-09   32.4   0.0   1   1   1.8e-10   3.6e-09   32.0   0.0   101   172    84   148     4   151 0.76 -
d2fiwa1d.108.1.1     -            156 d1ghea_d.108.1.1.aln -            181   2.8e-09   32.3   0.0   1   1   1.4e-10   2.9e-09   32.3   0.0    15   165     2   144     1   156 0.91 -
d1mk4a_d.108.1.1     -            157 d1ghea_d.108.1.1.aln -            181   2.6e-08   29.1   0.0   1   1   1.3e-09   2.7e-08   29.1   0.0    15   145     8   137     1   156 0.88 -
d1m4ia_d.108.1.1     -            181 d1ghea_d.108.1.1.aln -            181   4.6e-08   28.4   0.0   1   1   2.4e-09   4.9e-08   28.3   0.0     6   179     9   181     4   181 0.92 -
d1q2ya_d.108.1.1     -            140 d1ghea_d.108.1.1.aln -            181   2.7e-07   25.9   0.1   1   1   1.5e-08     3e-07   25.7   0.1    24   138    15   129     6   136 0.94 -
d2fiaa1d.108.1.1     -            157 d1ghea_d.108.1.1.aln -            181   2.7e-07   25.8   0.2   1   1   1.4e-08   2.7e-07   25.8   0.2    57   172    38   151     2   157 0.86 -
d2atra1d.108.1.1     -            137 d1ghea_d.108.1.1.aln -            181   1.8e-06   23.1   0.0   1   2       2.4        48   -1.0   0.0     9    40     3    28     1    56 0.68 -
d2atra1d.108.1.1     -            137 d1ghea_d.108.1.1.aln -            181   1.8e-06   23.1   0.0   2   2   2.1e-07   4.3e-06   21.9   0.0    88   167    62   134    42   137 0.87 -
d1y9ka1d.108.1.1     -            152 d1ghea_d.108.1.1.aln -            181   2.4e-06   22.8   0.0   1   1   1.5e-07     3e-06   22.4   0.0    50   154    19   117    14   134 0.93 -
d2fsra1d.108.1.1     -            164 d1ghea_d.108.1.1.aln -            181   4.5e-06   21.9   0.0   1   1   2.4e-07   4.8e-06   21.8   0.0    11   153     6   144     1   159 0.90 -
d1y9wa1d.108.1.1     -            140 d1ghea_d.108.1.1.aln -            181   1.9e-05   19.9   0.4   1   1   1.1e-06   2.2e-05   19.6   0.4    17   151     7   139     2   140 0.94 -
d1y7ra1d.108.1.1     -            133 d1ghea_d.108.1.1.aln -            181   0.00031   15.9   0.0   1   1   1.7e-05   0.00034   15.7   0.0    27   157     3   123     1   133 0.90 -
d1z4ra1d.108.1.1     -            162 d1ghea_d.108.1.1.aln -            181    0.0041   12.2   0.0   1   1   0.00022    0.0045   12.1   0.0    10   166     2   158     1   162 0.96 -
#
# Program:         hmmsearch
# Version:         3.1b2 (February 2015)
# Pipeline mode:   SEARCH
# Query file:      hmmModels30/d1ghea_d.108.1.1.hmm
# Target file:     scop/scopTestSeq.fasta
# Option settings: hmmsearch --domtblout hmmModels30/d1ghea_d.108.1.1.out -E 1 hmmModels30/d1ghea_d.108.1.1.hmm scop/scopTestSeq.fasta 
# Current dir:     /home/anastasia/SBAS/TME8
# Date:            Sat Apr  8 15:33:44 2023
# [ok]
