#                                                                            --- full sequence --- -------------- this domain -------------   hmm coord   ali coord   env coord
# target name        accession   tlen query name           accession   qlen   E-value  score  bias   #  of  c-Evalue  i-Evalue  score  bias  from    to  from    to  from    to  acc description of target
#------------------- ---------- ----- -------------------- ---------- ----- --------- ------ ----- --- --- --------- --------- ------ ----- ----- ----- ----- ----- ----- ----- ---- ---------------------
d1m7xa2b.71.1.1      -            106 d1gjwa1b.71.1.1.aln  -             87   8.1e-33  108.0   0.0   1   1   2.5e-34   9.3e-33  107.8   0.0     1    86     3    88     3    89 0.99 -
d1bf2a2b.71.1.1      -            113 d1gjwa1b.71.1.1.aln  -             87   1.8e-26   87.6   4.4   1   1   6.3e-28   2.4e-26   87.3   4.4     1    87    18   106    18   106 0.98 -
d2fhfa4b.71.1.1      -            118 d1gjwa1b.71.1.1.aln  -             87   1.1e-25   85.1   0.2   1   1   3.5e-27   1.3e-25   84.9   0.2     1    87    19   107    19   107 0.98 -
d1szna1b.71.1.1      -            103 d1gjwa1b.71.1.1.aln  -             87   4.7e-20   67.1   0.2   1   1   1.4e-21   5.4e-20   66.9   0.2     1    84    12    93    12    96 0.97 -
d1ji1a2b.71.1.1      -             83 d1gjwa1b.71.1.1.aln  -             87   9.7e-18   59.7   3.4   1   1   2.8e-19     1e-17   59.6   3.4     1    82     1    82     1    83 0.98 -
d2guya1b.71.1.1      -             95 d1gjwa1b.71.1.1.aln  -             87   1.3e-17   59.3   0.2   1   1   3.9e-19   1.4e-17   59.1   0.2     2    86     2    86     1    87 0.97 -
d1ea9c2b.71.1.1      -             80 d1gjwa1b.71.1.1.aln  -             87   3.1e-17   58.1   0.0   1   1   8.7e-19   3.3e-17   58.0   0.0     2    77     2    77     1    80 0.95 -
d1uasa1b.71.1.1      -             89 d1gjwa1b.71.1.1.aln  -             87   4.9e-17   57.5   1.0   1   1   1.4e-18   5.4e-17   57.3   1.0     9    86     9    85     5    86 0.96 -
d1e43a1b.71.1.1      -             90 d1gjwa1b.71.1.1.aln  -             87     8e-16   53.6   1.7   1   1   2.3e-17   8.8e-16   53.4   1.7     1    84     4    89     4    90 0.98 -
d1h3ga2b.71.1.1      -             83 d1gjwa1b.71.1.1.aln  -             87   1.2e-13   46.6   0.0   1   1   3.4e-15   1.3e-13   46.5   0.0     4    84     2    82     1    83 0.94 -
d3bmva3b.71.1.1      -             89 d1gjwa1b.71.1.1.aln  -             87   1.4e-13   46.4   2.2   1   1   4.9e-15   1.9e-13   46.0   2.2     5    86     3    84     1    87 0.94 -
d1j0ha2b.71.1.1      -             83 d1gjwa1b.71.1.1.aln  -             87   2.2e-13   45.8   0.0   1   1   6.3e-15   2.4e-13   45.7   0.0     2    79     3    82     2    83 0.95 -
d1wzaa1b.71.1.1      -             79 d1gjwa1b.71.1.1.aln  -             87   6.6e-13   44.2   0.0   1   1   1.8e-14   6.9e-13   44.2   0.0     4    84     3    77     1    79 0.95 -
d1mxga1b.71.1.1      -             74 d1gjwa1b.71.1.1.aln  -             87   3.6e-12   41.9   1.0   1   1     1e-13   3.9e-12   41.8   1.0    10    86     2    73     1    74 0.97 -
d1ua7a1b.71.1.1      -             78 d1gjwa1b.71.1.1.aln  -             87   1.7e-10   36.5   0.3   1   1   7.2e-12   2.7e-10   35.9   0.3     3    83     1    77     1    78 0.93 -
d1g5aa1b.71.1.1      -             74 d1gjwa1b.71.1.1.aln  -             87   1.7e-08   30.1   0.0   1   1   4.8e-10   1.8e-08   30.0   0.0     7    80     3    73     1    74 0.90 -
d1r7aa1b.71.1.1      -             70 d1gjwa1b.71.1.1.aln  -             87   1.6e-07   27.0   0.1   1   1   4.5e-09   1.7e-07   26.9   0.1    11    80     3    69     1    70 0.95 -
d1ht6a1b.71.1.1      -             57 d1gjwa1b.71.1.1.aln  -             87   2.2e-06   23.3   0.1   1   1   6.1e-08   2.3e-06   23.3   0.1    30    83     4    57     1    57 0.91 -
d1lwha1b.71.1.1      -             50 d1gjwa1b.71.1.1.aln  -             87   2.8e-05   19.8   0.0   1   1   7.4e-07   2.8e-05   19.8   0.0     3    57     2    47     1    50 0.90 -
d1gcya1b.71.1.1      -             61 d1gjwa1b.71.1.1.aln  -             87   0.00018   17.2   1.0   1   1   4.9e-06   0.00019   17.2   1.0    12    72     3    59     1    61 0.93 -
d2bhua2b.71.1.1      -             72 d1gjwa1b.71.1.1.aln  -             87   0.00071   15.3   0.0   1   1   2.2e-05   0.00082   15.1   0.0     3    81     1    71     1    72 0.93 -
#
# Program:         hmmsearch
# Version:         3.1b2 (February 2015)
# Pipeline mode:   SEARCH
# Query file:      hmmModels30/d1gjwa1b.71.1.1.hmm
# Target file:     scop/scopTestSeq.fasta
# Option settings: hmmsearch --domtblout hmmModels30/d1gjwa1b.71.1.1.out -E 1 hmmModels30/d1gjwa1b.71.1.1.hmm scop/scopTestSeq.fasta 
# Current dir:     /home/anastasia/SBAS/TME8
# Date:            Sat Apr  8 15:33:44 2023
# [ok]
