#                                                                            --- full sequence --- -------------- this domain -------------   hmm coord   ali coord   env coord
# target name        accession   tlen query name           accession   qlen   E-value  score  bias   #  of  c-Evalue  i-Evalue  score  bias  from    to  from    to  from    to  acc description of target
#------------------- ---------- ----- -------------------- ---------- ----- --------- ------ ----- --- --- --------- --------- ------ ----- ----- ----- ----- ----- ----- ----- ---- ---------------------
d2vnud3b.40.4.5      -            148 d1go3e1b.40.4.5.aln  -             94   1.3e-27   91.3   0.1   1   1   5.8e-29   1.7e-27   90.9   0.1     1    94    16   119    16   119 0.99 -
d1d7qa_b.40.4.5      -            143 d1go3e1b.40.4.5.aln  -             94     1e-25   85.3   0.2   1   1   4.7e-27   1.4e-25   84.8   0.2     1    94     8   111     8   111 0.99 -
d2nn6i1b.40.4.5      -            125 d1go3e1b.40.4.5.aln  -             94   3.5e-23   77.2   0.0   1   1   1.4e-24   4.1e-23   77.0   0.0     6    93     2    92     1    93 0.97 -
d2uubl1b.40.4.5      -            118 d1go3e1b.40.4.5.aln  -             94   4.3e-18   61.0   1.6   1   1   1.7e-19   5.2e-18   60.7   1.6     1    93    14   117    14   118 0.98 -
d1wi5a_b.40.4.5      -            119 d1go3e1b.40.4.5.aln  -             94   1.8e-14   49.4   0.0   1   1   6.8e-16   2.1e-14   49.3   0.0     2    93     7   109     6   110 0.95 -
d1kl9a2b.40.4.5      -             86 d1go3e1b.40.4.5.aln  -             94   1.1e-11   40.6   0.9   1   1   4.3e-13   1.3e-11   40.3   0.9     8    88     5    85     2    86 0.93 -
d1jt8a_b.40.4.5      -            102 d1go3e1b.40.4.5.aln  -             94   1.2e-11   40.4   0.3   1   1   4.4e-13   1.3e-11   40.3   0.3     7    93     3   100     1   101 0.97 -
d3bzka4b.40.4.5      -             94 d1go3e1b.40.4.5.aln  -             94   1.9e-11   39.8   0.4   1   1     7e-13   2.1e-11   39.6   0.4    11    91    13    91     5    94 0.90 -
d1jjga_b.40.4.5      -            102 d1go3e1b.40.4.5.aln  -             94   2.7e-10   36.1   0.2   1   1   9.9e-12     3e-10   36.0   0.2     2    93    10   100     9   101 0.95 -
d1wfqa_b.40.4.5      -             89 d1go3e1b.40.4.5.aln  -             94   3.3e-09   32.6   0.0   1   1   1.2e-10   3.7e-09   32.5   0.0    12    90    11    83     3    87 0.92 -
d2vnud2b.40.4.5      -             88 d1go3e1b.40.4.5.aln  -             94   1.7e-08   30.4   0.3   1   1     6e-10   1.8e-08   30.3   0.3    10    86     3    86     1    88 0.96 -
d2ix0a3b.40.4.5      -             87 d1go3e1b.40.4.5.aln  -             94   2.7e-08   29.7   0.1   1   1   9.3e-10   2.8e-08   29.7   0.1     6    86    11    84     6    87 0.94 -
d1luza_b.40.4.5      -             85 d1go3e1b.40.4.5.aln  -             94   9.8e-08   28.0   0.5   1   1   3.7e-09   1.1e-07   27.8   0.5     5    93     7    84     4    85 0.92 -
d2vnud1b.40.4.5      -             95 d1go3e1b.40.4.5.aln  -             94   2.1e-07   26.9   0.0   1   1   7.5e-09   2.3e-07   26.8   0.0     3    93     2    94     1    95 0.96 -
d2je6i1b.40.4.5      -             87 d1go3e1b.40.4.5.aln  -             94   2.3e-07   26.8   0.6   1   1   8.2e-09   2.5e-07   26.7   0.6     2    91     3    84     2    87 0.93 -
d2uubq1b.40.4.5      -            100 d1go3e1b.40.4.5.aln  -             94   7.2e-07   25.2   2.9   1   1     3e-08   9.2e-07   24.9   2.9     4    85    11    99     2   100 0.94 -
d2nn6h1b.40.4.5      -             95 d1go3e1b.40.4.5.aln  -             94   2.9e-06   23.3   0.1   1   1   1.1e-07   3.5e-06   23.0   0.1     4    91     6    92     3    94 0.92 -
d1x6oa2b.40.4.5      -             79 d1go3e1b.40.4.5.aln  -             94   3.3e-06   23.1   0.0   1   1   1.3e-07   4.1e-06   22.8   0.0    14    88     3    77     1    79 0.89 -
d2ja9a1b.40.4.5      -             90 d1go3e1b.40.4.5.aln  -             94   3.6e-06   23.0   0.0   1   1   1.3e-07   3.8e-06   22.9   0.0     3    91     3    81     1    84 0.89 -
d1ne3a_b.40.4.5      -             68 d1go3e1b.40.4.5.aln  -             94   5.7e-06   22.3   0.0   1   1     2e-07   6.1e-06   22.2   0.0    14    79     9    64     2    68 0.90 -
d2ix0a1b.40.4.5      -             90 d1go3e1b.40.4.5.aln  -             94   7.4e-06   22.0   0.0   1   1   2.6e-07   7.9e-06   21.9   0.0     2    94     3    86     2    86 0.93 -
d1smxa_b.40.4.5      -             87 d1go3e1b.40.4.5.aln  -             94   2.3e-05   20.4   0.0   1   1   8.4e-07   2.5e-05   20.3   0.0     3    86     4    80     2    86 0.93 -
d2ix0a2b.40.4.5      -             79 d1go3e1b.40.4.5.aln  -             94   3.2e-05   20.0   0.0   1   1   1.2e-06   3.8e-05   19.7   0.0    10    82     9    71     5    77 0.89 -
d1hh2p1b.40.4.5      -             72 d1go3e1b.40.4.5.aln  -             94   0.00012   18.2   0.1   1   1   3.9e-06   0.00012   18.2   0.1    16    85     8    69     1    72 0.85 -
d2asba1b.40.4.5      -             76 d1go3e1b.40.4.5.aln  -             94   0.00013   18.0   0.1   1   1   4.5e-06   0.00014   18.0   0.1     5    85     3    73     1    76 0.93 -
d1y14b1b.40.4.5      -             91 d1go3e1b.40.4.5.aln  -             94   0.00044   16.3   0.0   1   1   1.6e-05   0.00049   16.2   0.0     3    89     8    87     6    91 0.94 -
#
# Program:         hmmsearch
# Version:         3.1b2 (February 2015)
# Pipeline mode:   SEARCH
# Query file:      hmmModels30/d1go3e1b.40.4.5.hmm
# Target file:     scop/scopTestSeq.fasta
# Option settings: hmmsearch --domtblout hmmModels30/d1go3e1b.40.4.5.out -E 1 hmmModels30/d1go3e1b.40.4.5.hmm scop/scopTestSeq.fasta 
# Current dir:     /home/anastasia/SBAS/TME8
# Date:            Sat Apr  8 15:33:44 2023
# [ok]
