#                                                                            --- full sequence --- -------------- this domain -------------   hmm coord   ali coord   env coord
# target name        accession   tlen query name           accession   qlen   E-value  score  bias   #  of  c-Evalue  i-Evalue  score  bias  from    to  from    to  from    to  acc description of target
#------------------- ---------- ----- -------------------- ---------- ----- --------- ------ ----- --- --- --------- --------- ------ ----- ----- ----- ----- ----- ----- ----- ---- ---------------------
d1p1ja1c.2.1.3       -            411 d1gr0a1c.2.1.3.aln   -            260    1e-157  519.5   0.2   1   1  3.4e-159  1.2e-157  519.2   0.2     1   260    14   284    14   284 1.00 -
d3cina1c.2.1.3       -            276 d1gr0a1c.2.1.3.aln   -            260   6.7e-72  238.2   0.0   1   1   2.2e-73   7.5e-72  238.0   0.0     1   260     1   276     1   276 1.00 -
d1h6da1c.2.1.3       -            222 d1gr0a1c.2.1.3.aln   -            260   7.5e-44  146.2   0.0   1   1   2.4e-45   8.3e-44  146.1   0.0    12   232     1   220     1   222 0.99 -
d2nvwa1c.2.1.3       -            238 d1gr0a1c.2.1.3.aln   -            260   1.3e-38  129.0   0.0   1   1   4.4e-40   1.5e-38  128.8   0.0    30   244     2   238     1   238 0.99 -
d1qkia1c.2.1.3       -            204 d1gr0a1c.2.1.3.aln   -            260   5.1e-23   78.0   0.0   1   1   1.6e-24   5.5e-23   77.8   0.0    31   225     4   201     1   204 0.97 -
d1h9aa1c.2.1.3       -            196 d1gr0a1c.2.1.3.aln   -            260   3.9e-22   75.0   0.0   1   1   1.3e-23   4.3e-22   74.9   0.0    46   231     4   195     1   196 0.97 -
d1tlta1c.2.1.3       -            165 d1gr0a1c.2.1.3.aln   -            260   6.5e-21   71.0   0.0   1   1   2.1e-22   7.1e-21   70.9   0.0    44   216     1   163     1   165 0.97 -
d1ydwa1c.2.1.3       -            185 d1gr0a1c.2.1.3.aln   -            260   1.6e-19   66.4   0.0   1   1   5.2e-21   1.8e-19   66.3   0.0    44   222     1   181     1   185 0.96 -
d1zh8a1c.2.1.3       -            182 d1gr0a1c.2.1.3.aln   -            260   1.7e-18   63.1   0.0   1   1   5.7e-20     2e-18   62.9   0.0    43   218     2   174     1   181 0.96 -
d1xeaa1c.2.1.3       -            168 d1gr0a1c.2.1.3.aln   -            260     7e-17   57.8   0.0   1   1   2.2e-18   7.7e-17   57.7   0.0    45   216     2   166     1   168 0.96 -
d1e5qa1c.2.1.3       -            183 d1gr0a1c.2.1.3.aln   -            260     6e-15   51.5   0.0   1   1   1.9e-16   6.5e-15   51.4   0.0    46   219     3   182     1   183 0.97 -
d1lc0a1c.2.1.3       -            173 d1gr0a1c.2.1.3.aln   -            260   6.7e-15   51.3   0.0   1   1   2.1e-16   7.1e-15   51.2   0.0    47   218     9   171     1   173 0.94 -
d1drua1c.2.1.3       -            161 d1gr0a1c.2.1.3.aln   -            260   2.5e-13   46.2   0.0   1   1   7.9e-15   2.7e-13   46.1   0.0    44   214     2   160     1   161 0.94 -
d1cf2o1c.2.1.3       -            172 d1gr0a1c.2.1.3.aln   -            260   4.4e-13   45.4   0.3   1   1   1.5e-14   5.1e-13   45.2   0.3    46   196     2   158     1   171 0.95 -
d1vkna1c.2.1.3       -            177 d1gr0a1c.2.1.3.aln   -            260   4.4e-13   45.4   0.0   1   1   1.4e-14   4.8e-13   45.2   0.0    44   216     1   174     1   177 0.91 -
d1f06a1c.2.1.3       -            171 d1gr0a1c.2.1.3.aln   -            260     2e-10   36.6   0.0   1   1   6.6e-12   2.3e-10   36.5   0.0    47   205     5   159     1   170 0.93 -
d1nvmb1c.2.1.3       -            158 d1gr0a1c.2.1.3.aln   -            260   3.2e-10   36.0   0.0   1   1   1.1e-11   3.7e-10   35.8   0.0    44   196     3   150     1   157 0.96 -
d2g82a1c.2.1.3       -            169 d1gr0a1c.2.1.3.aln   -            260   3.7e-08   29.2   0.0   1   1   1.1e-09   3.9e-08   29.2   0.0    47   208     2   158     1   169 0.93 -
d1ebfa1c.2.1.3       -            169 d1gr0a1c.2.1.3.aln   -            260   1.5e-07   27.3   0.0   1   1   4.8e-09   1.6e-07   27.1   0.0    44   192     3   146     1   166 0.93 -
d1q0qa2c.2.1.3       -            152 d1gr0a1c.2.1.3.aln   -            260   1.6e-06   23.9   0.0   1   1     5e-08   1.7e-06   23.8   0.0    45   208     2   151     1   152 0.93 -
d1vm6a3c.2.1.3       -            129 d1gr0a1c.2.1.3.aln   -            260   7.2e-05   18.5   0.0   1   2     0.034       1.2    4.7   0.1    46    70     2    26     1    37 0.82 -
d1vm6a3c.2.1.3       -            129 d1gr0a1c.2.1.3.aln   -            260   7.2e-05   18.5   0.0   2   2    0.0001    0.0034   12.9   0.0   106   204    31   121    26   128 0.81 -
d1t4ba1c.2.1.3       -            147 d1gr0a1c.2.1.3.aln   -            260   0.00029   16.5   0.0   1   1   1.5e-05   0.00051   15.7   0.0    45   106     2    57     1   145 0.87 -
d1j5pa4c.2.1.3       -            133 d1gr0a1c.2.1.3.aln   -            260    0.0022   13.6   0.2   1   1   0.00048     0.017   10.7   0.2    46   102     3    63     1   129 0.83 -
#
# Program:         hmmsearch
# Version:         3.1b2 (February 2015)
# Pipeline mode:   SEARCH
# Query file:      hmmModels30/d1gr0a1c.2.1.3.hmm
# Target file:     scop/scopTestSeq.fasta
# Option settings: hmmsearch --domtblout hmmModels30/d1gr0a1c.2.1.3.out -E 1 hmmModels30/d1gr0a1c.2.1.3.hmm scop/scopTestSeq.fasta 
# Current dir:     /home/anastasia/SBAS/TME8
# Date:            Sat Apr  8 15:33:44 2023
# [ok]
