#                                                                            --- full sequence --- -------------- this domain -------------   hmm coord   ali coord   env coord
# target name        accession   tlen query name           accession   qlen   E-value  score  bias   #  of  c-Evalue  i-Evalue  score  bias  from    to  from    to  from    to  acc description of target
#------------------- ---------- ----- -------------------- ---------- ----- --------- ------ ----- --- --- --------- --------- ------ ----- ----- ----- ----- ----- ----- ----- ---- ---------------------
d1kola2c.2.1.1       -            195 d1gu7a2c.2.1.1.aln   -            179   7.1e-64  210.0   2.0   1   1   1.6e-65   7.9e-64  209.8   2.0     5   179     2   192     1   192 0.99 -
d1pqwa_c.2.1.1       -            183 d1gu7a2c.2.1.1.aln   -            179   1.4e-58  192.7   0.6   1   1   3.2e-60   1.6e-58  192.6   0.6     4   178     1   175     1   176 0.99 -
d2dm6a2c.2.1.1       -            182 d1gu7a2c.2.1.1.aln   -            179   4.5e-57  187.8   0.1   1   1   1.1e-58   5.5e-57  187.5   0.1     6   178     7   179     3   180 0.98 -
d1vj0a2c.2.1.1       -            182 d1gu7a2c.2.1.1.aln   -            179   2.8e-56  185.3   0.0   1   1   6.1e-58     3e-56  185.1   0.0     2   177     2   181     1   182 0.98 -
d1qora2c.2.1.1       -            179 d1gu7a2c.2.1.1.aln   -            179     3e-56  185.1   0.2   1   1   6.8e-58   3.3e-56  185.0   0.2     2   178     2   178     1   179 0.99 -
d1yb5a2c.2.1.1       -            174 d1gu7a2c.2.1.1.aln   -            179   2.1e-54  179.2   1.8   1   1   4.7e-56   2.3e-54  179.0   1.8     2   179     2   174     1   174 0.98 -
d2jhfa2c.2.1.1       -            176 d1gu7a2c.2.1.1.aln   -            179   3.2e-53  175.3   1.2   1   1   7.1e-55   3.5e-53  175.2   1.2     2   172     2   175     1   176 0.98 -
d1jqba2c.2.1.1       -            174 d1gu7a2c.2.1.1.aln   -            179   4.8e-53  174.7   4.5   1   1   1.1e-54   5.2e-53  174.6   4.5     4   173     3   173     1   174 0.98 -
d1h2ba2c.2.1.1       -            172 d1gu7a2c.2.1.1.aln   -            179   2.7e-52  172.3   2.2   1   1   5.9e-54   2.9e-52  172.2   2.2     2   167     5   171     4   172 0.98 -
d1pl8a2c.2.1.1       -            171 d1gu7a2c.2.1.1.aln   -            179   1.4e-48  160.1   4.8   1   1   3.2e-50   1.6e-48  160.0   4.8     6   168     4   169     1   171 0.97 -
d1o89a2c.2.1.1       -            177 d1gu7a2c.2.1.1.aln   -            179   6.4e-48  158.0   0.5   1   1   1.4e-49     7e-48  157.9   0.5     2   178     2   174     1   175 0.98 -
d1piwa2c.2.1.1       -            168 d1gu7a2c.2.1.1.aln   -            179   7.8e-46  151.2   0.0   1   1   1.7e-47   8.5e-46  151.1   0.0     2   169     2   166     1   168 0.98 -
d1gu7a2c.2.1.1       -            189 d1gu7a2c.2.1.1.aln   -            179   1.6e-09   32.9   0.0   1   1   3.6e-11   1.8e-09   32.8   0.0     3   121     3   138     1   177 0.81 -
d1c1da1c.2.1.7       -            201 d1gu7a2c.2.1.1.aln   -            179   0.00017   16.6   6.0   1   2   3.4e-06   0.00017   16.6   6.0    28    78    26    75     2    79 0.86 -
d1c1da1c.2.1.7       -            201 d1gu7a2c.2.1.1.aln   -            179   0.00017   16.6   6.0   2   2       1.4        67   -1.7   0.1    36    62    91   114    80   125 0.74 -
d1mv8a2c.2.1.6       -            202 d1gu7a2c.2.1.1.aln   -            179    0.0045   11.9   0.3   1   1   0.00017    0.0084   11.0   0.3    33    69     4    39     2    44 0.90 -
d1luaa1c.2.1.7       -            191 d1gu7a2c.2.1.1.aln   -            179     0.021    9.7   9.0   1   1   0.00088     0.043    8.7   9.0    20    69    14    63     4    67 0.76 -
#
# Program:         hmmsearch
# Version:         3.1b2 (February 2015)
# Pipeline mode:   SEARCH
# Query file:      hmmModels30/d1gu7a2c.2.1.1.hmm
# Target file:     scop/scopTestSeq.fasta
# Option settings: hmmsearch --domtblout hmmModels30/d1gu7a2c.2.1.1.out -E 1 hmmModels30/d1gu7a2c.2.1.1.hmm scop/scopTestSeq.fasta 
# Current dir:     /home/anastasia/SBAS/TME8
# Date:            Sat Apr  8 15:33:45 2023
# [ok]
