#                                                                            --- full sequence --- -------------- this domain -------------   hmm coord   ali coord   env coord
# target name        accession   tlen query name           accession   qlen   E-value  score  bias   #  of  c-Evalue  i-Evalue  score  bias  from    to  from    to  from    to  acc description of target
#------------------- ---------- ----- -------------------- ---------- ----- --------- ------ ----- --- --- --------- --------- ------ ----- ----- ----- ----- ----- ----- ----- ---- ---------------------
d1c52a_a.3.1.1       -            131 d1gu2a_a.3.1.1.aln   -            116   2.2e-42  139.6   0.2   1   1   2.5e-44   2.5e-42  139.4   0.2     4   115     1   116     1   117 0.98 -
d1e29a_a.3.1.1       -            135 d1gu2a_a.3.1.1.aln   -            116   5.3e-41  135.1   0.0   1   1   6.3e-43   6.2e-41  134.9   0.0     1   115    24   129    24   130 0.99 -
d1h32b_a.3.1.1       -            138 d1gu2a_a.3.1.1.aln   -            116   9.2e-41  134.3   0.0   1   1   1.1e-42   1.1e-40  134.1   0.0     2   116    21   138    20   138 0.98 -
d1i8oa_a.3.1.1       -            114 d1gu2a_a.3.1.1.aln   -            116   1.1e-37  124.4   0.5   1   1   1.2e-39   1.2e-37  124.3   0.5     2   115     2   114     1   114 0.98 -
d1dw0a_a.3.1.1       -            112 d1gu2a_a.3.1.1.aln   -            116   4.7e-31  103.0   0.1   1   1   5.2e-33   5.1e-31  102.9   0.1     2   114     2   112     1   112 0.98 -
d1c75a_a.3.1.1       -             71 d1gu2a_a.3.1.1.aln   -            116   2.1e-12   42.9   1.0   1   1   1.1e-12   1.1e-10   37.4   1.0     5   115     2    71     1    71 0.97 -
d1wvec_a.3.1.1       -             75 d1gu2a_a.3.1.1.aln   -            116   5.7e-12   41.5   0.1   1   1   7.9e-12   7.8e-10   34.6   0.1     1   115     1    73     1    74 0.97 -
d1gu2a_a.3.1.1       -            124 d1gu2a_a.3.1.1.aln   -            116    0.0019   14.0   0.2   1   1   4.3e-05    0.0043   12.9   0.2    41   114    45   119    37   121 0.85 -
#
# Program:         hmmsearch
# Version:         3.1b2 (February 2015)
# Pipeline mode:   SEARCH
# Query file:      hmmModels30/d1gu2a_a.3.1.1.hmm
# Target file:     scop/scopTestSeq.fasta
# Option settings: hmmsearch --domtblout hmmModels30/d1gu2a_a.3.1.1.out -E 1 hmmModels30/d1gu2a_a.3.1.1.hmm scop/scopTestSeq.fasta 
# Current dir:     /home/anastasia/SBAS/TME8
# Date:            Sat Apr  8 15:33:45 2023
# [ok]
