#                                                                            --- full sequence --- -------------- this domain -------------   hmm coord   ali coord   env coord
# target name        accession   tlen query name           accession   qlen   E-value  score  bias   #  of  c-Evalue  i-Evalue  score  bias  from    to  from    to  from    to  acc description of target
#------------------- ---------- ----- -------------------- ---------- ----- --------- ------ ----- --- --- --------- --------- ------ ----- ----- ----- ----- ----- ----- ----- ---- ---------------------
d1ur4a_c.1.8.3       -            387 d1h1na_c.1.8.3.aln   -            355  7.7e-125  412.1  12.3   1   1  2.4e-126  8.7e-125  411.9  12.3     1   354     1   383     1   384 1.00 -
d1uuqa_c.1.8.3       -            410 d1h1na_c.1.8.3.aln   -            355    6e-109  359.8  18.0   1   1  1.9e-110  6.8e-109  359.7  18.0     1   354     9   392     9   393 1.00 -
d3n9ka_c.1.8.3       -            394 d1h1na_c.1.8.3.aln   -            355  1.5e-106  351.9  21.3   1   1  4.8e-108  1.7e-106  351.7  21.3     1   355    19   391    19   391 0.99 -
d1edga_c.1.8.3       -            380 d1h1na_c.1.8.3.aln   -            355   1.1e-84  280.0  17.9   1   1   3.6e-86   1.3e-84  279.8  17.9     2   354    13   380    12   380 0.99 -
d1ceoa_c.1.8.3       -            340 d1h1na_c.1.8.3.aln   -            355   4.8e-76  251.6   1.4   1   1   1.5e-77   5.3e-76  251.4   1.4    12   353     2   335     1   337 0.99 -
d1hjua_c.1.8.3       -            332 d1h1na_c.1.8.3.aln   -            355   6.4e-71  234.7  16.6   1   1     2e-72   7.1e-71  234.6  16.6    15   351     4   331     1   332 0.99 -
d1qw9a2c.1.8.3       -            367 d1h1na_c.1.8.3.aln   -            355   6.1e-70  231.5   1.5   1   1   1.9e-71   6.8e-70  231.4   1.5     5   353     1   366     1   367 0.99 -
d1ecea_c.1.8.3       -            358 d1h1na_c.1.8.3.aln   -            355   1.3e-68  227.2  16.4   1   1     4e-70   1.4e-68  227.0  16.4     9   354    15   357     7   358 0.98 -
d1rh9a1c.1.8.3       -            370 d1h1na_c.1.8.3.aln   -            355   2.1e-68  226.5   9.2   1   1   6.9e-70   2.5e-68  226.2   9.2     1   351     9   363     9   366 0.99 -
d2je8a5c.1.8.3       -            348 d1h1na_c.1.8.3.aln   -            355   2.3e-65  216.5   7.4   1   1   7.2e-67   2.6e-65  216.3   7.4     1   352     6   347     6   348 0.99 -
d1odza_c.1.8.3       -            381 d1h1na_c.1.8.3.aln   -            355     7e-65  214.9  12.0   1   1   2.2e-66   7.8e-65  214.7  12.0     2   354    12   376    11   377 0.99 -
d1vjza_c.1.8.3       -            325 d1h1na_c.1.8.3.aln   -            355   3.4e-60  199.4   0.3   1   1   1.1e-61   3.8e-60  199.3   0.3    21   345     4   323     1   325 0.96 -
d1qnra_c.1.8.3       -            344 d1h1na_c.1.8.3.aln   -            355   2.4e-59  196.7  23.9   1   1   7.5e-61   2.7e-59  196.5  23.9     1   352    10   341    10   344 0.99 -
d2nt0a2c.1.8.3       -            354 d1h1na_c.1.8.3.aln   -            355   1.3e-58  194.3   0.0   1   1   3.8e-60   1.4e-58  194.2   0.0    16   354     2   351     1   352 0.98 -
d1w91a2c.1.8.3       -            347 d1h1na_c.1.8.3.aln   -            355   4.5e-55  182.6   0.0   1   1   1.4e-56     5e-55  182.5   0.0     1   353     5   343     5   345 0.99 -
d2vzsa5c.1.8.3       -            339 d1h1na_c.1.8.3.aln   -            355   5.8e-55  182.2   2.3   1   1   1.8e-56   6.5e-55  182.1   2.3     1   350     2   337     2   339 0.99 -
d2v3ga_c.1.8.3       -            273 d1h1na_c.1.8.3.aln   -            355   2.2e-45  150.8  21.9   1   1   6.8e-47   2.4e-45  150.6  21.9    15   310     3   271     1   273 0.98 -
d1bqca_c.1.8.3       -            302 d1h1na_c.1.8.3.aln   -            355   2.2e-45  150.7   9.3   1   1   6.9e-47   2.5e-45  150.6   9.3    11   352     3   301     1   302 0.98 -
d1jz8a5c.1.8.3       -            292 d1h1na_c.1.8.3.aln   -            355   1.1e-44  148.4   0.6   1   1   3.5e-46   1.3e-44  148.2   0.6    34   354     3   291     1   292 0.99 -
d7a3ha_c.1.8.3       -            300 d1h1na_c.1.8.3.aln   -            355   2.7e-42  140.6  11.9   1   1     9e-44   3.2e-42  140.3  11.9     7   349     4   299     1   300 0.98 -
d1i1wa_c.1.8.3       -            303 d1h1na_c.1.8.3.aln   -            355     7e-39  129.4   5.1   1   1   2.3e-40   8.2e-39  129.1   5.1    18   354     7   300     1   301 0.97 -
d1nofa2c.1.8.3       -            277 d1h1na_c.1.8.3.aln   -            355   1.4e-38  128.4   3.9   1   1   4.4e-40   1.6e-38  128.2   3.9    21   312     2   258     1   276 0.97 -
#
# Program:         hmmsearch
# Version:         3.1b2 (February 2015)
# Pipeline mode:   SEARCH
# Query file:      hmmModels30/d1h1na_c.1.8.3.hmm
# Target file:     scop/scopTestSeq.fasta
# Option settings: hmmsearch --domtblout hmmModels30/d1h1na_c.1.8.3.out -E 1 hmmModels30/d1h1na_c.1.8.3.hmm scop/scopTestSeq.fasta 
# Current dir:     /home/anastasia/SBAS/TME8
# Date:            Sat Apr  8 15:33:45 2023
# [ok]
