#                                                                            --- full sequence --- -------------- this domain -------------   hmm coord   ali coord   env coord
# target name        accession   tlen query name           accession   qlen   E-value  score  bias   #  of  c-Evalue  i-Evalue  score  bias  from    to  from    to  from    to  acc description of target
#------------------- ---------- ----- -------------------- ---------- ----- --------- ------ ----- --- --- --------- --------- ------ ----- ----- ----- ----- ----- ----- ----- ---- ---------------------
d1uoka2c.1.8.1       -            479 d1h3ga3c.1.8.1.aln   -            445    1e-151  501.2  20.2   1   1  2.9e-153  1.2e-151  501.0  20.2     5   444     1   479     1   479 0.99 -
d1g5aa2c.1.8.1       -            554 d1h3ga3c.1.8.1.aln   -            445  1.9e-132  437.7   3.9   1   1  5.6e-134  2.2e-132  437.5   3.9     2   445    15   554    14   554 0.98 -
d2fhfa5c.1.8.1       -            563 d1h3ga3c.1.8.1.aln   -            445    6e-125  413.0   2.1   1   1  1.7e-126  6.8e-125  412.8   2.1     2   444    11   562    10   563 0.99 -
d1wzaa2c.1.8.1       -            409 d1h3ga3c.1.8.1.aln   -            445  4.8e-116  383.6  14.5   1   1  1.4e-117  5.4e-116  383.5  14.5    10   444     2   409     1   409 0.98 -
d1gjwa2c.1.8.1       -            572 d1h3ga3c.1.8.1.aln   -            445  5.7e-112  370.2   0.0   1   1  1.6e-113  6.4e-112  370.0   0.0     1   444     8   571     8   572 0.99 -
d1bf2a3c.1.8.1       -            475 d1h3ga3c.1.8.1.aln   -            445  1.6e-108  358.8  14.3   1   1  4.7e-110  1.8e-108  358.7  14.3     2   444     6   472     5   473 0.98 -
d1wdpa_c.1.8.1       -            493 d1h3ga3c.1.8.1.aln   -            445  1.1e-102  339.6   0.1   1   1  3.2e-104  1.3e-102  339.4   0.1     5   444     2   490     1   491 0.99 -
d1ji1a3c.1.8.1       -            432 d1h3ga3c.1.8.1.aln   -            445  7.9e-101  333.5  23.2   1   1  2.2e-102  8.8e-101  333.3  23.2     4   444     2   431     1   432 0.95 -
d3bmva4c.1.8.1       -            406 d1h3ga3c.1.8.1.aln   -            445   8.7e-98  323.5  14.8   1   1   2.5e-99   9.7e-98  323.3  14.8     2   444     4   406     3   406 0.97 -
d2guya2c.1.8.1       -            381 d1h3ga3c.1.8.1.aln   -            445   1.7e-89  296.2   9.8   1   1     5e-91     2e-89  295.9   9.8     6   431     2   370     1   380 0.94 -
d2bhua3c.1.8.1       -            420 d1h3ga3c.1.8.1.aln   -            445   7.3e-89  294.1   2.2   1   1   2.4e-89   9.6e-88  290.4   2.2     2   444     6   419     5   420 0.98 -
d1x1na1c.1.8.1       -            523 d1h3ga3c.1.8.1.aln   -            445   3.3e-86  285.3   0.1   1   1   9.5e-88   3.7e-86  285.1   0.1     2   444     4   521     3   522 0.98 -
d1e43a2c.1.8.1       -            393 d1h3ga3c.1.8.1.aln   -            445   1.4e-77  256.8  16.9   1   1   4.4e-79   1.7e-77  256.6  16.9    12   380     2   372     1   392 0.96 -
d1vema2c.1.8.1       -            417 d1h3ga3c.1.8.1.aln   -            445   1.7e-76  253.3   7.3   1   1   4.8e-78   1.9e-76  253.1   7.3     7   444     3   416     1   417 0.98 -
d1m7xa3c.1.8.1       -            396 d1h3ga3c.1.8.1.aln   -            445   6.3e-76  251.4  15.5   1   1   2.5e-77     1e-75  250.8  15.5     2   444     6   395     5   396 0.97 -
d1ht6a2c.1.8.1       -            347 d1h3ga3c.1.8.1.aln   -            445   4.2e-69  228.9   7.0   1   1   1.3e-70   5.2e-69  228.6   7.0    12   374     1   328     1   346 0.97 -
d1r7aa2c.1.8.1       -            434 d1h3ga3c.1.8.1.aln   -            445   8.6e-69  227.9   0.3   1   1   2.4e-70   9.6e-69  227.7   0.3    10   443     1   434     1   434 0.98 -
d1ua7a2c.1.8.1       -            344 d1h3ga3c.1.8.1.aln   -            445   2.9e-68  226.1  13.0   1   1     1e-69     4e-68  225.7  13.0     9   443     2   343     1   344 0.98 -
d1kwga2c.1.8.1       -            393 d1h3ga3c.1.8.1.aln   -            445   4.3e-57  189.3   0.0   1   1   1.3e-58   5.2e-57  189.1   0.0     2   435     2   387     1   392 0.95 -
d1h3ga3c.1.8.1       -            422 d1h3ga3c.1.8.1.aln   -            445   5.7e-31  103.3   8.9   1   2   5.7e-27   2.3e-25   84.8   4.5    14   215    13   220    11   256 0.85 -
d1h3ga3c.1.8.1       -            422 d1h3ga3c.1.8.1.aln   -            445   5.7e-31  103.3   8.9   2   2   1.4e-07   5.4e-06   20.9   0.1   319   441   306   418   283   422 0.64 -
#
# Program:         hmmsearch
# Version:         3.1b2 (February 2015)
# Pipeline mode:   SEARCH
# Query file:      hmmModels30/d1h3ga3c.1.8.1.hmm
# Target file:     scop/scopTestSeq.fasta
# Option settings: hmmsearch --domtblout hmmModels30/d1h3ga3c.1.8.1.out -E 1 hmmModels30/d1h3ga3c.1.8.1.hmm scop/scopTestSeq.fasta 
# Current dir:     /home/anastasia/SBAS/TME8
# Date:            Sat Apr  8 15:33:45 2023
# [ok]
