#                                                                            --- full sequence --- -------------- this domain -------------   hmm coord   ali coord   env coord
# target name        accession   tlen query name           accession   qlen   E-value  score  bias   #  of  c-Evalue  i-Evalue  score  bias  from    to  from    to  from    to  acc description of target
#------------------- ---------- ----- -------------------- ---------- ----- --------- ------ ----- --- --- --------- --------- ------ ----- ----- ----- ----- ----- ----- ----- ---- ---------------------
d1atia2d.104.1.1     -            394 d1h4vb2d.104.1.1.aln -            312  6.3e-123  405.4   3.6   1   1  1.3e-124  7.2e-123  405.2   3.6     1   312     4   372     4   372 1.00 -
d1b8aa2d.104.1.1     -            335 d1h4vb2d.104.1.1.aln -            312     1e-93  309.4   5.2   1   1     2e-95   1.1e-93  309.3   5.2     2   306     7   334     6   335 0.99 -
d1wu7a2d.104.1.1     -            327 d1h4vb2d.104.1.1.aln -            312   5.5e-79  261.0   0.4   1   1   1.1e-80   6.2e-79  260.9   0.4     6   311     2   308     1   309 0.99 -
d1z7ma1d.104.1.1     -            318 d1h4vb2d.104.1.1.aln -            312   6.1e-74  244.5   0.2   1   1   1.2e-75   6.8e-74  244.3   0.2     2   312     2   316     1   316 0.99 -
d12asa_d.104.1.1     -            327 d1h4vb2d.104.1.1.aln -            312   7.4e-74  244.2   0.0   1   1   1.5e-75   8.2e-74  244.0   0.0     2   312     5   327     4   327 0.99 -
d1seta2d.104.1.1     -            311 d1h4vb2d.104.1.1.aln -            312   2.1e-73  242.7   1.5   1   1   4.1e-75   2.3e-73  242.6   1.5     2   312     9   307     8   307 0.99 -
d1nnha_d.104.1.1     -            293 d1h4vb2d.104.1.1.aln -            312   4.3e-73  241.7   2.1   1   1   8.3e-75   4.7e-73  241.5   2.1    18   307     3   292     1   293 0.99 -
d1qf6a4d.104.1.1     -            291 d1h4vb2d.104.1.1.aln -            312   1.9e-68  226.4   0.4   1   1   3.8e-70   2.2e-68  226.2   0.4     4   308     2   290     1   291 0.99 -
d1g5ha2d.104.1.1     -            290 d1h4vb2d.104.1.1.aln -            312   3.5e-65  215.7   0.0   1   1   6.8e-67   3.8e-65  215.6   0.0     2   300     4   289     3   290 0.98 -
d1j5wa_d.104.1.1     -            281 d1h4vb2d.104.1.1.aln -            312   2.7e-60  199.6   1.8   1   1   5.4e-62     3e-60  199.5   1.8    16   312     1   281     1   281 0.99 -
d1hc7a2d.104.1.1     -            272 d1h4vb2d.104.1.1.aln -            312   4.5e-54  179.2   2.7   1   1   8.7e-56   4.9e-54  179.1   2.7    20   308     4   271     1   272 0.98 -
d1usya_d.104.1.1     -            275 d1h4vb2d.104.1.1.aln -            312   2.4e-52  173.5   0.0   1   1   4.8e-54   2.7e-52  173.4   0.0    18   304     1   275     1   275 0.99 -
d1yfsa2d.104.1.1     -            236 d1h4vb2d.104.1.1.aln -            312   2.1e-49  163.9   0.3   1   1   4.1e-51   2.3e-49  163.7   0.3    31   292     3   235     1   236 0.99 -
d1jjcb5d.104.1.1     -            207 d1h4vb2d.104.1.1.aln -            312   3.9e-26   87.4   1.7   1   1     9e-28   5.1e-26   87.1   1.7    84   293    17   205     1   207 0.96 -
#
# Program:         hmmsearch
# Version:         3.1b2 (February 2015)
# Pipeline mode:   SEARCH
# Query file:      hmmModels30/d1h4vb2d.104.1.1.hmm
# Target file:     scop/scopTestSeq.fasta
# Option settings: hmmsearch --domtblout hmmModels30/d1h4vb2d.104.1.1.out -E 1 hmmModels30/d1h4vb2d.104.1.1.hmm scop/scopTestSeq.fasta 
# Current dir:     /home/anastasia/SBAS/TME8
# Date:            Sat Apr  8 15:33:45 2023
# [ok]
