#                                                                            --- full sequence --- -------------- this domain -------------   hmm coord   ali coord   env coord
# target name        accession   tlen query name           accession   qlen   E-value  score  bias   #  of  c-Evalue  i-Evalue  score  bias  from    to  from    to  from    to  acc description of target
#------------------- ---------- ----- -------------------- ---------- ----- --------- ------ ----- --- --- --------- --------- ------ ----- ----- ----- ----- ----- ----- ----- ---- ---------------------
d1p1ja1c.2.1.3       -            411 d1h6da1c.2.1.3.aln   -            201  1.6e-108  356.7   0.5   1   2       1.4        44   -0.6   0.0    46    85    14    49     6    55 0.81 -
d1p1ja1c.2.1.3       -            411 d1h6da1c.2.1.3.aln   -            201  1.6e-108  356.7   0.5   2   2  1.5e-109  4.8e-108  355.2   0.1     1   201    56   327    56   327 1.00 -
d3cina1c.2.1.3       -            276 d1h6da1c.2.1.3.aln   -            201   3.6e-62  205.4   0.1   1   1   1.3e-63     4e-62  205.2   0.1     2   201     1   267     1   267 1.00 -
d1gr0a1c.2.1.3       -            244 d1h6da1c.2.1.3.aln   -            201   4.1e-46  153.0   0.3   1   1   1.4e-47   4.5e-46  152.8   0.3     3   200     2   242     1   243 0.99 -
d2nvwa1c.2.1.3       -            238 d1h6da1c.2.1.3.aln   -            201   4.5e-42  139.8   0.0   1   1   1.6e-43     5e-42  139.6   0.0     3   201    20   231    18   231 0.99 -
d1qkia1c.2.1.3       -            204 d1h6da1c.2.1.3.aln   -            201   1.9e-22   75.7   0.0   1   1     7e-24   2.2e-22   75.5   0.0     4   198     6   202     4   204 0.98 -
d1h9aa1c.2.1.3       -            196 d1h6da1c.2.1.3.aln   -            201   1.3e-20   69.7   0.0   1   1   4.7e-22   1.5e-20   69.5   0.0     2   200     5   192     4   193 0.97 -
d1tlta1c.2.1.3       -            165 d1h6da1c.2.1.3.aln   -            201   8.1e-20   67.1   0.0   1   1   2.9e-21   9.1e-20   66.9   0.0     2   194     1   162     1   165 0.94 -
d1drua1c.2.1.3       -            161 d1h6da1c.2.1.3.aln   -            201     4e-18   61.6   0.0   1   1   1.5e-19   4.6e-18   61.4   0.0     4   182     4   150     2   161 0.91 -
d1xeaa1c.2.1.3       -            168 d1h6da1c.2.1.3.aln   -            201   2.1e-17   59.2   0.0   1   1   7.5e-19   2.4e-17   59.1   0.0     3   164     2   151     1   166 0.92 -
d1ydwa1c.2.1.3       -            185 d1h6da1c.2.1.3.aln   -            201   1.9e-16   56.1   0.0   1   1   6.5e-18   2.1e-16   56.0   0.0     4   197     2   184     1   185 0.95 -
d2g82a1c.2.1.3       -            169 d1h6da1c.2.1.3.aln   -            201   1.9e-15   52.9   0.1   1   1   6.5e-17   2.1e-15   52.7   0.1     4   165     1   148     1   168 0.90 -
d1zh8a1c.2.1.3       -            182 d1h6da1c.2.1.3.aln   -            201   5.3e-15   51.4   0.0   1   1     2e-16   6.4e-15   51.1   0.0     4   155     4   161     2   180 0.89 -
d1f06a1c.2.1.3       -            171 d1h6da1c.2.1.3.aln   -            201     1e-14   50.4   0.0   1   1   3.4e-16   1.1e-14   50.4   0.0     3   163     3   154     1   171 0.85 -
d1vkna1c.2.1.3       -            177 d1h6da1c.2.1.3.aln   -            201   9.5e-14   47.3   0.0   1   1   3.3e-15     1e-13   47.2   0.0     3   194     2   174     1   177 0.94 -
d1cf2o1c.2.1.3       -            172 d1h6da1c.2.1.3.aln   -            201   2.3e-13   46.1   0.6   1   1   8.5e-15   2.7e-13   45.8   0.6     3   165     1   157     1   171 0.95 -
d1e5qa1c.2.1.3       -            183 d1h6da1c.2.1.3.aln   -            201   3.3e-12   42.2   0.2   1   1   1.1e-13   3.6e-12   42.1   0.2     4   166     3   161     1   182 0.93 -
d1yl7a1c.2.1.3       -            136 d1h6da1c.2.1.3.aln   -            201   8.5e-12   40.9   0.2   1   1   4.8e-11   1.5e-09   33.6   0.2     5   164     2   124     1   129 0.96 -
d1nvmb1c.2.1.3       -            158 d1h6da1c.2.1.3.aln   -            201     3e-11   39.1   0.1   1   1   1.1e-12   3.4e-11   39.0   0.1     3   164     4   144     2   158 0.81 -
d1lc0a1c.2.1.3       -            173 d1h6da1c.2.1.3.aln   -            201   3.8e-11   38.8   0.0   1   1   1.4e-12   4.5e-11   38.6   0.0     4   196     8   172     6   173 0.94 -
d1ebfa1c.2.1.3       -            169 d1h6da1c.2.1.3.aln   -            201   1.4e-09   33.7   0.3   1   1   4.5e-11   1.4e-09   33.7   0.3     2   189     3   161     2   169 0.90 -
d1j5pa4c.2.1.3       -            133 d1h6da1c.2.1.3.aln   -            201   7.8e-09   31.2   0.2   1   1   8.2e-09   2.6e-07   26.3   0.2     2   161     1   121     1   128 0.88 -
d1q0qa2c.2.1.3       -            152 d1h6da1c.2.1.3.aln   -            201   5.2e-08   28.6   0.0   1   1   1.8e-09   5.7e-08   28.4   0.0     6   182     5   147     1   152 0.90 -
d1vm6a3c.2.1.3       -            129 d1h6da1c.2.1.3.aln   -            201   1.8e-05   20.3   0.0   1   2     0.025      0.78    5.1   0.0     3    44     1    39     1    41 0.90 -
d1vm6a3c.2.1.3       -            129 d1h6da1c.2.1.3.aln   -            201   1.8e-05   20.3   0.0   2   2   3.5e-05    0.0011   14.4   0.0    68   163    38   117    36   126 0.81 -
d1t4ba1c.2.1.3       -            147 d1h6da1c.2.1.3.aln   -            201   2.3e-05   19.9   0.0   1   1   7.7e-07   2.4e-05   19.9   0.0     3    76     2    73     1   135 0.91 -
d1h6da1c.2.1.3       -            222 d1h6da1c.2.1.3.aln   -            201    0.0055   12.1   0.1   1   1   0.00022    0.0069   11.8   0.1    57   116    91   150    57   187 0.76 -
#
# Program:         hmmsearch
# Version:         3.1b2 (February 2015)
# Pipeline mode:   SEARCH
# Query file:      hmmModels30/d1h6da1c.2.1.3.hmm
# Target file:     scop/scopTestSeq.fasta
# Option settings: hmmsearch --domtblout hmmModels30/d1h6da1c.2.1.3.out -E 1 hmmModels30/d1h6da1c.2.1.3.hmm scop/scopTestSeq.fasta 
# Current dir:     /home/anastasia/SBAS/TME8
# Date:            Sat Apr  8 15:33:45 2023
# [ok]
