#                                                                            --- full sequence --- -------------- this domain -------------   hmm coord   ali coord   env coord
# target name        accession   tlen query name           accession   qlen   E-value  score  bias   #  of  c-Evalue  i-Evalue  score  bias  from    to  from    to  from    to  acc description of target
#------------------- ---------- ----- -------------------- ---------- ----- --------- ------ ----- --- --- --------- --------- ------ ----- ----- ----- ----- ----- ----- ----- ---- ---------------------
d2gv8a1c.3.1.5       -            336 d1h6va2c.3.1.5.aln   -            246  1.1e-130  429.5   0.0   1   1  3.8e-132  1.5e-130  429.0   0.0     1   246    85   330    85   330 1.00 -
d1w4xa1c.3.1.5       -            299 d1h6va2c.3.1.5.aln   -            246   1.2e-94  311.5   0.0   1   1   3.7e-96   1.5e-94  311.2   0.0     1   246    46   299    46   299 1.00 -
d1mo9a1c.3.1.5       -            262 d1h6va2c.3.1.5.aln   -            246     3e-73  241.3   0.0   1   1   8.6e-75   3.4e-73  241.2   0.0     1   246     1   253     1   253 1.00 -
d1v59a1c.3.1.5       -            234 d1h6va2c.3.1.5.aln   -            246   2.2e-53  176.3   0.1   1   1   6.2e-55   2.4e-53  176.2   0.1     3   236     2   234     1   234 0.99 -
d1w4xa2c.3.1.5       -            235 d1h6va2c.3.1.5.aln   -            246   4.2e-49  162.3   0.0   1   1   1.2e-50   4.6e-49  162.2   0.0    13   237     3   234     1   235 0.98 -
d1xdia1c.3.1.5       -            234 d1h6va2c.3.1.5.aln   -            246   5.2e-44  145.6   0.0   1   1   1.4e-45   5.7e-44  145.5   0.0     7   237     2   234     1   234 0.99 -
d1m6ia1c.3.1.5       -            214 d1h6va2c.3.1.5.aln   -            246   8.5e-41  135.1   0.0   1   1   2.4e-42   9.4e-41  134.9   0.0     5   219     2   214     1   214 0.99 -
d1nhpa1c.3.1.5       -            199 d1h6va2c.3.1.5.aln   -            246   1.5e-34  114.6   0.0   1   1   4.3e-36   1.7e-34  114.5   0.0     8   203     1   199     1   199 0.99 -
d1fl2a1c.3.1.5       -            185 d1h6va2c.3.1.5.aln   -            246     1e-24   82.4   0.1   1   1   2.9e-26   1.1e-24   82.3   0.1     7   187     2   183     1   185 0.98 -
d1aoga2c.3.1.5       -            117 d1h6va2c.3.1.5.aln   -            246   6.5e-20   66.7   0.0   1   1   1.7e-21   6.9e-20   66.6   0.0    25   140     3   115     1   117 0.97 -
d1mo9a2c.3.1.5       -            121 d1h6va2c.3.1.5.aln   -            246   8.5e-17   56.5   0.0   1   1   2.3e-18     9e-17   56.4   0.0    22   146     3   120     1   121 0.97 -
d1v59a2c.3.1.5       -            122 d1h6va2c.3.1.5.aln   -            246   9.3e-16   53.1   0.1   1   1   2.6e-17     1e-15   52.9   0.1    29   144    10   119     5   122 0.94 -
d1nhpa2c.3.1.5       -            123 d1h6va2c.3.1.5.aln   -            246     1e-15   52.9   0.1   1   1   2.8e-17   1.1e-15   52.8   0.1    18   142     6   123     1   123 0.94 -
d1fcda2c.3.1.5       -            141 d1h6va2c.3.1.5.aln   -            246   1.1e-15   52.8   0.0   1   1     3e-17   1.2e-15   52.7   0.0    13   153     3   139     1   141 0.98 -
d1vdca2c.3.1.5       -            130 d1h6va2c.3.1.5.aln   -            246   2.6e-14   48.3   0.0   1   1   6.8e-16   2.7e-14   48.3   0.0    11   141     4   127     1   130 0.94 -
d1onfa2c.3.1.5       -            117 d1h6va2c.3.1.5.aln   -            246   3.7e-14   47.8   0.2   1   1     1e-15     4e-14   47.7   0.2    22   142     3   116     1   117 0.97 -
d1m6ia2c.3.1.5       -            137 d1h6va2c.3.1.5.aln   -            246   1.9e-12   42.3   0.0   1   1   5.3e-14   2.1e-12   42.1   0.0    14   144     9   137     2   137 0.93 -
d1xhca2c.3.1.5       -            122 d1h6va2c.3.1.5.aln   -            246   1.2e-10   36.3   0.0   1   1   3.5e-12   1.4e-10   36.1   0.0    14   129     4   112     2   122 0.91 -
d1fl2a2c.3.1.5       -            126 d1h6va2c.3.1.5.aln   -            246   3.5e-07   25.0   0.0   1   1   9.1e-09   3.6e-07   25.0   0.0    21   145    12   125     1   126 0.93 -
d2gv8a2c.3.1.5       -            107 d1h6va2c.3.1.5.aln   -            246   0.00019   16.1   0.0   1   1     5e-06    0.0002   16.0   0.0    80   142    45   107     2   107 0.94 -
#
# Program:         hmmsearch
# Version:         3.1b2 (February 2015)
# Pipeline mode:   SEARCH
# Query file:      hmmModels30/d1h6va2c.3.1.5.hmm
# Target file:     scop/scopTestSeq.fasta
# Option settings: hmmsearch --domtblout hmmModels30/d1h6va2c.3.1.5.out -E 1 hmmModels30/d1h6va2c.3.1.5.hmm scop/scopTestSeq.fasta 
# Current dir:     /home/anastasia/SBAS/TME8
# Date:            Sat Apr  8 15:33:45 2023
# [ok]
