#                                                                            --- full sequence --- -------------- this domain -------------   hmm coord   ali coord   env coord
# target name        accession   tlen query name           accession   qlen   E-value  score  bias   #  of  c-Evalue  i-Evalue  score  bias  from    to  from    to  from    to  acc description of target
#------------------- ---------- ----- -------------------- ---------- ----- --------- ------ ----- --- --- --------- --------- ------ ----- ----- ----- ----- ----- ----- ----- ---- ---------------------
d1wk1a_d.169.1.1     -            150 d1h8ua_d.169.1.1.aln -            131   6.4e-47  154.7   0.1   1   1   1.1e-48   7.2e-47  154.5   0.1     6   131     2   132     1   132 0.98 -
d1qdda_d.169.1.1     -            144 d1h8ua_d.169.1.1.aln -            131   1.8e-43  143.6   3.2   1   1     3e-45     2e-43  143.4   3.2     2   129    13   143    12   144 0.98 -
d1wmza_d.169.1.1     -            140 d1h8ua_d.169.1.1.aln -            131   1.1e-40  134.5   8.6   1   1   1.9e-42   1.3e-40  134.3   8.6     2   130     2   139     1   140 0.98 -
d1gz2a_d.169.1.1     -            139 d1h8ua_d.169.1.1.aln -            131   1.6e-39  130.8   0.1   1   1   2.6e-41   1.7e-39  130.7   0.1     2   129     1   138     1   139 0.98 -
d2ziba_d.169.1.1     -            130 d1h8ua_d.169.1.1.aln -            131   2.3e-37  123.8   4.0   1   1   3.8e-39   2.5e-37  123.7   4.0     2   130     6   129     5   130 0.98 -
d1qo3c_d.169.1.1     -            133 d1h8ua_d.169.1.1.aln -            131   6.3e-36  119.1   4.1   1   1   1.1e-37   6.9e-36  119.0   4.1     3   130    14   132    12   133 0.97 -
d3l9jc_d.169.1.1     -            134 d1h8ua_d.169.1.1.aln -            131   8.5e-36  118.7   2.8   1   1   1.4e-37   9.3e-36  118.6   2.8     2   129     2   133     1   134 0.97 -
d1g1ta1d.169.1.1     -            118 d1h8ua_d.169.1.1.aln -            131   2.5e-35  117.2   5.3   1   1   4.2e-37   2.7e-35  117.1   5.3    14   127     2   118     1   118 0.98 -
d1kg0c_d.169.1.1     -            136 d1h8ua_d.169.1.1.aln -            131   1.1e-33  111.8   3.6   1   1     2e-35   1.3e-33  111.6   3.6     1   130    17   135    17   136 0.98 -
d3hupa_d.169.1.1     -            121 d1h8ua_d.169.1.1.aln -            131     1e-31  105.5  10.3   1   1   1.8e-33   1.2e-31  105.3  10.3     2   130     6   120     5   121 0.98 -
d1byfa_d.169.1.1     -            123 d1h8ua_d.169.1.1.aln -            131   1.7e-30  101.5   0.1   1   1   2.9e-32   1.9e-30  101.4   0.1    13   130     2   122     1   123 0.97 -
d1pwba1d.169.1.1     -            121 d1h8ua_d.169.1.1.aln -            131   3.6e-30  100.5   0.0   1   1   5.9e-32   3.9e-30  100.4   0.0     6   128     2   121     1   121 0.95 -
#
# Program:         hmmsearch
# Version:         3.1b2 (February 2015)
# Pipeline mode:   SEARCH
# Query file:      hmmModels30/d1h8ua_d.169.1.1.hmm
# Target file:     scop/scopTestSeq.fasta
# Option settings: hmmsearch --domtblout hmmModels30/d1h8ua_d.169.1.1.out -E 1 hmmModels30/d1h8ua_d.169.1.1.hmm scop/scopTestSeq.fasta 
# Current dir:     /home/anastasia/SBAS/TME8
# Date:            Sat Apr  8 15:33:45 2023
# [ok]
