#                                                                            --- full sequence --- -------------- this domain -------------   hmm coord   ali coord   env coord
# target name        accession   tlen query name           accession   qlen   E-value  score  bias   #  of  c-Evalue  i-Evalue  score  bias  from    to  from    to  from    to  acc description of target
#------------------- ---------- ----- -------------------- ---------- ----- --------- ------ ----- --- --- --------- --------- ------ ----- ----- ----- ----- ----- ----- ----- ---- ---------------------
d1uuqa_c.1.8.3       -            410 d1hjua_c.1.8.3.aln   -            352  4.2e-126  416.2  16.4   1   1  1.4e-127  4.9e-126  416.0  16.4     2   352     1   408     1   408 1.00 -
d1edga_c.1.8.3       -            380 d1hjua_c.1.8.3.aln   -            352  1.3e-109  362.0  17.2   1   1  4.1e-111  1.5e-109  361.8  17.2     1   351    20   377    20   378 0.99 -
d1rh9a1c.1.8.3       -            370 d1hjua_c.1.8.3.aln   -            352   6.5e-97  320.2  10.2   1   1     2e-98   7.3e-97  320.1  10.2     2   349     1   363     1   366 0.99 -
d1qnra_c.1.8.3       -            344 d1hjua_c.1.8.3.aln   -            352   6.3e-86  284.1  20.2   1   1   1.9e-87     7e-86  283.9  20.2     2   350     2   342     1   344 0.99 -
d3n9ka_c.1.8.3       -            394 d1hjua_c.1.8.3.aln   -            352     2e-84  279.2  21.7   1   1   6.1e-86   2.2e-84  279.0  21.7     2   351     6   394     5   394 1.00 -
d1ecea_c.1.8.3       -            358 d1hjua_c.1.8.3.aln   -            352   1.1e-73  243.8  15.6   1   1   3.4e-75   1.2e-73  243.7  15.6     2   351     4   356     3   357 0.99 -
d1ur4a_c.1.8.3       -            387 d1hjua_c.1.8.3.aln   -            352   5.3e-70  231.7  11.8   1   1   1.6e-71   5.9e-70  231.5  11.8     2   351     2   382     1   383 0.99 -
d2je8a5c.1.8.3       -            348 d1hjua_c.1.8.3.aln   -            352   1.4e-67  223.8   6.8   1   1   4.2e-69   1.5e-67  223.6   6.8     2   345     8   346     7   348 0.99 -
d1vjza_c.1.8.3       -            325 d1hjua_c.1.8.3.aln   -            352   1.5e-67  223.6   0.6   1   1   4.5e-69   1.6e-67  223.5   0.6    20   347    16   321     1   325 0.96 -
d1qw9a2c.1.8.3       -            367 d1hjua_c.1.8.3.aln   -            352   6.6e-67  221.5   1.5   1   1   2.1e-68   7.4e-67  221.4   1.5     4   352     2   361     1   361 0.99 -
d1w91a2c.1.8.3       -            347 d1hjua_c.1.8.3.aln   -            352   1.3e-65  217.3   0.1   1   1   4.1e-67   1.5e-65  217.1   0.1     1   352     3   341     3   341 0.99 -
d1ceoa_c.1.8.3       -            340 d1hjua_c.1.8.3.aln   -            352   2.3e-64  213.2   1.9   1   1   7.1e-66   2.5e-64  213.0   1.9     3   350     3   339     1   340 0.99 -
d2vzsa5c.1.8.3       -            339 d1hjua_c.1.8.3.aln   -            352   9.8e-64  211.1   1.4   1   1     3e-65   1.1e-63  210.9   1.4     3   345     5   338     3   339 0.99 -
d1odza_c.1.8.3       -            381 d1hjua_c.1.8.3.aln   -            352   3.9e-58  192.7  10.5   1   1   1.2e-59   4.3e-58  192.5  10.5     3   351     4   375     2   376 0.99 -
d2nt0a2c.1.8.3       -            354 d1hjua_c.1.8.3.aln   -            352   5.2e-58  192.3   0.0   1   1   1.6e-59   5.8e-58  192.1   0.0     2   351     2   353     1   354 0.98 -
d1h1na_c.1.8.3       -            305 d1hjua_c.1.8.3.aln   -            352   4.1e-56  186.0  13.3   1   1   1.3e-57   4.6e-56  185.9  13.3     2   345     2   304     1   305 0.98 -
d1bqca_c.1.8.3       -            302 d1hjua_c.1.8.3.aln   -            352   8.6e-54  178.4   8.5   1   1   2.7e-55   9.6e-54  178.2   8.5     3   351     3   302     1   302 0.98 -
d1jz8a5c.1.8.3       -            292 d1hjua_c.1.8.3.aln   -            352   4.4e-52  172.8   0.8   1   1   1.4e-53   4.9e-52  172.6   0.8     5   349     2   292     1   292 0.99 -
d7a3ha_c.1.8.3       -            300 d1hjua_c.1.8.3.aln   -            352   4.9e-46  152.9  12.7   1   1   1.5e-47   5.4e-46  152.7  12.7     4   350     9   295     6   297 0.97 -
d1i1wa_c.1.8.3       -            303 d1hjua_c.1.8.3.aln   -            352   1.6e-43  144.6   4.5   1   1     5e-45   1.8e-43  144.5   4.5     6   349     4   302     1   303 0.98 -
d1nofa2c.1.8.3       -            277 d1hjua_c.1.8.3.aln   -            352   2.6e-35  117.6   4.2   1   1   8.1e-37   2.9e-35  117.4   4.2     6   343     2   275     1   277 0.98 -
d2v3ga_c.1.8.3       -            273 d1hjua_c.1.8.3.aln   -            352   3.7e-30  100.6  20.6   1   1   1.3e-31   4.5e-30  100.4  20.6     3   347     3   271     1   273 0.96 -
#
# Program:         hmmsearch
# Version:         3.1b2 (February 2015)
# Pipeline mode:   SEARCH
# Query file:      hmmModels30/d1hjua_c.1.8.3.hmm
# Target file:     scop/scopTestSeq.fasta
# Option settings: hmmsearch --domtblout hmmModels30/d1hjua_c.1.8.3.out -E 1 hmmModels30/d1hjua_c.1.8.3.hmm scop/scopTestSeq.fasta 
# Current dir:     /home/anastasia/SBAS/TME8
# Date:            Sat Apr  8 15:33:45 2023
# [ok]
