#                                                                            --- full sequence --- -------------- this domain -------------   hmm coord   ali coord   env coord
# target name        accession   tlen query name           accession   qlen   E-value  score  bias   #  of  c-Evalue  i-Evalue  score  bias  from    to  from    to  from    to  acc description of target
#------------------- ---------- ----- -------------------- ---------- ----- --------- ------ ----- --- --- --------- --------- ------ ----- ----- ----- ----- ----- ----- ----- ---- ---------------------
d1uoka2c.1.8.1       -            479 d1ht6a2c.1.8.1.aln   -            450  1.3e-156  517.5  19.8   1   1  3.6e-158  1.4e-156  517.3  19.8     7   449     1   479     1   479 0.99 -
d1g5aa2c.1.8.1       -            554 d1ht6a2c.1.8.1.aln   -            450  2.1e-147  487.1   3.0   1   1  6.1e-149  2.4e-147  486.9   3.0     2   449    42   553    41   554 0.99 -
d1gjwa2c.1.8.1       -            572 d1ht6a2c.1.8.1.aln   -            450  2.3e-126  417.8   0.0   1   1  5.8e-127  2.3e-125  414.5   0.0     1   449    41   571    41   572 0.99 -
d1wzaa2c.1.8.1       -            409 d1ht6a2c.1.8.1.aln   -            450  1.1e-115  382.6  14.4   1   1    3e-117  1.2e-115  382.4  14.4    12   448     2   408     1   409 0.98 -
d1bf2a3c.1.8.1       -            475 d1ht6a2c.1.8.1.aln   -            450  1.4e-106  352.6  15.8   1   1  3.9e-108  1.5e-106  352.4  15.8     2   448     4   471     3   473 0.99 -
d2fhfa5c.1.8.1       -            563 d1ht6a2c.1.8.1.aln   -            450  8.1e-106  350.0   2.3   1   1  2.6e-107    1e-105  349.7   2.3     1   449     8   562     8   563 0.99 -
d1wdpa_c.1.8.1       -            493 d1ht6a2c.1.8.1.aln   -            450  2.2e-103  342.0   0.1   1   1  6.1e-105  2.4e-103  341.9   0.1     7   449     2   481     1   482 0.98 -
d1ji1a3c.1.8.1       -            432 d1ht6a2c.1.8.1.aln   -            450  1.5e-102  339.2  23.5   1   1  4.4e-104  1.7e-102  339.1  23.5     5   449     1   431     1   432 0.98 -
d1h3ga3c.1.8.1       -            422 d1ht6a2c.1.8.1.aln   -            450    3e-101  335.0   9.4   1   1  8.6e-103  3.4e-101  334.8   9.4     6   450     3   422     1   422 0.96 -
d2bhua3c.1.8.1       -            420 d1ht6a2c.1.8.1.aln   -            450   9.4e-93  307.0   2.8   1   1   1.1e-93   4.3e-92  304.8   2.8     2   449     4   419     3   420 0.99 -
d3bmva4c.1.8.1       -            406 d1ht6a2c.1.8.1.aln   -            450   9.6e-93  306.9  15.2   1   1   2.8e-94   1.1e-92  306.7  15.2     4   449     4   406     1   406 0.98 -
d1x1na1c.1.8.1       -            523 d1ht6a2c.1.8.1.aln   -            450   3.3e-91  301.9   0.0   1   1   9.2e-93   3.6e-91  301.7   0.0     3   448     3   521     1   523 0.99 -
d2guya2c.1.8.1       -            381 d1ht6a2c.1.8.1.aln   -            450   4.2e-87  288.4   9.8   1   1   1.2e-88   4.7e-87  288.2   9.8     8   430     2   379     1   381 0.95 -
d1m7xa3c.1.8.1       -            396 d1ht6a2c.1.8.1.aln   -            450   1.7e-77  256.7  15.8   1   1   4.9e-79   1.9e-77  256.5  15.8     3   449     5   392     3   393 0.98 -
d1e43a2c.1.8.1       -            393 d1ht6a2c.1.8.1.aln   -            450   3.8e-72  239.1  16.3   1   1   1.2e-73   4.5e-72  238.8  16.3    14   446     2   386     1   389 0.99 -
d1vema2c.1.8.1       -            417 d1ht6a2c.1.8.1.aln   -            450   3.6e-71  235.8   7.2   1   1     1e-72     4e-71  235.7   7.2     6   448     2   416     1   417 0.98 -
d1r7aa2c.1.8.1       -            434 d1ht6a2c.1.8.1.aln   -            450   1.9e-69  230.2   0.2   1   1   5.2e-71   2.1e-69  230.0   0.2     2   447     7   433     6   434 0.99 -
d1ua7a2c.1.8.1       -            344 d1ht6a2c.1.8.1.aln   -            450   1.2e-64  214.3  11.9   1   1   7.9e-66   3.1e-64  213.0  11.9    12   448     3   343     1   344 0.98 -
d1kwga2c.1.8.1       -            393 d1ht6a2c.1.8.1.aln   -            450   9.7e-57  188.3   0.0   1   1   2.9e-58   1.2e-56  188.0   0.0     2   449     1   392     1   393 0.97 -
d1ht6a2c.1.8.1       -            347 d1ht6a2c.1.8.1.aln   -            450   1.5e-19   65.7   4.2   1   1   1.2e-19   4.9e-18   60.7   4.1    48   375    26   325    24   326 0.81 -
#
# Program:         hmmsearch
# Version:         3.1b2 (February 2015)
# Pipeline mode:   SEARCH
# Query file:      hmmModels30/d1ht6a2c.1.8.1.hmm
# Target file:     scop/scopTestSeq.fasta
# Option settings: hmmsearch --domtblout hmmModels30/d1ht6a2c.1.8.1.out -E 1 hmmModels30/d1ht6a2c.1.8.1.hmm scop/scopTestSeq.fasta 
# Current dir:     /home/anastasia/SBAS/TME8
# Date:            Sat Apr  8 15:33:45 2023
# [ok]
