#                                                                            --- full sequence --- -------------- this domain -------------   hmm coord   ali coord   env coord
# target name        accession   tlen query name           accession   qlen   E-value  score  bias   #  of  c-Evalue  i-Evalue  score  bias  from    to  from    to  from    to  acc description of target
#------------------- ---------- ----- -------------------- ---------- ----- --------- ------ ----- --- --- --------- --------- ------ ----- ----- ----- ----- ----- ----- ----- ---- ---------------------
d1bf2a2b.71.1.1      -            113 d1ht6a1b.71.1.1.aln  -             88   9.6e-29   95.1   3.7   1   1   3.5e-30   1.3e-28   94.7   3.7     1    87    19   109    19   110 0.98 -
d2fhfa4b.71.1.1      -            118 d1ht6a1b.71.1.1.aln  -             88   1.3e-28   94.6   0.2   1   1   4.4e-30   1.6e-28   94.4   0.2     2    88    21   111    20   111 0.98 -
d1m7xa2b.71.1.1      -            106 d1ht6a1b.71.1.1.aln  -             88   4.4e-26   86.5   0.0   1   1   1.4e-27     5e-26   86.4   0.0     1    88     5    96     5    96 0.98 -
d1szna1b.71.1.1      -            103 d1ht6a1b.71.1.1.aln  -             88   4.4e-25   83.3   0.2   1   1   1.4e-26   5.1e-25   83.1   0.2     1    88    14    99    14    99 0.98 -
d1uasa1b.71.1.1      -             89 d1ht6a1b.71.1.1.aln  -             88     2e-20   68.4   1.1   1   1   6.3e-22   2.3e-20   68.3   1.1     3    88     5    89     4    89 0.97 -
d2guya1b.71.1.1      -             95 d1ht6a1b.71.1.1.aln  -             88   6.8e-20   66.7   0.4   1   1   2.1e-21   7.6e-20   66.6   0.4     2    88     1    87     1    87 0.98 -
d1ji1a2b.71.1.1      -             83 d1ht6a1b.71.1.1.aln  -             88   2.8e-18   61.6   2.9   1   1   8.2e-20     3e-18   61.5   2.9     3    84     2    82     1    83 0.97 -
d1h3ga2b.71.1.1      -             83 d1ht6a1b.71.1.1.aln  -             88   2.8e-17   58.4   0.0   1   1   8.2e-19   2.9e-17   58.3   0.0     5    84     2    82     1    83 0.97 -
d1j0ha2b.71.1.1      -             83 d1ht6a1b.71.1.1.aln  -             88   5.1e-17   57.5   0.0   1   1   1.7e-18   6.1e-17   57.3   0.0     4    81     4    83     2    83 0.97 -
d1ea9c2b.71.1.1      -             80 d1ht6a1b.71.1.1.aln  -             88   6.1e-17   57.3   0.0   1   1   1.8e-18   6.5e-17   57.2   0.0     3    80     2    79     1    80 0.94 -
d1e43a1b.71.1.1      -             90 d1ht6a1b.71.1.1.aln  -             88   2.5e-16   55.3   1.2   1   1   7.4e-18   2.7e-16   55.2   1.2     2    87     3    89     2    90 0.98 -
d1ua7a1b.71.1.1      -             78 d1ht6a1b.71.1.1.aln  -             88   1.7e-13   46.2   0.2   1   1     5e-15   1.8e-13   46.1   0.2     7    81     5    78     1    78 0.95 -
d3bmva3b.71.1.1      -             89 d1ht6a1b.71.1.1.aln  -             88   2.4e-13   45.7   2.7   1   1   7.4e-15   2.6e-13   45.6   2.7     4    88     2    86     1    86 0.97 -
d1wzaa1b.71.1.1      -             79 d1ht6a1b.71.1.1.aln  -             88   3.3e-12   42.1   0.0   1   1   9.9e-14   3.6e-12   42.0   0.0     3    80     1    78     1    79 0.97 -
d1r7aa1b.71.1.1      -             70 d1ht6a1b.71.1.1.aln  -             88   7.1e-12   41.0   0.1   1   1   2.1e-13   7.5e-12   41.0   0.1    12    77     3    69     1    70 0.96 -
d1g5aa1b.71.1.1      -             74 d1ht6a1b.71.1.1.aln  -             88   8.2e-12   40.8   0.0   1   1   2.4e-13   8.7e-12   40.7   0.0     8    81     3    74     1    74 0.96 -
d1mxga1b.71.1.1      -             74 d1ht6a1b.71.1.1.aln  -             88   3.3e-10   35.7   1.0   1   1   9.6e-12   3.4e-10   35.6   1.0    10    81     4    73     1    74 0.95 -
d2bhua2b.71.1.1      -             72 d1ht6a1b.71.1.1.aln  -             88     1e-08   30.9   0.0   1   1   3.2e-10   1.1e-08   30.7   0.0     2    78     2    70     1    72 0.93 -
d1gjwa1b.71.1.1      -             64 d1ht6a1b.71.1.1.aln  -             88   7.1e-08   28.2   0.0   1   1   2.4e-09   8.7e-08   27.9   0.0     3    77     1    63     1    64 0.85 -
d1lwha1b.71.1.1      -             50 d1ht6a1b.71.1.1.aln  -             88   7.5e-08   28.1   0.0   1   1   2.1e-09   7.5e-08   28.1   0.0     4    50     2    48     1    50 0.92 -
d1gcya1b.71.1.1      -             61 d1ht6a1b.71.1.1.aln  -             88   1.4e-07   27.2   0.3   1   1   4.1e-09   1.5e-07   27.2   0.3     4    60     4    60     1    61 0.95 -
d1kwga1b.71.1.1      -             54 d1ht6a1b.71.1.1.aln  -             88    0.0013   14.6   0.0   1   1   3.6e-05    0.0013   14.6   0.0    13    60     6    53     1    54 0.93 -
#
# Program:         hmmsearch
# Version:         3.1b2 (February 2015)
# Pipeline mode:   SEARCH
# Query file:      hmmModels30/d1ht6a1b.71.1.1.hmm
# Target file:     scop/scopTestSeq.fasta
# Option settings: hmmsearch --domtblout hmmModels30/d1ht6a1b.71.1.1.out -E 1 hmmModels30/d1ht6a1b.71.1.1.hmm scop/scopTestSeq.fasta 
# Current dir:     /home/anastasia/SBAS/TME8
# Date:            Sat Apr  8 15:33:45 2023
# [ok]
