#                                                                            --- full sequence --- -------------- this domain -------------   hmm coord   ali coord   env coord
# target name        accession   tlen query name           accession   qlen   E-value  score  bias   #  of  c-Evalue  i-Evalue  score  bias  from    to  from    to  from    to  acc description of target
#------------------- ---------- ----- -------------------- ---------- ----- --------- ------ ----- --- --- --------- --------- ------ ----- ----- ----- ----- ----- ----- ----- ---- ---------------------
d1ur4a_c.1.8.3       -            387 d1i1wa_c.1.8.3.aln   -            352  5.8e-110  363.1  12.5   1   1  1.8e-111  6.5e-110  363.0  12.5     1   351     7   384     7   385 0.99 -
d3n9ka_c.1.8.3       -            394 d1i1wa_c.1.8.3.aln   -            352  1.7e-106  351.7  22.9   1   1  5.5e-108    2e-106  351.5  22.9     2   351    35   394    34   394 0.99 -
d1uuqa_c.1.8.3       -            410 d1i1wa_c.1.8.3.aln   -            352   1.7e-93  309.0  18.1   1   1   5.3e-95   1.9e-93  308.8  18.1     2   351    21   407    20   408 1.00 -
d1edga_c.1.8.3       -            380 d1i1wa_c.1.8.3.aln   -            352   7.4e-92  303.6  17.0   1   1   2.3e-93   8.3e-92  303.4  17.0     1   351    26   379    26   380 0.99 -
d1rh9a1c.1.8.3       -            370 d1i1wa_c.1.8.3.aln   -            352   2.7e-77  255.7   9.2   1   1   8.3e-79     3e-77  255.5   9.2     1   350     4   366     4   368 0.99 -
d1ecea_c.1.8.3       -            358 d1i1wa_c.1.8.3.aln   -            352   7.6e-77  254.2  15.7   1   1   2.4e-78   8.5e-77  254.1  15.7     4   350    12   357     9   358 0.99 -
d1hjua_c.1.8.3       -            332 d1i1wa_c.1.8.3.aln   -            352   3.3e-71  235.7  16.0   1   1     1e-72   3.6e-71  235.5  16.0     9   347     4   331     1   332 0.99 -
d1qw9a2c.1.8.3       -            367 d1i1wa_c.1.8.3.aln   -            352   4.2e-71  235.3   1.7   1   1   1.3e-72   4.7e-71  235.2   1.7     2   351     4   366     3   367 0.99 -
d1ceoa_c.1.8.3       -            340 d1i1wa_c.1.8.3.aln   -            352   1.3e-69  230.5   1.8   1   1   3.9e-71   1.4e-69  230.3   1.8     6   351     2   337     1   338 0.99 -
d1odza_c.1.8.3       -            381 d1i1wa_c.1.8.3.aln   -            352   3.6e-69  229.0  11.6   1   1   1.1e-70     4e-69  228.8  11.6     2   351    15   378    14   379 0.99 -
d1qnra_c.1.8.3       -            344 d1i1wa_c.1.8.3.aln   -            352   2.9e-67  222.7  23.1   1   1     9e-69   3.2e-67  222.5  23.1     4   352     4   344     1   344 0.98 -
d1vjza_c.1.8.3       -            325 d1i1wa_c.1.8.3.aln   -            352   5.7e-67  221.7   0.4   1   1   1.7e-68   6.2e-67  221.6   0.4    14   345     3   320     1   325 0.98 -
d2je8a5c.1.8.3       -            348 d1i1wa_c.1.8.3.aln   -            352   5.4e-66  218.5   7.2   1   1   1.7e-67     6e-66  218.4   7.2     7   351     4   343     1   344 0.99 -
d1w91a2c.1.8.3       -            347 d1i1wa_c.1.8.3.aln   -            352   2.3e-63  209.9   0.1   1   1     7e-65   2.5e-63  209.7   0.1     8   350     1   344     1   346 0.99 -
d2nt0a2c.1.8.3       -            354 d1i1wa_c.1.8.3.aln   -            352   3.6e-58  192.8   0.0   1   1   1.1e-59     4e-58  192.6   0.0     1   351     1   352     1   353 0.98 -
d1h1na_c.1.8.3       -            305 d1i1wa_c.1.8.3.aln   -            352   6.8e-58  191.9  13.1   1   1   2.1e-59   7.5e-58  191.7  13.1     4   345     3   303     1   305 0.98 -
d2vzsa5c.1.8.3       -            339 d1i1wa_c.1.8.3.aln   -            352   1.3e-57  190.9   1.6   1   1   4.1e-59   1.5e-57  190.8   1.6     4   349     7   338     4   339 0.98 -
d1bqca_c.1.8.3       -            302 d1i1wa_c.1.8.3.aln   -            352   5.7e-45  149.4   8.0   1   1   1.8e-46   6.3e-45  149.2   8.0     4   350     2   301     1   302 0.98 -
d1jz8a5c.1.8.3       -            292 d1i1wa_c.1.8.3.aln   -            352   1.6e-43  144.6   0.8   1   1   8.2e-45   2.9e-43  143.7   0.8    14   349     2   291     1   292 0.99 -
d7a3ha_c.1.8.3       -            300 d1i1wa_c.1.8.3.aln   -            352   3.8e-42  140.1  11.3   1   1   1.2e-43   4.3e-42  139.9  11.3     4   341     3   298     1   300 0.97 -
d1nofa2c.1.8.3       -            277 d1i1wa_c.1.8.3.aln   -            352   4.1e-30  100.5   4.5   1   1   1.3e-31   4.5e-30  100.4   4.5     9   343     1   275     1   277 0.97 -
d2v3ga_c.1.8.3       -            273 d1i1wa_c.1.8.3.aln   -            352     2e-28   95.0  23.1   1   1   1.1e-29     4e-28   94.0  23.1    11   344     1   271     1   273 0.96 -
#
# Program:         hmmsearch
# Version:         3.1b2 (February 2015)
# Pipeline mode:   SEARCH
# Query file:      hmmModels30/d1i1wa_c.1.8.3.hmm
# Target file:     scop/scopTestSeq.fasta
# Option settings: hmmsearch --domtblout hmmModels30/d1i1wa_c.1.8.3.out -E 1 hmmModels30/d1i1wa_c.1.8.3.hmm scop/scopTestSeq.fasta 
# Current dir:     /home/anastasia/SBAS/TME8
# Date:            Sat Apr  8 15:33:45 2023
# [ok]
