#                                                                            --- full sequence --- -------------- this domain -------------   hmm coord   ali coord   env coord
# target name        accession   tlen query name           accession   qlen   E-value  score  bias   #  of  c-Evalue  i-Evalue  score  bias  from    to  from    to  from    to  acc description of target
#------------------- ---------- ----- -------------------- ---------- ----- --------- ------ ----- --- --- --------- --------- ------ ----- ----- ----- ----- ----- ----- ----- ---- ---------------------
d1kt7a_b.60.1.1      -            175 d1i4ua_b.60.1.1.aln  -            168   5.2e-55  181.4   0.1   1   1     1e-56   5.8e-55  181.3   0.1     1   165     2   175     2   175 0.99 -
d1qwda_b.60.1.1      -            167 d1i4ua_b.60.1.1.aln  -            168   7.3e-55  180.9   0.0   1   1   1.5e-56   8.2e-55  180.8   0.0     2   162    13   167    12   167 0.99 -
d3s26a_b.60.1.1      -            176 d1i4ua_b.60.1.1.aln  -            168   3.2e-53  175.6   0.0   1   1   6.2e-55   3.5e-53  175.5   0.0     2   167     5   175     4   176 0.98 -
d1x8qa_b.60.1.1      -            184 d1i4ua_b.60.1.1.aln  -            168   5.6e-50  165.0   5.8   1   1   1.1e-51   6.2e-50  164.9   5.8     2   168     2   175     1   175 0.99 -
d1kxoa_b.60.1.1      -            171 d1i4ua_b.60.1.1.aln  -            168   8.9e-50  164.4   0.4   1   1   1.7e-51   9.8e-50  164.2   0.4     1   166     4   170     4   171 0.98 -
d1lf7a_b.60.1.1      -            171 d1i4ua_b.60.1.1.aln  -            168     2e-49  163.2   0.0   1   1     4e-51   2.2e-49  163.1   0.0     3   167     2   162     1   163 0.98 -
d3kffa_b.60.1.1      -            152 d1i4ua_b.60.1.1.aln  -            168   3.5e-48  159.2   0.2   1   1   6.7e-50   3.8e-48  159.1   0.2    15   167     2   151     1   152 0.98 -
d3saoa_b.60.1.1      -            155 d1i4ua_b.60.1.1.aln  -            168   5.9e-47  155.2   0.5   1   1   1.2e-48   6.6e-47  155.0   0.5    17   167     1   149     1   150 0.98 -
d1epba_b.60.1.1      -            160 d1i4ua_b.60.1.1.aln  -            168   8.7e-47  154.7   0.1   1   1   1.7e-48   9.6e-47  154.5   0.1    11   166     1   154     1   156 0.99 -
d1qfta_b.60.1.1      -            175 d1i4ua_b.60.1.1.aln  -            168   2.4e-43  143.5   8.2   1   1   4.6e-45   2.6e-43  143.3   8.2     1   167     2   174     2   175 0.99 -
d1dzka_b.60.1.1      -            148 d1i4ua_b.60.1.1.aln  -            168   2.2e-37  124.1   0.1   1   1   4.2e-39   2.4e-37  123.9   0.1    18   166     2   148     1   148 0.99 -
d1xkia_b.60.1.1      -            139 d1i4ua_b.60.1.1.aln  -            168   7.5e-34  112.6   0.0   1   1   1.5e-35   8.2e-34  112.4   0.0    19   160     2   138     1   139 0.98 -
d2joza1b.60.1.1      -            126 d1i4ua_b.60.1.1.aln  -            168   1.1e-19   66.4   0.6   1   1   3.7e-21   2.1e-19   65.5   0.6    25   163     1   125     1   126 0.98 -
d1i4ua_b.60.1.1      -            181 d1i4ua_b.60.1.1.aln  -            168   7.1e-10   34.6   0.8   1   2    0.0014     0.081    8.3   0.0    18    46    30    58    26    66 0.90 -
d1i4ua_b.60.1.1      -            181 d1i4ua_b.60.1.1.aln  -            168   7.1e-10   34.6   0.8   2   2   1.4e-08   7.9e-07   24.6   0.4    98   167   106   176    97   177 0.92 -
#
# Program:         hmmsearch
# Version:         3.1b2 (February 2015)
# Pipeline mode:   SEARCH
# Query file:      hmmModels30/d1i4ua_b.60.1.1.hmm
# Target file:     scop/scopTestSeq.fasta
# Option settings: hmmsearch --domtblout hmmModels30/d1i4ua_b.60.1.1.out -E 1 hmmModels30/d1i4ua_b.60.1.1.hmm scop/scopTestSeq.fasta 
# Current dir:     /home/anastasia/SBAS/TME8
# Date:            Sat Apr  8 15:33:45 2023
# [ok]
