#                                                                            --- full sequence --- -------------- this domain -------------   hmm coord   ali coord   env coord
# target name        accession   tlen query name           accession   qlen   E-value  score  bias   #  of  c-Evalue  i-Evalue  score  bias  from    to  from    to  from    to  acc description of target
#------------------- ---------- ----- -------------------- ---------- ----- --------- ------ ----- --- --- --------- --------- ------ ----- ----- ----- ----- ----- ----- ----- ---- ---------------------
d1vr5a1c.94.1.1      -            535 d1ixha_c.94.1.1.aln  -            358  1.1e-123  408.2  11.3   1   1  5.5e-125  1.4e-123  407.9  11.3     2   358    55   437    54   437 1.00 -
d1jeta_c.94.1.1      -            517 d1ixha_c.94.1.1.aln  -            358  8.6e-115  379.0  15.4   1   1    4e-116  1.1e-114  378.7  15.4     1   358    62   432    62   432 1.00 -
d1uqwa_c.94.1.1      -            487 d1ixha_c.94.1.1.aln  -            358  3.2e-107  354.1  12.1   1   2  1.2e-108  3.2e-107  354.1  12.1     1   358    52   414    52   414 1.00 -
d1uqwa_c.94.1.1      -            487 d1ixha_c.94.1.1.aln  -            358  3.2e-107  354.1  12.1   2   2       6.6   1.7e+02   -3.5   0.0   310   353   423   463   421   466 0.77 -
d2nooa_c.94.1.1      -            496 d1ixha_c.94.1.1.aln  -            358  2.4e-104  344.7   1.3   1   1  1.1e-105  2.8e-104  344.4   1.3     1   358    49   417    49   417 1.00 -
d1xoca1c.94.1.1      -            504 d1ixha_c.94.1.1.aln  -            358  7.4e-101  333.2  15.3   1   1  3.5e-102  9.2e-101  332.9  15.3     1   356    55   422    55   424 0.99 -
d3vlva_c.94.1.1      -            490 d1ixha_c.94.1.1.aln  -            358    9e-100  329.6   9.9   1   1  4.1e-101   1.1e-99  329.4   9.9     1   358    25   400    25   400 1.00 -
d1eu8a_c.94.1.1      -            407 d1ixha_c.94.1.1.aln  -            358   5.5e-83  274.4   9.0   1   1   2.4e-84   6.2e-83  274.2   9.0     1   358    18   391    18   391 1.00 -
d1ursa_c.94.1.1      -            367 d1ixha_c.94.1.1.aln  -            358   5.2e-67  221.9   8.9   1   1   2.2e-68   5.8e-67  221.7   8.9     1   358    15   355    15   355 0.99 -
d3thia_c.94.1.1      -            362 d1ixha_c.94.1.1.aln  -            358   3.5e-58  192.8   0.3   1   1   1.5e-59   3.8e-58  192.7   0.3     3   357     3   361     1   362 0.99 -
d1q35a_c.94.1.1      -            318 d1ixha_c.94.1.1.aln  -            358   1.2e-36  122.0   2.1   1   1   5.1e-38   1.3e-36  121.8   2.1    44   356     4   317     1   318 0.98 -
d1r9la_c.94.1.1      -            309 d1ixha_c.94.1.1.aln  -            358   8.1e-36  119.3  10.4   1   1   3.4e-37     9e-36  119.1  10.4    56   356     4   308     1   309 0.98 -
d2i6ea1c.94.1.1      -            272 d1ixha_c.94.1.1.aln  -            358   6.5e-35  116.3   0.0   1   1   2.7e-36   7.2e-35  116.1   0.0    79   345     3   272     1   272 0.98 -
d2nxoa1c.94.1.1      -            277 d1ixha_c.94.1.1.aln  -            358   1.8e-33  111.5   0.0   1   1   8.3e-35   2.2e-33  111.3   0.0    79   349     4   273     1   276 0.98 -
d1nnfa_c.94.1.1      -            308 d1ixha_c.94.1.1.aln  -            358   3.4e-32  107.3  10.1   1   1   1.6e-33   4.1e-32  107.1  10.1    44   344     2   301     1   307 0.99 -
d1sbpa_c.94.1.1      -            309 d1ixha_c.94.1.1.aln  -            358   4.2e-32  107.0   8.7   1   1   1.8e-33   4.7e-32  106.9   8.7    44   353     3   308     1   309 0.99 -
d1pb7a_c.94.1.1      -            289 d1ixha_c.94.1.1.aln  -            358   1.2e-28   95.7   0.0   1   1   5.4e-30   1.4e-28   95.4   0.0    78   357     7   288     2   289 0.99 -
d1us5a_c.94.1.1      -            298 d1ixha_c.94.1.1.aln  -            358     3e-24   81.2   0.2   1   1   1.4e-25   3.6e-24   81.0   0.2    59   343     2   292     1   297 0.98 -
d1al3a_c.94.1.1      -            237 d1ixha_c.94.1.1.aln  -            358   2.3e-23   78.3   0.0   1   1   9.9e-25   2.6e-23   78.1   0.0    81   325     5   233     1   236 0.97 -
d1twya_c.94.1.1      -            249 d1ixha_c.94.1.1.aln  -            358     7e-19   63.5   0.1   1   1   3.1e-20   8.2e-19   63.3   0.1    83   330    15   246     4   249 0.95 -
d1sw5a_c.94.1.1      -            270 d1ixha_c.94.1.1.aln  -            358   9.8e-19   63.1   4.4   1   1   4.3e-20   1.1e-18   62.9   4.4    83   336     9   266     3   270 0.97 -
d2czla1c.94.1.1      -            270 d1ixha_c.94.1.1.aln  -            358   2.5e-18   61.7   0.0   1   1     1e-19   2.7e-18   61.6   0.0    78   353     2   269     1   270 0.96 -
d1xt8a1c.94.1.1      -            248 d1ixha_c.94.1.1.aln  -            358   4.3e-17   57.7   4.3   1   1   1.8e-18   4.6e-17   57.6   4.3    93   333    12   246     1   248 0.95 -
d1i6aa_c.94.1.1      -            212 d1ixha_c.94.1.1.aln  -            358   3.7e-13   44.7   0.0   1   1   1.7e-14   4.5e-13   44.5   0.0    80   252     3   168     1   178 0.93 -
d2ozza1c.94.1.1      -            228 d1ixha_c.94.1.1.aln  -            358   5.9e-13   44.1   0.0   1   1   2.5e-14   6.5e-13   43.9   0.0    78   323     4   225     1   228 0.92 -
d1atga_c.94.1.1      -            231 d1ixha_c.94.1.1.aln  -            358   9.8e-13   43.3   1.0   1   1   4.7e-14   1.2e-12   43.0   1.0    86   305     8   221     2   228 0.91 -
d1ii5a_c.94.1.1      -            226 d1ixha_c.94.1.1.aln  -            358   1.4e-11   39.5   0.2   1   1   5.9e-13   1.5e-11   39.4   0.2    82   323     4   223     1   226 0.95 -
d1ixca2c.94.1.1      -            205 d1ixha_c.94.1.1.aln  -            358   2.1e-08   29.1   0.0   1   1   9.7e-10   2.5e-08   28.8   0.0    85   258     5   172     2   191 0.91 -
d2esna2c.94.1.1      -            212 d1ixha_c.94.1.1.aln  -            358   8.7e-08   27.1   0.0   1   1   3.9e-09     1e-07   26.8   0.0    90   262    13   176     1   208 0.82 -
d2qmwa1c.94.1.1      -            184 d1ixha_c.94.1.1.aln  -            358   3.1e-07   25.3   0.1   1   1   9.1e-08   2.4e-06   22.3   0.1    97   232     3   131     1   184 0.80 -
d1ve4a1c.94.1.1      -            206 d1ixha_c.94.1.1.aln  -            358   0.00076   14.1   0.0   1   1   0.00037    0.0098   10.4   0.0    88   325    12   201     2   206 0.79 -
#
# Program:         hmmsearch
# Version:         3.1b2 (February 2015)
# Pipeline mode:   SEARCH
# Query file:      hmmModels30/d1ixha_c.94.1.1.hmm
# Target file:     scop/scopTestSeq.fasta
# Option settings: hmmsearch --domtblout hmmModels30/d1ixha_c.94.1.1.out -E 1 hmmModels30/d1ixha_c.94.1.1.hmm scop/scopTestSeq.fasta 
# Current dir:     /home/anastasia/SBAS/TME8
# Date:            Sat Apr  8 15:33:45 2023
# [ok]
