#                                                                            --- full sequence --- -------------- this domain -------------   hmm coord   ali coord   env coord
# target name        accession   tlen query name           accession   qlen   E-value  score  bias   #  of  c-Evalue  i-Evalue  score  bias  from    to  from    to  from    to  acc description of target
#------------------- ---------- ----- -------------------- ---------- ----- --------- ------ ----- --- --- --------- --------- ------ ----- ----- ----- ----- ----- ----- ----- ---- ---------------------
d1omra_a.39.1.5      -            201 d1j7qa_a.39.1.5.aln  -            174   1.8e-64  212.3   3.0   1   1   3.4e-66   2.1e-64  212.1   3.0     2   174     7   191     6   191 0.99 -
d1jbaa_a.39.1.5      -            189 d1j7qa_a.39.1.5.aln  -            174   5.8e-63  207.4   2.1   1   1   1.1e-64   6.5e-63  207.3   2.1     1   173     2   188     2   189 0.99 -
d1qv0a_a.39.1.5      -            189 d1j7qa_a.39.1.5.aln  -            174   1.1e-56  187.0   0.1   1   1     2e-58   1.2e-56  186.8   0.1     2   173     4   184     3   185 0.99 -
d2sasa_a.39.1.5      -            185 d1j7qa_a.39.1.5.aln  -            174   1.3e-52  173.7   2.0   1   1   2.4e-54   1.5e-52  173.5   2.0     1   174     3   181     3   181 0.99 -
d2zfda1a.39.1.5      -            183 d1j7qa_a.39.1.5.aln  -            174   6.1e-50  165.0   4.6   1   1   1.1e-51   6.8e-50  164.9   4.6     6   174     2   177     1   177 0.98 -
d1exra_a.39.1.5      -            146 d1j7qa_a.39.1.5.aln  -            174   4.3e-48  159.0   7.1   1   1   1.1e-49   6.8e-48  158.3   7.1    14   159     2   145     1   146 0.98 -
d1nyaa_a.39.1.5      -            176 d1j7qa_a.39.1.5.aln  -            174   3.9e-47  155.9   0.9   1   1   7.1e-49   4.3e-47  155.7   0.9     2   170     8   174     7   176 0.98 -
d1xo5a_a.39.1.5      -            180 d1j7qa_a.39.1.5.aln  -            174   9.7e-47  154.6   0.0   1   1   1.8e-48   1.1e-46  154.5   0.0     3   171     3   179     1   180 0.98 -
d2scpa_a.39.1.5      -            174 d1j7qa_a.39.1.5.aln  -            174   4.7e-44  145.9   4.4   1   1   8.5e-46   5.1e-44  145.7   4.4     6   174     2   170     1   170 0.98 -
d1jfka_a.39.1.5      -            134 d1j7qa_a.39.1.5.aln  -            174   5.1e-38  126.2   6.7   1   1   9.2e-40   5.6e-38  126.1   6.7    23   158     2   133     1   134 0.97 -
d1s6ja_a.39.1.5      -             87 d1j7qa_a.39.1.5.aln  -            174   8.8e-27   89.6   2.8   1   1   1.5e-28   9.4e-27   89.5   2.8    78   160     3    87     1    87 0.97 -
d1ctaa_a.39.1.5      -             34 d1j7qa_a.39.1.5.aln  -            174   2.5e-11   39.3   0.1   1   1   4.2e-13   2.5e-11   39.3   0.1    93   126     2    34     1    34 0.92 -
d1j7qa_a.39.1.5      -             86 d1j7qa_a.39.1.5.aln  -            174   0.00022   16.7   0.1   1   1   3.8e-06   0.00023   16.6   0.1    93   159    13    79     4    86 0.82 -
#
# Program:         hmmsearch
# Version:         3.1b2 (February 2015)
# Pipeline mode:   SEARCH
# Query file:      hmmModels30/d1j7qa_a.39.1.5.hmm
# Target file:     scop/scopTestSeq.fasta
# Option settings: hmmsearch --domtblout hmmModels30/d1j7qa_a.39.1.5.out -E 1 hmmModels30/d1j7qa_a.39.1.5.hmm scop/scopTestSeq.fasta 
# Current dir:     /home/anastasia/SBAS/TME8
# Date:            Sat Apr  8 15:33:45 2023
# [ok]
