#                                                                            --- full sequence --- -------------- this domain -------------   hmm coord   ali coord   env coord
# target name        accession   tlen query name           accession   qlen   E-value  score  bias   #  of  c-Evalue  i-Evalue  score  bias  from    to  from    to  from    to  acc description of target
#------------------- ---------- ----- -------------------- ---------- ----- --------- ------ ----- --- --- --------- --------- ------ ----- ----- ----- ----- ----- ----- ----- ---- ---------------------
d1lj8a4c.2.1.6       -            286 d1jaya_c.2.1.6.aln   -            183   1.2e-97  320.5   0.0   1   1   3.2e-99   1.4e-97  320.2   0.0     1   183    47   249    47   249 1.00 -
d1mv8a2c.2.1.6       -            202 d1jaya_c.2.1.6.aln   -            183   2.5e-45  149.9   0.0   1   1   6.4e-47   2.8e-45  149.8   0.0     1   182     1   195     1   196 0.99 -
d1evya2c.2.1.6       -            189 d1jaya_c.2.1.6.aln   -            183   2.1e-40  133.9   0.0   1   1   5.4e-42   2.4e-40  133.7   0.0     2   183     9   189     8   189 0.99 -
d1dlja2c.2.1.6       -            196 d1jaya_c.2.1.6.aln   -            183   4.9e-40  132.7   0.0   1   1   1.2e-41   5.5e-40  132.5   0.0     1   182     1   189     1   190 0.98 -
d1bg6a2c.2.1.6       -            184 d1jaya_c.2.1.6.aln   -            183   2.4e-38  127.2   0.0   1   1     6e-40   2.6e-38  127.1   0.0     2   180     3   183     2   184 0.98 -
d1f0ya2c.2.1.6       -            192 d1jaya_c.2.1.6.aln   -            183   1.4e-37  124.7   1.4   1   1   3.5e-39   1.6e-37  124.5   1.4     1   183     5   191     5   191 0.99 -
d1txga2c.2.1.6       -            180 d1jaya_c.2.1.6.aln   -            183   3.2e-36  120.3   0.0   1   1     8e-38   3.5e-36  120.1   0.0     1   178     1   179     1   180 0.99 -
d1ks9a2c.2.1.6       -            167 d1jaya_c.2.1.6.aln   -            183   3.7e-32  107.0   0.0   1   1   9.4e-34   4.1e-32  106.9   0.0     1   181     1   167     1   167 0.99 -
d2f1ka2c.2.1.6       -            165 d1jaya_c.2.1.6.aln   -            183   7.5e-32  106.0   0.0   1   1   1.9e-33   8.5e-32  105.8   0.0     1   180     1   165     1   165 0.96 -
d1vpda2c.2.1.6       -            161 d1jaya_c.2.1.6.aln   -            183   3.3e-27   90.9   0.2   1   1   8.9e-29   3.9e-27   90.7   0.2     1   180     1   160     1   161 0.96 -
d1i36a2c.2.1.6       -            152 d1jaya_c.2.1.6.aln   -            183   3.7e-23   77.7   0.2   1   1   9.3e-25   4.1e-23   77.5   0.2     2   149     2   134     1   147 0.97 -
d2pv7a2c.2.1.6       -            152 d1jaya_c.2.1.6.aln   -            183   1.8e-22   75.5   0.0   1   1   4.9e-24   2.2e-22   75.2   0.0     7   180     1   152     1   152 0.98 -
d2i76a2c.2.1.6       -            153 d1jaya_c.2.1.6.aln   -            183   2.3e-22   75.1   0.0   1   1   5.8e-24   2.5e-22   75.0   0.0     3   180     2   152     1   153 0.96 -
d1yqga2c.2.1.6       -            152 d1jaya_c.2.1.6.aln   -            183   4.4e-22   74.2   0.0   1   1   1.1e-23     5e-22   74.0   0.0     1   180     1   152     1   152 0.97 -
d2ahra2c.2.1.6       -            152 d1jaya_c.2.1.6.aln   -            183     1e-21   73.0   0.1   1   1   2.5e-23   1.1e-21   72.9   0.1     1   178     1   149     1   152 0.95 -
d1gpja2c.2.1.7       -            159 d1jaya_c.2.1.6.aln   -            183   0.00053   15.2   0.0   1   1   1.5e-05   0.00067   14.9   0.0     2    39    26    62    25   106 0.77 -
d1jaya_c.2.1.6       -            212 d1jaya_c.2.1.6.aln   -            183    0.0011   14.2   1.0   1   1   4.2e-05    0.0019   13.5   1.0     7   130     8   148     1   169 0.83 -
d1edza1c.2.1.7       -            171 d1jaya_c.2.1.6.aln   -            183    0.0051   12.0   0.0   1   1   0.00017    0.0073   11.5   0.0    11    80    41   107    40   122 0.91 -
#
# Program:         hmmsearch
# Version:         3.1b2 (February 2015)
# Pipeline mode:   SEARCH
# Query file:      hmmModels30/d1jaya_c.2.1.6.hmm
# Target file:     scop/scopTestSeq.fasta
# Option settings: hmmsearch --domtblout hmmModels30/d1jaya_c.2.1.6.out -E 1 hmmModels30/d1jaya_c.2.1.6.hmm scop/scopTestSeq.fasta 
# Current dir:     /home/anastasia/SBAS/TME8
# Date:            Sat Apr  8 15:33:45 2023
# [ok]
