#                                                                            --- full sequence --- -------------- this domain -------------   hmm coord   ali coord   env coord
# target name        accession   tlen query name           accession   qlen   E-value  score  bias   #  of  c-Evalue  i-Evalue  score  bias  from    to  from    to  from    to  acc description of target
#------------------- ---------- ----- -------------------- ---------- ----- --------- ------ ----- --- --- --------- --------- ------ ----- ----- ----- ----- ----- ----- ----- ---- ---------------------
d1s8na_c.23.1.1      -            190 d1jbea_c.23.1.1.aln  -            130   1.5e-57  188.5   0.6   1   1   4.6e-59   2.2e-57  188.0   0.6     2   130     2   127     1   127 0.98 -
d1k66a_c.23.1.1      -            149 d1jbea_c.23.1.1.aln  -            130   3.6e-43  142.0   0.0   1   1   8.7e-45     4e-43  141.8   0.0     2   129     5   143     4   144 0.98 -
d1mb3a_c.23.1.1      -            123 d1jbea_c.23.1.1.aln  -            130   3.3e-41  135.6   0.1   1   1   7.7e-43   3.6e-41  135.5   0.1     4   125     2   122     1   123 0.97 -
d2r25b_c.23.1.1      -            133 d1jbea_c.23.1.1.aln  -            130   7.4e-41  134.5   0.1   1   1   1.7e-42   8.1e-41  134.4   0.1     3   128     2   131     1   133 0.96 -
d2v0na2c.23.1.1      -            153 d1jbea_c.23.1.1.aln  -            130     9e-41  134.2   0.1   1   1   2.2e-42     1e-40  134.0   0.1     3   130    13   137    11   137 0.97 -
d1kgsa2c.23.1.1      -            122 d1jbea_c.23.1.1.aln  -            130   2.4e-40  132.9   0.1   1   1   5.6e-42   2.6e-40  132.7   0.1     4   126     2   121     1   122 0.98 -
d1dz3a_c.23.1.1      -            123 d1jbea_c.23.1.1.aln  -            130   2.7e-40  132.7   0.1   1   1   6.2e-42   2.9e-40  132.6   0.1     4   123     2   121     1   123 0.98 -
d1dbwa_c.23.1.1      -            123 d1jbea_c.23.1.1.aln  -            130   5.3e-32  105.9   0.3   1   1   1.2e-33   5.7e-32  105.7   0.3     2   124     2   121     1   123 0.97 -
d2b4aa1c.23.1.1      -            118 d1jbea_c.23.1.1.aln  -            130   1.4e-27   91.6   0.0   1   1   3.2e-29   1.5e-27   91.5   0.0     3   122     2   116     1   118 0.96 -
d1jbea_c.23.1.1      -            128 d1jbea_c.23.1.1.aln  -            130     1e-25   85.5   0.0   1   1   2.7e-27   1.2e-25   85.2   0.0     5   124     6   125     3   127 0.96 -
d3cfya_c.23.1.0      -            130 d1jbea_c.23.1.1.aln  -            130   1.4e-25   85.1   0.2   1   1   3.4e-27   1.6e-25   84.9   0.2     5   125     4   121     1   125 0.95 -
d3heba_c.23.1.0      -            142 d1jbea_c.23.1.1.aln  -            130   3.5e-24   80.6   0.0   1   1     9e-26   4.2e-24   80.3   0.0     5   120     2   127     1   133 0.96 -
d3khta_c.23.1.0      -            132 d1jbea_c.23.1.1.aln  -            130   1.1e-21   72.5   0.0   1   1   2.6e-23   1.2e-21   72.3   0.0     4   107     2   106     1   126 0.96 -
d3eqza_c.23.1.0      -            124 d1jbea_c.23.1.1.aln  -            130   1.1e-12   43.4   0.0   1   1   2.7e-14   1.3e-12   43.2   0.0     4   116     2   115     1   124 0.74 -
d3ktoa_c.23.1.0      -            122 d1jbea_c.23.1.1.aln  -            130   3.5e-10   35.3   0.4   1   1     9e-12   4.2e-10   35.0   0.4     7   123     4   119     2   122 0.77 -
d2plna_c.23.1.0      -            118 d1jbea_c.23.1.1.aln  -            130   1.3e-09   33.4   0.1   1   1   3.6e-11   1.7e-09   33.1   0.1     4   120     5   115     3   118 0.83 -
d1q0qa2c.2.1.3       -            152 d1jbea_c.23.1.1.aln  -            130   0.00084   14.6   0.6   1   2      0.11       5.2    2.4   0.0    65    98    16    48    12    53 0.71 -
d1q0qa2c.2.1.3       -            152 d1jbea_c.23.1.1.aln  -            130   0.00084   14.6   0.6   2   2   0.00031     0.014   10.7   0.3     9    53    55    98    51   118 0.81 -
#
# Program:         hmmsearch
# Version:         3.1b2 (February 2015)
# Pipeline mode:   SEARCH
# Query file:      hmmModels30/d1jbea_c.23.1.1.hmm
# Target file:     scop/scopTestSeq.fasta
# Option settings: hmmsearch --domtblout hmmModels30/d1jbea_c.23.1.1.out -E 1 hmmModels30/d1jbea_c.23.1.1.hmm scop/scopTestSeq.fasta 
# Current dir:     /home/anastasia/SBAS/TME8
# Date:            Sat Apr  8 15:33:45 2023
# [ok]
