#                                                                            --- full sequence --- -------------- this domain -------------   hmm coord   ali coord   env coord
# target name        accession   tlen query name           accession   qlen   E-value  score  bias   #  of  c-Evalue  i-Evalue  score  bias  from    to  from    to  from    to  acc description of target
#------------------- ---------- ----- -------------------- ---------- ----- --------- ------ ----- --- --- --------- --------- ------ ----- ----- ----- ----- ----- ----- ----- ---- ---------------------
d1omra_a.39.1.5      -            201 d1jbaa_a.39.1.5.aln  -            173   2.9e-66  218.0   3.9   1   1   5.5e-68   3.3e-66  217.8   3.9     2   173    10   192     9   192 0.99 -
d1qv0a_a.39.1.5      -            189 d1jbaa_a.39.1.5.aln  -            173   2.6e-58  192.1   0.1   1   1   4.8e-60   2.9e-58  192.0   0.1     2   173     7   186     6   186 0.99 -
d2sasa_a.39.1.5      -            185 d1jbaa_a.39.1.5.aln  -            173   1.5e-53  176.7   0.8   1   1   2.7e-55   1.6e-53  176.5   0.8     1   173     6   185     6   185 0.99 -
d2zfda1a.39.1.5      -            183 d1jbaa_a.39.1.5.aln  -            173   1.3e-52  173.6   4.8   1   1   2.4e-54   1.5e-52  173.4   4.8     3   173     2   178     1   178 0.99 -
d1exra_a.39.1.5      -            146 d1jbaa_a.39.1.5.aln  -            173   2.2e-49  163.1   7.2   1   1   5.9e-51   3.6e-49  162.4   7.2    12   157     2   145     1   146 0.98 -
d2scpa_a.39.1.5      -            174 d1jbaa_a.39.1.5.aln  -            173   2.4e-47  156.4   4.0   1   1   4.5e-49   2.7e-47  156.2   4.0     3   172     1   170     1   171 0.99 -
d1nyaa_a.39.1.5      -            176 d1jbaa_a.39.1.5.aln  -            173   1.5e-46  153.9   0.6   1   1   2.6e-48   1.6e-46  153.7   0.6     2   169     5   175     4   176 0.98 -
d1xo5a_a.39.1.5      -            180 d1jbaa_a.39.1.5.aln  -            173   1.9e-46  153.5   0.1   1   1   3.4e-48     2e-46  153.4   0.1     3   169     3   179     1   180 0.98 -
d1jfka_a.39.1.5      -            134 d1jbaa_a.39.1.5.aln  -            173   5.7e-38  125.9   6.2   1   1     1e-39   6.3e-38  125.8   6.2    21   157     2   134     1   134 0.98 -
d1s6ja_a.39.1.5      -             87 d1jbaa_a.39.1.5.aln  -            173   6.6e-27   89.9   3.2   1   1   1.2e-28   7.1e-27   89.8   3.2    74   158     2    87     1    87 0.97 -
d1jbaa_a.39.1.5      -            189 d1jbaa_a.39.1.5.aln  -            173   1.4e-26   88.8   1.0   1   1   3.1e-28   1.9e-26   88.4   1.0    20   164    24   181    19   187 0.89 -
d1j7qa_a.39.1.5      -             86 d1jbaa_a.39.1.5.aln  -            173   3.5e-23   77.7   0.1   1   1   6.1e-25   3.7e-23   77.7   0.1    80   165     3    85     1    86 0.95 -
d1ctaa_a.39.1.5      -             34 d1jbaa_a.39.1.5.aln  -            173   1.7e-10   36.4   0.1   1   1   2.8e-12   1.7e-10   36.4   0.1    90   124     2    34     1    34 0.89 -
#
# Program:         hmmsearch
# Version:         3.1b2 (February 2015)
# Pipeline mode:   SEARCH
# Query file:      hmmModels30/d1jbaa_a.39.1.5.hmm
# Target file:     scop/scopTestSeq.fasta
# Option settings: hmmsearch --domtblout hmmModels30/d1jbaa_a.39.1.5.out -E 1 hmmModels30/d1jbaa_a.39.1.5.hmm scop/scopTestSeq.fasta 
# Current dir:     /home/anastasia/SBAS/TME8
# Date:            Sat Apr  8 15:33:45 2023
# [ok]
