#                                                                            --- full sequence --- -------------- this domain -------------   hmm coord   ali coord   env coord
# target name        accession   tlen query name           accession   qlen   E-value  score  bias   #  of  c-Evalue  i-Evalue  score  bias  from    to  from    to  from    to  acc description of target
#------------------- ---------- ----- -------------------- ---------- ----- --------- ------ ----- --- --- --------- --------- ------ ----- ----- ----- ----- ----- ----- ----- ---- ---------------------
d2fbka1a.4.5.28      -            172 d1jgsa_a.4.5.28.aln  -            142   5.7e-59  193.5   0.1   1   1   1.7e-60   6.9e-59  193.2   0.1     2   142    32   172    31   172 0.99 -
d2fxaa1a.4.5.28      -            162 d1jgsa_a.4.5.28.aln  -            142   3.7e-54  177.9   0.0   1   1   1.1e-55   4.2e-54  177.7   0.0     2   142     8   148     7   148 0.99 -
d2etha1a.4.5.28      -            140 d1jgsa_a.4.5.28.aln  -            142   1.2e-39  130.9   0.0   1   1   3.3e-41   1.3e-39  130.7   0.0     3   142     2   139     1   139 0.98 -
d1lj9a_a.4.5.28      -            144 d1jgsa_a.4.5.28.aln  -            142     2e-39  130.1   1.5   1   1   5.5e-41   2.2e-39  130.0   1.5     8   141     2   135     1   136 0.98 -
d2fbia1a.4.5.28      -            136 d1jgsa_a.4.5.28.aln  -            142   1.3e-38  127.5   0.8   1   1   3.6e-40   1.4e-38  127.4   0.8     8   139     3   134     1   136 0.98 -
d1s3ja_a.4.5.28      -            143 d1jgsa_a.4.5.28.aln  -            142   2.5e-37  123.3   4.5   1   1     7e-39   2.8e-37  123.2   4.5     2   141     2   141     1   142 0.98 -
d3echa_a.4.5.28      -            142 d1jgsa_a.4.5.28.aln  -            142   8.3e-37  121.6   0.1   1   1   2.3e-38   9.1e-37  121.5   0.1     3   139     5   141     3   142 0.98 -
d3broa1a.4.5.28      -            135 d1jgsa_a.4.5.28.aln  -            142   7.9e-35  115.2   5.2   1   1   2.2e-36   8.6e-35  115.1   5.2     6   138     2   134     1   135 0.98 -
d2a61a1a.4.5.28      -            139 d1jgsa_a.4.5.28.aln  -            142     4e-34  112.9   0.0   1   1   1.1e-35   4.3e-34  112.8   0.0     7   142     4   137     1   137 0.97 -
d2fbha1a.4.5.28      -            137 d1jgsa_a.4.5.28.aln  -            142   6.2e-34  112.3   0.3   1   1   1.7e-35   6.8e-34  112.2   0.3     8   142     2   136     1   136 0.98 -
d1p4xa1a.4.5.28      -            125 d1jgsa_a.4.5.28.aln  -            142   7.3e-33  108.8   1.6   1   1     2e-34     8e-33  108.7   1.6     2   123     3   124     2   125 0.97 -
d2hr3a1a.4.5.28      -            145 d1jgsa_a.4.5.28.aln  -            142   2.1e-32  107.4   0.3   1   1   5.8e-34   2.3e-32  107.2   0.3     3   142     3   142     1   142 0.98 -
d1p4xa2a.4.5.28      -            125 d1jgsa_a.4.5.28.aln  -            142     9e-31  102.1   3.1   1   1   2.4e-32   9.6e-31  102.0   3.1     2   122     2   122     1   125 0.96 -
d1hsja1a.4.5.28      -            115 d1jgsa_a.4.5.28.aln  -            142   6.7e-29   96.0   3.4   1   1   1.8e-30   7.3e-29   95.9   3.4     3   115     2   114     1   115 0.98 -
d3jw4a_a.4.5.0       -            137 d1jgsa_a.4.5.28.aln  -            142   1.1e-20   69.3   0.3   1   1   3.1e-22   1.2e-20   69.2   0.3    22   133    19   130     5   137 0.92 -
d1ub9a_a.4.5.28      -            100 d1jgsa_a.4.5.28.aln  -            142   1.7e-20   68.7   0.0   1   1   4.7e-22   1.9e-20   68.6   0.0    18   117     1    98     1   100 0.96 -
d3bjaa_a.4.5.0       -            139 d1jgsa_a.4.5.28.aln  -            142   1.1e-17   59.6   0.1   1   1   3.3e-19   1.3e-17   59.4   0.1    26   138    26   136    14   139 0.87 -
d1jgsa_a.4.5.28      -            138 d1jgsa_a.4.5.28.aln  -            142   4.4e-16   54.4   0.0   1   1   1.3e-17   5.3e-16   54.2   0.0    11   137    10   137     7   138 0.96 -
d3ctaa1a.4.5.28      -             85 d1jgsa_a.4.5.28.aln  -            142   2.4e-15   52.1   0.3   1   1   7.1e-17   2.8e-15   51.9   0.3    48   114    20    83     2    85 0.93 -
d3df8a_a.4.5.0       -            109 d1jgsa_a.4.5.28.aln  -            142    0.0059   11.9   0.1   1   1   0.00021    0.0084   11.4   0.1    60   108    54    98    17   104 0.77 -
#
# Program:         hmmsearch
# Version:         3.1b2 (February 2015)
# Pipeline mode:   SEARCH
# Query file:      hmmModels30/d1jgsa_a.4.5.28.hmm
# Target file:     scop/scopTestSeq.fasta
# Option settings: hmmsearch --domtblout hmmModels30/d1jgsa_a.4.5.28.out -E 1 hmmModels30/d1jgsa_a.4.5.28.hmm scop/scopTestSeq.fasta 
# Current dir:     /home/anastasia/SBAS/TME8
# Date:            Sat Apr  8 15:33:46 2023
# [ok]
