#                                                                            --- full sequence --- -------------- this domain -------------   hmm coord   ali coord   env coord
# target name        accession   tlen query name           accession   qlen   E-value  score  bias   #  of  c-Evalue  i-Evalue  score  bias  from    to  from    to  from    to  acc description of target
#------------------- ---------- ----- -------------------- ---------- ----- --------- ------ ----- --- --- --------- --------- ------ ----- ----- ----- ----- ----- ----- ----- ---- ---------------------
d1bf2a1b.1.18.2      -            162 d1ji1a1b.1.18.2.aln  -            112   6.3e-59  192.6   7.8   1   1     2e-60   8.3e-59  192.2   7.8     1   112    12   123    12   123 0.99 -
d1j0ha1b.1.18.2      -            123 d1ji1a1b.1.18.2.aln  -            112   1.4e-28   94.8   0.0   1   1   3.8e-30   1.6e-28   94.7   0.0     1   111    12   122    12   123 0.99 -
d2fhfa1b.1.18.2      -            115 d1ji1a1b.1.18.2.aln  -            112   3.1e-22   74.4   5.2   1   1   8.2e-24   3.4e-22   74.3   5.2     1   111     1   111     1   112 0.98 -
d2fhfa2b.1.18.2      -            125 d1ji1a1b.1.18.2.aln  -            112   6.8e-22   73.3   0.3   1   1   1.8e-23   7.5e-22   73.2   0.3     2   110    13   121    12   123 0.98 -
d1txka1b.1.18.2      -            115 d1ji1a1b.1.18.2.aln  -            112   1.2e-19   66.1   1.3   1   1   3.2e-21   1.3e-19   66.0   1.3     2   111     5   114     4   115 0.98 -
d1m7xa1b.1.18.2      -            110 d1ji1a1b.1.18.2.aln  -            112   2.3e-19   65.2   0.0   1   1     6e-21   2.5e-19   65.1   0.0     4   111     1   108     1   109 0.98 -
d1ut9a2b.1.18.2      -             98 d1ji1a1b.1.18.2.aln  -            112   1.5e-18   62.6   0.1   1   1   3.9e-20   1.6e-18   62.5   0.1    14   111     3    97     1    98 0.97 -
d1edqa1b.1.18.2      -            109 d1ji1a1b.1.18.2.aln  -            112   6.3e-17   57.3   3.1   1   1   1.7e-18   6.9e-17   57.2   3.1     3   108     7   107     5   109 0.97 -
d2bhua1b.1.18.2      -             97 d1ji1a1b.1.18.2.aln  -            112   2.2e-15   52.4   0.0   1   1   5.4e-17   2.3e-15   52.3   0.0    14   105     3    94     1    97 0.96 -
d1w8oa1b.1.18.2      -            103 d1ji1a1b.1.18.2.aln  -            112   6.3e-15   50.9   1.1   1   1   1.7e-16   6.9e-15   50.8   1.1     3   111     2   102     1   103 0.97 -
d1clca2b.1.18.2      -            100 d1ji1a1b.1.18.2.aln  -            112   6.9e-15   50.8   0.3   1   1   1.8e-16   7.6e-15   50.7   0.3     2   106     4   100     3   100 0.96 -
d1k3ia1b.1.18.2      -            102 d1ji1a1b.1.18.2.aln  -            112   4.4e-14   48.2   1.6   1   1   1.1e-15   4.6e-14   48.1   1.6    11   108     2    99     1   102 0.96 -
d1qbaa1b.1.18.2      -            105 d1ji1a1b.1.18.2.aln  -            112   1.1e-13   46.9   0.0   1   1   2.9e-15   1.2e-13   46.8   0.0     3   103     2   100     1   105 0.95 -
d1h3ga1b.1.18.2      -             93 d1ji1a1b.1.18.2.aln  -            112   2.9e-12   42.3   0.0   1   1   7.6e-14   3.1e-12   42.2   0.0    14   111     3    91     1    92 0.96 -
d2bvya1b.1.18.2      -             94 d1ji1a1b.1.18.2.aln  -            112   1.4e-10   36.9   9.9   1   1   3.6e-12   1.5e-10   36.8   9.9    13   108     2    91     1    94 0.95 -
d3bmva1b.1.18.2      -             83 d1ji1a1b.1.18.2.aln  -            112   1.4e-08   30.5   1.3   1   1   3.6e-10   1.5e-08   30.4   1.3    14   105     2    82     1    83 0.96 -
d1ulva2b.1.18.2      -             89 d1ji1a1b.1.18.2.aln  -            112   3.1e-07   26.2   6.7   1   1   7.9e-09   3.3e-07   26.1   6.7    12   109     2    88     1    89 0.94 -
d1f1sa2b.1.18.2      -             78 d1ji1a1b.1.18.2.aln  -            112   5.9e-07   25.2   0.4   1   1   1.5e-08   6.1e-07   25.2   0.4    19    99     2    72     1    78 0.91 -
d2g7ga2a.121.1.1     -            132 d1ji1a1b.1.18.2.aln  -            112     0.002   13.9   0.0   1   1   7.6e-05    0.0032   13.2   0.0    64   106    29    71    23    75 0.94 -
#
# Program:         hmmsearch
# Version:         3.1b2 (February 2015)
# Pipeline mode:   SEARCH
# Query file:      hmmModels30/d1ji1a1b.1.18.2.hmm
# Target file:     scop/scopTestSeq.fasta
# Option settings: hmmsearch --domtblout hmmModels30/d1ji1a1b.1.18.2.out -E 1 hmmModels30/d1ji1a1b.1.18.2.hmm scop/scopTestSeq.fasta 
# Current dir:     /home/anastasia/SBAS/TME8
# Date:            Sat Apr  8 15:33:46 2023
# [ok]
