#                                                                            --- full sequence --- -------------- this domain -------------   hmm coord   ali coord   env coord
# target name        accession   tlen query name           accession   qlen   E-value  score  bias   #  of  c-Evalue  i-Evalue  score  bias  from    to  from    to  from    to  acc description of target
#------------------- ---------- ----- -------------------- ---------- ----- --------- ------ ----- --- --- --------- --------- ------ ----- ----- ----- ----- ----- ----- ----- ---- ---------------------
d1kkoa2d.54.1.1      -            160 d1jpdx2d.54.1.1.aln  -            130   3.5e-54  177.9   0.0   1   1   5.6e-56     4e-54  177.7   0.0     1   130    21   158    21   158 0.99 -
d1wuea2d.54.1.1      -            126 d1jpdx2d.54.1.1.aln  -            130     1e-44  147.3   0.0   1   1   1.6e-46   1.1e-44  147.2   0.0     1   128     1   126     1   126 0.99 -
d1yeya2d.54.1.1      -            139 d1jpdx2d.54.1.1.aln  -            130   1.6e-41  137.0   0.3   1   1   2.5e-43   1.8e-41  136.9   0.3     2   130     2   139     1   139 0.99 -
d1sjda2d.54.1.1      -            125 d1jpdx2d.54.1.1.aln  -            130   2.8e-39  129.7   0.1   1   1   4.3e-41   3.1e-39  129.6   0.1     1   128     1   125     1   125 0.98 -
d2mnra2d.54.1.1      -            130 d1jpdx2d.54.1.1.aln  -            130     1e-37  124.7   0.5   1   1   1.6e-39   1.1e-37  124.6   0.5     2   129     3   128     2   129 0.98 -
d1r0ma2d.54.1.1      -            127 d1jpdx2d.54.1.1.aln  -            130   2.4e-37  123.5   0.1   1   1   3.7e-39   2.7e-37  123.4   0.1     1   128     3   127     3   127 0.99 -
d2gdqa2d.54.1.1      -            115 d1jpdx2d.54.1.1.aln  -            130   1.2e-35  118.0   0.0   1   1   1.9e-37   1.4e-35  117.8   0.0     1   128     1   115     1   115 0.99 -
d2gl5a2d.54.1.1      -            122 d1jpdx2d.54.1.1.aln  -            130   3.5e-35  116.5   0.0   1   1   5.4e-37   3.9e-35  116.3   0.0     2   128     2   122     1   122 0.99 -
d2akza2d.54.1.1      -            139 d1jpdx2d.54.1.1.aln  -            130   1.2e-33  111.5   0.0   1   1   1.9e-35   1.3e-33  111.4   0.0     2   130     1   137     1   137 0.99 -
d1r6wa2d.54.1.1      -            101 d1jpdx2d.54.1.1.aln  -            130   8.8e-22   73.2   0.3   1   1   7.9e-22   5.7e-20   67.3   0.3     2   129     2   100     1   101 0.98 -
d1jpdx2d.54.1.1      -            116 d1jpdx2d.54.1.1.aln  -            130   7.2e-12   41.1   0.9   1   1   2.1e-12   1.5e-10   36.8   0.9     2   127     3   115     2   116 0.80 -
#
# Program:         hmmsearch
# Version:         3.1b2 (February 2015)
# Pipeline mode:   SEARCH
# Query file:      hmmModels30/d1jpdx2d.54.1.1.hmm
# Target file:     scop/scopTestSeq.fasta
# Option settings: hmmsearch --domtblout hmmModels30/d1jpdx2d.54.1.1.out -E 1 hmmModels30/d1jpdx2d.54.1.1.hmm scop/scopTestSeq.fasta 
# Current dir:     /home/anastasia/SBAS/TME8
# Date:            Sat Apr  8 15:33:46 2023
# [ok]
