#                                                                            --- full sequence --- -------------- this domain -------------   hmm coord   ali coord   env coord
# target name        accession   tlen query name           accession   qlen   E-value  score  bias   #  of  c-Evalue  i-Evalue  score  bias  from    to  from    to  from    to  acc description of target
#------------------- ---------- ----- -------------------- ---------- ----- --------- ------ ----- --- --- --------- --------- ------ ----- ----- ----- ----- ----- ----- ----- ---- ---------------------
d1kola2c.2.1.1       -            195 d1jqba2c.2.1.1.aln   -            180   3.8e-63  207.7   0.8   1   1   7.6e-65   4.3e-63  207.6   0.8     5   180     2   191     1   191 0.99 -
d1pqwa_c.2.1.1       -            183 d1jqba2c.2.1.1.aln   -            180   2.5e-60  198.6   0.5   1   1     5e-62   2.8e-60  198.4   0.5     4   180     1   176     1   176 0.99 -
d1qora2c.2.1.1       -            179 d1jqba2c.2.1.1.aln   -            180   7.4e-59  193.8   0.4   1   1   1.4e-60   8.2e-59  193.6   0.4     2   179     2   178     1   179 0.99 -
d2dm6a2c.2.1.1       -            182 d1jqba2c.2.1.1.aln   -            180     3e-58  191.8   0.1   1   1   5.8e-60   3.3e-58  191.7   0.1     5   179     6   179     2   180 0.98 -
d1gu7a2c.2.1.1       -            189 d1jqba2c.2.1.1.aln   -            180   5.8e-58  190.9   0.0   1   1   1.1e-59   6.4e-58  190.7   0.0     2   180     2   189     1   189 0.96 -
d1yb5a2c.2.1.1       -            174 d1jqba2c.2.1.1.aln   -            180   1.9e-56  186.0   1.8   1   1   3.6e-58   2.1e-56  185.8   1.8     2   180     2   174     1   174 0.99 -
d1vj0a2c.2.1.1       -            182 d1jqba2c.2.1.1.aln   -            180   6.2e-56  184.3   0.0   1   1   1.2e-57   6.8e-56  184.1   0.0     2   179     2   181     1   182 0.98 -
d2jhfa2c.2.1.1       -            176 d1jqba2c.2.1.1.aln   -            180   2.6e-49  162.7   1.0   1   1   5.1e-51   2.9e-49  162.5   1.0     2   172     2   174     1   176 0.98 -
d1h2ba2c.2.1.1       -            172 d1jqba2c.2.1.1.aln   -            180   3.1e-48  159.2   1.3   1   1     6e-50   3.4e-48  159.1   1.3     2   171     5   171     4   172 0.98 -
d1o89a2c.2.1.1       -            177 d1jqba2c.2.1.1.aln   -            180   3.6e-48  158.9   0.3   1   1   7.2e-50     4e-48  158.8   0.3     2   179     5   174     4   175 0.98 -
d1pl8a2c.2.1.1       -            171 d1jqba2c.2.1.1.aln   -            180   8.1e-48  157.8   3.7   1   1   1.6e-49   8.8e-48  157.7   3.7     5   169     3   169     1   171 0.97 -
d1piwa2c.2.1.1       -            168 d1jqba2c.2.1.1.aln   -            180   1.7e-42  140.4   0.0   1   1   3.4e-44   1.9e-42  140.3   0.0     2   170     2   166     1   168 0.97 -
d1jqba2c.2.1.1       -            174 d1jqba2c.2.1.1.aln   -            180   1.3e-21   72.5   4.9   1   1     3e-23   1.7e-21   72.1   4.9     7   124     6   123     3   130 0.90 -
d1luaa1c.2.1.7       -            191 d1jqba2c.2.1.1.aln   -            180     0.019   10.0   8.5   1   1   0.00071      0.04    8.9   8.5    20    70    14    64     5    69 0.83 -
#
# Program:         hmmsearch
# Version:         3.1b2 (February 2015)
# Pipeline mode:   SEARCH
# Query file:      hmmModels30/d1jqba2c.2.1.1.hmm
# Target file:     scop/scopTestSeq.fasta
# Option settings: hmmsearch --domtblout hmmModels30/d1jqba2c.2.1.1.out -E 1 hmmModels30/d1jqba2c.2.1.1.hmm scop/scopTestSeq.fasta 
# Current dir:     /home/anastasia/SBAS/TME8
# Date:            Sat Apr  8 15:33:46 2023
# [ok]
