#                                                                            --- full sequence --- -------------- this domain -------------   hmm coord   ali coord   env coord
# target name        accession   tlen query name           accession   qlen   E-value  score  bias   #  of  c-Evalue  i-Evalue  score  bias  from    to  from    to  from    to  acc description of target
#------------------- ---------- ----- -------------------- ---------- ----- --------- ------ ----- --- --- --------- --------- ------ ----- ----- ----- ----- ----- ----- ----- ---- ---------------------
d2jhfa1b.35.1.2      -            199 d1jqba1b.35.1.2.aln  -            181   1.8e-68  225.5   0.0   1   1   2.9e-70   2.1e-68  225.3   0.0     1   178     6   198     6   199 0.99 -
d1piwa1b.35.1.2      -            193 d1jqba1b.35.1.2.aln  -            181   2.9e-66  218.3   0.5   1   1   4.5e-68   3.2e-66  218.2   0.5     1   179     1   185     1   187 0.98 -
d1f8fa1b.35.1.2      -            195 d1jqba1b.35.1.2.aln  -            181   6.1e-63  207.5   0.1   1   1   9.4e-65   6.7e-63  207.4   0.1     2   180     2   195     1   195 0.99 -
d1pl8a1b.35.1.2      -            186 d1jqba1b.35.1.2.aln  -            181   2.8e-62  205.4   0.0   1   1   4.3e-64   3.1e-62  205.2   0.0     3   180     4   180     2   181 0.98 -
d1kola1b.35.1.2      -            202 d1jqba1b.35.1.2.aln  -            181   3.4e-61  201.8   0.3   1   1   5.2e-63   3.7e-61  201.7   0.3     4   180     2   197     1   198 0.99 -
d1h2ba1b.35.1.2      -            172 d1jqba1b.35.1.2.aln  -            181   1.2e-56  187.0   0.0   1   1   1.9e-58   1.3e-56  186.9   0.0     5   179     1   171     1   172 0.98 -
d1gu7a1b.35.1.2      -            176 d1jqba1b.35.1.2.aln  -            181   2.6e-49  163.1   0.0   1   1   4.2e-51     3e-49  162.9   0.0     1   180     1   173     1   174 0.99 -
d1yb5a1b.35.1.2      -            151 d1jqba1b.35.1.2.aln  -            181   1.8e-41  137.6   0.0   1   1   5.8e-42   4.2e-40  133.1   0.0     3   179     2   149     1   151 0.97 -
d2dm6a1b.35.1.2      -            148 d1jqba1b.35.1.2.aln  -            181   2.6e-32  107.7   0.0   1   1   5.2e-33   3.7e-31  103.9   0.0     2   179     4   147     3   148 0.98 -
d1o89a1b.35.1.2      -            147 d1jqba1b.35.1.2.aln  -            181   3.7e-32  107.2   0.0   1   1   1.8e-33   1.3e-31  105.5   0.0     5   179     2   146     1   147 0.97 -
d1jqba1b.35.1.2      -            178 d1jqba1b.35.1.2.aln  -            181   2.1e-17   59.1   0.0   1   1   3.7e-19   2.7e-17   58.8   0.0    31   111    24   104    12   170 0.73 -
#
# Program:         hmmsearch
# Version:         3.1b2 (February 2015)
# Pipeline mode:   SEARCH
# Query file:      hmmModels30/d1jqba1b.35.1.2.hmm
# Target file:     scop/scopTestSeq.fasta
# Option settings: hmmsearch --domtblout hmmModels30/d1jqba1b.35.1.2.out -E 1 hmmModels30/d1jqba1b.35.1.2.hmm scop/scopTestSeq.fasta 
# Current dir:     /home/anastasia/SBAS/TME8
# Date:            Sat Apr  8 15:33:46 2023
# [ok]
