#                                                                            --- full sequence --- -------------- this domain -------------   hmm coord   ali coord   env coord
# target name        accession   tlen query name           accession   qlen   E-value  score  bias   #  of  c-Evalue  i-Evalue  score  bias  from    to  from    to  from    to  acc description of target
#------------------- ---------- ----- -------------------- ---------- ----- --------- ------ ----- --- --- --------- --------- ------ ----- ----- ----- ----- ----- ----- ----- ---- ---------------------
d1g41a_c.37.1.20     -            443 d1jqlb_c.37.1.20.aln -            278    8e-136  447.4   4.7   1   1  2.9e-137  9.4e-136  447.2   4.7     3   278     1   435     1   435 1.00 -
d1um8a_c.37.1.20     -            364 d1jqlb_c.37.1.20.aln -            278  3.4e-100  330.5   2.6   1   1  1.2e-101  3.9e-100  330.3   2.6     2   278     3   364     2   364 0.99 -
d1svma_c.37.1.20     -            362 d1jqlb_c.37.1.20.aln -            278   5.7e-76  251.1   0.0   1   1   1.9e-77   6.4e-76  250.9   0.0     1   278    10   347    10   347 0.99 -
d1r6bx3c.37.1.20     -            315 d1jqlb_c.37.1.20.aln -            278   3.3e-61  202.7   0.1   1   1   1.1e-62   3.7e-61  202.5   0.1     1   277     7   312     7   313 0.99 -
d1g8pa_c.37.1.20     -            333 d1jqlb_c.37.1.20.aln -            278   5.2e-46  152.8   0.0   1   1   1.8e-47   5.8e-46  152.6   0.0     2   276     6   318     5   320 0.99 -
d1sxja2c.37.1.20     -            253 d1jqlb_c.37.1.20.aln -            278   6.3e-43  142.7   0.0   1   1   2.1e-44     7e-43  142.5   0.0     4   255     2   251     1   253 0.98 -
d2a5yb3c.37.1.20     -            277 d1jqlb_c.37.1.20.aln -            278   8.6e-41  135.7   0.0   1   1   2.9e-42   9.7e-41  135.5   0.0     2   278     7   273     6   273 0.98 -
d1iqpa2c.37.1.20     -            231 d1jqlb_c.37.1.20.aln -            278   3.4e-40  133.7   0.2   1   1   1.2e-41   3.8e-40  133.5   0.2     2   249    10   229     9   231 0.98 -
d1in4a2c.37.1.20     -            238 d1jqlb_c.37.1.20.aln -            278   5.1e-40  133.1   1.9   1   1   1.7e-41   5.6e-40  133.0   1.9     9   265     2   238     1   238 0.99 -
d1njfa_c.37.1.20     -            239 d1jqlb_c.37.1.20.aln -            278   1.3e-38  128.5   0.0   1   1   4.4e-40   1.4e-38  128.4   0.0     6   251     2   237     1   239 0.98 -
d2fnaa2c.37.1.20     -            283 d1jqlb_c.37.1.20.aln -            278   2.5e-38  127.6   1.2   1   1   8.3e-40   2.7e-38  127.5   1.2     5   277     1   274     1   275 0.98 -
d1lv7a_c.37.1.20     -            256 d1jqlb_c.37.1.20.aln -            278   7.1e-37  122.8   0.0   1   1   2.4e-38   7.9e-37  122.7   0.0     5   258     1   255     1   256 0.97 -
d1w5sa2c.37.1.20     -            287 d1jqlb_c.37.1.20.aln -            278     3e-36  120.8   0.0   1   1     1e-37   3.3e-36  120.6   0.0     2   276     5   278     4   280 0.99 -
d1u0ja_c.37.1.20     -            267 d1jqlb_c.37.1.20.aln -            278   1.8e-35  118.2   0.0   1   1   5.9e-37   1.9e-35  118.1   0.0     4   273     6   267     3   267 0.98 -
d1fnna2c.37.1.20     -            276 d1jqlb_c.37.1.20.aln -            278   1.8e-35  118.2   0.0   1   1     6e-37     2e-35  118.1   0.0     2   272     5   275     4   276 0.98 -
d1d2na_c.37.1.20     -            246 d1jqlb_c.37.1.20.aln -            278   2.8e-29   97.9   0.1   1   1   9.1e-31     3e-29   97.8   0.1     1   254     1   241     1   246 0.97 -
d1ny5a2c.37.1.20     -            247 d1jqlb_c.37.1.20.aln -            278     4e-23   77.7   0.2   1   1   1.4e-24   4.5e-23   77.5   0.2     2   262     4   245     3   247 0.98 -
d1l8qa2c.37.1.20     -            213 d1jqlb_c.37.1.20.aln -            278   2.7e-20   68.4   1.7   1   1   9.7e-22   3.2e-20   68.2   1.7     6   250     3   211     1   213 0.96 -
d1a5ta2c.37.1.20     -            207 d1jqlb_c.37.1.20.aln -            278   2.9e-18   61.8   0.0   1   1     1e-19   3.4e-18   61.6   0.0     6   233     3   191     1   198 0.91 -
d1tuea_c.37.1.20     -            205 d1jqlb_c.37.1.20.aln -            278   5.9e-17   57.5   0.0   1   1     2e-18   6.5e-17   57.3   0.0     7   250     4   203     1   205 0.98 -
d2gnoa2c.37.1.20     -            198 d1jqlb_c.37.1.20.aln -            278   5.4e-16   54.3   0.2   1   1   1.8e-17   5.8e-16   54.2   0.2    44   256    16   195     1   198 0.94 -
d2p65a_c.37.1.20     -            185 d1jqlb_c.37.1.20.aln -            278   2.1e-08   29.4   0.7   1   1   1.4e-09   4.6e-08   28.3   0.7    47   245    21   183    11   185 0.95 -
d1qzma_c.37.1.20     -             94 d1jqlb_c.37.1.20.aln -            278   5.4e-06   21.5   0.1   1   1   1.7e-07   5.5e-06   21.5   0.1    50   150     2    89     1    94 0.93 -
d1y63a_c.37.1.1      -            174 d1jqlb_c.37.1.20.aln -            278   0.00038   15.5   0.1   1   2   4.4e-05    0.0014   13.6   0.1    45    69     7    31     5    36 0.91 -
d1y63a_c.37.1.1      -            174 d1jqlb_c.37.1.20.aln -            278   0.00038   15.5   0.1   2   2       1.4        45   -1.2   0.0    10    28    50    68    45    79 0.73 -
#
# Program:         hmmsearch
# Version:         3.1b2 (February 2015)
# Pipeline mode:   SEARCH
# Query file:      hmmModels30/d1jqlb_c.37.1.20.hmm
# Target file:     scop/scopTestSeq.fasta
# Option settings: hmmsearch --domtblout hmmModels30/d1jqlb_c.37.1.20.out -E 1 hmmModels30/d1jqlb_c.37.1.20.hmm scop/scopTestSeq.fasta 
# Current dir:     /home/anastasia/SBAS/TME8
# Date:            Sat Apr  8 15:33:46 2023
# [ok]
