#                                                                            --- full sequence --- -------------- this domain -------------   hmm coord   ali coord   env coord
# target name        accession   tlen query name           accession   qlen   E-value  score  bias   #  of  c-Evalue  i-Evalue  score  bias  from    to  from    to  from    to  acc description of target
#------------------- ---------- ----- -------------------- ---------- ----- --------- ------ ----- --- --- --------- --------- ------ ----- ----- ----- ----- ----- ----- ----- ---- ---------------------
d1d7qa_b.40.4.5      -            143 d1jt8a_b.40.4.5.aln  -             90   7.9e-28   91.9   0.2   1   1     5e-29   1.2e-27   91.4   0.2     1    90    11   105    11   105 0.99 -
d2vnud3b.40.4.5      -            148 d1jt8a_b.40.4.5.aln  -             90   9.9e-26   85.2   0.0   1   1   6.2e-27   1.4e-25   84.7   0.0     2    90    16   112    15   112 0.98 -
d1wi5a_b.40.4.5      -            119 d1jt8a_b.40.4.5.aln  -             90   4.7e-24   79.8   0.0   1   1   2.5e-25   5.8e-24   79.5   0.0     2    90    16   103    15   103 0.97 -
d2nn6i1b.40.4.5      -            125 d1jt8a_b.40.4.5.aln  -             90   3.7e-23   77.0   0.1   1   1   1.8e-24   4.3e-23   76.8   0.1     1    90     1    97     1    97 0.98 -
d3bzka4b.40.4.5      -             94 d1jt8a_b.40.4.5.aln  -             90   1.3e-16   56.1   0.7   1   1     6e-18   1.4e-16   56.0   0.7     2    80    13    88    12    93 0.93 -
d1go3e1b.40.4.5      -            106 d1jt8a_b.40.4.5.aln  -             90   3.6e-15   51.5   0.4   1   1   1.9e-16   4.3e-15   51.2   0.4     5    88     1    91     1    93 0.98 -
d1y14b1b.40.4.5      -             91 d1jt8a_b.40.4.5.aln  -             90   1.2e-12   43.4   0.0   1   1   5.5e-14   1.3e-12   43.3   0.0     5    89     1    84     1    85 0.96 -
d1luza_b.40.4.5      -             85 d1jt8a_b.40.4.5.aln  -             90   1.3e-12   43.3   0.4   1   1   5.9e-14   1.4e-12   43.2   0.4     2    84     3    83     2    85 0.96 -
d2je6i1b.40.4.5      -             87 d1jt8a_b.40.4.5.aln  -             90   1.4e-12   43.1   0.8   1   1   6.8e-14   1.6e-12   43.0   0.8     1    87     1    87     1    87 0.98 -
d1kl9a2b.40.4.5      -             86 d1jt8a_b.40.4.5.aln  -             90   3.4e-12   42.0   1.2   1   1   1.6e-13   3.7e-12   41.8   1.2     2    80     8    85     7    86 0.97 -
d2ja9a1b.40.4.5      -             90 d1jt8a_b.40.4.5.aln  -             90   3.4e-12   42.0   0.0   1   1   1.6e-13   3.7e-12   41.8   0.0     2    87     2    84     1    87 0.96 -
d2uubq1b.40.4.5      -            100 d1jt8a_b.40.4.5.aln  -             90   3.8e-12   41.8   1.9   1   1   1.9e-13   4.5e-12   41.6   1.9     8    87     2    82     1    85 0.96 -
d2uubl1b.40.4.5      -            118 d1jt8a_b.40.4.5.aln  -             90     5e-12   41.4   1.3   1   1   2.5e-13   5.8e-12   41.2   1.3     2    87    12   105    11   108 0.95 -
d1jjga_b.40.4.5      -            102 d1jt8a_b.40.4.5.aln  -             90   1.9e-11   39.5   0.2   1   1   9.5e-13   2.2e-11   39.4   0.2     2    87     7    91     6    94 0.96 -
d2nn6h1b.40.4.5      -             95 d1jt8a_b.40.4.5.aln  -             90   3.4e-11   38.8   0.0   1   1   1.7e-12     4e-11   38.5   0.0     2    81     3    89     2    94 0.95 -
d2vnud1b.40.4.5      -             95 d1jt8a_b.40.4.5.aln  -             90   5.5e-10   34.9   0.0   1   1   2.6e-11   6.1e-10   34.7   0.0     1    86    11    94    11    95 0.96 -
d2ix0a3b.40.4.5      -             87 d1jt8a_b.40.4.5.aln  -             90   7.6e-10   34.4   0.1   1   1   3.8e-11   8.7e-10   34.2   0.1    10    86     6    85     2    87 0.95 -
d1smxa_b.40.4.5      -             87 d1jt8a_b.40.4.5.aln  -             90   1.2e-09   33.8   0.0   1   1   5.4e-11   1.3e-09   33.7   0.0    10    85     3    86     1    87 0.96 -
d1wfqa_b.40.4.5      -             89 d1jt8a_b.40.4.5.aln  -             90   1.1e-08   30.8   0.0   1   1   4.8e-10   1.1e-08   30.7   0.0     6    87     5    88     1    89 0.95 -
d1e3pa2b.40.4.5      -             62 d1jt8a_b.40.4.5.aln  -             90   3.3e-08   29.2   0.2   1   1   1.5e-09   3.6e-08   29.1   0.2    13    71     1    60     1    62 0.95 -
d2asba1b.40.4.5      -             76 d1jt8a_b.40.4.5.aln  -             90   2.4e-07   26.5   0.1   1   1   1.1e-08   2.4e-07   26.4   0.1     6    79     3    74     1    76 0.93 -
d2vnud2b.40.4.5      -             88 d1jt8a_b.40.4.5.aln  -             90   6.1e-07   25.1   0.4   1   1   2.9e-08   6.8e-07   25.0   0.4    10    87     3    85     1    88 0.95 -
d2ix0a1b.40.4.5      -             90 d1jt8a_b.40.4.5.aln  -             90   1.9e-06   23.6   0.0   1   1   8.5e-08     2e-06   23.5   0.0     3    88     3    88     1    90 0.95 -
d2ix0a2b.40.4.5      -             79 d1jt8a_b.40.4.5.aln  -             90     1e-05   21.2   0.0   1   1     5e-07   1.2e-05   21.1   0.0    14    79    12    75     2    78 0.89 -
d1hh2p1b.40.4.5      -             72 d1jt8a_b.40.4.5.aln  -             90   1.7e-05   20.6   0.1   1   1   8.1e-07   1.9e-05   20.4   0.1    18    80    11    71     8    72 0.88 -
d1khia2b.40.4.5      -             71 d1jt8a_b.40.4.5.aln  -             90   1.9e-05   20.4   0.1   1   1   8.7e-07     2e-05   20.3   0.1     3    70     2    68     1    71 0.92 -
d1u0la1b.40.4.5      -             66 d1jt8a_b.40.4.5.aln  -             90   2.4e-05   20.1   0.2   1   1   1.1e-06   2.7e-05   19.9   0.2    13    69     5    55     3    66 0.88 -
d3i4oa_b.40.4.5      -             68 d1jt8a_b.40.4.5.aln  -             90   2.5e-05   20.0   0.2   1   1   1.1e-06   2.7e-05   19.9   0.2     8    79     3    67     1    68 0.94 -
d1c9oa_b.40.4.5      -             66 d1jt8a_b.40.4.5.aln  -             90   3.8e-05   19.4   0.1   1   1   1.7e-06     4e-05   19.3   0.1    11    76     2    62     1    66 0.92 -
d1x6oa2b.40.4.5      -             79 d1jt8a_b.40.4.5.aln  -             90   9.1e-05   18.2   0.0   1   1   3.9e-06   9.1e-05   18.2   0.0    12    77     8    74     1    79 0.87 -
d1t9ha1b.40.4.5      -             67 d1jt8a_b.40.4.5.aln  -             90   9.7e-05   18.1   0.2   1   1   4.6e-06   0.00011   18.0   0.2    10    71     1    58     1    66 0.92 -
d1bkba2b.40.4.5      -             65 d1jt8a_b.40.4.5.aln  -             90   0.00078   15.2   0.2   1   1   3.7e-05   0.00086   15.1   0.2    12    76     6    64     2    65 0.88 -
d1a62a2b.40.4.5      -             78 d1jt8a_b.40.4.5.aln  -             90    0.0011   14.8   0.0   1   1   4.9e-05    0.0011   14.7   0.0    17    83     9    72     1    77 0.77 -
d1ne3a_b.40.4.5      -             68 d1jt8a_b.40.4.5.aln  -             90    0.0014   14.4   0.0   1   1     7e-05    0.0016   14.2   0.0    10    62     5    54     2    67 0.89 -
#
# Program:         hmmsearch
# Version:         3.1b2 (February 2015)
# Pipeline mode:   SEARCH
# Query file:      hmmModels30/d1jt8a_b.40.4.5.hmm
# Target file:     scop/scopTestSeq.fasta
# Option settings: hmmsearch --domtblout hmmModels30/d1jt8a_b.40.4.5.out -E 1 hmmModels30/d1jt8a_b.40.4.5.hmm scop/scopTestSeq.fasta 
# Current dir:     /home/anastasia/SBAS/TME8
# Date:            Sat Apr  8 15:33:46 2023
# [ok]
