#                                                                            --- full sequence --- -------------- this domain -------------   hmm coord   ali coord   env coord
# target name        accession   tlen query name           accession   qlen   E-value  score  bias   #  of  c-Evalue  i-Evalue  score  bias  from    to  from    to  from    to  acc description of target
#------------------- ---------- ----- -------------------- ---------- ----- --------- ------ ----- --- --- --------- --------- ------ ----- ----- ----- ----- ----- ----- ----- ---- ---------------------
d2dw4a2c.3.1.2       -            450 d1ju2a1c.3.1.2.aln   -            341  2.2e-148  489.7   0.0   1   1  8.2e-150  2.5e-148  489.5   0.0     1   340     2   449     2   450 1.00 -
d2iida1c.3.1.2       -            371 d1ju2a1c.3.1.2.aln   -            341  6.3e-101  333.7   0.0   1   1  2.3e-102    7e-101  333.5   0.0     1   340    27   370    27   371 0.99 -
d2gmha1c.3.1.2       -            381 d1ju2a1c.3.1.2.aln   -            341   4.9e-96  317.6   0.0   1   1   1.8e-97   5.5e-96  317.4   0.0     2   339    30   381    29   381 0.99 -
d1b5qa1c.3.1.2       -            348 d1ju2a1c.3.1.2.aln   -            341   3.6e-90  298.3   0.0   1   1   1.3e-91     4e-90  298.1   0.0     5   340     1   344     1   345 0.99 -
d1seza1c.3.1.2       -            374 d1ju2a1c.3.1.2.aln   -            341   3.4e-88  291.8   0.0   1   1   1.3e-89   3.8e-88  291.6   0.0     5   337     2   371     1   374 0.99 -
d2f5va1c.3.1.2       -            380 d1ju2a1c.3.1.2.aln   -            341   8.2e-88  290.5   0.0   1   1     3e-89   9.2e-88  290.4   0.0     1   340     1   373     1   374 0.99 -
d1pn0a1c.3.1.2       -            361 d1ju2a1c.3.1.2.aln   -            341   1.1e-79  263.8   0.0   1   1   4.2e-81   1.3e-79  263.6   0.0     2   340     5   360     4   361 0.99 -
d1n4wa1c.3.1.2       -            368 d1ju2a1c.3.1.2.aln   -            341   1.6e-78  260.0   0.0   1   1   5.9e-80   1.8e-78  259.8   0.0     4   340     2   365     1   366 0.99 -
d1kdga1c.3.1.2       -            361 d1ju2a1c.3.1.2.aln   -            341   1.9e-78  259.7   0.0   1   1   7.1e-80   2.2e-78  259.6   0.0     3   340     1   357     1   358 0.99 -
d2ivda1c.3.1.2       -            348 d1ju2a1c.3.1.2.aln   -            341   1.6e-73  243.6   1.0   1   1   5.7e-75   1.7e-73  243.4   1.0     5   338     1   347     1   348 0.99 -
d3c96a1c.3.1.2       -            289 d1ju2a1c.3.1.2.aln   -            341     9e-54  178.6   0.2   1   1   3.3e-55     1e-53  178.5   0.2     4   302     1   289     1   289 0.99 -
d2gf3a1c.3.1.2       -            282 d1ju2a1c.3.1.2.aln   -            341   1.2e-53  178.3   0.0   1   1   4.3e-55   1.3e-53  178.1   0.0     2   303     1   282     1   282 0.97 -
d1k0ia1c.3.1.2       -            293 d1ju2a1c.3.1.2.aln   -            341   5.1e-53  176.2   0.0   1   1   1.9e-54   5.6e-53  176.0   0.0     4   325     2   292     1   293 0.98 -
d1ryia1c.3.1.2       -            277 d1ju2a1c.3.1.2.aln   -            341   7.4e-53  175.6   0.0   1   1   2.7e-54   8.2e-53  175.5   0.0     1   303     1   277     1   277 0.98 -
d1pj5a2c.3.1.2       -            306 d1ju2a1c.3.1.2.aln   -            341   3.3e-52  173.5   0.0   1   1   1.2e-53   3.7e-52  173.3   0.0     4   335     1   304     1   306 0.98 -
d2voua1c.3.1.2       -            266 d1ju2a1c.3.1.2.aln   -            341   4.2e-43  143.5   0.1   1   1   2.9e-44   8.8e-43  142.5   0.1     2   302     2   264     1   266 0.98 -
d1nhpa2c.3.1.5       -            123 d1ju2a1c.3.1.2.aln   -            341   6.7e-07   24.5   0.1   1   1   2.7e-08   8.1e-07   24.2   0.1     6    41    32    67    30    94 0.90 -
d2gv8a1c.3.1.5       -            336 d1ju2a1c.3.1.2.aln   -            341   2.8e-06   22.5   0.0   1   1   1.6e-07   4.8e-06   21.7   0.0     6    41     6    43     3    52 0.90 -
d1v59a1c.3.1.5       -            234 d1ju2a1c.3.1.2.aln   -            341   3.6e-06   22.1   0.2   1   1   2.2e-07   6.5e-06   21.3   0.2     6    44     7    45     3    57 0.90 -
d1w4xa1c.3.1.5       -            299 d1ju2a1c.3.1.2.aln   -            341   3.7e-06   22.1   0.2   1   1   2.1e-07   6.4e-06   21.3   0.2     3    41     6    44     5    46 0.92 -
d1v59a2c.3.1.5       -            122 d1ju2a1c.3.1.2.aln   -            341   0.00011   17.3   0.5   1   2   5.2e-06   0.00016   16.7   0.3     4    44    23    63    21    85 0.90 -
d1v59a2c.3.1.5       -            122 d1ju2a1c.3.1.2.aln   -            341   0.00011   17.3   0.5   2   2       2.1        64   -1.7   0.0   220   240    77    97    61   116 0.68 -
d1fl2a2c.3.1.5       -            126 d1ju2a1c.3.1.2.aln   -            341   0.00013   17.0   0.3   1   1   6.3e-06   0.00019   16.4   0.3     5    39    31    65    29    69 0.93 -
d1ju2a1c.3.1.2       -            352 d1ju2a1c.3.1.2.aln   -            341   0.00021   16.3   0.0   1   1   1.1e-05   0.00034   15.6   0.0     4    40    26    61    24    75 0.92 -
d1xhca2c.3.1.5       -            122 d1ju2a1c.3.1.2.aln   -            341   0.00024   16.1   0.0   1   1     8e-06   0.00024   16.1   0.0     4    33    32    61    29    94 0.85 -
d1gpja2c.2.1.7       -            159 d1ju2a1c.3.1.2.aln   -            341    0.0005   15.1   0.2   1   1   2.4e-05   0.00073   14.5   0.2     6    34    26    54    23    58 0.90 -
d1fl2a1c.3.1.5       -            185 d1ju2a1c.3.1.2.aln   -            341   0.00087   14.3   2.2   1   1   5.3e-05    0.0016   13.4   2.2     5    20     2    17     1    26 0.95 -
#
# Program:         hmmsearch
# Version:         3.1b2 (February 2015)
# Pipeline mode:   SEARCH
# Query file:      hmmModels30/d1ju2a1c.3.1.2.hmm
# Target file:     scop/scopTestSeq.fasta
# Option settings: hmmsearch --domtblout hmmModels30/d1ju2a1c.3.1.2.out -E 1 hmmModels30/d1ju2a1c.3.1.2.hmm scop/scopTestSeq.fasta 
# Current dir:     /home/anastasia/SBAS/TME8
# Date:            Sat Apr  8 15:33:46 2023
# [ok]
