#                                                                            --- full sequence --- -------------- this domain -------------   hmm coord   ali coord   env coord
# target name        accession   tlen query name           accession   qlen   E-value  score  bias   #  of  c-Evalue  i-Evalue  score  bias  from    to  from    to  from    to  acc description of target
#------------------- ---------- ----- -------------------- ---------- ----- --------- ------ ----- --- --- --------- --------- ------ ----- ----- ----- ----- ----- ----- ----- ---- ---------------------
d1uuqa_c.1.8.3       -            410 d1jz8a5c.1.8.3.aln   -            355  5.4e-114  376.1  17.2   1   1  1.7e-115  6.2e-114  376.0  17.2     1   355     1   410     1   410 1.00 -
d1ur4a_c.1.8.3       -            387 d1jz8a5c.1.8.3.aln   -            355  1.7e-110  364.7  12.4   1   1  5.3e-112  1.9e-110  364.5  12.4     2   355     5   386     4   386 1.00 -
d1edga_c.1.8.3       -            380 d1jz8a5c.1.8.3.aln   -            355  1.8e-102  338.2  18.2   1   1  5.8e-104  2.1e-102  338.0  18.2     2   353    22   379    21   380 0.99 -
d3n9ka_c.1.8.3       -            394 d1jz8a5c.1.8.3.aln   -            355   3.6e-79  261.6  22.5   1   1   1.1e-80     4e-79  261.4  22.5     1   355     6   388     6   388 0.99 -
d1rh9a1c.1.8.3       -            370 d1jz8a5c.1.8.3.aln   -            355   8.2e-79  260.4  10.6   1   1   2.5e-80     9e-79  260.3  10.6     1   348     1   361     1   368 0.99 -
d1ecea_c.1.8.3       -            358 d1jz8a5c.1.8.3.aln   -            355   1.6e-77  256.2  14.7   1   1   5.3e-79   1.9e-77  255.9  14.7     7   352    16   357    11   358 0.98 -
d1qw9a2c.1.8.3       -            367 d1jz8a5c.1.8.3.aln   -            355   1.2e-70  233.5   1.8   1   1   3.8e-72   1.4e-70  233.4   1.8     4   353     3   363     1   365 0.99 -
d1hjua_c.1.8.3       -            332 d1jz8a5c.1.8.3.aln   -            355   1.6e-67  223.2  16.7   1   1   5.4e-69   1.9e-67  223.0  16.7    12   350     4   332     2   332 0.99 -
d1odza_c.1.8.3       -            381 d1jz8a5c.1.8.3.aln   -            355   1.8e-67  223.1  10.5   1   1   5.5e-69     2e-67  223.0  10.5     2   354     4   378     3   379 0.99 -
d1qnra_c.1.8.3       -            344 d1jz8a5c.1.8.3.aln   -            355   3.7e-67  222.1  24.0   1   1   1.2e-68   4.1e-67  221.9  24.0     2   351     3   342     2   344 0.99 -
d1ceoa_c.1.8.3       -            340 d1jz8a5c.1.8.3.aln   -            355   5.1e-67  221.6   1.7   1   1   1.7e-68     6e-67  221.4   1.7     3   351     1   335     1   338 0.99 -
d1w91a2c.1.8.3       -            347 d1jz8a5c.1.8.3.aln   -            355   8.9e-62  204.4   0.0   1   1   2.8e-63   9.9e-62  204.2   0.0     2   353     9   345     8   347 0.99 -
d2je8a5c.1.8.3       -            348 d1jz8a5c.1.8.3.aln   -            355   2.2e-60  199.8   6.3   1   1   6.7e-62   2.4e-60  199.7   6.3     2   352     6   347     5   348 0.99 -
d1vjza_c.1.8.3       -            325 d1jz8a5c.1.8.3.aln   -            355   9.3e-60  197.7   0.5   1   1   2.8e-61     1e-59  197.6   0.5    12   348     2   321     1   325 0.98 -
d2nt0a2c.1.8.3       -            354 d1jz8a5c.1.8.3.aln   -            355   4.5e-56  185.6   0.0   1   1   1.4e-57   4.9e-56  185.5   0.0     2   353     3   353     2   354 0.99 -
d1h1na_c.1.8.3       -            305 d1jz8a5c.1.8.3.aln   -            355   6.7e-56  185.1  14.1   1   1   2.1e-57   7.4e-56  184.9  14.1     3   355     2   303     1   303 0.99 -
d2vzsa5c.1.8.3       -            339 d1jz8a5c.1.8.3.aln   -            355     1e-54  181.1   2.1   1   1   3.2e-56   1.1e-54  181.0   2.1     4   351     7   338     4   339 0.98 -
d1bqca_c.1.8.3       -            302 d1jz8a5c.1.8.3.aln   -            355   1.7e-49  164.0   7.8   1   1   5.4e-51   1.9e-49  163.8   7.8     5   352     2   301     1   302 0.98 -
d7a3ha_c.1.8.3       -            300 d1jz8a5c.1.8.3.aln   -            355   6.2e-41  135.8  13.1   1   1   2.9e-42     1e-40  135.1  13.1     4   350     2   298     1   300 0.99 -
d1i1wa_c.1.8.3       -            303 d1jz8a5c.1.8.3.aln   -            355   8.3e-40  132.1   6.3   1   1   2.5e-41   9.1e-40  132.0   6.3     6   354     4   302     1   303 0.98 -
d2v3ga_c.1.8.3       -            273 d1jz8a5c.1.8.3.aln   -            355     2e-34  114.4  23.4   1   1     9e-36   3.2e-34  113.7  23.4     8   349     1   272     1   273 0.98 -
d1nofa2c.1.8.3       -            277 d1jz8a5c.1.8.3.aln   -            355     7e-33  109.3   4.2   1   1   2.2e-34   7.9e-33  109.2   4.2    10   354     3   276     1   277 0.98 -
#
# Program:         hmmsearch
# Version:         3.1b2 (February 2015)
# Pipeline mode:   SEARCH
# Query file:      hmmModels30/d1jz8a5c.1.8.3.hmm
# Target file:     scop/scopTestSeq.fasta
# Option settings: hmmsearch --domtblout hmmModels30/d1jz8a5c.1.8.3.out -E 1 hmmModels30/d1jz8a5c.1.8.3.hmm scop/scopTestSeq.fasta 
# Current dir:     /home/anastasia/SBAS/TME8
# Date:            Sat Apr  8 15:33:46 2023
# [ok]
