#                                                                            --- full sequence --- -------------- this domain -------------   hmm coord   ali coord   env coord
# target name        accession   tlen query name           accession   qlen   E-value  score  bias   #  of  c-Evalue  i-Evalue  score  bias  from    to  from    to  from    to  acc description of target
#------------------- ---------- ----- -------------------- ---------- ----- --------- ------ ----- --- --- --------- --------- ------ ----- ----- ----- ----- ----- ----- ----- ---- ---------------------
d2dw4a2c.3.1.2       -            450 d1k0ia1c.3.1.2.aln   -            358  3.4e-157  519.0   0.0   1   1  1.3e-158  3.8e-157  518.8   0.0     1   357     2   448     2   449 1.00 -
d2iida1c.3.1.2       -            371 d1k0ia1c.3.1.2.aln   -            358   1.9e-99  329.0   0.0   1   1  7.2e-101   2.1e-99  328.8   0.0     1   357    27   369    27   370 0.99 -
d2gmha1c.3.1.2       -            381 d1k0ia1c.3.1.2.aln   -            358     9e-99  326.8   0.0   1   1  3.5e-100     1e-98  326.6   0.0     2   357    30   381    29   381 0.99 -
d1b5qa1c.3.1.2       -            348 d1k0ia1c.3.1.2.aln   -            358   1.4e-94  313.0   0.0   1   1   5.3e-96   1.6e-94  312.8   0.0     5   357     1   343     1   344 0.99 -
d2f5va1c.3.1.2       -            380 d1k0ia1c.3.1.2.aln   -            358   3.1e-93  308.6   0.0   1   1   1.2e-94   3.4e-93  308.4   0.0     1   357     1   377     1   378 0.99 -
d1seza1c.3.1.2       -            374 d1k0ia1c.3.1.2.aln   -            358   1.1e-88  293.6   0.0   1   1   4.1e-90   1.2e-88  293.4   0.0     5   355     2   371     1   374 0.98 -
d1kdga1c.3.1.2       -            361 d1k0ia1c.3.1.2.aln   -            358   1.9e-87  289.5   0.0   1   1   7.3e-89   2.1e-87  289.3   0.0     3   354     1   358     1   361 0.99 -
d1n4wa1c.3.1.2       -            368 d1k0ia1c.3.1.2.aln   -            358   1.7e-86  286.4   0.1   1   1   6.4e-88   1.9e-86  286.3   0.1     4   355     2   367     1   368 0.99 -
d1pn0a1c.3.1.2       -            361 d1k0ia1c.3.1.2.aln   -            358   8.1e-79  261.1   0.0   1   1   3.1e-80     9e-79  261.0   0.0     2   357     5   359     4   360 0.98 -
d1ju2a1c.3.1.2       -            352 d1k0ia1c.3.1.2.aln   -            358   6.8e-69  228.5   0.0   1   1   2.6e-70   7.7e-69  228.3   0.0     2   357     8   351     7   352 0.98 -
d2ivda1c.3.1.2       -            348 d1k0ia1c.3.1.2.aln   -            358   9.1e-64  211.6   0.4   1   1   3.4e-65     1e-63  211.5   0.4     5   356     1   347     1   348 0.99 -
d1pj5a2c.3.1.2       -            306 d1k0ia1c.3.1.2.aln   -            358   1.4e-53  178.1   0.0   1   1   5.4e-55   1.6e-53  177.9   0.0     4   353     1   304     1   306 0.98 -
d1ryia1c.3.1.2       -            277 d1k0ia1c.3.1.2.aln   -            358   8.1e-47  155.9   0.0   1   1   3.2e-48   9.3e-47  155.7   0.0     1   294     1   251     1   274 0.97 -
d3c96a1c.3.1.2       -            289 d1k0ia1c.3.1.2.aln   -            358   2.2e-43  144.6   0.1   1   1     9e-45   2.6e-43  144.3   0.1     4   352     1   286     1   289 0.97 -
d2gf3a1c.3.1.2       -            282 d1k0ia1c.3.1.2.aln   -            358   1.3e-40  135.5   0.0   1   1   4.9e-42   1.4e-40  135.3   0.0     2   295     1   251     1   282 0.94 -
d2voua1c.3.1.2       -            266 d1k0ia1c.3.1.2.aln   -            358   3.8e-35  117.5   0.1   1   1   1.1e-35   3.4e-34  114.4   0.1     2   354     2   264     1   266 0.96 -
d1nhpa2c.3.1.5       -            123 d1k0ia1c.3.1.2.aln   -            358   2.2e-07   26.1   0.0   1   1   8.8e-09   2.6e-07   25.9   0.0     6    38    32    64    31    98 0.93 -
d1w4xa1c.3.1.5       -            299 d1k0ia1c.3.1.2.aln   -            358   1.1e-05   20.5   0.1   1   1   6.4e-07   1.9e-05   19.8   0.1     3    40     6    43     5    50 0.82 -
d1k0ia1c.3.1.2       -            293 d1k0ia1c.3.1.2.aln   -            358   1.3e-05   20.4   0.2   1   1   8.1e-07   2.4e-05   19.5   0.2     6    38     4    37     2    56 0.87 -
d1fl2a2c.3.1.5       -            126 d1k0ia1c.3.1.2.aln   -            358   2.5e-05   19.4   0.3   1   1   1.4e-06   4.1e-05   18.7   0.3     5    37    31    63    29    66 0.93 -
d2gv8a1c.3.1.5       -            336 d1k0ia1c.3.1.2.aln   -            358   2.6e-05   19.3   0.0   1   1   1.4e-06   4.2e-05   18.6   0.0     6    41     6    43     5    50 0.90 -
d1v59a2c.3.1.5       -            122 d1k0ia1c.3.1.2.aln   -            358   6.4e-05   18.0   1.0   1   2   4.5e-06   0.00013   17.0   0.3     4    44    23    63    21    83 0.83 -
d1v59a2c.3.1.5       -            122 d1k0ia1c.3.1.2.aln   -            358   6.4e-05   18.0   1.0   2   2      0.47        14    0.5   0.1   240   264    75    99    58   118 0.71 -
d1v59a1c.3.1.5       -            234 d1k0ia1c.3.1.2.aln   -            358    0.0001   17.4   0.2   1   1   5.3e-06   0.00015   16.8   0.2     5    42     6    43     3    49 0.87 -
d1xhca2c.3.1.5       -            122 d1k0ia1c.3.1.2.aln   -            358   0.00011   17.3   0.3   1   1   4.6e-06   0.00013   17.0   0.3     3    30    31    58    29    67 0.88 -
d1gpja2c.2.1.7       -            159 d1k0ia1c.3.1.2.aln   -            358    0.0013   13.7   0.1   1   1   4.6e-05    0.0013   13.7   0.1     6    32    26    53    23   119 0.88 -
d1h6va2c.3.1.5       -            122 d1k0ia1c.3.1.2.aln   -            358    0.0053   11.7   0.0   1   1   0.00022    0.0064   11.5   0.0     5    52    21    68    20    87 0.80 -
d1fl2a1c.3.1.5       -            185 d1k0ia1c.3.1.2.aln   -            358    0.0072   11.3   3.7   1   1   0.00039     0.011   10.6   3.7     5    20     2    17     1    19 0.94 -
#
# Program:         hmmsearch
# Version:         3.1b2 (February 2015)
# Pipeline mode:   SEARCH
# Query file:      hmmModels30/d1k0ia1c.3.1.2.hmm
# Target file:     scop/scopTestSeq.fasta
# Option settings: hmmsearch --domtblout hmmModels30/d1k0ia1c.3.1.2.out -E 1 hmmModels30/d1k0ia1c.3.1.2.hmm scop/scopTestSeq.fasta 
# Current dir:     /home/anastasia/SBAS/TME8
# Date:            Sat Apr  8 15:33:46 2023
# [ok]
