#                                                                            --- full sequence --- -------------- this domain -------------   hmm coord   ali coord   env coord
# target name        accession   tlen query name           accession   qlen   E-value  score  bias   #  of  c-Evalue  i-Evalue  score  bias  from    to  from    to  from    to  acc description of target
#------------------- ---------- ----- -------------------- ---------- ----- --------- ------ ----- --- --- --------- --------- ------ ----- ----- ----- ----- ----- ----- ----- ---- ---------------------
d1q33a_d.113.1.1     -            292 d1k2ea_d.113.1.1.aln -            180   1.4e-94  310.3   0.2   1   1   3.4e-96   1.7e-94  310.0   0.2     1   180    69   275    69   275 1.00 -
d1g0sa_d.113.1.1     -            209 d1k2ea_d.113.1.1.aln -            180   5.3e-54  178.1   0.3   1   1   1.2e-55   5.9e-54  177.9   0.3     2   179    17   208    16   209 0.99 -
d1nqza_d.113.1.1     -            187 d1k2ea_d.113.1.1.aln -            180   8.5e-42  138.3   0.0   1   1   1.9e-43   9.4e-42  138.2   0.0     2   179     2   179     1   180 0.99 -
d3o69a_d.113.1.1     -            190 d1k2ea_d.113.1.1.aln -            180   1.2e-41  137.8   0.0   1   1   2.7e-43   1.4e-41  137.7   0.0     2   174     5   189     4   190 0.98 -
d1vhza_d.113.1.1     -            186 d1k2ea_d.113.1.1.aln -            180   1.1e-39  131.5   0.0   1   1   2.4e-41   1.2e-39  131.3   0.0     2   173     3   185     2   186 0.98 -
d1jkna_d.113.1.1     -            165 d1k2ea_d.113.1.1.aln -            180   2.2e-36  120.7   0.0   1   1   5.2e-38   2.6e-36  120.4   0.0    23   179     6   157     2   158 0.97 -
d1sjya_d.113.1.1     -            158 d1k2ea_d.113.1.1.aln -            180   8.2e-33  109.0   0.0   1   1   1.8e-34   8.9e-33  108.9   0.0    21   175     2   156     1   158 0.98 -
d3zr0a_d.113.1.1     -            154 d1k2ea_d.113.1.1.aln -            180   1.7e-32  108.0   0.0   1   1     4e-34     2e-32  107.8   0.0    23   178     2   146     1   148 0.96 -
d1v8ya_d.113.1.1     -            158 d1k2ea_d.113.1.1.aln -            180   4.6e-32  106.6   0.1   1   1     1e-33   5.1e-32  106.5   0.1    20   172     2   156     1   158 0.95 -
d2azwa1d.113.1.1     -            147 d1k2ea_d.113.1.1.aln -            180   1.7e-31  104.7   0.3   1   1   3.8e-33   1.9e-31  104.6   0.3    18   166     2   145     1   147 0.98 -
d1ktga_d.113.1.1     -            137 d1k2ea_d.113.1.1.aln -            180   8.9e-30   99.2   0.1   1   1   1.9e-31   9.3e-30   99.1   0.1    31   168     5   135     1   137 0.95 -
d2b06a1d.113.1.1     -            155 d1k2ea_d.113.1.1.aln -            180   2.5e-29   97.7   0.0   1   1   5.6e-31   2.8e-29   97.5   0.0    21   179     2   154     1   155 0.97 -
d2fvva1d.113.1.1     -            135 d1k2ea_d.113.1.1.aln -            180   1.7e-28   95.0   0.4   1   1   3.6e-30   1.8e-28   94.9   0.4    21   157     2   133     1   135 0.96 -
d3a6sa_d.113.1.1     -            129 d1k2ea_d.113.1.1.aln -            180     5e-26   86.9   0.5   1   1   1.1e-27   5.4e-26   86.8   0.5    22   162     3   127     1   129 0.92 -
d2b0va1d.113.1.1     -            146 d1k2ea_d.113.1.1.aln -            180   3.9e-25   84.0   0.0   1   1   8.1e-27     4e-25   84.0   0.0    37   175    17   143     1   146 0.87 -
d1k2ea_d.113.1.1     -            152 d1k2ea_d.113.1.1.aln -            180   9.5e-13   43.7   0.3   1   1   3.3e-14   1.7e-12   42.9   0.3    50   140    17   120     5   152 0.76 -
#
# Program:         hmmsearch
# Version:         3.1b2 (February 2015)
# Pipeline mode:   SEARCH
# Query file:      hmmModels30/d1k2ea_d.113.1.1.hmm
# Target file:     scop/scopTestSeq.fasta
# Option settings: hmmsearch --domtblout hmmModels30/d1k2ea_d.113.1.1.out -E 1 hmmModels30/d1k2ea_d.113.1.1.hmm scop/scopTestSeq.fasta 
# Current dir:     /home/anastasia/SBAS/TME8
# Date:            Sat Apr  8 15:33:46 2023
# [ok]
