#                                                                            --- full sequence --- -------------- this domain -------------   hmm coord   ali coord   env coord
# target name        accession   tlen query name           accession   qlen   E-value  score  bias   #  of  c-Evalue  i-Evalue  score  bias  from    to  from    to  from    to  acc description of target
#------------------- ---------- ----- -------------------- ---------- ----- --------- ------ ----- --- --- --------- --------- ------ ----- ----- ----- ----- ----- ----- ----- ---- ---------------------
d2dw4a2c.3.1.2       -            450 d1kdga1c.3.1.2.aln   -            352  2.5e-160  529.3   0.0   1   1  9.1e-162  2.8e-160  529.1   0.0     1   351     2   448     2   449 1.00 -
d2iida1c.3.1.2       -            371 d1kdga1c.3.1.2.aln   -            352   1.1e-95  316.6   0.0   1   1   4.2e-97   1.3e-95  316.4   0.0     1   351    27   369    27   370 0.99 -
d2f5va1c.3.1.2       -            380 d1kdga1c.3.1.2.aln   -            352   2.3e-95  315.6   0.0   1   1   8.5e-97   2.6e-95  315.4   0.0     1   351     1   372     1   373 0.99 -
d1b5qa1c.3.1.2       -            348 d1kdga1c.3.1.2.aln   -            352   2.9e-94  311.9   0.0   1   1   1.1e-95   3.2e-94  311.8   0.0     5   351     1   343     1   344 0.99 -
d1seza1c.3.1.2       -            374 d1kdga1c.3.1.2.aln   -            352     3e-94  311.9   0.0   1   1   1.1e-95   3.3e-94  311.7   0.0     5   350     2   372     1   374 0.99 -
d2gmha1c.3.1.2       -            381 d1kdga1c.3.1.2.aln   -            352   2.2e-93  309.1   0.0   1   1   8.1e-95   2.5e-93  308.9   0.0     2   350    30   380    29   381 0.99 -
d1n4wa1c.3.1.2       -            368 d1kdga1c.3.1.2.aln   -            352   3.4e-80  265.7   0.0   1   1   1.2e-81   3.8e-80  265.5   0.0     4   351     2   364     1   365 0.99 -
d1pn0a1c.3.1.2       -            361 d1kdga1c.3.1.2.aln   -            352   2.1e-77  256.5   0.0   1   1   7.5e-79   2.3e-77  256.4   0.0     2   350     5   360     4   361 0.99 -
d2ivda1c.3.1.2       -            348 d1kdga1c.3.1.2.aln   -            352   6.4e-67  222.0   1.1   1   1   2.3e-68   7.1e-67  221.9   1.1     5   349     1   346     1   348 0.99 -
d1ju2a1c.3.1.2       -            352 d1kdga1c.3.1.2.aln   -            352   2.1e-66  220.3   0.0   1   1   7.7e-68   2.3e-66  220.2   0.0     2   350    24   351    23   352 0.98 -
d1pj5a2c.3.1.2       -            306 d1kdga1c.3.1.2.aln   -            352     3e-54  180.3   0.0   1   1   1.1e-55   3.3e-54  180.2   0.0     4   347     1   304     1   306 0.99 -
d1k0ia1c.3.1.2       -            293 d1kdga1c.3.1.2.aln   -            352   1.7e-50  168.0   0.0   1   1   6.5e-52     2e-50  167.8   0.0     4   350     2   291     1   293 0.97 -
d1ryia1c.3.1.2       -            277 d1kdga1c.3.1.2.aln   -            352   1.9e-47  157.9   0.0   1   1   7.6e-49   2.3e-47  157.7   0.0     1   286     1   252     1   263 0.96 -
d2gf3a1c.3.1.2       -            282 d1kdga1c.3.1.2.aln   -            352   8.7e-43  142.6   0.0   1   1   3.4e-44     1e-42  142.4   0.0     3   293     2   258     1   271 0.97 -
d2voua1c.3.1.2       -            266 d1kdga1c.3.1.2.aln   -            352   3.6e-41  137.3   0.1   1   1   1.7e-42   5.3e-41  136.8   0.1     2   279     2   240     1   262 0.95 -
d3c96a1c.3.1.2       -            289 d1kdga1c.3.1.2.aln   -            352   5.8e-40  133.4   0.2   1   1   2.2e-41   6.8e-40  133.1   0.2     5   349     2   285     1   288 0.98 -
d1kdga1c.3.1.2       -            361 d1kdga1c.3.1.2.aln   -            352     9e-12   40.6   0.2   1   2   6.9e-13   2.1e-11   39.4   0.2     4    43     2    41     1    51 0.89 -
d1kdga1c.3.1.2       -            361 d1kdga1c.3.1.2.aln   -            352     9e-12   40.6   0.2   2   2       5.2   1.6e+02   -2.9   0.0   268   288   249   269   246   309 0.73 -
d1nhpa2c.3.1.5       -            123 d1kdga1c.3.1.2.aln   -            352     1e-06   24.0   0.1   1   1   3.7e-08   1.1e-06   23.9   0.1     6    60    32    87    30   113 0.82 -
d2gv8a1c.3.1.5       -            336 d1kdga1c.3.1.2.aln   -            352   6.8e-06   21.3   0.0   1   1   3.8e-07   1.2e-05   20.5   0.0     6    41     6    43     4    55 0.88 -
d1w4xa1c.3.1.5       -            299 d1kdga1c.3.1.2.aln   -            352   1.1e-05   20.6   0.2   1   1   6.8e-07   2.1e-05   19.7   0.2     3    41     6    44     5    47 0.91 -
d1v59a1c.3.1.5       -            234 d1kdga1c.3.1.2.aln   -            352   1.4e-05   20.3   0.3   1   1   6.1e-07   1.8e-05   19.9   0.3     4    43     5    44     2    56 0.90 -
d1xhca2c.3.1.5       -            122 d1kdga1c.3.1.2.aln   -            352   0.00012   17.2   0.5   1   1   4.7e-06   0.00014   16.9   0.5     2    30    30    58    29    70 0.84 -
d1fl2a2c.3.1.5       -            126 d1kdga1c.3.1.2.aln   -            352   0.00023   16.2   0.9   1   1   1.1e-05   0.00034   15.7   0.6     5    39    31    65    29    81 0.92 -
d1v59a2c.3.1.5       -            122 d1kdga1c.3.1.2.aln   -            352   0.00032   15.8   0.4   1   1   1.4e-05   0.00043   15.4   0.3     5    44    24    63    21    85 0.89 -
d1fl2a1c.3.1.5       -            185 d1kdga1c.3.1.2.aln   -            352   0.00087   14.4   1.6   1   1   4.9e-05    0.0015   13.6   1.6     5    20     2    17     1    27 0.93 -
d1gpja2c.2.1.7       -            159 d1kdga1c.3.1.2.aln   -            352    0.0011   14.1   0.2   1   1   4.8e-05    0.0014   13.6   0.2     6    34    26    54    23    65 0.91 -
#
# Program:         hmmsearch
# Version:         3.1b2 (February 2015)
# Pipeline mode:   SEARCH
# Query file:      hmmModels30/d1kdga1c.3.1.2.hmm
# Target file:     scop/scopTestSeq.fasta
# Option settings: hmmsearch --domtblout hmmModels30/d1kdga1c.3.1.2.out -E 1 hmmModels30/d1kdga1c.3.1.2.hmm scop/scopTestSeq.fasta 
# Current dir:     /home/anastasia/SBAS/TME8
# Date:            Sat Apr  8 15:33:46 2023
# [ok]
