#                                                                            --- full sequence --- -------------- this domain -------------   hmm coord   ali coord   env coord
# target name        accession   tlen query name           accession   qlen   E-value  score  bias   #  of  c-Evalue  i-Evalue  score  bias  from    to  from    to  from    to  acc description of target
#------------------- ---------- ----- -------------------- ---------- ----- --------- ------ ----- --- --- --------- --------- ------ ----- ----- ----- ----- ----- ----- ----- ---- ---------------------
d1wk1a_d.169.1.1     -            150 d1kg0c_d.169.1.1.aln -            129   3.8e-45  148.8   0.0   1   1     7e-47   4.3e-45  148.6   0.0     5   128     2   131     1   132 0.98 -
d1qdda_d.169.1.1     -            144 d1kg0c_d.169.1.1.aln -            129   1.1e-44  147.2   3.3   1   1   2.1e-46   1.3e-44  147.1   3.3     1   127    13   143    13   144 0.99 -
d1wmza_d.169.1.1     -            140 d1kg0c_d.169.1.1.aln -            129   3.6e-42  139.1   8.4   1   1   6.6e-44     4e-42  139.0   8.4     1   128     2   139     2   140 0.98 -
d1gz2a_d.169.1.1     -            139 d1kg0c_d.169.1.1.aln -            129   5.3e-39  128.9   0.1   1   1   9.7e-41   5.9e-39  128.7   0.1     1   127     1   138     1   139 0.98 -
d2ziba_d.169.1.1     -            130 d1kg0c_d.169.1.1.aln -            129   2.1e-38  126.9   4.4   1   1   3.8e-40   2.3e-38  126.8   4.4     2   128     7   129     6   130 0.98 -
d3l9jc_d.169.1.1     -            134 d1kg0c_d.169.1.1.aln -            129   1.5e-35  117.7   3.3   1   1   2.8e-37   1.7e-35  117.6   3.3     2   127     3   133     2   134 0.96 -
d1qo3c_d.169.1.1     -            133 d1kg0c_d.169.1.1.aln -            129     7e-34  112.3   3.9   1   1   1.3e-35   7.8e-34  112.2   3.9     2   128    14   132    13   133 0.97 -
d1g1ta1d.169.1.1     -            118 d1kg0c_d.169.1.1.aln -            129   8.3e-34  112.1   5.3   1   1   1.5e-35   9.2e-34  111.9   5.3    12   125     1   118     1   118 0.97 -
d1pwba1d.169.1.1     -            121 d1kg0c_d.169.1.1.aln -            129   4.2e-33  109.8   0.0   1   1   7.5e-35   4.6e-33  109.7   0.0     6   126     3   121     1   121 0.97 -
d1h8ua_d.169.1.1     -            115 d1kg0c_d.169.1.1.aln -            129   7.2e-31  102.6   4.3   1   1   1.3e-32   7.8e-31  102.5   4.3    14   125     2   114     1   115 0.97 -
d1byfa_d.169.1.1     -            123 d1kg0c_d.169.1.1.aln -            129   6.9e-29   96.2   0.1   1   1   1.2e-30   7.6e-29   96.0   0.1    12   128     2   122     1   123 0.94 -
d3hupa_d.169.1.1     -            121 d1kg0c_d.169.1.1.aln -            129   9.8e-29   95.7   9.7   1   1   1.9e-30   1.2e-28   95.4   9.7     1   128     6   120     6   121 0.97 -
d1kg0c_d.169.1.1     -            136 d1kg0c_d.169.1.1.aln -            129   1.9e-05   20.4   2.6   1   1   5.6e-07   3.4e-05   19.6   2.6     3    78    20    94    18   135 0.90 -
#
# Program:         hmmsearch
# Version:         3.1b2 (February 2015)
# Pipeline mode:   SEARCH
# Query file:      hmmModels30/d1kg0c_d.169.1.1.hmm
# Target file:     scop/scopTestSeq.fasta
# Option settings: hmmsearch --domtblout hmmModels30/d1kg0c_d.169.1.1.out -E 1 hmmModels30/d1kg0c_d.169.1.1.hmm scop/scopTestSeq.fasta 
# Current dir:     /home/anastasia/SBAS/TME8
# Date:            Sat Apr  8 15:33:46 2023
# [ok]
