#                                                                            --- full sequence --- -------------- this domain -------------   hmm coord   ali coord   env coord
# target name        accession   tlen query name           accession   qlen   E-value  score  bias   #  of  c-Evalue  i-Evalue  score  bias  from    to  from    to  from    to  acc description of target
#------------------- ---------- ----- -------------------- ---------- ----- --------- ------ ----- --- --- --------- --------- ------ ----- ----- ----- ----- ----- ----- ----- ---- ---------------------
d1e2ka_c.37.1.1      -            329 d1kgda_c.37.1.1.aln  -            210  3.3e-112  368.8   0.0   1   1  9.6e-114    4e-112  368.5   0.0     1   210     1   226     1   226 1.00 -
d1p5zb_c.37.1.1      -            241 d1kgda_c.37.1.1.aln  -            210   1.5e-61  203.3   0.0   1   1     4e-63   1.7e-61  203.2   0.0     4   210     2   228     1   228 0.99 -
d1deka_c.37.1.1      -            241 d1kgda_c.37.1.1.aln  -            210     1e-51  171.2   0.0   1   1   2.7e-53   1.1e-51  171.0   0.0     4   209     1   222     1   223 0.99 -
d1t0hb_c.37.1.1      -            219 d1kgda_c.37.1.1.aln  -            210     1e-45  151.6   0.0   1   1   2.8e-47   1.2e-45  151.4   0.0     2   209    18   214    17   215 0.99 -
d1vhta_c.37.1.1      -            208 d1kgda_c.37.1.1.aln  -            210   1.2e-38  128.5   0.3   1   1   3.2e-40   1.3e-38  128.3   0.3     4   208     3   207     1   208 0.99 -
d1gsia_c.37.1.1      -            208 d1kgda_c.37.1.1.aln  -            210   1.8e-36  121.4   0.0   1   1   5.1e-38   2.1e-36  121.1   0.0     5   205     1   203     1   207 0.98 -
d1qf9a_c.37.1.1      -            194 d1kgda_c.37.1.1.aln  -            210   9.3e-35  115.8   0.0   1   1   2.5e-36     1e-34  115.6   0.0     2   199     4   193     3   194 0.98 -
d1yj5a2c.37.1.1      -            172 d1kgda_c.37.1.1.aln  -            210   6.4e-32  106.5   0.0   1   1   1.7e-33     7e-32  106.4   0.0     2   170    12   164    11   172 0.94 -
d1kjwa2c.37.1.1      -            199 d1kgda_c.37.1.1.aln  -            210   5.6e-31  103.4   0.0   1   1   1.5e-32   6.2e-31  103.3   0.0     2   202     8   198     7   199 0.98 -
d1lw7a2c.37.1.1      -            192 d1kgda_c.37.1.1.aln  -            210   7.1e-31  103.1   0.0   1   1   1.9e-32   7.7e-31  103.0   0.0     3   194     6   188     4   192 0.98 -
d1khta_c.37.1.1      -            190 d1kgda_c.37.1.1.aln  -            210   8.4e-30   99.6   0.1   1   1   2.2e-31   9.2e-30   99.4   0.1     5   201     2   188     1   190 0.98 -
d2grja_c.37.1.1      -            179 d1kgda_c.37.1.1.aln  -            210   1.9e-28   95.2   0.1   1   1     5e-30   2.1e-28   95.0   0.1     3   196     2   179     1   179 0.98 -
d1zina1c.37.1.1      -            183 d1kgda_c.37.1.1.aln  -            210   8.9e-28   93.0   0.0   1   1   2.4e-29   9.8e-28   92.8   0.0     5   199     1   182     1   183 0.97 -
d1y63a_c.37.1.1      -            174 d1kgda_c.37.1.1.aln  -            210     8e-24   80.0   0.4   1   1   2.2e-25   8.9e-24   79.9   0.4     2   198     3   173     2   174 0.98 -
d3kb2a_c.37.1.1      -            171 d1kgda_c.37.1.1.aln  -            210     2e-20   69.0   0.0   1   1   5.2e-22   2.2e-20   68.8   0.0     6   194     2   171     1   171 0.99 -
d1ly1a_c.37.1.1      -            152 d1kgda_c.37.1.1.aln  -            210   3.1e-20   68.3   0.0   1   1   8.7e-22   3.6e-20   68.1   0.0     4   126     2   121     1   131 0.96 -
d1in4a2c.37.1.20     -            238 d1kgda_c.37.1.1.aln  -            210   3.7e-05   19.1   0.0   1   1   1.1e-06   4.5e-05   18.8   0.0     7    78    38   103    35   190 0.84 -
d2qora_c.37.1.0      -            196 d1kgda_c.37.1.1.aln  -            210    0.0064   11.8   0.0   1   1    0.0002    0.0084   11.4   0.0     5    94     5   128     1   187 0.73 -
d2jaqa_c.37.1.0      -            201 d1kgda_c.37.1.1.aln  -            210    0.0064   11.8   0.0   1   1   0.00026     0.011   11.0   0.0     5    31     1    27     1    38 0.91 -
#
# Program:         hmmsearch
# Version:         3.1b2 (February 2015)
# Pipeline mode:   SEARCH
# Query file:      hmmModels30/d1kgda_c.37.1.1.hmm
# Target file:     scop/scopTestSeq.fasta
# Option settings: hmmsearch --domtblout hmmModels30/d1kgda_c.37.1.1.out -E 1 hmmModels30/d1kgda_c.37.1.1.hmm scop/scopTestSeq.fasta 
# Current dir:     /home/anastasia/SBAS/TME8
# Date:            Sat Apr  8 15:33:46 2023
# [ok]
