#                                                                            --- full sequence --- -------------- this domain -------------   hmm coord   ali coord   env coord
# target name        accession   tlen query name           accession   qlen   E-value  score  bias   #  of  c-Evalue  i-Evalue  score  bias  from    to  from    to  from    to  acc description of target
#------------------- ---------- ----- -------------------- ---------- ----- --------- ------ ----- --- --- --------- --------- ------ ----- ----- ----- ----- ----- ----- ----- ---- ---------------------
d1s8na_c.23.1.1      -            190 d1kgsa2c.23.1.1.aln  -            130     7e-59  193.0   0.7   1   1   2.1e-60   9.8e-59  192.5   0.7     2   130     2   127     1   127 0.99 -
d1k66a_c.23.1.1      -            149 d1kgsa2c.23.1.1.aln  -            130   2.9e-44  145.7   0.0   1   1     7e-46   3.3e-44  145.6   0.0     2   129     5   143     4   144 0.98 -
d1mb3a_c.23.1.1      -            123 d1kgsa2c.23.1.1.aln  -            130   1.2e-41  137.3   0.1   1   1   2.8e-43   1.3e-41  137.2   0.1     4   125     2   122     1   123 0.98 -
d2r25b_c.23.1.1      -            133 d1kgsa2c.23.1.1.aln  -            130   6.4e-41  134.9   0.0   1   1   1.5e-42   6.9e-41  134.8   0.0     3   128     2   131     1   133 0.96 -
d1dz3a_c.23.1.1      -            123 d1kgsa2c.23.1.1.aln  -            130   1.7e-39  130.3   0.0   1   1   3.9e-41   1.8e-39  130.2   0.0     4   124     2   122     1   123 0.96 -
d1jbea_c.23.1.1      -            128 d1kgsa2c.23.1.1.aln  -            130   1.6e-38  127.2   0.0   1   1   3.7e-40   1.7e-38  127.1   0.0     3   125     4   126     2   128 0.96 -
d2v0na2c.23.1.1      -            153 d1kgsa2c.23.1.1.aln  -            130   1.3e-35  117.7   0.1   1   1   3.2e-37   1.5e-35  117.6   0.1     5   129     4   136     1   137 0.97 -
d1dbwa_c.23.1.1      -            123 d1kgsa2c.23.1.1.aln  -            130   4.9e-34  112.6   0.3   1   1   1.1e-35   5.3e-34  112.5   0.3     2   125     2   122     1   123 0.97 -
d2b4aa1c.23.1.1      -            118 d1kgsa2c.23.1.1.aln  -            130   7.5e-29   95.9   0.0   1   1   1.8e-30   8.1e-29   95.8   0.0     2   122     1   116     1   118 0.97 -
d1kgsa2c.23.1.1      -            122 d1kgsa2c.23.1.1.aln  -            130   1.5e-26   88.4   0.1   1   1   3.6e-28   1.7e-26   88.3   0.1     4   125     2   120     1   122 0.96 -
d3cfya_c.23.1.0      -            130 d1kgsa2c.23.1.1.aln  -            130     2e-25   84.8   0.1   1   1   5.2e-27   2.4e-25   84.5   0.1     5   125     4   121     2   125 0.96 -
d3heba_c.23.1.0      -            142 d1kgsa2c.23.1.1.aln  -            130   3.5e-25   84.0   0.0   1   1     9e-27   4.2e-25   83.8   0.0     6   120     3   127     1   133 0.96 -
d3khta_c.23.1.0      -            132 d1kgsa2c.23.1.1.aln  -            130   5.6e-20   67.2   0.0   1   1   1.3e-21     6e-20   67.1   0.0     4   107     2   106     1   127 0.96 -
d3eqza_c.23.1.0      -            124 d1kgsa2c.23.1.1.aln  -            130   1.5e-11   39.9   0.0   1   1   3.8e-13   1.8e-11   39.7   0.0     5   115     3   114     1   124 0.74 -
d3ktoa_c.23.1.0      -            122 d1kgsa2c.23.1.1.aln  -            130   1.4e-09   33.5   0.3   1   1   3.5e-11   1.6e-09   33.3   0.3    50   123    46   119     2   122 0.73 -
d2plna_c.23.1.0      -            118 d1kgsa2c.23.1.1.aln  -            130   9.5e-08   27.6   0.1   1   1   2.6e-09   1.2e-07   27.3   0.1     5   120     6   115     3   118 0.71 -
d1q0qa2c.2.1.3       -            152 d1kgsa2c.23.1.1.aln  -            130   0.00019   16.9   0.5   1   2      0.15         7    2.2   0.0    65    98    15    48    13    52 0.73 -
d1q0qa2c.2.1.3       -            152 d1kgsa2c.23.1.1.aln  -            130   0.00019   16.9   0.5   2   2   6.2e-05    0.0029   13.1   0.2     9    54    55    98    49   121 0.83 -
#
# Program:         hmmsearch
# Version:         3.1b2 (February 2015)
# Pipeline mode:   SEARCH
# Query file:      hmmModels30/d1kgsa2c.23.1.1.hmm
# Target file:     scop/scopTestSeq.fasta
# Option settings: hmmsearch --domtblout hmmModels30/d1kgsa2c.23.1.1.out -E 1 hmmModels30/d1kgsa2c.23.1.1.hmm scop/scopTestSeq.fasta 
# Current dir:     /home/anastasia/SBAS/TME8
# Date:            Sat Apr  8 15:33:46 2023
# [ok]
