#                                                                            --- full sequence --- -------------- this domain -------------   hmm coord   ali coord   env coord
# target name        accession   tlen query name           accession   qlen   E-value  score  bias   #  of  c-Evalue  i-Evalue  score  bias  from    to  from    to  from    to  acc description of target
#------------------- ---------- ----- -------------------- ---------- ----- --------- ------ ----- --- --- --------- --------- ------ ----- ----- ----- ----- ----- ----- ----- ---- ---------------------
d1d7qa_b.40.4.5      -            143 d1khia2b.40.4.5.aln  -             90   1.2e-27   91.4   0.3   1   1     7e-29   1.6e-27   90.9   0.3     1    90     7   105     7   105 0.99 -
d2vnud3b.40.4.5      -            148 d1khia2b.40.4.5.aln  -             90   1.1e-26   88.3   0.0   1   1   6.6e-28   1.5e-26   87.8   0.0     1    90    14   112    14   112 0.99 -
d2nn6i1b.40.4.5      -            125 d1khia2b.40.4.5.aln  -             90   1.2e-22   75.4   0.0   1   1   6.6e-24   1.5e-22   75.1   0.0     2    90     1    97     1    97 0.98 -
d1wi5a_b.40.4.5      -            119 d1khia2b.40.4.5.aln  -             90   2.9e-21   71.0   0.0   1   1   1.4e-22   3.4e-21   70.8   0.0     3    90    16   103    14   103 0.97 -
d3bzka4b.40.4.5      -             94 d1khia2b.40.4.5.aln  -             90   2.9e-17   58.2   0.6   1   1   1.4e-18   3.2e-17   58.1   0.6     2    80    12    88    11    93 0.94 -
d1go3e1b.40.4.5      -            106 d1khia2b.40.4.5.aln  -             90   5.8e-16   54.0   0.4   1   1   2.9e-17   6.8e-16   53.8   0.4     6    88     1    91     1    93 0.98 -
d1jt8a_b.40.4.5      -            102 d1khia2b.40.4.5.aln  -             90   2.2e-14   49.0   0.3   1   1   1.1e-15   2.5e-14   48.8   0.3     2    88     8    92     7    94 0.96 -
d1luza_b.40.4.5      -             85 d1khia2b.40.4.5.aln  -             90   5.4e-12   41.4   0.3   1   1   2.5e-13   5.7e-12   41.3   0.3     4    85     4    84     1    85 0.95 -
d1kl9a2b.40.4.5      -             86 d1khia2b.40.4.5.aln  -             90   5.5e-12   41.3   1.5   1   1   2.6e-13     6e-12   41.2   1.5     2    80     7    85     6    86 0.97 -
d2ja9a1b.40.4.5      -             90 d1khia2b.40.4.5.aln  -             90   5.8e-12   41.3   0.0   1   1   2.6e-13   6.1e-12   41.2   0.0     3    87     2    84     1    87 0.96 -
d2nn6h1b.40.4.5      -             95 d1khia2b.40.4.5.aln  -             90     7e-12   41.0   0.1   1   1   3.6e-13   8.3e-12   40.8   0.1     2    80     2    88     1    93 0.95 -
d2uubq1b.40.4.5      -            100 d1khia2b.40.4.5.aln  -             90   9.8e-12   40.6   2.3   1   1   5.2e-13   1.2e-11   40.3   2.3     4    87     2    82     1    85 0.96 -
d2je6i1b.40.4.5      -             87 d1khia2b.40.4.5.aln  -             90   1.3e-11   40.2   0.9   1   1   5.9e-13   1.4e-11   40.1   0.9     3    87     2    87     1    87 0.97 -
d1y14b1b.40.4.5      -             91 d1khia2b.40.4.5.aln  -             90   1.5e-10   36.8   0.0   1   1     7e-12   1.6e-10   36.7   0.0     6    89     1    84     1    85 0.97 -
d2uubl1b.40.4.5      -            118 d1khia2b.40.4.5.aln  -             90   8.3e-10   34.4   1.4   1   1   4.4e-11     1e-09   34.1   1.4     3    89     7   102     5   103 0.97 -
d2vnud1b.40.4.5      -             95 d1khia2b.40.4.5.aln  -             90   2.3e-09   33.0   0.0   1   1   1.1e-10   2.5e-09   32.9   0.0     2    86    11    94    10    95 0.96 -
d2ix0a3b.40.4.5      -             87 d1khia2b.40.4.5.aln  -             90   1.7e-08   30.2   0.0   1   1   7.7e-10   1.8e-08   30.1   0.0     9    87     4    86     1    87 0.95 -
d1e3pa2b.40.4.5      -             62 d1khia2b.40.4.5.aln  -             90   2.2e-08   29.8   0.1   1   1     1e-09   2.3e-08   29.8   0.1    15    71     2    60     1    62 0.95 -
d1jjga_b.40.4.5      -            102 d1khia2b.40.4.5.aln  -             90   7.1e-08   28.2   0.4   1   1   3.5e-09     8e-08   28.1   0.4     1    86     7   101     7   102 0.97 -
d1smxa_b.40.4.5      -             87 d1khia2b.40.4.5.aln  -             90   7.3e-08   28.2   0.0   1   1   3.3e-09   7.7e-08   28.1   0.0     2    85     6    86     5    87 0.92 -
d1hh2p1b.40.4.5      -             72 d1khia2b.40.4.5.aln  -             90   8.3e-08   28.0   0.3   1   1   3.7e-09   8.6e-08   28.0   0.3     7    80     2    71     1    72 0.94 -
d1wfqa_b.40.4.5      -             89 d1khia2b.40.4.5.aln  -             90   9.7e-08   27.8   0.0   1   1   4.5e-09     1e-07   27.7   0.0    25    87    27    88     7    89 0.93 -
d2asba1b.40.4.5      -             76 d1khia2b.40.4.5.aln  -             90     2e-07   26.8   0.1   1   1   9.1e-09   2.1e-07   26.7   0.1     7    80     3    75     1    76 0.95 -
d2ix0a1b.40.4.5      -             90 d1khia2b.40.4.5.aln  -             90   1.7e-06   23.8   0.0   1   1   7.9e-08   1.8e-06   23.7   0.0     5    88     4    88     1    90 0.95 -
d1x6oa2b.40.4.5      -             79 d1khia2b.40.4.5.aln  -             90   2.6e-06   23.2   0.0   1   1   1.1e-07   2.6e-06   23.2   0.0     5    75     2    72     1    79 0.92 -
d2ix0a2b.40.4.5      -             79 d1khia2b.40.4.5.aln  -             90   4.7e-06   22.4   0.0   1   1   2.4e-07   5.5e-06   22.2   0.0    12    79     9    75     2    78 0.90 -
d3i4oa_b.40.4.5      -             68 d1khia2b.40.4.5.aln  -             90   1.8e-05   20.5   0.1   1   1     9e-07   2.1e-05   20.3   0.1    14    79     8    67     2    68 0.90 -
d2vnud2b.40.4.5      -             88 d1khia2b.40.4.5.aln  -             90   1.9e-05   20.5   0.5   1   1     9e-07   2.1e-05   20.3   0.5     7    86     8    84     2    87 0.93 -
d1a62a2b.40.4.5      -             78 d1khia2b.40.4.5.aln  -             90     2e-05   20.4   0.0   1   1   9.4e-07   2.2e-05   20.3   0.0    11    82     3    71     1    77 0.93 -
d1ne3a_b.40.4.5      -             68 d1khia2b.40.4.5.aln  -             90   7.5e-05   18.6   0.0   1   1   3.2e-06   7.5e-05   18.6   0.0    14    62     7    54     1    67 0.91 -
d1t9ha1b.40.4.5      -             67 d1khia2b.40.4.5.aln  -             90    0.0002   17.2   0.1   1   1   8.7e-06    0.0002   17.2   0.1    13    72     3    59     1    67 0.90 -
d1c9oa_b.40.4.5      -             66 d1khia2b.40.4.5.aln  -             90    0.0026   13.6   0.1   1   1   0.00012    0.0027   13.6   0.1    10    75     2    61     1    66 0.91 -
d1bkba2b.40.4.5      -             65 d1khia2b.40.4.5.aln  -             90    0.0027   13.6   0.2   1   1   0.00012    0.0029   13.5   0.2    12    76     2    64     1    65 0.92 -
d1u0la1b.40.4.5      -             66 d1khia2b.40.4.5.aln  -             90    0.0038   13.1   0.1   1   1   0.00017    0.0039   13.1   0.1    18    71     7    57     2    66 0.87 -
#
# Program:         hmmsearch
# Version:         3.1b2 (February 2015)
# Pipeline mode:   SEARCH
# Query file:      hmmModels30/d1khia2b.40.4.5.hmm
# Target file:     scop/scopTestSeq.fasta
# Option settings: hmmsearch --domtblout hmmModels30/d1khia2b.40.4.5.out -E 1 hmmModels30/d1khia2b.40.4.5.hmm scop/scopTestSeq.fasta 
# Current dir:     /home/anastasia/SBAS/TME8
# Date:            Sat Apr  8 15:33:46 2023
# [ok]
