#                                                                            --- full sequence --- -------------- this domain -------------   hmm coord   ali coord   env coord
# target name        accession   tlen query name           accession   qlen   E-value  score  bias   #  of  c-Evalue  i-Evalue  score  bias  from    to  from    to  from    to  acc description of target
#------------------- ---------- ----- -------------------- ---------- ----- --------- ------ ----- --- --- --------- --------- ------ ----- ----- ----- ----- ----- ----- ----- ---- ---------------------
d1e2ka_c.37.1.1      -            329 d1kjwa2c.37.1.1.aln  -            206  9.1e-103  337.9   0.0   1   1  2.7e-104  1.1e-102  337.7   0.0     1   206     2   288     2   288 1.00 -
d1p5zb_c.37.1.1      -            241 d1kjwa2c.37.1.1.aln  -            206   6.5e-61  201.2   0.0   1   1   1.9e-62   7.3e-61  201.1   0.0     3   206     2   237     1   237 0.99 -
d1deka_c.37.1.1      -            241 d1kjwa2c.37.1.1.aln  -            206   3.1e-55  182.7   0.0   1   1   8.8e-57   3.5e-55  182.5   0.0     3   205     1   227     1   228 0.99 -
d1yj5a2c.37.1.1      -            172 d1kjwa2c.37.1.1.aln  -            206   8.3e-43  142.1   0.0   1   1   2.3e-44   9.2e-43  142.0   0.0     1   176    12   171    12   172 0.98 -
d1gsia_c.37.1.1      -            208 d1kjwa2c.37.1.1.aln  -            206   1.8e-40  134.4   0.0   1   1   5.2e-42   2.1e-40  134.3   0.0     4   206     1   200     1   200 0.99 -
d1qf9a_c.37.1.1      -            194 d1kjwa2c.37.1.1.aln  -            206   4.4e-39  129.9   0.0   1   1   1.2e-40   4.9e-39  129.8   0.0     2   196     5   193     4   194 0.99 -
d1t0hb_c.37.1.1      -            219 d1kjwa2c.37.1.1.aln  -            206   5.1e-38  126.5   0.0   1   1   1.4e-39   5.6e-38  126.3   0.0     2   206     2   214     1   214 0.99 -
d1vhta_c.37.1.1      -            208 d1kjwa2c.37.1.1.aln  -            206   3.4e-37  123.8   0.3   1   1   9.6e-39   3.8e-37  123.6   0.3     3   206     3   208     1   208 0.99 -
d1khta_c.37.1.1      -            190 d1kjwa2c.37.1.1.aln  -            206   3.3e-35  117.3   0.2   1   1   9.3e-37   3.7e-35  117.1   0.2     4   193     2   190     1   190 0.99 -
d1lw7a2c.37.1.1      -            192 d1kjwa2c.37.1.1.aln  -            206   4.6e-35  116.8   0.0   1   1   1.3e-36     5e-35  116.7   0.0     3   193     7   189     5   192 0.97 -
d1zina1c.37.1.1      -            183 d1kjwa2c.37.1.1.aln  -            206   1.6e-32  108.5   0.0   1   1   4.4e-34   1.7e-32  108.4   0.0     4   195     1   181     1   183 0.98 -
d2grja_c.37.1.1      -            179 d1kjwa2c.37.1.1.aln  -            206   4.6e-30  100.5   0.1   1   1   1.3e-31   5.1e-30  100.3   0.1     1   193     1   179     1   179 0.99 -
d1kgda_c.37.1.1      -            178 d1kjwa2c.37.1.1.aln  -            206   3.6e-29   97.6   0.1   1   1     1e-30     4e-29   97.4   0.1     1   193     1   178     1   178 0.98 -
d1y63a_c.37.1.1      -            174 d1kjwa2c.37.1.1.aln  -            206   3.5e-27   91.1   0.4   1   1   9.9e-29   3.9e-27   90.9   0.4     1   194     3   172     3   174 0.97 -
d3kb2a_c.37.1.1      -            171 d1kjwa2c.37.1.1.aln  -            206   2.3e-24   81.8   0.0   1   1   6.5e-26   2.6e-24   81.7   0.0     5   193     2   171     1   171 0.99 -
d1ly1a_c.37.1.1      -            152 d1kjwa2c.37.1.1.aln  -            206   5.1e-21   70.9   0.0   1   1   1.4e-22   5.7e-21   70.8   0.0     2   129     1   122     1   141 0.95 -
d1in4a2c.37.1.20     -            238 d1kjwa2c.37.1.1.aln  -            206   0.00033   16.0   0.0   1   1   1.4e-05   0.00057   15.3   0.0     6    40    38    72    36   127 0.84 -
d2jaqa_c.37.1.0      -            201 d1kjwa2c.37.1.1.aln  -            206    0.0013   14.0   0.5   1   2   9.9e-05    0.0039   12.5   0.1     4    31     1    28     1    38 0.90 -
d2jaqa_c.37.1.0      -            201 d1kjwa2c.37.1.1.aln  -            206    0.0013   14.0   0.5   2   2       2.5        99   -1.9   0.0   141   176    61    92    54   116 0.69 -
d1g41a_c.37.1.20     -            443 d1kjwa2c.37.1.1.aln  -            206    0.0042   12.4   0.0   1   1   0.00021    0.0085   11.4   0.0     2    52    48    98    47   132 0.80 -
d1sxja2c.37.1.20     -            253 d1kjwa2c.37.1.1.aln  -            206    0.0065   11.8   0.0   1   1   0.00026      0.01   11.1   0.0     9    31    58    80    56   131 0.92 -
#
# Program:         hmmsearch
# Version:         3.1b2 (February 2015)
# Pipeline mode:   SEARCH
# Query file:      hmmModels30/d1kjwa2c.37.1.1.hmm
# Target file:     scop/scopTestSeq.fasta
# Option settings: hmmsearch --domtblout hmmModels30/d1kjwa2c.37.1.1.out -E 1 hmmModels30/d1kjwa2c.37.1.1.hmm scop/scopTestSeq.fasta 
# Current dir:     /home/anastasia/SBAS/TME8
# Date:            Sat Apr  8 15:33:46 2023
# [ok]
