#                                                                            --- full sequence --- -------------- this domain -------------   hmm coord   ali coord   env coord
# target name        accession   tlen query name           accession   qlen   E-value  score  bias   #  of  c-Evalue  i-Evalue  score  bias  from    to  from    to  from    to  acc description of target
#------------------- ---------- ----- -------------------- ---------- ----- --------- ------ ----- --- --- --------- --------- ------ ----- ----- ----- ----- ----- ----- ----- ---- ---------------------
d1wuea2d.54.1.1      -            126 d1kkoa2d.54.1.1.aln  -            126   1.7e-47  156.3   0.0   1   1   2.4e-49   1.9e-47  156.1   0.0     1   125     1   125     1   126 0.99 -
d1yeya2d.54.1.1      -            139 d1kkoa2d.54.1.1.aln  -            126   2.2e-44  146.2   0.2   1   1     3e-46   2.4e-44  146.1   0.2     2   126     2   137     1   137 0.99 -
d1sjda2d.54.1.1      -            125 d1kkoa2d.54.1.1.aln  -            126   7.1e-43  141.3   0.2   1   1   9.9e-45   7.8e-43  141.2   0.2     1   125     1   124     1   125 0.99 -
d1r0ma2d.54.1.1      -            127 d1kkoa2d.54.1.1.aln  -            126     1e-41  137.6   0.1   1   1   1.4e-43   1.1e-41  137.5   0.1     1   126     3   127     3   127 0.99 -
d2mnra2d.54.1.1      -            130 d1kkoa2d.54.1.1.aln  -            126     2e-40  133.4   0.4   1   1   2.8e-42   2.2e-40  133.3   0.4     2   125     3   126     2   127 0.98 -
d2akza2d.54.1.1      -            139 d1kkoa2d.54.1.1.aln  -            126   8.1e-38  125.0   0.0   1   1   1.1e-39     9e-38  124.8   0.0     1   126     3   135     3   135 0.99 -
d2gl5a2d.54.1.1      -            122 d1kkoa2d.54.1.1.aln  -            126   9.6e-37  121.5   0.0   1   1   1.3e-38   1.1e-36  121.4   0.0     2   126     2   122     1   122 0.99 -
d2gdqa2d.54.1.1      -            115 d1kkoa2d.54.1.1.aln  -            126   2.7e-36  120.1   0.0   1   1   3.8e-38     3e-36  119.9   0.0     1   126     1   115     1   115 0.99 -
d1jpdx2d.54.1.1      -            116 d1kkoa2d.54.1.1.aln  -            126   5.2e-36  119.1   0.1   1   1   7.4e-38   5.8e-36  119.0   0.1     1   125     2   115     2   116 0.99 -
d1r6wa2d.54.1.1      -            101 d1kkoa2d.54.1.1.aln  -            126   2.2e-24   81.6   0.0   1   1   2.1e-25   1.7e-23   78.7   0.0     1   124     1   100     1   101 0.91 -
#
# Program:         hmmsearch
# Version:         3.1b2 (February 2015)
# Pipeline mode:   SEARCH
# Query file:      hmmModels30/d1kkoa2d.54.1.1.hmm
# Target file:     scop/scopTestSeq.fasta
# Option settings: hmmsearch --domtblout hmmModels30/d1kkoa2d.54.1.1.out -E 1 hmmModels30/d1kkoa2d.54.1.1.hmm scop/scopTestSeq.fasta 
# Current dir:     /home/anastasia/SBAS/TME8
# Date:            Sat Apr  8 15:33:46 2023
# [ok]
