#                                                                            --- full sequence --- -------------- this domain -------------   hmm coord   ali coord   env coord
# target name        accession   tlen query name           accession   qlen   E-value  score  bias   #  of  c-Evalue  i-Evalue  score  bias  from    to  from    to  from    to  acc description of target
#------------------- ---------- ----- -------------------- ---------- ----- --------- ------ ----- --- --- --------- --------- ------ ----- ----- ----- ----- ----- ----- ----- ---- ---------------------
d1gu7a2c.2.1.1       -            189 d1kola2c.2.1.1.aln   -            180   8.9e-62  203.3   0.0   1   1   1.7e-63   9.8e-62  203.2   0.0     2   180     2   189     1   189 0.99 -
d1pqwa_c.2.1.1       -            183 d1kola2c.2.1.1.aln   -            180   1.1e-61  203.0   0.2   1   1   2.2e-63   1.2e-61  202.9   0.2     4   180     1   176     1   176 0.99 -
d1qora2c.2.1.1       -            179 d1kola2c.2.1.1.aln   -            180   5.8e-59  194.1   0.3   1   1   1.1e-60   6.4e-59  194.0   0.3     2   180     2   179     1   179 0.99 -
d2dm6a2c.2.1.1       -            182 d1kola2c.2.1.1.aln   -            180   9.7e-59  193.4   0.1   1   1   1.9e-60   1.1e-58  193.3   0.1     5   179     6   179     2   180 0.98 -
d1vj0a2c.2.1.1       -            182 d1kola2c.2.1.1.aln   -            180   2.4e-56  185.6   0.0   1   1   4.6e-58   2.6e-56  185.5   0.0     2   179     2   181     1   182 0.98 -
d1yb5a2c.2.1.1       -            174 d1kola2c.2.1.1.aln   -            180   1.1e-55  183.5   2.0   1   1   2.2e-57   1.2e-55  183.3   2.0     2   180     2   174     1   174 0.99 -
d1h2ba2c.2.1.1       -            172 d1kola2c.2.1.1.aln   -            180   1.4e-53  176.6   1.1   1   1   2.7e-55   1.5e-53  176.5   1.1     2   170     5   171     4   172 0.98 -
d1jqba2c.2.1.1       -            174 d1kola2c.2.1.1.aln   -            180   2.6e-53  175.7   3.3   1   1     5e-55   2.8e-53  175.6   3.3     4   175     3   173     1   174 0.98 -
d1o89a2c.2.1.1       -            177 d1kola2c.2.1.1.aln   -            180     2e-51  169.6   0.1   1   1   3.9e-53   2.2e-51  169.5   0.1     2   180     2   175     1   175 0.98 -
d2jhfa2c.2.1.1       -            176 d1kola2c.2.1.1.aln   -            180   7.5e-51  167.7   0.9   1   1   1.5e-52   8.2e-51  167.6   0.9     2   173     2   175     1   176 0.98 -
d1pl8a2c.2.1.1       -            171 d1kola2c.2.1.1.aln   -            180   2.7e-48  159.4   3.3   1   1   5.1e-50   2.9e-48  159.3   3.3     6   170     4   169     1   171 0.97 -
d1piwa2c.2.1.1       -            168 d1kola2c.2.1.1.aln   -            180   1.1e-47  157.5   0.0   1   1   2.1e-49   1.2e-47  157.3   0.0     2   173     2   168     1   168 0.96 -
d1kola2c.2.1.1       -            195 d1kola2c.2.1.1.aln   -            180   6.3e-16   53.9   0.6   1   1   1.7e-17   9.7e-16   53.3   0.6    16   109    13   105     5   110 0.92 -
d1c1da1c.2.1.7       -            201 d1kola2c.2.1.1.aln   -            180     0.028    9.5   6.4   1   1   0.00028     0.016   10.3   4.5    30    78    27    74     2    82 0.84 -
#
# Program:         hmmsearch
# Version:         3.1b2 (February 2015)
# Pipeline mode:   SEARCH
# Query file:      hmmModels30/d1kola2c.2.1.1.hmm
# Target file:     scop/scopTestSeq.fasta
# Option settings: hmmsearch --domtblout hmmModels30/d1kola2c.2.1.1.out -E 1 hmmModels30/d1kola2c.2.1.1.hmm scop/scopTestSeq.fasta 
# Current dir:     /home/anastasia/SBAS/TME8
# Date:            Sat Apr  8 15:33:46 2023
# [ok]
