#                                                                            --- full sequence --- -------------- this domain -------------   hmm coord   ali coord   env coord
# target name        accession   tlen query name           accession   qlen   E-value  score  bias   #  of  c-Evalue  i-Evalue  score  bias  from    to  from    to  from    to  acc description of target
#------------------- ---------- ----- -------------------- ---------- ----- --------- ------ ----- --- --- --------- --------- ------ ----- ----- ----- ----- ----- ----- ----- ---- ---------------------
d1q33a_d.113.1.1     -            292 d1ktga_d.113.1.1.aln -            166   4.1e-83  272.6   0.2   1   1   1.1e-84   5.2e-83  272.3   0.2     1   166    67   277    67   277 1.00 -
d1g0sa_d.113.1.1     -            209 d1ktga_d.113.1.1.aln -            166     3e-50  165.7   0.4   1   1     7e-52   3.5e-50  165.5   0.4     3   166    32   209    30   209 0.99 -
d1jkna_d.113.1.1     -            165 d1ktga_d.113.1.1.aln -            166     1e-38  128.2   0.0   1   1   2.2e-40   1.1e-38  128.1   0.0     8   163     5   157     1   160 0.97 -
d1nqza_d.113.1.1     -            187 d1ktga_d.113.1.1.aln -            166   1.6e-38  127.6   0.0   1   1   3.6e-40   1.8e-38  127.4   0.0     2   166    16   180    15   180 0.99 -
d3o69a_d.113.1.1     -            190 d1ktga_d.113.1.1.aln -            166   1.9e-37  124.0   0.1   1   1   4.4e-39   2.2e-37  123.9   0.1     2   160    19   189    18   190 0.98 -
d1vhza_d.113.1.1     -            186 d1ktga_d.113.1.1.aln -            166   1.1e-36  121.6   0.0   1   1   2.5e-38   1.2e-36  121.4   0.0     3   159    18   185    16   186 0.97 -
d1sjya_d.113.1.1     -            158 d1ktga_d.113.1.1.aln -            166   2.4e-36  120.5   0.0   1   1   5.3e-38   2.6e-36  120.3   0.0     7   162     2   157     1   158 0.98 -
d1v8ya_d.113.1.1     -            158 d1ktga_d.113.1.1.aln -            166   3.1e-34  113.6   0.3   1   1     7e-36   3.4e-34  113.5   0.3     7   159     3   157     1   158 0.95 -
d3zr0a_d.113.1.1     -            154 d1ktga_d.113.1.1.aln -            166   1.5e-33  111.4   0.0   1   1   3.3e-35   1.6e-33  111.2   0.0    10   166     3   149     1   149 0.97 -
d2b06a1d.113.1.1     -            155 d1ktga_d.113.1.1.aln -            166   1.9e-32  107.8   0.0   1   1   4.1e-34     2e-32  107.7   0.0     3   164     3   153     1   155 0.97 -
d2azwa1d.113.1.1     -            147 d1ktga_d.113.1.1.aln -            166   3.3e-32  107.0   0.4   1   1   7.3e-34   3.6e-32  106.9   0.4     3   154     1   147     1   147 0.98 -
d1k2ea_d.113.1.1     -            152 d1ktga_d.113.1.1.aln -            166   3.4e-32  107.0   0.1   1   1   7.6e-34   3.8e-32  106.8   0.1    21   164    13   146     1   148 0.90 -
d3a6sa_d.113.1.1     -            129 d1ktga_d.113.1.1.aln -            166   4.6e-31  103.3   0.4   1   1     1e-32     5e-31  103.2   0.4     9   149     4   128     1   129 0.96 -
d2fvva1d.113.1.1     -            135 d1ktga_d.113.1.1.aln -            166   7.8e-28   92.8   0.5   1   1   1.7e-29   8.5e-28   92.7   0.5     7   148     2   133     1   135 0.95 -
d2b0va1d.113.1.1     -            146 d1ktga_d.113.1.1.aln -            166   2.3e-27   91.2   0.0   1   1   5.1e-29   2.5e-27   91.1   0.0    11   164     5   145     1   146 0.96 -
d1ktga_d.113.1.1     -            137 d1ktga_d.113.1.1.aln -            166   2.6e-09   32.5   0.1   1   1   6.9e-11   3.4e-09   32.1   0.1    46   139    28   120     3   129 0.71 -
#
# Program:         hmmsearch
# Version:         3.1b2 (February 2015)
# Pipeline mode:   SEARCH
# Query file:      hmmModels30/d1ktga_d.113.1.1.hmm
# Target file:     scop/scopTestSeq.fasta
# Option settings: hmmsearch --domtblout hmmModels30/d1ktga_d.113.1.1.out -E 1 hmmModels30/d1ktga_d.113.1.1.hmm scop/scopTestSeq.fasta 
# Current dir:     /home/anastasia/SBAS/TME8
# Date:            Sat Apr  8 15:33:46 2023
# [ok]
