#                                                                            --- full sequence --- -------------- this domain -------------   hmm coord   ali coord   env coord
# target name        accession   tlen query name           accession   qlen   E-value  score  bias   #  of  c-Evalue  i-Evalue  score  bias  from    to  from    to  from    to  acc description of target
#------------------- ---------- ----- -------------------- ---------- ----- --------- ------ ----- --- --- --------- --------- ------ ----- ----- ----- ----- ----- ----- ----- ---- ---------------------
d2fhfa4b.71.1.1      -            118 d1kwga1b.71.1.1.aln  -             86   2.6e-29   97.1   0.3   1   1   8.8e-31   3.2e-29   96.8   0.3     1    86    19   109    19   109 0.99 -
d1szna1b.71.1.1      -            103 d1kwga1b.71.1.1.aln  -             86   8.6e-25   82.6   0.3   1   1   2.7e-26   9.8e-25   82.4   0.3     2    84    14    95    13    97 0.97 -
d1m7xa2b.71.1.1      -            106 d1kwga1b.71.1.1.aln  -             86   9.8e-24   79.2   0.0   1   1   3.1e-25   1.1e-23   79.1   0.0     2    85     5    93     4    94 0.98 -
d1bf2a2b.71.1.1      -            113 d1kwga1b.71.1.1.aln  -             86   1.5e-23   78.7   4.9   1   1   4.9e-25   1.8e-23   78.4   4.9     3    86    15   103    13   103 0.98 -
d1uasa1b.71.1.1      -             89 d1kwga1b.71.1.1.aln  -             86     1e-19   66.4   1.5   1   1   3.3e-21   1.2e-19   66.2   1.5     7    85     8    86     5    87 0.97 -
d3bmva3b.71.1.1      -             89 d1kwga1b.71.1.1.aln  -             86   7.1e-17   57.3   3.2   1   1   2.1e-18   7.7e-17   57.2   3.2     4    86     3    89     1    89 0.97 -
d1h3ga2b.71.1.1      -             83 d1kwga1b.71.1.1.aln  -             86   2.2e-16   55.7   0.0   1   1   6.7e-18   2.4e-16   55.6   0.0     4    84     2    82     1    83 0.97 -
d1j0ha2b.71.1.1      -             83 d1kwga1b.71.1.1.aln  -             86   6.2e-15   51.1   0.0   1   1     2e-16   7.2e-15   50.9   0.0     4    81     5    83     3    83 0.98 -
d1e43a1b.71.1.1      -             90 d1kwga1b.71.1.1.aln  -             86   7.4e-15   50.8   1.5   1   1   2.2e-16   8.1e-15   50.7   1.5     3    86     2    90     1    90 0.97 -
d1ea9c2b.71.1.1      -             80 d1kwga1b.71.1.1.aln  -             86   9.9e-15   50.4   0.1   1   1   2.9e-16     1e-14   50.3   0.1     2    79     2    78     1    80 0.96 -
d1ji1a2b.71.1.1      -             83 d1kwga1b.71.1.1.aln  -             86   1.7e-14   49.7   3.7   1   1     5e-16   1.8e-14   49.6   3.7     2    85     2    83     1    83 0.98 -
d1wzaa1b.71.1.1      -             79 d1kwga1b.71.1.1.aln  -             86   7.8e-14   47.5   0.0   1   1   2.3e-15   8.1e-14   47.5   0.0     3    77     2    76     1    79 0.95 -
d1g5aa1b.71.1.1      -             74 d1kwga1b.71.1.1.aln  -             86   1.3e-13   46.8   0.0   1   1   3.9e-15   1.4e-13   46.8   0.0     7    79     3    74     1    74 0.96 -
d2guya1b.71.1.1      -             95 d1kwga1b.71.1.1.aln  -             86     2e-13   46.3   0.3   1   1   5.9e-15   2.1e-13   46.1   0.3     2    85     2    90     1    91 0.97 -
d1mxga1b.71.1.1      -             74 d1kwga1b.71.1.1.aln  -             86   6.4e-11   38.2   0.7   1   1   1.9e-12   6.7e-11   38.2   0.7     4    78     4    73     1    74 0.96 -
d1gjwa1b.71.1.1      -             64 d1kwga1b.71.1.1.aln  -             86   9.6e-11   37.6   0.0   1   1   3.1e-12   1.1e-10   37.4   0.0     6    78     3    64     1    64 0.96 -
d1ua7a1b.71.1.1      -             78 d1kwga1b.71.1.1.aln  -             86     7e-09   31.7   0.2   1   1   2.1e-10   7.4e-09   31.6   0.2     3    78     2    77     1    78 0.95 -
d2bhua2b.71.1.1      -             72 d1kwga1b.71.1.1.aln  -             86   1.7e-07   27.3   0.0   1   1   4.8e-09   1.7e-07   27.2   0.0     4    76     3    72     1    72 0.94 -
d1r7aa1b.71.1.1      -             70 d1kwga1b.71.1.1.aln  -             86   2.2e-07   26.9   0.1   1   1   6.6e-09   2.4e-07   26.8   0.1     3    74     2    70     1    70 0.97 -
d1lwha1b.71.1.1      -             50 d1kwga1b.71.1.1.aln  -             86   0.00011   18.3   0.0   1   1   3.2e-06   0.00012   18.2   0.0     3    41     2    38     1    50 0.86 -
d1gcya1b.71.1.1      -             61 d1kwga1b.71.1.1.aln  -             86    0.0002   17.4   0.8   1   1   6.2e-06   0.00022   17.3   0.8     4    69     3    60     1    61 0.88 -
d1ht6a1b.71.1.1      -             57 d1kwga1b.71.1.1.aln  -             86   0.00063   15.8   0.0   1   1   1.9e-05    0.0007   15.7   0.0     2    50     2    50     1    56 0.90 -
#
# Program:         hmmsearch
# Version:         3.1b2 (February 2015)
# Pipeline mode:   SEARCH
# Query file:      hmmModels30/d1kwga1b.71.1.1.hmm
# Target file:     scop/scopTestSeq.fasta
# Option settings: hmmsearch --domtblout hmmModels30/d1kwga1b.71.1.1.out -E 1 hmmModels30/d1kwga1b.71.1.1.hmm scop/scopTestSeq.fasta 
# Current dir:     /home/anastasia/SBAS/TME8
# Date:            Sat Apr  8 15:33:46 2023
# [ok]
