#                                                                            --- full sequence --- -------------- this domain -------------   hmm coord   ali coord   env coord
# target name        accession   tlen query name           accession   qlen   E-value  score  bias   #  of  c-Evalue  i-Evalue  score  bias  from    to  from    to  from    to  acc description of target
#------------------- ---------- ----- -------------------- ---------- ----- --------- ------ ----- --- --- --------- --------- ------ ----- ----- ----- ----- ----- ----- ----- ---- ---------------------
d1uoka2c.1.8.1       -            479 d1kwga2c.1.8.1.aln   -            460  8.4e-163  537.9  20.7   1   1  2.3e-164  9.5e-163  537.7  20.7     4   459     1   479     1   479 0.99 -
d1g5aa2c.1.8.1       -            554 d1kwga2c.1.8.1.aln   -            460  2.6e-149  493.4   1.8   1   1  7.2e-151    3e-149  493.2   1.8     2   460    44   554    43   554 0.99 -
d1gjwa2c.1.8.1       -            572 d1kwga2c.1.8.1.aln   -            460  3.6e-138  456.7   0.0   1   1  9.9e-140  4.1e-138  456.5   0.0     2   459    51   571    50   572 0.99 -
d1wzaa2c.1.8.1       -            409 d1kwga2c.1.8.1.aln   -            460  3.9e-119  393.9  12.7   1   1  1.1e-120  4.4e-119  393.8  12.7     9   459     2   409     1   409 0.98 -
d1bf2a3c.1.8.1       -            475 d1kwga2c.1.8.1.aln   -            460  3.4e-118  390.8  14.9   1   1  9.8e-120  4.1e-118  390.6  14.9     3   458     8   471     6   473 0.99 -
d2fhfa5c.1.8.1       -            563 d1kwga2c.1.8.1.aln   -            460  1.5e-116  385.4   2.3   1   1  4.2e-118  1.8e-116  385.2   2.3     1   459    11   562    11   563 1.00 -
d1h3ga3c.1.8.1       -            422 d1kwga2c.1.8.1.aln   -            460  9.1e-105  346.6   7.8   1   1  2.4e-106    1e-104  346.4   7.8     4   460     4   422     1   422 0.98 -
d1ji1a3c.1.8.1       -            432 d1kwga2c.1.8.1.aln   -            460  7.6e-102  336.9  23.6   1   1  2.1e-103  8.5e-102  336.8  23.6     3   459     2   431     1   432 0.99 -
d1wdpa_c.1.8.1       -            493 d1kwga2c.1.8.1.aln   -            460   2.9e-99  328.4   0.1   1   1  7.9e-101   3.3e-99  328.3   0.1     4   458     2   489     1   491 0.99 -
d1x1na1c.1.8.1       -            523 d1kwga2c.1.8.1.aln   -            460   1.8e-96  319.2   0.0   1   1     5e-98   2.1e-96  319.0   0.0     1   459    15   521    15   522 0.99 -
d2bhua3c.1.8.1       -            420 d1kwga2c.1.8.1.aln   -            460   1.4e-94  313.0   0.3   1   1   4.4e-95   1.8e-93  309.3   0.3     2   459     7   419     6   420 0.99 -
d3bmva4c.1.8.1       -            406 d1kwga2c.1.8.1.aln   -            460   2.7e-93  308.8  15.8   1   1   7.5e-95   3.1e-93  308.5  15.8     5   459     8   406     4   406 0.97 -
d2guya2c.1.8.1       -            381 d1kwga2c.1.8.1.aln   -            460   2.2e-86  286.0  10.4   1   1   7.1e-88   2.9e-86  285.5  10.4     5   448     2   372     1   380 0.97 -
d1r7aa2c.1.8.1       -            434 d1kwga2c.1.8.1.aln   -            460   5.6e-84  278.0   0.3   1   1   1.5e-85   6.3e-84  277.9   0.3     9   457     1   433     1   434 0.99 -
d1m7xa3c.1.8.1       -            396 d1kwga2c.1.8.1.aln   -            460   1.6e-82  273.3  12.0   1   1   1.2e-83   5.1e-82  271.6  12.0     2   459     7   392     6   393 0.98 -
d1e43a2c.1.8.1       -            393 d1kwga2c.1.8.1.aln   -            460   2.3e-78  259.5  15.2   1   1   6.1e-80   2.5e-78  259.4  15.2    11   404     2   373     1   393 0.97 -
d1ht6a2c.1.8.1       -            347 d1kwga2c.1.8.1.aln   -            460   3.9e-68  225.8   6.3   1   1   1.1e-69   4.8e-68  225.5   6.3    11   398     1   328     1   346 0.96 -
d1vema2c.1.8.1       -            417 d1kwga2c.1.8.1.aln   -            460   2.5e-66  219.8   7.4   1   1   6.8e-68   2.8e-66  219.7   7.4     6   459     3   416     1   417 0.98 -
d1ua7a2c.1.8.1       -            344 d1kwga2c.1.8.1.aln   -            460   1.2e-60  201.1  13.5   1   1   3.4e-62   1.4e-60  200.9  13.5     9   459     3   344     1   344 0.98 -
#
# Program:         hmmsearch
# Version:         3.1b2 (February 2015)
# Pipeline mode:   SEARCH
# Query file:      hmmModels30/d1kwga2c.1.8.1.hmm
# Target file:     scop/scopTestSeq.fasta
# Option settings: hmmsearch --domtblout hmmModels30/d1kwga2c.1.8.1.out -E 1 hmmModels30/d1kwga2c.1.8.1.hmm scop/scopTestSeq.fasta 
# Current dir:     /home/anastasia/SBAS/TME8
# Date:            Sat Apr  8 15:33:46 2023
# [ok]
