#                                                                            --- full sequence --- -------------- this domain -------------   hmm coord   ali coord   env coord
# target name        accession   tlen query name           accession   qlen   E-value  score  bias   #  of  c-Evalue  i-Evalue  score  bias  from    to  from    to  from    to  acc description of target
#------------------- ---------- ----- -------------------- ---------- ----- --------- ------ ----- --- --- --------- --------- ------ ----- ----- ----- ----- ----- ----- ----- ---- ---------------------
d1kt7a_b.60.1.1      -            175 d1kxoa_b.60.1.1.aln  -            168   2.1e-56  186.1   0.1   1   1   4.2e-58   2.4e-56  185.9   0.1     2   165     3   175     2   175 0.99 -
d1i4ua_b.60.1.1      -            181 d1kxoa_b.60.1.1.aln  -            168   6.7e-54  177.9   0.4   1   1   1.3e-55   7.6e-54  177.8   0.4     1   168    13   177    13   177 0.99 -
d3s26a_b.60.1.1      -            176 d1kxoa_b.60.1.1.aln  -            168     3e-53  175.8   0.1   1   1   5.8e-55   3.3e-53  175.7   0.1     2   167     5   175     4   176 0.98 -
d1lf7a_b.60.1.1      -            171 d1kxoa_b.60.1.1.aln  -            168   1.1e-49  164.2   0.0   1   1   2.3e-51   1.3e-49  164.0   0.0     3   167     2   162     1   163 0.98 -
d1x8qa_b.60.1.1      -            184 d1kxoa_b.60.1.1.aln  -            168     3e-48  159.5   6.2   1   1     6e-50   3.4e-48  159.4   6.2     1   168     1   175     1   175 0.99 -
d3kffa_b.60.1.1      -            152 d1kxoa_b.60.1.1.aln  -            168     8e-48  158.2   0.2   1   1   1.6e-49   8.7e-48  158.0   0.2    15   167     2   151     1   152 0.98 -
d3saoa_b.60.1.1      -            155 d1kxoa_b.60.1.1.aln  -            168   1.3e-47  157.5   0.4   1   1   2.6e-49   1.5e-47  157.3   0.4    18   167     2   149     1   150 0.98 -
d1qwda_b.60.1.1      -            167 d1kxoa_b.60.1.1.aln  -            168   2.2e-47  156.7   0.0   1   1   4.5e-49   2.5e-47  156.5   0.0     2   162    13   167    12   167 0.98 -
d1epba_b.60.1.1      -            160 d1kxoa_b.60.1.1.aln  -            168     6e-46  152.1   0.0   1   1   1.2e-47   6.7e-46  151.9   0.0    12   166     2   154     1   156 0.99 -
d1qfta_b.60.1.1      -            175 d1kxoa_b.60.1.1.aln  -            168   3.7e-43  143.0   8.4   1   1   7.3e-45   4.1e-43  142.8   8.4     1   167     2   174     2   175 0.99 -
d1dzka_b.60.1.1      -            148 d1kxoa_b.60.1.1.aln  -            168   5.2e-37  123.0   0.1   1   1     1e-38   5.7e-37  122.9   0.1    18   166     2   148     1   148 0.99 -
d1xkia_b.60.1.1      -            139 d1kxoa_b.60.1.1.aln  -            168   6.6e-34  112.9   0.0   1   1   1.3e-35   7.2e-34  112.8   0.0    19   160     2   138     1   139 0.98 -
d2joza1b.60.1.1      -            126 d1kxoa_b.60.1.1.aln  -            168   1.8e-22   75.7   0.1   1   1   3.5e-24   1.9e-22   75.6   0.1    28   163     2   125     1   126 0.97 -
d1kxoa_b.60.1.1      -            171 d1kxoa_b.60.1.1.aln  -            168   1.1e-10   37.3   2.0   1   1   7.4e-12   4.2e-10   35.5   2.0     7   141    10   145     8   149 0.86 -
#
# Program:         hmmsearch
# Version:         3.1b2 (February 2015)
# Pipeline mode:   SEARCH
# Query file:      hmmModels30/d1kxoa_b.60.1.1.hmm
# Target file:     scop/scopTestSeq.fasta
# Option settings: hmmsearch --domtblout hmmModels30/d1kxoa_b.60.1.1.out -E 1 hmmModels30/d1kxoa_b.60.1.1.hmm scop/scopTestSeq.fasta 
# Current dir:     /home/anastasia/SBAS/TME8
# Date:            Sat Apr  8 15:33:46 2023
# [ok]
