#                                                                            --- full sequence --- -------------- this domain -------------   hmm coord   ali coord   env coord
# target name        accession   tlen query name           accession   qlen   E-value  score  bias   #  of  c-Evalue  i-Evalue  score  bias  from    to  from    to  from    to  acc description of target
#------------------- ---------- ----- -------------------- ---------- ----- --------- ------ ----- --- --- --------- --------- ------ ----- ----- ----- ----- ----- ----- ----- ---- ---------------------
d1g41a_c.37.1.20     -            443 d1l8qa2c.37.1.20.aln -            278  2.8e-138  455.4   4.5   1   1  1.1e-139  3.6e-138  455.0   4.5     3   278     1   435     1   435 1.00 -
d1um8a_c.37.1.20     -            364 d1l8qa2c.37.1.20.aln -            278     4e-99  326.9   2.4   1   1  1.3e-100   4.6e-99  326.8   2.4     2   278     3   364     2   364 0.99 -
d1svma_c.37.1.20     -            362 d1l8qa2c.37.1.20.aln -            278   7.4e-77  253.9   0.0   1   1   2.4e-78   8.4e-77  253.7   0.0     1   278    10   339    10   339 0.99 -
d1r6bx3c.37.1.20     -            315 d1l8qa2c.37.1.20.aln -            278   7.6e-68  224.3   0.1   1   1   2.5e-69   8.5e-68  224.2   0.1     1   277     7   312     7   313 0.99 -
d1g8pa_c.37.1.20     -            333 d1l8qa2c.37.1.20.aln -            278   2.7e-55  183.2   0.0   1   1     9e-57   3.1e-55  183.0   0.0     3   277     3   310     1   311 0.99 -
d1iqpa2c.37.1.20     -            231 d1l8qa2c.37.1.20.aln -            278   1.1e-38  128.7   0.3   1   1   3.6e-40   1.2e-38  128.5   0.3     3   263    11   229     9   231 0.98 -
d2a5yb3c.37.1.20     -            277 d1l8qa2c.37.1.20.aln -            278   1.5e-38  128.2   0.0   1   1     5e-40   1.7e-38  128.1   0.0     2   277     7   273     6   274 0.98 -
d1fnna2c.37.1.20     -            276 d1l8qa2c.37.1.20.aln -            278   1.7e-38  128.0   0.0   1   1   5.6e-40   1.9e-38  127.9   0.0     2   277     5   269     4   270 0.98 -
d1sxja2c.37.1.20     -            253 d1l8qa2c.37.1.20.aln -            278   3.2e-38  127.2   0.0   1   1     1e-39   3.6e-38  127.0   0.0     4   268     2   250     1   253 0.98 -
d1lv7a_c.37.1.20     -            256 d1l8qa2c.37.1.20.aln -            278   3.6e-38  127.0   0.0   1   1   1.2e-39     4e-38  126.8   0.0     5   271     1   254     1   256 0.99 -
d1njfa_c.37.1.20     -            239 d1l8qa2c.37.1.20.aln -            278   8.5e-37  122.5   0.0   1   1     3e-38     1e-36  122.2   0.0     7   264     3   236     1   238 0.98 -
d1in4a2c.37.1.20     -            238 d1l8qa2c.37.1.20.aln -            278   1.6e-36  121.6   1.6   1   1   5.1e-38   1.7e-36  121.5   1.6     9   265     2   238     1   238 0.98 -
d1u0ja_c.37.1.20     -            267 d1l8qa2c.37.1.20.aln -            278   4.1e-36  120.3   0.0   1   1   1.3e-37   4.5e-36  120.1   0.0     5   273     6   266     2   267 0.98 -
d1w5sa2c.37.1.20     -            287 d1l8qa2c.37.1.20.aln -            278   5.7e-36  119.8   0.0   1   1   1.8e-37   6.3e-36  119.6   0.0     2   276     5   282     4   284 0.98 -
d2fnaa2c.37.1.20     -            283 d1l8qa2c.37.1.20.aln -            278   5.1e-34  113.4   0.6   1   1   1.6e-35   5.6e-34  113.3   0.6     3   277     9   282     7   283 0.98 -
d1ny5a2c.37.1.20     -            247 d1l8qa2c.37.1.20.aln -            278   3.2e-32  107.5   0.1   1   1     1e-33   3.5e-32  107.4   0.1    17   266     2   243     1   247 0.98 -
d1d2na_c.37.1.20     -            246 d1l8qa2c.37.1.20.aln -            278   1.1e-28   95.8   0.0   1   1   3.6e-30   1.2e-28   95.7   0.0     2   270     2   243     1   246 0.96 -
d1a5ta2c.37.1.20     -            207 d1l8qa2c.37.1.20.aln -            278   2.3e-19   65.3   0.0   1   1   8.1e-21   2.8e-19   65.0   0.0    15   257     1   201     1   206 0.96 -
d1tuea_c.37.1.20     -            205 d1l8qa2c.37.1.20.aln -            278   3.7e-18   61.3   0.0   1   1   5.1e-19   1.7e-17   59.1   0.0     7   265     4   204     1   205 0.98 -
d2gnoa2c.37.1.20     -            198 d1l8qa2c.37.1.20.aln -            278   4.9e-14   47.8   0.1   1   1   1.4e-14   4.7e-13   44.6   0.1    11   225     2   158     1   198 0.85 -
d2p65a_c.37.1.20     -            185 d1l8qa2c.37.1.20.aln -            278   2.1e-12   42.5   0.4   1   2   1.5e-11   5.1e-10   34.6   0.1     1    88     5    84     5   129 0.88 -
d2p65a_c.37.1.20     -            185 d1l8qa2c.37.1.20.aln -            278   2.1e-12   42.5   0.4   2   2    0.0077      0.26    6.1   0.0   210   265   130   185   128   185 0.93 -
d1qzma_c.37.1.20     -             94 d1l8qa2c.37.1.20.aln -            278   9.2e-08   27.3   0.1   1   1   2.8e-09   9.6e-08   27.2   0.1    43   142     3    92     1    94 0.95 -
d1y63a_c.37.1.1      -            174 d1l8qa2c.37.1.20.aln -            278   0.00019   16.4   0.1   1   2   3.3e-05    0.0011   13.8   0.0    47    70     7    30     6    34 0.96 -
d1y63a_c.37.1.1      -            174 d1l8qa2c.37.1.20.aln -            278   0.00019   16.4   0.1   2   2      0.73        25   -0.4   0.0     9    27    49    67    42    68 0.84 -
#
# Program:         hmmsearch
# Version:         3.1b2 (February 2015)
# Pipeline mode:   SEARCH
# Query file:      hmmModels30/d1l8qa2c.37.1.20.hmm
# Target file:     scop/scopTestSeq.fasta
# Option settings: hmmsearch --domtblout hmmModels30/d1l8qa2c.37.1.20.out -E 1 hmmModels30/d1l8qa2c.37.1.20.hmm scop/scopTestSeq.fasta 
# Current dir:     /home/anastasia/SBAS/TME8
# Date:            Sat Apr  8 15:33:46 2023
# [ok]
