#                                                                            --- full sequence --- -------------- this domain -------------   hmm coord   ali coord   env coord
# target name        accession   tlen query name           accession   qlen   E-value  score  bias   #  of  c-Evalue  i-Evalue  score  bias  from    to  from    to  from    to  acc description of target
#------------------- ---------- ----- -------------------- ---------- ----- --------- ------ ----- --- --- --------- --------- ------ ----- ----- ----- ----- ----- ----- ----- ---- ---------------------
d1z6om1a.25.1.1      -            191 d1lb3a_a.25.1.1.aln  -            169   2.8e-58  192.1   0.0   1   1   4.8e-60   3.1e-58  192.0   0.0     2   168    12   183    11   184 0.99 -
d1z6oa1a.25.1.1      -            200 d1lb3a_a.25.1.1.aln  -            169   1.2e-57  190.1  11.8   1   1   2.1e-59   1.4e-57  189.9  11.8     2   168    16   189    15   190 0.99 -
d1tjoa_a.25.1.1      -            180 d1lb3a_a.25.1.1.aln  -            169   2.4e-54  179.4   7.6   1   1     4e-56   2.7e-54  179.2   7.6     1   166    18   179    18   180 0.99 -
d1nf4a_a.25.1.1      -            169 d1lb3a_a.25.1.1.aln  -            169   5.2e-54  178.2   5.1   1   1   8.7e-56   5.7e-54  178.1   5.1     5   167     2   158     1   160 0.98 -
d3bvfa_a.25.1.1      -            172 d1lb3a_a.25.1.1.aln  -            169   2.7e-51  169.4   7.3   1   1   4.6e-53     3e-51  169.2   7.3     1   168     1   163     1   164 0.99 -
d2y3qa_a.25.1.1      -            158 d1lb3a_a.25.1.1.aln  -            169   3.3e-47  156.1   3.5   1   1   5.5e-49   3.6e-47  156.0   3.5     7   168     2   157     1   158 0.98 -
d1zs3a1a.25.1.1      -            171 d1lb3a_a.25.1.1.aln  -            169   6.8e-44  145.3   1.4   1   1   1.1e-45   7.5e-44  145.2   1.4     3   169     2   171     1   171 0.99 -
d2cf7a_a.25.1.1      -            159 d1lb3a_a.25.1.1.aln  -            169   4.2e-43  142.7   0.0   1   1     7e-45   4.6e-43  142.6   0.0     2   164     2   158     1   159 0.97 -
d2fzfa1a.25.1.1      -            158 d1lb3a_a.25.1.1.aln  -            169   9.2e-39  128.6   9.4   1   1   1.5e-40     1e-38  128.5   9.4     2   168     2   158     1   158 0.99 -
d1vjxa_a.25.1.1      -            149 d1lb3a_a.25.1.1.aln  -            169   2.2e-31  104.6   7.5   1   1   3.7e-33   2.4e-31  104.5   7.5     6   169     1   144     1   144 0.99 -
d1yuza1a.25.1.1      -            135 d1lb3a_a.25.1.1.aln  -            169   1.1e-28   95.8   1.0   1   1   1.8e-30   1.2e-28   95.7   1.0     7   143     2   132     1   135 0.95 -
d1lb3a_a.25.1.1      -            179 d1lb3a_a.25.1.1.aln  -            169   1.1e-05   20.9   0.4   1   1   2.1e-07   1.4e-05   20.7   0.4    23   161    22   149     3   154 0.84 -
#
# Program:         hmmsearch
# Version:         3.1b2 (February 2015)
# Pipeline mode:   SEARCH
# Query file:      hmmModels30/d1lb3a_a.25.1.1.hmm
# Target file:     scop/scopTestSeq.fasta
# Option settings: hmmsearch --domtblout hmmModels30/d1lb3a_a.25.1.1.out -E 1 hmmModels30/d1lb3a_a.25.1.1.hmm scop/scopTestSeq.fasta 
# Current dir:     /home/anastasia/SBAS/TME8
# Date:            Sat Apr  8 15:33:46 2023
# [ok]
