#                                                                            --- full sequence --- -------------- this domain -------------   hmm coord   ali coord   env coord
# target name        accession   tlen query name           accession   qlen   E-value  score  bias   #  of  c-Evalue  i-Evalue  score  bias  from    to  from    to  from    to  acc description of target
#------------------- ---------- ----- -------------------- ---------- ----- --------- ------ ----- --- --- --------- --------- ------ ----- ----- ----- ----- ----- ----- ----- ---- ---------------------
d2fbka1a.4.5.28      -            172 d1lj9a_a.4.5.28.aln  -            142   5.9e-58  190.2   0.2   1   1   1.7e-59   7.1e-58  189.9   0.2     2   142    32   172    31   172 0.99 -
d2fxaa1a.4.5.28      -            162 d1lj9a_a.4.5.28.aln  -            142   1.1e-56  186.1   0.0   1   1   2.8e-58   1.2e-56  185.9   0.0     2   142     8   148     7   148 0.99 -
d2etha1a.4.5.28      -            140 d1lj9a_a.4.5.28.aln  -            142   2.1e-39  130.0   0.0   1   1   5.5e-41   2.3e-39  129.9   0.0     3   142     2   139     1   139 0.98 -
d2fbia1a.4.5.28      -            136 d1lj9a_a.4.5.28.aln  -            142   1.5e-38  127.3   0.8   1   1   3.8e-40   1.6e-38  127.2   0.8     8   139     3   134     1   136 0.98 -
d1s3ja_a.4.5.28      -            143 d1lj9a_a.4.5.28.aln  -            142   2.2e-37  123.5   4.3   1   1   5.8e-39   2.4e-37  123.4   4.3     2   141     2   141     1   142 0.98 -
d3echa_a.4.5.28      -            142 d1lj9a_a.4.5.28.aln  -            142   7.8e-37  121.7   0.2   1   1   2.1e-38   8.6e-37  121.6   0.2     3   139     5   141     3   142 0.98 -
d1jgsa_a.4.5.28      -            138 d1lj9a_a.4.5.28.aln  -            142   8.7e-35  115.1   0.0   1   1   2.2e-36   9.3e-35  115.0   0.0     5   137     4   136     1   138 0.94 -
d2a61a1a.4.5.28      -            139 d1lj9a_a.4.5.28.aln  -            142     3e-34  113.3   0.0   1   1   7.8e-36   3.3e-34  113.2   0.0     7   142     4   137     1   137 0.98 -
d3broa1a.4.5.28      -            135 d1lj9a_a.4.5.28.aln  -            142   4.9e-34  112.6   4.7   1   1   1.3e-35   5.3e-34  112.5   4.7     6   138     2   134     1   135 0.98 -
d2hr3a1a.4.5.28      -            145 d1lj9a_a.4.5.28.aln  -            142   1.4e-33  111.1   0.4   1   1   3.8e-35   1.6e-33  111.0   0.4     3   142     3   142     1   142 0.98 -
d2fbha1a.4.5.28      -            137 d1lj9a_a.4.5.28.aln  -            142   1.5e-33  111.0   0.5   1   1     4e-35   1.7e-33  110.9   0.5     8   142     2   136     1   136 0.98 -
d1p4xa1a.4.5.28      -            125 d1lj9a_a.4.5.28.aln  -            142   3.1e-33  110.0   1.1   1   1     8e-35   3.3e-33  109.9   1.1     2   123     3   124     2   125 0.97 -
d1p4xa2a.4.5.28      -            125 d1lj9a_a.4.5.28.aln  -            142   8.1e-31  102.2   2.8   1   1   2.1e-32   8.6e-31  102.1   2.8     3   122     3   122     1   125 0.96 -
d1hsja1a.4.5.28      -            115 d1lj9a_a.4.5.28.aln  -            142   3.9e-29   96.7   2.5   1   1     1e-30   4.2e-29   96.6   2.5     3   115     2   114     1   115 0.98 -
d1ub9a_a.4.5.28      -            100 d1lj9a_a.4.5.28.aln  -            142   2.8e-21   71.3   0.0   1   1   7.2e-23     3e-21   71.2   0.0    18   117     1    98     1   100 0.97 -
d3bjaa_a.4.5.0       -            139 d1lj9a_a.4.5.28.aln  -            142   1.1e-18   62.8   0.1   1   1   3.2e-20   1.3e-18   62.6   0.1    23   138    21   136    14   139 0.90 -
d3jw4a_a.4.5.0       -            137 d1lj9a_a.4.5.28.aln  -            142   1.2e-18   62.7   0.1   1   1   3.1e-20   1.3e-18   62.7   0.1    20   134    17   131     4   137 0.92 -
d3ctaa1a.4.5.28      -             85 d1lj9a_a.4.5.28.aln  -            142   1.2e-15   53.0   0.2   1   1   3.3e-17   1.4e-15   52.8   0.2    46   115    18    84     2    85 0.93 -
d1lj9a_a.4.5.28      -            144 d1lj9a_a.4.5.28.aln  -            142   9.6e-14   46.8   0.5   1   1   3.1e-15   1.3e-13   46.4   0.5    30   138    24   132    18   135 0.93 -
#
# Program:         hmmsearch
# Version:         3.1b2 (February 2015)
# Pipeline mode:   SEARCH
# Query file:      hmmModels30/d1lj9a_a.4.5.28.hmm
# Target file:     scop/scopTestSeq.fasta
# Option settings: hmmsearch --domtblout hmmModels30/d1lj9a_a.4.5.28.out -E 1 hmmModels30/d1lj9a_a.4.5.28.hmm scop/scopTestSeq.fasta 
# Current dir:     /home/anastasia/SBAS/TME8
# Date:            Sat Apr  8 15:33:46 2023
# [ok]
