#                                                                            --- full sequence --- -------------- this domain -------------   hmm coord   ali coord   env coord
# target name        accession   tlen query name           accession   qlen   E-value  score  bias   #  of  c-Evalue  i-Evalue  score  bias  from    to  from    to  from    to  acc description of target
#------------------- ---------- ----- -------------------- ---------- ----- --------- ------ ----- --- --- --------- --------- ------ ----- ----- ----- ----- ----- ----- ----- ---- ---------------------
d1jaya_c.2.1.6       -            212 d1lj8a4c.2.1.6.aln   -            181   9.8e-62  203.5   0.1   1   1     3e-63   1.1e-61  203.3   0.1     1   180     1   205     1   206 0.99 -
d1mv8a2c.2.1.6       -            202 d1lj8a4c.2.1.6.aln   -            181   3.3e-55  182.2   0.0   1   1   9.7e-57   3.7e-55  182.1   0.0     1   180     1   193     1   194 0.99 -
d1evya2c.2.1.6       -            189 d1lj8a4c.2.1.6.aln   -            181   1.9e-54  179.7   0.1   1   1   5.6e-56   2.1e-54  179.6   0.1     1   181     8   187     8   187 0.99 -
d1dlja2c.2.1.6       -            196 d1lj8a4c.2.1.6.aln   -            181     1e-48  161.1   0.1   1   1     3e-50   1.1e-48  160.9   0.1     1   180     1   187     1   188 0.99 -
d1f0ya2c.2.1.6       -            192 d1lj8a4c.2.1.6.aln   -            181   2.7e-48  159.7   1.7   1   1   8.1e-50     3e-48  159.5   1.7     1   181     5   189     5   189 0.99 -
d1bg6a2c.2.1.6       -            184 d1lj8a4c.2.1.6.aln   -            181   4.3e-45  149.2   0.1   1   1   1.3e-46   4.8e-45  149.1   0.1     2   179     3   182     2   184 0.99 -
d1txga2c.2.1.6       -            180 d1lj8a4c.2.1.6.aln   -            181   7.5e-43  142.0   0.0   1   1   2.2e-44   8.2e-43  141.8   0.0     1   178     1   179     1   180 0.99 -
d2f1ka2c.2.1.6       -            165 d1lj8a4c.2.1.6.aln   -            181   2.3e-39  130.6   0.0   1   1   6.7e-41   2.5e-39  130.5   0.0     1   180     1   165     1   165 0.98 -
d1ks9a2c.2.1.6       -            167 d1lj8a4c.2.1.6.aln   -            181   1.5e-38  127.9   0.0   1   1   4.5e-40   1.7e-38  127.8   0.0     1   181     1   167     1   167 0.99 -
d1vpda2c.2.1.6       -            161 d1lj8a4c.2.1.6.aln   -            181   4.3e-37  123.2   0.5   1   1   1.3e-38   4.8e-37  123.0   0.5     1   180     1   160     1   161 0.99 -
d2ahra2c.2.1.6       -            152 d1lj8a4c.2.1.6.aln   -            181   1.4e-30  101.9   0.1   1   1   6.8e-32   2.5e-30  101.1   0.1     1   178     1   149     1   152 0.98 -
d2pv7a2c.2.1.6       -            152 d1lj8a4c.2.1.6.aln   -            181   5.7e-30  100.0   0.0   1   1   1.8e-31   6.9e-30   99.7   0.0     7   180     1   152     1   152 0.98 -
d1i36a2c.2.1.6       -            152 d1lj8a4c.2.1.6.aln   -            181     1e-28   95.9   0.5   1   1   3.1e-30   1.2e-28   95.7   0.5     2   177     2   149     1   152 0.96 -
d1yqga2c.2.1.6       -            152 d1lj8a4c.2.1.6.aln   -            181     3e-28   94.4   0.4   1   1   1.2e-29   4.6e-28   93.8   0.4     1   179     1   151     1   152 0.96 -
d2i76a2c.2.1.6       -            153 d1lj8a4c.2.1.6.aln   -            181   8.9e-28   92.8   0.0   1   1   2.8e-29     1e-27   92.6   0.0     4   180     3   152     1   153 0.97 -
d1gpja2c.2.1.7       -            159 d1lj8a4c.2.1.6.aln   -            181   6.1e-05   18.4   0.1   1   1   2.3e-06   8.6e-05   17.9   0.1     2    78    26    92    25   106 0.75 -
d1vm6a3c.2.1.3       -            129 d1lj8a4c.2.1.6.aln   -            181    0.0002   16.8   0.1   1   1   9.2e-06   0.00035   16.0   0.1     1    28     1    29     1    34 0.96 -
d1luaa1c.2.1.7       -            191 d1lj8a4c.2.1.6.aln   -            181   0.00043   15.7   0.6   1   1   1.8e-05   0.00068   15.0   0.6     3    77    27    99    25   111 0.90 -
d1nhpa2c.3.1.5       -            123 d1lj8a4c.2.1.6.aln   -            181    0.0014   14.0   0.2   1   2   9.8e-05    0.0037   12.6   0.0     2    31    32    61    31    66 0.93 -
d1nhpa2c.3.1.5       -            123 d1lj8a4c.2.1.6.aln   -            181    0.0014   14.0   0.2   2   2       1.4        53   -0.9   0.0    66    76   109   121    72   123 0.46 -
d2iida1c.3.1.2       -            371 d1lj8a4c.2.1.6.aln   -            181    0.0014   14.0   1.9   1   2   6.5e-05    0.0024   13.2   1.0     1    33    31    63    31    69 0.91 -
d2iida1c.3.1.2       -            371 d1lj8a4c.2.1.6.aln   -            181    0.0014   14.0   1.9   2   2       2.6        98   -1.8   0.0    70    78   283   291   247   322 0.64 -
d1edza1c.2.1.7       -            171 d1lj8a4c.2.1.6.aln   -            181     0.002   13.5   0.0   1   1   8.4e-05    0.0031   12.8   0.0    10    88    40   114    38   139 0.78 -
#
# Program:         hmmsearch
# Version:         3.1b2 (February 2015)
# Pipeline mode:   SEARCH
# Query file:      hmmModels30/d1lj8a4c.2.1.6.hmm
# Target file:     scop/scopTestSeq.fasta
# Option settings: hmmsearch --domtblout hmmModels30/d1lj8a4c.2.1.6.out -E 1 hmmModels30/d1lj8a4c.2.1.6.hmm scop/scopTestSeq.fasta 
# Current dir:     /home/anastasia/SBAS/TME8
# Date:            Sat Apr  8 15:33:46 2023
# [ok]
