#                                                                            --- full sequence --- -------------- this domain -------------   hmm coord   ali coord   env coord
# target name        accession   tlen query name           accession   qlen   E-value  score  bias   #  of  c-Evalue  i-Evalue  score  bias  from    to  from    to  from    to  acc description of target
#------------------- ---------- ----- -------------------- ---------- ----- --------- ------ ----- --- --- --------- --------- ------ ----- ----- ----- ----- ----- ----- ----- ---- ---------------------
d2gv8a1c.3.1.5       -            336 d1m6ia2c.3.1.5.aln   -            211  8.8e-100  328.1   0.0   1   1  2.8e-101   1.1e-99  327.8   0.0     1   211    43   288    43   288 0.99 -
d1w4xa1c.3.1.5       -            299 d1m6ia2c.3.1.5.aln   -            211   7.6e-73  240.1   0.0   1   1   2.2e-74   8.8e-73  239.9   0.0     1   211     9   255     9   255 0.99 -
d1mo9a1c.3.1.5       -            262 d1m6ia2c.3.1.5.aln   -            211   3.6e-52  172.5   0.0   1   1   1.1e-53   4.1e-52  172.3   0.0     2   211     7   243     6   243 0.99 -
d1v59a1c.3.1.5       -            234 d1m6ia2c.3.1.5.aln   -            211   3.5e-48  159.5   0.1   1   1     1e-49     4e-48  159.3   0.1     1   211     5   215     5   215 0.99 -
d1w4xa2c.3.1.5       -            235 d1m6ia2c.3.1.5.aln   -            211   5.4e-47  155.6   0.0   1   1   1.5e-48     6e-47  155.5   0.0     2   210     1   234     1   235 0.99 -
d1xdia1c.3.1.5       -            234 d1m6ia2c.3.1.5.aln   -            211     8e-43  142.0   0.0   1   1   2.3e-44     9e-43  141.8   0.0     3   211     3   214     1   214 0.98 -
d1m6ia1c.3.1.5       -            214 d1m6ia2c.3.1.5.aln   -            211   5.6e-40  132.7   0.0   1   1   1.6e-41   6.2e-40  132.5   0.0     2   209     4   209     3   211 0.97 -
d1nhpa1c.3.1.5       -            199 d1m6ia2c.3.1.5.aln   -            211     1e-33  112.2   0.1   1   1   2.8e-35   1.1e-33  112.1   0.1     2   209     1   199     1   199 0.98 -
d1fl2a1c.3.1.5       -            185 d1m6ia2c.3.1.5.aln   -            211   1.1e-30  102.4   0.2   1   1   2.9e-32   1.2e-30  102.2   0.2     2   183     2   185     1   185 0.98 -
d1vdca2c.3.1.5       -            130 d1m6ia2c.3.1.5.aln   -            211   3.7e-22   74.5   0.0   1   1     1e-23     4e-22   74.4   0.0     6   151     4   130     1   130 0.97 -
d1fl2a2c.3.1.5       -            126 d1m6ia2c.3.1.5.aln   -            211   1.9e-19   65.6   0.0   1   1   5.2e-21   2.1e-19   65.5   0.0     5   153     3   126     1   126 0.94 -
d1aoga2c.3.1.5       -            117 d1m6ia2c.3.1.5.aln   -            211   1.6e-18   62.6   0.0   1   1   4.5e-20   1.8e-18   62.4   0.0    19   151     2   117     1   117 0.97 -
d1nhpa2c.3.1.5       -            123 d1m6ia2c.3.1.5.aln   -            211   2.5e-18   62.0   0.5   1   1   6.7e-20   2.7e-18   61.9   0.5    10   151     4   123     1   123 0.96 -
d1h6va2c.3.1.5       -            122 d1m6ia2c.3.1.5.aln   -            211     1e-16   56.7   0.0   1   1     3e-18   1.2e-16   56.5   0.0    22   152     5   122     2   122 0.97 -
d1fcda2c.3.1.5       -            141 d1m6ia2c.3.1.5.aln   -            211   1.5e-16   56.1   0.0   1   1   4.2e-18   1.6e-16   56.0   0.0     8   153     3   140     1   141 0.97 -
d1xhca2c.3.1.5       -            122 d1m6ia2c.3.1.5.aln   -            211   3.3e-15   51.7   0.0   1   1   9.3e-17   3.7e-15   51.6   0.0    15   151    10   121     2   122 0.95 -
d1mo9a2c.3.1.5       -            121 d1m6ia2c.3.1.5.aln   -            211   2.4e-14   48.9   0.1   1   1   6.6e-16   2.6e-14   48.8   0.1    17   152     3   121     1   121 0.96 -
d1v59a2c.3.1.5       -            122 d1m6ia2c.3.1.5.aln   -            211   1.2e-13   46.6   0.1   1   1   3.6e-15   1.4e-13   46.4   0.1    21   150     7   122     2   122 0.96 -
d1onfa2c.3.1.5       -            117 d1m6ia2c.3.1.5.aln   -            211   2.4e-13   45.7   0.1   1   1   6.5e-15   2.6e-13   45.6   0.1    16   150     2   116     1   117 0.94 -
d2gv8a2c.3.1.5       -            107 d1m6ia2c.3.1.5.aln   -            211     5e-09   31.6   0.0   1   1   1.4e-10   5.4e-09   31.5   0.0     6   106     2    86     1   104 0.78 -
#
# Program:         hmmsearch
# Version:         3.1b2 (February 2015)
# Pipeline mode:   SEARCH
# Query file:      hmmModels30/d1m6ia2c.3.1.5.hmm
# Target file:     scop/scopTestSeq.fasta
# Option settings: hmmsearch --domtblout hmmModels30/d1m6ia2c.3.1.5.out -E 1 hmmModels30/d1m6ia2c.3.1.5.hmm scop/scopTestSeq.fasta 
# Current dir:     /home/anastasia/SBAS/TME8
# Date:            Sat Apr  8 15:33:47 2023
# [ok]
