#                                                                            --- full sequence --- -------------- this domain -------------   hmm coord   ali coord   env coord
# target name        accession   tlen query name           accession   qlen   E-value  score  bias   #  of  c-Evalue  i-Evalue  score  bias  from    to  from    to  from    to  acc description of target
#------------------- ---------- ----- -------------------- ---------- ----- --------- ------ ----- --- --- --------- --------- ------ ----- ----- ----- ----- ----- ----- ----- ---- ---------------------
d1uoka2c.1.8.1       -            479 d1m7xa3c.1.8.1.aln   -            448  5.2e-155  512.2  18.8   1   1  1.5e-156  5.8e-155  512.1  18.8     6   447     1   479     1   479 0.99 -
d1g5aa2c.1.8.1       -            554 d1m7xa3c.1.8.1.aln   -            448  9.8e-146  481.7   3.5   1   1  2.8e-147  1.1e-145  481.5   3.5     2   448    43   554    42   554 0.99 -
d1gjwa2c.1.8.1       -            572 d1m7xa3c.1.8.1.aln   -            448  7.6e-126  416.1   0.0   1   1  5.3e-126  2.1e-124  411.3   0.0     1   448    42   572    42   572 0.99 -
d1wzaa2c.1.8.1       -            409 d1m7xa3c.1.8.1.aln   -            448  1.8e-113  375.3  13.7   1   1    5e-115    2e-113  375.2  13.7    12   447     3   409     1   409 0.99 -
d1bf2a3c.1.8.1       -            475 d1m7xa3c.1.8.1.aln   -            448  3.2e-108  358.0  15.2   1   1  9.1e-110  3.6e-108  357.9  15.2     2   446     5   471     4   473 0.99 -
d2fhfa5c.1.8.1       -            563 d1m7xa3c.1.8.1.aln   -            448  2.7e-106  351.7   2.5   1   1  9.6e-108  3.8e-106  351.2   2.5     1   448     9   563     9   563 0.99 -
d1h3ga3c.1.8.1       -            422 d1m7xa3c.1.8.1.aln   -            448  3.1e-103  341.6   9.0   1   1  8.7e-105  3.4e-103  341.4   9.0     5   448     3   422     1   422 0.97 -
d1ji1a3c.1.8.1       -            432 d1m7xa3c.1.8.1.aln   -            448    4e-103  341.2  22.6   1   1  1.1e-104  4.5e-103  341.1  22.6     4   448     1   432     1   432 0.98 -
d1wdpa_c.1.8.1       -            493 d1m7xa3c.1.8.1.aln   -            448  1.3e-101  336.2   0.1   1   1  3.7e-103  1.5e-101  336.1   0.1     6   448     2   485     1   485 0.98 -
d3bmva4c.1.8.1       -            406 d1m7xa3c.1.8.1.aln   -            448   3.5e-93  308.4  13.8   1   1     1e-94     4e-93  308.3  13.8     3   447     4   406     2   406 0.98 -
d2bhua3c.1.8.1       -            420 d1m7xa3c.1.8.1.aln   -            448   2.5e-91  302.4   1.6   1   1     9e-92   3.6e-90  298.5   1.6     1   447     4   419     4   420 0.99 -
d1x1na1c.1.8.1       -            523 d1m7xa3c.1.8.1.aln   -            448   2.3e-88  292.5   0.1   1   1   6.6e-90   2.6e-88  292.4   0.1     2   447     3   521     2   522 0.99 -
d2guya2c.1.8.1       -            381 d1m7xa3c.1.8.1.aln   -            448   8.9e-88  290.6   8.9   1   1   2.5e-89   9.8e-88  290.5   8.9     7   438     2   374     1   381 0.94 -
d1e43a2c.1.8.1       -            393 d1m7xa3c.1.8.1.aln   -            448     6e-76  251.6  16.2   1   1   1.7e-77   6.7e-76  251.5  16.2    13   441     2   393     1   393 0.99 -
d1ht6a2c.1.8.1       -            347 d1m7xa3c.1.8.1.aln   -            448   1.5e-73  243.7   6.1   1   1   4.6e-75   1.8e-73  243.5   6.1    13   375     1   327     1   345 0.98 -
d1vema2c.1.8.1       -            417 d1m7xa3c.1.8.1.aln   -            448   2.6e-72  239.6   7.3   1   1   7.3e-74   2.9e-72  239.5   7.3     5   444     2   415     1   417 0.98 -
d1r7aa2c.1.8.1       -            434 d1m7xa3c.1.8.1.aln   -            448   2.9e-68  226.3   0.2   1   1   8.3e-70   3.3e-68  226.1   0.2     2   445     8   433     7   434 0.99 -
d1ua7a2c.1.8.1       -            344 d1m7xa3c.1.8.1.aln   -            448   3.4e-63  209.6  11.4   1   1   1.1e-64   4.2e-63  209.3  11.4    11   447     3   344     1   344 0.98 -
d1kwga2c.1.8.1       -            393 d1m7xa3c.1.8.1.aln   -            448   1.5e-56  187.7   0.0   1   1   4.2e-58   1.7e-56  187.6   0.0     1   447     1   392     1   393 0.97 -
d1m7xa3c.1.8.1       -            396 d1m7xa3c.1.8.1.aln   -            448   2.1e-17   58.7   2.1   1   1   1.5e-17   5.7e-16   53.9   2.1    42   218    40   182    18   195 0.82 -
#
# Program:         hmmsearch
# Version:         3.1b2 (February 2015)
# Pipeline mode:   SEARCH
# Query file:      hmmModels30/d1m7xa3c.1.8.1.hmm
# Target file:     scop/scopTestSeq.fasta
# Option settings: hmmsearch --domtblout hmmModels30/d1m7xa3c.1.8.1.out -E 1 hmmModels30/d1m7xa3c.1.8.1.hmm scop/scopTestSeq.fasta 
# Current dir:     /home/anastasia/SBAS/TME8
# Date:            Sat Apr  8 15:33:47 2023
# [ok]
