#                                                                            --- full sequence --- -------------- this domain -------------   hmm coord   ali coord   env coord
# target name        accession   tlen query name           accession   qlen   E-value  score  bias   #  of  c-Evalue  i-Evalue  score  bias  from    to  from    to  from    to  acc description of target
#------------------- ---------- ----- -------------------- ---------- ----- --------- ------ ----- --- --- --------- --------- ------ ----- ----- ----- ----- ----- ----- ----- ---- ---------------------
d1s8na_c.23.1.1      -            190 d1mb3a_c.23.1.1.aln  -            128   6.4e-58  189.8   0.5   1   1   1.9e-59   8.9e-58  189.3   0.5     2   128     2   127     1   127 0.99 -
d2r25b_c.23.1.1      -            133 d1mb3a_c.23.1.1.aln  -            128   2.4e-41  136.2   0.1   1   1   5.6e-43   2.6e-41  136.1   0.1     3   126     2   131     1   133 0.97 -
d1dz3a_c.23.1.1      -            123 d1mb3a_c.23.1.1.aln  -            128   1.8e-40  133.3   0.0   1   1   4.3e-42     2e-40  133.2   0.0     4   122     2   122     1   123 0.98 -
d1k66a_c.23.1.1      -            149 d1mb3a_c.23.1.1.aln  -            128   2.1e-40  133.2   0.0   1   1   5.1e-42   2.4e-40  133.0   0.0     2   127     5   143     4   144 0.97 -
d1kgsa2c.23.1.1      -            122 d1mb3a_c.23.1.1.aln  -            128   9.5e-40  131.0   0.1   1   1   2.2e-41     1e-39  130.9   0.1     3   124     1   121     1   122 0.97 -
d1jbea_c.23.1.1      -            128 d1mb3a_c.23.1.1.aln  -            128   4.4e-39  128.9   0.0   1   1     1e-40   4.8e-39  128.8   0.0     3   123     4   126     2   128 0.97 -
d2v0na2c.23.1.1      -            153 d1mb3a_c.23.1.1.aln  -            128   1.5e-38  127.2   0.0   1   1   3.7e-40   1.7e-38  127.0   0.0     3   128    13   137    11   137 0.96 -
d1dbwa_c.23.1.1      -            123 d1mb3a_c.23.1.1.aln  -            128   9.4e-35  114.9   0.3   1   1   2.2e-36     1e-34  114.8   0.3     2   122     2   121     1   123 0.96 -
d1mb3a_c.23.1.1      -            123 d1mb3a_c.23.1.1.aln  -            128   5.4e-29   96.3   0.1   1   1   1.3e-30   5.9e-29   96.2   0.1     4   122     2   121     1   123 0.97 -
d2b4aa1c.23.1.1      -            118 d1mb3a_c.23.1.1.aln  -            128     9e-28   92.3   0.0   1   1   2.1e-29   9.8e-28   92.2   0.0     2   120     1   116     1   118 0.94 -
d3cfya_c.23.1.0      -            130 d1mb3a_c.23.1.1.aln  -            128   9.3e-25   82.6   0.1   1   1   2.3e-26   1.1e-24   82.4   0.1     5   123     4   121     1   125 0.96 -
d3heba_c.23.1.0      -            142 d1mb3a_c.23.1.1.aln  -            128   2.2e-22   74.9   0.0   1   1   6.2e-24   2.9e-22   74.5   0.0     5   118     2   127     1   134 0.91 -
d3khta_c.23.1.0      -            132 d1mb3a_c.23.1.1.aln  -            128   4.9e-21   70.6   0.0   1   1   1.1e-22   5.3e-21   70.4   0.0     4   105     2   106     1   126 0.93 -
d3eqza_c.23.1.0      -            124 d1mb3a_c.23.1.1.aln  -            128   4.1e-13   44.9   0.0   1   1     1e-14   4.8e-13   44.7   0.0     5   113     3   114     1   124 0.77 -
d3ktoa_c.23.1.0      -            122 d1mb3a_c.23.1.1.aln  -            128   2.2e-11   39.3   0.5   1   1   5.5e-13   2.6e-11   39.1   0.5     7   121     4   119     2   122 0.85 -
d2plna_c.23.1.0      -            118 d1mb3a_c.23.1.1.aln  -            128   2.1e-08   29.7   0.1   1   1   6.1e-10   2.8e-08   29.3   0.1     4   118     5   115     3   118 0.81 -
d1q0qa2c.2.1.3       -            152 d1mb3a_c.23.1.1.aln  -            128    0.0006   15.3   0.5   1   2      0.16       7.2    2.1   0.0    63    97    14    49    12    53 0.77 -
d1q0qa2c.2.1.3       -            152 d1mb3a_c.23.1.1.aln  -            128    0.0006   15.3   0.5   2   2   0.00018    0.0083   11.6   0.3     8    53    55    98    50   121 0.78 -
#
# Program:         hmmsearch
# Version:         3.1b2 (February 2015)
# Pipeline mode:   SEARCH
# Query file:      hmmModels30/d1mb3a_c.23.1.1.hmm
# Target file:     scop/scopTestSeq.fasta
# Option settings: hmmsearch --domtblout hmmModels30/d1mb3a_c.23.1.1.out -E 1 hmmModels30/d1mb3a_c.23.1.1.hmm scop/scopTestSeq.fasta 
# Current dir:     /home/anastasia/SBAS/TME8
# Date:            Sat Apr  8 15:33:47 2023
# [ok]
