#                                                                            --- full sequence --- -------------- this domain -------------   hmm coord   ali coord   env coord
# target name        accession   tlen query name           accession   qlen   E-value  score  bias   #  of  c-Evalue  i-Evalue  score  bias  from    to  from    to  from    to  acc description of target
#------------------- ---------- ----- -------------------- ---------- ----- --------- ------ ----- --- --- --------- --------- ------ ----- ----- ----- ----- ----- ----- ----- ---- ---------------------
d1p0ha_d.108.1.1     -            308 d1mk4a_d.108.1.1.aln -            252    7e-103  339.1   0.1   1   2  2.8e-103  5.2e-102  336.2   0.0    44   252     1   227     1   227 1.00 -
d1p0ha_d.108.1.1     -            308 d1mk4a_d.108.1.1.aln -            252    7e-103  339.1   0.1   2   2      0.86        16    0.5   0.0   168   194   276   298   229   306 0.55 -
d2p0wa_d.108.1.1     -            319 d1mk4a_d.108.1.1.aln -            252   1.9e-89  295.1   0.0   1   1   1.3e-90   2.5e-89  294.7   0.0     1   225    79   319    79   319 1.00 -
d1boba_d.108.1.1     -            315 d1mk4a_d.108.1.1.aln -            252   4.1e-81  267.8   0.4   1   1   2.6e-82   4.9e-81  267.5   0.4     1   225    76   315    76   315 1.00 -
d2pq8a_d.108.1.1     -            271 d1mk4a_d.108.1.1.aln -            252   1.6e-79  262.6   0.0   1   1   9.4e-81   1.8e-79  262.4   0.0     1   252     1   271     1   271 1.00 -
d1u6ma_d.108.1.1     -            189 d1mk4a_d.108.1.1.aln -            252   1.4e-23   79.3   0.0   1   1   8.2e-25   1.5e-23   79.1   0.0    26   212     3   187     1   189 0.98 -
d1tiqa_d.108.1.1     -            173 d1mk4a_d.108.1.1.aln -            252   4.2e-20   67.9   0.2   1   1   2.4e-21   4.4e-20   67.8   0.2    49   219     4   172     1   173 0.96 -
d1z4ea1d.108.1.1     -            150 d1mk4a_d.108.1.1.aln -            252     2e-19   65.6   0.1   1   1   1.1e-20   2.1e-19   65.6   0.1    53   199     5   145     1   149 0.87 -
d2gana1d.108.1.1     -            182 d1mk4a_d.108.1.1.aln -            252   1.1e-18   63.2   0.0   1   1   6.6e-20   1.2e-18   63.1   0.0    29   212     1   181     1   182 0.95 -
d1ufha_d.108.1.1     -            155 d1mk4a_d.108.1.1.aln -            252   2.8e-15   52.1   0.3   1   1   1.7e-16   3.2e-15   51.9   0.3    55   201     8   152     2   155 0.94 -
d1vkca_d.108.1.1     -            149 d1mk4a_d.108.1.1.aln -            252   4.6e-15   51.4   0.1   1   1     3e-16   5.6e-15   51.1   0.1    59   199    10   144     6   148 0.93 -
d1ghea_d.108.1.1     -            170 d1mk4a_d.108.1.1.aln -            252   1.1e-14   50.2   0.0   1   1   6.7e-16   1.3e-14   49.9   0.0    60   201    13   151     4   165 0.93 -
d1y9ka1d.108.1.1     -            152 d1mk4a_d.108.1.1.aln -            252   1.2e-14   50.0   0.0   1   1   7.7e-16   1.4e-14   49.7   0.0   113   214    38   137    16   149 0.85 -
d1i12a_d.108.1.1     -            157 d1mk4a_d.108.1.1.aln -            252   2.2e-14   49.1   0.0   1   1   1.2e-15   2.3e-14   49.1   0.0   112   202    70   155     6   157 0.84 -
d2euia1d.108.1.1     -            153 d1mk4a_d.108.1.1.aln -            252   2.7e-14   48.9   0.0   1   1   1.7e-15   3.1e-14   48.7   0.0    71   202    17   144     3   151 0.90 -
d2atra1d.108.1.1     -            137 d1mk4a_d.108.1.1.aln -            252   5.4e-14   47.9   0.0   1   1   3.3e-15   6.2e-14   47.7   0.0    67   208     8   135     3   137 0.94 -
d1y9wa1d.108.1.1     -            140 d1mk4a_d.108.1.1.aln -            252   8.6e-14   47.2   0.1   1   1   5.8e-15   1.1e-13   46.9   0.1    64   214     2   139     1   140 0.86 -
d2fl4a1d.108.1.1     -            146 d1mk4a_d.108.1.1.aln -            252     1e-13   46.9   0.2   1   1   6.1e-15   1.1e-13   46.8   0.2    67   200     9   134     3   146 0.78 -
d2ae6a1d.108.1.1     -            161 d1mk4a_d.108.1.1.aln -            252   2.6e-13   45.6   0.1   1   1   1.6e-14     3e-13   45.4   0.1    87   213    36   155    11   160 0.89 -
d1wwza1d.108.1.1     -            157 d1mk4a_d.108.1.1.aln -            252   4.8e-13   44.8   0.0   1   1   2.9e-14   5.5e-13   44.6   0.0    52   201     4   149     1   155 0.91 -
d2b5ga_d.108.1.1     -            168 d1mk4a_d.108.1.1.aln -            252   6.7e-12   41.0   0.0   1   1   4.2e-13   7.9e-12   40.8   0.0    95   211    48   162    15   167 0.85 -
d1m4ia_d.108.1.1     -            181 d1mk4a_d.108.1.1.aln -            252   8.6e-12   40.7   0.0   1   1   4.9e-13   9.2e-12   40.6   0.0    57   226     2   180     1   181 0.91 -
d1bo4a_d.108.1.1     -            137 d1mk4a_d.108.1.1.aln -            252   1.8e-11   39.6   0.0   1   1   1.1e-12     2e-11   39.5   0.0    55   192     6   137     2   137 0.90 -
d1qsma_d.108.1.1     -            150 d1mk4a_d.108.1.1.aln -            252   1.8e-11   39.6   0.0   1   1   1.1e-12     2e-11   39.5   0.0    71   204    18   149     2   150 0.91 -
d2cy2a1d.108.1.1     -            174 d1mk4a_d.108.1.1.aln -            252   2.1e-11   39.4   0.0   1   1   1.3e-12   2.4e-11   39.2   0.0    51   214     5   166     1   171 0.89 -
d1cjwa_d.108.1.1     -            166 d1mk4a_d.108.1.1.aln -            252     1e-10   37.1   0.0   1   1   6.1e-12   1.1e-10   37.0   0.0    64   204    19   155     2   165 0.83 -
d2jdca1d.108.1.1     -            145 d1mk4a_d.108.1.1.aln -            252   1.4e-10   36.7   0.0   1   1   7.6e-12   1.4e-10   36.7   0.0   125   202    59   131     2   145 0.84 -
d2g3aa1d.108.1.1     -            137 d1mk4a_d.108.1.1.aln -            252   2.4e-10   35.9   0.0   1   1   1.5e-11   2.8e-10   35.7   0.0   136   214    62   136    10   137 0.88 -
d1n71a_d.108.1.1     -            180 d1mk4a_d.108.1.1.aln -            252   2.8e-10   35.7   0.0   1   1   1.8e-11   3.4e-10   35.4   0.0    60   207    14   166     2   176 0.93 -
d2fcka1d.108.1.1     -            178 d1mk4a_d.108.1.1.aln -            252   2.9e-10   35.6   0.1   1   1   1.9e-11   3.6e-10   35.4   0.1    59   203    19   162     3   170 0.90 -
d1yk3a1d.108.1.1     -            198 d1mk4a_d.108.1.1.aln -            252   3.5e-10   35.4   0.0   1   1   2.1e-11   3.9e-10   35.2   0.0    46   221     2   195     1   198 0.91 -
d1yx0a1d.108.1.1     -            151 d1mk4a_d.108.1.1.aln -            252   9.2e-10   34.0   0.0   1   1   4.9e-11   9.2e-10   34.0   0.0    69   204    14   140     1   151 0.79 -
d2fiwa1d.108.1.1     -            156 d1mk4a_d.108.1.1.aln -            252   5.1e-09   31.6   0.0   1   1   3.3e-10   6.2e-09   31.3   0.0    57   199     7   138     3   154 0.83 -
d1mk4a_d.108.1.1     -            157 d1mk4a_d.108.1.1.aln -            252   9.5e-09   30.7   0.0   1   1   5.5e-10     1e-08   30.6   0.0   118   195    53   127    16   150 0.81 -
d1nsla_d.108.1.1     -            180 d1mk4a_d.108.1.1.aln -            252     1e-08   30.6   0.0   1   1   6.3e-10   1.2e-08   30.4   0.0    51   199    10   157     3   176 0.90 -
d1q2ya_d.108.1.1     -            140 d1mk4a_d.108.1.1.aln -            252   1.6e-08   29.9   0.0   1   1   9.7e-10   1.8e-08   29.8   0.0    76   200    19   126     3   140 0.74 -
d1y7ra1d.108.1.1     -            133 d1mk4a_d.108.1.1.aln -            252   1.8e-08   29.8   0.0   1   1   9.4e-10   1.8e-08   29.8   0.0   121   200    50   126     8   133 0.86 -
d2fiaa1d.108.1.1     -            157 d1mk4a_d.108.1.1.aln -            252   1.9e-08   29.7   0.1   1   1   1.1e-09     2e-08   29.6   0.1   123   202    64   141    15   155 0.85 -
d1xeba_d.108.1.1     -            149 d1mk4a_d.108.1.1.aln -            252   4.6e-08   28.4   0.2   1   1   2.9e-09   5.4e-08   28.2   0.2   125   200    65   136     3   146 0.78 -
d1z4ra1d.108.1.1     -            162 d1mk4a_d.108.1.1.aln -            252   1.1e-07   27.2   0.0   1   1   6.1e-09   1.2e-07   27.1   0.0   117   212    60   150     3   161 0.84 -
d2aj6a1d.108.1.1     -            118 d1mk4a_d.108.1.1.aln -            252   1.9e-06   23.1   0.0   1   1     1e-07   1.9e-06   23.1   0.0    56   171     8   115     1   118 0.83 -
d1r57a_d.108.1.1     -            102 d1mk4a_d.108.1.1.aln -            252     1e-05   20.8   0.0   1   1   5.7e-07   1.1e-05   20.7   0.0   120   179    25    80     3    93 0.78 -
d1xmta_d.108.1.1     -             95 d1mk4a_d.108.1.1.aln -            252   0.00045   15.4   0.0   1   1   2.6e-05   0.00048   15.3   0.0   108   174     6    72     2    86 0.89 -
#
# Program:         hmmsearch
# Version:         3.1b2 (February 2015)
# Pipeline mode:   SEARCH
# Query file:      hmmModels30/d1mk4a_d.108.1.1.hmm
# Target file:     scop/scopTestSeq.fasta
# Option settings: hmmsearch --domtblout hmmModels30/d1mk4a_d.108.1.1.out -E 1 hmmModels30/d1mk4a_d.108.1.1.hmm scop/scopTestSeq.fasta 
# Current dir:     /home/anastasia/SBAS/TME8
# Date:            Sat Apr  8 15:33:47 2023
# [ok]
