#                                                                            --- full sequence --- -------------- this domain -------------   hmm coord   ali coord   env coord
# target name        accession   tlen query name           accession   qlen   E-value  score  bias   #  of  c-Evalue  i-Evalue  score  bias  from    to  from    to  from    to  acc description of target
#------------------- ---------- ----- -------------------- ---------- ----- --------- ------ ----- --- --- --------- --------- ------ ----- ----- ----- ----- ----- ----- ----- ---- ---------------------
d2gv8a1c.3.1.5       -            336 d1mo9a2c.3.1.5.aln   -            219  6.1e-101  331.8   0.0   1   1  1.8e-102    7e-101  331.6   0.0     1   219    20   318    20   318 1.00 -
d1w4xa1c.3.1.5       -            299 d1mo9a2c.3.1.5.aln   -            219   1.1e-72  239.4   0.0   1   1   3.2e-74   1.3e-72  239.2   0.0     2   219    12   282    11   282 0.99 -
d1mo9a1c.3.1.5       -            262 d1mo9a2c.3.1.5.aln   -            219     1e-58  193.7   0.0   1   1     3e-60   1.2e-58  193.5   0.0     2   219     2   253     1   253 0.99 -
d1v59a1c.3.1.5       -            234 d1mo9a2c.3.1.5.aln   -            219   1.1e-54  180.6   0.3   1   1     3e-56   1.2e-54  180.5   0.3     2   219     6   225     5   225 0.99 -
d1w4xa2c.3.1.5       -            235 d1mo9a2c.3.1.5.aln   -            219   2.4e-48  159.8   0.0   1   1   6.7e-50   2.7e-48  159.7   0.0     2   218     2   234     1   235 0.99 -
d1xdia1c.3.1.5       -            234 d1mo9a2c.3.1.5.aln   -            219   5.7e-47  155.3   0.0   1   1   1.6e-48   6.3e-47  155.2   0.0     2   219     2   224     1   224 0.99 -
d1m6ia1c.3.1.5       -            214 d1mo9a2c.3.1.5.aln   -            219   1.4e-39  131.1   0.0   1   1     4e-41   1.6e-39  131.0   0.0     1   207     4   214     4   214 0.99 -
d1nhpa1c.3.1.5       -            199 d1mo9a2c.3.1.5.aln   -            219   1.5e-35  118.0   0.0   1   1   4.3e-37   1.7e-35  117.8   0.0     3   207     2   199     1   199 0.99 -
d1fl2a1c.3.1.5       -            185 d1mo9a2c.3.1.5.aln   -            219   6.9e-26   86.4   0.3   1   1   1.9e-27   7.6e-26   86.3   0.3     1   191     1   184     1   185 0.98 -
d1vdca2c.3.1.5       -            130 d1mo9a2c.3.1.5.aln   -            219   2.9e-18   61.5   0.0   1   1   7.6e-20     3e-18   61.4   0.0    14   144    12   130     1   130 0.94 -
d1fcda2c.3.1.5       -            141 d1mo9a2c.3.1.5.aln   -            219   3.9e-18   61.1   0.0   1   1     1e-19   4.1e-18   61.0   0.0     5   146     5   140     1   141 0.96 -
d1v59a2c.3.1.5       -            122 d1mo9a2c.3.1.5.aln   -            219   2.9e-16   54.9   0.2   1   1   8.6e-18   3.4e-16   54.7   0.2    26   143     7   122     4   122 0.98 -
d1h6va2c.3.1.5       -            122 d1mo9a2c.3.1.5.aln   -            219   5.6e-15   50.7   0.0   1   1   1.6e-16   6.3e-15   50.6   0.0    27   145     5   122     2   122 0.97 -
d1nhpa2c.3.1.5       -            123 d1mo9a2c.3.1.5.aln   -            219   2.8e-14   48.5   0.6   1   1   7.8e-16   3.1e-14   48.3   0.6     7   144     1   123     1   123 0.93 -
d1fl2a2c.3.1.5       -            126 d1mo9a2c.3.1.5.aln   -            219   6.7e-14   47.2   0.0   1   1   1.9e-15   7.4e-14   47.1   0.0     2   146     1   126     1   126 0.98 -
d1aoga2c.3.1.5       -            117 d1mo9a2c.3.1.5.aln   -            219   4.2e-13   44.6   0.0   1   1   1.3e-14     5e-13   44.3   0.0    27   144     5   117     2   117 0.96 -
d1m6ia2c.3.1.5       -            137 d1mo9a2c.3.1.5.aln   -            219     2e-12   42.4   0.0   1   1   5.3e-14   2.1e-12   42.3   0.0     4   146     4   137     1   137 0.95 -
d1xhca2c.3.1.5       -            122 d1mo9a2c.3.1.5.aln   -            219   7.5e-12   40.5   0.0   1   1     2e-13   7.9e-12   40.4   0.0     4   140     4   121     1   122 0.94 -
d1onfa2c.3.1.5       -            117 d1mo9a2c.3.1.5.aln   -            219   7.4e-11   37.3   0.4   1   1   2.1e-12   8.4e-11   37.1   0.4    27   144     8   117     3   117 0.96 -
d2gv8a2c.3.1.5       -            107 d1mo9a2c.3.1.5.aln   -            219   0.00015   16.7   0.0   1   1   4.1e-06   0.00016   16.5   0.0    30   143     2   107     1   107 0.97 -
#
# Program:         hmmsearch
# Version:         3.1b2 (February 2015)
# Pipeline mode:   SEARCH
# Query file:      hmmModels30/d1mo9a2c.3.1.5.hmm
# Target file:     scop/scopTestSeq.fasta
# Option settings: hmmsearch --domtblout hmmModels30/d1mo9a2c.3.1.5.out -E 1 hmmModels30/d1mo9a2c.3.1.5.hmm scop/scopTestSeq.fasta 
# Current dir:     /home/anastasia/SBAS/TME8
# Date:            Sat Apr  8 15:33:47 2023
# [ok]
