#                                                                            --- full sequence --- -------------- this domain -------------   hmm coord   ali coord   env coord
# target name        accession   tlen query name           accession   qlen   E-value  score  bias   #  of  c-Evalue  i-Evalue  score  bias  from    to  from    to  from    to  acc description of target
#------------------- ---------- ----- -------------------- ---------- ----- --------- ------ ----- --- --- --------- --------- ------ ----- ----- ----- ----- ----- ----- ----- ---- ---------------------
d1lj8a4c.2.1.6       -            286 d1mv8a2c.2.1.6.aln   -            186   5.9e-98  321.5   0.0   1   1   1.6e-99   7.2e-98  321.3   0.0     1   186    26   219    26   219 1.00 -
d1jaya_c.2.1.6       -            212 d1mv8a2c.2.1.6.aln   -            186   6.5e-52  171.5   0.1   1   1   1.7e-53   7.3e-52  171.3   0.1     1   184     1   180     1   182 0.98 -
d1evya2c.2.1.6       -            189 d1mv8a2c.2.1.6.aln   -            186   4.8e-42  139.3   0.0   1   1   1.2e-43   5.3e-42  139.1   0.0     2   186     8   189     7   189 0.99 -
d1dlja2c.2.1.6       -            196 d1mv8a2c.2.1.6.aln   -            186   5.8e-42  139.0   0.0   1   1   1.5e-43   6.5e-42  138.8   0.0     2   185     1   188     1   189 0.99 -
d1f0ya2c.2.1.6       -            192 d1mv8a2c.2.1.6.aln   -            186   3.3e-39  130.0   1.4   1   1   8.3e-41   3.6e-39  129.9   1.4     2   185     5   190     4   191 0.99 -
d1bg6a2c.2.1.6       -            184 d1mv8a2c.2.1.6.aln   -            186   1.1e-36  121.8   0.2   1   1   2.8e-38   1.2e-36  121.7   0.2     2   183     2   183     1   184 0.98 -
d1txga2c.2.1.6       -            180 d1mv8a2c.2.1.6.aln   -            186     2e-36  120.9   0.0   1   1   5.1e-38   2.2e-36  120.8   0.0     2   181     1   179     1   180 0.99 -
d1ks9a2c.2.1.6       -            167 d1mv8a2c.2.1.6.aln   -            186   3.8e-33  110.3   0.0   1   1   9.6e-35   4.2e-33  110.1   0.0     2   183     1   166     1   167 0.99 -
d2f1ka2c.2.1.6       -            165 d1mv8a2c.2.1.6.aln   -            186   8.4e-29   96.1   0.0   1   1   2.1e-30   9.3e-29   95.9   0.0     2   183     1   165     1   165 0.97 -
d1vpda2c.2.1.6       -            161 d1mv8a2c.2.1.6.aln   -            186   1.2e-26   89.1   0.2   1   1     3e-28   1.3e-26   88.9   0.2     2   183     1   160     1   161 0.99 -
d2pv7a2c.2.1.6       -            152 d1mv8a2c.2.1.6.aln   -            186     8e-26   86.4   0.0   1   1     2e-27   8.8e-26   86.2   0.0     8   182     1   151     1   152 0.99 -
d1yqga2c.2.1.6       -            152 d1mv8a2c.2.1.6.aln   -            186   5.3e-22   73.9   0.0   1   1   1.3e-23   5.9e-22   73.8   0.0     2   183     1   152     1   152 0.98 -
d2ahra2c.2.1.6       -            152 d1mv8a2c.2.1.6.aln   -            186   3.4e-21   71.3   0.1   1   1   8.5e-23   3.7e-21   71.2   0.1     2   180     1   148     1   152 0.98 -
d2i76a2c.2.1.6       -            153 d1mv8a2c.2.1.6.aln   -            186   1.1e-20   69.6   0.0   1   1   2.7e-22   1.2e-20   69.5   0.0     5   181     3   151     1   153 0.96 -
d1i36a2c.2.1.6       -            152 d1mv8a2c.2.1.6.aln   -            186   2.2e-20   68.6   0.1   1   1   5.6e-22   2.5e-20   68.5   0.1     3   180     2   152     1   152 0.98 -
d1gpja2c.2.1.7       -            159 d1mv8a2c.2.1.6.aln   -            186   6.9e-06   21.4   0.1   1   1   2.4e-07   1.1e-05   20.8   0.1     3   104    26   118    25   125 0.78 -
d1mv8a2c.2.1.6       -            202 d1mv8a2c.2.1.6.aln   -            186   0.00019   16.7   0.1   1   1   6.5e-06   0.00029   16.1   0.1     2    50     1    50     1    62 0.79 -
d1ryia1c.3.1.2       -            277 d1mv8a2c.2.1.6.aln   -            186    0.0022   13.2   0.1   1   2   0.00013    0.0056   11.9   0.1     4    27     7    30     6    36 0.91 -
d1ryia1c.3.1.2       -            277 d1mv8a2c.2.1.6.aln   -            186    0.0022   13.2   0.1   2   2       2.8   1.2e+02   -2.3   0.0    79   149   173   250   167   266 0.55 -
#
# Program:         hmmsearch
# Version:         3.1b2 (February 2015)
# Pipeline mode:   SEARCH
# Query file:      hmmModels30/d1mv8a2c.2.1.6.hmm
# Target file:     scop/scopTestSeq.fasta
# Option settings: hmmsearch --domtblout hmmModels30/d1mv8a2c.2.1.6.out -E 1 hmmModels30/d1mv8a2c.2.1.6.hmm scop/scopTestSeq.fasta 
# Current dir:     /home/anastasia/SBAS/TME8
# Date:            Sat Apr  8 15:33:47 2023
# [ok]
