#                                                                            --- full sequence --- -------------- this domain -------------   hmm coord   ali coord   env coord
# target name        accession   tlen query name           accession   qlen   E-value  score  bias   #  of  c-Evalue  i-Evalue  score  bias  from    to  from    to  from    to  acc description of target
#------------------- ---------- ----- -------------------- ---------- ----- --------- ------ ----- --- --- --------- --------- ------ ----- ----- ----- ----- ----- ----- ----- ---- ---------------------
d1bf2a2b.71.1.1      -            113 d1mxga1b.71.1.1.aln  -             90   2.1e-32  106.6   2.3   1   1   6.8e-34   2.5e-32  106.4   2.3     1    89    20   108    20   109 0.98 -
d2fhfa4b.71.1.1      -            118 d1mxga1b.71.1.1.aln  -             90   6.3e-30   98.7   0.3   1   1     2e-31   7.4e-30   98.5   0.3     1    89    18   106    18   107 0.99 -
d1m7xa2b.71.1.1      -            106 d1mxga1b.71.1.1.aln  -             90   1.6e-28   94.1   0.0   1   1   4.9e-30   1.8e-28   94.0   0.0     1    89     4    98     4    99 0.98 -
d1szna1b.71.1.1      -            103 d1mxga1b.71.1.1.aln  -             90   2.5e-21   71.1   0.1   1   1     8e-23     3e-21   70.9   0.1     2    90    14   101    13   101 0.98 -
d1uasa1b.71.1.1      -             89 d1mxga1b.71.1.1.aln  -             90   4.3e-21   70.4   1.0   1   1   1.3e-22   4.9e-21   70.2   1.0     5    87     6    88     4    89 0.96 -
d1ji1a2b.71.1.1      -             83 d1mxga1b.71.1.1.aln  -             90   8.7e-19   63.0   2.9   1   1   2.5e-20   9.3e-19   62.9   2.9     2    83     2    81     1    83 0.97 -
d2guya1b.71.1.1      -             95 d1mxga1b.71.1.1.aln  -             90   3.3e-18   61.1   0.2   1   1   9.6e-20   3.6e-18   61.0   0.2     2    89     1    88     1    89 0.98 -
d1h3ga2b.71.1.1      -             83 d1mxga1b.71.1.1.aln  -             90   3.8e-17   57.7   0.0   1   1   1.1e-18     4e-17   57.6   0.0     4    88     2    80     1    82 0.96 -
d1ea9c2b.71.1.1      -             80 d1mxga1b.71.1.1.aln  -             90   1.8e-16   55.6   0.1   1   1   5.1e-18   1.9e-16   55.5   0.1     2    87     2    78     1    80 0.96 -
d3bmva3b.71.1.1      -             89 d1mxga1b.71.1.1.aln  -             90   1.8e-15   52.4   2.6   1   1   5.1e-17   1.9e-15   52.3   2.6     3    87     2    86     1    89 0.97 -
d1e43a1b.71.1.1      -             90 d1mxga1b.71.1.1.aln  -             90   1.1e-14   49.9   1.2   1   1     3e-16   1.1e-14   49.8   1.2     1    86     3    88     3    90 0.96 -
d1wzaa1b.71.1.1      -             79 d1mxga1b.71.1.1.aln  -             90   1.6e-14   49.3   0.0   1   1   4.4e-16   1.7e-14   49.3   0.0     3    86     2    78     1    79 0.96 -
d1j0ha2b.71.1.1      -             83 d1mxga1b.71.1.1.aln  -             90     5e-14   47.7   0.0   1   1   1.6e-15   5.9e-14   47.5   0.0     4    89     5    83     3    83 0.97 -
d1g5aa1b.71.1.1      -             74 d1mxga1b.71.1.1.aln  -             90   7.9e-11   37.5   0.0   1   1   2.2e-12   8.4e-11   37.4   0.0     6    86     2    73     1    74 0.95 -
d1ua7a1b.71.1.1      -             78 d1mxga1b.71.1.1.aln  -             90   3.9e-10   35.2   0.3   1   1   1.1e-11   4.2e-10   35.1   0.3     2    85     2    77     1    78 0.95 -
d1r7aa1b.71.1.1      -             70 d1mxga1b.71.1.1.aln  -             90   5.5e-09   31.6   0.1   1   1   1.5e-10   5.8e-09   31.5   0.1    12    88     3    67     1    69 0.95 -
d1gjwa1b.71.1.1      -             64 d1mxga1b.71.1.1.aln  -             90   4.3e-08   28.7   0.0   1   1   1.1e-09   4.3e-08   28.7   0.0     5    74     2    60     1    64 0.89 -
d1gcya1b.71.1.1      -             61 d1mxga1b.71.1.1.aln  -             90   8.4e-07   24.6   1.7   1   1   2.4e-08   9.2e-07   24.4   1.7    10    86     2    60     1    61 0.96 -
d2bhua2b.71.1.1      -             72 d1mxga1b.71.1.1.aln  -             90   4.6e-06   22.2   0.1   1   1   1.4e-07   5.2e-06   22.0   0.1     2    85     1    72     1    72 0.96 -
d1lwha1b.71.1.1      -             50 d1mxga1b.71.1.1.aln  -             90   8.4e-05   18.2   0.0   1   1   2.4e-06   8.9e-05   18.1   0.0     3    34     2    33     1    42 0.91 -
d1ht6a1b.71.1.1      -             57 d1mxga1b.71.1.1.aln  -             90   0.00033   16.3   0.1   1   1   1.1e-05    0.0004   16.0   0.1    15    87     6    57     1    57 0.89 -
#
# Program:         hmmsearch
# Version:         3.1b2 (February 2015)
# Pipeline mode:   SEARCH
# Query file:      hmmModels30/d1mxga1b.71.1.1.hmm
# Target file:     scop/scopTestSeq.fasta
# Option settings: hmmsearch --domtblout hmmModels30/d1mxga1b.71.1.1.out -E 1 hmmModels30/d1mxga1b.71.1.1.hmm scop/scopTestSeq.fasta 
# Current dir:     /home/anastasia/SBAS/TME8
# Date:            Sat Apr  8 15:33:47 2023
# [ok]
