#                                                                            --- full sequence --- -------------- this domain -------------   hmm coord   ali coord   env coord
# target name        accession   tlen query name           accession   qlen   E-value  score  bias   #  of  c-Evalue  i-Evalue  score  bias  from    to  from    to  from    to  acc description of target
#------------------- ---------- ----- -------------------- ---------- ----- --------- ------ ----- --- --- --------- --------- ------ ----- ----- ----- ----- ----- ----- ----- ---- ---------------------
d1z6om1a.25.1.1      -            191 d1nf4a_a.25.1.1.aln  -            164   4.6e-60  197.9   0.0   1   1   7.3e-62   5.2e-60  197.8   0.0     2   164     9   173     8   173 0.99 -
d1z6oa1a.25.1.1      -            200 d1nf4a_a.25.1.1.aln  -            164   2.8e-57  188.9  10.5   1   1   4.6e-59   3.3e-57  188.7  10.5     1   164    12   179    12   179 0.99 -
d1lb3a_a.25.1.1      -            179 d1nf4a_a.25.1.1.aln  -            164   1.4e-52  173.6   0.3   1   1   2.3e-54   1.6e-52  173.4   0.3     1   164     1   156     1   156 0.98 -
d1tjoa_a.25.1.1      -            180 d1nf4a_a.25.1.1.aln  -            164   3.7e-52  172.2   8.5   1   1   5.9e-54   4.3e-52  172.0   8.5     2   164    18   179    17   179 0.99 -
d3bvfa_a.25.1.1      -            172 d1nf4a_a.25.1.1.aln  -            164   1.2e-50  167.3   5.4   1   1     2e-52   1.4e-50  167.1   5.4     3   164     1   152     1   152 0.99 -
d1zs3a1a.25.1.1      -            171 d1nf4a_a.25.1.1.aln  -            164   1.2e-42  141.3   0.8   1   1   1.8e-44   1.3e-42  141.2   0.8     2   161     8   171     7   171 0.99 -
d2cf7a_a.25.1.1      -            159 d1nf4a_a.25.1.1.aln  -            164   3.1e-39  130.2   0.0   1   1   4.8e-41   3.4e-39  130.1   0.0     3   163     2   158     1   159 0.98 -
d2fzfa1a.25.1.1      -            158 d1nf4a_a.25.1.1.aln  -            164   6.5e-38  125.9   9.2   1   1   9.9e-40   7.1e-38  125.8   9.2     5   160     3   158     1   158 0.99 -
d2y3qa_a.25.1.1      -            158 d1nf4a_a.25.1.1.aln  -            164   2.1e-36  121.0   3.3   1   1   3.2e-38   2.3e-36  120.9   3.3     1   159     1   157     1   158 0.98 -
d1vjxa_a.25.1.1      -            149 d1nf4a_a.25.1.1.aln  -            164   6.2e-36  119.5   8.0   1   1   9.5e-38   6.8e-36  119.3   8.0     8   154     1   148     1   149 0.99 -
d1yuza1a.25.1.1      -            135 d1nf4a_a.25.1.1.aln  -            164     4e-30  100.6   0.5   1   1   6.1e-32   4.4e-30  100.4   0.5     8   149     1   134     1   135 0.98 -
#
# Program:         hmmsearch
# Version:         3.1b2 (February 2015)
# Pipeline mode:   SEARCH
# Query file:      hmmModels30/d1nf4a_a.25.1.1.hmm
# Target file:     scop/scopTestSeq.fasta
# Option settings: hmmsearch --domtblout hmmModels30/d1nf4a_a.25.1.1.out -E 1 hmmModels30/d1nf4a_a.25.1.1.hmm scop/scopTestSeq.fasta 
# Current dir:     /home/anastasia/SBAS/TME8
# Date:            Sat Apr  8 15:33:47 2023
# [ok]
