#                                                                            --- full sequence --- -------------- this domain -------------   hmm coord   ali coord   env coord
# target name        accession   tlen query name           accession   qlen   E-value  score  bias   #  of  c-Evalue  i-Evalue  score  bias  from    to  from    to  from    to  acc description of target
#------------------- ---------- ----- -------------------- ---------- ----- --------- ------ ----- --- --- --------- --------- ------ ----- ----- ----- ----- ----- ----- ----- ---- ---------------------
d2gv8a1c.3.1.5       -            336 d1nhpa1c.3.1.5.aln   -            274    4e-142  467.7   0.0   1   1  1.3e-143  4.9e-142  467.4   0.0     1   274    51   325    51   325 1.00 -
d1w4xa1c.3.1.5       -            299 d1nhpa1c.3.1.5.aln   -            274  1.1e-107  354.8   0.0   1   1  3.2e-109  1.2e-107  354.7   0.0     1   273    16   289    16   290 1.00 -
d1mo9a1c.3.1.5       -            262 d1nhpa1c.3.1.5.aln   -            274   1.4e-85  282.3   0.0   1   1     4e-87   1.5e-85  282.2   0.0     1   273     1   262     1   262 0.99 -
d1v59a1c.3.1.5       -            234 d1nhpa1c.3.1.5.aln   -            274   2.6e-60  199.4   0.1   1   1   7.6e-62   2.9e-60  199.3   0.1    38   273     1   234     1   234 0.99 -
d1w4xa2c.3.1.5       -            235 d1nhpa1c.3.1.5.aln   -            274   5.6e-53  175.3   0.0   1   1   1.7e-54   6.2e-53  175.2   0.0    33   265     1   234     1   235 0.99 -
d1xdia1c.3.1.5       -            234 d1nhpa1c.3.1.5.aln   -            274     2e-52  173.5   0.0   1   1   5.8e-54   2.2e-52  173.4   0.0    43   273     2   233     1   234 0.99 -
d1m6ia1c.3.1.5       -            214 d1nhpa1c.3.1.5.aln   -            274   1.4e-44  147.8   0.0   1   1   4.1e-46   1.5e-44  147.7   0.0    38   249     2   214     1   214 0.99 -
d1fl2a1c.3.1.5       -            185 d1nhpa1c.3.1.5.aln   -            274   5.1e-30  100.0   0.1   1   1   1.5e-31   5.6e-30   99.9   0.1    43   225     2   182     1   185 0.98 -
d1aoga2c.3.1.5       -            117 d1nhpa1c.3.1.5.aln   -            274   2.2e-17   58.6   0.0   1   1   6.3e-19   2.4e-17   58.5   0.0    93   224     3   115     1   117 0.95 -
d1h6va2c.3.1.5       -            122 d1nhpa1c.3.1.5.aln   -            274   3.3e-17   58.0   0.0   1   1   9.2e-19   3.5e-17   58.0   0.0    93   225     3   120     1   122 0.95 -
d1onfa2c.3.1.5       -            117 d1nhpa1c.3.1.5.aln   -            274   6.7e-16   53.7   0.1   1   1   1.9e-17   7.1e-16   53.6   0.1    90   226     3   117     1   117 0.96 -
d1fcda2c.3.1.5       -            141 d1nhpa1c.3.1.5.aln   -            274   1.3e-15   52.8   0.0   1   1   3.5e-17   1.3e-15   52.8   0.0    69   221     2   133     1   141 0.93 -
d1vdca2c.3.1.5       -            130 d1nhpa1c.3.1.5.aln   -            274   1.4e-15   52.7   0.0   1   1     4e-17   1.5e-15   52.6   0.0    76   223     1   125     1   130 0.94 -
d1m6ia2c.3.1.5       -            137 d1nhpa1c.3.1.5.aln   -            274   1.5e-15   52.6   0.0   1   1   4.6e-17   1.7e-15   52.4   0.0    76   205     3   127     1   132 0.96 -
d1nhpa2c.3.1.5       -            123 d1nhpa1c.3.1.5.aln   -            274   1.5e-15   52.6   0.1   1   1   4.5e-17   1.7e-15   52.4   0.1    83   200     3   111     1   121 0.91 -
d1v59a2c.3.1.5       -            122 d1nhpa1c.3.1.5.aln   -            274   9.8e-14   46.6   0.2   1   1   3.2e-15   1.2e-13   46.3   0.2    93   214     6   117     3   121 0.94 -
d1mo9a2c.3.1.5       -            121 d1nhpa1c.3.1.5.aln   -            274   4.7e-13   44.4   0.0   1   1   1.3e-14   4.8e-13   44.4   0.0    89   219     2   113     1   121 0.89 -
d1xhca2c.3.1.5       -            122 d1nhpa1c.3.1.5.aln   -            274   2.1e-11   39.0   0.0   1   1     6e-13   2.2e-11   38.9   0.0    81   186     3    97     1   110 0.91 -
d1fl2a2c.3.1.5       -            126 d1nhpa1c.3.1.5.aln   -            274   1.4e-08   29.7   0.0   1   1   4.1e-10   1.5e-08   29.6   0.0    85   208    10   118     1   123 0.90 -
d2gv8a2c.3.1.5       -            107 d1nhpa1c.3.1.5.aln   -            274   4.8e-05   18.1   0.0   1   1   2.5e-06   9.3e-05   17.2   0.0    84   176     6    90     1   106 0.81 -
d1luaa1c.2.1.7       -            191 d1nhpa1c.3.1.5.aln   -            274    0.0057   11.3   0.0   1   1   0.00022    0.0083   10.8   0.0    71   130    52   111    22   125 0.82 -
#
# Program:         hmmsearch
# Version:         3.1b2 (February 2015)
# Pipeline mode:   SEARCH
# Query file:      hmmModels30/d1nhpa1c.3.1.5.hmm
# Target file:     scop/scopTestSeq.fasta
# Option settings: hmmsearch --domtblout hmmModels30/d1nhpa1c.3.1.5.out -E 1 hmmModels30/d1nhpa1c.3.1.5.hmm scop/scopTestSeq.fasta 
# Current dir:     /home/anastasia/SBAS/TME8
# Date:            Sat Apr  8 15:33:47 2023
# [ok]
