#                                                                            --- full sequence --- -------------- this domain -------------   hmm coord   ali coord   env coord
# target name        accession   tlen query name           accession   qlen   E-value  score  bias   #  of  c-Evalue  i-Evalue  score  bias  from    to  from    to  from    to  acc description of target
#------------------- ---------- ----- -------------------- ---------- ----- --------- ------ ----- --- --- --------- --------- ------ ----- ----- ----- ----- ----- ----- ----- ---- ---------------------
d2gv8a1c.3.1.5       -            336 d1nhpa2c.3.1.5.aln   -            218   7.7e-95  312.3   0.0   1   1   2.4e-96   9.8e-95  311.9   0.0     1   218     4   250     4   250 1.00 -
d1w4xa1c.3.1.5       -            299 d1nhpa2c.3.1.5.aln   -            218   9.4e-87  285.9   0.0   1   1     3e-88   1.2e-86  285.5   0.0     1   218     5   229     5   229 1.00 -
d1mo9a1c.3.1.5       -            262 d1nhpa2c.3.1.5.aln   -            218   2.6e-58  192.9   0.0   1   1   7.1e-60     3e-58  192.7   0.0     1   218     3   245     3   245 0.99 -
d1v59a1c.3.1.5       -            234 d1nhpa2c.3.1.5.aln   -            218     5e-54  178.9   0.2   1   1   1.4e-55   5.7e-54  178.7   0.2     2   217     4   216     3   217 0.98 -
d1w4xa2c.3.1.5       -            235 d1nhpa2c.3.1.5.aln   -            218   4.6e-49  162.6   0.0   1   1   1.2e-50   5.1e-49  162.5   0.0     4   217     3   234     1   235 0.98 -
d1xdia1c.3.1.5       -            234 d1nhpa2c.3.1.5.aln   -            218   2.1e-46  154.0   0.0   1   1   5.6e-48   2.3e-46  153.8   0.0     2   218     2   216     1   216 0.98 -
d1m6ia1c.3.1.5       -            214 d1nhpa2c.3.1.5.aln   -            218     3e-45  150.2   0.0   1   1     8e-47   3.3e-45  150.0   0.0     1   217     2   212     2   213 0.98 -
d1nhpa1c.3.1.5       -            199 d1nhpa2c.3.1.5.aln   -            218   1.3e-36  121.9   0.0   1   1   3.5e-38   1.4e-36  121.8   0.0     2   207     1   198     1   199 0.98 -
d1fl2a1c.3.1.5       -            185 d1nhpa2c.3.1.5.aln   -            218   2.3e-33  111.3   0.3   1   1   6.1e-35   2.5e-33  111.2   0.3     3   200     1   184     1   185 0.98 -
d1aoga2c.3.1.5       -            117 d1nhpa2c.3.1.5.aln   -            218     1e-17   60.2   0.0   1   1   2.6e-19   1.1e-17   60.1   0.0     8   150     1   115     1   117 0.97 -
d1h6va2c.3.1.5       -            122 d1nhpa2c.3.1.5.aln   -            218     2e-15   52.7   0.0   1   1   5.2e-17   2.2e-15   52.6   0.0    10   154     3   119     1   122 0.95 -
d1fcda2c.3.1.5       -            141 d1nhpa2c.3.1.5.aln   -            218     9e-15   50.5   0.0   1   1   2.4e-16   9.9e-15   50.4   0.0     2   161     5   140     4   141 0.96 -
d1mo9a2c.3.1.5       -            121 d1nhpa2c.3.1.5.aln   -            218   1.4e-14   50.0   0.1   1   1   3.5e-16   1.5e-14   49.8   0.1     6   154     2   120     1   121 0.96 -
d1vdca2c.3.1.5       -            130 d1nhpa2c.3.1.5.aln   -            218   3.8e-14   48.5   0.0   1   1     1e-15   4.2e-14   48.4   0.0     5   153     3   129     1   130 0.97 -
d1m6ia2c.3.1.5       -            137 d1nhpa2c.3.1.5.aln   -            218   6.9e-14   47.6   0.0   1   1   1.8e-15   7.5e-14   47.5   0.0     1   151     1   135     1   137 0.95 -
d1onfa2c.3.1.5       -            117 d1nhpa2c.3.1.5.aln   -            218   1.3e-13   46.7   0.1   1   1   3.6e-15   1.5e-13   46.5   0.1     6   152     2   117     1   117 0.97 -
d1fl2a2c.3.1.5       -            126 d1nhpa2c.3.1.5.aln   -            218   3.6e-13   45.3   0.0   1   1   9.5e-15   3.9e-13   45.2   0.0     4   155     2   125     1   126 0.97 -
d1v59a2c.3.1.5       -            122 d1nhpa2c.3.1.5.aln   -            218   1.9e-11   39.7   0.2   1   1   4.9e-13   2.1e-11   39.6   0.2     8   153     4   122     1   122 0.96 -
d1xhca2c.3.1.5       -            122 d1nhpa2c.3.1.5.aln   -            218   2.1e-10   36.2   0.0   1   1   5.2e-12   2.2e-10   36.2   0.0     2   113     1   100     1   122 0.94 -
#
# Program:         hmmsearch
# Version:         3.1b2 (February 2015)
# Pipeline mode:   SEARCH
# Query file:      hmmModels30/d1nhpa2c.3.1.5.hmm
# Target file:     scop/scopTestSeq.fasta
# Option settings: hmmsearch --domtblout hmmModels30/d1nhpa2c.3.1.5.out -E 1 hmmModels30/d1nhpa2c.3.1.5.hmm scop/scopTestSeq.fasta 
# Current dir:     /home/anastasia/SBAS/TME8
# Date:            Sat Apr  8 15:33:47 2023
# [ok]
