#                                                                            --- full sequence --- -------------- this domain -------------   hmm coord   ali coord   env coord
# target name        accession   tlen query name           accession   qlen   E-value  score  bias   #  of  c-Evalue  i-Evalue  score  bias  from    to  from    to  from    to  acc description of target
#------------------- ---------- ----- -------------------- ---------- ----- --------- ------ ----- --- --- --------- --------- ------ ----- ----- ----- ----- ----- ----- ----- ---- ---------------------
d1g41a_c.37.1.20     -            443 d1njfa_c.37.1.20.aln -            278  6.1e-137  450.7   5.1   1   1  2.4e-138  7.6e-137  450.4   5.1     1   278     1   430     1   430 1.00 -
d1um8a_c.37.1.20     -            364 d1njfa_c.37.1.20.aln -            278   1.4e-91  301.9   2.8   1   1   4.9e-93   1.5e-91  301.7   2.8     2   278     5   359     4   359 0.99 -
d1svma_c.37.1.20     -            362 d1njfa_c.37.1.20.aln -            278   1.4e-71  236.2   0.0   1   1   5.1e-73   1.6e-71  236.1   0.0     2   277    13   353    12   354 0.99 -
d1r6bx3c.37.1.20     -            315 d1njfa_c.37.1.20.aln -            278   3.6e-53  175.9   0.1   1   1   1.3e-54     4e-53  175.7   0.1     2   276     4   306     3   308 0.98 -
d1lv7a_c.37.1.20     -            256 d1njfa_c.37.1.20.aln -            278   1.3e-50  167.5   0.0   1   1   4.5e-52   1.4e-50  167.4   0.0     5   257     3   255     1   256 0.98 -
d1g8pa_c.37.1.20     -            333 d1njfa_c.37.1.20.aln -            278   2.2e-46  153.6   0.0   1   1   7.8e-48   2.5e-46  153.4   0.0     2   278     8   329     7   329 0.99 -
d1sxja2c.37.1.20     -            253 d1njfa_c.37.1.20.aln -            278   3.8e-39  129.9   0.0   1   1   1.3e-40   4.1e-39  129.7   0.0     3   270     3   251     1   253 0.98 -
d1iqpa2c.37.1.20     -            231 d1njfa_c.37.1.20.aln -            278   1.1e-36  121.8   0.6   1   1   4.1e-38   1.3e-36  121.6   0.6     3   260     2   225     1   230 0.96 -
d1w5sa2c.37.1.20     -            287 d1njfa_c.37.1.20.aln -            278   1.3e-36  121.5   0.0   1   1   4.7e-38   1.5e-36  121.4   0.0     2   273     8   287     7   287 0.98 -
d1fnna2c.37.1.20     -            276 d1njfa_c.37.1.20.aln -            278   1.8e-36  121.1   0.0   1   1   6.2e-38     2e-36  121.0   0.0     1   275     7   275     7   276 0.99 -
d1u0ja_c.37.1.20     -            267 d1njfa_c.37.1.20.aln -            278   2.4e-36  120.7   0.0   1   1   8.3e-38   2.6e-36  120.6   0.0     2   276     3   264     2   266 0.98 -
d1in4a2c.37.1.20     -            238 d1njfa_c.37.1.20.aln -            278   3.4e-36  120.2   1.5   1   1   1.2e-37   3.7e-36  120.1   1.5     6   276     1   236     1   238 0.98 -
d2fnaa2c.37.1.20     -            283 d1njfa_c.37.1.20.aln -            278     1e-35  118.6   1.1   1   1   3.6e-37   1.1e-35  118.5   1.1     3   276    10   282     8   283 0.98 -
d2a5yb3c.37.1.20     -            277 d1njfa_c.37.1.20.aln -            278   1.5e-35  118.1   0.0   1   1   5.3e-37   1.7e-35  117.9   0.0     3   278     2   275     1   275 0.99 -
d1d2na_c.37.1.20     -            246 d1njfa_c.37.1.20.aln -            278     7e-32  106.0   0.0   1   1   2.4e-33   7.6e-32  105.9   0.0     6   271     2   243     1   246 0.97 -
d1ny5a2c.37.1.20     -            247 d1njfa_c.37.1.20.aln -            278   5.6e-24   80.1   0.2   1   1     2e-25   6.2e-24   80.0   0.2     2   272     3   246     2   247 0.97 -
d1l8qa2c.37.1.20     -            213 d1njfa_c.37.1.20.aln -            278   1.4e-20   68.9   1.0   1   1   5.4e-22   1.7e-20   68.7   1.0     9   261     5   208     2   213 0.95 -
d1tuea_c.37.1.20     -            205 d1njfa_c.37.1.20.aln -            278     2e-20   68.5   0.0   1   1   1.3e-21     4e-20   67.5   0.0     1   265     5   204     5   205 0.98 -
d2p65a_c.37.1.20     -            185 d1njfa_c.37.1.20.aln -            278   2.4e-16   55.1   0.6   1   1   2.3e-16   7.2e-15   50.2   0.6    18   249    12   183     2   185 0.95 -
d1a5ta2c.37.1.20     -            207 d1njfa_c.37.1.20.aln -            278   8.6e-12   40.1   0.0   1   1   5.8e-13   1.8e-11   39.1   0.0     2   273     1   204     1   207 0.96 -
d2gnoa2c.37.1.20     -            198 d1njfa_c.37.1.20.aln -            278   5.9e-11   37.4   0.1   1   1   4.6e-11   1.4e-09   32.8   0.1     9   270     2   192     1   197 0.93 -
d1jqlb_c.37.1.20     -            140 d1njfa_c.37.1.20.aln -            278   1.1e-06   23.3   0.0   1   2   0.00053     0.017    9.7   0.0    17    84     4    62     1    88 0.87 -
d1jqlb_c.37.1.20     -            140 d1njfa_c.37.1.20.aln -            278   1.1e-06   23.3   0.0   2   2   7.7e-05    0.0024   12.4   0.0   201   252    88   137    82   140 0.91 -
d1njfa_c.37.1.20     -            239 d1njfa_c.37.1.20.aln -            278    0.0002   15.9   0.1   1   2   0.00031    0.0098   10.4   0.0    52    74    37    59     9    65 0.89 -
d1njfa_c.37.1.20     -            239 d1njfa_c.37.1.20.aln -            278    0.0002   15.9   0.1   2   2     0.039       1.2    3.5   0.0   103   138    98   137    83   204 0.83 -
d1y63a_c.37.1.1      -            174 d1njfa_c.37.1.20.aln -            278    0.0013   13.3   0.1   1   2   0.00017    0.0055   11.3   0.0    51    74     7    30     1    32 0.90 -
d1y63a_c.37.1.1      -            174 d1njfa_c.37.1.20.aln -            278    0.0013   13.3   0.1   2   2      0.88        28   -0.9   0.0     7    27    49    69    47    72 0.86 -
d1qzma_c.37.1.20     -             94 d1njfa_c.37.1.20.aln -            278    0.0016   13.0   0.1   1   1   5.6e-05    0.0018   12.9   0.1     2    82     2    71     1    80 0.93 -
#
# Program:         hmmsearch
# Version:         3.1b2 (February 2015)
# Pipeline mode:   SEARCH
# Query file:      hmmModels30/d1njfa_c.37.1.20.hmm
# Target file:     scop/scopTestSeq.fasta
# Option settings: hmmsearch --domtblout hmmModels30/d1njfa_c.37.1.20.out -E 1 hmmModels30/d1njfa_c.37.1.20.hmm scop/scopTestSeq.fasta 
# Current dir:     /home/anastasia/SBAS/TME8
# Date:            Sat Apr  8 15:33:47 2023
# [ok]
