#                                                                            --- full sequence --- -------------- this domain -------------   hmm coord   ali coord   env coord
# target name        accession   tlen query name           accession   qlen   E-value  score  bias   #  of  c-Evalue  i-Evalue  score  bias  from    to  from    to  from    to  acc description of target
#------------------- ---------- ----- -------------------- ---------- ----- --------- ------ ----- --- --- --------- --------- ------ ----- ----- ----- ----- ----- ----- ----- ---- ---------------------
d1vr5a1c.94.1.1      -            535 d1nnfa_c.94.1.1.aln  -            328  5.1e-109  360.3  14.1   1   1  2.3e-110  6.1e-109  360.0  14.1     2   328   110   519   109   519 1.00 -
d1jeta_c.94.1.1      -            517 d1nnfa_c.94.1.1.aln  -            328  6.4e-106  350.1  16.1   1   1  2.9e-107  7.5e-106  349.9  16.1     2   327   119   513   118   514 1.00 -
d1eu8a_c.94.1.1      -            407 d1nnfa_c.94.1.1.aln  -            328   2.3e-95  315.4   9.3   1   1   9.8e-97   2.6e-95  315.3   9.3    21   327     2   401     1   402 1.00 -
d1xoca1c.94.1.1      -            504 d1nnfa_c.94.1.1.aln  -            328   7.2e-89  294.1  23.0   1   1   3.4e-90   8.8e-89  293.8  23.0     2   327   114   501   113   502 1.00 -
d3vlva_c.94.1.1      -            490 d1nnfa_c.94.1.1.aln  -            328   8.8e-87  287.2  13.2   1   1   4.2e-88   1.1e-86  286.9  13.2     1   328   119   483   119   483 1.00 -
d1uqwa_c.94.1.1      -            487 d1nnfa_c.94.1.1.aln  -            328   4.2e-85  281.7  12.1   1   1   2.4e-86   6.4e-85  281.1  12.1     1   326   104   485   104   487 0.99 -
d2nooa_c.94.1.1      -            496 d1nnfa_c.94.1.1.aln  -            328   5.8e-78  258.3   0.8   1   1   2.6e-79   6.7e-78  258.1   0.8     1   328   101   496   101   496 1.00 -
d3thia_c.94.1.1      -            362 d1nnfa_c.94.1.1.aln  -            328   1.5e-53  178.1   0.2   1   1   6.3e-55   1.7e-53  177.9   0.2     2   328    29   355    28   355 0.99 -
d1ursa_c.94.1.1      -            367 d1nnfa_c.94.1.1.aln  -            328   1.2e-50  168.5  10.6   1   1   5.3e-52   1.4e-50  168.3  10.6     2   327     8   365     7   366 0.99 -
d1sbpa_c.94.1.1      -            309 d1nnfa_c.94.1.1.aln  -            328   5.6e-35  117.1   9.4   1   1   2.4e-36   6.2e-35  116.9   9.4     3   325     2   309     1   309 0.99 -
d1ixha_c.94.1.1      -            321 d1nnfa_c.94.1.1.aln  -            328   1.2e-32  109.4  11.5   1   1   5.4e-34   1.4e-32  109.2  11.5     8   327     8   313     2   314 0.99 -
d1r9la_c.94.1.1      -            309 d1nnfa_c.94.1.1.aln  -            328   8.6e-30  100.0  10.3   1   1   3.6e-31   9.5e-30   99.9  10.3     4   325     4   309     1   309 0.98 -
d1q35a_c.94.1.1      -            318 d1nnfa_c.94.1.1.aln  -            328   1.1e-29   99.8   3.7   1   1   4.5e-31   1.2e-29   99.6   3.7     2   324     3   317     2   318 0.99 -
d1pb7a_c.94.1.1      -            289 d1nnfa_c.94.1.1.aln  -            328   4.5e-29   97.7   0.0   1   1   1.9e-30   4.9e-29   97.6   0.0    19   321     4   288     1   289 0.98 -
d2czla1c.94.1.1      -            270 d1nnfa_c.94.1.1.aln  -            328     3e-24   81.8   0.0   1   1   1.5e-25   3.9e-24   81.5   0.0    28   295     6   252     3   263 0.95 -
d1xt8a1c.94.1.1      -            248 d1nnfa_c.94.1.1.aln  -            328   1.8e-21   72.7   6.6   1   1   7.3e-23   1.9e-21   72.6   6.6    15   284     3   247     1   248 0.98 -
d1twya_c.94.1.1      -            249 d1nnfa_c.94.1.1.aln  -            328   3.3e-21   71.9   0.1   1   1   1.4e-22   3.7e-21   71.7   0.1    26   299     2   248     1   249 0.97 -
d1us5a_c.94.1.1      -            298 d1nnfa_c.94.1.1.aln  -            328   5.4e-21   71.2   0.1   1   1   2.2e-22   5.9e-21   71.0   0.1     7   320     2   297     1   298 0.98 -
d2nxoa1c.94.1.1      -            277 d1nnfa_c.94.1.1.aln  -            328   9.8e-21   70.3   0.0   1   1   4.1e-22   1.1e-20   70.2   0.0    25   310     4   275     1   277 0.95 -
d1sw5a_c.94.1.1      -            270 d1nnfa_c.94.1.1.aln  -            328   2.5e-19   65.7   5.7   1   1   1.1e-20   2.8e-19   65.5   5.7    24   318     2   267     1   270 0.98 -
d2i6ea1c.94.1.1      -            272 d1nnfa_c.94.1.1.aln  -            328   2.3e-17   59.3   0.0   1   1     1e-18   2.8e-17   59.0   0.0    63   297    36   265     5   270 0.94 -
d1al3a_c.94.1.1      -            237 d1nnfa_c.94.1.1.aln  -            328     7e-16   54.4   0.0   1   1   3.1e-17   8.1e-16   54.1   0.0    23   284     5   233     1   236 0.97 -
d2ozza1c.94.1.1      -            228 d1nnfa_c.94.1.1.aln  -            328   1.4e-14   50.1   0.0   1   1   6.1e-16   1.6e-14   49.9   0.0    17   278     1   227     1   228 0.97 -
d1atga_c.94.1.1      -            231 d1nnfa_c.94.1.1.aln  -            328   3.5e-14   48.8   1.1   1   1   1.6e-15   4.2e-14   48.5   1.1    27   272     2   224     1   229 0.97 -
d2qmwa1c.94.1.1      -            184 d1nnfa_c.94.1.1.aln  -            328   3.1e-09   32.5   0.1   1   1   1.4e-10   3.7e-09   32.3   0.1    29   180     5   149     1   181 0.89 -
d1ixca2c.94.1.1      -            205 d1nnfa_c.94.1.1.aln  -            328   5.1e-09   31.8   0.0   1   1     2e-10   5.4e-09   31.7   0.0    27   179     5   144     2   204 0.90 -
d1ii5a_c.94.1.1      -            226 d1nnfa_c.94.1.1.aln  -            328   1.2e-08   30.7   0.2   1   1   5.2e-10   1.4e-08   30.4   0.2    30   280    10   224     3   226 0.93 -
d1ve4a1c.94.1.1      -            206 d1nnfa_c.94.1.1.aln  -            328   2.2e-08   29.7   0.0   1   1   9.3e-10   2.5e-08   29.6   0.0    25   180     2   153     1   188 0.92 -
d1i6aa_c.94.1.1      -            212 d1nnfa_c.94.1.1.aln  -            328     2e-07   26.6   0.0   1   1   9.5e-09   2.5e-07   26.3   0.0    26   277     7   212     2   212 0.96 -
d2esna2c.94.1.1      -            212 d1nnfa_c.94.1.1.aln  -            328   3.6e-06   22.5   0.0   1   1   6.4e-07   1.7e-05   20.3   0.0    19   280     3   209     1   211 0.91 -
#
# Program:         hmmsearch
# Version:         3.1b2 (February 2015)
# Pipeline mode:   SEARCH
# Query file:      hmmModels30/d1nnfa_c.94.1.1.hmm
# Target file:     scop/scopTestSeq.fasta
# Option settings: hmmsearch --domtblout hmmModels30/d1nnfa_c.94.1.1.out -E 1 hmmModels30/d1nnfa_c.94.1.1.hmm scop/scopTestSeq.fasta 
# Current dir:     /home/anastasia/SBAS/TME8
# Date:            Sat Apr  8 15:33:47 2023
# [ok]
