#                                                                            --- full sequence --- -------------- this domain -------------   hmm coord   ali coord   env coord
# target name        accession   tlen query name           accession   qlen   E-value  score  bias   #  of  c-Evalue  i-Evalue  score  bias  from    to  from    to  from    to  acc description of target
#------------------- ---------- ----- -------------------- ---------- ----- --------- ------ ----- --- --- --------- --------- ------ ----- ----- ----- ----- ----- ----- ----- ---- ---------------------
d1atia2d.104.1.1     -            394 d1nnha_d.104.1.1.aln -            326  2.3e-147  485.6   4.8   1   1  4.9e-149  2.7e-147  485.4   4.8     3   326     2   340     1   340 1.00 -
d1b8aa2d.104.1.1     -            335 d1nnha_d.104.1.1.aln -            326   1.2e-91  302.5   4.7   1   1   2.3e-93   1.3e-91  302.4   4.7     3   322     8   334     6   335 0.99 -
d1wu7a2d.104.1.1     -            327 d1nnha_d.104.1.1.aln -            326   2.8e-81  268.4   0.1   1   1   5.6e-83   3.1e-81  268.3   0.1     2   325     7   319     6   320 0.99 -
d1h4vb2d.104.1.1     -            324 d1nnha_d.104.1.1.aln -            326   1.9e-77  255.8   6.3   1   1   3.8e-79   2.1e-77  255.7   6.3     2   326     5   316     4   316 0.99 -
d12asa_d.104.1.1     -            327 d1nnha_d.104.1.1.aln -            326   1.7e-75  249.5   0.0   1   1   3.3e-77   1.9e-75  249.3   0.0     2   324     2   323     1   325 0.99 -
d1z7ma1d.104.1.1     -            318 d1nnha_d.104.1.1.aln -            326   5.1e-73  241.3   0.1   1   1     1e-74   5.7e-73  241.1   0.1     2   326     4   314     3   314 0.99 -
d1qf6a4d.104.1.1     -            291 d1nnha_d.104.1.1.aln -            326   7.6e-64  211.2   0.2   1   1   1.5e-65   8.4e-64  211.0   0.2     3   324     1   290     1   291 0.99 -
d1g5ha2d.104.1.1     -            290 d1nnha_d.104.1.1.aln -            326   2.4e-62  206.2   0.0   1   1   4.8e-64   2.7e-62  206.1   0.0     4   325     2   290     1   290 0.99 -
d1seta2d.104.1.1     -            311 d1nnha_d.104.1.1.aln -            326   2.1e-61  203.2   2.5   1   1     4e-63   2.3e-61  203.0   2.5     2   324     3   311     2   311 0.99 -
d1j5wa_d.104.1.1     -            281 d1nnha_d.104.1.1.aln -            326   1.5e-57  190.5   1.2   1   1     3e-59   1.7e-57  190.3   1.2     2   320     3   281     2   281 0.99 -
d1hc7a2d.104.1.1     -            272 d1nnha_d.104.1.1.aln -            326     2e-56  186.8   2.1   1   1   4.2e-58   2.4e-56  186.5   2.1     4   325     4   271     1   272 0.99 -
d1usya_d.104.1.1     -            275 d1nnha_d.104.1.1.aln -            326   7.7e-48  158.5   0.0   1   1   1.5e-49   8.7e-48  158.4   0.0    12   320     1   275     1   275 0.98 -
d1yfsa2d.104.1.1     -            236 d1nnha_d.104.1.1.aln -            326   2.2e-47  157.0   0.2   1   1   4.3e-49   2.4e-47  156.9   0.2    32   310     4   235     1   236 0.98 -
d1jjcb5d.104.1.1     -            207 d1nnha_d.104.1.1.aln -            326   2.2e-31  104.5   3.6   1   1   6.7e-33   3.8e-31  103.7   3.6    19   264     4   206     2   207 0.97 -
#
# Program:         hmmsearch
# Version:         3.1b2 (February 2015)
# Pipeline mode:   SEARCH
# Query file:      hmmModels30/d1nnha_d.104.1.1.hmm
# Target file:     scop/scopTestSeq.fasta
# Option settings: hmmsearch --domtblout hmmModels30/d1nnha_d.104.1.1.out -E 1 hmmModels30/d1nnha_d.104.1.1.hmm scop/scopTestSeq.fasta 
# Current dir:     /home/anastasia/SBAS/TME8
# Date:            Sat Apr  8 15:33:47 2023
# [ok]
