#                                                                            --- full sequence --- -------------- this domain -------------   hmm coord   ali coord   env coord
# target name        accession   tlen query name           accession   qlen   E-value  score  bias   #  of  c-Evalue  i-Evalue  score  bias  from    to  from    to  from    to  acc description of target
#------------------- ---------- ----- -------------------- ---------- ----- --------- ------ ----- --- --- --------- --------- ------ ----- ----- ----- ----- ----- ----- ----- ---- ---------------------
d1ur4a_c.1.8.3       -            387 d1nofa2c.1.8.3.aln   -            356  8.6e-131  431.8  13.4   1   1  2.7e-132  9.8e-131  431.6  13.4     1   356     1   382     1   382 0.99 -
d1uuqa_c.1.8.3       -            410 d1nofa2c.1.8.3.aln   -            356   4.3e-94  311.0  16.7   1   1   1.4e-95   5.1e-94  310.8  16.7     2   355    28   407    27   408 0.99 -
d3n9ka_c.1.8.3       -            394 d1nofa2c.1.8.3.aln   -            356   5.9e-94  310.6  23.3   1   1   1.9e-95   6.7e-94  310.4  23.3     2   356    29   389    28   389 0.99 -
d1edga_c.1.8.3       -            380 d1nofa2c.1.8.3.aln   -            356   6.2e-92  304.0  17.7   1   1   1.9e-93   6.9e-92  303.8  17.7     2   356    21   380    20   380 0.99 -
d1hjua_c.1.8.3       -            332 d1nofa2c.1.8.3.aln   -            356   3.9e-78  258.6  16.3   1   1   1.3e-79   4.8e-78  258.3  16.3    15   354     4   331     2   332 0.99 -
d1qw9a2c.1.8.3       -            367 d1nofa2c.1.8.3.aln   -            356   4.4e-77  255.1   1.4   1   1   1.4e-78   4.9e-77  254.9   1.4     6   355     2   366     1   367 0.99 -
d1rh9a1c.1.8.3       -            370 d1nofa2c.1.8.3.aln   -            356   6.5e-77  254.6   7.9   1   1     2e-78   7.2e-77  254.4   7.9     1   354     7   369     7   370 0.97 -
d1odza_c.1.8.3       -            381 d1nofa2c.1.8.3.aln   -            356   2.6e-71  236.1  13.3   1   1     8e-73   2.9e-71  236.0  13.3     2   355    11   374    10   375 0.99 -
d2nt0a2c.1.8.3       -            354 d1nofa2c.1.8.3.aln   -            356   4.8e-66  218.8   0.0   1   1   1.5e-67   5.3e-66  218.6   0.0     6   355     4   350     1   351 0.99 -
d1ecea_c.1.8.3       -            358 d1nofa2c.1.8.3.aln   -            356   7.1e-66  218.2  17.5   1   1   2.2e-67   7.9e-66  218.1  17.5     1   355     3   355     3   356 0.98 -
d1qnra_c.1.8.3       -            344 d1nofa2c.1.8.3.aln   -            356   7.7e-66  218.1  23.6   1   1   2.4e-67   8.6e-66  218.0  23.6     2   353     9   342     8   344 0.99 -
d1ceoa_c.1.8.3       -            340 d1nofa2c.1.8.3.aln   -            356   1.1e-65  217.6   1.6   1   1   3.3e-67   1.2e-65  217.5   1.6    13   355     3   339     1   340 0.98 -
d1w91a2c.1.8.3       -            347 d1nofa2c.1.8.3.aln   -            356   5.9e-64  211.9   0.1   1   1   1.8e-65   6.6e-64  211.8   0.1     1   356     5   343     5   343 0.99 -
d1vjza_c.1.8.3       -            325 d1nofa2c.1.8.3.aln   -            356   9.6e-63  207.9   0.3   1   1     3e-64   1.1e-62  207.8   0.3    19   353     2   321     1   324 0.96 -
d2je8a5c.1.8.3       -            348 d1nofa2c.1.8.3.aln   -            356   1.5e-62  207.3   5.8   1   1   4.8e-64   1.7e-62  207.1   5.8     3   355     7   347     5   348 0.98 -
d2vzsa5c.1.8.3       -            339 d1nofa2c.1.8.3.aln   -            356   8.7e-59  194.9   1.2   1   1   2.7e-60   9.8e-59  194.7   1.2     2   355     2   337     1   338 0.98 -
d1h1na_c.1.8.3       -            305 d1nofa2c.1.8.3.aln   -            356   4.4e-55  182.7  13.8   1   1   1.5e-56   5.4e-55  182.5  13.8    12   350     5   304     2   305 0.98 -
d1jz8a5c.1.8.3       -            292 d1nofa2c.1.8.3.aln   -            356   1.3e-51  171.3   0.2   1   1   4.2e-53   1.5e-51  171.1   0.2     7   353     2   292     1   292 0.98 -
d1bqca_c.1.8.3       -            302 d1nofa2c.1.8.3.aln   -            356     2e-48  160.9   8.9   1   1   6.1e-50   2.2e-48  160.7   8.9    11   354     3   301     1   302 0.97 -
d7a3ha_c.1.8.3       -            300 d1nofa2c.1.8.3.aln   -            356   6.4e-47  155.9  11.8   1   1     2e-48     7e-47  155.8  11.8     7   348     2   295     1   300 0.97 -
d1i1wa_c.1.8.3       -            303 d1nofa2c.1.8.3.aln   -            356   9.6e-42  138.9   5.7   1   1     3e-43   1.1e-41  138.7   5.7    14   353     2   302     1   303 0.98 -
d2v3ga_c.1.8.3       -            273 d1nofa2c.1.8.3.aln   -            356   3.5e-37  123.9  22.0   1   1   1.1e-38   3.8e-37  123.7  22.0    25   351     9   271     1   273 0.94 -
#
# Program:         hmmsearch
# Version:         3.1b2 (February 2015)
# Pipeline mode:   SEARCH
# Query file:      hmmModels30/d1nofa2c.1.8.3.hmm
# Target file:     scop/scopTestSeq.fasta
# Option settings: hmmsearch --domtblout hmmModels30/d1nofa2c.1.8.3.out -E 1 hmmModels30/d1nofa2c.1.8.3.hmm scop/scopTestSeq.fasta 
# Current dir:     /home/anastasia/SBAS/TME8
# Date:            Sat Apr  8 15:33:47 2023
# [ok]
