#                                                                            --- full sequence --- -------------- this domain -------------   hmm coord   ali coord   env coord
# target name        accession   tlen query name           accession   qlen   E-value  score  bias   #  of  c-Evalue  i-Evalue  score  bias  from    to  from    to  from    to  acc description of target
#------------------- ---------- ----- -------------------- ---------- ----- --------- ------ ----- --- --- --------- --------- ------ ----- ----- ----- ----- ----- ----- ----- ---- ---------------------
d1q33a_d.113.1.1     -            292 d1nqza_d.113.1.1.aln -            166   1.5e-83  273.9   0.2   1   1   3.7e-85   1.8e-83  273.6   0.2     1   166    63   276    63   276 0.99 -
d1g0sa_d.113.1.1     -            209 d1nqza_d.113.1.1.aln -            166   9.3e-50  164.0   0.2   1   1   2.1e-51   1.1e-49  163.8   0.2     2   166    27   208    26   208 0.98 -
d1vhza_d.113.1.1     -            186 d1nqza_d.113.1.1.aln -            166   1.4e-38  127.6   0.0   1   1   3.2e-40   1.6e-38  127.5   0.0     2   159    13   184    12   186 0.96 -
d3o69a_d.113.1.1     -            190 d1nqza_d.113.1.1.aln -            166   4.5e-36  119.5   0.0   1   1     1e-37     5e-36  119.3   0.0     2   161    15   189    14   190 0.96 -
d1v8ya_d.113.1.1     -            158 d1nqza_d.113.1.1.aln -            166   6.4e-36  119.0   0.1   1   1   1.4e-37     7e-36  118.8   0.1    10   160     2   157     1   158 0.95 -
d1jkna_d.113.1.1     -            165 d1nqza_d.113.1.1.aln -            166   1.4e-35  117.9   0.0   1   1     3e-37   1.5e-35  117.8   0.0     2   164     2   163     1   165 0.97 -
d3zr0a_d.113.1.1     -            154 d1nqza_d.113.1.1.aln -            166   1.4e-34  114.6   0.0   1   1   3.1e-36   1.6e-34  114.5   0.0    14   165     3   150     1   151 0.97 -
d1sjya_d.113.1.1     -            158 d1nqza_d.113.1.1.aln -            166   4.6e-34  112.9   0.0   1   1     1e-35   5.1e-34  112.8   0.0     9   162     1   156     1   158 0.98 -
d2b06a1d.113.1.1     -            155 d1nqza_d.113.1.1.aln -            166   6.2e-33  109.3   0.0   1   1   1.4e-34   6.7e-33  109.2   0.0     6   162     2   153     1   155 0.97 -
d2azwa1d.113.1.1     -            147 d1nqza_d.113.1.1.aln -            166   3.8e-32  106.7   0.4   1   1   8.5e-34   4.2e-32  106.6   0.4     2   155     3   147     2   147 0.98 -
d1k2ea_d.113.1.1     -            152 d1nqza_d.113.1.1.aln -            166   5.4e-31  102.9   0.1   1   1   1.2e-32   5.9e-31  102.8   0.1    19   164     7   148     1   150 0.90 -
d1ktga_d.113.1.1     -            137 d1nqza_d.113.1.1.aln -            166   1.4e-30  101.6   0.1   1   1     3e-32   1.5e-30  101.5   0.1    16   154     7   134     1   137 0.89 -
d3a6sa_d.113.1.1     -            129 d1nqza_d.113.1.1.aln -            166   7.8e-30   99.2   0.5   1   1   1.7e-31   8.5e-30   99.1   0.5    11   149     2   127     1   129 0.96 -
d2fvva1d.113.1.1     -            135 d1nqza_d.113.1.1.aln -            166   2.4e-28   94.4   0.4   1   1   5.3e-30   2.6e-28   94.2   0.4     3   149     2   133     1   135 0.95 -
d2b0va1d.113.1.1     -            146 d1nqza_d.113.1.1.aln -            166   1.1e-27   92.2   0.0   1   1   2.4e-29   1.2e-27   92.1   0.0    14   165     4   145     1   146 0.96 -
d1nqza_d.113.1.1     -            187 d1nqza_d.113.1.1.aln -            166     3e-11   38.7   0.0   1   1   8.6e-13   4.2e-11   38.2   0.0    17    88    37   102    23   112 0.78 -
#
# Program:         hmmsearch
# Version:         3.1b2 (February 2015)
# Pipeline mode:   SEARCH
# Query file:      hmmModels30/d1nqza_d.113.1.1.hmm
# Target file:     scop/scopTestSeq.fasta
# Option settings: hmmsearch --domtblout hmmModels30/d1nqza_d.113.1.1.out -E 1 hmmModels30/d1nqza_d.113.1.1.hmm scop/scopTestSeq.fasta 
# Current dir:     /home/anastasia/SBAS/TME8
# Date:            Sat Apr  8 15:33:47 2023
# [ok]
