#                                                                            --- full sequence --- -------------- this domain -------------   hmm coord   ali coord   env coord
# target name        accession   tlen query name           accession   qlen   E-value  score  bias   #  of  c-Evalue  i-Evalue  score  bias  from    to  from    to  from    to  acc description of target
#------------------- ---------- ----- -------------------- ---------- ----- --------- ------ ----- --- --- --------- --------- ------ ----- ----- ----- ----- ----- ----- ----- ---- ---------------------
d1omra_a.39.1.5      -            201 d1nyaa_a.39.1.5.aln  -            171   2.2e-67  221.5   3.9   1   1   4.4e-69   2.5e-67  221.3   3.9     1   171    12   195    12   195 0.99 -
d1jbaa_a.39.1.5      -            189 d1nyaa_a.39.1.5.aln  -            171   6.2e-62  203.8   1.0   1   1   1.2e-63   6.9e-62  203.6   1.0     1   166     8   188     8   189 0.99 -
d1qv0a_a.39.1.5      -            189 d1nyaa_a.39.1.5.aln  -            171   2.3e-56  185.6   0.0   1   1   4.6e-58   2.6e-56  185.4   0.0     3   171     2   189     1   189 0.99 -
d2sasa_a.39.1.5      -            185 d1nyaa_a.39.1.5.aln  -            171   3.7e-55  181.7   1.3   1   1   7.3e-57   4.1e-55  181.5   1.3     8   171     2   185     1   185 0.99 -
d2zfda1a.39.1.5      -            183 d1nyaa_a.39.1.5.aln  -            171   3.4e-51  168.8   5.2   1   1   6.6e-53   3.7e-51  168.7   5.2     2   170     4   180     3   181 0.98 -
d1exra_a.39.1.5      -            146 d1nyaa_a.39.1.5.aln  -            171   1.8e-49  163.2   6.1   1   1   3.4e-51   1.9e-49  163.1   6.1     9   152     3   145     1   146 0.98 -
d2scpa_a.39.1.5      -            174 d1nyaa_a.39.1.5.aln  -            171   2.5e-48  159.4   2.1   1   1   4.9e-50   2.8e-48  159.3   2.1    11   169     2   172     1   174 0.98 -
d1xo5a_a.39.1.5      -            180 d1nyaa_a.39.1.5.aln  -            171   8.9e-47  154.4   0.0   1   1   1.7e-48   9.8e-47  154.3   0.0     2   164     2   179     1   180 0.98 -
d1jfka_a.39.1.5      -            134 d1nyaa_a.39.1.5.aln  -            171   5.1e-38  125.9   5.8   1   1   9.9e-40   5.6e-38  125.8   5.8    17   151     2   133     1   134 0.97 -
d1s6ja_a.39.1.5      -             87 d1nyaa_a.39.1.5.aln  -            171   5.6e-25   83.5   2.1   1   1   1.1e-26   5.9e-25   83.4   2.1    72   152     3    86     1    87 0.97 -
d1j7qa_a.39.1.5      -             86 d1nyaa_a.39.1.5.aln  -            171   4.4e-21   70.8   0.0   1   1   8.2e-23   4.6e-21   70.7   0.0    77   161     3    86     1    86 0.95 -
d1nyaa_a.39.1.5      -            176 d1nyaa_a.39.1.5.aln  -            171   3.1e-15   51.8   1.3   1   1   1.8e-16     1e-14   50.1   1.3    16   153     8   164     1   169 0.90 -
d1ctaa_a.39.1.5      -             34 d1nyaa_a.39.1.5.aln  -            171   8.6e-11   37.3   0.1   1   1   1.6e-12   8.8e-11   37.3   0.1    86   119     1    34     1    34 0.94 -
d2gf6a1d.38.1.1      -            134 d1nyaa_a.39.1.5.aln  -            171    0.0024   13.0   0.1   1   2   0.00041     0.023    9.8   0.0    96   127    13    44     2    47 0.91 -
d2gf6a1d.38.1.1      -            134 d1nyaa_a.39.1.5.aln  -            171    0.0024   13.0   0.1   2   2      0.17       9.8    1.3   0.0    17    35    87   105    73   128 0.69 -
#
# Program:         hmmsearch
# Version:         3.1b2 (February 2015)
# Pipeline mode:   SEARCH
# Query file:      hmmModels30/d1nyaa_a.39.1.5.hmm
# Target file:     scop/scopTestSeq.fasta
# Option settings: hmmsearch --domtblout hmmModels30/d1nyaa_a.39.1.5.out -E 1 hmmModels30/d1nyaa_a.39.1.5.hmm scop/scopTestSeq.fasta 
# Current dir:     /home/anastasia/SBAS/TME8
# Date:            Sat Apr  8 15:33:47 2023
# [ok]
