#                                                                            --- full sequence --- -------------- this domain -------------   hmm coord   ali coord   env coord
# target name        accession   tlen query name           accession   qlen   E-value  score  bias   #  of  c-Evalue  i-Evalue  score  bias  from    to  from    to  from    to  acc description of target
#------------------- ---------- ----- -------------------- ---------- ----- --------- ------ ----- --- --- --------- --------- ------ ----- ----- ----- ----- ----- ----- ----- ---- ---------------------
d3bpza_b.82.3.2      -            194 d1o5la1b.82.3.2.aln  -            141   3.5e-68  223.1   0.1   1   1   7.6e-70     5e-68  222.6   0.1     1   141    59   194    59   194 0.99 -
d1o7fa2b.82.3.2      -            155 d1o5la1b.82.3.2.aln  -            141   2.4e-44  145.9   0.0   1   1     4e-46   2.6e-44  145.8   0.0     2   139    16   154    15   155 0.97 -
d1cx4a2b.82.3.2      -            147 d1o5la1b.82.3.2.aln  -            141   1.5e-42  140.1   0.1   1   1   2.5e-44   1.6e-42  140.0   0.1    10   139     2   137     1   139 0.98 -
d1cx4a1b.82.3.2      -            136 d1o5la1b.82.3.2.aln  -            141   4.1e-41  135.4   0.0   1   1   6.9e-43   4.5e-41  135.3   0.0     2   130     8   135     7   136 0.98 -
d1vp6a_b.82.3.2      -            133 d1o5la1b.82.3.2.aln  -            141   6.1e-40  131.6   0.0   1   1     1e-41   6.7e-40  131.5   0.0     2   138     3   132     2   133 0.98 -
d1zyba2b.82.3.2      -            147 d1o5la1b.82.3.2.aln  -            141   1.2e-39  130.7   0.0   1   1     2e-41   1.3e-39  130.6   0.0     5   140     1   146     1   147 0.98 -
d2gaua2b.82.3.2      -            142 d1o5la1b.82.3.2.aln  -            141   6.4e-38  125.0   0.0   1   1   1.1e-39   7.2e-38  124.9   0.0    12   140     2   131     1   132 0.97 -
d1o7fa3b.82.3.2      -            124 d1o5la1b.82.3.2.aln  -            141   5.2e-37  122.1   0.0   1   1   8.6e-39   5.7e-37  122.0   0.0     2   124     2   122     1   124 0.97 -
d1wgpa_b.82.3.2      -            137 d1o5la1b.82.3.2.aln  -            141   3.1e-34  113.1   0.0   1   1     5e-36   3.3e-34  113.0   0.0     8   136     4   135     1   137 0.96 -
d3e5ua2b.82.3.2      -            139 d1o5la1b.82.3.2.aln  -            141   2.9e-32  106.7   0.0   1   1   4.8e-34   3.2e-32  106.6   0.0    10   140     1   139     1   139 0.98 -
d2zcwa2b.82.3.2      -            112 d1o5la1b.82.3.2.aln  -            141   6.8e-19   63.4   0.0   1   1   1.2e-20   7.9e-19   63.2   0.0    37   140     4   111     2   112 0.95 -
d1o5la1b.82.3.2      -            129 d1o5la1b.82.3.2.aln  -            141   1.4e-06   23.5   0.0   1   1   2.5e-08   1.6e-06   23.3   0.0    26   131     3   109     1   117 0.90 -
#
# Program:         hmmsearch
# Version:         3.1b2 (February 2015)
# Pipeline mode:   SEARCH
# Query file:      hmmModels30/d1o5la1b.82.3.2.hmm
# Target file:     scop/scopTestSeq.fasta
# Option settings: hmmsearch --domtblout hmmModels30/d1o5la1b.82.3.2.out -E 1 hmmModels30/d1o5la1b.82.3.2.hmm scop/scopTestSeq.fasta 
# Current dir:     /home/anastasia/SBAS/TME8
# Date:            Sat Apr  8 15:33:47 2023
# [ok]
