#                                                                            --- full sequence --- -------------- this domain -------------   hmm coord   ali coord   env coord
# target name        accession   tlen query name           accession   qlen   E-value  score  bias   #  of  c-Evalue  i-Evalue  score  bias  from    to  from    to  from    to  acc description of target
#------------------- ---------- ----- -------------------- ---------- ----- --------- ------ ----- --- --- --------- --------- ------ ----- ----- ----- ----- ----- ----- ----- ---- ---------------------
d2yzqa1d.37.1.1      -            156 d1o50a3d.37.1.1.aln  -            137   2.9e-47  155.7   0.1   1   1   7.5e-49   3.3e-47  155.5   0.1     2   131     3   156     2   156 0.99 -
d1pvma4d.37.1.1      -            142 d1o50a3d.37.1.1.aln  -            137   2.6e-43  142.9   0.7   1   1   6.7e-45   2.9e-43  142.7   0.7     1   137     1   132     1   132 0.99 -
d2j9la1d.37.1.1      -            169 d1o50a3d.37.1.1.aln  -            137   1.6e-40  133.8   0.4   1   1   4.2e-42   1.8e-40  133.7   0.4     2   137     5   162     4   162 0.98 -
d2v8qe2d.37.1.1      -            159 d1o50a3d.37.1.1.aln  -            137   1.6e-38  127.3   0.0   1   1   4.2e-40   1.8e-38  127.2   0.0     1   137    11   159    11   159 0.99 -
d2d4za3d.37.1.1      -            161 d1o50a3d.37.1.1.aln  -            137   1.3e-37  124.4   0.0   1   1   3.6e-39   1.6e-37  124.1   0.0     1   136     9   148     9   149 0.99 -
d2yzia1d.37.1.1      -            132 d1o50a3d.37.1.1.aln  -            137   3.7e-37  122.9   0.6   1   1   9.6e-39   4.2e-37  122.8   0.6     1   136     3   131     3   132 0.94 -
d3ddja1d.37.1.1      -            141 d1o50a3d.37.1.1.aln  -            137   7.1e-36  118.8   6.4   1   1   1.8e-37   7.8e-36  118.7   6.4     3   136     2   135     1   136 0.98 -
d2yzqa2d.37.1.1      -            122 d1o50a3d.37.1.1.aln  -            137   1.2e-34  114.8   1.7   1   1   3.1e-36   1.3e-34  114.7   1.7     3   135     1   121     1   122 0.97 -
d2nyca1d.37.1.1      -            140 d1o50a3d.37.1.1.aln  -            137   2.3e-34  113.9   0.5   1   1   5.7e-36   2.5e-34  113.8   0.5     2   131     5   138     4   140 0.98 -
d1y5ha3d.37.1.1      -            123 d1o50a3d.37.1.1.aln  -            137   2.6e-34  113.7   0.0   1   1   6.4e-36   2.8e-34  113.6   0.0     4   130     2   122     1   123 0.98 -
d3ddja2d.37.1.1      -            135 d1o50a3d.37.1.1.aln  -            137   3.4e-33  110.1   0.1   1   1   8.5e-35   3.7e-33  110.0   0.1     3   133     1   133     1   135 0.97 -
d2rc3a1d.37.1.1      -            127 d1o50a3d.37.1.1.aln  -            137   3.6e-33  110.0   1.9   1   1   8.9e-35   3.9e-33  109.9   1.9     3   130     2   125     1   127 0.97 -
d1vr9a3d.37.1.1      -            121 d1o50a3d.37.1.1.aln  -            137   9.3e-32  105.5   0.0   1   1   2.4e-33     1e-31  105.3   0.0     3   134     1   120     1   121 0.97 -
d2ouxa2d.37.1.1      -            127 d1o50a3d.37.1.1.aln  -            137   1.1e-31  105.2   6.2   1   1   2.8e-33   1.2e-31  105.1   6.2     5   135     3   126     1   127 0.97 -
d1pbja3d.37.1.1      -            120 d1o50a3d.37.1.1.aln  -            137   1.9e-31  104.5   6.2   1   1   4.7e-33   2.1e-31  104.3   6.2     4   131     1   120     1   120 0.95 -
d1zfja4d.37.1.1      -            126 d1o50a3d.37.1.1.aln  -            137   5.6e-31  102.9   0.1   1   1   1.4e-32   6.3e-31  102.8   0.1     9   135     3   121     1   123 0.94 -
d2riha_d.37.1.1      -            131 d1o50a3d.37.1.1.aln  -            137   6.2e-30   99.5   0.2   1   1   1.6e-31     7e-30   99.4   0.2     3   135     1   127     1   129 0.96 -
d1o50a3d.37.1.1      -            145 d1o50a3d.37.1.1.aln  -            137   2.9e-16   55.3   1.0   1   1   1.8e-15   7.7e-14   47.4   1.0     4   129     5   138     2   144 0.85 -
#
# Program:         hmmsearch
# Version:         3.1b2 (February 2015)
# Pipeline mode:   SEARCH
# Query file:      hmmModels30/d1o50a3d.37.1.1.hmm
# Target file:     scop/scopTestSeq.fasta
# Option settings: hmmsearch --domtblout hmmModels30/d1o50a3d.37.1.1.out -E 1 hmmModels30/d1o50a3d.37.1.1.hmm scop/scopTestSeq.fasta 
# Current dir:     /home/anastasia/SBAS/TME8
# Date:            Sat Apr  8 15:33:47 2023
# [ok]
