#                                                                            --- full sequence --- -------------- this domain -------------   hmm coord   ali coord   env coord
# target name        accession   tlen query name           accession   qlen   E-value  score  bias   #  of  c-Evalue  i-Evalue  score  bias  from    to  from    to  from    to  acc description of target
#------------------- ---------- ----- -------------------- ---------- ----- --------- ------ ----- --- --- --------- --------- ------ ----- ----- ----- ----- ----- ----- ----- ---- ---------------------
d1kola2c.2.1.1       -            195 d1o89a2c.2.1.1.aln   -            180   3.5e-64  211.2   0.4   1   1   6.9e-66   3.9e-64  211.1   0.4     5   180     2   191     1   191 0.99 -
d1pqwa_c.2.1.1       -            183 d1o89a2c.2.1.1.aln   -            180   2.4e-60  198.7   0.3   1   1   4.7e-62   2.7e-60  198.6   0.3     4   179     1   174     1   175 0.99 -
d1gu7a2c.2.1.1       -            189 d1o89a2c.2.1.1.aln   -            180   2.6e-59  195.4   0.0   1   1     5e-61   2.8e-59  195.2   0.0     2   179     2   188     1   189 0.98 -
d1vj0a2c.2.1.1       -            182 d1o89a2c.2.1.1.aln   -            180   6.4e-59  194.1   0.0   1   1   1.2e-60     7e-59  193.9   0.0     2   179     2   181     1   182 0.98 -
d1qora2c.2.1.1       -            179 d1o89a2c.2.1.1.aln   -            180   3.3e-56  185.2   0.2   1   1   6.4e-58   3.6e-56  185.1   0.2     2   179     2   176     1   177 0.98 -
d2dm6a2c.2.1.1       -            182 d1o89a2c.2.1.1.aln   -            180   2.7e-55  182.3   0.1   1   1   5.2e-57     3e-55  182.1   0.1     5   180     6   178     2   178 0.98 -
d1jqba2c.2.1.1       -            174 d1o89a2c.2.1.1.aln   -            180   5.6e-54  178.0   2.7   1   1   1.1e-55   6.1e-54  177.8   2.7     4   175     3   173     1   174 0.98 -
d1yb5a2c.2.1.1       -            174 d1o89a2c.2.1.1.aln   -            180   6.3e-53  174.5   2.5   1   1   1.2e-54     7e-53  174.4   2.5     2   179     2   171     1   172 0.97 -
d2jhfa2c.2.1.1       -            176 d1o89a2c.2.1.1.aln   -            180   5.4e-51  168.2   0.8   1   1   1.1e-52     6e-51  168.1   0.8     2   174     2   175     1   176 0.98 -
d1h2ba2c.2.1.1       -            172 d1o89a2c.2.1.1.aln   -            180   6.8e-51  167.9   1.1   1   1   1.3e-52   7.5e-51  167.8   1.1     2   169     5   171     4   172 0.98 -
d1pl8a2c.2.1.1       -            171 d1o89a2c.2.1.1.aln   -            180   8.3e-50  164.4   3.2   1   1   1.6e-51     9e-50  164.3   3.2     6   170     4   169     1   171 0.97 -
d1piwa2c.2.1.1       -            168 d1o89a2c.2.1.1.aln   -            180   2.7e-44  146.4   0.0   1   1   5.3e-46     3e-44  146.3   0.0     2   172     2   167     1   168 0.95 -
d1o89a2c.2.1.1       -            177 d1o89a2c.2.1.1.aln   -            180   9.5e-11   37.1   5.6   1   1   3.8e-12   2.1e-10   36.0   5.6     5   134     5   131     1   150 0.83 -
d1c1da1c.2.1.7       -            201 d1o89a2c.2.1.1.aln   -            180   5.6e-05   18.3   2.9   1   2     1e-06   5.6e-05   18.3   2.9    28    81    26    77    17    83 0.92 -
d1c1da1c.2.1.7       -            201 d1o89a2c.2.1.1.aln   -            180   5.6e-05   18.3   2.9   2   2       1.5        82   -1.8   0.0    42    62    94   114    80   124 0.72 -
#
# Program:         hmmsearch
# Version:         3.1b2 (February 2015)
# Pipeline mode:   SEARCH
# Query file:      hmmModels30/d1o89a2c.2.1.1.hmm
# Target file:     scop/scopTestSeq.fasta
# Option settings: hmmsearch --domtblout hmmModels30/d1o89a2c.2.1.1.out -E 1 hmmModels30/d1o89a2c.2.1.1.hmm scop/scopTestSeq.fasta 
# Current dir:     /home/anastasia/SBAS/TME8
# Date:            Sat Apr  8 15:33:47 2023
# [ok]
