#                                                                            --- full sequence --- -------------- this domain -------------   hmm coord   ali coord   env coord
# target name        accession   tlen query name           accession   qlen   E-value  score  bias   #  of  c-Evalue  i-Evalue  score  bias  from    to  from    to  from    to  acc description of target
#------------------- ---------- ----- -------------------- ---------- ----- --------- ------ ----- --- --- --------- --------- ------ ----- ----- ----- ----- ----- ----- ----- ---- ---------------------
d1ur4a_c.1.8.3       -            387 d1odza_c.1.8.3.aln   -            350  6.1e-118  389.8  11.9   1   1    2e-119  7.3e-118  389.5  11.9     1   350     2   372     2   372 1.00 -
d1uuqa_c.1.8.3       -            410 d1odza_c.1.8.3.aln   -            350  2.4e-111  368.1  17.4   1   1  7.4e-113  2.6e-111  367.9  17.4     1   349     2   394     2   395 1.00 -
d3n9ka_c.1.8.3       -            394 d1odza_c.1.8.3.aln   -            350  3.5e-110  364.2  20.8   1   1  1.1e-111    4e-110  364.0  20.8     1   350    20   394    20   394 1.00 -
d1edga_c.1.8.3       -            380 d1odza_c.1.8.3.aln   -            350   2.4e-97  322.0  17.3   1   1   7.3e-99   2.6e-97  321.9  17.3     3   349     6   378     4   379 0.99 -
d1rh9a1c.1.8.3       -            370 d1odza_c.1.8.3.aln   -            350   1.2e-75  250.6  11.3   1   1   3.8e-77   1.4e-75  250.5  11.3     1   346     2   359     2   363 0.97 -
d1qw9a2c.1.8.3       -            367 d1odza_c.1.8.3.aln   -            350   1.1e-71  237.7   0.7   1   1   3.3e-73   1.2e-71  237.5   0.7     4   350     1   351     1   351 0.99 -
d1ecea_c.1.8.3       -            358 d1odza_c.1.8.3.aln   -            350   4.7e-71  235.5  16.4   1   1   1.5e-72   5.2e-71  235.4  16.4     2   348     6   357     5   358 0.99 -
d1hjua_c.1.8.3       -            332 d1odza_c.1.8.3.aln   -            350     9e-71  234.6  17.5   1   1   2.8e-72     1e-70  234.5  17.5    13   349     3   322     1   323 0.99 -
d1qnra_c.1.8.3       -            344 d1odza_c.1.8.3.aln   -            350     3e-65  216.5  23.8   1   1   9.2e-67   3.3e-65  216.3  23.8     1   345     3   342     3   344 0.98 -
d1ceoa_c.1.8.3       -            340 d1odza_c.1.8.3.aln   -            350   7.7e-62  205.2   0.9   1   1   2.4e-63   8.5e-62  205.1   0.9     8   347     3   339     1   340 0.99 -
d1vjza_c.1.8.3       -            325 d1odza_c.1.8.3.aln   -            350   2.7e-59  196.9   0.1   1   1   8.3e-61     3e-59  196.7   0.1    15   347     3   323     1   325 0.97 -
d1w91a2c.1.8.3       -            347 d1odza_c.1.8.3.aln   -            350     5e-59  196.0   0.0   1   1   1.6e-60   5.6e-59  195.8   0.0     1   349     6   332     6   333 0.98 -
d2je8a5c.1.8.3       -            348 d1odza_c.1.8.3.aln   -            350   5.3e-58  192.6   4.8   1   1   1.6e-59   5.9e-58  192.5   4.8     6   344     2   347     1   348 0.99 -
d1h1na_c.1.8.3       -            305 d1odza_c.1.8.3.aln   -            350   7.6e-57  188.8  14.1   1   1   2.4e-58   8.5e-57  188.7  14.1     8   345     2   304     1   305 0.99 -
d2vzsa5c.1.8.3       -            339 d1odza_c.1.8.3.aln   -            350   4.7e-54  179.6   1.6   1   1   1.5e-55   5.2e-54  179.5   1.6     5   343     2   338     1   339 0.99 -
d2nt0a2c.1.8.3       -            354 d1odza_c.1.8.3.aln   -            350     3e-52  173.7   0.0   1   1   9.3e-54   3.3e-52  173.5   0.0    10   349     2   346     1   347 0.99 -
d1bqca_c.1.8.3       -            302 d1odza_c.1.8.3.aln   -            350   3.8e-50  166.8   8.2   1   1   1.2e-51   4.2e-50  166.6   8.2     8   342     3   300     1   302 0.98 -
d1jz8a5c.1.8.3       -            292 d1odza_c.1.8.3.aln   -            350   7.2e-48  159.3   0.3   1   1   2.2e-49     8e-48  159.1   0.3     2   326     1   289     1   292 0.98 -
d7a3ha_c.1.8.3       -            300 d1odza_c.1.8.3.aln   -            350   1.4e-41  138.6  11.6   1   1   4.4e-43   1.6e-41  138.4  11.6     2   330     2   299     1   300 0.99 -
d1i1wa_c.1.8.3       -            303 d1odza_c.1.8.3.aln   -            350   5.8e-39  130.0   6.5   1   1   1.8e-40   6.3e-39  129.9   6.5    11   326     4   299     1   303 0.96 -
d2v3ga_c.1.8.3       -            273 d1odza_c.1.8.3.aln   -            350   2.5e-35  118.0  22.0   1   2   7.3e-11   2.6e-09   32.5   0.5     8    91     1    79     1    81 0.94 -
d2v3ga_c.1.8.3       -            273 d1odza_c.1.8.3.aln   -            350   2.5e-35  118.0  22.0   2   2   3.2e-29   1.2e-27   92.8  16.1   120   326    74   271    72   273 0.98 -
d1nofa2c.1.8.3       -            277 d1odza_c.1.8.3.aln   -            350   9.6e-30   99.7   4.8   1   1   3.2e-31   1.2e-29   99.4   4.8    11   341     2   274     1   277 0.96 -
#
# Program:         hmmsearch
# Version:         3.1b2 (February 2015)
# Pipeline mode:   SEARCH
# Query file:      hmmModels30/d1odza_c.1.8.3.hmm
# Target file:     scop/scopTestSeq.fasta
# Option settings: hmmsearch --domtblout hmmModels30/d1odza_c.1.8.3.out -E 1 hmmModels30/d1odza_c.1.8.3.hmm scop/scopTestSeq.fasta 
# Current dir:     /home/anastasia/SBAS/TME8
# Date:            Sat Apr  8 15:33:47 2023
# [ok]
