#                                                                            --- full sequence --- -------------- this domain -------------   hmm coord   ali coord   env coord
# target name        accession   tlen query name           accession   qlen   E-value  score  bias   #  of  c-Evalue  i-Evalue  score  bias  from    to  from    to  from    to  acc description of target
#------------------- ---------- ----- -------------------- ---------- ----- --------- ------ ----- --- --- --------- --------- ------ ----- ----- ----- ----- ----- ----- ----- ---- ---------------------
d1zoda_c.67.1.4      -            431 d1ohwa_c.67.1.4.aln  -            391  1.7e-152  503.1   0.0   1   1  2.7e-154  1.9e-152  502.9   0.0     1   390     4   426     4   427 1.00 -
d3piua_c.67.1.4      -            416 d1ohwa_c.67.1.4.aln  -            391  4.2e-147  485.3   0.0   1   1  6.6e-149  4.7e-147  485.2   0.0     1   391    18   415    18   415 1.00 -
d2bwna1c.67.1.4      -            396 d1ohwa_c.67.1.4.aln  -            391  2.4e-133  440.0   0.0   1   1  3.8e-135  2.7e-133  439.9   0.0     2   391     9   396     8   396 0.99 -
d1bs0a_c.67.1.4      -            383 d1ohwa_c.67.1.4.aln  -            391    3e-128  423.3   0.0   1   1  4.7e-130  3.4e-128  423.1   0.0     1   390     1   382     1   383 1.00 -
d1vefa1c.67.1.4      -            387 d1ohwa_c.67.1.4.aln  -            391  2.5e-122  403.8   0.0   1   1  3.9e-124  2.8e-122  403.6   0.0     2   389     1   384     1   386 0.99 -
d2dkja_c.67.1.4      -            402 d1ohwa_c.67.1.4.aln  -            391  1.1e-117  388.5   0.0   1   1  1.7e-119  1.2e-117  388.4   0.0     2   389    10   401     9   402 0.99 -
d1o69a_c.67.1.4      -            374 d1ohwa_c.67.1.4.aln  -            391    4e-117  386.6   0.1   1   1  6.3e-119  4.5e-117  386.5   0.1    16   390     1   371     1   372 0.99 -
d2fnua_c.67.1.4      -            373 d1ohwa_c.67.1.4.aln  -            391  1.6e-113  374.8   0.5   1   1  2.5e-115  1.8e-113  374.6   0.5     5   388     1   373     1   373 1.00 -
d1w23a_c.67.1.4      -            360 d1ohwa_c.67.1.4.aln  -            391  4.2e-105  347.1   0.1   1   1  6.5e-107  4.7e-105  346.9   0.1     8   390     2   359     1   360 0.99 -
d2epja_c.67.1.0      -            426 d1ohwa_c.67.1.4.aln  -            391   6.1e-08   27.2   0.1   1   2       1.2        88   -3.0   0.0    27    69    37    79    33    82 0.84 -
d2epja_c.67.1.0      -            426 d1ohwa_c.67.1.4.aln  -            391   6.1e-08   27.2   0.1   2   2   2.1e-09   1.5e-07   25.9   0.1   104   291   110   316   102   330 0.84 -
d1ohwa_c.67.1.4      -            461 d1ohwa_c.67.1.4.aln  -            391    0.0023   12.2   0.0   1   1   4.9e-05    0.0035   11.5   0.0   170   241   251   321   222   327 0.91 -
#
# Program:         hmmsearch
# Version:         3.1b2 (February 2015)
# Pipeline mode:   SEARCH
# Query file:      hmmModels30/d1ohwa_c.67.1.4.hmm
# Target file:     scop/scopTestSeq.fasta
# Option settings: hmmsearch --domtblout hmmModels30/d1ohwa_c.67.1.4.out -E 1 hmmModels30/d1ohwa_c.67.1.4.hmm scop/scopTestSeq.fasta 
# Current dir:     /home/anastasia/SBAS/TME8
# Date:            Sat Apr  8 15:33:47 2023
# [ok]
