#                                                                            --- full sequence --- -------------- this domain -------------   hmm coord   ali coord   env coord
# target name        accession   tlen query name           accession   qlen   E-value  score  bias   #  of  c-Evalue  i-Evalue  score  bias  from    to  from    to  from    to  acc description of target
#------------------- ---------- ----- -------------------- ---------- ----- --------- ------ ----- --- --- --------- --------- ------ ----- ----- ----- ----- ----- ----- ----- ---- ---------------------
d1z9ha1a.45.1.1      -            161 d1okta1a.45.1.1.aln  -            141   3.4e-48  158.8   0.0   1   1   5.9e-50   3.9e-48  158.7   0.0     1   141     9   161     9   161 0.99 -
d1k3ya1a.45.1.1      -            142 d1okta1a.45.1.1.aln  -            141   6.4e-40  132.0   0.0   1   1   1.1e-41   7.1e-40  131.9   0.0     1   140     1   136     1   137 0.98 -
d1nhya1a.45.1.1      -            144 d1okta1a.45.1.1.aln  -            141   1.5e-39  130.9   0.0   1   1   2.5e-41   1.6e-39  130.7   0.0     1   135     8   143     8   144 0.99 -
d1eema1a.45.1.1      -            139 d1okta1a.45.1.1.aln  -            141   1.6e-39  130.8   0.3   1   1   2.7e-41   1.7e-39  130.6   0.3     2   140     1   132     1   133 0.98 -
d2c4ja1a.45.1.1      -            133 d1okta1a.45.1.1.aln  -            141   3.6e-39  129.6   0.0   1   1     6e-41     4e-39  129.5   0.0     1   140     1   131     1   132 0.99 -
d1tu7a1a.45.1.1      -            131 d1okta1a.45.1.1.aln  -            141   4.8e-39  129.2   0.0   1   1     8e-41   5.3e-39  129.1   0.0     3   137     1   130     1   131 0.97 -
d2cvda1a.45.1.1      -            124 d1okta1a.45.1.1.aln  -            141   9.7e-39  128.2   0.1   1   1   1.6e-40   1.1e-38  128.1   0.1     1   129     2   123     2   124 0.99 -
d1tw9a1a.45.1.1      -            129 d1okta1a.45.1.1.aln  -            141   1.3e-38  127.8   0.0   1   1   2.1e-40   1.4e-38  127.7   0.0     2   130     1   129     1   129 0.99 -
d2fnoa1a.45.1.1      -            149 d1okta1a.45.1.1.aln  -            141   2.2e-37  123.8   0.0   1   1   3.8e-39   2.5e-37  123.7   0.0     2   140     1   143     1   144 0.98 -
d1k0ma1a.45.1.1      -            149 d1okta1a.45.1.1.aln  -            141   2.4e-37  123.7   0.0   1   1   4.1e-39   2.7e-37  123.5   0.0     1   141     5   148     5   148 0.99 -
d1gnwa1a.45.1.1      -            126 d1okta1a.45.1.1.aln  -            141   1.2e-28   95.5   0.2   1   1     2e-30   1.3e-28   95.4   0.2     1   135     1   126     1   126 0.98 -
d1okta1a.45.1.1      -            126 d1okta1a.45.1.1.aln  -            141     5e-15   51.4   0.1   1   1   9.3e-17   6.1e-15   51.1   0.1     2   127     1   123     1   124 0.88 -
#
# Program:         hmmsearch
# Version:         3.1b2 (February 2015)
# Pipeline mode:   SEARCH
# Query file:      hmmModels30/d1okta1a.45.1.1.hmm
# Target file:     scop/scopTestSeq.fasta
# Option settings: hmmsearch --domtblout hmmModels30/d1okta1a.45.1.1.out -E 1 hmmModels30/d1okta1a.45.1.1.hmm scop/scopTestSeq.fasta 
# Current dir:     /home/anastasia/SBAS/TME8
# Date:            Sat Apr  8 15:33:47 2023
# [ok]
