#                                                                            --- full sequence --- -------------- this domain -------------   hmm coord   ali coord   env coord
# target name        accession   tlen query name           accession   qlen   E-value  score  bias   #  of  c-Evalue  i-Evalue  score  bias  from    to  from    to  from    to  acc description of target
#------------------- ---------- ----- -------------------- ---------- ----- --------- ------ ----- --- --- --------- --------- ------ ----- ----- ----- ----- ----- ----- ----- ---- ---------------------
d1jbaa_a.39.1.5      -            189 d1omra_a.39.1.5.aln  -            168   8.5e-63  206.5   2.0   1   1   1.6e-64   9.5e-63  206.4   2.0     1   168     5   187     5   187 0.99 -
d1qv0a_a.39.1.5      -            189 d1omra_a.39.1.5.aln  -            168   7.5e-59  193.7   0.1   1   1   1.4e-60   8.4e-59  193.5   0.1     2   167     8   182     7   183 0.99 -
d2sasa_a.39.1.5      -            185 d1omra_a.39.1.5.aln  -            168   1.6e-51  169.9   0.9   1   1   2.9e-53   1.8e-51  169.7   0.9     1   165     7   184     7   185 0.99 -
d2zfda1a.39.1.5      -            183 d1omra_a.39.1.5.aln  -            168     2e-51  169.5   3.6   1   1   3.7e-53   2.2e-51  169.4   3.6     2   168     2   175     1   175 0.99 -
d1exra_a.39.1.5      -            146 d1omra_a.39.1.5.aln  -            168     1e-48  160.7   7.7   1   1     3e-50   1.8e-48  159.9   7.7    11   155     2   145     1   146 0.98 -
d1xo5a_a.39.1.5      -            180 d1omra_a.39.1.5.aln  -            168   6.9e-48  158.0   0.0   1   1   1.3e-49   7.7e-48  157.9   0.0     1   167     5   179     5   180 0.98 -
d2scpa_a.39.1.5      -            174 d1omra_a.39.1.5.aln  -            168   6.6e-47  154.8   4.4   1   1   1.2e-48   7.3e-47  154.7   4.4     2   167     1   167     1   168 0.98 -
d1nyaa_a.39.1.5      -            176 d1omra_a.39.1.5.aln  -            168   1.1e-46  154.1   1.0   1   1   2.1e-48   1.3e-46  153.9   1.0     2   166     6   174     5   176 0.98 -
d1jfka_a.39.1.5      -            134 d1omra_a.39.1.5.aln  -            168     1e-39  131.4   6.0   1   1   1.9e-41   1.1e-39  131.3   6.0    20   154     2   133     1   134 0.98 -
d1s6ja_a.39.1.5      -             87 d1omra_a.39.1.5.aln  -            168   4.3e-26   87.1   2.5   1   1   7.5e-28   4.6e-26   87.0   2.5    73   156     2    87     1    87 0.97 -
d1j7qa_a.39.1.5      -             86 d1omra_a.39.1.5.aln  -            168   4.5e-21   70.8   0.1   1   1   7.9e-23   4.8e-21   70.7   0.1    78   163     2    86     1    86 0.95 -
d1omra_a.39.1.5      -            201 d1omra_a.39.1.5.aln  -            168   7.7e-21   70.0   1.6   1   2   2.1e-21   1.3e-19   66.1   0.1    17   125    25   132    10   140 0.89 -
d1omra_a.39.1.5      -            201 d1omra_a.39.1.5.aln  -            168   7.7e-21   70.0   1.6   2   2     0.038       2.3    3.4   0.2    46    79   141   174   134   178 0.85 -
d1ctaa_a.39.1.5      -             34 d1omra_a.39.1.5.aln  -            168   3.5e-11   38.6   0.1   1   1     6e-13   3.6e-11   38.5   0.1    89   122     2    34     1    34 0.93 -
#
# Program:         hmmsearch
# Version:         3.1b2 (February 2015)
# Pipeline mode:   SEARCH
# Query file:      hmmModels30/d1omra_a.39.1.5.hmm
# Target file:     scop/scopTestSeq.fasta
# Option settings: hmmsearch --domtblout hmmModels30/d1omra_a.39.1.5.out -E 1 hmmModels30/d1omra_a.39.1.5.hmm scop/scopTestSeq.fasta 
# Current dir:     /home/anastasia/SBAS/TME8
# Date:            Sat Apr  8 15:33:47 2023
# [ok]
