#                                                                            --- full sequence --- -------------- this domain -------------   hmm coord   ali coord   env coord
# target name        accession   tlen query name           accession   qlen   E-value  score  bias   #  of  c-Evalue  i-Evalue  score  bias  from    to  from    to  from    to  acc description of target
#------------------- ---------- ----- -------------------- ---------- ----- --------- ------ ----- --- --- --------- --------- ------ ----- ----- ----- ----- ----- ----- ----- ---- ---------------------
d2p0wa_d.108.1.1     -            319 d1p0ha_d.108.1.1.aln -            177   1.7e-79  261.3   0.8   1   1   1.3e-80   2.3e-79  260.9   0.8     1   177   118   314   118   314 0.99 -
d1boba_d.108.1.1     -            315 d1p0ha_d.108.1.1.aln -            177   5.3e-74  243.4   0.8   1   1   4.4e-75   7.9e-74  242.9   0.8     1   177   110   300   110   300 1.00 -
d2pq8a_d.108.1.1     -            271 d1p0ha_d.108.1.1.aln -            177   1.6e-67  222.3   0.2   1   1   1.1e-68     2e-67  222.0   0.2     1   177    36   233    36   233 1.00 -
d1n71a_d.108.1.1     -            180 d1p0ha_d.108.1.1.aln -            177   2.9e-33  110.7   0.0   1   1   1.8e-34   3.2e-33  110.6   0.0    10   176     1   178     1   179 0.98 -
d1tiqa_d.108.1.1     -            173 d1p0ha_d.108.1.1.aln -            177   3.9e-29   97.3   1.4   1   1   2.3e-30   4.2e-29   97.2   1.4     6   176     3   172     1   173 0.97 -
d1z4ea1d.108.1.1     -            150 d1p0ha_d.108.1.1.aln -            177   3.5e-26   87.7   0.1   1   1   2.3e-27   4.1e-26   87.4   0.1     6   154     3   143     1   147 0.97 -
d2gana1d.108.1.1     -            182 d1p0ha_d.108.1.1.aln -            177   1.2e-25   85.9   0.4   1   1   7.9e-27   1.4e-25   85.7   0.4    12   167    18   179     9   182 0.93 -
d1yk3a1d.108.1.1     -            198 d1p0ha_d.108.1.1.aln -            177   1.2e-24   82.7   0.0   1   1   7.8e-26   1.4e-24   82.5   0.0     8   171    28   197    22   198 0.97 -
d1u6ma_d.108.1.1     -            189 d1p0ha_d.108.1.1.aln -            177     3e-23   78.1   0.0   1   1     2e-24   3.6e-23   77.9   0.0     6   169    24   187    20   189 0.96 -
d1i12a_d.108.1.1     -            157 d1p0ha_d.108.1.1.aln -            177   3.8e-21   71.2   0.0   1   1   2.4e-22   4.3e-21   71.1   0.0     6   159     6   155     3   157 0.96 -
d1y9wa1d.108.1.1     -            140 d1p0ha_d.108.1.1.aln -            177   4.1e-21   71.2   1.1   1   1   2.6e-22   4.6e-21   71.0   1.1    41   172    18   140     4   140 0.93 -
d1ufha_d.108.1.1     -            155 d1p0ha_d.108.1.1.aln -            177   1.4e-20   69.5   0.5   1   1   9.1e-22   1.6e-20   69.2   0.5     5   158     2   152     1   154 0.97 -
d1wwza1d.108.1.1     -            157 d1p0ha_d.108.1.1.aln -            177   1.8e-20   69.1   0.4   1   1   1.1e-21     2e-20   68.9   0.4     9   159     3   150     1   156 0.93 -
d2cy2a1d.108.1.1     -            174 d1p0ha_d.108.1.1.aln -            177   4.1e-20   67.9   0.0   1   1   2.6e-21   4.7e-20   67.7   0.0     7   170     3   165     1   170 0.97 -
d2b5ga_d.108.1.1     -            168 d1p0ha_d.108.1.1.aln -            177   6.2e-19   64.0   0.1   1   1     4e-20   7.1e-19   63.9   0.1     4   168     2   162     1   167 0.97 -
d2euia1d.108.1.1     -            153 d1p0ha_d.108.1.1.aln -            177   2.3e-18   62.2   0.1   1   1   1.7e-19     3e-18   61.8   0.1    40   160    26   145     5   152 0.93 -
d1vkca_d.108.1.1     -            149 d1p0ha_d.108.1.1.aln -            177   5.1e-18   61.1   1.0   1   1   3.5e-19   6.2e-18   60.8   1.0    11   156     7   144     2   148 0.89 -
d1qsma_d.108.1.1     -            150 d1p0ha_d.108.1.1.aln -            177   9.8e-18   60.1   0.1   1   1   6.8e-19   1.2e-17   59.8   0.1    16   155    13   143     4   149 0.92 -
d2fcka1d.108.1.1     -            178 d1p0ha_d.108.1.1.aln -            177   1.5e-17   59.5   0.2   1   1     1e-18   1.9e-17   59.2   0.2     5   159     7   161     4   169 0.95 -
d1y9ka1d.108.1.1     -            152 d1p0ha_d.108.1.1.aln -            177   3.2e-17   58.5   0.1   1   1   2.1e-18   3.7e-17   58.3   0.1    56   174    30   140    19   143 0.92 -
d2fl4a1d.108.1.1     -            146 d1p0ha_d.108.1.1.aln -            177   6.7e-17   57.4   0.8   1   1   4.4e-18   7.8e-17   57.2   0.8    24   169    17   146     2   146 0.83 -
d1z4ra1d.108.1.1     -            162 d1p0ha_d.108.1.1.aln -            177   1.2e-16   56.6   0.1   1   1   7.2e-18   1.3e-16   56.5   0.1    41   174    32   155     4   158 0.91 -
d2ae6a1d.108.1.1     -            161 d1p0ha_d.108.1.1.aln -            177   1.2e-16   56.6   0.1   1   1   7.8e-18   1.4e-16   56.4   0.1     8   170     3   155     1   159 0.90 -
d1mk4a_d.108.1.1     -            157 d1p0ha_d.108.1.1.aln -            177   4.8e-16   54.6   0.0   1   1     3e-17   5.3e-16   54.5   0.0    27   164    19   139     1   149 0.83 -
d2fiaa1d.108.1.1     -            157 d1p0ha_d.108.1.1.aln -            177   2.8e-15   52.1   1.6   1   1   1.7e-16     3e-15   52.1   1.6     7   170     3   152     1   157 0.91 -
d1ghea_d.108.1.1     -            170 d1p0ha_d.108.1.1.aln -            177   3.8e-15   51.7   0.0   1   1   2.5e-16   4.5e-15   51.5   0.0     8   162     4   155     2   169 0.92 -
d2jdca1d.108.1.1     -            145 d1p0ha_d.108.1.1.aln -            177   9.2e-15   50.5   0.1   1   1   5.9e-16   1.1e-14   50.3   0.1    45   160    22   132     5   144 0.90 -
d1cjwa_d.108.1.1     -            166 d1p0ha_d.108.1.1.aln -            177   9.9e-15   50.4   0.0   1   1   6.2e-16   1.1e-14   50.2   0.0     5   160     6   154     2   166 0.93 -
d2atra1d.108.1.1     -            137 d1p0ha_d.108.1.1.aln -            177   2.2e-14   49.2   0.1   1   1   1.4e-15   2.5e-14   49.1   0.1    51   165    32   135    15   137 0.90 -
d1bo4a_d.108.1.1     -            137 d1p0ha_d.108.1.1.aln -            177   3.5e-14   48.6   0.0   1   1   2.3e-15     4e-14   48.4   0.0    31   149    22   137     8   137 0.94 -
d1yx0a1d.108.1.1     -            151 d1p0ha_d.108.1.1.aln -            177   1.9e-13   46.2   0.0   1   1     1e-14   1.9e-13   46.2   0.0    44   168    29   147     1   151 0.88 -
d2g3aa1d.108.1.1     -            137 d1p0ha_d.108.1.1.aln -            177   4.2e-13   45.1   0.0   1   1   2.4e-14   4.3e-13   45.0   0.0    45   171    22   136     2   137 0.85 -
d1xeba_d.108.1.1     -            149 d1p0ha_d.108.1.1.aln -            177   4.3e-13   45.0   0.1   1   1   2.6e-14   4.7e-13   44.9   0.1    14   162     5   139     2   149 0.91 -
d1q2ya_d.108.1.1     -            140 d1p0ha_d.108.1.1.aln -            177     1e-12   43.8   0.0   1   1   6.6e-14   1.2e-12   43.6   0.0    36   170    18   139     3   140 0.80 -
d1y7ra1d.108.1.1     -            133 d1p0ha_d.108.1.1.aln -            177   1.5e-12   43.3   0.0   1   1   9.4e-14   1.7e-12   43.1   0.0    50   154    28   123    23   133 0.89 -
d1nsla_d.108.1.1     -            180 d1p0ha_d.108.1.1.aln -            177   2.1e-11   39.5   0.0   1   1   1.3e-12   2.4e-11   39.3   0.0     7   163    10   164     4   177 0.90 -
d2fiwa1d.108.1.1     -            156 d1p0ha_d.108.1.1.aln -            177     3e-11   39.0   0.0   1   1   1.9e-12   3.4e-11   38.9   0.0    40   156    27   138     5   155 0.88 -
d2aj6a1d.108.1.1     -            118 d1p0ha_d.108.1.1.aln -            177   2.8e-10   35.9   0.1   1   1   1.6e-11   2.9e-10   35.8   0.1     8   129     2   115     1   118 0.92 -
d1m4ia_d.108.1.1     -            181 d1p0ha_d.108.1.1.aln -            177   4.9e-09   31.8   0.0   1   1   2.9e-10   5.1e-09   31.7   0.0     6   171     5   176     1   181 0.91 -
d2fsra1d.108.1.1     -            164 d1p0ha_d.108.1.1.aln -            177   2.6e-08   29.5   0.0   1   1   1.7e-09     3e-08   29.3   0.0     6   154     6   148     2   163 0.92 -
d1r57a_d.108.1.1     -            102 d1p0ha_d.108.1.1.aln -            177   5.3e-08   28.4   0.0   1   1     3e-09   5.4e-08   28.4   0.0    77   153    23    91     3   102 0.75 -
d1p0ha_d.108.1.1     -            308 d1p0ha_d.108.1.1.aln -            177   8.4e-05   18.0   0.2   1   3     0.029      0.52    5.7   0.0    92   116    72    96    40   100 0.76 -
d1p0ha_d.108.1.1     -            308 d1p0ha_d.108.1.1.aln -            177   8.4e-05   18.0   0.2   2   3     0.092       1.7    4.0   0.0    93   112   231   250   213   253 0.71 -
d1p0ha_d.108.1.1     -            308 d1p0ha_d.108.1.1.aln -            177   8.4e-05   18.0   0.2   3   3      0.06       1.1    4.6   0.0   125   157   275   304   273   307 0.80 -
d2d4pa1d.108.1.1     -            130 d1p0ha_d.108.1.1.aln -            177   0.00011   17.7   0.0   1   1   9.3e-06   0.00017   17.1   0.0    46   150    20   115     1   118 0.87 -
d1xmta_d.108.1.1     -             95 d1p0ha_d.108.1.1.aln -            177   0.00084   14.8   0.0   1   1   9.8e-05    0.0018   13.7   0.0    97   136    37    76     3    85 0.79 -
#
# Program:         hmmsearch
# Version:         3.1b2 (February 2015)
# Pipeline mode:   SEARCH
# Query file:      hmmModels30/d1p0ha_d.108.1.1.hmm
# Target file:     scop/scopTestSeq.fasta
# Option settings: hmmsearch --domtblout hmmModels30/d1p0ha_d.108.1.1.out -E 1 hmmModels30/d1p0ha_d.108.1.1.hmm scop/scopTestSeq.fasta 
# Current dir:     /home/anastasia/SBAS/TME8
# Date:            Sat Apr  8 15:33:48 2023
# [ok]
