#                                                                            --- full sequence --- -------------- this domain -------------   hmm coord   ali coord   env coord
# target name        accession   tlen query name           accession   qlen   E-value  score  bias   #  of  c-Evalue  i-Evalue  score  bias  from    to  from    to  from    to  acc description of target
#------------------- ---------- ----- -------------------- ---------- ----- --------- ------ ----- --- --- --------- --------- ------ ----- ----- ----- ----- ----- ----- ----- ---- ---------------------
d3cina1c.2.1.3       -            276 d1p1ja1c.2.1.3.aln   -            186   1.5e-78  258.4   0.1   1   2       5.6   1.8e+02   -2.7   0.1     4    19     2    17     1    18 0.87 -
d3cina1c.2.1.3       -            276 d1p1ja1c.2.1.3.aln   -            186   1.5e-78  258.4   0.1   2   2   4.6e-80   1.5e-78  258.4   0.1     1   186    46   269    46   269 1.00 -
d2nvwa1c.2.1.3       -            238 d1p1ja1c.2.1.3.aln   -            186     6e-73  240.2   0.0   1   1   2.2e-74   7.2e-73  239.9   0.0     1   186    17   203    17   203 0.99 -
d1gr0a1c.2.1.3       -            244 d1p1ja1c.2.1.3.aln   -            186   4.6e-55  181.8   4.8   1   2         1        33   -0.2   0.0     5    21     3    19     2    28 0.87 -
d1gr0a1c.2.1.3       -            244 d1p1ja1c.2.1.3.aln   -            186   4.6e-55  181.8   4.8   2   2   2.3e-56   7.5e-55  181.2   3.3     1   186    48   244    48   244 0.99 -
d1h6da1c.2.1.3       -            222 d1p1ja1c.2.1.3.aln   -            186   5.1e-47  155.6   0.2   1   1   1.8e-48   5.8e-47  155.4   0.2     3   185    32   217    30   218 0.99 -
d1ydwa1c.2.1.3       -            185 d1p1ja1c.2.1.3.aln   -            186   1.3e-34  115.2   0.0   1   1   4.2e-36   1.4e-34  115.1   0.0     5   181     2   174     1   179 0.93 -
d1qkia1c.2.1.3       -            204 d1p1ja1c.2.1.3.aln   -            186   2.5e-30  101.2   0.0   1   1   8.6e-32   2.8e-30  101.0   0.0     2   184    16   201    15   203 0.97 -
d1zh8a1c.2.1.3       -            182 d1p1ja1c.2.1.3.aln   -            186   1.3e-28   95.6   0.0   1   1   4.2e-30   1.4e-28   95.5   0.0     4   184     3   175     1   177 0.97 -
d1tlta1c.2.1.3       -            165 d1p1ja1c.2.1.3.aln   -            186   4.5e-28   93.9   0.0   1   1   1.5e-29     5e-28   93.7   0.0     5   183     2   164     1   165 0.97 -
d1lc0a1c.2.1.3       -            173 d1p1ja1c.2.1.3.aln   -            186   2.2e-27   91.6   0.0   1   1   7.3e-29   2.4e-27   91.5   0.0     4   184     7   169     4   171 0.96 -
d1e5qa1c.2.1.3       -            183 d1p1ja1c.2.1.3.aln   -            186     2e-25   85.2   0.2   1   1   6.6e-27   2.2e-25   85.1   0.2     6   183     4   181     1   183 0.96 -
d1xeaa1c.2.1.3       -            168 d1p1ja1c.2.1.3.aln   -            186   1.5e-24   82.4   0.0   1   1   4.9e-26   1.6e-24   82.3   0.0     5   182     2   166     1   168 0.92 -
d1h9aa1c.2.1.3       -            196 d1p1ja1c.2.1.3.aln   -            186   5.5e-24   80.5   0.3   1   1   1.9e-25   6.1e-24   80.4   0.3     4   185     3   190     1   191 0.98 -
d1cf2o1c.2.1.3       -            172 d1p1ja1c.2.1.3.aln   -            186   6.7e-24   80.3   0.7   1   1   2.2e-25   7.2e-24   80.2   0.7     5   173     2   164     1   172 0.95 -
d1nvmb1c.2.1.3       -            158 d1p1ja1c.2.1.3.aln   -            186   2.3e-21   72.0   0.1   1   1   7.4e-23   2.4e-21   71.9   0.1     2   153     2   151     1   158 0.96 -
d1f06a1c.2.1.3       -            171 d1p1ja1c.2.1.3.aln   -            186   1.6e-20   69.2   0.1   1   1   5.9e-22   1.9e-20   69.0   0.1     5   181     4   170     3   171 0.94 -
d1drua1c.2.1.3       -            161 d1p1ja1c.2.1.3.aln   -            186   7.4e-20   67.1   0.1   1   1   2.4e-21     8e-20   67.0   0.1     3   179     2   160     1   161 0.95 -
d2g82a1c.2.1.3       -            169 d1p1ja1c.2.1.3.aln   -            186   2.1e-18   62.3   0.2   1   1   6.8e-20   2.2e-18   62.2   0.2     5   179     1   162     1   169 0.94 -
d1vkna1c.2.1.3       -            177 d1p1ja1c.2.1.3.aln   -            186   3.2e-18   61.7   0.0   1   1   1.2e-19   3.9e-18   61.5   0.0     3   179     1   172     1   176 0.97 -
d1ebfa1c.2.1.3       -            169 d1p1ja1c.2.1.3.aln   -            186   1.8e-17   59.3   0.5   1   1   6.2e-19     2e-17   59.1   0.5     2   153     2   155     1   168 0.95 -
d1t4ba1c.2.1.3       -            147 d1p1ja1c.2.1.3.aln   -            186   1.8e-17   59.3   0.0   1   1   6.1e-19     2e-17   59.2   0.0     3   150     1   145     1   147 0.97 -
d1j5pa4c.2.1.3       -            133 d1p1ja1c.2.1.3.aln   -            186   1.6e-12   43.1   0.0   1   1   7.6e-14   2.5e-12   42.5   0.0     4   153     2   130     1   133 0.93 -
d1q0qa2c.2.1.3       -            152 d1p1ja1c.2.1.3.aln   -            186   7.5e-11   37.7   0.0   1   1   2.5e-12   8.3e-11   37.6   0.0     6   173     4   151     1   152 0.90 -
d1yl7a1c.2.1.3       -            136 d1p1ja1c.2.1.3.aln   -            186     4e-10   35.4   0.1   1   1   1.9e-10   6.3e-09   31.4   0.1     6   153     2   124     1   134 0.95 -
d1vm6a3c.2.1.3       -            129 d1p1ja1c.2.1.3.aln   -            186   4.7e-06   22.1   0.0   1   1   1.8e-06   5.9e-05   18.5   0.0    70   171    38   123     1   128 0.82 -
#
# Program:         hmmsearch
# Version:         3.1b2 (February 2015)
# Pipeline mode:   SEARCH
# Query file:      hmmModels30/d1p1ja1c.2.1.3.hmm
# Target file:     scop/scopTestSeq.fasta
# Option settings: hmmsearch --domtblout hmmModels30/d1p1ja1c.2.1.3.out -E 1 hmmModels30/d1p1ja1c.2.1.3.hmm scop/scopTestSeq.fasta 
# Current dir:     /home/anastasia/SBAS/TME8
# Date:            Sat Apr  8 15:33:48 2023
# [ok]
