#                                                                            --- full sequence --- -------------- this domain -------------   hmm coord   ali coord   env coord
# target name        accession   tlen query name           accession   qlen   E-value  score  bias   #  of  c-Evalue  i-Evalue  score  bias  from    to  from    to  from    to  acc description of target
#------------------- ---------- ----- -------------------- ---------- ----- --------- ------ ----- --- --- --------- --------- ------ ----- ----- ----- ----- ----- ----- ----- ---- ---------------------
d1dqna_c.61.1.1      -            230 d1p4aa2c.61.1.1.aln  -            209   1.2e-81  268.3   0.1   1   1   2.4e-83   1.3e-81  268.1   0.1     1   209     8   206     8   206 0.99 -
d1fsga_c.61.1.1      -            233 d1p4aa2c.61.1.1.aln  -            209   1.3e-72  238.8   0.0   1   1   2.6e-74   1.5e-72  238.6   0.0     1   208    22   227    22   228 0.99 -
d1qb7a_c.61.1.1      -            236 d1p4aa2c.61.1.1.aln  -            209   2.3e-65  215.1   0.0   1   1   4.5e-67   2.6e-65  214.9   0.0     3   209    19   227    17   227 0.99 -
d1ecfa1c.61.1.1      -            243 d1p4aa2c.61.1.1.aln  -            209     2e-62  205.5   0.2   1   1   3.9e-64   2.2e-62  205.3   0.2     1   209    23   236    23   236 0.99 -
d2aeea1c.61.1.1      -            208 d1p4aa2c.61.1.1.aln  -            209   1.7e-52  173.0   0.0   1   1   3.3e-54   1.9e-52  172.9   0.0     5   209     1   204     1   204 0.99 -
d1xtta1c.61.1.1      -            215 d1p4aa2c.61.1.1.aln  -            209   1.1e-51  170.4   1.2   1   1   2.1e-53   1.2e-51  170.3   1.2     2   203    12   215    11   215 0.99 -
d1tc1a_c.61.1.1      -            184 d1p4aa2c.61.1.1.aln  -            209   1.2e-50  167.0   0.1   1   1   2.3e-52   1.3e-50  166.9   0.1    23   207     3   184     1   184 0.98 -
d1wd5a_c.61.1.1      -            208 d1p4aa2c.61.1.1.aln  -            209   5.4e-48  158.3   0.4   1   1   1.1e-49     6e-48  158.2   0.4     1   208     1   207     1   208 0.99 -
d1y0ba1c.61.1.1      -            191 d1p4aa2c.61.1.1.aln  -            209   2.6e-46  152.8   0.2   1   1   5.1e-48   2.9e-46  152.7   0.2     5   193     2   190     1   191 0.99 -
d1a3ca_c.61.1.1      -            178 d1p4aa2c.61.1.1.aln  -            209   7.9e-45  148.0   2.2   1   1   1.5e-46   8.6e-45  147.9   2.2    25   202     2   177     1   178 0.98 -
d1vdma1c.61.1.1      -            153 d1p4aa2c.61.1.1.aln  -            209   5.2e-41  135.5   0.6   1   1     1e-42   5.7e-41  135.4   0.6    24   195     1   151     1   153 0.96 -
d1nula_c.61.1.1      -            150 d1p4aa2c.61.1.1.aln  -            209   1.1e-35  118.1   0.0   1   1   2.2e-37   1.2e-35  117.9   0.0    25   195     1   149     1   150 0.95 -
d1vcha1c.61.1.1      -            174 d1p4aa2c.61.1.1.aln  -            209   2.8e-34  113.5   0.0   1   1   5.4e-36     3e-34  113.4   0.0    21   193     1   172     1   174 0.98 -
d1p4aa2c.61.1.1      -            202 d1p4aa2c.61.1.1.aln  -            209   5.2e-06   21.2   0.1   1   1   1.4e-07   7.9e-06   20.6   0.1    86   171    92   173    38   182 0.78 -
#
# Program:         hmmsearch
# Version:         3.1b2 (February 2015)
# Pipeline mode:   SEARCH
# Query file:      hmmModels30/d1p4aa2c.61.1.1.hmm
# Target file:     scop/scopTestSeq.fasta
# Option settings: hmmsearch --domtblout hmmModels30/d1p4aa2c.61.1.1.out -E 1 hmmModels30/d1p4aa2c.61.1.1.hmm scop/scopTestSeq.fasta 
# Current dir:     /home/anastasia/SBAS/TME8
# Date:            Sat Apr  8 15:33:48 2023
# [ok]
