#                                                                            --- full sequence --- -------------- this domain -------------   hmm coord   ali coord   env coord
# target name        accession   tlen query name           accession   qlen   E-value  score  bias   #  of  c-Evalue  i-Evalue  score  bias  from    to  from    to  from    to  acc description of target
#------------------- ---------- ----- -------------------- ---------- ----- --------- ------ ----- --- --- --------- --------- ------ ----- ----- ----- ----- ----- ----- ----- ---- ---------------------
d1e2ka_c.37.1.1      -            329 d1p5zb_c.37.1.1.aln  -            204  7.7e-112  367.6   0.0   1   1  2.6e-113  1.1e-111  367.2   0.0     1   204     2   212     2   212 1.00 -
d1deka_c.37.1.1      -            241 d1p5zb_c.37.1.1.aln  -            204   2.2e-61  202.9   0.0   1   1   6.1e-63   2.5e-61  202.7   0.0     3   204     1   207     1   207 0.99 -
d1t0hb_c.37.1.1      -            219 d1p5zb_c.37.1.1.aln  -            204   1.9e-40  134.5   0.0   1   1   5.1e-42   2.1e-40  134.3   0.0     2   203     2   210     1   211 0.99 -
d1qf9a_c.37.1.1      -            194 d1p5zb_c.37.1.1.aln  -            204   2.4e-38  127.6   0.0   1   1   6.5e-40   2.7e-38  127.5   0.0     2   196     5   192     4   194 0.98 -
d1vhta_c.37.1.1      -            208 d1p5zb_c.37.1.1.aln  -            204   3.5e-38  127.1   0.5   1   1   9.3e-40   3.8e-38  127.0   0.5     3   204     3   205     1   205 0.99 -
d1lw7a2c.37.1.1      -            192 d1p5zb_c.37.1.1.aln  -            204   4.3e-37  123.5   0.0   1   1   1.1e-38   4.8e-37  123.4   0.0     2   203     6   191     5   192 0.98 -
d1kjwa2c.37.1.1      -            199 d1p5zb_c.37.1.1.aln  -            204     1e-35  119.1   0.0   1   1   2.7e-37   1.1e-35  118.9   0.0     4   204     7   197     4   197 0.98 -
d1gsia_c.37.1.1      -            208 d1p5zb_c.37.1.1.aln  -            204   2.9e-35  117.6   0.0   1   1   7.6e-37   3.1e-35  117.5   0.0     4   201     1   205     1   208 0.98 -
d1khta_c.37.1.1      -            190 d1p5zb_c.37.1.1.aln  -            204   3.1e-34  114.2   0.2   1   1   8.2e-36   3.4e-34  114.1   0.2     4   199     2   188     1   190 0.99 -
d1kgda_c.37.1.1      -            178 d1p5zb_c.37.1.1.aln  -            204   2.1e-33  111.5   0.1   1   1   5.6e-35   2.3e-33  111.3   0.1     1   194     1   178     1   178 0.99 -
d1zina1c.37.1.1      -            183 d1p5zb_c.37.1.1.aln  -            204   2.8e-30  101.3   0.1   1   1   7.5e-32   3.1e-30  101.1   0.1     4   197     1   182     1   183 0.97 -
d2grja_c.37.1.1      -            179 d1p5zb_c.37.1.1.aln  -            204   2.5e-29   98.2   0.1   1   1   6.6e-31   2.7e-29   98.1   0.1     1   194     1   179     1   179 0.98 -
d1y63a_c.37.1.1      -            174 d1p5zb_c.37.1.1.aln  -            204   1.5e-27   92.4   0.3   1   1   4.1e-29   1.7e-27   92.2   0.3     2   196     4   173     3   174 0.97 -
d3kb2a_c.37.1.1      -            171 d1p5zb_c.37.1.1.aln  -            204   1.2e-24   82.9   0.0   1   1   3.7e-26   1.5e-24   82.6   0.0     5   198     2   171     1   171 0.99 -
d1yj5a2c.37.1.1      -            172 d1p5zb_c.37.1.1.aln  -            204   2.8e-23   78.4   0.0   1   1   7.4e-25   3.1e-23   78.3   0.0     9   199     5   172     1   172 0.96 -
d1ly1a_c.37.1.1      -            152 d1p5zb_c.37.1.1.aln  -            204   6.3e-22   74.0   0.0   1   1   1.7e-23   7.2e-22   73.8   0.0     2   136     1   131     1   151 0.90 -
d1in4a2c.37.1.20     -            238 d1p5zb_c.37.1.1.aln  -            204   0.00031   16.3   0.0   1   1   1.2e-05   0.00049   15.6   0.0     6    41    38    73    37   112 0.83 -
d1g41a_c.37.1.20     -            443 d1p5zb_c.37.1.1.aln  -            204    0.0016   13.9   0.0   1   2       2.5   1.1e+02   -1.8   0.0    87   111    11    35     7    38 0.84 -
d1g41a_c.37.1.20     -            443 d1p5zb_c.37.1.1.aln  -            204    0.0016   13.9   0.0   2   2   0.00016    0.0068   11.9   0.0     2    47    48    93    47   125 0.85 -
d2qora_c.37.1.0      -            196 d1p5zb_c.37.1.1.aln  -            204    0.0019   13.7   0.0   1   2   0.00012     0.005   12.3   0.0     7    57     8    58     7    78 0.88 -
d2qora_c.37.1.0      -            196 d1p5zb_c.37.1.1.aln  -            204    0.0019   13.7   0.0   2   2       2.5   1.1e+02   -1.8   0.1   145   166   148   169   137   185 0.56 -
#
# Program:         hmmsearch
# Version:         3.1b2 (February 2015)
# Pipeline mode:   SEARCH
# Query file:      hmmModels30/d1p5zb_c.37.1.1.hmm
# Target file:     scop/scopTestSeq.fasta
# Option settings: hmmsearch --domtblout hmmModels30/d1p5zb_c.37.1.1.out -E 1 hmmModels30/d1p5zb_c.37.1.1.hmm scop/scopTestSeq.fasta 
# Current dir:     /home/anastasia/SBAS/TME8
# Date:            Sat Apr  8 15:33:48 2023
# [ok]
