#                                                                            --- full sequence --- -------------- this domain -------------   hmm coord   ali coord   env coord
# target name        accession   tlen query name           accession   qlen   E-value  score  bias   #  of  c-Evalue  i-Evalue  score  bias  from    to  from    to  from    to  acc description of target
#------------------- ---------- ----- -------------------- ---------- ----- --------- ------ ----- --- --- --------- --------- ------ ----- ----- ----- ----- ----- ----- ----- ---- ---------------------
d1jeta_c.94.1.1      -            517 d1pb7a_c.94.1.1.aln  -            367    3e-140  463.1  16.7   1   1  1.5e-141  4.2e-140  462.7  16.7     1   367   145   511   145   511 1.00 -
d1vr5a1c.94.1.1      -            535 d1pb7a_c.94.1.1.aln  -            367  4.8e-129  426.3  16.7   1   1  2.1e-130  5.7e-129  426.0  16.7     1   367   120   519   120   519 1.00 -
d1xoca1c.94.1.1      -            504 d1pb7a_c.94.1.1.aln  -            367  2.4e-113  374.6  21.8   1   1    1e-114  2.8e-113  374.4  21.8     2   367   123   499   122   499 0.99 -
d2nooa_c.94.1.1      -            496 d1pb7a_c.94.1.1.aln  -            367  1.4e-109  362.3   0.4   1   1  6.9e-111  1.9e-109  361.8   0.4     1   367   116   493   116   493 1.00 -
d1uqwa_c.94.1.1      -            487 d1pb7a_c.94.1.1.aln  -            367  6.8e-108  356.7  13.5   1   1  3.6e-109  9.7e-108  356.2  13.5     1   366   119   483   119   484 0.99 -
d3vlva_c.94.1.1      -            490 d1pb7a_c.94.1.1.aln  -            367  1.8e-101  335.5  16.2   1   1    8e-103  2.2e-101  335.3  16.2     1   367    98   489    98   489 1.00 -
d1eu8a_c.94.1.1      -            407 d1pb7a_c.94.1.1.aln  -            367   4.3e-76  252.0  11.2   1   1   1.8e-77   4.8e-76  251.9  11.2     1   366    16   402    16   403 0.99 -
d1ursa_c.94.1.1      -            367 d1pb7a_c.94.1.1.aln  -            367   2.8e-67  223.0  13.7   1   1   1.2e-68   3.1e-67  222.9  13.7     1   367     1   367     1   367 0.99 -
d3thia_c.94.1.1      -            362 d1pb7a_c.94.1.1.aln  -            367   3.9e-56  186.4   0.8   1   1   1.7e-57   4.6e-56  186.1   0.8    15   352    12   362     2   362 0.99 -
d1ixha_c.94.1.1      -            321 d1pb7a_c.94.1.1.aln  -            367   3.6e-36  120.7  10.7   1   1   1.4e-37   3.9e-36  120.6  10.7    36   348     3   319     1   321 0.99 -
d1r9la_c.94.1.1      -            309 d1pb7a_c.94.1.1.aln  -            367   1.7e-33  111.9  10.5   1   1   6.9e-35   1.9e-33  111.7  10.5    46   348     4   309     1   309 0.98 -
d1sbpa_c.94.1.1      -            309 d1pb7a_c.94.1.1.aln  -            367   1.1e-32  109.2   8.6   1   1   4.4e-34   1.2e-32  109.1   8.6    46   348     3   309     1   309 0.98 -
d1q35a_c.94.1.1      -            318 d1pb7a_c.94.1.1.aln  -            367   2.2e-31  104.9   2.4   1   1   8.9e-33   2.4e-31  104.8   2.4    31   348     2   314     1   318 0.98 -
d1nnfa_c.94.1.1      -            308 d1pb7a_c.94.1.1.aln  -            367   7.1e-31  103.3  11.7   1   1   2.9e-32   7.8e-31  103.1  11.7    33   342     2   304     1   308 0.98 -
d1us5a_c.94.1.1      -            298 d1pb7a_c.94.1.1.aln  -            367     5e-29   97.2   0.1   1   1   2.2e-30   5.9e-29   96.9   0.1    49   346     5   297     2   298 0.98 -
d2nxoa1c.94.1.1      -            277 d1pb7a_c.94.1.1.aln  -            367   3.2e-27   91.2   0.0   1   1   1.4e-28   3.7e-27   91.0   0.0    64   340    15   276     2   277 0.92 -
d2i6ea1c.94.1.1      -            272 d1pb7a_c.94.1.1.aln  -            367   1.5e-23   79.2   0.0   1   1   6.9e-25   1.9e-23   78.8   0.0    81   328    26   267    16   270 0.96 -
d1sw5a_c.94.1.1      -            270 d1pb7a_c.94.1.1.aln  -            367   9.5e-20   66.6   4.9   1   1   4.1e-21   1.1e-19   66.4   4.9    49   320     3   261     1   267 0.97 -
d1xt8a1c.94.1.1      -            248 d1pb7a_c.94.1.1.aln  -            367   2.1e-19   65.5   4.1   1   1   9.3e-21   2.5e-19   65.3   4.1    47   295     5   244     1   247 0.98 -
d1ii5a_c.94.1.1      -            226 d1pb7a_c.94.1.1.aln  -            367   3.2e-19   64.9   0.2   1   1   1.3e-20   3.5e-19   64.8   0.2    44   275     3   223     1   226 0.98 -
d1al3a_c.94.1.1      -            237 d1pb7a_c.94.1.1.aln  -            367     4e-17   58.0   0.0   1   1   1.7e-18   4.6e-17   57.8   0.0    51   317     4   237     1   237 0.93 -
d1atga_c.94.1.1      -            231 d1pb7a_c.94.1.1.aln  -            367   1.2e-16   56.4   1.7   1   1   4.9e-18   1.3e-16   56.3   1.7    62   286    10   220     2   231 0.93 -
d1twya_c.94.1.1      -            249 d1pb7a_c.94.1.1.aln  -            367   1.5e-16   56.2   0.1   1   1   6.4e-18   1.7e-16   55.9   0.1    62   339    16   246     2   249 0.93 -
d2czla1c.94.1.1      -            270 d1pb7a_c.94.1.1.aln  -            367   5.1e-16   54.4   0.0   1   1   2.1e-17   5.7e-16   54.2   0.0    83   338    32   266     4   270 0.94 -
d2esna2c.94.1.1      -            212 d1pb7a_c.94.1.1.aln  -            367   1.6e-14   49.4   0.0   1   1   7.2e-16   1.9e-14   49.2   0.0    52   278     3   207     1   211 0.97 -
d2ozza1c.94.1.1      -            228 d1pb7a_c.94.1.1.aln  -            367   1.1e-12   43.4   0.0   1   1   4.3e-14   1.2e-12   43.3   0.0    54   291     2   225     1   228 0.97 -
d2qmwa1c.94.1.1      -            184 d1pb7a_c.94.1.1.aln  -            367   5.7e-12   41.0   0.1   1   1   2.5e-13   6.7e-12   40.8   0.1    47   228     2   168     1   183 0.93 -
d1i6aa_c.94.1.1      -            212 d1pb7a_c.94.1.1.aln  -            367   2.9e-07   25.6   0.0   1   1   1.4e-08   3.7e-07   25.2   0.0    53   198     5   139     2   155 0.89 -
d1ixca2c.94.1.1      -            205 d1pb7a_c.94.1.1.aln  -            367    0.0025   12.6   0.0   1   1    0.0001    0.0028   12.5   0.0    75   175    21   117     2   174 0.74 -
#
# Program:         hmmsearch
# Version:         3.1b2 (February 2015)
# Pipeline mode:   SEARCH
# Query file:      hmmModels30/d1pb7a_c.94.1.1.hmm
# Target file:     scop/scopTestSeq.fasta
# Option settings: hmmsearch --domtblout hmmModels30/d1pb7a_c.94.1.1.out -E 1 hmmModels30/d1pb7a_c.94.1.1.hmm scop/scopTestSeq.fasta 
# Current dir:     /home/anastasia/SBAS/TME8
# Date:            Sat Apr  8 15:33:48 2023
# [ok]
