#                                                                            --- full sequence --- -------------- this domain -------------   hmm coord   ali coord   env coord
# target name        accession   tlen query name           accession   qlen   E-value  score  bias   #  of  c-Evalue  i-Evalue  score  bias  from    to  from    to  from    to  acc description of target
#------------------- ---------- ----- -------------------- ---------- ----- --------- ------ ----- --- --- --------- --------- ------ ----- ----- ----- ----- ----- ----- ----- ---- ---------------------
d1kola2c.2.1.1       -            195 d1piwa2c.2.1.1.aln   -            180     2e-63  208.5   1.0   1   1   3.7e-65   2.2e-63  208.3   1.0     5   180     2   192     1   192 0.99 -
d1pqwa_c.2.1.1       -            183 d1piwa2c.2.1.1.aln   -            180   1.9e-60  198.7   0.4   1   1   3.5e-62   2.1e-60  198.6   0.4     4   180     1   176     1   176 0.99 -
d1gu7a2c.2.1.1       -            189 d1piwa2c.2.1.1.aln   -            180   8.3e-59  193.4   0.0   1   1   1.5e-60   9.1e-59  193.3   0.0     2   180     2   189     1   189 0.99 -
d2dm6a2c.2.1.1       -            182 d1piwa2c.2.1.1.aln   -            180   2.2e-57  188.7   0.2   1   1   4.4e-59   2.7e-57  188.5   0.2     5   179     6   179     3   180 0.99 -
d1qora2c.2.1.1       -            179 d1piwa2c.2.1.1.aln   -            180   1.4e-56  186.2   0.3   1   1   2.5e-58   1.5e-56  186.0   0.3     2   179     2   178     1   179 0.99 -
d1vj0a2c.2.1.1       -            182 d1piwa2c.2.1.1.aln   -            180   5.1e-56  184.3   0.0   1   1   9.2e-58   5.6e-56  184.2   0.0     2   178     2   181     1   182 0.98 -
d1yb5a2c.2.1.1       -            174 d1piwa2c.2.1.1.aln   -            180   3.5e-55  181.6   2.1   1   1   6.5e-57   3.9e-55  181.4   2.1     2   180     2   174     1   174 0.99 -
d1jqba2c.2.1.1       -            174 d1piwa2c.2.1.1.aln   -            180   2.6e-52  172.3   3.3   1   1   4.6e-54   2.8e-52  172.1   3.3     4   174     3   173     1   174 0.98 -
d2jhfa2c.2.1.1       -            176 d1piwa2c.2.1.1.aln   -            180   4.7e-51  168.1   1.0   1   1   8.4e-53   5.1e-51  168.0   1.0     3   173     3   175     1   176 0.98 -
d1h2ba2c.2.1.1       -            172 d1piwa2c.2.1.1.aln   -            180   5.2e-49  161.5   1.5   1   1   9.5e-51   5.7e-49  161.3   1.5     2   168     5   171     4   172 0.98 -
d1o89a2c.2.1.1       -            177 d1piwa2c.2.1.1.aln   -            180   1.1e-48  160.4   0.5   1   1     2e-50   1.2e-48  160.3   0.5     2   177     5   175     4   177 0.98 -
d1pl8a2c.2.1.1       -            171 d1piwa2c.2.1.1.aln   -            180   1.9e-47  156.3   3.9   1   1   3.5e-49   2.1e-47  156.2   3.9     6   170     4   170     1   171 0.97 -
d1piwa2c.2.1.1       -            168 d1piwa2c.2.1.1.aln   -            180     1e-12   43.3   0.5   1   2   2.5e-13   1.5e-11   39.4   0.2     6    81     6    78     2    83 0.92 -
d1piwa2c.2.1.1       -            168 d1piwa2c.2.1.1.aln   -            180     1e-12   43.3   0.5   2   2     0.068       4.1    2.1   0.0   115   150   111   146   105   165 0.76 -
#
# Program:         hmmsearch
# Version:         3.1b2 (February 2015)
# Pipeline mode:   SEARCH
# Query file:      hmmModels30/d1piwa2c.2.1.1.hmm
# Target file:     scop/scopTestSeq.fasta
# Option settings: hmmsearch --domtblout hmmModels30/d1piwa2c.2.1.1.out -E 1 hmmModels30/d1piwa2c.2.1.1.hmm scop/scopTestSeq.fasta 
# Current dir:     /home/anastasia/SBAS/TME8
# Date:            Sat Apr  8 15:33:48 2023
# [ok]
