#                                                                            --- full sequence --- -------------- this domain -------------   hmm coord   ali coord   env coord
# target name        accession   tlen query name           accession   qlen   E-value  score  bias   #  of  c-Evalue  i-Evalue  score  bias  from    to  from    to  from    to  acc description of target
#------------------- ---------- ----- -------------------- ---------- ----- --------- ------ ----- --- --- --------- --------- ------ ----- ----- ----- ----- ----- ----- ----- ---- ---------------------
d2dw4a2c.3.1.2       -            450 d1pj5a2c.3.1.2.aln   -            346  2.6e-146  482.7   0.0   1   1  9.8e-148    3e-146  482.5   0.0     1   345     2   450     2   450 0.98 -
d2iida1c.3.1.2       -            371 d1pj5a2c.3.1.2.aln   -            346   5.4e-98  323.8   0.0   1   1     2e-99     6e-98  323.7   0.0     1   344    27   370    27   371 0.99 -
d1b5qa1c.3.1.2       -            348 d1pj5a2c.3.1.2.aln   -            346   2.7e-93  308.4   0.0   1   1   9.8e-95     3e-93  308.2   0.0     6   345     2   345     1   346 0.99 -
d2f5va1c.3.1.2       -            380 d1pj5a2c.3.1.2.aln   -            346   4.9e-93  307.5   0.0   1   1   1.8e-94   5.5e-93  307.4   0.0     1   345     1   374     1   375 0.98 -
d1seza1c.3.1.2       -            374 d1pj5a2c.3.1.2.aln   -            346   5.7e-92  304.0   0.0   1   1   2.1e-93   6.3e-92  303.9   0.0     5   340     2   370     1   374 0.98 -
d2gmha1c.3.1.2       -            381 d1pj5a2c.3.1.2.aln   -            346   1.3e-88  293.0   0.0   1   1   4.7e-90   1.4e-88  292.8   0.0     2   345    30   378    29   379 0.99 -
d1pn0a1c.3.1.2       -            361 d1pj5a2c.3.1.2.aln   -            346   1.3e-84  279.9   0.0   1   1   4.7e-86   1.4e-84  279.7   0.0     2   344     5   360     4   361 0.98 -
d1n4wa1c.3.1.2       -            368 d1pj5a2c.3.1.2.aln   -            346   1.6e-83  276.3   0.0   1   1   5.7e-85   1.7e-83  276.1   0.0     4   345     2   366     1   367 0.99 -
d1kdga1c.3.1.2       -            361 d1pj5a2c.3.1.2.aln   -            346   2.2e-83  275.8   0.0   1   1     8e-85   2.4e-83  275.6   0.0     3   344     1   357     1   359 0.99 -
d1ju2a1c.3.1.2       -            352 d1pj5a2c.3.1.2.aln   -            346   1.9e-74  246.4   0.0   1   1   7.2e-76   2.2e-74  246.2   0.0     2   345    24   348    23   349 0.99 -
d2ivda1c.3.1.2       -            348 d1pj5a2c.3.1.2.aln   -            346   7.8e-68  224.7   0.2   1   1   2.8e-69   8.6e-68  224.5   0.2     5   341     1   346     1   348 0.98 -
d1k0ia1c.3.1.2       -            293 d1pj5a2c.3.1.2.aln   -            346   1.4e-53  177.8   0.0   1   1     5e-55   1.5e-53  177.7   0.0     4   344     2   291     1   293 0.98 -
d2gf3a1c.3.1.2       -            282 d1pj5a2c.3.1.2.aln   -            346   1.5e-49  164.5   0.0   1   2   1.6e-15   4.9e-14   47.7   0.0     3    45     2    45     1    50 0.93 -
d2gf3a1c.3.1.2       -            282 d1pj5a2c.3.1.2.aln   -            346   1.5e-49  164.5   0.0   2   2   4.2e-36   1.3e-34  115.4   0.0    98   344    50   279    46   281 0.97 -
d2voua1c.3.1.2       -            266 d1pj5a2c.3.1.2.aln   -            346     2e-45  150.9   0.1   1   1   7.7e-47   2.3e-45  150.7   0.1     2   328     2   263     1   266 0.98 -
d3c96a1c.3.1.2       -            289 d1pj5a2c.3.1.2.aln   -            346   2.4e-44  147.4   0.2   1   1   8.8e-46   2.7e-44  147.3   0.2     4   335     1   287     1   289 0.97 -
d1ryia1c.3.1.2       -            277 d1pj5a2c.3.1.2.aln   -            346   4.3e-44  146.6   0.2   1   1     4e-44   1.2e-42  141.8   0.2     1   343     1   273     1   276 0.98 -
d1nhpa2c.3.1.5       -            123 d1pj5a2c.3.1.2.aln   -            346   1.2e-09   33.3   0.2   1   1     5e-11   1.5e-09   33.0   0.2     6    69    32    93    30   104 0.85 -
d2gv8a1c.3.1.5       -            336 d1pj5a2c.3.1.2.aln   -            346   4.1e-09   31.6   0.0   1   2   1.2e-09   3.7e-08   28.4   0.0     6    43     6    44     3    54 0.88 -
d2gv8a1c.3.1.5       -            336 d1pj5a2c.3.1.2.aln   -            346   4.1e-09   31.6   0.0   2   2      0.35        11    0.6   0.0   224   251   128   155   101   172 0.78 -
d1v59a1c.3.1.5       -            234 d1pj5a2c.3.1.2.aln   -            346   2.7e-08   28.8   0.0   1   1     1e-09   3.1e-08   28.7   0.0     4    49     5    49     2   129 0.91 -
d1w4xa1c.3.1.5       -            299 d1pj5a2c.3.1.2.aln   -            346   8.7e-07   23.9   0.0   1   1   4.8e-08   1.5e-06   23.2   0.0     3    43     6    45     5    51 0.93 -
d1xhca2c.3.1.5       -            122 d1pj5a2c.3.1.2.aln   -            346   2.1e-06   22.6   0.0   1   1   7.6e-08   2.3e-06   22.5   0.0     2    53    30    86    29   109 0.80 -
d1pj5a2c.3.1.2       -            306 d1pj5a2c.3.1.2.aln   -            346   1.9e-05   19.5   0.1   1   2   1.1e-06   3.3e-05   18.7   0.0     5    40     2    46     1    93 0.76 -
d1pj5a2c.3.1.2       -            306 d1pj5a2c.3.1.2.aln   -            346   1.9e-05   19.5   0.1   2   2       6.2   1.9e+02   -3.5   0.0   215   242   155   181   150   188 0.72 -
d1fl2a2c.3.1.5       -            126 d1pj5a2c.3.1.2.aln   -            346   0.00023   15.9   1.6   1   2   5.7e-05    0.0017   13.1   0.4     5    34    31    60    29    71 0.93 -
d1fl2a2c.3.1.5       -            126 d1pj5a2c.3.1.2.aln   -            346   0.00023   15.9   1.6   2   2      0.12       3.6    2.1   0.0    25    59    94   125    89   126 0.90 -
d1v59a2c.3.1.5       -            122 d1pj5a2c.3.1.2.aln   -            346   0.00035   15.3   0.2   1   1   1.9e-05   0.00059   14.6   0.2     4    60    23    76    21    84 0.83 -
d1fl2a1c.3.1.5       -            185 d1pj5a2c.3.1.2.aln   -            346     0.001   13.8   3.1   1   1   6.3e-05    0.0019   12.9   3.1     5    20     2    17     1    25 0.94 -
d1gpja2c.2.1.7       -            159 d1pj5a2c.3.1.2.aln   -            346    0.0051   11.5   0.3   1   1   0.00021    0.0064   11.2   0.3     6    33    26    53    23    79 0.85 -
#
# Program:         hmmsearch
# Version:         3.1b2 (February 2015)
# Pipeline mode:   SEARCH
# Query file:      hmmModels30/d1pj5a2c.3.1.2.hmm
# Target file:     scop/scopTestSeq.fasta
# Option settings: hmmsearch --domtblout hmmModels30/d1pj5a2c.3.1.2.out -E 1 hmmModels30/d1pj5a2c.3.1.2.hmm scop/scopTestSeq.fasta 
# Current dir:     /home/anastasia/SBAS/TME8
# Date:            Sat Apr  8 15:33:48 2023
# [ok]
