#                                                                            --- full sequence --- -------------- this domain -------------   hmm coord   ali coord   env coord
# target name        accession   tlen query name           accession   qlen   E-value  score  bias   #  of  c-Evalue  i-Evalue  score  bias  from    to  from    to  from    to  acc description of target
#------------------- ---------- ----- -------------------- ---------- ----- --------- ------ ----- --- --- --------- --------- ------ ----- ----- ----- ----- ----- ----- ----- ---- ---------------------
d2jhfa1b.35.1.2      -            199 d1pl8a1b.35.1.2.aln  -            188   5.5e-72  237.2   0.1   1   1   8.5e-74   6.1e-72  237.1   0.1     1   188     6   199     6   199 0.99 -
d1piwa1b.35.1.2      -            193 d1pl8a1b.35.1.2.aln  -            188   2.2e-68  225.4   0.7   1   1   3.4e-70   2.5e-68  225.3   0.7     1   187     1   192     1   193 0.99 -
d1f8fa1b.35.1.2      -            195 d1pl8a1b.35.1.2.aln  -            188   5.8e-65  214.3   0.1   1   1   8.9e-67   6.4e-65  214.2   0.1     2   188     2   194     1   194 0.98 -
d1kola1b.35.1.2      -            202 d1pl8a1b.35.1.2.aln  -            188     2e-63  209.3   0.3   1   1   3.1e-65   2.2e-63  209.2   0.3     4   187     2   200     1   201 0.98 -
d1jqba1b.35.1.2      -            178 d1pl8a1b.35.1.2.aln  -            188   2.5e-58  192.7   0.0   1   1   3.9e-60   2.8e-58  192.5   0.0    10   188     2   177     1   177 0.99 -
d1h2ba1b.35.1.2      -            172 d1pl8a1b.35.1.2.aln  -            188   1.2e-57  190.4   0.0   1   1     2e-59   1.4e-57  190.2   0.0     5   185     1   169     1   171 0.97 -
d1gu7a1b.35.1.2      -            176 d1pl8a1b.35.1.2.aln  -            188   1.2e-46  154.6   0.0   1   1   1.8e-48   1.3e-46  154.5   0.0     1   188     1   176     1   176 0.99 -
d1yb5a1b.35.1.2      -            151 d1pl8a1b.35.1.2.aln  -            188   4.1e-41  136.5   0.0   1   1   2.3e-42   1.6e-40  134.6   0.0     3   187     2   149     1   150 0.98 -
d1o89a1b.35.1.2      -            147 d1pl8a1b.35.1.2.aln  -            188   3.8e-32  107.3   0.0   1   1     1e-33   7.2e-32  106.4   0.0     5   187     2   146     1   147 0.98 -
d2dm6a1b.35.1.2      -            148 d1pl8a1b.35.1.2.aln  -            188   4.5e-32  107.1   0.0   1   1   1.6e-33   1.2e-31  105.7   0.0     2   187     4   147     3   148 0.98 -
d1pl8a1b.35.1.2      -            186 d1pl8a1b.35.1.2.aln  -            188   2.3e-24   81.9   0.0   1   1   4.2e-26     3e-24   81.6   0.0    15   183    16   174    11   179 0.88 -
#
# Program:         hmmsearch
# Version:         3.1b2 (February 2015)
# Pipeline mode:   SEARCH
# Query file:      hmmModels30/d1pl8a1b.35.1.2.hmm
# Target file:     scop/scopTestSeq.fasta
# Option settings: hmmsearch --domtblout hmmModels30/d1pl8a1b.35.1.2.out -E 1 hmmModels30/d1pl8a1b.35.1.2.hmm scop/scopTestSeq.fasta 
# Current dir:     /home/anastasia/SBAS/TME8
# Date:            Sat Apr  8 15:33:48 2023
# [ok]
