#                                                                            --- full sequence --- -------------- this domain -------------   hmm coord   ali coord   env coord
# target name        accession   tlen query name           accession   qlen   E-value  score  bias   #  of  c-Evalue  i-Evalue  score  bias  from    to  from    to  from    to  acc description of target
#------------------- ---------- ----- -------------------- ---------- ----- --------- ------ ----- --- --- --------- --------- ------ ----- ----- ----- ----- ----- ----- ----- ---- ---------------------
d2yzqa1d.37.1.1      -            156 d1pvma4d.37.1.1.aln  -            137   1.5e-45  150.3   0.1   1   1   3.8e-47   1.7e-45  150.1   0.1     2   132     2   156     1   156 0.99 -
d2j9la1d.37.1.1      -            169 d1pvma4d.37.1.1.aln  -            137   1.7e-43  143.7   0.4   1   1   4.2e-45   1.9e-43  143.5   0.4     2   137     9   161     8   161 0.99 -
d2v8qe2d.37.1.1      -            159 d1pvma4d.37.1.1.aln  -            137   5.1e-42  138.8   0.0   1   1   1.3e-43   5.8e-42  138.7   0.0     2   136    13   157    12   158 0.98 -
d3ddja1d.37.1.1      -            141 d1pvma4d.37.1.1.aln  -            137   9.3e-40  131.5   6.4   1   1   2.3e-41     1e-39  131.4   6.4     4   136     2   134     1   135 0.98 -
d1o50a3d.37.1.1      -            145 d1pvma4d.37.1.1.aln  -            137   8.8e-39  128.4   1.1   1   1   2.2e-40   9.7e-39  128.2   1.1     2   136     2   144     1   145 0.98 -
d2yzia1d.37.1.1      -            132 d1pvma4d.37.1.1.aln  -            137     2e-36  120.7   0.9   1   1   5.1e-38   2.2e-36  120.6   0.9     2   136     3   130     2   131 0.96 -
d2nyca1d.37.1.1      -            140 d1pvma4d.37.1.1.aln  -            137   4.2e-36  119.7   0.5   1   1   1.1e-37   4.6e-36  119.6   0.5     4   132     9   138     6   140 0.97 -
d2yzqa2d.37.1.1      -            122 d1pvma4d.37.1.1.aln  -            137   9.8e-35  115.3   2.0   1   1   2.5e-36   1.1e-34  115.1   2.0     4   135     1   120     1   122 0.96 -
d1y5ha3d.37.1.1      -            123 d1pvma4d.37.1.1.aln  -            137   4.9e-34  113.0   0.0   1   1   1.2e-35   5.3e-34  112.9   0.0     6   131     3   122     1   123 0.97 -
d2d4za3d.37.1.1      -            161 d1pvma4d.37.1.1.aln  -            137   1.8e-33  111.2   0.0   1   1   4.5e-35     2e-33  111.0   0.0     1   136     8   157     8   158 0.99 -
d1vr9a3d.37.1.1      -            121 d1pvma4d.37.1.1.aln  -            137   2.6e-33  110.6   0.1   1   1   6.7e-35   2.9e-33  110.5   0.1     4   135     1   120     1   121 0.98 -
d3ddja2d.37.1.1      -            135 d1pvma4d.37.1.1.aln  -            137   2.2e-32  107.7   0.1   1   1   5.4e-34   2.4e-32  107.5   0.1     4   135     1   134     1   135 0.96 -
d2rc3a1d.37.1.1      -            127 d1pvma4d.37.1.1.aln  -            137   4.6e-32  106.6   2.0   1   1   1.1e-33   4.9e-32  106.5   2.0     4   131     5   125     2   127 0.92 -
d1pbja3d.37.1.1      -            120 d1pvma4d.37.1.1.aln  -            137     1e-30  102.2   5.9   1   1   2.6e-32   1.1e-30  102.1   5.9     5   131     1   119     1   120 0.95 -
d2riha_d.37.1.1      -            131 d1pvma4d.37.1.1.aln  -            137   4.5e-30  100.2   0.4   1   1   1.1e-31     5e-30  100.0   0.4     4   135     1   126     1   128 0.90 -
d2ouxa2d.37.1.1      -            127 d1pvma4d.37.1.1.aln  -            137   2.3e-29   97.8   6.3   1   1   5.8e-31   2.6e-29   97.7   6.3     3   136     5   126     3   127 0.97 -
d1zfja4d.37.1.1      -            126 d1pvma4d.37.1.1.aln  -            137   8.6e-29   96.0   0.1   1   1   2.3e-30   9.9e-29   95.8   0.1     7   136     2   121     1   122 0.96 -
d1pvma4d.37.1.1      -            142 d1pvma4d.37.1.1.aln  -            137   7.1e-22   73.6   0.7   1   1   1.8e-23     8e-22   73.4   0.7     4   132     3   126     1   131 0.92 -
#
# Program:         hmmsearch
# Version:         3.1b2 (February 2015)
# Pipeline mode:   SEARCH
# Query file:      hmmModels30/d1pvma4d.37.1.1.hmm
# Target file:     scop/scopTestSeq.fasta
# Option settings: hmmsearch --domtblout hmmModels30/d1pvma4d.37.1.1.out -E 1 hmmModels30/d1pvma4d.37.1.1.hmm scop/scopTestSeq.fasta 
# Current dir:     /home/anastasia/SBAS/TME8
# Date:            Sat Apr  8 15:33:48 2023
# [ok]
