#                                                                            --- full sequence --- -------------- this domain -------------   hmm coord   ali coord   env coord
# target name        accession   tlen query name           accession   qlen   E-value  score  bias   #  of  c-Evalue  i-Evalue  score  bias  from    to  from    to  from    to  acc description of target
#------------------- ---------- ----- -------------------- ---------- ----- --------- ------ ----- --- --- --------- --------- ------ ----- ----- ----- ----- ----- ----- ----- ---- ---------------------
d1wk1a_d.169.1.1     -            150 d1pwba1d.169.1.1.aln -            130   5.7e-45  148.2   0.0   1   1   1.1e-46   6.4e-45  148.0   0.0     6   129     2   131     1   132 0.98 -
d1qdda_d.169.1.1     -            144 d1pwba1d.169.1.1.aln -            130   4.9e-43  141.9   3.2   1   1     9e-45   5.5e-43  141.8   3.2     2   128    13   143    12   144 0.98 -
d1wmza_d.169.1.1     -            140 d1pwba1d.169.1.1.aln -            130   1.3e-39  130.8   8.8   1   1   2.5e-41   1.5e-39  130.6   8.8     2   129     2   139     1   140 0.98 -
d2ziba_d.169.1.1     -            130 d1pwba1d.169.1.1.aln -            130   1.2e-37  124.5   5.0   1   1   2.2e-39   1.3e-37  124.4   5.0     2   128     6   128     5   130 0.98 -
d1gz2a_d.169.1.1     -            139 d1pwba1d.169.1.1.aln -            130   2.7e-37  123.4   0.1   1   1   4.9e-39     3e-37  123.2   0.1     3   128     2   138     1   139 0.98 -
d1qo3c_d.169.1.1     -            133 d1pwba1d.169.1.1.aln -            130   2.7e-35  116.9   4.7   1   1     5e-37     3e-35  116.7   4.7     3   129    14   132    12   133 0.97 -
d3l9jc_d.169.1.1     -            134 d1pwba1d.169.1.1.aln -            130   7.7e-35  115.4   3.3   1   1   1.4e-36   8.4e-35  115.3   3.3     2   127     2   132     1   134 0.96 -
d1g1ta1d.169.1.1     -            118 d1pwba1d.169.1.1.aln -            130     2e-32  107.6   5.3   1   1   3.6e-34   2.2e-32  107.5   5.3    14   126     2   118     1   118 0.96 -
d1h8ua_d.169.1.1     -            115 d1pwba1d.169.1.1.aln -            130   4.8e-31  103.1   5.8   1   1   8.7e-33   5.3e-31  103.0   5.8    15   126     2   114     1   115 0.97 -
d1kg0c_d.169.1.1     -            136 d1pwba1d.169.1.1.aln -            130   1.2e-30  101.9   3.8   1   1   2.6e-32   1.6e-30  101.5   3.8     1   129    17   135    17   136 0.96 -
d3hupa_d.169.1.1     -            121 d1pwba1d.169.1.1.aln -            130   1.7e-29   98.1   9.9   1   1   3.2e-31   1.9e-29   98.0   9.9     2   129     6   120     5   121 0.94 -
d1byfa_d.169.1.1     -            123 d1pwba1d.169.1.1.aln -            130     2e-29   97.9   0.1   1   1   3.5e-31   2.1e-29   97.8   0.1    13   129     2   122     1   123 0.96 -
d1pwba1d.169.1.1     -            121 d1pwba1d.169.1.1.aln -            130     7e-19   63.8   0.0   1   1   1.3e-20   7.8e-19   63.7   0.0    11   127     7   121     2   121 0.92 -
#
# Program:         hmmsearch
# Version:         3.1b2 (February 2015)
# Pipeline mode:   SEARCH
# Query file:      hmmModels30/d1pwba1d.169.1.1.hmm
# Target file:     scop/scopTestSeq.fasta
# Option settings: hmmsearch --domtblout hmmModels30/d1pwba1d.169.1.1.out -E 1 hmmModels30/d1pwba1d.169.1.1.hmm scop/scopTestSeq.fasta 
# Current dir:     /home/anastasia/SBAS/TME8
# Date:            Sat Apr  8 15:33:48 2023
# [ok]
