#                                                                            --- full sequence --- -------------- this domain -------------   hmm coord   ali coord   env coord
# target name        accession   tlen query name           accession   qlen   E-value  score  bias   #  of  c-Evalue  i-Evalue  score  bias  from    to  from    to  from    to  acc description of target
#------------------- ---------- ----- -------------------- ---------- ----- --------- ------ ----- --- --- --------- --------- ------ ----- ----- ----- ----- ----- ----- ----- ---- ---------------------
d1p0ha_d.108.1.1     -            308 d1q2ya_d.108.1.1.aln -            249  3.7e-106  350.0   0.1   1   2  1.5e-106  2.7e-105  347.2   0.0    38   249     1   230     1   230 1.00 -
d1p0ha_d.108.1.1     -            308 d1q2ya_d.108.1.1.aln -            249  3.7e-106  350.0   0.1   2   2       0.9        17    0.7   0.0   174   188   275   298   231   306 0.50 -
d2p0wa_d.108.1.1     -            319 d1q2ya_d.108.1.1.aln -            249   2.8e-81  268.6   0.0   1   1   1.8e-82   3.4e-81  268.3   0.0     1   219    79   319    79   319 1.00 -
d2pq8a_d.108.1.1     -            271 d1q2ya_d.108.1.1.aln -            249   1.1e-77  256.8   0.0   1   1   6.4e-79   1.2e-77  256.6   0.0     1   249     1   271     1   271 1.00 -
d1boba_d.108.1.1     -            315 d1q2ya_d.108.1.1.aln -            249   2.5e-76  252.3   0.2   1   1   1.6e-77   2.9e-76  252.1   0.2     1   219    75   315    75   315 1.00 -
d1u6ma_d.108.1.1     -            189 d1q2ya_d.108.1.1.aln -            249   9.3e-23   76.8   0.0   1   1   5.4e-24     1e-22   76.7   0.0    27   206     3   187     1   189 0.93 -
d1tiqa_d.108.1.1     -            173 d1q2ya_d.108.1.1.aln -            249   4.4e-22   74.6   0.2   1   1   2.6e-23   4.8e-22   74.5   0.2    41   213     2   172     1   173 0.96 -
d1z4ea1d.108.1.1     -            150 d1q2ya_d.108.1.1.aln -            249   7.1e-20   67.4   0.1   1   1   4.2e-21   7.9e-20   67.2   0.1    50   193     8   145     1   148 0.92 -
d1yk3a1d.108.1.1     -            198 d1q2ya_d.108.1.1.aln -            249   5.7e-19   64.4   0.0   1   1   3.3e-20   6.2e-19   64.3   0.0    21   205     3   194     1   198 0.96 -
d1i12a_d.108.1.1     -            157 d1q2ya_d.108.1.1.aln -            249   8.2e-18   60.6   0.0   1   1   5.1e-19   9.7e-18   60.4   0.0    47   195     9   154     5   157 0.87 -
d1mk4a_d.108.1.1     -            157 d1q2ya_d.108.1.1.aln -            249     2e-16   56.1   0.0   1   1   1.5e-17   2.8e-16   55.6   0.0    57   205    12   143     2   157 0.88 -
d1ufha_d.108.1.1     -            155 d1q2ya_d.108.1.1.aln -            249     4e-16   55.1   0.3   1   1   2.3e-17   4.2e-16   55.0   0.3    44   196     3   153     1   155 0.96 -
d2fl4a1d.108.1.1     -            146 d1q2ya_d.108.1.1.aln -            249   4.2e-16   55.1   0.3   1   1   2.3e-17   4.4e-16   55.0   0.3    53   199     4   139     1   146 0.87 -
d2fcka1d.108.1.1     -            178 d1q2ya_d.108.1.1.aln -            249     7e-14   47.8   0.1   1   1   4.3e-15     8e-14   47.6   0.1    47   196     7   161     1   172 0.93 -
d1y9ka1d.108.1.1     -            152 d1q2ya_d.108.1.1.aln -            249   8.3e-14   47.5   0.0   1   1   4.6e-15   8.7e-14   47.5   0.0   105   198    36   137     2   151 0.81 -
d1ghea_d.108.1.1     -            170 d1q2ya_d.108.1.1.aln -            249   1.6e-13   46.6   0.0   1   1   9.8e-15   1.8e-13   46.4   0.0    71   193    30   149    19   168 0.90 -
d2ae6a1d.108.1.1     -            161 d1q2ya_d.108.1.1.aln -            249   2.4e-13   46.0   0.0   1   1   1.4e-14   2.7e-13   45.8   0.0    45   206     3   154     1   160 0.92 -
d2gana1d.108.1.1     -            182 d1q2ya_d.108.1.1.aln -            249   4.4e-13   45.1   0.0   1   1   2.3e-14   4.4e-13   45.1   0.0    90   206    61   181     1   182 0.77 -
d2euia1d.108.1.1     -            153 d1q2ya_d.108.1.1.aln -            249   8.1e-13   44.3   0.0   1   1   4.8e-14     9e-13   44.1   0.0    84   195    36   143     9   150 0.84 -
d2cy2a1d.108.1.1     -            174 d1q2ya_d.108.1.1.aln -            249   1.1e-12   43.8   0.0   1   1     6e-14   1.1e-12   43.8   0.0    49   207     9   165     1   174 0.93 -
d2b5ga_d.108.1.1     -            168 d1q2ya_d.108.1.1.aln -            249   1.2e-12   43.8   0.0   1   1   6.8e-14   1.3e-12   43.6   0.0    61   205    25   162     2   167 0.79 -
d1m4ia_d.108.1.1     -            181 d1q2ya_d.108.1.1.aln -            249   1.7e-12   43.2   0.0   1   1   9.9e-14   1.9e-12   43.1   0.0    45   221     4   181     1   181 0.94 -
d1wwza1d.108.1.1     -            157 d1q2ya_d.108.1.1.aln -            249   5.6e-12   41.5   0.0   1   1   3.3e-13   6.3e-12   41.4   0.0    49   194     7   148     1   156 0.89 -
d1qsma_d.108.1.1     -            150 d1q2ya_d.108.1.1.aln -            249   9.1e-12   40.8   0.0   1   1   5.4e-13     1e-11   40.7   0.0    72   197    25   148     6   150 0.91 -
d1vkca_d.108.1.1     -            149 d1q2ya_d.108.1.1.aln -            249   1.1e-11   40.6   0.1   1   1   5.6e-13   1.1e-11   40.6   0.1    68   195    26   146     1   149 0.77 -
d1y9wa1d.108.1.1     -            140 d1q2ya_d.108.1.1.aln -            249   1.6e-11   40.1   0.0   1   1     1e-12   1.9e-11   39.8   0.0   127   208    62   139     2   140 0.87 -
d2atra1d.108.1.1     -            137 d1q2ya_d.108.1.1.aln -            249   3.1e-11   39.1   0.0   1   1   1.8e-12   3.4e-11   39.0   0.0   108   203    46   136     5   137 0.85 -
d2jdca1d.108.1.1     -            145 d1q2ya_d.108.1.1.aln -            249   7.2e-11   37.9   0.0   1   1   4.4e-12   8.2e-11   37.7   0.0    55   193     8   128     2   143 0.86 -
d1cjwa_d.108.1.1     -            166 d1q2ya_d.108.1.1.aln -            249   1.2e-10   37.2   0.0   1   1   6.2e-12   1.2e-10   37.2   0.0    95   199    56   156     3   166 0.84 -
d1yx0a1d.108.1.1     -            151 d1q2ya_d.108.1.1.aln -            249   2.1e-10   36.4   0.0   1   1   1.3e-11   2.5e-10   36.1   0.0    56   192     7   134     2   150 0.91 -
d2g3aa1d.108.1.1     -            137 d1q2ya_d.108.1.1.aln -            249   6.5e-10   34.8   0.0   1   1   5.6e-11     1e-09   34.1   0.0   129   208    61   136     9   137 0.88 -
d1bo4a_d.108.1.1     -            137 d1q2ya_d.108.1.1.aln -            249   1.7e-09   33.4   0.0   1   1     1e-10   1.9e-09   33.2   0.0    48   186     5   137     2   137 0.86 -
d1n71a_d.108.1.1     -            180 d1q2ya_d.108.1.1.aln -            249   2.2e-09   33.0   0.0   1   1   1.3e-10   2.5e-09   32.8   0.0    44   201     4   166     1   177 0.94 -
d1nsla_d.108.1.1     -            180 d1q2ya_d.108.1.1.aln -            249   4.1e-09   32.2   0.0   1   1   2.5e-10   4.7e-09   31.9   0.0    48   193     8   157     2   177 0.85 -
d1z4ra1d.108.1.1     -            162 d1q2ya_d.108.1.1.aln -            249   4.2e-09   32.1   0.0   1   1   2.6e-10     5e-09   31.9   0.0    50   213    11   157     3   161 0.90 -
d2fiaa1d.108.1.1     -            157 d1q2ya_d.108.1.1.aln -            249   6.5e-09   31.5   0.1   1   1   4.2e-10   7.8e-09   31.2   0.1   112   200    59   145    30   156 0.82 -
d2fiwa1d.108.1.1     -            156 d1q2ya_d.108.1.1.aln -            249   1.2e-08   30.7   0.0   1   1     7e-10   1.3e-08   30.5   0.0    58   193    14   138     2   155 0.85 -
d1xeba_d.108.1.1     -            149 d1q2ya_d.108.1.1.aln -            249   2.8e-08   29.4   0.1   1   1   2.1e-09   3.9e-08   29.0   0.1    61   198    18   140     4   144 0.75 -
d1y7ra1d.108.1.1     -            133 d1q2ya_d.108.1.1.aln -            249     5e-08   28.6   0.0   1   1   3.2e-09   6.1e-08   28.3   0.0   123   192    58   124    41   133 0.87 -
d2aj6a1d.108.1.1     -            118 d1q2ya_d.108.1.1.aln -            249   4.6e-06   22.2   0.0   1   1   2.6e-07     5e-06   22.0   0.0    85   164    41   114     3   117 0.77 -
d1r57a_d.108.1.1     -            102 d1q2ya_d.108.1.1.aln -            249   0.00012   17.5   0.0   1   1   6.9e-06   0.00013   17.4   0.0   121   172    28    79     4    93 0.80 -
d1xmta_d.108.1.1     -             95 d1q2ya_d.108.1.1.aln -            249    0.0005   15.5   0.0   1   1   2.6e-05    0.0005   15.5   0.0   115   166    19    70     4    87 0.87 -
d1q2ya_d.108.1.1     -            140 d1q2ya_d.108.1.1.aln -            249    0.0039   12.6   0.0   1   1   0.00025    0.0046   12.3   0.0    93   188    31   120     3   136 0.73 -
#
# Program:         hmmsearch
# Version:         3.1b2 (February 2015)
# Pipeline mode:   SEARCH
# Query file:      hmmModels30/d1q2ya_d.108.1.1.hmm
# Target file:     scop/scopTestSeq.fasta
# Option settings: hmmsearch --domtblout hmmModels30/d1q2ya_d.108.1.1.out -E 1 hmmModels30/d1q2ya_d.108.1.1.hmm scop/scopTestSeq.fasta 
# Current dir:     /home/anastasia/SBAS/TME8
# Date:            Sat Apr  8 15:33:48 2023
# [ok]
