#                                                                            --- full sequence --- -------------- this domain -------------   hmm coord   ali coord   env coord
# target name        accession   tlen query name           accession   qlen   E-value  score  bias   #  of  c-Evalue  i-Evalue  score  bias  from    to  from    to  from    to  acc description of target
#------------------- ---------- ----- -------------------- ---------- ----- --------- ------ ----- --- --- --------- --------- ------ ----- ----- ----- ----- ----- ----- ----- ---- ---------------------
d3hl8a_c.55.3.5      -            470 d1q8ia1c.55.3.5.aln  -            294  1.1e-156  516.3   0.3   1   1  2.2e-158  1.3e-156  516.1   0.3     1   294   119   452   119   452 1.00 -
d1s5ja1c.55.3.5      -            410 d1q8ia1c.55.3.5.aln  -            294  4.5e-127  419.1   0.1   1   1  1.1e-128  5.9e-127  418.7   0.1     1   294   106   410   106   410 1.00 -
d2hbja2c.55.3.5      -            292 d1q8ia1c.55.3.5.aln  -            294     7e-94  310.1   1.0   1   1   1.4e-95   7.8e-94  310.0   1.0     1   294     1   291     1   291 0.99 -
d3mxma_c.55.3.5      -            229 d1q8ia1c.55.3.5.aln  -            294   9.1e-38  125.9   0.0   1   1   1.8e-39     1e-37  125.8   0.0    80   294     2   227     1   227 0.99 -
d1vk0a_c.55.3.5      -            206 d1q8ia1c.55.3.5.aln  -            294   1.7e-31  105.4   0.0   1   1   3.2e-33   1.8e-31  105.2   0.0    76   277     3   204     1   206 0.98 -
d1yt3a3c.55.3.5      -            193 d1q8ia1c.55.3.5.aln  -            294   3.8e-31  104.2   0.0   1   1   7.5e-33   4.2e-31  104.0   0.0    84   278     2   193     1   193 0.99 -
d1x9ma1c.55.3.5      -            204 d1q8ia1c.55.3.5.aln  -            294   2.7e-30  101.4   0.0   1   1   5.3e-32     3e-30  101.3   0.0    87   290     1   204     1   204 0.99 -
d1w0ha_c.55.3.5      -            200 d1q8ia1c.55.3.5.aln  -            294   9.2e-30   99.6   0.0   1   1   1.8e-31     1e-29   99.5   0.0    83   280     2   198     1   200 0.99 -
d1kfsa1c.55.3.5      -            195 d1q8ia1c.55.3.5.aln  -            294   6.1e-28   93.7   0.1   1   1   1.2e-29   6.6e-28   93.5   0.1    81   274     2   194     1   195 0.98 -
d2f96a1c.55.3.5      -            202 d1q8ia1c.55.3.5.aln  -            294   9.4e-26   86.5   0.0   1   1   1.8e-27     1e-25   86.3   0.0    76   279     2   201     1   202 0.98 -
d2guia_c.55.3.5      -            176 d1q8ia1c.55.3.5.aln  -            294   2.1e-24   82.0   0.0   1   1   4.2e-26   2.4e-24   81.9   0.0    86   269     3   174     1   176 0.98 -
d2py5a1c.55.3.5      -            183 d1q8ia1c.55.3.5.aln  -            294   3.8e-23   77.9   0.0   1   1   7.4e-25   4.2e-23   77.8   0.0    86   269     3   183     1   183 0.98 -
d2igia_c.55.3.5      -            180 d1q8ia1c.55.3.5.aln  -            294   8.8e-20   66.9   0.0   1   1   1.8e-21   9.9e-20   66.7   0.0    83   270     3   178     1   180 0.97 -
d1wlja_c.55.3.5      -            173 d1q8ia1c.55.3.5.aln  -            294   2.1e-15   52.5   0.0   1   1     4e-17   2.3e-15   52.4   0.0    93   273     1   168     1   173 0.97 -
#
# Program:         hmmsearch
# Version:         3.1b2 (February 2015)
# Pipeline mode:   SEARCH
# Query file:      hmmModels30/d1q8ia1c.55.3.5.hmm
# Target file:     scop/scopTestSeq.fasta
# Option settings: hmmsearch --domtblout hmmModels30/d1q8ia1c.55.3.5.out -E 1 hmmModels30/d1q8ia1c.55.3.5.hmm scop/scopTestSeq.fasta 
# Current dir:     /home/anastasia/SBAS/TME8
# Date:            Sat Apr  8 15:33:48 2023
# [ok]
