#                                                                            --- full sequence --- -------------- this domain -------------   hmm coord   ali coord   env coord
# target name        accession   tlen query name           accession   qlen   E-value  score  bias   #  of  c-Evalue  i-Evalue  score  bias  from    to  from    to  from    to  acc description of target
#------------------- ---------- ----- -------------------- ---------- ----- --------- ------ ----- --- --- --------- --------- ------ ----- ----- ----- ----- ----- ----- ----- ---- ---------------------
d1wk1a_d.169.1.1     -            150 d1qdda_d.169.1.1.aln -            131   1.5e-45  150.2   0.0   1   1   2.7e-47   1.6e-45  150.0   0.0     5   131     2   132     1   132 0.97 -
d1wmza_d.169.1.1     -            140 d1qdda_d.169.1.1.aln -            131   6.1e-41  135.2   8.2   1   1   1.1e-42   6.8e-41  135.0   8.2     1   130     2   139     2   140 0.98 -
d1gz2a_d.169.1.1     -            139 d1qdda_d.169.1.1.aln -            131   1.1e-37  124.6   0.1   1   1     2e-39   1.2e-37  124.5   0.1     2   129     2   138     1   139 0.97 -
d2ziba_d.169.1.1     -            130 d1qdda_d.169.1.1.aln -            131   7.7e-37  121.9   4.9   1   1   1.4e-38   8.4e-37  121.8   4.9     2   129     7   128     6   130 0.96 -
d3l9jc_d.169.1.1     -            134 d1qdda_d.169.1.1.aln -            131   6.5e-36  118.9   3.6   1   1   1.2e-37   7.1e-36  118.8   3.6     2   128     3   132     2   134 0.96 -
d1qo3c_d.169.1.1     -            133 d1qdda_d.169.1.1.aln -            131   1.6e-35  117.6   5.0   1   1     3e-37   1.8e-35  117.5   5.0     2   130    14   132    13   133 0.94 -
d1g1ta1d.169.1.1     -            118 d1qdda_d.169.1.1.aln -            131     2e-33  110.9   4.9   1   1   3.6e-35   2.2e-33  110.8   4.9    13   127     2   118     1   118 0.97 -
d1pwba1d.169.1.1     -            121 d1qdda_d.169.1.1.aln -            131   2.9e-33  110.3   0.0   1   1   5.2e-35   3.2e-33  110.2   0.0     6   128     3   121     1   121 0.97 -
d1kg0c_d.169.1.1     -            136 d1qdda_d.169.1.1.aln -            131   9.7e-33  108.7   2.8   1   1   2.1e-34   1.3e-32  108.3   2.8     1   130    18   135    18   136 0.98 -
d1h8ua_d.169.1.1     -            115 d1qdda_d.169.1.1.aln -            131   9.7e-32  105.4   5.5   1   1   1.7e-33   1.1e-31  105.3   5.5    14   127     2   114     1   115 0.95 -
d3hupa_d.169.1.1     -            121 d1qdda_d.169.1.1.aln -            131   9.1e-31  102.3   9.8   1   1   1.7e-32     1e-30  102.1   9.8     2   130     7   120     6   121 0.96 -
d1byfa_d.169.1.1     -            123 d1qdda_d.169.1.1.aln -            131   1.8e-29   98.1   0.1   1   1   3.2e-31   1.9e-29   98.0   0.1    13   130     3   122     1   123 0.96 -
d1qdda_d.169.1.1     -            144 d1qdda_d.169.1.1.aln -            131   1.4e-28   95.2   3.4   1   1   2.6e-30   1.6e-28   95.1   3.4     2   128    14   142    13   144 0.95 -
#
# Program:         hmmsearch
# Version:         3.1b2 (February 2015)
# Pipeline mode:   SEARCH
# Query file:      hmmModels30/d1qdda_d.169.1.1.hmm
# Target file:     scop/scopTestSeq.fasta
# Option settings: hmmsearch --domtblout hmmModels30/d1qdda_d.169.1.1.out -E 1 hmmModels30/d1qdda_d.169.1.1.hmm scop/scopTestSeq.fasta 
# Current dir:     /home/anastasia/SBAS/TME8
# Date:            Sat Apr  8 15:33:48 2023
# [ok]
