#                                                                            --- full sequence --- -------------- this domain -------------   hmm coord   ali coord   env coord
# target name        accession   tlen query name           accession   qlen   E-value  score  bias   #  of  c-Evalue  i-Evalue  score  bias  from    to  from    to  from    to  acc description of target
#------------------- ---------- ----- -------------------- ---------- ----- --------- ------ ----- --- --- --------- --------- ------ ----- ----- ----- ----- ----- ----- ----- ---- ---------------------
d1atia2d.104.1.1     -            394 d1qf6a4d.104.1.1.aln -            325  3.1e-139  459.4   6.1   1   1  6.4e-141  3.6e-139  459.2   6.1     1   325    17   355    17   355 1.00 -
d1b8aa2d.104.1.1     -            335 d1qf6a4d.104.1.1.aln -            325   1.7e-92  305.8   4.8   1   1   3.3e-94   1.9e-92  305.7   4.8     2   319     4   334     3   335 0.99 -
d1wu7a2d.104.1.1     -            327 d1qf6a4d.104.1.1.aln -            325   6.9e-82  270.9   0.2   1   1   1.4e-83   7.7e-82  270.8   0.2     1   325     3   322     3   322 0.99 -
d12asa_d.104.1.1     -            327 d1qf6a4d.104.1.1.aln -            325   5.2e-81  268.1   0.1   1   1     1e-82   5.7e-81  267.9   0.1     2   323     6   325     5   327 0.99 -
d1h4vb2d.104.1.1     -            324 d1qf6a4d.104.1.1.aln -            325   1.6e-72  240.1   6.8   1   1   3.2e-74   1.8e-72  240.0   6.8     2   325     2   318     1   318 0.99 -
d1z7ma1d.104.1.1     -            318 d1qf6a4d.104.1.1.aln -            325   5.4e-72  238.4   0.1   1   1   1.1e-73   6.1e-72  238.3   0.1     4   325     3   316     1   316 0.99 -
d1seta2d.104.1.1     -            311 d1qf6a4d.104.1.1.aln -            325   2.3e-67  223.2   2.1   1   1   4.6e-69   2.6e-67  223.0   2.1     3   318     4   310     2   311 0.99 -
d1g5ha2d.104.1.1     -            290 d1qf6a4d.104.1.1.aln -            325   1.5e-66  220.6   0.0   1   1   2.9e-68   1.6e-66  220.4   0.0     9   324     3   287     1   288 0.99 -
d1nnha_d.104.1.1     -            293 d1qf6a4d.104.1.1.aln -            325   1.3e-65  217.4   1.2   1   1   2.6e-67   1.5e-65  217.3   1.2     4   320     2   292     1   293 0.98 -
d1j5wa_d.104.1.1     -            281 d1qf6a4d.104.1.1.aln -            325   4.8e-61  202.4   1.2   1   1   9.5e-63   5.4e-61  202.3   1.2     4   317     2   281     1   281 0.99 -
d1hc7a2d.104.1.1     -            272 d1qf6a4d.104.1.1.aln -            325   5.4e-58  192.4   2.7   1   1   1.1e-59     6e-58  192.3   2.7     9   304     1   271     1   272 0.99 -
d1usya_d.104.1.1     -            275 d1qf6a4d.104.1.1.aln -            325   2.8e-51  170.3   0.0   1   1   5.5e-53   3.1e-51  170.2   0.0    17   317     3   275     1   275 0.98 -
d1yfsa2d.104.1.1     -            236 d1qf6a4d.104.1.1.aln -            325   2.8e-43  144.1   0.1   1   1   5.6e-45   3.1e-43  143.9   0.1    18   305     3   235     1   236 0.98 -
d1jjcb5d.104.1.1     -            207 d1qf6a4d.104.1.1.aln -            325     1e-27   92.9   1.9   1   1   2.2e-29   1.2e-27   92.7   1.9     4   265     2   207     1   207 0.98 -
#
# Program:         hmmsearch
# Version:         3.1b2 (February 2015)
# Pipeline mode:   SEARCH
# Query file:      hmmModels30/d1qf6a4d.104.1.1.hmm
# Target file:     scop/scopTestSeq.fasta
# Option settings: hmmsearch --domtblout hmmModels30/d1qf6a4d.104.1.1.out -E 1 hmmModels30/d1qf6a4d.104.1.1.hmm scop/scopTestSeq.fasta 
# Current dir:     /home/anastasia/SBAS/TME8
# Date:            Sat Apr  8 15:33:48 2023
# [ok]
