#                                                                            --- full sequence --- -------------- this domain -------------   hmm coord   ali coord   env coord
# target name        accession   tlen query name           accession   qlen   E-value  score  bias   #  of  c-Evalue  i-Evalue  score  bias  from    to  from    to  from    to  acc description of target
#------------------- ---------- ----- -------------------- ---------- ----- --------- ------ ----- --- --- --------- --------- ------ ----- ----- ----- ----- ----- ----- ----- ---- ---------------------
d1e2ka_c.37.1.1      -            329 d1qf9a_c.37.1.1.aln  -            209  6.3e-112  367.8   0.0   1   1  1.6e-113  7.9e-112  367.4   0.0     1   209    73   293    73   293 1.00 -
d1p5zb_c.37.1.1      -            241 d1qf9a_c.37.1.1.aln  -            209   7.2e-54  178.1   0.0   1   1   1.7e-55   8.1e-54  177.9   0.0     1   209    17   236    17   236 0.99 -
d1deka_c.37.1.1      -            241 d1qf9a_c.37.1.1.aln  -            209   3.4e-53  175.9   0.0   1   1   7.8e-55   3.9e-53  175.7   0.0     1   205    24   240    24   241 0.99 -
d1t0hb_c.37.1.1      -            219 d1qf9a_c.37.1.1.aln  -            209   2.5e-40  133.9   0.0   1   1   5.7e-42   2.8e-40  133.7   0.0     2   208    10   212     9   213 0.99 -
d1vhta_c.37.1.1      -            208 d1qf9a_c.37.1.1.aln  -            209   2.8e-40  133.7   0.6   1   1   6.2e-42   3.1e-40  133.6   0.6    12   208     3   206     1   207 0.99 -
d1kjwa2c.37.1.1      -            199 d1qf9a_c.37.1.1.aln  -            209   5.6e-39  129.5   0.0   1   1   1.3e-40   6.2e-39  129.3   0.0     5   208     2   198     1   199 0.99 -
d1gsia_c.37.1.1      -            208 d1qf9a_c.37.1.1.aln  -            209   4.5e-33  110.2   0.0   1   1   9.9e-35   4.9e-33  110.0   0.0     2   206     2   203     1   206 0.98 -
d1khta_c.37.1.1      -            190 d1qf9a_c.37.1.1.aln  -            209   7.5e-32  106.2   0.0   1   1   1.7e-33   8.3e-32  106.0   0.0    13   203     2   189     1   190 0.98 -
d1lw7a2c.37.1.1      -            192 d1qf9a_c.37.1.1.aln  -            209   4.5e-30  100.4   0.0   1   1   9.9e-32   4.9e-30  100.3   0.0     6   202     1   191     1   192 0.97 -
d1kgda_c.37.1.1      -            178 d1qf9a_c.37.1.1.aln  -            209   5.7e-29   96.8   0.1   1   1   1.3e-30   6.3e-29   96.6   0.1    10   197     1   178     1   178 0.98 -
d2grja_c.37.1.1      -            179 d1qf9a_c.37.1.1.aln  -            209   1.4e-28   95.5   0.0   1   1   3.1e-30   1.5e-28   95.4   0.0    10   197     1   179     1   179 0.99 -
d1y63a_c.37.1.1      -            174 d1qf9a_c.37.1.1.aln  -            209   1.5e-27   92.1   0.3   1   1   3.4e-29   1.7e-27   92.0   0.3     9   199     2   173     1   174 0.98 -
d1zina1c.37.1.1      -            183 d1qf9a_c.37.1.1.aln  -            209   5.1e-26   87.1   0.0   1   1   1.1e-27   5.6e-26   87.0   0.0    13   200     1   182     1   183 0.98 -
d1yj5a2c.37.1.1      -            172 d1qf9a_c.37.1.1.aln  -            209   2.5e-24   81.6   0.0   1   1   6.1e-26     3e-24   81.3   0.0    34   206     6   172     2   172 0.98 -
d1ly1a_c.37.1.1      -            152 d1qf9a_c.37.1.1.aln  -            209     5e-23   77.3   0.0   1   1   1.2e-24   5.8e-23   77.1   0.0    11   149     1   132     1   143 0.96 -
d3kb2a_c.37.1.1      -            171 d1qf9a_c.37.1.1.aln  -            209   1.8e-21   72.3   0.0   1   1   3.9e-23   1.9e-21   72.2   0.0    15   201     3   171     1   171 0.97 -
#
# Program:         hmmsearch
# Version:         3.1b2 (February 2015)
# Pipeline mode:   SEARCH
# Query file:      hmmModels30/d1qf9a_c.37.1.1.hmm
# Target file:     scop/scopTestSeq.fasta
# Option settings: hmmsearch --domtblout hmmModels30/d1qf9a_c.37.1.1.out -E 1 hmmModels30/d1qf9a_c.37.1.1.hmm scop/scopTestSeq.fasta 
# Current dir:     /home/anastasia/SBAS/TME8
# Date:            Sat Apr  8 15:33:48 2023
# [ok]
