#                                                                            --- full sequence --- -------------- this domain -------------   hmm coord   ali coord   env coord
# target name        accession   tlen query name           accession   qlen   E-value  score  bias   #  of  c-Evalue  i-Evalue  score  bias  from    to  from    to  from    to  acc description of target
#------------------- ---------- ----- -------------------- ---------- ----- --------- ------ ----- --- --- --------- --------- ------ ----- ----- ----- ----- ----- ----- ----- ---- ---------------------
d1p1ja1c.2.1.3       -            411 d1qkia1c.2.1.3.aln   -            191  5.5e-105  344.9   0.1   1   1  2.3e-106  7.3e-105  344.5   0.1     1   191    53   281    53   281 1.00 -
d3cina1c.2.1.3       -            276 d1qkia1c.2.1.3.aln   -            191   2.9e-59  195.8   0.1   1   1   1.1e-60   3.4e-59  195.6   0.1     2   191     1   225     1   225 0.99 -
d1h6da1c.2.1.3       -            222 d1qkia1c.2.1.3.aln   -            191   4.5e-44  146.2   0.0   1   1   1.6e-45     5e-44  146.1   0.0     2   190    32   221    31   222 0.99 -
d1gr0a1c.2.1.3       -            244 d1qkia1c.2.1.3.aln   -            191     2e-42  140.8   0.8   1   1   8.5e-44   2.7e-42  140.4   0.8     3   190     2   200     1   201 0.99 -
d2nvwa1c.2.1.3       -            238 d1qkia1c.2.1.3.aln   -            191   1.4e-40  134.9   0.0   1   1     5e-42   1.6e-40  134.7   0.0     2   190    15   212    14   213 0.99 -
d1ydwa1c.2.1.3       -            185 d1qkia1c.2.1.3.aln   -            191   1.2e-24   82.9   0.0   1   1   4.4e-26   1.4e-24   82.7   0.0     3   184     1   181     1   184 0.97 -
d1zh8a1c.2.1.3       -            182 d1qkia1c.2.1.3.aln   -            191   1.3e-22   76.2   0.0   1   1   4.8e-24   1.5e-22   76.0   0.0     2   176     2   174     1   181 0.96 -
d1xeaa1c.2.1.3       -            168 d1qkia1c.2.1.3.aln   -            191   4.2e-20   68.0   0.0   1   1   1.4e-21   4.5e-20   67.9   0.0     4   172     2   165     1   168 0.97 -
d1h9aa1c.2.1.3       -            196 d1qkia1c.2.1.3.aln   -            191   2.4e-19   65.6   0.0   1   1   8.4e-21   2.6e-19   65.4   0.0     3   190     3   189     1   190 0.98 -
d1lc0a1c.2.1.3       -            173 d1qkia1c.2.1.3.aln   -            191   3.7e-18   61.7   0.0   1   1   1.3e-19     4e-18   61.6   0.0     3   176     7   172     5   173 0.97 -
d1tlta1c.2.1.3       -            165 d1qkia1c.2.1.3.aln   -            191   3.5e-17   58.5   0.0   1   1   1.3e-18   4.2e-17   58.3   0.0     4   168     2   160     1   164 0.93 -
d1drua1c.2.1.3       -            161 d1qkia1c.2.1.3.aln   -            191   2.7e-15   52.4   0.0   1   1     1e-16   3.2e-15   52.1   0.0     3   169     2   158     1   160 0.98 -
d1cf2o1c.2.1.3       -            172 d1qkia1c.2.1.3.aln   -            191   2.4e-14   49.3   1.0   1   1   8.2e-16   2.6e-14   49.2   1.0     3   172     1   170     1   172 0.98 -
d1e5qa1c.2.1.3       -            183 d1qkia1c.2.1.3.aln   -            191   6.3e-14   47.9   0.1   1   1   2.1e-15   6.8e-14   47.8   0.1     4   180     3   180     1   183 0.97 -
d1ebfa1c.2.1.3       -            169 d1qkia1c.2.1.3.aln   -            191   7.7e-14   47.6   0.1   1   1   2.8e-15   8.8e-14   47.4   0.1     2   165     3   163     2   168 0.96 -
d1f06a1c.2.1.3       -            171 d1qkia1c.2.1.3.aln   -            191   8.6e-14   47.4   0.0   1   1     3e-15   9.4e-14   47.3   0.0     2   166     2   161     1   170 0.91 -
d1vkna1c.2.1.3       -            177 d1qkia1c.2.1.3.aln   -            191   1.4e-13   46.7   0.0   1   1   4.9e-15   1.5e-13   46.6   0.0     3   176     1   170     1   177 0.95 -
d2g82a1c.2.1.3       -            169 d1qkia1c.2.1.3.aln   -            191   1.5e-12   43.4   0.1   1   1   5.7e-14   1.8e-12   43.1   0.1     4   174     1   159     1   167 0.96 -
d1t4ba1c.2.1.3       -            147 d1qkia1c.2.1.3.aln   -            191   7.3e-08   28.1   0.0   1   1   5.1e-09   1.6e-07   27.0   0.0     7   167     6   145     1   147 0.95 -
d1q0qa2c.2.1.3       -            152 d1qkia1c.2.1.3.aln   -            191   8.4e-08   27.9   0.0   1   1     3e-09   9.5e-08   27.7   0.0     3   165     1   151     1   152 0.94 -
d1nvmb1c.2.1.3       -            158 d1qkia1c.2.1.3.aln   -            191     2e-07   26.7   0.2   1   1   7.7e-09   2.4e-07   26.4   0.2     3   167     4   153     2   158 0.86 -
d1j5pa4c.2.1.3       -            133 d1qkia1c.2.1.3.aln   -            191   1.1e-05   21.0   0.0   1   1   1.1e-06   3.4e-05   19.4   0.0     2   156     1   129     1   132 0.94 -
d1yl7a1c.2.1.3       -            136 d1qkia1c.2.1.3.aln   -            191   2.3e-05   20.0   0.0   1   1   8.1e-06   0.00026   16.5   0.0     5   168     1   134     1   136 0.95 -
d1vpda2c.2.1.6       -            161 d1qkia1c.2.1.3.aln   -            191    0.0038   12.7   0.1   1   1   0.00019    0.0059   12.1   0.1     4    89     1    76     1   161 0.73 -
d1piwa2c.2.1.1       -            168 d1qkia1c.2.1.3.aln   -            191    0.0056   12.2   0.0   1   1   0.00022     0.007   11.9   0.0     4    27    29    52    28   100 0.77 -
#
# Program:         hmmsearch
# Version:         3.1b2 (February 2015)
# Pipeline mode:   SEARCH
# Query file:      hmmModels30/d1qkia1c.2.1.3.hmm
# Target file:     scop/scopTestSeq.fasta
# Option settings: hmmsearch --domtblout hmmModels30/d1qkia1c.2.1.3.out -E 1 hmmModels30/d1qkia1c.2.1.3.hmm scop/scopTestSeq.fasta 
# Current dir:     /home/anastasia/SBAS/TME8
# Date:            Sat Apr  8 15:33:48 2023
# [ok]
