#                                                                            --- full sequence --- -------------- this domain -------------   hmm coord   ali coord   env coord
# target name        accession   tlen query name           accession   qlen   E-value  score  bias   #  of  c-Evalue  i-Evalue  score  bias  from    to  from    to  from    to  acc description of target
#------------------- ---------- ----- -------------------- ---------- ----- --------- ------ ----- --- --- --------- --------- ------ ----- ----- ----- ----- ----- ----- ----- ---- ---------------------
d2bg1a1e.3.1.1       -            453 d1qmea4e.3.1.1.aln   -            339    4e-129  426.1  15.5   1   1    1e-130  4.8e-129  425.9  15.5     1   339    56   437    56   437 1.00 -
d2olua2e.3.1.1       -            400 d1qmea4e.3.1.1.aln   -            339   2.5e-97  321.6  14.1   1   1     7e-99   3.3e-97  321.2  14.1     1   339    38   388    38   388 0.99 -
d2dcfa1e.3.1.1       -            388 d1qmea4e.3.1.1.aln   -            339   8.7e-97  319.8   0.0   1   1   2.1e-98   9.9e-97  319.6   0.0     2   338    49   385    48   386 0.99 -
d1ci9a_e.3.1.1       -            377 d1qmea4e.3.1.1.aln   -            339   5.5e-91  300.7   0.0   1   1   1.3e-92   6.1e-91  300.6   0.0     3   339     3   366     1   366 0.99 -
d2drwa1e.3.1.1       -            362 d1qmea4e.3.1.1.aln   -            339   1.2e-90  299.6   0.0   1   1     3e-92   1.4e-90  299.4   0.0     3   339     1   358     1   358 0.99 -
d2v2ff_e.3.1.1       -            384 d1qmea4e.3.1.1.aln   -            339   6.7e-90  297.2  17.8   1   1   1.7e-91   8.1e-90  296.9  17.8     1   339    41   384    41   384 0.99 -
d2hdsa_e.3.1.1       -            358 d1qmea4e.3.1.1.aln   -            339   1.4e-81  269.8   0.9   1   1   3.5e-83   1.6e-81  269.6   0.9     2   338     2   348     1   349 0.99 -
d1ei5a3e.3.1.1       -            333 d1qmea4e.3.1.1.aln   -            339   3.1e-81  268.7   0.0   1   1   7.3e-83   3.4e-81  268.5   0.0     3   335     2   333     1   333 0.99 -
d1yqsa_e.3.1.1       -            345 d1qmea4e.3.1.1.aln   -            339   5.1e-81  268.0   5.3   1   1   1.2e-82   5.7e-81  267.8   5.3     4   339     3   345     1   345 0.99 -
d1vqqa3e.3.1.1       -            341 d1qmea4e.3.1.1.aln   -            339   1.5e-70  233.6  11.4   1   1   3.6e-72   1.7e-70  233.4  11.4     2   326    12   340    11   341 0.99 -
d1tvfa2e.3.1.1       -            301 d1qmea4e.3.1.1.aln   -            339   3.3e-63  209.4  16.9   1   1   7.8e-65   3.6e-63  209.3  16.9     3   318     8   300     6   301 0.99 -
d1e25a_e.3.1.1       -            278 d1qmea4e.3.1.1.aln   -            339     1e-48  161.7   0.1   1   1   2.7e-50   1.2e-48  161.5   0.1    24   318     3   274     1   277 0.98 -
d2p74a_e.3.1.1       -            263 d1qmea4e.3.1.1.aln   -            339     8e-47  155.5   1.7   1   1   1.9e-48   8.7e-47  155.4   1.7    24   313     4   261     1   263 0.98 -
d1xp4a2e.3.1.1       -            269 d1qmea4e.3.1.1.aln   -            339   3.3e-44  146.9   6.4   1   1   7.8e-46   3.6e-44  146.8   6.4    25   319     2   269     1   269 0.96 -
d1es5a_e.3.1.1       -            260 d1qmea4e.3.1.1.aln   -            339   5.5e-44  146.2  14.6   1   1   1.3e-45   6.1e-44  146.1  14.6    25   316     3   258     1   260 0.97 -
d1xa1a_e.3.1.1       -            246 d1qmea4e.3.1.1.aln   -            339   3.8e-39  130.3   7.6   1   2   2.7e-23   1.3e-21   72.7   1.2     8   153     1   128     1   131 0.97 -
d1xa1a_e.3.1.1       -            246 d1qmea4e.3.1.1.aln   -            339   3.8e-39  130.3   7.6   2   2   2.7e-20   1.3e-18   62.8   1.0   195   317   126   245   125   246 0.97 -
d1alqa_e.3.1.1       -            263 d1qmea4e.3.1.1.aln   -            339     2e-36  121.3   4.6   1   1   4.7e-38   2.2e-36  121.2   4.6    23   305     3   254     1   263 0.97 -
#
# Program:         hmmsearch
# Version:         3.1b2 (February 2015)
# Pipeline mode:   SEARCH
# Query file:      hmmModels30/d1qmea4e.3.1.1.hmm
# Target file:     scop/scopTestSeq.fasta
# Option settings: hmmsearch --domtblout hmmModels30/d1qmea4e.3.1.1.out -E 1 hmmModels30/d1qmea4e.3.1.1.hmm scop/scopTestSeq.fasta 
# Current dir:     /home/anastasia/SBAS/TME8
# Date:            Sat Apr  8 15:33:48 2023
# [ok]
