#                                                                            --- full sequence --- -------------- this domain -------------   hmm coord   ali coord   env coord
# target name        accession   tlen query name           accession   qlen   E-value  score  bias   #  of  c-Evalue  i-Evalue  score  bias  from    to  from    to  from    to  acc description of target
#------------------- ---------- ----- -------------------- ---------- ----- --------- ------ ----- --- --- --------- --------- ------ ----- ----- ----- ----- ----- ----- ----- ---- ---------------------
d1ur4a_c.1.8.3       -            387 d1qnra_c.1.8.3.aln   -            354  5.2e-130  429.1  12.9   1   1  1.6e-131  5.8e-130  428.9  12.9     1   353     3   384     3   385 0.99 -
d1edga_c.1.8.3       -            380 d1qnra_c.1.8.3.aln   -            354   6.8e-95  313.5  16.5   1   1   2.1e-96   7.7e-95  313.4  16.5     1   352    22   378    22   380 0.99 -
d1uuqa_c.1.8.3       -            410 d1qnra_c.1.8.3.aln   -            354   7.3e-95  313.5  18.9   1   1   2.3e-96   8.2e-95  313.3  18.9     1   353    23   407    23   408 1.00 -
d3n9ka_c.1.8.3       -            394 d1qnra_c.1.8.3.aln   -            354     1e-86  286.7  21.2   1   1   3.2e-88   1.1e-86  286.5  21.2     2   353    22   389    21   390 0.99 -
d1rh9a1c.1.8.3       -            370 d1qnra_c.1.8.3.aln   -            354     1e-76  253.8   8.1   1   1   3.2e-78   1.1e-76  253.6   8.1     1   351     8   364     8   367 0.99 -
d1hjua_c.1.8.3       -            332 d1qnra_c.1.8.3.aln   -            354   1.2e-76  253.6  16.4   1   1   3.7e-78   1.3e-76  253.4  16.4    12   349     3   331     1   332 0.99 -
d1qw9a2c.1.8.3       -            367 d1qnra_c.1.8.3.aln   -            354   5.8e-76  251.3   1.8   1   1   1.8e-77   6.6e-76  251.1   1.8     1   351    20   366    20   367 0.99 -
d1ecea_c.1.8.3       -            358 d1qnra_c.1.8.3.aln   -            354   6.3e-74  244.6  15.9   1   1   1.9e-75     7e-74  244.4  15.9     1   352     3   357     3   358 0.99 -
d1ceoa_c.1.8.3       -            340 d1qnra_c.1.8.3.aln   -            354     1e-71  237.3   1.3   1   1   3.1e-73   1.1e-71  237.2   1.3    10   352     2   338     1   340 0.98 -
d1odza_c.1.8.3       -            381 d1qnra_c.1.8.3.aln   -            354   1.5e-71  236.7  11.4   1   1   4.8e-73   1.7e-71  236.6  11.4     1   354     4   376     4   376 0.99 -
d1w91a2c.1.8.3       -            347 d1qnra_c.1.8.3.aln   -            354   1.7e-69  230.0   0.0   1   1   5.2e-71   1.9e-69  229.9   0.0     4   353     1   345     1   346 0.99 -
d1vjza_c.1.8.3       -            325 d1qnra_c.1.8.3.aln   -            354   4.4e-65  215.5   0.2   1   1   1.3e-66   4.8e-65  215.4   0.2    11   352     2   322     1   324 0.98 -
d2nt0a2c.1.8.3       -            354 d1qnra_c.1.8.3.aln   -            354   4.7e-63  208.8   0.0   1   1   1.5e-64   5.2e-63  208.7   0.0     2   353     2   352     1   353 0.99 -
d2je8a5c.1.8.3       -            348 d1qnra_c.1.8.3.aln   -            354   1.8e-62  206.9   6.0   1   1   5.6e-64     2e-62  206.7   6.0     2   353     2   343     1   344 0.99 -
d2vzsa5c.1.8.3       -            339 d1qnra_c.1.8.3.aln   -            354   2.5e-58  193.3   2.3   1   1   7.7e-60   2.8e-58  193.1   2.3     2   351     5   338     4   339 0.98 -
d1h1na_c.1.8.3       -            305 d1qnra_c.1.8.3.aln   -            354   5.3e-57  188.9  13.4   1   1   1.6e-58   5.9e-57  188.8  13.4     8   345     3   301     1   305 0.98 -
d1bqca_c.1.8.3       -            302 d1qnra_c.1.8.3.aln   -            354   7.8e-52  171.9   7.4   1   1   2.4e-53   8.6e-52  171.8   7.4    12   352     2   301     1   302 0.97 -
d1jz8a5c.1.8.3       -            292 d1qnra_c.1.8.3.aln   -            354   1.8e-47  157.6   0.4   1   1   5.6e-49     2e-47  157.4   0.4    12   352     4   292     1   292 0.98 -
d7a3ha_c.1.8.3       -            300 d1qnra_c.1.8.3.aln   -            354   2.2e-47  157.3  12.5   1   1   6.7e-49   2.4e-47  157.2  12.5     4   336     3   294     1   300 0.97 -
d1i1wa_c.1.8.3       -            303 d1qnra_c.1.8.3.aln   -            354   4.8e-40  133.1   5.8   1   1   1.5e-41   5.2e-40  133.0   5.8    12   352     4   302     1   303 0.96 -
d2v3ga_c.1.8.3       -            273 d1qnra_c.1.8.3.aln   -            354   3.7e-35  117.1  23.0   1   1   1.7e-36   6.2e-35  116.3  23.0     7   337     1   270     1   273 0.95 -
d1nofa2c.1.8.3       -            277 d1qnra_c.1.8.3.aln   -            354   1.4e-33  111.8   3.7   1   1   1.2e-34   4.4e-33  110.2   3.7    10   349     2   276     1   277 0.98 -
#
# Program:         hmmsearch
# Version:         3.1b2 (February 2015)
# Pipeline mode:   SEARCH
# Query file:      hmmModels30/d1qnra_c.1.8.3.hmm
# Target file:     scop/scopTestSeq.fasta
# Option settings: hmmsearch --domtblout hmmModels30/d1qnra_c.1.8.3.out -E 1 hmmModels30/d1qnra_c.1.8.3.hmm scop/scopTestSeq.fasta 
# Current dir:     /home/anastasia/SBAS/TME8
# Date:            Sat Apr  8 15:33:48 2023
# [ok]
