#                                                                            --- full sequence --- -------------- this domain -------------   hmm coord   ali coord   env coord
# target name        accession   tlen query name           accession   qlen   E-value  score  bias   #  of  c-Evalue  i-Evalue  score  bias  from    to  from    to  from    to  acc description of target
#------------------- ---------- ----- -------------------- ---------- ----- --------- ------ ----- --- --- --------- --------- ------ ----- ----- ----- ----- ----- ----- ----- ---- ---------------------
d1kola2c.2.1.1       -            195 d1qora2c.2.1.1.aln   -            181   1.2e-64  212.5   0.9   1   1   2.7e-66   1.3e-64  212.3   0.9     3   181     1   191     1   191 0.99 -
d1pqwa_c.2.1.1       -            183 d1qora2c.2.1.1.aln   -            181   4.3e-59  194.4   0.4   1   1   9.8e-61   4.8e-59  194.2   0.4     4   181     1   175     1   175 0.98 -
d1vj0a2c.2.1.1       -            182 d1qora2c.2.1.1.aln   -            181   3.5e-57  188.2   0.0   1   1   7.8e-59   3.8e-57  188.0   0.0     2   180     2   181     1   182 0.98 -
d1gu7a2c.2.1.1       -            189 d1qora2c.2.1.1.aln   -            181   3.6e-55  181.6   0.0   1   1   8.2e-57     4e-55  181.5   0.0     2   181     2   188     1   188 0.97 -
d2dm6a2c.2.1.1       -            182 d1qora2c.2.1.1.aln   -            181   6.2e-54  177.6   0.1   1   1   1.4e-55   6.8e-54  177.4   0.1     5   181     6   182     2   182 0.98 -
d1yb5a2c.2.1.1       -            174 d1qora2c.2.1.1.aln   -            181   7.4e-54  177.3   1.9   1   1   1.6e-55   8.1e-54  177.2   1.9     2   177     2   174     1   174 0.99 -
d1jqba2c.2.1.1       -            174 d1qora2c.2.1.1.aln   -            181   2.8e-53  175.5   3.6   1   1   6.2e-55   3.1e-53  175.3   3.6     1   176     1   173     1   174 0.98 -
d1h2ba2c.2.1.1       -            172 d1qora2c.2.1.1.aln   -            181   3.5e-53  175.1   1.6   1   1   7.8e-55   3.8e-53  175.0   1.6     2   170     5   171     4   172 0.98 -
d2jhfa2c.2.1.1       -            176 d1qora2c.2.1.1.aln   -            181   7.8e-51  167.5   1.0   1   1   1.7e-52   8.5e-51  167.4   1.0     2   177     2   174     1   176 0.98 -
d1pl8a2c.2.1.1       -            171 d1qora2c.2.1.1.aln   -            181   3.2e-47  155.7   4.0   1   1   6.9e-49   3.4e-47  155.6   4.0     6   172     3   170     1   171 0.97 -
d1o89a2c.2.1.1       -            177 d1qora2c.2.1.1.aln   -            181   1.4e-46  153.6   0.4   1   1   3.2e-48   1.6e-46  153.4   0.4     2   180     5   176     4   177 0.98 -
d1piwa2c.2.1.1       -            168 d1qora2c.2.1.1.aln   -            181   1.5e-43  143.8   0.1   1   1   3.3e-45   1.6e-43  143.7   0.1     2   172     2   166     1   168 0.98 -
d1qora2c.2.1.1       -            179 d1qora2c.2.1.1.aln   -            181   1.5e-27   91.6   0.2   1   1   3.5e-29   1.7e-27   91.4   0.2     3   131     3   128     1   148 0.95 -
d1c1da1c.2.1.7       -            201 d1qora2c.2.1.1.aln   -            181   7.4e-06   20.9   3.6   1   2   1.5e-07   7.4e-06   20.9   3.6    21    85    18    82    15    85 0.87 -
d1c1da1c.2.1.7       -            201 d1qora2c.2.1.1.aln   -            181   7.4e-06   20.9   3.6   2   2      0.47        23   -0.2   0.1    31    62    85   114    79   128 0.78 -
d1luaa1c.2.1.7       -            191 d1qora2c.2.1.1.aln   -            181    0.0011   13.9   7.8   1   1   4.5e-05    0.0022   12.9   7.8    22    71    16    65     4    70 0.84 -
d3mw9a1c.2.1.7       -            293 d1qora2c.2.1.1.aln   -            181    0.0048   11.8   0.0   1   2   0.00022     0.011   10.6   0.0    27    62    34    68    22    75 0.85 -
d3mw9a1c.2.1.7       -            293 d1qora2c.2.1.1.aln   -            181    0.0048   11.8   0.0   2   2       4.2   2.1e+02   -3.3   0.0   130   169   233   272   232   282 0.63 -
#
# Program:         hmmsearch
# Version:         3.1b2 (February 2015)
# Pipeline mode:   SEARCH
# Query file:      hmmModels30/d1qora2c.2.1.1.hmm
# Target file:     scop/scopTestSeq.fasta
# Option settings: hmmsearch --domtblout hmmModels30/d1qora2c.2.1.1.out -E 1 hmmModels30/d1qora2c.2.1.1.hmm scop/scopTestSeq.fasta 
# Current dir:     /home/anastasia/SBAS/TME8
# Date:            Sat Apr  8 15:33:48 2023
# [ok]
