#                                                                            --- full sequence --- -------------- this domain -------------   hmm coord   ali coord   env coord
# target name        accession   tlen query name           accession   qlen   E-value  score  bias   #  of  c-Evalue  i-Evalue  score  bias  from    to  from    to  from    to  acc description of target
#------------------- ---------- ----- -------------------- ---------- ----- --------- ------ ----- --- --- --------- --------- ------ ----- ----- ----- ----- ----- ----- ----- ---- ---------------------
d1wk1a_d.169.1.1     -            150 d1qo3c_d.169.1.1.aln -            129   3.3e-45  149.0   0.0   1   1   6.1e-47   3.7e-45  148.8   0.0     5   128     2   131     1   132 0.98 -
d1qdda_d.169.1.1     -            144 d1qo3c_d.169.1.1.aln -            129   6.7e-44  144.8   3.7   1   1   1.2e-45   7.5e-44  144.6   3.7     1   127    13   143    13   144 0.99 -
d1wmza_d.169.1.1     -            140 d1qo3c_d.169.1.1.aln -            129   4.1e-40  132.5   8.7   1   1   7.5e-42   4.6e-40  132.4   8.7     1   128     2   139     2   140 0.98 -
d1gz2a_d.169.1.1     -            139 d1qo3c_d.169.1.1.aln -            129   1.9e-37  123.9   0.1   1   1   3.4e-39   2.1e-37  123.8   0.1     2   127     2   138     1   139 0.98 -
d2ziba_d.169.1.1     -            130 d1qo3c_d.169.1.1.aln -            129   2.5e-37  123.5   5.4   1   1   4.5e-39   2.8e-37  123.4   5.4     2   127     7   128     6   130 0.98 -
d3l9jc_d.169.1.1     -            134 d1qo3c_d.169.1.1.aln -            129   6.8e-35  115.6   3.8   1   1   1.2e-36   7.5e-35  115.5   3.8     1   126     2   132     2   134 0.96 -
d1g1ta1d.169.1.1     -            118 d1qo3c_d.169.1.1.aln -            129   4.5e-33  109.8   5.1   1   1   8.1e-35   4.9e-33  109.6   5.1    13   125     2   118     1   118 0.96 -
d1pwba1d.169.1.1     -            121 d1qo3c_d.169.1.1.aln -            129   7.8e-33  109.0   0.0   1   1   1.4e-34   8.5e-33  108.8   0.0     6   126     3   121     1   121 0.97 -
d1h8ua_d.169.1.1     -            115 d1qo3c_d.169.1.1.aln -            129   3.7e-31  103.5   5.5   1   1   6.6e-33     4e-31  103.4   5.5    14   125     2   114     1   115 0.97 -
d1kg0c_d.169.1.1     -            136 d1qo3c_d.169.1.1.aln -            129   3.7e-30  100.3   3.0   1   1   8.6e-32   5.2e-30   99.8   3.0     1   128    18   135    18   136 0.97 -
d1byfa_d.169.1.1     -            123 d1qo3c_d.169.1.1.aln -            129   1.3e-29   98.5   0.1   1   1   2.4e-31   1.4e-29   98.4   0.1    12   127     2   121     1   123 0.96 -
d3hupa_d.169.1.1     -            121 d1qo3c_d.169.1.1.aln -            129   1.1e-28   95.5   9.7   1   1   2.1e-30   1.3e-28   95.4   9.7     1   128     6   120     6   121 0.94 -
d1qo3c_d.169.1.1     -            133 d1qo3c_d.169.1.1.aln -            129   5.1e-18   61.1   3.9   1   1   1.1e-19   6.4e-18   60.7   3.9     5   127    17   131    15   133 0.89 -
#
# Program:         hmmsearch
# Version:         3.1b2 (February 2015)
# Pipeline mode:   SEARCH
# Query file:      hmmModels30/d1qo3c_d.169.1.1.hmm
# Target file:     scop/scopTestSeq.fasta
# Option settings: hmmsearch --domtblout hmmModels30/d1qo3c_d.169.1.1.out -E 1 hmmModels30/d1qo3c_d.169.1.1.hmm scop/scopTestSeq.fasta 
# Current dir:     /home/anastasia/SBAS/TME8
# Date:            Sat Apr  8 15:33:48 2023
# [ok]
