#                                                                            --- full sequence --- -------------- this domain -------------   hmm coord   ali coord   env coord
# target name        accession   tlen query name           accession   qlen   E-value  score  bias   #  of  c-Evalue  i-Evalue  score  bias  from    to  from    to  from    to  acc description of target
#------------------- ---------- ----- -------------------- ---------- ----- --------- ------ ----- --- --- --------- --------- ------ ----- ----- ----- ----- ----- ----- ----- ---- ---------------------
d1omra_a.39.1.5      -            201 d1qv0a_a.39.1.5.aln  -            168   2.5e-64  211.7   2.7   1   1   5.1e-66   2.9e-64  211.5   2.7     1   167     9   188     9   189 0.99 -
d1jbaa_a.39.1.5      -            189 d1qv0a_a.39.1.5.aln  -            168   3.4e-63  208.0   1.6   1   1   6.7e-65   3.8e-63  207.8   1.6     1   168     5   187     5   187 0.99 -
d2zfda1a.39.1.5      -            183 d1qv0a_a.39.1.5.aln  -            168   1.2e-52  173.6   4.4   1   1   2.4e-54   1.4e-52  173.5   4.4     3   168     2   175     1   175 0.99 -
d2sasa_a.39.1.5      -            185 d1qv0a_a.39.1.5.aln  -            168   3.4e-51  168.9   0.5   1   1   6.8e-53   3.8e-51  168.8   0.5     1   168     6   182     6   182 0.99 -
d1exra_a.39.1.5      -            146 d1qv0a_a.39.1.5.aln  -            168   3.1e-50  165.8   7.3   1   1     6e-52   3.4e-50  165.7   7.3    11   155     2   145     1   146 0.98 -
d1xo5a_a.39.1.5      -            180 d1qv0a_a.39.1.5.aln  -            168   4.3e-47  155.6   0.1   1   1   8.5e-49   4.8e-47  155.4   0.1     2   167     5   179     4   180 0.98 -
d2scpa_a.39.1.5      -            174 d1qv0a_a.39.1.5.aln  -            168   1.2e-45  150.9   4.3   1   1   2.4e-47   1.3e-45  150.7   4.3     3   167     2   167     1   168 0.99 -
d1nyaa_a.39.1.5      -            176 d1qv0a_a.39.1.5.aln  -            168   1.6e-45  150.5   0.7   1   1     3e-47   1.7e-45  150.4   0.7     2   167     6   175     5   176 0.99 -
d1jfka_a.39.1.5      -            134 d1qv0a_a.39.1.5.aln  -            168   1.5e-38  127.8   6.4   1   1   2.8e-40   1.6e-38  127.7   6.4    20   154     2   133     1   134 0.97 -
d1s6ja_a.39.1.5      -             87 d1qv0a_a.39.1.5.aln  -            168   2.9e-26   87.8   2.3   1   1   5.4e-28   3.1e-26   87.7   2.3    74   156     3    87     1    87 0.97 -
d1j7qa_a.39.1.5      -             86 d1qv0a_a.39.1.5.aln  -            168   5.5e-23   77.1   0.0   1   1     1e-24   5.8e-23   77.1   0.0    78   163     2    85     1    86 0.95 -
d1qv0a_a.39.1.5      -            189 d1qv0a_a.39.1.5.aln  -            168   1.1e-12   43.6   1.8   1   2   9.1e-05    0.0051   12.2   0.1   131   156    17    42    13    53 0.83 -
d1qv0a_a.39.1.5      -            189 d1qv0a_a.39.1.5.aln  -            168   1.1e-12   43.6   1.8   2   2     9e-10   5.1e-08   28.5   0.3    54   152    60   167    42   172 0.84 -
d1ctaa_a.39.1.5      -             34 d1qv0a_a.39.1.5.aln  -            168   9.5e-11   37.3   0.1   1   1   1.7e-12   9.6e-11   37.3   0.1    89   122     2    34     1    34 0.90 -
d2gf6a1d.38.1.1      -            134 d1qv0a_a.39.1.5.aln  -            168    0.0019   13.6   0.1   1   2   0.00057     0.032    9.6   0.1    97   130    11    44     2    45 0.90 -
d2gf6a1d.38.1.1      -            134 d1qv0a_a.39.1.5.aln  -            168    0.0019   13.6   0.1   2   2      0.13       7.4    1.9   0.0    58    78    89   109    81   116 0.87 -
#
# Program:         hmmsearch
# Version:         3.1b2 (February 2015)
# Pipeline mode:   SEARCH
# Query file:      hmmModels30/d1qv0a_a.39.1.5.hmm
# Target file:     scop/scopTestSeq.fasta
# Option settings: hmmsearch --domtblout hmmModels30/d1qv0a_a.39.1.5.out -E 1 hmmModels30/d1qv0a_a.39.1.5.hmm scop/scopTestSeq.fasta 
# Current dir:     /home/anastasia/SBAS/TME8
# Date:            Sat Apr  8 15:33:48 2023
# [ok]
