#                                                                            --- full sequence --- -------------- this domain -------------   hmm coord   ali coord   env coord
# target name        accession   tlen query name           accession   qlen   E-value  score  bias   #  of  c-Evalue  i-Evalue  score  bias  from    to  from    to  from    to  acc description of target
#------------------- ---------- ----- -------------------- ---------- ----- --------- ------ ----- --- --- --------- --------- ------ ----- ----- ----- ----- ----- ----- ----- ---- ---------------------
d1i4ua_b.60.1.1      -            181 d1qwda_b.60.1.1.aln  -            166   4.1e-54  178.7   0.4   1   1   8.1e-56   4.5e-54  178.6   0.4     1   166     9   177     9   177 0.99 -
d1kt7a_b.60.1.1      -            175 d1qwda_b.60.1.1.aln  -            166   4.5e-54  178.6   0.1   1   1     9e-56     5e-54  178.4   0.1     1   163     3   175     3   175 0.99 -
d3s26a_b.60.1.1      -            176 d1qwda_b.60.1.1.aln  -            166   1.1e-53  177.3   0.1   1   1   2.3e-55   1.3e-53  177.1   0.1     1   165     5   175     5   176 0.99 -
d1kxoa_b.60.1.1      -            171 d1qwda_b.60.1.1.aln  -            166   3.7e-49  162.6   0.6   1   1   7.2e-51   4.1e-49  162.5   0.6     1   164     5   170     5   171 0.99 -
d3kffa_b.60.1.1      -            152 d1qwda_b.60.1.1.aln  -            166   1.1e-48  161.0   0.2   1   1   2.1e-50   1.2e-48  160.9   0.2    14   165     2   151     1   152 0.98 -
d1lf7a_b.60.1.1      -            171 d1qwda_b.60.1.1.aln  -            166   1.6e-48  160.5   0.0   1   1   3.2e-50   1.8e-48  160.4   0.0     2   165     2   162     1   163 0.98 -
d3saoa_b.60.1.1      -            155 d1qwda_b.60.1.1.aln  -            166   7.7e-48  158.3   0.3   1   1   1.5e-49   8.6e-48  158.2   0.3    16   165     1   149     1   150 0.98 -
d1x8qa_b.60.1.1      -            184 d1qwda_b.60.1.1.aln  -            166   6.4e-46  152.0   6.6   1   1   1.3e-47   7.1e-46  151.9   6.6     8   166     4   175     1   175 0.97 -
d1epba_b.60.1.1      -            160 d1qwda_b.60.1.1.aln  -            166   5.2e-44  145.8   0.1   1   1     1e-45   5.7e-44  145.7   0.1    11   164     2   154     1   156 0.98 -
d1qfta_b.60.1.1      -            175 d1qwda_b.60.1.1.aln  -            166   1.1e-43  144.8   8.0   1   1   2.1e-45   1.2e-43  144.7   8.0     1   165     2   174     2   175 0.99 -
d1dzka_b.60.1.1      -            148 d1qwda_b.60.1.1.aln  -            166   8.1e-37  122.4   0.1   1   1   1.6e-38   8.9e-37  122.3   0.1    17   164     2   148     1   148 0.98 -
d1xkia_b.60.1.1      -            139 d1qwda_b.60.1.1.aln  -            166   1.9e-33  111.5   0.0   1   1   3.8e-35   2.1e-33  111.3   0.0    18   158     2   138     1   139 0.98 -
d2joza1b.60.1.1      -            126 d1qwda_b.60.1.1.aln  -            166   2.5e-22   75.3   0.1   1   1   4.9e-24   2.8e-22   75.2   0.1    27   161     2   125     1   126 0.97 -
d1qwda_b.60.1.1      -            167 d1qwda_b.60.1.1.aln  -            166     2e-07   26.8   0.0   1   2   5.7e-06   0.00032   16.4   0.0     8    45    20    57    10    67 0.84 -
d1qwda_b.60.1.1      -            167 d1qwda_b.60.1.1.aln  -            166     2e-07   26.8   0.0   2   2    0.0016      0.09    8.5   0.0   118   152   125   159   103   165 0.82 -
#
# Program:         hmmsearch
# Version:         3.1b2 (February 2015)
# Pipeline mode:   SEARCH
# Query file:      hmmModels30/d1qwda_b.60.1.1.hmm
# Target file:     scop/scopTestSeq.fasta
# Option settings: hmmsearch --domtblout hmmModels30/d1qwda_b.60.1.1.out -E 1 hmmModels30/d1qwda_b.60.1.1.hmm scop/scopTestSeq.fasta 
# Current dir:     /home/anastasia/SBAS/TME8
# Date:            Sat Apr  8 15:33:48 2023
# [ok]
