#                                                                            --- full sequence --- -------------- this domain -------------   hmm coord   ali coord   env coord
# target name        accession   tlen query name           accession   qlen   E-value  score  bias   #  of  c-Evalue  i-Evalue  score  bias  from    to  from    to  from    to  acc description of target
#------------------- ---------- ----- -------------------- ---------- ----- --------- ------ ----- --- --- --------- --------- ------ ----- ----- ----- ----- ----- ----- ----- ---- ---------------------
d1kkoa2d.54.1.1      -            160 d1r0ma2d.54.1.1.aln  -            130     4e-54  177.8   0.0   1   1   6.4e-56   4.6e-54  177.6   0.0     1   130    21   158    21   158 0.99 -
d1wuea2d.54.1.1      -            126 d1r0ma2d.54.1.1.aln  -            130     1e-41  137.6   0.0   1   1   1.6e-43   1.2e-41  137.5   0.0     1   128     1   126     1   126 0.99 -
d1yeya2d.54.1.1      -            139 d1r0ma2d.54.1.1.aln  -            130   1.1e-39  131.1   0.2   1   1   1.7e-41   1.2e-39  131.0   0.2     2   129     2   138     1   139 0.98 -
d1sjda2d.54.1.1      -            125 d1r0ma2d.54.1.1.aln  -            130   9.3e-38  124.9   0.1   1   1   1.4e-39     1e-37  124.8   0.1     1   128     1   125     1   125 0.99 -
d2mnra2d.54.1.1      -            130 d1r0ma2d.54.1.1.aln  -            130   1.1e-36  121.4   0.3   1   1   1.7e-38   1.3e-36  121.2   0.3     2   130     3   129     2   129 0.98 -
d2gdqa2d.54.1.1      -            115 d1r0ma2d.54.1.1.aln  -            130     4e-35  116.4   0.0   1   1   6.2e-37   4.5e-35  116.2   0.0     1   128     1   115     1   115 0.99 -
d2gl5a2d.54.1.1      -            122 d1r0ma2d.54.1.1.aln  -            130     2e-33  110.9   0.0   1   1   3.1e-35   2.2e-33  110.7   0.0     2   128     2   122     1   122 0.99 -
d2akza2d.54.1.1      -            139 d1r0ma2d.54.1.1.aln  -            130   4.5e-33  109.7   0.0   1   1   6.9e-35     5e-33  109.6   0.0     2   130     1   137     1   137 0.99 -
d1jpdx2d.54.1.1      -            116 d1r0ma2d.54.1.1.aln  -            130   5.4e-31  103.0   0.1   1   1   8.6e-33   6.2e-31  102.8   0.1     1   127     2   115     2   116 0.99 -
d1r6wa2d.54.1.1      -            101 d1r0ma2d.54.1.1.aln  -            130   8.2e-24   79.8   0.2   1   1   4.9e-24   3.5e-22   74.5   0.2     1   127     1   101     1   101 0.98 -
d1r0ma2d.54.1.1      -            127 d1r0ma2d.54.1.1.aln  -            130   3.6e-11   38.9   0.1   1   1   5.5e-13   3.9e-11   38.8   0.1     2   128     4   127     3   127 0.92 -
#
# Program:         hmmsearch
# Version:         3.1b2 (February 2015)
# Pipeline mode:   SEARCH
# Query file:      hmmModels30/d1r0ma2d.54.1.1.hmm
# Target file:     scop/scopTestSeq.fasta
# Option settings: hmmsearch --domtblout hmmModels30/d1r0ma2d.54.1.1.out -E 1 hmmModels30/d1r0ma2d.54.1.1.hmm scop/scopTestSeq.fasta 
# Current dir:     /home/anastasia/SBAS/TME8
# Date:            Sat Apr  8 15:33:48 2023
# [ok]
