#                                                                            --- full sequence --- -------------- this domain -------------   hmm coord   ali coord   env coord
# target name        accession   tlen query name           accession   qlen   E-value  score  bias   #  of  c-Evalue  i-Evalue  score  bias  from    to  from    to  from    to  acc description of target
#------------------- ---------- ----- -------------------- ---------- ----- --------- ------ ----- --- --- --------- --------- ------ ----- ----- ----- ----- ----- ----- ----- ---- ---------------------
d1z6na1c.47.1.1      -            166 d1r26a_c.47.1.1.aln  -            110   4.6e-50  163.6   0.0   1   1   9.1e-52   5.5e-50  163.4   0.0     1   110    33   145    33   145 0.99 -
d1sena_c.47.1.1      -            135 d1r26a_c.47.1.1.aln  -            110     1e-38  127.1   0.0   1   1   1.9e-40   1.2e-38  126.9   0.0     2   110     5   117     4   117 0.98 -
d1zmaa1c.47.1.1      -            115 d1r26a_c.47.1.1.aln  -            110   4.8e-31  102.4   0.0   1   1   8.8e-33   5.3e-31  102.3   0.0     2   105     6   114     5   115 0.98 -
d2fwha_c.47.1.1      -            117 d1r26a_c.47.1.1.aln  -            110   2.5e-29   96.9   0.0   1   1   4.4e-31   2.7e-29   96.8   0.0     1   109     1   116     1   117 0.98 -
d2i4aa_c.47.1.1      -            107 d1r26a_c.47.1.1.aln  -            110   8.3e-26   85.5   0.0   1   1   1.5e-27     9e-26   85.4   0.0     4   107     2   106     1   107 0.97 -
d1wjka_c.47.1.1      -            100 d1r26a_c.47.1.1.aln  -            110   2.6e-25   83.9   0.0   1   1   4.6e-27   2.8e-25   83.8   0.0     9   108     2    99     1   100 0.97 -
d1abaa_c.47.1.1      -             87 d1r26a_c.47.1.1.aln  -            110   7.7e-19   63.1   0.0   1   1   1.4e-20   8.3e-19   63.0   0.0    21   109     1    85     1    86 0.97 -
d1ttza_c.47.1.1      -             75 d1r26a_c.47.1.1.aln  -            110   1.1e-13   46.5   0.0   1   1     2e-15   1.2e-13   46.4   0.0    26   104     2    75     1    75 0.96 -
d1iloa_c.47.1.1      -             77 d1r26a_c.47.1.1.aln  -            110   3.3e-13   45.0   0.1   1   1   5.8e-15   3.5e-13   44.9   0.1    21   100     1    75     1    77 0.95 -
d3gnja_c.47.1.0      -            111 d1r26a_c.47.1.1.aln  -            110   3.1e-07   25.8   0.0   1   1   6.4e-09   3.9e-07   25.4   0.0    11    87    11    88     5   103 0.76 -
d3qmxa_c.47.1.0      -             99 d1r26a_c.47.1.1.aln  -            110   8.5e-05   17.9   0.0   1   1   1.8e-06   0.00011   17.6   0.0    29    92    21    84    15    92 0.81 -
d1r26a_c.47.1.1      -            113 d1r26a_c.47.1.1.aln  -            110   0.00023   16.5   0.0   1   1   4.5e-06   0.00027   16.3   0.0    29    98    33   102    15   109 0.81 -
d2hzfa_c.47.1.0      -            110 d1r26a_c.47.1.1.aln  -            110    0.0018   13.7   0.0   1   1   3.3e-05     0.002   13.5   0.0    26    84    18    81     5    99 0.67 -
#
# Program:         hmmsearch
# Version:         3.1b2 (February 2015)
# Pipeline mode:   SEARCH
# Query file:      hmmModels30/d1r26a_c.47.1.1.hmm
# Target file:     scop/scopTestSeq.fasta
# Option settings: hmmsearch --domtblout hmmModels30/d1r26a_c.47.1.1.out -E 1 hmmModels30/d1r26a_c.47.1.1.hmm scop/scopTestSeq.fasta 
# Current dir:     /home/anastasia/SBAS/TME8
# Date:            Sat Apr  8 15:33:48 2023
# [ok]
