#                                                                            --- full sequence --- -------------- this domain -------------   hmm coord   ali coord   env coord
# target name        accession   tlen query name           accession   qlen   E-value  score  bias   #  of  c-Evalue  i-Evalue  score  bias  from    to  from    to  from    to  acc description of target
#------------------- ---------- ----- -------------------- ---------- ----- --------- ------ ----- --- --- --------- --------- ------ ----- ----- ----- ----- ----- ----- ----- ---- ---------------------
d1fnoa4c.56.5.4      -            296 d1r3na1c.56.5.4.aln  -            281  1.9e-102  337.8   0.0   1   1    3e-104  2.1e-102  337.6   0.0     1   279    25   295    25   296 0.99 -
d1y7ea2c.56.5.4      -            323 d1r3na1c.56.5.4.aln  -            281  1.5e-101  334.8   0.3   1   1  2.3e-103  1.6e-101  334.7   0.3     1   281     6   317     6   317 1.00 -
d1rtqa_c.56.5.4      -            291 d1r3na1c.56.5.4.aln  -            281   3.9e-90  297.3   0.6   1   1   6.1e-92   4.4e-90  297.2   0.6     1   280     1   286     1   287 0.99 -
d1z2la1c.56.5.4      -            294 d1r3na1c.56.5.4.aln  -            281   1.5e-85  282.3   0.0   1   1   2.3e-87   1.7e-85  282.2   0.0     1   281     1   293     1   293 0.99 -
d1tkja_c.56.5.4      -            277 d1r3na1c.56.5.4.aln  -            281   5.4e-81  267.4   0.0   1   1   8.4e-83     6e-81  267.2   0.0     3   279     2   276     1   277 0.99 -
d1lfwa1c.56.5.4      -            273 d1r3na1c.56.5.4.aln  -            281   1.2e-79  262.9   0.0   1   1   1.9e-81   1.3e-79  262.8   0.0     2   280     5   273     4   273 0.99 -
d1cg2a1c.56.5.4      -            277 d1r3na1c.56.5.4.aln  -            281   1.3e-79  262.9   0.1   1   1     2e-81   1.4e-79  262.7   0.1     1   280     6   276     6   277 0.99 -
d1vgya1c.56.5.4      -            263 d1r3na1c.56.5.4.aln  -            281   8.6e-76  250.3   0.0   1   1   1.3e-77   9.6e-76  250.1   0.0     9   278     1   262     1   263 0.99 -
d1y0ya3c.56.5.4      -            256 d1r3na1c.56.5.4.aln  -            281   2.2e-70  232.5   0.3   1   1   3.4e-72   2.5e-70  232.4   0.3    12   280     2   255     1   256 0.99 -
d2grea2c.56.5.4      -            234 d1r3na1c.56.5.4.aln  -            281   8.3e-64  211.0   4.5   1   1   2.3e-63   1.6e-61  203.4   4.5     8   280     1   234     1   234 0.99 -
d1r3na1c.56.5.4      -            323 d1r3na1c.56.5.4.aln  -            281   0.00023   16.0   0.0   1   2   0.00029     0.021    9.6   0.0    26    89    44   102    40   153 0.83 -
d1r3na1c.56.5.4      -            323 d1r3na1c.56.5.4.aln  -            281   0.00023   16.0   0.0   2   2     0.053       3.8    2.1   0.0   226   280   261   316   253   317 0.90 -
#
# Program:         hmmsearch
# Version:         3.1b2 (February 2015)
# Pipeline mode:   SEARCH
# Query file:      hmmModels30/d1r3na1c.56.5.4.hmm
# Target file:     scop/scopTestSeq.fasta
# Option settings: hmmsearch --domtblout hmmModels30/d1r3na1c.56.5.4.out -E 1 hmmModels30/d1r3na1c.56.5.4.hmm scop/scopTestSeq.fasta 
# Current dir:     /home/anastasia/SBAS/TME8
# Date:            Sat Apr  8 15:33:48 2023
# [ok]
