#                                                                            --- full sequence --- -------------- this domain -------------   hmm coord   ali coord   env coord
# target name        accession   tlen query name           accession   qlen   E-value  score  bias   #  of  c-Evalue  i-Evalue  score  bias  from    to  from    to  from    to  acc description of target
#------------------- ---------- ----- -------------------- ---------- ----- --------- ------ ----- --- --- --------- --------- ------ ----- ----- ----- ----- ----- ----- ----- ---- ---------------------
d1g41a_c.37.1.20     -            443 d1r6bx3c.37.1.20.aln -            276  1.6e-136  449.4   3.7   1   1  5.8e-138  1.8e-136  449.2   3.7     1   276     1   430     1   430 1.00 -
d1um8a_c.37.1.20     -            364 d1r6bx3c.37.1.20.aln -            276   1.9e-94  311.4   2.9   1   1   6.9e-96   2.2e-94  311.2   2.9     1   276     4   359     4   359 0.99 -
d1svma_c.37.1.20     -            362 d1r6bx3c.37.1.20.aln -            276   1.5e-92  305.2   0.0   1   1   5.5e-94   1.7e-92  305.0   0.0     2   276    13   334    12   334 1.00 -
d1g8pa_c.37.1.20     -            333 d1r6bx3c.37.1.20.aln -            276     1e-54  181.1   0.0   1   1   3.7e-56   1.2e-54  180.9   0.0     2   276     8   317     7   317 0.99 -
d1in4a2c.37.1.20     -            238 d1r6bx3c.37.1.20.aln -            276   9.3e-42  138.6   1.4   1   1   3.2e-43     1e-41  138.4   1.4     7   267     2   237     1   238 0.98 -
d2a5yb3c.37.1.20     -            277 d1r6bx3c.37.1.20.aln -            276   8.9e-40  132.1   0.0   1   1   3.1e-41   9.9e-40  131.9   0.0     3   276     3   268     1   268 0.97 -
d1w5sa2c.37.1.20     -            287 d1r6bx3c.37.1.20.aln -            276   2.5e-39  130.6   0.0   1   1   8.8e-41   2.8e-39  130.5   0.0     3   272     5   286     3   287 0.99 -
d1sxja2c.37.1.20     -            253 d1r6bx3c.37.1.20.aln -            276   6.4e-38  126.0   0.0   1   1   2.2e-39   6.9e-38  125.9   0.0     4   260     4   250     1   253 0.97 -
d2fnaa2c.37.1.20     -            283 d1r6bx3c.37.1.20.aln -            276   6.4e-38  126.0   1.4   1   1   2.3e-39   7.1e-38  125.8   1.4     2   266     7   282     6   283 0.99 -
d1fnna2c.37.1.20     -            276 d1r6bx3c.37.1.20.aln -            276   3.6e-37  123.5   0.0   1   1   1.3e-38     4e-37  123.4   0.0     5   276     7   276     3   276 0.97 -
d1njfa_c.37.1.20     -            239 d1r6bx3c.37.1.20.aln -            276   4.2e-37  123.3   0.0   1   1   1.5e-38   4.6e-37  123.2   0.0     5   256     3   236     1   239 0.96 -
d1lv7a_c.37.1.20     -            256 d1r6bx3c.37.1.20.aln -            276   2.8e-34  114.1   0.0   1   1   9.7e-36   3.1e-34  113.9   0.0     3   268     1   254     1   256 0.98 -
d1iqpa2c.37.1.20     -            231 d1r6bx3c.37.1.20.aln -            276   1.3e-33  111.8   0.4   1   1   4.6e-35   1.5e-33  111.7   0.4     5   256     4   230     1   231 0.97 -
d1u0ja_c.37.1.20     -            267 d1r6bx3c.37.1.20.aln -            276   6.9e-33  109.5   0.0   1   1   2.4e-34   7.5e-33  109.4   0.0     4   275     8   266     5   267 0.97 -
d1d2na_c.37.1.20     -            246 d1r6bx3c.37.1.20.aln -            276   7.4e-30   99.5   0.0   1   1   2.6e-31   8.1e-30   99.4   0.0     2   262     4   243     3   246 0.97 -
d1ny5a2c.37.1.20     -            247 d1r6bx3c.37.1.20.aln -            276   1.7e-20   68.8   0.3   1   1   6.5e-22     2e-20   68.6   0.3     7   272     7   245     2   247 0.95 -
d1l8qa2c.37.1.20     -            213 d1r6bx3c.37.1.20.aln -            276   1.2e-19   66.0   2.1   1   1   4.2e-21   1.3e-19   65.9   2.1     5   252     4   212     1   213 0.97 -
d1a5ta2c.37.1.20     -            207 d1r6bx3c.37.1.20.aln -            276   5.9e-19   63.8   0.0   1   1   2.1e-20   6.5e-19   63.7   0.0    14   255     2   206     1   207 0.98 -
d2p65a_c.37.1.20     -            185 d1r6bx3c.37.1.20.aln -            276   8.4e-17   56.7   0.3   1   1   2.1e-17   6.5e-16   53.8   0.3    14   227     8   185     3   185 0.96 -
d2gnoa2c.37.1.20     -            198 d1r6bx3c.37.1.20.aln -            276   2.3e-16   55.3   0.0   1   1   9.2e-18   2.9e-16   55.0   0.0    63   256    27   196    23   198 0.96 -
d1tuea_c.37.1.20     -            205 d1r6bx3c.37.1.20.aln -            276   1.6e-14   49.2   0.0   1   1   6.1e-16   1.9e-14   49.0   0.0     5   255     4   203     1   205 0.96 -
d1jqlb_c.37.1.20     -            140 d1r6bx3c.37.1.20.aln -            276     1e-10   36.7   0.0   1   1   3.6e-12   1.1e-10   36.6   0.0     8   170     2   140     1   140 0.97 -
d1qzma_c.37.1.20     -             94 d1r6bx3c.37.1.20.aln -            276   0.00015   16.6   0.1   1   1   4.9e-06   0.00015   16.5   0.1    56   158     2    93     1    94 0.94 -
d1y63a_c.37.1.1      -            174 d1r6bx3c.37.1.20.aln -            276   0.00024   15.8   0.0   1   2   3.1e-05   0.00099   13.8   0.0    51    74     7    30     3    35 0.92 -
d1y63a_c.37.1.1      -            174 d1r6bx3c.37.1.20.aln -            276   0.00024   15.8   0.0   2   2      0.75        24   -0.5   0.0   169   199    62   129    33   148 0.63 -
d1r6bx3c.37.1.20     -            315 d1r6bx3c.37.1.20.aln -            276    0.0003   15.6   0.1   1   2   2.6e-05   0.00081   14.1   0.0    18    79    26    82    19   100 0.72 -
d1r6bx3c.37.1.20     -            315 d1r6bx3c.37.1.20.aln -            276    0.0003   15.6   0.1   2   2       2.1        67   -2.0   0.0   168   168   183   183   113   209 0.54 -
#
# Program:         hmmsearch
# Version:         3.1b2 (February 2015)
# Pipeline mode:   SEARCH
# Query file:      hmmModels30/d1r6bx3c.37.1.20.hmm
# Target file:     scop/scopTestSeq.fasta
# Option settings: hmmsearch --domtblout hmmModels30/d1r6bx3c.37.1.20.out -E 1 hmmModels30/d1r6bx3c.37.1.20.hmm scop/scopTestSeq.fasta 
# Current dir:     /home/anastasia/SBAS/TME8
# Date:            Sat Apr  8 15:33:48 2023
# [ok]
