#                                                                            --- full sequence --- -------------- this domain -------------   hmm coord   ali coord   env coord
# target name        accession   tlen query name           accession   qlen   E-value  score  bias   #  of  c-Evalue  i-Evalue  score  bias  from    to  from    to  from    to  acc description of target
#------------------- ---------- ----- -------------------- ---------- ----- --------- ------ ----- --- --- --------- --------- ------ ----- ----- ----- ----- ----- ----- ----- ---- ---------------------
d1m7xa2b.71.1.1      -            106 d1r7aa1b.71.1.1.aln  -             88   1.5e-30  100.6   0.0   1   1   4.9e-32   1.8e-30  100.4   0.0     2    88     4    92     3    92 0.98 -
d1bf2a2b.71.1.1      -            113 d1r7aa1b.71.1.1.aln  -             88   2.8e-30   99.8   3.4   1   1   1.1e-31   3.8e-30   99.4   3.4     1    87    20   108    20   109 0.98 -
d2fhfa4b.71.1.1      -            118 d1r7aa1b.71.1.1.aln  -             88   1.1e-28   94.8   0.1   1   1   3.5e-30   1.3e-28   94.5   0.1     1    88    19   108    19   108 0.98 -
d1szna1b.71.1.1      -            103 d1r7aa1b.71.1.1.aln  -             88   1.9e-23   77.9   0.4   1   1     6e-25   2.2e-23   77.7   0.4     1    88    11    99    11    99 0.98 -
d2guya1b.71.1.1      -             95 d1r7aa1b.71.1.1.aln  -             88     1e-20   69.2   0.3   1   1   3.1e-22   1.1e-20   69.0   0.3     1    88     1    87     1    87 0.98 -
d1uasa1b.71.1.1      -             89 d1r7aa1b.71.1.1.aln  -             88   8.1e-19   63.1   1.7   1   1   2.4e-20   8.7e-19   63.0   1.7     7    87     6    88     2    89 0.96 -
d1ji1a2b.71.1.1      -             83 d1r7aa1b.71.1.1.aln  -             88   1.6e-17   59.0   3.3   1   1   4.7e-19   1.7e-17   58.8   3.3     2    85     2    83     1    83 0.98 -
d1h3ga2b.71.1.1      -             83 d1r7aa1b.71.1.1.aln  -             88   2.9e-17   58.1   0.0   1   1   8.5e-19     3e-17   58.0   0.0     4    86     2    81     1    83 0.96 -
d1ea9c2b.71.1.1      -             80 d1r7aa1b.71.1.1.aln  -             88     3e-17   58.0   0.0   1   1     9e-19   3.2e-17   57.9   0.0     2    86     2    78     1    80 0.96 -
d1e43a1b.71.1.1      -             90 d1r7aa1b.71.1.1.aln  -             88   6.8e-16   53.7   1.8   1   1   2.1e-17   7.5e-16   53.6   1.8     1    85     3    89     3    90 0.98 -
d3bmva3b.71.1.1      -             89 d1r7aa1b.71.1.1.aln  -             88   4.9e-15   51.0   3.1   1   1   1.5e-16   5.2e-15   50.9   3.1     3    87     2    88     1    89 0.96 -
d1j0ha2b.71.1.1      -             83 d1r7aa1b.71.1.1.aln  -             88   3.7e-14   48.1   0.0   1   1   1.1e-15     4e-14   48.0   0.0     3    88     4    83     2    83 0.96 -
d1ua7a1b.71.1.1      -             78 d1r7aa1b.71.1.1.aln  -             88   2.4e-13   45.5   0.3   1   1   7.9e-15   2.9e-13   45.3   0.3     6    85     5    77     2    78 0.96 -
d1wzaa1b.71.1.1      -             79 d1r7aa1b.71.1.1.aln  -             88   6.3e-13   44.2   0.0   1   1   1.9e-14   6.7e-13   44.1   0.0     2    87     1    78     1    79 0.96 -
d1g5aa1b.71.1.1      -             74 d1r7aa1b.71.1.1.aln  -             88   2.6e-12   42.2   0.0   1   1   7.7e-14   2.8e-12   42.1   0.0     7    84     3    74     1    74 0.97 -
d1mxga1b.71.1.1      -             74 d1r7aa1b.71.1.1.aln  -             88   1.3e-11   40.0   1.3   1   1   3.8e-13   1.4e-11   39.9   1.3     3    81     3    73     1    74 0.96 -
d1gjwa1b.71.1.1      -             64 d1r7aa1b.71.1.1.aln  -             88   9.5e-07   24.4   0.0   1   1   2.7e-08   9.7e-07   24.4   0.0     8    75     3    61     1    64 0.93 -
d1gcya1b.71.1.1      -             61 d1r7aa1b.71.1.1.aln  -             88     6e-06   21.8   0.6   1   1   2.1e-07   7.4e-06   21.5   0.6     5    74     5    59     2    61 0.91 -
d2bhua2b.71.1.1      -             72 d1r7aa1b.71.1.1.aln  -             88   8.6e-06   21.3   0.0   1   1   2.6e-07   9.3e-06   21.2   0.0     1    81     1    69     1    72 0.92 -
d1lwha1b.71.1.1      -             50 d1r7aa1b.71.1.1.aln  -             88   8.1e-05   18.2   0.0   1   1   2.7e-06   9.6e-05   18.0   0.0     4    37     3    36     1    43 0.89 -
d1kwga1b.71.1.1      -             54 d1r7aa1b.71.1.1.aln  -             88   8.1e-05   18.2   0.0   1   1   2.8e-06    0.0001   17.9   0.0    14    77     5    53     2    54 0.91 -
d1ht6a1b.71.1.1      -             57 d1r7aa1b.71.1.1.aln  -             88    0.0014   14.3   0.1   1   1   4.3e-05    0.0016   14.1   0.1     6    73     4    52     1    57 0.80 -
#
# Program:         hmmsearch
# Version:         3.1b2 (February 2015)
# Pipeline mode:   SEARCH
# Query file:      hmmModels30/d1r7aa1b.71.1.1.hmm
# Target file:     scop/scopTestSeq.fasta
# Option settings: hmmsearch --domtblout hmmModels30/d1r7aa1b.71.1.1.out -E 1 hmmModels30/d1r7aa1b.71.1.1.hmm scop/scopTestSeq.fasta 
# Current dir:     /home/anastasia/SBAS/TME8
# Date:            Sat Apr  8 15:33:48 2023
# [ok]
