#                                                                            --- full sequence --- -------------- this domain -------------   hmm coord   ali coord   env coord
# target name        accession   tlen query name           accession   qlen   E-value  score  bias   #  of  c-Evalue  i-Evalue  score  bias  from    to  from    to  from    to  acc description of target
#------------------- ---------- ----- -------------------- ---------- ----- --------- ------ ----- --- --- --------- --------- ------ ----- ----- ----- ----- ----- ----- ----- ---- ---------------------
d2arza1b.45.1.1      -            238 d1rfea_b.45.1.1.aln  -            156   1.4e-73  241.6   0.0   1   1   3.3e-75   1.7e-73  241.3   0.0     1   156     1   162     1   162 0.99 -
d2vpaa_b.45.1.1      -            215 d1rfea_b.45.1.1.aln  -            156   7.2e-63  206.8   0.0   1   1   1.6e-64   8.5e-63  206.6   0.0     1   156    40   210    40   210 0.99 -
d2fura1b.45.1.1      -            193 d1rfea_b.45.1.1.aln  -            156   2.2e-44  146.7   0.0   1   1   4.9e-46   2.6e-44  146.5   0.0     2   156     3   165     2   165 0.99 -
d2htia1b.45.1.1      -            156 d1rfea_b.45.1.1.aln  -            156   1.8e-32  108.1   0.0   1   1   3.7e-34     2e-32  107.9   0.0     2   149     2   155     1   156 0.98 -
d2i02a1b.45.1.1      -            143 d1rfea_b.45.1.1.aln  -            156   2.9e-32  107.4   0.0   1   1   6.1e-34   3.2e-32  107.2   0.0     2   149     4   143     3   143 0.98 -
d2fg9a1b.45.1.1      -            157 d1rfea_b.45.1.1.aln  -            156   3.3e-29   97.5   0.0   1   1   6.8e-31   3.6e-29   97.3   0.0     5   149     5   157     1   157 0.94 -
d1xhna1b.45.1.1      -            170 d1rfea_b.45.1.1.aln  -            156   4.6e-29   97.0   0.0   1   1   9.7e-31   5.1e-29   96.8   0.0     2   155     5   169     4   170 0.98 -
d2hq9a1b.45.1.1      -            148 d1rfea_b.45.1.1.aln  -            156   1.4e-28   95.4   0.0   1   1   2.9e-30   1.5e-28   95.3   0.0     3   149     6   148     4   148 0.97 -
d2fhqa1b.45.1.1      -            135 d1rfea_b.45.1.1.aln  -            156   7.2e-27   89.9   0.0   1   1   1.5e-28   7.8e-27   89.7   0.0     2   144     2   133     1   135 0.97 -
d2hq7a1b.45.1.1      -            141 d1rfea_b.45.1.1.aln  -            156     2e-26   88.4   0.0   1   1     4e-28   2.1e-26   88.3   0.0     3   147     4   139     2   141 0.96 -
d1w9aa_b.45.1.1      -            142 d1rfea_b.45.1.1.aln  -            156     2e-25   85.1   0.0   1   1   4.2e-27   2.2e-25   85.0   0.0     5   149     2   141     1   142 0.94 -
d1vl7a_b.45.1.1      -            135 d1rfea_b.45.1.1.aln  -            156   2.9e-25   84.6   0.0   1   1   5.8e-27   3.1e-25   84.6   0.0    10   143     3   129     1   135 0.96 -
d2asfa1b.45.1.1      -            125 d1rfea_b.45.1.1.aln  -            156   4.7e-18   61.2   0.0   1   1   1.1e-19   5.7e-18   61.0   0.0     6   112     2   104     1   122 0.95 -
d1rfea_b.45.1.1      -            160 d1rfea_b.45.1.1.aln  -            156   8.4e-11   37.7   0.0   1   1   2.1e-12   1.1e-10   37.3   0.0     3   125     9   129     8   143 0.90 -
d3a6ra_b.45.1.1      -            122 d1rfea_b.45.1.1.aln  -            156   3.4e-10   35.7   0.0   1   1   8.4e-12   4.4e-10   35.3   0.0     7   139     5   115     1   121 0.93 -
#
# Program:         hmmsearch
# Version:         3.1b2 (February 2015)
# Pipeline mode:   SEARCH
# Query file:      hmmModels30/d1rfea_b.45.1.1.hmm
# Target file:     scop/scopTestSeq.fasta
# Option settings: hmmsearch --domtblout hmmModels30/d1rfea_b.45.1.1.out -E 1 hmmModels30/d1rfea_b.45.1.1.hmm scop/scopTestSeq.fasta 
# Current dir:     /home/anastasia/SBAS/TME8
# Date:            Sat Apr  8 15:33:49 2023
# [ok]
