#                                                                            --- full sequence --- -------------- this domain -------------   hmm coord   ali coord   env coord
# target name        accession   tlen query name           accession   qlen   E-value  score  bias   #  of  c-Evalue  i-Evalue  score  bias  from    to  from    to  from    to  acc description of target
#------------------- ---------- ----- -------------------- ---------- ----- --------- ------ ----- --- --- --------- --------- ------ ----- ----- ----- ----- ----- ----- ----- ---- ---------------------
d1ur4a_c.1.8.3       -            387 d1rh9a1c.1.8.3.aln   -            350  1.8e-109  361.6  12.4   1   1  5.6e-111    2e-109  361.5  12.4     2   349     5   383     4   384 0.99 -
d1uuqa_c.1.8.3       -            410 d1rh9a1c.1.8.3.aln   -            350  1.6e-102  338.7  17.5   1   1    5e-104  1.8e-102  338.6  17.5     1   349     3   406     3   407 1.00 -
d3n9ka_c.1.8.3       -            394 d1rh9a1c.1.8.3.aln   -            350  1.9e-101  335.2  22.3   1   1    6e-103  2.2e-101  335.0  22.3     2   350    31   394    30   394 1.00 -
d1edga_c.1.8.3       -            380 d1rh9a1c.1.8.3.aln   -            350   5.5e-94  310.7  16.1   1   1   1.7e-95   6.2e-94  310.5  16.1     1   349    23   378    23   379 0.99 -
d1ceoa_c.1.8.3       -            340 d1rh9a1c.1.8.3.aln   -            350   1.7e-74  246.6   1.4   1   1   5.2e-76   1.9e-74  246.4   1.4    13   348     2   337     1   339 0.98 -
d1qw9a2c.1.8.3       -            367 d1rh9a1c.1.8.3.aln   -            350   5.3e-72  238.4   2.2   1   1   1.7e-73   5.9e-72  238.2   2.2     2   348    22   366    21   367 0.99 -
d1odza_c.1.8.3       -            381 d1rh9a1c.1.8.3.aln   -            350   1.2e-71  237.2  11.3   1   1   3.6e-73   1.3e-71  237.1  11.3     2   347    14   379    13   381 0.99 -
d1hjua_c.1.8.3       -            332 d1rh9a1c.1.8.3.aln   -            350   4.7e-71  235.3  16.7   1   1   1.6e-72   5.7e-71  235.0  16.7    12   346     4   331     2   332 0.98 -
d1ecea_c.1.8.3       -            358 d1rh9a1c.1.8.3.aln   -            350   1.7e-69  230.1  16.0   1   1   5.2e-71   1.9e-69  230.0  16.0     1   348     6   356     6   358 0.99 -
d1vjza_c.1.8.3       -            325 d1rh9a1c.1.8.3.aln   -            350     1e-62  207.8   0.3   1   1   3.5e-64   1.2e-62  207.6   0.3    30   345    14   321     2   325 0.95 -
d2nt0a2c.1.8.3       -            354 d1rh9a1c.1.8.3.aln   -            350   1.4e-62  207.4   0.0   1   1   4.3e-64   1.5e-62  207.3   0.0     3   348     4   349     2   351 0.98 -
d2je8a5c.1.8.3       -            348 d1rh9a1c.1.8.3.aln   -            350   2.1e-60  200.2   5.5   1   1   6.5e-62   2.3e-60  200.1   5.5     6   349     3   347     1   348 0.99 -
d1h1na_c.1.8.3       -            305 d1rh9a1c.1.8.3.aln   -            350   8.5e-58  191.7  12.8   1   1   2.9e-59     1e-57  191.4  12.8     8   345     4   304     2   305 0.98 -
d1w91a2c.1.8.3       -            347 d1rh9a1c.1.8.3.aln   -            350   9.5e-58  191.5   0.0   1   1     3e-59   1.1e-57  191.3   0.0     3   348     1   346     1   347 0.99 -
d1qnra_c.1.8.3       -            344 d1rh9a1c.1.8.3.aln   -            350   2.5e-57  190.1  22.9   1   1   7.6e-59   2.7e-57  190.0  22.9     7   349     4   342     1   343 0.98 -
d2vzsa5c.1.8.3       -            339 d1rh9a1c.1.8.3.aln   -            350   2.9e-56  186.6   1.5   1   1   8.9e-58   3.2e-56  186.5   1.5     2   348     2   338     1   339 0.98 -
d1bqca_c.1.8.3       -            302 d1rh9a1c.1.8.3.aln   -            350   2.6e-50  167.0   8.2   1   1     8e-52   2.9e-50  166.9   8.2     9   349     2   301     1   302 0.98 -
d7a3ha_c.1.8.3       -            300 d1rh9a1c.1.8.3.aln   -            350   5.6e-46  152.8  12.0   1   1   1.7e-47   6.1e-46  152.7  12.0     7   338     4   297     1   300 0.96 -
d1jz8a5c.1.8.3       -            292 d1rh9a1c.1.8.3.aln   -            350   2.3e-40  134.3   0.7   1   1   9.9e-42   3.6e-40  133.7   0.7     5   341     3   291     1   292 0.98 -
d1nofa2c.1.8.3       -            277 d1rh9a1c.1.8.3.aln   -            350   2.4e-37  124.4   3.0   1   1   7.6e-39   2.7e-37  124.2   3.0    20   342     1   275     1   277 0.99 -
d1i1wa_c.1.8.3       -            303 d1rh9a1c.1.8.3.aln   -            350   1.2e-34  115.6   6.2   1   1   3.5e-36   1.3e-34  115.4   6.2    15   346     4   301     1   303 0.97 -
d2v3ga_c.1.8.3       -            273 d1rh9a1c.1.8.3.aln   -            350   9.8e-34  112.5  22.5   1   1   2.9e-35     1e-33  112.4  22.5    10   329     5   264     1   273 0.92 -
#
# Program:         hmmsearch
# Version:         3.1b2 (February 2015)
# Pipeline mode:   SEARCH
# Query file:      hmmModels30/d1rh9a1c.1.8.3.hmm
# Target file:     scop/scopTestSeq.fasta
# Option settings: hmmsearch --domtblout hmmModels30/d1rh9a1c.1.8.3.out -E 1 hmmModels30/d1rh9a1c.1.8.3.hmm scop/scopTestSeq.fasta 
# Current dir:     /home/anastasia/SBAS/TME8
# Date:            Sat Apr  8 15:33:49 2023
# [ok]
