#                                                                            --- full sequence --- -------------- this domain -------------   hmm coord   ali coord   env coord
# target name        accession   tlen query name           accession   qlen   E-value  score  bias   #  of  c-Evalue  i-Evalue  score  bias  from    to  from    to  from    to  acc description of target
#------------------- ---------- ----- -------------------- ---------- ----- --------- ------ ----- --- --- --------- --------- ------ ----- ----- ----- ----- ----- ----- ----- ---- ---------------------
d1z0xa2a.121.1.1     -            149 d1rkta2a.121.1.1.aln -            123   2.3e-38  126.4   0.0   1   1   9.8e-40   2.7e-38  126.2   0.0     1   123    20   142    20   142 0.99 -
d3c07a2a.121.1.1     -            146 d1rkta2a.121.1.1.aln -            123   3.2e-34  113.1   1.8   1   1   1.5e-35     4e-34  112.7   1.8     1   122    22   143    22   144 0.99 -
d2g7la2a.121.1.1     -            144 d1rkta2a.121.1.1.aln -            123   2.6e-27   90.8   6.9   1   1   1.2e-28   3.4e-27   90.5   6.9     2   122    18   138    17   139 0.98 -
d2fbqa2a.121.1.1     -            134 d1rkta2a.121.1.1.aln -            123   1.2e-21   72.7   0.2   1   1   4.8e-23   1.3e-21   72.5   0.2     2   122     8   128     7   129 0.98 -
d1t33a2a.121.1.1     -            132 d1rkta2a.121.1.1.aln -            123   2.2e-20   68.6   0.1   1   1     9e-22   2.5e-20   68.4   0.1     4   123    13   132    10   132 0.98 -
d2hyja2a.121.1.1     -            118 d1rkta2a.121.1.1.aln -            123     3e-19   64.9   4.9   1   1   1.2e-20   3.2e-19   64.8   4.9     4   115     4   115     1   118 0.97 -
d1t56a2a.121.1.1     -            120 d1rkta2a.121.1.1.aln -            123   1.1e-18   63.1   2.0   1   1   4.6e-20   1.3e-18   63.0   2.0     5   118     2   115     1   119 0.98 -
d2i10a2a.121.1.1     -            116 d1rkta2a.121.1.1.aln -            123   1.5e-17   59.5   3.2   1   1   5.9e-19   1.6e-17   59.4   3.2     4   115     4   115     1   116 0.97 -
d2id3a2a.121.1.1     -            123 d1rkta2a.121.1.1.aln -            123   3.6e-17   58.3   6.6   1   1   1.4e-18   3.8e-17   58.2   6.6     6   122     6   122     1   123 0.94 -
d2g7sa2a.121.1.1     -            116 d1rkta2a.121.1.1.aln -            123   4.1e-17   58.1   2.2   1   1   1.6e-18   4.4e-17   58.0   2.2     3   116     2   115     1   116 0.97 -
d2oi8a2a.121.1.1     -            130 d1rkta2a.121.1.1.aln -            123   4.2e-17   58.1   1.0   1   1   1.8e-18   4.9e-17   57.8   1.0     2   120    11   129    10   130 0.97 -
d1vi0a2a.121.1.1     -            117 d1rkta2a.121.1.1.aln -            123   4.4e-17   58.0   0.0   1   1   1.7e-18   4.7e-17   57.9   0.0     7   120     2   115     1   117 0.97 -
d2gfna2a.121.1.1     -            119 d1rkta2a.121.1.1.aln -            123     9e-17   57.0   7.3   1   1   3.6e-18   9.7e-17   56.9   7.3     4   120     3   118     1   119 0.97 -
d2fx0a2a.121.1.1     -            122 d1rkta2a.121.1.1.aln -            123   4.9e-16   54.6   0.0   1   1   1.9e-17   5.2e-16   54.5   0.0     3   119     2   118     1   122 0.96 -
d1ui5a2a.121.1.1     -            133 d1rkta2a.121.1.1.aln -            123   9.4e-16   53.7   2.1   1   1   3.9e-17   1.1e-15   53.5   2.1     3   122    11   130     9   131 0.98 -
d2gena2a.121.1.1     -            118 d1rkta2a.121.1.1.aln -            123   9.4e-15   50.5   5.4   1   1   3.7e-16     1e-14   50.4   5.4     6   121     7   117     2   118 0.96 -
d2id6a2a.121.1.1     -            125 d1rkta2a.121.1.1.aln -            123   1.4e-14   50.0   0.0   1   1   5.5e-16   1.5e-14   49.9   0.0     3   121     2   120     1   122 0.97 -
d2g3ba2a.121.1.1     -            116 d1rkta2a.121.1.1.aln -            123   1.5e-14   49.9   2.0   1   1   5.8e-16   1.6e-14   49.8   2.0     4   117     2   115     1   116 0.97 -
d2fq4a2a.121.1.1     -            115 d1rkta2a.121.1.1.aln -            123   2.2e-14   49.3   0.0   1   1   8.7e-16   2.4e-14   49.2   0.0     7   117     4   114     1   115 0.97 -
d2iu5a2a.121.1.1     -            109 d1rkta2a.121.1.1.aln -            123     3e-13   45.7   0.0   1   1   1.1e-14   3.1e-13   45.6   0.0    12   114     4   106     1   109 0.95 -
d2g7ga2a.121.1.1     -            132 d1rkta2a.121.1.1.aln -            123   4.1e-13   45.2   9.6   1   1   1.7e-14   4.5e-13   45.1   9.6     2   122     9   129     8   130 0.98 -
d2hkua2a.121.1.1     -            121 d1rkta2a.121.1.1.aln -            123   4.8e-13   45.0   0.1   1   1   1.9e-14   5.1e-13   44.9   0.1     3   121     6   118     4   120 0.95 -
d2d6ya2a.121.1.1     -            118 d1rkta2a.121.1.1.aln -            123   1.3e-12   43.6   1.3   1   1   5.1e-14   1.4e-12   43.5   1.3     1   118     1   118     1   118 0.99 -
d1sgma2a.121.1.1     -            111 d1rkta2a.121.1.1.aln -            123   1.6e-12   43.3   0.0   1   1   6.4e-14   1.8e-12   43.2   0.0     2   120     2   111     1   111 0.94 -
d2np5a2a.121.1.1     -            118 d1rkta2a.121.1.1.aln -            123   2.3e-12   42.8   4.2   1   1   9.1e-14   2.5e-12   42.7   4.2     3   121     3   113     1   115 0.97 -
d2fd5a2a.121.1.1     -            104 d1rkta2a.121.1.1.aln -            123   5.2e-12   41.7   3.1   1   1   2.1e-13   5.6e-12   41.6   3.1     4   114     5   103     2   104 0.97 -
d2o7ta2a.121.1.1     -            110 d1rkta2a.121.1.1.aln -            123   5.6e-10   35.2   0.0   1   1   2.2e-11   5.9e-10   35.1   0.0     8   112     3   107     1   110 0.95 -
d1zk8a2a.121.1.1     -            105 d1rkta2a.121.1.1.aln -            123   2.1e-09   33.3   0.0   1   1   8.5e-11   2.3e-09   33.2   0.0     7   121     2   104     1   105 0.97 -
d2np3a2a.121.1.1     -            112 d1rkta2a.121.1.1.aln -            123   1.1e-08   30.9   7.7   1   1   5.9e-10   1.6e-08   30.5   7.7     2   120     2   106     1   108 0.96 -
#
# Program:         hmmsearch
# Version:         3.1b2 (February 2015)
# Pipeline mode:   SEARCH
# Query file:      hmmModels30/d1rkta2a.121.1.1.hmm
# Target file:     scop/scopTestSeq.fasta
# Option settings: hmmsearch --domtblout hmmModels30/d1rkta2a.121.1.1.out -E 1 hmmModels30/d1rkta2a.121.1.1.hmm scop/scopTestSeq.fasta 
# Current dir:     /home/anastasia/SBAS/TME8
# Date:            Sat Apr  8 15:33:49 2023
# [ok]
