#                                                                            --- full sequence --- -------------- this domain -------------   hmm coord   ali coord   env coord
# target name        accession   tlen query name           accession   qlen   E-value  score  bias   #  of  c-Evalue  i-Evalue  score  bias  from    to  from    to  from    to  acc description of target
#------------------- ---------- ----- -------------------- ---------- ----- --------- ------ ----- --- --- --------- --------- ------ ----- ----- ----- ----- ----- ----- ----- ---- ---------------------
d1t33a1a.4.1.9       -             88 d1rkta1a.4.1.9.aln   -             75   1.5e-32  106.9   2.1   1   1   4.5e-34   1.7e-32  106.7   2.1     1    75     8    81     8    81 0.98 -
d2id6a1a.4.1.9       -             75 d1rkta1a.4.1.9.aln   -             75   2.3e-27   90.2   0.2   1   1   6.7e-29   2.5e-27   90.1   0.2     4    74     2    72     1    73 0.96 -
d1vi0a1a.4.1.9       -             72 d1rkta1a.4.1.9.aln   -             75   1.2e-26   87.9   0.1   1   1   3.5e-28   1.3e-26   87.8   0.1     6    74     2    70     1    71 0.96 -
d2oi8a1a.4.1.9       -             79 d1rkta1a.4.1.9.aln   -             75   1.6e-24   81.1   0.8   1   1   4.6e-26   1.7e-24   81.0   0.8     2    73     6    77     5    79 0.97 -
d1ui5a1a.4.1.9       -             71 d1rkta1a.4.1.9.aln   -             75   2.7e-24   80.4   1.9   1   1   7.5e-26   2.8e-24   80.3   1.9     2    69     2    69     1    71 0.93 -
d2gfna1a.4.1.9       -             77 d1rkta1a.4.1.9.aln   -             75   1.1e-23   78.5   0.3   1   1   3.1e-25   1.2e-23   78.4   0.3     2    74     3    75     2    76 0.96 -
d2gena1a.4.1.9       -             70 d1rkta1a.4.1.9.aln   -             75   1.5e-23   78.0   0.7   1   1   4.4e-25   1.6e-23   77.9   0.7     6    73     1    68     1    70 0.96 -
d1sgma1a.4.1.9       -             73 d1rkta1a.4.1.9.aln   -             75   6.5e-23   76.0   0.0   1   1   1.8e-24   6.9e-23   75.9   0.0     5    74     2    72     1    73 0.97 -
d2i10a1a.4.1.9       -             69 d1rkta1a.4.1.9.aln   -             75   1.2e-22   75.1   0.0   1   1   3.5e-24   1.3e-22   75.0   0.0     9    72     4    67     1    69 0.95 -
d2g7sa1a.4.1.9       -             74 d1rkta1a.4.1.9.aln   -             75   3.5e-22   73.6   0.0   1   1   9.9e-24   3.7e-22   73.5   0.0     3    74     2    73     1    74 0.96 -
d1t56a1a.4.1.9       -             73 d1rkta1a.4.1.9.aln   -             75     5e-22   73.1   0.0   1   1   1.4e-23   5.3e-22   73.0   0.0     4    74     2    72     1    73 0.96 -
d2fd5a1a.4.1.9       -             76 d1rkta1a.4.1.9.aln   -             75   9.4e-22   72.3   0.1   1   1   2.6e-23   9.9e-22   72.2   0.1     2    71     4    73     3    76 0.97 -
d2np5a1a.4.1.9       -             69 d1rkta1a.4.1.9.aln   -             75   1.8e-21   71.4   0.1   1   1     5e-23   1.9e-21   71.3   0.1     7    71     3    67     1    69 0.96 -
d2hyja1a.4.1.9       -             75 d1rkta1a.4.1.9.aln   -             75   1.9e-21   71.3   0.2   1   1   5.2e-23   1.9e-21   71.2   0.2     2    72     2    72     1    75 0.96 -
d2iu5a1a.4.1.9       -             71 d1rkta1a.4.1.9.aln   -             75   2.2e-21   71.1   0.1   1   1   6.2e-23   2.3e-21   71.0   0.1     2    69     3    70     2    71 0.95 -
d2np3a1a.4.1.9       -             65 d1rkta1a.4.1.9.aln   -             75   6.4e-21   69.6   0.3   1   1   1.9e-22     7e-21   69.5   0.3    10    71     1    62     1    65 0.94 -
d2o7ta1a.4.1.9       -             78 d1rkta1a.4.1.9.aln   -             75   4.5e-20   66.9   0.0   1   1   1.3e-21   4.7e-20   66.8   0.0     2    73     4    76     3    78 0.91 -
d1zk8a1a.4.1.9       -             72 d1rkta1a.4.1.9.aln   -             75   1.7e-18   61.8   0.1   1   1   4.7e-20   1.8e-18   61.8   0.1     6    73     4    71     1    72 0.97 -
d2id3a1a.4.1.9       -             68 d1rkta1a.4.1.9.aln   -             75   3.9e-17   57.4   0.1   1   1   1.1e-18   4.1e-17   57.4   0.1     4    65     5    66     2    68 0.94 -
d2g7ga1a.4.1.9       -             65 d1rkta1a.4.1.9.aln   -             75   1.1e-15   52.8   0.0   1   1   3.1e-17   1.2e-15   52.7   0.0     6    70     2    64     1    65 0.96 -
d1rkta1a.4.1.9       -             81 d1rkta1a.4.1.9.aln   -             75   1.2e-15   52.6   0.1   1   1   3.5e-17   1.3e-15   52.6   0.1     3    72     9    78     7    81 0.91 -
#
# Program:         hmmsearch
# Version:         3.1b2 (February 2015)
# Pipeline mode:   SEARCH
# Query file:      hmmModels30/d1rkta1a.4.1.9.hmm
# Target file:     scop/scopTestSeq.fasta
# Option settings: hmmsearch --domtblout hmmModels30/d1rkta1a.4.1.9.out -E 1 hmmModels30/d1rkta1a.4.1.9.hmm scop/scopTestSeq.fasta 
# Current dir:     /home/anastasia/SBAS/TME8
# Date:            Sat Apr  8 15:33:49 2023
# [ok]
