#                                                                            --- full sequence --- -------------- this domain -------------   hmm coord   ali coord   env coord
# target name        accession   tlen query name           accession   qlen   E-value  score  bias   #  of  c-Evalue  i-Evalue  score  bias  from    to  from    to  from    to  acc description of target
#------------------- ---------- ----- -------------------- ---------- ----- --------- ------ ----- --- --- --------- --------- ------ ----- ----- ----- ----- ----- ----- ----- ---- ---------------------
d1d7qa_b.40.4.5      -            143 d1rl2a2b.40.4.5.aln  -             91   4.2e-33  108.8   0.2   1   1   2.7e-34   6.1e-33  108.3   0.2     1    91    14   106    14   106 0.99 -
d2vnud3b.40.4.5      -            148 d1rl2a2b.40.4.5.aln  -             91   1.2e-30  101.0   0.0   1   1   6.7e-32   1.5e-30  100.7   0.0     1    91    15   124    15   124 0.99 -
d2nn6i1b.40.4.5      -            125 d1rl2a2b.40.4.5.aln  -             91   2.4e-24   80.8   0.1   1   1   1.2e-25   2.7e-24   80.6   0.1     1    90     1    97     1    98 0.98 -
d1wi5a_b.40.4.5      -            119 d1rl2a2b.40.4.5.aln  -             91     6e-20   66.7   0.0   1   1   3.2e-21   7.2e-20   66.5   0.0     4    90    18   103    15   104 0.96 -
d1jt8a_b.40.4.5      -            102 d1rl2a2b.40.4.5.aln  -             91     3e-16   54.9   0.4   1   1   1.4e-17   3.2e-16   54.8   0.4     3    91     5    95     3    95 0.95 -
d1go3e1b.40.4.5      -            106 d1rl2a2b.40.4.5.aln  -             91   4.9e-15   51.0   0.5   1   1   2.5e-16   5.6e-15   50.8   0.5     5    91     1    94     1    94 0.98 -
d3bzka4b.40.4.5      -             94 d1rl2a2b.40.4.5.aln  -             91   7.2e-15   50.5   0.8   1   1   3.7e-16   8.4e-15   50.2   0.8     3    77    14    85    12    92 0.94 -
d1kl9a2b.40.4.5      -             86 d1rl2a2b.40.4.5.aln  -             91   7.2e-13   44.0   1.6   1   1   3.5e-14   7.8e-13   43.9   1.6     2    80     8    85     7    86 0.97 -
d2je6i1b.40.4.5      -             87 d1rl2a2b.40.4.5.aln  -             91   3.8e-12   41.7   0.7   1   1   1.8e-13   4.1e-12   41.6   0.7     1    86     1    86     1    87 0.95 -
d2uubl1b.40.4.5      -            118 d1rl2a2b.40.4.5.aln  -             91   1.1e-11   40.2   1.0   1   1   6.4e-13   1.5e-11   39.9   1.0     3    90    13   102    11   103 0.97 -
d1smxa_b.40.4.5      -             87 d1rl2a2b.40.4.5.aln  -             91   3.5e-11   38.6   0.0   1   1   1.7e-12   3.9e-11   38.5   0.0     9    85     4    86     2    87 0.94 -
d2nn6h1b.40.4.5      -             95 d1rl2a2b.40.4.5.aln  -             91   4.6e-11   38.3   0.0   1   1   2.2e-12   5.1e-11   38.1   0.0     2    82     3    90     2    95 0.95 -
d2uubq1b.40.4.5      -            100 d1rl2a2b.40.4.5.aln  -             91   2.4e-10   35.9   2.4   1   1   1.3e-11     3e-10   35.7   2.4    12    91     7    86     2    86 0.96 -
d1luza_b.40.4.5      -             85 d1rl2a2b.40.4.5.aln  -             91     4e-10   35.3   0.4   1   1   1.9e-11   4.2e-10   35.2   0.4     3    84     4    83     2    85 0.95 -
d1wfqa_b.40.4.5      -             89 d1rl2a2b.40.4.5.aln  -             91   9.5e-10   34.1   0.0   1   1   4.4e-11   9.8e-10   34.0   0.0     6    86     5    87     1    89 0.92 -
d1y14b1b.40.4.5      -             91 d1rl2a2b.40.4.5.aln  -             91     1e-09   34.0   0.0   1   1   4.7e-11   1.1e-09   33.9   0.0     5    86     1    88     1    91 0.96 -
d2ja9a1b.40.4.5      -             90 d1rl2a2b.40.4.5.aln  -             91   1.5e-09   33.4   0.0   1   1   7.7e-11   1.7e-09   33.2   0.0     2    87     2    84     1    87 0.95 -
d1e3pa2b.40.4.5      -             62 d1rl2a2b.40.4.5.aln  -             91   2.1e-09   33.0   0.2   1   1   9.7e-11   2.2e-09   32.9   0.2    13    71     1    60     1    62 0.93 -
d1jjga_b.40.4.5      -            102 d1rl2a2b.40.4.5.aln  -             91   2.2e-09   32.9   0.3   1   1   1.1e-10   2.4e-09   32.8   0.3     3    88     8    92     6    95 0.95 -
d2vnud1b.40.4.5      -             95 d1rl2a2b.40.4.5.aln  -             91   9.4e-09   30.9   0.0   1   1   4.6e-10     1e-08   30.7   0.0     2    86    12    94    11    95 0.96 -
d2vnud2b.40.4.5      -             88 d1rl2a2b.40.4.5.aln  -             91   1.9e-08   29.9   0.6   1   1   9.6e-10   2.2e-08   29.7   0.6     2    76     6    84     5    87 0.96 -
d2ix0a3b.40.4.5      -             87 d1rl2a2b.40.4.5.aln  -             91     2e-07   26.6   0.1   1   1     1e-08   2.3e-07   26.4   0.1     9    86     5    85     2    87 0.93 -
d1u0la1b.40.4.5      -             66 d1rl2a2b.40.4.5.aln  -             91   2.1e-06   23.3   0.3   1   1   1.1e-07   2.4e-06   23.2   0.3    13    77     5    63     2    66 0.88 -
d3i4oa_b.40.4.5      -             68 d1rl2a2b.40.4.5.aln  -             91   3.1e-06   22.8   0.1   1   1   1.5e-07   3.3e-06   22.7   0.1     8    79     3    67     1    68 0.94 -
d1x6oa2b.40.4.5      -             79 d1rl2a2b.40.4.5.aln  -             91   9.1e-06   21.3   0.0   1   1   4.1e-07   9.2e-06   21.3   0.0     5    76     3    73     1    79 0.92 -
d2asba1b.40.4.5      -             76 d1rl2a2b.40.4.5.aln  -             91   9.4e-06   21.3   0.1   1   1   4.4e-07   9.8e-06   21.2   0.1     7    80     4    75     1    76 0.93 -
d1a62a2b.40.4.5      -             78 d1rl2a2b.40.4.5.aln  -             91   1.6e-05   20.5   0.0   1   1   7.9e-07   1.8e-05   20.4   0.0    10    82     3    71     1    76 0.94 -
d1t9ha1b.40.4.5      -             67 d1rl2a2b.40.4.5.aln  -             91   1.6e-05   20.5   0.1   1   1   6.9e-07   1.6e-05   20.5   0.1    11    72     2    59     1    67 0.90 -
d2ix0a2b.40.4.5      -             79 d1rl2a2b.40.4.5.aln  -             91   3.3e-05   19.5   0.0   1   1   1.7e-06   3.9e-05   19.3   0.0    15    78    13    74     5    78 0.87 -
d1khia2b.40.4.5      -             71 d1rl2a2b.40.4.5.aln  -             91   9.3e-05   18.1   0.1   1   1   4.4e-06   9.9e-05   18.0   0.1     3    70     2    68     1    71 0.93 -
d2ix0a1b.40.4.5      -             90 d1rl2a2b.40.4.5.aln  -             91   0.00032   16.4   0.0   1   1   1.6e-05   0.00035   16.2   0.0     6    91     6    90     2    90 0.92 -
d1hh2p1b.40.4.5      -             72 d1rl2a2b.40.4.5.aln  -             91   0.00041   16.0   0.1   1   1   1.8e-05   0.00041   16.0   0.1    22    76    18    67     1    72 0.69 -
d1c9oa_b.40.4.5      -             66 d1rl2a2b.40.4.5.aln  -             91   0.00048   15.8   0.1   1   1   2.2e-05    0.0005   15.7   0.1     9    71     2    57     1    66 0.90 -
d1ne3a_b.40.4.5      -             68 d1rl2a2b.40.4.5.aln  -             91   0.00089   14.9   0.0   1   1   4.2e-05   0.00094   14.8   0.0    11    62     6    54     2    66 0.91 -
d1bkba2b.40.4.5      -             65 d1rl2a2b.40.4.5.aln  -             91    0.0051   12.5   0.1   1   1   0.00023    0.0052   12.5   0.1    12    76     4    64     1    65 0.90 -
#
# Program:         hmmsearch
# Version:         3.1b2 (February 2015)
# Pipeline mode:   SEARCH
# Query file:      hmmModels30/d1rl2a2b.40.4.5.hmm
# Target file:     scop/scopTestSeq.fasta
# Option settings: hmmsearch --domtblout hmmModels30/d1rl2a2b.40.4.5.out -E 1 hmmModels30/d1rl2a2b.40.4.5.hmm scop/scopTestSeq.fasta 
# Current dir:     /home/anastasia/SBAS/TME8
# Date:            Sat Apr  8 15:33:49 2023
# [ok]
