#                                                                            --- full sequence --- -------------- this domain -------------   hmm coord   ali coord   env coord
# target name        accession   tlen query name           accession   qlen   E-value  score  bias   #  of  c-Evalue  i-Evalue  score  bias  from    to  from    to  from    to  acc description of target
#------------------- ---------- ----- -------------------- ---------- ----- --------- ------ ----- --- --- --------- --------- ------ ----- ----- ----- ----- ----- ----- ----- ---- ---------------------
d1r3na1c.56.5.4      -            323 d1rtqa_c.56.5.4.aln  -            281  2.2e-111  367.2   0.0   1   1  3.5e-113  2.5e-111  367.1   0.0     1   281    14   318    14   318 0.99 -
d1y7ea2c.56.5.4      -            323 d1rtqa_c.56.5.4.aln  -            281  1.3e-102  338.4   0.3   1   1  2.1e-104  1.5e-102  338.3   0.3     1   276    14   323    14   323 1.00 -
d1z2la1c.56.5.4      -            294 d1rtqa_c.56.5.4.aln  -            281   1.1e-95  315.8   0.0   1   1   1.7e-97   1.2e-95  315.6   0.0     2   280     1   293     1   294 0.99 -
d1fnoa4c.56.5.4      -            296 d1rtqa_c.56.5.4.aln  -            281   3.9e-84  277.9   0.0   1   1   6.1e-86   4.4e-84  277.7   0.0     9   280     1   295     1   296 0.99 -
d1tkja_c.56.5.4      -            277 d1rtqa_c.56.5.4.aln  -            281   2.2e-81  268.8   0.0   1   1   3.5e-83   2.5e-81  268.7   0.0     2   279     2   275     1   277 0.99 -
d1lfwa1c.56.5.4      -            273 d1rtqa_c.56.5.4.aln  -            281   1.1e-78  260.0   0.1   1   1   1.7e-80   1.2e-78  259.8   0.1     1   280     1   272     1   273 0.99 -
d1cg2a1c.56.5.4      -            277 d1rtqa_c.56.5.4.aln  -            281   1.3e-77  256.5   0.4   1   1     2e-79   1.4e-77  256.3   0.4     1   278     3   275     3   277 0.99 -
d1vgya1c.56.5.4      -            263 d1rtqa_c.56.5.4.aln  -            281   2.3e-74  245.8   0.0   1   1   3.6e-76   2.6e-74  245.6   0.0    20   277     2   262     1   263 0.99 -
d1y0ya3c.56.5.4      -            256 d1rtqa_c.56.5.4.aln  -            281   6.8e-68  224.6   0.6   1   1   1.1e-69   7.6e-68  224.4   0.6     7   279     1   255     1   256 0.99 -
d2grea2c.56.5.4      -            234 d1rtqa_c.56.5.4.aln  -            281   2.3e-58  193.3   2.0   1   1   3.6e-60   2.6e-58  193.1   2.0    18   279     1   234     1   234 0.99 -
d1rtqa_c.56.5.4      -            291 d1rtqa_c.56.5.4.aln  -            281    0.0034   12.3   0.0   1   1   7.3e-05    0.0053   11.7   0.0    67   143    87   162    73   224 0.79 -
#
# Program:         hmmsearch
# Version:         3.1b2 (February 2015)
# Pipeline mode:   SEARCH
# Query file:      hmmModels30/d1rtqa_c.56.5.4.hmm
# Target file:     scop/scopTestSeq.fasta
# Option settings: hmmsearch --domtblout hmmModels30/d1rtqa_c.56.5.4.out -E 1 hmmModels30/d1rtqa_c.56.5.4.hmm scop/scopTestSeq.fasta 
# Current dir:     /home/anastasia/SBAS/TME8
# Date:            Sat Apr  8 15:33:49 2023
# [ok]
