#                                                                            --- full sequence --- -------------- this domain -------------   hmm coord   ali coord   env coord
# target name        accession   tlen query name           accession   qlen   E-value  score  bias   #  of  c-Evalue  i-Evalue  score  bias  from    to  from    to  from    to  acc description of target
#------------------- ---------- ----- -------------------- ---------- ----- --------- ------ ----- --- --- --------- --------- ------ ----- ----- ----- ----- ----- ----- ----- ---- ---------------------
d2dw4a2c.3.1.2       -            450 d1ryia1c.3.1.2.aln   -            358  9.8e-163  536.8   0.0   1   1  3.5e-164  1.1e-162  536.7   0.0     1   358     2   450     2   450 1.00 -
d2iida1c.3.1.2       -            371 d1ryia1c.3.1.2.aln   -            358  3.6e-122  403.4   0.0   1   1  1.3e-123    4e-122  403.3   0.0     1   357    27   370    27   371 0.99 -
d1b5qa1c.3.1.2       -            348 d1ryia1c.3.1.2.aln   -            358   1.7e-94  312.4   0.0   1   1     6e-96   1.9e-94  312.2   0.0     5   357     1   344     1   345 0.99 -
d1seza1c.3.1.2       -            374 d1ryia1c.3.1.2.aln   -            358   9.2e-93  306.7   0.0   1   1   3.2e-94     1e-92  306.5   0.0     5   355     2   372     1   374 0.99 -
d2f5va1c.3.1.2       -            380 d1ryia1c.3.1.2.aln   -            358   2.1e-87  289.1   0.0   1   1   7.4e-89   2.3e-87  288.9   0.0     1   357     1   374     1   375 0.99 -
d1kdga1c.3.1.2       -            361 d1ryia1c.3.1.2.aln   -            358   9.5e-79  260.6   0.0   1   1   3.4e-80   1.1e-78  260.4   0.0     3   357     1   358     1   359 0.99 -
d1pn0a1c.3.1.2       -            361 d1ryia1c.3.1.2.aln   -            358   5.8e-77  254.7   0.0   1   1     2e-78   6.4e-77  254.6   0.0     2   357     5   360     4   361 0.99 -
d2gmha1c.3.1.2       -            381 d1ryia1c.3.1.2.aln   -            358   1.4e-74  246.8   0.0   1   1     5e-76   1.6e-74  246.7   0.0     2   358     5   378     4   378 0.99 -
d1n4wa1c.3.1.2       -            368 d1ryia1c.3.1.2.aln   -            358   1.1e-70  234.0   0.0   1   1     4e-72   1.2e-70  233.9   0.0     4   357     2   366     1   367 0.99 -
d2ivda1c.3.1.2       -            348 d1ryia1c.3.1.2.aln   -            358   1.7e-69  230.1   0.8   1   1   6.1e-71   1.9e-69  230.0   0.8     5   354     1   346     1   348 0.99 -
d1ju2a1c.3.1.2       -            352 d1ryia1c.3.1.2.aln   -            358   8.5e-65  214.7   0.0   1   1     3e-66   9.5e-65  214.5   0.0     2   357     2   348     1   349 0.99 -
d1pj5a2c.3.1.2       -            306 d1ryia1c.3.1.2.aln   -            358   2.5e-50  167.1   0.0   1   1   8.9e-52   2.8e-50  166.9   0.0     4   355     1   303     1   306 0.98 -
d1k0ia1c.3.1.2       -            293 d1ryia1c.3.1.2.aln   -            358   1.5e-48  161.2   0.0   1   1   5.3e-50   1.7e-48  161.1   0.0     4   350     2   292     1   293 0.99 -
d3c96a1c.3.1.2       -            289 d1ryia1c.3.1.2.aln   -            358   4.5e-48  159.7   0.3   1   1     2e-49   6.3e-48  159.2   0.3     4   348     1   287     1   289 0.98 -
d2gf3a1c.3.1.2       -            282 d1ryia1c.3.1.2.aln   -            358   2.6e-45  150.6   0.0   1   1   9.4e-47     3e-45  150.4   0.0     2   344     1   278     1   282 0.97 -
d2voua1c.3.1.2       -            266 d1ryia1c.3.1.2.aln   -            358   7.4e-40  132.6   0.3   1   1   4.6e-41   1.4e-39  131.7   0.3     2   342     2   264     1   266 0.98 -
d2gv8a1c.3.1.5       -            336 d1ryia1c.3.1.2.aln   -            358   1.2e-07   26.7   0.0   1   1   5.9e-09   1.9e-07   26.1   0.0     6    58     6    51     2    61 0.89 -
d1w4xa1c.3.1.5       -            299 d1ryia1c.3.1.2.aln   -            358   1.7e-06   22.9   0.1   1   1   8.4e-08   2.6e-06   22.3   0.1     5    42     8    44     4    56 0.91 -
d1nhpa2c.3.1.5       -            123 d1ryia1c.3.1.2.aln   -            358   5.2e-06   21.3   0.0   1   1   1.9e-07     6e-06   21.1   0.0     6    42    32    67    31    97 0.90 -
d1v59a2c.3.1.5       -            122 d1ryia1c.3.1.2.aln   -            358   8.4e-05   17.3   0.4   1   1     4e-06   0.00013   16.7   0.2     3    46    22    64    20    72 0.93 -
d1xhca2c.3.1.5       -            122 d1ryia1c.3.1.2.aln   -            358   0.00034   15.3   0.4   1   1   1.7e-05   0.00054   14.7   0.4     6    30    34    58    30    65 0.86 -
d1fl2a2c.3.1.5       -            126 d1ryia1c.3.1.2.aln   -            358   0.00083   14.0   0.8   1   1   3.5e-05    0.0011   13.6   0.6     5    39    31    64    29    81 0.94 -
d1gpja2c.2.1.7       -            159 d1ryia1c.3.1.2.aln   -            358    0.0051   11.4   0.3   1   1   0.00024    0.0077   10.9   0.3     6    34    26    54    24    58 0.90 -
d1f0ya2c.2.1.6       -            192 d1ryia1c.3.1.2.aln   -            358     0.006   11.2   0.5   1   2   0.00033      0.01   10.4   0.3     5    43     5    42     3    65 0.88 -
d1f0ya2c.2.1.6       -            192 d1ryia1c.3.1.2.aln   -            358     0.006   11.2   0.5   2   2       3.2     1e+02   -2.7   0.0   324   346   113   134    82   142 0.51 -
d1fl2a1c.3.1.5       -            185 d1ryia1c.3.1.2.aln   -            358     0.015    9.9   3.0   1   1   0.00076     0.024    9.2   3.0     5    20     2    17     1    18 0.95 -
#
# Program:         hmmsearch
# Version:         3.1b2 (February 2015)
# Pipeline mode:   SEARCH
# Query file:      hmmModels30/d1ryia1c.3.1.2.hmm
# Target file:     scop/scopTestSeq.fasta
# Option settings: hmmsearch --domtblout hmmModels30/d1ryia1c.3.1.2.out -E 1 hmmModels30/d1ryia1c.3.1.2.hmm scop/scopTestSeq.fasta 
# Current dir:     /home/anastasia/SBAS/TME8
# Date:            Sat Apr  8 15:33:49 2023
# [ok]
