#                                                                            --- full sequence --- -------------- this domain -------------   hmm coord   ali coord   env coord
# target name        accession   tlen query name           accession   qlen   E-value  score  bias   #  of  c-Evalue  i-Evalue  score  bias  from    to  from    to  from    to  acc description of target
#------------------- ---------- ----- -------------------- ---------- ----- --------- ------ ----- --- --- --------- --------- ------ ----- ----- ----- ----- ----- ----- ----- ---- ---------------------
d3hl8a_c.55.3.5      -            470 d1s5ja1c.55.3.5.aln  -            388  3.1e-223  736.6   0.2   1   1  6.4e-225  3.6e-223  736.4   0.2     1   388    29   415    29   415 1.00 -
d1q8ia1c.55.3.5      -            388 d1s5ja1c.55.3.5.aln  -            388  4.6e-169  558.3   0.0   1   1    9e-171  5.1e-169  558.1   0.0     1   388     1   388     1   388 1.00 -
d2hbja2c.55.3.5      -            292 d1s5ja1c.55.3.5.aln  -            388   4.7e-80  265.3   0.1   1   1   9.3e-82   5.2e-80  265.1   0.1    36   329     1   292     1   292 0.99 -
d3mxma_c.55.3.5      -            229 d1s5ja1c.55.3.5.aln  -            388   3.9e-39  130.6   0.0   1   1   7.6e-41   4.3e-39  130.4   0.0   114   345     1   228     1   229 0.99 -
d1x9ma1c.55.3.5      -            204 d1s5ja1c.55.3.5.aln  -            388   1.5e-26   89.1   0.0   1   1   2.9e-28   1.7e-26   89.0   0.0   122   324     1   203     1   204 0.99 -
d1yt3a3c.55.3.5      -            193 d1s5ja1c.55.3.5.aln  -            388     5e-26   87.4   0.0   1   1   9.8e-28   5.5e-26   87.3   0.0   119   311     2   192     1   193 0.98 -
d1w0ha_c.55.3.5      -            200 d1s5ja1c.55.3.5.aln  -            388   3.3e-24   81.4   0.0   1   1   6.5e-26   3.6e-24   81.3   0.0   116   315     2   200     1   200 0.98 -
d1vk0a_c.55.3.5      -            206 d1s5ja1c.55.3.5.aln  -            388   5.5e-22   74.1   0.0   1   1   1.1e-23     6e-22   74.0   0.0   105   306     2   203     1   206 0.98 -
d2guia_c.55.3.5      -            176 d1s5ja1c.55.3.5.aln  -            388   1.4e-21   72.8   0.0   1   1   2.7e-23   1.5e-21   72.6   0.0   119   303     1   174     1   176 0.98 -
d2f96a1c.55.3.5      -            202 d1s5ja1c.55.3.5.aln  -            388   2.8e-21   71.7   0.0   1   1   5.5e-23   3.1e-21   71.6   0.0   111   313     2   201     1   202 0.97 -
d2py5a1c.55.3.5      -            183 d1s5ja1c.55.3.5.aln  -            388   1.1e-18   63.2   0.0   1   1   2.1e-20   1.2e-18   63.1   0.0   127   304     3   180     1   183 0.98 -
d1kfsa1c.55.3.5      -            195 d1s5ja1c.55.3.5.aln  -            388   3.4e-18   61.6   0.0   1   1   6.5e-20   3.7e-18   61.5   0.0   116   306     2   192     1   195 0.98 -
d2igia_c.55.3.5      -            180 d1s5ja1c.55.3.5.aln  -            388   5.8e-18   60.8   0.0   1   1   1.1e-19   6.5e-18   60.7   0.0   118   304     3   178     1   180 0.97 -
d1wlja_c.55.3.5      -            173 d1s5ja1c.55.3.5.aln  -            388   5.3e-12   41.2   0.0   1   1   1.4e-12   7.7e-11   37.4   0.0   122   310     2   171     1   173 0.96 -
#
# Program:         hmmsearch
# Version:         3.1b2 (February 2015)
# Pipeline mode:   SEARCH
# Query file:      hmmModels30/d1s5ja1c.55.3.5.hmm
# Target file:     scop/scopTestSeq.fasta
# Option settings: hmmsearch --domtblout hmmModels30/d1s5ja1c.55.3.5.out -E 1 hmmModels30/d1s5ja1c.55.3.5.hmm scop/scopTestSeq.fasta 
# Current dir:     /home/anastasia/SBAS/TME8
# Date:            Sat Apr  8 15:33:49 2023
# [ok]
