#                                                                            --- full sequence --- -------------- this domain -------------   hmm coord   ali coord   env coord
# target name        accession   tlen query name           accession   qlen   E-value  score  bias   #  of  c-Evalue  i-Evalue  score  bias  from    to  from    to  from    to  acc description of target
#------------------- ---------- ----- -------------------- ---------- ----- --------- ------ ----- --- --- --------- --------- ------ ----- ----- ----- ----- ----- ----- ----- ---- ---------------------
d2nuja1d.38.1.1      -            159 d1s5ua_d.38.1.1.aln  -            137   2.1e-58  191.4   0.0   1   1   4.7e-60   2.3e-58  191.2   0.0     1   136    20   155    20   156 0.99 -
d2hx5a1d.38.1.1      -            144 d1s5ua_d.38.1.1.aln  -            137   4.7e-47  154.6   0.0   1   1   1.1e-48   5.2e-47  154.5   0.0     1   134     3   143     3   144 0.98 -
d2oafa1d.38.1.1      -            143 d1s5ua_d.38.1.1.aln  -            137   5.4e-44  144.7   0.0   1   1   1.2e-45   5.9e-44  144.6   0.0     2   135     6   141     5   143 0.98 -
d2hlja1d.38.1.1      -            156 d1s5ua_d.38.1.1.aln  -            137   1.7e-41  136.6   0.0   1   1   3.9e-43   1.9e-41  136.4   0.0     2   136     4   144     3   145 0.98 -
d1vpma_d.38.1.1      -            155 d1s5ua_d.38.1.1.aln  -            137   2.1e-41  136.3   0.1   1   1   4.9e-43   2.4e-41  136.1   0.1     2   136     2   140     1   141 0.98 -
d1lo7a_d.38.1.1      -            140 d1s5ua_d.38.1.1.aln  -            137   2.7e-41  136.0   0.0   1   1   5.9e-43   2.9e-41  135.9   0.0     4   134     3   139     1   140 0.98 -
d2oiwa1d.38.1.1      -            131 d1s5ua_d.38.1.1.aln  -            137   3.6e-40  132.3   0.4   1   1     8e-42     4e-40  132.2   0.4     4   136     1   129     1   130 0.98 -
d3qy3a1d.38.1.1      -            130 d1s5ua_d.38.1.1.aln  -            137   8.9e-39  127.8   0.0   1   1     2e-40   9.7e-39  127.7   0.0     4   131     3   129     1   130 0.98 -
d2gvha1d.38.1.1      -            135 d1s5ua_d.38.1.1.aln  -            137   2.7e-38  126.2   0.1   1   1     6e-40   2.9e-38  126.1   0.1     5   132     3   134     1   135 0.98 -
d2gf6a1d.38.1.1      -            134 d1s5ua_d.38.1.1.aln  -            137   5.4e-38  125.3   0.0   1   1   1.2e-39   5.9e-38  125.1   0.0     2   132     3   132     2   134 0.98 -
d3bjka_d.38.1.1      -            140 d1s5ua_d.38.1.1.aln  -            137   1.2e-37  124.2   0.0   1   1   2.5e-39   1.2e-37  124.1   0.0    10   134     4   135     1   138 0.96 -
d1njka_d.38.1.1      -            133 d1s5ua_d.38.1.1.aln  -            137   5.5e-36  118.8   0.0   1   1   1.2e-37     6e-36  118.6   0.0     4   135     1   132     1   133 0.98 -
d1s5ua_d.38.1.1      -            129 d1s5ua_d.38.1.1.aln  -            137     1e-14   49.9   0.4   1   1   2.4e-16   1.2e-14   49.7   0.4     9   130     7   128     2   129 0.80 -
d3f5oa_d.38.1.5      -            138 d1s5ua_d.38.1.1.aln  -            137   2.5e-05   19.5   0.0   1   1   6.8e-07   3.4e-05   19.1   0.0    21    85    47   111    43   132 0.91 -
d1wlua_d.38.1.5      -            117 d1s5ua_d.38.1.1.aln  -            137   3.8e-05   18.9   0.0   1   2       1.5        72   -1.4   0.0    35    63     2    31     1    39 0.63 -
d1wlua_d.38.1.5      -            117 d1s5ua_d.38.1.1.aln  -            137   3.8e-05   18.9   0.0   2   2   1.3e-06   6.4e-05   18.2   0.0    55   101    62   108    17   116 0.86 -
d1ixla_d.38.1.5      -            130 d1s5ua_d.38.1.1.aln  -            137   0.00021   16.5   0.0   1   1   5.3e-06   0.00026   16.2   0.0    45   107    59   121    33   127 0.80 -
#
# Program:         hmmsearch
# Version:         3.1b2 (February 2015)
# Pipeline mode:   SEARCH
# Query file:      hmmModels30/d1s5ua_d.38.1.1.hmm
# Target file:     scop/scopTestSeq.fasta
# Option settings: hmmsearch --domtblout hmmModels30/d1s5ua_d.38.1.1.out -E 1 hmmModels30/d1s5ua_d.38.1.1.hmm scop/scopTestSeq.fasta 
# Current dir:     /home/anastasia/SBAS/TME8
# Date:            Sat Apr  8 15:33:49 2023
# [ok]
