#                                                                            --- full sequence --- -------------- this domain -------------   hmm coord   ali coord   env coord
# target name        accession   tlen query name           accession   qlen   E-value  score  bias   #  of  c-Evalue  i-Evalue  score  bias  from    to  from    to  from    to  acc description of target
#------------------- ---------- ----- -------------------- ---------- ----- --------- ------ ----- --- --- --------- --------- ------ ----- ----- ----- ----- ----- ----- ----- ---- ---------------------
d2v0na2c.23.1.1      -            153 d1s8na_c.23.1.1.aln  -            126   1.9e-46  152.5   0.0   1   1   4.8e-48   2.2e-46  152.3   0.0     3   125    13   133    11   134 0.98 -
d1k66a_c.23.1.1      -            149 d1s8na_c.23.1.1.aln  -            126   1.7e-45  149.5   0.0   1   1   4.1e-47   1.9e-45  149.3   0.0     2   125     5   140     4   141 0.98 -
d2r25b_c.23.1.1      -            133 d1s8na_c.23.1.1.aln  -            126   7.3e-43  140.9   0.1   1   1   1.7e-44   8.1e-43  140.8   0.1     3   125     2   129     1   130 0.97 -
d1kgsa2c.23.1.1      -            122 d1s8na_c.23.1.1.aln  -            126   8.7e-42  137.5   0.1   1   1     2e-43   9.5e-42  137.3   0.1     3   125     1   121     1   122 0.98 -
d1dz3a_c.23.1.1      -            123 d1s8na_c.23.1.1.aln  -            126   5.2e-41  135.0   0.0   1   1   1.2e-42   5.6e-41  134.8   0.0     4   123     2   122     1   123 0.98 -
d1jbea_c.23.1.1      -            128 d1s8na_c.23.1.1.aln  -            126   5.9e-41  134.8   0.0   1   1   1.4e-42   6.4e-41  134.7   0.0     2   124     3   126     2   128 0.98 -
d1mb3a_c.23.1.1      -            123 d1s8na_c.23.1.1.aln  -            126   3.4e-40  132.3   0.1   1   1   7.9e-42   3.7e-40  132.2   0.1     4   124     2   122     1   123 0.95 -
d1dbwa_c.23.1.1      -            123 d1s8na_c.23.1.1.aln  -            126     1e-33  111.4   0.1   1   1   2.4e-35   1.1e-33  111.2   0.1     2   123     2   121     1   123 0.98 -
d2b4aa1c.23.1.1      -            118 d1s8na_c.23.1.1.aln  -            126   1.7e-28   94.5   0.0   1   1     4e-30   1.9e-28   94.4   0.0     3   121     2   116     1   118 0.97 -
d1s8na_c.23.1.1      -            190 d1s8na_c.23.1.1.aln  -            126   1.5e-27   91.5   0.1   1   1     5e-29   2.3e-27   90.8   0.1     4   123     4   121     2   124 0.96 -
d3cfya_c.23.1.0      -            130 d1s8na_c.23.1.1.aln  -            126   6.5e-24   79.7   0.1   1   1   1.7e-25   7.7e-24   79.5   0.1     5   123     4   120     1   122 0.96 -
d3heba_c.23.1.0      -            142 d1s8na_c.23.1.1.aln  -            126   7.6e-24   79.5   0.0   1   1   2.1e-25   9.6e-24   79.2   0.0     5   119     2   127     1   129 0.97 -
d3khta_c.23.1.0      -            132 d1s8na_c.23.1.1.aln  -            126   7.2e-22   73.1   0.2   1   1   1.9e-23   8.7e-22   72.8   0.2     4   106     2   106     1   112 0.97 -
d3ktoa_c.23.1.0      -            122 d1s8na_c.23.1.1.aln  -            126   1.2e-11   40.0   0.3   1   1   3.1e-13   1.4e-11   39.8   0.3     6   122     3   119     2   122 0.85 -
d3eqza_c.23.1.0      -            124 d1s8na_c.23.1.1.aln  -            126   2.2e-11   39.2   0.0   1   1   6.3e-13   2.9e-11   38.8   0.0     5   119     3   119     2   124 0.72 -
d2plna_c.23.1.0      -            118 d1s8na_c.23.1.1.aln  -            126   7.5e-09   31.0   0.1   1   1   2.1e-10   9.9e-09   30.6   0.1     4   118     5   114     3   118 0.77 -
d1q0qa2c.2.1.3       -            152 d1s8na_c.23.1.1.aln  -            126   0.00065   15.1   0.3   1   2     0.026       1.2    4.5   0.0    63    97    14    48    11    53 0.81 -
d1q0qa2c.2.1.3       -            152 d1s8na_c.23.1.1.aln  -            126   0.00065   15.1   0.3   2   2     0.001     0.049    9.0   0.2     9    53    55    98    50   120 0.73 -
#
# Program:         hmmsearch
# Version:         3.1b2 (February 2015)
# Pipeline mode:   SEARCH
# Query file:      hmmModels30/d1s8na_c.23.1.1.hmm
# Target file:     scop/scopTestSeq.fasta
# Option settings: hmmsearch --domtblout hmmModels30/d1s8na_c.23.1.1.out -E 1 hmmModels30/d1s8na_c.23.1.1.hmm scop/scopTestSeq.fasta 
# Current dir:     /home/anastasia/SBAS/TME8
# Date:            Sat Apr  8 15:33:49 2023
# [ok]
