#                                                                            --- full sequence --- -------------- this domain -------------   hmm coord   ali coord   env coord
# target name        accession   tlen query name           accession   qlen   E-value  score  bias   #  of  c-Evalue  i-Evalue  score  bias  from    to  from    to  from    to  acc description of target
#------------------- ---------- ----- -------------------- ---------- ----- --------- ------ ----- --- --- --------- --------- ------ ----- ----- ----- ----- ----- ----- ----- ---- ---------------------
d1atia2d.104.1.1     -            394 d1seta2d.104.1.1.aln -            319  6.2e-134  441.7   3.7   1   1  1.3e-135  7.2e-134  441.5   3.7     2   319     5   339     4   339 1.00 -
d1b8aa2d.104.1.1     -            335 d1seta2d.104.1.1.aln -            319   3.2e-89  294.8   4.4   1   1   6.2e-91   3.5e-89  294.7   4.4     2   315     5   333     4   335 0.99 -
d1wu7a2d.104.1.1     -            327 d1seta2d.104.1.1.aln -            319   1.6e-85  282.7   0.1   1   1   3.1e-87   1.7e-85  282.5   0.1     2   318     5   318     4   319 0.99 -
d1h4vb2d.104.1.1     -            324 d1seta2d.104.1.1.aln -            319   4.1e-77  255.0   4.3   1   1   8.1e-79   4.6e-77  254.9   4.3     2   318     3   314     2   315 0.99 -
d12asa_d.104.1.1     -            327 d1seta2d.104.1.1.aln -            319   1.2e-76  253.5   0.0   1   1   2.4e-78   1.3e-76  253.3   0.0     6   318     2   323     1   324 0.99 -
d1z7ma1d.104.1.1     -            318 d1seta2d.104.1.1.aln -            319   2.7e-74  245.8   0.1   1   1   5.3e-76     3e-74  245.6   0.1     2   318     2   312     1   313 0.99 -
d1qf6a4d.104.1.1     -            291 d1seta2d.104.1.1.aln -            319   2.2e-65  216.5   0.4   1   1   4.3e-67   2.5e-65  216.3   0.4     2   316     1   288     1   291 0.99 -
d1nnha_d.104.1.1     -            293 d1seta2d.104.1.1.aln -            319   1.8e-64  213.5   2.0   1   1   3.4e-66   1.9e-64  213.4   2.0     3   315     2   290     1   293 0.98 -
d1g5ha2d.104.1.1     -            290 d1seta2d.104.1.1.aln -            319   1.1e-58  194.5   0.0   1   1   2.1e-60   1.2e-58  194.4   0.0     2   318     4   289     3   290 0.99 -
d1j5wa_d.104.1.1     -            281 d1seta2d.104.1.1.aln -            319   4.8e-57  189.1   1.3   1   1   9.4e-59   5.3e-57  188.9   1.3     3   314     2   281     1   281 0.99 -
d1hc7a2d.104.1.1     -            272 d1seta2d.104.1.1.aln -            319   2.2e-55  183.6   2.2   1   1   4.3e-57   2.4e-55  183.5   2.2     6   317     2   270     1   272 0.98 -
d1usya_d.104.1.1     -            275 d1seta2d.104.1.1.aln -            319   2.2e-53  177.1   0.0   1   1   4.4e-55   2.5e-53  176.9   0.0    15   314     2   275     1   275 0.97 -
d1yfsa2d.104.1.1     -            236 d1seta2d.104.1.1.aln -            319   5.6e-47  156.0   0.5   1   1   1.2e-48   6.5e-47  155.8   0.5    17   302     3   235     1   236 0.98 -
d1jjcb5d.104.1.1     -            207 d1seta2d.104.1.1.aln -            319   8.5e-27   89.7   1.4   1   1   4.8e-28   2.7e-26   88.1   1.4     3   263     2   206     1   207 0.98 -
#
# Program:         hmmsearch
# Version:         3.1b2 (February 2015)
# Pipeline mode:   SEARCH
# Query file:      hmmModels30/d1seta2d.104.1.1.hmm
# Target file:     scop/scopTestSeq.fasta
# Option settings: hmmsearch --domtblout hmmModels30/d1seta2d.104.1.1.out -E 1 hmmModels30/d1seta2d.104.1.1.hmm scop/scopTestSeq.fasta 
# Current dir:     /home/anastasia/SBAS/TME8
# Date:            Sat Apr  8 15:33:49 2023
# [ok]
