#                                                                            --- full sequence --- -------------- this domain -------------   hmm coord   ali coord   env coord
# target name        accession   tlen query name           accession   qlen   E-value  score  bias   #  of  c-Evalue  i-Evalue  score  bias  from    to  from    to  from    to  acc description of target
#------------------- ---------- ----- -------------------- ---------- ----- --------- ------ ----- --- --- --------- --------- ------ ----- ----- ----- ----- ----- ----- ----- ---- ---------------------
d1t33a1a.4.1.9       -             88 d1sgma1a.4.1.9.aln   -             75     1e-31  104.1   1.7   1   1   3.1e-33   1.2e-31  103.9   1.7     1    75     8    81     8    81 0.98 -
d2id6a1a.4.1.9       -             75 d1sgma1a.4.1.9.aln   -             75   3.4e-27   89.6   0.3   1   1   9.6e-29   3.6e-27   89.5   0.3     4    74     2    72     1    73 0.96 -
d1vi0a1a.4.1.9       -             72 d1sgma1a.4.1.9.aln   -             75   8.9e-27   88.2   0.1   1   1   2.5e-28   9.5e-27   88.2   0.1     6    74     2    70     1    71 0.97 -
d1rkta1a.4.1.9       -             81 d1sgma1a.4.1.9.aln   -             75   1.8e-26   87.2   0.2   1   1   5.3e-28     2e-26   87.1   0.2     1    74     7    80     7    81 0.98 -
d1ui5a1a.4.1.9       -             71 d1sgma1a.4.1.9.aln   -             75   1.2e-24   81.4   2.0   1   1   3.3e-26   1.3e-24   81.4   2.0     2    70     2    70     1    71 0.95 -
d2oi8a1a.4.1.9       -             79 d1sgma1a.4.1.9.aln   -             75   4.4e-24   79.6   0.8   1   1   1.3e-25   4.7e-24   79.5   0.8     2    73     6    77     5    79 0.97 -
d2gena1a.4.1.9       -             70 d1sgma1a.4.1.9.aln   -             75   1.2e-23   78.2   0.7   1   1   3.4e-25   1.3e-23   78.1   0.7     6    73     1    68     1    70 0.96 -
d2gfna1a.4.1.9       -             77 d1sgma1a.4.1.9.aln   -             75   1.6e-23   77.8   0.4   1   1   4.5e-25   1.7e-23   77.7   0.4     2    73     3    74     2    76 0.96 -
d2i10a1a.4.1.9       -             69 d1sgma1a.4.1.9.aln   -             75     1e-22   75.2   0.0   1   1   2.9e-24   1.1e-22   75.1   0.0     8    72     3    67     1    69 0.95 -
d2o7ta1a.4.1.9       -             78 d1sgma1a.4.1.9.aln   -             75   1.6e-22   74.6   0.0   1   1   4.6e-24   1.7e-22   74.5   0.0     2    73     4    75     3    77 0.95 -
d2np5a1a.4.1.9       -             69 d1sgma1a.4.1.9.aln   -             75   2.4e-22   74.0   0.2   1   1   6.8e-24   2.5e-22   74.0   0.2     7    71     3    67     1    69 0.96 -
d2g7sa1a.4.1.9       -             74 d1sgma1a.4.1.9.aln   -             75   3.5e-22   73.5   0.0   1   1   9.9e-24   3.7e-22   73.4   0.0     3    74     2    73     1    74 0.96 -
d1t56a1a.4.1.9       -             73 d1sgma1a.4.1.9.aln   -             75   3.5e-22   73.5   0.0   1   1     1e-23   3.8e-22   73.4   0.0     4    74     2    72     1    73 0.97 -
d2iu5a1a.4.1.9       -             71 d1sgma1a.4.1.9.aln   -             75   3.6e-22   73.5   0.1   1   1     1e-23   3.8e-22   73.4   0.1     2    69     3    70     2    71 0.95 -
d2fd5a1a.4.1.9       -             76 d1sgma1a.4.1.9.aln   -             75   4.4e-22   73.2   0.1   1   1   1.2e-23   4.6e-22   73.1   0.1     2    71     4    73     3    76 0.97 -
d2hyja1a.4.1.9       -             75 d1sgma1a.4.1.9.aln   -             75   1.2e-21   71.8   0.2   1   1   3.5e-23   1.3e-21   71.7   0.2     2    72     2    72     1    75 0.96 -
d2np3a1a.4.1.9       -             65 d1sgma1a.4.1.9.aln   -             75   1.1e-20   68.7   0.3   1   1   3.7e-22   1.4e-20   68.4   0.3    10    68     1    59     1    64 0.92 -
d1zk8a1a.4.1.9       -             72 d1sgma1a.4.1.9.aln   -             75   5.3e-19   63.3   0.0   1   1   1.6e-20   6.2e-19   63.1   0.0     6    73     4    71     2    72 0.97 -
d2id3a1a.4.1.9       -             68 d1sgma1a.4.1.9.aln   -             75   3.8e-17   57.4   0.1   1   1     1e-18   3.9e-17   57.3   0.1     4    66     5    67     2    68 0.95 -
d2g7ga1a.4.1.9       -             65 d1sgma1a.4.1.9.aln   -             75   4.9e-16   53.8   0.1   1   1   1.4e-17   5.1e-16   53.8   0.1     6    70     2    64     1    65 0.96 -
d1sgma1a.4.1.9       -             73 d1sgma1a.4.1.9.aln   -             75     6e-14   47.2   0.0   1   1   1.7e-15   6.3e-14   47.1   0.0     6    73     3    71     1    73 0.94 -
#
# Program:         hmmsearch
# Version:         3.1b2 (February 2015)
# Pipeline mode:   SEARCH
# Query file:      hmmModels30/d1sgma1a.4.1.9.hmm
# Target file:     scop/scopTestSeq.fasta
# Option settings: hmmsearch --domtblout hmmModels30/d1sgma1a.4.1.9.out -E 1 hmmModels30/d1sgma1a.4.1.9.hmm scop/scopTestSeq.fasta 
# Current dir:     /home/anastasia/SBAS/TME8
# Date:            Sat Apr  8 15:33:49 2023
# [ok]
