#                                                                            --- full sequence --- -------------- this domain -------------   hmm coord   ali coord   env coord
# target name        accession   tlen query name           accession   qlen   E-value  score  bias   #  of  c-Evalue  i-Evalue  score  bias  from    to  from    to  from    to  acc description of target
#------------------- ---------- ----- -------------------- ---------- ----- --------- ------ ----- --- --- --------- --------- ------ ----- ----- ----- ----- ----- ----- ----- ---- ---------------------
d1q33a_d.113.1.1     -            292 d1sjya_d.113.1.1.aln -            173   7.5e-86  281.6   0.1   1   1   1.9e-87   9.2e-86  281.4   0.1     1   173    58   278    58   278 0.99 -
d1g0sa_d.113.1.1     -            209 d1sjya_d.113.1.1.aln -            173   1.4e-51  170.1   0.4   1   1   3.1e-53   1.5e-51  170.0   0.4     1   172    21   209    21   209 0.97 -
d3o69a_d.113.1.1     -            190 d1sjya_d.113.1.1.aln -            173     1e-39  131.4   0.0   1   1   2.4e-41   1.2e-39  131.3   0.0     1   166     9   189     9   190 0.97 -
d1nqza_d.113.1.1     -            187 d1sjya_d.113.1.1.aln -            173   1.3e-39  131.1   0.0   1   1   2.9e-41   1.4e-39  131.0   0.0     1   172     6   180     6   181 0.98 -
d1vhza_d.113.1.1     -            186 d1sjya_d.113.1.1.aln -            173   2.5e-39  130.2   0.0   1   1   5.7e-41   2.8e-39  130.0   0.0     1   164     7   184     7   186 0.95 -
d1jkna_d.113.1.1     -            165 d1sjya_d.113.1.1.aln -            173   2.8e-38  126.8   0.0   1   1   6.2e-40   3.1e-38  126.6   0.0     7   171     2   160     1   162 0.98 -
d1v8ya_d.113.1.1     -            158 d1sjya_d.113.1.1.aln -            173   2.5e-37  123.7   0.2   1   1   5.5e-39   2.7e-37  123.6   0.2    15   166     2   158     1   158 0.96 -
d2b06a1d.113.1.1     -            155 d1sjya_d.113.1.1.aln -            173   3.5e-35  116.7   0.0   1   1   7.7e-37   3.8e-35  116.6   0.0    12   168     3   154     1   155 0.97 -
d2azwa1d.113.1.1     -            147 d1sjya_d.113.1.1.aln -            173     1e-32  108.7   0.4   1   1   2.3e-34   1.1e-32  108.5   0.4     2   160     2   147     1   147 0.98 -
d3a6sa_d.113.1.1     -            129 d1sjya_d.113.1.1.aln -            173   1.1e-31  105.3   0.5   1   1   2.5e-33   1.2e-31  105.1   0.5    17   155     3   128     1   129 0.96 -
d1ktga_d.113.1.1     -            137 d1sjya_d.113.1.1.aln -            173   6.2e-31  102.9   0.0   1   1   1.3e-32   6.6e-31  102.8   0.0    16   159     2   134     1   137 0.94 -
d3zr0a_d.113.1.1     -            154 d1sjya_d.113.1.1.aln -            173   6.6e-31  102.8   0.0   1   1   1.5e-32   7.2e-31  102.6   0.0    17   173     3   152     1   152 0.95 -
d1k2ea_d.113.1.1     -            152 d1sjya_d.113.1.1.aln -            173     3e-30  100.7   0.2   1   1   6.4e-32   3.2e-30  100.6   0.2    27   171    10   148     1   150 0.92 -
d2fvva1d.113.1.1     -            135 d1sjya_d.113.1.1.aln -            173   3.1e-28   94.1   0.4   1   1   6.8e-30   3.4e-28   94.0   0.4     8   154     2   133     1   135 0.93 -
d2b0va1d.113.1.1     -            146 d1sjya_d.113.1.1.aln -            173   3.9e-28   93.8   0.0   1   1   8.5e-30   4.2e-28   93.7   0.0    17   173     3   146     1   146 0.98 -
d1sjya_d.113.1.1     -            158 d1sjya_d.113.1.1.aln -            173   5.2e-17   57.5   0.1   1   1   1.2e-18   5.9e-17   57.4   0.1    34   157    10   144     1   152 0.80 -
#
# Program:         hmmsearch
# Version:         3.1b2 (February 2015)
# Pipeline mode:   SEARCH
# Query file:      hmmModels30/d1sjya_d.113.1.1.hmm
# Target file:     scop/scopTestSeq.fasta
# Option settings: hmmsearch --domtblout hmmModels30/d1sjya_d.113.1.1.out -E 1 hmmModels30/d1sjya_d.113.1.1.hmm scop/scopTestSeq.fasta 
# Current dir:     /home/anastasia/SBAS/TME8
# Date:            Sat Apr  8 15:33:49 2023
# [ok]
