#                                                                            --- full sequence --- -------------- this domain -------------   hmm coord   ali coord   env coord
# target name        accession   tlen query name           accession   qlen   E-value  score  bias   #  of  c-Evalue  i-Evalue  score  bias  from    to  from    to  from    to  acc description of target
#------------------- ---------- ----- -------------------- ---------- ----- --------- ------ ----- --- --- --------- --------- ------ ----- ----- ----- ----- ----- ----- ----- ---- ---------------------
d1kkoa2d.54.1.1      -            160 d1sjda2d.54.1.1.aln  -            130   2.7e-55  181.6   0.0   1   1   4.3e-57   3.1e-55  181.4   0.0     1   130    20   158    20   158 0.99 -
d1wuea2d.54.1.1      -            126 d1sjda2d.54.1.1.aln  -            130   2.1e-43  143.2   0.0   1   1   3.2e-45   2.3e-43  143.0   0.0     2   128     1   126     1   126 0.99 -
d1yeya2d.54.1.1      -            139 d1sjda2d.54.1.1.aln  -            130   1.8e-40  133.7   0.2   1   1   2.8e-42     2e-40  133.5   0.2     3   129     2   138     1   139 0.99 -
d1r0ma2d.54.1.1      -            127 d1sjda2d.54.1.1.aln  -            130     7e-37  122.1   0.1   1   1   1.1e-38   7.7e-37  121.9   0.1     2   128     3   127     2   127 0.99 -
d2mnra2d.54.1.1      -            130 d1sjda2d.54.1.1.aln  -            130   9.5e-36  118.4   0.3   1   1   1.5e-37     1e-35  118.3   0.3     2   130     2   129     1   129 0.98 -
d2akza2d.54.1.1      -            139 d1sjda2d.54.1.1.aln  -            130   1.1e-35  118.2   0.0   1   1   1.7e-37   1.2e-35  118.1   0.0     2   130     3   137     2   137 0.99 -
d1jpdx2d.54.1.1      -            116 d1sjda2d.54.1.1.aln  -            130   9.3e-35  115.2   0.0   1   1   1.4e-36     1e-34  115.1   0.0     2   128     2   116     1   116 0.98 -
d2gdqa2d.54.1.1      -            115 d1sjda2d.54.1.1.aln  -            130   2.7e-33  110.4   0.0   1   1   4.2e-35     3e-33  110.3   0.0     2   128     1   115     1   115 0.99 -
d2gl5a2d.54.1.1      -            122 d1sjda2d.54.1.1.aln  -            130     3e-33  110.3   0.0   1   1   4.6e-35   3.3e-33  110.2   0.0     3   128     2   122     1   122 0.99 -
d1r6wa2d.54.1.1      -            101 d1sjda2d.54.1.1.aln  -            130   5.7e-24   80.3   0.0   1   1   8.8e-26   6.3e-24   80.2   0.0     2   116     1    99     1   101 0.98 -
d1sjda2d.54.1.1      -            125 d1sjda2d.54.1.1.aln  -            130     9e-17   57.0   0.1   1   1   1.3e-18   9.6e-17   56.9   0.1     3   123     2   120     1   125 0.93 -
#
# Program:         hmmsearch
# Version:         3.1b2 (February 2015)
# Pipeline mode:   SEARCH
# Query file:      hmmModels30/d1sjda2d.54.1.1.hmm
# Target file:     scop/scopTestSeq.fasta
# Option settings: hmmsearch --domtblout hmmModels30/d1sjda2d.54.1.1.out -E 1 hmmModels30/d1sjda2d.54.1.1.hmm scop/scopTestSeq.fasta 
# Current dir:     /home/anastasia/SBAS/TME8
# Date:            Sat Apr  8 15:33:49 2023
# [ok]
