#                                                                            --- full sequence --- -------------- this domain -------------   hmm coord   ali coord   env coord
# target name        accession   tlen query name           accession   qlen   E-value  score  bias   #  of  c-Evalue  i-Evalue  score  bias  from    to  from    to  from    to  acc description of target
#------------------- ---------- ----- -------------------- ---------- ----- --------- ------ ----- --- --- --------- --------- ------ ----- ----- ----- ----- ----- ----- ----- ---- ---------------------
d3fvsa_c.67.1.1      -            419 d1svva_c.67.1.1.aln  -            384  7.1e-159  524.4   0.0   1   1  1.5e-160    8e-159  524.2   0.0     1   384     1   409     1   409 1.00 -
d1bw0a_c.67.1.1      -            412 d1svva_c.67.1.1.aln  -            384  3.6e-140  462.9   0.0   1   1  7.6e-142    4e-140  462.7   0.0     2   384     3   407     2   407 0.99 -
d1gdea_c.67.1.1      -            388 d1svva_c.67.1.1.aln  -            384  3.6e-139  459.6   0.0   1   1  7.6e-141    4e-139  459.4   0.0     2   383     2   378     1   379 0.99 -
d2hoxa_c.67.1.1      -            425 d1svva_c.67.1.1.aln  -            384  6.5e-139  458.7   0.0   1   1  1.4e-140  7.3e-139  458.5   0.0     1   383    11   425    11   425 1.00 -
d2gb3a1c.67.1.1      -            389 d1svva_c.67.1.1.aln  -            384  8.2e-131  432.0   0.0   1   1  1.7e-132  9.2e-131  431.9   0.0     2   382     1   377     1   379 0.99 -
d1fg7a_c.67.1.1      -            354 d1svva_c.67.1.1.aln  -            384  4.6e-107  353.9   0.0   1   1  9.6e-109    5e-107  353.7   0.0     4   377     2   353     1   354 0.99 -
d1lc5a_c.67.1.1      -            355 d1svva_c.67.1.1.aln  -            384  6.8e-106  350.0   0.0   1   1  1.4e-107  7.5e-106  349.9   0.0     6   377     2   354     1   355 0.99 -
d1m6sa_c.67.1.1      -            343 d1svva_c.67.1.1.aln  -            384   5.8e-95  314.0   0.0   1   1   1.9e-96     1e-94  313.2   0.0     2   383     1   342     1   343 0.99 -
d1v72a1c.67.1.1      -            345 d1svva_c.67.1.1.aln  -            384   7.3e-90  297.2   0.0   1   1   1.9e-91   9.8e-90  296.8   0.0     2   379     4   344     3   345 0.99 -
d3ftba_c.67.1.0      -            334 d1svva_c.67.1.1.aln  -            384   5.4e-32  106.8   0.0   1   1   1.3e-33   6.9e-32  106.4   0.0    58   373    29   327    13   333 0.86 -
d3piua_c.67.1.4      -            416 d1svva_c.67.1.1.aln  -            384   2.7e-22   74.8   0.0   1   1   8.8e-24   4.6e-22   74.1   0.0    64   309    70   332    39   350 0.79 -
d1svva_c.67.1.1      -            340 d1svva_c.67.1.1.aln  -            384   4.3e-08   28.1   0.0   1   1   1.3e-09   6.7e-08   27.4   0.0    55   330    27   294    20   307 0.68 -
d1o69a_c.67.1.4      -            374 d1svva_c.67.1.1.aln  -            384   4.9e-07   24.6   0.1   1   1   1.6e-08   8.3e-07   23.8   0.1    75   201    26   145     7   152 0.83 -
d2c81a_c.67.1.0      -            409 d1svva_c.67.1.1.aln  -            384   6.1e-07   24.3   0.0   1   1   2.1e-08   1.1e-06   23.4   0.0    71   200    43   156    30   165 0.89 -
d1bs0a_c.67.1.4      -            383 d1svva_c.67.1.1.aln  -            384    0.0032   12.0   0.1   1   2      0.43        22   -0.6   0.1    66   112    86   123    77   126 0.84 -
d1bs0a_c.67.1.4      -            383 d1svva_c.67.1.1.aln  -            384    0.0032   12.0   0.1   2   2    0.0003     0.016    9.8   0.0   182   280   185   280   171   301 0.89 -
#
# Program:         hmmsearch
# Version:         3.1b2 (February 2015)
# Pipeline mode:   SEARCH
# Query file:      hmmModels30/d1svva_c.67.1.1.hmm
# Target file:     scop/scopTestSeq.fasta
# Option settings: hmmsearch --domtblout hmmModels30/d1svva_c.67.1.1.out -E 1 hmmModels30/d1svva_c.67.1.1.hmm scop/scopTestSeq.fasta 
# Current dir:     /home/anastasia/SBAS/TME8
# Date:            Sat Apr  8 15:33:49 2023
# [ok]
