#                                                                            --- full sequence --- -------------- this domain -------------   hmm coord   ali coord   env coord
# target name        accession   tlen query name           accession   qlen   E-value  score  bias   #  of  c-Evalue  i-Evalue  score  bias  from    to  from    to  from    to  acc description of target
#------------------- ---------- ----- -------------------- ---------- ----- --------- ------ ----- --- --- --------- --------- ------ ----- ----- ----- ----- ----- ----- ----- ---- ---------------------
d1g41a_c.37.1.20     -            443 d1svma_c.37.1.20.aln -            269    9e-136  447.2   5.5   1   1  3.3e-137    1e-135  447.0   5.5     1   269     1   434     1   434 1.00 -
d1um8a_c.37.1.20     -            364 d1svma_c.37.1.20.aln -            269    8e-100  329.4   2.2   1   1  3.2e-101     1e-99  329.0   2.2     1   269     4   363     4   363 0.99 -
d1g8pa_c.37.1.20     -            333 d1svma_c.37.1.20.aln -            269   2.9e-68  225.9   0.0   1   1     1e-69   3.3e-68  225.7   0.0     2   269    24   333    23   333 0.99 -
d1r6bx3c.37.1.20     -            315 d1svma_c.37.1.20.aln -            269   1.7e-67  223.3   0.1   1   1   6.1e-69   1.9e-67  223.2   0.1     1   268     9   311     9   312 0.99 -
d2a5yb3c.37.1.20     -            277 d1svma_c.37.1.20.aln -            269   4.8e-43  143.2   0.0   1   1   1.7e-44   5.4e-43  143.0   0.0     2   268     9   271     8   272 0.98 -
d1in4a2c.37.1.20     -            238 d1svma_c.37.1.20.aln -            269   2.5e-41  137.6   2.4   1   1   8.7e-43   2.7e-41  137.4   2.4     7   257     2   238     1   238 0.99 -
d1iqpa2c.37.1.20     -            231 d1svma_c.37.1.20.aln -            269   3.3e-41  137.2   0.3   1   1   1.2e-42   3.7e-41  137.0   0.3     2   242    12   230    11   231 0.98 -
d1sxja2c.37.1.20     -            253 d1svma_c.37.1.20.aln -            269   2.8e-40  134.1   0.0   1   1   9.7e-42   3.1e-40  134.0   0.0     2   248     2   252     1   253 0.98 -
d1njfa_c.37.1.20     -            239 d1svma_c.37.1.20.aln -            269   1.5e-38  128.5   0.0   1   1   5.1e-40   1.6e-38  128.4   0.0     4   242     2   236     1   239 0.98 -
d1lv7a_c.37.1.20     -            256 d1svma_c.37.1.20.aln -            269   3.4e-38  127.3   0.0   1   1   1.2e-39   3.7e-38  127.2   0.0     3   250     1   255     1   256 0.96 -
d2fnaa2c.37.1.20     -            283 d1svma_c.37.1.20.aln -            269   4.5e-37  123.6   0.6   1   1   1.6e-38     5e-37  123.4   0.6     3   269    11   282     9   282 0.98 -
d1u0ja_c.37.1.20     -            267 d1svma_c.37.1.20.aln -            269   3.2e-36  120.8   0.0   1   1   1.1e-37   3.5e-36  120.7   0.0     3   265     6   266     4   267 0.98 -
d1fnna2c.37.1.20     -            276 d1svma_c.37.1.20.aln -            269   2.6e-35  117.8   0.0   1   1   9.4e-37     3e-35  117.6   0.0     2   265     7   276     6   276 0.99 -
d1w5sa2c.37.1.20     -            287 d1svma_c.37.1.20.aln -            269   2.6e-34  114.5   0.0   1   1   9.1e-36   2.9e-34  114.4   0.0     2   265     7   283     6   287 0.98 -
d1d2na_c.37.1.20     -            246 d1svma_c.37.1.20.aln -            269   4.6e-32  107.2   0.0   1   1   1.6e-33     5e-32  107.1   0.0     4   245     6   240     3   246 0.97 -
d1ny5a2c.37.1.20     -            247 d1svma_c.37.1.20.aln -            269   2.1e-25   85.3   0.2   1   1   7.3e-27   2.3e-25   85.2   0.2     3   254     3   245     1   247 0.97 -
d1tuea_c.37.1.20     -            205 d1svma_c.37.1.20.aln -            269   2.6e-20   68.6   0.0   1   1   9.8e-22   3.1e-20   68.4   0.0    44   249    13   204     5   205 0.97 -
d1l8qa2c.37.1.20     -            213 d1svma_c.37.1.20.aln -            269   9.7e-20   66.8   1.3   1   1   3.3e-21   1.1e-19   66.7   1.3     4   239     3   209     1   213 0.95 -
d1a5ta2c.37.1.20     -            207 d1svma_c.37.1.20.aln -            269   2.6e-17   58.8   0.0   1   1   9.6e-19     3e-17   58.6   0.0     3   244     2   206     1   207 0.96 -
d2gnoa2c.37.1.20     -            198 d1svma_c.37.1.20.aln -            269     1e-16   56.9   0.1   1   1   3.4e-18   1.1e-16   56.8   0.1    12   243     5   198     1   198 0.94 -
d2p65a_c.37.1.20     -            185 d1svma_c.37.1.20.aln -            269   9.6e-10   34.0   0.6   1   1   3.6e-11   1.1e-09   33.7   0.6    44   237    20   183     7   185 0.96 -
d1jqlb_c.37.1.20     -            140 d1svma_c.37.1.20.aln -            269   4.5e-07   25.2   0.0   1   1   1.4e-08   4.5e-07   25.2   0.0   108   223    38   139     1   140 0.88 -
d1qzma_c.37.1.20     -             94 d1svma_c.37.1.20.aln -            269   4.5e-06   22.0   0.1   1   1   1.6e-07     5e-06   21.8   0.1   119   211     5    88     1    93 0.94 -
d3kb2a_c.37.1.1      -            171 d1svma_c.37.1.20.aln -            269   0.00022   16.4   0.0   1   1   1.1e-05   0.00036   15.7   0.0    44    83     3    42     1    45 0.92 -
d1y63a_c.37.1.1      -            174 d1svma_c.37.1.20.aln -            269    0.0014   13.8   0.1   1   2   0.00014    0.0043   12.2   0.1    43    67     7    31     5    49 0.90 -
d1y63a_c.37.1.1      -            174 d1svma_c.37.1.20.aln -            269    0.0014   13.8   0.1   2   2       2.1        65   -1.5   0.0     5    25    47    67    43    68 0.81 -
#
# Program:         hmmsearch
# Version:         3.1b2 (February 2015)
# Pipeline mode:   SEARCH
# Query file:      hmmModels30/d1svma_c.37.1.20.hmm
# Target file:     scop/scopTestSeq.fasta
# Option settings: hmmsearch --domtblout hmmModels30/d1svma_c.37.1.20.out -E 1 hmmModels30/d1svma_c.37.1.20.hmm scop/scopTestSeq.fasta 
# Current dir:     /home/anastasia/SBAS/TME8
# Date:            Sat Apr  8 15:33:49 2023
# [ok]
