#                                                                            --- full sequence --- -------------- this domain -------------   hmm coord   ali coord   env coord
# target name        accession   tlen query name           accession   qlen   E-value  score  bias   #  of  c-Evalue  i-Evalue  score  bias  from    to  from    to  from    to  acc description of target
#------------------- ---------- ----- -------------------- ---------- ----- --------- ------ ----- --- --- --------- --------- ------ ----- ----- ----- ----- ----- ----- ----- ---- ---------------------
d1vr5a1c.94.1.1      -            535 d1sw5a_c.94.1.1.aln  -            388    7e-139  458.9  11.8   1   1  3.2e-140  8.6e-139  458.6  11.8     1   388    47   469    47   469 1.00 -
d1jeta_c.94.1.1      -            517 d1sw5a_c.94.1.1.aln  -            388  9.4e-136  448.6  16.1   1   1  4.1e-137  1.1e-135  448.4  16.1     1   388    55   464    55   464 1.00 -
d1uqwa_c.94.1.1      -            487 d1sw5a_c.94.1.1.aln  -            388  2.3e-122  404.6  15.6   1   1  1.3e-123  3.4e-122  404.0  15.6     2   387    46   436    45   437 0.99 -
d2nooa_c.94.1.1      -            496 d1sw5a_c.94.1.1.aln  -            388  1.2e-120  398.9   2.0   1   1    5e-122  1.4e-120  398.7   2.0     1   388    42   440    42   440 1.00 -
d3vlva_c.94.1.1      -            490 d1sw5a_c.94.1.1.aln  -            388  9.8e-117  386.0  14.1   1   1  4.2e-118  1.1e-116  385.8  14.1     2   388    47   472    46   472 1.00 -
d1xoca1c.94.1.1      -            504 d1sw5a_c.94.1.1.aln  -            388  2.3e-113  374.9  20.7   1   1  9.9e-115  2.7e-113  374.7  20.7     1   388    48   452    48   452 1.00 -
d1eu8a_c.94.1.1      -            407 d1sw5a_c.94.1.1.aln  -            388   9.8e-84  277.4   9.7   1   1     4e-85   1.1e-83  277.2   9.7     2   388     5   403     4   403 1.00 -
d1ursa_c.94.1.1      -            367 d1sw5a_c.94.1.1.aln  -            388   5.3e-64  212.4  11.9   1   1   2.2e-65   5.9e-64  212.2  11.9     2   387     2   366     1   367 0.99 -
d3thia_c.94.1.1      -            362 d1sw5a_c.94.1.1.aln  -            388   3.3e-58  193.3   0.3   1   1   1.3e-59   3.6e-58  193.2   0.3    15   373     2   359     1   362 0.99 -
d1r9la_c.94.1.1      -            309 d1sw5a_c.94.1.1.aln  -            388     1e-35  119.3  10.7   1   1   4.2e-37   1.1e-35  119.1  10.7    62   372     4   307     1   309 0.98 -
d1ixha_c.94.1.1      -            321 d1sw5a_c.94.1.1.aln  -            388     3e-34  114.5  10.8   1   1   1.3e-35   3.4e-34  114.3  10.8    70   379     9   319     2   321 0.98 -
d1pb7a_c.94.1.1      -            289 d1sw5a_c.94.1.1.aln  -            388   4.8e-33  110.5   0.0   1   1     2e-34   5.4e-33  110.3   0.0    61   349     1   287     1   289 0.99 -
d2nxoa1c.94.1.1      -            277 d1sw5a_c.94.1.1.aln  -            388   2.7e-32  108.0   0.0   1   1   1.3e-33   3.5e-32  107.6   0.0    95   366     4   272     2   276 0.97 -
d1sbpa_c.94.1.1      -            309 d1sw5a_c.94.1.1.aln  -            388     4e-31  104.2   8.0   1   1   1.6e-32   4.4e-31  104.0   8.0    64   366     1   302     1   309 0.98 -
d1q35a_c.94.1.1      -            318 d1sw5a_c.94.1.1.aln  -            388   1.5e-30  102.3   1.9   1   1     6e-32   1.6e-30  102.2   1.9    58   374     2   317     1   318 0.99 -
d1nnfa_c.94.1.1      -            308 d1sw5a_c.94.1.1.aln  -            388   8.4e-29   96.5  10.3   1   1   3.7e-30   9.9e-29   96.3  10.3    59   361     1   300     1   306 0.99 -
d2i6ea1c.94.1.1      -            272 d1sw5a_c.94.1.1.aln  -            388   2.7e-25   85.0   0.0   1   1     1e-26   2.7e-25   85.0   0.0   134   362    35   271     1   272 0.94 -
d1us5a_c.94.1.1      -            298 d1sw5a_c.94.1.1.aln  -            388   1.2e-23   79.6   0.2   1   1   4.7e-25   1.3e-23   79.4   0.2    65   372     3   298     1   298 0.98 -
d1al3a_c.94.1.1      -            237 d1sw5a_c.94.1.1.aln  -            388   6.4e-20   67.3   0.0   1   1   2.5e-21   6.9e-20   67.2   0.0    93   343     1   233     1   237 0.95 -
d1atga_c.94.1.1      -            231 d1sw5a_c.94.1.1.aln  -            388   3.4e-18   61.6   1.5   1   1   1.4e-19   3.7e-18   61.5   1.5   106   335     4   228     1   231 0.97 -
d1xt8a1c.94.1.1      -            248 d1sw5a_c.94.1.1.aln  -            388   2.4e-17   58.8   3.2   1   1   1.3e-18   3.6e-17   58.2   3.2   102   344    13   244     2   247 0.95 -
d1twya_c.94.1.1      -            249 d1sw5a_c.94.1.1.aln  -            388     7e-16   54.0   0.1   1   1   2.8e-17   7.7e-16   53.9   0.1    85   347     3   249     1   249 0.98 -
d2czla1c.94.1.1      -            270 d1sw5a_c.94.1.1.aln  -            388   4.5e-15   51.3   0.0   1   1   1.9e-16   5.3e-15   51.1   0.0   114   358    22   256     2   265 0.90 -
d1ii5a_c.94.1.1      -            226 d1sw5a_c.94.1.1.aln  -            388   1.2e-13   46.6   0.2   1   1   4.6e-15   1.3e-13   46.6   0.2   100   343     4   224     1   226 0.90 -
d1i6aa_c.94.1.1      -            212 d1sw5a_c.94.1.1.aln  -            388   3.2e-11   38.7   0.0   1   1   1.3e-12   3.4e-11   38.5   0.0    98   279     5   177     1   212 0.86 -
d2esna2c.94.1.1      -            212 d1sw5a_c.94.1.1.aln  -            388   3.3e-10   35.3   0.0   1   1   1.4e-11   3.8e-10   35.1   0.0   104   339     4   209     1   212 0.91 -
d2ozza1c.94.1.1      -            228 d1sw5a_c.94.1.1.aln  -            388   2.5e-09   32.4   0.0   1   1   9.6e-11   2.6e-09   32.3   0.0    99   336     4   220     1   228 0.96 -
d2qmwa1c.94.1.1      -            184 d1sw5a_c.94.1.1.aln  -            388   3.5e-08   28.6   0.0   1   1   3.8e-09     1e-07   27.1   0.0   116   249     4   138     1   184 0.90 -
d1ixca2c.94.1.1      -            205 d1sw5a_c.94.1.1.aln  -            388   1.1e-07   27.0   0.0   1   1   5.1e-09   1.4e-07   26.7   0.0   103   280     7   176     2   183 0.95 -
#
# Program:         hmmsearch
# Version:         3.1b2 (February 2015)
# Pipeline mode:   SEARCH
# Query file:      hmmModels30/d1sw5a_c.94.1.1.hmm
# Target file:     scop/scopTestSeq.fasta
# Option settings: hmmsearch --domtblout hmmModels30/d1sw5a_c.94.1.1.out -E 1 hmmModels30/d1sw5a_c.94.1.1.hmm scop/scopTestSeq.fasta 
# Current dir:     /home/anastasia/SBAS/TME8
# Date:            Sat Apr  8 15:33:49 2023
# [ok]
