#                                                                            --- full sequence --- -------------- this domain -------------   hmm coord   ali coord   env coord
# target name        accession   tlen query name           accession   qlen   E-value  score  bias   #  of  c-Evalue  i-Evalue  score  bias  from    to  from    to  from    to  acc description of target
#------------------- ---------- ----- -------------------- ---------- ----- --------- ------ ----- --- --- --------- --------- ------ ----- ----- ----- ----- ----- ----- ----- ---- ---------------------
d2fhfa4b.71.1.1      -            118 d1szna1b.71.1.1.aln  -             82   5.7e-31  101.9   0.3   1   1     2e-32   7.1e-31  101.6   0.3     1    82    20   106    20   106 0.98 -
d1bf2a2b.71.1.1      -            113 d1szna1b.71.1.1.aln  -             82   7.2e-27   88.8   4.3   1   1   2.6e-28   9.2e-27   88.5   4.3     1    82    20   106    20   106 0.99 -
d1m7xa2b.71.1.1      -            106 d1szna1b.71.1.1.aln  -             82     3e-23   77.2   0.0   1   1   1.2e-24   4.2e-23   76.7   0.0     2    81    21   105    20   106 0.97 -
d1ea9c2b.71.1.1      -             80 d1szna1b.71.1.1.aln  -             82   3.1e-19   64.3   0.0   1   1   9.1e-21   3.3e-19   64.3   0.0     1    79     1    77     1    80 0.94 -
d1uasa1b.71.1.1      -             89 d1szna1b.71.1.1.aln  -             82   8.3e-19   63.0   1.3   1   1   2.5e-20   8.8e-19   62.9   1.3     2    80     4    87     3    89 0.96 -
d1h3ga2b.71.1.1      -             83 d1szna1b.71.1.1.aln  -             82   1.6e-18   62.0   0.0   1   1   4.9e-20   1.8e-18   61.9   0.0     4    80     2    79     1    81 0.97 -
d2guya1b.71.1.1      -             95 d1szna1b.71.1.1.aln  -             82   2.4e-18   61.5   0.4   1   1   7.3e-20   2.6e-18   61.4   0.4     1    81     1    86     1    87 0.98 -
d1ji1a2b.71.1.1      -             83 d1szna1b.71.1.1.aln  -             82   6.5e-18   60.1   3.7   1   1     2e-19     7e-18   60.0   3.7     2    79     2    83     1    83 0.97 -
d1j0ha2b.71.1.1      -             83 d1szna1b.71.1.1.aln  -             82   1.6e-17   58.9   0.0   1   1   4.7e-19   1.7e-17   58.8   0.0     4    82     5    83     2    83 0.97 -
d1wzaa1b.71.1.1      -             79 d1szna1b.71.1.1.aln  -             82   1.9e-17   58.6   0.0   1   1   5.7e-19   2.1e-17   58.5   0.0     3    80     2    79     1    79 0.97 -
d1g5aa1b.71.1.1      -             74 d1szna1b.71.1.1.aln  -             82   3.4e-16   54.6   0.0   1   1   1.1e-17   3.9e-16   54.4   0.0     9    79     5    73     2    74 0.96 -
d3bmva3b.71.1.1      -             89 d1szna1b.71.1.1.aln  -             82   3.7e-16   54.5   2.8   1   1   1.1e-17   4.1e-16   54.3   2.8     2    81     9    88     8    89 0.97 -
d1ua7a1b.71.1.1      -             78 d1szna1b.71.1.1.aln  -             82   1.2e-15   52.8   0.4   1   1   3.5e-17   1.3e-15   52.8   0.4     5    79     4    77     1    78 0.97 -
d1e43a1b.71.1.1      -             90 d1szna1b.71.1.1.aln  -             82   1.8e-14   49.1   0.9   1   1   5.5e-16     2e-14   49.0   0.9     1    79     6    89     6    90 0.98 -
d1mxga1b.71.1.1      -             74 d1szna1b.71.1.1.aln  -             82   3.6e-12   41.7   0.9   1   1   1.1e-13   3.9e-12   41.6   0.9     2    81     2    72     1    73 0.97 -
d2bhua2b.71.1.1      -             72 d1szna1b.71.1.1.aln  -             82   3.7e-10   35.2   0.0   1   1   1.1e-11   3.9e-10   35.2   0.0     2    76     2    70     1    72 0.96 -
d1gjwa1b.71.1.1      -             64 d1szna1b.71.1.1.aln  -             82   3.9e-09   32.0   0.0   1   1   1.2e-10   4.2e-09   31.9   0.0     4    79     2    64     1    64 0.95 -
d1r7aa1b.71.1.1      -             70 d1szna1b.71.1.1.aln  -             82     5e-08   28.4   0.1   1   1   1.5e-09   5.3e-08   28.3   0.1     2    75     2    69     1    70 0.96 -
d1kwga1b.71.1.1      -             54 d1szna1b.71.1.1.aln  -             82   1.3e-06   23.9   0.0   1   1   5.3e-08   1.9e-06   23.4   0.0    18    78     9    53     6    54 0.95 -
d1lwha1b.71.1.1      -             50 d1szna1b.71.1.1.aln  -             82   3.3e-06   22.6   0.0   1   1   1.3e-07   4.8e-06   22.1   0.0     3    40     2    39     1    50 0.89 -
d1gcya1b.71.1.1      -             61 d1szna1b.71.1.1.aln  -             82   6.8e-06   21.6   0.4   1   1   2.3e-07   8.4e-06   21.3   0.4     4    78     4    60     1    61 0.93 -
d1ht6a1b.71.1.1      -             57 d1szna1b.71.1.1.aln  -             82   1.4e-05   20.6   0.1   1   1     7e-07   2.5e-05   19.8   0.1     5    79     4    57     1    57 0.94 -
#
# Program:         hmmsearch
# Version:         3.1b2 (February 2015)
# Pipeline mode:   SEARCH
# Query file:      hmmModels30/d1szna1b.71.1.1.hmm
# Target file:     scop/scopTestSeq.fasta
# Option settings: hmmsearch --domtblout hmmModels30/d1szna1b.71.1.1.out -E 1 hmmModels30/d1szna1b.71.1.1.hmm scop/scopTestSeq.fasta 
# Current dir:     /home/anastasia/SBAS/TME8
# Date:            Sat Apr  8 15:33:49 2023
# [ok]
