#                                                                            --- full sequence --- -------------- this domain -------------   hmm coord   ali coord   env coord
# target name        accession   tlen query name           accession   qlen   E-value  score  bias   #  of  c-Evalue  i-Evalue  score  bias  from    to  from    to  from    to  acc description of target
#------------------- ---------- ----- -------------------- ---------- ----- --------- ------ ----- --- --- --------- --------- ------ ----- ----- ----- ----- ----- ----- ----- ---- ---------------------
d1e2ka_c.37.1.1      -            329 d1t0hb_c.37.1.1.aln  -            203  1.7e-105  346.7   0.0   1   1  5.3e-107  2.1e-105  346.4   0.0     1   203     2   228     2   228 1.00 -
d1p5zb_c.37.1.1      -            241 d1t0hb_c.37.1.1.aln  -            203   7.4e-67  220.6   0.0   1   1   2.1e-68   8.2e-67  220.4   0.0     3   202     2   240     1   241 0.99 -
d1deka_c.37.1.1      -            241 d1t0hb_c.37.1.1.aln  -            203   1.9e-55  183.3   0.0   1   1   5.4e-57   2.1e-55  183.1   0.0     3   202     1   229     1   230 0.99 -
d1vhta_c.37.1.1      -            208 d1t0hb_c.37.1.1.aln  -            203   4.1e-35  116.9   0.2   1   1   1.1e-36   4.5e-35  116.8   0.2     3   202     3   200     1   201 0.98 -
d1qf9a_c.37.1.1      -            194 d1t0hb_c.37.1.1.aln  -            203   7.6e-35  116.0   0.0   1   1   2.1e-36   8.4e-35  115.9   0.0     3   199     6   192     4   194 0.98 -
d1lw7a2c.37.1.1      -            192 d1t0hb_c.37.1.1.aln  -            203   8.8e-35  115.8   0.0   1   1   2.5e-36   9.7e-35  115.7   0.0     3   202     7   191     5   192 0.98 -
d1khta_c.37.1.1      -            190 d1t0hb_c.37.1.1.aln  -            203   9.3e-35  115.7   0.1   1   1   2.6e-36     1e-34  115.6   0.1     4   195     2   188     1   190 0.98 -
d1gsia_c.37.1.1      -            208 d1t0hb_c.37.1.1.aln  -            203   5.8e-34  113.1   0.0   1   1   1.6e-35   6.4e-34  113.0   0.0     4   197     1   203     1   208 0.98 -
d1kjwa2c.37.1.1      -            199 d1t0hb_c.37.1.1.aln  -            203   3.9e-33  110.4   0.0   1   1   1.1e-34   4.3e-33  110.3   0.0     4   202     7   192     4   193 0.97 -
d1zina1c.37.1.1      -            183 d1t0hb_c.37.1.1.aln  -            203   5.3e-29   97.0   0.0   1   1   1.5e-30   5.8e-29   96.8   0.0     4   199     1   181     1   183 0.98 -
d1kgda_c.37.1.1      -            178 d1t0hb_c.37.1.1.aln  -            203   2.8e-28   94.6   0.1   1   1   7.9e-30   3.1e-28   94.4   0.1     1   197     1   178     1   178 0.97 -
d2grja_c.37.1.1      -            179 d1t0hb_c.37.1.1.aln  -            203   3.3e-24   81.3   0.2   1   1   9.3e-26   3.7e-24   81.1   0.2     1   197     1   179     1   179 0.98 -
d1y63a_c.37.1.1      -            174 d1t0hb_c.37.1.1.aln  -            203     6e-23   77.2   0.3   1   1   1.7e-24   6.6e-23   77.0   0.3     2   198     4   172     3   174 0.97 -
d1ly1a_c.37.1.1      -            152 d1t0hb_c.37.1.1.aln  -            203   3.2e-21   71.6   0.0   1   1   8.6e-23   3.4e-21   71.5   0.0     3   130     2   122     1   146 0.93 -
d3kb2a_c.37.1.1      -            171 d1t0hb_c.37.1.1.aln  -            203   1.2e-19   66.4   0.0   1   1   3.4e-21   1.4e-19   66.2   0.0     5   195     2   171     1   171 0.98 -
d1yj5a2c.37.1.1      -            172 d1t0hb_c.37.1.1.aln  -            203     3e-19   65.1   0.0   1   1   8.8e-21   3.5e-19   64.9   0.0     7   194     2   171     1   172 0.96 -
d1in4a2c.37.1.20     -            238 d1t0hb_c.37.1.1.aln  -            203   3.1e-05   19.3   0.0   1   1   1.3e-06     5e-05   18.7   0.0     6    57    38    93    35   108 0.88 -
d2qora_c.37.1.0      -            196 d1t0hb_c.37.1.1.aln  -            203     5e-05   18.7   0.1   1   2   1.5e-05   0.00059   15.2   0.0     7    64     8    64     6    79 0.89 -
d2qora_c.37.1.0      -            196 d1t0hb_c.37.1.1.aln  -            203     5e-05   18.7   0.1   2   2      0.26        10    1.3   0.1   147   198   136   188   122   193 0.55 -
d2jaqa_c.37.1.0      -            201 d1t0hb_c.37.1.1.aln  -            203    0.0031   12.8   0.0   1   1   0.00013    0.0051   12.1   0.0     4    52     1    45     1    66 0.82 -
d1um8a_c.37.1.20     -            364 d1t0hb_c.37.1.1.aln  -            203     0.005   12.1   0.0   1   1   0.00035     0.014   10.7   0.0     5    29    70    94    68   121 0.84 -
#
# Program:         hmmsearch
# Version:         3.1b2 (February 2015)
# Pipeline mode:   SEARCH
# Query file:      hmmModels30/d1t0hb_c.37.1.1.hmm
# Target file:     scop/scopTestSeq.fasta
# Option settings: hmmsearch --domtblout hmmModels30/d1t0hb_c.37.1.1.out -E 1 hmmModels30/d1t0hb_c.37.1.1.hmm scop/scopTestSeq.fasta 
# Current dir:     /home/anastasia/SBAS/TME8
# Date:            Sat Apr  8 15:33:49 2023
# [ok]
