#                                                                            --- full sequence --- -------------- this domain -------------   hmm coord   ali coord   env coord
# target name        accession   tlen query name           accession   qlen   E-value  score  bias   #  of  c-Evalue  i-Evalue  score  bias  from    to  from    to  from    to  acc description of target
#------------------- ---------- ----- -------------------- ---------- ----- --------- ------ ----- --- --- --------- --------- ------ ----- ----- ----- ----- ----- ----- ----- ---- ---------------------
d1p1ja1c.2.1.3       -            411 d1t1ra3c.2.1.3.aln   -            208  1.2e-119  393.0   0.1   1   1  4.9e-121  1.5e-119  392.7   0.1     1   208    38   283    38   283 1.00 -
d3cina1c.2.1.3       -            276 d1t1ra3c.2.1.3.aln   -            208     6e-50  165.4   0.7   1   2      0.55        17    0.5   0.1    21    41     2    22     1    26 0.87 -
d3cina1c.2.1.3       -            276 d1t1ra3c.2.1.3.aln   -            208     6e-50  165.4   0.7   2   2   7.6e-51   2.4e-49  163.4   0.1     2   208    30   266    29   266 0.99 -
d1gr0a1c.2.1.3       -            244 d1t1ra3c.2.1.3.aln   -            208   2.4e-44  147.0   0.8   1   2      0.13       4.2    2.5   0.0    23    41     4    22     2    30 0.85 -
d1gr0a1c.2.1.3       -            244 d1t1ra3c.2.1.3.aln   -            208   2.4e-44  147.0   0.8   2   2   1.2e-44   3.7e-43  143.2   0.3     2   207    32   241    31   242 0.99 -
d1h6da1c.2.1.3       -            222 d1t1ra3c.2.1.3.aln   -            208   4.1e-37  123.4   0.0   1   1   1.5e-38   4.6e-37  123.3   0.0     2   207    15   216    14   217 0.98 -
d2nvwa1c.2.1.3       -            238 d1t1ra3c.2.1.3.aln   -            208   3.9e-31  103.9   0.0   1   1   1.4e-32   4.4e-31  103.7   0.0     2   207    25   238    24   238 0.98 -
d1ydwa1c.2.1.3       -            185 d1t1ra3c.2.1.3.aln   -            208     1e-23   79.7   0.0   1   1   3.6e-25   1.1e-23   79.5   0.0    23   206     3   181     1   183 0.97 -
d1qkia1c.2.1.3       -            204 d1t1ra3c.2.1.3.aln   -            208     1e-22   76.4   0.0   1   1   3.6e-24   1.1e-22   76.3   0.0     2   207     2   203     1   204 0.98 -
d1tlta1c.2.1.3       -            165 d1t1ra3c.2.1.3.aln   -            208   3.1e-20   68.3   0.0   1   1   1.1e-21   3.4e-20   68.2   0.0    20   195     1   163     1   165 0.97 -
d1cf2o1c.2.1.3       -            172 d1t1ra3c.2.1.3.aln   -            208   9.7e-20   66.7   0.8   1   1   3.4e-21   1.1e-19   66.5   0.8    22   188     2   171     1   172 0.98 -
d1zh8a1c.2.1.3       -            182 d1t1ra3c.2.1.3.aln   -            208   2.5e-19   65.3   0.0   1   1   9.3e-21   2.9e-19   65.1   0.0    19   202     2   178     1   181 0.97 -
d1h9aa1c.2.1.3       -            196 d1t1ra3c.2.1.3.aln   -            208   1.6e-18   62.7   0.1   1   1   5.7e-20   1.8e-18   62.5   0.1    17   206     2   190     1   192 0.97 -
d1xeaa1c.2.1.3       -            168 d1t1ra3c.2.1.3.aln   -            208   8.8e-18   60.3   0.0   1   1   3.1e-19   9.7e-18   60.2   0.0    21   199     2   166     1   168 0.97 -
d1e5qa1c.2.1.3       -            183 d1t1ra3c.2.1.3.aln   -            208   1.1e-17   60.0   0.1   1   1   3.7e-19   1.2e-17   59.9   0.1    22   201     3   183     1   183 0.96 -
d1drua1c.2.1.3       -            161 d1t1ra3c.2.1.3.aln   -            208   1.5e-17   59.6   0.0   1   1     5e-19   1.6e-17   59.5   0.0    20   182     2   156     1   161 0.94 -
d1lc0a1c.2.1.3       -            173 d1t1ra3c.2.1.3.aln   -            208   4.3e-17   58.0   0.0   1   1   1.5e-18   4.8e-17   57.9   0.0    19   200     5   172     1   173 0.96 -
d1nvmb1c.2.1.3       -            158 d1t1ra3c.2.1.3.aln   -            208   3.9e-16   54.9   0.1   1   1   1.4e-17   4.3e-16   54.8   0.1    21   187     4   157     1   158 0.97 -
d1f06a1c.2.1.3       -            171 d1t1ra3c.2.1.3.aln   -            208   4.5e-15   51.4   0.0   1   1   1.7e-16   5.3e-15   51.2   0.0    21   184     3   157     1   166 0.96 -
d1vkna1c.2.1.3       -            177 d1t1ra3c.2.1.3.aln   -            208   3.7e-13   45.2   0.0   1   1   1.4e-14   4.4e-13   44.9   0.0    20   187     1   166     1   173 0.96 -
d2g82a1c.2.1.3       -            169 d1t1ra3c.2.1.3.aln   -            208   8.3e-12   40.8   0.1   1   1   3.1e-13   9.7e-12   40.5   0.1    23   187     2   161     1   167 0.94 -
d1ebfa1c.2.1.3       -            169 d1t1ra3c.2.1.3.aln   -            208   3.7e-10   35.4   0.1   1   1   1.3e-11   4.1e-10   35.2   0.1    19   194     2   167     1   169 0.95 -
d1q0qa2c.2.1.3       -            152 d1t1ra3c.2.1.3.aln   -            208   2.4e-09   32.7   0.0   1   1   1.1e-10   3.3e-09   32.3   0.0    21   184     2   150     1   152 0.95 -
d1yl7a1c.2.1.3       -            136 d1t1ra3c.2.1.3.aln   -            208   8.6e-09   30.9   0.0   1   1   3.2e-10     1e-08   30.7   0.0    23   183     2   134     1   136 0.94 -
d1j5pa4c.2.1.3       -            133 d1t1ra3c.2.1.3.aln   -            208   3.3e-08   29.0   0.0   1   1   1.1e-09   3.3e-08   29.0   0.0    21   132     2    94     1   130 0.88 -
d1t4ba1c.2.1.3       -            147 d1t1ra3c.2.1.3.aln   -            208   4.4e-06   22.1   0.0   1   2   0.00017    0.0053   12.0   0.0    21    58     2    42     1    51 0.83 -
d1t4ba1c.2.1.3       -            147 d1t1ra3c.2.1.3.aln   -            208   4.4e-06   22.1   0.0   2   2    0.0018     0.056    8.7   0.0   103   178    60   137    46   147 0.82 -
d1vm6a3c.2.1.3       -            129 d1t1ra3c.2.1.3.aln   -            208   0.00054   15.2   0.0   1   1     4e-05    0.0013   14.0   0.0    22   180     2   125     1   129 0.84 -
#
# Program:         hmmsearch
# Version:         3.1b2 (February 2015)
# Pipeline mode:   SEARCH
# Query file:      hmmModels30/d1t1ra3c.2.1.3.hmm
# Target file:     scop/scopTestSeq.fasta
# Option settings: hmmsearch --domtblout hmmModels30/d1t1ra3c.2.1.3.out -E 1 hmmModels30/d1t1ra3c.2.1.3.hmm scop/scopTestSeq.fasta 
# Current dir:     /home/anastasia/SBAS/TME8
# Date:            Sat Apr  8 15:33:49 2023
# [ok]
