#                                                                            --- full sequence --- -------------- this domain -------------   hmm coord   ali coord   env coord
# target name        accession   tlen query name           accession   qlen   E-value  score  bias   #  of  c-Evalue  i-Evalue  score  bias  from    to  from    to  from    to  acc description of target
#------------------- ---------- ----- -------------------- ---------- ----- --------- ------ ----- --- --- --------- --------- ------ ----- ----- ----- ----- ----- ----- ----- ---- ---------------------
d1rkta1a.4.1.9       -             81 d1t33a1a.4.1.9.aln   -             74   6.5e-29   95.0   0.2   1   1   1.9e-30   7.2e-29   94.9   0.2     1    74     8    81     8    81 0.98 -
d2id6a1a.4.1.9       -             75 d1t33a1a.4.1.9.aln   -             74   5.5e-28   92.0   0.3   1   1   1.6e-29   5.9e-28   91.9   0.3     3    73     2    72     1    73 0.96 -
d1vi0a1a.4.1.9       -             72 d1t33a1a.4.1.9.aln   -             74   9.3e-27   88.1   0.1   1   1   2.6e-28   9.9e-27   88.0   0.1     5    73     2    70     1    71 0.97 -
d2oi8a1a.4.1.9       -             79 d1t33a1a.4.1.9.aln   -             74   5.2e-25   82.5   0.5   1   1   1.5e-26   5.6e-25   82.4   0.5     2    73     7    78     6    79 0.97 -
d1ui5a1a.4.1.9       -             71 d1t33a1a.4.1.9.aln   -             74   1.4e-24   81.2   1.8   1   1   3.9e-26   1.4e-24   81.1   1.8     2    69     3    70     2    71 0.95 -
d1sgma1a.4.1.9       -             73 d1t33a1a.4.1.9.aln   -             74   2.1e-24   80.6   0.0   1   1   5.9e-26   2.2e-24   80.5   0.0     4    73     2    72     1    73 0.97 -
d2gena1a.4.1.9       -             70 d1t33a1a.4.1.9.aln   -             74   4.3e-24   79.6   0.5   1   1   1.2e-25   4.5e-24   79.5   0.5     5    72     1    68     1    70 0.96 -
d2gfna1a.4.1.9       -             77 d1t33a1a.4.1.9.aln   -             74   1.4e-23   78.0   0.4   1   1   3.9e-25   1.5e-23   77.9   0.4     2    73     4    75     3    76 0.97 -
d2i10a1a.4.1.9       -             69 d1t33a1a.4.1.9.aln   -             74   1.6e-23   77.8   0.0   1   1   4.3e-25   1.6e-23   77.7   0.0     7    72     3    68     1    69 0.96 -
d2g7sa1a.4.1.9       -             74 d1t33a1a.4.1.9.aln   -             74   7.6e-23   75.6   0.0   1   1   2.1e-24     8e-23   75.5   0.0     2    73     2    73     1    74 0.96 -
d1t56a1a.4.1.9       -             73 d1t33a1a.4.1.9.aln   -             74   1.3e-22   74.9   0.0   1   1   3.6e-24   1.3e-22   74.8   0.0     3    73     2    72     1    73 0.97 -
d2iu5a1a.4.1.9       -             71 d1t33a1a.4.1.9.aln   -             74   1.3e-22   74.8   0.0   1   1   3.6e-24   1.3e-22   74.8   0.0     3    68     5    70     3    71 0.95 -
d2fd5a1a.4.1.9       -             76 d1t33a1a.4.1.9.aln   -             74   1.3e-22   74.8   0.1   1   1   3.8e-24   1.4e-22   74.7   0.1     1    70     4    73     4    76 0.97 -
d2np5a1a.4.1.9       -             69 d1t33a1a.4.1.9.aln   -             74   2.5e-22   73.9   0.2   1   1   7.1e-24   2.7e-22   73.8   0.2     6    70     3    67     1    69 0.96 -
d2hyja1a.4.1.9       -             75 d1t33a1a.4.1.9.aln   -             74   2.6e-22   73.9   0.1   1   1   7.3e-24   2.7e-22   73.8   0.1     2    71     3    72     2    75 0.96 -
d2np3a1a.4.1.9       -             65 d1t33a1a.4.1.9.aln   -             74   1.1e-21   71.9   0.2   1   1   3.1e-23   1.2e-21   71.8   0.2     9    70     1    62     1    65 0.95 -
d2o7ta1a.4.1.9       -             78 d1t33a1a.4.1.9.aln   -             74     5e-21   69.7   0.0   1   1   1.4e-22   5.4e-21   69.6   0.0     2    72     5    76     4    78 0.96 -
d1zk8a1a.4.1.9       -             72 d1t33a1a.4.1.9.aln   -             74     1e-19   65.6   0.1   1   1   2.8e-21   1.1e-19   65.5   0.1     5    72     4    71     1    72 0.97 -
d2id3a1a.4.1.9       -             68 d1t33a1a.4.1.9.aln   -             74     7e-18   59.7   0.0   1   1     2e-19   7.4e-18   59.6   0.0     3    65     5    67     3    68 0.95 -
d2g7ga1a.4.1.9       -             65 d1t33a1a.4.1.9.aln   -             74   6.5e-17   56.6   0.1   1   1   1.8e-18   6.8e-17   56.5   0.1     5    69     2    64     1    65 0.96 -
d1t33a1a.4.1.9       -             88 d1t33a1a.4.1.9.aln   -             74   4.3e-10   34.7   0.4   1   1   1.3e-11   4.8e-10   34.6   0.4     5    54    13    61     9    82 0.88 -
#
# Program:         hmmsearch
# Version:         3.1b2 (February 2015)
# Pipeline mode:   SEARCH
# Query file:      hmmModels30/d1t33a1a.4.1.9.hmm
# Target file:     scop/scopTestSeq.fasta
# Option settings: hmmsearch --domtblout hmmModels30/d1t33a1a.4.1.9.out -E 1 hmmModels30/d1t33a1a.4.1.9.hmm scop/scopTestSeq.fasta 
# Current dir:     /home/anastasia/SBAS/TME8
# Date:            Sat Apr  8 15:33:49 2023
# [ok]
