#                                                                            --- full sequence --- -------------- this domain -------------   hmm coord   ali coord   env coord
# target name        accession   tlen query name           accession   qlen   E-value  score  bias   #  of  c-Evalue  i-Evalue  score  bias  from    to  from    to  from    to  acc description of target
#------------------- ---------- ----- -------------------- ---------- ----- --------- ------ ----- --- --- --------- --------- ------ ----- ----- ----- ----- ----- ----- ----- ---- ---------------------
d1p1ja1c.2.1.3       -            411 d1t4ba1c.2.1.3.aln   -            196  4.9e-102  335.7   0.1   1   1  1.9e-103  6.2e-102  335.4   0.1     1   196    39   324    39   324 1.00 -
d3cina1c.2.1.3       -            276 d1t4ba1c.2.1.3.aln   -            196   1.1e-50  168.2   0.8   1   2       1.1        36    0.0   0.1    19    37     1    19     1    26 0.88 -
d3cina1c.2.1.3       -            276 d1t4ba1c.2.1.3.aln   -            196   1.1e-50  168.2   0.8   2   2     9e-52     3e-50  166.7   0.1     2   195    31   270    30   271 0.99 -
d1gr0a1c.2.1.3       -            244 d1t4ba1c.2.1.3.aln   -            196   2.4e-42  141.0   0.6   1   2       7.7   2.5e+02   -2.7   0.1    22    37     4    19     3    24 0.85 -
d1gr0a1c.2.1.3       -            244 d1t4ba1c.2.1.3.aln   -            196   2.4e-42  141.0   0.6   2   2   7.2e-44   2.4e-42  141.0   0.6     2   193    33   242    32   244 0.98 -
d1h6da1c.2.1.3       -            222 d1t4ba1c.2.1.3.aln   -            196   4.5e-31  104.2   0.0   1   1   1.5e-32     5e-31  104.0   0.0     2   192    25   220    24   222 0.98 -
d2nvwa1c.2.1.3       -            238 d1t4ba1c.2.1.3.aln   -            196   2.2e-30  101.9   0.0   1   1   7.4e-32   2.4e-30  101.7   0.0     2   194     2   233     1   235 0.97 -
d1h9aa1c.2.1.3       -            196 d1t4ba1c.2.1.3.aln   -            196     2e-24   82.5   0.0   1   1   6.6e-26   2.2e-24   82.3   0.0    16   195     3   189     1   190 0.98 -
d1qkia1c.2.1.3       -            204 d1t4ba1c.2.1.3.aln   -            196     2e-24   82.4   0.0   1   1     7e-26   2.3e-24   82.2   0.0     4   188     6   188     3   196 0.97 -
d1xeaa1c.2.1.3       -            168 d1t4ba1c.2.1.3.aln   -            196   5.1e-21   71.3   0.0   1   1   1.7e-22   5.6e-21   71.2   0.0    20   191     2   167     1   168 0.98 -
d1ydwa1c.2.1.3       -            185 d1t4ba1c.2.1.3.aln   -            196   1.5e-20   69.8   0.1   1   1   5.1e-22   1.7e-20   69.6   0.1    19   194     1   183     1   185 0.96 -
d1zh8a1c.2.1.3       -            182 d1t4ba1c.2.1.3.aln   -            196   3.3e-18   62.2   0.0   1   1   1.1e-19   3.7e-18   62.0   0.0    18   175     2   159     1   178 0.93 -
d1tlta1c.2.1.3       -            165 d1t4ba1c.2.1.3.aln   -            196   1.2e-17   60.3   0.0   1   1   4.2e-19   1.4e-17   60.1   0.0    19   190     1   164     1   165 0.98 -
d1drua1c.2.1.3       -            161 d1t4ba1c.2.1.3.aln   -            196   2.3e-17   59.4   0.0   1   1   7.5e-19   2.5e-17   59.3   0.0    20   190     3   160     1   161 0.98 -
d1e5qa1c.2.1.3       -            183 d1t4ba1c.2.1.3.aln   -            196   5.5e-16   54.9   0.2   1   1   1.8e-17     6e-16   54.8   0.2    22   194     4   181     1   183 0.98 -
d1vkna1c.2.1.3       -            177 d1t4ba1c.2.1.3.aln   -            196   1.6e-15   53.4   0.0   1   1   5.4e-17   1.8e-15   53.2   0.0    19   194     1   176     1   177 0.98 -
d1ebfa1c.2.1.3       -            169 d1t4ba1c.2.1.3.aln   -            196   1.3e-14   50.4   0.3   1   1   4.6e-16   1.5e-14   50.2   0.3    18   176     2   149     1   167 0.90 -
d1lc0a1c.2.1.3       -            173 d1t4ba1c.2.1.3.aln   -            196   1.7e-13   46.7   0.0   1   1   5.6e-15   1.9e-13   46.7   0.0    16   189     3   170     1   173 0.93 -
d1cf2o1c.2.1.3       -            172 d1t4ba1c.2.1.3.aln   -            196   2.4e-13   46.3   0.9   1   1   7.9e-15   2.6e-13   46.2   0.9    21   179     2   166     1   172 0.91 -
d1yl7a1c.2.1.3       -            136 d1t4ba1c.2.1.3.aln   -            196   5.4e-13   45.1   0.0   1   1   5.8e-13   1.9e-11   40.1   0.0    22   184     2   131     1   136 0.94 -
d1f06a1c.2.1.3       -            171 d1t4ba1c.2.1.3.aln   -            196   3.8e-12   42.4   0.0   1   1   1.3e-13   4.3e-12   42.2   0.0    22   172     5   157     1   168 0.88 -
d1q0qa2c.2.1.3       -            152 d1t4ba1c.2.1.3.aln   -            196   2.5e-11   39.7   0.0   1   1   8.8e-13   2.9e-11   39.5   0.0    23   184     5   151     1   152 0.96 -
d1nvmb1c.2.1.3       -            158 d1t4ba1c.2.1.3.aln   -            196   2.8e-11   39.6   0.2   1   1   2.3e-12   7.5e-11   38.1   0.2    19   191     3   156     1   158 0.94 -
d2g82a1c.2.1.3       -            169 d1t4ba1c.2.1.3.aln   -            196   9.6e-09   31.3   0.1   1   1   3.2e-10   1.1e-08   31.1   0.1    22   191     2   167     1   169 0.94 -
d1j5pa4c.2.1.3       -            133 d1t4ba1c.2.1.3.aln   -            196   3.6e-07   26.1   0.1   1   1   4.1e-08   1.4e-06   24.3   0.1    20   130     2    86     1   102 0.84 -
d1vm6a3c.2.1.3       -            129 d1t4ba1c.2.1.3.aln   -            196   4.7e-05   19.2   0.0   1   1   1.4e-05   0.00045   16.0   0.0    78   185    31   126     1   128 0.86 -
#
# Program:         hmmsearch
# Version:         3.1b2 (February 2015)
# Pipeline mode:   SEARCH
# Query file:      hmmModels30/d1t4ba1c.2.1.3.hmm
# Target file:     scop/scopTestSeq.fasta
# Option settings: hmmsearch --domtblout hmmModels30/d1t4ba1c.2.1.3.out -E 1 hmmModels30/d1t4ba1c.2.1.3.hmm scop/scopTestSeq.fasta 
# Current dir:     /home/anastasia/SBAS/TME8
# Date:            Sat Apr  8 15:33:49 2023
# [ok]
