#                                                                            --- full sequence --- -------------- this domain -------------   hmm coord   ali coord   env coord
# target name        accession   tlen query name           accession   qlen   E-value  score  bias   #  of  c-Evalue  i-Evalue  score  bias  from    to  from    to  from    to  acc description of target
#------------------- ---------- ----- -------------------- ---------- ----- --------- ------ ----- --- --- --------- --------- ------ ----- ----- ----- ----- ----- ----- ----- ---- ---------------------
d3c07a2a.121.1.1     -            146 d1t56a2a.121.1.1.aln -            127   4.2e-37  122.5   0.8   1   1     2e-38   5.5e-37  122.2   0.8     1   127    20   146    20   146 0.99 -
d1z0xa2a.121.1.1     -            149 d1t56a2a.121.1.1.aln -            127   3.1e-36  119.7   0.0   1   1   1.3e-37   3.5e-36  119.6   0.0     1   126    18   145    18   146 0.99 -
d2g7la2a.121.1.1     -            144 d1t56a2a.121.1.1.aln -            127   8.4e-28   92.6   6.5   1   1   3.7e-29     1e-27   92.3   6.5     1   126    15   140    15   141 0.98 -
d2fbqa2a.121.1.1     -            134 d1t56a2a.121.1.1.aln -            127     6e-24   80.2   0.1   1   1   2.4e-25   6.5e-24   80.1   0.1     1   124     5   130     5   133 0.98 -
d2hyja2a.121.1.1     -            118 d1t56a2a.121.1.1.aln -            127   1.2e-19   66.4   5.2   1   1   4.6e-21   1.2e-19   66.3   5.2     6   118     4   116     1   118 0.97 -
d2i10a2a.121.1.1     -            116 d1t56a2a.121.1.1.aln -            127   1.3e-18   63.0   2.9   1   1   5.2e-20   1.4e-18   62.9   2.9     5   117     3   115     1   116 0.97 -
d1t33a2a.121.1.1     -            132 d1t56a2a.121.1.1.aln -            127   6.5e-18   60.7   0.2   1   1   2.6e-19     7e-18   60.6   0.2     3   126     3   128     1   129 0.98 -
d1ui5a2a.121.1.1     -            133 d1t56a2a.121.1.1.aln -            127   7.3e-18   60.6   1.7   1   1   2.9e-19     8e-18   60.5   1.7     1   125     1   127     1   129 0.98 -
d2gfna2a.121.1.1     -            119 d1t56a2a.121.1.1.aln -            127   1.7e-17   59.4   7.3   1   1     7e-19   1.9e-17   59.2   7.3     5   123     2   119     1   119 0.98 -
d2d6ya2a.121.1.1     -            118 d1t56a2a.121.1.1.aln -            127   1.9e-17   59.2   1.2   1   1   7.6e-19   2.1e-17   59.1   1.2     2   123     4   118     3   118 0.97 -
d2id6a2a.121.1.1     -            125 d1t56a2a.121.1.1.aln -            127   6.1e-17   57.6   0.0   1   1   2.4e-18   6.7e-17   57.5   0.0     5   126     2   125     1   125 0.98 -
d2gena2a.121.1.1     -            118 d1t56a2a.121.1.1.aln -            127   1.9e-16   56.0   5.8   1   1   7.7e-18   2.1e-16   55.9   5.8     4   123     3   117     1   118 0.97 -
d2g7sa2a.121.1.1     -            116 d1t56a2a.121.1.1.aln -            127   6.7e-16   54.3   2.0   1   1   2.7e-17   7.3e-16   54.1   2.0     5   123     2   116     1   116 0.97 -
d2fx0a2a.121.1.1     -            122 d1t56a2a.121.1.1.aln -            127   1.5e-15   53.2   0.0   1   1   5.8e-17   1.6e-15   53.1   0.0     5   121     2   120     1   122 0.97 -
d2id3a2a.121.1.1     -            123 d1t56a2a.121.1.1.aln -            127   1.5e-15   53.1   6.7   1   1     6e-17   1.6e-15   53.0   6.7     3   125     4   120     2   122 0.96 -
d1vi0a2a.121.1.1     -            117 d1t56a2a.121.1.1.aln -            127   1.6e-15   53.1   0.0   1   1   6.1e-17   1.7e-15   53.0   0.0     7   123     4   116     1   117 0.96 -
d1rkta2a.121.1.1     -            123 d1t56a2a.121.1.1.aln -            127   1.8e-15   52.9   0.0   1   1   6.9e-17   1.9e-15   52.8   0.0     3   125     3   121     1   123 0.96 -
d2oi8a2a.121.1.1     -            130 d1t56a2a.121.1.1.aln -            127   1.9e-15   52.8   2.2   1   1   7.5e-17     2e-15   52.7   2.2     2   124     3   127     2   130 0.97 -
d2g3ba2a.121.1.1     -            116 d1t56a2a.121.1.1.aln -            127   9.4e-14   47.3   2.0   1   1   3.7e-15     1e-13   47.3   2.0     7   119     3   115     1   116 0.95 -
d2g7ga2a.121.1.1     -            132 d1t56a2a.121.1.1.aln -            127   1.4e-13   46.8   8.4   1   1   5.5e-15   1.5e-13   46.7   8.4     4   126     8   130     5   131 0.97 -
d2hkua2a.121.1.1     -            121 d1t56a2a.121.1.1.aln -            127   1.6e-13   46.6   0.1   1   1   6.2e-15   1.7e-13   46.5   0.1     2   122     3   117     2   121 0.95 -
d2fq4a2a.121.1.1     -            115 d1t56a2a.121.1.1.aln -            127   1.9e-13   46.3   0.0   1   1   7.5e-15   2.1e-13   46.3   0.0     5   120     3   112     1   115 0.95 -
d2iu5a2a.121.1.1     -            109 d1t56a2a.121.1.1.aln -            127   2.4e-13   46.0   0.0   1   1   9.4e-15   2.5e-13   45.9   0.0    12   123     3   106     1   109 0.96 -
d2o7ta2a.121.1.1     -            110 d1t56a2a.121.1.1.aln -            127   7.9e-13   44.4   0.0   1   1   3.1e-14   8.4e-13   44.3   0.0    15   124     4   108     1   110 0.97 -
d1sgma2a.121.1.1     -            111 d1t56a2a.121.1.1.aln -            127   8.2e-13   44.3   0.0   1   1   3.3e-14   8.9e-13   44.2   0.0     4   121     2   110     1   111 0.95 -
d2np5a2a.121.1.1     -            118 d1t56a2a.121.1.1.aln -            127   1.9e-12   43.1   4.3   1   1   7.7e-14   2.1e-12   43.0   4.3     4   126     2   116     1   117 0.98 -
d2fd5a2a.121.1.1     -            104 d1t56a2a.121.1.1.aln -            127   2.6e-12   42.7   3.6   1   1     1e-13   2.8e-12   42.6   3.6     3   115     2   104     1   104 0.96 -
d1zk8a2a.121.1.1     -            105 d1t56a2a.121.1.1.aln -            127   5.8e-12   41.6   0.0   1   1   2.3e-13   6.2e-12   41.5   0.0    15   122     5   105     1   105 0.95 -
d2np3a2a.121.1.1     -            112 d1t56a2a.121.1.1.aln -            127   3.8e-11   39.0   7.3   1   1   1.5e-12   4.1e-11   38.8   7.3     5   126     3   110     1   111 0.96 -
#
# Program:         hmmsearch
# Version:         3.1b2 (February 2015)
# Pipeline mode:   SEARCH
# Query file:      hmmModels30/d1t56a2a.121.1.1.hmm
# Target file:     scop/scopTestSeq.fasta
# Option settings: hmmsearch --domtblout hmmModels30/d1t56a2a.121.1.1.out -E 1 hmmModels30/d1t56a2a.121.1.1.hmm scop/scopTestSeq.fasta 
# Current dir:     /home/anastasia/SBAS/TME8
# Date:            Sat Apr  8 15:33:49 2023
# [ok]
