#                                                                            --- full sequence --- -------------- this domain -------------   hmm coord   ali coord   env coord
# target name        accession   tlen query name           accession   qlen   E-value  score  bias   #  of  c-Evalue  i-Evalue  score  bias  from    to  from    to  from    to  acc description of target
#------------------- ---------- ----- -------------------- ---------- ----- --------- ------ ----- --- --- --------- --------- ------ ----- ----- ----- ----- ----- ----- ----- ---- ---------------------
d1t33a1a.4.1.9       -             88 d1t56a1a.4.1.9.aln   -             75   1.6e-31  103.5   1.8   1   1   4.7e-33   1.8e-31  103.3   1.8     1    75     8    81     8    81 0.98 -
d2id6a1a.4.1.9       -             75 d1t56a1a.4.1.9.aln   -             75   2.2e-27   90.3   0.3   1   1   6.1e-29   2.3e-27   90.2   0.3     4    74     2    72     1    73 0.97 -
d1vi0a1a.4.1.9       -             72 d1t56a1a.4.1.9.aln   -             75     8e-27   88.4   0.1   1   1   2.3e-28   8.5e-27   88.3   0.1     6    74     2    70     1    71 0.97 -
d1rkta1a.4.1.9       -             81 d1t56a1a.4.1.9.aln   -             75   1.6e-26   87.4   0.2   1   1   4.8e-28   1.8e-26   87.3   0.2     1    74     7    80     7    81 0.97 -
d1ui5a1a.4.1.9       -             71 d1t56a1a.4.1.9.aln   -             75   1.1e-24   81.6   1.9   1   1     3e-26   1.1e-24   81.5   1.9     2    69     2    69     1    71 0.94 -
d2oi8a1a.4.1.9       -             79 d1t56a1a.4.1.9.aln   -             75   4.2e-24   79.7   0.7   1   1   1.2e-25   4.5e-24   79.6   0.7     2    73     6    77     5    79 0.97 -
d2gena1a.4.1.9       -             70 d1t56a1a.4.1.9.aln   -             75   6.1e-24   79.2   0.8   1   1   1.7e-25   6.5e-24   79.1   0.8     6    73     1    68     1    70 0.96 -
d2gfna1a.4.1.9       -             77 d1t56a1a.4.1.9.aln   -             75   3.1e-23   76.9   0.3   1   1   8.7e-25   3.3e-23   76.9   0.3     2    73     3    74     2    76 0.95 -
d2o7ta1a.4.1.9       -             78 d1t56a1a.4.1.9.aln   -             75   1.4e-22   74.8   0.0   1   1     4e-24   1.5e-22   74.7   0.0     2    73     4    75     3    77 0.95 -
d2i10a1a.4.1.9       -             69 d1t56a1a.4.1.9.aln   -             75   1.4e-22   74.8   0.0   1   1     4e-24   1.5e-22   74.7   0.0     8    72     3    67     1    69 0.95 -
d2np5a1a.4.1.9       -             69 d1t56a1a.4.1.9.aln   -             75   2.8e-22   73.8   0.2   1   1   7.9e-24     3e-22   73.8   0.2     7    71     3    67     1    69 0.96 -
d2g7sa1a.4.1.9       -             74 d1t56a1a.4.1.9.aln   -             75   3.9e-22   73.4   0.0   1   1   1.1e-23     4e-22   73.4   0.0     3    73     2    72     1    74 0.95 -
d2iu5a1a.4.1.9       -             71 d1t56a1a.4.1.9.aln   -             75   4.1e-22   73.3   0.1   1   1   1.1e-23   4.3e-22   73.3   0.1     2    69     3    70     2    71 0.95 -
d2fd5a1a.4.1.9       -             76 d1t56a1a.4.1.9.aln   -             75   9.4e-22   72.2   0.1   1   1   2.6e-23   9.9e-22   72.1   0.1     2    71     4    73     3    76 0.97 -
d2hyja1a.4.1.9       -             75 d1t56a1a.4.1.9.aln   -             75   2.5e-21   70.8   0.2   1   1     7e-23   2.6e-21   70.8   0.2     2    72     2    72     1    75 0.96 -
d1sgma1a.4.1.9       -             73 d1t56a1a.4.1.9.aln   -             75   6.7e-21   69.4   0.0   1   1   1.9e-22   7.2e-21   69.3   0.0     5    74     2    71     1    72 0.96 -
d2np3a1a.4.1.9       -             65 d1t56a1a.4.1.9.aln   -             75   1.6e-20   68.3   0.3   1   1   5.2e-22     2e-20   67.9   0.3    10    67     1    58     1    64 0.91 -
d1zk8a1a.4.1.9       -             72 d1t56a1a.4.1.9.aln   -             75   7.3e-19   62.9   0.1   1   1   2.1e-20   7.7e-19   62.8   0.1     6    74     4    72     1    72 0.97 -
d2id3a1a.4.1.9       -             68 d1t56a1a.4.1.9.aln   -             75   5.4e-17   56.9   0.1   1   1   1.5e-18   5.6e-17   56.9   0.1     4    66     5    67     2    68 0.94 -
d2g7ga1a.4.1.9       -             65 d1t56a1a.4.1.9.aln   -             75   1.2e-15   52.6   0.0   1   1   3.5e-17   1.3e-15   52.5   0.0     6    70     2    64     1    65 0.96 -
d1t56a1a.4.1.9       -             73 d1t56a1a.4.1.9.aln   -             75   5.2e-14   47.4   0.0   1   1   1.5e-15   5.8e-14   47.2   0.0     6    73     4    71     1    72 0.92 -
#
# Program:         hmmsearch
# Version:         3.1b2 (February 2015)
# Pipeline mode:   SEARCH
# Query file:      hmmModels30/d1t56a1a.4.1.9.hmm
# Target file:     scop/scopTestSeq.fasta
# Option settings: hmmsearch --domtblout hmmModels30/d1t56a1a.4.1.9.out -E 1 hmmModels30/d1t56a1a.4.1.9.hmm scop/scopTestSeq.fasta 
# Current dir:     /home/anastasia/SBAS/TME8
# Date:            Sat Apr  8 15:33:49 2023
# [ok]
