#                                                                            --- full sequence --- -------------- this domain -------------   hmm coord   ali coord   env coord
# target name        accession   tlen query name           accession   qlen   E-value  score  bias   #  of  c-Evalue  i-Evalue  score  bias  from    to  from    to  from    to  acc description of target
#------------------- ---------- ----- -------------------- ---------- ----- --------- ------ ----- --- --- --------- --------- ------ ----- ----- ----- ----- ----- ----- ----- ---- ---------------------
d1qb7a_c.61.1.1      -            236 d1tc1a_c.61.1.1.aln  -            212   8.4e-75  246.2   0.0   1   1   1.7e-76   9.4e-75  246.1   0.0     2   212     3   229     2   229 0.99 -
d1fsga_c.61.1.1      -            233 d1tc1a_c.61.1.1.aln  -            212   1.6e-70  232.2   0.0   1   1   3.2e-72   1.8e-70  232.1   0.0     2   212    19   233    18   233 0.99 -
d1ecfa1c.61.1.1      -            243 d1tc1a_c.61.1.1.aln  -            212   4.8e-70  230.7   0.4   1   1   9.7e-72   5.5e-70  230.5   0.4     2   211    22   236    21   237 0.99 -
d1dqna_c.61.1.1      -            230 d1tc1a_c.61.1.1.aln  -            212   2.7e-62  205.4   0.0   1   1   5.4e-64   3.1e-62  205.2   0.0     2   212    10   228     9   228 0.99 -
d2aeea1c.61.1.1      -            208 d1tc1a_c.61.1.1.aln  -            212   1.5e-56  186.6   0.0   1   1     3e-58   1.7e-56  186.4   0.0     3   212     3   206     1   206 0.99 -
d1xtta1c.61.1.1      -            215 d1tc1a_c.61.1.1.aln  -            212   7.6e-54  177.8   2.4   1   1   1.5e-55   8.5e-54  177.6   2.4     2   204     8   215     7   215 0.99 -
d1p4aa2c.61.1.1      -            202 d1tc1a_c.61.1.1.aln  -            212   7.8e-49  161.4   0.1   1   1   1.5e-50   8.7e-49  161.2   0.1     2   211     1   198     1   199 0.98 -
d1wd5a_c.61.1.1      -            208 d1tc1a_c.61.1.1.aln  -            212     2e-48  160.1   0.6   1   1   3.8e-50   2.2e-48  159.9   0.6     4   208     2   207     1   208 0.98 -
d1y0ba1c.61.1.1      -            191 d1tc1a_c.61.1.1.aln  -            212   1.8e-42  140.6   0.3   1   1   3.5e-44     2e-42  140.5   0.3     2   211     1   191     1   191 0.99 -
d1a3ca_c.61.1.1      -            178 d1tc1a_c.61.1.1.aln  -            212   3.1e-39  130.0   1.9   1   1     6e-41   3.4e-39  129.9   1.9     3   202     2   177     1   178 0.98 -
d1vdma1c.61.1.1      -            153 d1tc1a_c.61.1.1.aln  -            212   1.3e-35  118.2   1.1   1   1   2.5e-37   1.4e-35  118.1   1.1     2   191     1   153     1   153 0.99 -
d1vcha1c.61.1.1      -            174 d1tc1a_c.61.1.1.aln  -            212     1e-33  112.0   0.1   1   1     2e-35   1.1e-33  111.9   0.1     3   204     1   172     1   174 0.98 -
d1nula_c.61.1.1      -            150 d1tc1a_c.61.1.1.aln  -            212   1.3e-27   92.1   0.0   1   1   2.5e-29   1.4e-27   91.9   0.0     3   194     1   149     1   150 0.98 -
d1tc1a_c.61.1.1      -            184 d1tc1a_c.61.1.1.aln  -            212   4.8e-05   18.3   0.0   1   1   1.3e-06   7.3e-05   17.7   0.0   119   192    98   171    77   181 0.89 -
#
# Program:         hmmsearch
# Version:         3.1b2 (February 2015)
# Pipeline mode:   SEARCH
# Query file:      hmmModels30/d1tc1a_c.61.1.1.hmm
# Target file:     scop/scopTestSeq.fasta
# Option settings: hmmsearch --domtblout hmmModels30/d1tc1a_c.61.1.1.out -E 1 hmmModels30/d1tc1a_c.61.1.1.hmm scop/scopTestSeq.fasta 
# Current dir:     /home/anastasia/SBAS/TME8
# Date:            Sat Apr  8 15:33:49 2023
# [ok]
