#                                                                            --- full sequence --- -------------- this domain -------------   hmm coord   ali coord   env coord
# target name        accession   tlen query name           accession   qlen   E-value  score  bias   #  of  c-Evalue  i-Evalue  score  bias  from    to  from    to  from    to  acc description of target
#------------------- ---------- ----- -------------------- ---------- ----- --------- ------ ----- --- --- --------- --------- ------ ----- ----- ----- ----- ----- ----- ----- ---- ---------------------
d1p0ha_d.108.1.1     -            308 d1tiqa_d.108.1.1.aln -            262    4e-109  359.6   0.0   1   2  8.2e-110  1.5e-108  357.7   0.0    43   262     1   227     1   227 1.00 -
d1p0ha_d.108.1.1     -            308 d1tiqa_d.108.1.1.aln -            262    4e-109  359.6   0.0   2   2       1.7        32   -0.7   0.0   168   192   276   296   230   304 0.55 -
d2p0wa_d.108.1.1     -            319 d1tiqa_d.108.1.1.aln -            262   3.8e-95  313.8   0.1   1   1   2.4e-96   4.5e-95  313.5   0.1     1   235    69   319    69   319 1.00 -
d1boba_d.108.1.1     -            315 d1tiqa_d.108.1.1.aln -            262   3.8e-85  281.0   0.6   1   1   2.4e-86   4.5e-85  280.8   0.6     1   235    61   315    61   315 1.00 -
d2pq8a_d.108.1.1     -            271 d1tiqa_d.108.1.1.aln -            262   1.6e-84  279.0   0.0   1   1   9.3e-86   1.7e-84  278.8   0.0     1   262     1   271     1   271 1.00 -
d1u6ma_d.108.1.1     -            189 d1tiqa_d.108.1.1.aln -            262   6.9e-24   80.2   0.0   1   1     4e-25   7.5e-24   80.1   0.0    31   222     2   187     1   189 0.97 -
d1z4ea1d.108.1.1     -            150 d1tiqa_d.108.1.1.aln -            262   1.2e-18   63.0   0.1   1   1   7.2e-20   1.4e-18   62.8   0.1    53   207     6   143     1   148 0.87 -
d2gana1d.108.1.1     -            182 d1tiqa_d.108.1.1.aln -            262   5.8e-16   54.2   0.0   1   1   3.3e-17   6.1e-16   54.1   0.0    48   222     5   181     1   182 0.93 -
d1vkca_d.108.1.1     -            149 d1tiqa_d.108.1.1.aln -            262   1.2e-14   49.9   0.1   1   1   6.9e-16   1.3e-14   49.8   0.1    60   197    13   142     2   147 0.88 -
d2euia1d.108.1.1     -            153 d1tiqa_d.108.1.1.aln -            262   1.2e-14   49.9   0.0   1   1   7.1e-16   1.3e-14   49.8   0.0    83   211    30   143     5   151 0.87 -
d1y9ka1d.108.1.1     -            152 d1tiqa_d.108.1.1.aln -            262   1.3e-14   49.7   0.0   1   1   8.1e-16   1.5e-14   49.6   0.0    88   221    26   144     3   151 0.84 -
d1ufha_d.108.1.1     -            155 d1tiqa_d.108.1.1.aln -            262   4.1e-14   48.2   0.3   1   1   2.3e-15   4.2e-14   48.1   0.3    57   209     8   150     1   155 0.92 -
d2ae6a1d.108.1.1     -            161 d1tiqa_d.108.1.1.aln -            262   8.1e-14   47.2   0.0   1   1   4.9e-15   9.2e-14   47.0   0.0    52   224     5   156     1   160 0.93 -
d1mk4a_d.108.1.1     -            157 d1tiqa_d.108.1.1.aln -            262   9.1e-14   47.0   0.0   1   1   8.4e-15   1.6e-13   46.2   0.0    55   198     5   129     1   150 0.78 -
d1i12a_d.108.1.1     -            157 d1tiqa_d.108.1.1.aln -            262     1e-13   46.9   0.0   1   1     6e-15   1.1e-13   46.7   0.0    54   211    11   154     4   157 0.88 -
d1m4ia_d.108.1.1     -            181 d1tiqa_d.108.1.1.aln -            262     1e-12   43.5   0.0   1   1   6.1e-14   1.1e-12   43.4   0.0    48   236     2   180     1   181 0.95 -
d1yk3a1d.108.1.1     -            198 d1tiqa_d.108.1.1.aln -            262   3.9e-12   41.7   0.0   1   1   2.3e-13   4.3e-12   41.5   0.0    45   231     2   195     1   198 0.97 -
d2atra1d.108.1.1     -            137 d1tiqa_d.108.1.1.aln -            262   4.3e-12   41.5   0.0   1   1   2.6e-13   4.8e-12   41.4   0.0    69   218    13   135     4   137 0.92 -
d2fl4a1d.108.1.1     -            146 d1tiqa_d.108.1.1.aln -            262   5.7e-12   41.1   0.1   1   1   3.7e-13   6.9e-12   40.8   0.1    59   205     5   129     2   145 0.84 -
d1y9wa1d.108.1.1     -            140 d1tiqa_d.108.1.1.aln -            262   1.5e-11   39.7   0.1   1   1   8.8e-13   1.7e-11   39.6   0.1    67   224     6   139     1   140 0.81 -
d1qsma_d.108.1.1     -            150 d1tiqa_d.108.1.1.aln -            262     2e-11   39.3   0.0   1   1   1.3e-12   2.5e-11   39.1   0.0    70   195    18   140     7   149 0.90 -
d1wwza1d.108.1.1     -            157 d1tiqa_d.108.1.1.aln -            262   2.6e-11   39.0   0.0   1   1   1.7e-12   3.2e-11   38.7   0.0    54   209     7   147     2   155 0.87 -
d1ghea_d.108.1.1     -            170 d1tiqa_d.108.1.1.aln -            262   9.9e-11   37.1   0.0   1   1   5.7e-12   1.1e-10   37.0   0.0    67   196    19   146     1   155 0.82 -
d1bo4a_d.108.1.1     -            137 d1tiqa_d.108.1.1.aln -            262   1.3e-10   36.7   0.0   1   1   8.3e-12   1.6e-10   36.4   0.0    52   192     4   137     2   137 0.88 -
d2b5ga_d.108.1.1     -            168 d1tiqa_d.108.1.1.aln -            262   1.5e-10   36.5   0.0   1   1   8.9e-12   1.7e-10   36.3   0.0   115   221    68   162    23   167 0.87 -
d2jdca1d.108.1.1     -            145 d1tiqa_d.108.1.1.aln -            262   2.1e-10   36.0   0.0   1   1   1.3e-11   2.4e-10   35.8   0.0    61   209     9   128     2   144 0.77 -
d1tiqa_d.108.1.1     -            173 d1tiqa_d.108.1.1.aln -            262     4e-10   35.1   0.0   1   1   2.4e-11   4.4e-10   34.9   0.0   125   207    80   150     4   166 0.82 -
d1cjwa_d.108.1.1     -            166 d1tiqa_d.108.1.1.aln -            262   4.2e-10   35.0   0.0   1   1   2.3e-11   4.3e-10   35.0   0.0    82   217    36   158     5   166 0.78 -
d2cy2a1d.108.1.1     -            174 d1tiqa_d.108.1.1.aln -            262   4.5e-10   34.9   0.0   1   1   2.6e-11   4.9e-10   34.8   0.0    56   222     8   164     1   169 0.81 -
d1n71a_d.108.1.1     -            180 d1tiqa_d.108.1.1.aln -            262   2.6e-09   32.4   0.0   1   1   1.7e-10   3.1e-09   32.1   0.0    56   213    11   162     3   174 0.86 -
d2g3aa1d.108.1.1     -            137 d1tiqa_d.108.1.1.aln -            262   4.9e-09   31.5   0.0   1   1   3.2e-10   5.9e-09   31.2   0.0   136   224    62   136    48   137 0.92 -
d2fiaa1d.108.1.1     -            157 d1tiqa_d.108.1.1.aln -            262   6.4e-09   31.1   0.1   1   1     4e-10   7.4e-09   30.9   0.1    67   204    20   143     2   150 0.76 -
d1yx0a1d.108.1.1     -            151 d1tiqa_d.108.1.1.aln -            262   7.7e-09   30.9   0.0   1   1   4.3e-10     8e-09   30.8   0.0   103   198    49   130     4   149 0.81 -
d2fcka1d.108.1.1     -            178 d1tiqa_d.108.1.1.aln -            262   1.5e-08   30.0   0.1   1   1   9.5e-10   1.8e-08   29.7   0.1    48   210     4   167     1   173 0.79 -
d2fiwa1d.108.1.1     -            156 d1tiqa_d.108.1.1.aln -            262   1.6e-08   29.8   0.0   1   1     1e-09   1.9e-08   29.6   0.0    59   203    10   134     4   155 0.85 -
d1y7ra1d.108.1.1     -            133 d1tiqa_d.108.1.1.aln -            262   7.9e-08   27.6   0.0   1   1   4.6e-09   8.7e-08   27.4   0.0   129   192    58   118    27   130 0.90 -
d1xeba_d.108.1.1     -            149 d1tiqa_d.108.1.1.aln -            262   8.1e-08   27.5   0.1   1   1   5.1e-09   9.6e-08   27.3   0.1    52   209     2   135     1   145 0.89 -
d1z4ra1d.108.1.1     -            162 d1tiqa_d.108.1.1.aln -            262   1.2e-07   26.9   0.0   1   1   7.1e-09   1.3e-07   26.8   0.0    91   219    44   147     4   160 0.79 -
d1q2ya_d.108.1.1     -            140 d1tiqa_d.108.1.1.aln -            262   3.5e-07   25.4   0.0   1   1   2.2e-08   4.2e-07   25.2   0.0    65   194    10   120     2   137 0.76 -
d2aj6a1d.108.1.1     -            118 d1tiqa_d.108.1.1.aln -            262   9.2e-05   17.5   0.0   1   1   5.1e-06   9.6e-05   17.4   0.0   115   170    59   114     3   117 0.75 -
d1nsla_d.108.1.1     -            180 d1tiqa_d.108.1.1.aln -            262   0.00015   16.8   0.0   1   1   8.5e-06   0.00016   16.7   0.0    95   207    51   155     4   177 0.77 -
d2fsra1d.108.1.1     -            164 d1tiqa_d.108.1.1.aln -            262   0.00048   15.2   0.0   1   1   3.2e-05    0.0006   14.8   0.0    51   195     5   146     2   149 0.89 -
d1r57a_d.108.1.1     -            102 d1tiqa_d.108.1.1.aln -            262    0.0033   12.4   0.0   1   1   0.00018    0.0033   12.4   0.0   122   169    27    70     4    93 0.79 -
#
# Program:         hmmsearch
# Version:         3.1b2 (February 2015)
# Pipeline mode:   SEARCH
# Query file:      hmmModels30/d1tiqa_d.108.1.1.hmm
# Target file:     scop/scopTestSeq.fasta
# Option settings: hmmsearch --domtblout hmmModels30/d1tiqa_d.108.1.1.out -E 1 hmmModels30/d1tiqa_d.108.1.1.hmm scop/scopTestSeq.fasta 
# Current dir:     /home/anastasia/SBAS/TME8
# Date:            Sat Apr  8 15:33:49 2023
# [ok]
