#                                                                            --- full sequence --- -------------- this domain -------------   hmm coord   ali coord   env coord
# target name        accession   tlen query name           accession   qlen   E-value  score  bias   #  of  c-Evalue  i-Evalue  score  bias  from    to  from    to  from    to  acc description of target
#------------------- ---------- ----- -------------------- ---------- ----- --------- ------ ----- --- --- --------- --------- ------ ----- ----- ----- ----- ----- ----- ----- ---- ---------------------
d1z6om1a.25.1.1      -            191 d1tjoa_a.25.1.1.aln  -            167   3.2e-61  201.6   0.0   1   1   5.5e-63   3.6e-61  201.4   0.0     2   166     8   186     7   187 0.99 -
d1z6oa1a.25.1.1      -            200 d1tjoa_a.25.1.1.aln  -            167   3.8e-59  194.8   9.2   1   1   6.6e-61   4.3e-59  194.7   9.2     1   166    11   192    11   193 0.99 -
d1lb3a_a.25.1.1      -            179 d1tjoa_a.25.1.1.aln  -            167   2.9e-57  188.7   0.0   1   1     5e-59   3.3e-57  188.5   0.0     2   166     1   167     1   168 0.99 -
d3bvfa_a.25.1.1      -            172 d1tjoa_a.25.1.1.aln  -            167     7e-52  171.2   6.4   1   1   1.2e-53   7.8e-52  171.1   6.4     1   166     1   164     1   165 0.99 -
d1nf4a_a.25.1.1      -            169 d1tjoa_a.25.1.1.aln  -            167   3.5e-51  168.9   4.2   1   1   5.9e-53   3.9e-51  168.8   4.2     4   166     1   160     1   161 0.98 -
d2y3qa_a.25.1.1      -            158 d1tjoa_a.25.1.1.aln  -            167   3.9e-45  149.2   1.9   1   1   6.6e-47   4.3e-45  149.1   1.9     7   165     2   157     1   158 0.98 -
d1zs3a1a.25.1.1      -            171 d1tjoa_a.25.1.1.aln  -            167   1.2e-40  134.7   1.1   1   1     2e-42   1.3e-40  134.5   1.1     2   164     3   171     2   171 0.99 -
d2cf7a_a.25.1.1      -            159 d1tjoa_a.25.1.1.aln  -            167     4e-39  129.7   0.0   1   1   6.7e-41   4.4e-39  129.6   0.0     2   166     2   159     1   159 0.98 -
d1vjxa_a.25.1.1      -            149 d1tjoa_a.25.1.1.aln  -            167   1.8e-35  117.8   8.1   1   1     3e-37     2e-35  117.7   8.1     6   161     1   149     1   149 0.99 -
d2fzfa1a.25.1.1      -            158 d1tjoa_a.25.1.1.aln  -            167   1.9e-35  117.7  10.5   1   1   3.2e-37   2.1e-35  117.6  10.5     6   167     3   158     1   158 0.98 -
d1yuza1a.25.1.1      -            135 d1tjoa_a.25.1.1.aln  -            167   6.4e-34  112.8   0.9   1   1   1.1e-35     7e-34  112.6   0.9     9   142     1   135     1   135 0.99 -
d1tjoa_a.25.1.1      -            180 d1tjoa_a.25.1.1.aln  -            167   0.00028   16.3   5.6   1   1   7.8e-06   0.00052   15.5   5.5    15   140    32   166    18   175 0.78 -
#
# Program:         hmmsearch
# Version:         3.1b2 (February 2015)
# Pipeline mode:   SEARCH
# Query file:      hmmModels30/d1tjoa_a.25.1.1.hmm
# Target file:     scop/scopTestSeq.fasta
# Option settings: hmmsearch --domtblout hmmModels30/d1tjoa_a.25.1.1.out -E 1 hmmModels30/d1tjoa_a.25.1.1.hmm scop/scopTestSeq.fasta 
# Current dir:     /home/anastasia/SBAS/TME8
# Date:            Sat Apr  8 15:33:49 2023
# [ok]
