#                                                                            --- full sequence --- -------------- this domain -------------   hmm coord   ali coord   env coord
# target name        accession   tlen query name           accession   qlen   E-value  score  bias   #  of  c-Evalue  i-Evalue  score  bias  from    to  from    to  from    to  acc description of target
#------------------- ---------- ----- -------------------- ---------- ----- --------- ------ ----- --- --- --------- --------- ------ ----- ----- ----- ----- ----- ----- ----- ---- ---------------------
d1r3na1c.56.5.4      -            323 d1tkja_c.56.5.4.aln  -            285  4.7e-105  346.3   0.0   1   1  7.4e-107  5.3e-105  346.1   0.0     2   285     9   317     8   317 0.99 -
d1y7ea2c.56.5.4      -            323 d1tkja_c.56.5.4.aln  -            285   6.3e-98  322.9   0.2   1   1  9.9e-100   7.1e-98  322.7   0.2     1   284     1   318     1   319 1.00 -
d1z2la1c.56.5.4      -            294 d1tkja_c.56.5.4.aln  -            285   1.1e-94  312.2   0.0   1   1   1.7e-96   1.2e-94  312.1   0.0     9   285     2   293     1   293 0.99 -
d1rtqa_c.56.5.4      -            291 d1tkja_c.56.5.4.aln  -            285   1.8e-90  298.4   0.3   1   1   2.8e-92     2e-90  298.3   0.3     1   284     1   284     1   285 0.99 -
d1fnoa4c.56.5.4      -            296 d1tkja_c.56.5.4.aln  -            285   5.4e-86  283.7   0.0   1   1   8.4e-88     6e-86  283.6   0.0     2   283     5   295     4   296 0.99 -
d1lfwa1c.56.5.4      -            273 d1tkja_c.56.5.4.aln  -            285   2.8e-78  258.4   0.0   1   1   4.5e-80   3.2e-78  258.2   0.0     2   284     3   273     2   273 0.99 -
d1cg2a1c.56.5.4      -            277 d1tkja_c.56.5.4.aln  -            285   8.3e-77  253.6   0.1   1   1   1.3e-78   9.2e-77  253.4   0.1     1   283     1   275     1   277 0.99 -
d1vgya1c.56.5.4      -            263 d1tkja_c.56.5.4.aln  -            285   9.8e-76  250.1   0.0   1   1   1.5e-77   1.1e-75  249.9   0.0     9   280     2   262     1   263 0.98 -
d1y0ya3c.56.5.4      -            256 d1tkja_c.56.5.4.aln  -            285   7.7e-71  234.0   0.3   1   1   1.2e-72   8.6e-71  233.9   0.3    11   284     2   255     1   256 0.99 -
d2grea2c.56.5.4      -            234 d1tkja_c.56.5.4.aln  -            285   5.8e-59  195.0   3.4   1   1   3.7e-60   2.7e-58  192.9   3.4     7   281     1   233     1   234 0.99 -
d1tkja_c.56.5.4      -            277 d1tkja_c.56.5.4.aln  -            285   8.9e-06   20.5   0.0   1   1   4.8e-07   3.4e-05   18.6   0.0    63   204    66   191    61   233 0.89 -
#
# Program:         hmmsearch
# Version:         3.1b2 (February 2015)
# Pipeline mode:   SEARCH
# Query file:      hmmModels30/d1tkja_c.56.5.4.hmm
# Target file:     scop/scopTestSeq.fasta
# Option settings: hmmsearch --domtblout hmmModels30/d1tkja_c.56.5.4.out -E 1 hmmModels30/d1tkja_c.56.5.4.hmm scop/scopTestSeq.fasta 
# Current dir:     /home/anastasia/SBAS/TME8
# Date:            Sat Apr  8 15:33:49 2023
# [ok]
