#                                                                            --- full sequence --- -------------- this domain -------------   hmm coord   ali coord   env coord
# target name        accession   tlen query name           accession   qlen   E-value  score  bias   #  of  c-Evalue  i-Evalue  score  bias  from    to  from    to  from    to  acc description of target
#------------------- ---------- ----- -------------------- ---------- ----- --------- ------ ----- --- --- --------- --------- ------ ----- ----- ----- ----- ----- ----- ----- ---- ---------------------
d1p1ja1c.2.1.3       -            411 d1tlta1c.2.1.3.aln   -            208  3.7e-113  372.1   0.1   1   1  1.5e-114    5e-113  371.7   0.1     1   208    56   329    56   329 1.00 -
d3cina1c.2.1.3       -            276 d1tlta1c.2.1.3.aln   -            208   6.6e-63  207.9   0.1   1   1   2.2e-64   7.4e-63  207.8   0.1     2   208     1   269     1   269 1.00 -
d1gr0a1c.2.1.3       -            244 d1tlta1c.2.1.3.aln   -            208   2.1e-46  154.0   0.5   1   1   7.1e-48   2.3e-46  153.9   0.5     3   206     2   243     1   244 0.99 -
d2nvwa1c.2.1.3       -            238 d1tlta1c.2.1.3.aln   -            208   1.7e-36  121.7   0.0   1   1   5.8e-38   1.9e-36  121.5   0.0     2   208    15   233    14   233 0.99 -
d1h6da1c.2.1.3       -            222 d1tlta1c.2.1.3.aln   -            208   2.6e-27   91.6   0.0   1   1   9.3e-29     3e-27   91.4   0.0     7   206    10   220     5   222 0.97 -
d1qkia1c.2.1.3       -            204 d1tlta1c.2.1.3.aln   -            208   1.1e-24   83.1   0.0   1   1     4e-26   1.3e-24   82.8   0.0     9   208     9   201     2   201 0.98 -
d1ydwa1c.2.1.3       -            185 d1tlta1c.2.1.3.aln   -            208   7.6e-19   64.0   0.0   1   1   2.5e-20   8.3e-19   63.9   0.0     4   203     2   182     1   185 0.96 -
d1drua1c.2.1.3       -            161 d1tlta1c.2.1.3.aln   -            208   1.5e-17   59.8   0.0   1   1   4.7e-19   1.5e-17   59.7   0.0     6   187     6   150     1   161 0.91 -
d1cf2o1c.2.1.3       -            172 d1tlta1c.2.1.3.aln   -            208   2.5e-16   55.8   1.0   1   1   8.7e-18   2.9e-16   55.6   1.0     3   170     1   157     1   171 0.96 -
d1f06a1c.2.1.3       -            171 d1tlta1c.2.1.3.aln   -            208   1.9e-15   52.9   0.0   1   1   6.3e-17   2.1e-15   52.8   0.0     2   198     2   169     1   171 0.92 -
d1h9aa1c.2.1.3       -            196 d1tlta1c.2.1.3.aln   -            208   4.1e-15   51.8   0.1   1   1   1.4e-16   4.5e-15   51.7   0.1     3   206     3   193     1   195 0.96 -
d2g82a1c.2.1.3       -            169 d1tlta1c.2.1.3.aln   -            208   6.1e-15   51.3   0.1   1   1   2.1e-16     7e-15   51.1   0.1     4   169     1   147     1   167 0.90 -
d1vkna1c.2.1.3       -            177 d1tlta1c.2.1.3.aln   -            208   1.4e-13   46.8   0.0   1   1   4.6e-15   1.5e-13   46.7   0.0     5   199     4   174     1   177 0.96 -
d1xeaa1c.2.1.3       -            168 d1tlta1c.2.1.3.aln   -            208   1.8e-13   46.5   0.0   1   1   6.3e-15   2.1e-13   46.3   0.0     5   182     3   157     1   165 0.91 -
d1zh8a1c.2.1.3       -            182 d1tlta1c.2.1.3.aln   -            208   1.5e-12   43.5   0.0   1   1   5.1e-14   1.7e-12   43.3   0.0     3   169     3   156     1   180 0.90 -
d1yl7a1c.2.1.3       -            136 d1tlta1c.2.1.3.aln   -            208   8.5e-12   41.0   0.1   1   2   0.00047     0.015   10.7   0.1     7    44     4    39     1    44 0.86 -
d1yl7a1c.2.1.3       -            136 d1tlta1c.2.1.3.aln   -            208   8.5e-12   41.0   0.1   2   2   1.5e-09   4.9e-08   28.7   0.0    79   169    46   124    38   129 0.94 -
d1e5qa1c.2.1.3       -            183 d1tlta1c.2.1.3.aln   -            208   2.3e-11   39.6   0.1   1   1   7.7e-13   2.5e-11   39.4   0.1     5   172     4   162     1   181 0.94 -
d1nvmb1c.2.1.3       -            158 d1tlta1c.2.1.3.aln   -            208   1.8e-10   36.7   0.2   1   1   5.9e-12   1.9e-10   36.6   0.2     3   169     4   144     2   158 0.81 -
d1lc0a1c.2.1.3       -            173 d1tlta1c.2.1.3.aln   -            208   2.7e-10   36.1   0.0   1   1   9.2e-12     3e-10   35.9   0.0     4   167     8   156     5   172 0.92 -
d1ebfa1c.2.1.3       -            169 d1tlta1c.2.1.3.aln   -            208     2e-09   33.2   0.3   1   1   6.3e-11   2.1e-09   33.2   0.3     2   151     3   137     2   169 0.84 -
d1j5pa4c.2.1.3       -            133 d1tlta1c.2.1.3.aln   -            208   5.7e-08   28.5   0.3   1   2   0.00032     0.011   11.3   0.2     2    42     1    35     1    41 0.75 -
d1j5pa4c.2.1.3       -            133 d1tlta1c.2.1.3.aln   -            208   5.7e-08   28.5   0.3   2   2   1.1e-05   0.00037   16.0   0.0    71   162    42   124    28   129 0.82 -
d1q0qa2c.2.1.3       -            152 d1tlta1c.2.1.3.aln   -            208   3.4e-07   25.9   0.0   1   1   1.1e-08   3.7e-07   25.8   0.0     5   169     4   144     1   152 0.84 -
d1vm6a3c.2.1.3       -            129 d1tlta1c.2.1.3.aln   -            208   1.4e-05   20.7   0.0   1   1     3e-05     0.001   14.6   0.0    73   168    38   117     1   127 0.76 -
d1t4ba1c.2.1.3       -            147 d1tlta1c.2.1.3.aln   -            208     0.001   14.6   0.0   1   1   3.4e-05    0.0011   14.5   0.0     4   114     3   102     1   137 0.90 -
#
# Program:         hmmsearch
# Version:         3.1b2 (February 2015)
# Pipeline mode:   SEARCH
# Query file:      hmmModels30/d1tlta1c.2.1.3.hmm
# Target file:     scop/scopTestSeq.fasta
# Option settings: hmmsearch --domtblout hmmModels30/d1tlta1c.2.1.3.out -E 1 hmmModels30/d1tlta1c.2.1.3.hmm scop/scopTestSeq.fasta 
# Current dir:     /home/anastasia/SBAS/TME8
# Date:            Sat Apr  8 15:33:49 2023
# [ok]
