#                                                                            --- full sequence --- -------------- this domain -------------   hmm coord   ali coord   env coord
# target name        accession   tlen query name           accession   qlen   E-value  score  bias   #  of  c-Evalue  i-Evalue  score  bias  from    to  from    to  from    to  acc description of target
#------------------- ---------- ----- -------------------- ---------- ----- --------- ------ ----- --- --- --------- --------- ------ ----- ----- ----- ----- ----- ----- ----- ---- ---------------------
d1z6na1c.47.1.1      -            166 d1ttza_c.47.1.1.aln  -            115   2.7e-51  167.8   0.0   1   1   4.1e-53   3.2e-51  167.5   0.0     1   115    30   152    30   152 0.99 -
d1sena_c.47.1.1      -            135 d1ttza_c.47.1.1.aln  -            115   4.1e-40  131.7   0.0   1   1   5.9e-42   4.6e-40  131.6   0.0     2   114     2   118     1   119 0.98 -
d1r26a_c.47.1.1      -            113 d1ttza_c.47.1.1.aln  -            115     1e-32  107.9   0.0   1   1   1.4e-34   1.1e-32  107.8   0.0     2   113     3   113     2   113 0.98 -
d2i4aa_c.47.1.1      -            107 d1ttza_c.47.1.1.aln  -            115   1.2e-32  107.7   0.0   1   1   1.6e-34   1.3e-32  107.6   0.0     7   112     2   107     1   107 0.98 -
d2fwha_c.47.1.1      -            117 d1ttza_c.47.1.1.aln  -            115   5.8e-32  105.5   0.0   1   1     8e-34   6.4e-32  105.3   0.0     4   113     1   116     1   117 0.98 -
d1zmaa1c.47.1.1      -            115 d1ttza_c.47.1.1.aln  -            115   1.5e-30  100.9   0.0   1   1   2.1e-32   1.6e-30  100.8   0.0     1   114     2   112     2   113 0.98 -
d1wjka_c.47.1.1      -            100 d1ttza_c.47.1.1.aln  -            115   2.1e-23   77.9   0.0   1   1   2.9e-25   2.2e-23   77.8   0.0    12   113     2    98     1   100 0.97 -
d1abaa_c.47.1.1      -             87 d1ttza_c.47.1.1.aln  -            115   1.2e-21   72.2   0.0   1   1   1.7e-23   1.3e-21   72.1   0.0    25   107     2    84     1    87 0.93 -
d1iloa_c.47.1.1      -             77 d1ttza_c.47.1.1.aln  -            115   1.1e-14   49.8   0.1   1   1   1.6e-16   1.3e-14   49.6   0.1    27   112     1    76     1    77 0.97 -
d3gnja_c.47.1.0      -            111 d1ttza_c.47.1.1.aln  -            115   2.9e-07   25.9   0.0   1   1     5e-09   3.9e-07   25.4   0.0    14    69    11    66     3    85 0.93 -
#
# Program:         hmmsearch
# Version:         3.1b2 (February 2015)
# Pipeline mode:   SEARCH
# Query file:      hmmModels30/d1ttza_c.47.1.1.hmm
# Target file:     scop/scopTestSeq.fasta
# Option settings: hmmsearch --domtblout hmmModels30/d1ttza_c.47.1.1.out -E 1 hmmModels30/d1ttza_c.47.1.1.hmm scop/scopTestSeq.fasta 
# Current dir:     /home/anastasia/SBAS/TME8
# Date:            Sat Apr  8 15:33:49 2023
# [ok]
