#                                                                            --- full sequence --- -------------- this domain -------------   hmm coord   ali coord   env coord
# target name        accession   tlen query name           accession   qlen   E-value  score  bias   #  of  c-Evalue  i-Evalue  score  bias  from    to  from    to  from    to  acc description of target
#------------------- ---------- ----- -------------------- ---------- ----- --------- ------ ----- --- --- --------- --------- ------ ----- ----- ----- ----- ----- ----- ----- ---- ---------------------
d2c4ja1a.45.1.1      -            133 d1tu7a1a.45.1.1.aln  -            137   3.3e-40  132.8   0.1   1   1   5.6e-42   3.7e-40  132.6   0.1     2   137     1   126     1   126 0.99 -
d1eema1a.45.1.1      -            139 d1tu7a1a.45.1.1.aln  -            137   4.3e-40  132.4   0.4   1   1   7.2e-42   4.8e-40  132.3   0.4     4   136     2   132     1   133 0.98 -
d1nhya1a.45.1.1      -            144 d1tu7a1a.45.1.1.aln  -            137   9.1e-40  131.4   0.0   1   1   1.6e-41     1e-39  131.2   0.0     2   136     9   142     8   143 0.98 -
d1k3ya1a.45.1.1      -            142 d1tu7a1a.45.1.1.aln  -            137   4.2e-39  129.2   0.0   1   1   7.1e-41   4.7e-39  129.1   0.0     2   137     1   142     1   142 0.99 -
d1z9ha1a.45.1.1      -            161 d1tu7a1a.45.1.1.aln  -            137   7.9e-39  128.3   0.0   1   1   1.3e-40   8.8e-39  128.2   0.0     2   137    10   161     9   161 0.99 -
d1k0ma1a.45.1.1      -            149 d1tu7a1a.45.1.1.aln  -            137   3.8e-38  126.1   0.0   1   1   6.4e-40   4.2e-38  126.0   0.0     1   136     1   146     1   147 0.99 -
d1tw9a1a.45.1.1      -            129 d1tu7a1a.45.1.1.aln  -            137   1.4e-37  124.3   0.0   1   1   2.3e-39   1.5e-37  124.2   0.0     2   137     4   129     3   129 0.98 -
d2cvda1a.45.1.1      -            124 d1tu7a1a.45.1.1.aln  -            137     2e-36  120.5   0.1   1   1   3.4e-38   2.2e-36  120.4   0.1     2   136     2   123     1   124 0.98 -
d1okta1a.45.1.1      -            126 d1tu7a1a.45.1.1.aln  -            137   2.6e-36  120.2   0.8   1   1   4.3e-38   2.8e-36  120.0   0.8     3   136     1   125     1   126 0.98 -
d2fnoa1a.45.1.1      -            149 d1tu7a1a.45.1.1.aln  -            137   1.3e-34  114.7   0.0   1   1   2.1e-36   1.4e-34  114.6   0.0     2   131     1   142     1   148 0.93 -
d1gnwa1a.45.1.1      -            126 d1tu7a1a.45.1.1.aln  -            137   3.9e-33  109.9   0.2   1   1   6.4e-35   4.2e-33  109.8   0.2     2   121     7   125     6   126 0.98 -
d1tu7a1a.45.1.1      -            131 d1tu7a1a.45.1.1.aln  -            137   2.1e-14   49.2   0.0   1   1   3.9e-16   2.6e-14   48.9   0.0     4   124     1   117     1   124 0.90 -
#
# Program:         hmmsearch
# Version:         3.1b2 (February 2015)
# Pipeline mode:   SEARCH
# Query file:      hmmModels30/d1tu7a1a.45.1.1.hmm
# Target file:     scop/scopTestSeq.fasta
# Option settings: hmmsearch --domtblout hmmModels30/d1tu7a1a.45.1.1.out -E 1 hmmModels30/d1tu7a1a.45.1.1.hmm scop/scopTestSeq.fasta 
# Current dir:     /home/anastasia/SBAS/TME8
# Date:            Sat Apr  8 15:33:49 2023
# [ok]
