#                                                                            --- full sequence --- -------------- this domain -------------   hmm coord   ali coord   env coord
# target name        accession   tlen query name           accession   qlen   E-value  score  bias   #  of  c-Evalue  i-Evalue  score  bias  from    to  from    to  from    to  acc description of target
#------------------- ---------- ----- -------------------- ---------- ----- --------- ------ ----- --- --- --------- --------- ------ ----- ----- ----- ----- ----- ----- ----- ---- ---------------------
d2bg1a1e.3.1.1       -            453 d1tvfa2e.3.1.1.aln   -            365  2.8e-170  561.5  17.8   1   1  7.3e-172  3.4e-170  561.2  17.8     1   365    60   429    60   429 1.00 -
d2olua2e.3.1.1       -            400 d1tvfa2e.3.1.1.aln   -            365    4e-112  370.1  18.4   1   1  9.9e-114  4.6e-112  369.9  18.4     1   365     3   371     3   371 1.00 -
d2v2ff_e.3.1.1       -            384 d1tvfa2e.3.1.1.aln   -            365   3.1e-95  314.6  23.7   1   1   7.4e-97   3.4e-95  314.4  23.7     1   365     5   371     5   371 1.00 -
d2dcfa1e.3.1.1       -            388 d1tvfa2e.3.1.1.aln   -            365   6.9e-88  290.4   0.0   1   1   1.7e-89   7.7e-88  290.2   0.0     2   365     4   368     3   368 0.99 -
d2drwa1e.3.1.1       -            362 d1tvfa2e.3.1.1.aln   -            365   2.1e-86  285.5   0.0   1   1   5.1e-88   2.4e-86  285.3   0.0     3   364     1   361     1   362 0.99 -
d2hdsa_e.3.1.1       -            358 d1tvfa2e.3.1.1.aln   -            365   1.9e-84  279.0   0.7   1   1   4.6e-86   2.1e-84  278.9   0.7     2   363     2   355     1   357 0.99 -
d1ci9a_e.3.1.1       -            377 d1tvfa2e.3.1.1.aln   -            365   9.9e-82  270.1   0.0   1   1   2.4e-83   1.1e-81  270.0   0.0     3   365     3   364     1   364 0.99 -
d1yqsa_e.3.1.1       -            345 d1tvfa2e.3.1.1.aln   -            365   1.6e-77  256.3   5.0   1   1   3.7e-79   1.7e-77  256.2   5.0     4   344     3   344     1   345 0.99 -
d1qmea4e.3.1.1       -            357 d1tvfa2e.3.1.1.aln   -            365   2.4e-74  245.8   6.1   1   1   5.9e-76   2.7e-74  245.6   6.1     2   348     6   356     5   357 0.99 -
d1ei5a3e.3.1.1       -            333 d1tvfa2e.3.1.1.aln   -            365   2.7e-72  239.1   0.0   1   1   6.4e-74     3e-72  238.9   0.0     2   343     1   332     1   333 0.99 -
d1vqqa3e.3.1.1       -            341 d1tvfa2e.3.1.1.aln   -            365     3e-68  225.7  13.1   1   1   7.3e-70   3.4e-68  225.6  13.1     6   347     2   341     1   341 0.99 -
d1e25a_e.3.1.1       -            278 d1tvfa2e.3.1.1.aln   -            365   8.2e-55  181.5   0.0   1   1   1.9e-56     9e-55  181.4   0.0    67   349     3   276     1   278 0.98 -
d2p74a_e.3.1.1       -            263 d1tvfa2e.3.1.1.aln   -            365   5.6e-52  172.2   1.3   1   1   1.3e-53   6.1e-52  172.1   1.3    67   343     4   262     1   263 0.98 -
d1alqa_e.3.1.1       -            263 d1tvfa2e.3.1.1.aln   -            365   5.6e-48  159.1   4.2   1   1   1.3e-49   6.2e-48  158.9   4.2    29   303     3   263     1   263 0.99 -
d1xp4a2e.3.1.1       -            269 d1tvfa2e.3.1.1.aln   -            365     1e-39  131.9   6.0   1   1   2.4e-41   1.1e-39  131.8   6.0    63   344     3   269     1   269 0.99 -
d1es5a_e.3.1.1       -            260 d1tvfa2e.3.1.1.aln   -            365   2.4e-38  127.4  12.7   1   1   5.7e-40   2.6e-38  127.2  12.7    68   342     1   259     1   260 0.99 -
d1xa1a_e.3.1.1       -            246 d1tvfa2e.3.1.1.aln   -            365   2.4e-38  127.4  10.5   1   1   5.6e-40   2.6e-38  127.2  10.5    64   329     2   235     1   246 0.96 -
#
# Program:         hmmsearch
# Version:         3.1b2 (February 2015)
# Pipeline mode:   SEARCH
# Query file:      hmmModels30/d1tvfa2e.3.1.1.hmm
# Target file:     scop/scopTestSeq.fasta
# Option settings: hmmsearch --domtblout hmmModels30/d1tvfa2e.3.1.1.out -E 1 hmmModels30/d1tvfa2e.3.1.1.hmm scop/scopTestSeq.fasta 
# Current dir:     /home/anastasia/SBAS/TME8
# Date:            Sat Apr  8 15:33:49 2023
# [ok]
