#                                                                            --- full sequence --- -------------- this domain -------------   hmm coord   ali coord   env coord
# target name        accession   tlen query name           accession   qlen   E-value  score  bias   #  of  c-Evalue  i-Evalue  score  bias  from    to  from    to  from    to  acc description of target
#------------------- ---------- ----- -------------------- ---------- ----- --------- ------ ----- --- --- --------- --------- ------ ----- ----- ----- ----- ----- ----- ----- ---- ---------------------
d1vr5a1c.94.1.1      -            535 d1twya_c.94.1.1.aln  -            336  3.8e-114  377.1  10.4   1   1  2.1e-115  5.8e-114  376.5  10.4     1   336    77   478    77   478 1.00 -
d1jeta_c.94.1.1      -            517 d1twya_c.94.1.1.aln  -            336  3.3e-108  357.6  12.8   1   1  1.5e-109  4.1e-108  357.2  12.8     1   336    84   477    84   477 1.00 -
d1uqwa_c.94.1.1      -            487 d1twya_c.94.1.1.aln  -            336   3.9e-87  288.3  12.8   1   1   1.8e-88   4.8e-87  288.0  12.8     1   336    75   449    75   449 1.00 -
d1xoca1c.94.1.1      -            504 d1twya_c.94.1.1.aln  -            336   2.2e-85  282.5  19.0   1   1   9.8e-87   2.7e-85  282.3  19.0     1   336    78   465    78   465 1.00 -
d3vlva_c.94.1.1      -            490 d1twya_c.94.1.1.aln  -            336   1.5e-83  276.5   8.8   1   1   6.8e-85   1.9e-83  276.3   8.8     2   336    61   447    60   447 1.00 -
d2nooa_c.94.1.1      -            496 d1twya_c.94.1.1.aln  -            336   2.8e-83  275.6   1.2   1   1   1.2e-84   3.4e-83  275.4   1.2     1   336    72   455    72   455 1.00 -
d1eu8a_c.94.1.1      -            407 d1twya_c.94.1.1.aln  -            336     2e-72  240.0   7.5   1   1   8.4e-74   2.3e-72  239.8   7.5     3   335     3   379     1   380 0.99 -
d1ursa_c.94.1.1      -            367 d1twya_c.94.1.1.aln  -            336   1.3e-57  191.3   9.0   1   1   5.5e-59   1.5e-57  191.1   9.0     6   335     2   343     1   344 0.99 -
d3thia_c.94.1.1      -            362 d1twya_c.94.1.1.aln  -            336   9.8e-47  155.6   0.4   1   1     4e-48   1.1e-46  155.4   0.4     5   336     3   350     1   350 0.99 -
d1q35a_c.94.1.1      -            318 d1twya_c.94.1.1.aln  -            336     5e-40  133.6   3.4   1   1     2e-41   5.5e-40  133.4   3.4     7   334     1   316     1   318 0.98 -
d1r9la_c.94.1.1      -            309 d1twya_c.94.1.1.aln  -            336     8e-39  129.6  11.4   1   1   3.3e-40   8.9e-39  129.5  11.4     1   318     2   309     2   309 0.99 -
d1nnfa_c.94.1.1      -            308 d1twya_c.94.1.1.aln  -            336   8.3e-37  123.0  12.1   1   1   3.4e-38   9.3e-37  122.8  12.1     9   329     1   307     1   308 0.99 -
d1sbpa_c.94.1.1      -            309 d1twya_c.94.1.1.aln  -            336   2.3e-32  108.4   9.7   1   1   9.2e-34   2.5e-32  108.3   9.7     8   334     4   309     1   309 0.98 -
d1pb7a_c.94.1.1      -            289 d1twya_c.94.1.1.aln  -            336   7.1e-32  106.8   0.0   1   1   2.9e-33   7.9e-32  106.6   0.0     6   319     1   287     1   289 0.98 -
d1ixha_c.94.1.1      -            321 d1twya_c.94.1.1.aln  -            336   1.2e-30  102.7  10.0   1   1   5.5e-32   1.5e-30  102.4  10.0    20   333    14   320     3   321 0.97 -
d2nxoa1c.94.1.1      -            277 d1twya_c.94.1.1.aln  -            336   1.6e-27   92.5   0.0   1   1   7.1e-29   1.9e-27   92.2   0.0     9   306     6   276     2   277 0.93 -
d2i6ea1c.94.1.1      -            272 d1twya_c.94.1.1.aln  -            336   1.2e-25   86.3   0.0   1   1   4.7e-27   1.3e-25   86.2   0.0     8   296     4   269     1   272 0.94 -
d1us5a_c.94.1.1      -            298 d1twya_c.94.1.1.aln  -            336   1.4e-24   82.8   0.3   1   1     6e-26   1.6e-24   82.6   0.3     6   315    13   298     9   298 0.99 -
d1atga_c.94.1.1      -            231 d1twya_c.94.1.1.aln  -            336   2.8e-22   75.2   1.3   1   1   1.1e-23   3.1e-22   75.1   1.3    11   288     4   230     1   231 0.97 -
d2czla1c.94.1.1      -            270 d1twya_c.94.1.1.aln  -            336   1.4e-20   69.7   0.0   1   1   5.9e-22   1.6e-20   69.5   0.0     8   304     4   266     2   270 0.97 -
d1sw5a_c.94.1.1      -            270 d1twya_c.94.1.1.aln  -            336     1e-18   63.5   3.7   1   1   4.5e-20   1.2e-18   63.3   3.7    14   303     5   268     2   270 0.97 -
d1xt8a1c.94.1.1      -            248 d1twya_c.94.1.1.aln  -            336   6.7e-18   60.9   3.8   1   1     3e-19   8.1e-18   60.6   3.8     5   282     7   237     4   248 0.92 -
d1al3a_c.94.1.1      -            237 d1twya_c.94.1.1.aln  -            336   8.4e-13   44.1   0.0   1   1   3.4e-14   9.2e-13   44.0   0.0     2   279     2   233     1   237 0.98 -
d1ii5a_c.94.1.1      -            226 d1twya_c.94.1.1.aln  -            336   6.4e-11   37.9   0.1   1   1   2.6e-12   7.1e-11   37.8   0.1    14   283     9   224     1   226 0.97 -
d2qmwa1c.94.1.1      -            184 d1twya_c.94.1.1.aln  -            336   1.8e-10   36.4   0.2   1   1   7.5e-12     2e-10   36.3   0.2    13   225     4   182     1   184 0.97 -
d1i6aa_c.94.1.1      -            212 d1twya_c.94.1.1.aln  -            336   3.7e-09   32.1   0.0   1   1   1.5e-10     4e-09   32.0   0.0     3   215     2   172     1   212 0.90 -
d1ixca2c.94.1.1      -            205 d1twya_c.94.1.1.aln  -            336   8.8e-08   27.6   0.0   1   1   4.5e-09   1.2e-07   27.1   0.0     6   205     2   161     1   205 0.87 -
d2ozza1c.94.1.1      -            228 d1twya_c.94.1.1.aln  -            336   8.8e-06   21.1   0.0   1   1   3.9e-07   1.1e-05   20.8   0.0    22   231    14   193     2   222 0.93 -
d2esna2c.94.1.1      -            212 d1twya_c.94.1.1.aln  -            336    0.0012   14.0   0.0   1   2       1.7        47   -1.0   0.0   236   272    26    62     8    68 0.78 -
d2esna2c.94.1.1      -            212 d1twya_c.94.1.1.aln  -            336    0.0012   14.0   0.0   2   2   9.1e-05    0.0025   13.0   0.0   114   288    73   210    33   212 0.90 -
#
# Program:         hmmsearch
# Version:         3.1b2 (February 2015)
# Pipeline mode:   SEARCH
# Query file:      hmmModels30/d1twya_c.94.1.1.hmm
# Target file:     scop/scopTestSeq.fasta
# Option settings: hmmsearch --domtblout hmmModels30/d1twya_c.94.1.1.out -E 1 hmmModels30/d1twya_c.94.1.1.hmm scop/scopTestSeq.fasta 
# Current dir:     /home/anastasia/SBAS/TME8
# Date:            Sat Apr  8 15:33:49 2023
# [ok]
