#                                                                            --- full sequence --- -------------- this domain -------------   hmm coord   ali coord   env coord
# target name        accession   tlen query name           accession   qlen   E-value  score  bias   #  of  c-Evalue  i-Evalue  score  bias  from    to  from    to  from    to  acc description of target
#------------------- ---------- ----- -------------------- ---------- ----- --------- ------ ----- --- --- --------- --------- ------ ----- ----- ----- ----- ----- ----- ----- ---- ---------------------
d1bf2a1b.1.18.2      -            162 d1txka1b.1.18.2.aln  -            110   5.3e-56  183.6   6.2   1   1   1.9e-57   8.2e-56  183.0   6.2     1   110     5   119     5   119 1.00 -
d1ji1a1b.1.18.2      -            122 d1txka1b.1.18.2.aln  -            110   2.9e-26   87.9   1.9   1   1   7.4e-28   3.2e-26   87.7   1.9     2   109     8   120     7   121 0.98 -
d1j0ha1b.1.18.2      -            123 d1txka1b.1.18.2.aln  -            110   2.9e-25   84.7   0.0   1   1   7.3e-27   3.2e-25   84.5   0.0     1   110     1   115     1   115 0.99 -
d2fhfa1b.1.18.2      -            115 d1txka1b.1.18.2.aln  -            110     1e-24   82.9   2.9   1   1   2.7e-26   1.2e-24   82.7   2.9     2   109     7   114     6   115 0.96 -
d1m7xa1b.1.18.2      -            110 d1txka1b.1.18.2.aln  -            110   4.2e-24   80.9   0.0   1   1   1.1e-25   4.7e-24   80.8   0.0     2   101    10   108     9   110 0.98 -
d2fhfa2b.1.18.2      -            125 d1txka1b.1.18.2.aln  -            110   7.9e-21   70.4   0.2   1   1     2e-22   8.8e-21   70.2   0.2     2   109     5   117     4   118 0.98 -
d1ut9a2b.1.18.2      -             98 d1txka1b.1.18.2.aln  -            110   2.1e-18   62.6   0.1   1   1   5.1e-20   2.2e-18   62.5   0.1    11   107     2    96     1    98 0.97 -
d1qbaa1b.1.18.2      -            105 d1txka1b.1.18.2.aln  -            110   3.8e-15   52.1   0.0   1   1   9.3e-17   4.1e-15   52.0   0.0     4   107     3   104     1   105 0.97 -
d1edqa1b.1.18.2      -            109 d1txka1b.1.18.2.aln  -            110   2.1e-14   49.7   3.1   1   1   5.2e-16   2.3e-14   49.6   3.1     3   110     2   109     1   109 0.97 -
d1k3ia1b.1.18.2      -            102 d1txka1b.1.18.2.aln  -            110   1.9e-13   46.6   1.7   1   1   4.7e-15   2.1e-13   46.5   1.7     9   109     2   101     1   102 0.97 -
d1w8oa1b.1.18.2      -            103 d1txka1b.1.18.2.aln  -            110   1.7e-12   43.6   0.7   1   1   4.2e-14   1.8e-12   43.5   0.7     7   108     2   100     1   102 0.96 -
d1clca2b.1.18.2      -            100 d1txka1b.1.18.2.aln  -            110   2.5e-12   43.0   0.1   1   1   6.2e-14   2.7e-12   42.9   0.1     1   101     5    98     5   100 0.96 -
d1h3ga1b.1.18.2      -             93 d1txka1b.1.18.2.aln  -            110   1.4e-11   40.6   0.0   1   1   3.4e-13   1.5e-11   40.5   0.0     9    97     2    89     1    93 0.95 -
d2bhua1b.1.18.2      -             97 d1txka1b.1.18.2.aln  -            110   3.6e-10   36.1   0.0   1   1   8.8e-12   3.8e-10   36.0   0.0     9   104     2    95     1    97 0.95 -
d1ulva2b.1.18.2      -             89 d1txka1b.1.18.2.aln  -            110   4.2e-10   35.9   4.8   1   1     1e-11   4.4e-10   35.8   4.8     9    93     1    83     1    89 0.92 -
d3bmva1b.1.18.2      -             83 d1txka1b.1.18.2.aln  -            110   4.7e-09   32.5   1.2   1   1   1.1e-10   4.9e-09   32.4   1.2    14    96     4    82     1    83 0.95 -
d2bvya1b.1.18.2      -             94 d1txka1b.1.18.2.aln  -            110   1.3e-08   31.1   7.7   1   1   3.1e-10   1.4e-08   31.0   7.7    10   104     3    92     1    94 0.96 -
d1f1sa2b.1.18.2      -             78 d1txka1b.1.18.2.aln  -            110   0.00013   18.2   0.3   1   1   3.1e-06   0.00013   18.2   0.3    20    99     4    77     1    78 0.88 -
#
# Program:         hmmsearch
# Version:         3.1b2 (February 2015)
# Pipeline mode:   SEARCH
# Query file:      hmmModels30/d1txka1b.1.18.2.hmm
# Target file:     scop/scopTestSeq.fasta
# Option settings: hmmsearch --domtblout hmmModels30/d1txka1b.1.18.2.out -E 1 hmmModels30/d1txka1b.1.18.2.hmm scop/scopTestSeq.fasta 
# Current dir:     /home/anastasia/SBAS/TME8
# Date:            Sat Apr  8 15:33:49 2023
# [ok]
