#                                                                            --- full sequence --- -------------- this domain -------------   hmm coord   ali coord   env coord
# target name        accession   tlen query name           accession   qlen   E-value  score  bias   #  of  c-Evalue  i-Evalue  score  bias  from    to  from    to  from    to  acc description of target
#------------------- ---------- ----- -------------------- ---------- ----- --------- ------ ----- --- --- --------- --------- ------ ----- ----- ----- ----- ----- ----- ----- ---- ---------------------
d1d7qa_b.40.4.5      -            143 d1u0la1b.40.4.5.aln  -             91   5.9e-34  111.6   0.3   1   2   2.5e-35   5.9e-34  111.6   0.3     1    91    14   106    14   106 0.99 -
d1d7qa_b.40.4.5      -            143 d1u0la1b.40.4.5.aln  -             91   5.9e-34  111.6   0.3   2   2       9.6   2.3e+02   -2.4   0.3    53    75   118   140   110   141 0.70 -
d2vnud3b.40.4.5      -            148 d1u0la1b.40.4.5.aln  -             91   6.2e-31  101.9   0.0   1   1   3.2e-32   7.6e-31  101.6   0.0     1    91    15   124    15   124 0.99 -
d2nn6i1b.40.4.5      -            125 d1u0la1b.40.4.5.aln  -             91   1.7e-24   81.3   0.1   1   1   8.1e-26   1.9e-24   81.1   0.1     1    90     1    97     1    98 0.98 -
d1wi5a_b.40.4.5      -            119 d1u0la1b.40.4.5.aln  -             91   1.8e-20   68.4   0.0   1   1   9.4e-22   2.3e-20   68.1   0.0     4    90    18   103    15   104 0.96 -
d1jt8a_b.40.4.5      -            102 d1u0la1b.40.4.5.aln  -             91     9e-17   56.5   0.3   1   1     4e-18   9.7e-17   56.4   0.3     4    91     6    95     3    95 0.95 -
d3bzka4b.40.4.5      -             94 d1u0la1b.40.4.5.aln  -             91   9.2e-16   53.3   0.7   1   1   4.1e-17   9.8e-16   53.2   0.7     3    78    14    86    12    94 0.92 -
d1go3e1b.40.4.5      -            106 d1u0la1b.40.4.5.aln  -             91     8e-14   47.1   0.5   1   1   3.8e-15   9.2e-14   46.9   0.5     5    91     1    94     1    94 0.97 -
d2je6i1b.40.4.5      -             87 d1u0la1b.40.4.5.aln  -             91   1.7e-13   46.1   0.7   1   1   7.4e-15   1.8e-13   46.0   0.7     2    86     2    86     1    87 0.95 -
d1kl9a2b.40.4.5      -             86 d1u0la1b.40.4.5.aln  -             91     5e-13   44.5   1.5   1   1   2.3e-14   5.5e-13   44.4   1.5     2    80     8    85     7    86 0.97 -
d2uubl1b.40.4.5      -            118 d1u0la1b.40.4.5.aln  -             91   9.9e-12   40.4   1.2   1   1   4.8e-13   1.1e-11   40.2   1.2     3    90    13   108    11   109 0.96 -
d2nn6h1b.40.4.5      -             95 d1u0la1b.40.4.5.aln  -             91   2.3e-11   39.2   0.0   1   1   1.1e-12   2.7e-11   39.0   0.0     2    83     3    91     2    94 0.95 -
d1smxa_b.40.4.5      -             87 d1u0la1b.40.4.5.aln  -             91   9.4e-11   37.3   0.0   1   1   4.5e-12   1.1e-10   37.1   0.0     9    86     4    87     2    87 0.95 -
d1luza_b.40.4.5      -             85 d1u0la1b.40.4.5.aln  -             91   1.7e-10   36.4   0.4   1   1   7.6e-12   1.8e-10   36.4   0.4     2    83     3    82     2    85 0.94 -
d1y14b1b.40.4.5      -             91 d1u0la1b.40.4.5.aln  -             91   1.2e-09   33.7   0.0   1   1   5.4e-11   1.3e-09   33.6   0.0     5    90     1    86     1    87 0.95 -
d2ja9a1b.40.4.5      -             90 d1u0la1b.40.4.5.aln  -             91   2.5e-09   32.7   0.0   1   1   1.2e-10   2.9e-09   32.5   0.0     2    87     2    84     1    87 0.94 -
d1jjga_b.40.4.5      -            102 d1u0la1b.40.4.5.aln  -             91   4.8e-09   31.8   0.2   1   1   2.2e-10   5.3e-09   31.7   0.2     3    88     8    92     6    95 0.94 -
d1wfqa_b.40.4.5      -             89 d1u0la1b.40.4.5.aln  -             91   5.7e-09   31.6   0.0   1   1   2.5e-10   5.9e-09   31.5   0.0     7    86     6    87     1    89 0.88 -
d2vnud2b.40.4.5      -             88 d1u0la1b.40.4.5.aln  -             91   1.3e-08   30.5   0.5   1   1   6.1e-10   1.5e-08   30.3   0.5     2    76     6    84     5    87 0.96 -
d2uubq1b.40.4.5      -            100 d1u0la1b.40.4.5.aln  -             91     3e-08   29.3   2.2   1   1   1.4e-09   3.4e-08   29.1   2.2     6    91     3    86     1    86 0.96 -
d2ix0a3b.40.4.5      -             87 d1u0la1b.40.4.5.aln  -             91   8.1e-08   27.9   0.1   1   1   3.5e-09   8.4e-08   27.8   0.1     8    86     4    85     1    87 0.94 -
d1e3pa2b.40.4.5      -             62 d1u0la1b.40.4.5.aln  -             91   1.4e-07   27.1   0.2   1   1   6.2e-09   1.5e-07   27.0   0.2    13    70     1    59     1    62 0.92 -
d1x6oa2b.40.4.5      -             79 d1u0la1b.40.4.5.aln  -             91   1.1e-06   24.2   0.0   1   1   4.9e-08   1.2e-06   24.2   0.0     5    78     3    75     1    79 0.91 -
d2vnud1b.40.4.5      -             95 d1u0la1b.40.4.5.aln  -             91   1.2e-06   24.2   0.0   1   1   5.6e-08   1.3e-06   24.0   0.0    11    91    13    94     5    94 0.96 -
d3i4oa_b.40.4.5      -             68 d1u0la1b.40.4.5.aln  -             91   1.3e-06   24.0   0.1   1   1   5.7e-08   1.4e-06   23.9   0.1     8    79     3    67     1    68 0.93 -
d1a62a2b.40.4.5      -             78 d1u0la1b.40.4.5.aln  -             91   3.5e-05   19.4   0.0   1   1   1.8e-06   4.3e-05   19.2   0.0    10    81     3    70     1    75 0.94 -
d1t9ha1b.40.4.5      -             67 d1u0la1b.40.4.5.aln  -             91   5.4e-05   18.8   0.2   1   1   2.5e-06   5.9e-05   18.7   0.2    11    71     2    58     1    66 0.91 -
d2ix0a2b.40.4.5      -             79 d1u0la1b.40.4.5.aln  -             91   6.7e-05   18.5   0.0   1   1   3.2e-06   7.6e-05   18.4   0.0    15    76    13    72     5    78 0.89 -
d1hh2p1b.40.4.5      -             72 d1u0la1b.40.4.5.aln  -             91    0.0001   17.9   0.1   1   1   4.4e-06   0.00011   17.9   0.1     7    78     3    69     1    72 0.83 -
d1khia2b.40.4.5      -             71 d1u0la1b.40.4.5.aln  -             91   0.00021   16.9   0.1   1   1   9.5e-06   0.00023   16.8   0.1     3    70     2    68     1    71 0.92 -
d2ix0a1b.40.4.5      -             90 d1u0la1b.40.4.5.aln  -             91    0.0003   16.4   0.0   1   1   1.5e-05   0.00037   16.2   0.0     7    91     7    90     2    90 0.86 -
d1c9oa_b.40.4.5      -             66 d1u0la1b.40.4.5.aln  -             91     0.001   14.7   0.1   1   1   4.5e-05    0.0011   14.7   0.1     9    74     2    60     1    66 0.89 -
d2asba1b.40.4.5      -             76 d1u0la1b.40.4.5.aln  -             91    0.0015   14.2   0.0   1   1   6.6e-05    0.0016   14.1   0.0     7    78     4    73     1    76 0.90 -
d1ne3a_b.40.4.5      -             68 d1u0la1b.40.4.5.aln  -             91    0.0049   12.6   0.0   1   1   0.00023    0.0056   12.4   0.0    12    61     7    53     2    60 0.91 -
#
# Program:         hmmsearch
# Version:         3.1b2 (February 2015)
# Pipeline mode:   SEARCH
# Query file:      hmmModels30/d1u0la1b.40.4.5.hmm
# Target file:     scop/scopTestSeq.fasta
# Option settings: hmmsearch --domtblout hmmModels30/d1u0la1b.40.4.5.out -E 1 hmmModels30/d1u0la1b.40.4.5.hmm scop/scopTestSeq.fasta 
# Current dir:     /home/anastasia/SBAS/TME8
# Date:            Sat Apr  8 15:33:50 2023
# [ok]
