#                                                                            --- full sequence --- -------------- this domain -------------   hmm coord   ali coord   env coord
# target name        accession   tlen query name           accession   qlen   E-value  score  bias   #  of  c-Evalue  i-Evalue  score  bias  from    to  from    to  from    to  acc description of target
#------------------- ---------- ----- -------------------- ---------- ----- --------- ------ ----- --- --- --------- --------- ------ ----- ----- ----- ----- ----- ----- ----- ---- ---------------------
d1p0ha_d.108.1.1     -            308 d1u6ma_d.108.1.1.aln -            175   2.8e-64  211.8   0.1   1   3   3.8e-62     7e-61  200.8   0.0     1   175     3   195     3   195 1.00 -
d1p0ha_d.108.1.1     -            308 d1u6ma_d.108.1.1.aln -            175   2.8e-64  211.8   0.1   2   3     0.027       0.5    5.9   0.0    85   109   225   249   198   256 0.84 -
d1p0ha_d.108.1.1     -            308 d1u6ma_d.108.1.1.aln -            175   2.8e-64  211.8   0.1   3   3      0.53       9.8    1.7   0.0   129   149   279   298   257   306 0.79 -
d2p0wa_d.108.1.1     -            319 d1u6ma_d.108.1.1.aln -            175     6e-56  184.7   0.0   1   2   2.6e-56   4.7e-55  181.8   0.0     1   175    10   220    10   220 0.99 -
d2p0wa_d.108.1.1     -            319 d1u6ma_d.108.1.1.aln -            175     6e-56  184.7   0.0   2   2       0.5       9.2    1.8   0.1    97   113   220   236   219   240 0.88 -
d2pq8a_d.108.1.1     -            271 d1u6ma_d.108.1.1.aln -            175   1.2e-55  183.7   0.0   1   1   7.7e-57   1.4e-55  183.5   0.0     1   175    30   240    30   240 0.99 -
d1boba_d.108.1.1     -            315 d1u6ma_d.108.1.1.aln -            175   8.8e-53  174.4   0.0   1   1   9.6e-54   1.8e-52  173.4   0.0     2   175     8   216     7   216 0.99 -
d1yk3a1d.108.1.1     -            198 d1u6ma_d.108.1.1.aln -            175   1.4e-33  111.8   0.0   1   1   8.9e-35   1.6e-33  111.7   0.0     2   170    24   198    23   198 0.98 -
d2gana1d.108.1.1     -            182 d1u6ma_d.108.1.1.aln -            175   1.1e-23   79.7   0.2   1   1   6.6e-25   1.2e-23   79.5   0.2     5   167     5   181     1   182 0.98 -
d1tiqa_d.108.1.1     -            173 d1u6ma_d.108.1.1.aln -            175   1.4e-23   79.3   0.0   1   1   9.4e-25   1.7e-23   79.0   0.0     5   171     5   169     2   172 0.92 -
d1mk4a_d.108.1.1     -            157 d1u6ma_d.108.1.1.aln -            175   1.6e-22   75.9   0.0   1   1   9.4e-24   1.7e-22   75.8   0.0    11   171     1   148     1   152 0.97 -
d1i12a_d.108.1.1     -            157 d1u6ma_d.108.1.1.aln -            175   3.1e-22   74.9   0.0   1   1     2e-23   3.6e-22   74.7   0.0     7   156     9   154     6   157 0.97 -
d1vkca_d.108.1.1     -            149 d1u6ma_d.108.1.1.aln -            175   6.8e-22   73.8   0.7   1   1   4.6e-23   8.4e-22   73.5   0.7     9   154     6   144     2   148 0.95 -
d2cy2a1d.108.1.1     -            174 d1u6ma_d.108.1.1.aln -            175   9.3e-21   70.1   1.3   1   1     6e-22   1.1e-20   69.9   1.3    14   168    14   165     8   170 0.95 -
d1ufha_d.108.1.1     -            155 d1u6ma_d.108.1.1.aln -            175     1e-20   70.0   0.4   1   1   6.3e-22   1.1e-20   69.8   0.4     2   157     2   153     1   155 0.96 -
d2ae6a1d.108.1.1     -            161 d1u6ma_d.108.1.1.aln -            175   1.8e-20   69.2   0.0   1   1     1e-21   1.9e-20   69.1   0.0    11   170     4   157     1   161 0.96 -
d1z4ea1d.108.1.1     -            150 d1u6ma_d.108.1.1.aln -            175   3.4e-20   68.3   0.0   1   1   1.9e-21   3.5e-20   68.2   0.0    46   155    42   146     3   150 0.91 -
d2euia1d.108.1.1     -            153 d1u6ma_d.108.1.1.aln -            175   9.4e-20   66.9   0.1   1   1   6.1e-21   1.1e-19   66.6   0.1    11   159     2   146     1   150 0.92 -
d1y9ka1d.108.1.1     -            152 d1u6ma_d.108.1.1.aln -            175   1.4e-18   63.0   0.0   1   1   8.6e-20   1.6e-18   62.9   0.0    42   168    33   146     1   151 0.81 -
d1n71a_d.108.1.1     -            180 d1u6ma_d.108.1.1.aln -            175   1.2e-17   60.0   0.0   1   1   7.4e-19   1.3e-17   59.8   0.0     6   171     5   175     1   178 0.93 -
d1m4ia_d.108.1.1     -            181 d1u6ma_d.108.1.1.aln -            175   3.5e-17   58.5   0.0   1   1     2e-18   3.7e-17   58.4   0.0     8   171     2   179     1   181 0.91 -
d1ghea_d.108.1.1     -            170 d1u6ma_d.108.1.1.aln -            175   2.1e-16   56.0   0.0   1   1   1.4e-17   2.6e-16   55.7   0.0     7   158     6   153     2   163 0.94 -
d1y9wa1d.108.1.1     -            140 d1u6ma_d.108.1.1.aln -            175   2.2e-16   55.9   0.5   1   1   1.3e-17   2.3e-16   55.8   0.5    19   169     3   139     1   140 0.89 -
d1qsma_d.108.1.1     -            150 d1u6ma_d.108.1.1.aln -            175     3e-16   55.5   0.0   1   1   1.7e-17   3.1e-16   55.4   0.0    16   157     8   147     1   150 0.93 -
d2fcka1d.108.1.1     -            178 d1u6ma_d.108.1.1.aln -            175   5.5e-16   54.6   0.1   1   1   3.6e-17   6.5e-16   54.3   0.1     5   164     5   168     1   174 0.91 -
d2b5ga_d.108.1.1     -            168 d1u6ma_d.108.1.1.aln -            175   8.3e-16   54.0   0.2   1   1   5.6e-17     1e-15   53.7   0.2    30   160    29   156    22   166 0.85 -
d2fiaa1d.108.1.1     -            157 d1u6ma_d.108.1.1.aln -            175   1.1e-15   53.6   0.2   1   1   6.6e-17   1.2e-15   53.5   0.2    15   160    12   144     1   155 0.93 -
d1z4ra1d.108.1.1     -            162 d1u6ma_d.108.1.1.aln -            175   2.3e-15   52.6   0.1   1   1   1.4e-16   2.6e-15   52.4   0.1     7   170     3   153     1   157 0.94 -
d1bo4a_d.108.1.1     -            137 d1u6ma_d.108.1.1.aln -            175   2.6e-15   52.4   0.0   1   1   1.5e-16   2.7e-15   52.3   0.0     7   147     3   137     1   137 0.89 -
d2jdca1d.108.1.1     -            145 d1u6ma_d.108.1.1.aln -            175   4.5e-15   51.6   0.1   1   1   2.8e-16   5.2e-15   51.4   0.1    10   158     4   132     1   144 0.93 -
d2fl4a1d.108.1.1     -            146 d1u6ma_d.108.1.1.aln -            175   9.2e-15   50.6   0.1   1   1   5.3e-16   9.7e-15   50.5   0.1    25   156    18   135     1   144 0.80 -
d1cjwa_d.108.1.1     -            166 d1u6ma_d.108.1.1.aln -            175   1.2e-14   50.2   0.0   1   1   6.8e-16   1.2e-14   50.2   0.0    30   167    32   163     8   166 0.82 -
d2g3aa1d.108.1.1     -            137 d1u6ma_d.108.1.1.aln -            175   1.3e-14   50.1   0.0   1   1   7.7e-16   1.4e-14   50.0   0.0    92   170    62   137    25   137 0.93 -
d1wwza1d.108.1.1     -            157 d1u6ma_d.108.1.1.aln -            175   1.9e-14   49.6   0.4   1   1   1.2e-15   2.2e-14   49.4   0.4    31   160    27   153     2   157 0.82 -
d2atra1d.108.1.1     -            137 d1u6ma_d.108.1.1.aln -            175   2.4e-13   46.0   0.0   1   1   1.4e-14   2.6e-13   45.9   0.0    29   164    16   136     2   137 0.88 -
d1xeba_d.108.1.1     -            149 d1u6ma_d.108.1.1.aln -            175   3.4e-13   45.5   0.3   1   1   2.5e-14   4.5e-13   45.1   0.3    34   158    16   139    15   147 0.88 -
d1yx0a1d.108.1.1     -            151 d1u6ma_d.108.1.1.aln -            175   1.1e-12   43.8   0.0   1   1   6.2e-14   1.1e-12   43.8   0.0    32   169    23   150     1   151 0.83 -
d1u6ma_d.108.1.1     -            189 d1u6ma_d.108.1.1.aln -            175   2.2e-12   42.8   0.1   1   1   1.8e-13   3.4e-12   42.3   0.1    36   167    51   187    50   188 0.89 -
d2fiwa1d.108.1.1     -            156 d1u6ma_d.108.1.1.aln -            175   9.8e-12   40.7   0.0   1   1   5.7e-13   1.1e-11   40.6   0.0    32   166    26   150     2   156 0.87 -
d1q2ya_d.108.1.1     -            140 d1u6ma_d.108.1.1.aln -            175     7e-11   38.0   0.1   1   1   4.2e-12   7.6e-11   37.8   0.1    27   166    15   137     2   140 0.89 -
d2aj6a1d.108.1.1     -            118 d1u6ma_d.108.1.1.aln -            175   8.9e-10   34.4   0.0   1   1   5.1e-11   9.4e-10   34.3   0.0    10   127     5   115     1   118 0.86 -
d1y7ra1d.108.1.1     -            133 d1u6ma_d.108.1.1.aln -            175   9.9e-10   34.2   0.0   1   1   6.8e-11   1.2e-09   33.9   0.0    88   157    61   128    56   133 0.90 -
d1r57a_d.108.1.1     -            102 d1u6ma_d.108.1.1.aln -            175   2.4e-09   32.9   0.0   1   1   4.2e-10   7.8e-09   31.3   0.0    87   137    32    85     2    98 0.77 -
d1nsla_d.108.1.1     -            180 d1u6ma_d.108.1.1.aln -            175   4.5e-09   32.1   0.0   1   1   2.8e-10   5.1e-09   31.9   0.0     5   154     6   157     2   174 0.91 -
d1xmta_d.108.1.1     -             95 d1u6ma_d.108.1.1.aln -            175   7.3e-07   24.9   0.0   1   1   4.9e-08   9.1e-07   24.6   0.0    79   131    21    73    14    78 0.92 -
d2fsra1d.108.1.1     -            164 d1u6ma_d.108.1.1.aln -            175   3.3e-06   22.7   0.0   1   1   1.9e-07   3.4e-06   22.7   0.0     7   147     5   143     1   164 0.87 -
#
# Program:         hmmsearch
# Version:         3.1b2 (February 2015)
# Pipeline mode:   SEARCH
# Query file:      hmmModels30/d1u6ma_d.108.1.1.hmm
# Target file:     scop/scopTestSeq.fasta
# Option settings: hmmsearch --domtblout hmmModels30/d1u6ma_d.108.1.1.out -E 1 hmmModels30/d1u6ma_d.108.1.1.hmm scop/scopTestSeq.fasta 
# Current dir:     /home/anastasia/SBAS/TME8
# Date:            Sat Apr  8 15:33:50 2023
# [ok]
