#                                                                            --- full sequence --- -------------- this domain -------------   hmm coord   ali coord   env coord
# target name        accession   tlen query name           accession   qlen   E-value  score  bias   #  of  c-Evalue  i-Evalue  score  bias  from    to  from    to  from    to  acc description of target
#------------------- ---------- ----- -------------------- ---------- ----- --------- ------ ----- --- --- --------- --------- ------ ----- ----- ----- ----- ----- ----- ----- ---- ---------------------
d2fbka1a.4.5.28      -            172 d1ub9a_a.4.5.28.aln  -            143   1.3e-59  195.7   0.1   1   1   3.7e-61   1.5e-59  195.5   0.1     1   143    30   172    30   172 0.99 -
d2fxaa1a.4.5.28      -            162 d1ub9a_a.4.5.28.aln  -            143   1.6e-52  172.8   0.0   1   1   4.3e-54   1.8e-52  172.6   0.0     2   143     3   148     2   148 0.99 -
d1lj9a_a.4.5.28      -            144 d1ub9a_a.4.5.28.aln  -            143   1.2e-40  134.2   1.1   1   1   3.3e-42   1.4e-40  134.1   1.1     6   142     2   135     1   136 0.98 -
d2etha1a.4.5.28      -            140 d1ub9a_a.4.5.28.aln  -            143   2.5e-39  130.0   0.0   1   1   6.6e-41   2.8e-39  129.8   0.0     2   143     1   139     1   139 0.98 -
d2fbia1a.4.5.28      -            136 d1ub9a_a.4.5.28.aln  -            143   4.7e-39  129.1   0.8   1   1   1.2e-40     5e-39  129.0   0.8     5   140     2   134     1   136 0.98 -
d3echa_a.4.5.28      -            142 d1ub9a_a.4.5.28.aln  -            143   8.9e-38  125.0   0.1   1   1   2.3e-39   9.7e-38  124.8   0.1     3   140     5   141     3   142 0.98 -
d2a61a1a.4.5.28      -            139 d1ub9a_a.4.5.28.aln  -            143   6.3e-37  122.2   0.0   1   1   1.7e-38   6.9e-37  122.1   0.0     5   143     2   137     1   137 0.98 -
d2fbha1a.4.5.28      -            137 d1ub9a_a.4.5.28.aln  -            143   1.7e-36  120.8   0.3   1   1   4.5e-38   1.9e-36  120.7   0.3     7   142     2   135     1   136 0.98 -
d3broa1a.4.5.28      -            135 d1ub9a_a.4.5.28.aln  -            143   2.8e-35  116.9   5.3   1   1   7.3e-37     3e-35  116.7   5.3     6   139     2   134     1   135 0.98 -
d1jgsa_a.4.5.28      -            138 d1ub9a_a.4.5.28.aln  -            143     3e-35  116.8   0.0   1   1   7.7e-37   3.2e-35  116.7   0.0     2   137     3   135     2   138 0.94 -
d1s3ja_a.4.5.28      -            143 d1ub9a_a.4.5.28.aln  -            143   8.4e-35  115.3   4.1   1   1   2.2e-36   9.2e-35  115.2   4.1     1   142     1   141     1   142 0.98 -
d2hr3a1a.4.5.28      -            145 d1ub9a_a.4.5.28.aln  -            143   1.5e-33  111.2   0.4   1   1     4e-35   1.7e-33  111.1   0.4     2   143     3   142     2   142 0.98 -
d1p4xa1a.4.5.28      -            125 d1ub9a_a.4.5.28.aln  -            143     2e-32  107.6   1.5   1   1   5.2e-34   2.2e-32  107.5   1.5     2   124     3   124     2   125 0.97 -
d1p4xa2a.4.5.28      -            125 d1ub9a_a.4.5.28.aln  -            143     8e-31  102.4   2.9   1   1     2e-32   8.5e-31  102.3   2.9     2   123     2   122     1   125 0.96 -
d1hsja1a.4.5.28      -            115 d1ub9a_a.4.5.28.aln  -            143   6.8e-30   99.4   3.5   1   1   1.8e-31   7.4e-30   99.3   3.5     3   116     2   114     1   115 0.98 -
d3jw4a_a.4.5.0       -            137 d1ub9a_a.4.5.28.aln  -            143   2.8e-23   78.0   0.1   1   1   7.7e-25   3.2e-23   77.8   0.1    10   136     7   132     2   137 0.96 -
d3bjaa_a.4.5.0       -            139 d1ub9a_a.4.5.28.aln  -            143   6.9e-19   63.7   0.1   1   1   1.8e-20   7.5e-19   63.6   0.1    11   140    11   137     2   139 0.91 -
d3ctaa1a.4.5.28      -             85 d1ub9a_a.4.5.28.aln  -            143   1.3e-15   53.1   0.3   1   1   3.3e-17   1.4e-15   53.0   0.3    47   116    18    84     1    85 0.87 -
d1ub9a_a.4.5.28      -            100 d1ub9a_a.4.5.28.aln  -            143   6.2e-05   18.5   0.0   1   1   1.7e-06   7.1e-05   18.3   0.0    43   115    23    95     3    98 0.87 -
#
# Program:         hmmsearch
# Version:         3.1b2 (February 2015)
# Pipeline mode:   SEARCH
# Query file:      hmmModels30/d1ub9a_a.4.5.28.hmm
# Target file:     scop/scopTestSeq.fasta
# Option settings: hmmsearch --domtblout hmmModels30/d1ub9a_a.4.5.28.out -E 1 hmmModels30/d1ub9a_a.4.5.28.hmm scop/scopTestSeq.fasta 
# Current dir:     /home/anastasia/SBAS/TME8
# Date:            Sat Apr  8 15:33:50 2023
# [ok]
