#                                                                            --- full sequence --- -------------- this domain -------------   hmm coord   ali coord   env coord
# target name        accession   tlen query name           accession   qlen   E-value  score  bias   #  of  c-Evalue  i-Evalue  score  bias  from    to  from    to  from    to  acc description of target
#------------------- ---------- ----- -------------------- ---------- ----- --------- ------ ----- --- --- --------- --------- ------ ----- ----- ----- ----- ----- ----- ----- ---- ---------------------
d2vnud3b.40.4.5      -            148 d1ueba3b.40.4.5.aln  -             98     3e-37  122.2   0.0   1   1   1.6e-38   3.8e-37  121.8   0.0     1    98    25   126    25   126 0.99 -
d1d7qa_b.40.4.5      -            143 d1ueba3b.40.4.5.aln  -             98   8.5e-37  120.7   0.6   1   1   3.4e-38   8.5e-37  120.7   0.6     1    98     7   108     7   108 0.99 -
d2nn6i1b.40.4.5      -            125 d1ueba3b.40.4.5.aln  -             98   6.4e-24   79.4   0.1   1   1   2.9e-25   7.2e-24   79.3   0.1     2    97     1    99     1   100 0.98 -
d1wi5a_b.40.4.5      -            119 d1ueba3b.40.4.5.aln  -             98   3.9e-15   51.2   0.0   1   1   1.8e-16   4.4e-15   51.1   0.0     2    97     6   105     5   106 0.94 -
d3bzka4b.40.4.5      -             94 d1ueba3b.40.4.5.aln  -             98   8.9e-15   50.1   0.6   1   1   4.2e-16     1e-14   49.9   0.6     3    83    13    86    11    93 0.92 -
d1jt8a_b.40.4.5      -            102 d1ueba3b.40.4.5.aln  -             98   9.2e-14   46.9   0.2   1   1     4e-15     1e-13   46.7   0.2     3    97     3    96     1    97 0.96 -
d1go3e1b.40.4.5      -            106 d1ueba3b.40.4.5.aln  -             98   1.9e-13   45.9   0.4   1   1   8.9e-15   2.2e-13   45.7   0.4     6    97     1    95     1    96 0.97 -
d2uubq1b.40.4.5      -            100 d1ueba3b.40.4.5.aln  -             98   6.6e-13   44.1   1.9   1   1     3e-14   7.5e-13   43.9   1.9     9    97     3    87     1    88 0.96 -
d1kl9a2b.40.4.5      -             86 d1ueba3b.40.4.5.aln  -             98   1.3e-11   40.0   1.8   1   1   5.6e-13   1.4e-11   39.9   1.8     2    85     7    85     6    86 0.97 -
d2uubl1b.40.4.5      -            118 d1ueba3b.40.4.5.aln  -             98   1.6e-10   36.5   1.6   1   1   7.5e-12   1.8e-10   36.3   1.6     1    96    10   109    10   111 0.96 -
d2nn6h1b.40.4.5      -             95 d1ueba3b.40.4.5.aln  -             98   1.9e-10   36.3   0.0   1   1   8.1e-12     2e-10   36.2   0.0     3    89     3    92     1    95 0.95 -
d1luza_b.40.4.5      -             85 d1ueba3b.40.4.5.aln  -             98   1.2e-09   33.7   0.2   1   1     5e-11   1.2e-09   33.6   0.2     3    90     3    84     1    85 0.95 -
d1smxa_b.40.4.5      -             87 d1ueba3b.40.4.5.aln  -             98   3.3e-09   32.3   0.0   1   1   1.4e-10   3.5e-09   32.2   0.0    10    91     2    87     1    87 0.96 -
d2ja9a1b.40.4.5      -             90 d1ueba3b.40.4.5.aln  -             98   4.5e-09   31.8   0.0   1   1   2.5e-10   6.3e-09   31.4   0.0     3    92     2    84     1    89 0.91 -
d2je6i1b.40.4.5      -             87 d1ueba3b.40.4.5.aln  -             98   4.6e-09   31.8   0.6   1   1   2.2e-10   5.3e-09   31.6   0.6     2    91     1    86     1    87 0.96 -
d1y14b1b.40.4.5      -             91 d1ueba3b.40.4.5.aln  -             98   1.1e-08   30.6   0.0   1   1   4.8e-10   1.2e-08   30.5   0.0     6    91     1    88     1    91 0.96 -
d1wfqa_b.40.4.5      -             89 d1ueba3b.40.4.5.aln  -             98   9.4e-08   27.6   0.0   1   1   4.3e-09   1.1e-07   27.4   0.0     9    91     7    87     3    89 0.94 -
d1e3pa2b.40.4.5      -             62 d1ueba3b.40.4.5.aln  -             98   2.5e-07   26.2   0.2   1   1   1.1e-08   2.7e-07   26.1   0.2    15    76     2    60     1    62 0.94 -
d1jjga_b.40.4.5      -            102 d1ueba3b.40.4.5.aln  -             98   2.6e-07   26.2   0.3   1   1   1.2e-08   2.9e-07   26.0   0.3     2    91     8   101     7   102 0.97 -
d1hh2p1b.40.4.5      -             72 d1ueba3b.40.4.5.aln  -             98   6.5e-07   24.9   0.1   1   1   2.6e-08   6.5e-07   24.9   0.1    14    81     5    67     1    72 0.88 -
d2vnud2b.40.4.5      -             88 d1ueba3b.40.4.5.aln  -             98   1.1e-06   24.1   0.5   1   1   5.6e-08   1.4e-06   23.8   0.5     7    81     6    84     2    87 0.92 -
d2ix0a3b.40.4.5      -             87 d1ueba3b.40.4.5.aln  -             98   1.3e-05   20.7   0.1   1   1   5.8e-07   1.4e-05   20.6   0.1    11    91     6    85     2    87 0.94 -
d1t9ha1b.40.4.5      -             67 d1ueba3b.40.4.5.aln  -             98   4.2e-05   19.1   0.1   1   1   1.9e-06   4.6e-05   18.9   0.1    12    76     2    58     1    66 0.94 -
d1khia2b.40.4.5      -             71 d1ueba3b.40.4.5.aln  -             98   8.8e-05   18.1   0.1   1   1   3.7e-06   9.1e-05   18.0   0.1     4    74     2    67     1    71 0.94 -
d1a62a2b.40.4.5      -             78 d1ueba3b.40.4.5.aln  -             98   9.7e-05   17.9   0.0   1   1   4.4e-06   0.00011   17.8   0.0    12    87     3    71     1    76 0.92 -
d1ne3a_b.40.4.5      -             68 d1ueba3b.40.4.5.aln  -             98   0.00012   17.6   0.0   1   1   5.7e-06   0.00014   17.4   0.0    13    66     7    53     2    64 0.92 -
d2ix0a1b.40.4.5      -             90 d1ueba3b.40.4.5.aln  -             98   0.00027   16.5   0.0   1   1   1.2e-05   0.00029   16.4   0.0     7    93     3    88     1    90 0.95 -
d2vnud1b.40.4.5      -             95 d1ueba3b.40.4.5.aln  -             98   0.00085   14.9   0.0   1   1   3.7e-05   0.00092   14.8   0.0     2    91     1    94     1    95 0.93 -
d1x6oa2b.40.4.5      -             79 d1ueba3b.40.4.5.aln  -             98    0.0011   14.6   0.0   1   1   4.4e-05    0.0011   14.6   0.0    24    79    19    71     1    79 0.80 -
d1u0la1b.40.4.5      -             66 d1ueba3b.40.4.5.aln  -             98    0.0014   14.2   0.2   1   1   5.7e-05    0.0014   14.2   0.2    16    73     5    54     2    66 0.88 -
d2asba1b.40.4.5      -             76 d1ueba3b.40.4.5.aln  -             98    0.0015   14.1   0.1   1   1   7.1e-05    0.0017   13.9   0.1    13    85     4    75     2    76 0.87 -
d1bkba2b.40.4.5      -             65 d1ueba3b.40.4.5.aln  -             98    0.0017   14.0   0.1   1   1   6.9e-05    0.0017   13.9   0.1    12    80     3    63     1    65 0.88 -
#
# Program:         hmmsearch
# Version:         3.1b2 (February 2015)
# Pipeline mode:   SEARCH
# Query file:      hmmModels30/d1ueba3b.40.4.5.hmm
# Target file:     scop/scopTestSeq.fasta
# Option settings: hmmsearch --domtblout hmmModels30/d1ueba3b.40.4.5.out -E 1 hmmModels30/d1ueba3b.40.4.5.hmm scop/scopTestSeq.fasta 
# Current dir:     /home/anastasia/SBAS/TME8
# Date:            Sat Apr  8 15:33:50 2023
# [ok]
