#                                                                            --- full sequence --- -------------- this domain -------------   hmm coord   ali coord   env coord
# target name        accession   tlen query name           accession   qlen   E-value  score  bias   #  of  c-Evalue  i-Evalue  score  bias  from    to  from    to  from    to  acc description of target
#------------------- ---------- ----- -------------------- ---------- ----- --------- ------ ----- --- --- --------- --------- ------ ----- ----- ----- ----- ----- ----- ----- ---- ---------------------
d1p0ha_d.108.1.1     -            308 d1ufha_d.108.1.1.aln -            186   2.4e-79  261.0   0.1   1   3   2.1e-77   3.9e-76  250.5   0.0     1   186     1   204     1   204 1.00 -
d1p0ha_d.108.1.1     -            308 d1ufha_d.108.1.1.aln -            186   2.4e-79  261.0   0.1   2   3      0.32       5.9    2.1   0.0    88   112   226   250   213   253 0.83 -
d1p0ha_d.108.1.1     -            308 d1ufha_d.108.1.1.aln -            186   2.4e-79  261.0   0.1   3   3     0.043      0.79    5.0   0.0   126   154   276   301   265   306 0.79 -
d2p0wa_d.108.1.1     -            319 d1ufha_d.108.1.1.aln -            186   1.8e-69  228.8   0.2   1   1   1.3e-70   2.4e-69  228.3   0.2     1   186    53   247    53   247 0.99 -
d1boba_d.108.1.1     -            315 d1ufha_d.108.1.1.aln -            186   3.9e-59  195.1   0.1   1   1   2.9e-60   5.3e-59  194.6   0.1     1   186    43   243    43   243 0.99 -
d2pq8a_d.108.1.1     -            271 d1ufha_d.108.1.1.aln -            186   2.3e-50  166.5   0.0   1   1   1.5e-51   2.7e-50  166.2   0.0     2   186    45   236    44   236 0.99 -
d1tiqa_d.108.1.1     -            173 d1ufha_d.108.1.1.aln -            186   1.8e-28   95.1   0.0   1   1   1.1e-29     2e-28   94.9   0.0     6   174     4   170     1   173 0.98 -
d1u6ma_d.108.1.1     -            189 d1ufha_d.108.1.1.aln -            186   4.2e-28   93.9   0.1   1   1   2.7e-29     5e-28   93.6   0.1     5   169    24   187    21   189 0.98 -
d2gana1d.108.1.1     -            182 d1ufha_d.108.1.1.aln -            186   7.7e-26   86.5   0.2   1   1   4.9e-27     9e-26   86.3   0.2     8   168    22   180    18   182 0.95 -
d1yk3a1d.108.1.1     -            198 d1ufha_d.108.1.1.aln -            186   1.8e-23   78.8   0.0   1   1   1.2e-24   2.2e-23   78.5   0.0    10   170    35   196    27   198 0.95 -
d1m4ia_d.108.1.1     -            181 d1ufha_d.108.1.1.aln -            186   1.4e-21   72.6   0.1   1   1   8.5e-23   1.6e-21   72.5   0.1     6   184     2   181     1   181 0.98 -
d1z4ea1d.108.1.1     -            150 d1ufha_d.108.1.1.aln -            186   2.5e-21   71.8   0.1   1   1   1.6e-22   2.8e-21   71.6   0.1    19   156    14   145     5   150 0.95 -
d1i12a_d.108.1.1     -            157 d1ufha_d.108.1.1.aln -            186   6.7e-21   70.4   0.0   1   1   4.4e-22   8.1e-21   70.1   0.0    10   156    10   152     2   156 0.94 -
d2cy2a1d.108.1.1     -            174 d1ufha_d.108.1.1.aln -            186   6.1e-19   64.0   1.3   1   1   3.7e-20   6.9e-19   63.8   1.3    16   172    14   167     7   174 0.95 -
d1mk4a_d.108.1.1     -            157 d1ufha_d.108.1.1.aln -            186     1e-18   63.3   0.0   1   1   6.3e-20   1.2e-18   63.1   0.0    17   171     5   146     1   154 0.93 -
d1qsma_d.108.1.1     -            150 d1ufha_d.108.1.1.aln -            186   1.2e-18   63.1   0.1   1   1   6.5e-20   1.2e-18   63.1   0.1    18   157     8   145     1   150 0.94 -
d1vkca_d.108.1.1     -            149 d1ufha_d.108.1.1.aln -            186   1.4e-18   62.9   0.9   1   1   9.1e-20   1.7e-18   62.6   0.9    19   153    14   141     4   146 0.92 -
d1y9ka1d.108.1.1     -            152 d1ufha_d.108.1.1.aln -            186   2.7e-18   61.9   0.0   1   1   1.8e-19   3.3e-18   61.6   0.0    71   173    39   139    23   148 0.89 -
d2euia1d.108.1.1     -            153 d1ufha_d.108.1.1.aln -            186   5.3e-18   60.9   0.1   1   1   3.3e-19   6.1e-18   60.8   0.1    13   163     2   148     1   151 0.86 -
d2ae6a1d.108.1.1     -            161 d1ufha_d.108.1.1.aln -            186   3.2e-17   58.4   0.0   1   1   1.9e-18   3.4e-17   58.3   0.0    13   174     4   159     1   161 0.97 -
d1cjwa_d.108.1.1     -            166 d1ufha_d.108.1.1.aln -            186   7.5e-17   57.2   0.0   1   1   4.5e-18   8.2e-17   57.1   0.0    32   171    29   165     4   166 0.89 -
d1y9wa1d.108.1.1     -            140 d1ufha_d.108.1.1.aln -            186     1e-16   56.8   0.1   1   1   5.6e-18     1e-16   56.8   0.1    88   171    59   139     4   140 0.88 -
d2fl4a1d.108.1.1     -            146 d1ufha_d.108.1.1.aln -            186     1e-16   56.8   0.2   1   1   6.4e-18   1.2e-16   56.6   0.2    16   157     4   134     1   143 0.87 -
d1n71a_d.108.1.1     -            180 d1ufha_d.108.1.1.aln -            186   2.2e-16   55.7   0.0   1   1   1.3e-17   2.4e-16   55.6   0.0     5   173     2   175     1   180 0.96 -
d2g3aa1d.108.1.1     -            137 d1ufha_d.108.1.1.aln -            186   3.1e-16   55.2   0.0   1   1   1.8e-17   3.3e-16   55.1   0.0    94   172    62   137    29   137 0.95 -
d1bo4a_d.108.1.1     -            137 d1ufha_d.108.1.1.aln -            186   4.8e-16   54.6   0.0   1   1   2.9e-17   5.3e-16   54.4   0.0     8   149     2   137     1   137 0.94 -
d1wwza1d.108.1.1     -            157 d1ufha_d.108.1.1.aln -            186   9.7e-16   53.6   0.3   1   1   5.5e-17     1e-15   53.5   0.3    20   163    15   154     1   157 0.87 -
d2b5ga_d.108.1.1     -            168 d1ufha_d.108.1.1.aln -            186   1.7e-15   52.8   0.0   1   1   1.1e-16     2e-15   52.6   0.0    25   166    20   160     4   166 0.85 -
d1z4ra1d.108.1.1     -            162 d1ufha_d.108.1.1.aln -            186   2.7e-15   52.1   0.0   1   1   1.7e-16   3.1e-15   51.9   0.0    23   177    17   158     2   161 0.90 -
d2fiaa1d.108.1.1     -            157 d1ufha_d.108.1.1.aln -            186   2.9e-15   52.0   0.3   1   1   1.7e-16   3.1e-15   51.9   0.3    14   174     9   156     1   157 0.93 -
d1ghea_d.108.1.1     -            170 d1ufha_d.108.1.1.aln -            186   7.8e-15   50.6   0.0   1   1   4.6e-16   8.4e-15   50.5   0.0    14   163     9   156     1   169 0.91 -
d2jdca1d.108.1.1     -            145 d1ufha_d.108.1.1.aln -            186   2.6e-14   48.9   0.1   1   1   1.6e-15   2.9e-14   48.8   0.1    17   165     7   137     2   145 0.88 -
d2atra1d.108.1.1     -            137 d1ufha_d.108.1.1.aln -            186   1.4e-13   46.6   0.0   1   1   9.3e-15   1.7e-13   46.3   0.0    15   165     3   135     1   137 0.88 -
d2fcka1d.108.1.1     -            178 d1ufha_d.108.1.1.aln -            186   5.9e-13   44.5   0.1   1   1   3.7e-14   6.7e-13   44.3   0.1    13   162    15   164     4   177 0.91 -
d1xeba_d.108.1.1     -            149 d1ufha_d.108.1.1.aln -            186     8e-13   44.1   0.2   1   1   5.5e-14     1e-12   43.7   0.2    15   165     5   144     2   147 0.90 -
d1q2ya_d.108.1.1     -            140 d1ufha_d.108.1.1.aln -            186   1.1e-11   40.4   0.1   1   1   6.3e-13   1.2e-11   40.3   0.1    38   169    22   138     2   140 0.81 -
d2fiwa1d.108.1.1     -            156 d1ufha_d.108.1.1.aln -            186   1.1e-10   37.0   0.0   1   1     7e-12   1.3e-10   36.9   0.0    11   155     3   137     1   153 0.88 -
d1yx0a1d.108.1.1     -            151 d1ufha_d.108.1.1.aln -            186   1.4e-10   36.7   0.0   1   1   8.5e-12   1.6e-10   36.6   0.0    85   169    63   148    26   151 0.84 -
d1y7ra1d.108.1.1     -            133 d1ufha_d.108.1.1.aln -            186   1.6e-10   36.6   0.0   1   1     1e-11   1.9e-10   36.3   0.0    89   156    60   125    52   133 0.89 -
d1ufha_d.108.1.1     -            155 d1ufha_d.108.1.1.aln -            186   4.7e-10   35.0   0.1   1   1   3.7e-11   6.7e-10   34.5   0.1    90   155    85   149    57   152 0.88 -
d2aj6a1d.108.1.1     -            118 d1ufha_d.108.1.1.aln -            186     2e-09   33.0   0.0   1   1   1.3e-10   2.3e-09   32.8   0.0    14   129     7   115     1   117 0.93 -
d1nsla_d.108.1.1     -            180 d1ufha_d.108.1.1.aln -            186   3.4e-09   32.2   0.0   1   1   2.1e-10   3.8e-09   32.1   0.0     6   161     7   162     2   178 0.93 -
d1r57a_d.108.1.1     -            102 d1ufha_d.108.1.1.aln -            186   1.6e-08   30.1   0.0   1   1   9.6e-10   1.8e-08   29.9   0.0    84   137    27    80     7    92 0.92 -
d1xmta_d.108.1.1     -             95 d1ufha_d.108.1.1.aln -            186   1.1e-06   24.0   0.0   1   1   7.1e-08   1.3e-06   23.8   0.0    79   137    19    77     5    83 0.91 -
d2fsra1d.108.1.1     -            164 d1ufha_d.108.1.1.aln -            186   0.00042   15.6   0.0   1   1     3e-05   0.00055   15.2   0.0    51   151    45   145    34   162 0.87 -
#
# Program:         hmmsearch
# Version:         3.1b2 (February 2015)
# Pipeline mode:   SEARCH
# Query file:      hmmModels30/d1ufha_d.108.1.1.hmm
# Target file:     scop/scopTestSeq.fasta
# Option settings: hmmsearch --domtblout hmmModels30/d1ufha_d.108.1.1.out -E 1 hmmModels30/d1ufha_d.108.1.1.hmm scop/scopTestSeq.fasta 
# Current dir:     /home/anastasia/SBAS/TME8
# Date:            Sat Apr  8 15:33:50 2023
# [ok]
