#                                                                            --- full sequence --- -------------- this domain -------------   hmm coord   ali coord   env coord
# target name        accession   tlen query name           accession   qlen   E-value  score  bias   #  of  c-Evalue  i-Evalue  score  bias  from    to  from    to  from    to  acc description of target
#------------------- ---------- ----- -------------------- ---------- ----- --------- ------ ----- --- --- --------- --------- ------ ----- ----- ----- ----- ----- ----- ----- ---- ---------------------
d1bf2a1b.1.18.2      -            162 d1ulva2b.1.18.2.aln  -            113   2.8e-58  190.5  10.0   1   1   9.2e-60     4e-58  190.0  10.0     1   113    37   149    37   149 0.99 -
d1j0ha1b.1.18.2      -            123 d1ulva2b.1.18.2.aln  -            113   5.3e-26   86.5   0.0   1   1   1.3e-27   5.9e-26   86.4   0.0     1   112     1   112     1   113 0.98 -
d2fhfa2b.1.18.2      -            125 d1ulva2b.1.18.2.aln  -            113   1.5e-24   81.8   0.1   1   1   3.9e-26   1.7e-24   81.7   0.1     1   113     3   115     3   115 0.98 -
d1ji1a1b.1.18.2      -            122 d1ulva2b.1.18.2.aln  -            113   1.6e-24   81.8   4.7   1   1     4e-26   1.7e-24   81.6   4.7     2   112     7   117     6   118 0.98 -
d2fhfa1b.1.18.2      -            115 d1ulva2b.1.18.2.aln  -            113   7.4e-21   69.9   4.1   1   1   1.8e-22   7.8e-21   69.9   4.1     2   110     2   110     1   113 0.96 -
d1m7xa1b.1.18.2      -            110 d1ulva2b.1.18.2.aln  -            113   3.6e-20   67.7   0.0   1   1   8.6e-22   3.8e-20   67.7   0.0     2   102     5   104     4   110 0.96 -
d1txka1b.1.18.2      -            115 d1ulva2b.1.18.2.aln  -            113   2.9e-19   64.8   1.2   1   1   7.3e-21   3.2e-19   64.7   1.2     3   111     2   110     1   112 0.98 -
d1ut9a2b.1.18.2      -             98 d1ulva2b.1.18.2.aln  -            113   1.2e-18   62.8   0.1   1   1     3e-20   1.3e-18   62.7   0.1    12   111     2    97     1    98 0.97 -
d1w8oa1b.1.18.2      -            103 d1ulva2b.1.18.2.aln  -            113   8.1e-17   56.9   1.2   1   1     2e-18   8.6e-17   56.8   1.2     6   108     2    99     1   103 0.96 -
d1qbaa1b.1.18.2      -            105 d1ulva2b.1.18.2.aln  -            113   2.4e-14   49.0   0.0   1   1   5.8e-16   2.6e-14   48.9   0.0     9   109     3   103     1   105 0.96 -
d1clca2b.1.18.2      -            100 d1ulva2b.1.18.2.aln  -            113   1.7e-13   46.2   0.1   1   1   4.2e-15   1.9e-13   46.1   0.1     2   105     5    99     4   100 0.97 -
d1edqa1b.1.18.2      -            109 d1ulva2b.1.18.2.aln  -            113   5.2e-12   41.4   4.4   1   1   1.3e-13   5.5e-12   41.4   4.4     6   111     2   107     1   109 0.96 -
d1k3ia1b.1.18.2      -            102 d1ulva2b.1.18.2.aln  -            113   6.8e-12   41.1   1.2   1   1   1.7e-13   7.2e-12   41.0   1.2    10   107     4   101     1   102 0.97 -
d1h3ga1b.1.18.2      -             93 d1ulva2b.1.18.2.aln  -            113   5.3e-11   38.2   0.0   1   1   1.3e-12   5.5e-11   38.1   0.0     9   100     1    86     1    93 0.95 -
d2bvya1b.1.18.2      -             94 d1ulva2b.1.18.2.aln  -            113   2.9e-10   35.8   8.2   1   1   7.1e-12   3.1e-10   35.7   8.2     8   106     2    94     1    94 0.94 -
d2bhua1b.1.18.2      -             97 d1ulva2b.1.18.2.aln  -            113   9.5e-10   34.2   0.0   1   1   2.3e-11     1e-09   34.1   0.0    10   107     2    95     1    97 0.97 -
d3bmva1b.1.18.2      -             83 d1ulva2b.1.18.2.aln  -            113   6.3e-07   25.1   1.7   1   1   1.5e-08   6.7e-07   25.0   1.7    20   105     2    82     1    83 0.96 -
d1f1sa2b.1.18.2      -             78 d1ulva2b.1.18.2.aln  -            113   5.6e-05   18.8   0.5   1   1   1.4e-06   5.9e-05   18.7   0.5    20   103     2    78     1    78 0.93 -
#
# Program:         hmmsearch
# Version:         3.1b2 (February 2015)
# Pipeline mode:   SEARCH
# Query file:      hmmModels30/d1ulva2b.1.18.2.hmm
# Target file:     scop/scopTestSeq.fasta
# Option settings: hmmsearch --domtblout hmmModels30/d1ulva2b.1.18.2.out -E 1 hmmModels30/d1ulva2b.1.18.2.hmm scop/scopTestSeq.fasta 
# Current dir:     /home/anastasia/SBAS/TME8
# Date:            Sat Apr  8 15:33:50 2023
# [ok]
