#                                                                            --- full sequence --- -------------- this domain -------------   hmm coord   ali coord   env coord
# target name        accession   tlen query name           accession   qlen   E-value  score  bias   #  of  c-Evalue  i-Evalue  score  bias  from    to  from    to  from    to  acc description of target
#------------------- ---------- ----- -------------------- ---------- ----- --------- ------ ----- --- --- --------- --------- ------ ----- ----- ----- ----- ----- ----- ----- ---- ---------------------
d2fhfa5c.1.8.1       -            563 d1uoka2c.1.8.1.aln   -            446  4.3e-157  519.3   4.1   1   1  1.2e-158  4.8e-157  519.1   4.1     3   446     1   560     1   560 1.00 -
d1gjwa2c.1.8.1       -            572 d1uoka2c.1.8.1.aln   -            446  2.5e-155  513.5   0.0   1   1  7.2e-157  2.8e-155  513.3   0.0     1   446    61   569    61   569 1.00 -
d1wdpa_c.1.8.1       -            493 d1uoka2c.1.8.1.aln   -            446  9.9e-152  501.6   0.4   1   1  2.8e-153  1.1e-151  501.4   0.4     1   446     1   444     1   444 1.00 -
d1g5aa2c.1.8.1       -            554 d1uoka2c.1.8.1.aln   -            446  7.6e-130  429.4   6.9   1   1  3.5e-131  1.4e-129  428.6   6.9     1   446    17   551    17   551 1.00 -
d1bf2a3c.1.8.1       -            475 d1uoka2c.1.8.1.aln   -            446  3.3e-111  368.0  17.7   1   1  9.3e-113  3.7e-111  367.9  17.7     8   444     1   474     1   475 0.99 -
d1x1na1c.1.8.1       -            523 d1uoka2c.1.8.1.aln   -            446  1.4e-105  349.5   0.1   1   1  3.9e-107  1.6e-105  349.3   0.1     3   445    32   522    30   523 0.99 -
d1wzaa2c.1.8.1       -            409 d1uoka2c.1.8.1.aln   -            446  3.4e-102  338.3  13.4   1   1  9.7e-104  3.8e-102  338.1  13.4    22   446     3   407     1   407 0.97 -
d1h3ga3c.1.8.1       -            422 d1uoka2c.1.8.1.aln   -            446   2.7e-89  295.8  11.7   1   1   7.6e-91     3e-89  295.6  11.7     2   442     4   421     3   422 0.99 -
d1ji1a3c.1.8.1       -            432 d1uoka2c.1.8.1.aln   -            446   9.2e-83  274.3  26.4   1   1   2.7e-84   1.1e-82  274.1  26.4     2   442     3   431     2   432 0.97 -
d3bmva4c.1.8.1       -            406 d1uoka2c.1.8.1.aln   -            446   1.3e-79  263.8  15.5   1   1   3.8e-81   1.5e-79  263.7  15.5     3   441     7   405     5   406 0.98 -
d1vema2c.1.8.1       -            417 d1uoka2c.1.8.1.aln   -            446   1.6e-77  257.0   7.6   1   1   4.8e-79   1.9e-77  256.8   7.6     3   436     4   413     2   416 0.99 -
d2bhua3c.1.8.1       -            420 d1uoka2c.1.8.1.aln   -            446   2.7e-75  249.6   3.7   1   1   7.7e-77     3e-75  249.5   3.7    19   445     2   416     1   417 0.99 -
d1m7xa3c.1.8.1       -            396 d1uoka2c.1.8.1.aln   -            446     1e-70  234.6  17.0   1   1   2.8e-72   1.1e-70  234.4  17.0    12   440     2   394     1   396 0.98 -
d2guya2c.1.8.1       -            381 d1uoka2c.1.8.1.aln   -            446   1.1e-69  231.2   9.2   1   1   3.2e-71   1.3e-69  231.0   9.2    10   436     2   377     1   381 0.97 -
d1e43a2c.1.8.1       -            393 d1uoka2c.1.8.1.aln   -            446   4.9e-65  215.8  17.7   1   1   1.4e-66   5.4e-65  215.7  17.7    35   443     2   390     1   393 0.98 -
d1r7aa2c.1.8.1       -            434 d1uoka2c.1.8.1.aln   -            446   1.9e-64  213.9   0.5   1   1   5.5e-66   2.2e-64  213.7   0.5     2   443    10   433     9   434 0.99 -
d1ht6a2c.1.8.1       -            347 d1uoka2c.1.8.1.aln   -            446   1.6e-58  194.4   7.2   1   1   6.3e-60   2.5e-58  193.7   7.2    27   374     1   324     1   346 0.98 -
d1kwga2c.1.8.1       -            393 d1uoka2c.1.8.1.aln   -            446   3.2e-54  180.2   0.0   1   1     9e-56   3.5e-54  180.0   0.0    15   441     1   391     1   393 0.98 -
d1ua7a2c.1.8.1       -            344 d1uoka2c.1.8.1.aln   -            446     2e-43  144.6  15.5   1   1   9.1e-45   3.6e-43  143.8  15.5    21   440     3   342     1   344 0.96 -
d1uoka2c.1.8.1       -            479 d1uoka2c.1.8.1.aln   -            446   2.5e-16   55.3   6.4   1   1   1.5e-17   5.9e-16   54.1   6.4    18   161     3   130     1   204 0.74 -
#
# Program:         hmmsearch
# Version:         3.1b2 (February 2015)
# Pipeline mode:   SEARCH
# Query file:      hmmModels30/d1uoka2c.1.8.1.hmm
# Target file:     scop/scopTestSeq.fasta
# Option settings: hmmsearch --domtblout hmmModels30/d1uoka2c.1.8.1.out -E 1 hmmModels30/d1uoka2c.1.8.1.hmm scop/scopTestSeq.fasta 
# Current dir:     /home/anastasia/SBAS/TME8
# Date:            Sat Apr  8 15:33:50 2023
# [ok]
