#                                                                            --- full sequence --- -------------- this domain -------------   hmm coord   ali coord   env coord
# target name        accession   tlen query name           accession   qlen   E-value  score  bias   #  of  c-Evalue  i-Evalue  score  bias  from    to  from    to  from    to  acc description of target
#------------------- ---------- ----- -------------------- ---------- ----- --------- ------ ----- --- --- --------- --------- ------ ----- ----- ----- ----- ----- ----- ----- ---- ---------------------
d1atia2d.104.1.1     -            394 d1usya_d.104.1.1.aln -            313  9.6e-129  424.6   7.1   1   1  1.9e-130  1.1e-128  424.4   7.1     1   313    37   378    37   378 0.99 -
d1b8aa2d.104.1.1     -            335 d1usya_d.104.1.1.aln -            313   1.3e-86  286.2   5.8   1   1   2.6e-88   1.5e-86  286.0   5.8     1   302    17   335    17   335 0.99 -
d1wu7a2d.104.1.1     -            327 d1usya_d.104.1.1.aln -            313   1.6e-77  256.4   0.1   1   1   3.1e-79   1.8e-77  256.2   0.1     1   313     1   310     1   310 0.99 -
d1h4vb2d.104.1.1     -            324 d1usya_d.104.1.1.aln -            313     6e-76  251.2   6.9   1   1   1.2e-77   6.8e-76  251.0   6.9     4   313     2   306     1   306 0.99 -
d12asa_d.104.1.1     -            327 d1usya_d.104.1.1.aln -            313   2.3e-72  239.4   0.1   1   1   4.5e-74   2.5e-72  239.3   0.1     2   312     4   313     3   314 0.99 -
d1qf6a4d.104.1.1     -            291 d1usya_d.104.1.1.aln -            313   1.3e-71  236.9   0.1   1   1   2.6e-73   1.5e-71  236.7   0.1     2   295    11   290    10   291 0.99 -
d1z7ma1d.104.1.1     -            318 d1usya_d.104.1.1.aln -            313   5.9e-70  231.5   0.0   1   1   1.2e-71   6.6e-70  231.3   0.0     4   313     1   304     1   304 0.99 -
d1g5ha2d.104.1.1     -            290 d1usya_d.104.1.1.aln -            313   4.2e-68  225.4   0.0   1   1   8.3e-70   4.7e-68  225.2   0.0     4   312     2   289     1   290 0.99 -
d1seta2d.104.1.1     -            311 d1usya_d.104.1.1.aln -            313   5.2e-66  218.5   2.0   1   1     1e-67   5.7e-66  218.4   2.0     2   311     8   311     7   311 0.99 -
d1nnha_d.104.1.1     -            293 d1usya_d.104.1.1.aln -            313   1.4e-64  213.8   1.4   1   1   2.8e-66   1.6e-64  213.7   1.4     6   302     2   292     1   293 0.99 -
d1j5wa_d.104.1.1     -            281 d1usya_d.104.1.1.aln -            313   6.4e-58  192.0   1.3   1   1   1.3e-59   7.1e-58  191.8   1.3     4   298     1   280     1   281 0.99 -
d1hc7a2d.104.1.1     -            272 d1usya_d.104.1.1.aln -            313   1.7e-56  187.3   4.0   1   1   3.3e-58   1.8e-56  187.2   4.0     6   291     3   271     1   272 0.99 -
d1yfsa2d.104.1.1     -            236 d1usya_d.104.1.1.aln -            313   1.6e-48  161.1   0.6   1   1   1.3e-49   7.6e-48  158.9   0.6    21   288     4   236     1   236 0.97 -
d1jjcb5d.104.1.1     -            207 d1usya_d.104.1.1.aln -            313   1.5e-39  131.6   2.4   1   1   2.9e-41   1.6e-39  131.5   2.4     6   213     2   204     1   207 0.98 -
#
# Program:         hmmsearch
# Version:         3.1b2 (February 2015)
# Pipeline mode:   SEARCH
# Query file:      hmmModels30/d1usya_d.104.1.1.hmm
# Target file:     scop/scopTestSeq.fasta
# Option settings: hmmsearch --domtblout hmmModels30/d1usya_d.104.1.1.out -E 1 hmmModels30/d1usya_d.104.1.1.hmm scop/scopTestSeq.fasta 
# Current dir:     /home/anastasia/SBAS/TME8
# Date:            Sat Apr  8 15:33:50 2023
# [ok]
