#                                                                            --- full sequence --- -------------- this domain -------------   hmm coord   ali coord   env coord
# target name        accession   tlen query name           accession   qlen   E-value  score  bias   #  of  c-Evalue  i-Evalue  score  bias  from    to  from    to  from    to  acc description of target
#------------------- ---------- ----- -------------------- ---------- ----- --------- ------ ----- --- --- --------- --------- ------ ----- ----- ----- ----- ----- ----- ----- ---- ---------------------
d1ur4a_c.1.8.3       -            387 d1uuqa_c.1.8.3.aln   -            337  2.4e-115  380.8  11.9   1   1  7.6e-117  2.7e-115  380.6  11.9     5   337     1   382     1   382 0.99 -
d1rh9a1c.1.8.3       -            370 d1uuqa_c.1.8.3.aln   -            337     7e-83  274.0  10.6   1   1   2.2e-84   7.8e-83  273.9  10.6     1   334     5   361     5   364 0.99 -
d3n9ka_c.1.8.3       -            394 d1uuqa_c.1.8.3.aln   -            337   1.1e-81  270.1  22.1   1   1   3.6e-83   1.3e-81  269.9  22.1     2   336    15   394    14   394 0.99 -
d1edga_c.1.8.3       -            380 d1uuqa_c.1.8.3.aln   -            337   1.5e-79  263.1  18.7   1   1   4.6e-81   1.7e-79  262.9  18.7     1   336    11   379    11   380 0.99 -
d1qnra_c.1.8.3       -            344 d1uuqa_c.1.8.3.aln   -            337   9.9e-69  227.5  24.6   1   1   3.1e-70   1.1e-68  227.4  24.6     1   335     6   343     6   344 0.99 -
d1hjua_c.1.8.3       -            332 d1uuqa_c.1.8.3.aln   -            337   5.6e-68  225.1  16.3   1   1   1.7e-69   6.2e-68  224.9  16.3    18   335     3   331     1   332 0.99 -
d1qw9a2c.1.8.3       -            367 d1uuqa_c.1.8.3.aln   -            337   1.6e-67  223.5   1.6   1   1   5.1e-69   1.8e-67  223.3   1.6     2   337     5   367     4   367 0.99 -
d1ecea_c.1.8.3       -            358 d1uuqa_c.1.8.3.aln   -            337   1.7e-67  223.4  18.3   1   1   5.4e-69   1.9e-67  223.3  18.3     1   336     5   355     5   356 0.99 -
d1odza_c.1.8.3       -            381 d1uuqa_c.1.8.3.aln   -            337   2.5e-65  216.3  11.4   1   1   7.9e-67   2.8e-65  216.2  11.4     2   337    11   376    10   376 0.99 -
d2nt0a2c.1.8.3       -            354 d1uuqa_c.1.8.3.aln   -            337   5.8e-62  205.3   0.1   1   1   1.8e-63   6.4e-62  205.1   0.1     9   335     3   351     1   353 0.98 -
d2je8a5c.1.8.3       -            348 d1uuqa_c.1.8.3.aln   -            337   5.1e-61  202.2   4.7   1   1   1.6e-62   5.6e-61  202.0   4.7     1   334     2   347     2   348 0.99 -
d1w91a2c.1.8.3       -            347 d1uuqa_c.1.8.3.aln   -            337   6.5e-61  201.8   0.1   1   1     2e-62   7.3e-61  201.7   0.1     2   337     2   343     1   343 0.99 -
d1ceoa_c.1.8.3       -            340 d1uuqa_c.1.8.3.aln   -            337   6.4e-57  188.7   1.1   1   1     2e-58   7.1e-57  188.5   1.1     1   336     1   339     1   340 0.99 -
d1vjza_c.1.8.3       -            325 d1uuqa_c.1.8.3.aln   -            337   1.9e-55  183.9   0.3   1   1   5.8e-57   2.1e-55  183.7   0.3     9   334     2   321     1   324 0.99 -
d2vzsa5c.1.8.3       -            339 d1uuqa_c.1.8.3.aln   -            337     7e-54  178.7   1.8   1   1   2.2e-55   7.7e-54  178.6   1.8     1   333     1   338     1   339 0.99 -
d1h1na_c.1.8.3       -            305 d1uuqa_c.1.8.3.aln   -            337     5e-49  162.7  14.8   1   1   1.5e-50   5.5e-49  162.6  14.8    15   331     2   304     1   305 0.98 -
d1bqca_c.1.8.3       -            302 d1uuqa_c.1.8.3.aln   -            337   3.9e-45  149.9   8.6   1   1   1.2e-46   4.3e-45  149.8   8.6    11   335     3   301     1   302 0.98 -
d7a3ha_c.1.8.3       -            300 d1uuqa_c.1.8.3.aln   -            337   7.4e-42  139.2  12.4   1   1   2.3e-43   8.1e-42  139.0  12.4    15   326     3   298     1   300 0.98 -
d1jz8a5c.1.8.3       -            292 d1uuqa_c.1.8.3.aln   -            337   1.1e-40  135.3   0.9   1   1   6.7e-42   2.4e-40  134.2   0.9    12   334     4   292     1   292 0.98 -
d1i1wa_c.1.8.3       -            303 d1uuqa_c.1.8.3.aln   -            337   5.1e-40  133.1   6.6   1   1   1.6e-41   5.6e-40  133.0   6.6    11   334     4   302     1   303 0.97 -
d2v3ga_c.1.8.3       -            273 d1uuqa_c.1.8.3.aln   -            337   1.2e-37  125.4  22.5   1   1   3.8e-39   1.4e-37  125.2  22.5    18   332     1   271     1   273 0.98 -
d1nofa2c.1.8.3       -            277 d1uuqa_c.1.8.3.aln   -            337   9.3e-37  122.4   4.1   1   1   2.9e-38     1e-36  122.2   4.1    15   335     3   276     1   277 0.99 -
#
# Program:         hmmsearch
# Version:         3.1b2 (February 2015)
# Pipeline mode:   SEARCH
# Query file:      hmmModels30/d1uuqa_c.1.8.3.hmm
# Target file:     scop/scopTestSeq.fasta
# Option settings: hmmsearch --domtblout hmmModels30/d1uuqa_c.1.8.3.out -E 1 hmmModels30/d1uuqa_c.1.8.3.hmm scop/scopTestSeq.fasta 
# Current dir:     /home/anastasia/SBAS/TME8
# Date:            Sat Apr  8 15:33:50 2023
# [ok]
