#                                                                            --- full sequence --- -------------- this domain -------------   hmm coord   ali coord   env coord
# target name        accession   tlen query name           accession   qlen   E-value  score  bias   #  of  c-Evalue  i-Evalue  score  bias  from    to  from    to  from    to  acc description of target
#------------------- ---------- ----- -------------------- ---------- ----- --------- ------ ----- --- --- --------- --------- ------ ----- ----- ----- ----- ----- ----- ----- ---- ---------------------
d2gv8a1c.3.1.5       -            336 d1v59a2c.3.1.5.aln   -            212  4.3e-100  329.3   0.0   1   1  1.3e-101  5.2e-100  329.0   0.0     1   212    43   287    43   287 0.99 -
d1w4xa1c.3.1.5       -            299 d1v59a2c.3.1.5.aln   -            212   8.6e-73  240.0   0.0   1   1   2.5e-74   9.9e-73  239.8   0.0     1   212     9   249     9   249 0.99 -
d1mo9a1c.3.1.5       -            262 d1v59a2c.3.1.5.aln   -            212   3.3e-52  172.8   0.0   1   1   9.5e-54   3.8e-52  172.6   0.0     2   211     7   245     6   246 0.98 -
d1w4xa2c.3.1.5       -            235 d1v59a2c.3.1.5.aln   -            212   1.7e-47  157.4   0.0   1   1   4.7e-49   1.9e-47  157.2   0.0     2   210     1   234     1   235 0.98 -
d1v59a1c.3.1.5       -            234 d1v59a2c.3.1.5.aln   -            212   2.1e-47  157.1   0.1   1   1   5.9e-49   2.3e-47  156.9   0.1     1   212     5   218     5   218 0.98 -
d1xdia1c.3.1.5       -            234 d1v59a2c.3.1.5.aln   -            212   5.2e-44  146.0   0.0   1   1   1.5e-45   5.8e-44  145.8   0.0     3   212     3   217     1   217 0.97 -
d1m6ia1c.3.1.5       -            214 d1v59a2c.3.1.5.aln   -            212   2.7e-39  130.6   0.0   1   1   7.4e-41   2.9e-39  130.5   0.0     2   212     4   214     3   214 0.97 -
d1nhpa1c.3.1.5       -            199 d1v59a2c.3.1.5.aln   -            212   2.3e-30  101.4   0.0   1   1   6.4e-32   2.5e-30  101.3   0.0     2   192     1   198     1   199 0.97 -
d1fl2a1c.3.1.5       -            185 d1v59a2c.3.1.5.aln   -            212     3e-28   94.5   0.2   1   1   8.3e-30   3.3e-28   94.4   0.2     2   185     2   183     1   185 0.96 -
d1vdca2c.3.1.5       -            130 d1v59a2c.3.1.5.aln   -            212   2.2e-19   65.5   0.0   1   1   6.1e-21   2.4e-19   65.4   0.0     5   150     3   129     1   130 0.95 -
d1aoga2c.3.1.5       -            117 d1v59a2c.3.1.5.aln   -            212   6.6e-19   64.0   0.0   1   1   1.8e-20   7.2e-19   63.8   0.0    19   151     2   117     1   117 0.98 -
d1nhpa2c.3.1.5       -            123 d1v59a2c.3.1.5.aln   -            212   3.9e-18   61.4   0.5   1   1   1.1e-19   4.2e-18   61.3   0.5    10   151     4   123     1   123 0.95 -
d1fl2a2c.3.1.5       -            126 d1v59a2c.3.1.5.aln   -            212   2.2e-17   59.0   0.0   1   1   5.8e-19   2.3e-17   58.9   0.0     6   153     4   126     1   126 0.94 -
d1h6va2c.3.1.5       -            122 d1v59a2c.3.1.5.aln   -            212   3.2e-16   55.2   0.0   1   1   9.3e-18   3.7e-16   55.0   0.0    22   152     5   122     2   122 0.97 -
d1m6ia2c.3.1.5       -            137 d1v59a2c.3.1.5.aln   -            212   1.1e-15   53.4   0.0   1   1   3.3e-17   1.3e-15   53.2   0.0     7   153     7   137     2   137 0.94 -
d1xhca2c.3.1.5       -            122 d1v59a2c.3.1.5.aln   -            212   3.1e-15   52.0   0.0   1   1   8.7e-17   3.4e-15   51.8   0.0    14   151     9   121     2   122 0.95 -
d1fcda2c.3.1.5       -            141 d1v59a2c.3.1.5.aln   -            212   1.2e-14   50.1   0.0   1   1   3.2e-16   1.2e-14   50.0   0.0     8   153     3   140     1   141 0.96 -
d1onfa2c.3.1.5       -            117 d1v59a2c.3.1.5.aln   -            212     4e-14   48.3   0.1   1   1   1.1e-15   4.3e-14   48.2   0.1    16   151     2   117     1   117 0.92 -
d1mo9a2c.3.1.5       -            121 d1v59a2c.3.1.5.aln   -            212   2.3e-13   45.8   0.1   1   1   6.4e-15   2.5e-13   45.7   0.1    17   152     3   121     1   121 0.94 -
d2gv8a2c.3.1.5       -            107 d1v59a2c.3.1.5.aln   -            212   9.2e-09   30.8   0.0   1   1   2.5e-10   9.7e-09   30.7   0.0     6   114     2    93     1   105 0.84 -
#
# Program:         hmmsearch
# Version:         3.1b2 (February 2015)
# Pipeline mode:   SEARCH
# Query file:      hmmModels30/d1v59a2c.3.1.5.hmm
# Target file:     scop/scopTestSeq.fasta
# Option settings: hmmsearch --domtblout hmmModels30/d1v59a2c.3.1.5.out -E 1 hmmModels30/d1v59a2c.3.1.5.hmm scop/scopTestSeq.fasta 
# Current dir:     /home/anastasia/SBAS/TME8
# Date:            Sat Apr  8 15:33:50 2023
# [ok]
