#                                                                            --- full sequence --- -------------- this domain -------------   hmm coord   ali coord   env coord
# target name        accession   tlen query name           accession   qlen   E-value  score  bias   #  of  c-Evalue  i-Evalue  score  bias  from    to  from    to  from    to  acc description of target
#------------------- ---------- ----- -------------------- ---------- ----- --------- ------ ----- --- --- --------- --------- ------ ----- ----- ----- ----- ----- ----- ----- ---- ---------------------
d2gv8a1c.3.1.5       -            336 d1v59a1c.3.1.5.aln   -            211     5e-99  325.2   0.0   1   1  1.8e-100   6.7e-99  324.8   0.0     1   211    30   288    30   288 1.00 -
d1w4xa1c.3.1.5       -            299 d1v59a1c.3.1.5.aln   -            211   4.4e-78  256.7   0.0   1   1   1.4e-79   5.1e-78  256.5   0.0     1   211     3   257     3   257 0.99 -
d1mo9a1c.3.1.5       -            262 d1v59a1c.3.1.5.aln   -            211   1.5e-59  196.2   0.0   1   1   4.4e-61   1.7e-59  196.1   0.0     2   211     2   245     1   245 0.99 -
d1w4xa2c.3.1.5       -            235 d1v59a1c.3.1.5.aln   -            211   4.2e-50  165.3   0.0   1   1   1.2e-51   4.7e-50  165.2   0.0     9   211     2   235     1   235 0.99 -
d1m6ia1c.3.1.5       -            214 d1v59a1c.3.1.5.aln   -            211   4.6e-48  158.7   0.0   1   1   1.4e-49   5.1e-48  158.5   0.0     3   211     2   213     1   213 0.99 -
d1xdia1c.3.1.5       -            234 d1v59a1c.3.1.5.aln   -            211   1.1e-45  150.9   0.0   1   1   3.2e-47   1.2e-45  150.8   0.0     3   211     3   216     1   216 0.98 -
d1nhpa1c.3.1.5       -            199 d1v59a1c.3.1.5.aln   -            211   1.6e-33  111.1   0.1   1   1   4.8e-35   1.8e-33  111.0   0.1     3   200     2   198     1   199 0.98 -
d1fl2a1c.3.1.5       -            185 d1v59a1c.3.1.5.aln   -            211   6.6e-26   86.3   0.1   1   1   1.9e-27   7.2e-26   86.1   0.1     2   193     3   184     2   185 0.97 -
d1aoga2c.3.1.5       -            117 d1v59a1c.3.1.5.aln   -            211   7.9e-21   69.7   0.0   1   1   2.3e-22   8.7e-21   69.6   0.0    11   148     1   116     1   117 0.98 -
d1fcda2c.3.1.5       -            141 d1v59a1c.3.1.5.aln   -            211   3.3e-19   64.4   0.0   1   1   9.5e-21   3.6e-19   64.3   0.0     2   151     3   140     2   141 0.96 -
d1m6ia2c.3.1.5       -            137 d1v59a1c.3.1.5.aln   -            211   6.6e-18   60.1   0.0   1   1   1.9e-19   7.2e-18   60.0   0.0     4   151    11   137     8   137 0.97 -
d1mo9a2c.3.1.5       -            121 d1v59a1c.3.1.5.aln   -            211   4.1e-16   54.3   0.1   1   1   1.2e-17   4.5e-16   54.1   0.1    10   152     2   121     1   121 0.96 -
d1h6va2c.3.1.5       -            122 d1v59a1c.3.1.5.aln   -            211   5.9e-16   53.8   0.0   1   1   1.7e-17   6.5e-16   53.6   0.0    12   150     2   122     1   122 0.97 -
d1vdca2c.3.1.5       -            130 d1v59a1c.3.1.5.aln   -            211   1.1e-15   52.9   0.0   1   1   3.1e-17   1.2e-15   52.8   0.0    11   150     3   129     1   130 0.94 -
d1v59a2c.3.1.5       -            122 d1v59a1c.3.1.5.aln   -            211     5e-15   50.7   0.2   1   1   1.4e-16   5.3e-15   50.6   0.2    12   149     5   121     1   122 0.96 -
d1fl2a2c.3.1.5       -            126 d1v59a1c.3.1.5.aln   -            211   9.5e-15   49.8   0.0   1   1   2.7e-16     1e-14   49.7   0.0    17   152     9   125     1   126 0.91 -
d1onfa2c.3.1.5       -            117 d1v59a1c.3.1.5.aln   -            211   1.5e-12   42.6   0.1   1   1   4.4e-14   1.7e-12   42.5   0.1     9   149     2   117     1   117 0.95 -
d1nhpa2c.3.1.5       -            123 d1v59a1c.3.1.5.aln   -            211   2.2e-12   42.1   0.5   1   1   7.2e-14   2.7e-12   41.8   0.5     6   149     6   123     2   123 0.93 -
d1xhca2c.3.1.5       -            122 d1v59a1c.3.1.5.aln   -            211   1.9e-11   39.0   0.0   1   1   5.4e-13     2e-11   38.9   0.0    13   149     3   121     1   122 0.97 -
d2gv8a2c.3.1.5       -            107 d1v59a1c.3.1.5.aln   -            211   4.3e-08   28.1   0.0   1   1   1.2e-09   4.4e-08   28.0   0.0    11   116     1    95     1   107 0.92 -
d2iida1c.3.1.2       -            371 d1v59a1c.3.1.5.aln   -            211    0.0055   11.4   0.1   1   2    0.0003     0.011   10.3   0.0    17    65    17    65    14    75 0.87 -
d2iida1c.3.1.2       -            371 d1v59a1c.3.1.5.aln   -            211    0.0055   11.4   0.1   2   2       5.9   2.2e+02   -3.7   0.0   170   194    94   118    92   118 0.84 -
#
# Program:         hmmsearch
# Version:         3.1b2 (February 2015)
# Pipeline mode:   SEARCH
# Query file:      hmmModels30/d1v59a1c.3.1.5.hmm
# Target file:     scop/scopTestSeq.fasta
# Option settings: hmmsearch --domtblout hmmModels30/d1v59a1c.3.1.5.out -E 1 hmmModels30/d1v59a1c.3.1.5.hmm scop/scopTestSeq.fasta 
# Current dir:     /home/anastasia/SBAS/TME8
# Date:            Sat Apr  8 15:33:50 2023
# [ok]
