#                                                                            --- full sequence --- -------------- this domain -------------   hmm coord   ali coord   env coord
# target name        accession   tlen query name           accession   qlen   E-value  score  bias   #  of  c-Evalue  i-Evalue  score  bias  from    to  from    to  from    to  acc description of target
#------------------- ---------- ----- -------------------- ---------- ----- --------- ------ ----- --- --- --------- --------- ------ ----- ----- ----- ----- ----- ----- ----- ---- ---------------------
d3fvsa_c.67.1.1      -            419 d1v72a1c.67.1.1.aln  -            390  1.1e-158  523.7   0.0   1   1  2.5e-160  1.2e-158  523.5   0.0     1   390     2   414     2   414 0.99 -
d1bw0a_c.67.1.1      -            412 d1v72a1c.67.1.1.aln  -            390    7e-148  488.1   0.0   1   1  1.6e-149  7.9e-148  488.0   0.0     1   389     3   411     3   412 0.99 -
d1gdea_c.67.1.1      -            388 d1v72a1c.67.1.1.aln  -            390  1.1e-143  474.3   0.0   1   1  2.6e-145  1.3e-143  474.1   0.0     1   389     2   383     2   384 0.99 -
d2hoxa_c.67.1.1      -            425 d1v72a1c.67.1.1.aln  -            390  5.5e-141  465.4   0.0   1   1  1.3e-142  6.2e-141  465.3   0.0     1   390     2   418     2   418 1.00 -
d2gb3a1c.67.1.1      -            389 d1v72a1c.67.1.1.aln  -            390    9e-135  445.0   0.0   1   1  2.1e-136    1e-134  444.8   0.0     1   389     1   383     1   384 0.99 -
d1lc5a_c.67.1.1      -            355 d1v72a1c.67.1.1.aln  -            390  1.5e-111  368.5   0.0   1   1  3.4e-113  1.7e-111  368.4   0.0     5   381     2   355     1   355 0.99 -
d1fg7a_c.67.1.1      -            354 d1v72a1c.67.1.1.aln  -            390  1.7e-107  355.2   0.0   1   1  3.8e-109  1.9e-107  355.0   0.0     2   381     1   354     1   354 0.99 -
d1svva_c.67.1.1      -            340 d1v72a1c.67.1.1.aln  -            390   7.1e-96  316.9   0.0   1   1   3.2e-97   1.6e-95  315.8   0.0     2   384     2   340     1   340 0.99 -
d1m6sa_c.67.1.1      -            343 d1v72a1c.67.1.1.aln  -            390   2.9e-94  311.6   0.0   1   1   1.5e-95   7.3e-94  310.3   0.0     4   384     4   342     1   343 0.96 -
d3ftba_c.67.1.0      -            334 d1v72a1c.67.1.1.aln  -            390   5.4e-34  113.2   0.0   1   1   1.3e-35   6.5e-34  112.9   0.0    30   377     3   327     1   331 0.90 -
d3piua_c.67.1.4      -            416 d1v72a1c.67.1.1.aln  -            390   1.9e-27   91.6   0.0   1   1   5.3e-29   2.6e-27   91.2   0.0    42   260    48   281    13   325 0.82 -
d1v72a1c.67.1.1      -            345 d1v72a1c.67.1.1.aln  -            390   8.1e-08   27.0   0.0   1   1   2.6e-09   1.3e-07   26.3   0.0    57   330    31   300     9   306 0.79 -
d2c81a_c.67.1.0      -            409 d1v72a1c.67.1.1.aln  -            390   3.9e-06   21.5   0.0   1   1   1.3e-07   6.4e-06   20.8   0.0    92   203    54   158    28   170 0.84 -
d1o69a_c.67.1.4      -            374 d1v72a1c.67.1.1.aln  -            390   0.00052   14.5   0.4   1   1   2.5e-05    0.0012   13.3   0.4    60   202     6   145     3   148 0.83 -
d2bwna1c.67.1.4      -            396 d1v72a1c.67.1.1.aln  -            390    0.0021   12.5   0.0   1   1   7.5e-05    0.0037   11.7   0.0   184   241   196   253   195   324 0.74 -
d2bhua3c.1.8.1       -            420 d1v72a1c.67.1.1.aln  -            390    0.0065   10.9   0.0   1   1   0.00019    0.0095   10.3   0.0   181   224    82   123    79   140 0.79 -
#
# Program:         hmmsearch
# Version:         3.1b2 (February 2015)
# Pipeline mode:   SEARCH
# Query file:      hmmModels30/d1v72a1c.67.1.1.hmm
# Target file:     scop/scopTestSeq.fasta
# Option settings: hmmsearch --domtblout hmmModels30/d1v72a1c.67.1.1.out -E 1 hmmModels30/d1v72a1c.67.1.1.hmm scop/scopTestSeq.fasta 
# Current dir:     /home/anastasia/SBAS/TME8
# Date:            Sat Apr  8 15:33:50 2023
# [ok]
