#                                                                            --- full sequence --- -------------- this domain -------------   hmm coord   ali coord   env coord
# target name        accession   tlen query name           accession   qlen   E-value  score  bias   #  of  c-Evalue  i-Evalue  score  bias  from    to  from    to  from    to  acc description of target
#------------------- ---------- ----- -------------------- ---------- ----- --------- ------ ----- --- --- --------- --------- ------ ----- ----- ----- ----- ----- ----- ----- ---- ---------------------
d1q33a_d.113.1.1     -            292 d1v8ya_d.113.1.1.aln -            196  5.8e-110  361.2   0.3   1   1  1.5e-111  7.3e-110  360.9   0.3     1   196    90   289    90   289 1.00 -
d1g0sa_d.113.1.1     -            209 d1v8ya_d.113.1.1.aln -            196   3.2e-62  205.4   0.6   1   1   7.2e-64   3.5e-62  205.3   0.6     1   196    14   209    14   209 0.99 -
d3o69a_d.113.1.1     -            190 d1v8ya_d.113.1.1.aln -            196   5.2e-48  159.0   0.0   1   1   1.2e-49   5.8e-48  158.9   0.0     1   191     2   190     2   190 0.99 -
d1vhza_d.113.1.1     -            186 d1v8ya_d.113.1.1.aln -            196   1.2e-42  141.5   0.0   1   1   2.7e-44   1.3e-42  141.4   0.0     3   192     3   185     1   186 0.98 -
d1nqza_d.113.1.1     -            187 d1v8ya_d.113.1.1.aln -            196     4e-41  136.6   0.0   1   1     9e-43   4.4e-41  136.4   0.0    16   195     1   179     1   180 0.99 -
d1jkna_d.113.1.1     -            165 d1v8ya_d.113.1.1.aln -            196   7.4e-34  112.9   0.0   1   1   1.6e-35     8e-34  112.7   0.0    43   194     4   158     1   160 0.97 -
d2b06a1d.113.1.1     -            155 d1v8ya_d.113.1.1.aln -            196   1.6e-30  102.0   0.0   1   1   3.5e-32   1.7e-30  101.8   0.0    43   191     2   153     1   155 0.98 -
d1k2ea_d.113.1.1     -            152 d1v8ya_d.113.1.1.aln -            196   9.1e-30   99.5   0.2   1   1     2e-31     1e-29   99.4   0.2    39   188     1   152     1   152 0.99 -
d3zr0a_d.113.1.1     -            154 d1v8ya_d.113.1.1.aln -            196   2.4e-28   94.9   0.0   1   1   5.2e-30   2.6e-28   94.8   0.0    35   184     2   152     1   154 0.98 -
d2b0va1d.113.1.1     -            146 d1v8ya_d.113.1.1.aln -            196   2.6e-28   94.7   0.0   1   1   5.8e-30   2.9e-28   94.6   0.0    51   191     2   145     1   146 0.98 -
d1sjya_d.113.1.1     -            158 d1v8ya_d.113.1.1.aln -            196   2.6e-28   94.7   0.0   1   1   5.8e-30   2.9e-28   94.6   0.0    37   191     2   156     1   158 0.98 -
d2azwa1d.113.1.1     -            147 d1v8ya_d.113.1.1.aln -            196   1.4e-27   92.4   0.1   1   1     3e-29   1.5e-27   92.3   0.1    39   183     1   146     1   147 0.98 -
d2fvva1d.113.1.1     -            135 d1v8ya_d.113.1.1.aln -            196   4.8e-25   84.1   0.3   1   1   1.1e-26   5.2e-25   84.0   0.3    42   182     2   134     1   135 0.97 -
d1ktga_d.113.1.1     -            137 d1v8ya_d.113.1.1.aln -            196     1e-23   79.7   0.1   1   1   2.2e-25   1.1e-23   79.6   0.1    53   181     5   135     1   137 0.92 -
d3a6sa_d.113.1.1     -            129 d1v8ya_d.113.1.1.aln -            196   5.7e-22   74.1   0.5   1   1   1.6e-23   7.8e-22   73.6   0.5    46   142     2    96     1   128 0.85 -
d1v8ya_d.113.1.1     -            158 d1v8ya_d.113.1.1.aln -            196   1.7e-11   39.9   0.5   1   1   4.1e-13     2e-11   39.6   0.5    79   165    52   133    18   141 0.83 -
#
# Program:         hmmsearch
# Version:         3.1b2 (February 2015)
# Pipeline mode:   SEARCH
# Query file:      hmmModels30/d1v8ya_d.113.1.1.hmm
# Target file:     scop/scopTestSeq.fasta
# Option settings: hmmsearch --domtblout hmmModels30/d1v8ya_d.113.1.1.out -E 1 hmmModels30/d1v8ya_d.113.1.1.hmm scop/scopTestSeq.fasta 
# Current dir:     /home/anastasia/SBAS/TME8
# Date:            Sat Apr  8 15:33:50 2023
# [ok]
