#                                                                            --- full sequence --- -------------- this domain -------------   hmm coord   ali coord   env coord
# target name        accession   tlen query name           accession   qlen   E-value  score  bias   #  of  c-Evalue  i-Evalue  score  bias  from    to  from    to  from    to  acc description of target
#------------------- ---------- ----- -------------------- ---------- ----- --------- ------ ----- --- --- --------- --------- ------ ----- ----- ----- ----- ----- ----- ----- ---- ---------------------
d1dqna_c.61.1.1      -            230 d1vdma1c.61.1.1.aln  -            212   3.3e-80  263.8   0.0   1   1   6.7e-82   3.8e-80  263.6   0.0     1   212     1   206     1   206 0.99 -
d1fsga_c.61.1.1      -            233 d1vdma1c.61.1.1.aln  -            212     3e-69  228.0   0.0   1   1     6e-71   3.4e-69  227.8   0.0     2   211    16   227    15   228 0.98 -
d1qb7a_c.61.1.1      -            236 d1vdma1c.61.1.1.aln  -            212   7.1e-64  210.4   0.0   1   1   1.4e-65   7.9e-64  210.3   0.0     2   211    15   225    14   226 0.99 -
d1ecfa1c.61.1.1      -            243 d1vdma1c.61.1.1.aln  -            212   8.9e-63  206.9   0.3   1   1   1.8e-64     1e-62  206.7   0.3     1   211    16   236    16   237 0.99 -
d1tc1a_c.61.1.1      -            184 d1vdma1c.61.1.1.aln  -            212   4.3e-54  178.5   0.1   1   1   8.3e-56   4.7e-54  178.3   0.1    28   209     1   183     1   184 0.99 -
d1p4aa2c.61.1.1      -            202 d1vdma1c.61.1.1.aln  -            212   1.5e-52  173.4   0.2   1   1     3e-54   1.7e-52  173.2   0.2     1   204     1   202     1   202 0.99 -
d1xtta1c.61.1.1      -            215 d1vdma1c.61.1.1.aln  -            212   1.1e-51  170.6   2.0   1   1   2.1e-53   1.2e-51  170.5   2.0     2   207     4   215     3   215 0.99 -
d1wd5a_c.61.1.1      -            208 d1vdma1c.61.1.1.aln  -            212     6e-50  164.9   0.1   1   1   1.2e-51   6.6e-50  164.8   0.1     2   211     3   207     2   208 0.99 -
d2aeea1c.61.1.1      -            208 d1vdma1c.61.1.1.aln  -            212   4.4e-49  162.1   0.0   1   1   8.8e-51   4.9e-49  161.9   0.0     6   211     1   202     1   203 0.99 -
d1y0ba1c.61.1.1      -            191 d1vdma1c.61.1.1.aln  -            212   1.7e-46  153.6   0.2   1   1   3.3e-48   1.9e-46  153.5   0.2     8   197     2   190     1   191 0.98 -
d1vcha1c.61.1.1      -            174 d1vdma1c.61.1.1.aln  -            212   4.1e-44  145.9   0.1   1   1     8e-46   4.5e-44  145.7   0.1     6   179     1   174     1   174 0.99 -
d1a3ca_c.61.1.1      -            178 d1vdma1c.61.1.1.aln  -            212   5.2e-44  145.5   2.2   1   1     1e-45   5.7e-44  145.4   2.2    32   209     2   178     1   178 0.99 -
d1nula_c.61.1.1      -            150 d1vdma1c.61.1.1.aln  -            212   2.6e-36  120.3   0.0   1   1   5.1e-38   2.9e-36  120.2   0.0    32   202     1   148     1   150 0.97 -
d1vdma1c.61.1.1      -            153 d1vdma1c.61.1.1.aln  -            212     2e-09   32.5   0.2   1   1   4.1e-11   2.3e-09   32.3   0.2    42   161    12   120     1   141 0.79 -
#
# Program:         hmmsearch
# Version:         3.1b2 (February 2015)
# Pipeline mode:   SEARCH
# Query file:      hmmModels30/d1vdma1c.61.1.1.hmm
# Target file:     scop/scopTestSeq.fasta
# Option settings: hmmsearch --domtblout hmmModels30/d1vdma1c.61.1.1.out -E 1 hmmModels30/d1vdma1c.61.1.1.hmm scop/scopTestSeq.fasta 
# Current dir:     /home/anastasia/SBAS/TME8
# Date:            Sat Apr  8 15:33:50 2023
# [ok]
