#                                                                            --- full sequence --- -------------- this domain -------------   hmm coord   ali coord   env coord
# target name        accession   tlen query name           accession   qlen   E-value  score  bias   #  of  c-Evalue  i-Evalue  score  bias  from    to  from    to  from    to  acc description of target
#------------------- ---------- ----- -------------------- ---------- ----- --------- ------ ----- --- --- --------- --------- ------ ----- ----- ----- ----- ----- ----- ----- ---- ---------------------
d2gv8a1c.3.1.5       -            336 d1vdca2c.3.1.5.aln   -            232  4.2e-108  355.6   0.0   1   1  1.3e-109  5.3e-108  355.3   0.0     1   232     3   278     3   278 1.00 -
d1w4xa1c.3.1.5       -            299 d1vdca2c.3.1.5.aln   -            232   1.2e-78  259.2   0.0   1   1   3.5e-80   1.4e-78  259.0   0.0     1   232     3   276     3   276 1.00 -
d1mo9a1c.3.1.5       -            262 d1vdca2c.3.1.5.aln   -            232   6.6e-68  224.1   0.0   1   1   1.9e-69   7.3e-68  224.0   0.0     1   231     1   262     1   262 0.99 -
d1v59a1c.3.1.5       -            234 d1vdca2c.3.1.5.aln   -            232   3.4e-58  192.3   0.2   1   1   9.6e-60   3.8e-58  192.2   0.2     1   231     1   234     1   234 0.99 -
d1w4xa2c.3.1.5       -            235 d1vdca2c.3.1.5.aln   -            232   2.1e-50  166.8   0.0   1   1     6e-52   2.4e-50  166.7   0.0     2   232     2   234     1   234 0.99 -
d1xdia1c.3.1.5       -            234 d1vdca2c.3.1.5.aln   -            232   4.8e-48  159.1   0.0   1   1   1.4e-49   5.3e-48  159.0   0.0     6   231     2   233     1   234 0.98 -
d1m6ia1c.3.1.5       -            214 d1vdca2c.3.1.5.aln   -            232   4.2e-42  139.7   0.0   1   1   1.2e-43   4.7e-42  139.5   0.0     3   231     2   214     1   214 0.99 -
d1nhpa1c.3.1.5       -            199 d1vdca2c.3.1.5.aln   -            232   8.4e-32  106.0   0.0   1   1     3e-33   1.2e-31  105.5   0.0     7   230     2   198     1   199 0.99 -
d1fl2a1c.3.1.5       -            185 d1vdca2c.3.1.5.aln   -            232     3e-28   94.3   0.3   1   1   8.8e-30   3.5e-28   94.1   0.3     6   219     2   185     1   185 0.98 -
d1h6va2c.3.1.5       -            122 d1vdca2c.3.1.5.aln   -            232   2.6e-21   71.7   0.0   1   1   7.1e-23   2.8e-21   71.5   0.0    11   147     2   122     1   122 0.96 -
d1fcda2c.3.1.5       -            141 d1vdca2c.3.1.5.aln   -            232   1.1e-19   66.3   0.0   1   1     3e-21   1.2e-19   66.2   0.0     2   147     2   139     1   141 0.97 -
d1aoga2c.3.1.5       -            117 d1vdca2c.3.1.5.aln   -            232   2.1e-19   65.4   0.0   1   1   5.9e-21   2.3e-19   65.3   0.0    10   145     1   116     1   117 0.98 -
d1mo9a2c.3.1.5       -            121 d1vdca2c.3.1.5.aln   -            232     2e-18   62.2   0.0   1   1   5.6e-20   2.2e-18   62.1   0.0     9   140     1   116     1   120 0.95 -
d1xhca2c.3.1.5       -            122 d1vdca2c.3.1.5.aln   -            232   3.6e-17   58.1   0.0   1   1   9.6e-19   3.8e-17   58.0   0.0     5   141     2   120     1   122 0.95 -
d1onfa2c.3.1.5       -            117 d1vdca2c.3.1.5.aln   -            232   1.5e-16   56.0   0.0   1   1   4.2e-18   1.6e-16   55.9   0.0    10   146     4   117     1   117 0.93 -
d1v59a2c.3.1.5       -            122 d1vdca2c.3.1.5.aln   -            232   7.8e-16   53.7   0.2   1   1   2.1e-17   8.2e-16   53.6   0.2    11   140     5   119     1   122 0.95 -
d1m6ia2c.3.1.5       -            137 d1vdca2c.3.1.5.aln   -            232   7.8e-16   53.7   0.0   1   1   2.1e-17   8.5e-16   53.6   0.0     3   147     5   136     3   137 0.95 -
d1nhpa2c.3.1.5       -            123 d1vdca2c.3.1.5.aln   -            232   2.9e-15   51.8   0.2   1   1   8.4e-17   3.3e-15   51.6   0.2     4   130     3   115     1   122 0.88 -
d1fl2a2c.3.1.5       -            126 d1vdca2c.3.1.5.aln   -            232   7.3e-14   47.3   0.0   1   1   2.2e-15   8.8e-14   47.0   0.0     5   141     2   122     1   125 0.94 -
d2gv8a2c.3.1.5       -            107 d1vdca2c.3.1.5.aln   -            232   4.5e-05   18.5   0.0   1   1   1.2e-06   4.8e-05   18.4   0.0     6   106     3    88     1   107 0.84 -
#
# Program:         hmmsearch
# Version:         3.1b2 (February 2015)
# Pipeline mode:   SEARCH
# Query file:      hmmModels30/d1vdca2c.3.1.5.hmm
# Target file:     scop/scopTestSeq.fasta
# Option settings: hmmsearch --domtblout hmmModels30/d1vdca2c.3.1.5.out -E 1 hmmModels30/d1vdca2c.3.1.5.hmm scop/scopTestSeq.fasta 
# Current dir:     /home/anastasia/SBAS/TME8
# Date:            Sat Apr  8 15:33:50 2023
# [ok]
