#                                                                            --- full sequence --- -------------- this domain -------------   hmm coord   ali coord   env coord
# target name        accession   tlen query name           accession   qlen   E-value  score  bias   #  of  c-Evalue  i-Evalue  score  bias  from    to  from    to  from    to  acc description of target
#------------------- ---------- ----- -------------------- ---------- ----- --------- ------ ----- --- --- --------- --------- ------ ----- ----- ----- ----- ----- ----- ----- ---- ---------------------
d1gjwa2c.1.8.1       -            572 d1vema2c.1.8.1.aln   -            436  9.2e-156  514.7   0.0   1   1  2.5e-157    1e-155  514.5   0.0     1   435    68   571    68   572 1.00 -
d1uoka2c.1.8.1       -            479 d1vema2c.1.8.1.aln   -            436  2.1e-155  513.5  18.9   1   1  5.7e-157  2.4e-155  513.3  18.9     9   435     1   479     1   479 0.99 -
d1g5aa2c.1.8.1       -            554 d1vema2c.1.8.1.aln   -            436    3e-138  456.9   2.7   1   1  8.3e-140  3.5e-138  456.7   2.7     1   435    39   553    39   554 1.00 -
d1wzaa2c.1.8.1       -            409 d1vema2c.1.8.1.aln   -            436  7.1e-117  386.5  12.7   1   1  1.9e-118  7.9e-117  386.3  12.7    14   434     2   408     1   409 0.98 -
d1bf2a3c.1.8.1       -            475 d1vema2c.1.8.1.aln   -            436  2.4e-109  361.7  11.8   1   1  7.4e-111  3.1e-109  361.3  11.8     1   435     1   472     1   473 0.99 -
d1h3ga3c.1.8.1       -            422 d1vema2c.1.8.1.aln   -            436  4.5e-104  344.3   8.3   1   1  1.3e-105  5.6e-104  344.0   8.3     9   436     4   422     2   422 0.99 -
d2fhfa5c.1.8.1       -            563 d1vema2c.1.8.1.aln   -            436  2.9e-103  341.6   1.8   1   1  8.6e-105  3.6e-103  341.4   1.8     2   435     7   562     6   563 0.98 -
d1ji1a3c.1.8.1       -            432 d1vema2c.1.8.1.aln   -            436  2.3e-102  338.7  21.1   1   1  6.2e-104  2.6e-102  338.5  21.1     7   435     1   431     1   432 0.99 -
d3bmva4c.1.8.1       -            406 d1vema2c.1.8.1.aln   -            436   1.5e-92  306.4  13.8   1   1     4e-94   1.7e-92  306.2  13.8     5   435     3   406     1   406 0.97 -
d1x1na1c.1.8.1       -            523 d1vema2c.1.8.1.aln   -            436   1.6e-89  296.4   0.1   1   1   4.3e-91   1.8e-89  296.2   0.1     2   434    11   521    10   523 0.99 -
d2guya2c.1.8.1       -            381 d1vema2c.1.8.1.aln   -            436   1.5e-87  289.9   7.4   1   1   4.3e-89   1.8e-87  289.6   7.4    10   428     2   370     1   372 0.99 -
d2bhua3c.1.8.1       -            420 d1vema2c.1.8.1.aln   -            436   7.8e-79  261.2   1.1   1   1   2.1e-80   8.7e-79  261.0   1.1     2   435     2   419     1   420 0.99 -
d1m7xa3c.1.8.1       -            396 d1vema2c.1.8.1.aln   -            436   1.6e-78  260.1  14.5   1   1   4.2e-80   1.8e-78  260.0  14.5     3   435     3   392     1   393 0.98 -
d1wdpa_c.1.8.1       -            493 d1vema2c.1.8.1.aln   -            436   2.2e-78  259.7   0.1   1   1   5.9e-80   2.5e-78  259.5   0.1     2   435     2   490     1   491 0.99 -
d1e43a2c.1.8.1       -            393 d1vema2c.1.8.1.aln   -            436   1.5e-77  257.0  14.9   1   1   3.8e-79   1.6e-77  256.8  14.9    20   381     2   373     1   393 0.97 -
d1ht6a2c.1.8.1       -            347 d1vema2c.1.8.1.aln   -            436   7.9e-72  238.1   4.2   1   1   2.3e-73   9.5e-72  237.8   4.2    20   376     1   329     1   345 0.98 -
d1r7aa2c.1.8.1       -            434 d1vema2c.1.8.1.aln   -            436   5.6e-69  228.7   0.2   1   1   1.5e-70   6.2e-69  228.5   0.2     6   430     1   433     1   434 0.99 -
d1ua7a2c.1.8.1       -            344 d1vema2c.1.8.1.aln   -            436   8.4e-61  201.7  11.3   1   1   2.5e-62     1e-60  201.4  11.3    13   434     2   343     1   344 0.97 -
d1kwga2c.1.8.1       -            393 d1vema2c.1.8.1.aln   -            436   8.3e-52  172.1   0.0   1   1   2.2e-53   9.2e-52  171.9   0.0    10   435     3   392     1   393 0.98 -
#
# Program:         hmmsearch
# Version:         3.1b2 (February 2015)
# Pipeline mode:   SEARCH
# Query file:      hmmModels30/d1vema2c.1.8.1.hmm
# Target file:     scop/scopTestSeq.fasta
# Option settings: hmmsearch --domtblout hmmModels30/d1vema2c.1.8.1.out -E 1 hmmModels30/d1vema2c.1.8.1.hmm scop/scopTestSeq.fasta 
# Current dir:     /home/anastasia/SBAS/TME8
# Date:            Sat Apr  8 15:33:50 2023
# [ok]
