#                                                                            --- full sequence --- -------------- this domain -------------   hmm coord   ali coord   env coord
# target name        accession   tlen query name           accession   qlen   E-value  score  bias   #  of  c-Evalue  i-Evalue  score  bias  from    to  from    to  from    to  acc description of target
#------------------- ---------- ----- -------------------- ---------- ----- --------- ------ ----- --- --- --------- --------- ------ ----- ----- ----- ----- ----- ----- ----- ---- ---------------------
d1ohwa_c.67.1.4      -            461 d1vefa1c.67.1.4.aln  -            409  7.3e-180  593.4   0.0   1   1  1.2e-181  8.2e-180  593.2   0.0     1   409    15   459    15   459 1.00 -
d1zoda_c.67.1.4      -            431 d1vefa1c.67.1.4.aln  -            409  8.2e-142  468.0   0.0   1   1  1.4e-143  9.2e-142  467.9   0.0     2   408    16   427    15   428 0.99 -
d3piua_c.67.1.4      -            416 d1vefa1c.67.1.4.aln  -            409  3.5e-133  439.6   0.0   1   1    6e-135  3.9e-133  439.4   0.0     1   407    12   416    12   416 0.99 -
d2bwna1c.67.1.4      -            396 d1vefa1c.67.1.4.aln  -            409  8.8e-126  415.2   0.0   1   1  1.5e-127  9.8e-126  415.1   0.0     1   408     1   394     1   395 0.99 -
d2dkja_c.67.1.4      -            402 d1vefa1c.67.1.4.aln  -            409  5.6e-118  389.5   0.0   1   1  9.4e-120  6.2e-118  389.4   0.0     5   409     2   402     1   402 0.99 -
d1bs0a_c.67.1.4      -            383 d1vefa1c.67.1.4.aln  -            409  1.4e-114  378.3   0.0   1   1  2.4e-116  1.6e-114  378.2   0.0     9   408     2   381     1   382 0.99 -
d2fnua_c.67.1.4      -            373 d1vefa1c.67.1.4.aln  -            409  3.8e-110  363.8   1.5   1   1  6.4e-112  4.2e-110  363.6   1.5     7   401     1   372     1   373 0.99 -
d1o69a_c.67.1.4      -            374 d1vefa1c.67.1.4.aln  -            409  4.1e-110  363.6   1.0   1   1  6.9e-112  4.5e-110  363.5   1.0     8   407     2   374     1   374 0.99 -
d1w23a_c.67.1.4      -            360 d1vefa1c.67.1.4.aln  -            409  1.9e-101  335.1   0.3   1   1  3.2e-103  2.1e-101  335.0   0.3     5   405     2   359     1   360 0.99 -
d2c81a_c.67.1.0      -            409 d1vefa1c.67.1.4.aln  -            409   1.1e-11   39.5   0.0   1   1   2.3e-13   1.5e-11   39.0   0.0    70   217    60   203    48   211 0.95 -
d1vefa1c.67.1.4      -            387 d1vefa1c.67.1.4.aln  -            409   2.4e-11   38.3   0.0   1   2      0.11         7    0.6   0.0    81   133    91   143    25   148 0.80 -
d1vefa1c.67.1.4      -            387 d1vefa1c.67.1.4.aln  -            409   2.4e-11   38.3   0.0   2   2   2.9e-12   1.9e-10   35.3   0.0   177   269   167   262   164   274 0.85 -
d2epja_c.67.1.0      -            426 d1vefa1c.67.1.4.aln  -            409    0.0052   10.9   0.0   1   2   0.00068     0.044    7.8   0.0    16   140    37   158    28   171 0.87 -
d2epja_c.67.1.0      -            426 d1vefa1c.67.1.4.aln  -            409    0.0052   10.9   0.0   2   2       0.1       6.8    0.6   0.0   187   229   195   240   176   249 0.87 -
#
# Program:         hmmsearch
# Version:         3.1b2 (February 2015)
# Pipeline mode:   SEARCH
# Query file:      hmmModels30/d1vefa1c.67.1.4.hmm
# Target file:     scop/scopTestSeq.fasta
# Option settings: hmmsearch --domtblout hmmModels30/d1vefa1c.67.1.4.out -E 1 hmmModels30/d1vefa1c.67.1.4.hmm scop/scopTestSeq.fasta 
# Current dir:     /home/anastasia/SBAS/TME8
# Date:            Sat Apr  8 15:33:50 2023
# [ok]
