#                                                                            --- full sequence --- -------------- this domain -------------   hmm coord   ali coord   env coord
# target name        accession   tlen query name           accession   qlen   E-value  score  bias   #  of  c-Evalue  i-Evalue  score  bias  from    to  from    to  from    to  acc description of target
#------------------- ---------- ----- -------------------- ---------- ----- --------- ------ ----- --- --- --------- --------- ------ ----- ----- ----- ----- ----- ----- ----- ---- ---------------------
d1vr5a1c.94.1.1      -            535 d1ve4a1c.94.1.1.aln  -            330  2.1e-115  381.1  12.6   1   1  1.1e-116  2.8e-115  380.7  12.6     1   330     6   382     6   382 1.00 -
d1jeta_c.94.1.1      -            517 d1ve4a1c.94.1.1.aln  -            330  1.3e-112  372.0  13.2   1   1  7.5e-114    2e-112  371.3  13.2     1   330    32   386    32   386 1.00 -
d2nooa_c.94.1.1      -            496 d1ve4a1c.94.1.1.aln  -            330   1.2e-90  299.8   6.2   1   1   1.5e-91     4e-90  298.1   7.2     1   330     1   364     1   364 1.00 -
d1xoca1c.94.1.1      -            504 d1ve4a1c.94.1.1.aln  -            330   1.3e-88  293.1  14.6   1   1   6.3e-90   1.7e-88  292.8  14.6     1   330     7   371     7   371 1.00 -
d3vlva_c.94.1.1      -            490 d1ve4a1c.94.1.1.aln  -            330   5.9e-87  287.7   6.7   1   2   2.2e-88   5.9e-87  287.7   6.7     2   329     8   370     7   371 0.99 -
d3vlva_c.94.1.1      -            490 d1ve4a1c.94.1.1.aln  -            330   5.9e-87  287.7   6.7   2   2       3.1        82   -1.8   0.6   156   202   411   464   399   484 0.78 -
d1uqwa_c.94.1.1      -            487 d1ve4a1c.94.1.1.aln  -            330   4.6e-83  274.9  12.1   1   1   2.3e-84     6e-83  274.5  12.1     1   329     4   355     4   356 0.99 -
d1eu8a_c.94.1.1      -            407 d1ve4a1c.94.1.1.aln  -            330   1.1e-63  211.2   8.3   1   1   5.2e-65   1.4e-63  210.9   8.3     7   329     3   340     1   341 0.99 -
d1ursa_c.94.1.1      -            367 d1ve4a1c.94.1.1.aln  -            330   1.7e-52  174.5  10.4   1   1   7.2e-54   1.9e-52  174.3  10.4     1   330     5   347     5   347 0.99 -
d3thia_c.94.1.1      -            362 d1ve4a1c.94.1.1.aln  -            330     2e-43  144.7   0.1   1   1   8.6e-45   2.3e-43  144.5   0.1     2   329     4   341     3   342 0.99 -
d1r9la_c.94.1.1      -            309 d1ve4a1c.94.1.1.aln  -            330     6e-38  126.7  11.8   1   1   2.5e-39   6.7e-38  126.5  11.8     2   294     7   307     6   309 0.99 -
d1q35a_c.94.1.1      -            318 d1ve4a1c.94.1.1.aln  -            330     3e-36  121.1   1.6   1   1   1.3e-37   3.3e-36  121.0   1.6     1   317     6   318     6   318 0.99 -
d1pb7a_c.94.1.1      -            289 d1ve4a1c.94.1.1.aln  -            330   9.7e-32  106.3   0.0   1   1   4.1e-33   1.1e-31  106.2   0.0    38   317     4   288     1   289 0.98 -
d1ixha_c.94.1.1      -            321 d1ve4a1c.94.1.1.aln  -            330     2e-30  102.0  13.3   1   1   8.3e-32   2.2e-30  101.9  13.3     4   327     6   318     3   321 0.98 -
d1sbpa_c.94.1.1      -            309 d1ve4a1c.94.1.1.aln  -            330   1.6e-29   99.0   9.7   1   1   7.2e-31   1.9e-29   98.8   9.7     9   317     6   309     2   309 0.98 -
d1nnfa_c.94.1.1      -            308 d1ve4a1c.94.1.1.aln  -            330   3.6e-28   94.6  12.3   1   1   1.5e-29   3.9e-28   94.4  12.3     1   307     4   302     4   308 0.96 -
d1us5a_c.94.1.1      -            298 d1ve4a1c.94.1.1.aln  -            330   5.1e-28   94.1   0.1   1   1   2.2e-29   5.9e-28   93.9   0.1    14   291     3   274     1   294 0.96 -
d2nxoa1c.94.1.1      -            277 d1ve4a1c.94.1.1.aln  -            330   4.3e-27   91.0   0.0   1   1   1.9e-28   5.1e-27   90.8   0.0    36   302     3   266     1   275 0.96 -
d1sw5a_c.94.1.1      -            270 d1ve4a1c.94.1.1.aln  -            330   5.4e-25   84.1   5.3   1   1   2.2e-26   5.9e-25   84.0   5.3    26   296     3   267     1   270 0.97 -
d2i6ea1c.94.1.1      -            272 d1ve4a1c.94.1.1.aln  -            330     3e-23   78.4   0.0   1   1   1.2e-24   3.3e-23   78.3   0.0    37   305     3   272     1   272 0.96 -
d2czla1c.94.1.1      -            270 d1ve4a1c.94.1.1.aln  -            330   1.9e-22   75.8   0.0   1   1   8.3e-24   2.2e-22   75.6   0.0    37   306     3   262     1   269 0.93 -
d1al3a_c.94.1.1      -            237 d1ve4a1c.94.1.1.aln  -            330   1.5e-20   69.6   0.0   1   1   6.2e-22   1.6e-20   69.4   0.0    33   286     3   234     1   237 0.98 -
d1twya_c.94.1.1      -            249 d1ve4a1c.94.1.1.aln  -            330   2.7e-18   62.2   0.0   1   1   1.1e-19   2.9e-18   62.0   0.0    31   289     5   245     1   249 0.96 -
d1ii5a_c.94.1.1      -            226 d1ve4a1c.94.1.1.aln  -            330   4.7e-18   61.4   0.4   1   1   2.3e-19     6e-18   61.0   0.4    37   253     5   198     1   207 0.93 -
d1xt8a1c.94.1.1      -            248 d1ve4a1c.94.1.1.aln  -            330     4e-17   58.3   4.9   1   1   1.8e-18   4.8e-17   58.0   4.9    28   285     2   239     1   246 0.97 -
d2ozza1c.94.1.1      -            228 d1ve4a1c.94.1.1.aln  -            330   6.9e-15   50.9   0.0   1   1   2.9e-16   7.6e-15   50.8   0.0    31   283     3   225     1   228 0.96 -
d1atga_c.94.1.1      -            231 d1ve4a1c.94.1.1.aln  -            330   5.3e-13   44.8   1.1   1   1   2.2e-14   5.9e-13   44.6   1.1    35   290     2   230     1   231 0.98 -
d2esna2c.94.1.1      -            212 d1ve4a1c.94.1.1.aln  -            330   2.3e-08   29.5   0.0   1   1   6.1e-08   1.6e-06   23.5   0.0    31   286     3   203     1   210 0.86 -
d1i6aa_c.94.1.1      -            212 d1ve4a1c.94.1.1.aln  -            330   1.6e-06   23.5   0.0   1   1   7.9e-08   2.1e-06   23.1   0.0    33   232     2   179     1   212 0.90 -
d2qmwa1c.94.1.1      -            184 d1ve4a1c.94.1.1.aln  -            330     1e-05   20.8   0.2   1   2   1.7e-06   4.4e-05   18.7   0.1    49   192     9   138     1   144 0.92 -
d2qmwa1c.94.1.1      -            184 d1ve4a1c.94.1.1.aln  -            330     1e-05   20.8   0.2   2   2      0.45        12    0.9   0.0   242   285   140   183   137   184 0.92 -
d1ixca2c.94.1.1      -            205 d1ve4a1c.94.1.1.aln  -            330     0.011   10.9   0.0   1   1   0.00065     0.017   10.2   0.0    38   279     4   201     1   205 0.87 -
#
# Program:         hmmsearch
# Version:         3.1b2 (February 2015)
# Pipeline mode:   SEARCH
# Query file:      hmmModels30/d1ve4a1c.94.1.1.hmm
# Target file:     scop/scopTestSeq.fasta
# Option settings: hmmsearch --domtblout hmmModels30/d1ve4a1c.94.1.1.out -E 1 hmmModels30/d1ve4a1c.94.1.1.hmm scop/scopTestSeq.fasta 
# Current dir:     /home/anastasia/SBAS/TME8
# Date:            Sat Apr  8 15:33:50 2023
# [ok]
