#                                                                            --- full sequence --- -------------- this domain -------------   hmm coord   ali coord   env coord
# target name        accession   tlen query name           accession   qlen   E-value  score  bias   #  of  c-Evalue  i-Evalue  score  bias  from    to  from    to  from    to  acc description of target
#------------------- ---------- ----- -------------------- ---------- ----- --------- ------ ----- --- --- --------- --------- ------ ----- ----- ----- ----- ----- ----- ----- ---- ---------------------
d1q33a_d.113.1.1     -            292 d1vhza_d.113.1.1.aln -            174   8.8e-90  294.4   0.0   1   1   2.9e-91   1.4e-89  293.7   0.0     1   174    90   275    90   275 1.00 -
d1g0sa_d.113.1.1     -            209 d1vhza_d.113.1.1.aln -            174   1.1e-54  180.1   1.2   1   1   2.5e-56   1.3e-54  179.9   1.2     1   173    34   208    34   209 0.99 -
d3o69a_d.113.1.1     -            190 d1vhza_d.113.1.1.aln -            174     2e-42  140.1   0.0   1   1   4.6e-44   2.3e-42  140.0   0.0     2   169    23   190    22   190 0.98 -
d1nqza_d.113.1.1     -            187 d1vhza_d.113.1.1.aln -            174   8.9e-42  138.0   0.0   1   1     2e-43     1e-41  137.9   0.0     2   173    10   179     9   180 0.99 -
d1sjya_d.113.1.1     -            158 d1vhza_d.113.1.1.aln -            174   2.6e-36  120.2   0.0   1   1     6e-38     3e-36  120.1   0.0    14   161     2   149     1   157 0.96 -
d1v8ya_d.113.1.1     -            158 d1vhza_d.113.1.1.aln -            174     3e-36  120.0   0.2   1   1   6.7e-38   3.3e-36  119.9   0.2     1   166     1   156     1   158 0.98 -
d1jkna_d.113.1.1     -            165 d1vhza_d.113.1.1.aln -            174   6.9e-36  118.9   0.0   1   1   1.5e-37   7.5e-36  118.8   0.0    13   172     3   159     1   161 0.96 -
d2b06a1d.113.1.1     -            155 d1vhza_d.113.1.1.aln -            174   3.7e-35  116.5   0.0   1   1   8.1e-37     4e-35  116.4   0.0    21   171     5   154     1   155 0.97 -
d3zr0a_d.113.1.1     -            154 d1vhza_d.113.1.1.aln -            174   5.3e-34  112.7   0.0   1   1   1.2e-35   5.8e-34  112.6   0.0    24   173     3   149     1   150 0.97 -
d1k2ea_d.113.1.1     -            152 d1vhza_d.113.1.1.aln -            174   2.2e-33  110.7   0.1   1   1   4.8e-35   2.4e-33  110.6   0.1    26   171     1   146     1   149 0.97 -
d2azwa1d.113.1.1     -            147 d1vhza_d.113.1.1.aln -            174   2.5e-31  104.0   0.2   1   1   5.4e-33   2.7e-31  103.9   0.2     9   163     2   144     1   147 0.95 -
d1ktga_d.113.1.1     -            137 d1vhza_d.113.1.1.aln -            174   6.9e-31  102.6   0.0   1   1   1.5e-32   7.5e-31  102.5   0.0    21   159     2   135     1   137 0.97 -
d2fvva1d.113.1.1     -            135 d1vhza_d.113.1.1.aln -            174   1.7e-30  101.4   0.3   1   1   3.7e-32   1.8e-30  101.2   0.3    13   151     2   134     1   135 0.97 -
d2b0va1d.113.1.1     -            146 d1vhza_d.113.1.1.aln -            174     4e-30  100.1   0.0   1   1   8.8e-32   4.3e-30  100.0   0.0    25   169     3   145     1   146 0.97 -
d3a6sa_d.113.1.1     -            129 d1vhza_d.113.1.1.aln -            174   1.4e-29   98.4   0.4   1   1   2.9e-31   1.4e-29   98.3   0.4    23   162     2   127     1   129 0.93 -
d1vhza_d.113.1.1     -            186 d1vhza_d.113.1.1.aln -            174   7.9e-12   40.5   0.0   1   1   2.2e-13   1.1e-11   40.1   0.0    26   151    50   172    34   183 0.75 -
#
# Program:         hmmsearch
# Version:         3.1b2 (February 2015)
# Pipeline mode:   SEARCH
# Query file:      hmmModels30/d1vhza_d.113.1.1.hmm
# Target file:     scop/scopTestSeq.fasta
# Option settings: hmmsearch --domtblout hmmModels30/d1vhza_d.113.1.1.out -E 1 hmmModels30/d1vhza_d.113.1.1.hmm scop/scopTestSeq.fasta 
# Current dir:     /home/anastasia/SBAS/TME8
# Date:            Sat Apr  8 15:33:50 2023
# [ok]
