#                                                                            --- full sequence --- -------------- this domain -------------   hmm coord   ali coord   env coord
# target name        accession   tlen query name           accession   qlen   E-value  score  bias   #  of  c-Evalue  i-Evalue  score  bias  from    to  from    to  from    to  acc description of target
#------------------- ---------- ----- -------------------- ---------- ----- --------- ------ ----- --- --- --------- --------- ------ ----- ----- ----- ----- ----- ----- ----- ---- ---------------------
d1ofda2c.1.4.1       -            809 d1vhna_c.1.4.1.aln   -            393  6.4e-227  748.2   0.0   1   1  7.7e-229  7.6e-227  747.9   0.0     1   393   233   795   233   795 1.00 -
d1p4ca_c.1.4.1       -            353 d1vhna_c.1.4.1.aln   -            393   4.3e-93  307.6   0.0   1   1   4.8e-95   4.8e-93  307.4   0.0     1   371     1   352     1   353 0.99 -
d1vyra_c.1.4.1       -            363 d1vhna_c.1.4.1.aln   -            393   7.9e-76  250.7   0.0   1   1   8.9e-78   8.8e-76  250.6   0.0     5   393     2   363     1   363 0.99 -
d1djqa1c.1.4.1       -            340 d1vhna_c.1.4.1.aln   -            393   2.4e-67  222.8   0.0   1   1   2.7e-69   2.7e-67  222.6   0.0     9   384     2   339     1   340 0.99 -
d1p0ka_c.1.4.1       -            329 d1vhna_c.1.4.1.aln   -            393   1.6e-66  220.1   0.2   1   1   1.8e-68   1.7e-66  220.0   0.2    25   391     2   328     1   329 0.98 -
d1ep3a_c.1.4.1       -            311 d1vhna_c.1.4.1.aln   -            393   1.2e-63  210.6   0.0   1   1   1.3e-65   1.3e-63  210.5   0.0    23   372     1   310     1   311 0.97 -
d1gtea2c.1.4.1       -            312 d1vhna_c.1.4.1.aln   -            393   1.4e-59  197.2   0.0   1   1   1.6e-61   1.6e-59  197.0   0.0    23   362     2   312     1   312 0.98 -
d2e6fa_c.1.4.1       -            312 d1vhna_c.1.4.1.aln   -            393   1.6e-58  193.8   0.0   1   1   1.8e-60   1.7e-58  193.6   0.0    22   371     1   312     1   312 0.98 -
#
# Program:         hmmsearch
# Version:         3.1b2 (February 2015)
# Pipeline mode:   SEARCH
# Query file:      hmmModels30/d1vhna_c.1.4.1.hmm
# Target file:     scop/scopTestSeq.fasta
# Option settings: hmmsearch --domtblout hmmModels30/d1vhna_c.1.4.1.out -E 1 hmmModels30/d1vhna_c.1.4.1.hmm scop/scopTestSeq.fasta 
# Current dir:     /home/anastasia/SBAS/TME8
# Date:            Sat Apr  8 15:33:50 2023
# [ok]
