#                                                                            --- full sequence --- -------------- this domain -------------   hmm coord   ali coord   env coord
# target name        accession   tlen query name           accession   qlen   E-value  score  bias   #  of  c-Evalue  i-Evalue  score  bias  from    to  from    to  from    to  acc description of target
#------------------- ---------- ----- -------------------- ---------- ----- --------- ------ ----- --- --- --------- --------- ------ ----- ----- ----- ----- ----- ----- ----- ---- ---------------------
d1ui5a2a.121.1.1     -            133 d1vi0a2a.121.1.1.aln -            122   2.2e-36  119.9   0.8   1   1   9.8e-38   2.7e-36  119.6   0.8     6   122     1   117     1   117 0.98 -
d1z0xa2a.121.1.1     -            149 d1vi0a2a.121.1.1.aln -            122     5e-35  115.5   0.0   1   1   2.1e-36   5.7e-35  115.3   0.0     1   121    18   138    18   139 0.99 -
d3c07a2a.121.1.1     -            146 d1vi0a2a.121.1.1.aln -            122   1.5e-27   91.5   1.9   1   1   6.5e-29   1.8e-27   91.3   1.9     2   122    17   137    16   137 0.98 -
d2g7la2a.121.1.1     -            144 d1vi0a2a.121.1.1.aln -            122   5.7e-22   73.6   6.7   1   1   2.8e-23   7.5e-22   73.2   6.7     1   121    14   134    14   135 0.98 -
d1t33a2a.121.1.1     -            132 d1vi0a2a.121.1.1.aln -            122     3e-21   71.2   0.1   1   1   1.2e-22   3.4e-21   71.1   0.1     2   121     3   122     2   123 0.98 -
d2oi8a2a.121.1.1     -            130 d1vi0a2a.121.1.1.aln -            122   7.6e-20   66.7   1.1   1   1   3.3e-21   8.8e-20   66.5   1.1     2   118    12   128    11   130 0.97 -
d2fbqa2a.121.1.1     -            134 d1vi0a2a.121.1.1.aln -            122   8.4e-20   66.6   0.2   1   1   3.4e-21   9.3e-20   66.5   0.2     2   120     8   126     7   128 0.97 -
d2gfna2a.121.1.1     -            119 d1vi0a2a.121.1.1.aln -            122   3.1e-19   64.8   7.1   1   1   1.2e-20   3.3e-19   64.7   7.1     6   119     5   118     1   119 0.96 -
d2hyja2a.121.1.1     -            118 d1vi0a2a.121.1.1.aln -            122   3.4e-19   64.7   5.6   1   1   1.3e-20   3.6e-19   64.6   5.6     4   117     5   118     2   118 0.96 -
d2id3a2a.121.1.1     -            123 d1vi0a2a.121.1.1.aln -            122     1e-18   63.1   7.1   1   1   4.1e-20   1.1e-18   63.0   7.1     1   120     2   121     2   123 0.97 -
d1t56a2a.121.1.1     -            120 d1vi0a2a.121.1.1.aln -            122   4.6e-18   61.0   2.2   1   1   1.8e-19   4.9e-18   60.9   2.2     4   118     2   116     1   120 0.97 -
d2i10a2a.121.1.1     -            116 d1vi0a2a.121.1.1.aln -            122   6.2e-18   60.6   3.9   1   1   2.4e-19   6.6e-18   60.5   3.9     6   115     7   116     2   116 0.96 -
d2d6ya2a.121.1.1     -            118 d1vi0a2a.121.1.1.aln -            122   1.8e-17   59.1   1.2   1   1   7.2e-19     2e-17   59.0   1.2     5   119     2   116     1   118 0.98 -
d2g3ba2a.121.1.1     -            116 d1vi0a2a.121.1.1.aln -            122   3.8e-17   58.1   2.1   1   1   1.5e-18   4.1e-17   58.0   2.1     4   117     3   116     1   116 0.96 -
d1rkta2a.121.1.1     -            123 d1vi0a2a.121.1.1.aln -            122   7.2e-17   57.2   0.0   1   1   2.8e-18   7.7e-17   57.1   0.0     4   121     3   120     1   121 0.96 -
d2fx0a2a.121.1.1     -            122 d1vi0a2a.121.1.1.aln -            122   1.6e-16   56.1   0.0   1   1   6.2e-18   1.7e-16   56.0   0.0     4   119     4   119     1   122 0.95 -
d2id6a2a.121.1.1     -            125 d1vi0a2a.121.1.1.aln -            122   1.6e-15   52.9   0.0   1   1   6.4e-17   1.7e-15   52.7   0.0     2   120     2   120     1   122 0.97 -
d2gena2a.121.1.1     -            118 d1vi0a2a.121.1.1.aln -            122   4.4e-14   48.2   6.3   1   1   1.7e-15   4.7e-14   48.1   6.3     7   120     4   117     1   118 0.97 -
d2hkua2a.121.1.1     -            121 d1vi0a2a.121.1.1.aln -            122   5.4e-14   47.9   0.1   1   1   2.2e-15   5.9e-14   47.8   0.1     3   120     3   120     1   121 0.97 -
d2np5a2a.121.1.1     -            118 d1vi0a2a.121.1.1.aln -            122   3.9e-13   45.2   4.3   1   1   1.7e-14   4.8e-13   44.9   4.3     4   121     4   114     2   115 0.97 -
d2fq4a2a.121.1.1     -            115 d1vi0a2a.121.1.1.aln -            122   4.6e-13   44.9   0.0   1   1   1.8e-14   4.9e-13   44.9   0.0     6   115     4   113     1   115 0.96 -
d2g7sa2a.121.1.1     -            116 d1vi0a2a.121.1.1.aln -            122   5.6e-13   44.7   2.4   1   1   2.2e-14     6e-13   44.6   2.4     6   119     2   115     1   116 0.97 -
d2g7ga2a.121.1.1     -            132 d1vi0a2a.121.1.1.aln -            122   6.2e-13   44.5   9.2   1   1   2.5e-14   6.9e-13   44.4   9.2     2   121     5   124     4   125 0.98 -
d2iu5a2a.121.1.1     -            109 d1vi0a2a.121.1.1.aln -            122   2.8e-12   42.5   0.0   1   1   1.1e-13     3e-12   42.4   0.0    11   117     3   109     1   109 0.97 -
d1sgma2a.121.1.1     -            111 d1vi0a2a.121.1.1.aln -            122   5.3e-12   41.5   0.0   1   1   2.1e-13   5.8e-12   41.4   0.0     6   115     2   111     1   111 0.97 -
d2np3a2a.121.1.1     -            112 d1vi0a2a.121.1.1.aln -            122   3.8e-09   32.4   8.3   1   1   2.1e-10   5.8e-09   31.8   8.3     2   120     2   107     1   109 0.97 -
d1zk8a2a.121.1.1     -            105 d1vi0a2a.121.1.1.aln -            122   5.1e-09   32.0   0.0   1   1   2.2e-10   6.1e-09   31.7   0.0     7   118     3   104     1   105 0.96 -
d2o7ta2a.121.1.1     -            110 d1vi0a2a.121.1.1.aln -            122   6.5e-09   31.6   0.0   1   1   2.8e-10   7.6e-09   31.4   0.0    12   117     5   110     2   110 0.97 -
d2fd5a2a.121.1.1     -            104 d1vi0a2a.121.1.1.aln -            122   5.6e-08   28.6   3.1   1   1   2.3e-09   6.2e-08   28.5   3.1     7   111     5   101     1   104 0.94 -
#
# Program:         hmmsearch
# Version:         3.1b2 (February 2015)
# Pipeline mode:   SEARCH
# Query file:      hmmModels30/d1vi0a2a.121.1.1.hmm
# Target file:     scop/scopTestSeq.fasta
# Option settings: hmmsearch --domtblout hmmModels30/d1vi0a2a.121.1.1.out -E 1 hmmModels30/d1vi0a2a.121.1.1.hmm scop/scopTestSeq.fasta 
# Current dir:     /home/anastasia/SBAS/TME8
# Date:            Sat Apr  8 15:33:50 2023
# [ok]
