#                                                                            --- full sequence --- -------------- this domain -------------   hmm coord   ali coord   env coord
# target name        accession   tlen query name           accession   qlen   E-value  score  bias   #  of  c-Evalue  i-Evalue  score  bias  from    to  from    to  from    to  acc description of target
#------------------- ---------- ----- -------------------- ---------- ----- --------- ------ ----- --- --- --------- --------- ------ ----- ----- ----- ----- ----- ----- ----- ---- ---------------------
d1uuqa_c.1.8.3       -            410 d1vjza_c.1.8.3.aln   -            352  2.7e-119  393.8  18.4   1   1  8.6e-121  3.1e-119  393.6  18.4     2   352     1   398     1   398 0.99 -
d1ur4a_c.1.8.3       -            387 d1vjza_c.1.8.3.aln   -            352  2.8e-108  357.6  14.2   1   1  8.8e-110  3.2e-108  357.4  14.2     1   351     3   384     3   385 0.99 -
d1odza_c.1.8.3       -            381 d1vjza_c.1.8.3.aln   -            352   6.1e-82  271.0  12.2   1   1   1.9e-83   6.8e-82  270.8  12.2     2   351    17   378    16   379 0.99 -
d1rh9a1c.1.8.3       -            370 d1vjza_c.1.8.3.aln   -            352   5.1e-81  267.9  10.6   1   1   1.6e-82   5.6e-81  267.8  10.6     3   349     2   364     1   367 0.99 -
d3n9ka_c.1.8.3       -            394 d1vjza_c.1.8.3.aln   -            352   2.1e-79  262.6  25.1   1   1   6.6e-81   2.4e-79  262.5  25.1     1   352     2   394     2   394 0.98 -
d1edga_c.1.8.3       -            380 d1vjza_c.1.8.3.aln   -            352   1.2e-75  250.3  18.2   1   1   3.6e-77   1.3e-75  250.2  18.2     3   351    11   373     9   374 0.99 -
d1qnra_c.1.8.3       -            344 d1vjza_c.1.8.3.aln   -            352   3.4e-73  242.2  24.7   1   1   1.1e-74   3.8e-73  242.0  24.7     3   346     3   342     1   344 0.98 -
d1hjua_c.1.8.3       -            332 d1vjza_c.1.8.3.aln   -            352     7e-67  221.4  16.8   1   1   2.2e-68   7.8e-67  221.3  16.8    12   348     3   332     1   332 0.99 -
d1qw9a2c.1.8.3       -            367 d1vjza_c.1.8.3.aln   -            352   2.5e-65  216.3   1.6   1   1   7.8e-67   2.8e-65  216.2   1.6     1   350     7   365     7   367 0.99 -
d2nt0a2c.1.8.3       -            354 d1vjza_c.1.8.3.aln   -            352   2.4e-64  213.1   0.0   1   1   7.4e-66   2.7e-64  212.9   0.0     3   348     3   352     1   354 0.99 -
d1ceoa_c.1.8.3       -            340 d1vjza_c.1.8.3.aln   -            352   7.6e-62  204.9   0.6   1   1   2.3e-63   8.4e-62  204.7   0.6     4   346     1   337     1   340 0.99 -
d1ecea_c.1.8.3       -            358 d1vjza_c.1.8.3.aln   -            352   2.1e-61  203.4  17.7   1   1   6.5e-63   2.3e-61  203.3  17.7     1   349     6   355     6   358 0.99 -
d2je8a5c.1.8.3       -            348 d1vjza_c.1.8.3.aln   -            352   3.2e-60  199.5   5.9   1   1   9.8e-62   3.5e-60  199.4   5.9     3   346     4   347     2   348 0.99 -
d2vzsa5c.1.8.3       -            339 d1vjza_c.1.8.3.aln   -            352   1.4e-58  194.2   2.5   1   1   4.2e-60   1.5e-58  194.0   2.5     3   345     5   338     3   339 0.98 -
d1w91a2c.1.8.3       -            347 d1vjza_c.1.8.3.aln   -            352   1.7e-56  187.3   0.0   1   1   5.7e-58     2e-56  187.0   0.0     6   348    12   342     7   345 0.98 -
d1h1na_c.1.8.3       -            305 d1vjza_c.1.8.3.aln   -            352   1.7e-50  167.6  14.5   1   1   5.2e-52   1.9e-50  167.4  14.5     4   352     2   304     1   304 0.99 -
d1jz8a5c.1.8.3       -            292 d1vjza_c.1.8.3.aln   -            352   4.8e-48  159.5   0.8   1   1     3e-49   1.1e-47  158.3   0.8     5   348     2   291     1   292 0.99 -
d1bqca_c.1.8.3       -            302 d1vjza_c.1.8.3.aln   -            352   3.2e-42  140.3   9.2   1   1   9.9e-44   3.5e-42  140.2   9.2     2   347     9   301     8   302 0.99 -
d2v3ga_c.1.8.3       -            273 d1vjza_c.1.8.3.aln   -            352   2.3e-41  137.5  21.7   1   1   7.3e-43   2.6e-41  137.3  21.7    13   346     2   273     1   273 0.98 -
d7a3ha_c.1.8.3       -            300 d1vjza_c.1.8.3.aln   -            352   1.3e-40  135.1  11.8   1   1   3.9e-42   1.4e-40  134.9  11.8     4   348     2   299     1   300 0.98 -
d1i1wa_c.1.8.3       -            303 d1vjza_c.1.8.3.aln   -            352   1.2e-39  131.8   6.3   1   1   3.7e-41   1.3e-39  131.7   6.3     6   350     4   302     1   303 0.97 -
d1nofa2c.1.8.3       -            277 d1vjza_c.1.8.3.aln   -            352   1.8e-30  101.7   4.9   1   1   5.7e-32   2.1e-30  101.5   4.9     8   347     2   276     1   277 0.98 -
#
# Program:         hmmsearch
# Version:         3.1b2 (February 2015)
# Pipeline mode:   SEARCH
# Query file:      hmmModels30/d1vjza_c.1.8.3.hmm
# Target file:     scop/scopTestSeq.fasta
# Option settings: hmmsearch --domtblout hmmModels30/d1vjza_c.1.8.3.out -E 1 hmmModels30/d1vjza_c.1.8.3.hmm scop/scopTestSeq.fasta 
# Current dir:     /home/anastasia/SBAS/TME8
# Date:            Sat Apr  8 15:33:50 2023
# [ok]
