#                                                                            --- full sequence --- -------------- this domain -------------   hmm coord   ali coord   env coord
# target name        accession   tlen query name           accession   qlen   E-value  score  bias   #  of  c-Evalue  i-Evalue  score  bias  from    to  from    to  from    to  acc description of target
#------------------- ---------- ----- -------------------- ---------- ----- --------- ------ ----- --- --- --------- --------- ------ ----- ----- ----- ----- ----- ----- ----- ---- ---------------------
d1z6om1a.25.1.1      -            191 d1vjxa_a.25.1.1.aln  -            173   1.3e-59  196.3   0.0   1   1     2e-61   1.4e-59  196.1   0.0     2   173     8   183     7   183 0.99 -
d1z6oa1a.25.1.1      -            200 d1vjxa_a.25.1.1.aln  -            173     2e-59  195.6  10.1   1   1   3.2e-61   2.3e-59  195.4  10.1     1   173    11   193    11   193 0.99 -
d1tjoa_a.25.1.1      -            180 d1vjxa_a.25.1.1.aln  -            173   4.6e-59  194.4   7.7   1   1   7.3e-61   5.3e-59  194.2   7.7     1   171    18   180    18   180 0.99 -
d1nf4a_a.25.1.1      -            169 d1vjxa_a.25.1.1.aln  -            173     9e-53  174.0   4.9   1   1   1.4e-54   9.9e-53  173.8   4.9     5   171     2   158     1   160 0.98 -
d3bvfa_a.25.1.1      -            172 d1vjxa_a.25.1.1.aln  -            173   5.6e-51  168.1   6.1   1   1   8.7e-53   6.2e-51  168.0   6.1     1   172     1   163     1   164 0.99 -
d1lb3a_a.25.1.1      -            179 d1vjxa_a.25.1.1.aln  -            173   8.9e-50  164.2   0.1   1   1   1.4e-51   9.9e-50  164.1   0.1     2   173     1   174     1   174 0.99 -
d2y3qa_a.25.1.1      -            158 d1vjxa_a.25.1.1.aln  -            173   1.3e-47  157.1   2.6   1   1     2e-49   1.5e-47  157.0   2.6     7   171     2   156     1   158 0.98 -
d2cf7a_a.25.1.1      -            159 d1vjxa_a.25.1.1.aln  -            173   7.3e-44  145.0   0.0   1   1   1.1e-45   7.9e-44  144.8   0.0     2   168     2   158     1   159 0.96 -
d1zs3a1a.25.1.1      -            171 d1vjxa_a.25.1.1.aln  -            173   4.2e-41  135.9   0.9   1   1   6.5e-43   4.7e-41  135.8   0.9     1   171     2   171     2   171 0.99 -
d2fzfa1a.25.1.1      -            158 d1vjxa_a.25.1.1.aln  -            173   4.3e-40  132.7   9.0   1   1   6.6e-42   4.7e-40  132.5   9.0     2   162     2   158     1   158 0.99 -
d1yuza1a.25.1.1      -            135 d1vjxa_a.25.1.1.aln  -            173     9e-31  102.3   1.6   1   1   1.4e-32   9.7e-31  102.2   1.6     7   142     2   128     1   135 0.96 -
#
# Program:         hmmsearch
# Version:         3.1b2 (February 2015)
# Pipeline mode:   SEARCH
# Query file:      hmmModels30/d1vjxa_a.25.1.1.hmm
# Target file:     scop/scopTestSeq.fasta
# Option settings: hmmsearch --domtblout hmmModels30/d1vjxa_a.25.1.1.out -E 1 hmmModels30/d1vjxa_a.25.1.1.hmm scop/scopTestSeq.fasta 
# Current dir:     /home/anastasia/SBAS/TME8
# Date:            Sat Apr  8 15:33:50 2023
# [ok]
