#                                                                            --- full sequence --- -------------- this domain -------------   hmm coord   ali coord   env coord
# target name        accession   tlen query name           accession   qlen   E-value  score  bias   #  of  c-Evalue  i-Evalue  score  bias  from    to  from    to  from    to  acc description of target
#------------------- ---------- ----- -------------------- ---------- ----- --------- ------ ----- --- --- --------- --------- ------ ----- ----- ----- ----- ----- ----- ----- ---- ---------------------
d1pqwa_c.2.1.1       -            183 d1vj0a2c.2.1.1.aln   -            179   8.5e-59  193.5   0.3   1   1   1.8e-60   9.5e-59  193.4   0.3     4   178     1   176     1   177 0.99 -
d1kola2c.2.1.1       -            195 d1vj0a2c.2.1.1.aln   -            179   8.6e-58  190.3   0.9   1   1   1.8e-59   9.6e-58  190.1   0.9     3   179     1   193     1   193 0.99 -
d2dm6a2c.2.1.1       -            182 d1vj0a2c.2.1.1.aln   -            179   7.8e-57  187.1   0.1   1   1   1.6e-58   8.6e-57  187.0   0.1     5   177     6   179     2   181 0.98 -
d1gu7a2c.2.1.1       -            189 d1vj0a2c.2.1.1.aln   -            179   9.1e-57  186.9   0.0   1   1   1.9e-58     1e-56  186.8   0.0     2   178     2   189     1   189 0.99 -
d1qora2c.2.1.1       -            179 d1vj0a2c.2.1.1.aln   -            179   1.4e-56  186.3   0.3   1   1   2.9e-58   1.5e-56  186.2   0.3     2   178     2   179     1   179 0.99 -
d1yb5a2c.2.1.1       -            174 d1vj0a2c.2.1.1.aln   -            179   5.7e-55  181.1   2.3   1   1   1.2e-56   6.3e-55  180.9   2.3     2   178     2   174     1   174 0.99 -
d2jhfa2c.2.1.1       -            176 d1vj0a2c.2.1.1.aln   -            179   5.2e-54  178.0   1.2   1   1   1.1e-55   5.7e-54  177.8   1.2     2   177     2   176     1   176 0.99 -
d1o89a2c.2.1.1       -            177 d1vj0a2c.2.1.1.aln   -            179   2.4e-50  166.0   0.2   1   1     5e-52   2.6e-50  165.9   0.2     2   178     5   175     4   176 0.98 -
d1jqba2c.2.1.1       -            174 d1vj0a2c.2.1.1.aln   -            179   7.2e-50  164.4   4.5   1   1   1.5e-51   7.9e-50  164.3   4.5     1   177     1   173     1   174 0.98 -
d1h2ba2c.2.1.1       -            172 d1vj0a2c.2.1.1.aln   -            179   1.1e-49  163.9   1.6   1   1   2.3e-51   1.2e-49  163.7   1.6     2   178     5   172     4   172 0.98 -
d1pl8a2c.2.1.1       -            171 d1vj0a2c.2.1.1.aln   -            179   5.2e-47  155.1   3.9   1   1   1.1e-48   5.7e-47  155.0   3.9     4   178     3   170     1   171 0.98 -
d1piwa2c.2.1.1       -            168 d1vj0a2c.2.1.1.aln   -            179   1.7e-46  153.4   0.0   1   1   3.7e-48   1.9e-46  153.3   0.0     2   178     2   166     1   167 0.98 -
d1vj0a2c.2.1.1       -            182 d1vj0a2c.2.1.1.aln   -            179   1.8e-26   88.3   0.0   1   1   3.9e-28     2e-26   88.1   0.0     6   153     6   158     2   181 0.87 -
d1c1da1c.2.1.7       -            201 d1vj0a2c.2.1.1.aln   -            179     0.029    9.4   8.9   1   2   0.00012    0.0062   11.5   4.5    27    78    24    74     8    82 0.85 -
d1c1da1c.2.1.7       -            201 d1vj0a2c.2.1.1.aln   -            179     0.029    9.4   8.9   2   2      0.59        31   -0.5   0.1    36    63    90   115    75   125 0.75 -
d1luaa1c.2.1.7       -            191 d1vj0a2c.2.1.1.aln   -            179      0.19    6.7  12.5   1   2   0.00058     0.031    9.3   8.6    24    70    19    64     5    67 0.76 -
d1luaa1c.2.1.7       -            191 d1vj0a2c.2.1.1.aln   -            179      0.19    6.7  12.5   2   2       5.2   2.7e+02   -3.6   0.1    28    42    92   103    84   104 0.57 -
#
# Program:         hmmsearch
# Version:         3.1b2 (February 2015)
# Pipeline mode:   SEARCH
# Query file:      hmmModels30/d1vj0a2c.2.1.1.hmm
# Target file:     scop/scopTestSeq.fasta
# Option settings: hmmsearch --domtblout hmmModels30/d1vj0a2c.2.1.1.out -E 1 hmmModels30/d1vj0a2c.2.1.1.hmm scop/scopTestSeq.fasta 
# Current dir:     /home/anastasia/SBAS/TME8
# Date:            Sat Apr  8 15:33:50 2023
# [ok]
