#                                                                            --- full sequence --- -------------- this domain -------------   hmm coord   ali coord   env coord
# target name        accession   tlen query name           accession   qlen   E-value  score  bias   #  of  c-Evalue  i-Evalue  score  bias  from    to  from    to  from    to  acc description of target
#------------------- ---------- ----- -------------------- ---------- ----- --------- ------ ----- --- --- --------- --------- ------ ----- ----- ----- ----- ----- ----- ----- ---- ---------------------
d3hl8a_c.55.3.5      -            470 d1vk0a_c.55.3.5.aln  -            375  1.3e-198  655.0   2.3   1   1  2.7e-200  1.5e-198  654.8   2.3     1   375    63   468    63   468 1.00 -
d1s5ja1c.55.3.5      -            410 d1vk0a_c.55.3.5.aln  -            375  4.6e-145  478.8   0.3   1   1  9.2e-147  5.2e-145  478.6   0.3     1   375     2   410     2   410 1.00 -
d1q8ia1c.55.3.5      -            388 d1vk0a_c.55.3.5.aln  -            375  7.7e-143  471.5   0.0   1   1  1.5e-144  8.7e-143  471.3   0.0     1   375     1   383     1   383 1.00 -
d2hbja2c.55.3.5      -            292 d1vk0a_c.55.3.5.aln  -            375   1.2e-82  273.4   0.5   1   1   2.4e-84   1.3e-82  273.2   0.5    82   373     1   291     1   292 0.99 -
d1yt3a3c.55.3.5      -            193 d1vk0a_c.55.3.5.aln  -            375   3.9e-35  117.0   0.0   1   1   7.5e-37   4.3e-35  116.9   0.0   165   357     2   193     1   193 0.99 -
d3mxma_c.55.3.5      -            229 d1vk0a_c.55.3.5.aln  -            375   3.5e-33  110.6   0.0   1   1   6.9e-35   3.9e-33  110.4   0.0   148   368     2   228     1   229 0.99 -
d1x9ma1c.55.3.5      -            204 d1vk0a_c.55.3.5.aln  -            375   2.7e-27   91.2   0.0   1   1   5.1e-29   2.9e-27   91.1   0.0   161   370     2   203     1   204 0.97 -
d1w0ha_c.55.3.5      -            200 d1vk0a_c.55.3.5.aln  -            375   2.7e-27   91.2   0.0   1   1   5.2e-29   2.9e-27   91.1   0.0   160   368     2   200     1   200 0.99 -
d1kfsa1c.55.3.5      -            195 d1vk0a_c.55.3.5.aln  -            375   5.8e-27   90.1   0.1   1   1   1.1e-28   6.3e-27   90.0   0.1   160   356     1   195     1   195 0.98 -
d2f96a1c.55.3.5      -            202 d1vk0a_c.55.3.5.aln  -            375     9e-25   82.9   0.0   1   1   1.8e-26   9.9e-25   82.8   0.0   159   367     2   202     1   202 0.98 -
d2py5a1c.55.3.5      -            183 d1vk0a_c.55.3.5.aln  -            375   2.4e-24   81.5   0.0   1   1   4.7e-26   2.6e-24   81.4   0.0   166   354     2   183     1   183 0.99 -
d2igia_c.55.3.5      -            180 d1vk0a_c.55.3.5.aln  -            375   1.7e-21   72.1   0.1   1   1   3.3e-23   1.9e-21   72.0   0.1   164   352     3   179     1   180 0.97 -
d2guia_c.55.3.5      -            176 d1vk0a_c.55.3.5.aln  -            375   6.9e-21   70.1   0.0   1   1   1.3e-22   7.5e-21   70.0   0.0   176   355     3   173     1   176 0.97 -
d1wlja_c.55.3.5      -            173 d1vk0a_c.55.3.5.aln  -            375   4.9e-16   54.2   0.0   1   1   9.5e-18   5.4e-16   54.0   0.0   169   354     3   171     1   173 0.98 -
#
# Program:         hmmsearch
# Version:         3.1b2 (February 2015)
# Pipeline mode:   SEARCH
# Query file:      hmmModels30/d1vk0a_c.55.3.5.hmm
# Target file:     scop/scopTestSeq.fasta
# Option settings: hmmsearch --domtblout hmmModels30/d1vk0a_c.55.3.5.out -E 1 hmmModels30/d1vk0a_c.55.3.5.hmm scop/scopTestSeq.fasta 
# Current dir:     /home/anastasia/SBAS/TME8
# Date:            Sat Apr  8 15:33:51 2023
# [ok]
