#                                                                            --- full sequence --- -------------- this domain -------------   hmm coord   ali coord   env coord
# target name        accession   tlen query name           accession   qlen   E-value  score  bias   #  of  c-Evalue  i-Evalue  score  bias  from    to  from    to  from    to  acc description of target
#------------------- ---------- ----- -------------------- ---------- ----- --------- ------ ----- --- --- --------- --------- ------ ----- ----- ----- ----- ----- ----- ----- ---- ---------------------
d1p0ha_d.108.1.1     -            308 d1vkca_d.108.1.1.aln -            189   1.3e-75  248.8   0.0   1   3   3.1e-74   5.6e-73  240.2   0.0     1   189     1   208     1   208 1.00 -
d1p0ha_d.108.1.1     -            308 d1vkca_d.108.1.1.aln -            189   1.3e-75  248.8   0.0   2   3      0.79        14    0.8   0.0    89   111   227   249   222   252 0.85 -
d1p0ha_d.108.1.1     -            308 d1vkca_d.108.1.1.aln -            189   1.3e-75  248.8   0.0   3   3     0.075       1.3    4.1   0.0   129   152   277   300   265   307 0.84 -
d2p0wa_d.108.1.1     -            319 d1vkca_d.108.1.1.aln -            189   6.7e-72  236.7   0.2   1   1   6.3e-73   1.1e-71  235.9   0.2     1   189    51   244    51   244 0.99 -
d1boba_d.108.1.1     -            315 d1vkca_d.108.1.1.aln -            189   1.5e-65  216.0   0.1   1   1   1.1e-66   1.9e-65  215.6   0.1     1   189    43   240    43   240 0.99 -
d2pq8a_d.108.1.1     -            271 d1vkca_d.108.1.1.aln -            189   8.4e-58  190.7   0.0   1   1   5.7e-59     1e-57  190.4   0.0     2   189    45   249    44   249 0.99 -
d1u6ma_d.108.1.1     -            189 d1vkca_d.108.1.1.aln -            189   8.7e-29   96.1   0.1   1   1   5.4e-30   9.7e-29   95.9   0.1     2   168    21   187    20   189 0.98 -
d1yk3a1d.108.1.1     -            198 d1vkca_d.108.1.1.aln -            189   5.1e-26   87.1   0.0   1   1   3.2e-27   5.7e-26   86.9   0.0     7   170    32   197    26   198 0.96 -
d2gana1d.108.1.1     -            182 d1vkca_d.108.1.1.aln -            189   1.2e-23   79.3   0.1   1   1   7.3e-25   1.3e-23   79.2   0.1     4   165    18   178    15   182 0.95 -
d1tiqa_d.108.1.1     -            173 d1vkca_d.108.1.1.aln -            189   2.4e-23   78.4   0.1   1   1   1.5e-24   2.6e-23   78.2   0.1    24   173    21   170     5   173 0.93 -
d1z4ea1d.108.1.1     -            150 d1vkca_d.108.1.1.aln -            189   8.8e-23   76.5   0.1   1   1   5.9e-24   1.1e-22   76.2   0.1    18   155    13   145     5   148 0.96 -
d1mk4a_d.108.1.1     -            157 d1vkca_d.108.1.1.aln -            189   8.8e-22   73.2   0.0   1   1   5.6e-23     1e-21   73.0   0.0    18   168     3   144     1   151 0.95 -
d1m4ia_d.108.1.1     -            181 d1vkca_d.108.1.1.aln -            189   1.9e-21   72.2   0.1   1   1   1.1e-22     2e-21   72.0   0.1    12   189     2   181     1   181 0.98 -
d1i12a_d.108.1.1     -            157 d1vkca_d.108.1.1.aln -            189   1.8e-20   68.9   0.0   1   1   1.2e-21   2.2e-20   68.7   0.0     5   158     5   155     2   157 0.95 -
d1ufha_d.108.1.1     -            155 d1vkca_d.108.1.1.aln -            189   5.8e-20   67.3   0.4   1   1   3.9e-21     7e-20   67.0   0.4     6   154     2   149     1   153 0.91 -
d1y9ka1d.108.1.1     -            152 d1vkca_d.108.1.1.aln -            189   8.3e-20   66.8   0.0   1   1     5e-21     9e-20   66.7   0.0    38   167    16   144     1   150 0.84 -
d2ae6a1d.108.1.1     -            161 d1vkca_d.108.1.1.aln -            189   5.3e-19   64.2   0.0   1   1   3.4e-20   6.2e-19   64.0   0.0    15   170     7   156     1   159 0.95 -
d2jdca1d.108.1.1     -            145 d1vkca_d.108.1.1.aln -            189   3.5e-18   61.5   0.0   1   1     2e-19   3.7e-18   61.4   0.0    26   170     6   143     1   145 0.91 -
d1qsma_d.108.1.1     -            150 d1vkca_d.108.1.1.aln -            189   4.8e-18   61.1   0.1   1   1   2.8e-19     5e-18   61.0   0.1    14   153     4   142     1   150 0.95 -
d1n71a_d.108.1.1     -            180 d1vkca_d.108.1.1.aln -            189   3.1e-17   58.4   0.0   1   1   1.8e-18   3.3e-17   58.3   0.0     6   171     3   174     1   180 0.96 -
d1cjwa_d.108.1.1     -            166 d1vkca_d.108.1.1.aln -            189   5.5e-17   57.6   0.0   1   1   3.6e-18   6.4e-17   57.4   0.0     9   168     6   163     2   166 0.96 -
d2cy2a1d.108.1.1     -            174 d1vkca_d.108.1.1.aln -            189   7.2e-17   57.2   1.0   1   1   4.6e-18   8.2e-17   57.0   1.0    14   177    10   173     2   174 0.93 -
d2euia1d.108.1.1     -            153 d1vkca_d.108.1.1.aln -            189   1.6e-16   56.1   0.0   1   1   1.1e-17   1.9e-16   55.8   0.0    27   158    16   144     2   149 0.84 -
d2fl4a1d.108.1.1     -            146 d1vkca_d.108.1.1.aln -            189   1.8e-16   55.9   0.3   1   1   1.1e-17   2.1e-16   55.7   0.3    20   159     2   137     1   144 0.92 -
d2fiaa1d.108.1.1     -            157 d1vkca_d.108.1.1.aln -            189   5.2e-16   54.4   0.2   1   1   3.1e-17   5.5e-16   54.3   0.2    52   170    41   153     4   157 0.84 -
d1y9wa1d.108.1.1     -            140 d1vkca_d.108.1.1.aln -            189   5.3e-16   54.4   0.2   1   1   3.2e-17   5.7e-16   54.3   0.2    23   170     3   139     1   140 0.84 -
d2b5ga_d.108.1.1     -            168 d1vkca_d.108.1.1.aln -            189   1.2e-15   53.2   0.1   1   1   8.4e-17   1.5e-15   52.9   0.1    27   159    22   154     9   164 0.91 -
d1ghea_d.108.1.1     -            170 d1vkca_d.108.1.1.aln -            189   2.2e-15   52.4   0.0   1   1   1.3e-16   2.3e-15   52.3   0.0    12   159     7   153     1   169 0.92 -
d1bo4a_d.108.1.1     -            137 d1vkca_d.108.1.1.aln -            189   1.4e-14   49.8   0.0   1   1   8.7e-16   1.6e-14   49.6   0.0    18   148    12   137     3   137 0.87 -
d1wwza1d.108.1.1     -            157 d1vkca_d.108.1.1.aln -            189   1.1e-13   46.8   0.2   1   1   7.2e-15   1.3e-13   46.6   0.2    79   162    72   154    13   157 0.91 -
d1z4ra1d.108.1.1     -            162 d1vkca_d.108.1.1.aln -            189   1.2e-13   46.7   0.0   1   1   8.1e-15   1.4e-13   46.4   0.0    41   170    33   152    11   158 0.85 -
d2g3aa1d.108.1.1     -            137 d1vkca_d.108.1.1.aln -            189   2.1e-13   45.9   0.0   1   1   1.3e-14   2.3e-13   45.8   0.0    93   170    61   136    11   137 0.87 -
d1y7ra1d.108.1.1     -            133 d1vkca_d.108.1.1.aln -            189   4.6e-13   44.8   0.0   1   1   2.7e-14   4.9e-13   44.7   0.0    22   161     2   131     1   133 0.94 -
d2fiwa1d.108.1.1     -            156 d1vkca_d.108.1.1.aln -            189   7.6e-13   44.1   0.0   1   1   4.5e-14   8.1e-13   44.0   0.0    12   170     2   153     1   156 0.91 -
d1xeba_d.108.1.1     -            149 d1vkca_d.108.1.1.aln -            189   9.1e-13   43.8   0.2   1   1   6.1e-14   1.1e-12   43.6   0.2    18   162     8   142     2   146 0.90 -
d1q2ya_d.108.1.1     -            140 d1vkca_d.108.1.1.aln -            189   2.5e-12   42.4   0.1   1   1   1.5e-13   2.7e-12   42.3   0.1    26   169     9   139     1   140 0.92 -
d2atra1d.108.1.1     -            137 d1vkca_d.108.1.1.aln -            189   2.7e-12   42.3   0.0   1   1   1.8e-13   3.2e-12   42.1   0.0    22   163     5   134     2   137 0.90 -
d1yx0a1d.108.1.1     -            151 d1vkca_d.108.1.1.aln -            189   4.9e-12   41.5   0.0   1   1   2.9e-13   5.2e-12   41.4   0.0    57   169    43   149     5   151 0.86 -
d2fcka1d.108.1.1     -            178 d1vkca_d.108.1.1.aln -            189   9.2e-12   40.5   0.1   1   1   5.8e-13     1e-11   40.4   0.1    16   161    18   172     6   177 0.90 -
d1nsla_d.108.1.1     -            180 d1vkca_d.108.1.1.aln -            189   2.2e-11   39.3   0.0   1   1   1.4e-12   2.5e-11   39.2   0.0    11   173    12   175     3   180 0.90 -
d1r57a_d.108.1.1     -            102 d1vkca_d.108.1.1.aln -            189   1.6e-09   33.2   0.0   1   1     1e-10   1.9e-09   33.0   0.0    85   156    28   102     3   102 0.90 -
d1vkca_d.108.1.1     -            149 d1vkca_d.108.1.1.aln -            189   2.2e-09   32.8   0.2   1   1   1.9e-10   3.4e-09   32.2   0.2    93   151    83   140    32   147 0.86 -
d2aj6a1d.108.1.1     -            118 d1vkca_d.108.1.1.aln -            189     5e-09   31.6   0.0   1   1   3.1e-10   5.5e-09   31.5   0.0    21   129    15   115     5   118 0.91 -
d1xmta_d.108.1.1     -             95 d1vkca_d.108.1.1.aln -            189   6.3e-07   24.8   0.0   1   1     4e-08   7.1e-07   24.6   0.0    78   133    18    73     9    86 0.92 -
d2fsra1d.108.1.1     -            164 d1vkca_d.108.1.1.aln -            189     3e-05   19.3   0.0   1   1     2e-06   3.5e-05   19.1   0.0    12   148     6   143     2   163 0.84 -
d2d4pa1d.108.1.1     -            130 d1vkca_d.108.1.1.aln -            189   0.00036   15.8   0.1   1   1   2.3e-05   0.00041   15.6   0.1    27   145     4   111     1   117 0.91 -
#
# Program:         hmmsearch
# Version:         3.1b2 (February 2015)
# Pipeline mode:   SEARCH
# Query file:      hmmModels30/d1vkca_d.108.1.1.hmm
# Target file:     scop/scopTestSeq.fasta
# Option settings: hmmsearch --domtblout hmmModels30/d1vkca_d.108.1.1.out -E 1 hmmModels30/d1vkca_d.108.1.1.hmm scop/scopTestSeq.fasta 
# Current dir:     /home/anastasia/SBAS/TME8
# Date:            Sat Apr  8 15:33:51 2023
# [ok]
