#                                                                            --- full sequence --- -------------- this domain -------------   hmm coord   ali coord   env coord
# target name        accession   tlen query name           accession   qlen   E-value  score  bias   #  of  c-Evalue  i-Evalue  score  bias  from    to  from    to  from    to  acc description of target
#------------------- ---------- ----- -------------------- ---------- ----- --------- ------ ----- --- --- --------- --------- ------ ----- ----- ----- ----- ----- ----- ----- ---- ---------------------
d2arza1b.45.1.1      -            238 d1vl7a_b.45.1.1.aln  -            164     6e-65  213.4   0.0   1   2      0.76        43   -0.7   0.0     9    35     6    34     4    36 0.81 -
d2arza1b.45.1.1      -            238 d1vl7a_b.45.1.1.aln  -            164     6e-65  213.4   0.0   2   2   2.5e-66   1.4e-64  212.2   0.0     1   164    34   225    34   225 0.99 -
d2vpaa_b.45.1.1      -            215 d1vl7a_b.45.1.1.aln  -            164   9.7e-60  196.5   0.0   1   1   2.3e-61   1.3e-59  196.1   0.0     1   164    37   206    37   206 0.99 -
d2fura1b.45.1.1      -            193 d1vl7a_b.45.1.1.aln  -            164   1.4e-59  196.0   0.0   1   1   2.8e-61   1.6e-59  195.8   0.0     4   164     2   163     1   163 0.99 -
d2fg9a1b.45.1.1      -            157 d1vl7a_b.45.1.1.aln  -            164   5.8e-39  128.9   0.0   1   1   1.1e-40   6.4e-39  128.8   0.0     1   161     1   157     1   157 0.98 -
d2htia1b.45.1.1      -            156 d1vl7a_b.45.1.1.aln  -            164     2e-37  124.0   0.0   1   1   3.7e-39   2.1e-37  123.9   0.0     5   161     2   155     1   156 0.96 -
d1rfea_b.45.1.1      -            160 d1vl7a_b.45.1.1.aln  -            164   7.1e-36  118.9   0.0   1   1   1.4e-37   7.7e-36  118.8   0.0     1   159     4   154     4   159 0.97 -
d2i02a1b.45.1.1      -            143 d1vl7a_b.45.1.1.aln  -            164   3.2e-34  113.5   0.0   1   1   6.2e-36   3.5e-34  113.4   0.0     3   160     2   142     1   143 0.98 -
d1xhna1b.45.1.1      -            170 d1vl7a_b.45.1.1.aln  -            164   5.8e-32  106.2   0.0   1   1   1.1e-33   6.4e-32  106.0   0.0     1   163     4   169     4   170 0.98 -
d2hq9a1b.45.1.1      -            148 d1vl7a_b.45.1.1.aln  -            164   7.9e-31  102.5   0.0   1   1   1.5e-32   8.6e-31  102.4   0.0     2   161     2   148     1   148 0.97 -
d2hq7a1b.45.1.1      -            141 d1vl7a_b.45.1.1.aln  -            164     2e-30  101.2   0.0   1   1   3.8e-32   2.1e-30  101.1   0.0     7   159     5   139     1   141 0.96 -
d1w9aa_b.45.1.1      -            142 d1vl7a_b.45.1.1.aln  -            164   1.3e-28   95.3   0.0   1   1   2.5e-30   1.4e-28   95.1   0.0     7   161     1   141     1   142 0.97 -
d2fhqa1b.45.1.1      -            135 d1vl7a_b.45.1.1.aln  -            164   4.9e-27   90.2   0.0   1   1   9.4e-29   5.3e-27   90.0   0.0     6   157     3   134     1   135 0.98 -
d2asfa1b.45.1.1      -            125 d1vl7a_b.45.1.1.aln  -            164   9.2e-20   66.5   0.0   1   1   2.1e-21   1.2e-19   66.2   0.0     9   146     2   118     1   122 0.94 -
d3a6ra_b.45.1.1      -            122 d1vl7a_b.45.1.1.aln  -            164   1.6e-11   39.7   0.0   1   1   5.8e-13   3.3e-11   38.7   0.0     7   162     2   120     1   122 0.96 -
#
# Program:         hmmsearch
# Version:         3.1b2 (February 2015)
# Pipeline mode:   SEARCH
# Query file:      hmmModels30/d1vl7a_b.45.1.1.hmm
# Target file:     scop/scopTestSeq.fasta
# Option settings: hmmsearch --domtblout hmmModels30/d1vl7a_b.45.1.1.out -E 1 hmmModels30/d1vl7a_b.45.1.1.hmm scop/scopTestSeq.fasta 
# Current dir:     /home/anastasia/SBAS/TME8
# Date:            Sat Apr  8 15:33:51 2023
# [ok]
