#                                                                            --- full sequence --- -------------- this domain -------------   hmm coord   ali coord   env coord
# target name        accession   tlen query name           accession   qlen   E-value  score  bias   #  of  c-Evalue  i-Evalue  score  bias  from    to  from    to  from    to  acc description of target
#------------------- ---------- ----- -------------------- ---------- ----- --------- ------ ----- --- --- --------- --------- ------ ----- ----- ----- ----- ----- ----- ----- ---- ---------------------
d3mw9a1c.2.1.7       -            293 d1vl6a1c.2.1.7.aln   -            241  2.4e-113  373.2   0.0   1   1  4.1e-115  2.7e-113  373.1   0.0     1   241     1   292     1   292 1.00 -
d1o0sa1c.2.1.7       -            308 d1vl6a1c.2.1.7.aln   -            241  2.8e-105  346.8   0.8   1   1    5e-107  3.3e-105  346.6   0.8     1   241    26   287    26   287 1.00 -
d1euza1c.2.1.7       -            239 d1vl6a1c.2.1.7.aln   -            241   2.8e-90  297.7   1.3   1   1   4.8e-92   3.1e-90  297.6   1.3     2   240     2   237     1   238 0.99 -
d1bgva1c.2.1.7       -            255 d1vl6a1c.2.1.7.aln   -            241   2.1e-86  285.0   1.7   1   1   3.6e-88   2.4e-86  284.9   1.7     1   241     5   255     5   255 1.00 -
d1c1da1c.2.1.7       -            201 d1vl6a1c.2.1.7.aln   -            241   7.3e-45  149.0   1.0   1   1   1.3e-46   8.3e-45  148.8   1.0     7   234     1   201     1   201 0.98 -
d1npya1c.2.1.7       -            167 d1vl6a1c.2.1.7.aln   -            241   1.1e-28   96.0   4.9   1   1   1.4e-29   9.2e-28   93.0   4.9    12   225     2   166     1   167 0.98 -
d1luaa1c.2.1.7       -            191 d1vl6a1c.2.1.7.aln   -            241   2.4e-28   95.0   5.7   1   1   1.4e-29   9.2e-28   93.0   5.7     9   237     1   191     1   191 0.98 -
d1edza1c.2.1.7       -            171 d1vl6a1c.2.1.7.aln   -            241     1e-26   89.6   0.0   1   1   7.8e-28   5.1e-26   87.3   0.0    10   223     2   169     1   171 0.97 -
d1nyta1c.2.1.7       -            170 d1vl6a1c.2.1.7.aln   -            241   7.5e-24   80.2   0.0   1   1   1.3e-24   8.2e-23   76.8   0.0    12   224     2   168     1   170 0.97 -
d1gpja2c.2.1.7       -            159 d1vl6a1c.2.1.7.aln   -            241   1.1e-22   76.4   0.4   1   1   7.9e-24   5.2e-22   74.2   0.4     7   213     1   158     1   159 0.97 -
d1vl6a1c.2.1.7       -            222 d1vl6a1c.2.1.7.aln   -            241   5.6e-07   25.0   0.3   1   2   4.2e-08   2.7e-06   22.7   0.1    13   146     8   135     2   145 0.76 -
d1vl6a1c.2.1.7       -            222 d1vl6a1c.2.1.7.aln   -            241   5.6e-07   25.0   0.3   2   2       0.4        26   -0.1   0.0   135   168   187   220   168   222 0.83 -
d1kola2c.2.1.1       -            195 d1vl6a1c.2.1.7.aln   -            241     0.006   11.8   0.1   1   1   0.00013    0.0087   11.3   0.1    33    63    27    56     8    69 0.77 -
#
# Program:         hmmsearch
# Version:         3.1b2 (February 2015)
# Pipeline mode:   SEARCH
# Query file:      hmmModels30/d1vl6a1c.2.1.7.hmm
# Target file:     scop/scopTestSeq.fasta
# Option settings: hmmsearch --domtblout hmmModels30/d1vl6a1c.2.1.7.out -E 1 hmmModels30/d1vl6a1c.2.1.7.hmm scop/scopTestSeq.fasta 
# Current dir:     /home/anastasia/SBAS/TME8
# Date:            Sat Apr  8 15:33:51 2023
# [ok]
