#                                                                            --- full sequence --- -------------- this domain -------------   hmm coord   ali coord   env coord
# target name        accession   tlen query name           accession   qlen   E-value  score  bias   #  of  c-Evalue  i-Evalue  score  bias  from    to  from    to  from    to  acc description of target
#------------------- ---------- ----- -------------------- ---------- ----- --------- ------ ----- --- --- --------- --------- ------ ----- ----- ----- ----- ----- ----- ----- ---- ---------------------
d1p1ja1c.2.1.3       -            411 d1vm6a3c.2.1.3.aln   -            192  6.9e-104  341.2   0.3   1   2       9.6     3e+02   -3.4   0.0    33    61    18    46    14    47 0.80 -
d1p1ja1c.2.1.3       -            411 d1vm6a3c.2.1.3.aln   -            192  6.9e-104  341.2   0.3   2   2  3.3e-105    1e-103  340.6   0.0     1   192    55   312    55   312 1.00 -
d3cina1c.2.1.3       -            276 d1vm6a3c.2.1.3.aln   -            192   1.5e-49  163.9   0.0   1   1   5.5e-51   1.8e-49  163.7   0.0     2   191     1   253     1   254 0.99 -
d1h6da1c.2.1.3       -            222 d1vm6a3c.2.1.3.aln   -            192   4.2e-48  159.2   0.0   1   1   1.5e-49   4.7e-48  159.0   0.0     2   191    32   221    31   222 0.99 -
d2nvwa1c.2.1.3       -            238 d1vm6a3c.2.1.3.aln   -            192   3.2e-39  130.2   0.0   1   1   1.1e-40   3.6e-39  130.0   0.0     2   190    15   219    14   221 0.98 -
d1gr0a1c.2.1.3       -            244 d1vm6a3c.2.1.3.aln   -            192   2.2e-38  127.5   0.1   1   1     8e-40   2.5e-38  127.3   0.1     3   190     2   228     1   230 0.99 -
d1qkia1c.2.1.3       -            204 d1vm6a3c.2.1.3.aln   -            192   4.6e-27   90.6   0.0   1   1   1.7e-28   5.5e-27   90.3   0.0    13   191    19   203     9   204 0.95 -
d1h9aa1c.2.1.3       -            196 d1vm6a3c.2.1.3.aln   -            192     8e-24   80.0   0.1   1   1   2.8e-25   8.7e-24   79.9   0.1     3   191     3   191     1   192 0.98 -
d1zh8a1c.2.1.3       -            182 d1vm6a3c.2.1.3.aln   -            192   1.2e-21   72.9   0.0   1   1   4.5e-23   1.4e-21   72.7   0.0     2   181     2   179     1   181 0.97 -
d1vkna1c.2.1.3       -            177 d1vm6a3c.2.1.3.aln   -            192   3.2e-21   71.5   0.0   1   1   1.2e-22   3.8e-21   71.3   0.0     3   175     1   169     1   175 0.97 -
d1tlta1c.2.1.3       -            165 d1vm6a3c.2.1.3.aln   -            192   1.2e-19   66.3   0.0   1   1   4.2e-21   1.3e-19   66.2   0.0     3   178     1   161     1   165 0.96 -
d1ydwa1c.2.1.3       -            185 d1vm6a3c.2.1.3.aln   -            192   4.1e-19   64.6   0.0   1   1   1.5e-20   4.8e-19   64.4   0.0     4   186     2   181     1   184 0.98 -
d1xeaa1c.2.1.3       -            168 d1vm6a3c.2.1.3.aln   -            192   1.9e-16   56.0   0.0   1   1   6.4e-18     2e-16   55.8   0.0     4   182     2   164     1   168 0.97 -
d1e5qa1c.2.1.3       -            183 d1vm6a3c.2.1.3.aln   -            192   1.3e-15   53.2   0.0   1   1   4.6e-17   1.4e-15   53.1   0.0     4   191     3   177     1   178 0.98 -
d1lc0a1c.2.1.3       -            173 d1vm6a3c.2.1.3.aln   -            192   2.5e-14   49.0   0.0   1   1   8.8e-16   2.8e-14   48.9   0.0     3   179     7   171     5   173 0.95 -
d1nvmb1c.2.1.3       -            158 d1vm6a3c.2.1.3.aln   -            192   3.9e-14   48.4   0.1   1   1   1.4e-15   4.4e-14   48.2   0.1     2   177     3   156     2   158 0.96 -
d1f06a1c.2.1.3       -            171 d1vm6a3c.2.1.3.aln   -            192   6.4e-14   47.7   0.0   1   1   2.2e-15   6.9e-14   47.6   0.0     2   175     2   160     1   170 0.89 -
d1cf2o1c.2.1.3       -            172 d1vm6a3c.2.1.3.aln   -            192   8.7e-12   40.7   0.7   1   1   3.1e-13   9.8e-12   40.6   0.7     3   184     1   171     1   172 0.91 -
d1t4ba1c.2.1.3       -            147 d1vm6a3c.2.1.3.aln   -            192   2.4e-11   39.3   0.0   1   1   8.8e-13   2.8e-11   39.1   0.0     3   171     1   146     1   147 0.96 -
d1ebfa1c.2.1.3       -            169 d1vm6a3c.2.1.3.aln   -            192   3.1e-11   38.9   0.1   1   1   1.1e-12   3.6e-11   38.7   0.1     4   181     5   164     2   168 0.92 -
d1drua1c.2.1.3       -            161 d1vm6a3c.2.1.3.aln   -            192   3.3e-11   38.9   0.0   1   1   1.2e-12   3.7e-11   38.7   0.0     3   183     2   159     1   161 0.95 -
d1yl7a1c.2.1.3       -            136 d1vm6a3c.2.1.3.aln   -            192   2.5e-10   35.9   0.0   1   1   8.9e-12   2.8e-10   35.8   0.0    31   183     3   136     1   136 0.97 -
d2g82a1c.2.1.3       -            169 d1vm6a3c.2.1.3.aln   -            192   1.4e-09   33.5   0.1   1   1     5e-11   1.6e-09   33.4   0.1     4   173     1   156     1   168 0.95 -
d1q0qa2c.2.1.3       -            152 d1vm6a3c.2.1.3.aln   -            192   7.3e-09   31.2   0.0   1   1   2.6e-10   8.4e-09   31.0   0.0     3   161     1   151     1   152 0.83 -
d1j5pa4c.2.1.3       -            133 d1vm6a3c.2.1.3.aln   -            192   4.1e-07   25.5   0.4   1   1   6.7e-08   2.1e-06   23.2   0.4    39   174    18   133     1   133 0.91 -
d1t1ra3c.2.1.3       -             26 d1vm6a3c.2.1.3.aln   -            192    0.0052   12.1   0.0   1   1   0.00016    0.0052   12.1   0.0   139   162     2    25     1    26 0.92 -
#
# Program:         hmmsearch
# Version:         3.1b2 (February 2015)
# Pipeline mode:   SEARCH
# Query file:      hmmModels30/d1vm6a3c.2.1.3.hmm
# Target file:     scop/scopTestSeq.fasta
# Option settings: hmmsearch --domtblout hmmModels30/d1vm6a3c.2.1.3.out -E 1 hmmModels30/d1vm6a3c.2.1.3.hmm scop/scopTestSeq.fasta 
# Current dir:     /home/anastasia/SBAS/TME8
# Date:            Sat Apr  8 15:33:51 2023
# [ok]
