#                                                                            --- full sequence --- -------------- this domain -------------   hmm coord   ali coord   env coord
# target name        accession   tlen query name           accession   qlen   E-value  score  bias   #  of  c-Evalue  i-Evalue  score  bias  from    to  from    to  from    to  acc description of target
#------------------- ---------- ----- -------------------- ---------- ----- --------- ------ ----- --- --- --------- --------- ------ ----- ----- ----- ----- ----- ----- ----- ---- ---------------------
d1lj8a4c.2.1.6       -            286 d1vpda2c.2.1.6.aln   -            190   1.1e-97  321.2   0.0   1   1   2.9e-99   1.3e-97  320.9   0.0     1   190    56   264    56   264 1.00 -
d1jaya_c.2.1.6       -            212 d1vpda2c.2.1.6.aln   -            190   1.4e-46  154.4   0.0   1   1   3.6e-48   1.6e-46  154.3   0.0     3   189     4   204     1   205 0.98 -
d1mv8a2c.2.1.6       -            202 d1vpda2c.2.1.6.aln   -            190   1.2e-44  148.1   0.0   1   1     3e-46   1.3e-44  148.0   0.0     1   189     1   196     1   197 0.99 -
d1f0ya2c.2.1.6       -            192 d1vpda2c.2.1.6.aln   -            190   1.4e-42  141.4   1.3   1   1   3.6e-44   1.6e-42  141.2   1.3     1   190     5   192     5   192 0.99 -
d1evya2c.2.1.6       -            189 d1vpda2c.2.1.6.aln   -            190     3e-40  133.8   0.0   1   1   7.5e-42   3.3e-40  133.7   0.0     2   187     9   188     8   189 0.99 -
d1bg6a2c.2.1.6       -            184 d1vpda2c.2.1.6.aln   -            190   5.9e-38  126.3   0.1   1   1   1.5e-39   6.4e-38  126.2   0.1     2   186     3   175     2   179 0.98 -
d1txga2c.2.1.6       -            180 d1vpda2c.2.1.6.aln   -            190   9.6e-38  125.6   0.0   1   1   2.4e-39   1.1e-37  125.5   0.0     1   184     1   179     1   180 0.99 -
d1dlja2c.2.1.6       -            196 d1vpda2c.2.1.6.aln   -            190   4.4e-37  123.5   0.0   1   1   1.1e-38   4.8e-37  123.3   0.0     1   190     1   191     1   191 0.99 -
d2f1ka2c.2.1.6       -            165 d1vpda2c.2.1.6.aln   -            190   8.9e-35  115.9   0.0   1   1   2.3e-36   9.9e-35  115.8   0.0     1   186     1   165     1   165 0.98 -
d1ks9a2c.2.1.6       -            167 d1vpda2c.2.1.6.aln   -            190   3.2e-32  107.6   0.0   1   1   8.2e-34   3.6e-32  107.4   0.0     1   187     1   167     1   167 0.99 -
d2pv7a2c.2.1.6       -            152 d1vpda2c.2.1.6.aln   -            190   3.2e-24   81.5   0.0   1   1   1.7e-25   7.6e-24   80.3   0.0     7   185     1   151     1   152 0.96 -
d2ahra2c.2.1.6       -            152 d1vpda2c.2.1.6.aln   -            190   8.1e-24   80.2   0.0   1   1   2.9e-25   1.3e-23   79.6   0.0     1   183     1   148     1   152 0.92 -
d1i36a2c.2.1.6       -            152 d1vpda2c.2.1.6.aln   -            190   1.4e-22   76.2   0.3   1   1   3.5e-24   1.5e-22   76.0   0.3     1   150     1   134     1   150 0.96 -
d1yqga2c.2.1.6       -            152 d1vpda2c.2.1.6.aln   -            190   1.5e-22   76.1   0.0   1   1   3.9e-24   1.7e-22   75.9   0.0     1   172     1   138     1   152 0.92 -
d2i76a2c.2.1.6       -            153 d1vpda2c.2.1.6.aln   -            190   2.9e-19   65.3   0.0   1   1   7.4e-21   3.2e-19   65.2   0.0     4   186     3   152     1   153 0.96 -
d1vpda2c.2.1.6       -            161 d1vpda2c.2.1.6.aln   -            190   0.00042   15.9   0.0   1   1   1.6e-05   0.00072   15.1   0.0     1    77     1    62     1    67 0.77 -
d1pl8a2c.2.1.1       -            171 d1vpda2c.2.1.6.aln   -            190   0.00055   15.5   0.3   1   1   1.8e-05   0.00077   15.0   0.3     2    64    29    90    28   127 0.83 -
d1gpja2c.2.1.7       -            159 d1vpda2c.2.1.6.aln   -            190    0.0013   14.2   0.5   1   1   4.8e-05    0.0021   13.6   0.5     2    46    26    70    25    94 0.80 -
#
# Program:         hmmsearch
# Version:         3.1b2 (February 2015)
# Pipeline mode:   SEARCH
# Query file:      hmmModels30/d1vpda2c.2.1.6.hmm
# Target file:     scop/scopTestSeq.fasta
# Option settings: hmmsearch --domtblout hmmModels30/d1vpda2c.2.1.6.out -E 1 hmmModels30/d1vpda2c.2.1.6.hmm scop/scopTestSeq.fasta 
# Current dir:     /home/anastasia/SBAS/TME8
# Date:            Sat Apr  8 15:33:51 2023
# [ok]
