#                                                                            --- full sequence --- -------------- this domain -------------   hmm coord   ali coord   env coord
# target name        accession   tlen query name           accession   qlen   E-value  score  bias   #  of  c-Evalue  i-Evalue  score  bias  from    to  from    to  from    to  acc description of target
#------------------- ---------- ----- -------------------- ---------- ----- --------- ------ ----- --- --- --------- --------- ------ ----- ----- ----- ----- ----- ----- ----- ---- ---------------------
d3bpza_b.82.3.2      -            194 d1vp6a_b.82.3.2.aln  -            140   6.6e-72  235.2   0.1   1   2       2.4   1.6e+02   -2.6   0.0    15    35    11    31     6    36 0.75 -
d3bpza_b.82.3.2      -            194 d1vp6a_b.82.3.2.aln  -            140   6.6e-72  235.2   0.1   2   2   1.9e-73   1.3e-71  234.3   0.1     1   140    53   191    53   191 0.99 -
d1cx4a2b.82.3.2      -            147 d1vp6a_b.82.3.2.aln  -            140     3e-45  148.8   0.1   1   1   5.2e-47   3.4e-45  148.6   0.1    16   140     2   136     1   136 0.99 -
d1o7fa2b.82.3.2      -            155 d1vp6a_b.82.3.2.aln  -            140   1.5e-40  133.6   0.0   1   1   2.6e-42   1.7e-40  133.4   0.0     2   140    10   153     9   153 0.98 -
d1cx4a1b.82.3.2      -            136 d1vp6a_b.82.3.2.aln  -            140   1.9e-40  133.3   0.0   1   1   3.1e-42   2.1e-40  133.2   0.0     2   132     2   135     1   136 0.98 -
d1zyba2b.82.3.2      -            147 d1vp6a_b.82.3.2.aln  -            140   9.4e-38  124.5   0.1   1   1   1.6e-39     1e-37  124.4   0.1    11   140     1   144     1   144 0.99 -
d1o7fa3b.82.3.2      -            124 d1vp6a_b.82.3.2.aln  -            140   1.1e-34  114.6   0.0   1   1   1.8e-36   1.2e-34  114.5   0.0     8   127     2   123     1   124 0.98 -
d1wgpa_b.82.3.2      -            137 d1vp6a_b.82.3.2.aln  -            140   2.9e-33  110.0   0.0   1   1   4.8e-35   3.1e-33  109.9   0.0    14   139     4   136     1   137 0.97 -
d2gaua2b.82.3.2      -            142 d1vp6a_b.82.3.2.aln  -            140   3.1e-29   96.9   0.1   1   1   5.8e-31   3.8e-29   96.6   0.1     2   131    14   142    13   142 0.98 -
d3e5ua2b.82.3.2      -            139 d1vp6a_b.82.3.2.aln  -            140   3.3e-29   96.9   0.1   1   1   5.5e-31   3.6e-29   96.7   0.1     2   131     7   139     6   139 0.99 -
d1o5la1b.82.3.2      -            129 d1vp6a_b.82.3.2.aln  -            140   1.5e-24   81.8   0.1   1   1   2.5e-26   1.6e-24   81.6   0.1     3   131     1   129     1   129 0.99 -
d1vp6a_b.82.3.2      -            133 d1vp6a_b.82.3.2.aln  -            140   1.2e-19   65.9   0.0   1   1     2e-21   1.3e-19   65.7   0.0    15   139    10   131     5   132 0.96 -
d2zcwa2b.82.3.2      -            112 d1vp6a_b.82.3.2.aln  -            140   1.1e-14   49.8   0.0   1   1   1.8e-16   1.2e-14   49.7   0.0    14   131     2   112     1   112 0.98 -
#
# Program:         hmmsearch
# Version:         3.1b2 (February 2015)
# Pipeline mode:   SEARCH
# Query file:      hmmModels30/d1vp6a_b.82.3.2.hmm
# Target file:     scop/scopTestSeq.fasta
# Option settings: hmmsearch --domtblout hmmModels30/d1vp6a_b.82.3.2.out -E 1 hmmModels30/d1vp6a_b.82.3.2.hmm scop/scopTestSeq.fasta 
# Current dir:     /home/anastasia/SBAS/TME8
# Date:            Sat Apr  8 15:33:51 2023
# [ok]
