#                                                                            --- full sequence --- -------------- this domain -------------   hmm coord   ali coord   env coord
# target name        accession   tlen query name           accession   qlen   E-value  score  bias   #  of  c-Evalue  i-Evalue  score  bias  from    to  from    to  from    to  acc description of target
#------------------- ---------- ----- -------------------- ---------- ----- --------- ------ ----- --- --- --------- --------- ------ ----- ----- ----- ----- ----- ----- ----- ---- ---------------------
d2nuja1d.38.1.1      -            159 d1vpma_d.38.1.1.aln  -            139   1.1e-56  185.9   0.0   1   1   2.6e-58   1.3e-56  185.7   0.0     1   138    20   155    20   156 0.99 -
d2hlja1d.38.1.1      -            156 d1vpma_d.38.1.1.aln  -            139   3.9e-53  174.4   0.0   1   1   8.9e-55   4.4e-53  174.3   0.0     1   139     1   138     1   138 0.99 -
d2hx5a1d.38.1.1      -            144 d1vpma_d.38.1.1.aln  -            139   1.6e-45  149.8   0.0   1   1   3.5e-47   1.7e-45  149.7   0.0     2   136     4   143     3   144 0.98 -
d2oafa1d.38.1.1      -            143 d1vpma_d.38.1.1.aln  -            139   1.5e-42  140.1   0.0   1   1   3.4e-44   1.7e-42  140.0   0.0     2   138     6   142     5   143 0.98 -
d2gf6a1d.38.1.1      -            134 d1vpma_d.38.1.1.aln  -            139   1.1e-41  137.3   0.0   1   1   2.5e-43   1.2e-41  137.2   0.0     3   134     4   132     2   134 0.98 -
d2oiwa1d.38.1.1      -            131 d1vpma_d.38.1.1.aln  -            139   1.4e-41  137.0   0.2   1   1     3e-43   1.5e-41  136.9   0.2     4   139     1   130     1   130 0.99 -
d1s5ua_d.38.1.1      -            129 d1vpma_d.38.1.1.aln  -            139   1.2e-40  134.0   0.7   1   1   2.6e-42   1.3e-40  133.9   0.7     4   133     2   129     1   129 0.99 -
d1lo7a_d.38.1.1      -            140 d1vpma_d.38.1.1.aln  -            139   6.7e-40  131.6   0.0   1   1   1.5e-41   7.3e-40  131.4   0.0     3   137     2   139     1   140 0.98 -
d3qy3a1d.38.1.1      -            130 d1vpma_d.38.1.1.aln  -            139   8.4e-40  131.2   0.0   1   1   1.9e-41   9.1e-40  131.1   0.0     3   133     2   129     1   130 0.98 -
d3bjka_d.38.1.1      -            140 d1vpma_d.38.1.1.aln  -            139   2.4e-39  129.8   0.0   1   1   5.4e-41   2.6e-39  129.6   0.0    11   137     3   134     1   136 0.97 -
d1njka_d.38.1.1      -            133 d1vpma_d.38.1.1.aln  -            139   1.4e-38  127.3   0.1   1   1   3.1e-40   1.6e-38  127.1   0.1     4   137     1   132     1   133 0.98 -
d2gvha1d.38.1.1      -            135 d1vpma_d.38.1.1.aln  -            139   2.1e-33  110.5   0.0   1   1   4.6e-35   2.3e-33  110.4   0.0     7   138     3   134     1   135 0.98 -
d1vpma_d.38.1.1      -            155 d1vpma_d.38.1.1.aln  -            139   1.1e-11   40.2   0.0   1   1   2.7e-13   1.3e-11   39.9   0.0    21   128    19   128     7   136 0.84 -
d3f5oa_d.38.1.5      -            138 d1vpma_d.38.1.1.aln  -            139   1.3e-05   20.5   0.0   1   1   3.4e-07   1.7e-05   20.1   0.0    51   109    75   132    40   135 0.75 -
d1ixla_d.38.1.5      -            130 d1vpma_d.38.1.1.aln  -            139   6.2e-05   18.3   0.0   1   1   1.7e-06   8.3e-05   17.9   0.0    53   112    65   121    50   127 0.83 -
d1wlua_d.38.1.5      -            117 d1vpma_d.38.1.1.aln  -            139   0.00025   16.3   0.0   1   2       1.4        68   -1.3   0.0    35    66     2    32     1    39 0.73 -
d1wlua_d.38.1.5      -            117 d1vpma_d.38.1.1.aln  -            139   0.00025   16.3   0.0   2   2   1.1e-05   0.00053   15.3   0.0    45   104    52   106    29   116 0.83 -
#
# Program:         hmmsearch
# Version:         3.1b2 (February 2015)
# Pipeline mode:   SEARCH
# Query file:      hmmModels30/d1vpma_d.38.1.1.hmm
# Target file:     scop/scopTestSeq.fasta
# Option settings: hmmsearch --domtblout hmmModels30/d1vpma_d.38.1.1.out -E 1 hmmModels30/d1vpma_d.38.1.1.hmm scop/scopTestSeq.fasta 
# Current dir:     /home/anastasia/SBAS/TME8
# Date:            Sat Apr  8 15:33:51 2023
# [ok]
