#                                                                            --- full sequence --- -------------- this domain -------------   hmm coord   ali coord   env coord
# target name        accession   tlen query name           accession   qlen   E-value  score  bias   #  of  c-Evalue  i-Evalue  score  bias  from    to  from    to  from    to  acc description of target
#------------------- ---------- ----- -------------------- ---------- ----- --------- ------ ----- --- --- --------- --------- ------ ----- ----- ----- ----- ----- ----- ----- ---- ---------------------
d1pvma4d.37.1.1      -            142 d1vr9a3d.37.1.1.aln  -            139   2.6e-44  146.1   0.5   1   1   6.7e-46     3e-44  145.9   0.5     2   137     1   129     1   131 0.97 -
d2yzqa1d.37.1.1      -            156 d1vr9a3d.37.1.1.aln  -            139   5.2e-44  145.1   0.1   1   1   1.3e-45   5.7e-44  145.0   0.1     2   133     2   155     1   156 0.98 -
d2v8qe2d.37.1.1      -            159 d1vr9a3d.37.1.1.aln  -            139   3.1e-42  139.3   0.0   1   1     8e-44   3.5e-42  139.2   0.0     2   138    13   158    12   159 0.98 -
d2j9la1d.37.1.1      -            169 d1vr9a3d.37.1.1.aln  -            139   1.5e-39  130.7   0.4   1   1   3.8e-41   1.7e-39  130.5   0.4     2   138     4   160     3   161 0.96 -
d2nyca1d.37.1.1      -            140 d1vr9a3d.37.1.1.aln  -            139   1.9e-37  123.9   0.5   1   1   4.6e-39     2e-37  123.7   0.5     4   134     9   138     6   140 0.97 -
d1o50a3d.37.1.1      -            145 d1vr9a3d.37.1.1.aln  -            139   2.1e-37  123.7   0.9   1   1   5.2e-39   2.3e-37  123.6   0.9     2   138     2   144     1   145 0.98 -
d3ddja1d.37.1.1      -            141 d1vr9a3d.37.1.1.aln  -            139   2.3e-37  123.6   6.7   1   1   5.7e-39   2.5e-37  123.5   6.7     4   137     2   133     1   135 0.97 -
d2d4za3d.37.1.1      -            161 d1vr9a3d.37.1.1.aln  -            139   1.2e-36  121.3   0.0   1   1     3e-38   1.3e-36  121.1   0.0     2   134     9   160     8   161 0.99 -
d2yzia1d.37.1.1      -            132 d1vr9a3d.37.1.1.aln  -            139   1.5e-36  121.0   0.8   1   1   3.7e-38   1.6e-36  120.8   0.8     2   138     3   130     2   131 0.96 -
d2yzqa2d.37.1.1      -            122 d1vr9a3d.37.1.1.aln  -            139   1.8e-35  117.5   1.8   1   1   4.5e-37     2e-35  117.3   1.8     4   138     1   121     1   122 0.97 -
d1y5ha3d.37.1.1      -            123 d1vr9a3d.37.1.1.aln  -            139   7.5e-34  112.2   0.0   1   1   1.9e-35   8.2e-34  112.1   0.0     5   133     2   122     1   123 0.96 -
d3ddja2d.37.1.1      -            135 d1vr9a3d.37.1.1.aln  -            139   1.3e-33  111.4   0.1   1   1   3.3e-35   1.4e-33  111.3   0.1     4   136     1   133     1   135 0.97 -
d2rc3a1d.37.1.1      -            127 d1vr9a3d.37.1.1.aln  -            139     6e-33  109.3   2.2   1   1   1.5e-34   6.5e-33  109.1   2.2     4   132     2   124     1   127 0.97 -
d1zfja4d.37.1.1      -            126 d1vr9a3d.37.1.1.aln  -            139   3.9e-31  103.4   0.1   1   1   9.7e-33   4.3e-31  103.3   0.1    11   137     4   120     1   122 0.95 -
d1pbja3d.37.1.1      -            120 d1vr9a3d.37.1.1.aln  -            139   4.3e-31  103.3   6.5   1   1   1.1e-32   4.7e-31  103.1   6.5     5   133     1   119     1   120 0.95 -
d2ouxa2d.37.1.1      -            127 d1vr9a3d.37.1.1.aln  -            139   4.4e-31  103.2   6.9   1   1   1.1e-32   4.8e-31  103.1   6.9     6   137     3   125     1   127 0.95 -
d2riha_d.37.1.1      -            131 d1vr9a3d.37.1.1.aln  -            139   1.9e-30  101.2   0.3   1   1     5e-32   2.2e-30  101.0   0.3     5   134     2   123     1   128 0.93 -
d1vr9a3d.37.1.1      -            121 d1vr9a3d.37.1.1.aln  -            139   4.7e-14   48.1   0.0   1   1   4.3e-15   1.9e-13   46.1   0.0     4   135     1   118     1   121 0.93 -
#
# Program:         hmmsearch
# Version:         3.1b2 (February 2015)
# Pipeline mode:   SEARCH
# Query file:      hmmModels30/d1vr9a3d.37.1.1.hmm
# Target file:     scop/scopTestSeq.fasta
# Option settings: hmmsearch --domtblout hmmModels30/d1vr9a3d.37.1.1.out -E 1 hmmModels30/d1vr9a3d.37.1.1.hmm scop/scopTestSeq.fasta 
# Current dir:     /home/anastasia/SBAS/TME8
# Date:            Sat Apr  8 15:33:51 2023
# [ok]
