#                                                                            --- full sequence --- -------------- this domain -------------   hmm coord   ali coord   env coord
# target name        accession   tlen query name           accession   qlen   E-value  score  bias   #  of  c-Evalue  i-Evalue  score  bias  from    to  from    to  from    to  acc description of target
#------------------- ---------- ----- -------------------- ---------- ----- --------- ------ ----- --- --- --------- --------- ------ ----- ----- ----- ----- ----- ----- ----- ---- ---------------------
d1jeta_c.94.1.1      -            517 d1vr5a1c.94.1.1.aln  -            315  7.3e-112  369.2   8.6   1   1  3.6e-113  9.5e-112  368.8   8.6     1   315   139   465   139   465 1.00 -
d1xoca1c.94.1.1      -            504 d1vr5a1c.94.1.1.aln  -            315   2.5e-97  321.5  16.0   1   1   1.2e-98   3.1e-97  321.2  16.0     1   315   116   453   116   453 0.99 -
d2nooa_c.94.1.1      -            496 d1vr5a1c.94.1.1.aln  -            315   3.7e-95  314.4   0.6   1   1   1.8e-96   4.8e-95  314.0   0.6     2   315   111   447   110   447 0.99 -
d3vlva_c.94.1.1      -            490 d1vr5a1c.94.1.1.aln  -            315     1e-92  306.3   8.2   1   2       4.9   1.3e+02   -2.5   0.0   144   200    39    99    35   104 0.81 -
d3vlva_c.94.1.1      -            490 d1vr5a1c.94.1.1.aln  -            315     1e-92  306.3   8.2   2   2   3.9e-94     1e-92  306.3   8.2     1   315   110   443   110   443 1.00 -
d1uqwa_c.94.1.1      -            487 d1vr5a1c.94.1.1.aln  -            315   5.1e-88  290.9   9.8   1   1     3e-89     8e-88  290.3   9.8     1   315   113   438   113   438 0.99 -
d1eu8a_c.94.1.1      -            407 d1vr5a1c.94.1.1.aln  -            315   1.5e-65  217.2   6.8   1   1   6.7e-67   1.8e-65  216.9   6.8     2   315    84   403    83   403 0.99 -
d1ursa_c.94.1.1      -            367 d1vr5a1c.94.1.1.aln  -            315     4e-64  212.5   6.6   1   2       4.1   1.1e+02   -2.3   0.3   173   209    11    48     4    51 0.63 -
d1ursa_c.94.1.1      -            367 d1vr5a1c.94.1.1.aln  -            315     4e-64  212.5   6.6   2   2   1.5e-65     4e-64  212.5   6.6     1   315    55   367    55   367 0.99 -
d3thia_c.94.1.1      -            362 d1vr5a1c.94.1.1.aln  -            315   4.4e-50  166.4   0.1   1   1   1.9e-51   5.1e-50  166.2   0.1     2   314    37   361    36   362 0.99 -
d1ixha_c.94.1.1      -            321 d1vr5a1c.94.1.1.aln  -            315   7.3e-41  136.1  10.3   1   1   3.1e-42   8.3e-41  136.0  10.3    17   314     4   300     1   301 0.98 -
d1r9la_c.94.1.1      -            309 d1vr5a1c.94.1.1.aln  -            315   4.1e-37  123.8  11.3   1   1   1.7e-38   4.5e-37  123.7  11.3     3   308     3   309     1   309 0.98 -
d1pb7a_c.94.1.1      -            289 d1vr5a1c.94.1.1.aln  -            315   8.7e-37  122.8   0.0   1   1   3.6e-38   9.5e-37  122.6   0.0    19   311     5   288     1   289 0.98 -
d1q35a_c.94.1.1      -            318 d1vr5a1c.94.1.1.aln  -            315     2e-36  121.5   1.8   1   1   8.6e-38   2.3e-36  121.4   1.8     2   313     2   310     1   312 0.99 -
d1sbpa_c.94.1.1      -            309 d1vr5a1c.94.1.1.aln  -            315   1.8e-33  111.9   8.9   1   1   7.6e-35     2e-33  111.7   8.9     3   302     2   307     1   309 0.98 -
d2i6ea1c.94.1.1      -            272 d1vr5a1c.94.1.1.aln  -            315     4e-30  100.9   0.0   1   1   1.7e-31   4.4e-30  100.8   0.0    15   282     2   271     1   272 0.96 -
d2nxoa1c.94.1.1      -            277 d1vr5a1c.94.1.1.aln  -            315   1.5e-28   95.7   0.0   1   1   6.4e-30   1.7e-28   95.5   0.0    15   289     3   275     1   277 0.96 -
d1nnfa_c.94.1.1      -            308 d1vr5a1c.94.1.1.aln  -            315   8.4e-28   93.3  12.6   1   1   3.5e-29   9.3e-28   93.1  12.6     3   315     1   308     1   308 0.99 -
d1us5a_c.94.1.1      -            298 d1vr5a1c.94.1.1.aln  -            315   1.2e-26   89.5   0.2   1   1   4.9e-28   1.3e-26   89.4   0.2    15   314     2   295     1   296 0.98 -
d1sw5a_c.94.1.1      -            270 d1vr5a1c.94.1.1.aln  -            315     1e-24   83.2   3.9   1   1   4.1e-26   1.1e-24   83.0   3.9     4   271     2   262     1   270 0.97 -
d1twya_c.94.1.1      -            249 d1vr5a1c.94.1.1.aln  -            315   7.5e-22   73.7   0.1   1   1   3.2e-23   8.3e-22   73.6   0.1    16   283     2   249     1   249 0.96 -
d1xt8a1c.94.1.1      -            248 d1vr5a1c.94.1.1.aln  -            315   1.4e-19   66.3   5.0   1   1   6.1e-21   1.6e-19   66.1   5.0    32   276     3   239     1   246 0.96 -
d1al3a_c.94.1.1      -            237 d1vr5a1c.94.1.1.aln  -            315   3.8e-19   64.8   0.0   1   1   1.6e-20   4.2e-19   64.7   0.0    11   264     2   234     1   237 0.97 -
d2czla1c.94.1.1      -            270 d1vr5a1c.94.1.1.aln  -            315   4.8e-18   61.2   0.0   1   1   2.2e-19   5.7e-18   61.0   0.0    17   273     4   251     1   258 0.93 -
d1atga_c.94.1.1      -            231 d1vr5a1c.94.1.1.aln  -            315   2.4e-17   58.9   2.2   1   1     1e-18   2.7e-17   58.7   2.2    30   256    13   228     2   231 0.95 -
d1ii5a_c.94.1.1      -            226 d1vr5a1c.94.1.1.aln  -            315   1.9e-15   52.7   0.1   1   1   8.6e-17   2.3e-15   52.4   0.1    40   270    10   224     1   225 0.92 -
d2ozza1c.94.1.1      -            228 d1vr5a1c.94.1.1.aln  -            315   4.4e-13   44.9   0.0   1   1   1.8e-14   4.8e-13   44.8   0.0    33   274     4   227     1   228 0.97 -
d2esna2c.94.1.1      -            212 d1vr5a1c.94.1.1.aln  -            315     7e-10   34.4   0.0   1   1   2.8e-11   7.3e-10   34.4   0.0   119   268    70   207     2   211 0.89 -
d1ixca2c.94.1.1      -            205 d1vr5a1c.94.1.1.aln  -            315   2.4e-08   29.4   0.0   1   1   1.1e-09   2.8e-08   29.2   0.0    15   184     2   170     1   204 0.93 -
d2qmwa1c.94.1.1      -            184 d1vr5a1c.94.1.1.aln  -            315   3.5e-07   25.6   0.2   1   1   1.7e-08   4.6e-07   25.2   0.2    45   262     2   182     1   184 0.97 -
d1i6aa_c.94.1.1      -            212 d1vr5a1c.94.1.1.aln  -            315   4.1e-07   25.3   0.0   1   1   1.9e-08   5.1e-07   25.0   0.0    17   240     7   196     2   212 0.87 -
d1ve4a1c.94.1.1      -            206 d1vr5a1c.94.1.1.aln  -            315   2.4e-05   19.5   0.0   1   1   1.3e-06   3.5e-05   19.0   0.0    48   262    11   200     4   205 0.93 -
#
# Program:         hmmsearch
# Version:         3.1b2 (February 2015)
# Pipeline mode:   SEARCH
# Query file:      hmmModels30/d1vr5a1c.94.1.1.hmm
# Target file:     scop/scopTestSeq.fasta
# Option settings: hmmsearch --domtblout hmmModels30/d1vr5a1c.94.1.1.out -E 1 hmmModels30/d1vr5a1c.94.1.1.hmm scop/scopTestSeq.fasta 
# Current dir:     /home/anastasia/SBAS/TME8
# Date:            Sat Apr  8 15:33:51 2023
# [ok]
