#                                                                            --- full sequence --- -------------- this domain -------------   hmm coord   ali coord   env coord
# target name        accession   tlen query name           accession   qlen   E-value  score  bias   #  of  c-Evalue  i-Evalue  score  bias  from    to  from    to  from    to  acc description of target
#------------------- ---------- ----- -------------------- ---------- ----- --------- ------ ----- --- --- --------- --------- ------ ----- ----- ----- ----- ----- ----- ----- ---- ---------------------
d1ohwa_c.67.1.4      -            461 d1w23a_c.67.1.4.aln  -            399  6.5e-176  580.3   0.0   1   1  9.2e-178  7.3e-176  580.1   0.0     1   399    15   458    15   458 1.00 -
d1zoda_c.67.1.4      -            431 d1w23a_c.67.1.4.aln  -            399  2.3e-143  473.1   0.0   1   1  3.3e-145  2.6e-143  472.9   0.0     1   398     3   426     3   427 0.99 -
d3piua_c.67.1.4      -            416 d1w23a_c.67.1.4.aln  -            399  9.3e-126  415.2   0.0   1   1  1.3e-127    1e-125  415.0   0.0     3   399     1   412     1   412 1.00 -
d1vefa1c.67.1.4      -            387 d1w23a_c.67.1.4.aln  -            399  3.8e-123  406.5   0.0   1   1  5.4e-125  4.3e-123  406.4   0.0     3   399     1   386     1   386 0.99 -
d1bs0a_c.67.1.4      -            383 d1w23a_c.67.1.4.aln  -            399    9e-118  388.8   0.0   1   1  1.3e-119    1e-117  388.7   0.0     2   398     1   382     1   383 0.99 -
d2bwna1c.67.1.4      -            396 d1w23a_c.67.1.4.aln  -            399    2e-117  387.7   0.0   1   1  2.8e-119  2.2e-117  387.6   0.0     1   399     7   396     7   396 0.99 -
d2dkja_c.67.1.4      -            402 d1w23a_c.67.1.4.aln  -            399  2.5e-111  367.7   0.0   1   1  3.5e-113  2.8e-111  367.5   0.0     2   396     3   401     2   402 0.99 -
d2fnua_c.67.1.4      -            373 d1w23a_c.67.1.4.aln  -            399  4.5e-110  363.5   1.1   1   1  6.4e-112    5e-110  363.3   1.1     1   396     1   373     1   373 1.00 -
d1o69a_c.67.1.4      -            374 d1w23a_c.67.1.4.aln  -            399  4.2e-105  347.1   0.2   1   1  5.9e-107  4.7e-105  347.0   0.2     2   393     2   374     1   374 0.99 -
d2epja_c.67.1.0      -            426 d1w23a_c.67.1.4.aln  -            399   9.3e-15   49.7   0.0   1   1   1.7e-15   1.3e-13   45.8   0.0    24   233    33   240    30   332 0.89 -
#
# Program:         hmmsearch
# Version:         3.1b2 (February 2015)
# Pipeline mode:   SEARCH
# Query file:      hmmModels30/d1w23a_c.67.1.4.hmm
# Target file:     scop/scopTestSeq.fasta
# Option settings: hmmsearch --domtblout hmmModels30/d1w23a_c.67.1.4.out -E 1 hmmModels30/d1w23a_c.67.1.4.hmm scop/scopTestSeq.fasta 
# Current dir:     /home/anastasia/SBAS/TME8
# Date:            Sat Apr  8 15:33:51 2023
# [ok]
