#                                                                            --- full sequence --- -------------- this domain -------------   hmm coord   ali coord   env coord
# target name        accession   tlen query name           accession   qlen   E-value  score  bias   #  of  c-Evalue  i-Evalue  score  bias  from    to  from    to  from    to  acc description of target
#------------------- ---------- ----- -------------------- ---------- ----- --------- ------ ----- --- --- --------- --------- ------ ----- ----- ----- ----- ----- ----- ----- ---- ---------------------
d2gv8a1c.3.1.5       -            336 d1w4xa2c.3.1.5.aln   -            232  6.7e-109  358.4   0.0   1   1    2e-110  7.8e-109  358.1   0.0     1   232    31   310    31   310 1.00 -
d1w4xa1c.3.1.5       -            299 d1w4xa2c.3.1.5.aln   -            232   6.7e-81  266.7   0.0   1   1     2e-82   7.7e-81  266.5   0.0     2   232    29   299    28   299 0.99 -
d1mo9a1c.3.1.5       -            262 d1w4xa2c.3.1.5.aln   -            232   8.8e-70  230.4   0.0   1   1   2.7e-71   1.1e-69  230.1   0.0     1   232     1   262     1   262 0.99 -
d1v59a1c.3.1.5       -            234 d1w4xa2c.3.1.5.aln   -            232   9.6e-60  197.5   0.5   1   1   2.7e-61   1.1e-59  197.4   0.5     3   231     2   233     1   234 0.98 -
d1xdia1c.3.1.5       -            234 d1w4xa2c.3.1.5.aln   -            232   2.2e-53  176.7   0.0   1   1   6.3e-55   2.5e-53  176.5   0.0     6   231     2   232     1   233 0.99 -
d1m6ia1c.3.1.5       -            214 d1w4xa2c.3.1.5.aln   -            232     2e-46  153.9   0.0   1   1   5.7e-48   2.3e-46  153.8   0.0     2   228     2   214     1   214 0.99 -
d1nhpa1c.3.1.5       -            199 d1w4xa2c.3.1.5.aln   -            232   6.1e-37  122.9   0.0   1   1   1.7e-38   6.8e-37  122.7   0.0     7   232     2   199     1   199 0.98 -
d1fl2a1c.3.1.5       -            185 d1w4xa2c.3.1.5.aln   -            232   2.1e-32  108.0   0.2   1   1   6.1e-34   2.4e-32  107.9   0.2     6   232     2   182     1   182 0.98 -
d1vdca2c.3.1.5       -            130 d1w4xa2c.3.1.5.aln   -            232   1.8e-19   65.8   0.0   1   1   5.1e-21     2e-19   65.6   0.0    10   151     6   129     2   130 0.96 -
d1m6ia2c.3.1.5       -            137 d1w4xa2c.3.1.5.aln   -            232   3.4e-19   64.8   0.0   1   1   9.3e-21   3.7e-19   64.7   0.0     5   153     4   136     1   137 0.96 -
d1fcda2c.3.1.5       -            141 d1w4xa2c.3.1.5.aln   -            232   5.5e-19   64.1   0.0   1   1   1.5e-20   6.1e-19   64.0   0.0     3   153     8   141     6   141 0.97 -
d1aoga2c.3.1.5       -            117 d1w4xa2c.3.1.5.aln   -            232     6e-18   60.7   0.0   1   1   1.7e-19   6.6e-18   60.6   0.0    10   151     1   116     1   117 0.97 -
d1mo9a2c.3.1.5       -            121 d1w4xa2c.3.1.5.aln   -            232   2.5e-16   55.4   0.0   1   1   6.6e-18   2.6e-16   55.4   0.0    11   139     5   119     1   121 0.88 -
d1fl2a2c.3.1.5       -            126 d1w4xa2c.3.1.5.aln   -            232   3.4e-16   55.0   0.0   1   1   9.4e-18   3.7e-16   54.9   0.0     5   153     1   125     1   126 0.96 -
d1v59a2c.3.1.5       -            122 d1w4xa2c.3.1.5.aln   -            232   5.9e-16   54.2   0.2   1   1   1.5e-17   6.1e-16   54.2   0.2     9   128     3   109     1   122 0.91 -
d1h6va2c.3.1.5       -            122 d1w4xa2c.3.1.5.aln   -            232   9.4e-16   53.6   0.0   1   1   2.6e-17     1e-15   53.4   0.0    12   153     3   122     1   122 0.97 -
d1xhca2c.3.1.5       -            122 d1w4xa2c.3.1.5.aln   -            232   1.5e-14   49.6   0.0   1   1   4.5e-16   1.8e-14   49.4   0.0     4   125     1   112     1   119 0.95 -
d1nhpa2c.3.1.5       -            123 d1w4xa2c.3.1.5.aln   -            232   1.8e-14   49.3   0.2   1   1   4.9e-16   1.9e-14   49.3   0.2    16   144    12   115     2   123 0.90 -
d1onfa2c.3.1.5       -            117 d1w4xa2c.3.1.5.aln   -            232     1e-13   46.9   0.1   1   1   2.7e-15   1.1e-13   46.8   0.1     9   149     3   114     1   117 0.93 -
d2gv8a2c.3.1.5       -            107 d1w4xa2c.3.1.5.aln   -            232   6.9e-09   31.1   0.0   1   1   1.8e-10   7.2e-09   31.0   0.0    10   123     4   107     1   107 0.89 -
#
# Program:         hmmsearch
# Version:         3.1b2 (February 2015)
# Pipeline mode:   SEARCH
# Query file:      hmmModels30/d1w4xa2c.3.1.5.hmm
# Target file:     scop/scopTestSeq.fasta
# Option settings: hmmsearch --domtblout hmmModels30/d1w4xa2c.3.1.5.out -E 1 hmmModels30/d1w4xa2c.3.1.5.hmm scop/scopTestSeq.fasta 
# Current dir:     /home/anastasia/SBAS/TME8
# Date:            Sat Apr  8 15:33:51 2023
# [ok]
