#                                                                            --- full sequence --- -------------- this domain -------------   hmm coord   ali coord   env coord
# target name        accession   tlen query name           accession   qlen   E-value  score  bias   #  of  c-Evalue  i-Evalue  score  bias  from    to  from    to  from    to  acc description of target
#------------------- ---------- ----- -------------------- ---------- ----- --------- ------ ----- --- --- --------- --------- ------ ----- ----- ----- ----- ----- ----- ----- ---- ---------------------
d1g41a_c.37.1.20     -            443 d1w5sa2c.37.1.20.aln -            276  4.4e-130  428.5   4.2   1   1  1.5e-131    5e-130  428.3   4.2     3   276     1   435     1   435 1.00 -
d1um8a_c.37.1.20     -            364 d1w5sa2c.37.1.20.aln -            276    8e-105  345.6   2.6   1   1  2.7e-106  9.1e-105  345.4   2.6     1   276     2   364     2   364 1.00 -
d1svma_c.37.1.20     -            362 d1w5sa2c.37.1.20.aln -            276     3e-82  271.5   0.0   1   1     1e-83   3.4e-82  271.4   0.0     1   276     3   339     3   339 1.00 -
d1r6bx3c.37.1.20     -            315 d1w5sa2c.37.1.20.aln -            276   2.3e-60  199.8   0.1   1   1   7.5e-62   2.6e-60  199.6   0.1     1   275     7   312     7   313 0.99 -
d1sxja2c.37.1.20     -            253 d1w5sa2c.37.1.20.aln -            276   2.1e-47  157.2   0.0   1   1   6.9e-49   2.4e-47  157.1   0.0     3   254     1   252     1   253 0.98 -
d1g8pa_c.37.1.20     -            333 d1w5sa2c.37.1.20.aln -            276   4.9e-47  156.1   0.0   1   1   1.6e-48   5.5e-47  155.9   0.0     2   275     6   319     5   320 0.99 -
d1iqpa2c.37.1.20     -            231 d1w5sa2c.37.1.20.aln -            276   1.9e-44  147.6   0.2   1   1   6.1e-46   2.1e-44  147.4   0.2     1   248     9   230     9   231 0.98 -
d2a5yb3c.37.1.20     -            277 d1w5sa2c.37.1.20.aln -            276   1.6e-41  138.0   0.0   1   1   5.1e-43   1.7e-41  137.9   0.0     2   276     7   273     6   273 0.98 -
d1in4a2c.37.1.20     -            238 d1w5sa2c.37.1.20.aln -            276   2.1e-41  137.6   1.2   1   1   6.7e-43   2.3e-41  137.5   1.2     9   263     2   238     1   238 0.99 -
d1lv7a_c.37.1.20     -            256 d1w5sa2c.37.1.20.aln -            276   5.3e-40  133.0   0.0   1   1   1.7e-41   5.9e-40  132.8   0.0     5   258     1   254     1   256 0.91 -
d1njfa_c.37.1.20     -            239 d1w5sa2c.37.1.20.aln -            276   5.5e-40  132.9   0.0   1   1   1.7e-41   5.9e-40  132.8   0.0     6   245     2   233     1   239 0.95 -
d2fnaa2c.37.1.20     -            283 d1w5sa2c.37.1.20.aln -            276   7.5e-40  132.5   1.2   1   1   2.4e-41   8.3e-40  132.3   1.2     5   275     1   274     1   275 0.98 -
d1u0ja_c.37.1.20     -            267 d1w5sa2c.37.1.20.aln -            276   1.3e-36  121.9   0.0   1   1     4e-38   1.4e-36  121.8   0.0     5   271     6   267     2   267 0.98 -
d1fnna2c.37.1.20     -            276 d1w5sa2c.37.1.20.aln -            276   5.9e-36  119.7   0.0   1   1   1.9e-37   6.5e-36  119.6   0.0     1   271     4   276     4   276 0.97 -
d1d2na_c.37.1.20     -            246 d1w5sa2c.37.1.20.aln -            276   2.2e-30  101.4   0.0   1   1   7.4e-32   2.5e-30  101.2   0.0     3   251     3   240     1   245 0.97 -
d1ny5a2c.37.1.20     -            247 d1w5sa2c.37.1.20.aln -            276   6.9e-23   76.8   0.1   1   1   2.3e-24   7.8e-23   76.7   0.1     1   260     3   245     3   247 0.97 -
d1l8qa2c.37.1.20     -            213 d1w5sa2c.37.1.20.aln -            276   4.8e-20   67.5   2.0   1   1   1.7e-21   5.7e-20   67.3   2.0     6   247     3   212     1   213 0.96 -
d1tuea_c.37.1.20     -            205 d1w5sa2c.37.1.20.aln -            276   2.1e-18   62.1   0.0   1   1   7.5e-20   2.6e-18   61.9   0.0    45   255    12   204     5   205 0.97 -
d1a5ta2c.37.1.20     -            207 d1w5sa2c.37.1.20.aln -            276   3.3e-18   61.5   0.0   1   1   1.1e-19   3.8e-18   61.3   0.0     6   211     3   171     1   198 0.89 -
d2gnoa2c.37.1.20     -            198 d1w5sa2c.37.1.20.aln -            276   7.2e-18   60.4   0.2   1   1   2.4e-19   8.1e-18   60.2   0.2    61   248    31   197     5   198 0.93 -
d2p65a_c.37.1.20     -            185 d1w5sa2c.37.1.20.aln -            276   3.3e-07   25.4   0.4   1   1   2.3e-08   7.8e-07   24.2   0.4    48   243    22   183    18   185 0.94 -
d1qzma_c.37.1.20     -             94 d1w5sa2c.37.1.20.aln -            276   6.3e-06   21.2   0.1   1   1   1.9e-07   6.4e-06   21.2   0.1    50   150     2    89     1    94 0.87 -
d1jqlb_c.37.1.20     -            140 d1w5sa2c.37.1.20.aln -            276   9.4e-05   17.4   0.0   1   1   4.1e-05    0.0014   13.5   0.0   107   228    45   138    12   140 0.80 -
#
# Program:         hmmsearch
# Version:         3.1b2 (February 2015)
# Pipeline mode:   SEARCH
# Query file:      hmmModels30/d1w5sa2c.37.1.20.hmm
# Target file:     scop/scopTestSeq.fasta
# Option settings: hmmsearch --domtblout hmmModels30/d1w5sa2c.37.1.20.out -E 1 hmmModels30/d1w5sa2c.37.1.20.hmm scop/scopTestSeq.fasta 
# Current dir:     /home/anastasia/SBAS/TME8
# Date:            Sat Apr  8 15:33:51 2023
# [ok]
