#                                                                            --- full sequence --- -------------- this domain -------------   hmm coord   ali coord   env coord
# target name        accession   tlen query name           accession   qlen   E-value  score  bias   #  of  c-Evalue  i-Evalue  score  bias  from    to  from    to  from    to  acc description of target
#------------------- ---------- ----- -------------------- ---------- ----- --------- ------ ----- --- --- --------- --------- ------ ----- ----- ----- ----- ----- ----- ----- ---- ---------------------
d1bf2a1b.1.18.2      -            162 d1w8oa1b.1.18.2.aln  -            113   4.8e-59  192.9   8.3   1   1   1.4e-60   6.2e-59  192.6   8.3     1   113    10   122    10   122 1.00 -
d1j0ha1b.1.18.2      -            123 d1w8oa1b.1.18.2.aln  -            113   2.2e-25   84.5   0.0   1   1   5.6e-27   2.4e-25   84.3   0.0     3   113     1   111     1   111 0.99 -
d1ji1a1b.1.18.2      -            122 d1w8oa1b.1.18.2.aln  -            113   3.5e-24   80.6   4.5   1   1   8.8e-26   3.9e-24   80.5   4.5     1   113     3   115     3   115 0.99 -
d2fhfa2b.1.18.2      -            125 d1w8oa1b.1.18.2.aln  -            113   1.6e-23   78.5   0.2   1   1   4.1e-25   1.8e-23   78.3   0.2     2   112     3   113     2   114 0.98 -
d1txka1b.1.18.2      -            115 d1w8oa1b.1.18.2.aln  -            113   7.1e-21   70.0   1.3   1   1   1.8e-22   7.9e-21   69.8   1.3     1   112     3   114     3   115 0.99 -
d2fhfa1b.1.18.2      -            115 d1w8oa1b.1.18.2.aln  -            113   2.2e-20   68.4   5.0   1   1   5.5e-22   2.4e-20   68.3   5.0     3   113     1   111     1   111 0.98 -
d1m7xa1b.1.18.2      -            110 d1w8oa1b.1.18.2.aln  -            113   4.4e-19   64.2   0.0   1   1   1.1e-20   4.7e-19   64.1   0.0     3   105     4   106     2   110 0.96 -
d1edqa1b.1.18.2      -            109 d1w8oa1b.1.18.2.aln  -            113   1.6e-17   59.1   3.5   1   1   4.1e-19   1.8e-17   59.0   3.5     4   111     1   108     1   109 0.97 -
d1ut9a2b.1.18.2      -             98 d1w8oa1b.1.18.2.aln  -            113   2.2e-17   58.7   0.1   1   1   5.3e-19   2.3e-17   58.6   0.1    15   109     3    97     1    98 0.97 -
d1qbaa1b.1.18.2      -            105 d1w8oa1b.1.18.2.aln  -            113   1.2e-16   56.4   0.0   1   1   2.9e-18   1.3e-16   56.3   0.0     3   104     3   104     1   105 0.97 -
d2bhua1b.1.18.2      -             97 d1w8oa1b.1.18.2.aln  -            113   4.4e-14   48.1   0.0   1   1   1.1e-15   4.6e-14   48.0   0.0    10   102     1    93     1    97 0.97 -
d1clca2b.1.18.2      -            100 d1w8oa1b.1.18.2.aln  -            113     5e-14   47.9   0.2   1   1   1.2e-15   5.3e-14   47.8   0.2     3   100     4    96     2   100 0.91 -
d1k3ia1b.1.18.2      -            102 d1w8oa1b.1.18.2.aln  -            113   6.9e-14   47.5   1.4   1   1   1.7e-15   7.2e-14   47.4   1.4    11   106     4    99     1   102 0.95 -
d1h3ga1b.1.18.2      -             93 d1w8oa1b.1.18.2.aln  -            113   1.3e-12   43.4   0.0   1   1     3e-14   1.3e-12   43.3   0.0    18   105     2    89     1    93 0.95 -
d2bvya1b.1.18.2      -             94 d1w8oa1b.1.18.2.aln  -            113   1.5e-10   36.7   8.9   1   1   3.7e-12   1.6e-10   36.6   8.9    16   106     2    92     1    94 0.95 -
d1ulva2b.1.18.2      -             89 d1w8oa1b.1.18.2.aln  -            113   5.2e-09   31.7   3.6   1   1   1.3e-10   5.9e-09   31.6   3.6    14    90     3    79     1    84 0.97 -
d1f1sa2b.1.18.2      -             78 d1w8oa1b.1.18.2.aln  -            113   2.5e-08   29.5   0.3   1   1   6.1e-10   2.7e-08   29.5   0.3    25   101     2    78     1    78 0.96 -
d3bmva1b.1.18.2      -             83 d1w8oa1b.1.18.2.aln  -            113   4.3e-08   28.8   1.3   1   1   1.1e-09   4.7e-08   28.7   1.3    23   104     2    83     1    83 0.97 -
#
# Program:         hmmsearch
# Version:         3.1b2 (February 2015)
# Pipeline mode:   SEARCH
# Query file:      hmmModels30/d1w8oa1b.1.18.2.hmm
# Target file:     scop/scopTestSeq.fasta
# Option settings: hmmsearch --domtblout hmmModels30/d1w8oa1b.1.18.2.out -E 1 hmmModels30/d1w8oa1b.1.18.2.hmm scop/scopTestSeq.fasta 
# Current dir:     /home/anastasia/SBAS/TME8
# Date:            Sat Apr  8 15:33:51 2023
# [ok]
