#                                                                            --- full sequence --- -------------- this domain -------------   hmm coord   ali coord   env coord
# target name        accession   tlen query name           accession   qlen   E-value  score  bias   #  of  c-Evalue  i-Evalue  score  bias  from    to  from    to  from    to  acc description of target
#------------------- ---------- ----- -------------------- ---------- ----- --------- ------ ----- --- --- --------- --------- ------ ----- ----- ----- ----- ----- ----- ----- ---- ---------------------
d2arza1b.45.1.1      -            238 d1w9aa_b.45.1.1.aln  -            161   4.9e-71  233.3   0.0   1   1   1.2e-72   6.1e-71  232.9   0.0     2   161     1   162     1   162 0.99 -
d2vpaa_b.45.1.1      -            215 d1w9aa_b.45.1.1.aln  -            161   2.2e-63  208.4   0.0   1   1     5e-65   2.6e-63  208.1   0.0     1   161    39   210    39   210 0.99 -
d2fura1b.45.1.1      -            193 d1w9aa_b.45.1.1.aln  -            161   1.3e-45  150.7   0.0   1   1   2.8e-47   1.5e-45  150.4   0.0     2   160     2   156     1   157 0.99 -
d1rfea_b.45.1.1      -            160 d1w9aa_b.45.1.1.aln  -            161   2.3e-40  133.6   0.0   1   1   4.8e-42   2.5e-40  133.4   0.0     2   156     7   158     6   160 0.98 -
d1xhna1b.45.1.1      -            170 d1w9aa_b.45.1.1.aln  -            161   2.6e-34  113.9   0.0   1   1   5.4e-36   2.9e-34  113.7   0.0     2   160     4   169     3   170 0.98 -
d2i02a1b.45.1.1      -            143 d1w9aa_b.45.1.1.aln  -            161   5.5e-34  112.8   0.0   1   1   1.1e-35     6e-34  112.7   0.0     2   153     3   142     2   143 0.98 -
d2fg9a1b.45.1.1      -            157 d1w9aa_b.45.1.1.aln  -            161   8.1e-34  112.3   0.0   1   1   1.7e-35   8.8e-34  112.2   0.0     3   158     5   156     3   157 0.97 -
d2htia1b.45.1.1      -            156 d1w9aa_b.45.1.1.aln  -            161   4.6e-33  109.8   0.0   1   1   9.5e-35     5e-33  109.7   0.0     3   158     2   153     1   156 0.97 -
d2hq9a1b.45.1.1      -            148 d1w9aa_b.45.1.1.aln  -            161   5.1e-30   99.9   0.0   1   1   1.1e-31   5.5e-30   99.8   0.0     3   153     5   147     3   148 0.97 -
d2hq7a1b.45.1.1      -            141 d1w9aa_b.45.1.1.aln  -            161   7.2e-30   99.4   0.0   1   1   1.6e-31   8.2e-30   99.2   0.0     8   152     8   139     2   141 0.96 -
d2fhqa1b.45.1.1      -            135 d1w9aa_b.45.1.1.aln  -            161   5.6e-28   93.3   0.0   1   1   1.1e-29     6e-28   93.2   0.0     4   150     3   134     1   135 0.97 -
d1vl7a_b.45.1.1      -            135 d1w9aa_b.45.1.1.aln  -            161     1e-26   89.2   0.0   1   1   2.1e-28   1.1e-26   89.1   0.0    11   154     3   134     1   135 0.96 -
d2asfa1b.45.1.1      -            125 d1w9aa_b.45.1.1.aln  -            161   8.7e-19   63.4   0.0   1   1   1.9e-20     1e-18   63.2   0.0     7   139     2   118     1   123 0.95 -
d3a6ra_b.45.1.1      -            122 d1w9aa_b.45.1.1.aln  -            161   6.9e-16   54.0   0.0   1   1   1.4e-17   7.2e-16   53.9   0.0     8   137     5   120     1   122 0.92 -
d1w9aa_b.45.1.1      -            142 d1w9aa_b.45.1.1.aln  -            161   7.7e-12   40.8   0.0   1   1   1.7e-13   8.9e-12   40.6   0.0     6   123     2   115     1   128 0.89 -
#
# Program:         hmmsearch
# Version:         3.1b2 (February 2015)
# Pipeline mode:   SEARCH
# Query file:      hmmModels30/d1w9aa_b.45.1.1.hmm
# Target file:     scop/scopTestSeq.fasta
# Option settings: hmmsearch --domtblout hmmModels30/d1w9aa_b.45.1.1.out -E 1 hmmModels30/d1w9aa_b.45.1.1.hmm scop/scopTestSeq.fasta 
# Current dir:     /home/anastasia/SBAS/TME8
# Date:            Sat Apr  8 15:33:51 2023
# [ok]
