#                                                                            --- full sequence --- -------------- this domain -------------   hmm coord   ali coord   env coord
# target name        accession   tlen query name           accession   qlen   E-value  score  bias   #  of  c-Evalue  i-Evalue  score  bias  from    to  from    to  from    to  acc description of target
#------------------- ---------- ----- -------------------- ---------- ----- --------- ------ ----- --- --- --------- --------- ------ ----- ----- ----- ----- ----- ----- ----- ---- ---------------------
d1ur4a_c.1.8.3       -            387 d1w91a2c.1.8.3.aln   -            346  8.9e-108  356.1  12.9   1   1  2.8e-109    1e-107  355.9  12.9     2   346     6   387     5   387 0.99 -
d1edga_c.1.8.3       -            380 d1w91a2c.1.8.3.aln   -            346  2.2e-103  341.7  17.7   1   1  6.9e-105  2.5e-103  341.5  17.7     1   346    26   376    26   376 1.00 -
d1uuqa_c.1.8.3       -            410 d1w91a2c.1.8.3.aln   -            346   9.8e-89  293.5  18.2   1   1   3.1e-90   1.1e-88  293.3  18.2     2   346    18   404    17   404 1.00 -
d3n9ka_c.1.8.3       -            394 d1w91a2c.1.8.3.aln   -            346   3.4e-80  265.4  25.7   1   1   1.1e-81   3.9e-80  265.2  25.7     1   346     1   391     1   391 0.99 -
d1rh9a1c.1.8.3       -            370 d1w91a2c.1.8.3.aln   -            346   1.7e-77  256.6  11.4   1   1   5.2e-79   1.9e-77  256.4  11.4     1   343     4   359     4   362 0.99 -
d1odza_c.1.8.3       -            381 d1w91a2c.1.8.3.aln   -            346   2.3e-74  246.2  11.5   1   1     7e-76   2.5e-74  246.1  11.5     2   344     6   377     5   379 0.99 -
d1hjua_c.1.8.3       -            332 d1w91a2c.1.8.3.aln   -            346   1.6e-69  230.3  17.6   1   1   4.9e-71   1.8e-69  230.2  17.6    10   340     3   332     1   332 0.98 -
d2je8a5c.1.8.3       -            348 d1w91a2c.1.8.3.aln   -            346   1.7e-65  217.0   5.0   1   1   5.4e-67   1.9e-65  216.9   5.0     5   345     2   344     1   345 0.99 -
d1ecea_c.1.8.3       -            358 d1w91a2c.1.8.3.aln   -            346   4.2e-64  212.5  19.1   1   1   1.3e-65   4.6e-64  212.3  19.1     2   342     2   356     1   358 0.99 -
d2nt0a2c.1.8.3       -            354 d1w91a2c.1.8.3.aln   -            346   4.1e-62  205.9   0.0   1   1   1.3e-63   4.5e-62  205.8   0.0     3   340     5   352     3   354 0.98 -
d1qw9a2c.1.8.3       -            367 d1w91a2c.1.8.3.aln   -            346   8.3e-62  204.9   1.2   1   1   2.6e-63   9.2e-62  204.8   1.2     4   345     2   362     1   363 0.99 -
d1qnra_c.1.8.3       -            344 d1w91a2c.1.8.3.aln   -            346   9.8e-61  201.4  23.6   1   1     3e-62   1.1e-60  201.3  23.6     4   345     4   339     1   340 0.98 -
d1ceoa_c.1.8.3       -            340 d1w91a2c.1.8.3.aln   -            346   2.9e-58  193.3   1.0   1   1   9.5e-60   3.4e-58  193.0   1.0     2   337     5   335     4   339 0.99 -
d1vjza_c.1.8.3       -            325 d1w91a2c.1.8.3.aln   -            346   1.1e-57  191.4   0.3   1   1   3.4e-59   1.2e-57  191.2   0.3     8   336     3   323     1   325 0.99 -
d1h1na_c.1.8.3       -            305 d1w91a2c.1.8.3.aln   -            346   1.1e-53  178.2  15.0   1   1   3.4e-55   1.2e-53  178.1  15.0     8   344     3   304     1   305 0.98 -
d2vzsa5c.1.8.3       -            339 d1w91a2c.1.8.3.aln   -            346   2.3e-52  173.9   1.5   1   1   7.1e-54   2.5e-52  173.7   1.5     5   345     8   336     4   337 0.98 -
d7a3ha_c.1.8.3       -            300 d1w91a2c.1.8.3.aln   -            346   1.9e-45  151.1  12.7   1   1     6e-47   2.2e-45  151.0  12.7     3   340     3   299     1   300 0.99 -
d1jz8a5c.1.8.3       -            292 d1w91a2c.1.8.3.aln   -            346   8.1e-45  149.1   0.2   1   1   2.6e-46   9.3e-45  148.9   0.2     5   340     3   291     1   292 0.97 -
d1bqca_c.1.8.3       -            302 d1w91a2c.1.8.3.aln   -            346   1.9e-42  141.2   9.7   1   1     6e-44   2.2e-42  141.1   9.7     1   342     1   301     1   302 0.99 -
d2v3ga_c.1.8.3       -            273 d1w91a2c.1.8.3.aln   -            346   4.8e-39  130.1  22.0   1   1   1.5e-40   5.2e-39  130.0  22.0    15   337     6   272     1   273 0.94 -
d1i1wa_c.1.8.3       -            303 d1w91a2c.1.8.3.aln   -            346   2.4e-37  124.5   6.3   1   1   7.5e-39   2.7e-37  124.3   6.3     3   339     4   303     2   303 0.98 -
d1nofa2c.1.8.3       -            277 d1w91a2c.1.8.3.aln   -            346   3.4e-33  110.9   4.6   1   1   1.1e-34   3.8e-33  110.7   4.6     6   338     2   275     1   277 0.98 -
#
# Program:         hmmsearch
# Version:         3.1b2 (February 2015)
# Pipeline mode:   SEARCH
# Query file:      hmmModels30/d1w91a2c.1.8.3.hmm
# Target file:     scop/scopTestSeq.fasta
# Option settings: hmmsearch --domtblout hmmModels30/d1w91a2c.1.8.3.out -E 1 hmmModels30/d1w91a2c.1.8.3.hmm scop/scopTestSeq.fasta 
# Current dir:     /home/anastasia/SBAS/TME8
# Date:            Sat Apr  8 15:33:51 2023
# [ok]
