#                                                                            --- full sequence --- -------------- this domain -------------   hmm coord   ali coord   env coord
# target name        accession   tlen query name           accession   qlen   E-value  score  bias   #  of  c-Evalue  i-Evalue  score  bias  from    to  from    to  from    to  acc description of target
#------------------- ---------- ----- -------------------- ---------- ----- --------- ------ ----- --- --- --------- --------- ------ ----- ----- ----- ----- ----- ----- ----- ---- ---------------------
d2vnud3b.40.4.5      -            148 d1wfqa_b.40.4.5.aln  -             93   2.6e-35  115.8   0.0   1   1   1.3e-36   3.2e-35  115.5   0.0     1    93    21   123    21   123 0.99 -
d1d7qa_b.40.4.5      -            143 d1wfqa_b.40.4.5.aln  -             93   1.8e-31  103.6   0.2   1   1   8.9e-33   2.2e-31  103.3   0.2     1    93    10   116    10   116 0.99 -
d2nn6i1b.40.4.5      -            125 d1wfqa_b.40.4.5.aln  -             93   1.3e-19   65.6   0.1   1   1   6.1e-21   1.5e-19   65.4   0.1     1    92    12   107    12   108 0.98 -
d1wi5a_b.40.4.5      -            119 d1wfqa_b.40.4.5.aln  -             93     3e-15   51.7   0.0   1   1   1.3e-16   3.3e-15   51.5   0.0     3    91     7   101     5   103 0.97 -
d1go3e1b.40.4.5      -            106 d1wfqa_b.40.4.5.aln  -             93     1e-14   50.0   0.5   1   1   4.9e-16   1.2e-14   49.7   0.5     9    92     1    92     1    93 0.98 -
d2uubl1b.40.4.5      -            118 d1wfqa_b.40.4.5.aln  -             93     1e-13   46.7   1.2   1   1   4.9e-15   1.2e-13   46.5   1.2     2    91    10   106     9   108 0.96 -
d1jt8a_b.40.4.5      -            102 d1wfqa_b.40.4.5.aln  -             93   5.2e-13   44.5   0.1   1   1   2.3e-14   5.6e-13   44.4   0.1     6    92     4    93     1    94 0.96 -
d3bzka4b.40.4.5      -             94 d1wfqa_b.40.4.5.aln  -             93   2.2e-12   42.5   0.9   1   1   9.5e-14   2.3e-12   42.4   0.9     2    90     9    90     8    93 0.92 -
d2je6i1b.40.4.5      -             87 d1wfqa_b.40.4.5.aln  -             93   2.6e-11   39.1   0.8   1   1   1.1e-12   2.7e-11   39.0   0.8     6    86     2    83     1    87 0.93 -
d2nn6h1b.40.4.5      -             95 d1wfqa_b.40.4.5.aln  -             93   4.8e-11   38.2   0.0   1   1   2.1e-12   5.1e-11   38.1   0.0     5    87     2    92     1    95 0.96 -
d1kl9a2b.40.4.5      -             86 d1wfqa_b.40.4.5.aln  -             93   6.4e-11   37.8   1.3   1   1   2.8e-12   6.8e-11   37.7   1.3     2    82     4    84     3    86 0.94 -
d2vnud1b.40.4.5      -             95 d1wfqa_b.40.4.5.aln  -             93   3.9e-10   35.3   0.0   1   1   1.7e-11   4.3e-10   35.2   0.0     4    89    10    94     7    95 0.96 -
d1jjga_b.40.4.5      -            102 d1wfqa_b.40.4.5.aln  -             93   2.8e-08   29.4   0.4   1   1   1.4e-09   3.4e-08   29.1   0.4     2    90     3    91     2    93 0.96 -
d1smxa_b.40.4.5      -             87 d1wfqa_b.40.4.5.aln  -             93   3.2e-08   29.2   0.0   1   1   1.5e-09   3.7e-08   29.0   0.0     1    86     2    84     2    86 0.97 -
d1luza_b.40.4.5      -             85 d1wfqa_b.40.4.5.aln  -             93     4e-08   28.9   0.4   1   1   1.8e-09   4.5e-08   28.7   0.4     9    89     6    85     2    85 0.96 -
d2uubq1b.40.4.5      -            100 d1wfqa_b.40.4.5.aln  -             93     7e-08   28.1   2.6   1   1   3.1e-09   7.6e-08   28.0   2.6     3    91     9    97     7    99 0.96 -
d1e3pa2b.40.4.5      -             62 d1wfqa_b.40.4.5.aln  -             93     1e-07   27.6   0.1   1   1   4.5e-09   1.1e-07   27.5   0.1    17    75     1    61     1    62 0.96 -
d2ix0a3b.40.4.5      -             87 d1wfqa_b.40.4.5.aln  -             93   1.2e-07   27.3   0.1   1   1   5.4e-09   1.3e-07   27.2   0.1     9    82     9    85     2    87 0.93 -
d1hh2p1b.40.4.5      -             72 d1wfqa_b.40.4.5.aln  -             93   1.4e-07   27.2   0.1   1   1   6.1e-09   1.5e-07   27.0   0.1    19    79     8    67     3    72 0.89 -
d2ja9a1b.40.4.5      -             90 d1wfqa_b.40.4.5.aln  -             93   3.3e-07   26.0   0.0   1   1   1.4e-08   3.5e-07   25.9   0.0     6    90     2    84     1    87 0.94 -
d1y14b1b.40.4.5      -             91 d1wfqa_b.40.4.5.aln  -             93   1.3e-06   24.0   0.0   1   1     6e-08   1.5e-06   23.9   0.0    11    89    12    88     3    91 0.92 -
d1khia2b.40.4.5      -             71 d1wfqa_b.40.4.5.aln  -             93   1.4e-06   24.0   0.1   1   1   5.8e-08   1.4e-06   23.9   0.1     7    73     2    68     1    71 0.95 -
d2vnud2b.40.4.5      -             88 d1wfqa_b.40.4.5.aln  -             93     2e-06   23.4   0.5   1   1   8.7e-08   2.1e-06   23.4   0.5     5    90     2    86     1    88 0.95 -
d2ix0a2b.40.4.5      -             79 d1wfqa_b.40.4.5.aln  -             93   1.1e-05   21.1   0.0   1   1   4.6e-07   1.1e-05   21.1   0.0    13    80     7    73     1    78 0.88 -
d1t9ha1b.40.4.5      -             67 d1wfqa_b.40.4.5.aln  -             93   1.4e-05   20.7   0.2   1   1   5.9e-07   1.5e-05   20.7   0.2     8    74     3    66     1    67 0.95 -
d2asba1b.40.4.5      -             76 d1wfqa_b.40.4.5.aln  -             93   1.9e-05   20.3   0.1   1   1   9.2e-07   2.3e-05   20.1   0.1    10    82     3    74     1    76 0.89 -
d1x6oa2b.40.4.5      -             79 d1wfqa_b.40.4.5.aln  -             93   5.5e-05   18.9   0.0   1   1   2.6e-06   6.3e-05   18.7   0.0     9    77     3    71     1    75 0.95 -
d1a62a2b.40.4.5      -             78 d1wfqa_b.40.4.5.aln  -             93   0.00024   16.8   0.0   1   1   1.1e-05   0.00027   16.7   0.0    14    90     3    76     2    78 0.93 -
d2ix0a1b.40.4.5      -             90 d1wfqa_b.40.4.5.aln  -             93   0.00026   16.7   0.0   1   1   1.2e-05    0.0003   16.5   0.0    12    92     8    89     2    90 0.91 -
d1c9oa_b.40.4.5      -             66 d1wfqa_b.40.4.5.aln  -             93   0.00028   16.6   0.1   1   1   1.3e-05   0.00032   16.4   0.1    14    77     3    60     1    65 0.90 -
d3i4oa_b.40.4.5      -             68 d1wfqa_b.40.4.5.aln  -             93   0.00067   15.4   0.2   1   1   2.9e-05   0.00072   15.3   0.2    13    82     4    67     1    68 0.93 -
d1ueba2b.40.4.5      -             63 d1wfqa_b.40.4.5.aln  -             93    0.0021   13.8   0.0   1   1   8.6e-05    0.0021   13.8   0.0    11    72     2    60     1    63 0.91 -
#
# Program:         hmmsearch
# Version:         3.1b2 (February 2015)
# Pipeline mode:   SEARCH
# Query file:      hmmModels30/d1wfqa_b.40.4.5.hmm
# Target file:     scop/scopTestSeq.fasta
# Option settings: hmmsearch --domtblout hmmModels30/d1wfqa_b.40.4.5.out -E 1 hmmModels30/d1wfqa_b.40.4.5.hmm scop/scopTestSeq.fasta 
# Current dir:     /home/anastasia/SBAS/TME8
# Date:            Sat Apr  8 15:33:51 2023
# [ok]
