#                                                                            --- full sequence --- -------------- this domain -------------   hmm coord   ali coord   env coord
# target name        accession   tlen query name           accession   qlen   E-value  score  bias   #  of  c-Evalue  i-Evalue  score  bias  from    to  from    to  from    to  acc description of target
#------------------- ---------- ----- -------------------- ---------- ----- --------- ------ ----- --- --- --------- --------- ------ ----- ----- ----- ----- ----- ----- ----- ---- ---------------------
d1z6na1c.47.1.1      -            166 d1wjka_c.47.1.1.aln  -            116     2e-52  171.5   0.0   1   1   3.4e-54   2.4e-52  171.2   0.0     1   116    30   147    30   147 0.99 -
d1sena_c.47.1.1      -            135 d1wjka_c.47.1.1.aln  -            116   2.8e-40  132.3   0.0   1   1   4.5e-42   3.3e-40  132.1   0.0     2   116     2   119     1   119 0.98 -
d1r26a_c.47.1.1      -            113 d1wjka_c.47.1.1.aln  -            116   1.1e-34  114.3   0.0   1   1   1.7e-36   1.2e-34  114.2   0.0     2   113     3   112     2   113 0.98 -
d2i4aa_c.47.1.1      -            107 d1wjka_c.47.1.1.aln  -            116   8.2e-32  105.1   0.0   1   1   1.2e-33   8.9e-32  104.9   0.0     7   113     2   107     1   107 0.98 -
d1zmaa1c.47.1.1      -            115 d1wjka_c.47.1.1.aln  -            116   6.5e-31  102.1   0.0   1   1     1e-32   7.1e-31  102.0   0.0     1   111     2   115     2   115 0.98 -
d2fwha_c.47.1.1      -            117 d1wjka_c.47.1.1.aln  -            116   1.3e-30  101.2   0.1   1   1     2e-32   1.4e-30  101.1   0.1     4   116     1   112     1   112 0.98 -
d1abaa_c.47.1.1      -             87 d1wjka_c.47.1.1.aln  -            116   5.3e-20   67.0   0.0   1   1   8.1e-22   5.8e-20   66.8   0.0    25   115     2    86     1    87 0.97 -
d1iloa_c.47.1.1      -             77 d1wjka_c.47.1.1.aln  -            116   3.9e-17   57.7   0.1   1   1   5.9e-19   4.2e-17   57.6   0.1    27   106     1    76     1    77 0.94 -
d1ttza_c.47.1.1      -             75 d1wjka_c.47.1.1.aln  -            116     9e-13   43.7   0.0   1   1   1.4e-14   9.8e-13   43.5   0.0    29   109     2    74     1    75 0.96 -
d3gnja_c.47.1.0      -            111 d1wjka_c.47.1.1.aln  -            116   1.6e-08   30.0   0.0   1   1   2.8e-10     2e-08   29.7   0.0    13    83    10    82     3    92 0.89 -
d1wjka_c.47.1.1      -            100 d1wjka_c.47.1.1.aln  -            116    0.0062   11.9   0.0   1   1    0.0001    0.0075   11.7   0.0    25    51    15    41     7    93 0.74 -
#
# Program:         hmmsearch
# Version:         3.1b2 (February 2015)
# Pipeline mode:   SEARCH
# Query file:      hmmModels30/d1wjka_c.47.1.1.hmm
# Target file:     scop/scopTestSeq.fasta
# Option settings: hmmsearch --domtblout hmmModels30/d1wjka_c.47.1.1.out -E 1 hmmModels30/d1wjka_c.47.1.1.hmm scop/scopTestSeq.fasta 
# Current dir:     /home/anastasia/SBAS/TME8
# Date:            Sat Apr  8 15:33:51 2023
# [ok]
