#                                                                            --- full sequence --- -------------- this domain -------------   hmm coord   ali coord   env coord
# target name        accession   tlen query name           accession   qlen   E-value  score  bias   #  of  c-Evalue  i-Evalue  score  bias  from    to  from    to  from    to  acc description of target
#------------------- ---------- ----- -------------------- ---------- ----- --------- ------ ----- --- --- --------- --------- ------ ----- ----- ----- ----- ----- ----- ----- ---- ---------------------
d1qdda_d.169.1.1     -            144 d1wk1a_d.169.1.1.aln -            131   7.8e-47  154.3   3.2   1   1   1.4e-48   8.8e-47  154.1   3.2     2   129    13   143    12   144 0.98 -
d1wmza_d.169.1.1     -            140 d1wk1a_d.169.1.1.aln -            131   1.7e-44  146.8   8.7   1   1   3.1e-46   1.9e-44  146.6   8.7     2   130     2   139     1   140 0.98 -
d1gz2a_d.169.1.1     -            139 d1wk1a_d.169.1.1.aln -            131   1.6e-40  133.8   0.1   1   1     3e-42   1.8e-40  133.7   0.1     2   129     1   138     1   139 0.98 -
d2ziba_d.169.1.1     -            130 d1wk1a_d.169.1.1.aln -            131   1.9e-40  133.7   4.2   1   1   3.4e-42     2e-40  133.5   4.2     2   130     6   129     5   130 0.98 -
d3l9jc_d.169.1.1     -            134 d1wk1a_d.169.1.1.aln -            131   1.7e-37  124.0   2.9   1   1   3.1e-39   1.9e-37  123.9   2.9     2   129     2   133     1   134 0.97 -
d1qo3c_d.169.1.1     -            133 d1wk1a_d.169.1.1.aln -            131   8.2e-36  118.6   3.7   1   1   1.5e-37   9.1e-36  118.5   3.7     2   130    13   132    12   133 0.97 -
d1kg0c_d.169.1.1     -            136 d1wk1a_d.169.1.1.aln -            131   1.1e-34  115.0   4.1   1   1   2.2e-36   1.3e-34  114.7   4.1     1   130    17   135    17   136 0.98 -
d1g1ta1d.169.1.1     -            118 d1wk1a_d.169.1.1.aln -            131   1.9e-34  114.3   5.6   1   1   3.4e-36   2.1e-34  114.1   5.6    13   127     1   118     1   118 0.96 -
d1pwba1d.169.1.1     -            121 d1wk1a_d.169.1.1.aln -            131   1.9e-33  111.0   0.0   1   1   3.4e-35   2.1e-33  110.9   0.0     6   128     2   121     1   121 0.97 -
d1h8ua_d.169.1.1     -            115 d1wk1a_d.169.1.1.aln -            131   2.9e-33  110.4   5.2   1   1   5.3e-35   3.2e-33  110.3   5.2    15   127     2   114     1   115 0.98 -
d1byfa_d.169.1.1     -            123 d1wk1a_d.169.1.1.aln -            131   1.4e-29   98.5   0.1   1   1   2.5e-31   1.5e-29   98.4   0.1    13   130     2   122     1   123 0.95 -
d3hupa_d.169.1.1     -            121 d1wk1a_d.169.1.1.aln -            131   1.9e-29   98.0  10.6   1   1   3.6e-31   2.2e-29   97.9  10.6     2   130     6   120     5   121 0.96 -
d1wk1a_d.169.1.1     -            150 d1wk1a_d.169.1.1.aln -            131   1.1e-11   40.6   0.0   1   1   2.3e-13   1.4e-11   40.3   0.0    19   129    15   130     3   132 0.80 -
#
# Program:         hmmsearch
# Version:         3.1b2 (February 2015)
# Pipeline mode:   SEARCH
# Query file:      hmmModels30/d1wk1a_d.169.1.1.hmm
# Target file:     scop/scopTestSeq.fasta
# Option settings: hmmsearch --domtblout hmmModels30/d1wk1a_d.169.1.1.out -E 1 hmmModels30/d1wk1a_d.169.1.1.hmm scop/scopTestSeq.fasta 
# Current dir:     /home/anastasia/SBAS/TME8
# Date:            Sat Apr  8 15:33:51 2023
# [ok]
