#                                                                            --- full sequence --- -------------- this domain -------------   hmm coord   ali coord   env coord
# target name        accession   tlen query name           accession   qlen   E-value  score  bias   #  of  c-Evalue  i-Evalue  score  bias  from    to  from    to  from    to  acc description of target
#------------------- ---------- ----- -------------------- ---------- ----- --------- ------ ----- --- --- --------- --------- ------ ----- ----- ----- ----- ----- ----- ----- ---- ---------------------
d2ov9a1d.38.1.5      -            203 d1wlua_d.38.1.5.aln  -            145   8.2e-66  215.9   0.3   1   1   1.5e-67   9.9e-66  215.6   0.3     1   145    27   183    27   183 0.99 -
d2hboa1d.38.1.5      -            142 d1wlua_d.38.1.5.aln  -            145   1.4e-41  137.2   0.0   1   1   2.4e-43   1.6e-41  137.1   0.0     6   144     2   137     1   138 0.98 -
d3f5oa_d.38.1.5      -            138 d1wlua_d.38.1.5.aln  -            145   5.7e-41  135.3   0.5   1   1   9.6e-43   6.3e-41  135.1   0.5     2   139     3   138     2   138 0.98 -
d1yoca1d.38.1.5      -            145 d1wlua_d.38.1.5.aln  -            145   1.1e-39  131.1   0.0   1   1   1.9e-41   1.2e-39  131.0   0.0     1   141     5   145     5   145 0.99 -
d1q4ta_d.38.1.5      -            142 d1wlua_d.38.1.5.aln  -            145   1.4e-39  130.8   0.8   1   1   2.3e-41   1.5e-39  130.7   0.8     3   141     2   141     1   142 0.98 -
d1sh8a_d.38.1.5      -            153 d1wlua_d.38.1.5.aln  -            145   4.5e-38  125.9   0.0   1   1   7.6e-40     5e-38  125.8   0.0     5   144     1   152     1   153 0.98 -
d1t82a_d.38.1.5      -            143 d1wlua_d.38.1.5.aln  -            145   2.1e-36  120.5   0.0   1   1   3.4e-38   2.2e-36  120.4   0.0     1   141     1   142     1   143 0.98 -
d1vh5a_d.38.1.5      -            138 d1wlua_d.38.1.5.aln  -            145   3.4e-35  116.6   0.0   1   1   5.6e-37   3.7e-35  116.5   0.0     4   138     3   137     1   138 0.98 -
d1ixla_d.38.1.5      -            130 d1wlua_d.38.1.5.aln  -            145   9.9e-33  108.6   0.1   1   1   1.6e-34   1.1e-32  108.4   0.1     9   144     2   129     1   130 0.97 -
d2f41a1d.38.1.5      -            111 d1wlua_d.38.1.5.aln  -            145   6.3e-30   99.5   0.2   1   1   1.1e-31     7e-30   99.3   0.2    22   137     2   111     1   111 0.99 -
d1wlua_d.38.1.5      -            117 d1wlua_d.38.1.5.aln  -            145   3.1e-10   35.6   0.3   1   1   5.7e-12   3.7e-10   35.3   0.3    32   121    15   101     4   114 0.82 -
d2hlja1d.38.1.1      -            156 d1wlua_d.38.1.5.aln  -            145    0.0014   14.1   0.0   1   1   2.9e-05    0.0019   13.6   0.0    80   113    55    87    29   115 0.80 -
#
# Program:         hmmsearch
# Version:         3.1b2 (February 2015)
# Pipeline mode:   SEARCH
# Query file:      hmmModels30/d1wlua_d.38.1.5.hmm
# Target file:     scop/scopTestSeq.fasta
# Option settings: hmmsearch --domtblout hmmModels30/d1wlua_d.38.1.5.out -E 1 hmmModels30/d1wlua_d.38.1.5.hmm scop/scopTestSeq.fasta 
# Current dir:     /home/anastasia/SBAS/TME8
# Date:            Sat Apr  8 15:33:51 2023
# [ok]
