#                                                                            --- full sequence --- -------------- this domain -------------   hmm coord   ali coord   env coord
# target name        accession   tlen query name           accession   qlen   E-value  score  bias   #  of  c-Evalue  i-Evalue  score  bias  from    to  from    to  from    to  acc description of target
#------------------- ---------- ----- -------------------- ---------- ----- --------- ------ ----- --- --- --------- --------- ------ ----- ----- ----- ----- ----- ----- ----- ---- ---------------------
d3hl8a_c.55.3.5      -            470 d1wlja_c.55.3.5.aln  -            349    3e-182  600.6   0.9   1   1  6.4e-184  3.6e-182  600.4   0.9     1   349    47   429    47   429 1.00 -
d1s5ja1c.55.3.5      -            410 d1wlja_c.55.3.5.aln  -            349  2.2e-137  453.1   0.2   1   1  4.5e-139  2.5e-137  452.9   0.2     1   349    28   410    28   410 1.00 -
d1q8ia1c.55.3.5      -            388 d1wlja_c.55.3.5.aln  -            349  1.4e-133  440.6   0.0   1   1  2.8e-135  1.6e-133  440.4   0.0     1   349     1   383     1   383 1.00 -
d2hbja2c.55.3.5      -            292 d1wlja_c.55.3.5.aln  -            349   2.1e-80  265.7   1.1   1   1   4.2e-82   2.3e-80  265.6   1.1    56   347     1   291     1   292 0.99 -
d3mxma_c.55.3.5      -            229 d1wlja_c.55.3.5.aln  -            349   2.6e-39  130.6   0.0   1   1   5.1e-41   2.9e-39  130.4   0.0   102   333     1   228     1   229 0.99 -
d1yt3a3c.55.3.5      -            193 d1wlja_c.55.3.5.aln  -            349   3.6e-32  107.1   0.0   1   1   7.1e-34     4e-32  106.9   0.0   139   331     2   193     1   193 0.99 -
d1w0ha_c.55.3.5      -            200 d1wlja_c.55.3.5.aln  -            349   1.3e-30  102.0   0.0   1   1   2.5e-32   1.4e-30  101.9   0.0   134   341     2   199     1   200 0.99 -
d1x9ma1c.55.3.5      -            204 d1wlja_c.55.3.5.aln  -            349   1.6e-29   98.4   0.0   1   1   3.1e-31   1.7e-29   98.3   0.0   133   345     3   204     1   204 0.99 -
d2f96a1c.55.3.5      -            202 d1wlja_c.55.3.5.aln  -            349   9.4e-27   89.3   0.0   1   1   1.8e-28     1e-26   89.2   0.0   133   341     2   202     1   202 0.98 -
d1kfsa1c.55.3.5      -            195 d1wlja_c.55.3.5.aln  -            349   4.4e-26   87.1   0.2   1   1   8.5e-28   4.8e-26   86.9   0.2   135   330     2   195     1   195 0.97 -
d1vk0a_c.55.3.5      -            206 d1wlja_c.55.3.5.aln  -            349   8.9e-26   86.1   0.0   1   1   1.7e-27   9.7e-26   85.9   0.0   135   339     3   205     1   206 0.98 -
d2py5a1c.55.3.5      -            183 d1wlja_c.55.3.5.aln  -            349   4.7e-22   73.8   0.0   1   1     9e-24   5.1e-22   73.7   0.0   136   328     3   183     1   183 0.98 -
d2igia_c.55.3.5      -            180 d1wlja_c.55.3.5.aln  -            349     6e-22   73.5   0.1   1   1   1.1e-23   6.4e-22   73.4   0.1   140   325     3   178     1   180 0.97 -
d2guia_c.55.3.5      -            176 d1wlja_c.55.3.5.aln  -            349   2.9e-21   71.2   0.0   1   1   5.6e-23   3.1e-21   71.1   0.0   150   330     3   174     1   176 0.97 -
#
# Program:         hmmsearch
# Version:         3.1b2 (February 2015)
# Pipeline mode:   SEARCH
# Query file:      hmmModels30/d1wlja_c.55.3.5.hmm
# Target file:     scop/scopTestSeq.fasta
# Option settings: hmmsearch --domtblout hmmModels30/d1wlja_c.55.3.5.out -E 1 hmmModels30/d1wlja_c.55.3.5.hmm scop/scopTestSeq.fasta 
# Current dir:     /home/anastasia/SBAS/TME8
# Date:            Sat Apr  8 15:33:51 2023
# [ok]
