#                                                                            --- full sequence --- -------------- this domain -------------   hmm coord   ali coord   env coord
# target name        accession   tlen query name           accession   qlen   E-value  score  bias   #  of  c-Evalue  i-Evalue  score  bias  from    to  from    to  from    to  acc description of target
#------------------- ---------- ----- -------------------- ---------- ----- --------- ------ ----- --- --- --------- --------- ------ ----- ----- ----- ----- ----- ----- ----- ---- ---------------------
d1atia2d.104.1.1     -            394 d1wu7a2d.104.1.1.aln -            321    6e-147  484.4   7.0   1   1  1.3e-148    7e-147  484.2   7.0     1   321    57   392    57   392 1.00 -
d1b8aa2d.104.1.1     -            335 d1wu7a2d.104.1.1.aln -            321   1.1e-96  319.2   6.0   1   1   2.4e-98   1.2e-96  319.1   6.0     1   321     1   335     1   335 0.99 -
d12asa_d.104.1.1     -            327 d1wu7a2d.104.1.1.aln -            321   3.8e-76  251.8   0.0   1   1     8e-78   4.2e-76  251.6   0.0     9   320     2   321     1   322 0.99 -
d1nnha_d.104.1.1     -            293 d1wu7a2d.104.1.1.aln -            321   3.8e-71  235.3   1.8   1   1   8.1e-73   4.3e-71  235.2   1.8    22   320     2   291     1   292 0.99 -
d1h4vb2d.104.1.1     -            324 d1wu7a2d.104.1.1.aln -            321   4.5e-69  228.5   7.2   1   1   9.6e-71     5e-69  228.3   7.2     1   309     3   324     3   324 0.99 -
d1seta2d.104.1.1     -            311 d1wu7a2d.104.1.1.aln -            321   2.3e-67  222.9   2.0   1   1     5e-69   2.6e-67  222.7   2.0     2   321     4   302     3   302 0.99 -
d1qf6a4d.104.1.1     -            291 d1wu7a2d.104.1.1.aln -            321   3.7e-63  209.1   0.1   1   1   7.8e-65   4.1e-63  208.9   0.1     1   307     1   291     1   291 0.99 -
d1z7ma1d.104.1.1     -            318 d1wu7a2d.104.1.1.aln -            321   4.7e-61  202.1   0.1   1   1     1e-62   5.3e-61  202.0   0.1     2   307     3   318     2   318 0.99 -
d1g5ha2d.104.1.1     -            290 d1wu7a2d.104.1.1.aln -            321   3.9e-60  199.2   0.0   1   1   8.1e-62   4.3e-60  199.0   0.0     6   307     3   290     1   290 0.99 -
d1j5wa_d.104.1.1     -            281 d1wu7a2d.104.1.1.aln -            321   3.5e-53  176.3   0.5   1   1   7.4e-55   3.9e-53  176.1   0.5     6   305     2   280     1   281 0.99 -
d1hc7a2d.104.1.1     -            272 d1wu7a2d.104.1.1.aln -            321   4.9e-50  165.9   1.6   1   1     1e-51   5.5e-50  165.8   1.6    10   306     3   271     1   272 0.99 -
d1yfsa2d.104.1.1     -            236 d1wu7a2d.104.1.1.aln -            321   3.1e-45  150.2   0.2   1   1   6.9e-47   3.6e-45  150.0   0.2    38   307     5   236     2   236 0.98 -
d1usya_d.104.1.1     -            275 d1wu7a2d.104.1.1.aln -            321   8.4e-44  145.5   0.0   1   1   1.8e-45   9.3e-44  145.3   0.0     9   307     2   275     1   275 0.99 -
d1jjcb5d.104.1.1     -            207 d1wu7a2d.104.1.1.aln -            321   6.8e-24   80.0   1.4   1   1   1.6e-25   8.2e-24   79.8   1.4    25   258     3   202     1   206 0.98 -
d1wu7a2d.104.1.1     -            327 d1wu7a2d.104.1.1.aln -            321   0.00095   13.9   0.1   1   1     3e-05    0.0016   13.1   0.1    27   144    31   151    22   165 0.85 -
#
# Program:         hmmsearch
# Version:         3.1b2 (February 2015)
# Pipeline mode:   SEARCH
# Query file:      hmmModels30/d1wu7a2d.104.1.1.hmm
# Target file:     scop/scopTestSeq.fasta
# Option settings: hmmsearch --domtblout hmmModels30/d1wu7a2d.104.1.1.out -E 1 hmmModels30/d1wu7a2d.104.1.1.hmm scop/scopTestSeq.fasta 
# Current dir:     /home/anastasia/SBAS/TME8
# Date:            Sat Apr  8 15:33:51 2023
# [ok]
