#                                                                            --- full sequence --- -------------- this domain -------------   hmm coord   ali coord   env coord
# target name        accession   tlen query name           accession   qlen   E-value  score  bias   #  of  c-Evalue  i-Evalue  score  bias  from    to  from    to  from    to  acc description of target
#------------------- ---------- ----- -------------------- ---------- ----- --------- ------ ----- --- --- --------- --------- ------ ----- ----- ----- ----- ----- ----- ----- ---- ---------------------
d1h32b_a.3.1.1       -            138 d1wvec_a.3.1.1.aln   -            115   8.7e-51  166.6   0.0   1   1   8.6e-53   9.7e-51  166.5   0.0     1   115     1   138     1   138 0.99 -
d1e29a_a.3.1.1       -            135 d1wvec_a.3.1.1.aln   -            115     7e-41  134.7   0.0   1   1     7e-43   7.9e-41  134.5   0.0     2   115    11   124    10   124 0.98 -
d1gu2a_a.3.1.1       -            124 d1wvec_a.3.1.1.aln   -            115   2.5e-39  129.7   0.2   1   1   2.5e-41   2.8e-39  129.5   0.2     2   115     9   121     8   121 0.99 -
d1c52a_a.3.1.1       -            131 d1wvec_a.3.1.1.aln   -            115   1.5e-36  120.8   0.1   1   1   1.5e-38   1.6e-36  120.6   0.1     1   115     2   120     2   120 0.99 -
d1i8oa_a.3.1.1       -            114 d1wvec_a.3.1.1.aln   -            115   8.9e-36  118.3   0.6   1   1   8.6e-38   9.7e-36  118.1   0.6     2   114     2   114     1   114 0.99 -
d1dw0a_a.3.1.1       -            112 d1wvec_a.3.1.1.aln   -            115   1.8e-30  101.1   0.0   1   1   1.8e-32     2e-30  101.0   0.0     3   113    10   112     8   112 0.95 -
d1c75a_a.3.1.1       -             71 d1wvec_a.3.1.1.aln   -            115   2.2e-14   49.3   0.1   1   1   2.1e-16   2.4e-14   49.2   0.1    33   114     2    71     1    71 0.92 -
#
# Program:         hmmsearch
# Version:         3.1b2 (February 2015)
# Pipeline mode:   SEARCH
# Query file:      hmmModels30/d1wvec_a.3.1.1.hmm
# Target file:     scop/scopTestSeq.fasta
# Option settings: hmmsearch --domtblout hmmModels30/d1wvec_a.3.1.1.out -E 1 hmmModels30/d1wvec_a.3.1.1.hmm scop/scopTestSeq.fasta 
# Current dir:     /home/anastasia/SBAS/TME8
# Date:            Sat Apr  8 15:33:51 2023
# [ok]
