#                                                                            --- full sequence --- -------------- this domain -------------   hmm coord   ali coord   env coord
# target name        accession   tlen query name           accession   qlen   E-value  score  bias   #  of  c-Evalue  i-Evalue  score  bias  from    to  from    to  from    to  acc description of target
#------------------- ---------- ----- -------------------- ---------- ----- --------- ------ ----- --- --- --------- --------- ------ ----- ----- ----- ----- ----- ----- ----- ---- ---------------------
d1g5aa2c.1.8.1       -            554 d1x1na1c.1.8.1.aln   -            441  1.8e-151  500.6   2.7   1   1  5.2e-153  2.1e-151  500.3   2.7     1   441    44   554    44   554 0.99 -
d1uoka2c.1.8.1       -            479 d1x1na1c.1.8.1.aln   -            441  3.9e-149  492.8  19.7   1   1  1.1e-150  4.4e-149  492.7  19.7     4   440     1   479     1   479 0.99 -
d1gjwa2c.1.8.1       -            572 d1x1na1c.1.8.1.aln   -            441  6.5e-118  390.0   0.0   1   1  2.2e-119  9.1e-118  389.5   0.0     1   440    41   571    41   572 0.99 -
d1wzaa2c.1.8.1       -            409 d1x1na1c.1.8.1.aln   -            441  7.1e-114  376.7  13.2   1   1  1.9e-115  7.9e-114  376.5  13.2     9   439     2   408     1   409 0.98 -
d1bf2a3c.1.8.1       -            475 d1x1na1c.1.8.1.aln   -            441  5.1e-106  350.8  14.6   1   1  1.4e-107  5.7e-106  350.6  14.6     2   439     7   471     6   473 0.99 -
d2fhfa5c.1.8.1       -            563 d1x1na1c.1.8.1.aln   -            441  1.7e-104  345.7   2.4   1   1    6e-106  2.5e-104  345.2   2.4     1   440    11   562    11   563 0.98 -
d1ji1a3c.1.8.1       -            432 d1x1na1c.1.8.1.aln   -            441  1.8e-101  335.7  22.3   1   1    5e-103  2.1e-101  335.6  22.3     2   440     1   431     1   432 0.98 -
d1wdpa_c.1.8.1       -            493 d1x1na1c.1.8.1.aln   -            441  3.5e-101  334.8   0.1   1   1  9.3e-103  3.9e-101  334.7   0.1     4   440     2   490     1   491 0.99 -
d1h3ga3c.1.8.1       -            422 d1x1na1c.1.8.1.aln   -            441     6e-99  327.5   8.9   1   1  1.8e-100   7.3e-99  327.2   8.9     5   441     5   422     2   422 0.96 -
d1r7aa2c.1.8.1       -            434 d1x1na1c.1.8.1.aln   -            441   1.5e-94  312.9   0.3   1   1   4.1e-96   1.7e-94  312.8   0.3    13   439     8   434     1   434 0.98 -
d2bhua3c.1.8.1       -            420 d1x1na1c.1.8.1.aln   -            441   3.9e-94  311.6   0.7   1   1   7.8e-94   3.2e-92  305.3   0.7     2   440     7   419     6   420 0.98 -
d3bmva4c.1.8.1       -            406 d1x1na1c.1.8.1.aln   -            441   3.8e-90  298.5  13.9   1   1     1e-91   4.3e-90  298.3  13.9     2   440     5   406     4   406 0.97 -
d2guya2c.1.8.1       -            381 d1x1na1c.1.8.1.aln   -            441     8e-85  280.9   9.1   1   1   2.4e-86     1e-84  280.6   9.1     5   407     2   365     1   380 0.91 -
d1m7xa3c.1.8.1       -            396 d1x1na1c.1.8.1.aln   -            441   2.1e-83  276.2  14.4   1   1     7e-85   2.9e-83  275.8  14.4     3   440     8   392     6   393 0.98 -
d1vema2c.1.8.1       -            417 d1x1na1c.1.8.1.aln   -            441   6.6e-76  251.5   7.0   1   1   1.8e-77   7.4e-76  251.4   7.0     2   440     1   416     1   417 0.98 -
d1e43a2c.1.8.1       -            393 d1x1na1c.1.8.1.aln   -            441   8.2e-75  247.9  16.4   1   1   2.2e-76     9e-75  247.8  16.4     6   391     2   381     1   393 0.96 -
d1ht6a2c.1.8.1       -            347 d1x1na1c.1.8.1.aln   -            441   6.8e-69  228.4   6.2   1   1     2e-70   8.2e-69  228.1   6.2     7   376     2   328     1   338 0.97 -
d1ua7a2c.1.8.1       -            344 d1x1na1c.1.8.1.aln   -            441   6.1e-64  212.1  11.8   1   1   3.8e-65   1.6e-63  210.7  11.8    11   440     5   344     1   344 0.96 -
d1kwga2c.1.8.1       -            393 d1x1na1c.1.8.1.aln   -            441   3.4e-53  176.7   0.0   1   1   9.2e-55   3.8e-53  176.5   0.0     2   440     3   392     2   393 0.98 -
#
# Program:         hmmsearch
# Version:         3.1b2 (February 2015)
# Pipeline mode:   SEARCH
# Query file:      hmmModels30/d1x1na1c.1.8.1.hmm
# Target file:     scop/scopTestSeq.fasta
# Option settings: hmmsearch --domtblout hmmModels30/d1x1na1c.1.8.1.out -E 1 hmmModels30/d1x1na1c.1.8.1.hmm scop/scopTestSeq.fasta 
# Current dir:     /home/anastasia/SBAS/TME8
# Date:            Sat Apr  8 15:33:51 2023
# [ok]
