#                                                                            --- full sequence --- -------------- this domain -------------   hmm coord   ali coord   env coord
# target name        accession   tlen query name           accession   qlen   E-value  score  bias   #  of  c-Evalue  i-Evalue  score  bias  from    to  from    to  from    to  acc description of target
#------------------- ---------- ----- -------------------- ---------- ----- --------- ------ ----- --- --- --------- --------- ------ ----- ----- ----- ----- ----- ----- ----- ---- ---------------------
d1i4ua_b.60.1.1      -            181 d1x8qa_b.60.1.1.aln  -            166   5.1e-63  207.4   0.4   1   1   9.5e-65   5.7e-63  207.2   0.4     1   166    14   177    14   177 0.99 -
d3s26a_b.60.1.1      -            176 d1x8qa_b.60.1.1.aln  -            166   4.3e-54  178.3   0.2   1   1   7.8e-56   4.8e-54  178.2   0.2     2   165     6   175     5   176 0.98 -
d1lf7a_b.60.1.1      -            171 d1x8qa_b.60.1.1.aln  -            166   9.3e-53  174.0   0.0   1   1   1.7e-54     1e-52  173.9   0.0     2   165     2   162     1   163 0.99 -
d1kt7a_b.60.1.1      -            175 d1x8qa_b.60.1.1.aln  -            166   3.8e-51  168.8   0.1   1   1   6.9e-53   4.2e-51  168.6   0.1     1   163     3   175     3   175 0.99 -
d1kxoa_b.60.1.1      -            171 d1x8qa_b.60.1.1.aln  -            166   5.2e-51  168.3   0.3   1   1   9.5e-53   5.8e-51  168.2   0.3     1   164     5   170     5   171 0.99 -
d3saoa_b.60.1.1      -            155 d1x8qa_b.60.1.1.aln  -            166   3.7e-49  162.3   0.3   1   1   6.8e-51   4.1e-49  162.2   0.3    16   165     1   149     1   150 0.99 -
d3kffa_b.60.1.1      -            152 d1x8qa_b.60.1.1.aln  -            166   1.1e-47  157.5   0.2   1   1     2e-49   1.2e-47  157.4   0.2    14   165     2   151     1   152 0.98 -
d1qfta_b.60.1.1      -            175 d1x8qa_b.60.1.1.aln  -            166     3e-45  149.6   6.5   1   1   5.4e-47   3.3e-45  149.5   6.5     1   165     4   174     4   175 0.99 -
d1qwda_b.60.1.1      -            167 d1x8qa_b.60.1.1.aln  -            166     1e-43  144.6   0.0   1   1   1.9e-45   1.2e-43  144.4   0.0     8   160     2   167     1   167 0.99 -
d1epba_b.60.1.1      -            160 d1x8qa_b.60.1.1.aln  -            166   4.3e-43  142.6   0.0   1   1   7.8e-45   4.7e-43  142.4   0.0    11   164     2   154     1   156 0.99 -
d1dzka_b.60.1.1      -            148 d1x8qa_b.60.1.1.aln  -            166   2.8e-38  126.9   0.2   1   1     5e-40   3.1e-38  126.8   0.2    17   164     2   148     1   148 0.99 -
d1xkia_b.60.1.1      -            139 d1x8qa_b.60.1.1.aln  -            166   3.4e-33  110.4   0.0   1   1   6.1e-35   3.7e-33  110.3   0.0    18   158     2   138     1   139 0.98 -
d2joza1b.60.1.1      -            126 d1x8qa_b.60.1.1.aln  -            166   4.8e-24   80.6   0.2   1   1   8.7e-26   5.3e-24   80.5   0.2    18   153     2   125     1   126 0.97 -
#
# Program:         hmmsearch
# Version:         3.1b2 (February 2015)
# Pipeline mode:   SEARCH
# Query file:      hmmModels30/d1x8qa_b.60.1.1.hmm
# Target file:     scop/scopTestSeq.fasta
# Option settings: hmmsearch --domtblout hmmModels30/d1x8qa_b.60.1.1.out -E 1 hmmModels30/d1x8qa_b.60.1.1.hmm scop/scopTestSeq.fasta 
# Current dir:     /home/anastasia/SBAS/TME8
# Date:            Sat Apr  8 15:33:51 2023
# [ok]
