#                                                                            --- full sequence --- -------------- this domain -------------   hmm coord   ali coord   env coord
# target name        accession   tlen query name           accession   qlen   E-value  score  bias   #  of  c-Evalue  i-Evalue  score  bias  from    to  from    to  from    to  acc description of target
#------------------- ---------- ----- -------------------- ---------- ----- --------- ------ ----- --- --- --------- --------- ------ ----- ----- ----- ----- ----- ----- ----- ---- ---------------------
d2bg1a1e.3.1.1       -            453 d1xa1a_e.3.1.1.aln   -            364  1.3e-156  516.6  17.3   1   2  2.8e-158  1.3e-156  516.6  17.3     1   364    28   427    28   427 1.00 -
d2bg1a1e.3.1.1       -            453 d1xa1a_e.3.1.1.aln   -            364  1.3e-156  516.6  17.3   2   2       4.9   2.3e+02   -4.0   0.0   316   333   432   449   432   450 0.89 -
d2olua2e.3.1.1       -            400 d1xa1a_e.3.1.1.aln   -            364    9e-108  356.0  16.5   1   1  2.2e-109    1e-107  355.8  16.5     1   364     3   378     3   378 1.00 -
d2v2ff_e.3.1.1       -            384 d1xa1a_e.3.1.1.aln   -            364   1.1e-91  303.1  23.5   1   1   2.5e-93   1.2e-91  302.9  23.5     5   364     1   368     1   368 1.00 -
d2hdsa_e.3.1.1       -            358 d1xa1a_e.3.1.1.aln   -            364   1.1e-89  296.4   1.3   1   1   2.7e-91   1.2e-89  296.3   1.3     2   363     2   357     1   358 0.99 -
d1ci9a_e.3.1.1       -            377 d1xa1a_e.3.1.1.aln   -            364   1.5e-88  292.7   0.0   1   1   3.6e-90   1.7e-88  292.6   0.0     2   363     2   374     1   375 0.99 -
d2drwa1e.3.1.1       -            362 d1xa1a_e.3.1.1.aln   -            364   2.3e-86  285.5   0.0   1   1   5.5e-88   2.6e-86  285.4   0.0     3   364     1   360     1   360 0.99 -
d2dcfa1e.3.1.1       -            388 d1xa1a_e.3.1.1.aln   -            364   5.8e-85  280.9   0.0   1   1   1.4e-86   6.5e-85  280.8   0.0     2   363     4   379     3   380 0.99 -
d1yqsa_e.3.1.1       -            345 d1xa1a_e.3.1.1.aln   -            364     1e-80  266.9   5.6   1   1   2.5e-82   1.1e-80  266.8   5.6     5   343     4   345     1   345 0.99 -
d1ei5a3e.3.1.1       -            333 d1xa1a_e.3.1.1.aln   -            364   6.9e-79  260.9   0.0   1   1   1.6e-80   7.7e-79  260.8   0.0     3   341     2   332     1   333 0.99 -
d1qmea4e.3.1.1       -            357 d1xa1a_e.3.1.1.aln   -            364   3.3e-73  242.3   6.1   1   1   7.8e-75   3.6e-73  242.1   6.1     2   356     6   356     5   357 0.99 -
d1vqqa3e.3.1.1       -            341 d1xa1a_e.3.1.1.aln   -            364   1.3e-72  240.3  12.2   1   1     3e-74   1.4e-72  240.2  12.2     1   356     6   341     6   341 1.00 -
d1tvfa2e.3.1.1       -            301 d1xa1a_e.3.1.1.aln   -            364   1.8e-58  193.8  18.2   1   1   4.2e-60     2e-58  193.6  18.2     2   332     5   301     4   301 0.99 -
d1e25a_e.3.1.1       -            278 d1xa1a_e.3.1.1.aln   -            364   1.1e-46  155.0   0.1   1   1   2.9e-48   1.3e-46  154.7   0.1    22   332     5   276     2   278 0.98 -
d1xp4a2e.3.1.1       -            269 d1xa1a_e.3.1.1.aln   -            364   3.2e-43  143.6   6.0   1   1   7.5e-45   3.5e-43  143.5   6.0    27   331     2   268     1   269 0.98 -
d2p74a_e.3.1.1       -            263 d1xa1a_e.3.1.1.aln   -            364   1.5e-39  131.5   3.4   1   1   3.6e-41   1.7e-39  131.3   3.4    19   328     3   262     1   263 0.98 -
d1es5a_e.3.1.1       -            260 d1xa1a_e.3.1.1.aln   -            364   6.1e-38  126.2  14.5   1   1   1.4e-39   6.7e-38  126.1  14.5    27   330     3   259     1   260 0.99 -
d1alqa_e.3.1.1       -            263 d1xa1a_e.3.1.1.aln   -            364   1.3e-36  121.9   3.0   1   1   3.1e-38   1.4e-36  121.7   3.0    22   329     2   262     1   263 0.99 -
#
# Program:         hmmsearch
# Version:         3.1b2 (February 2015)
# Pipeline mode:   SEARCH
# Query file:      hmmModels30/d1xa1a_e.3.1.1.hmm
# Target file:     scop/scopTestSeq.fasta
# Option settings: hmmsearch --domtblout hmmModels30/d1xa1a_e.3.1.1.out -E 1 hmmModels30/d1xa1a_e.3.1.1.hmm scop/scopTestSeq.fasta 
# Current dir:     /home/anastasia/SBAS/TME8
# Date:            Sat Apr  8 15:33:51 2023
# [ok]
