#                                                                            --- full sequence --- -------------- this domain -------------   hmm coord   ali coord   env coord
# target name        accession   tlen query name           accession   qlen   E-value  score  bias   #  of  c-Evalue  i-Evalue  score  bias  from    to  from    to  from    to  acc description of target
#------------------- ---------- ----- -------------------- ---------- ----- --------- ------ ----- --- --- --------- --------- ------ ----- ----- ----- ----- ----- ----- ----- ---- ---------------------
d2gv8a1c.3.1.5       -            336 d1xdia1c.3.1.5.aln   -            208   4.5e-98  322.3   0.0   1   1   1.5e-99   5.8e-98  321.9   0.0     1   208    31   288    31   288 1.00 -
d1w4xa1c.3.1.5       -            299 d1xdia1c.3.1.5.aln   -            208     8e-74  243.0   0.0   1   1   2.3e-75   9.3e-74  242.8   0.0     1   208     4   252     4   252 0.99 -
d1mo9a1c.3.1.5       -            262 d1xdia1c.3.1.5.aln   -            208   1.3e-56  186.8   0.0   1   1   3.8e-58   1.5e-56  186.6   0.0     1   208     2   239     2   239 0.99 -
d1v59a1c.3.1.5       -            234 d1xdia1c.3.1.5.aln   -            208   1.8e-52  173.3   0.1   1   1   5.4e-54   2.1e-52  173.0   0.1     2   207     2   210     1   211 0.99 -
d1w4xa2c.3.1.5       -            235 d1xdia1c.3.1.5.aln   -            208   7.3e-50  164.8   0.0   1   1   2.1e-51   8.1e-50  164.6   0.0     7   207     1   234     1   235 0.99 -
d1m6ia1c.3.1.5       -            214 d1xdia1c.3.1.5.aln   -            208   3.1e-45  149.6   0.0   1   1   8.8e-47   3.5e-45  149.5   0.0     2   207     2   214     1   214 0.98 -
d1nhpa1c.3.1.5       -            199 d1xdia1c.3.1.5.aln   -            208   2.7e-34  113.9   0.2   1   1   7.6e-36     3e-34  113.8   0.2     5   207     2   195     1   196 0.98 -
d1fl2a1c.3.1.5       -            185 d1xdia1c.3.1.5.aln   -            208   1.5e-30  101.7   0.1   1   1   4.1e-32   1.6e-30  101.6   0.1     4   185     1   184     1   185 0.98 -
d1aoga2c.3.1.5       -            117 d1xdia1c.3.1.5.aln   -            208   8.9e-20   66.5   0.0   1   1   2.5e-21   9.7e-20   66.4   0.0    10   145     1   116     1   117 0.98 -
d1m6ia2c.3.1.5       -            137 d1xdia1c.3.1.5.aln   -            208   8.8e-18   60.0   0.0   1   1   2.4e-19   9.6e-18   59.8   0.0     3   145    11   136     9   137 0.96 -
d1fcda2c.3.1.5       -            141 d1xdia1c.3.1.5.aln   -            208     2e-17   58.8   0.0   1   1   5.5e-19   2.2e-17   58.7   0.0     6   148     4   140     1   141 0.95 -
d1vdca2c.3.1.5       -            130 d1xdia1c.3.1.5.aln   -            208   8.7e-17   56.7   0.0   1   1   2.3e-18   9.2e-17   56.6   0.0     9   146     2   128     1   130 0.94 -
d1v59a2c.3.1.5       -            122 d1xdia1c.3.1.5.aln   -            208   4.2e-15   51.2   0.3   1   1   1.3e-16     5e-15   51.0   0.3    11   146     5   121     2   122 0.97 -
d1nhpa2c.3.1.5       -            123 d1xdia1c.3.1.5.aln   -            208   8.4e-15   50.2   0.6   1   1   2.4e-16   9.4e-15   50.1   0.6     5   146     6   123     2   123 0.93 -
d1mo9a2c.3.1.5       -            121 d1xdia1c.3.1.5.aln   -            208     1e-14   49.9   0.1   1   1   2.8e-16   1.1e-14   49.9   0.1    10   149     3   121     1   121 0.95 -
d1h6va2c.3.1.5       -            122 d1xdia1c.3.1.5.aln   -            208   5.9e-14   47.5   0.0   1   1   1.7e-15   6.5e-14   47.3   0.0    12   147     3   122     1   122 0.93 -
d1fl2a2c.3.1.5       -            126 d1xdia1c.3.1.5.aln   -            208   8.2e-14   47.0   0.0   1   1   2.2e-15   8.5e-14   46.9   0.0    20   149    11   125     1   126 0.92 -
d1onfa2c.3.1.5       -            117 d1xdia1c.3.1.5.aln   -            208   4.9e-12   41.2   0.1   1   1   1.3e-13   5.3e-12   41.1   0.1     9   146     3   117     1   117 0.95 -
d1xhca2c.3.1.5       -            122 d1xdia1c.3.1.5.aln   -            208   5.4e-12   41.1   0.0   1   1   1.5e-13   5.8e-12   41.0   0.0    12   146     3   121     1   122 0.97 -
d2gv8a2c.3.1.5       -            107 d1xdia1c.3.1.5.aln   -            208     3e-08   28.8   0.0   1   1   8.2e-10   3.3e-08   28.7   0.0    10   137     1   106     1   107 0.93 -
#
# Program:         hmmsearch
# Version:         3.1b2 (February 2015)
# Pipeline mode:   SEARCH
# Query file:      hmmModels30/d1xdia1c.3.1.5.hmm
# Target file:     scop/scopTestSeq.fasta
# Option settings: hmmsearch --domtblout hmmModels30/d1xdia1c.3.1.5.out -E 1 hmmModels30/d1xdia1c.3.1.5.hmm scop/scopTestSeq.fasta 
# Current dir:     /home/anastasia/SBAS/TME8
# Date:            Sat Apr  8 15:33:51 2023
# [ok]
