#                                                                            --- full sequence --- -------------- this domain -------------   hmm coord   ali coord   env coord
# target name        accession   tlen query name           accession   qlen   E-value  score  bias   #  of  c-Evalue  i-Evalue  score  bias  from    to  from    to  from    to  acc description of target
#------------------- ---------- ----- -------------------- ---------- ----- --------- ------ ----- --- --- --------- --------- ------ ----- ----- ----- ----- ----- ----- ----- ---- ---------------------
d2k5ga1d.129.3.5     -            183 d1xfsa_d.129.3.5.aln -            154     1e-56  187.0   0.0   1   1   1.5e-58   1.2e-56  186.8   0.0     1   154    13   167    13   167 0.99 -
d2il5a1d.129.3.5     -            164 d1xfsa_d.129.3.5.aln -            154     4e-51  168.9   2.0   1   1   5.6e-53   4.4e-51  168.8   2.0     1   153     1   156     1   157 0.99 -
d2nn5a1d.129.3.5     -            160 d1xfsa_d.129.3.5.aln -            154   1.9e-48  160.2   0.4   1   1   2.8e-50   2.2e-48  160.0   0.4     1   154     6   150     6   150 0.99 -
d1xuva_d.129.3.5     -            163 d1xfsa_d.129.3.5.aln -            154   2.4e-48  159.9   0.2   1   1   3.3e-50   2.6e-48  159.7   0.2     1   151     6   163     6   163 0.99 -
d2l65a1d.129.3.5     -            155 d1xfsa_d.129.3.5.aln -            154   1.5e-45  150.8   1.6   1   1   2.1e-47   1.6e-45  150.7   1.6     6   154     1   155     1   155 0.99 -
d3elia1d.129.3.5     -            143 d1xfsa_d.129.3.5.aln -            154   1.5e-45  150.8   0.3   1   1   2.1e-47   1.7e-45  150.6   0.3     8   148     2   143     1   143 0.98 -
d1xn5a_d.129.3.5     -            138 d1xfsa_d.129.3.5.aln -            154   1.1e-44  148.0   2.3   1   1   1.5e-46   1.2e-44  147.9   2.3     4   148     2   137     1   138 0.98 -
d1z94a1d.129.3.5     -            143 d1xfsa_d.129.3.5.aln -            154   6.7e-39  129.2   0.0   1   1   9.3e-41   7.3e-39  129.1   0.0     7   149     2   142     1   143 0.98 -
d1x53a1d.129.3.5     -            132 d1xfsa_d.129.3.5.aln -            154   4.7e-37  123.2   0.6   1   1   6.5e-39   5.1e-37  123.1   0.6     5   151     2   131     1   132 0.98 -
d1xfsa_d.129.3.5     -            165 d1xfsa_d.129.3.5.aln -            154   6.6e-11   38.3   0.1   1   1   1.7e-12   1.4e-10   37.3   0.1     8   150     6   162     3   164 0.81 -
#
# Program:         hmmsearch
# Version:         3.1b2 (February 2015)
# Pipeline mode:   SEARCH
# Query file:      hmmModels30/d1xfsa_d.129.3.5.hmm
# Target file:     scop/scopTestSeq.fasta
# Option settings: hmmsearch --domtblout hmmModels30/d1xfsa_d.129.3.5.out -E 1 hmmModels30/d1xfsa_d.129.3.5.hmm scop/scopTestSeq.fasta 
# Current dir:     /home/anastasia/SBAS/TME8
# Date:            Sat Apr  8 15:33:52 2023
# [ok]
