#                                                                            --- full sequence --- -------------- this domain -------------   hmm coord   ali coord   env coord
# target name        accession   tlen query name           accession   qlen   E-value  score  bias   #  of  c-Evalue  i-Evalue  score  bias  from    to  from    to  from    to  acc description of target
#------------------- ---------- ----- -------------------- ---------- ----- --------- ------ ----- --- --- --------- --------- ------ ----- ----- ----- ----- ----- ----- ----- ---- ---------------------
d2arza1b.45.1.1      -            238 d1xhna1b.45.1.1.aln  -            159   1.7e-72  237.8   0.0   1   1   3.8e-74   2.1e-72  237.5   0.0     1   159     1   164     1   164 0.98 -
d2vpaa_b.45.1.1      -            215 d1xhna1b.45.1.1.aln  -            159   1.4e-47  156.9   0.0   1   1   2.9e-49   1.7e-47  156.6   0.0     1   159     4   169     4   169 0.99 -
d1rfea_b.45.1.1      -            160 d1xhna1b.45.1.1.aln  -            159   2.8e-45  149.3   0.0   1   1   5.5e-47   3.1e-45  149.2   0.0     3   158     7   159     5   160 0.98 -
d2fura1b.45.1.1      -            193 d1xhna1b.45.1.1.aln  -            159   1.1e-43  144.2   0.0   1   1   2.3e-45   1.3e-43  144.0   0.0     3   159     1   158     1   158 0.99 -
d2fg9a1b.45.1.1      -            157 d1xhna1b.45.1.1.aln  -            159   3.1e-41  136.2   0.0   1   1     6e-43   3.4e-41  136.1   0.0     2   155     4   156     3   157 0.98 -
d2htia1b.45.1.1      -            156 d1xhna1b.45.1.1.aln  -            159   1.6e-37  124.2   0.0   1   1   3.1e-39   1.7e-37  124.0   0.0     3   158     1   152     1   153 0.98 -
d2hq9a1b.45.1.1      -            148 d1xhna1b.45.1.1.aln  -            159   3.3e-35  116.6   0.0   1   1   6.3e-37   3.6e-35  116.5   0.0     2   148     3   146     2   148 0.98 -
d1w9aa_b.45.1.1      -            142 d1xhna1b.45.1.1.aln  -            159   1.2e-33  111.6   0.0   1   1   2.3e-35   1.3e-33  111.5   0.0     7   150     2   141     1   142 0.98 -
d2hq7a1b.45.1.1      -            141 d1xhna1b.45.1.1.aln  -            159   3.5e-33  110.0   0.0   1   1   6.8e-35   3.8e-33  109.9   0.0     4   149     3   140     1   141 0.96 -
d2i02a1b.45.1.1      -            143 d1xhna1b.45.1.1.aln  -            159   3.6e-33  110.0   0.0   1   1     7e-35     4e-33  109.9   0.0     1   150     1   143     1   143 0.97 -
d2fhqa1b.45.1.1      -            135 d1xhna1b.45.1.1.aln  -            159   5.3e-30   99.7   0.0   1   1     1e-31   5.8e-30   99.6   0.0     5   146     3   134     1   135 0.95 -
d1vl7a_b.45.1.1      -            135 d1xhna1b.45.1.1.aln  -            159   5.4e-29   96.4   0.0   1   1     1e-30   5.8e-29   96.3   0.0    11   147     2   132     1   135 0.96 -
d2asfa1b.45.1.1      -            125 d1xhna1b.45.1.1.aln  -            159   4.4e-18   61.0   0.0   1   1   9.4e-20   5.3e-18   60.7   0.0     8   148     2   122     1   125 0.91 -
d3a6ra_b.45.1.1      -            122 d1xhna1b.45.1.1.aln  -            159   8.5e-16   53.6   0.0   1   1   2.5e-17   1.4e-15   52.8   0.0     9   145     5   120     1   122 0.91 -
#
# Program:         hmmsearch
# Version:         3.1b2 (February 2015)
# Pipeline mode:   SEARCH
# Query file:      hmmModels30/d1xhna1b.45.1.1.hmm
# Target file:     scop/scopTestSeq.fasta
# Option settings: hmmsearch --domtblout hmmModels30/d1xhna1b.45.1.1.out -E 1 hmmModels30/d1xhna1b.45.1.1.hmm scop/scopTestSeq.fasta 
# Current dir:     /home/anastasia/SBAS/TME8
# Date:            Sat Apr  8 15:33:52 2023
# [ok]
