#                                                                            --- full sequence --- -------------- this domain -------------   hmm coord   ali coord   env coord
# target name        accession   tlen query name           accession   qlen   E-value  score  bias   #  of  c-Evalue  i-Evalue  score  bias  from    to  from    to  from    to  acc description of target
#------------------- ---------- ----- -------------------- ---------- ----- --------- ------ ----- --- --- --------- --------- ------ ----- ----- ----- ----- ----- ----- ----- ---- ---------------------
d1i4ua_b.60.1.1      -            181 d1xkia_b.60.1.1.aln  -            167   8.7e-61  200.4   0.9   1   1   1.7e-62   9.8e-61  200.2   0.9     1   167    13   177    13   177 0.99 -
d3s26a_b.60.1.1      -            176 d1xkia_b.60.1.1.aln  -            167   8.2e-52  171.2   0.1   1   1   1.6e-53     9e-52  171.0   0.1     2   166     5   175     4   176 0.98 -
d1kt7a_b.60.1.1      -            175 d1xkia_b.60.1.1.aln  -            167   1.9e-51  170.0   0.1   1   1   3.8e-53   2.1e-51  169.8   0.1     1   164     2   175     2   175 0.99 -
d1kxoa_b.60.1.1      -            171 d1xkia_b.60.1.1.aln  -            167   3.2e-50  166.0   0.4   1   1   6.3e-52   3.6e-50  165.9   0.4     1   165     4   170     4   171 0.99 -
d1x8qa_b.60.1.1      -            184 d1xkia_b.60.1.1.aln  -            167   7.9e-48  158.2   6.9   1   1   1.6e-49   8.9e-48  158.1   6.9     1   167     1   175     1   175 0.99 -
d1lf7a_b.60.1.1      -            171 d1xkia_b.60.1.1.aln  -            167   2.5e-47  156.6   0.0   1   1     5e-49   2.8e-47  156.4   0.0     3   166     2   162     1   163 0.98 -
d3saoa_b.60.1.1      -            155 d1xkia_b.60.1.1.aln  -            167   4.6e-47  155.7   0.3   1   1   9.1e-49   5.1e-47  155.6   0.3    17   166     1   149     1   150 0.98 -
d3kffa_b.60.1.1      -            152 d1xkia_b.60.1.1.aln  -            167   1.2e-46  154.4   0.1   1   1   2.3e-48   1.3e-46  154.3   0.1    15   166     2   151     1   152 0.98 -
d1qfta_b.60.1.1      -            175 d1xkia_b.60.1.1.aln  -            167     2e-43  143.9   8.4   1   1     4e-45   2.2e-43  143.7   8.4     1   166     6   174     6   175 0.99 -
d1epba_b.60.1.1      -            160 d1xkia_b.60.1.1.aln  -            167   9.8e-43  141.7   0.0   1   1   1.9e-44   1.1e-42  141.5   0.0    12   165     2   154     1   156 0.98 -
d1qwda_b.60.1.1      -            167 d1xkia_b.60.1.1.aln  -            167   2.7e-42  140.2   0.0   1   1   5.3e-44     3e-42  140.1   0.0     9   161     2   167     1   167 0.98 -
d1dzka_b.60.1.1      -            148 d1xkia_b.60.1.1.aln  -            167   6.7e-37  122.7   0.2   1   1   1.3e-38   7.4e-37  122.5   0.2    18   165     2   148     1   148 0.98 -
d2joza1b.60.1.1      -            126 d1xkia_b.60.1.1.aln  -            167   1.7e-22   75.8   0.2   1   1   3.3e-24   1.8e-22   75.7   0.2    19   154     2   125     1   126 0.98 -
d1xkia_b.60.1.1      -            139 d1xkia_b.60.1.1.aln  -            167   1.1e-06   24.3   0.0   1   1   2.3e-08   1.3e-06   24.2   0.0    20   156     3   135     1   139 0.89 -
#
# Program:         hmmsearch
# Version:         3.1b2 (February 2015)
# Pipeline mode:   SEARCH
# Query file:      hmmModels30/d1xkia_b.60.1.1.hmm
# Target file:     scop/scopTestSeq.fasta
# Option settings: hmmsearch --domtblout hmmModels30/d1xkia_b.60.1.1.out -E 1 hmmModels30/d1xkia_b.60.1.1.hmm scop/scopTestSeq.fasta 
# Current dir:     /home/anastasia/SBAS/TME8
# Date:            Sat Apr  8 15:33:52 2023
# [ok]
