#                                                                            --- full sequence --- -------------- this domain -------------   hmm coord   ali coord   env coord
# target name        accession   tlen query name           accession   qlen   E-value  score  bias   #  of  c-Evalue  i-Evalue  score  bias  from    to  from    to  from    to  acc description of target
#------------------- ---------- ----- -------------------- ---------- ----- --------- ------ ----- --- --- --------- --------- ------ ----- ----- ----- ----- ----- ----- ----- ---- ---------------------
d1p0ha_d.108.1.1     -            308 d1xmta_d.108.1.1.aln -            179   5.7e-68  223.6   0.0   1   2   2.9e-64   5.5e-63  207.4   0.0     1   179     1   196     1   196 0.99 -
d1p0ha_d.108.1.1     -            308 d1xmta_d.108.1.1.aln -            179   5.7e-68  223.6   0.0   2   2   0.00031    0.0058   11.8   0.1    89   152   225   298   214   306 0.85 -
d1boba_d.108.1.1     -            315 d1xmta_d.108.1.1.aln -            179   1.1e-64  212.9   0.1   1   1   7.6e-66   1.4e-64  212.6   0.1     1   179    17   225    17   225 1.00 -
d2pq8a_d.108.1.1     -            271 d1xmta_d.108.1.1.aln -            179   8.8e-61  200.2   0.0   1   1   5.9e-62   1.1e-60  199.9   0.0     1   179    42   232    42   232 0.99 -
d2p0wa_d.108.1.1     -            319 d1xmta_d.108.1.1.aln -            179   9.6e-56  183.8   0.2   1   1   6.9e-57   1.3e-55  183.4   0.2     1   179    25   229    25   229 0.99 -
d1u6ma_d.108.1.1     -            189 d1xmta_d.108.1.1.aln -            179   5.1e-29   96.7   0.1   1   1   3.1e-30   5.8e-29   96.5   0.1     5   172    22   187    18   189 0.97 -
d1yk3a1d.108.1.1     -            198 d1xmta_d.108.1.1.aln -            179   4.6e-28   93.6   0.0   1   1   2.7e-29   5.1e-28   93.4   0.0     5   174    28   197    24   198 0.97 -
d1tiqa_d.108.1.1     -            173 d1xmta_d.108.1.1.aln -            179   2.8e-21   71.5   0.1   1   1   1.8e-22   3.4e-21   71.2   0.1    14   170     9   165     2   171 0.93 -
d1z4ea1d.108.1.1     -            150 d1xmta_d.108.1.1.aln -            179   1.9e-20   68.8   0.1   1   1   1.1e-21   2.2e-20   68.6   0.1    12   157     7   145     1   148 0.94 -
d2cy2a1d.108.1.1     -            174 d1xmta_d.108.1.1.aln -            179   2.4e-20   68.5   0.4   1   1   1.5e-21   2.9e-20   68.2   0.4    22   173    16   167     5   172 0.93 -
d1ufha_d.108.1.1     -            155 d1xmta_d.108.1.1.aln -            179   6.3e-20   67.1   0.4   1   1     4e-21   7.6e-20   66.8   0.4     7   159     6   152     4   155 0.91 -
d2gana1d.108.1.1     -            182 d1xmta_d.108.1.1.aln -            179   6.9e-20   67.0   0.2   1   1   3.9e-21   7.4e-20   66.9   0.2     6   163    18   171    13   182 0.92 -
d1mk4a_d.108.1.1     -            157 d1xmta_d.108.1.1.aln -            179   8.9e-20   66.6   0.0   1   1     5e-21   9.5e-20   66.5   0.0    31   171     5   155     1   157 0.94 -
d1y9ka1d.108.1.1     -            152 d1xmta_d.108.1.1.aln -            179   1.1e-19   66.3   0.0   1   1   6.3e-21   1.2e-19   66.2   0.0    71   173    36   148    10   152 0.92 -
d1vkca_d.108.1.1     -            149 d1xmta_d.108.1.1.aln -            179   9.6e-19   63.2   0.8   1   1   6.1e-20   1.1e-18   63.0   0.8    20   153    12   140     3   148 0.93 -
d1i12a_d.108.1.1     -            157 d1xmta_d.108.1.1.aln -            179   2.8e-18   61.7   0.0   1   1   1.8e-19   3.4e-18   61.5   0.0    12   156    10   151     5   156 0.95 -
d2ae6a1d.108.1.1     -            161 d1xmta_d.108.1.1.aln -            179   1.5e-17   59.4   0.1   1   1   8.8e-19   1.7e-17   59.2   0.1    33   173    21   159     8   161 0.94 -
d2fl4a1d.108.1.1     -            146 d1xmta_d.108.1.1.aln -            179   1.6e-17   59.3   0.2   1   1   9.3e-19   1.7e-17   59.1   0.2    44   172    19   146     2   146 0.91 -
d1ghea_d.108.1.1     -            170 d1xmta_d.108.1.1.aln -            179   5.2e-17   57.6   0.0   1   1   3.1e-18   5.8e-17   57.4   0.0    25   163    18   155     1   163 0.90 -
d2jdca1d.108.1.1     -            145 d1xmta_d.108.1.1.aln -            179   6.6e-17   57.3   0.1   1   1   3.9e-18   7.4e-17   57.1   0.1    50   173    24   144     3   145 0.94 -
d2fcka1d.108.1.1     -            178 d1xmta_d.108.1.1.aln -            179   2.5e-16   55.4   0.0   1   1   1.5e-17   2.8e-16   55.2   0.0     5   160     5   169     1   171 0.93 -
d1qsma_d.108.1.1     -            150 d1xmta_d.108.1.1.aln -            179   7.4e-16   53.8   0.1   1   1   4.8e-17   9.1e-16   53.5   0.1    15   155     4   140     2   149 0.94 -
d1n71a_d.108.1.1     -            180 d1xmta_d.108.1.1.aln -            179   7.4e-16   53.8   0.0   1   1   4.3e-17     8e-16   53.7   0.0     9   173     2   174     1   180 0.97 -
d2euia1d.108.1.1     -            153 d1xmta_d.108.1.1.aln -            179   1.7e-15   52.7   0.1   1   1   1.1e-16   2.1e-15   52.4   0.1    31   155    18   136     5   149 0.86 -
d1yx0a1d.108.1.1     -            151 d1xmta_d.108.1.1.aln -            179   2.1e-15   52.4   0.0   1   1   1.2e-16   2.2e-15   52.3   0.0    39   173    23   151     6   151 0.89 -
d2b5ga_d.108.1.1     -            168 d1xmta_d.108.1.1.aln -            179   4.1e-15   51.4   0.1   1   1   2.6e-16   4.9e-15   51.2   0.1    20   174    13   163     3   167 0.92 -
d1y9wa1d.108.1.1     -            140 d1xmta_d.108.1.1.aln -            179     6e-15   50.9   0.2   1   1   4.4e-16   8.3e-15   50.4   0.2    93   173    62   140     3   140 0.84 -
d2fiaa1d.108.1.1     -            157 d1xmta_d.108.1.1.aln -            179     8e-15   50.5   0.0   1   1   4.9e-16   9.3e-15   50.3   0.0    23   154     4   136     1   146 0.93 -
d1cjwa_d.108.1.1     -            166 d1xmta_d.108.1.1.aln -            179   8.1e-15   50.5   0.0   1   1   4.7e-16   8.8e-15   50.3   0.0     7   172     2   165     1   166 0.97 -
d2atra1d.108.1.1     -            137 d1xmta_d.108.1.1.aln -            179   4.6e-14   48.0   0.0   1   1   2.7e-15     5e-14   47.9   0.0    31   153     3   122     1   135 0.92 -
d2g3aa1d.108.1.1     -            137 d1xmta_d.108.1.1.aln -            179   8.5e-14   47.1   0.0   1   1   4.7e-15   8.8e-14   47.1   0.0    96   173    62   137    12   137 0.91 -
d2fiwa1d.108.1.1     -            156 d1xmta_d.108.1.1.aln -            179   1.5e-13   46.3   0.0   1   1   9.5e-15   1.8e-13   46.1   0.0    28   166    16   147     4   154 0.90 -
d1bo4a_d.108.1.1     -            137 d1xmta_d.108.1.1.aln -            179   2.1e-13   45.8   0.0   1   1   1.2e-14   2.2e-13   45.8   0.0    45   150    32   137     9   137 0.88 -
d1y7ra1d.108.1.1     -            133 d1xmta_d.108.1.1.aln -            179   5.2e-13   44.6   0.0   1   1   3.5e-14   6.6e-13   44.2   0.0    40   164     9   129     2   132 0.94 -
d1q2ya_d.108.1.1     -            140 d1xmta_d.108.1.1.aln -            179   3.2e-11   38.8   0.1   1   1   1.9e-12   3.6e-11   38.6   0.1    72   171    43   139     6   140 0.86 -
d1nsla_d.108.1.1     -            180 d1xmta_d.108.1.1.aln -            179   4.3e-11   38.3   0.0   1   1   2.5e-12   4.7e-11   38.2   0.0     7   173     6   175     2   180 0.94 -
d1wwza1d.108.1.1     -            157 d1xmta_d.108.1.1.aln -            179   7.7e-11   37.5   0.5   1   1   4.8e-12   9.1e-11   37.3   0.5    22   155    13   145     1   153 0.87 -
d1m4ia_d.108.1.1     -            181 d1xmta_d.108.1.1.aln -            179   1.4e-09   33.4   0.0   1   1   8.6e-11   1.6e-09   33.2   0.0     4   173     4   175     1   180 0.95 -
d1xeba_d.108.1.1     -            149 d1xmta_d.108.1.1.aln -            179   2.5e-09   32.6   0.1   1   1   1.6e-10     3e-09   32.3   0.1    89   159    69   137    36   147 0.87 -
d1z4ra1d.108.1.1     -            162 d1xmta_d.108.1.1.aln -            179   2.2e-08   29.5   0.0   1   1   1.3e-09   2.5e-08   29.3   0.0    63   170    46   156    12   161 0.77 -
d2aj6a1d.108.1.1     -            118 d1xmta_d.108.1.1.aln -            179     7e-07   24.6   0.0   1   1   4.3e-08     8e-07   24.4   0.0    49   131    39   115     3   117 0.76 -
d1r57a_d.108.1.1     -            102 d1xmta_d.108.1.1.aln -            179   1.5e-06   23.5   0.0   1   1   9.5e-08   1.8e-06   23.3   0.0    93   140    34    85     3    99 0.79 -
d2fsra1d.108.1.1     -            164 d1xmta_d.108.1.1.aln -            179   0.00028   16.1   0.0   1   1   1.7e-05   0.00032   15.9   0.0    13   173     5   162     2   164 0.88 -
#
# Program:         hmmsearch
# Version:         3.1b2 (February 2015)
# Pipeline mode:   SEARCH
# Query file:      hmmModels30/d1xmta_d.108.1.1.hmm
# Target file:     scop/scopTestSeq.fasta
# Option settings: hmmsearch --domtblout hmmModels30/d1xmta_d.108.1.1.out -E 1 hmmModels30/d1xmta_d.108.1.1.hmm scop/scopTestSeq.fasta 
# Current dir:     /home/anastasia/SBAS/TME8
# Date:            Sat Apr  8 15:33:52 2023
# [ok]
