#                                                                            --- full sequence --- -------------- this domain -------------   hmm coord   ali coord   env coord
# target name        accession   tlen query name           accession   qlen   E-value  score  bias   #  of  c-Evalue  i-Evalue  score  bias  from    to  from    to  from    to  acc description of target
#------------------- ---------- ----- -------------------- ---------- ----- --------- ------ ----- --- --- --------- --------- ------ ----- ----- ----- ----- ----- ----- ----- ---- ---------------------
d1omra_a.39.1.5      -            201 d1xo5a_a.39.1.5.aln  -            170   1.3e-62  206.3   3.4   1   1   2.4e-64   1.5e-62  206.1   3.4     1   170     9   191     9   191 0.99 -
d1jbaa_a.39.1.5      -            189 d1xo5a_a.39.1.5.aln  -            170   1.9e-62  205.7   1.7   1   1   3.5e-64   2.2e-62  205.6   1.7     1   169     5   188     5   189 0.99 -
d1qv0a_a.39.1.5      -            189 d1xo5a_a.39.1.5.aln  -            170   2.5e-61  202.1   0.1   1   1   4.7e-63   2.8e-61  201.9   0.1     2   169     7   184     6   185 0.99 -
d2zfda1a.39.1.5      -            183 d1xo5a_a.39.1.5.aln  -            170   7.8e-51  168.0   3.3   1   1   1.4e-52   8.7e-51  167.8   3.3     5   170     1   177     1   177 0.99 -
d2sasa_a.39.1.5      -            185 d1xo5a_a.39.1.5.aln  -            170   3.2e-50  166.0   0.7   1   1   6.1e-52   3.7e-50  165.8   0.7     2   170    11   181    10   181 0.98 -
d1exra_a.39.1.5      -            146 d1xo5a_a.39.1.5.aln  -            170   7.1e-49  161.6   7.2   1   1   1.3e-50   7.9e-49  161.4   7.2    11   155     2   145     1   146 0.98 -
d2scpa_a.39.1.5      -            174 d1xo5a_a.39.1.5.aln  -            170   3.5e-48  159.3   4.4   1   1   6.3e-50   3.8e-48  159.2   4.4     5   170     2   170     1   170 0.99 -
d1nyaa_a.39.1.5      -            176 d1xo5a_a.39.1.5.aln  -            170   3.1e-46  153.0   1.1   1   1   5.6e-48   3.4e-46  152.9   1.1     1   166    10   174    10   176 0.98 -
d1jfka_a.39.1.5      -            134 d1xo5a_a.39.1.5.aln  -            170   7.3e-37  122.5   6.5   1   1   1.4e-38   8.2e-37  122.3   6.5    20   154     2   133     1   134 0.98 -
d1s6ja_a.39.1.5      -             87 d1xo5a_a.39.1.5.aln  -            170   5.2e-26   87.2   2.0   1   1   9.2e-28   5.6e-26   87.1   2.0    75   156     3    87     1    87 0.97 -
d1j7qa_a.39.1.5      -             86 d1xo5a_a.39.1.5.aln  -            170   1.6e-22   75.8   0.1   1   1   3.1e-24   1.9e-22   75.6   0.1    87   164     9    86     2    86 0.95 -
d1xo5a_a.39.1.5      -            180 d1xo5a_a.39.1.5.aln  -            170   2.2e-11   39.6   0.1   1   1   5.3e-13   3.2e-11   39.0   0.1    72   157    75   169    54   173 0.93 -
d1ctaa_a.39.1.5      -             34 d1xo5a_a.39.1.5.aln  -            170   5.1e-11   38.4   0.1   1   1   8.7e-13   5.3e-11   38.3   0.1    90   122     2    34     1    34 0.94 -
#
# Program:         hmmsearch
# Version:         3.1b2 (February 2015)
# Pipeline mode:   SEARCH
# Query file:      hmmModels30/d1xo5a_a.39.1.5.hmm
# Target file:     scop/scopTestSeq.fasta
# Option settings: hmmsearch --domtblout hmmModels30/d1xo5a_a.39.1.5.out -E 1 hmmModels30/d1xo5a_a.39.1.5.hmm scop/scopTestSeq.fasta 
# Current dir:     /home/anastasia/SBAS/TME8
# Date:            Sat Apr  8 15:33:52 2023
# [ok]
