#                                                                            --- full sequence --- -------------- this domain -------------   hmm coord   ali coord   env coord
# target name        accession   tlen query name           accession   qlen   E-value  score  bias   #  of  c-Evalue  i-Evalue  score  bias  from    to  from    to  from    to  acc description of target
#------------------- ---------- ----- -------------------- ---------- ----- --------- ------ ----- --- --- --------- --------- ------ ----- ----- ----- ----- ----- ----- ----- ---- ---------------------
d2bg1a1e.3.1.1       -            453 d1xp4a2e.3.1.1.aln   -            343  2.1e-135  446.4  15.8   1   1  5.7e-137  2.5e-135  446.2  15.8     1   343    64   440    64   440 1.00 -
d2olua2e.3.1.1       -            400 d1xp4a2e.3.1.1.aln   -            343  1.4e-105  348.3  16.1   1   1  3.8e-107  1.7e-105  348.1  16.1     2   343    47   399    46   399 0.99 -
d2v2ff_e.3.1.1       -            384 d1xp4a2e.3.1.1.aln   -            343   5.2e-97  320.2  18.5   1   1   1.4e-98   6.3e-97  319.9  18.5     1   340    40   384    40   384 1.00 -
d2drwa1e.3.1.1       -            362 d1xp4a2e.3.1.1.aln   -            343   7.9e-85  280.1   0.0   1   1     2e-86   8.8e-85  280.0   0.0     4   342     2   353     1   354 0.99 -
d2hdsa_e.3.1.1       -            358 d1xp4a2e.3.1.1.aln   -            343   3.2e-84  278.1   1.2   1   1   8.1e-86   3.5e-84  278.0   1.2     2   341     2   347     1   349 0.99 -
d2dcfa1e.3.1.1       -            388 d1xp4a2e.3.1.1.aln   -            343   9.9e-84  276.5   0.0   1   1   2.5e-85   1.1e-83  276.4   0.0     2   342     4   377     3   378 0.99 -
d1ci9a_e.3.1.1       -            377 d1xp4a2e.3.1.1.aln   -            343   6.1e-78  257.5   0.0   1   1   1.5e-79   6.8e-78  257.3   0.0     2   342     2   367     1   368 0.99 -
d1yqsa_e.3.1.1       -            345 d1xp4a2e.3.1.1.aln   -            343   5.6e-77  254.3   5.8   1   1   1.4e-78   6.2e-77  254.2   5.8     5   342     4   344     1   345 0.99 -
d1ei5a3e.3.1.1       -            333 d1xp4a2e.3.1.1.aln   -            343   2.7e-72  238.9   0.0   1   1   6.9e-74     3e-72  238.8   0.0     3   341     2   332     1   333 0.99 -
d1qmea4e.3.1.1       -            357 d1xp4a2e.3.1.1.aln   -            343   5.3e-71  234.7   5.7   1   1   1.4e-72   5.9e-71  234.5   5.7     3   342     2   347     1   348 0.99 -
d1vqqa3e.3.1.1       -            341 d1xp4a2e.3.1.1.aln   -            343   5.7e-70  231.3  11.0   1   1   1.5e-71   6.4e-70  231.1  11.0     2   341     8   341     7   341 0.99 -
d1tvfa2e.3.1.1       -            301 d1xp4a2e.3.1.1.aln   -            343   3.6e-64  212.2  17.1   1   1     9e-66   3.9e-64  212.1  17.1     2   307     2   300     1   301 0.99 -
d1e25a_e.3.1.1       -            278 d1xp4a2e.3.1.1.aln   -            343   3.1e-59  196.0   0.1   1   1   7.7e-61   3.4e-59  195.8   0.1    22   310     5   277     1   278 0.98 -
d2p74a_e.3.1.1       -            263 d1xp4a2e.3.1.1.aln   -            343   1.7e-52  173.8   2.5   1   1   4.2e-54   1.8e-52  173.7   2.5    18   302     2   261     1   263 0.98 -
d1alqa_e.3.1.1       -            263 d1xp4a2e.3.1.1.aln   -            343   8.7e-49  161.6   4.5   1   1   2.2e-50   9.8e-49  161.4   4.5     2   268    23   263    22   263 0.99 -
d1es5a_e.3.1.1       -            260 d1xp4a2e.3.1.1.aln   -            343   2.7e-47  156.7  13.2   1   1   6.8e-49     3e-47  156.6  13.2    33   299     5   258     1   260 0.98 -
d1xa1a_e.3.1.1       -            246 d1xp4a2e.3.1.1.aln   -            343   2.9e-40  133.6   7.5   1   2   1.8e-25   7.7e-24   79.6   1.8    11   156     2   130     1   136 0.97 -
d1xa1a_e.3.1.1       -            246 d1xp4a2e.3.1.1.aln   -            343   2.9e-40  133.6   7.5   2   2   7.3e-19   3.2e-17   57.8   0.4   195   306   134   245   132   246 0.98 -
d1xp4a2e.3.1.1       -            269 d1xp4a2e.3.1.1.aln   -            343   0.00037   14.9   0.6   1   1   1.3e-05   0.00055   14.3   0.6    43   171    14   140     2   179 0.80 -
#
# Program:         hmmsearch
# Version:         3.1b2 (February 2015)
# Pipeline mode:   SEARCH
# Query file:      hmmModels30/d1xp4a2e.3.1.1.hmm
# Target file:     scop/scopTestSeq.fasta
# Option settings: hmmsearch --domtblout hmmModels30/d1xp4a2e.3.1.1.out -E 1 hmmModels30/d1xp4a2e.3.1.1.hmm scop/scopTestSeq.fasta 
# Current dir:     /home/anastasia/SBAS/TME8
# Date:            Sat Apr  8 15:33:52 2023
# [ok]
