#                                                                            --- full sequence --- -------------- this domain -------------   hmm coord   ali coord   env coord
# target name        accession   tlen query name           accession   qlen   E-value  score  bias   #  of  c-Evalue  i-Evalue  score  bias  from    to  from    to  from    to  acc description of target
#------------------- ---------- ----- -------------------- ---------- ----- --------- ------ ----- --- --- --------- --------- ------ ----- ----- ----- ----- ----- ----- ----- ---- ---------------------
d1jeta_c.94.1.1      -            517 d1xt8a1c.94.1.1.aln  -            357    1e-126  418.4  15.2   1   1  4.9e-128  1.3e-126  418.0  15.2     1   357   145   507   145   507 1.00 -
d1vr5a1c.94.1.1      -            535 d1xt8a1c.94.1.1.aln  -            357  4.2e-125  413.1  16.2   1   1  1.9e-126    5e-125  412.8  16.2     1   357   120   515   120   515 1.00 -
d3vlva_c.94.1.1      -            490 d1xt8a1c.94.1.1.aln  -            357  2.1e-108  358.1  14.5   1   1  9.7e-110  2.6e-108  357.8  14.5     1   357   110   490   110   490 1.00 -
d1xoca1c.94.1.1      -            504 d1xt8a1c.94.1.1.aln  -            357  5.4e-108  356.8  20.2   1   1  2.4e-109  6.4e-108  356.5  20.2     2   357   123   495   122   495 0.99 -
d1uqwa_c.94.1.1      -            487 d1xt8a1c.94.1.1.aln  -            357  1.6e-106  352.0  13.2   1   1  7.4e-108  1.9e-106  351.7  13.2     1   356   119   479   119   480 1.00 -
d2nooa_c.94.1.1      -            496 d1xt8a1c.94.1.1.aln  -            357  4.8e-104  343.8   0.3   1   1  2.4e-105  6.3e-104  343.4   0.3     1   357   116   489   116   489 1.00 -
d1eu8a_c.94.1.1      -            407 d1xt8a1c.94.1.1.aln  -            357   1.6e-73  243.4  10.9   1   1   6.9e-75   1.8e-73  243.2  10.9     1   357    16   399    16   399 1.00 -
d1ursa_c.94.1.1      -            367 d1xt8a1c.94.1.1.aln  -            357   1.8e-65  216.9  13.4   1   1   7.5e-67     2e-65  216.8  13.4     1   357     1   363     1   363 0.99 -
d3thia_c.94.1.1      -            362 d1xt8a1c.94.1.1.aln  -            357   1.3e-54  181.1   0.8   1   1   5.6e-56   1.5e-54  181.0   0.8    14   346    11   362     1   362 0.98 -
d1pb7a_c.94.1.1      -            289 d1xt8a1c.94.1.1.aln  -            357   3.3e-37  123.9   0.0   1   1   1.4e-38   3.7e-37  123.8   0.0    47   338     2   288     1   289 0.99 -
d1ixha_c.94.1.1      -            321 d1xt8a1c.94.1.1.aln  -            357     1e-35  119.0  10.1   1   1   4.3e-37   1.1e-35  118.9  10.1    35   342     3   319     1   321 0.99 -
d1sbpa_c.94.1.1      -            309 d1xt8a1c.94.1.1.aln  -            357   1.5e-33  111.9   7.9   1   1   6.6e-35   1.7e-33  111.7   7.9    44   336     2   300     1   308 0.97 -
d1r9la_c.94.1.1      -            309 d1xt8a1c.94.1.1.aln  -            357   1.7e-33  111.7   9.7   1   1   7.6e-35     2e-33  111.5   9.7    49   342     8   309     2   309 0.98 -
d1nnfa_c.94.1.1      -            308 d1xt8a1c.94.1.1.aln  -            357     2e-32  108.2  11.0   1   1   8.3e-34   2.2e-32  108.1  11.0    32   337     2   305     1   308 0.98 -
d1q35a_c.94.1.1      -            318 d1xt8a1c.94.1.1.aln  -            357   3.3e-30  100.9   2.2   1   1   1.4e-31   3.6e-30  100.8   2.2    30   341     2   313     1   318 0.97 -
d1us5a_c.94.1.1      -            298 d1xt8a1c.94.1.1.aln  -            357   1.5e-29   98.8   0.1   1   1   6.5e-31   1.7e-29   98.6   0.1    49   341     6   298     2   298 0.98 -
d2nxoa1c.94.1.1      -            277 d1xt8a1c.94.1.1.aln  -            357   8.2e-28   93.0   0.0   1   1   3.7e-29   9.6e-28   92.8   0.0    57   334     9   276     2   277 0.93 -
d2i6ea1c.94.1.1      -            272 d1xt8a1c.94.1.1.aln  -            357   6.5e-21   70.3   0.0   1   1     3e-22   7.8e-21   70.1   0.0    82   321    30   266     4   271 0.94 -
d1twya_c.94.1.1      -            249 d1xt8a1c.94.1.1.aln  -            357   3.4e-19   64.7   0.1   1   1   1.4e-20   3.8e-19   64.5   0.1    67   333    18   246     2   249 0.93 -
d1sw5a_c.94.1.1      -            270 d1xt8a1c.94.1.1.aln  -            357   6.8e-19   63.7   4.8   1   1   3.1e-20   8.1e-19   63.4   4.8    47   316     2   263     1   267 0.97 -
d1al3a_c.94.1.1      -            237 d1xt8a1c.94.1.1.aln  -            357   6.9e-17   57.1   0.0   1   1   2.9e-18   7.6e-17   56.9   0.0    49   310     3   236     1   237 0.96 -
d2czla1c.94.1.1      -            270 d1xt8a1c.94.1.1.aln  -            357   6.5e-16   53.9   0.0   1   1   2.6e-17   6.8e-16   53.8   0.0    54   333     8   267     1   270 0.91 -
d1atga_c.94.1.1      -            231 d1xt8a1c.94.1.1.aln  -            357   1.1e-14   49.9   0.8   1   1     5e-16   1.3e-14   49.6   0.8    55   326     4   231     2   231 0.96 -
d2ozza1c.94.1.1      -            228 d1xt8a1c.94.1.1.aln  -            357   1.2e-10   36.6   0.0   1   1   4.9e-12   1.3e-10   36.4   0.0    50   285     4   226     1   228 0.98 -
d2qmwa1c.94.1.1      -            184 d1xt8a1c.94.1.1.aln  -            357   1.4e-10   36.4   0.0   1   1   5.7e-12   1.5e-10   36.3   0.0    47   234     3   181     1   184 0.95 -
d1ii5a_c.94.1.1      -            226 d1xt8a1c.94.1.1.aln  -            357   1.7e-10   36.0   0.3   1   1   7.1e-12   1.9e-10   35.9   0.3    47   250     4   205     1   222 0.91 -
d2esna2c.94.1.1      -            212 d1xt8a1c.94.1.1.aln  -            357     2e-09   32.5   0.0   1   1     9e-11   2.4e-09   32.3   0.0    52   284     4   205     1   210 0.94 -
d1i6aa_c.94.1.1      -            212 d1xt8a1c.94.1.1.aln  -            357   6.7e-07   24.2   0.0   1   1   3.1e-08   8.2e-07   23.9   0.0    52   199     5   141     2   160 0.89 -
d1ixca2c.94.1.1      -            205 d1xt8a1c.94.1.1.aln  -            357   0.00013   16.7   0.0   1   1   5.9e-06   0.00016   16.5   0.0    83   235    30   170     5   180 0.92 -
d1ve4a1c.94.1.1      -            206 d1xt8a1c.94.1.1.aln  -            357   0.00019   16.2   0.0   1   1   8.8e-06   0.00023   15.9   0.0    60   186    15   140    10   164 0.93 -
#
# Program:         hmmsearch
# Version:         3.1b2 (February 2015)
# Pipeline mode:   SEARCH
# Query file:      hmmModels30/d1xt8a1c.94.1.1.hmm
# Target file:     scop/scopTestSeq.fasta
# Option settings: hmmsearch --domtblout hmmModels30/d1xt8a1c.94.1.1.out -E 1 hmmModels30/d1xt8a1c.94.1.1.hmm scop/scopTestSeq.fasta 
# Current dir:     /home/anastasia/SBAS/TME8
# Date:            Sat Apr  8 15:33:52 2023
# [ok]
