#                                                                            --- full sequence --- -------------- this domain -------------   hmm coord   ali coord   env coord
# target name        accession   tlen query name           accession   qlen   E-value  score  bias   #  of  c-Evalue  i-Evalue  score  bias  from    to  from    to  from    to  acc description of target
#------------------- ---------- ----- -------------------- ---------- ----- --------- ------ ----- --- --- --------- --------- ------ ----- ----- ----- ----- ----- ----- ----- ---- ---------------------
d1d7qa_b.40.4.5      -            143 d1y14b1b.40.4.5.aln  -             89   3.5e-31  102.4   0.4   1   2   1.5e-32   3.5e-31  102.4   0.4     1    89    11   104    11   104 0.99 -
d1d7qa_b.40.4.5      -            143 d1y14b1b.40.4.5.aln  -             89   3.5e-31  102.4   0.4   2   2       7.1   1.7e+02   -2.1   0.6    54    75   119   140   113   141 0.78 -
d2vnud3b.40.4.5      -            148 d1y14b1b.40.4.5.aln  -             89   6.9e-27   88.7   0.0   1   1   3.8e-28   9.1e-27   88.3   0.0     1    89    15   122    15   122 0.98 -
d2nn6i1b.40.4.5      -            125 d1y14b1b.40.4.5.aln  -             89   5.3e-23   76.3   0.1   1   1   2.6e-24   6.2e-23   76.1   0.1     1    89     1    96     1    96 0.98 -
d1wi5a_b.40.4.5      -            119 d1y14b1b.40.4.5.aln  -             89   3.4e-20   67.3   0.0   1   1   1.7e-21   4.2e-20   67.0   0.0     4    88    18   101    15   102 0.95 -
d2uubl1b.40.4.5      -            118 d1y14b1b.40.4.5.aln  -             89   1.1e-15   52.9   1.9   1   1   5.4e-17   1.3e-15   52.7   1.9     2    88     7   106     6   107 0.97 -
d3bzka4b.40.4.5      -             94 d1y14b1b.40.4.5.aln  -             89   1.6e-15   52.4   0.8   1   1   7.9e-17   1.9e-15   52.1   0.8     3    78    14    86    12    91 0.94 -
d1go3e1b.40.4.5      -            106 d1y14b1b.40.4.5.aln  -             89   1.9e-15   52.1   0.3   1   1   9.4e-17   2.2e-15   51.9   0.3     5    88     1    91     1    92 0.98 -
d1jt8a_b.40.4.5      -            102 d1y14b1b.40.4.5.aln  -             89   2.4e-15   51.8   0.2   1   1   1.1e-16   2.6e-15   51.7   0.2     6    88     5    92     1    93 0.95 -
d1luza_b.40.4.5      -             85 d1y14b1b.40.4.5.aln  -             89   6.3e-12   40.9   0.4   1   1   2.8e-13   6.7e-12   40.8   0.4     3    83     4    82     2    85 0.94 -
d2ja9a1b.40.4.5      -             90 d1y14b1b.40.4.5.aln  -             89   1.9e-11   39.3   0.0   1   1   8.7e-13   2.1e-11   39.2   0.0     2    87     2    84     1    86 0.95 -
d2uubq1b.40.4.5      -            100 d1y14b1b.40.4.5.aln  -             89   2.1e-11   39.2   1.8   1   1     1e-12   2.5e-11   39.0   1.8     9    88     4    83     1    84 0.95 -
d2je6i1b.40.4.5      -             87 d1y14b1b.40.4.5.aln  -             89   2.2e-11   39.1   0.9   1   1     1e-12   2.4e-11   39.0   0.9     1    86     1    86     1    87 0.95 -
d2nn6h1b.40.4.5      -             95 d1y14b1b.40.4.5.aln  -             89     3e-11   38.7   0.0   1   1   1.5e-12   3.6e-11   38.4   0.0     2    83     3    91     2    94 0.96 -
d1kl9a2b.40.4.5      -             86 d1y14b1b.40.4.5.aln  -             89   1.3e-10   36.6   1.7   1   1     6e-12   1.4e-10   36.5   1.7     2    80     8    85     7    86 0.96 -
d2vnud2b.40.4.5      -             88 d1y14b1b.40.4.5.aln  -             89   5.8e-09   31.4   0.5   1   1   2.8e-10   6.6e-09   31.2   0.5     2    76     6    84     5    87 0.94 -
d1smxa_b.40.4.5      -             87 d1y14b1b.40.4.5.aln  -             89     3e-08   29.1   0.0   1   1   1.4e-09   3.4e-08   29.0   0.0    10    85    15    86     9    87 0.91 -
d1wfqa_b.40.4.5      -             89 d1y14b1b.40.4.5.aln  -             89   3.1e-08   29.1   0.0   1   1   1.4e-09   3.2e-08   29.0   0.0     6    86     5    87     1    89 0.93 -
d2ix0a3b.40.4.5      -             87 d1y14b1b.40.4.5.aln  -             89   3.4e-08   28.9   0.0   1   1   1.5e-09   3.5e-08   28.9   0.0     8    86     4    85     1    87 0.94 -
d1jjga_b.40.4.5      -            102 d1y14b1b.40.4.5.aln  -             89   7.1e-08   27.9   0.3   1   1   3.4e-09   8.2e-08   27.7   0.3     3    87     8    91     6    93 0.94 -
d2vnud1b.40.4.5      -             95 d1y14b1b.40.4.5.aln  -             89   8.8e-08   27.6   0.0   1   1   4.1e-09   9.7e-08   27.5   0.0     2    86    12    94    11    95 0.95 -
d1e3pa2b.40.4.5      -             62 d1y14b1b.40.4.5.aln  -             89     5e-07   25.2   0.2   1   1   2.2e-08   5.4e-07   25.1   0.2    13    71     1    60     1    62 0.94 -
d3i4oa_b.40.4.5      -             68 d1y14b1b.40.4.5.aln  -             89   7.8e-06   21.4   0.1   1   1   3.4e-07   8.2e-06   21.3   0.1     9    79     4    67     1    68 0.95 -
d1t9ha1b.40.4.5      -             67 d1y14b1b.40.4.5.aln  -             89   9.4e-06   21.1   0.2   1   1   4.3e-07     1e-05   21.0   0.2    12    71     3    58     1    66 0.91 -
d2asba1b.40.4.5      -             76 d1y14b1b.40.4.5.aln  -             89   2.1e-05   20.0   0.1   1   1     9e-07   2.1e-05   20.0   0.1     6    79     3    74     1    76 0.93 -
d1u0la1b.40.4.5      -             66 d1y14b1b.40.4.5.aln  -             89   7.1e-05   18.3   0.2   1   1   3.2e-06   7.6e-05   18.2   0.2    13    70     5    56     2    66 0.88 -
d1a62a2b.40.4.5      -             78 d1y14b1b.40.4.5.aln  -             89   0.00011   17.7   0.0   1   1   5.6e-06   0.00013   17.5   0.0    10    82     3    71     1    76 0.93 -
d2ix0a1b.40.4.5      -             90 d1y14b1b.40.4.5.aln  -             89   0.00013   17.5   0.0   1   1   5.9e-06   0.00014   17.4   0.0     3    88     3    87     1    88 0.93 -
d2ix0a2b.40.4.5      -             79 d1y14b1b.40.4.5.aln  -             89   0.00017   17.1   0.0   1   1   7.7e-06   0.00018   17.0   0.0    11    78     9    74     2    78 0.88 -
d1khia2b.40.4.5      -             71 d1y14b1b.40.4.5.aln  -             89   0.00017   17.1   0.1   1   1   8.1e-06   0.00019   16.9   0.1     4    69     3    67     1    71 0.91 -
d1hh2p1b.40.4.5      -             72 d1y14b1b.40.4.5.aln  -             89   0.00022   16.8   0.2   1   1     1e-05   0.00025   16.6   0.2    13    78     9    69     2    72 0.69 -
d1bkba2b.40.4.5      -             65 d1y14b1b.40.4.5.aln  -             89   0.00058   15.4   0.1   1   1   2.5e-05   0.00059   15.4   0.1    11    76     3    64     1    65 0.90 -
d1c9oa_b.40.4.5      -             66 d1y14b1b.40.4.5.aln  -             89    0.0011   14.5   0.1   1   1   4.8e-05    0.0012   14.5   0.1     9    73     2    59     1    66 0.90 -
d1x6oa2b.40.4.5      -             79 d1y14b1b.40.4.5.aln  -             89    0.0013   14.3   0.0   1   1   5.5e-05    0.0013   14.3   0.0    15    78    11    75     1    79 0.82 -
#
# Program:         hmmsearch
# Version:         3.1b2 (February 2015)
# Pipeline mode:   SEARCH
# Query file:      hmmModels30/d1y14b1b.40.4.5.hmm
# Target file:     scop/scopTestSeq.fasta
# Option settings: hmmsearch --domtblout hmmModels30/d1y14b1b.40.4.5.out -E 1 hmmModels30/d1y14b1b.40.4.5.hmm scop/scopTestSeq.fasta 
# Current dir:     /home/anastasia/SBAS/TME8
# Date:            Sat Apr  8 15:33:52 2023
# [ok]
