#                                                                            --- full sequence --- -------------- this domain -------------   hmm coord   ali coord   env coord
# target name        accession   tlen query name           accession   qlen   E-value  score  bias   #  of  c-Evalue  i-Evalue  score  bias  from    to  from    to  from    to  acc description of target
#------------------- ---------- ----- -------------------- ---------- ----- --------- ------ ----- --- --- --------- --------- ------ ----- ----- ----- ----- ----- ----- ----- ---- ---------------------
d2yzqa1d.37.1.1      -            156 d1y5ha3d.37.1.1.aln  -            137   2.3e-46  152.7   0.1   1   1   5.8e-48   2.6e-46  152.5   0.1     2   131     2   155     1   156 0.99 -
d1pvma4d.37.1.1      -            142 d1y5ha3d.37.1.1.aln  -            137   1.8e-45  149.7   0.8   1   1   4.7e-47   2.1e-45  149.6   0.8     2   136     1   130     1   131 0.98 -
d2j9la1d.37.1.1      -            169 d1y5ha3d.37.1.1.aln  -            137   3.8e-40  132.5   0.4   1   1   9.9e-42   4.3e-40  132.4   0.4     1   136     6   160     6   161 0.98 -
d2v8qe2d.37.1.1      -            159 d1y5ha3d.37.1.1.aln  -            137   7.6e-40  131.6   0.0   1   1   1.9e-41   8.5e-40  131.4   0.0     2   137    13   158    12   158 0.98 -
d3ddja1d.37.1.1      -            141 d1y5ha3d.37.1.1.aln  -            137     4e-38  126.0   6.7   1   1     1e-39   4.4e-38  125.8   6.7     4   135     2   133     1   135 0.98 -
d1o50a3d.37.1.1      -            145 d1y5ha3d.37.1.1.aln  -            137   7.5e-38  125.1   1.3   1   1   1.9e-39   8.4e-38  124.9   1.3     1   136     1   144     1   145 0.98 -
d2yzia1d.37.1.1      -            132 d1y5ha3d.37.1.1.aln  -            137   1.1e-37  124.6   0.9   1   1   2.7e-39   1.2e-37  124.5   0.9     2   136     3   130     2   131 0.94 -
d2nyca1d.37.1.1      -            140 d1y5ha3d.37.1.1.aln  -            137   1.6e-37  124.0   0.6   1   1     4e-39   1.7e-37  123.9   0.6     4   132     9   138     6   140 0.97 -
d2yzqa2d.37.1.1      -            122 d1y5ha3d.37.1.1.aln  -            137   6.1e-37  122.2   2.5   1   1   1.5e-38   6.6e-37  122.0   2.5     4   136     1   121     1   122 0.98 -
d2d4za3d.37.1.1      -            161 d1y5ha3d.37.1.1.aln  -            137   1.1e-33  111.7   0.0   1   1   2.7e-35   1.2e-33  111.5   0.0     2   132     9   160     8   161 0.99 -
d1vr9a3d.37.1.1      -            121 d1y5ha3d.37.1.1.aln  -            137   1.9e-33  110.8   0.0   1   1   4.8e-35   2.1e-33  110.7   0.0     4   135     1   120     1   121 0.97 -
d3ddja2d.37.1.1      -            135 d1y5ha3d.37.1.1.aln  -            137   6.5e-33  109.1   0.1   1   1   1.6e-34   7.2e-33  109.0   0.1     4   135     1   134     1   135 0.97 -
d2rc3a1d.37.1.1      -            127 d1y5ha3d.37.1.1.aln  -            137   9.6e-33  108.6   1.8   1   1   2.4e-34     1e-32  108.5   1.8     3   131     4   125     2   127 0.96 -
d1pbja3d.37.1.1      -            120 d1y5ha3d.37.1.1.aln  -            137   9.9e-32  105.3   6.2   1   1   2.5e-33   1.1e-31  105.1   6.2     5   131     1   119     1   120 0.96 -
d1zfja4d.37.1.1      -            126 d1y5ha3d.37.1.1.aln  -            137   1.8e-31  104.4   0.1   1   1   4.6e-33     2e-31  104.3   0.1    10   135     3   120     1   122 0.94 -
d2riha_d.37.1.1      -            131 d1y5ha3d.37.1.1.aln  -            137   3.6e-31  103.5   0.3   1   1   9.2e-33     4e-31  103.3   0.3     4   134     1   125     1   128 0.93 -
d2ouxa2d.37.1.1      -            127 d1y5ha3d.37.1.1.aln  -            137     2e-29   97.8   6.5   1   1     5e-31   2.2e-29   97.7   6.5     4   135     6   125     3   127 0.95 -
d1y5ha3d.37.1.1      -            123 d1y5ha3d.37.1.1.aln  -            137   3.5e-23   77.6   0.1   1   2   8.7e-13   3.8e-11   38.6   0.0    78   129     4    55     1    61 0.94 -
d1y5ha3d.37.1.1      -            123 d1y5ha3d.37.1.1.aln  -            137   3.5e-23   77.6   0.1   2   2   1.9e-12   8.2e-11   37.5   0.0    82   131    74   122    63   123 0.94 -
#
# Program:         hmmsearch
# Version:         3.1b2 (February 2015)
# Pipeline mode:   SEARCH
# Query file:      hmmModels30/d1y5ha3d.37.1.1.hmm
# Target file:     scop/scopTestSeq.fasta
# Option settings: hmmsearch --domtblout hmmModels30/d1y5ha3d.37.1.1.out -E 1 hmmModels30/d1y5ha3d.37.1.1.hmm scop/scopTestSeq.fasta 
# Current dir:     /home/anastasia/SBAS/TME8
# Date:            Sat Apr  8 15:33:52 2023
# [ok]
