#                                                                            --- full sequence --- -------------- this domain -------------   hmm coord   ali coord   env coord
# target name        accession   tlen query name           accession   qlen   E-value  score  bias   #  of  c-Evalue  i-Evalue  score  bias  from    to  from    to  from    to  acc description of target
#------------------- ---------- ----- -------------------- ---------- ----- --------- ------ ----- --- --- --------- --------- ------ ----- ----- ----- ----- ----- ----- ----- ---- ---------------------
d1r3na1c.56.5.4      -            323 d1y7ea2c.56.5.4.aln  -            279  1.6e-114  377.3   0.0   1   1  2.2e-116  1.8e-114  377.1   0.0     2   278    13   317    12   318 0.99 -
d1rtqa_c.56.5.4      -            291 d1y7ea2c.56.5.4.aln  -            279  1.3e-100  331.6   0.8   1   1  1.8e-102  1.4e-100  331.5   0.8     2   279    20   286    19   286 0.99 -
d1z2la1c.56.5.4      -            294 d1y7ea2c.56.5.4.aln  -            279   3.8e-98  323.5   0.0   1   1  5.4e-100   4.2e-98  323.4   0.0     4   278     1   293     1   294 0.99 -
d1fnoa4c.56.5.4      -            296 d1y7ea2c.56.5.4.aln  -            279   5.1e-86  283.8   0.0   1   1   7.2e-88   5.6e-86  283.6   0.0     2   278     4   295     3   296 0.99 -
d1tkja_c.56.5.4      -            277 d1y7ea2c.56.5.4.aln  -            279   1.9e-83  275.3   0.0   1   1   2.7e-85   2.1e-83  275.2   0.0     4   277     2   275     1   277 0.99 -
d1lfwa1c.56.5.4      -            273 d1y7ea2c.56.5.4.aln  -            279   1.6e-77  255.9   0.0   1   1   2.2e-79   1.7e-77  255.8   0.0     2   278     3   272     2   273 0.99 -
d1cg2a1c.56.5.4      -            277 d1y7ea2c.56.5.4.aln  -            279   3.6e-77  254.7   0.2   1   1     5e-79     4e-77  254.6   0.2     2   276     2   275     1   277 0.99 -
d1vgya1c.56.5.4      -            263 d1y7ea2c.56.5.4.aln  -            279   1.5e-71  236.3   0.0   1   1   2.2e-73   1.7e-71  236.1   0.0     4   275     2   262     1   263 0.99 -
d1y0ya3c.56.5.4      -            256 d1y7ea2c.56.5.4.aln  -            279   1.8e-68  226.2   0.1   1   1   2.5e-70     2e-68  226.1   0.1     6   277     2   255     1   256 0.99 -
d2grea2c.56.5.4      -            234 d1y7ea2c.56.5.4.aln  -            279   4.1e-57  188.9   1.7   1   1   5.8e-59   4.6e-57  188.8   1.7     2   276     1   233     1   234 0.99 -
#
# Program:         hmmsearch
# Version:         3.1b2 (February 2015)
# Pipeline mode:   SEARCH
# Query file:      hmmModels30/d1y7ea2c.56.5.4.hmm
# Target file:     scop/scopTestSeq.fasta
# Option settings: hmmsearch --domtblout hmmModels30/d1y7ea2c.56.5.4.out -E 1 hmmModels30/d1y7ea2c.56.5.4.hmm scop/scopTestSeq.fasta 
# Current dir:     /home/anastasia/SBAS/TME8
# Date:            Sat Apr  8 15:33:52 2023
# [ok]
