#                                                                            --- full sequence --- -------------- this domain -------------   hmm coord   ali coord   env coord
# target name        accession   tlen query name           accession   qlen   E-value  score  bias   #  of  c-Evalue  i-Evalue  score  bias  from    to  from    to  from    to  acc description of target
#------------------- ---------- ----- -------------------- ---------- ----- --------- ------ ----- --- --- --------- --------- ------ ----- ----- ----- ----- ----- ----- ----- ---- ---------------------
d1p0ha_d.108.1.1     -            308 d1y9ka1d.108.1.1.aln -            184   6.1e-77  253.1   0.1   1   2   9.9e-75   1.8e-73  241.8   0.0     1   184     1   202     1   202 1.00 -
d1p0ha_d.108.1.1     -            308 d1y9ka1d.108.1.1.aln -            184   6.1e-77  253.1   0.1   2   2     0.012      0.21    6.8   0.1    82   113   220   251   215   304 0.71 -
d2p0wa_d.108.1.1     -            319 d1y9ka1d.108.1.1.aln -            184   2.3e-67  221.8   0.2   1   1   1.9e-68   3.4e-67  221.3   0.2     1   184    49   245    49   245 0.99 -
d1boba_d.108.1.1     -            315 d1y9ka1d.108.1.1.aln -            184   4.4e-62  204.6   0.6   1   1   2.8e-63     5e-62  204.5   0.1     1   184    41   241    41   241 0.99 -
d2pq8a_d.108.1.1     -            271 d1y9ka1d.108.1.1.aln -            184   5.3e-50  165.2   0.0   1   1   3.5e-51   6.4e-50  165.0   0.0     1   184    43   238    43   238 0.99 -
d1yk3a1d.108.1.1     -            198 d1y9ka1d.108.1.1.aln -            184   3.1e-27   91.0   0.0   1   1   1.9e-28   3.4e-27   90.9   0.0     6   170    30   196    25   198 0.96 -
d1tiqa_d.108.1.1     -            173 d1y9ka1d.108.1.1.aln -            184   3.8e-26   87.5   0.1   1   1   2.3e-27   4.2e-26   87.4   0.1    13   174     9   170     3   173 0.96 -
d1u6ma_d.108.1.1     -            189 d1y9ka1d.108.1.1.aln -            184   6.6e-24   80.2   0.1   1   1   4.1e-25   7.4e-24   80.0   0.1     4   169    22   187    19   189 0.97 -
d1m4ia_d.108.1.1     -            181 d1y9ka1d.108.1.1.aln -            184   2.3e-22   75.2   0.1   1   1   1.4e-23   2.5e-22   75.0   0.1    13   184     1   181     1   181 0.98 -
d2cy2a1d.108.1.1     -            174 d1y9ka1d.108.1.1.aln -            184   2.8e-22   74.9   0.9   1   1   1.7e-23     3e-22   74.8   0.9     4   178     3   173     1   174 0.95 -
d1n71a_d.108.1.1     -            180 d1y9ka1d.108.1.1.aln -            184   8.5e-22   73.3   0.0   1   1   5.2e-23   9.3e-22   73.2   0.0    15   183     3   171     1   172 0.94 -
d2gana1d.108.1.1     -            182 d1y9ka1d.108.1.1.aln -            184   1.1e-21   72.9   0.2   1   1   6.9e-23   1.2e-21   72.8   0.2     4   168    17   180    14   182 0.97 -
d1z4ea1d.108.1.1     -            150 d1y9ka1d.108.1.1.aln -            184   2.8e-21   71.6   0.1   1   1   1.8e-22   3.2e-21   71.5   0.1     8   156     3   145     1   148 0.96 -
d1mk4a_d.108.1.1     -            157 d1y9ka1d.108.1.1.aln -            184   8.7e-21   70.0   0.0   1   1   5.5e-22   9.8e-21   69.9   0.0    20   171     2   146     1   155 0.95 -
d2b5ga_d.108.1.1     -            168 d1y9ka1d.108.1.1.aln -            184   2.8e-20   68.4   0.0   1   1   1.8e-21   3.2e-20   68.2   0.0    18   170    12   166     3   168 0.90 -
d1vkca_d.108.1.1     -            149 d1y9ka1d.108.1.1.aln -            184   4.9e-20   67.6   0.9   1   1   2.9e-21   5.2e-20   67.5   0.9     7   159     2   146     1   149 0.94 -
d1bo4a_d.108.1.1     -            137 d1y9ka1d.108.1.1.aln -            184   2.4e-19   65.3   0.0   1   1   1.5e-20   2.7e-19   65.2   0.0     8   149     2   137     1   137 0.99 -
d1i12a_d.108.1.1     -            157 d1y9ka1d.108.1.1.aln -            184   5.7e-19   64.1   0.0   1   1   3.7e-20   6.6e-19   63.9   0.0    11   154    11   150     2   156 0.94 -
d2euia1d.108.1.1     -            153 d1y9ka1d.108.1.1.aln -            184   6.9e-19   63.8   0.1   1   1   4.4e-20   7.8e-19   63.7   0.1    13   162     2   147     1   152 0.93 -
d1ufha_d.108.1.1     -            155 d1y9ka1d.108.1.1.aln -            184   8.6e-19   63.5   0.3   1   1   5.1e-20   9.2e-19   63.4   0.3     9   156     3   149     1   155 0.95 -
d2ae6a1d.108.1.1     -            161 d1y9ka1d.108.1.1.aln -            184   1.3e-18   62.9   0.0   1   1   8.7e-20   1.6e-18   62.7   0.0    12   174     7   159     2   161 0.94 -
d1y9wa1d.108.1.1     -            140 d1y9ka1d.108.1.1.aln -            184   2.2e-18   62.2   0.4   1   1   1.4e-19   2.5e-18   62.0   0.4    20   171     1   139     1   140 0.96 -
d1cjwa_d.108.1.1     -            166 d1y9ka1d.108.1.1.aln -            184     3e-17   58.5   0.0   1   1   1.8e-18   3.3e-17   58.4   0.0    27   171    23   165     3   166 0.92 -
d2fcka1d.108.1.1     -            178 d1y9ka1d.108.1.1.aln -            184   3.7e-16   54.9   0.1   1   1   2.4e-17   4.3e-16   54.7   0.1     2   158     3   160     2   171 0.95 -
d1qsma_d.108.1.1     -            150 d1y9ka1d.108.1.1.aln -            184   3.8e-16   54.9   0.0   1   1   2.3e-17   4.1e-16   54.8   0.0    16   155     6   143     1   149 0.94 -
d1wwza1d.108.1.1     -            157 d1y9ka1d.108.1.1.aln -            184   9.5e-16   53.6   0.1   1   1   6.1e-17   1.1e-15   53.4   0.1     9   161     4   152     1   156 0.94 -
d2fiaa1d.108.1.1     -            157 d1y9ka1d.108.1.1.aln -            184   2.3e-15   52.4   0.3   1   1   1.3e-16   2.4e-15   52.3   0.3    30   170    21   152     4   157 0.89 -
d2g3aa1d.108.1.1     -            137 d1y9ka1d.108.1.1.aln -            184   2.7e-15   52.1   0.0   1   1   1.8e-16   3.2e-15   51.9   0.0    29   172    10   137     1   137 0.83 -
d2fl4a1d.108.1.1     -            146 d1y9ka1d.108.1.1.aln -            184   2.4e-14   49.1   0.3   1   1   1.6e-15   2.8e-14   48.8   0.3    23   158     6   135     2   144 0.92 -
d1z4ra1d.108.1.1     -            162 d1y9ka1d.108.1.1.aln -            184   5.7e-14   47.8   0.0   1   1   3.6e-15   6.4e-14   47.7   0.0    20   177    14   158     2   161 0.86 -
d1nsla_d.108.1.1     -            180 d1y9ka1d.108.1.1.aln -            184   6.9e-14   47.5   0.1   1   1     4e-15   7.2e-14   47.5   0.1     2   163     5   164     4   180 0.93 -
d2atra1d.108.1.1     -            137 d1y9ka1d.108.1.1.aln -            184     9e-14   47.2   0.0   1   1   5.7e-15     1e-13   47.0   0.0    19   165     5   135     1   137 0.90 -
d1q2ya_d.108.1.1     -            140 d1y9ka1d.108.1.1.aln -            184   7.9e-13   44.1   0.1   1   1   5.4e-14   9.6e-13   43.8   0.1    20   169     7   138     3   140 0.93 -
d2jdca1d.108.1.1     -            145 d1y9ka1d.108.1.1.aln -            184   7.9e-13   44.1   0.1   1   1   5.3e-14   9.6e-13   43.8   0.1    27   171     9   143     3   145 0.89 -
d1ghea_d.108.1.1     -            170 d1y9ka1d.108.1.1.aln -            184   9.6e-13   43.8   0.0   1   1     6e-14   1.1e-12   43.6   0.0    21   166    17   159     2   169 0.86 -
d1yx0a1d.108.1.1     -            151 d1y9ka1d.108.1.1.aln -            184   1.9e-12   42.9   0.0   1   1   1.1e-13     2e-12   42.8   0.0    19   170     7   149     1   151 0.92 -
d2aj6a1d.108.1.1     -            118 d1y9ka1d.108.1.1.aln -            184   6.1e-12   41.2   0.0   1   1   3.8e-13   6.9e-12   41.0   0.0    16   129     9   115     1   117 0.92 -
d1xeba_d.108.1.1     -            149 d1y9ka1d.108.1.1.aln -            184   9.3e-12   40.6   0.4   1   1   6.7e-13   1.2e-11   40.2   0.4    11   155     3   134     1   143 0.95 -
d1y7ra1d.108.1.1     -            133 d1y9ka1d.108.1.1.aln -            184   1.1e-11   40.3   0.0   1   1   6.3e-13   1.1e-11   40.3   0.0    81   155    52   124    12   133 0.86 -
d1y9ka1d.108.1.1     -            152 d1y9ka1d.108.1.1.aln -            184     1e-10   37.2   0.0   1   1   6.8e-12   1.2e-10   36.9   0.0    47   152    15   118     5   134 0.83 -
d2fiwa1d.108.1.1     -            156 d1y9ka1d.108.1.1.aln -            184   6.4e-10   34.6   0.0   1   1     4e-11   7.2e-10   34.4   0.0    21   167    13   149     9   156 0.84 -
d1r57a_d.108.1.1     -            102 d1y9ka1d.108.1.1.aln -            184   2.6e-07   26.1   0.0   1   1   1.4e-08   2.6e-07   26.1   0.0    94   145    37    92    13   102 0.84 -
d1xmta_d.108.1.1     -             95 d1y9ka1d.108.1.1.aln -            184   4.7e-07   25.3   0.0   1   1   2.8e-08   5.1e-07   25.2   0.0    79   134    19    74     4    85 0.89 -
d2fsra1d.108.1.1     -            164 d1y9ka1d.108.1.1.aln -            184     6e-07   24.9   0.0   1   1   3.5e-08   6.2e-07   24.9   0.0     9   160     2   153     1   164 0.92 -
d2d4pa1d.108.1.1     -            130 d1y9ka1d.108.1.1.aln -            184    0.0011   14.3   0.0   1   1   7.1e-05    0.0013   14.1   0.0    34   138    12   104     5   121 0.85 -
#
# Program:         hmmsearch
# Version:         3.1b2 (February 2015)
# Pipeline mode:   SEARCH
# Query file:      hmmModels30/d1y9ka1d.108.1.1.hmm
# Target file:     scop/scopTestSeq.fasta
# Option settings: hmmsearch --domtblout hmmModels30/d1y9ka1d.108.1.1.out -E 1 hmmModels30/d1y9ka1d.108.1.1.hmm scop/scopTestSeq.fasta 
# Current dir:     /home/anastasia/SBAS/TME8
# Date:            Sat Apr  8 15:33:52 2023
# [ok]
