#                                                                            --- full sequence --- -------------- this domain -------------   hmm coord   ali coord   env coord
# target name        accession   tlen query name           accession   qlen   E-value  score  bias   #  of  c-Evalue  i-Evalue  score  bias  from    to  from    to  from    to  acc description of target
#------------------- ---------- ----- -------------------- ---------- ----- --------- ------ ----- --- --- --------- --------- ------ ----- ----- ----- ----- ----- ----- ----- ---- ---------------------
d1p0ha_d.108.1.1     -            308 d1y9wa1d.108.1.1.aln -            175   8.4e-65  213.5   0.1   1   3   1.5e-62   2.7e-61  202.1   0.0     1   175     2   194     2   194 1.00 -
d1p0ha_d.108.1.1     -            308 d1y9wa1d.108.1.1.aln -            175   8.4e-65  213.5   0.1   2   3     0.037      0.68    5.4   0.0    86   109   225   248   208   255 0.91 -
d1p0ha_d.108.1.1     -            308 d1y9wa1d.108.1.1.aln -            175   8.4e-65  213.5   0.1   3   3      0.27       4.9    2.6   0.0   129   150   278   298   258   306 0.81 -
d2p0wa_d.108.1.1     -            319 d1y9wa1d.108.1.1.aln -            175   7.6e-55  181.0   0.0   1   2   4.8e-55   8.8e-54  177.6   0.0     1   175     9   219     9   219 0.99 -
d2p0wa_d.108.1.1     -            319 d1y9wa1d.108.1.1.aln -            175   7.6e-55  181.0   0.0   2   2      0.46       8.5    1.8   0.1    98   114   220   236   219   240 0.88 -
d2pq8a_d.108.1.1     -            271 d1y9wa1d.108.1.1.aln -            175   1.6e-54  180.0   0.0   1   1   1.1e-55     2e-54  179.7   0.0     1   175    25   239    25   239 0.99 -
d1boba_d.108.1.1     -            315 d1y9wa1d.108.1.1.aln -            175   3.4e-51  169.2   0.0   1   1   3.7e-52   6.8e-51  168.2   0.0     1   175     6   215     6   215 1.00 -
d1yk3a1d.108.1.1     -            198 d1y9wa1d.108.1.1.aln -            175   3.9e-34  113.6   0.1   1   1   2.4e-35   4.5e-34  113.4   0.1     1   171    22   198    22   198 0.98 -
d1u6ma_d.108.1.1     -            189 d1y9wa1d.108.1.1.aln -            175   1.8e-33  111.5   0.1   1   1   1.1e-34     2e-33  111.3   0.1     3   168     3   187     1   189 0.99 -
d1tiqa_d.108.1.1     -            173 d1y9wa1d.108.1.1.aln -            175   7.3e-25   83.4   0.0   1   1   4.5e-26   8.3e-25   83.2   0.0     5   172     4   169     2   172 0.97 -
d2gana1d.108.1.1     -            182 d1y9wa1d.108.1.1.aln -            175   1.7e-23   79.0   0.1   1   1     1e-24   1.9e-23   78.8   0.1     5   168     4   181     1   182 0.98 -
d1i12a_d.108.1.1     -            157 d1y9wa1d.108.1.1.aln -            175   1.5e-22   75.9   0.0   1   1   9.4e-24   1.7e-22   75.7   0.0     8   157     9   154     3   157 0.97 -
d1mk4a_d.108.1.1     -            157 d1y9wa1d.108.1.1.aln -            175   5.5e-22   74.1   0.0   1   1   3.6e-23   6.5e-22   73.8   0.0    15   172     4   148     1   150 0.97 -
d2ae6a1d.108.1.1     -            161 d1y9wa1d.108.1.1.aln -            175   5.9e-22   74.0   0.0   1   1   3.4e-23   6.3e-22   73.9   0.0    12   171     4   157     1   161 0.96 -
d1ufha_d.108.1.1     -            155 d1y9wa1d.108.1.1.aln -            175   1.4e-21   72.7   0.5   1   1   8.5e-23   1.6e-21   72.6   0.5     3   158     2   153     1   155 0.96 -
d1vkca_d.108.1.1     -            149 d1y9wa1d.108.1.1.aln -            175   1.7e-21   72.4   0.8   1   1   1.1e-22     2e-21   72.2   0.8    12   155     8   144     2   148 0.95 -
d1z4ea1d.108.1.1     -            150 d1y9wa1d.108.1.1.aln -            175   5.5e-21   70.8   0.1   1   1   3.1e-22   5.6e-21   70.8   0.1    44   155    39   145     2   150 0.88 -
d2euia1d.108.1.1     -            153 d1y9wa1d.108.1.1.aln -            175   1.1e-20   69.8   0.1   1   1   7.3e-22   1.3e-20   69.5   0.1    12   160     2   146     1   150 0.92 -
d2cy2a1d.108.1.1     -            174 d1y9wa1d.108.1.1.aln -            175   2.9e-19   65.2   1.3   1   1     2e-20   3.6e-19   64.9   1.3    16   169    15   165     8   169 0.95 -
d1m4ia_d.108.1.1     -            181 d1y9wa1d.108.1.1.aln -            175   3.6e-19   64.9   0.0   1   1   2.1e-20   3.8e-19   64.8   0.0    10   171     3   178     1   181 0.88 -
d2b5ga_d.108.1.1     -            168 d1y9wa1d.108.1.1.aln -            175   6.9e-19   64.0   0.1   1   1   4.4e-20     8e-19   63.8   0.1     2   160     4   155     3   166 0.92 -
d1n71a_d.108.1.1     -            180 d1y9wa1d.108.1.1.aln -            175   7.3e-19   63.9   0.0   1   1   4.6e-20   8.5e-19   63.7   0.0     8   172     6   175     1   177 0.96 -
d1y9ka1d.108.1.1     -            152 d1y9wa1d.108.1.1.aln -            175   9.7e-19   63.5   0.0   1   1     6e-20   1.1e-18   63.3   0.0    41   169    31   146     1   151 0.81 -
d1qsma_d.108.1.1     -            150 d1y9wa1d.108.1.1.aln -            175   1.8e-17   59.4   0.0   1   1     1e-18   1.8e-17   59.3   0.0    18   158     9   147     1   150 0.93 -
d1ghea_d.108.1.1     -            170 d1y9wa1d.108.1.1.aln -            175   4.8e-17   58.0   0.1   1   1     3e-18   5.5e-17   57.8   0.1     5   159     3   153     1   162 0.95 -
d1wwza1d.108.1.1     -            157 d1y9wa1d.108.1.1.aln -            175   1.8e-16   56.1   0.3   1   1   1.1e-17     2e-16   55.9   0.3    25   161    23   153     2   157 0.86 -
d1bo4a_d.108.1.1     -            137 d1y9wa1d.108.1.1.aln -            175   2.3e-15   52.5   0.0   1   1   1.3e-16   2.5e-15   52.4   0.0     8   148     3   137     1   137 0.94 -
d2fiaa1d.108.1.1     -            157 d1y9wa1d.108.1.1.aln -            175   2.4e-15   52.4   0.2   1   1   1.6e-16   2.9e-15   52.2   0.2    23   161    15   144     5   155 0.92 -
d1z4ra1d.108.1.1     -            162 d1y9wa1d.108.1.1.aln -            175   2.7e-15   52.3   0.0   1   1   1.5e-16   2.8e-15   52.2   0.0     8   171     3   153     1   157 0.94 -
d2fl4a1d.108.1.1     -            146 d1y9wa1d.108.1.1.aln -            175     4e-15   51.7   0.1   1   1   2.5e-16   4.5e-15   51.5   0.1    73   159    51   137     8   145 0.85 -
d2jdca1d.108.1.1     -            145 d1y9wa1d.108.1.1.aln -            175   4.8e-15   51.5   0.1   1   1   2.9e-16   5.3e-15   51.3   0.1    13   158     6   131     1   144 0.94 -
d2g3aa1d.108.1.1     -            137 d1y9wa1d.108.1.1.aln -            175   1.1e-14   50.3   0.0   1   1   6.5e-16   1.2e-14   50.2   0.0    93   171    62   137    25   137 0.91 -
d1cjwa_d.108.1.1     -            166 d1y9wa1d.108.1.1.aln -            175   1.5e-14   49.8   0.0   1   1   9.8e-16   1.8e-14   49.6   0.0    52   168    58   163    18   165 0.86 -
d2atra1d.108.1.1     -            137 d1y9wa1d.108.1.1.aln -            175   1.6e-14   49.8   0.0   1   1   9.7e-16   1.8e-14   49.6   0.0    33   165    16   136     3   137 0.94 -
d1yx0a1d.108.1.1     -            151 d1y9wa1d.108.1.1.aln -            175   2.5e-13   45.9   0.0   1   1   1.5e-14   2.7e-13   45.7   0.0    57   170    45   150    18   151 0.87 -
d2fiwa1d.108.1.1     -            156 d1y9wa1d.108.1.1.aln -            175   7.3e-13   44.3   0.0   1   1   4.1e-14   7.6e-13   44.3   0.0    11   168     4   151     1   156 0.90 -
d1xeba_d.108.1.1     -            149 d1y9wa1d.108.1.1.aln -            175   7.6e-13   44.3   0.5   1   1   4.8e-14   8.8e-13   44.1   0.5     9   159     2   139     1   147 0.94 -
d2fcka1d.108.1.1     -            178 d1y9wa1d.108.1.1.aln -            175   1.1e-11   40.5   0.1   1   1   7.5e-13   1.4e-11   40.2   0.1     8   165     9   168     3   175 0.89 -
d1nsla_d.108.1.1     -            180 d1y9wa1d.108.1.1.aln -            175   2.9e-11   39.1   0.0   1   1     2e-12   3.6e-11   38.8   0.0     5   154     5   156     2   174 0.91 -
d1q2ya_d.108.1.1     -            140 d1y9wa1d.108.1.1.aln -            175   3.2e-11   39.0   0.1   1   1   2.1e-12   3.9e-11   38.7   0.1    28   168    15   138     2   140 0.90 -
d1y7ra1d.108.1.1     -            133 d1y9wa1d.108.1.1.aln -            175   4.2e-11   38.6   0.0   1   1   2.7e-12   4.9e-11   38.4   0.0    24   157     5   127     2   133 0.92 -
d1r57a_d.108.1.1     -            102 d1y9wa1d.108.1.1.aln -            175   6.6e-11   38.0   0.0   1   1   2.1e-10   3.9e-09   32.2   0.0    30   138     7    85     2    98 0.77 -
d2aj6a1d.108.1.1     -            118 d1y9wa1d.108.1.1.aln -            175   1.5e-10   36.8   0.0   1   1   1.1e-11     2e-10   36.4   0.0    14   128     8   115     3   117 0.87 -
d1y9wa1d.108.1.1     -            140 d1y9wa1d.108.1.1.aln -            175   1.8e-09   33.3   0.0   1   1   1.2e-10   2.1e-09   33.1   0.0    91   154    63   123    27   138 0.91 -
d1xmta_d.108.1.1     -             95 d1y9wa1d.108.1.1.aln -            175     1e-06   24.3   0.0   1   1   7.1e-08   1.3e-06   24.0   0.0    80   131    21    72    14    77 0.91 -
d2fsra1d.108.1.1     -            164 d1y9wa1d.108.1.1.aln -            175   1.7e-06   23.6   0.0   1   1   9.4e-08   1.7e-06   23.6   0.0     7   148     4   143     1   164 0.87 -
#
# Program:         hmmsearch
# Version:         3.1b2 (February 2015)
# Pipeline mode:   SEARCH
# Query file:      hmmModels30/d1y9wa1d.108.1.1.hmm
# Target file:     scop/scopTestSeq.fasta
# Option settings: hmmsearch --domtblout hmmModels30/d1y9wa1d.108.1.1.out -E 1 hmmModels30/d1y9wa1d.108.1.1.hmm scop/scopTestSeq.fasta 
# Current dir:     /home/anastasia/SBAS/TME8
# Date:            Sat Apr  8 15:33:52 2023
# [ok]
