#                                                                            --- full sequence --- -------------- this domain -------------   hmm coord   ali coord   env coord
# target name        accession   tlen query name           accession   qlen   E-value  score  bias   #  of  c-Evalue  i-Evalue  score  bias  from    to  from    to  from    to  acc description of target
#------------------- ---------- ----- -------------------- ---------- ----- --------- ------ ----- --- --- --------- --------- ------ ----- ----- ----- ----- ----- ----- ----- ---- ---------------------
d1pqwa_c.2.1.1       -            183 d1yb5a2c.2.1.1.aln   -            180   2.5e-59  195.1   0.4   1   1   5.7e-61   2.8e-59  195.0   0.4     4   180     1   175     1   175 0.99 -
d1vj0a2c.2.1.1       -            182 d1yb5a2c.2.1.1.aln   -            180     5e-58  190.9   0.0   1   1   1.1e-59   5.4e-58  190.8   0.0     2   179     2   181     1   182 0.98 -
d1kola2c.2.1.1       -            195 d1yb5a2c.2.1.1.aln   -            180   2.2e-56  185.6   1.3   1   1   4.9e-58   2.4e-56  185.4   1.3     3   179     1   190     1   191 0.98 -
d1gu7a2c.2.1.1       -            189 d1yb5a2c.2.1.1.aln   -            180   4.1e-55  181.4   0.0   1   1   9.1e-57   4.5e-55  181.3   0.0     2   179     2   188     1   189 0.98 -
d1jqba2c.2.1.1       -            174 d1yb5a2c.2.1.1.aln   -            180     1e-53  176.8   3.3   1   1   2.3e-55   1.1e-53  176.7   3.3     1   175     1   173     1   174 0.98 -
d1qora2c.2.1.1       -            179 d1yb5a2c.2.1.1.aln   -            180   1.1e-53  176.7   0.3   1   1   2.5e-55   1.2e-53  176.6   0.3     2   179     2   177     1   178 0.99 -
d2dm6a2c.2.1.1       -            182 d1yb5a2c.2.1.1.aln   -            180   1.9e-52  172.7   0.1   1   1   4.2e-54   2.1e-52  172.6   0.1     5   179     6   181     2   182 0.98 -
d1h2ba2c.2.1.1       -            172 d1yb5a2c.2.1.1.aln   -            180   7.3e-52  170.8   2.0   1   1   1.6e-53     8e-52  170.7   2.0     2   169     5   170     4   172 0.98 -
d1piwa2c.2.1.1       -            168 d1yb5a2c.2.1.1.aln   -            180   3.1e-50  165.5   0.0   1   1   6.9e-52   3.4e-50  165.4   0.0     2   172     2   167     1   168 0.98 -
d2jhfa2c.2.1.1       -            176 d1yb5a2c.2.1.1.aln   -            180   1.1e-49  163.7   0.9   1   1   2.4e-51   1.2e-49  163.6   0.9     2   177     2   175     1   176 0.98 -
d1pl8a2c.2.1.1       -            171 d1yb5a2c.2.1.1.aln   -            180   1.4e-48  160.1   3.8   1   1   3.1e-50   1.5e-48  160.0   3.8     7   171     5   170     1   171 0.98 -
d1o89a2c.2.1.1       -            177 d1yb5a2c.2.1.1.aln   -            180     4e-48  158.6   0.6   1   1   8.9e-50   4.4e-48  158.5   0.6     2   176     5   177     4   177 0.99 -
d1yb5a2c.2.1.1       -            174 d1yb5a2c.2.1.1.aln   -            180   5.7e-28   93.0   1.5   1   1   1.3e-29   6.4e-28   92.8   1.5     3   161     3   159     1   171 0.92 -
d2gmha1c.3.1.2       -            381 d1yb5a2c.2.1.1.aln   -            180    0.0032   12.3   0.0   1   1   0.00012    0.0059   11.5   0.0    25    55    27    57    24    89 0.87 -
d1c1da1c.2.1.7       -            201 d1yb5a2c.2.1.1.aln   -            180    0.0044   11.9   8.0   1   2   2.1e-05    0.0011   13.9   3.7    27    78    24    74    12    83 0.87 -
d1c1da1c.2.1.7       -            201 d1yb5a2c.2.1.1.aln   -            180    0.0044   11.9   8.0   2   2      0.75        37   -0.9   0.1    37    64    91   116    79   128 0.76 -
d1luaa1c.2.1.7       -            191 d1yb5a2c.2.1.1.aln   -            180     0.053    8.4   9.6   1   1    0.0018      0.09    7.6   9.7    21    69    15    63     4   114 0.71 -
#
# Program:         hmmsearch
# Version:         3.1b2 (February 2015)
# Pipeline mode:   SEARCH
# Query file:      hmmModels30/d1yb5a2c.2.1.1.hmm
# Target file:     scop/scopTestSeq.fasta
# Option settings: hmmsearch --domtblout hmmModels30/d1yb5a2c.2.1.1.out -E 1 hmmModels30/d1yb5a2c.2.1.1.hmm scop/scopTestSeq.fasta 
# Current dir:     /home/anastasia/SBAS/TME8
# Date:            Sat Apr  8 15:33:52 2023
# [ok]
