#                                                                            --- full sequence --- -------------- this domain -------------   hmm coord   ali coord   env coord
# target name        accession   tlen query name           accession   qlen   E-value  score  bias   #  of  c-Evalue  i-Evalue  score  bias  from    to  from    to  from    to  acc description of target
#------------------- ---------- ----- -------------------- ---------- ----- --------- ------ ----- --- --- --------- --------- ------ ----- ----- ----- ----- ----- ----- ----- ---- ---------------------
d1p1ja1c.2.1.3       -            411 d1ydwa1c.2.1.3.aln   -            280  5.6e-164  540.3   0.1   1   1  2.1e-165  6.6e-164  540.0   0.1     1   280    25   317    25   317 1.00 -
d3cina1c.2.1.3       -            276 d1ydwa1c.2.1.3.aln   -            280   1.1e-69  231.0   0.0   1   1   3.8e-71   1.2e-69  230.8   0.0    33   280     1   276     1   276 1.00 -
d1gr0a1c.2.1.3       -            244 d1ydwa1c.2.1.3.aln   -            280     2e-57  190.7   0.1   1   1   7.2e-59   2.3e-57  190.5   0.1    34   272     2   244     1   244 0.99 -
d1h6da1c.2.1.3       -            222 d1ydwa1c.2.1.3.aln   -            280   5.5e-47  156.5   0.0   1   1   1.9e-48   6.1e-47  156.3   0.0     1   221     1   222     1   222 0.98 -
d2nvwa1c.2.1.3       -            238 d1ydwa1c.2.1.3.aln   -            280   3.4e-36  121.1   0.0   1   1   1.2e-37   3.8e-36  120.9   0.0    18   238     1   238     1   238 0.99 -
d1qkia1c.2.1.3       -            204 d1ydwa1c.2.1.3.aln   -            280     7e-23   77.4   0.0   1   1   2.4e-24   7.7e-23   77.2   0.0    15   206     2   202     1   204 0.98 -
d1tlta1c.2.1.3       -            165 d1ydwa1c.2.1.3.aln   -            280   4.4e-17   58.4   0.0   1   1   1.5e-18   4.8e-17   58.2   0.0    33   204     1   164     1   165 0.96 -
d1h9aa1c.2.1.3       -            196 d1ydwa1c.2.1.3.aln   -            280   8.4e-17   57.4   0.0   1   1   2.9e-18   9.2e-17   57.3   0.0    31   206     3   195     1   196 0.98 -
d1zh8a1c.2.1.3       -            182 d1ydwa1c.2.1.3.aln   -            280   2.7e-16   55.8   0.0   1   1   9.4e-18     3e-16   55.6   0.0    32   210     2   179     1   182 0.98 -
d1xeaa1c.2.1.3       -            168 d1ydwa1c.2.1.3.aln   -            280   1.4e-13   46.9   0.0   1   1   4.8e-15   1.5e-13   46.7   0.0    34   203     2   166     1   168 0.96 -
d1cf2o1c.2.1.3       -            172 d1ydwa1c.2.1.3.aln   -            280   2.2e-13   46.2   0.5   1   1   8.1e-15   2.6e-13   46.0   0.5    34   187     1   159     1   171 0.95 -
d1vkna1c.2.1.3       -            177 d1ydwa1c.2.1.3.aln   -            280   2.1e-12   43.0   0.0   1   1   7.7e-14   2.4e-12   42.8   0.0    33   205     1   176     1   177 0.91 -
d1f06a1c.2.1.3       -            171 d1ydwa1c.2.1.3.aln   -            280   5.2e-12   41.7   0.0   1   1   1.7e-13   5.5e-12   41.6   0.0    34   200     3   167     1   171 0.95 -
d1e5qa1c.2.1.3       -            183 d1ydwa1c.2.1.3.aln   -            280   9.7e-12   40.8   0.1   1   1   3.4e-13   1.1e-11   40.7   0.1    35   206     3   182     1   183 0.95 -
d1ebfa1c.2.1.3       -            169 d1ydwa1c.2.1.3.aln   -            280   1.5e-11   40.2   0.0   1   1   5.4e-13   1.7e-11   40.0   0.0    32   194     2   156     1   167 0.94 -
d1lc0a1c.2.1.3       -            173 d1ydwa1c.2.1.3.aln   -            280   4.9e-11   38.5   0.0   1   1   1.6e-12   5.2e-11   38.4   0.0    33   204     6   170     1   173 0.92 -
d1drua1c.2.1.3       -            161 d1ydwa1c.2.1.3.aln   -            280   6.1e-11   38.2   0.0   1   1   2.1e-12   6.6e-11   38.1   0.0    33   200     2   159     1   161 0.92 -
d2g82a1c.2.1.3       -            169 d1ydwa1c.2.1.3.aln   -            280   5.9e-10   35.0   0.0   1   1     2e-11   6.3e-10   34.9   0.0    36   197     2   160     1   169 0.95 -
d1nvmb1c.2.1.3       -            158 d1ydwa1c.2.1.3.aln   -            280   2.4e-08   29.7   0.0   1   1   8.5e-10   2.7e-08   29.5   0.0    33   185     3   149     1   157 0.95 -
d1vm6a3c.2.1.3       -            129 d1ydwa1c.2.1.3.aln   -            280   7.9e-05   18.2   0.0   1   2      0.32        10    1.4   0.1    34    58     1    25     1    38 0.69 -
d1vm6a3c.2.1.3       -            129 d1ydwa1c.2.1.3.aln   -            280   7.9e-05   18.2   0.0   2   2   1.4e-05   0.00046   15.7   0.0    96   157    31    92    24   126 0.85 -
d1q0qa2c.2.1.3       -            152 d1ydwa1c.2.1.3.aln   -            280   0.00027   16.4   0.0   1   1   9.1e-06   0.00029   16.3   0.0    35   195     3   151     1   152 0.92 -
d1t4ba1c.2.1.3       -            147 d1ydwa1c.2.1.3.aln   -            280   0.00089   14.7   0.0   1   1   5.6e-05    0.0018   13.7   0.0    35   104     3    53     1   146 0.77 -
d1yl7a1c.2.1.3       -            136 d1ydwa1c.2.1.3.aln   -            280    0.0023   13.4   0.0   1   2     0.025       0.8    5.0   0.1    35    58     1    24     1    41 0.86 -
d1yl7a1c.2.1.3       -            136 d1ydwa1c.2.1.3.aln   -            280    0.0023   13.4   0.0   2   2    0.0071      0.22    6.8   0.0   107   170    45   108    37   135 0.87 -
d1j5pa4c.2.1.3       -            133 d1ydwa1c.2.1.3.aln   -            280    0.0025   13.3   0.4   1   2   0.00042     0.013   10.9   0.5    33   112     1    78     1    89 0.72 -
d1j5pa4c.2.1.3       -            133 d1ydwa1c.2.1.3.aln   -            280    0.0025   13.3   0.4   2   2     0.041       1.3    4.3   0.0   106   148    50    92    32   117 0.85 -
d1ydwa1c.2.1.3       -            185 d1ydwa1c.2.1.3.aln   -            280     0.003   13.0   0.0   1   1   0.00011    0.0035   12.7   0.0    68   140    37   108     1   124 0.79 -
#
# Program:         hmmsearch
# Version:         3.1b2 (February 2015)
# Pipeline mode:   SEARCH
# Query file:      hmmModels30/d1ydwa1c.2.1.3.hmm
# Target file:     scop/scopTestSeq.fasta
# Option settings: hmmsearch --domtblout hmmModels30/d1ydwa1c.2.1.3.out -E 1 hmmModels30/d1ydwa1c.2.1.3.hmm scop/scopTestSeq.fasta 
# Current dir:     /home/anastasia/SBAS/TME8
# Date:            Sat Apr  8 15:33:52 2023
# [ok]
