#                                                                            --- full sequence --- -------------- this domain -------------   hmm coord   ali coord   env coord
# target name        accession   tlen query name           accession   qlen   E-value  score  bias   #  of  c-Evalue  i-Evalue  score  bias  from    to  from    to  from    to  acc description of target
#------------------- ---------- ----- -------------------- ---------- ----- --------- ------ ----- --- --- --------- --------- ------ ----- ----- ----- ----- ----- ----- ----- ---- ---------------------
d1kkoa2d.54.1.1      -            160 d1yeya2d.54.1.1.aln  -            127   4.7e-55  180.7   0.0   1   1   7.5e-57   5.4e-55  180.5   0.0     1   127    23   156    23   156 0.99 -
d1wuea2d.54.1.1      -            126 d1yeya2d.54.1.1.aln  -            127   1.5e-46  153.2   0.0   1   1   2.3e-48   1.6e-46  153.1   0.0     2   126     1   125     1   126 0.99 -
d1sjda2d.54.1.1      -            125 d1yeya2d.54.1.1.aln  -            127   2.4e-40  133.1   0.2   1   1   3.6e-42   2.6e-40  133.0   0.2     2   126     1   124     1   125 0.99 -
d2mnra2d.54.1.1      -            130 d1yeya2d.54.1.1.aln  -            127   1.6e-39  130.4   0.3   1   1   2.5e-41   1.8e-39  130.3   0.3     2   126     2   126     1   127 0.99 -
d1r0ma2d.54.1.1      -            127 d1yeya2d.54.1.1.aln  -            127   1.3e-38  127.6   0.1   1   1   1.9e-40   1.4e-38  127.4   0.1     1   127     2   127     2   127 0.99 -
d1jpdx2d.54.1.1      -            116 d1yeya2d.54.1.1.aln  -            127   5.1e-36  119.1   0.1   1   1   7.9e-38   5.7e-36  119.0   0.1     2   126     2   115     1   116 0.99 -
d2gl5a2d.54.1.1      -            122 d1yeya2d.54.1.1.aln  -            127   3.3e-35  116.5   0.0   1   1     5e-37   3.6e-35  116.4   0.0     3   127     2   122     1   122 0.99 -
d2gdqa2d.54.1.1      -            115 d1yeya2d.54.1.1.aln  -            127   1.4e-34  114.5   0.0   1   1   2.2e-36   1.6e-34  114.3   0.0     2   127     1   115     1   115 0.99 -
d2akza2d.54.1.1      -            139 d1yeya2d.54.1.1.aln  -            127   5.3e-34  112.6   0.0   1   1   8.3e-36   5.9e-34  112.5   0.0     1   127     2   135     2   135 0.99 -
d1r6wa2d.54.1.1      -            101 d1yeya2d.54.1.1.aln  -            127     3e-24   81.1   0.0   1   1   7.1e-26   5.1e-24   80.4   0.0     2   115     1    99     1   101 0.98 -
d1yeya2d.54.1.1      -            139 d1yeya2d.54.1.1.aln  -            127   1.7e-05   20.5   0.5   1   1     3e-07   2.2e-05   20.1   0.5    35   126    36   136     3   137 0.71 -
#
# Program:         hmmsearch
# Version:         3.1b2 (February 2015)
# Pipeline mode:   SEARCH
# Query file:      hmmModels30/d1yeya2d.54.1.1.hmm
# Target file:     scop/scopTestSeq.fasta
# Option settings: hmmsearch --domtblout hmmModels30/d1yeya2d.54.1.1.out -E 1 hmmModels30/d1yeya2d.54.1.1.hmm scop/scopTestSeq.fasta 
# Current dir:     /home/anastasia/SBAS/TME8
# Date:            Sat Apr  8 15:33:52 2023
# [ok]
