#                                                                            --- full sequence --- -------------- this domain -------------   hmm coord   ali coord   env coord
# target name        accession   tlen query name           accession   qlen   E-value  score  bias   #  of  c-Evalue  i-Evalue  score  bias  from    to  from    to  from    to  acc description of target
#------------------- ---------- ----- -------------------- ---------- ----- --------- ------ ----- --- --- --------- --------- ------ ----- ----- ----- ----- ----- ----- ----- ---- ---------------------
d1atia2d.104.1.1     -            394 d1yfsa2d.104.1.1.aln -            330  2.2e-144  476.1   6.6   1   1  4.4e-146  2.5e-144  475.9   6.6     1   330    19   355    19   355 1.00 -
d1b8aa2d.104.1.1     -            335 d1yfsa2d.104.1.1.aln -            330   2.2e-94  311.8   5.3   1   1   4.3e-96   2.4e-94  311.6   5.3     3   325     7   335     5   335 0.99 -
d1wu7a2d.104.1.1     -            327 d1yfsa2d.104.1.1.aln -            330   3.7e-84  278.2   0.2   1   1   7.3e-86   4.1e-84  278.0   0.2     2   330     6   322     5   322 0.99 -
d12asa_d.104.1.1     -            327 d1yfsa2d.104.1.1.aln -            330   1.5e-79  263.0   0.0   1   1   2.9e-81   1.6e-79  262.9   0.0     5   328     2   325     1   327 0.99 -
d1h4vb2d.104.1.1     -            324 d1yfsa2d.104.1.1.aln -            330   2.4e-76  252.5   6.9   1   1   4.8e-78   2.7e-76  252.3   6.9     2   330     4   318     3   318 0.99 -
d1z7ma1d.104.1.1     -            318 d1yfsa2d.104.1.1.aln -            330   5.1e-74  244.8   0.1   1   1     1e-75   5.7e-74  244.7   0.1     2   330     3   316     2   316 0.99 -
d1qf6a4d.104.1.1     -            291 d1yfsa2d.104.1.1.aln -            330   7.5e-66  218.0   0.2   1   1   1.5e-67   8.3e-66  217.8   0.2     2   324     2   290     1   291 0.99 -
d1seta2d.104.1.1     -            311 d1yfsa2d.104.1.1.aln -            330   9.5e-65  214.4   1.8   1   1   1.9e-66     1e-64  214.2   1.8     3   326     3   310     1   311 0.99 -
d1g5ha2d.104.1.1     -            290 d1yfsa2d.104.1.1.aln -            330   4.3e-64  212.2   0.0   1   1   8.5e-66   4.8e-64  212.0   0.0     9   329     2   287     1   288 0.99 -
d1nnha_d.104.1.1     -            293 d1yfsa2d.104.1.1.aln -            330   1.2e-61  204.2   1.5   1   1   2.3e-63   1.3e-61  204.0   1.5     2   325     2   292     1   293 0.98 -
d1j5wa_d.104.1.1     -            281 d1yfsa2d.104.1.1.aln -            330   3.1e-56  186.4   1.2   1   1     6e-58   3.4e-56  186.3   1.2     2   321     2   280     1   281 0.99 -
d1hc7a2d.104.1.1     -            272 d1yfsa2d.104.1.1.aln -            330   7.9e-53  175.2   2.8   1   1   1.5e-54   8.7e-53  175.0   2.8     5   323     2   270     1   272 0.98 -
d1usya_d.104.1.1     -            275 d1yfsa2d.104.1.1.aln -            330   1.8e-52  174.0   0.0   1   1   3.4e-54   1.9e-52  173.9   0.0    16   322     4   275     1   275 0.99 -
d1jjcb5d.104.1.1     -            207 d1yfsa2d.104.1.1.aln -            330   2.4e-26   88.1   4.0   1   1   4.2e-27   2.4e-25   84.9   4.0     3   269     3   206     1   207 0.98 -
#
# Program:         hmmsearch
# Version:         3.1b2 (February 2015)
# Pipeline mode:   SEARCH
# Query file:      hmmModels30/d1yfsa2d.104.1.1.hmm
# Target file:     scop/scopTestSeq.fasta
# Option settings: hmmsearch --domtblout hmmModels30/d1yfsa2d.104.1.1.out -E 1 hmmModels30/d1yfsa2d.104.1.1.hmm scop/scopTestSeq.fasta 
# Current dir:     /home/anastasia/SBAS/TME8
# Date:            Sat Apr  8 15:33:52 2023
# [ok]
