#                                                                            --- full sequence --- -------------- this domain -------------   hmm coord   ali coord   env coord
# target name        accession   tlen query name           accession   qlen   E-value  score  bias   #  of  c-Evalue  i-Evalue  score  bias  from    to  from    to  from    to  acc description of target
#------------------- ---------- ----- -------------------- ---------- ----- --------- ------ ----- --- --- --------- --------- ------ ----- ----- ----- ----- ----- ----- ----- ---- ---------------------
d1e2ka_c.37.1.1      -            329 d1yj5a2c.37.1.1.aln  -            213  1.4e-119  392.8   0.0   1   1  4.4e-121  1.8e-119  392.5   0.0     1   213     2   219     2   219 1.00 -
d1p5zb_c.37.1.1      -            241 d1yj5a2c.37.1.1.aln  -            213   2.3e-59  196.0   0.0   1   1   6.3e-61   2.6e-59  195.9   0.0     3   213     2   237     1   237 0.99 -
d1deka_c.37.1.1      -            241 d1yj5a2c.37.1.1.aln  -            213   9.7e-52  171.1   0.0   1   1   2.6e-53   1.1e-51  171.0   0.0     3   213     1   237     1   237 0.99 -
d1t0hb_c.37.1.1      -            219 d1yj5a2c.37.1.1.aln  -            213   2.4e-39  130.6   0.0   1   1   6.3e-41   2.6e-39  130.5   0.0     2   212     2   213     1   214 0.98 -
d1vhta_c.37.1.1      -            208 d1yj5a2c.37.1.1.aln  -            213   9.6e-38  125.4   0.3   1   1   2.6e-39   1.1e-37  125.3   0.3     3   212     3   207     1   208 0.99 -
d1kjwa2c.37.1.1      -            199 d1yj5a2c.37.1.1.aln  -            213   3.8e-35  116.9   0.0   1   1   9.8e-37   4.1e-35  116.8   0.0     6   211     9   198     4   199 0.97 -
d1qf9a_c.37.1.1      -            194 d1yj5a2c.37.1.1.aln  -            213   6.5e-33  109.6   0.0   1   1   1.7e-34   7.2e-33  109.5   0.0     2   202     5   192     4   194 0.98 -
d1gsia_c.37.1.1      -            208 d1yj5a2c.37.1.1.aln  -            213   1.3e-32  108.6   0.0   1   1   3.4e-34   1.4e-32  108.5   0.0     4   202     1   205     1   208 0.98 -
d1lw7a2c.37.1.1      -            192 d1yj5a2c.37.1.1.aln  -            213   1.7e-32  108.3   0.0   1   1   4.4e-34   1.8e-32  108.1   0.0     3   205     7   191     5   192 0.98 -
d1kgda_c.37.1.1      -            178 d1yj5a2c.37.1.1.aln  -            213   1.1e-29   99.0   0.1   1   1   3.1e-31   1.3e-29   98.9   0.1     1   200     1   178     1   178 0.98 -
d1khta_c.37.1.1      -            190 d1yj5a2c.37.1.1.aln  -            213   1.5e-29   98.6   0.2   1   1   4.1e-31   1.7e-29   98.4   0.2     4   205     2   188     1   190 0.98 -
d1zina1c.37.1.1      -            183 d1yj5a2c.37.1.1.aln  -            213   8.4e-27   89.6   0.0   1   1   2.2e-28   9.2e-27   89.5   0.0     4   203     1   182     1   183 0.97 -
d2grja_c.37.1.1      -            179 d1yj5a2c.37.1.1.aln  -            213   3.4e-25   84.4   0.1   1   1     9e-27   3.7e-25   84.3   0.1     1   200     1   179     1   179 0.98 -
d1y63a_c.37.1.1      -            174 d1yj5a2c.37.1.1.aln  -            213   6.3e-25   83.5   0.3   1   1   1.7e-26   7.1e-25   83.4   0.3     2   201     4   172     3   174 0.97 -
d1ly1a_c.37.1.1      -            152 d1yj5a2c.37.1.1.aln  -            213   6.1e-19   64.0   0.0   1   1   1.6e-20   6.8e-19   63.8   0.0     2   130     1   121     1   145 0.93 -
d3kb2a_c.37.1.1      -            171 d1yj5a2c.37.1.1.aln  -            213     1e-18   63.2   0.0   1   1   2.9e-20   1.2e-18   63.0   0.0     5   198     2   171     1   171 0.98 -
d1in4a2c.37.1.20     -            238 d1yj5a2c.37.1.1.aln  -            213    0.0003   15.9   0.0   1   1   1.3e-05   0.00053   15.1   0.0     6    39    38    71    37   111 0.84 -
d2qora_c.37.1.0      -            196 d1yj5a2c.37.1.1.aln  -            213   0.00062   14.9   0.0   1   1   6.8e-05    0.0028   12.8   0.0     7    84     8    83     7   188 0.83 -
d1g41a_c.37.1.20     -            443 d1yj5a2c.37.1.1.aln  -            213    0.0024   13.0   0.0   1   1   0.00011    0.0047   12.0   0.0     2    42    48    88    47   128 0.87 -
#
# Program:         hmmsearch
# Version:         3.1b2 (February 2015)
# Pipeline mode:   SEARCH
# Query file:      hmmModels30/d1yj5a2c.37.1.1.hmm
# Target file:     scop/scopTestSeq.fasta
# Option settings: hmmsearch --domtblout hmmModels30/d1yj5a2c.37.1.1.out -E 1 hmmModels30/d1yj5a2c.37.1.1.hmm scop/scopTestSeq.fasta 
# Current dir:     /home/anastasia/SBAS/TME8
# Date:            Sat Apr  8 15:33:52 2023
# [ok]
