#                                                                            --- full sequence --- -------------- this domain -------------   hmm coord   ali coord   env coord
# target name        accession   tlen query name           accession   qlen   E-value  score  bias   #  of  c-Evalue  i-Evalue  score  bias  from    to  from    to  from    to  acc description of target
#------------------- ---------- ----- -------------------- ---------- ----- --------- ------ ----- --- --- --------- --------- ------ ----- ----- ----- ----- ----- ----- ----- ---- ---------------------
d1p1ja1c.2.1.3       -            411 d1yl7a1c.2.1.3.aln   -            206  2.7e-121  398.2   0.4   1   2  1.3e-122  4.1e-121  397.6   0.1     1   206    56   294    56   294 1.00 -
d1p1ja1c.2.1.3       -            411 d1yl7a1c.2.1.3.aln   -            206  2.7e-121  398.2   0.4   2   2       8.2   2.7e+02   -3.5   0.0   192   205   348   361   346   362 0.82 -
d3cina1c.2.1.3       -            276 d1yl7a1c.2.1.3.aln   -            206   3.6e-66  218.1   0.7   1   1   4.4e-67   1.5e-65  216.2   0.7     2   206     1   245     1   245 1.00 -
d1gr0a1c.2.1.3       -            244 d1yl7a1c.2.1.3.aln   -            206   3.1e-46  153.0   0.5   1   1   1.2e-47   4.1e-46  152.6   0.5     3   205     2   220     1   221 0.99 -
d2nvwa1c.2.1.3       -            238 d1yl7a1c.2.1.3.aln   -            206     4e-39  129.8   0.0   1   1   1.4e-40   4.6e-39  129.6   0.0     2   205    15   211    14   212 0.98 -
d1h6da1c.2.1.3       -            222 d1yl7a1c.2.1.3.aln   -            206   1.6e-31  105.0   0.0   1   1   5.9e-33   1.9e-31  104.7   0.0     5   206    11   217     8   217 0.99 -
d1qkia1c.2.1.3       -            204 d1yl7a1c.2.1.3.aln   -            206   1.7e-22   75.5   0.0   1   1     6e-24     2e-22   75.3   0.0     4   202     6   204     4   204 0.97 -
d1zh8a1c.2.1.3       -            182 d1yl7a1c.2.1.3.aln   -            206   2.4e-22   75.0   0.0   1   1   8.4e-24   2.7e-22   74.8   0.0     2   170     2   158     1   178 0.94 -
d1ydwa1c.2.1.3       -            185 d1yl7a1c.2.1.3.aln   -            206   3.8e-21   71.1   0.0   1   1   1.4e-22   4.5e-21   70.9   0.0     4   192     2   179     1   184 0.97 -
d1h9aa1c.2.1.3       -            196 d1yl7a1c.2.1.3.aln   -            206   3.5e-19   64.7   0.0   1   1   1.1e-20   3.8e-19   64.6   0.0     3   204     3   194     1   196 0.97 -
d1e5qa1c.2.1.3       -            183 d1yl7a1c.2.1.3.aln   -            206   6.2e-17   57.3   0.1   1   1     2e-18   6.7e-17   57.2   0.1     5   199     4   181     1   183 0.97 -
d1vkna1c.2.1.3       -            177 d1yl7a1c.2.1.3.aln   -            206   3.1e-16   55.1   0.0   1   1     1e-17   3.3e-16   55.0   0.0     4   179     3   171     1   177 0.96 -
d1tlta1c.2.1.3       -            165 d1yl7a1c.2.1.3.aln   -            206   4.4e-16   54.6   0.0   1   1   1.5e-17     5e-16   54.4   0.0     4   189     2   165     1   165 0.98 -
d1f06a1c.2.1.3       -            171 d1yl7a1c.2.1.3.aln   -            206   2.4e-15   52.2   0.0   1   1   7.8e-17   2.6e-15   52.1   0.0     2   180     2   167     1   171 0.94 -
d1xeaa1c.2.1.3       -            168 d1yl7a1c.2.1.3.aln   -            206   3.2e-15   51.7   0.0   1   1   1.1e-16   3.6e-15   51.6   0.0     5   188     3   165     1   168 0.96 -
d2g82a1c.2.1.3       -            169 d1yl7a1c.2.1.3.aln   -            206   6.7e-14   47.4   0.0   1   1   2.3e-15   7.6e-14   47.3   0.0     4   185     1   167     1   169 0.94 -
d1ebfa1c.2.1.3       -            169 d1yl7a1c.2.1.3.aln   -            206   6.8e-14   47.4   0.0   1   1   2.2e-15   7.4e-14   47.3   0.0     2   182     3   168     2   169 0.96 -
d1lc0a1c.2.1.3       -            173 d1yl7a1c.2.1.3.aln   -            206   2.1e-13   45.8   0.0   1   1   8.9e-15   2.9e-13   45.3   0.0     4   186     8   172     5   173 0.96 -
d1nvmb1c.2.1.3       -            158 d1yl7a1c.2.1.3.aln   -            206   2.8e-13   45.4   0.1   1   1     1e-14   3.4e-13   45.1   0.1     3   181     4   156     2   158 0.96 -
d1cf2o1c.2.1.3       -            172 d1yl7a1c.2.1.3.aln   -            206   4.4e-13   44.8   0.6   1   1   1.5e-14   4.8e-13   44.6   0.6     3   179     1   170     1   172 0.97 -
d1drua1c.2.1.3       -            161 d1yl7a1c.2.1.3.aln   -            206   1.5e-09   33.3   0.0   1   1   5.3e-11   1.7e-09   33.0   0.0     5   176     4   153     1   160 0.91 -
d1q0qa2c.2.1.3       -            152 d1yl7a1c.2.1.3.aln   -            206   2.2e-07   26.1   0.0   1   1   7.7e-09   2.5e-07   26.0   0.0     7   176     6   150     1   152 0.93 -
d1j5pa4c.2.1.3       -            133 d1yl7a1c.2.1.3.aln   -            206   5.2e-07   24.9   0.1   1   2   2.2e-05   0.00072   14.7   0.2     2    43     1    40     1    72 0.86 -
d1j5pa4c.2.1.3       -            133 d1yl7a1c.2.1.3.aln   -            206   5.2e-07   24.9   0.1   2   2    0.0018     0.061    8.4   0.0   132   180    83   131    75   133 0.93 -
d1t4ba1c.2.1.3       -            147 d1yl7a1c.2.1.3.aln   -            206   7.2e-06   21.2   0.0   1   1   1.6e-06   5.4e-05   18.3   0.0     5   180     4   142     1   147 0.79 -
d1vm6a3c.2.1.3       -            129 d1yl7a1c.2.1.3.aln   -            206    0.0077   11.3   0.0   1   2      0.21         7    1.7   0.1     4    34     2    31     1    38 0.82 -
d1vm6a3c.2.1.3       -            129 d1yl7a1c.2.1.3.aln   -            206    0.0077   11.3   0.0   2   2    0.0023     0.074    8.1   0.0    76   147    39    96    30   128 0.74 -
#
# Program:         hmmsearch
# Version:         3.1b2 (February 2015)
# Pipeline mode:   SEARCH
# Query file:      hmmModels30/d1yl7a1c.2.1.3.hmm
# Target file:     scop/scopTestSeq.fasta
# Option settings: hmmsearch --domtblout hmmModels30/d1yl7a1c.2.1.3.out -E 1 hmmModels30/d1yl7a1c.2.1.3.hmm scop/scopTestSeq.fasta 
# Current dir:     /home/anastasia/SBAS/TME8
# Date:            Sat Apr  8 15:33:52 2023
# [ok]
