#                                                                            --- full sequence --- -------------- this domain -------------   hmm coord   ali coord   env coord
# target name        accession   tlen query name           accession   qlen   E-value  score  bias   #  of  c-Evalue  i-Evalue  score  bias  from    to  from    to  from    to  acc description of target
#------------------- ---------- ----- -------------------- ---------- ----- --------- ------ ----- --- --- --------- --------- ------ ----- ----- ----- ----- ----- ----- ----- ---- ---------------------
d3hl8a_c.55.3.5      -            470 d1yt3a3c.55.3.5.aln  -            410  1.6e-217  718.0   0.5   1   1  3.3e-219  1.8e-217  717.9   0.5     1   410    19   432    19   432 1.00 -
d1s5ja1c.55.3.5      -            410 d1yt3a3c.55.3.5.aln  -            410  1.7e-164  543.4   0.4   1   1  3.4e-166  1.9e-164  543.2   0.4     1   402     1   410     1   410 1.00 -
d1q8ia1c.55.3.5      -            388 d1yt3a3c.55.3.5.aln  -            410  5.3e-148  489.1   0.0   1   1  1.1e-149    6e-148  488.9   0.0    21   410     1   388     1   388 1.00 -
d2hbja2c.55.3.5      -            292 d1yt3a3c.55.3.5.aln  -            410   2.4e-71  236.6   0.4   1   1   4.7e-73   2.6e-71  236.5   0.4   106   398     2   292     1   292 0.99 -
d3mxma_c.55.3.5      -            229 d1yt3a3c.55.3.5.aln  -            410   1.6e-33  112.0   0.0   1   1   3.2e-35   1.8e-33  111.9   0.0   155   389     2   229     1   229 0.99 -
d1x9ma1c.55.3.5      -            204 d1yt3a3c.55.3.5.aln  -            410   1.3e-30  102.5   0.0   1   1   2.5e-32   1.4e-30  102.3   0.0   189   401     1   203     1   204 0.98 -
d1vk0a_c.55.3.5      -            206 d1yt3a3c.55.3.5.aln  -            410   5.3e-27   90.5   0.0   1   1     1e-28   5.7e-27   90.4   0.0   185   391     6   204     1   206 0.97 -
d2f96a1c.55.3.5      -            202 d1yt3a3c.55.3.5.aln  -            410   1.9e-25   85.4   0.0   1   1   3.7e-27   2.1e-25   85.3   0.0   177   391     1   201     1   202 0.99 -
d1w0ha_c.55.3.5      -            200 d1yt3a3c.55.3.5.aln  -            410   3.2e-25   84.7   0.0   1   1   6.1e-27   3.4e-25   84.6   0.0   183   390     2   197     1   200 0.97 -
d1kfsa1c.55.3.5      -            195 d1yt3a3c.55.3.5.aln  -            410   1.9e-24   82.2   0.1   1   1   3.6e-26     2e-24   82.0   0.1   184   383     3   195     1   195 0.98 -
d2py5a1c.55.3.5      -            183 d1yt3a3c.55.3.5.aln  -            410   1.6e-23   79.0   0.0   1   1   3.2e-25   1.8e-23   78.9   0.0   197   384     3   183     1   183 0.98 -
d2igia_c.55.3.5      -            180 d1yt3a3c.55.3.5.aln  -            410   2.1e-20   68.8   0.0   1   1   4.1e-22   2.3e-20   68.7   0.0   191   378     2   179     1   180 0.98 -
d2guia_c.55.3.5      -            176 d1yt3a3c.55.3.5.aln  -            410   3.3e-19   64.9   0.0   1   1   7.8e-21   4.4e-19   64.5   0.0   187   381     2   174     1   176 0.97 -
d1wlja_c.55.3.5      -            173 d1yt3a3c.55.3.5.aln  -            410     1e-17   60.0   0.0   1   1     2e-19   1.1e-17   59.9   0.0   208   380     3   170     1   173 0.98 -
#
# Program:         hmmsearch
# Version:         3.1b2 (February 2015)
# Pipeline mode:   SEARCH
# Query file:      hmmModels30/d1yt3a3c.55.3.5.hmm
# Target file:     scop/scopTestSeq.fasta
# Option settings: hmmsearch --domtblout hmmModels30/d1yt3a3c.55.3.5.out -E 1 hmmModels30/d1yt3a3c.55.3.5.hmm scop/scopTestSeq.fasta 
# Current dir:     /home/anastasia/SBAS/TME8
# Date:            Sat Apr  8 15:33:52 2023
# [ok]
