#                                                                            --- full sequence --- -------------- this domain -------------   hmm coord   ali coord   env coord
# target name        accession   tlen query name           accession   qlen   E-value  score  bias   #  of  c-Evalue  i-Evalue  score  bias  from    to  from    to  from    to  acc description of target
#------------------- ---------- ----- -------------------- ---------- ----- --------- ------ ----- --- --- --------- --------- ------ ----- ----- ----- ----- ----- ----- ----- ---- ---------------------
d1z6oa1a.25.1.1      -            200 d1yuza1a.25.1.1.aln  -            173   2.1e-59  195.7   9.7   1   1   3.3e-61   2.3e-59  195.5   9.7     1   173    11   193    11   193 0.99 -
d1tjoa_a.25.1.1      -            180 d1yuza1a.25.1.1.aln  -            173   1.2e-58  193.3   7.9   1   1   1.8e-60   1.3e-58  193.1   7.9     1   171    18   180    18   180 0.99 -
d1z6om1a.25.1.1      -            191 d1yuza1a.25.1.1.aln  -            173   1.5e-58  192.9   0.0   1   1   2.4e-60   1.7e-58  192.7   0.0     2   173     8   183     7   183 0.99 -
d1nf4a_a.25.1.1      -            169 d1yuza1a.25.1.1.aln  -            173   9.4e-53  174.0   4.7   1   1   1.4e-54     1e-52  173.9   4.7     5   172     2   159     1   160 0.98 -
d3bvfa_a.25.1.1      -            172 d1yuza1a.25.1.1.aln  -            173   1.2e-50  167.2   6.8   1   1   1.9e-52   1.3e-50  167.0   6.8     1   172     1   163     1   164 0.98 -
d1lb3a_a.25.1.1      -            179 d1yuza1a.25.1.1.aln  -            173   4.7e-49  162.0   0.1   1   1   7.3e-51   5.3e-49  161.8   0.1     2   173     1   174     1   174 0.99 -
d2y3qa_a.25.1.1      -            158 d1yuza1a.25.1.1.aln  -            173   1.4e-46  154.0   3.9   1   1   2.1e-48   1.5e-46  153.8   3.9     7   171     2   156     1   158 0.98 -
d2cf7a_a.25.1.1      -            159 d1yuza1a.25.1.1.aln  -            173   6.7e-43  142.0   0.0   1   1     1e-44   7.3e-43  141.8   0.0     2   168     2   158     1   159 0.97 -
d1zs3a1a.25.1.1      -            171 d1yuza1a.25.1.1.aln  -            173   8.8e-42  138.3   1.0   1   1   1.4e-43   9.7e-42  138.2   1.0     1   163     2   170     2   171 0.99 -
d2fzfa1a.25.1.1      -            158 d1yuza1a.25.1.1.aln  -            173     3e-40  133.3   8.4   1   1   4.6e-42   3.3e-40  133.2   8.4     2   165     2   158     1   158 0.99 -
d1vjxa_a.25.1.1      -            149 d1yuza1a.25.1.1.aln  -            173   1.2e-35  118.4   8.1   1   1   1.8e-37   1.3e-35  118.2   8.1     6   167     1   149     1   149 0.99 -
#
# Program:         hmmsearch
# Version:         3.1b2 (February 2015)
# Pipeline mode:   SEARCH
# Query file:      hmmModels30/d1yuza1a.25.1.1.hmm
# Target file:     scop/scopTestSeq.fasta
# Option settings: hmmsearch --domtblout hmmModels30/d1yuza1a.25.1.1.out -E 1 hmmModels30/d1yuza1a.25.1.1.hmm scop/scopTestSeq.fasta 
# Current dir:     /home/anastasia/SBAS/TME8
# Date:            Sat Apr  8 15:33:52 2023
# [ok]
