#                                                                            --- full sequence --- -------------- this domain -------------   hmm coord   ali coord   env coord
# target name        accession   tlen query name           accession   qlen   E-value  score  bias   #  of  c-Evalue  i-Evalue  score  bias  from    to  from    to  from    to  acc description of target
#------------------- ---------- ----- -------------------- ---------- ----- --------- ------ ----- --- --- --------- --------- ------ ----- ----- ----- ----- ----- ----- ----- ---- ---------------------
d1p0ha_d.108.1.1     -            308 d1yx0a1d.108.1.1.aln -            189   2.2e-82  270.9   0.4   1   3   1.3e-81   2.4e-80  264.3   0.1    15   189     1   200     1   200 0.99 -
d1p0ha_d.108.1.1     -            308 d1yx0a1d.108.1.1.aln -            189   2.2e-82  270.9   0.4   2   3      0.19       3.6    2.9   0.0    94   117   226   249   203   253 0.82 -
d1p0ha_d.108.1.1     -            308 d1yx0a1d.108.1.1.aln -            189   2.2e-82  270.9   0.4   3   3       1.2        22    0.3   0.0   132   158   276   298   265   306 0.72 -
d2p0wa_d.108.1.1     -            319 d1yx0a1d.108.1.1.aln -            189   1.4e-70  232.5   0.1   1   1   9.6e-72   1.8e-70  232.2   0.1     1   189   102   319   102   319 0.99 -
d1boba_d.108.1.1     -            315 d1yx0a1d.108.1.1.aln -            189   3.8e-66  218.0   0.0   1   1   2.5e-67   4.6e-66  217.7   0.0     1   189    98   315    98   315 1.00 -
d2pq8a_d.108.1.1     -            271 d1yx0a1d.108.1.1.aln -            189   4.1e-48  159.2   0.0   1   1   2.6e-49   4.8e-48  159.0   0.0     1   189    24   241    24   241 0.99 -
d1n71a_d.108.1.1     -            180 d1yx0a1d.108.1.1.aln -            189   4.2e-37  123.3   0.0   1   1   2.5e-38   4.6e-37  123.2   0.0    18   185     1   180     1   180 0.99 -
d1tiqa_d.108.1.1     -            173 d1yx0a1d.108.1.1.aln -            189   6.3e-25   83.6   0.1   1   1   3.7e-26   6.9e-25   83.5   0.1    13   183     2   172     1   173 0.97 -
d1u6ma_d.108.1.1     -            189 d1yx0a1d.108.1.1.aln -            189     1e-24   82.9   0.0   1   1     6e-26   1.1e-24   82.8   0.0     5   176     4   187     1   189 0.96 -
d1z4ea1d.108.1.1     -            150 d1yx0a1d.108.1.1.aln -            189   1.1e-23   79.5   0.1   1   1   6.8e-25   1.2e-23   79.4   0.1    25   163     6   145     1   148 0.96 -
d1mk4a_d.108.1.1     -            157 d1yx0a1d.108.1.1.aln -            189   2.1e-20   68.9   0.0   1   1   1.3e-21   2.4e-20   68.7   0.0    24   171     5   139     1   147 0.95 -
d1yk3a1d.108.1.1     -            198 d1yx0a1d.108.1.1.aln -            189   5.9e-19   64.1   0.0   1   1   3.5e-20   6.5e-19   64.0   0.0     4   176     9   195     6   198 0.96 -
d1i12a_d.108.1.1     -            157 d1yx0a1d.108.1.1.aln -            189   3.5e-18   61.6   0.0   1   1   2.3e-19   4.2e-18   61.3   0.0    12   166     4   155     2   157 0.95 -
d2gana1d.108.1.1     -            182 d1yx0a1d.108.1.1.aln -            189   4.5e-18   61.2   0.0   1   1     3e-19   5.6e-18   60.9   0.0     5   176     4   181     1   182 0.95 -
d2b5ga_d.108.1.1     -            168 d1yx0a1d.108.1.1.aln -            189   1.2e-16   56.6   0.0   1   1   7.6e-18   1.4e-16   56.4   0.0    13   175     3   162     1   166 0.97 -
d1y9ka1d.108.1.1     -            152 d1yx0a1d.108.1.1.aln -            189     3e-15   52.0   0.0   1   1   1.8e-16   3.3e-15   51.9   0.0    56   176    10   145     1   151 0.85 -
d1vkca_d.108.1.1     -            149 d1yx0a1d.108.1.1.aln -            189     3e-15   52.0   0.2   1   1     2e-16   3.7e-15   51.7   0.2    28   163    20   144     8   148 0.89 -
d2fl4a1d.108.1.1     -            146 d1yx0a1d.108.1.1.aln -            189   5.4e-15   51.2   0.2   1   1     3e-16   5.5e-15   51.2   0.2    55   169    38   139     1   146 0.81 -
d1m4ia_d.108.1.1     -            181 d1yx0a1d.108.1.1.aln -            189   1.1e-14   50.2   0.1   1   1   6.1e-16   1.1e-14   50.2   0.1    17   181     2   171     1   179 0.87 -
d1ufha_d.108.1.1     -            155 d1yx0a1d.108.1.1.aln -            189   1.4e-14   49.9   0.1   1   1     8e-16   1.5e-14   49.8   0.1    54   165    52   152    16   155 0.92 -
d2cy2a1d.108.1.1     -            174 d1yx0a1d.108.1.1.aln -            189   1.4e-14   49.8   0.7   1   1   8.2e-16   1.5e-14   49.7   0.7    17   178     5   166     1   174 0.89 -
d2fcka1d.108.1.1     -            178 d1yx0a1d.108.1.1.aln -            189   1.6e-14   49.7   0.3   1   1   9.9e-16   1.8e-14   49.5   0.3     4   167     4   162     1   173 0.92 -
d1y9wa1d.108.1.1     -            140 d1yx0a1d.108.1.1.aln -            189     3e-14   48.8   0.0   1   1   2.4e-15   4.4e-14   48.2   0.0    53   178    32   139    16   140 0.82 -
d2ae6a1d.108.1.1     -            161 d1yx0a1d.108.1.1.aln -            189   6.1e-14   47.8   0.0   1   1   3.8e-15   6.9e-14   47.6   0.0    17   176     5   154     1   159 0.91 -
d2jdca1d.108.1.1     -            145 d1yx0a1d.108.1.1.aln -            189   7.1e-14   47.6   0.1   1   1   4.2e-15   7.7e-14   47.4   0.1    31   168     7   133     2   145 0.92 -
d1ghea_d.108.1.1     -            170 d1yx0a1d.108.1.1.aln -            189   3.7e-13   45.2   0.1   1   1   2.3e-14   4.2e-13   45.0   0.1    19   161     6   147     1   154 0.91 -
d2atra1d.108.1.1     -            137 d1yx0a1d.108.1.1.aln -            189   7.3e-13   44.2   0.0   1   1   4.5e-14   8.3e-13   44.1   0.0    51   173    30   136     5   137 0.80 -
d2euia1d.108.1.1     -            153 d1yx0a1d.108.1.1.aln -            189     1e-12   43.8   0.0   1   1   6.4e-14   1.2e-12   43.6   0.0    89   165    69   143    17   146 0.86 -
d2fiwa1d.108.1.1     -            156 d1yx0a1d.108.1.1.aln -            189     2e-12   42.8   0.0   1   1   1.1e-13   2.1e-12   42.8   0.0    27   174     6   151     1   156 0.88 -
d2g3aa1d.108.1.1     -            137 d1yx0a1d.108.1.1.aln -            189   2.1e-12   42.8   0.0   1   1   1.6e-13     3e-12   42.3   0.0   100   179    62   137    21   137 0.91 -
d1cjwa_d.108.1.1     -            166 d1yx0a1d.108.1.1.aln -            189   2.2e-12   42.7   0.0   1   1   1.2e-13   2.2e-12   42.7   0.0    13   175     6   162     1   166 0.88 -
d1qsma_d.108.1.1     -            150 d1yx0a1d.108.1.1.aln -            189   2.4e-12   42.5   0.0   1   1   1.5e-13   2.7e-12   42.4   0.0    34   159    23   140     3   150 0.83 -
d1bo4a_d.108.1.1     -            137 d1yx0a1d.108.1.1.aln -            189   2.8e-12   42.4   0.0   1   1   1.6e-13   2.9e-12   42.3   0.0    31   156    20   137     4   137 0.81 -
d1wwza1d.108.1.1     -            157 d1yx0a1d.108.1.1.aln -            189   1.8e-11   39.7   0.0   1   1   9.8e-13   1.8e-11   39.7   0.0    66   169    52   153     3   157 0.83 -
d1nsla_d.108.1.1     -            180 d1yx0a1d.108.1.1.aln -            189   2.6e-11   39.2   0.0   1   1   1.6e-12     3e-11   39.0   0.0     5   163     2   157     1   173 0.95 -
d2fiaa1d.108.1.1     -            157 d1yx0a1d.108.1.1.aln -            189   4.6e-11   38.4   0.1   1   1   2.7e-12     5e-11   38.3   0.1    14   170     2   145     1   156 0.92 -
d1z4ra1d.108.1.1     -            162 d1yx0a1d.108.1.1.aln -            189   9.2e-10   34.1   0.0   1   1   6.4e-11   1.2e-09   33.8   0.0    67   183    58   157    36   161 0.86 -
d1xeba_d.108.1.1     -            149 d1yx0a1d.108.1.1.aln -            189   1.5e-09   33.5   0.4   1   1   9.5e-11   1.8e-09   33.2   0.4    16   162     2   134     1   141 0.96 -
d1q2ya_d.108.1.1     -            140 d1yx0a1d.108.1.1.aln -            189   1.8e-09   33.1   0.1   1   1   1.2e-10   2.2e-09   32.9   0.1    36   176    16   138     5   140 0.90 -
d1y7ra1d.108.1.1     -            133 d1yx0a1d.108.1.1.aln -            189   4.4e-09   31.9   0.0   1   1   2.4e-10   4.5e-09   31.9   0.0    61   170    38   130    10   133 0.83 -
d2aj6a1d.108.1.1     -            118 d1yx0a1d.108.1.1.aln -            189   5.2e-08   28.4   0.0   1   1   2.8e-09   5.2e-08   28.4   0.0    74   135    57   115    11   117 0.88 -
d1r57a_d.108.1.1     -            102 d1yx0a1d.108.1.1.aln -            189   3.2e-06   22.6   0.0   1   1   1.9e-07   3.5e-06   22.5   0.0    96   145    33    82     8    93 0.83 -
d1yx0a1d.108.1.1     -            151 d1yx0a1d.108.1.1.aln -            189   3.5e-05   19.2   0.0   1   1   2.3e-06   4.3e-05   18.9   0.0    98   158    70   130    51   146 0.86 -
d1xmta_d.108.1.1     -             95 d1yx0a1d.108.1.1.aln -            189   6.2e-05   18.4   0.0   1   1   3.8e-06   6.9e-05   18.2   0.0    86   143    20    77     6    93 0.87 -
d2fsra1d.108.1.1     -            164 d1yx0a1d.108.1.1.aln -            189   0.00061   15.2   0.0   1   1   3.7e-05   0.00067   15.0   0.0    16   164     9   151     4   164 0.84 -
#
# Program:         hmmsearch
# Version:         3.1b2 (February 2015)
# Pipeline mode:   SEARCH
# Query file:      hmmModels30/d1yx0a1d.108.1.1.hmm
# Target file:     scop/scopTestSeq.fasta
# Option settings: hmmsearch --domtblout hmmModels30/d1yx0a1d.108.1.1.out -E 1 hmmModels30/d1yx0a1d.108.1.1.hmm scop/scopTestSeq.fasta 
# Current dir:     /home/anastasia/SBAS/TME8
# Date:            Sat Apr  8 15:33:52 2023
# [ok]
