#                                                                            --- full sequence --- -------------- this domain -------------   hmm coord   ali coord   env coord
# target name        accession   tlen query name           accession   qlen   E-value  score  bias   #  of  c-Evalue  i-Evalue  score  bias  from    to  from    to  from    to  acc description of target
#------------------- ---------- ----- -------------------- ---------- ----- --------- ------ ----- --- --- --------- --------- ------ ----- ----- ----- ----- ----- ----- ----- ---- ---------------------
d3c07a2a.121.1.1     -            146 d1z0xa2a.121.1.1.aln -            121     2e-35  116.7   2.3   1   1   9.2e-37   2.5e-35  116.4   2.3     1   120     1   120     1   121 0.99 -
d2g7la2a.121.1.1     -            144 d1z0xa2a.121.1.1.aln -            121   1.8e-28   94.3  10.3   1   2   1.2e-29   3.4e-28   93.4  10.3     1   121     1   121     1   121 0.99 -
d2g7la2a.121.1.1     -            144 d1z0xa2a.121.1.1.aln -            121   1.8e-28   94.3  10.3   2   2         7   1.9e+02   -2.2   0.0    44    59   123   138   122   140 0.85 -
d1ui5a2a.121.1.1     -            133 d1z0xa2a.121.1.1.aln -            121   1.3e-26   88.4   0.6   1   1   5.7e-28   1.6e-26   88.1   0.6     7   120     3   116     1   117 0.98 -
d2fbqa2a.121.1.1     -            134 d1z0xa2a.121.1.1.aln -            121   1.3e-21   72.3   0.1   1   1   5.2e-23   1.4e-21   72.1   0.1     4   120     6   122     3   123 0.98 -
d1rkta2a.121.1.1     -            123 d1z0xa2a.121.1.1.aln -            121   1.8e-21   71.8   0.0   1   1   7.1e-23   1.9e-21   71.7   0.0     2   120     2   120     1   121 0.98 -
d2hyja2a.121.1.1     -            118 d1z0xa2a.121.1.1.aln -            121   1.9e-21   71.7   6.9   1   1   7.5e-23     2e-21   71.6   6.9     4   116     6   118     3   118 0.97 -
d1t33a2a.121.1.1     -            132 d1z0xa2a.121.1.1.aln -            121     2e-21   71.7   0.1   1   1   8.1e-23   2.2e-21   71.5   0.1     2   120     4   122     3   123 0.98 -
d2oi8a2a.121.1.1     -            130 d1z0xa2a.121.1.1.aln -            121   7.7e-21   69.8   2.7   1   1   3.2e-22   8.7e-21   69.6   2.7     5   120     2   117     1   118 0.98 -
d2g7sa2a.121.1.1     -            116 d1z0xa2a.121.1.1.aln -            121   3.1e-20   67.9   2.6   1   1   1.2e-21   3.3e-20   67.7   2.6     1   113     2   114     2   116 0.97 -
d2id3a2a.121.1.1     -            123 d1z0xa2a.121.1.1.aln -            121   5.1e-20   67.1   8.7   1   1     2e-21   5.5e-20   67.0   8.7     2   119     4   121     3   123 0.97 -
d2gfna2a.121.1.1     -            119 d1z0xa2a.121.1.1.aln -            121   1.8e-19   65.3   8.6   1   1   7.3e-21     2e-19   65.2   8.6     3   118     3   118     1   119 0.97 -
d1vi0a2a.121.1.1     -            117 d1z0xa2a.121.1.1.aln -            121   4.6e-19   64.1   0.0   1   1   1.8e-20     5e-19   64.0   0.0     6   119     3   116     1   117 0.97 -
d2g3ba2a.121.1.1     -            116 d1z0xa2a.121.1.1.aln -            121   6.9e-19   63.5   2.9   1   1   2.8e-20   7.5e-19   63.4   2.9     3   116     3   116     1   116 0.97 -
d2d6ya2a.121.1.1     -            118 d1z0xa2a.121.1.1.aln -            121   1.1e-18   62.8   1.6   1   1   4.4e-20   1.2e-18   62.7   1.6     3   118     1   116     1   118 0.98 -
d2i10a2a.121.1.1     -            116 d1z0xa2a.121.1.1.aln -            121   1.9e-18   62.1   3.7   1   1   7.5e-20     2e-18   62.0   3.7     3   113     5   115     3   116 0.97 -
d2id6a2a.121.1.1     -            125 d1z0xa2a.121.1.1.aln -            121   8.8e-18   59.9   0.0   1   1   3.5e-19   9.5e-18   59.8   0.0     3   119     4   120     2   122 0.97 -
d1t56a2a.121.1.1     -            120 d1z0xa2a.121.1.1.aln -            121   7.4e-17   57.0   2.3   1   1   3.2e-18   8.8e-17   56.7   2.3     1   114     3   116     3   119 0.98 -
d2g7ga2a.121.1.1     -            132 d1z0xa2a.121.1.1.aln -            121   1.9e-16   55.7  10.3   1   1   7.8e-18   2.1e-16   55.5  10.3     2   118     2   118     1   121 0.98 -
d2hkua2a.121.1.1     -            121 d1z0xa2a.121.1.1.aln -            121   2.2e-16   55.5   0.1   1   1   8.7e-18   2.4e-16   55.4   0.1     2   119     3   120     2   121 0.98 -
d2fx0a2a.121.1.1     -            122 d1z0xa2a.121.1.1.aln -            121   6.9e-16   53.9   0.0   1   1   2.7e-17   7.3e-16   53.8   0.0     2   118     3   119     2   122 0.96 -
d2gena2a.121.1.1     -            118 d1z0xa2a.121.1.1.aln -            121   1.1e-15   53.2   7.8   1   1   4.4e-17   1.2e-15   53.1   7.8     3   120     2   118     1   118 0.98 -
d2np5a2a.121.1.1     -            118 d1z0xa2a.121.1.1.aln -            121     2e-15   52.3   5.1   1   1   8.2e-17   2.2e-15   52.2   5.1     2   120     3   114     2   115 0.97 -
d1sgma2a.121.1.1     -            111 d1z0xa2a.121.1.1.aln -            121   8.1e-15   50.4   0.0   1   1   3.2e-16   8.8e-15   50.3   0.0     3   113     5   110     3   111 0.96 -
d2fq4a2a.121.1.1     -            115 d1z0xa2a.121.1.1.aln -            121   9.8e-15   50.2   0.0   1   1   3.8e-16     1e-14   50.1   0.0     4   115     3   114     1   115 0.96 -
d2iu5a2a.121.1.1     -            109 d1z0xa2a.121.1.1.aln -            121   1.1e-14   50.0   0.0   1   1   4.3e-16   1.2e-14   49.9   0.0     9   115     2   108     1   109 0.98 -
d1zk8a2a.121.1.1     -            105 d1z0xa2a.121.1.1.aln -            121   3.4e-12   42.0   0.0   1   1   1.3e-13   3.6e-12   41.9   0.0    15   117     2   104     1   105 0.97 -
d2np3a2a.121.1.1     -            112 d1z0xa2a.121.1.1.aln -            121   2.6e-10   35.9   8.2   1   1   1.4e-11   3.8e-10   35.4   8.2     1   119     2   107     2   109 0.97 -
d2fd5a2a.121.1.1     -            104 d1z0xa2a.121.1.1.aln -            121   6.1e-10   34.7   3.6   1   1   2.4e-11   6.5e-10   34.6   3.6     5   110     4   101     1   104 0.96 -
d2o7ta2a.121.1.1     -            110 d1z0xa2a.121.1.1.aln -            121   1.5e-07   27.1   0.0   1   1     6e-09   1.6e-07   26.9   0.0     1   116     1   110     1   110 0.98 -
#
# Program:         hmmsearch
# Version:         3.1b2 (February 2015)
# Pipeline mode:   SEARCH
# Query file:      hmmModels30/d1z0xa2a.121.1.1.hmm
# Target file:     scop/scopTestSeq.fasta
# Option settings: hmmsearch --domtblout hmmModels30/d1z0xa2a.121.1.1.out -E 1 hmmModels30/d1z0xa2a.121.1.1.hmm scop/scopTestSeq.fasta 
# Current dir:     /home/anastasia/SBAS/TME8
# Date:            Sat Apr  8 15:33:52 2023
# [ok]
