#                                                                            --- full sequence --- -------------- this domain -------------   hmm coord   ali coord   env coord
# target name        accession   tlen query name           accession   qlen   E-value  score  bias   #  of  c-Evalue  i-Evalue  score  bias  from    to  from    to  from    to  acc description of target
#------------------- ---------- ----- -------------------- ---------- ----- --------- ------ ----- --- --- --------- --------- ------ ----- ----- ----- ----- ----- ----- ----- ---- ---------------------
d1y7ea2c.56.5.4      -            323 d1z2la1c.56.5.4.aln  -            282    5e-113  372.4   0.5   1   1  7.9e-115  5.6e-113  372.2   0.5     1   279    12   323    12   323 1.00 -
d1r3na1c.56.5.4      -            323 d1z2la1c.56.5.4.aln  -            282   5.5e-99  326.3   0.0   1   1  8.6e-101   6.2e-99  326.2   0.0     2   282     9   318     8   318 0.99 -
d1rtqa_c.56.5.4      -            291 d1z2la1c.56.5.4.aln  -            282   1.7e-89  295.2   0.6   1   1   2.6e-91   1.9e-89  295.0   0.6     1   282     1   286     1   286 0.99 -
d1fnoa4c.56.5.4      -            296 d1z2la1c.56.5.4.aln  -            282   4.2e-86  284.1   0.0   1   1   6.5e-88   4.6e-86  283.9   0.0     4   281     1   295     1   296 0.99 -
d1lfwa1c.56.5.4      -            273 d1z2la1c.56.5.4.aln  -            282   1.3e-77  256.2   0.0   1   1     2e-79   1.4e-77  256.1   0.0     2   282     3   273     2   273 0.99 -
d1cg2a1c.56.5.4      -            277 d1z2la1c.56.5.4.aln  -            282   6.3e-77  253.9   0.2   1   1   9.8e-79     7e-77  253.8   0.2     1   281     2   275     2   276 0.99 -
d1tkja_c.56.5.4      -            277 d1z2la1c.56.5.4.aln  -            282   2.9e-73  241.9   0.0   1   1   4.5e-75   3.2e-73  241.8   0.0     2   281     1   276     1   277 0.99 -
d1y0ya3c.56.5.4      -            256 d1z2la1c.56.5.4.aln  -            282   1.1e-72  240.0   0.3   1   1   1.7e-74   1.2e-72  239.9   0.3    18   282     2   255     1   255 0.99 -
d1vgya1c.56.5.4      -            263 d1z2la1c.56.5.4.aln  -            282     1e-68  227.0   0.0   1   1   1.6e-70   1.1e-68  226.9   0.0    14   278     2   262     1   263 0.99 -
d2grea2c.56.5.4      -            234 d1z2la1c.56.5.4.aln  -            282   1.7e-60  200.0   4.7   1   1   1.1e-60   7.7e-59  194.6   4.7    14   281     1   233     1   234 0.99 -
d1z2la1c.56.5.4      -            294 d1z2la1c.56.5.4.aln  -            282   1.9e-06   22.7   0.0   1   2    0.0008     0.058    8.0   0.0    45    96    43    93    34   103 0.78 -
d1z2la1c.56.5.4      -            294 d1z2la1c.56.5.4.aln  -            282   1.9e-06   22.7   0.0   2   2   2.4e-05    0.0017   13.0   0.0   195   272   210   284   132   291 0.81 -
#
# Program:         hmmsearch
# Version:         3.1b2 (February 2015)
# Pipeline mode:   SEARCH
# Query file:      hmmModels30/d1z2la1c.56.5.4.hmm
# Target file:     scop/scopTestSeq.fasta
# Option settings: hmmsearch --domtblout hmmModels30/d1z2la1c.56.5.4.out -E 1 hmmModels30/d1z2la1c.56.5.4.hmm scop/scopTestSeq.fasta 
# Current dir:     /home/anastasia/SBAS/TME8
# Date:            Sat Apr  8 15:33:52 2023
# [ok]
