#                                                                            --- full sequence --- -------------- this domain -------------   hmm coord   ali coord   env coord
# target name        accession   tlen query name           accession   qlen   E-value  score  bias   #  of  c-Evalue  i-Evalue  score  bias  from    to  from    to  from    to  acc description of target
#------------------- ---------- ----- -------------------- ---------- ----- --------- ------ ----- --- --- --------- --------- ------ ----- ----- ----- ----- ----- ----- ----- ---- ---------------------
d1p0ha_d.108.1.1     -            308 d1z4ra1d.108.1.1.aln -            248  7.4e-104  342.3   0.1   1   2  2.1e-104  4.2e-103  339.8   0.0    37   248     1   227     1   227 1.00 -
d1p0ha_d.108.1.1     -            308 d1z4ra1d.108.1.1.aln -            248  7.4e-104  342.3   0.1   2   2       1.2        23    0.0   0.0   134   148   237   251   229   304 0.53 -
d2p0wa_d.108.1.1     -            319 d1z4ra1d.108.1.1.aln -            248   1.1e-87  289.3   0.0   1   1   6.6e-89   1.3e-87  289.1   0.0     1   221    79   319    79   319 1.00 -
d1boba_d.108.1.1     -            315 d1z4ra1d.108.1.1.aln -            248   3.3e-79  261.5   0.2   1   1     2e-80   3.9e-79  261.3   0.2     1   221    76   315    76   315 1.00 -
d2pq8a_d.108.1.1     -            271 d1z4ra1d.108.1.1.aln -            248   1.5e-71  236.5   0.0   1   1   8.6e-73   1.7e-71  236.3   0.0     1   248     1   271     1   271 0.99 -
d1u6ma_d.108.1.1     -            189 d1z4ra1d.108.1.1.aln -            248   3.7e-23   78.0   0.0   1   1     2e-24     4e-23   77.9   0.0    27   208     4   187     1   189 0.96 -
d1tiqa_d.108.1.1     -            173 d1z4ra1d.108.1.1.aln -            248   2.3e-22   75.4   0.2   1   1   1.2e-23   2.5e-22   75.3   0.2    40   214     2   171     1   173 0.96 -
d1z4ea1d.108.1.1     -            150 d1z4ra1d.108.1.1.aln -            248   6.3e-22   73.9   0.1   1   1   3.7e-23   7.4e-22   73.7   0.1    44   195     3   145     1   148 0.95 -
d1n71a_d.108.1.1     -            180 d1z4ra1d.108.1.1.aln -            248   1.3e-18   63.1   0.0   1   1     7e-20   1.4e-18   63.0   0.0    50   238     3   179     1   180 0.95 -
d1vkca_d.108.1.1     -            149 d1z4ra1d.108.1.1.aln -            248   8.6e-17   57.1   0.1   1   1     5e-18   9.9e-17   56.9   0.1    52   194    10   143     2   148 0.92 -
d1i12a_d.108.1.1     -            157 d1z4ra1d.108.1.1.aln -            248   2.2e-15   52.5   0.0   1   1   1.3e-16   2.5e-15   52.3   0.0    67   199    32   156     4   157 0.80 -
d1y9wa1d.108.1.1     -            140 d1z4ra1d.108.1.1.aln -            248   2.8e-15   52.1   0.2   1   1   1.5e-16     3e-15   52.0   0.2    58   210     3   139     1   140 0.93 -
d1wwza1d.108.1.1     -            157 d1z4ra1d.108.1.1.aln -            248   1.2e-14   50.1   0.0   1   1   6.8e-16   1.3e-14   49.9   0.0    46   196     5   148     1   155 0.93 -
d2euia1d.108.1.1     -            153 d1z4ra1d.108.1.1.aln -            248   1.3e-14   49.9   0.1   1   1   8.1e-16   1.6e-14   49.7   0.1    61   198    15   144     9   151 0.95 -
d2gana1d.108.1.1     -            182 d1z4ra1d.108.1.1.aln -            248   4.4e-14   48.2   0.0   1   1   2.4e-15   4.7e-14   48.1   0.0    74   208    51   181     2   182 0.89 -
d1y9ka1d.108.1.1     -            152 d1z4ra1d.108.1.1.aln -            248   1.1e-13   46.9   0.0   1   1   6.3e-15   1.2e-13   46.8   0.0    95   207    28   144     3   151 0.82 -
d1m4ia_d.108.1.1     -            181 d1z4ra1d.108.1.1.aln -            248   1.2e-13   46.8   0.0   1   1   6.9e-15   1.4e-13   46.6   0.0    44   229     4   181     1   181 0.97 -
d1mk4a_d.108.1.1     -            157 d1z4ra1d.108.1.1.aln -            248   1.6e-13   46.4   0.0   1   1   9.1e-15   1.8e-13   46.2   0.0   116   193    58   129     3   148 0.82 -
d2ae6a1d.108.1.1     -            161 d1z4ra1d.108.1.1.aln -            248   6.6e-13   44.4   0.0   1   1   3.7e-14   7.4e-13   44.2   0.0    47   210     4   156     1   160 0.90 -
d1ufha_d.108.1.1     -            155 d1z4ra1d.108.1.1.aln -            248   7.8e-13   44.1   0.2   1   1     4e-14   7.8e-13   44.1   0.2   100   197    64   152     8   155 0.83 -
d2fl4a1d.108.1.1     -            146 d1z4ra1d.108.1.1.aln -            248   1.3e-12   43.4   0.2   1   1   9.4e-14   1.8e-12   42.9   0.2    52   196     4   134     1   146 0.84 -
d1qsma_d.108.1.1     -            150 d1z4ra1d.108.1.1.aln -            248   1.6e-12   43.1   0.0   1   1   9.8e-14   1.9e-12   42.9   0.0    53   186     8   138     2   149 0.95 -
d2b5ga_d.108.1.1     -            168 d1z4ra1d.108.1.1.aln -            248   2.4e-12   42.6   0.0   1   1   1.4e-13   2.7e-12   42.4   0.0   102   207    62   162     8   167 0.86 -
d1bo4a_d.108.1.1     -            137 d1z4ra1d.108.1.1.aln -            248   4.3e-12   41.7   0.0   1   1   2.5e-13   4.9e-12   41.5   0.0    55   185    11   137     4   137 0.91 -
d1ghea_d.108.1.1     -            170 d1z4ra1d.108.1.1.aln -            248   6.3e-12   41.2   0.0   1   1   3.4e-13   6.6e-12   41.1   0.0    50   191     8   145     1   164 0.88 -
d1cjwa_d.108.1.1     -            166 d1z4ra1d.108.1.1.aln -            248     8e-12   40.8   0.0   1   1   4.3e-13   8.4e-12   40.8   0.0    73   203    33   158    10   166 0.91 -
d1yk3a1d.108.1.1     -            198 d1z4ra1d.108.1.1.aln -            248   2.2e-11   39.4   0.0   1   1   1.2e-12   2.4e-11   39.3   0.0    34   217     5   195     1   198 0.96 -
d1yx0a1d.108.1.1     -            151 d1z4ra1d.108.1.1.aln -            248   4.3e-11   38.4   0.0   1   1   2.2e-12   4.4e-11   38.4   0.0    53   206     5   146     1   151 0.90 -
d2g3aa1d.108.1.1     -            137 d1z4ra1d.108.1.1.aln -            248   4.5e-11   38.4   0.0   1   1   2.3e-12   4.5e-11   38.4   0.0   128   210    61   136     8   137 0.86 -
d2cy2a1d.108.1.1     -            174 d1z4ra1d.108.1.1.aln -            248   6.7e-11   37.8   0.0   1   1   3.7e-12   7.4e-11   37.7   0.0   120   212    81   168     3   174 0.74 -
d2fcka1d.108.1.1     -            178 d1z4ra1d.108.1.1.aln -            248     8e-11   37.6   0.1   1   1   4.7e-12   9.3e-11   37.3   0.1    41   195     5   158     1   168 0.92 -
d2jdca1d.108.1.1     -            145 d1z4ra1d.108.1.1.aln -            248   1.5e-10   36.6   0.0   1   1   9.5e-12   1.9e-10   36.4   0.0    53   195     7   128     2   144 0.87 -
d2atra1d.108.1.1     -            137 d1z4ra1d.108.1.1.aln -            248   1.7e-10   36.5   0.0   1   1   9.5e-12   1.9e-10   36.4   0.0   105   204    50   135     5   137 0.77 -
d2fiwa1d.108.1.1     -            156 d1z4ra1d.108.1.1.aln -            248   7.1e-10   34.5   0.0   1   1     4e-11   7.9e-10   34.3   0.0    48   187     5   136     1   152 0.85 -
d2fiaa1d.108.1.1     -            157 d1z4ra1d.108.1.1.aln -            248   3.9e-09   32.0   0.1   1   1   2.1e-10   4.2e-09   31.9   0.1    51   197     4   140     1   154 0.81 -
d1q2ya_d.108.1.1     -            140 d1z4ra1d.108.1.1.aln -            248   4.4e-09   31.9   0.0   1   1   2.6e-10   5.2e-09   31.6   0.0    71   192    19   125     4   137 0.87 -
d1nsla_d.108.1.1     -            180 d1z4ra1d.108.1.1.aln -            248   1.2e-08   30.5   0.0   1   1   7.4e-10   1.5e-08   30.2   0.0    41   200     4   160     2   177 0.89 -
d1xeba_d.108.1.1     -            149 d1z4ra1d.108.1.1.aln -            248     2e-08   29.7   0.1   1   1   1.3e-09   2.5e-08   29.4   0.1    51   198     4   138     1   146 0.90 -
d1y7ra1d.108.1.1     -            133 d1z4ra1d.108.1.1.aln -            248   2.5e-08   29.4   0.0   1   1   1.3e-09   2.6e-08   29.4   0.0    90   193    35   123    10   133 0.86 -
d1r57a_d.108.1.1     -            102 d1z4ra1d.108.1.1.aln -            248   7.3e-08   27.9   0.0   1   1   3.9e-09   7.6e-08   27.8   0.0   110   192    22    98     4   102 0.83 -
d2aj6a1d.108.1.1     -            118 d1z4ra1d.108.1.1.aln -            248   1.2e-06   23.9   0.0   1   1   6.9e-08   1.4e-06   23.7   0.0    70   164    27   115     7   117 0.81 -
#
# Program:         hmmsearch
# Version:         3.1b2 (February 2015)
# Pipeline mode:   SEARCH
# Query file:      hmmModels30/d1z4ra1d.108.1.1.hmm
# Target file:     scop/scopTestSeq.fasta
# Option settings: hmmsearch --domtblout hmmModels30/d1z4ra1d.108.1.1.out -E 1 hmmModels30/d1z4ra1d.108.1.1.hmm scop/scopTestSeq.fasta 
# Current dir:     /home/anastasia/SBAS/TME8
# Date:            Sat Apr  8 15:33:52 2023
# [ok]
