#                                                                            --- full sequence --- -------------- this domain -------------   hmm coord   ali coord   env coord
# target name        accession   tlen query name           accession   qlen   E-value  score  bias   #  of  c-Evalue  i-Evalue  score  bias  from    to  from    to  from    to  acc description of target
#------------------- ---------- ----- -------------------- ---------- ----- --------- ------ ----- --- --- --------- --------- ------ ----- ----- ----- ----- ----- ----- ----- ---- ---------------------
d2pq8a_d.108.1.1     -            271 d1z4ea1d.108.1.1.aln -            180   1.2e-72  239.0   0.1   1   1   7.8e-74   1.4e-72  238.8   0.1     1   180    22   231    22   231 0.99 -
d2p0wa_d.108.1.1     -            319 d1z4ea1d.108.1.1.aln -            180   1.2e-67  222.7   0.3   1   1   1.2e-68   2.1e-67  221.9   0.3     1   180   101   309   101   309 0.99 -
d1boba_d.108.1.1     -            315 d1z4ea1d.108.1.1.aln -            180   3.2e-64  211.6   0.9   1   1   2.3e-65   4.1e-64  211.2   0.9     1   179    96   304    96   305 0.99 -
d1p0ha_d.108.1.1     -            308 d1z4ea1d.108.1.1.aln -            180   1.2e-52  173.9   0.0   1   2      0.28       5.2    2.4   0.0    85   109    67    91    36    92 0.80 -
d1p0ha_d.108.1.1     -            308 d1z4ea1d.108.1.1.aln -            180   1.2e-52  173.9   0.0   2   2   3.8e-53     7e-52  171.4   0.0     2   180    91   294    90   294 0.99 -
d1u6ma_d.108.1.1     -            189 d1z4ea1d.108.1.1.aln -            180   8.6e-25   83.1   0.1   1   1   5.2e-26   9.5e-25   83.0   0.1     2   172     7   187     6   189 0.98 -
d1tiqa_d.108.1.1     -            173 d1z4ea1d.108.1.1.aln -            180   7.7e-24   80.0   0.2   1   1   5.2e-25   9.5e-24   79.7   0.2     6   175     5   168     2   172 0.95 -
d1m4ia_d.108.1.1     -            181 d1z4ea1d.108.1.1.aln -            180   3.4e-22   74.7   0.0   1   1   2.2e-23   3.9e-22   74.4   0.0    13   165     3   153     1   162 0.96 -
d2b5ga_d.108.1.1     -            168 d1z4ea1d.108.1.1.aln -            180   1.1e-21   73.0   0.2   1   1   6.7e-23   1.2e-21   72.8   0.2     5   147     5   143     1   163 0.92 -
d2gana1d.108.1.1     -            182 d1z4ea1d.108.1.1.aln -            180   4.3e-21   71.1   0.3   1   1   2.8e-22   5.1e-21   70.8   0.3    21   171    25   180    13   182 0.93 -
d1ufha_d.108.1.1     -            155 d1z4ea1d.108.1.1.aln -            180   6.8e-21   70.4   0.7   1   1   3.9e-22   7.2e-21   70.3   0.7     6   162     6   153     1   155 0.95 -
d1i12a_d.108.1.1     -            157 d1z4ea1d.108.1.1.aln -            180   1.4e-20   69.4   0.0   1   1   8.6e-22   1.6e-20   69.2   0.0     3   157     5   150     3   156 0.96 -
d2ae6a1d.108.1.1     -            161 d1z4ea1d.108.1.1.aln -            180   1.9e-20   68.9   0.1   1   1   1.1e-21   2.1e-20   68.8   0.1    16   174     7   156     1   160 0.94 -
d1wwza1d.108.1.1     -            157 d1z4ea1d.108.1.1.aln -            180   3.3e-20   68.2   0.3   1   1   2.1e-21   3.9e-20   67.9   0.3     6   163     2   151     1   156 0.94 -
d2fcka1d.108.1.1     -            178 d1z4ea1d.108.1.1.aln -            180     8e-20   66.9   0.1   1   1   5.3e-21   9.8e-20   66.6   0.1     6   167    11   171     7   177 0.93 -
d2cy2a1d.108.1.1     -            174 d1z4ea1d.108.1.1.aln -            180   1.6e-18   62.7   0.2   1   1   9.8e-20   1.8e-18   62.5   0.2     4   159     3   151     1   164 0.94 -
d1vkca_d.108.1.1     -            149 d1z4ea1d.108.1.1.aln -            180   2.8e-18   61.9   1.3   1   1   1.6e-19     3e-18   61.8   1.3    12   151     3   141     1   149 0.91 -
d2euia1d.108.1.1     -            153 d1z4ea1d.108.1.1.aln -            180   1.5e-17   59.5   0.1   1   1   8.6e-19   1.6e-17   59.5   0.1    14   163     2   145     1   153 0.95 -
d1mk4a_d.108.1.1     -            157 d1z4ea1d.108.1.1.aln -            180   3.1e-17   58.5   0.0   1   1   1.9e-18   3.5e-17   58.3   0.0    12   155     3   132     1   144 0.93 -
d1qsma_d.108.1.1     -            150 d1z4ea1d.108.1.1.aln -            180   3.2e-17   58.4   0.0   1   1   2.1e-18   3.9e-17   58.2   0.0    12   149     4   139     2   149 0.95 -
d2fl4a1d.108.1.1     -            146 d1z4ea1d.108.1.1.aln -            180   4.4e-17   58.0   0.4   1   1   2.4e-18   4.4e-17   58.0   0.4    32   169    19   143     1   146 0.91 -
d1yk3a1d.108.1.1     -            198 d1z4ea1d.108.1.1.aln -            180   2.5e-16   55.5   0.0   1   1   1.6e-17   2.9e-16   55.3   0.0     7   177    14   192     9   195 0.95 -
d1nsla_d.108.1.1     -            180 d1z4ea1d.108.1.1.aln -            180   2.8e-16   55.4   0.0   1   1   1.8e-17   3.2e-16   55.2   0.0    11   172    16   170     6   178 0.90 -
d1y9ka1d.108.1.1     -            152 d1z4ea1d.108.1.1.aln -            180   3.3e-16   55.2   0.0   1   1   2.2e-17     4e-16   54.9   0.0    33   175    18   143     3   147 0.84 -
d1y9wa1d.108.1.1     -            140 d1z4ea1d.108.1.1.aln -            180   6.6e-16   54.2   0.3   1   1   4.5e-17   8.2e-16   53.9   0.3    53   174    43   139    28   140 0.87 -
d1z4ra1d.108.1.1     -            162 d1z4ea1d.108.1.1.aln -            180   6.8e-16   54.1   0.0   1   1   4.3e-17   7.9e-16   53.9   0.0    22   177    12   160     2   162 0.89 -
d1bo4a_d.108.1.1     -            137 d1z4ea1d.108.1.1.aln -            180   7.4e-16   54.0   0.0   1   1   4.8e-17   8.8e-16   53.8   0.0    11   147     4   137     2   137 0.90 -
d2jdca1d.108.1.1     -            145 d1z4ea1d.108.1.1.aln -            180   1.4e-15   53.1   0.1   1   1   8.6e-17   1.6e-15   52.9   0.1    29   174    13   143     3   145 0.88 -
d2fiaa1d.108.1.1     -            157 d1z4ea1d.108.1.1.aln -            180     9e-15   50.5   0.5   1   1   5.5e-16     1e-14   50.3   0.5    17   173     8   152     1   156 0.94 -
d1yx0a1d.108.1.1     -            151 d1z4ea1d.108.1.1.aln -            180   1.2e-14   50.0   0.0   1   1   7.2e-16   1.3e-14   49.9   0.0    18   174     5   150     1   151 0.87 -
d1ghea_d.108.1.1     -            170 d1z4ea1d.108.1.1.aln -            180   1.8e-13   46.2   0.0   1   1   1.1e-14   2.1e-13   46.0   0.0     5   148     3   143     1   151 0.92 -
d2fsra1d.108.1.1     -            164 d1z4ea1d.108.1.1.aln -            180   5.1e-13   44.7   0.0   1   1   3.2e-14   5.9e-13   44.6   0.0     9   166     7   159     3   164 0.93 -
d2atra1d.108.1.1     -            137 d1z4ea1d.108.1.1.aln -            180   1.4e-12   43.3   0.0   1   1   8.4e-14   1.5e-12   43.2   0.0    14   166     5   133     1   136 0.81 -
d1y7ra1d.108.1.1     -            133 d1z4ea1d.108.1.1.aln -            180   2.9e-12   42.3   0.0   1   1   1.7e-13   3.2e-12   42.2   0.0    15   158     3   124     1   132 0.83 -
d1n71a_d.108.1.1     -            180 d1z4ea1d.108.1.1.aln -            180   6.3e-12   41.2   0.0   1   1   4.3e-13   7.9e-12   40.9   0.0     9   172     3   176     1   179 0.95 -
d2fiwa1d.108.1.1     -            156 d1z4ea1d.108.1.1.aln -            180     2e-11   39.6   0.0   1   1   1.2e-12   2.2e-11   39.4   0.0    38   172    27   153    19   156 0.88 -
d1cjwa_d.108.1.1     -            166 d1z4ea1d.108.1.1.aln -            180   4.3e-11   38.5   0.0   1   1   2.3e-12   4.3e-11   38.5   0.0    48   173    48   164     2   166 0.84 -
d2g3aa1d.108.1.1     -            137 d1z4ea1d.108.1.1.aln -            180   4.5e-11   38.4   0.0   1   1   2.9e-12   5.4e-11   38.2   0.0    41   168    28   130    10   136 0.83 -
d2aj6a1d.108.1.1     -            118 d1z4ea1d.108.1.1.aln -            180   1.1e-10   37.2   0.0   1   1   6.8e-12   1.2e-10   37.0   0.0    16   126     8   114     2   117 0.84 -
d1xeba_d.108.1.1     -            149 d1z4ea1d.108.1.1.aln -            180   2.5e-09   32.7   0.5   1   1   1.7e-10   3.1e-09   32.4   0.5     9   158     2   134     1   148 0.87 -
d1r57a_d.108.1.1     -            102 d1z4ea1d.108.1.1.aln -            180   3.6e-09   32.2   0.0   1   1   2.2e-10     4e-09   32.1   0.0    89   145    34    90    15    98 0.89 -
d1z4ea1d.108.1.1     -            150 d1z4ea1d.108.1.1.aln -            180   1.3e-08   30.4   0.0   1   1   8.5e-10   1.6e-08   30.1   0.0    90   155    82   141    39   149 0.89 -
d1q2ya_d.108.1.1     -            140 d1z4ea1d.108.1.1.aln -            180   2.4e-07   26.3   0.0   1   1   1.6e-08   2.9e-07   26.0   0.0    19   160     7   129     1   139 0.82 -
d1xmta_d.108.1.1     -             95 d1z4ea1d.108.1.1.aln -            180   0.00026   16.4   0.0   1   1   1.6e-05   0.00029   16.2   0.0    76   133    18    80     5    91 0.84 -
#
# Program:         hmmsearch
# Version:         3.1b2 (February 2015)
# Pipeline mode:   SEARCH
# Query file:      hmmModels30/d1z4ea1d.108.1.1.hmm
# Target file:     scop/scopTestSeq.fasta
# Option settings: hmmsearch --domtblout hmmModels30/d1z4ea1d.108.1.1.out -E 1 hmmModels30/d1z4ea1d.108.1.1.hmm scop/scopTestSeq.fasta 
# Current dir:     /home/anastasia/SBAS/TME8
# Date:            Sat Apr  8 15:33:52 2023
# [ok]
