#                                                                            --- full sequence --- -------------- this domain -------------   hmm coord   ali coord   env coord
# target name        accession   tlen query name           accession   qlen   E-value  score  bias   #  of  c-Evalue  i-Evalue  score  bias  from    to  from    to  from    to  acc description of target
#------------------- ---------- ----- -------------------- ---------- ----- --------- ------ ----- --- --- --------- --------- ------ ----- ----- ----- ----- ----- ----- ----- ---- ---------------------
d1p1ja1c.2.1.3       -            411 d1zh8a1c.2.1.3.aln   -            188     2e-98  323.5   0.0   1   1  7.8e-100   2.5e-98  323.2   0.0     1   188    52   323    52   323 1.00 -
d3cina1c.2.1.3       -            276 d1zh8a1c.2.1.3.aln   -            188   1.4e-49  164.2   0.9   1   2      0.83        26    0.3   0.1     7    25     2    20     1    26 0.89 -
d3cina1c.2.1.3       -            276 d1zh8a1c.2.1.3.aln   -            188   1.4e-49  164.2   0.9   2   2   1.4e-50   4.4e-49  162.6   0.1     2   188    44   276    43   276 0.99 -
d1gr0a1c.2.1.3       -            244 d1zh8a1c.2.1.3.aln   -            188   2.4e-39  130.9   1.2   1   2      0.99        31    0.0   0.0    10    26     5    21     3    27 0.87 -
d1gr0a1c.2.1.3       -            244 d1zh8a1c.2.1.3.aln   -            188   2.4e-39  130.9   1.2   2   2   7.5e-41   2.4e-39  130.9   1.2     1   185    45   241    45   244 0.98 -
d1h6da1c.2.1.3       -            222 d1zh8a1c.2.1.3.aln   -            188   1.7e-34  115.0   0.0   1   1     6e-36   1.9e-34  114.9   0.0     1   186    28   221    28   222 0.97 -
d2nvwa1c.2.1.3       -            238 d1zh8a1c.2.1.3.aln   -            188   7.5e-29   96.6   0.0   1   1   2.7e-30   8.4e-29   96.5   0.0     2   187    12   230    11   231 0.98 -
d1qkia1c.2.1.3       -            204 d1zh8a1c.2.1.3.aln   -            188   1.1e-23   79.7   0.0   1   1   3.9e-25   1.2e-23   79.6   0.0     2   186    16   203    15   204 0.97 -
d1ydwa1c.2.1.3       -            185 d1zh8a1c.2.1.3.aln   -            188   1.2e-23   79.6   0.0   1   1   4.2e-25   1.3e-23   79.5   0.0     7   184     2   180     1   184 0.92 -
d1xeaa1c.2.1.3       -            168 d1zh8a1c.2.1.3.aln   -            188     2e-20   69.1   0.0   1   1   6.9e-22   2.2e-20   69.0   0.0     7   185     2   165     1   168 0.94 -
d1tlta1c.2.1.3       -            165 d1zh8a1c.2.1.3.aln   -            188     8e-20   67.2   0.0   1   1   2.8e-21   8.8e-20   67.0   0.0     6   183     1   164     1   165 0.92 -
d1drua1c.2.1.3       -            161 d1zh8a1c.2.1.3.aln   -            188     1e-19   66.9   0.0   1   1   3.4e-21   1.1e-19   66.7   0.0     6   181     2   158     1   161 0.96 -
d1h9aa1c.2.1.3       -            196 d1zh8a1c.2.1.3.aln   -            188   1.5e-19   66.2   0.1   1   1   5.4e-21   1.7e-19   66.1   0.1     3   185     2   195     1   196 0.97 -
d1e5qa1c.2.1.3       -            183 d1zh8a1c.2.1.3.aln   -            188   7.9e-17   57.4   0.1   1   1   2.7e-18   8.5e-17   57.3   0.1     8   185     3   179     1   182 0.89 -
d1vkna1c.2.1.3       -            177 d1zh8a1c.2.1.3.aln   -            188   6.2e-14   48.0   0.0   1   1   2.2e-15   6.9e-14   47.8   0.0     6   185     1   174     1   177 0.96 -
d1f06a1c.2.1.3       -            171 d1zh8a1c.2.1.3.aln   -            188   9.6e-14   47.3   0.0   1   1   3.5e-15   1.1e-13   47.2   0.0     6   164     3   157     1   168 0.89 -
d1cf2o1c.2.1.3       -            172 d1zh8a1c.2.1.3.aln   -            188   1.4e-13   46.8   1.0   1   1   5.1e-15   1.6e-13   46.6   1.0     8   187     2   166     1   167 0.97 -
d1ebfa1c.2.1.3       -            169 d1zh8a1c.2.1.3.aln   -            188   2.5e-12   42.7   0.4   1   1   8.7e-14   2.7e-12   42.6   0.4     5   157     2   139     1   166 0.92 -
d1lc0a1c.2.1.3       -            173 d1zh8a1c.2.1.3.aln   -            188   2.6e-12   42.7   0.0   1   1   8.4e-14   2.7e-12   42.6   0.0     7   179     7   165     1   173 0.90 -
d1nvmb1c.2.1.3       -            158 d1zh8a1c.2.1.3.aln   -            188   4.4e-12   41.9   0.2   1   1   1.6e-13   5.1e-12   41.7   0.2     6   159     4   146     1   157 0.84 -
d2g82a1c.2.1.3       -            169 d1zh8a1c.2.1.3.aln   -            188   5.7e-12   41.6   0.1   1   1     2e-13   6.2e-12   41.4   0.1     9   185     2   168     1   169 0.95 -
d1t4ba1c.2.1.3       -            147 d1zh8a1c.2.1.3.aln   -            188     2e-11   39.8   0.0   1   1     7e-13   2.2e-11   39.7   0.0     7   153     2   131     1   145 0.95 -
d1yl7a1c.2.1.3       -            136 d1zh8a1c.2.1.3.aln   -            188   2.3e-11   39.6   0.0   1   1   4.8e-11   1.5e-09   33.7   0.0     8   179     1   133     1   136 0.95 -
d1q0qa2c.2.1.3       -            152 d1zh8a1c.2.1.3.aln   -            188   1.6e-10   36.9   0.0   1   1   5.6e-12   1.8e-10   36.7   0.0     9   177     4   151     1   152 0.94 -
d1vm6a3c.2.1.3       -            129 d1zh8a1c.2.1.3.aln   -            188   2.4e-07   26.5   0.0   1   1   1.5e-06   4.8e-05   19.0   0.0    74   178    39   126     1   128 0.78 -
d1j5pa4c.2.1.3       -            133 d1zh8a1c.2.1.3.aln   -            188   2.5e-06   23.1   0.3   1   1     2e-06   6.2e-05   18.6   0.3     7   118     2    87     1   106 0.85 -
d2ahra2c.2.1.6       -            152 d1zh8a1c.2.1.3.aln   -            188     0.006   12.1   0.0   1   1   0.00029    0.0091   11.6   0.0     8    72     2    61     1    63 0.86 -
#
# Program:         hmmsearch
# Version:         3.1b2 (February 2015)
# Pipeline mode:   SEARCH
# Query file:      hmmModels30/d1zh8a1c.2.1.3.hmm
# Target file:     scop/scopTestSeq.fasta
# Option settings: hmmsearch --domtblout hmmModels30/d1zh8a1c.2.1.3.out -E 1 hmmModels30/d1zh8a1c.2.1.3.hmm scop/scopTestSeq.fasta 
# Current dir:     /home/anastasia/SBAS/TME8
# Date:            Sat Apr  8 15:33:52 2023
# [ok]
