#                                                                            --- full sequence --- -------------- this domain -------------   hmm coord   ali coord   env coord
# target name        accession   tlen query name           accession   qlen   E-value  score  bias   #  of  c-Evalue  i-Evalue  score  bias  from    to  from    to  from    to  acc description of target
#------------------- ---------- ----- -------------------- ---------- ----- --------- ------ ----- --- --- --------- --------- ------ ----- ----- ----- ----- ----- ----- ----- ---- ---------------------
d1e2ka_c.37.1.1      -            329 d1zina1c.37.1.1.aln  -            211  2.5e-116  382.1   0.0   1   1  6.1e-118    3e-116  381.8   0.0     1   211    82   296    82   296 1.00 -
d1p5zb_c.37.1.1      -            241 d1zina1c.37.1.1.aln  -            211   1.4e-55  183.6   0.0   1   1   3.1e-57   1.5e-55  183.5   0.0     1   210    20   234    20   235 0.99 -
d1deka_c.37.1.1      -            241 d1zina1c.37.1.1.aln  -            211   5.8e-50  165.3   0.0   1   1   1.3e-51   6.5e-50  165.1   0.0     1   211    16   231    16   231 1.00 -
d1vhta_c.37.1.1      -            208 d1zina1c.37.1.1.aln  -            211   1.2e-39  131.6   0.8   1   1   2.6e-41   1.3e-39  131.4   0.8     9   210     3   206     1   207 0.99 -
d1t0hb_c.37.1.1      -            219 d1zina1c.37.1.1.aln  -            211   3.2e-37  123.6   0.0   1   1   7.2e-39   3.6e-37  123.5   0.0     2   210    13   212    12   213 0.98 -
d1gsia_c.37.1.1      -            208 d1zina1c.37.1.1.aln  -            211   1.9e-36  121.1   0.0   1   1   4.2e-38     2e-36  121.0   0.0     3   204     6   208     4   208 0.98 -
d1qf9a_c.37.1.1      -            194 d1zina1c.37.1.1.aln  -            211   8.4e-33  109.2   0.0   1   1   1.9e-34   9.2e-33  109.1   0.0     4   198     1   192     1   194 0.99 -
d1kjwa2c.37.1.1      -            199 d1zina1c.37.1.1.aln  -            211     2e-32  107.9   0.1   1   1   4.6e-34   2.2e-32  107.8   0.1     2   211     2   199     1   199 0.97 -
d1lw7a2c.37.1.1      -            192 d1zina1c.37.1.1.aln  -            211   1.4e-31  105.2   0.0   1   1     3e-33   1.5e-31  105.1   0.0     9   203     5   190     1   192 0.97 -
d1khta_c.37.1.1      -            190 d1zina1c.37.1.1.aln  -            211   9.8e-29   95.9   0.0   1   1   2.2e-30   1.1e-28   95.8   0.0     9   204     1   188     1   190 0.98 -
d2grja_c.37.1.1      -            179 d1zina1c.37.1.1.aln  -            211   1.2e-25   85.8   0.0   1   1   2.7e-27   1.3e-25   85.6   0.0     7   199     1   179     1   179 0.99 -
d1kgda_c.37.1.1      -            178 d1zina1c.37.1.1.aln  -            211     3e-25   84.5   0.1   1   1   6.7e-27   3.3e-25   84.4   0.1     7   199     1   178     1   178 0.99 -
d1y63a_c.37.1.1      -            174 d1zina1c.37.1.1.aln  -            211   5.6e-25   83.6   0.5   1   1   1.3e-26   6.6e-25   83.4   0.5     6   201     2   173     1   174 0.98 -
d1yj5a2c.37.1.1      -            172 d1zina1c.37.1.1.aln  -            211   3.9e-23   77.6   0.0   1   1   8.6e-25   4.2e-23   77.5   0.0    15   203     2   171     1   172 0.96 -
d3kb2a_c.37.1.1      -            171 d1zina1c.37.1.1.aln  -            211     2e-19   65.5   0.0   1   1   4.6e-21   2.2e-19   65.3   0.0    12   203     2   171     1   171 0.98 -
d1ly1a_c.37.1.1      -            152 d1zina1c.37.1.1.aln  -            211     2e-14   49.2   0.1   1   1   5.6e-15   2.7e-13   45.4   0.1    68   199    30   148     1   152 0.92 -
#
# Program:         hmmsearch
# Version:         3.1b2 (February 2015)
# Pipeline mode:   SEARCH
# Query file:      hmmModels30/d1zina1c.37.1.1.hmm
# Target file:     scop/scopTestSeq.fasta
# Option settings: hmmsearch --domtblout hmmModels30/d1zina1c.37.1.1.out -E 1 hmmModels30/d1zina1c.37.1.1.hmm scop/scopTestSeq.fasta 
# Current dir:     /home/anastasia/SBAS/TME8
# Date:            Sat Apr  8 15:33:52 2023
# [ok]
