#                                                                            --- full sequence --- -------------- this domain -------------   hmm coord   ali coord   env coord
# target name        accession   tlen query name           accession   qlen   E-value  score  bias   #  of  c-Evalue  i-Evalue  score  bias  from    to  from    to  from    to  acc description of target
#------------------- ---------- ----- -------------------- ---------- ----- --------- ------ ----- --- --- --------- --------- ------ ----- ----- ----- ----- ----- ----- ----- ---- ---------------------
d1z0xa2a.121.1.1     -            149 d1zk8a2a.121.1.1.aln -            123     1e-39  130.5   0.0   1   1   4.2e-41   1.2e-39  130.3   0.0     1   122     6   127     6   128 0.99 -
d3c07a2a.121.1.1     -            146 d1zk8a2a.121.1.1.aln -            123   3.7e-31  103.0   1.6   1   1   1.6e-32   4.5e-31  102.7   1.6     1   123     1   123     1   123 0.99 -
d1ui5a2a.121.1.1     -            133 d1zk8a2a.121.1.1.aln -            123   2.6e-25   84.1   0.5   1   1   1.1e-26   3.1e-25   83.9   0.5     8   122     4   118     1   119 0.97 -
d2g7la2a.121.1.1     -            144 d1zk8a2a.121.1.1.aln -            123   2.8e-22   74.4   9.7   1   1   1.3e-23   3.6e-22   74.1   9.7     2   123     2   123     1   123 0.99 -
d1t33a2a.121.1.1     -            132 d1zk8a2a.121.1.1.aln -            123   3.1e-21   71.1   0.1   1   1   1.3e-22   3.4e-21   70.9   0.1     1   121     3   123     3   125 0.98 -
d2id3a2a.121.1.1     -            123 d1zk8a2a.121.1.1.aln -            123   4.1e-21   70.7   6.3   1   1   1.6e-22   4.5e-21   70.5   6.3     5   119     7   121     3   123 0.97 -
d1rkta2a.121.1.1     -            123 d1zk8a2a.121.1.1.aln -            123   5.1e-21   70.4   0.0   1   1     2e-22   5.5e-21   70.3   0.0     2   121     2   121     1   123 0.98 -
d2fbqa2a.121.1.1     -            134 d1zk8a2a.121.1.1.aln -            123   8.1e-20   66.5   0.2   1   1   3.3e-21     9e-20   66.4   0.2     2   123     2   123     1   123 0.98 -
d2hyja2a.121.1.1     -            118 d1zk8a2a.121.1.1.aln -            123   1.5e-19   65.6   5.6   1   1   6.1e-21   1.7e-19   65.5   5.6     4   116     6   118     3   118 0.96 -
d2oi8a2a.121.1.1     -            130 d1zk8a2a.121.1.1.aln -            123   1.8e-19   65.4   1.6   1   1   7.3e-21     2e-19   65.2   1.6     4   121     1   118     1   120 0.98 -
d2d6ya2a.121.1.1     -            118 d1zk8a2a.121.1.1.aln -            123   7.7e-19   63.4   1.0   1   1   3.1e-20   8.3e-19   63.2   1.0     3   118     1   116     1   118 0.98 -
d2gfna2a.121.1.1     -            119 d1zk8a2a.121.1.1.aln -            123   1.1e-18   62.8   6.8   1   1   4.5e-20   1.2e-18   62.7   6.8     3   117     3   117     1   119 0.96 -
d1t56a2a.121.1.1     -            120 d1zk8a2a.121.1.1.aln -            123   1.8e-18   62.1   2.3   1   1   7.3e-20     2e-18   62.0   2.3     4   119     3   118     1   120 0.98 -
d2g3ba2a.121.1.1     -            116 d1zk8a2a.121.1.1.aln -            123   2.2e-18   61.9   2.4   1   1   8.6e-20   2.3e-18   61.8   2.4     3   116     3   116     1   116 0.97 -
d1vi0a2a.121.1.1     -            117 d1zk8a2a.121.1.1.aln -            123   3.4e-18   61.3   0.0   1   1   1.3e-19   3.6e-18   61.2   0.0     5   119     2   116     1   117 0.96 -
d2g7sa2a.121.1.1     -            116 d1zk8a2a.121.1.1.aln -            123   3.6e-18   61.2   1.9   1   1   1.4e-19   3.9e-18   61.1   1.9     1   113     2   114     2   116 0.97 -
d2i10a2a.121.1.1     -            116 d1zk8a2a.121.1.1.aln -            123   4.3e-18   60.9   3.2   1   1   1.7e-19   4.7e-18   60.8   3.2     4   113     6   115     3   116 0.97 -
d2id6a2a.121.1.1     -            125 d1zk8a2a.121.1.1.aln -            123   1.3e-17   59.5   0.0   1   1     5e-19   1.4e-17   59.4   0.0     2   121     3   122     2   124 0.97 -
d2gena2a.121.1.1     -            118 d1zk8a2a.121.1.1.aln -            123   1.7e-16   55.8   5.9   1   1   6.8e-18   1.8e-16   55.7   5.9     5   120     3   118     1   118 0.98 -
d2fx0a2a.121.1.1     -            122 d1zk8a2a.121.1.1.aln -            123   1.3e-15   53.0   0.0   1   1   5.2e-17   1.4e-15   52.9   0.0     2   119     3   120     2   122 0.96 -
d2np5a2a.121.1.1     -            118 d1zk8a2a.121.1.1.aln -            123   3.8e-15   51.5   4.1   1   1   1.5e-16   4.1e-15   51.4   4.1     2   120     3   114     2   117 0.97 -
d2hkua2a.121.1.1     -            121 d1zk8a2a.121.1.1.aln -            123   6.3e-15   50.8   0.1   1   1   2.5e-16   6.8e-15   50.7   0.1     3   119     4   120     2   121 0.97 -
d2fq4a2a.121.1.1     -            115 d1zk8a2a.121.1.1.aln -            123   9.8e-14   46.9   0.0   1   1   3.8e-15     1e-13   46.9   0.0     4   115     3   114     1   115 0.96 -
d2g7ga2a.121.1.1     -            132 d1zk8a2a.121.1.1.aln -            123   1.3e-13   46.5   9.1   1   1   5.6e-15   1.5e-13   46.3   9.1     2   116     2   116     1   122 0.97 -
d2iu5a2a.121.1.1     -            109 d1zk8a2a.121.1.1.aln -            123   1.5e-13   46.3   0.0   1   1     6e-15   1.6e-13   46.2   0.0     9   116     2   109     1   109 0.98 -
d1sgma2a.121.1.1     -            111 d1zk8a2a.121.1.1.aln -            123   6.4e-12   41.1   0.0   1   1   2.5e-13   6.7e-12   41.0   0.0     6   113     3   110     1   111 0.96 -
d2np3a2a.121.1.1     -            112 d1zk8a2a.121.1.1.aln -            123   7.5e-10   34.5   8.0   1   1   4.5e-11   1.2e-09   33.8   8.0     1   119     2   107     2   111 0.97 -
d2fd5a2a.121.1.1     -            104 d1zk8a2a.121.1.1.aln -            123     9e-08   27.8   2.7   1   1   3.6e-09   9.7e-08   27.7   2.7     6   110     5   101     1   104 0.95 -
d2o7ta2a.121.1.1     -            110 d1zk8a2a.121.1.1.aln -            123   7.5e-07   24.8   0.0   1   1     3e-08   8.2e-07   24.7   0.0     1   116     1   110     1   110 0.97 -
#
# Program:         hmmsearch
# Version:         3.1b2 (February 2015)
# Pipeline mode:   SEARCH
# Query file:      hmmModels30/d1zk8a2a.121.1.1.hmm
# Target file:     scop/scopTestSeq.fasta
# Option settings: hmmsearch --domtblout hmmModels30/d1zk8a2a.121.1.1.out -E 1 hmmModels30/d1zk8a2a.121.1.1.hmm scop/scopTestSeq.fasta 
# Current dir:     /home/anastasia/SBAS/TME8
# Date:            Sat Apr  8 15:33:52 2023
# [ok]
