#                                                                            --- full sequence --- -------------- this domain -------------   hmm coord   ali coord   env coord
# target name        accession   tlen query name           accession   qlen   E-value  score  bias   #  of  c-Evalue  i-Evalue  score  bias  from    to  from    to  from    to  acc description of target
#------------------- ---------- ----- -------------------- ---------- ----- --------- ------ ----- --- --- --------- --------- ------ ----- ----- ----- ----- ----- ----- ----- ---- ---------------------
d1t33a1a.4.1.9       -             88 d1zk8a1a.4.1.9.aln   -             75   3.8e-31  102.3   1.8   1   1   1.2e-32   4.4e-31  102.1   1.8     1    75     8    81     8    81 0.98 -
d2id6a1a.4.1.9       -             75 d1zk8a1a.4.1.9.aln   -             75   2.6e-27   90.0   0.3   1   1   7.3e-29   2.7e-27   89.9   0.3     4    74     2    72     1    73 0.96 -
d1rkta1a.4.1.9       -             81 d1zk8a1a.4.1.9.aln   -             75   1.7e-26   87.4   0.2   1   1   5.1e-28   1.9e-26   87.2   0.2     1    74     7    80     7    81 0.98 -
d1vi0a1a.4.1.9       -             72 d1zk8a1a.4.1.9.aln   -             75   2.2e-26   87.0   0.1   1   1   6.3e-28   2.4e-26   86.9   0.1     6    74     2    70     1    71 0.96 -
d1ui5a1a.4.1.9       -             71 d1zk8a1a.4.1.9.aln   -             75   1.8e-24   80.9   1.9   1   1     5e-26   1.9e-24   80.8   1.9     2    69     2    69     1    71 0.94 -
d2gfna1a.4.1.9       -             77 d1zk8a1a.4.1.9.aln   -             75   4.2e-24   79.7   0.3   1   1   1.2e-25   4.5e-24   79.6   0.3     2    74     3    75     2    76 0.97 -
d2oi8a1a.4.1.9       -             79 d1zk8a1a.4.1.9.aln   -             75   8.2e-24   78.8   0.7   1   1   2.3e-25   8.8e-24   78.7   0.7     2    73     6    77     5    79 0.97 -
d2gena1a.4.1.9       -             70 d1zk8a1a.4.1.9.aln   -             75   1.2e-23   78.3   0.7   1   1   3.3e-25   1.2e-23   78.2   0.7     6    73     1    68     1    70 0.96 -
d1sgma1a.4.1.9       -             73 d1zk8a1a.4.1.9.aln   -             75   4.5e-23   76.4   0.0   1   1   1.3e-24   4.8e-23   76.3   0.0     5    74     2    72     1    73 0.97 -
d2i10a1a.4.1.9       -             69 d1zk8a1a.4.1.9.aln   -             75   1.4e-22   74.9   0.0   1   1   3.8e-24   1.4e-22   74.8   0.0     9    72     4    67     1    69 0.95 -
d1t56a1a.4.1.9       -             73 d1zk8a1a.4.1.9.aln   -             75   3.9e-22   73.4   0.0   1   1   1.1e-23   4.2e-22   73.3   0.0     4    74     2    72     1    73 0.97 -
d2g7sa1a.4.1.9       -             74 d1zk8a1a.4.1.9.aln   -             75   4.1e-22   73.4   0.0   1   1   1.1e-23   4.3e-22   73.3   0.0     3    74     2    73     1    74 0.96 -
d2np5a1a.4.1.9       -             69 d1zk8a1a.4.1.9.aln   -             75   4.2e-22   73.3   0.2   1   1   1.2e-23   4.4e-22   73.2   0.2     7    71     3    67     1    69 0.96 -
d2fd5a1a.4.1.9       -             76 d1zk8a1a.4.1.9.aln   -             75   4.4e-22   73.2   0.1   1   1   1.2e-23   4.7e-22   73.2   0.1     2    71     4    73     3    76 0.97 -
d2iu5a1a.4.1.9       -             71 d1zk8a1a.4.1.9.aln   -             75   1.6e-21   71.5   0.1   1   1   4.3e-23   1.6e-21   71.4   0.1     2    68     3    69     2    71 0.95 -
d2hyja1a.4.1.9       -             75 d1zk8a1a.4.1.9.aln   -             75     3e-21   70.6   0.2   1   1   8.3e-23   3.1e-21   70.5   0.2     2    72     2    72     1    75 0.96 -
d2np3a1a.4.1.9       -             65 d1zk8a1a.4.1.9.aln   -             75   3.1e-21   70.6   0.3   1   1     1e-22   3.8e-21   70.3   0.3    10    70     1    61     1    64 0.93 -
d2o7ta1a.4.1.9       -             78 d1zk8a1a.4.1.9.aln   -             75   4.2e-20   66.9   0.0   1   1   1.2e-21   4.5e-20   66.8   0.0     2    73     4    76     3    78 0.93 -
d2id3a1a.4.1.9       -             68 d1zk8a1a.4.1.9.aln   -             75   2.8e-17   57.9   0.1   1   1   7.8e-19   2.9e-17   57.8   0.1     4    66     5    67     2    68 0.95 -
d2g7ga1a.4.1.9       -             65 d1zk8a1a.4.1.9.aln   -             75     2e-15   51.9   0.0   1   1   5.6e-17   2.1e-15   51.8   0.0     6    70     2    64     1    65 0.96 -
d1zk8a1a.4.1.9       -             72 d1zk8a1a.4.1.9.aln   -             75   1.9e-08   29.6   0.0   1   1   6.3e-10   2.4e-08   29.3   0.0     8    73     6    71     3    72 0.89 -
#
# Program:         hmmsearch
# Version:         3.1b2 (February 2015)
# Pipeline mode:   SEARCH
# Query file:      hmmModels30/d1zk8a1a.4.1.9.hmm
# Target file:     scop/scopTestSeq.fasta
# Option settings: hmmsearch --domtblout hmmModels30/d1zk8a1a.4.1.9.out -E 1 hmmModels30/d1zk8a1a.4.1.9.hmm scop/scopTestSeq.fasta 
# Current dir:     /home/anastasia/SBAS/TME8
# Date:            Sat Apr  8 15:33:52 2023
# [ok]
