#                                                                            --- full sequence --- -------------- this domain -------------   hmm coord   ali coord   env coord
# target name        accession   tlen query name           accession   qlen   E-value  score  bias   #  of  c-Evalue  i-Evalue  score  bias  from    to  from    to  from    to  acc description of target
#------------------- ---------- ----- -------------------- ---------- ----- --------- ------ ----- --- --- --------- --------- ------ ----- ----- ----- ----- ----- ----- ----- ---- ---------------------
d1ohwa_c.67.1.4      -            461 d1zoda_c.67.1.4.aln  -            401  3.2e-177  584.6   0.0   1   1  4.6e-179  3.6e-177  584.4   0.0     1   401    14   449    14   449 1.00 -
d3piua_c.67.1.4      -            416 d1zoda_c.67.1.4.aln  -            401  1.8e-132  437.2   0.0   1   1  2.5e-134    2e-132  437.1   0.0     1   401     5   413     5   413 1.00 -
d2bwna1c.67.1.4      -            396 d1zoda_c.67.1.4.aln  -            401  1.2e-123  408.1   0.0   1   1  1.7e-125  1.4e-123  408.0   0.0     2   379     8   396     7   396 1.00 -
d2dkja_c.67.1.4      -            402 d1zoda_c.67.1.4.aln  -            401  2.3e-117  387.5   0.0   1   1  3.2e-119  2.5e-117  387.3   0.0     2   394    10   402     9   402 1.00 -
d1bs0a_c.67.1.4      -            383 d1zoda_c.67.1.4.aln  -            401  8.1e-117  385.7   0.0   1   1  1.1e-118    9e-117  385.5   0.0     2   379     1   383     1   383 0.99 -
d1vefa1c.67.1.4      -            387 d1zoda_c.67.1.4.aln  -            401  9.1e-116  382.2   0.0   1   1  1.3e-117    1e-115  382.0   0.0     4   401     1   377     1   377 0.99 -
d2fnua_c.67.1.4      -            373 d1zoda_c.67.1.4.aln  -            401  5.6e-113  373.0   2.1   1   1    8e-115  6.3e-113  372.9   2.1     1   401     1   373     1   373 1.00 -
d1o69a_c.67.1.4      -            374 d1zoda_c.67.1.4.aln  -            401  1.2e-109  362.0   0.4   1   1  1.8e-111  1.4e-109  361.8   0.4     1   401     1   374     1   374 1.00 -
d1w23a_c.67.1.4      -            360 d1zoda_c.67.1.4.aln  -            401  7.3e-105  346.3   0.5   1   1    1e-106  8.1e-105  346.2   0.5     7   379     1   359     1   360 1.00 -
d1zoda_c.67.1.4      -            431 d1zoda_c.67.1.4.aln  -            401     0.012    9.7   0.0   1   1   0.00031     0.025    8.7   0.0    26   129    27   125    21   130 0.80 -
#
# Program:         hmmsearch
# Version:         3.1b2 (February 2015)
# Pipeline mode:   SEARCH
# Query file:      hmmModels30/d1zoda_c.67.1.4.hmm
# Target file:     scop/scopTestSeq.fasta
# Option settings: hmmsearch --domtblout hmmModels30/d1zoda_c.67.1.4.out -E 1 hmmModels30/d1zoda_c.67.1.4.hmm scop/scopTestSeq.fasta 
# Current dir:     /home/anastasia/SBAS/TME8
# Date:            Sat Apr  8 15:33:52 2023
# [ok]
