#                                                                            --- full sequence --- -------------- this domain -------------   hmm coord   ali coord   env coord
# target name        accession   tlen query name           accession   qlen   E-value  score  bias   #  of  c-Evalue  i-Evalue  score  bias  from    to  from    to  from    to  acc description of target
#------------------- ---------- ----- -------------------- ---------- ----- --------- ------ ----- --- --- --------- --------- ------ ----- ----- ----- ----- ----- ----- ----- ---- ---------------------
d1lj8a4c.2.1.6       -            286 d2ahra2c.2.1.6.aln   -            184   2.2e-90  296.8   0.0   1   1   6.3e-92   2.6e-90  296.6   0.0     1   184    56   255    56   255 1.00 -
d1jaya_c.2.1.6       -            212 d2ahra2c.2.1.6.aln   -            184   4.7e-49  162.1   0.2   1   1   1.4e-50   5.8e-49  161.8   0.2     2   183     3   184     2   185 0.98 -
d1f0ya2c.2.1.6       -            192 d2ahra2c.2.1.6.aln   -            184   5.2e-41  135.9   1.1   1   1   1.4e-42   5.8e-41  135.7   1.1     1   184     5   192     5   192 0.99 -
d1mv8a2c.2.1.6       -            202 d2ahra2c.2.1.6.aln   -            184   6.1e-41  135.7   0.0   1   1   1.6e-42   6.8e-41  135.5   0.0     1   184     1   197     1   197 0.99 -
d1bg6a2c.2.1.6       -            184 d2ahra2c.2.1.6.aln   -            184   7.3e-40  132.2   0.1   1   1   1.9e-41   7.9e-40  132.1   0.1     2   180     3   175     2   179 0.98 -
d1evya2c.2.1.6       -            189 d2ahra2c.2.1.6.aln   -            184   8.1e-40  132.0   0.0   1   1   2.2e-41   8.9e-40  131.9   0.0     2   181     9   188     8   189 0.99 -
d1dlja2c.2.1.6       -            196 d2ahra2c.2.1.6.aln   -            184   3.7e-38  126.6   0.0   1   1   9.8e-40   4.1e-38  126.5   0.0     1   184     1   191     1   191 0.99 -
d1txga2c.2.1.6       -            180 d2ahra2c.2.1.6.aln   -            184   5.7e-37  122.7   0.0   1   1   1.5e-38   6.3e-37  122.6   0.0     1   179     1   178     1   180 0.98 -
d2f1ka2c.2.1.6       -            165 d2ahra2c.2.1.6.aln   -            184   2.7e-33  110.8   0.0   1   1   7.1e-35     3e-33  110.6   0.0     1   180     1   165     1   165 0.98 -
d1ks9a2c.2.1.6       -            167 d2ahra2c.2.1.6.aln   -            184   1.1e-30  102.3   0.0   1   1   2.9e-32   1.2e-30  102.1   0.0     1   181     1   167     1   167 0.99 -
d1vpda2c.2.1.6       -            161 d2ahra2c.2.1.6.aln   -            184   2.9e-28   94.4   0.3   1   1   7.6e-30   3.2e-28   94.2   0.3     1   180     1   160     1   161 0.98 -
d2pv7a2c.2.1.6       -            152 d2ahra2c.2.1.6.aln   -            184     9e-26   86.2   0.0   1   1   2.9e-27   1.2e-25   85.9   0.0     7   180     1   152     1   152 0.98 -
d1i36a2c.2.1.6       -            152 d2ahra2c.2.1.6.aln   -            184     4e-24   80.9   0.3   1   1   1.1e-25   4.5e-24   80.7   0.3     1   175     1   147     1   152 0.97 -
d1yqga2c.2.1.6       -            152 d2ahra2c.2.1.6.aln   -            184   2.8e-21   71.6   0.1   1   1     1e-22   4.2e-21   71.0   0.1     1   180     1   152     1   152 0.98 -
d2i76a2c.2.1.6       -            153 d2ahra2c.2.1.6.aln   -            184   6.5e-20   67.1   0.0   1   1   1.7e-21   7.2e-20   67.0   0.0     3   180     2   152     1   153 0.97 -
d2ahra2c.2.1.6       -            152 d2ahra2c.2.1.6.aln   -            184     6e-05   18.4   0.0   1   1   2.8e-06   0.00012   17.4   0.0     1    82     1    71     1    78 0.74 -
d1gpja2c.2.1.7       -            159 d2ahra2c.2.1.6.aln   -            184   0.00012   17.4   0.1   1   1   3.9e-06   0.00016   17.0   0.1     2    56    26    77    25   111 0.78 -
d1c1da1c.2.1.7       -            201 d2ahra2c.2.1.6.aln   -            184    0.0028   12.9   1.1   1   3    0.0003     0.012   10.8   0.1     2    50    29    75    28    86 0.89 -
d1c1da1c.2.1.7       -            201 d2ahra2c.2.1.6.aln   -            184    0.0028   12.9   1.1   2   3       1.6        66   -1.3   0.0    26    66    95   126    91   133 0.66 -
d1c1da1c.2.1.7       -            201 d2ahra2c.2.1.6.aln   -            184    0.0028   12.9   1.1   3   3         1        43   -0.7   0.0    22    38   148   164   142   181 0.81 -
d1kola2c.2.1.1       -            195 d2ahra2c.2.1.6.aln   -            184    0.0035   12.6   0.0   1   1   0.00011    0.0048   12.2   0.0     3    51    29    76    27    98 0.85 -
#
# Program:         hmmsearch
# Version:         3.1b2 (February 2015)
# Pipeline mode:   SEARCH
# Query file:      hmmModels30/d2ahra2c.2.1.6.hmm
# Target file:     scop/scopTestSeq.fasta
# Option settings: hmmsearch --domtblout hmmModels30/d2ahra2c.2.1.6.out -E 1 hmmModels30/d2ahra2c.2.1.6.hmm scop/scopTestSeq.fasta 
# Current dir:     /home/anastasia/SBAS/TME8
# Date:            Sat Apr  8 15:33:53 2023
# [ok]
