#                                                                            --- full sequence --- -------------- this domain -------------   hmm coord   ali coord   env coord
# target name        accession   tlen query name           accession   qlen   E-value  score  bias   #  of  c-Evalue  i-Evalue  score  bias  from    to  from    to  from    to  acc description of target
#------------------- ---------- ----- -------------------- ---------- ----- --------- ------ ----- --- --- --------- --------- ------ ----- ----- ----- ----- ----- ----- ----- ---- ---------------------
d2arza1b.45.1.1      -            238 d2asfa1b.45.1.1.aln  -            160   1.2e-77  254.7   0.0   1   1   2.8e-79   1.5e-77  254.4   0.0     2   160     1   162     1   162 0.99 -
d2vpaa_b.45.1.1      -            215 d2asfa1b.45.1.1.aln  -            160   3.1e-62  204.6   0.0   1   1     7e-64   3.7e-62  204.3   0.0     1   160    39   215    39   215 0.99 -
d2fura1b.45.1.1      -            193 d2asfa1b.45.1.1.aln  -            160   3.6e-51  168.6   0.0   1   1   7.6e-53     4e-51  168.5   0.0     2   160     2   182     1   182 0.99 -
d1rfea_b.45.1.1      -            160 d2asfa1b.45.1.1.aln  -            160   9.9e-35  115.2   0.0   1   1   2.1e-36   1.1e-34  115.0   0.0     3   156     8   159     6   160 0.98 -
d1xhna1b.45.1.1      -            170 d2asfa1b.45.1.1.aln  -            160   4.4e-33  109.8   0.0   1   1   9.2e-35   4.8e-33  109.7   0.0     2   159     4   169     3   170 0.98 -
d2i02a1b.45.1.1      -            143 d2asfa1b.45.1.1.aln  -            160     6e-31  102.9   0.0   1   1   1.2e-32   6.5e-31  102.8   0.0     2   147     3   142     2   143 0.98 -
d2fg9a1b.45.1.1      -            157 d2asfa1b.45.1.1.aln  -            160   6.4e-31  102.8   0.0   1   1   1.3e-32   6.9e-31  102.7   0.0     3   153     6   154     4   157 0.96 -
d2htia1b.45.1.1      -            156 d2asfa1b.45.1.1.aln  -            160   3.6e-30  100.4   0.0   1   1   7.4e-32   3.9e-30  100.2   0.0     3   159     2   155     1   156 0.98 -
d2fhqa1b.45.1.1      -            135 d2asfa1b.45.1.1.aln  -            160   3.7e-29   97.1   0.0   1   1   7.5e-31     4e-29   97.0   0.0     4   144     3   134     1   135 0.97 -
d1w9aa_b.45.1.1      -            142 d2asfa1b.45.1.1.aln  -            160   7.2e-28   92.9   0.0   1   1   1.5e-29   7.8e-28   92.8   0.0     6   147     2   140     1   142 0.96 -
d2hq7a1b.45.1.1      -            141 d2asfa1b.45.1.1.aln  -            160   1.1e-27   92.2   0.0   1   1   2.3e-29   1.2e-27   92.1   0.0     5   146     5   139     1   141 0.96 -
d2hq9a1b.45.1.1      -            148 d2asfa1b.45.1.1.aln  -            160   4.9e-27   90.1   0.0   1   1     1e-28   5.4e-27   90.0   0.0     3   155     5   148     3   148 0.97 -
d1vl7a_b.45.1.1      -            135 d2asfa1b.45.1.1.aln  -            160   1.1e-25   85.8   0.0   1   1   2.2e-27   1.1e-25   85.7   0.0    11   142     3   129     1   135 0.96 -
d3a6ra_b.45.1.1      -            122 d2asfa1b.45.1.1.aln  -            160   4.4e-10   35.0   0.0   1   1     2e-11     1e-09   33.8   0.0     8   100     5    94     1   122 0.90 -
d2asfa1b.45.1.1      -            125 d2asfa1b.45.1.1.aln  -            160   0.00092   14.5   0.0   1   1   1.9e-05   0.00099   14.4   0.0     8    57     3    52     1    89 0.91 -
#
# Program:         hmmsearch
# Version:         3.1b2 (February 2015)
# Pipeline mode:   SEARCH
# Query file:      hmmModels30/d2asfa1b.45.1.1.hmm
# Target file:     scop/scopTestSeq.fasta
# Option settings: hmmsearch --domtblout hmmModels30/d2asfa1b.45.1.1.out -E 1 hmmModels30/d2asfa1b.45.1.1.hmm scop/scopTestSeq.fasta 
# Current dir:     /home/anastasia/SBAS/TME8
# Date:            Sat Apr  8 15:33:53 2023
# [ok]
