#                                                                            --- full sequence --- -------------- this domain -------------   hmm coord   ali coord   env coord
# target name        accession   tlen query name           accession   qlen   E-value  score  bias   #  of  c-Evalue  i-Evalue  score  bias  from    to  from    to  from    to  acc description of target
#------------------- ---------- ----- -------------------- ---------- ----- --------- ------ ----- --- --- --------- --------- ------ ----- ----- ----- ----- ----- ----- ----- ---- ---------------------
d1d7qa_b.40.4.5      -            143 d2asba1b.40.4.5.aln  -             90   2.9e-28   93.2   0.3   1   1   1.9e-29   4.3e-28   92.6   0.3     1    90    11   104    11   104 0.99 -
d2vnud3b.40.4.5      -            148 d2asba1b.40.4.5.aln  -             90   9.8e-26   85.1   0.0   1   1   7.4e-27   1.7e-25   84.3   0.0     2    90    16   111    15   111 0.98 -
d2nn6i1b.40.4.5      -            125 d2asba1b.40.4.5.aln  -             90   1.2e-22   75.2   0.1   1   1   6.2e-24   1.4e-22   75.0   0.1     1    90     1    96     1    96 0.98 -
d1wi5a_b.40.4.5      -            119 d2asba1b.40.4.5.aln  -             90   5.8e-22   73.0   0.0   1   1   3.1e-23   7.1e-22   72.8   0.0     3    89    17   101    15   102 0.95 -
d3bzka4b.40.4.5      -             94 d2asba1b.40.4.5.aln  -             90   6.7e-17   56.9   0.7   1   1   3.2e-18   7.4e-17   56.7   0.7     3    78    14    85    12    92 0.93 -
d1jt8a_b.40.4.5      -            102 d2asba1b.40.4.5.aln  -             90   6.4e-16   53.7   0.2   1   1     3e-17   6.9e-16   53.6   0.2     5    88     4    91     1    93 0.96 -
d1go3e1b.40.4.5      -            106 d2asba1b.40.4.5.aln  -             90   3.8e-15   51.3   0.4   1   1     2e-16   4.6e-15   51.0   0.4     5    89     1    91     1    92 0.98 -
d2uubq1b.40.4.5      -            100 d2asba1b.40.4.5.aln  -             90   1.1e-12   43.5   2.0   1   1   5.8e-14   1.3e-12   43.1   2.0     8    88     2    82     1    84 0.97 -
d1luza_b.40.4.5      -             85 d2asba1b.40.4.5.aln  -             90   1.2e-12   43.3   0.4   1   1   5.3e-14   1.2e-12   43.3   0.4     3    86     4    84     2    85 0.95 -
d1kl9a2b.40.4.5      -             86 d2asba1b.40.4.5.aln  -             90   6.6e-12   40.9   1.3   1   1   3.1e-13   7.2e-12   40.8   1.3     2    81     8    85     7    86 0.97 -
d1y14b1b.40.4.5      -             91 d2asba1b.40.4.5.aln  -             90   1.4e-11   39.9   0.0   1   1   6.4e-13   1.5e-11   39.8   0.0     5    88     1    83     1    85 0.94 -
d2ja9a1b.40.4.5      -             90 d2asba1b.40.4.5.aln  -             90   1.5e-11   39.8   0.0   1   1   6.8e-13   1.6e-11   39.7   0.0     2    88     2    84     1    86 0.96 -
d2je6i1b.40.4.5      -             87 d2asba1b.40.4.5.aln  -             90   1.8e-11   39.5   0.8   1   1   8.5e-13     2e-11   39.4   0.8     1    88     1    87     1    87 0.96 -
d2nn6h1b.40.4.5      -             95 d2asba1b.40.4.5.aln  -             90   9.4e-11   37.2   0.0   1   1   4.8e-12   1.1e-10   37.0   0.0     2    84     3    91     2    94 0.96 -
d1smxa_b.40.4.5      -             87 d2asba1b.40.4.5.aln  -             90   4.7e-10   35.0   0.0   1   1   2.3e-11   5.2e-10   34.9   0.0     9    87     4    87     2    87 0.95 -
d2uubl1b.40.4.5      -            118 d2asba1b.40.4.5.aln  -             90   5.6e-10   34.8   1.1   1   1   2.8e-11   6.6e-10   34.5   1.1     2    87    12   104    11   107 0.95 -
d2vnud1b.40.4.5      -             95 d2asba1b.40.4.5.aln  -             90   5.6e-10   34.8   0.0   1   1   2.7e-11   6.2e-10   34.6   0.0     2    87    12    94    11    95 0.95 -
d1e3pa2b.40.4.5      -             62 d2asba1b.40.4.5.aln  -             90   1.1e-08   30.6   0.2   1   1   5.2e-10   1.2e-08   30.5   0.2    13    73     1    61     1    62 0.95 -
d2ix0a3b.40.4.5      -             87 d2asba1b.40.4.5.aln  -             90   1.1e-07   27.5   0.1   1   1   5.1e-09   1.2e-07   27.3   0.1    12    87     8    85     2    87 0.94 -
d1x6oa2b.40.4.5      -             79 d2asba1b.40.4.5.aln  -             90   7.7e-07   24.7   0.0   1   1   3.3e-08   7.7e-07   24.7   0.0     6    76     4    72     1    79 0.91 -
d1wfqa_b.40.4.5      -             89 d2asba1b.40.4.5.aln  -             90   1.4e-06   23.9   0.0   1   1   6.2e-08   1.4e-06   23.9   0.0     8    88     7    88     1    89 0.93 -
d2vnud2b.40.4.5      -             88 d2asba1b.40.4.5.aln  -             90   1.6e-06   23.7   0.4   1   1   7.2e-08   1.7e-06   23.7   0.4     9    84    11    86     3    88 0.93 -
d1hh2p1b.40.4.5      -             72 d2asba1b.40.4.5.aln  -             90   1.7e-06   23.6   0.4   1   1   1.2e-07   2.7e-06   23.0   0.4     6    79     7    69     3    72 0.90 -
d1jjga_b.40.4.5      -            102 d2asba1b.40.4.5.aln  -             90   2.7e-06   23.0   0.4   1   1   1.4e-07   3.2e-06   22.8   0.4     1    87     8   101     8   102 0.97 -
d2ix0a2b.40.4.5      -             79 d2asba1b.40.4.5.aln  -             90   5.2e-06   22.1   0.0   1   1   2.5e-07   5.8e-06   21.9   0.0    15    80    13    75     2    78 0.92 -
d2ix0a1b.40.4.5      -             90 d2asba1b.40.4.5.aln  -             90   6.4e-06   21.8   0.0   1   1   3.2e-07   7.4e-06   21.6   0.0     5    89     5    87     2    88 0.94 -
d3i4oa_b.40.4.5      -             68 d2asba1b.40.4.5.aln  -             90     2e-05   20.2   0.1   1   1   9.1e-07   2.1e-05   20.2   0.1     9    80     4    67     1    68 0.93 -
d1a62a2b.40.4.5      -             78 d2asba1b.40.4.5.aln  -             90   4.9e-05   19.0   0.0   1   1   2.4e-06   5.6e-05   18.8   0.0    10    83     3    71     1    76 0.94 -
d1khia2b.40.4.5      -             71 d2asba1b.40.4.5.aln  -             90   6.3e-05   18.6   0.1   1   1   2.8e-06   6.5e-05   18.6   0.1     3    71     2    68     1    71 0.92 -
d1u0la1b.40.4.5      -             66 d2asba1b.40.4.5.aln  -             90   6.8e-05   18.5   0.2   1   1   2.9e-06   6.8e-05   18.5   0.2    13    69     3    54     1    66 0.88 -
d1t9ha1b.40.4.5      -             67 d2asba1b.40.4.5.aln  -             90     7e-05   18.5   0.1   1   1   3.1e-06   7.2e-05   18.5   0.1    11    77     2    63     1    67 0.90 -
d1bkba2b.40.4.5      -             65 d2asba1b.40.4.5.aln  -             90   0.00025   16.7   0.2   1   1   1.1e-05   0.00026   16.7   0.2    10    77     2    64     1    65 0.90 -
d1c9oa_b.40.4.5      -             66 d2asba1b.40.4.5.aln  -             90   0.00085   15.0   0.1   1   1   3.9e-05    0.0009   14.9   0.1     9    77     2    62     1    66 0.91 -
d1ne3a_b.40.4.5      -             68 d2asba1b.40.4.5.aln  -             90    0.0015   14.2   0.0   1   1   6.6e-05    0.0015   14.2   0.0    12    69     6    60     1    68 0.85 -
#
# Program:         hmmsearch
# Version:         3.1b2 (February 2015)
# Pipeline mode:   SEARCH
# Query file:      hmmModels30/d2asba1b.40.4.5.hmm
# Target file:     scop/scopTestSeq.fasta
# Option settings: hmmsearch --domtblout hmmModels30/d2asba1b.40.4.5.out -E 1 hmmModels30/d2asba1b.40.4.5.hmm scop/scopTestSeq.fasta 
# Current dir:     /home/anastasia/SBAS/TME8
# Date:            Sat Apr  8 15:33:53 2023
# [ok]
