#                                                                            --- full sequence --- -------------- this domain -------------   hmm coord   ali coord   env coord
# target name        accession   tlen query name           accession   qlen   E-value  score  bias   #  of  c-Evalue  i-Evalue  score  bias  from    to  from    to  from    to  acc description of target
#------------------- ---------- ----- -------------------- ---------- ----- --------- ------ ----- --- --- --------- --------- ------ ----- ----- ----- ----- ----- ----- ----- ---- ---------------------
d1p0ha_d.108.1.1     -            308 d2atra1d.108.1.1.aln -            245  1.9e-104  344.0   0.1   1   2  7.8e-105  1.5e-103  341.1   0.0    33   245     1   230     1   230 1.00 -
d1p0ha_d.108.1.1     -            308 d2atra1d.108.1.1.aln -            245  1.9e-104  344.0   0.1   2   2      0.72        14    0.6   0.0   159   183   277   297   231   306 0.48 -
d2p0wa_d.108.1.1     -            319 d2atra1d.108.1.1.aln -            245   2.3e-82  271.7   0.0   1   1   1.6e-83     3e-82  271.3   0.0     1   215    83   319    83   319 0.99 -
d1boba_d.108.1.1     -            315 d2atra1d.108.1.1.aln -            245   2.6e-78  258.4   0.2   1   1   1.7e-79   3.3e-78  258.1   0.2     1   215    80   315    77   315 0.99 -
d2pq8a_d.108.1.1     -            271 d2atra1d.108.1.1.aln -            245   8.2e-74  243.7   0.0   1   1   4.9e-75   9.1e-74  243.5   0.0     1   245     1   271     1   271 0.99 -
d1tiqa_d.108.1.1     -            173 d2atra1d.108.1.1.aln -            245   7.7e-22   73.5   0.3   1   1   4.6e-23   8.7e-22   73.3   0.3    62   209    30   172     2   173 0.88 -
d1yk3a1d.108.1.1     -            198 d2atra1d.108.1.1.aln -            245   1.1e-21   72.9   0.0   1   1   6.5e-23   1.2e-21   72.8   0.0    16   202     5   195     1   198 0.95 -
d1z4ea1d.108.1.1     -            150 d2atra1d.108.1.1.aln -            245   3.2e-21   71.4   0.1   1   1     2e-22   3.7e-21   71.2   0.1    42   189     5   145     1   148 0.94 -
d1u6ma_d.108.1.1     -            189 d2atra1d.108.1.1.aln -            245   5.2e-21   70.8   0.0   1   1     3e-22   5.7e-21   70.6   0.0    22   202     3   187     1   189 0.96 -
d1i12a_d.108.1.1     -            157 d2atra1d.108.1.1.aln -            245   7.7e-18   60.4   0.0   1   1   4.4e-19   8.2e-18   60.3   0.0    35   191     3   154     1   157 0.93 -
d1mk4a_d.108.1.1     -            157 d2atra1d.108.1.1.aln -            245   2.1e-17   58.9   0.0   1   1   1.2e-18   2.3e-17   58.8   0.0    57   201     8   143     2   157 0.92 -
d2cy2a1d.108.1.1     -            174 d2atra1d.108.1.1.aln -            245   1.2e-15   53.2   0.0   1   1   7.3e-17   1.4e-15   53.0   0.0    46   203    12   165     6   174 0.91 -
d2gana1d.108.1.1     -            182 d2atra1d.108.1.1.aln -            245   1.9e-15   52.5   0.0   1   1     1e-16     2e-15   52.5   0.0    48   202    24   181     1   182 0.84 -
d1y9ka1d.108.1.1     -            152 d2atra1d.108.1.1.aln -            245   8.8e-15   50.4   0.0   1   1   5.5e-16     1e-14   50.1   0.0    82   198    17   141     4   151 0.83 -
d1ufha_d.108.1.1     -            155 d2atra1d.108.1.1.aln -            245   4.4e-14   48.1   0.3   1   1   2.6e-15   4.9e-14   47.9   0.3    41   191     7   152     2   155 0.85 -
d2euia1d.108.1.1     -            153 d2atra1d.108.1.1.aln -            245   4.8e-14   47.9   0.0   1   1     3e-15   5.7e-14   47.7   0.0    73   191    29   143     2   148 0.77 -
d1wwza1d.108.1.1     -            157 d2atra1d.108.1.1.aln -            245   9.2e-14   47.0   0.0   1   1   5.4e-15     1e-13   46.9   0.0    45   192     8   150     2   157 0.91 -
d1vkca_d.108.1.1     -            149 d2atra1d.108.1.1.aln -            245   4.1e-13   44.9   0.1   1   1   2.4e-14   4.5e-13   44.8   0.1    73   191    34   146    15   149 0.87 -
d2fl4a1d.108.1.1     -            146 d2atra1d.108.1.1.aln -            245   4.3e-13   44.8   0.2   1   1   2.6e-14   4.8e-13   44.7   0.2    58   195     9   139     2   146 0.78 -
d2b5ga_d.108.1.1     -            168 d2atra1d.108.1.1.aln -            245     6e-13   44.4   0.0   1   1   3.8e-14   7.1e-13   44.1   0.0    78   201    37   162    20   167 0.91 -
d2ae6a1d.108.1.1     -            161 d2atra1d.108.1.1.aln -            245   7.3e-13   44.1   0.1   1   1   4.1e-14   7.7e-13   44.0   0.1    90   201    50   153    10   160 0.88 -
d1y9wa1d.108.1.1     -            140 d2atra1d.108.1.1.aln -            245   5.8e-12   41.1   0.0   1   1   3.1e-13   5.8e-12   41.1   0.0   123   204    62   139     7   140 0.89 -
d1m4ia_d.108.1.1     -            181 d2atra1d.108.1.1.aln -            245   9.5e-12   40.4   0.0   1   1   5.5e-13     1e-11   40.3   0.0    42   217     2   181     1   181 0.96 -
d1qsma_d.108.1.1     -            150 d2atra1d.108.1.1.aln -            245   1.8e-11   39.5   0.0   1   1   1.2e-12   2.3e-11   39.2   0.0    64   192    14   147     4   150 0.72 -
d2jdca1d.108.1.1     -            145 d2atra1d.108.1.1.aln -            245   2.7e-11   39.0   0.0   1   1   1.5e-12   2.8e-11   38.9   0.0    60   189    10   128     2   144 0.83 -
d1yx0a1d.108.1.1     -            151 d2atra1d.108.1.1.aln -            245   9.2e-11   37.2   0.0   1   1   5.8e-12   1.1e-10   37.0   0.0    53   186     9   132     2   150 0.89 -
d1bo4a_d.108.1.1     -            137 d2atra1d.108.1.1.aln -            245   1.1e-10   37.0   0.0   1   1   6.5e-12   1.2e-10   36.8   0.0    47   182     9   137     2   137 0.84 -
d1ghea_d.108.1.1     -            170 d2atra1d.108.1.1.aln -            245   1.8e-10   36.2   0.0   1   1   1.1e-11     2e-10   36.1   0.0    69   189    35   149     4   167 0.85 -
d2g3aa1d.108.1.1     -            137 d2atra1d.108.1.1.aln -            245   7.2e-10   34.3   0.0   1   1   4.7e-11   8.8e-10   34.0   0.0   126   204    62   136    54   137 0.91 -
d1cjwa_d.108.1.1     -            166 d2atra1d.108.1.1.aln -            245   8.1e-10   34.1   0.0   1   1   4.6e-11   8.6e-10   34.0   0.0   116   196    81   157    49   166 0.88 -
d2fiwa1d.108.1.1     -            156 d2atra1d.108.1.1.aln -            245     9e-10   34.0   0.0   1   1     5e-11   9.5e-10   33.9   0.0    52   190    12   139     1   155 0.84 -
d1q2ya_d.108.1.1     -            140 d2atra1d.108.1.1.aln -            245     9e-10   34.0   0.0   1   1   5.9e-11   1.1e-09   33.7   0.0    54   194     6   130     1   140 0.87 -
d2fcka1d.108.1.1     -            178 d2atra1d.108.1.1.aln -            245   1.9e-09   32.9   0.1   1   1   1.3e-10   2.4e-09   32.6   0.1    38   193     6   162     2   172 0.91 -
d1z4ra1d.108.1.1     -            162 d2atra1d.108.1.1.aln -            245   3.1e-09   32.2   0.0   1   1   1.9e-10   3.6e-09   32.0   0.0    60   209    22   157     4   161 0.87 -
d2fiaa1d.108.1.1     -            157 d2atra1d.108.1.1.aln -            245   6.3e-09   31.2   0.0   1   1   3.5e-10   6.6e-09   31.1   0.0   112   196    63   145    20   156 0.88 -
d1y7ra1d.108.1.1     -            133 d2atra1d.108.1.1.aln -            245   1.1e-08   30.4   0.0   1   1   5.9e-10   1.1e-08   30.4   0.0    72   187    21   123     3   133 0.83 -
d1xeba_d.108.1.1     -            149 d2atra1d.108.1.1.aln -            245   3.5e-08   28.8   0.1   1   1     2e-09   3.8e-08   28.6   0.1    51   193     8   139     1   144 0.77 -
d1n71a_d.108.1.1     -            180 d2atra1d.108.1.1.aln -            245     4e-08   28.6   0.0   1   1   2.3e-09   4.2e-08   28.5   0.0    50   198    15   167     1   178 0.85 -
d1nsla_d.108.1.1     -            180 d2atra1d.108.1.1.aln -            245   6.5e-08   27.9   0.0   1   1   3.8e-09   7.1e-08   27.7   0.0    46   192    13   158     2   178 0.86 -
d2atra1d.108.1.1     -            137 d2atra1d.108.1.1.aln -            245   8.1e-08   27.6   0.0   1   1   4.4e-09   8.3e-08   27.5   0.0   111   186    53   123    10   137 0.78 -
d1r57a_d.108.1.1     -            102 d2atra1d.108.1.1.aln -            245   8.9e-08   27.4   0.0   1   1   4.8e-09   8.9e-08   27.4   0.0   118   190    29   102     4   102 0.84 -
d2aj6a1d.108.1.1     -            118 d2atra1d.108.1.1.aln -            245   1.2e-07   27.0   0.0   1   1   7.3e-09   1.4e-07   26.8   0.0    44   161     6   115     1   117 0.90 -
d1xmta_d.108.1.1     -             95 d2atra1d.108.1.1.aln -            245   0.00015   16.8   0.0   1   1   8.5e-06   0.00016   16.8   0.0   111   166    19    74     3    88 0.85 -
#
# Program:         hmmsearch
# Version:         3.1b2 (February 2015)
# Pipeline mode:   SEARCH
# Query file:      hmmModels30/d2atra1d.108.1.1.hmm
# Target file:     scop/scopTestSeq.fasta
# Option settings: hmmsearch --domtblout hmmModels30/d2atra1d.108.1.1.out -E 1 hmmModels30/d2atra1d.108.1.1.hmm scop/scopTestSeq.fasta 
# Current dir:     /home/anastasia/SBAS/TME8
# Date:            Sat Apr  8 15:33:53 2023
# [ok]
