#                                                                            --- full sequence --- -------------- this domain -------------   hmm coord   ali coord   env coord
# target name        accession   tlen query name           accession   qlen   E-value  score  bias   #  of  c-Evalue  i-Evalue  score  bias  from    to  from    to  from    to  acc description of target
#------------------- ---------- ----- -------------------- ---------- ----- --------- ------ ----- --- --- --------- --------- ------ ----- ----- ----- ----- ----- ----- ----- ---- ---------------------
d1q33a_d.113.1.1     -            292 d2b0va1d.113.1.1.aln -            169   2.6e-86  283.1   0.1   1   1   6.7e-88   3.3e-86  282.7   0.1     1   169    79   276    79   276 1.00 -
d1g0sa_d.113.1.1     -            209 d2b0va1d.113.1.1.aln -            169   3.3e-51  168.8   0.3   1   1   7.9e-53   3.9e-51  168.6   0.3     1   169    26   208    26   208 0.99 -
d1nqza_d.113.1.1     -            187 d2b0va1d.113.1.1.aln -            169   2.9e-39  130.0   0.0   1   1   6.6e-41   3.3e-39  129.8   0.0     1   168    11   178    11   179 0.99 -
d1vhza_d.113.1.1     -            186 d2b0va1d.113.1.1.aln -            169     7e-39  128.7   0.0   1   1   1.6e-40   7.7e-39  128.6   0.0     2   162    13   184    12   186 0.98 -
d3o69a_d.113.1.1     -            190 d2b0va1d.113.1.1.aln -            169   1.4e-38  127.7   0.0   1   1   3.2e-40   1.6e-38  127.6   0.0     1   164    14   189    14   190 0.98 -
d1v8ya_d.113.1.1     -            158 d2b0va1d.113.1.1.aln -            169   1.4e-35  118.0   0.2   1   1   3.2e-37   1.6e-35  117.8   0.2    10   163     2   157     1   158 0.96 -
d3zr0a_d.113.1.1     -            154 d2b0va1d.113.1.1.aln -            169   6.8e-35  115.8   0.0   1   1   1.5e-36   7.5e-35  115.6   0.0    13   168     2   150     1   151 0.97 -
d1jkna_d.113.1.1     -            165 d2b0va1d.113.1.1.aln -            169   1.1e-34  115.1   0.0   1   1   2.4e-36   1.2e-34  114.9   0.0     2   167     2   163     1   165 0.98 -
d1sjya_d.113.1.1     -            158 d2b0va1d.113.1.1.aln -            169   1.1e-33  111.8   0.0   1   1   2.4e-35   1.2e-33  111.7   0.0    11   165     2   156     1   158 0.98 -
d2azwa1d.113.1.1     -            147 d2b0va1d.113.1.1.aln -            169   4.9e-32  106.5   0.5   1   1   1.1e-33   5.3e-32  106.3   0.5     8   158     2   147     1   147 0.98 -
d3a6sa_d.113.1.1     -            129 d2b0va1d.113.1.1.aln -            169   7.8e-31  102.5   0.7   1   1   1.7e-32   8.4e-31  102.4   0.7    12   152     3   127     1   129 0.96 -
d2b06a1d.113.1.1     -            155 d2b0va1d.113.1.1.aln -            169   2.9e-30  100.7   0.0   1   1   6.5e-32   3.2e-30  100.5   0.0     9   165     2   154     1   155 0.98 -
d1k2ea_d.113.1.1     -            152 d2b0va1d.113.1.1.aln -            169   2.3e-29   97.7   0.1   1   1   5.4e-31   2.7e-29   97.5   0.1    19   167     7   148     1   150 0.90 -
d1ktga_d.113.1.1     -            137 d2b0va1d.113.1.1.aln -            169   9.1e-29   95.8   0.1   1   1   2.1e-30     1e-28   95.6   0.1    17   157     8   134     2   137 0.92 -
d2fvva1d.113.1.1     -            135 d2b0va1d.113.1.1.aln -            169   2.7e-28   94.3   0.5   1   1   6.1e-30     3e-28   94.1   0.5     3   152     2   133     1   135 0.96 -
d2b0va1d.113.1.1     -            146 d2b0va1d.113.1.1.aln -            169   2.3e-09   32.6   0.0   1   2     1e-10     5e-09   31.6   0.0    47    93    24    70     4    79 0.80 -
d2b0va1d.113.1.1     -            146 d2b0va1d.113.1.1.aln -            169   2.3e-09   32.6   0.0   2   2       2.7   1.3e+02   -2.4   0.0     3    22   106   125   105   127 0.86 -
#
# Program:         hmmsearch
# Version:         3.1b2 (February 2015)
# Pipeline mode:   SEARCH
# Query file:      hmmModels30/d2b0va1d.113.1.1.hmm
# Target file:     scop/scopTestSeq.fasta
# Option settings: hmmsearch --domtblout hmmModels30/d2b0va1d.113.1.1.out -E 1 hmmModels30/d2b0va1d.113.1.1.hmm scop/scopTestSeq.fasta 
# Current dir:     /home/anastasia/SBAS/TME8
# Date:            Sat Apr  8 15:33:53 2023
# [ok]
