#                                                                            --- full sequence --- -------------- this domain -------------   hmm coord   ali coord   env coord
# target name        accession   tlen query name           accession   qlen   E-value  score  bias   #  of  c-Evalue  i-Evalue  score  bias  from    to  from    to  from    to  acc description of target
#------------------- ---------- ----- -------------------- ---------- ----- --------- ------ ----- --- --- --------- --------- ------ ----- ----- ----- ----- ----- ----- ----- ---- ---------------------
d2olua2e.3.1.1       -            400 d2bg1a1e.3.1.1.aln   -            349  1.1e-128  424.8  17.6   1   1  2.6e-130  1.2e-128  424.6  17.6     1   349     6   360     6   360 1.00 -
d1ci9a_e.3.1.1       -            377 d2bg1a1e.3.1.1.aln   -            349  8.4e-105  346.2   0.0   1   1    2e-106  9.4e-105  346.0   0.0     2   349     4   365     3   365 0.99 -
d2v2ff_e.3.1.1       -            384 d2bg1a1e.3.1.1.aln   -            349  3.3e-102  337.6  22.9   1   1    8e-104  3.7e-102  337.5  22.9     2   349     1   360     1   360 1.00 -
d2hdsa_e.3.1.1       -            358 d2bg1a1e.3.1.1.aln   -            349   1.6e-94  312.4   1.1   1   1   3.8e-96   1.7e-94  312.2   1.1     2   349     4   348     3   348 0.99 -
d2dcfa1e.3.1.1       -            388 d2bg1a1e.3.1.1.aln   -            349   5.3e-94  310.7   0.0   1   1   1.3e-95   5.9e-94  310.5   0.0     1   349     5   370     5   370 1.00 -
d2drwa1e.3.1.1       -            362 d2bg1a1e.3.1.1.aln   -            349   3.6e-92  304.6   0.0   1   1   8.6e-94     4e-92  304.5   0.0     2   348     2   349     1   350 0.99 -
d1yqsa_e.3.1.1       -            345 d2bg1a1e.3.1.1.aln   -            349     2e-88  292.3   5.8   1   1   4.9e-90   2.3e-88  292.1   5.8     3   337     4   344     2   345 0.99 -
d1ei5a3e.3.1.1       -            333 d2bg1a1e.3.1.1.aln   -            349   7.7e-83  274.0   0.0   1   1   1.8e-84   8.5e-83  273.8   0.0     2   336     3   332     2   333 0.99 -
d1qmea4e.3.1.1       -            357 d2bg1a1e.3.1.1.aln   -            349     4e-78  258.4   6.3   1   1   9.7e-80   4.5e-78  258.3   6.3     2   349     2   353     1   353 0.99 -
d1vqqa3e.3.1.1       -            341 d2bg1a1e.3.1.1.aln   -            349   5.5e-74  244.8  11.3   1   1   1.3e-75   6.2e-74  244.7  11.3     3   342     2   341     1   341 0.99 -
d1tvfa2e.3.1.1       -            301 d2bg1a1e.3.1.1.aln   -            349   1.3e-66  220.6  17.1   1   1   3.1e-68   1.4e-66  220.4  17.1     1   327     6   301     6   301 0.99 -
d1e25a_e.3.1.1       -            278 d2bg1a1e.3.1.1.aln   -            349   4.8e-56  185.8   0.1   1   1   1.1e-57   5.2e-56  185.7   0.1    19   326     4   275     1   278 0.98 -
d1xp4a2e.3.1.1       -            269 d2bg1a1e.3.1.1.aln   -            349   3.1e-50  166.7   5.8   1   1   7.5e-52   3.5e-50  166.6   5.8    25   327     2   269     1   269 0.99 -
d1es5a_e.3.1.1       -            260 d2bg1a1e.3.1.1.aln   -            349   1.5e-44  148.1  15.1   1   1   3.5e-46   1.6e-44  147.9  15.1    25   325     3   259     1   260 0.99 -
d2p74a_e.3.1.1       -            263 d2bg1a1e.3.1.1.aln   -            349   4.9e-43  143.0   2.4   1   1   1.2e-44   5.5e-43  142.9   2.4    16   319     2   260     1   263 0.98 -
d1xa1a_e.3.1.1       -            246 d2bg1a1e.3.1.1.aln   -            349   3.2e-42  140.4   7.3   1   1     1e-43   4.8e-42  139.8   7.3     8   319     1   246     1   246 0.99 -
d1alqa_e.3.1.1       -            263 d2bg1a1e.3.1.1.aln   -            349   2.2e-35  117.9   5.5   1   1   5.4e-37   2.5e-35  117.7   5.5    22   325     2   263     1   263 0.99 -
#
# Program:         hmmsearch
# Version:         3.1b2 (February 2015)
# Pipeline mode:   SEARCH
# Query file:      hmmModels30/d2bg1a1e.3.1.1.hmm
# Target file:     scop/scopTestSeq.fasta
# Option settings: hmmsearch --domtblout hmmModels30/d2bg1a1e.3.1.1.out -E 1 hmmModels30/d2bg1a1e.3.1.1.hmm scop/scopTestSeq.fasta 
# Current dir:     /home/anastasia/SBAS/TME8
# Date:            Sat Apr  8 15:33:53 2023
# [ok]
