#                                                                            --- full sequence --- -------------- this domain -------------   hmm coord   ali coord   env coord
# target name        accession   tlen query name           accession   qlen   E-value  score  bias   #  of  c-Evalue  i-Evalue  score  bias  from    to  from    to  from    to  acc description of target
#------------------- ---------- ----- -------------------- ---------- ----- --------- ------ ----- --- --- --------- --------- ------ ----- ----- ----- ----- ----- ----- ----- ---- ---------------------
d1bf2a2b.71.1.1      -            113 d2bhua2b.71.1.1.aln  -             87   9.7e-29   95.0   7.4   1   1   2.9e-30   1.1e-28   94.8   7.4     1    87     4    99     4    99 0.98 -
d1szna1b.71.1.1      -            103 d2bhua2b.71.1.1.aln  -             87     2e-24   81.2   0.1   1   1     6e-26   2.3e-24   81.0   0.1     1    87    13   102    13   102 0.98 -
d2fhfa4b.71.1.1      -            118 d2bhua2b.71.1.1.aln  -             87   1.6e-22   75.1   0.3   1   1   5.1e-24   1.9e-22   74.8   0.3     1    87    13   108    13   108 0.99 -
d1m7xa2b.71.1.1      -            106 d2bhua2b.71.1.1.aln  -             87   1.2e-21   72.3   0.0   1   1   3.5e-23   1.3e-21   72.2   0.0     1    86     4    98     4    99 0.97 -
d1uasa1b.71.1.1      -             89 d2bhua2b.71.1.1.aln  -             87   5.6e-19   63.7   1.3   1   1   1.8e-20   6.7e-19   63.5   1.3     7    83     8    88     5    89 0.96 -
d1h3ga2b.71.1.1      -             83 d2bhua2b.71.1.1.aln  -             87   1.2e-17   59.5   0.0   1   1   3.4e-19   1.3e-17   59.4   0.0     6    85     3    82     1    83 0.96 -
d3bmva3b.71.1.1      -             89 d2bhua2b.71.1.1.aln  -             87   8.3e-16   53.6   3.5   1   1   2.4e-17   9.1e-16   53.4   3.5     3    86     1    88     1    89 0.98 -
d1ea9c2b.71.1.1      -             80 d2bhua2b.71.1.1.aln  -             87   1.4e-15   52.9   0.0   1   1   3.8e-17   1.4e-15   52.8   0.0     2    85     1    78     1    80 0.96 -
d1e43a1b.71.1.1      -             90 d2bhua2b.71.1.1.aln  -             87     2e-15   52.4   0.7   1   1   5.6e-17   2.1e-15   52.3   0.7     2    84     3    89     2    90 0.98 -
d2guya1b.71.1.1      -             95 d2bhua2b.71.1.1.aln  -             87   3.9e-15   51.4   0.1   1   1   1.1e-16   4.2e-15   51.3   0.1     4    86     2    93     1    94 0.97 -
d1ji1a2b.71.1.1      -             83 d2bhua2b.71.1.1.aln  -             87   8.3e-15   50.4   2.8   1   1   2.3e-16   8.8e-15   50.3   2.8     3    85     2    80     1    82 0.96 -
d1wzaa1b.71.1.1      -             79 d2bhua2b.71.1.1.aln  -             87   2.2e-14   49.0   0.0   1   1   6.3e-16   2.3e-14   48.9   0.0     3    84     1    78     1    79 0.96 -
d1j0ha2b.71.1.1      -             83 d2bhua2b.71.1.1.aln  -             87   5.3e-13   44.6   0.0   1   1   1.5e-14   5.6e-13   44.5   0.0     3    87     3    83     1    83 0.95 -
d1g5aa1b.71.1.1      -             74 d2bhua2b.71.1.1.aln  -             87   3.1e-12   42.1   0.0   1   1   9.6e-14   3.6e-12   41.9   0.0     9    81     4    73     2    74 0.96 -
d1ua7a1b.71.1.1      -             78 d2bhua2b.71.1.1.aln  -             87   2.1e-11   39.5   0.2   1   1   5.7e-13   2.1e-11   39.4   0.2     8    83     5    76     1    78 0.93 -
d1mxga1b.71.1.1      -             74 d2bhua2b.71.1.1.aln  -             87   4.9e-10   35.1   1.1   1   1   1.4e-11   5.3e-10   35.0   1.1     3    82     2    73     1    74 0.96 -
d1gjwa1b.71.1.1      -             64 d2bhua2b.71.1.1.aln  -             87   1.3e-09   33.7   0.0   1   1   3.4e-11   1.3e-09   33.7   0.0     7    73     4    63     1    64 0.92 -
d1r7aa1b.71.1.1      -             70 d2bhua2b.71.1.1.aln  -             87   2.2e-08   29.8   0.1   1   1   6.2e-10   2.3e-08   29.7   0.1     1    75     2    69     2    70 0.95 -
d1ht6a1b.71.1.1      -             57 d2bhua2b.71.1.1.aln  -             87   4.3e-06   22.4   0.0   1   1   1.1e-07   4.3e-06   22.4   0.0     3    63     3    54     1    57 0.84 -
d1gcya1b.71.1.1      -             61 d2bhua2b.71.1.1.aln  -             87   6.4e-05   18.7   0.7   1   1   1.8e-06   6.9e-05   18.6   0.7     4    73     2    60     1    61 0.92 -
d1lwha1b.71.1.1      -             50 d2bhua2b.71.1.1.aln  -             87    0.0021   13.8   0.0   1   1   5.8e-05    0.0022   13.8   0.0     4    33     2    31     1    50 0.88 -
#
# Program:         hmmsearch
# Version:         3.1b2 (February 2015)
# Pipeline mode:   SEARCH
# Query file:      hmmModels30/d2bhua2b.71.1.1.hmm
# Target file:     scop/scopTestSeq.fasta
# Option settings: hmmsearch --domtblout hmmModels30/d2bhua2b.71.1.1.out -E 1 hmmModels30/d2bhua2b.71.1.1.hmm scop/scopTestSeq.fasta 
# Current dir:     /home/anastasia/SBAS/TME8
# Date:            Sat Apr  8 15:33:53 2023
# [ok]
