#                                                                            --- full sequence --- -------------- this domain -------------   hmm coord   ali coord   env coord
# target name        accession   tlen query name           accession   qlen   E-value  score  bias   #  of  c-Evalue  i-Evalue  score  bias  from    to  from    to  from    to  acc description of target
#------------------- ---------- ----- -------------------- ---------- ----- --------- ------ ----- --- --- --------- --------- ------ ----- ----- ----- ----- ----- ----- ----- ---- ---------------------
d1bf2a1b.1.18.2      -            162 d2bvya1b.1.18.2.aln  -            114   2.5e-58  190.6   8.8   1   1   7.7e-60   3.4e-58  190.2   8.8     1   114     9   122     9   122 0.99 -
d1j0ha1b.1.18.2      -            123 d2bvya1b.1.18.2.aln  -            114   1.2e-28   95.0   0.0   1   1   3.1e-30   1.3e-28   94.8   0.0     1   114     1   114     1   114 0.99 -
d1ji1a1b.1.18.2      -            122 d2bvya1b.1.18.2.aln  -            114     1e-27   92.0   3.1   1   1   2.6e-29   1.1e-27   91.8   3.1     1   114     7   120     7   120 0.99 -
d2fhfa2b.1.18.2      -            125 d2bvya1b.1.18.2.aln  -            114   1.4e-23   78.6   0.2   1   1   3.6e-25   1.6e-23   78.5   0.2     2   113    11   122    10   123 0.97 -
d2fhfa1b.1.18.2      -            115 d2bvya1b.1.18.2.aln  -            114   1.5e-22   75.4   4.0   1   1   3.6e-24   1.6e-22   75.2   4.0     3   113     4   114     2   115 0.97 -
d1m7xa1b.1.18.2      -            110 d2bvya1b.1.18.2.aln  -            114   1.3e-19   65.9   0.0   1   1   3.2e-21   1.4e-19   65.8   0.0     2   107     5   110     4   110 0.99 -
d1edqa1b.1.18.2      -            109 d2bvya1b.1.18.2.aln  -            114   2.2e-18   61.9   3.0   1   1   5.5e-20   2.4e-18   61.8   3.0     8   114     2   108     1   108 0.98 -
d1txka1b.1.18.2      -            115 d2bvya1b.1.18.2.aln  -            114   3.1e-17   58.2   0.7   1   1   7.7e-19   3.4e-17   58.1   0.7     1   110     6   115     6   115 0.98 -
d1ut9a2b.1.18.2      -             98 d2bvya1b.1.18.2.aln  -            114   1.4e-16   56.1   0.1   1   1   3.5e-18   1.5e-16   56.0   0.1    16   110     2    96     1    98 0.98 -
d1k3ia1b.1.18.2      -            102 d2bvya1b.1.18.2.aln  -            114   5.8e-15   50.9   1.5   1   1   1.4e-16     6e-15   50.8   1.5    13   107     4    98     1   102 0.95 -
d1h3ga1b.1.18.2      -             93 d2bvya1b.1.18.2.aln  -            114   1.9e-14   49.2   0.0   1   1   4.5e-16     2e-14   49.2   0.0    10   100     2    92     1    93 0.96 -
d1w8oa1b.1.18.2      -            103 d2bvya1b.1.18.2.aln  -            114   3.3e-14   48.4   0.7   1   1     8e-16   3.5e-14   48.4   0.7     6   103     3   100     1   103 0.96 -
d1qbaa1b.1.18.2      -            105 d2bvya1b.1.18.2.aln  -            114   4.3e-14   48.1   0.0   1   1     1e-15   4.5e-14   48.0   0.0     9   109     3   103     1   105 0.96 -
d2bhua1b.1.18.2      -             97 d2bvya1b.1.18.2.aln  -            114   7.8e-11   37.6   0.0   1   1   1.9e-12   8.2e-11   37.5   0.0    11   103     2    93     1    97 0.95 -
d1clca2b.1.18.2      -            100 d2bvya1b.1.18.2.aln  -            114     1e-10   37.2   0.2   1   1   2.5e-12   1.1e-10   37.1   0.2     4   105     3    99     1   100 0.96 -
d3bmva1b.1.18.2      -             83 d2bvya1b.1.18.2.aln  -            114   5.1e-10   35.0   1.4   1   1   1.2e-11   5.3e-10   34.9   1.4    15    93     2    80     1    83 0.96 -
d1f1sa2b.1.18.2      -             78 d2bvya1b.1.18.2.aln  -            114   1.2e-08   30.5   0.5   1   1     3e-10   1.3e-08   30.4   0.5    16    91     1    76     1    78 0.97 -
d1ulva2b.1.18.2      -             89 d2bvya1b.1.18.2.aln  -            114   2.6e-08   29.4   5.4   1   1   6.4e-10   2.8e-08   29.4   5.4    15   101     2    88     1    89 0.95 -
#
# Program:         hmmsearch
# Version:         3.1b2 (February 2015)
# Pipeline mode:   SEARCH
# Query file:      hmmModels30/d2bvya1b.1.18.2.hmm
# Target file:     scop/scopTestSeq.fasta
# Option settings: hmmsearch --domtblout hmmModels30/d2bvya1b.1.18.2.out -E 1 hmmModels30/d2bvya1b.1.18.2.hmm scop/scopTestSeq.fasta 
# Current dir:     /home/anastasia/SBAS/TME8
# Date:            Sat Apr  8 15:33:53 2023
# [ok]
