#                                                                            --- full sequence --- -------------- this domain -------------   hmm coord   ali coord   env coord
# target name        accession   tlen query name           accession   qlen   E-value  score  bias   #  of  c-Evalue  i-Evalue  score  bias  from    to  from    to  from    to  acc description of target
#------------------- ---------- ----- -------------------- ---------- ----- --------- ------ ----- --- --- --------- --------- ------ ----- ----- ----- ----- ----- ----- ----- ---- ---------------------
d1ohwa_c.67.1.4      -            461 d2bwna1c.67.1.4.aln  -            404  5.8e-183  603.7   0.0   1   1  8.2e-185  6.5e-183  603.6   0.0     1   404    15   458    15   458 1.00 -
d1zoda_c.67.1.4      -            431 d2bwna1c.67.1.4.aln  -            404  1.3e-149  494.0   0.0   1   1  1.8e-151  1.4e-149  493.8   0.0     2   404     4   427     3   427 0.99 -
d3piua_c.67.1.4      -            416 d2bwna1c.67.1.4.aln  -            404  9.5e-126  415.3   0.0   1   1  1.3e-127  1.1e-125  415.2   0.0     3   404     1   412     1   412 1.00 -
d1vefa1c.67.1.4      -            387 d2bwna1c.67.1.4.aln  -            404  7.7e-125  412.3   0.0   1   1  1.1e-126  8.6e-125  412.2   0.0     3   403     1   385     1   386 0.99 -
d2fnua_c.67.1.4      -            373 d2bwna1c.67.1.4.aln  -            404  2.9e-108  357.8   2.0   1   1    4e-110  3.2e-108  357.6   2.0     1   401     1   373     1   373 1.00 -
d2dkja_c.67.1.4      -            402 d2bwna1c.67.1.4.aln  -            404  5.3e-108  356.9   0.0   1   1  7.6e-110    6e-108  356.7   0.0     2   401     3   401     2   402 0.99 -
d1bs0a_c.67.1.4      -            383 d2bwna1c.67.1.4.aln  -            404  1.3e-107  355.6   0.0   1   1  1.9e-109  1.5e-107  355.4   0.0     2   403     1   382     1   383 0.99 -
d1o69a_c.67.1.4      -            374 d2bwna1c.67.1.4.aln  -            404  1.1e-103  342.7   0.3   1   1  1.6e-105  1.2e-103  342.5   0.3     2   398     2   374     1   374 0.99 -
d1w23a_c.67.1.4      -            360 d2bwna1c.67.1.4.aln  -            404   9.5e-96  316.5   0.3   1   1   1.4e-97   1.1e-95  316.4   0.3     7   402     1   359     1   360 0.99 -
d2epja_c.67.1.0      -            426 d2bwna1c.67.1.4.aln  -            404   1.3e-16   56.0   0.0   1   1     2e-17   1.6e-15   52.3   0.0    24   355    33   363    24   384 0.73 -
#
# Program:         hmmsearch
# Version:         3.1b2 (February 2015)
# Pipeline mode:   SEARCH
# Query file:      hmmModels30/d2bwna1c.67.1.4.hmm
# Target file:     scop/scopTestSeq.fasta
# Option settings: hmmsearch --domtblout hmmModels30/d2bwna1c.67.1.4.out -E 1 hmmModels30/d2bwna1c.67.1.4.hmm scop/scopTestSeq.fasta 
# Current dir:     /home/anastasia/SBAS/TME8
# Date:            Sat Apr  8 15:33:53 2023
# [ok]
