#                                                                            --- full sequence --- -------------- this domain -------------   hmm coord   ali coord   env coord
# target name        accession   tlen query name           accession   qlen   E-value  score  bias   #  of  c-Evalue  i-Evalue  score  bias  from    to  from    to  from    to  acc description of target
#------------------- ---------- ----- -------------------- ---------- ----- --------- ------ ----- --- --- --------- --------- ------ ----- ----- ----- ----- ----- ----- ----- ---- ---------------------
d1z9ha1a.45.1.1      -            161 d2c4ja1a.45.1.1.aln  -            145   6.8e-49  161.0   0.0   1   1   1.2e-50   7.7e-49  160.8   0.0     1   145     9   155     9   155 0.99 -
d1eema1a.45.1.1      -            139 d2c4ja1a.45.1.1.aln  -            145   5.4e-43  141.9   0.2   1   1     9e-45   5.9e-43  141.8   0.2     4   144     2   133     1   134 0.98 -
d1tu7a1a.45.1.1      -            131 d2c4ja1a.45.1.1.aln  -            145   1.3e-42  140.6   0.0   1   1   2.2e-44   1.5e-42  140.5   0.0     4   141     1   131     1   131 0.99 -
d1k3ya1a.45.1.1      -            142 d2c4ja1a.45.1.1.aln  -            145   2.1e-42  140.0   0.0   1   1   3.5e-44   2.3e-42  139.8   0.0     2   144     1   137     1   138 0.98 -
d1nhya1a.45.1.1      -            144 d2c4ja1a.45.1.1.aln  -            145     1e-41  137.8   0.0   1   1   1.7e-43   1.1e-41  137.6   0.0     1   139     8   144     8   144 0.99 -
d1k0ma1a.45.1.1      -            149 d2c4ja1a.45.1.1.aln  -            145   1.6e-41  137.1   0.0   1   1   2.8e-43   1.8e-41  136.9   0.0     1   145     5   149     5   149 0.98 -
d1okta1a.45.1.1      -            126 d2c4ja1a.45.1.1.aln  -            145   4.1e-41  135.8   0.6   1   1   6.8e-43   4.5e-41  135.7   0.6     3   132     1   125     1   126 0.98 -
d2cvda1a.45.1.1      -            124 d2c4ja1a.45.1.1.aln  -            145   9.3e-41  134.6   0.1   1   1   1.5e-42     1e-40  134.5   0.1     2   132     2   123     1   124 0.99 -
d1tw9a1a.45.1.1      -            129 d2c4ja1a.45.1.1.aln  -            145   3.8e-38  126.2   0.0   1   1   6.4e-40   4.2e-38  126.0   0.0     3   133     1   129     1   129 0.98 -
d2fnoa1a.45.1.1      -            149 d2c4ja1a.45.1.1.aln  -            145     1e-37  124.8   0.0   1   1   1.7e-39   1.1e-37  124.7   0.0     2   145     1   144     1   144 0.98 -
d1gnwa1a.45.1.1      -            126 d2c4ja1a.45.1.1.aln  -            145   9.9e-35  115.1   0.2   1   1   1.6e-36   1.1e-34  115.0   0.2     1   125     1   126     1   126 0.98 -
d2c4ja1a.45.1.1      -            133 d2c4ja1a.45.1.1.aln  -            145   1.3e-08   30.4   0.0   1   1   2.6e-10   1.7e-08   30.0   0.0    54   133    43   121     1   126 0.79 -
#
# Program:         hmmsearch
# Version:         3.1b2 (February 2015)
# Pipeline mode:   SEARCH
# Query file:      hmmModels30/d2c4ja1a.45.1.1.hmm
# Target file:     scop/scopTestSeq.fasta
# Option settings: hmmsearch --domtblout hmmModels30/d2c4ja1a.45.1.1.out -E 1 hmmModels30/d2c4ja1a.45.1.1.hmm scop/scopTestSeq.fasta 
# Current dir:     /home/anastasia/SBAS/TME8
# Date:            Sat Apr  8 15:33:53 2023
# [ok]
