#                                                                            --- full sequence --- -------------- this domain -------------   hmm coord   ali coord   env coord
# target name        accession   tlen query name           accession   qlen   E-value  score  bias   #  of  c-Evalue  i-Evalue  score  bias  from    to  from    to  from    to  acc description of target
#------------------- ---------- ----- -------------------- ---------- ----- --------- ------ ----- --- --- --------- --------- ------ ----- ----- ----- ----- ----- ----- ----- ---- ---------------------
d1z6oa1a.25.1.1      -            200 d2cf7a_a.25.1.1.aln  -            173   7.8e-60  197.3  12.7   1   1   1.2e-61   8.8e-60  197.1  12.7     1   172    15   188    15   189 0.99 -
d1z6om1a.25.1.1      -            191 d2cf7a_a.25.1.1.aln  -            173   1.6e-59  196.3   0.0   1   1   2.5e-61   1.8e-59  196.1   0.0     2   173    12   184    11   184 0.99 -
d1tjoa_a.25.1.1      -            180 d2cf7a_a.25.1.1.aln  -            173   5.6e-57  188.0   7.6   1   1     9e-59   6.4e-57  187.8   7.6     1   171    19   180    19   180 0.99 -
d3bvfa_a.25.1.1      -            172 d2cf7a_a.25.1.1.aln  -            173   1.3e-52  173.8   5.8   1   1   1.9e-54   1.4e-52  173.7   5.8     1   171     2   171     2   172 0.99 -
d1nf4a_a.25.1.1      -            169 d2cf7a_a.25.1.1.aln  -            173   3.1e-52  172.5   5.3   1   1   4.8e-54   3.5e-52  172.4   5.3     3   172     1   159     1   160 0.99 -
d1lb3a_a.25.1.1      -            179 d2cf7a_a.25.1.1.aln  -            173   4.1e-52  172.1   0.1   1   1   6.4e-54   4.6e-52  172.0   0.1     2   172     2   174     1   175 0.99 -
d2y3qa_a.25.1.1      -            158 d2cf7a_a.25.1.1.aln  -            173   3.7e-47  156.0   2.9   1   1   5.7e-49   4.1e-47  155.9   2.9     6   172     2   157     1   158 0.98 -
d2fzfa1a.25.1.1      -            158 d2cf7a_a.25.1.1.aln  -            173     5e-41  136.0  10.3   1   1   7.7e-43   5.5e-41  135.9  10.3     2   172     3   158     2   158 0.99 -
d1zs3a1a.25.1.1      -            171 d2cf7a_a.25.1.1.aln  -            173   1.2e-40  134.8   1.4   1   1   1.9e-42   1.4e-40  134.6   1.4     2   172     2   165     1   166 0.98 -
d1vjxa_a.25.1.1      -            149 d2cf7a_a.25.1.1.aln  -            173   1.6e-35  118.1   7.6   1   1   2.5e-37   1.8e-35  118.0   7.6     5   167     1   149     1   149 0.99 -
d1yuza1a.25.1.1      -            135 d2cf7a_a.25.1.1.aln  -            173   9.3e-33  109.1   1.1   1   1   1.4e-34     1e-32  109.0   1.1     5   139     1   135     1   135 0.99 -
#
# Program:         hmmsearch
# Version:         3.1b2 (February 2015)
# Pipeline mode:   SEARCH
# Query file:      hmmModels30/d2cf7a_a.25.1.1.hmm
# Target file:     scop/scopTestSeq.fasta
# Option settings: hmmsearch --domtblout hmmModels30/d2cf7a_a.25.1.1.out -E 1 hmmModels30/d2cf7a_a.25.1.1.hmm scop/scopTestSeq.fasta 
# Current dir:     /home/anastasia/SBAS/TME8
# Date:            Sat Apr  8 15:33:53 2023
# [ok]
