#                                                                            --- full sequence --- -------------- this domain -------------   hmm coord   ali coord   env coord
# target name        accession   tlen query name           accession   qlen   E-value  score  bias   #  of  c-Evalue  i-Evalue  score  bias  from    to  from    to  from    to  acc description of target
#------------------- ---------- ----- -------------------- ---------- ----- --------- ------ ----- --- --- --------- --------- ------ ----- ----- ----- ----- ----- ----- ----- ---- ---------------------
d1z9ha1a.45.1.1      -            161 d2cvda1a.45.1.1.aln  -            144   1.5e-47  156.6   0.0   1   1   2.7e-49   1.7e-47  156.5   0.0     1   144    10   155    10   155 0.99 -
d1eema1a.45.1.1      -            139 d2cvda1a.45.1.1.aln  -            144   1.3e-42  140.7   0.3   1   1   2.1e-44   1.4e-42  140.6   0.3     3   143     2   133     1   134 0.98 -
d1k3ya1a.45.1.1      -            142 d2cvda1a.45.1.1.aln  -            144   1.7e-42  140.3   0.0   1   1   2.8e-44   1.8e-42  140.2   0.0     1   143     1   137     1   138 0.98 -
d1tu7a1a.45.1.1      -            131 d2cvda1a.45.1.1.aln  -            144     6e-42  138.5   0.0   1   1     1e-43   6.6e-42  138.4   0.0     3   139     1   130     1   131 0.98 -
d1nhya1a.45.1.1      -            144 d2cvda1a.45.1.1.aln  -            144   9.2e-42  137.9   0.0   1   1   1.6e-43     1e-41  137.8   0.0     2   138    10   144     9   144 0.98 -
d1k0ma1a.45.1.1      -            149 d2cvda1a.45.1.1.aln  -            144   1.7e-40  133.8   0.0   1   1   2.9e-42   1.9e-40  133.7   0.0     2   143     7   148     6   149 0.98 -
d1okta1a.45.1.1      -            126 d2cvda1a.45.1.1.aln  -            144   5.1e-40  132.3   0.8   1   1   8.6e-42   5.6e-40  132.1   0.8     2   131     1   125     1   126 0.99 -
d2fnoa1a.45.1.1      -            149 d2cvda1a.45.1.1.aln  -            144   6.4e-40  131.9   0.0   1   1   1.1e-41   7.1e-40  131.8   0.0     6   143     2   143     1   144 0.99 -
d2c4ja1a.45.1.1      -            133 d2cvda1a.45.1.1.aln  -            144   2.9e-39  129.8   0.1   1   1   4.9e-41   3.3e-39  129.7   0.1     1   144     1   133     1   133 0.99 -
d1tw9a1a.45.1.1      -            129 d2cvda1a.45.1.1.aln  -            144   1.2e-38  127.8   0.0   1   1     2e-40   1.3e-38  127.7   0.0     2   131     1   128     1   129 0.98 -
d1gnwa1a.45.1.1      -            126 d2cvda1a.45.1.1.aln  -            144     7e-35  115.6   0.2   1   1   1.2e-36   7.6e-35  115.5   0.2     2   124     3   126     2   126 0.98 -
d2cvda1a.45.1.1      -            124 d2cvda1a.45.1.1.aln  -            144   6.1e-08   28.2   0.0   1   1   1.3e-09   8.3e-08   27.8   0.0     2   130     3   122     2   124 0.71 -
#
# Program:         hmmsearch
# Version:         3.1b2 (February 2015)
# Pipeline mode:   SEARCH
# Query file:      hmmModels30/d2cvda1a.45.1.1.hmm
# Target file:     scop/scopTestSeq.fasta
# Option settings: hmmsearch --domtblout hmmModels30/d2cvda1a.45.1.1.out -E 1 hmmModels30/d2cvda1a.45.1.1.hmm scop/scopTestSeq.fasta 
# Current dir:     /home/anastasia/SBAS/TME8
# Date:            Sat Apr  8 15:33:53 2023
# [ok]
