#                                                                            --- full sequence --- -------------- this domain -------------   hmm coord   ali coord   env coord
# target name        accession   tlen query name           accession   qlen   E-value  score  bias   #  of  c-Evalue  i-Evalue  score  bias  from    to  from    to  from    to  acc description of target
#------------------- ---------- ----- -------------------- ---------- ----- --------- ------ ----- --- --- --------- --------- ------ ----- ----- ----- ----- ----- ----- ----- ---- ---------------------
d1p0ha_d.108.1.1     -            308 d2cy2a1d.108.1.1.aln -            174   3.1e-63  208.3   0.0   1   3   6.8e-61   1.2e-59  196.5   0.0     1   174     2   194     2   194 1.00 -
d1p0ha_d.108.1.1     -            308 d2cy2a1d.108.1.1.aln -            174   3.1e-63  208.3   0.0   2   3     0.048      0.88    4.9   0.0    85   108   225   248   210   254 0.90 -
d1p0ha_d.108.1.1     -            308 d2cy2a1d.108.1.1.aln -            174   3.1e-63  208.3   0.0   3   3      0.15       2.7    3.3   0.0   128   151   278   300   258   307 0.79 -
d2p0wa_d.108.1.1     -            319 d2cy2a1d.108.1.1.aln -            174   3.8e-55  181.9   0.0   1   2   2.4e-55   4.4e-54  178.5   0.0     1   174     9   219     9   219 1.00 -
d2p0wa_d.108.1.1     -            319 d2cy2a1d.108.1.1.aln -            174   3.8e-55  181.9   0.0   2   2      0.45       8.3    1.8   0.0    97   113   220   236   219   239 0.88 -
d2pq8a_d.108.1.1     -            271 d2cy2a1d.108.1.1.aln -            174   7.8e-54  177.7   0.0   1   1   5.2e-55   9.5e-54  177.4   0.0     1   174    25   239    25   239 0.99 -
d1boba_d.108.1.1     -            315 d2cy2a1d.108.1.1.aln -            174   5.6e-51  168.4   0.0   1   1   6.3e-52   1.2e-50  167.3   0.0     1   174     6   215     6   215 1.00 -
d1yk3a1d.108.1.1     -            198 d2cy2a1d.108.1.1.aln -            174     2e-34  114.4   0.0   1   1   1.3e-35   2.4e-34  114.2   0.0     1   170    22   198    22   198 0.98 -
d1u6ma_d.108.1.1     -            189 d2cy2a1d.108.1.1.aln -            174     6e-33  109.7   0.1   1   1   3.7e-34   6.8e-33  109.5   0.1     3   168     3   188     1   189 0.99 -
d2gana1d.108.1.1     -            182 d2cy2a1d.108.1.1.aln -            174   2.2e-24   81.8   0.1   1   1   1.3e-25   2.5e-24   81.6   0.1     5   167     4   181     1   182 0.98 -
d1tiqa_d.108.1.1     -            173 d2cy2a1d.108.1.1.aln -            174   2.5e-24   81.6   0.0   1   1   1.6e-25   2.9e-24   81.4   0.0     5   171     4   169     2   172 0.96 -
d1i12a_d.108.1.1     -            157 d2cy2a1d.108.1.1.aln -            174   6.4e-23   77.0   0.0   1   1   4.2e-24   7.7e-23   76.8   0.0     9   156    10   154     6   157 0.97 -
d1mk4a_d.108.1.1     -            157 d2cy2a1d.108.1.1.aln -            174   1.1e-22   76.2   0.0   1   1   7.4e-24   1.3e-22   75.9   0.0    14   171     3   148     1   150 0.97 -
d1ufha_d.108.1.1     -            155 d2cy2a1d.108.1.1.aln -            174   1.6e-22   75.7   0.4   1   1   9.9e-24   1.8e-22   75.5   0.4     3   157     2   153     1   155 0.96 -
d1vkca_d.108.1.1     -            149 d2cy2a1d.108.1.1.aln -            174   1.7e-22   75.6   0.8   1   1   1.2e-23   2.1e-22   75.3   0.8     8   155     4   145     2   148 0.95 -
d2ae6a1d.108.1.1     -            161 d2cy2a1d.108.1.1.aln -            174   1.4e-21   72.6   0.0   1   1   8.3e-23   1.5e-21   72.5   0.0    12   169     4   156     1   161 0.96 -
d1z4ea1d.108.1.1     -            150 d2cy2a1d.108.1.1.aln -            174   7.5e-21   70.3   0.1   1   1   4.2e-22   7.6e-21   70.2   0.1    46   154    41   145     2   150 0.88 -
d2euia1d.108.1.1     -            153 d2cy2a1d.108.1.1.aln -            174   4.8e-20   67.6   0.1   1   1     3e-21   5.5e-20   67.4   0.1    12   159     2   146     1   151 0.92 -
d2b5ga_d.108.1.1     -            168 d2cy2a1d.108.1.1.aln -            174   1.3e-19   66.3   0.1   1   1     8e-21   1.5e-19   66.1   0.1     3   162     5   158     3   166 0.93 -
d1y9ka1d.108.1.1     -            152 d2cy2a1d.108.1.1.aln -            174   2.6e-19   65.3   0.0   1   1   1.8e-20   3.2e-19   64.9   0.0    67   169    27   147     2   151 0.85 -
d1m4ia_d.108.1.1     -            181 d2cy2a1d.108.1.1.aln -            174   1.6e-18   62.7   0.0   1   1   9.2e-20   1.7e-18   62.6   0.0     9   166     2   165     1   173 0.87 -
d1n71a_d.108.1.1     -            180 d2cy2a1d.108.1.1.aln -            174   2.4e-17   58.8   0.0   1   1   1.7e-18   3.1e-17   58.5   0.0     9   171     7   175     2   177 0.96 -
d2fcka1d.108.1.1     -            178 d2cy2a1d.108.1.1.aln -            174     5e-17   57.8   0.1   1   1   3.2e-18   5.9e-17   57.6   0.1     8   162     7   166     1   173 0.91 -
d1ghea_d.108.1.1     -            170 d2cy2a1d.108.1.1.aln -            174   1.2e-16   56.6   0.0   1   1   7.1e-18   1.3e-16   56.5   0.0     7   159     5   154     1   165 0.94 -
d1y9wa1d.108.1.1     -            140 d2cy2a1d.108.1.1.aln -            174   1.5e-16   56.2   0.4   1   1   9.4e-18   1.7e-16   56.1   0.4    41   169    23   139     5   140 0.88 -
d1qsma_d.108.1.1     -            150 d2cy2a1d.108.1.1.aln -            174   4.8e-16   54.6   0.0   1   1   2.9e-17   5.4e-16   54.5   0.0    24   155    15   145     2   150 0.89 -
d1wwza1d.108.1.1     -            157 d2cy2a1d.108.1.1.aln -            174   5.3e-16   54.5   0.2   1   1   3.4e-17   6.3e-16   54.2   0.2     8   160     4   153     1   156 0.92 -
d2jdca1d.108.1.1     -            145 d2cy2a1d.108.1.1.aln -            174   1.1e-15   53.5   0.1   1   1   6.2e-17   1.1e-15   53.4   0.1    12   169     5   143     1   145 0.95 -
d1z4ra1d.108.1.1     -            162 d2cy2a1d.108.1.1.aln -            174   1.9e-15   52.6   0.1   1   1   1.1e-16   2.1e-15   52.5   0.1     8   170     3   153     1   157 0.94 -
d2fl4a1d.108.1.1     -            146 d2cy2a1d.108.1.1.aln -            174   2.2e-15   52.5   0.1   1   1   1.4e-16   2.6e-15   52.3   0.1    72   157    51   136    15   144 0.84 -
d2fiaa1d.108.1.1     -            157 d2cy2a1d.108.1.1.aln -            174   2.2e-15   52.4   0.2   1   1   1.4e-16   2.6e-15   52.2   0.2    23   161    15   145     5   156 0.93 -
d1bo4a_d.108.1.1     -            137 d2cy2a1d.108.1.1.aln -            174   3.5e-15   51.8   0.0   1   1   2.1e-16   3.9e-15   51.7   0.0     8   147     3   137     1   137 0.95 -
d2g3aa1d.108.1.1     -            137 d2cy2a1d.108.1.1.aln -            174   3.6e-15   51.8   0.0   1   1   2.5e-16   4.6e-15   51.4   0.0    48   169    29   136    21   137 0.82 -
d1cjwa_d.108.1.1     -            166 d2cy2a1d.108.1.1.aln -            174   9.5e-15   50.4   0.0   1   1   5.7e-16     1e-14   50.3   0.0    23   166    24   162    13   166 0.82 -
d2atra1d.108.1.1     -            137 d2cy2a1d.108.1.1.aln -            174   2.8e-14   48.9   0.1   1   1   1.6e-15     3e-14   48.8   0.1    33   164    16   136     2   137 0.93 -
d1yx0a1d.108.1.1     -            151 d2cy2a1d.108.1.1.aln -            174   1.1e-13   46.9   0.0   1   1   6.8e-15   1.2e-13   46.8   0.0    54   169    44   150    14   151 0.85 -
d1xeba_d.108.1.1     -            149 d2cy2a1d.108.1.1.aln -            174   2.3e-12   42.7   0.4   1   1   1.4e-13   2.6e-12   42.4   0.4     9   158     2   139     1   147 0.94 -
d2fiwa1d.108.1.1     -            156 d2cy2a1d.108.1.1.aln -            174   2.7e-12   42.4   0.0   1   1   1.5e-13   2.7e-12   42.4   0.0    14   165     7   149     1   156 0.86 -
d1q2ya_d.108.1.1     -            140 d2cy2a1d.108.1.1.aln -            174   1.4e-11   40.1   0.1   1   1   8.8e-13   1.6e-11   39.9   0.1    28   154    15   125     2   139 0.90 -
d2aj6a1d.108.1.1     -            118 d2cy2a1d.108.1.1.aln -            174   2.5e-11   39.3   0.0   1   1   1.7e-12   3.1e-11   38.9   0.0    13   127     7   115     2   117 0.90 -
d1r57a_d.108.1.1     -            102 d2cy2a1d.108.1.1.aln -            174     8e-11   37.6   0.0   1   1   1.3e-10   2.4e-09   32.8   0.0    44   137    21    85     1    96 0.74 -
d1nsla_d.108.1.1     -            180 d2cy2a1d.108.1.1.aln -            174   1.1e-10   37.2   0.0   1   1   7.5e-12   1.4e-10   36.8   0.0     5   153     5   156     2   174 0.93 -
d1y7ra1d.108.1.1     -            133 d2cy2a1d.108.1.1.aln -            174     2e-10   36.3   0.0   1   1   1.1e-11   2.1e-10   36.3   0.0    77   157    50   128    25   133 0.85 -
d1xmta_d.108.1.1     -             95 d2cy2a1d.108.1.1.aln -            174     9e-07   24.4   0.0   1   1   5.9e-08   1.1e-06   24.2   0.0    79   131    21    73    10    78 0.92 -
d2fsra1d.108.1.1     -            164 d2cy2a1d.108.1.1.aln -            174   5.4e-06   21.9   0.0   1   1   3.1e-07   5.6e-06   21.8   0.0     7   147     4   143     1   164 0.86 -
d2cy2a1d.108.1.1     -            174 d2cy2a1d.108.1.1.aln -            174    0.0016   13.8   3.2   1   1   0.00021    0.0039   12.6   3.2    88   147    86   144    12   166 0.81 -
#
# Program:         hmmsearch
# Version:         3.1b2 (February 2015)
# Pipeline mode:   SEARCH
# Query file:      hmmModels30/d2cy2a1d.108.1.1.hmm
# Target file:     scop/scopTestSeq.fasta
# Option settings: hmmsearch --domtblout hmmModels30/d2cy2a1d.108.1.1.out -E 1 hmmModels30/d2cy2a1d.108.1.1.hmm scop/scopTestSeq.fasta 
# Current dir:     /home/anastasia/SBAS/TME8
# Date:            Sat Apr  8 15:33:53 2023
# [ok]
