#                                                                            --- full sequence --- -------------- this domain -------------   hmm coord   ali coord   env coord
# target name        accession   tlen query name           accession   qlen   E-value  score  bias   #  of  c-Evalue  i-Evalue  score  bias  from    to  from    to  from    to  acc description of target
#------------------- ---------- ----- -------------------- ---------- ----- --------- ------ ----- --- --- --------- --------- ------ ----- ----- ----- ----- ----- ----- ----- ---- ---------------------
d1jeta_c.94.1.1      -            517 d2czla1c.94.1.1.aln  -            371  1.2e-133  441.2  17.5   1   1  5.5e-135  1.5e-133  440.9  17.5     1   371   140   514   140   514 1.00 -
d1vr5a1c.94.1.1      -            535 d2czla1c.94.1.1.aln  -            371  5.5e-132  435.8  16.5   1   1  2.6e-133  6.8e-132  435.5  16.5     1   371   117   519   117   519 1.00 -
d1xoca1c.94.1.1      -            504 d2czla1c.94.1.1.aln  -            371  3.1e-119  393.8  24.4   1   1  1.4e-120  3.7e-119  393.6  24.4     1   371   128   502   128   502 1.00 -
d1uqwa_c.94.1.1      -            487 d2czla1c.94.1.1.aln  -            371  5.5e-111  366.6  14.0   1   1  2.5e-112  6.6e-111  366.4  14.0     1   371   114   487   114   487 0.99 -
d2nooa_c.94.1.1      -            496 d2czla1c.94.1.1.aln  -            371    2e-104  345.1   0.2   1   1  9.8e-106  2.6e-104  344.7   0.2     2   370   112   495   111   496 0.99 -
d3vlva_c.94.1.1      -            490 d2czla1c.94.1.1.aln  -            371  2.7e-103  341.3  16.4   1   1  1.3e-104  3.4e-103  341.0  16.4     2   371   104   489   103   489 1.00 -
d1eu8a_c.94.1.1      -            407 d2czla1c.94.1.1.aln  -            371   3.6e-74  245.5  10.6   1   1   1.5e-75   4.1e-74  245.3  10.6     2   363    12   406    11   407 0.99 -
d3thia_c.94.1.1      -            362 d2czla1c.94.1.1.aln  -            371   4.2e-58  192.6   0.5   1   1   1.8e-59   4.7e-58  192.5   0.5    26   370     1   355     1   356 0.99 -
d1ursa_c.94.1.1      -            367 d2czla1c.94.1.1.aln  -            371   2.1e-57  190.3  13.0   1   1     9e-59   2.4e-57  190.2  13.0     1   359     1   366     1   367 0.99 -
d1ixha_c.94.1.1      -            321 d2czla1c.94.1.1.aln  -            371   3.8e-38  127.0  11.9   1   1   1.6e-39   4.2e-38  126.8  11.9    36   358     6   321     1   321 0.98 -
d1r9la_c.94.1.1      -            309 d2czla1c.94.1.1.aln  -            371   5.4e-37  123.2  11.4   1   1   2.3e-38     6e-37  123.0  11.4    43   360     3   309     1   309 0.98 -
d1pb7a_c.94.1.1      -            289 d2czla1c.94.1.1.aln  -            371   2.8e-35  117.5   0.0   1   1   1.2e-36   3.1e-35  117.4   0.0    71   352     4   288     1   289 0.99 -
d1sbpa_c.94.1.1      -            309 d2czla1c.94.1.1.aln  -            371   2.5e-34  114.4   9.1   1   1   1.1e-35   2.8e-34  114.2   9.1    40   362     3   307     1   309 0.98 -
d1q35a_c.94.1.1      -            318 d2czla1c.94.1.1.aln  -            371   7.8e-34  112.8   2.6   1   1   3.3e-35   8.7e-34  112.6   2.6    37   364     1   317     1   318 0.97 -
d2nxoa1c.94.1.1      -            277 d2czla1c.94.1.1.aln  -            371   6.2e-30   99.9   0.0   1   1   2.6e-31   6.9e-30   99.8   0.0    91   369     1   272     1   274 0.98 -
d1nnfa_c.94.1.1      -            308 d2czla1c.94.1.1.aln  -            371   4.3e-27   90.6  10.3   1   1   1.9e-28   4.9e-27   90.4  10.3    39   351     2   300     1   307 0.98 -
d2i6ea1c.94.1.1      -            272 d2czla1c.94.1.1.aln  -            371   4.1e-26   87.4   0.0   1   1   1.7e-27   4.6e-26   87.2   0.0    93   365     2   271     1   272 0.97 -
d1us5a_c.94.1.1      -            298 d2czla1c.94.1.1.aln  -            371   1.8e-25   85.3   0.1   1   1   7.5e-27     2e-25   85.1   0.1    59   364     2   297     1   298 0.99 -
d1sw5a_c.94.1.1      -            270 d2czla1c.94.1.1.aln  -            371   5.6e-23   77.1   4.8   1   1   2.3e-24     6e-23   76.9   4.8    72   349     3   267     1   270 0.96 -
d1xt8a1c.94.1.1      -            248 d2czla1c.94.1.1.aln  -            371   4.2e-22   74.2   3.8   1   1   1.9e-23   4.9e-22   73.9   3.8   103   359     9   246     2   248 0.97 -
d1al3a_c.94.1.1      -            237 d2czla1c.94.1.1.aln  -            371   6.5e-19   63.7   0.0   1   1   2.7e-20     7e-19   63.6   0.0    95   339     5   234     1   237 0.96 -
d1twya_c.94.1.1      -            249 d2czla1c.94.1.1.aln  -            371   1.5e-18   62.5   0.2   1   1   6.5e-20   1.7e-18   62.3   0.2    87   344     5   248     2   249 0.97 -
d1atga_c.94.1.1      -            231 d2czla1c.94.1.1.aln  -            371   1.1e-15   53.0   1.3   1   1   5.3e-17   1.4e-15   52.7   1.3   101   336     7   225     2   230 0.96 -
d2ozza1c.94.1.1      -            228 d2czla1c.94.1.1.aln  -            371   2.9e-15   51.7   0.0   1   1   1.3e-16   3.3e-15   51.5   0.0    98   341     8   225     2   228 0.95 -
d2esna2c.94.1.1      -            212 d2czla1c.94.1.1.aln  -            371   1.2e-14   49.6   0.0   1   1   5.6e-16   1.5e-14   49.3   0.0    99   294     6   191     2   209 0.94 -
d1ii5a_c.94.1.1      -            226 d2czla1c.94.1.1.aln  -            371   1.6e-14   49.3   0.0   1   1   6.4e-16   1.7e-14   49.2   0.0    97   334     3   217     1   226 0.96 -
d1i6aa_c.94.1.1      -            212 d2czla1c.94.1.1.aln  -            371     2e-13   45.6   0.0   1   1   7.8e-15   2.1e-13   45.6   0.0    95   327     4   204     1   212 0.87 -
d1ixca2c.94.1.1      -            205 d2czla1c.94.1.1.aln  -            371   1.3e-07   26.5   0.0   1   1   5.4e-09   1.4e-07   26.4   0.0   165   294    62   189     3   203 0.87 -
d2qmwa1c.94.1.1      -            184 d2czla1c.94.1.1.aln  -            371   8.3e-07   23.8   0.0   1   1   3.4e-08   8.9e-07   23.7   0.0   111   255     2   137     1   180 0.93 -
d1ve4a1c.94.1.1      -            206 d2czla1c.94.1.1.aln  -            371   8.9e-06   20.4   0.0   1   1   3.8e-07   9.9e-06   20.3   0.0   125   312    15   194     2   203 0.78 -
#
# Program:         hmmsearch
# Version:         3.1b2 (February 2015)
# Pipeline mode:   SEARCH
# Query file:      hmmModels30/d2czla1c.94.1.1.hmm
# Target file:     scop/scopTestSeq.fasta
# Option settings: hmmsearch --domtblout hmmModels30/d2czla1c.94.1.1.out -E 1 hmmModels30/d2czla1c.94.1.1.hmm scop/scopTestSeq.fasta 
# Current dir:     /home/anastasia/SBAS/TME8
# Date:            Sat Apr  8 15:33:53 2023
# [ok]
