#                                                                            --- full sequence --- -------------- this domain -------------   hmm coord   ali coord   env coord
# target name        accession   tlen query name           accession   qlen   E-value  score  bias   #  of  c-Evalue  i-Evalue  score  bias  from    to  from    to  from    to  acc description of target
#------------------- ---------- ----- -------------------- ---------- ----- --------- ------ ----- --- --- --------- --------- ------ ----- ----- ----- ----- ----- ----- ----- ---- ---------------------
d1p0ha_d.108.1.1     -            308 d2d4pa1d.108.1.1.aln -            259  3.8e-102  336.8   0.1   1   2  1.8e-102  3.5e-101  333.7   0.0    48   259     1   230     1   230 1.00 -
d1p0ha_d.108.1.1     -            308 d2d4pa1d.108.1.1.aln -            259  3.8e-102  336.8   0.1   2   2      0.67        13    0.8   0.0   174   197   277   297   231   306 0.52 -
d2p0wa_d.108.1.1     -            319 d2d4pa1d.108.1.1.aln -            259   8.2e-95  312.8   0.0   1   1   5.2e-96   9.7e-95  312.5   0.0     1   229    74   319    74   319 1.00 -
d2pq8a_d.108.1.1     -            271 d2d4pa1d.108.1.1.aln -            259   2.9e-83  274.9   0.0   1   1   1.7e-84   3.3e-83  274.8   0.0     1   259     1   271     1   271 0.99 -
d1boba_d.108.1.1     -            315 d2d4pa1d.108.1.1.aln -            259   3.1e-82  271.6   0.2   1   1   1.9e-83   3.6e-82  271.4   0.2     1   229    66   315    66   315 0.99 -
d1u6ma_d.108.1.1     -            189 d2d4pa1d.108.1.1.aln -            259   1.7e-22   75.8   0.0   1   1   9.4e-24   1.8e-22   75.7   0.0    33   216     5   187     1   189 0.95 -
d1z4ea1d.108.1.1     -            150 d2d4pa1d.108.1.1.aln -            259   5.8e-21   70.8   0.1   1   1   3.5e-22   6.6e-21   70.6   0.1    62   203    10   145     1   148 0.92 -
d1tiqa_d.108.1.1     -            173 d2d4pa1d.108.1.1.aln -            259     1e-20   69.9   0.3   1   1     6e-22   1.1e-20   69.8   0.3    55   223     6   172     1   173 0.93 -
d1yk3a1d.108.1.1     -            198 d2d4pa1d.108.1.1.aln -            259   1.4e-18   62.9   0.0   1   1   8.2e-20   1.5e-18   62.8   0.0    29   216     2   195     1   198 0.96 -
d1i12a_d.108.1.1     -            157 d2d4pa1d.108.1.1.aln -            259   1.2e-16   56.6   0.0   1   1   7.5e-18   1.4e-16   56.4   0.0    59   205    12   154     5   157 0.92 -
d2euia1d.108.1.1     -            153 d2d4pa1d.108.1.1.aln -            259   9.3e-16   53.7   0.1   1   1   5.6e-17   1.1e-15   53.5   0.1    65   205     7   143     1   148 0.92 -
d1mk4a_d.108.1.1     -            157 d2d4pa1d.108.1.1.aln -            259   3.8e-15   51.7   0.0   1   1   2.1e-16     4e-15   51.6   0.0   102   211    48   139     2   156 0.81 -
d1ufha_d.108.1.1     -            155 d2d4pa1d.108.1.1.aln -            259   8.4e-15   50.6   0.3   1   1   4.9e-16   9.3e-15   50.4   0.3    56   205     4   152     1   155 0.89 -
d2fl4a1d.108.1.1     -            146 d2d4pa1d.108.1.1.aln -            259   1.8e-14   49.5   0.2   1   1     1e-15     2e-14   49.4   0.2    60   211     9   141     1   146 0.88 -
d1vkca_d.108.1.1     -            149 d2d4pa1d.108.1.1.aln -            259   1.8e-14   49.4   0.1   1   1   1.1e-15   2.1e-14   49.2   0.1    58   205     6   146     2   149 0.92 -
d2b5ga_d.108.1.1     -            168 d2d4pa1d.108.1.1.aln -            259   4.6e-14   48.1   0.0   1   1   2.9e-15   5.5e-14   47.9   0.0    88   215    31   162    17   167 0.91 -
d2ae6a1d.108.1.1     -            161 d2d4pa1d.108.1.1.aln -            259   6.9e-14   47.6   0.1   1   1     4e-15   7.5e-14   47.5   0.1    66   214    10   152     1   159 0.88 -
d2gana1d.108.1.1     -            182 d2d4pa1d.108.1.1.aln -            259   7.6e-14   47.4   0.0   1   1   4.1e-15   7.7e-14   47.4   0.0    43   216    10   181     1   182 0.76 -
d1y9ka1d.108.1.1     -            152 d2d4pa1d.108.1.1.aln -            259   1.7e-13   46.3   0.0   1   1   9.6e-15   1.8e-13   46.2   0.0   118   213    39   142    10   151 0.81 -
d1m4ia_d.108.1.1     -            181 d2d4pa1d.108.1.1.aln -            259   5.4e-13   44.6   0.0   1   1   3.2e-14     6e-13   44.5   0.0    54   237     3   181     1   181 0.97 -
d2atra1d.108.1.1     -            137 d2d4pa1d.108.1.1.aln -            259   7.2e-13   44.2   0.0   1   1   4.7e-14   8.8e-13   43.9   0.0    67   213    13   136     1   137 0.82 -
d1bo4a_d.108.1.1     -            137 d2d4pa1d.108.1.1.aln -            259   1.1e-12   43.7   0.0   1   1   6.4e-14   1.2e-12   43.5   0.0    59   196     6   137     2   137 0.93 -
d1y9wa1d.108.1.1     -            140 d2d4pa1d.108.1.1.aln -            259   4.3e-12   41.7   0.0   1   1   2.4e-13   4.5e-12   41.6   0.0   135   218    59   139     3   140 0.85 -
d1ghea_d.108.1.1     -            170 d2d4pa1d.108.1.1.aln -            259   6.1e-12   41.2   0.0   1   1   3.5e-13   6.6e-12   41.1   0.0    82   203    30   149     2   169 0.87 -
d1qsma_d.108.1.1     -            150 d2d4pa1d.108.1.1.aln -            259   1.5e-11   39.9   0.0   1   1   8.6e-13   1.6e-11   39.8   0.0    94   205    38   146     2   150 0.76 -
d2cy2a1d.108.1.1     -            174 d2d4pa1d.108.1.1.aln -            259   2.3e-11   39.3   0.0   1   1   1.3e-12   2.4e-11   39.2   0.0    78   217    29   165     3   174 0.74 -
d1n71a_d.108.1.1     -            180 d2d4pa1d.108.1.1.aln -            259   3.1e-11   38.9   0.0   1   1     2e-12   3.8e-11   38.6   0.0    64   211    14   166     4   177 0.91 -
d1wwza1d.108.1.1     -            157 d2d4pa1d.108.1.1.aln -            259     1e-10   37.2   0.0   1   1   5.5e-12     1e-10   37.2   0.0   123   203    69   147     4   156 0.82 -
d2jdca1d.108.1.1     -            145 d2d4pa1d.108.1.1.aln -            259   1.2e-10   37.0   0.0   1   1   6.3e-12   1.2e-10   37.0   0.0   129   203    58   128     4   144 0.90 -
d1cjwa_d.108.1.1     -            166 d2d4pa1d.108.1.1.aln -            259   1.5e-10   36.7   0.0   1   1   8.6e-12   1.6e-10   36.5   0.0   125   207    75   154    37   165 0.83 -
d2g3aa1d.108.1.1     -            137 d2d4pa1d.108.1.1.aln -            259   5.3e-10   34.8   0.0   1   1   2.8e-11   5.3e-10   34.8   0.0   140   218    61   136    13   137 0.92 -
d2fcka1d.108.1.1     -            178 d2d4pa1d.108.1.1.aln -            259   6.5e-10   34.6   0.1   1   1   3.7e-11     7e-10   34.4   0.1    61   206    17   161     1   174 0.85 -
d1yx0a1d.108.1.1     -            151 d2d4pa1d.108.1.1.aln -            259   4.6e-09   31.8   0.0   1   1   2.4e-10   4.6e-09   31.8   0.0   126   207    57   139    14   151 0.84 -
d1q2ya_d.108.1.1     -            140 d2d4pa1d.108.1.1.aln -            259   4.7e-09   31.7   0.0   1   1   2.9e-10   5.5e-09   31.5   0.0    66   209     5   131     2   140 0.86 -
d1xeba_d.108.1.1     -            149 d2d4pa1d.108.1.1.aln -            259     5e-09   31.6   0.0   1   1   3.1e-10   5.9e-09   31.4   0.0   132   209    67   141     3   145 0.78 -
d1z4ra1d.108.1.1     -            162 d2d4pa1d.108.1.1.aln -            259   7.8e-09   31.0   0.0   1   1   4.6e-10   8.6e-09   30.9   0.0    81   220    28   154     9   161 0.85 -
d2fiaa1d.108.1.1     -            157 d2d4pa1d.108.1.1.aln -            259   1.3e-08   30.3   0.0   1   1   7.6e-10   1.4e-08   30.1   0.0   131   208    67   143    33   155 0.89 -
d1nsla_d.108.1.1     -            180 d2d4pa1d.108.1.1.aln -            259   1.4e-08   30.1   0.0   1   1     9e-10   1.7e-08   29.9   0.0    53   204     8   158     2   177 0.91 -
d1y7ra1d.108.1.1     -            133 d2d4pa1d.108.1.1.aln -            259   3.3e-08   28.9   0.0   1   1   2.2e-09   4.2e-08   28.6   0.0   135   202    59   124    50   133 0.90 -
d2fiwa1d.108.1.1     -            156 d2d4pa1d.108.1.1.aln -            259   2.3e-07   26.2   0.0   1   1   1.5e-08   2.7e-07   25.9   0.0    67   203    12   138     3   155 0.81 -
d2aj6a1d.108.1.1     -            118 d2d4pa1d.108.1.1.aln -            259     6e-07   24.8   0.0   1   1   3.7e-08   6.9e-07   24.6   0.0    58   176     4   115     1   117 0.84 -
d1r57a_d.108.1.1     -            102 d2d4pa1d.108.1.1.aln -            259   1.2e-06   23.8   0.0   1   1   6.8e-08   1.3e-06   23.8   0.0   133   184    29    80     8    95 0.86 -
d1xmta_d.108.1.1     -             95 d2d4pa1d.108.1.1.aln -            259    0.0001   17.5   0.0   1   1   5.7e-06   0.00011   17.4   0.0   122   181    15    74     2    87 0.86 -
#
# Program:         hmmsearch
# Version:         3.1b2 (February 2015)
# Pipeline mode:   SEARCH
# Query file:      hmmModels30/d2d4pa1d.108.1.1.hmm
# Target file:     scop/scopTestSeq.fasta
# Option settings: hmmsearch --domtblout hmmModels30/d2d4pa1d.108.1.1.out -E 1 hmmModels30/d2d4pa1d.108.1.1.hmm scop/scopTestSeq.fasta 
# Current dir:     /home/anastasia/SBAS/TME8
# Date:            Sat Apr  8 15:33:53 2023
# [ok]
