#                                                                            --- full sequence --- -------------- this domain -------------   hmm coord   ali coord   env coord
# target name        accession   tlen query name           accession   qlen   E-value  score  bias   #  of  c-Evalue  i-Evalue  score  bias  from    to  from    to  from    to  acc description of target
#------------------- ---------- ----- -------------------- ---------- ----- --------- ------ ----- --- --- --------- --------- ------ ----- ----- ----- ----- ----- ----- ----- ---- ---------------------
d1z0xa2a.121.1.1     -            149 d2d6ya2a.121.1.1.aln -            123   4.4e-39  128.5   0.0   1   1   1.9e-40   5.1e-39  128.3   0.0     1   123     6   128     6   128 0.99 -
d3c07a2a.121.1.1     -            146 d2d6ya2a.121.1.1.aln -            123   5.2e-31  102.5   1.5   1   1   2.4e-32   6.4e-31  102.2   1.5     1   123     1   123     1   123 0.99 -
d1ui5a2a.121.1.1     -            133 d2d6ya2a.121.1.1.aln -            123   2.2e-25   84.4   0.4   1   1   9.6e-27   2.6e-25   84.2   0.4     7   123     3   119     1   119 0.97 -
d2g7la2a.121.1.1     -            144 d2d6ya2a.121.1.1.aln -            123   5.9e-24   79.8   9.3   1   1   3.1e-25   8.6e-24   79.3   9.3     2   123     2   123     1   123 0.99 -
d1rkta2a.121.1.1     -            123 d2d6ya2a.121.1.1.aln -            123   5.1e-22   73.6   0.0   1   1     2e-23   5.5e-22   73.5   0.0     2   121     2   121     1   123 0.98 -
d1t33a2a.121.1.1     -            132 d2d6ya2a.121.1.1.aln -            123   5.5e-21   70.2   0.2   1   1   2.2e-22   6.1e-21   70.1   0.2     1   122     3   124     3   125 0.98 -
d2fbqa2a.121.1.1     -            134 d2d6ya2a.121.1.1.aln -            123   2.4e-20   68.2   0.3   1   1   9.6e-22   2.6e-20   68.1   0.3     4   122     6   124     3   125 0.97 -
d2hyja2a.121.1.1     -            118 d2d6ya2a.121.1.1.aln -            123   3.4e-20   67.7   5.4   1   1   1.4e-21   3.7e-20   67.6   5.4     3   115     5   117     3   118 0.97 -
d2id3a2a.121.1.1     -            123 d2d6ya2a.121.1.1.aln -            123   1.5e-19   65.6   6.1   1   1     6e-21   1.6e-19   65.5   6.1     2   119     4   121     3   123 0.97 -
d2g7sa2a.121.1.1     -            116 d2d6ya2a.121.1.1.aln -            123   4.5e-19   64.1   1.9   1   1   1.8e-20   4.9e-19   64.0   1.9     1   113     2   114     2   116 0.97 -
d2oi8a2a.121.1.1     -            130 d2d6ya2a.121.1.1.aln -            123   4.8e-19   64.0   1.5   1   1     2e-20   5.4e-19   63.8   1.5     5   121     2   118     1   120 0.97 -
d1vi0a2a.121.1.1     -            117 d2d6ya2a.121.1.1.aln -            123   6.8e-19   63.5   0.0   1   1   2.7e-20   7.3e-19   63.4   0.0     6   119     3   116     1   117 0.97 -
d2g3ba2a.121.1.1     -            116 d2d6ya2a.121.1.1.aln -            123   1.1e-18   62.8   2.0   1   1   4.4e-20   1.2e-18   62.7   2.0     3   116     3   116     1   116 0.97 -
d2gfna2a.121.1.1     -            119 d2d6ya2a.121.1.1.aln -            123   2.3e-18   61.8   6.5   1   1   9.2e-20   2.5e-18   61.7   6.5     3   118     3   118     1   119 0.97 -
d2id6a2a.121.1.1     -            125 d2d6ya2a.121.1.1.aln -            123   3.6e-18   61.2   0.0   1   1   1.4e-19   3.9e-18   61.1   0.0     2   121     3   122     2   124 0.97 -
d2i10a2a.121.1.1     -            116 d2d6ya2a.121.1.1.aln -            123   7.8e-18   60.1   3.2   1   1   3.1e-19   8.4e-18   60.0   3.2     3   113     5   115     3   116 0.97 -
d2gena2a.121.1.1     -            118 d2d6ya2a.121.1.1.aln -            123   2.9e-17   58.3   5.8   1   1   1.2e-18   3.2e-17   58.2   5.8     3   120     2   118     1   118 0.98 -
d2hkua2a.121.1.1     -            121 d2d6ya2a.121.1.1.aln -            123   3.8e-16   54.7   0.1   1   1   1.5e-17   4.1e-16   54.6   0.1     3   119     4   120     2   121 0.97 -
d1t56a2a.121.1.1     -            120 d2d6ya2a.121.1.1.aln -            123   9.2e-16   53.4   1.7   1   1     4e-17   1.1e-15   53.2   1.7     1   114     3   116     3   119 0.98 -
d2np5a2a.121.1.1     -            118 d2d6ya2a.121.1.1.aln -            123   1.4e-15   52.9   3.9   1   1   5.4e-17   1.5e-15   52.8   3.9     2   120     3   114     2   117 0.97 -
d2g7ga2a.121.1.1     -            132 d2d6ya2a.121.1.1.aln -            123     3e-15   51.8   8.3   1   1   1.2e-16   3.3e-15   51.7   8.3     2   118     2   118     1   123 0.97 -
d2fx0a2a.121.1.1     -            122 d2d6ya2a.121.1.1.aln -            123     3e-15   51.8   0.0   1   1   1.2e-16   3.2e-15   51.7   0.0     2   118     3   119     2   122 0.96 -
d1sgma2a.121.1.1     -            111 d2d6ya2a.121.1.1.aln -            123   8.1e-15   50.4   0.0   1   1   3.2e-16   8.7e-15   50.3   0.0     3   113     5   110     3   111 0.95 -
d2fq4a2a.121.1.1     -            115 d2d6ya2a.121.1.1.aln -            123   4.4e-14   48.1   0.0   1   1   1.7e-15   4.6e-14   48.0   0.0     4   115     3   114     1   115 0.96 -
d2iu5a2a.121.1.1     -            109 d2d6ya2a.121.1.1.aln -            123   4.8e-14   47.9   0.0   1   1   1.9e-15   5.3e-14   47.8   0.0     9   116     2   109     1   109 0.98 -
d1zk8a2a.121.1.1     -            105 d2d6ya2a.121.1.1.aln -            123   6.5e-12   41.1   0.0   1   1   2.6e-13     7e-12   41.0   0.0    15   117     2   104     1   105 0.97 -
d2np3a2a.121.1.1     -            112 d2d6ya2a.121.1.1.aln -            123     1e-09   34.0   7.8   1   1   5.9e-11   1.6e-09   33.4   7.8     1   120     2   108     2   111 0.97 -
d2fd5a2a.121.1.1     -            104 d2d6ya2a.121.1.1.aln -            123   3.1e-09   32.5   2.7   1   1   1.2e-10   3.3e-09   32.4   2.7     5   110     4   101     1   104 0.96 -
d2o7ta2a.121.1.1     -            110 d2d6ya2a.121.1.1.aln -            123   1.8e-07   26.8   0.0   1   1   7.2e-09     2e-07   26.6   0.0     1   116     1   110     1   110 0.97 -
#
# Program:         hmmsearch
# Version:         3.1b2 (February 2015)
# Pipeline mode:   SEARCH
# Query file:      hmmModels30/d2d6ya2a.121.1.1.hmm
# Target file:     scop/scopTestSeq.fasta
# Option settings: hmmsearch --domtblout hmmModels30/d2d6ya2a.121.1.1.out -E 1 hmmModels30/d2d6ya2a.121.1.1.hmm scop/scopTestSeq.fasta 
# Current dir:     /home/anastasia/SBAS/TME8
# Date:            Sat Apr  8 15:33:53 2023
# [ok]
