#                                                                            --- full sequence --- -------------- this domain -------------   hmm coord   ali coord   env coord
# target name        accession   tlen query name           accession   qlen   E-value  score  bias   #  of  c-Evalue  i-Evalue  score  bias  from    to  from    to  from    to  acc description of target
#------------------- ---------- ----- -------------------- ---------- ----- --------- ------ ----- --- --- --------- --------- ------ ----- ----- ----- ----- ----- ----- ----- ---- ---------------------
d1vj0a2c.2.1.1       -            182 d2dm6a2c.2.1.1.aln   -            183   3.6e-60  197.9   0.0   1   1     7e-62     4e-60  197.7   0.0     2   182     2   181     1   182 0.98 -
d1pqwa_c.2.1.1       -            183 d2dm6a2c.2.1.1.aln   -            183   1.2e-59  196.1   0.4   1   1   2.5e-61   1.4e-59  196.0   0.4     4   182     1   174     1   175 0.99 -
d1gu7a2c.2.1.1       -            189 d2dm6a2c.2.1.1.aln   -            183     2e-59  195.4   0.0   1   1   3.9e-61   2.2e-59  195.3   0.0     2   182     2   188     1   189 0.99 -
d1kola2c.2.1.1       -            195 d2dm6a2c.2.1.1.aln   -            183   4.9e-57  187.7   0.6   1   1   9.7e-59   5.5e-57  187.5   0.6     3   182     1   190     1   191 0.98 -
d1qora2c.2.1.1       -            179 d2dm6a2c.2.1.1.aln   -            183   3.3e-54  178.5   0.2   1   1   6.3e-56   3.6e-54  178.3   0.2     2   182     2   177     1   178 0.98 -
d1h2ba2c.2.1.1       -            172 d2dm6a2c.2.1.1.aln   -            183   1.4e-53  176.4   1.7   1   1   2.7e-55   1.5e-53  176.3   1.7     2   172     5   171     4   172 0.97 -
d2jhfa2c.2.1.1       -            176 d2dm6a2c.2.1.1.aln   -            183   2.6e-53  175.5   0.6   1   1   5.1e-55   2.9e-53  175.4   0.6     2   177     2   175     1   176 0.98 -
d1yb5a2c.2.1.1       -            174 d2dm6a2c.2.1.1.aln   -            183   1.3e-52  173.3   2.5   1   1   2.5e-54   1.4e-52  173.1   2.5     1   182     1   172     1   173 0.97 -
d1jqba2c.2.1.1       -            174 d2dm6a2c.2.1.1.aln   -            183   6.9e-52  170.9   2.8   1   1   1.4e-53   7.6e-52  170.7   2.8     1   178     1   173     1   174 0.98 -
d1pl8a2c.2.1.1       -            171 d2dm6a2c.2.1.1.aln   -            183   1.1e-48  160.5   3.7   1   1     2e-50   1.1e-48  160.4   3.7     7   174     5   170     1   171 0.97 -
d1o89a2c.2.1.1       -            177 d2dm6a2c.2.1.1.aln   -            183     7e-47  154.6   0.3   1   1   1.4e-48   7.7e-47  154.4   0.3     2   182     2   176     1   177 0.94 -
d1piwa2c.2.1.1       -            168 d2dm6a2c.2.1.1.aln   -            183   1.2e-45  150.5   0.0   1   1   2.3e-47   1.3e-45  150.4   0.0     2   175     2   167     1   168 0.97 -
d2dm6a2c.2.1.1       -            182 d2dm6a2c.2.1.1.aln   -            183   5.3e-27   89.8   2.2   1   1   1.3e-28   7.5e-27   89.3   2.2     8   134     9   130     5   140 0.96 -
d1luaa1c.2.1.7       -            191 d2dm6a2c.2.1.1.aln   -            183     0.062    8.1  10.4   1   2   0.00062     0.035    8.9   8.4    19    68    13    62     4    67 0.75 -
d1luaa1c.2.1.7       -            191 d2dm6a2c.2.1.1.aln   -            183     0.062    8.1  10.4   2   2       2.9   1.6e+02   -3.1   0.0    25    43    89   104    79   104 0.60 -
#
# Program:         hmmsearch
# Version:         3.1b2 (February 2015)
# Pipeline mode:   SEARCH
# Query file:      hmmModels30/d2dm6a2c.2.1.1.hmm
# Target file:     scop/scopTestSeq.fasta
# Option settings: hmmsearch --domtblout hmmModels30/d2dm6a2c.2.1.1.out -E 1 hmmModels30/d2dm6a2c.2.1.1.hmm scop/scopTestSeq.fasta 
# Current dir:     /home/anastasia/SBAS/TME8
# Date:            Sat Apr  8 15:33:53 2023
# [ok]
