#                                                                            --- full sequence --- -------------- this domain -------------   hmm coord   ali coord   env coord
# target name        accession   tlen query name           accession   qlen   E-value  score  bias   #  of  c-Evalue  i-Evalue  score  bias  from    to  from    to  from    to  acc description of target
#------------------- ---------- ----- -------------------- ---------- ----- --------- ------ ----- --- --- --------- --------- ------ ----- ----- ----- ----- ----- ----- ----- ---- ---------------------
d2jhfa1b.35.1.2      -            199 d2dm6a1b.35.1.2.aln  -            182   3.3e-68  224.7   0.0   1   1   4.8e-70   3.8e-68  224.5   0.0     2   179     8   198     7   199 0.99 -
d1piwa1b.35.1.2      -            193 d2dm6a1b.35.1.2.aln  -            182   2.5e-67  221.8   0.8   1   1   3.5e-69   2.8e-67  221.6   0.8     2   181     5   186     4   187 0.98 -
d1f8fa1b.35.1.2      -            195 d2dm6a1b.35.1.2.aln  -            182   1.2e-62  206.6   0.1   1   1   1.6e-64   1.3e-62  206.5   0.1     2   180     3   194     2   195 0.99 -
d1pl8a1b.35.1.2      -            186 d2dm6a1b.35.1.2.aln  -            182   3.4e-62  205.1   0.0   1   1   4.8e-64   3.8e-62  204.9   0.0     3   181     5   180     3   181 0.98 -
d1kola1b.35.1.2      -            202 d2dm6a1b.35.1.2.aln  -            182   1.9e-60  199.4   0.6   1   1   2.6e-62   2.1e-60  199.3   0.6     3   181     2   197     1   198 0.99 -
d1h2ba1b.35.1.2      -            172 d2dm6a1b.35.1.2.aln  -            182   4.3e-57  188.5   0.0   1   1     6e-59   4.7e-57  188.3   0.0     4   180     1   171     1   172 0.98 -
d1jqba1b.35.1.2      -            178 d2dm6a1b.35.1.2.aln  -            182   2.1e-55  183.0   0.0   1   1   2.9e-57   2.3e-55  182.8   0.0     9   181     2   177     1   178 0.98 -
d1gu7a1b.35.1.2      -            176 d2dm6a1b.35.1.2.aln  -            182     9e-49  161.3   0.0   1   1   1.8e-50   1.4e-48  160.7   0.0     2   181     2   173     1   174 0.98 -
d1yb5a1b.35.1.2      -            151 d2dm6a1b.35.1.2.aln  -            182   2.3e-41  137.2   0.0   1   1     2e-40   1.6e-38  128.0   0.0     2   180     2   149     1   151 0.97 -
d1o89a1b.35.1.2      -            147 d2dm6a1b.35.1.2.aln  -            182   7.2e-32  106.3   0.0   1   1   4.6e-33   3.7e-31  103.9   0.0     4   180     2   146     1   147 0.98 -
#
# Program:         hmmsearch
# Version:         3.1b2 (February 2015)
# Pipeline mode:   SEARCH
# Query file:      hmmModels30/d2dm6a1b.35.1.2.hmm
# Target file:     scop/scopTestSeq.fasta
# Option settings: hmmsearch --domtblout hmmModels30/d2dm6a1b.35.1.2.out -E 1 hmmModels30/d2dm6a1b.35.1.2.hmm scop/scopTestSeq.fasta 
# Current dir:     /home/anastasia/SBAS/TME8
# Date:            Sat Apr  8 15:33:53 2023
# [ok]
