#                                                                            --- full sequence --- -------------- this domain -------------   hmm coord   ali coord   env coord
# target name        accession   tlen query name           accession   qlen   E-value  score  bias   #  of  c-Evalue  i-Evalue  score  bias  from    to  from    to  from    to  acc description of target
#------------------- ---------- ----- -------------------- ---------- ----- --------- ------ ----- --- --- --------- --------- ------ ----- ----- ----- ----- ----- ----- ----- ---- ---------------------
d2gmha1c.3.1.2       -            381 d2dw4a2c.3.1.2.aln   -            351  7.1e-129  425.3   0.0   1   1  2.6e-130    8e-129  425.1   0.0     2   351    31   380    30   380 0.99 -
d2f5va1c.3.1.2       -            380 d2dw4a2c.3.1.2.aln   -            351  1.3e-119  394.8   0.0   1   1  4.9e-121  1.5e-119  394.6   0.0     1   351     2   374     2   374 1.00 -
d1seza1c.3.1.2       -            374 d2dw4a2c.3.1.2.aln   -            351   9.3e-95  313.1   0.0   1   1   3.4e-96     1e-94  312.9   0.0     4   350     2   373     1   374 0.99 -
d1b5qa1c.3.1.2       -            348 d2dw4a2c.3.1.2.aln   -            351   7.1e-94  310.2   0.0   1   1   2.6e-95   7.9e-94  310.0   0.0     4   351     1   348     1   348 0.99 -
d1kdga1c.3.1.2       -            361 d2dw4a2c.3.1.2.aln   -            351   4.4e-88  291.1   0.0   1   1   1.6e-89   4.9e-88  291.0   0.0     2   349     1   356     1   358 0.99 -
d2iida1c.3.1.2       -            371 d2dw4a2c.3.1.2.aln   -            351   5.6e-88  290.8   0.0   1   1   2.1e-89   6.3e-88  290.6   0.0     3   349     4   371     2   371 0.99 -
d1pn0a1c.3.1.2       -            361 d2dw4a2c.3.1.2.aln   -            351   4.1e-86  284.6   0.0   1   1   1.5e-87   4.6e-86  284.5   0.0     2   350     6   357     5   358 0.99 -
d1n4wa1c.3.1.2       -            368 d2dw4a2c.3.1.2.aln   -            351   5.9e-86  284.1   0.2   1   1   2.2e-87   6.6e-86  284.0   0.2     3   351     2   366     1   366 0.99 -
d1ju2a1c.3.1.2       -            352 d2dw4a2c.3.1.2.aln   -            351     6e-78  257.8   0.1   1   1   2.2e-79   6.7e-78  257.6   0.1     2   345     9   351     8   352 0.99 -
d2ivda1c.3.1.2       -            348 d2dw4a2c.3.1.2.aln   -            351   2.7e-73  242.5   1.5   1   1     1e-74   3.1e-73  242.3   1.5     4   345     1   348     1   348 0.99 -
d1pj5a2c.3.1.2       -            306 d2dw4a2c.3.1.2.aln   -            351     3e-61  202.9   0.2   1   1   1.1e-62   3.3e-61  202.7   0.2     4   338     2   302     1   306 0.99 -
d1ryia1c.3.1.2       -            277 d2dw4a2c.3.1.2.aln   -            351   1.1e-58  194.4   0.0   1   1   4.1e-60   1.2e-58  194.3   0.0     2   314     3   275     2   277 0.99 -
d1k0ia1c.3.1.2       -            293 d2dw4a2c.3.1.2.aln   -            351   7.6e-56  185.1   0.0   1   1   2.8e-57   8.5e-56  184.9   0.0     3   336     2   292     1   293 0.99 -
d2gf3a1c.3.1.2       -            282 d2dw4a2c.3.1.2.aln   -            351   1.6e-54  180.8   0.0   1   1   5.7e-56   1.7e-54  180.6   0.0     2   317     2   279     1   282 0.98 -
d3c96a1c.3.1.2       -            289 d2dw4a2c.3.1.2.aln   -            351   1.6e-51  170.9   0.5   1   1   5.8e-53   1.8e-51  170.7   0.5     4   335     2   288     1   289 0.99 -
d2voua1c.3.1.2       -            266 d2dw4a2c.3.1.2.aln   -            351   2.3e-42  140.8   0.2   1   1   8.5e-44   2.6e-42  140.6   0.2     2   322     3   264     2   266 0.98 -
d2dw4a2c.3.1.2       -            450 d2dw4a2c.3.1.2.aln   -            351     4e-06   21.5   0.1   1   2     9e-07   2.7e-05   18.8   0.2     6    35     8    37     5    49 0.82 -
d2dw4a2c.3.1.2       -            450 d2dw4a2c.3.1.2.aln   -            351     4e-06   21.5   0.1   2   2      0.52        16   -0.1   0.0   197   254   331   390   328   394 0.83 -
d1nhpa2c.3.1.5       -            123 d2dw4a2c.3.1.2.aln   -            351   6.4e-06   20.9   3.3   1   1   1.5e-06   4.7e-05   18.1   3.3     5    35    32    62    31   123 0.68 -
d1xhca2c.3.1.5       -            122 d2dw4a2c.3.1.2.aln   -            351   1.6e-05   19.6   0.1   1   1   6.2e-07   1.9e-05   19.4   0.1     5    35    34    64    32    97 0.94 -
d1w4xa1c.3.1.5       -            299 d2dw4a2c.3.1.2.aln   -            351   6.1e-05   17.7   0.4   1   1     3e-06   9.2e-05   17.1   0.4     2    36     6    40     5    44 0.89 -
d1fl2a2c.3.1.5       -            126 d2dw4a2c.3.1.2.aln   -            351   0.00011   16.9   0.2   1   1   4.9e-06   0.00015   16.4   0.2     5    41    32    67    30    77 0.94 -
d1v59a1c.3.1.5       -            234 d2dw4a2c.3.1.2.aln   -            351   0.00068   14.2   0.4   1   1   3.1e-05   0.00093   13.8   0.4     5    35     7    37     3    43 0.90 -
d1gpja2c.2.1.7       -            159 d2dw4a2c.3.1.2.aln   -            351    0.0013   13.3   0.1   1   1   5.3e-05    0.0016   13.0   0.1     6    32    27    53    24    87 0.93 -
d1v59a2c.3.1.5       -            122 d2dw4a2c.3.1.2.aln   -            351    0.0016   13.0   0.0   1   1   6.2e-05    0.0019   12.8   0.0     4    43    24    62    21    73 0.78 -
d2gv8a1c.3.1.5       -            336 d2dw4a2c.3.1.2.aln   -            351    0.0055   11.2   0.1   1   1   0.00032    0.0097   10.4   0.1     6    23     7    24     6    43 0.81 -
d1fl2a1c.3.1.5       -            185 d2dw4a2c.3.1.2.aln   -            351    0.0065   11.0   2.3   1   1   0.00034      0.01   10.4   2.3     4    19     2    17     1    25 0.94 -
#
# Program:         hmmsearch
# Version:         3.1b2 (February 2015)
# Pipeline mode:   SEARCH
# Query file:      hmmModels30/d2dw4a2c.3.1.2.hmm
# Target file:     scop/scopTestSeq.fasta
# Option settings: hmmsearch --domtblout hmmModels30/d2dw4a2c.3.1.2.out -E 1 hmmModels30/d2dw4a2c.3.1.2.hmm scop/scopTestSeq.fasta 
# Current dir:     /home/anastasia/SBAS/TME8
# Date:            Sat Apr  8 15:33:53 2023
# [ok]
