#                                                                            --- full sequence --- -------------- this domain -------------   hmm coord   ali coord   env coord
# target name        accession   tlen query name           accession   qlen   E-value  score  bias   #  of  c-Evalue  i-Evalue  score  bias  from    to  from    to  from    to  acc description of target
#------------------- ---------- ----- -------------------- ---------- ----- --------- ------ ----- --- --- --------- --------- ------ ----- ----- ----- ----- ----- ----- ----- ---- ---------------------
d1vr5a1c.94.1.1      -            535 d2esna2c.94.1.1.aln  -            332  2.9e-121  400.5  10.4   1   1  1.4e-122  3.9e-121  400.0  10.4     1   332   117   489   117   489 1.00 -
d1jeta_c.94.1.1      -            517 d2esna2c.94.1.1.aln  -            332  4.8e-118  389.9  13.3   1   1  2.3e-119  6.4e-118  389.5  13.3     1   332   142   484   142   484 1.00 -
d1xoca1c.94.1.1      -            504 d2esna2c.94.1.1.aln  -            332   2.5e-99  328.4  21.0   1   2      0.88        25   -0.3   0.0   182   212    70   100    58   102 0.85 -
d1xoca1c.94.1.1      -            504 d2esna2c.94.1.1.aln  -            332   2.5e-99  328.4  21.0   2   2  8.8e-101   2.5e-99  328.4  21.0     1   332   119   472   119   472 1.00 -
d2nooa_c.94.1.1      -            496 d2esna2c.94.1.1.aln  -            332     6e-97  320.5   0.2   1   1   3.3e-98   9.3e-97  319.9   0.2     1   332   113   466   113   466 1.00 -
d1uqwa_c.94.1.1      -            487 d2esna2c.94.1.1.aln  -            332   6.3e-92  304.0  11.9   1   1   2.8e-93   7.8e-92  303.7  11.9     1   332   116   457   116   457 0.99 -
d3vlva_c.94.1.1      -            490 d2esna2c.94.1.1.aln  -            332   2.2e-91  302.3  10.5   1   1   9.3e-93   2.6e-91  302.0  10.5     1   332   111   462   111   462 1.00 -
d1eu8a_c.94.1.1      -            407 d2esna2c.94.1.1.aln  -            332   6.5e-64  212.0   9.3   1   1   2.6e-65   7.4e-64  211.8   9.3     2   332    62   407    61   407 0.99 -
d1ursa_c.94.1.1      -            367 d2esna2c.94.1.1.aln  -            332     1e-55  185.0   8.1   1   1   4.5e-57   1.3e-55  184.7   8.1     7   327    38   366    37   367 0.99 -
d3thia_c.94.1.1      -            362 d2esna2c.94.1.1.aln  -            332   6.2e-46  152.9   0.4   1   1   2.5e-47   7.1e-46  152.7   0.4     2   331     4   349     3   350 0.99 -
d1r9la_c.94.1.1      -            309 d2esna2c.94.1.1.aln  -            332   4.2e-40  133.7   9.3   1   1   1.6e-41   4.6e-40  133.6   9.3    11   332     2   301     1   301 0.99 -
d1pb7a_c.94.1.1      -            289 d2esna2c.94.1.1.aln  -            332   1.1e-34  115.9   0.0   1   1   4.2e-36   1.2e-34  115.8   0.0     1   300     1   288     1   289 0.99 -
d1ixha_c.94.1.1      -            321 d2esna2c.94.1.1.aln  -            332   3.2e-30  101.2  11.2   1   1   1.4e-31   3.8e-30  101.0  11.2    16   331     9   321     3   321 0.98 -
d1q35a_c.94.1.1      -            318 d2esna2c.94.1.1.aln  -            332   1.8e-29   98.8   3.1   1   1   6.9e-31     2e-29   98.6   3.1     9   324     3   318     1   318 0.97 -
d1sbpa_c.94.1.1      -            309 d2esna2c.94.1.1.aln  -            332   4.6e-28   94.1   9.4   1   1   1.8e-29   5.1e-28   94.0   9.4    10   323     4   308     1   309 0.98 -
d2nxoa1c.94.1.1      -            277 d2esna2c.94.1.1.aln  -            332   2.2e-27   91.9   0.0   1   1   8.5e-29   2.4e-27   91.8   0.0    11   285     2   273     1   277 0.98 -
d2i6ea1c.94.1.1      -            272 d2esna2c.94.1.1.aln  -            332   3.7e-27   91.1   0.0   1   1   1.4e-28     4e-27   91.0   0.0    41   279    23   270     1   272 0.92 -
d1nnfa_c.94.1.1      -            308 d2esna2c.94.1.1.aln  -            332   6.9e-26   87.0  11.3   1   1   2.7e-27   7.6e-26   86.8  11.3    10   317     4   306     1   308 0.97 -
d1us5a_c.94.1.1      -            298 d2esna2c.94.1.1.aln  -            332   9.7e-22   73.3   0.1   1   1   3.7e-23   1.1e-21   73.2   0.1    10   302     6   295     1   298 0.97 -
d1al3a_c.94.1.1      -            237 d2esna2c.94.1.1.aln  -            332   9.7e-19   63.5   0.0   1   1   3.7e-20   1.1e-18   63.4   0.0    10   260     4   232     1   237 0.98 -
d1twya_c.94.1.1      -            249 d2esna2c.94.1.1.aln  -            332   8.3e-17   57.1   0.1   1   1   3.5e-18     1e-16   56.9   0.1    27   286    12   247     3   249 0.96 -
d2czla1c.94.1.1      -            270 d2esna2c.94.1.1.aln  -            332   2.7e-16   55.4   0.0   1   1   1.1e-17     3e-16   55.3   0.0    14   288     4   268     1   270 0.93 -
d1xt8a1c.94.1.1      -            248 d2esna2c.94.1.1.aln  -            332   2.8e-16   55.4   5.5   1   1   1.3e-17   3.7e-16   55.0   5.5    26   267    14   238     6   246 0.95 -
d1sw5a_c.94.1.1      -            270 d2esna2c.94.1.1.aln  -            332   8.9e-16   53.7   3.5   1   1   3.9e-17   1.1e-15   53.4   3.5    28   286    24   263     3   268 0.92 -
d1ii5a_c.94.1.1      -            226 d2esna2c.94.1.1.aln  -            332   4.8e-13   44.7   0.3   1   1   1.9e-14   5.2e-13   44.6   0.3    13   246     2   221     1   226 0.97 -
d1atga_c.94.1.1      -            231 d2esna2c.94.1.1.aln  -            332   2.6e-12   42.4   0.9   1   1   1.1e-13   3.2e-12   42.0   0.9    26   252    17   227     5   230 0.94 -
d2ozza1c.94.1.1      -            228 d2esna2c.94.1.1.aln  -            332   1.2e-08   30.3   0.0   1   1   4.6e-10   1.3e-08   30.2   0.0    15   253     4   223     1   228 0.96 -
d2qmwa1c.94.1.1      -            184 d2esna2c.94.1.1.aln  -            332   1.7e-08   29.8   0.1   1   2   4.4e-09   1.2e-07   27.0   0.1    12   171     1   138     1   143 0.96 -
d2qmwa1c.94.1.1      -            184 d2esna2c.94.1.1.aln  -            332   1.7e-08   29.8   0.1   2   2      0.32         9    1.1   0.0   214   253   144   183   139   184 0.91 -
d1i6aa_c.94.1.1      -            212 d2esna2c.94.1.1.aln  -            332   1.1e-05   20.6   0.0   1   1   3.9e-07   1.1e-05   20.6   0.0    12   118     5    97     1   212 0.81 -
#
# Program:         hmmsearch
# Version:         3.1b2 (February 2015)
# Pipeline mode:   SEARCH
# Query file:      hmmModels30/d2esna2c.94.1.1.hmm
# Target file:     scop/scopTestSeq.fasta
# Option settings: hmmsearch --domtblout hmmModels30/d2esna2c.94.1.1.out -E 1 hmmModels30/d2esna2c.94.1.1.hmm scop/scopTestSeq.fasta 
# Current dir:     /home/anastasia/SBAS/TME8
# Date:            Sat Apr  8 15:33:53 2023
# [ok]
