#                                                                            --- full sequence --- -------------- this domain -------------   hmm coord   ali coord   env coord
# target name        accession   tlen query name           accession   qlen   E-value  score  bias   #  of  c-Evalue  i-Evalue  score  bias  from    to  from    to  from    to  acc description of target
#------------------- ---------- ----- -------------------- ---------- ----- --------- ------ ----- --- --- --------- --------- ------ ----- ----- ----- ----- ----- ----- ----- ---- ---------------------
d1p0ha_d.108.1.1     -            308 d2euia1d.108.1.1.aln -            243  1.1e-106  351.8   0.0   1   2  1.3e-107  2.6e-106  350.5   0.0    21   243     1   227     1   227 1.00 -
d1p0ha_d.108.1.1     -            308 d2euia1d.108.1.1.aln -            243  1.1e-106  351.8   0.0   2   2       4.5        91   -1.7   0.0   133   133   265   265   232   305 0.52 -
d2p0wa_d.108.1.1     -            319 d2euia1d.108.1.1.aln -            243   3.1e-82  271.7   0.0   1   1   1.9e-83   3.8e-82  271.4   0.0     1   213    83   319    83   319 1.00 -
d1boba_d.108.1.1     -            315 d2euia1d.108.1.1.aln -            243   8.5e-78  257.1   0.2   1   1     5e-79     1e-77  256.9   0.2     1   216    75   315    75   315 1.00 -
d2pq8a_d.108.1.1     -            271 d2euia1d.108.1.1.aln -            243   6.7e-70  231.3   0.0   1   1   3.7e-71   7.5e-70  231.1   0.0     1   243     1   271     1   271 1.00 -
d1tiqa_d.108.1.1     -            173 d2euia1d.108.1.1.aln -            243   2.2e-20   69.1   0.2   1   1   1.4e-21   2.8e-20   68.8   0.2    35   206     9   168     2   172 0.93 -
d1z4ea1d.108.1.1     -            150 d2euia1d.108.1.1.aln -            243   5.2e-18   61.4   0.1   1   1     3e-19     6e-18   61.1   0.1    33   180     7   145     1   148 0.85 -
d1u6ma_d.108.1.1     -            189 d2euia1d.108.1.1.aln -            243   5.1e-17   58.1   0.0   1   1   2.8e-18   5.7e-17   58.0   0.0    45   202    21   186     4   189 0.94 -
d2gana1d.108.1.1     -            182 d2euia1d.108.1.1.aln -            243   1.6e-15   53.2   0.0   1   1     9e-17   1.8e-15   53.0   0.0    45   201    28   179     5   182 0.90 -
d1n71a_d.108.1.1     -            180 d2euia1d.108.1.1.aln -            243   1.5e-14   50.0   0.0   1   1   7.9e-16   1.6e-14   49.9   0.0    35   225     4   179     1   180 0.92 -
d2b5ga_d.108.1.1     -            168 d2euia1d.108.1.1.aln -            243   7.4e-14   47.8   0.0   1   1   4.4e-15   8.8e-14   47.5   0.0    45   177    20   147     8   160 0.91 -
d1y9ka1d.108.1.1     -            152 d2euia1d.108.1.1.aln -            243   2.4e-13   46.1   0.0   1   1   1.3e-14   2.6e-13   46.0   0.0    93   204    45   146    14   152 0.86 -
d1vkca_d.108.1.1     -            149 d2euia1d.108.1.1.aln -            243   4.6e-13   45.2   0.1   1   1   2.7e-14   5.4e-13   44.9   0.1    46   176    20   140     2   145 0.88 -
d1mk4a_d.108.1.1     -            157 d2euia1d.108.1.1.aln -            243   9.1e-13   44.2   0.0   1   1   4.8e-14   9.6e-13   44.1   0.0    61   202    23   153     5   157 0.80 -
d1yk3a1d.108.1.1     -            198 d2euia1d.108.1.1.aln -            243   9.2e-13   44.2   0.0   1   1   5.4e-14   1.1e-12   43.9   0.0    30   205     6   195     2   198 0.96 -
d2ae6a1d.108.1.1     -            161 d2euia1d.108.1.1.aln -            243   1.5e-12   43.5   0.0   1   1   8.8e-14   1.8e-12   43.2   0.0    42   205    12   158     4   160 0.85 -
d1i12a_d.108.1.1     -            157 d2euia1d.108.1.1.aln -            243   1.6e-12   43.4   0.0   1   1   9.4e-14   1.9e-12   43.1   0.0    29   188     7   150     3   157 0.93 -
d1qsma_d.108.1.1     -            150 d2euia1d.108.1.1.aln -            243   3.6e-12   42.2   0.0   1   1     2e-13     4e-12   42.1   0.0    29   175     4   139     1   146 0.92 -
d1ufha_d.108.1.1     -            155 d2euia1d.108.1.1.aln -            243   1.9e-11   39.9   0.2   1   1   1.1e-12   2.2e-11   39.7   0.2    83   184    59   150     4   155 0.65 -
d1bo4a_d.108.1.1     -            137 d2euia1d.108.1.1.aln -            243   1.1e-10   37.4   0.0   1   1   5.6e-12   1.1e-10   37.3   0.0    42   173    16   137     2   137 0.91 -
d1wwza1d.108.1.1     -            157 d2euia1d.108.1.1.aln -            243   3.7e-10   35.7   0.0   1   1     2e-11     4e-10   35.5   0.0    36   186     7   143     1   154 0.83 -
d2fcka1d.108.1.1     -            178 d2euia1d.108.1.1.aln -            243   8.9e-10   34.4   0.1   1   1   5.2e-11   1.1e-09   34.2   0.1    33   182    10   158     4   172 0.86 -
d1yx0a1d.108.1.1     -            151 d2euia1d.108.1.1.aln -            243   9.4e-10   34.3   0.0   1   1     5e-11     1e-09   34.2   0.0    54   179    17   130     2   150 0.86 -
d1cjwa_d.108.1.1     -            166 d2euia1d.108.1.1.aln -            243   9.6e-10   34.3   0.0   1   1   4.8e-11   9.6e-10   34.3   0.0   102   194    48   154     6   166 0.75 -
d2cy2a1d.108.1.1     -            174 d2euia1d.108.1.1.aln -            243   1.2e-09   34.0   0.1   1   1   6.8e-11   1.4e-09   33.8   0.1    54   173    30   144    14   165 0.84 -
d1y9wa1d.108.1.1     -            140 d2euia1d.108.1.1.aln -            243   1.8e-09   33.4   0.0   1   1   9.1e-11   1.8e-09   33.4   0.0   104   190    59   124     6   140 0.70 -
d2g3aa1d.108.1.1     -            137 d2euia1d.108.1.1.aln -            243   2.8e-09   32.8   0.0   1   1   1.4e-10   2.9e-09   32.7   0.0   117   205    62   136     5   137 0.81 -
d2atra1d.108.1.1     -            137 d2euia1d.108.1.1.aln -            243   3.2e-09   32.6   0.0   1   1   1.9e-10   3.8e-09   32.3   0.0    83   175    41   121    23   134 0.86 -
d2euia1d.108.1.1     -            153 d2euia1d.108.1.1.aln -            243   2.4e-08   29.7   0.1   1   1   1.4e-09   2.7e-08   29.5   0.1    68   176    35   137     4   146 0.71 -
d1ghea_d.108.1.1     -            170 d2euia1d.108.1.1.aln -            243   4.8e-08   28.7   0.0   1   1   2.6e-09   5.2e-08   28.6   0.0    98   175    73   144     8   150 0.80 -
d2fiaa1d.108.1.1     -            157 d2euia1d.108.1.1.aln -            243   6.4e-08   28.3   0.1   1   1   3.9e-09   7.9e-08   28.0   0.1    36   182    13   140     3   150 0.88 -
d2jdca1d.108.1.1     -            145 d2euia1d.108.1.1.aln -            243   6.7e-08   28.2   0.1   1   1   3.6e-09   7.2e-08   28.1   0.1   102   204    46   142     9   145 0.75 -
d2fl4a1d.108.1.1     -            146 d2euia1d.108.1.1.aln -            243   6.8e-08   28.2   0.2   1   1   3.7e-09   7.4e-08   28.1   0.2    63   184    25   129     5   146 0.79 -
d2fiwa1d.108.1.1     -            156 d2euia1d.108.1.1.aln -            243   3.3e-07   26.0   0.0   1   1   1.8e-08   3.6e-07   25.9   0.0    40   187     7   135     1   154 0.76 -
d1y7ra1d.108.1.1     -            133 d2euia1d.108.1.1.aln -            243   1.7e-06   23.6   0.0   1   1   9.3e-08   1.9e-06   23.5   0.0   113   187    61   122    28   131 0.89 -
d1q2ya_d.108.1.1     -            140 d2euia1d.108.1.1.aln -            243   2.2e-06   23.3   0.1   1   1   1.6e-07   3.2e-06   22.7   0.1    97   179    44   124     3   139 0.71 -
d1z4ra1d.108.1.1     -            162 d2euia1d.108.1.1.aln -            243   2.5e-06   23.1   0.0   1   1   1.5e-07     3e-06   22.9   0.0    33   179     6   136     2   152 0.88 -
d2aj6a1d.108.1.1     -            118 d2euia1d.108.1.1.aln -            243   2.5e-06   23.1   0.0   1   1   1.4e-07   2.8e-06   23.0   0.0    73   152    42   115     5   117 0.85 -
d1xeba_d.108.1.1     -            149 d2euia1d.108.1.1.aln -            243   3.6e-05   19.3   0.3   1   1   2.9e-06   5.8e-05   18.6   0.2   121   173    80   128    48   140 0.85 -
d1nsla_d.108.1.1     -            180 d2euia1d.108.1.1.aln -            243     5e-05   18.8   0.0   1   1   2.7e-06   5.5e-05   18.7   0.0    30   207     6   176     2   180 0.80 -
#
# Program:         hmmsearch
# Version:         3.1b2 (February 2015)
# Pipeline mode:   SEARCH
# Query file:      hmmModels30/d2euia1d.108.1.1.hmm
# Target file:     scop/scopTestSeq.fasta
# Option settings: hmmsearch --domtblout hmmModels30/d2euia1d.108.1.1.out -E 1 hmmModels30/d2euia1d.108.1.1.hmm scop/scopTestSeq.fasta 
# Current dir:     /home/anastasia/SBAS/TME8
# Date:            Sat Apr  8 15:33:53 2023
# [ok]
