#                                                                            --- full sequence --- -------------- this domain -------------   hmm coord   ali coord   env coord
# target name        accession   tlen query name           accession   qlen   E-value  score  bias   #  of  c-Evalue  i-Evalue  score  bias  from    to  from    to  from    to  acc description of target
#------------------- ---------- ----- -------------------- ---------- ----- --------- ------ ----- --- --- --------- --------- ------ ----- ----- ----- ----- ----- ----- ----- ---- ---------------------
d2ov9a1d.38.1.5      -            203 d2f41a1d.38.1.5.aln  -            148     9e-68  222.3   1.0   1   1     2e-69   1.1e-67  222.0   1.0     1   148     9   162     9   162 0.99 -
d2hboa1d.38.1.5      -            142 d2f41a1d.38.1.5.aln  -            148   1.9e-43  143.4   0.0   1   1   3.7e-45   2.1e-43  143.3   0.0     7   148     2   140     1   140 0.98 -
d1q4ta_d.38.1.5      -            142 d2f41a1d.38.1.5.aln  -            148   1.7e-41  137.1   1.7   1   1   3.2e-43   1.8e-41  137.0   1.7     2   147     2   141     1   142 0.98 -
d1t82a_d.38.1.5      -            143 d2f41a1d.38.1.5.aln  -            148   3.8e-41  135.9   0.0   1   1   7.4e-43   4.2e-41  135.8   0.0     4   145     1   143     1   143 0.99 -
d1yoca1d.38.1.5      -            145 d2f41a1d.38.1.5.aln  -            148   8.6e-41  134.8   0.1   1   1   1.7e-42   9.6e-41  134.6   0.1     1   143     6   144     6   145 0.98 -
d1sh8a_d.38.1.5      -            153 d2f41a1d.38.1.5.aln  -            148   9.7e-41  134.6   0.1   1   1   1.9e-42   1.1e-40  134.5   0.1     3   147     1   149     1   150 0.99 -
d3f5oa_d.38.1.5      -            138 d2f41a1d.38.1.5.aln  -            148   6.1e-40  132.0   0.9   1   1   1.2e-41   6.7e-40  131.9   0.9     2   143     2   137     1   138 0.97 -
d1vh5a_d.38.1.5      -            138 d2f41a1d.38.1.5.aln  -            148   4.1e-36  119.6   0.0   1   1   7.9e-38   4.5e-36  119.5   0.0     2   144     2   137     1   138 0.97 -
d1ixla_d.38.1.5      -            130 d2f41a1d.38.1.5.aln  -            148   4.4e-32  106.5   0.1   1   1   8.6e-34   4.8e-32  106.4   0.1    10   143     2   129     1   130 0.97 -
d1wlua_d.38.1.5      -            117 d2f41a1d.38.1.5.aln  -            148   5.7e-31  102.9   1.3   1   1   1.1e-32   6.2e-31  102.8   1.3    18   143     2   116     1   117 0.98 -
d2gvha1d.38.1.1      -            135 d2f41a1d.38.1.5.aln  -            148   2.3e-07   26.3   0.1   1   1   6.4e-09   3.6e-07   25.7   0.1    48   125    20    95    15   107 0.90 -
d1vpma_d.38.1.1      -            155 d2f41a1d.38.1.5.aln  -            148   2.3e-06   23.1   0.3   1   1   5.6e-08   3.2e-06   22.6   0.3    47   142    21   114    14   118 0.90 -
d2f41a1d.38.1.5      -            111 d2f41a1d.38.1.5.aln  -            148   1.3e-05   20.6   0.5   1   2      0.94        53   -0.8   0.0   113   140    18    45    14    49 0.78 -
d2f41a1d.38.1.5      -            111 d2f41a1d.38.1.5.aln  -            148   1.3e-05   20.6   0.5   2   2   4.8e-07   2.7e-05   19.6   0.5    70   133    46   108    36   110 0.85 -
d1s5ua_d.38.1.1      -            129 d2f41a1d.38.1.5.aln  -            148   0.00011   17.7   0.1   1   1   3.5e-06    0.0002   16.8   0.1    80   129    52   101     7   109 0.83 -
#
# Program:         hmmsearch
# Version:         3.1b2 (February 2015)
# Pipeline mode:   SEARCH
# Query file:      hmmModels30/d2f41a1d.38.1.5.hmm
# Target file:     scop/scopTestSeq.fasta
# Option settings: hmmsearch --domtblout hmmModels30/d2f41a1d.38.1.5.out -E 1 hmmModels30/d2f41a1d.38.1.5.hmm scop/scopTestSeq.fasta 
# Current dir:     /home/anastasia/SBAS/TME8
# Date:            Sat Apr  8 15:33:53 2023
# [ok]
