#                                                                            --- full sequence --- -------------- this domain -------------   hmm coord   ali coord   env coord
# target name        accession   tlen query name           accession   qlen   E-value  score  bias   #  of  c-Evalue  i-Evalue  score  bias  from    to  from    to  from    to  acc description of target
#------------------- ---------- ----- -------------------- ---------- ----- --------- ------ ----- --- --- --------- --------- ------ ----- ----- ----- ----- ----- ----- ----- ---- ---------------------
d2fbka1a.4.5.28      -            172 d2fbia1a.4.5.28.aln  -            142   1.1e-58  192.6   0.1   1   1   3.3e-60   1.3e-58  192.4   0.1     2   142    32   172    31   172 0.99 -
d2fxaa1a.4.5.28      -            162 d2fbia1a.4.5.28.aln  -            142   6.2e-54  177.2   0.0   1   1   1.8e-55   6.9e-54  177.1   0.0     2   142     8   148     7   148 0.99 -
d1lj9a_a.4.5.28      -            144 d2fbia1a.4.5.28.aln  -            142   3.3e-40  132.7   1.3   1   1   9.2e-42   3.6e-40  132.6   1.3     8   141     2   135     1   136 0.98 -
d2etha1a.4.5.28      -            140 d2fbia1a.4.5.28.aln  -            142   3.1e-39  129.6   0.0   1   1   8.7e-41   3.4e-39  129.4   0.0     3   142     2   139     1   139 0.98 -
d1s3ja_a.4.5.28      -            143 d2fbia1a.4.5.28.aln  -            142   3.4e-37  123.0   4.1   1   1   9.4e-39   3.7e-37  122.8   4.1     2   141     2   141     1   142 0.98 -
d3echa_a.4.5.28      -            142 d2fbia1a.4.5.28.aln  -            142   1.2e-36  121.2   0.1   1   1   3.4e-38   1.3e-36  121.0   0.1     3   139     5   141     3   142 0.98 -
d1jgsa_a.4.5.28      -            138 d2fbia1a.4.5.28.aln  -            142     2e-35  117.2   0.0   1   1   5.4e-37   2.1e-35  117.1   0.0     4   137     3   136     1   138 0.95 -
d3broa1a.4.5.28      -            135 d2fbia1a.4.5.28.aln  -            142   3.9e-35  116.3   5.0   1   1   1.1e-36   4.3e-35  116.1   5.0     6   138     2   134     1   135 0.98 -
d2a61a1a.4.5.28      -            139 d2fbia1a.4.5.28.aln  -            142   3.8e-34  113.1   0.0   1   1     1e-35   4.1e-34  113.0   0.0     6   142     3   137     1   137 0.97 -
d2fbha1a.4.5.28      -            137 d2fbia1a.4.5.28.aln  -            142     4e-34  113.0   0.4   1   1   1.1e-35   4.3e-34  112.9   0.4     9   142     3   136     1   136 0.98 -
d1p4xa1a.4.5.28      -            125 d2fbia1a.4.5.28.aln  -            142   7.4e-33  108.9   1.7   1   1     2e-34   8.1e-33  108.8   1.7     2   123     3   124     2   125 0.97 -
d2hr3a1a.4.5.28      -            145 d2fbia1a.4.5.28.aln  -            142   2.7e-32  107.0   0.2   1   1   7.6e-34     3e-32  106.9   0.2     3   142     3   142     1   142 0.98 -
d1p4xa2a.4.5.28      -            125 d2fbia1a.4.5.28.aln  -            142   7.9e-31  102.3   3.2   1   1   2.1e-32   8.4e-31  102.2   3.2     3   123     3   123     1   125 0.96 -
d1hsja1a.4.5.28      -            115 d2fbia1a.4.5.28.aln  -            142   8.3e-29   95.8   3.7   1   1   2.3e-30   9.1e-29   95.6   3.7     3   115     2   114     1   115 0.98 -
d3jw4a_a.4.5.0       -            137 d2fbia1a.4.5.28.aln  -            142   2.4e-21   71.6   0.2   1   1   6.6e-23   2.6e-21   71.5   0.2    19   135    16   132     5   137 0.92 -
d1ub9a_a.4.5.28      -            100 d2fbia1a.4.5.28.aln  -            142   1.5e-20   69.0   0.0   1   1     4e-22   1.6e-20   68.9   0.0    18   116     1    97     1   100 0.96 -
d3bjaa_a.4.5.0       -            139 d2fbia1a.4.5.28.aln  -            142     3e-17   58.3   0.1   1   1   8.6e-19   3.4e-17   58.1   0.1    25   138    25   136    12   139 0.86 -
d2fbia1a.4.5.28      -            136 d2fbia1a.4.5.28.aln  -            142   5.3e-17   57.5   0.6   1   1   1.6e-18   6.1e-17   57.3   0.6    33   137    28   132     4   134 0.91 -
d3ctaa1a.4.5.28      -             85 d2fbia1a.4.5.28.aln  -            142   6.3e-15   50.8   0.3   1   1   1.8e-16   7.2e-15   50.6   0.3    46   114    18    83     2    85 0.92 -
d3df8a_a.4.5.0       -            109 d2fbia1a.4.5.28.aln  -            142     0.004   12.5   0.0   1   1   0.00013    0.0053   12.1   0.0    60   110    54   100    22   105 0.83 -
#
# Program:         hmmsearch
# Version:         3.1b2 (February 2015)
# Pipeline mode:   SEARCH
# Query file:      hmmModels30/d2fbia1a.4.5.28.hmm
# Target file:     scop/scopTestSeq.fasta
# Option settings: hmmsearch --domtblout hmmModels30/d2fbia1a.4.5.28.out -E 1 hmmModels30/d2fbia1a.4.5.28.hmm scop/scopTestSeq.fasta 
# Current dir:     /home/anastasia/SBAS/TME8
# Date:            Sat Apr  8 15:33:54 2023
# [ok]
