#                                                                            --- full sequence --- -------------- this domain -------------   hmm coord   ali coord   env coord
# target name        accession   tlen query name           accession   qlen   E-value  score  bias   #  of  c-Evalue  i-Evalue  score  bias  from    to  from    to  from    to  acc description of target
#------------------- ---------- ----- -------------------- ---------- ----- --------- ------ ----- --- --- --------- --------- ------ ----- ----- ----- ----- ----- ----- ----- ---- ---------------------
d1z0xa2a.121.1.1     -            149 d2fbqa2a.121.1.1.aln -            125   2.6e-54  177.8   0.0   1   1   1.1e-55   3.1e-54  177.5   0.0     1   125     4   128     4   128 0.99 -
d3c07a2a.121.1.1     -            146 d2fbqa2a.121.1.1.aln -            125   1.7e-44  146.2   1.2   1   1   7.5e-46     2e-44  145.9   1.2     1   125    22   146    22   146 0.99 -
d2g7la2a.121.1.1     -            144 d2fbqa2a.121.1.1.aln -            125   2.6e-28   93.9   6.8   1   1   1.2e-29   3.2e-28   93.6   6.8     1   125    14   138    14   138 0.98 -
d1t56a2a.121.1.1     -            120 d2fbqa2a.121.1.1.aln -            125   9.8e-19   63.0   1.9   1   1   3.9e-20   1.1e-18   62.9   1.9     5   121     2   118     1   120 0.98 -
d1t33a2a.121.1.1     -            132 d2fbqa2a.121.1.1.aln -            125   8.9e-18   59.9   0.2   1   1   3.6e-19   9.7e-18   59.8   0.2     2   122     4   124     3   127 0.98 -
d1vi0a2a.121.1.1     -            117 d2fbqa2a.121.1.1.aln -            125   9.6e-18   59.8   0.0   1   1   3.7e-19     1e-17   59.7   0.0     7   120     2   115     1   117 0.96 -
d2hyja2a.121.1.1     -            118 d2fbqa2a.121.1.1.aln -            125   1.5e-17   59.2   5.0   1   1   5.8e-19   1.6e-17   59.1   5.0     4   114     4   114     1   118 0.95 -
d1rkta2a.121.1.1     -            123 d2fbqa2a.121.1.1.aln -            125     8e-17   56.9   0.0   1   1   3.2e-18   8.6e-17   56.7   0.0     4   123     2   121     1   123 0.97 -
d2id3a2a.121.1.1     -            123 d2fbqa2a.121.1.1.aln -            125   3.1e-16   55.0   5.5   1   1   1.3e-17   3.5e-16   54.8   5.5    11   122    11   122     4   123 0.95 -
d2g7sa2a.121.1.1     -            116 d2fbqa2a.121.1.1.aln -            125   6.6e-16   53.9   1.7   1   1   2.7e-17   7.2e-16   53.8   1.7     2   116     1   115     1   116 0.98 -
d2fx0a2a.121.1.1     -            122 d2fbqa2a.121.1.1.aln -            125   8.1e-16   53.6   0.0   1   1   3.2e-17   8.6e-16   53.5   0.0     4   122     3   121     1   122 0.96 -
d1ui5a2a.121.1.1     -            133 d2fbqa2a.121.1.1.aln -            125   1.7e-15   52.6   1.7   1   1   6.9e-17   1.9e-15   52.4   1.7     3   123     5   125     3   127 0.97 -
d2i10a2a.121.1.1     -            116 d2fbqa2a.121.1.1.aln -            125   2.5e-15   52.0   3.1   1   1     1e-16   2.7e-15   51.9   3.1     4   115     4   115     1   116 0.97 -
d2gfna2a.121.1.1     -            119 d2fbqa2a.121.1.1.aln -            125   1.4e-14   49.7   6.7   1   1   5.4e-16   1.5e-14   49.6   6.7     4   119     3   117     1   119 0.97 -
d2oi8a2a.121.1.1     -            130 d2fbqa2a.121.1.1.aln -            125   2.2e-14   49.0   2.9   1   1   8.9e-16   2.4e-14   48.8   2.9     3   122     2   121     1   124 0.97 -
d2id6a2a.121.1.1     -            125 d2fbqa2a.121.1.1.aln -            125   2.6e-14   48.8   0.0   1   1     1e-15   2.8e-14   48.6   0.0     3   124     2   123     1   124 0.98 -
d2gena2a.121.1.1     -            118 d2fbqa2a.121.1.1.aln -            125   6.3e-14   47.5   5.4   1   1   2.6e-15   7.1e-14   47.3   5.4    12   121    13   117     3   118 0.95 -
d2np5a2a.121.1.1     -            118 d2fbqa2a.121.1.1.aln -            125   4.4e-13   44.8   3.2   1   1   1.8e-14   4.9e-13   44.6   3.2     3   123     3   115     1   117 0.97 -
d2d6ya2a.121.1.1     -            118 d2fbqa2a.121.1.1.aln -            125   5.5e-13   44.5   1.5   1   1   2.2e-14     6e-13   44.3   1.5     2   118     2   118     1   118 0.98 -
d2g3ba2a.121.1.1     -            116 d2fbqa2a.121.1.1.aln -            125   6.7e-13   44.2   1.7   1   1   2.6e-14   7.1e-13   44.1   1.7    11   117     9   115     1   116 0.92 -
d1sgma2a.121.1.1     -            111 d2fbqa2a.121.1.1.aln -            125     2e-12   42.7   0.0   1   1   7.6e-14   2.1e-12   42.6   0.0     4   114     4   109     1   111 0.91 -
d2hkua2a.121.1.1     -            121 d2fbqa2a.121.1.1.aln -            125   5.9e-12   41.1   0.0   1   1   2.4e-13   6.6e-12   41.0   0.0     5   115     8   112     4   120 0.93 -
d2o7ta2a.121.1.1     -            110 d2fbqa2a.121.1.1.aln -            125   6.9e-12   40.9   0.0   1   1   2.6e-13   6.9e-12   40.9   0.0     9   107     4   102     1   110 0.93 -
d2fd5a2a.121.1.1     -            104 d2fbqa2a.121.1.1.aln -            125   8.1e-12   40.7   2.7   1   1   3.2e-13   8.6e-12   40.6   2.7     5   111     6   102     2   104 0.94 -
d2fq4a2a.121.1.1     -            115 d2fbqa2a.121.1.1.aln -            125   2.7e-11   39.0   0.0   1   1   1.1e-12   3.1e-11   38.8   0.0     9   117     6   114     2   115 0.95 -
d2g7ga2a.121.1.1     -            132 d2fbqa2a.121.1.1.aln -            125     3e-11   38.9   8.1   1   1   1.2e-12   3.2e-11   38.8   8.1     3   123     3   123     1   125 0.97 -
d2iu5a2a.121.1.1     -            109 d2fbqa2a.121.1.1.aln -            125   8.5e-11   37.4   0.0   1   1   3.3e-12     9e-11   37.3   0.0    11   116     3   108     1   109 0.97 -
d2np3a2a.121.1.1     -            112 d2fbqa2a.121.1.1.aln -            125   1.1e-08   30.6   6.3   1   1   4.9e-10   1.3e-08   30.3   6.3     6   122     6   108     1   111 0.95 -
d1zk8a2a.121.1.1     -            105 d2fbqa2a.121.1.1.aln -            125   7.8e-07   24.6   0.0   1   1     3e-08   8.3e-07   24.5   0.0     4   110     3   102     1   105 0.93 -
#
# Program:         hmmsearch
# Version:         3.1b2 (February 2015)
# Pipeline mode:   SEARCH
# Query file:      hmmModels30/d2fbqa2a.121.1.1.hmm
# Target file:     scop/scopTestSeq.fasta
# Option settings: hmmsearch --domtblout hmmModels30/d2fbqa2a.121.1.1.out -E 1 hmmModels30/d2fbqa2a.121.1.1.hmm scop/scopTestSeq.fasta 
# Current dir:     /home/anastasia/SBAS/TME8
# Date:            Sat Apr  8 15:33:54 2023
# [ok]
