#                                                                            --- full sequence --- -------------- this domain -------------   hmm coord   ali coord   env coord
# target name        accession   tlen query name           accession   qlen   E-value  score  bias   #  of  c-Evalue  i-Evalue  score  bias  from    to  from    to  from    to  acc description of target
#------------------- ---------- ----- -------------------- ---------- ----- --------- ------ ----- --- --- --------- --------- ------ ----- ----- ----- ----- ----- ----- ----- ---- ---------------------
d2pq8a_d.108.1.1     -            271 d2fcka1d.108.1.1.aln -            174   1.6e-66  219.1   0.1   1   1     1e-67   1.9e-66  218.9   0.1     1   174    27   236    27   236 0.99 -
d1p0ha_d.108.1.1     -            308 d2fcka1d.108.1.1.aln -            174   3.2e-57  188.8   0.0   1   3   4.8e-55     9e-54  177.6   0.0     1   174     4   195     4   195 1.00 -
d1p0ha_d.108.1.1     -            308 d2fcka1d.108.1.1.aln -            174   3.2e-57  188.8   0.0   2   3     0.014      0.27    6.7   0.0    76   107   221   248   199   252 0.87 -
d1p0ha_d.108.1.1     -            308 d2fcka1d.108.1.1.aln -            174   3.2e-57  188.8   0.0   3   3         1        19    0.7   0.0   127   149   278   299   274   306 0.73 -
d1boba_d.108.1.1     -            315 d2fcka1d.108.1.1.aln -            174   1.1e-55  183.9   0.2   1   2   1.1e-53     2e-52  173.2   0.2     1   174     5   198     5   198 0.99 -
d1boba_d.108.1.1     -            315 d2fcka1d.108.1.1.aln -            174   1.1e-55  183.9   0.2   2   2    0.0039     0.074    8.6   0.0    89   116   209   236   200   241 0.90 -
d2p0wa_d.108.1.1     -            319 d2fcka1d.108.1.1.aln -            174   2.6e-54  179.4   0.9   1   2   1.7e-53   3.2e-52  172.6   0.5     4   174     1   206     1   206 0.99 -
d2p0wa_d.108.1.1     -            319 d2fcka1d.108.1.1.aln -            174   2.6e-54  179.4   0.9   2   2     0.043       0.8    5.2   0.0    89   113   213   237   207   242 0.82 -
d1u6ma_d.108.1.1     -            189 d2fcka1d.108.1.1.aln -            174   5.1e-29   97.0   0.1   1   1     3e-30   5.6e-29   96.9   0.1     2   166     4   187     3   189 0.98 -
d1yk3a1d.108.1.1     -            198 d2fcka1d.108.1.1.aln -            174   4.3e-28   94.0   0.0   1   1   2.8e-29   5.3e-28   93.7   0.0     3   169    11   198     9   198 0.98 -
d1tiqa_d.108.1.1     -            173 d2fcka1d.108.1.1.aln -            174   6.8e-26   86.8   0.1   1   1   4.2e-27   7.9e-26   86.6   0.1     3   170     4   169     2   172 0.97 -
d1z4ea1d.108.1.1     -            150 d2fcka1d.108.1.1.aln -            174   1.2e-22   76.3   0.0   1   1   7.7e-24   1.4e-22   76.0   0.0     9   153     7   145     2   148 0.87 -
d1i12a_d.108.1.1     -            157 d2fcka1d.108.1.1.aln -            174   2.2e-22   75.4   0.0   1   1   1.4e-23   2.5e-22   75.2   0.0     7   155    10   154     6   157 0.96 -
d2cy2a1d.108.1.1     -            174 d2fcka1d.108.1.1.aln -            174   7.6e-22   73.7   0.4   1   1   4.2e-23     8e-22   73.6   0.4    13   173    13   171     1   172 0.95 -
d2ae6a1d.108.1.1     -            161 d2fcka1d.108.1.1.aln -            174   1.6e-21   72.6   0.0   1   1   8.9e-23   1.7e-21   72.5   0.0    10   171     4   159     1   161 0.96 -
d1mk4a_d.108.1.1     -            157 d2fcka1d.108.1.1.aln -            174   2.2e-21   72.1   0.0   1   1   1.4e-22   2.6e-21   71.9   0.0     6   167     5   145     1   148 0.95 -
d1ufha_d.108.1.1     -            155 d2fcka1d.108.1.1.aln -            174   7.7e-21   70.4   0.3   1   1   4.3e-22   8.2e-21   70.3   0.3     6   156     7   153     2   155 0.96 -
d2euia1d.108.1.1     -            153 d2fcka1d.108.1.1.aln -            174     2e-20   69.0   0.1   1   1   1.3e-21   2.4e-20   68.8   0.1    12   157     4   145     1   150 0.96 -
d2gana1d.108.1.1     -            182 d2fcka1d.108.1.1.aln -            174   9.3e-20   66.9   0.3   1   1   7.3e-21   1.4e-19   66.3   0.3     4   164     5   179     3   182 0.93 -
d1wwza1d.108.1.1     -            157 d2fcka1d.108.1.1.aln -            174   1.3e-19   66.4   0.4   1   1   7.6e-21   1.4e-19   66.2   0.4     4   159     2   153     1   157 0.97 -
d2b5ga_d.108.1.1     -            168 d2fcka1d.108.1.1.aln -            174   2.1e-19   65.7   0.1   1   1   1.2e-20   2.3e-19   65.6   0.1    12   165     9   162     1   167 0.93 -
d1qsma_d.108.1.1     -            150 d2fcka1d.108.1.1.aln -            174   3.8e-19   64.9   0.1   1   1   2.2e-20     4e-19   64.8   0.1     8   154     1   145     1   150 0.96 -
d2jdca1d.108.1.1     -            145 d2fcka1d.108.1.1.aln -            174     4e-18   61.5   0.1   1   1   2.7e-19     5e-18   61.2   0.1    13   163     8   138     2   144 0.93 -
d1m4ia_d.108.1.1     -            181 d2fcka1d.108.1.1.aln -            174   7.4e-18   60.7   0.0   1   1   4.2e-19     8e-18   60.6   0.0     1   171     3   171     3   174 0.91 -
d1n71a_d.108.1.1     -            180 d2fcka1d.108.1.1.aln -            174   3.3e-17   58.6   0.0   1   1     2e-18   3.7e-17   58.4   0.0     3   169     3   174     1   178 0.96 -
d2fiaa1d.108.1.1     -            157 d2fcka1d.108.1.1.aln -            174   4.7e-17   58.1   0.3   1   1   2.7e-18     5e-17   58.0   0.3    21   171    19   156     1   157 0.82 -
d1y9wa1d.108.1.1     -            140 d2fcka1d.108.1.1.aln -            174   8.6e-17   57.2   0.5   1   1   4.8e-18     9e-17   57.1   0.5    20   168     4   139     1   140 0.92 -
d1vkca_d.108.1.1     -            149 d2fcka1d.108.1.1.aln -            174   1.9e-16   56.1   0.4   1   1   1.1e-17   2.1e-16   56.0   0.4    34   156    33   147     4   149 0.79 -
d1y9ka1d.108.1.1     -            152 d2fcka1d.108.1.1.aln -            174   2.7e-16   55.6   0.0   1   1   1.5e-17   2.9e-16   55.5   0.0    19   165    11   144     1   150 0.86 -
d2g3aa1d.108.1.1     -            137 d2fcka1d.108.1.1.aln -            174     6e-16   54.5   0.0   1   1   6.3e-17   1.2e-15   53.5   0.0    43   168    26   136    19   137 0.90 -
d2atra1d.108.1.1     -            137 d2fcka1d.108.1.1.aln -            174   1.6e-15   53.1   0.0   1   1   9.5e-17   1.8e-15   52.9   0.0     5   162     4   135     1   137 0.96 -
d2fiwa1d.108.1.1     -            156 d2fcka1d.108.1.1.aln -            174   2.3e-15   52.5   0.0   1   1   1.4e-16   2.6e-15   52.4   0.0    14   167     9   152     3   156 0.87 -
d2fl4a1d.108.1.1     -            146 d2fcka1d.108.1.1.aln -            174   2.5e-15   52.4   0.2   1   1   1.5e-16   2.7e-15   52.3   0.2     5   159     7   139     3   146 0.88 -
d1bo4a_d.108.1.1     -            137 d2fcka1d.108.1.1.aln -            174   3.7e-15   51.9   0.0   1   1   2.2e-16     4e-15   51.8   0.0     6   146     3   137     1   137 0.96 -
d1xeba_d.108.1.1     -            149 d2fcka1d.108.1.1.aln -            174     2e-14   49.5   0.1   1   1   1.2e-15   2.3e-14   49.3   0.1     6   161     4   143     1   148 0.92 -
d1cjwa_d.108.1.1     -            166 d2fcka1d.108.1.1.aln -            174   5.6e-14   48.0   0.0   1   1   3.2e-15     6e-14   47.9   0.0    61   167    66   164    14   166 0.87 -
d1nsla_d.108.1.1     -            180 d2fcka1d.108.1.1.aln -            174   4.3e-13   45.2   0.1   1   1   2.7e-14     5e-13   44.9   0.1     2   152     3   156     2   173 0.91 -
d1y7ra1d.108.1.1     -            133 d2fcka1d.108.1.1.aln -            174   6.3e-13   44.6   0.0   1   1   3.4e-14   6.4e-13   44.6   0.0    16   152    12   124     1   133 0.91 -
d1ghea_d.108.1.1     -            170 d2fcka1d.108.1.1.aln -            174   1.1e-12   43.8   0.0   1   1   6.5e-14   1.2e-12   43.7   0.0     2   157     2   153     1   168 0.94 -
d1z4ra1d.108.1.1     -            162 d2fcka1d.108.1.1.aln -            174   6.9e-12   41.2   0.1   1   1   3.7e-13     7e-12   41.2   0.1    68   172    58   156    13   158 0.91 -
d1q2ya_d.108.1.1     -            140 d2fcka1d.108.1.1.aln -            174   1.2e-11   40.5   0.1   1   1   8.1e-13   1.5e-11   40.1   0.1    15   166    14   138     2   140 0.82 -
d1yx0a1d.108.1.1     -            151 d2fcka1d.108.1.1.aln -            174   2.7e-11   39.3   0.0   1   1   1.5e-12   2.9e-11   39.2   0.0    63   161    55   143    23   151 0.81 -
d2aj6a1d.108.1.1     -            118 d2fcka1d.108.1.1.aln -            174   2.1e-09   33.2   0.0   1   1   1.2e-10   2.2e-09   33.1   0.0    12   126     8   115     1   118 0.88 -
d1r57a_d.108.1.1     -            102 d2fcka1d.108.1.1.aln -            174   1.3e-08   30.6   0.0   1   1   8.6e-10   1.6e-08   30.3   0.0    86   134    30    80     3    99 0.84 -
d1xmta_d.108.1.1     -             95 d2fcka1d.108.1.1.aln -            174   1.1e-07   27.6   0.0   1   1     7e-09   1.3e-07   27.3   0.0    36   137     3    79     1    88 0.90 -
d2fsra1d.108.1.1     -            164 d2fcka1d.108.1.1.aln -            174   4.5e-06   22.3   0.0   1   1   2.9e-07   5.5e-06   22.0   0.0     7   146     6   143     2   162 0.88 -
#
# Program:         hmmsearch
# Version:         3.1b2 (February 2015)
# Pipeline mode:   SEARCH
# Query file:      hmmModels30/d2fcka1d.108.1.1.hmm
# Target file:     scop/scopTestSeq.fasta
# Option settings: hmmsearch --domtblout hmmModels30/d2fcka1d.108.1.1.out -E 1 hmmModels30/d2fcka1d.108.1.1.hmm scop/scopTestSeq.fasta 
# Current dir:     /home/anastasia/SBAS/TME8
# Date:            Sat Apr  8 15:33:54 2023
# [ok]
