#                                                                            --- full sequence --- -------------- this domain -------------   hmm coord   ali coord   env coord
# target name        accession   tlen query name           accession   qlen   E-value  score  bias   #  of  c-Evalue  i-Evalue  score  bias  from    to  from    to  from    to  acc description of target
#------------------- ---------- ----- -------------------- ---------- ----- --------- ------ ----- --- --- --------- --------- ------ ----- ----- ----- ----- ----- ----- ----- ---- ---------------------
d1t33a1a.4.1.9       -             88 d2fd5a1a.4.1.9.aln   -             75     3e-31  102.5   1.7   1   1   9.2e-33   3.4e-31  102.4   1.7     1    75     8    81     8    81 0.98 -
d2id6a1a.4.1.9       -             75 d2fd5a1a.4.1.9.aln   -             75   2.4e-27   90.1   0.3   1   1   6.7e-29   2.5e-27   90.0   0.3     4    74     2    72     1    73 0.96 -
d1rkta1a.4.1.9       -             81 d2fd5a1a.4.1.9.aln   -             75   1.8e-26   87.2   0.1   1   1   5.3e-28     2e-26   87.1   0.1     2    74     8    80     7    81 0.98 -
d1vi0a1a.4.1.9       -             72 d2fd5a1a.4.1.9.aln   -             75   1.9e-26   87.1   0.1   1   1   5.5e-28   2.1e-26   87.1   0.1     6    74     2    70     1    71 0.97 -
d1ui5a1a.4.1.9       -             71 d2fd5a1a.4.1.9.aln   -             75   3.3e-24   80.0   1.8   1   1   9.2e-26   3.5e-24   79.9   1.8     2    68     2    68     1    71 0.93 -
d2gfna1a.4.1.9       -             77 d2fd5a1a.4.1.9.aln   -             75   3.9e-24   79.7   0.3   1   1   1.1e-25   4.2e-24   79.7   0.3     2    74     3    75     2    76 0.97 -
d2oi8a1a.4.1.9       -             79 d2fd5a1a.4.1.9.aln   -             75   6.6e-24   79.0   0.7   1   1   1.9e-25   7.1e-24   78.9   0.7     2    73     6    77     5    79 0.97 -
d2gena1a.4.1.9       -             70 d2fd5a1a.4.1.9.aln   -             75   7.5e-24   78.8   0.7   1   1   2.1e-25     8e-24   78.7   0.7     6    73     1    68     1    70 0.96 -
d1sgma1a.4.1.9       -             73 d2fd5a1a.4.1.9.aln   -             75   3.1e-23   76.9   0.0   1   1   8.7e-25   3.3e-23   76.8   0.0     5    74     2    72     1    73 0.97 -
d2i10a1a.4.1.9       -             69 d2fd5a1a.4.1.9.aln   -             75   9.1e-23   75.4   0.0   1   1   2.5e-24   9.4e-23   75.3   0.0     9    72     4    67     1    69 0.95 -
d2g7sa1a.4.1.9       -             74 d2fd5a1a.4.1.9.aln   -             75   5.8e-22   72.8   0.0   1   1   1.6e-23   6.1e-22   72.7   0.0     3    74     2    73     1    74 0.95 -
d1t56a1a.4.1.9       -             73 d2fd5a1a.4.1.9.aln   -             75   6.9e-22   72.5   0.0   1   1     2e-23   7.4e-22   72.4   0.0     4    74     2    72     1    73 0.97 -
d2np5a1a.4.1.9       -             69 d2fd5a1a.4.1.9.aln   -             75   9.2e-22   72.2   0.1   1   1   2.5e-23   9.5e-22   72.1   0.1     7    71     3    67     1    69 0.96 -
d2iu5a1a.4.1.9       -             71 d2fd5a1a.4.1.9.aln   -             75   1.2e-21   71.8   0.1   1   1   3.4e-23   1.3e-21   71.7   0.1     2    69     3    70     2    71 0.95 -
d2hyja1a.4.1.9       -             75 d2fd5a1a.4.1.9.aln   -             75   2.9e-21   70.6   0.2   1   1     8e-23     3e-21   70.5   0.2     2    72     2    72     1    75 0.96 -
d2np3a1a.4.1.9       -             65 d2fd5a1a.4.1.9.aln   -             75     4e-21   70.1   0.3   1   1   1.3e-22   4.7e-21   69.9   0.3    10    70     1    61     1    64 0.94 -
d2o7ta1a.4.1.9       -             78 d2fd5a1a.4.1.9.aln   -             75   2.2e-20   67.7   0.0   1   1   6.2e-22   2.3e-20   67.7   0.0     2    73     4    76     3    78 0.93 -
d1zk8a1a.4.1.9       -             72 d2fd5a1a.4.1.9.aln   -             75     1e-18   62.4   0.1   1   1   2.9e-20   1.1e-18   62.3   0.1     6    73     4    71     1    72 0.97 -
d2id3a1a.4.1.9       -             68 d2fd5a1a.4.1.9.aln   -             75   4.1e-17   57.2   0.0   1   1   1.1e-18   4.3e-17   57.2   0.0     4    66     5    67     2    68 0.95 -
d2g7ga1a.4.1.9       -             65 d2fd5a1a.4.1.9.aln   -             75   1.1e-15   52.7   0.0   1   1     3e-17   1.1e-15   52.7   0.0     6    70     2    64     1    65 0.96 -
d2fd5a1a.4.1.9       -             76 d2fd5a1a.4.1.9.aln   -             75   2.1e-14   48.6   0.1   1   1   6.6e-16   2.5e-14   48.3   0.1     2    68     4    70     3    73 0.94 -
#
# Program:         hmmsearch
# Version:         3.1b2 (February 2015)
# Pipeline mode:   SEARCH
# Query file:      hmmModels30/d2fd5a1a.4.1.9.hmm
# Target file:     scop/scopTestSeq.fasta
# Option settings: hmmsearch --domtblout hmmModels30/d2fd5a1a.4.1.9.out -E 1 hmmModels30/d2fd5a1a.4.1.9.hmm scop/scopTestSeq.fasta 
# Current dir:     /home/anastasia/SBAS/TME8
# Date:            Sat Apr  8 15:33:54 2023
# [ok]
