#                                                                            --- full sequence --- -------------- this domain -------------   hmm coord   ali coord   env coord
# target name        accession   tlen query name           accession   qlen   E-value  score  bias   #  of  c-Evalue  i-Evalue  score  bias  from    to  from    to  from    to  acc description of target
#------------------- ---------- ----- -------------------- ---------- ----- --------- ------ ----- --- --- --------- --------- ------ ----- ----- ----- ----- ----- ----- ----- ---- ---------------------
d3c07a2a.121.1.1     -            146 d2fd5a2a.121.1.1.aln -            124   2.2e-36  119.9   1.5   1   1   1.1e-37   2.9e-36  119.5   1.5     1   124    23   146    23   146 0.99 -
d1ui5a2a.121.1.1     -            133 d2fd5a2a.121.1.1.aln -            124   1.9e-34  113.7   1.3   1   1   8.2e-36   2.2e-34  113.4   1.3     7   123     2   118     1   119 0.98 -
d1z0xa2a.121.1.1     -            149 d2fd5a2a.121.1.1.aln -            124     3e-30  100.2   0.0   1   1   1.2e-31   3.4e-30  100.0   0.0     1   123    18   140    18   141 0.98 -
d2g7la2a.121.1.1     -            144 d2fd5a2a.121.1.1.aln -            124   3.4e-27   90.3   6.5   1   1   1.8e-28   4.9e-27   89.8   6.5     2   123    19   140    18   141 0.98 -
d2oi8a2a.121.1.1     -            130 d2fd5a2a.121.1.1.aln -            124   7.5e-23   76.3   2.3   1   1   3.1e-24   8.3e-23   76.2   2.3     5   122     1   118     1   120 0.98 -
d1t56a2a.121.1.1     -            120 d2fd5a2a.121.1.1.aln -            124   1.4e-18   62.6   2.2   1   1     6e-20   1.6e-18   62.4   2.2     4   117     2   115     1   119 0.97 -
d2hyja2a.121.1.1     -            118 d2fd5a2a.121.1.1.aln -            124   1.5e-18   62.6   5.8   1   1   6.3e-20   1.7e-18   62.3   5.8     6   116     7   117     3   118 0.96 -
d2id3a2a.121.1.1     -            123 d2fd5a2a.121.1.1.aln -            124   2.1e-18   62.0   6.5   1   1   9.1e-20   2.5e-18   61.8   6.5     8   121     9   122     3   123 0.96 -
d2fbqa2a.121.1.1     -            134 d2fd5a2a.121.1.1.aln -            124   2.3e-18   61.9   0.2   1   1   9.4e-20   2.6e-18   61.8   0.2     3   122    11   130     9   132 0.97 -
d1vi0a2a.121.1.1     -            117 d2fd5a2a.121.1.1.aln -            124   2.6e-18   61.8   0.0   1   1     1e-19   2.7e-18   61.7   0.0     7   120     3   116     1   117 0.97 -
d2i10a2a.121.1.1     -            116 d2fd5a2a.121.1.1.aln -            124   3.2e-18   61.5   3.6   1   1   1.3e-19   3.4e-18   61.4   3.6     3   114     4   115     2   116 0.98 -
d1rkta2a.121.1.1     -            123 d2fd5a2a.121.1.1.aln -            124   1.8e-17   59.1   0.0   1   1   6.9e-19   1.9e-17   59.0   0.0     4   122     3   121     1   123 0.96 -
d2d6ya2a.121.1.1     -            118 d2fd5a2a.121.1.1.aln -            124   2.5e-17   58.6   1.3   1   1     1e-18   2.7e-17   58.5   1.3     5   120     2   117     1   118 0.98 -
d1t33a2a.121.1.1     -            132 d2fd5a2a.121.1.1.aln -            124   5.1e-17   57.6   0.1   1   1   2.1e-18   5.6e-17   57.5   0.1     4   123     9   128     6   129 0.97 -
d2gfna2a.121.1.1     -            119 d2fd5a2a.121.1.1.aln -            124   6.5e-17   57.3   7.1   1   1   2.5e-18   6.9e-17   57.2   7.1     3   119     3   118     1   119 0.97 -
d2fx0a2a.121.1.1     -            122 d2fd5a2a.121.1.1.aln -            124     1e-16   56.6   0.0   1   1     4e-18   1.1e-16   56.5   0.0     3   120     3   120     1   122 0.96 -
d2g7sa2a.121.1.1     -            116 d2fd5a2a.121.1.1.aln -            124   1.9e-16   55.7   2.3   1   1   7.7e-18   2.1e-16   55.6   2.3     2   115     2   115     1   116 0.98 -
d2g3ba2a.121.1.1     -            116 d2fd5a2a.121.1.1.aln -            124   4.4e-16   54.6   1.8   1   1   1.9e-17   5.1e-16   54.4   1.8    17   117    16   116     2   116 0.94 -
d2id6a2a.121.1.1     -            125 d2fd5a2a.121.1.1.aln -            124   4.3e-15   51.4   0.0   1   1   1.7e-16   4.7e-15   51.3   0.0     2   123     2   123     1   124 0.98 -
d2g7ga2a.121.1.1     -            132 d2fd5a2a.121.1.1.aln -            124   4.3e-14   48.2   8.8   1   1   1.7e-15   4.7e-14   48.1   8.8     2   123     3   124     2   125 0.98 -
d2fq4a2a.121.1.1     -            115 d2fd5a2a.121.1.1.aln -            124   3.8e-13   45.1   0.0   1   1   1.5e-14     4e-13   45.1   0.0     8   116     6   114     1   115 0.96 -
d2gena2a.121.1.1     -            118 d2fd5a2a.121.1.1.aln -            124   3.7e-12   42.0   6.4   1   1   1.5e-13     4e-12   41.9   6.4     7   120     4   117     1   118 0.96 -
d1zk8a2a.121.1.1     -            105 d2fd5a2a.121.1.1.aln -            124   5.7e-12   41.4   0.0   1   1   2.2e-13   6.1e-12   41.3   0.0     3   103     3   103     1   105 0.96 -
d2np5a2a.121.1.1     -            118 d2fd5a2a.121.1.1.aln -            124   8.2e-12   40.8   4.9   1   1   3.3e-13     9e-12   40.7   4.9     2   123     3   116     2   117 0.97 -
d2iu5a2a.121.1.1     -            109 d2fd5a2a.121.1.1.aln -            124   8.6e-12   40.8   0.0   1   1   3.4e-13   9.3e-12   40.7   0.0     8   116     2   108     1   109 0.97 -
d2hkua2a.121.1.1     -            121 d2fd5a2a.121.1.1.aln -            124   1.9e-10   36.5   0.1   1   1   7.2e-12     2e-10   36.4   0.1     5   117     9   115     5   121 0.93 -
d2o7ta2a.121.1.1     -            110 d2fd5a2a.121.1.1.aln -            124   7.2e-10   34.6   0.0   1   1   3.1e-11   8.5e-10   34.4   0.0    11   117     4   110     2   110 0.98 -
d1sgma2a.121.1.1     -            111 d2fd5a2a.121.1.1.aln -            124   1.1e-08   30.8   0.0   1   1   4.4e-10   1.2e-08   30.7   0.0     6   114     3   110     1   111 0.97 -
d2np3a2a.121.1.1     -            112 d2fd5a2a.121.1.1.aln -            124   1.2e-07   27.4   9.0   1   1   7.8e-09   2.1e-07   26.7   9.0     5   121     6   108     2   111 0.95 -
#
# Program:         hmmsearch
# Version:         3.1b2 (February 2015)
# Pipeline mode:   SEARCH
# Query file:      hmmModels30/d2fd5a2a.121.1.1.hmm
# Target file:     scop/scopTestSeq.fasta
# Option settings: hmmsearch --domtblout hmmModels30/d2fd5a2a.121.1.1.out -E 1 hmmModels30/d2fd5a2a.121.1.1.hmm scop/scopTestSeq.fasta 
# Current dir:     /home/anastasia/SBAS/TME8
# Date:            Sat Apr  8 15:33:54 2023
# [ok]
