#                                                                            --- full sequence --- -------------- this domain -------------   hmm coord   ali coord   env coord
# target name        accession   tlen query name           accession   qlen   E-value  score  bias   #  of  c-Evalue  i-Evalue  score  bias  from    to  from    to  from    to  acc description of target
#------------------- ---------- ----- -------------------- ---------- ----- --------- ------ ----- --- --- --------- --------- ------ ----- ----- ----- ----- ----- ----- ----- ---- ---------------------
d2arza1b.45.1.1      -            238 d2fhqa1b.45.1.1.aln  -            158   9.6e-68  222.7   0.1   1   1   2.2e-69   1.1e-67  222.4   0.1     1   158     1   196     1   196 0.99 -
d2vpaa_b.45.1.1      -            215 d2fhqa1b.45.1.1.aln  -            158   7.5e-63  206.8   0.0   1   1   1.7e-64   8.7e-63  206.5   0.0     1   158    38   209    38   209 0.99 -
d2fura1b.45.1.1      -            193 d2fhqa1b.45.1.1.aln  -            158   7.8e-48  158.0   0.0   1   1   1.7e-49   8.7e-48  157.8   0.0     3   157     2   182     1   183 0.99 -
d2fg9a1b.45.1.1      -            157 d2fhqa1b.45.1.1.aln  -            158   7.5e-40  132.0   0.0   1   1   1.5e-41   8.2e-40  131.9   0.0     4   155     6   156     3   157 0.98 -
d2htia1b.45.1.1      -            156 d2fhqa1b.45.1.1.aln  -            158   1.4e-35  118.1   0.0   1   1     3e-37   1.6e-35  118.0   0.0     3   157     1   151     1   152 0.98 -
d1rfea_b.45.1.1      -            160 d2fhqa1b.45.1.1.aln  -            158   2.6e-35  117.2   0.0   1   1   5.4e-37   2.9e-35  117.1   0.0     3   155     7   157     5   160 0.97 -
d1xhna1b.45.1.1      -            170 d2fhqa1b.45.1.1.aln  -            158   4.9e-33  109.9   0.0   1   1     1e-34   5.4e-33  109.7   0.0     2   156     6   169     5   170 0.98 -
d2hq9a1b.45.1.1      -            148 d2fhqa1b.45.1.1.aln  -            158   1.6e-32  108.2   0.0   1   1   3.2e-34   1.7e-32  108.1   0.0     2   152     3   148     2   148 0.98 -
d1w9aa_b.45.1.1      -            142 d2fhqa1b.45.1.1.aln  -            158   3.5e-27   90.9   0.0   1   1   7.2e-29   3.8e-27   90.7   0.0     7   152     2   141     1   142 0.98 -
d1vl7a_b.45.1.1      -            135 d2fhqa1b.45.1.1.aln  -            158   5.9e-27   90.1   0.0   1   1   1.2e-28   6.3e-27   90.0   0.0    12   148     3   131     1   135 0.96 -
d2i02a1b.45.1.1      -            143 d2fhqa1b.45.1.1.aln  -            158   6.5e-27   90.0   0.0   1   1   1.3e-28   7.1e-27   89.9   0.0     2   152     2   140     1   143 0.97 -
d2hq7a1b.45.1.1      -            141 d2fhqa1b.45.1.1.aln  -            158   4.9e-26   87.1   0.0   1   1   9.8e-28   5.2e-26   87.1   0.0     5   151     4   138     1   141 0.95 -
d2asfa1b.45.1.1      -            125 d2fhqa1b.45.1.1.aln  -            158     2e-17   59.1   0.1   1   1   1.4e-17   7.6e-16   54.0   0.1     8   150     2   122     1   125 0.93 -
d3a6ra_b.45.1.1      -            122 d2fhqa1b.45.1.1.aln  -            158   1.1e-10   37.3   0.1   1   1   1.3e-11   6.9e-10   34.7   0.1     9   153     5   120     1   122 0.92 -
d2fhqa1b.45.1.1      -            135 d2fhqa1b.45.1.1.aln  -            158   0.00023   16.7   0.0   1   1     6e-06   0.00032   16.3   0.0     7    83     5    82     3    98 0.89 -
#
# Program:         hmmsearch
# Version:         3.1b2 (February 2015)
# Pipeline mode:   SEARCH
# Query file:      hmmModels30/d2fhqa1b.45.1.1.hmm
# Target file:     scop/scopTestSeq.fasta
# Option settings: hmmsearch --domtblout hmmModels30/d2fhqa1b.45.1.1.out -E 1 hmmModels30/d2fhqa1b.45.1.1.hmm scop/scopTestSeq.fasta 
# Current dir:     /home/anastasia/SBAS/TME8
# Date:            Sat Apr  8 15:33:54 2023
# [ok]
