#                                                                            --- full sequence --- -------------- this domain -------------   hmm coord   ali coord   env coord
# target name        accession   tlen query name           accession   qlen   E-value  score  bias   #  of  c-Evalue  i-Evalue  score  bias  from    to  from    to  from    to  acc description of target
#------------------- ---------- ----- -------------------- ---------- ----- --------- ------ ----- --- --- --------- --------- ------ ----- ----- ----- ----- ----- ----- ----- ---- ---------------------
d1bf2a2b.71.1.1      -            113 d2fhfa4b.71.1.1.aln  -             84     2e-30  100.2   6.3   1   1   6.4e-32   2.4e-30  100.0   6.3     1    83     5    96     5    97 0.98 -
d1szna1b.71.1.1      -            103 d2fhfa4b.71.1.1.aln  -             84     4e-29   96.1   0.6   1   1   1.3e-30   4.7e-29   95.8   0.6     1    84    14    99    14    99 0.98 -
d1uasa1b.71.1.1      -             89 d2fhfa4b.71.1.1.aln  -             84     7e-21   69.6   1.0   1   1     2e-22   7.7e-21   69.5   1.0     4    83     6    88     4    89 0.97 -
d1m7xa2b.71.1.1      -            106 d2fhfa4b.71.1.1.aln  -             84   2.2e-20   68.1   0.0   1   1   6.4e-22   2.4e-20   67.9   0.0     2    82     6    95     5    97 0.97 -
d2guya1b.71.1.1      -             95 d2fhfa4b.71.1.1.aln  -             84     7e-18   60.0   0.4   1   1     2e-19   7.7e-18   59.9   0.4     2    83     2    84     1    85 0.98 -
d3bmva3b.71.1.1      -             89 d2fhfa4b.71.1.1.aln  -             84   2.3e-16   55.2   3.1   1   1   6.6e-18   2.5e-16   55.1   3.1     3    83     2    86     1    87 0.98 -
d1h3ga2b.71.1.1      -             83 d2fhfa4b.71.1.1.aln  -             84   6.4e-16   53.7   0.0   1   1   1.8e-17   6.8e-16   53.7   0.0     5    83     3    79     1    80 0.95 -
d1e43a1b.71.1.1      -             90 d2fhfa4b.71.1.1.aln  -             84   2.1e-15   52.1   0.8   1   1   6.1e-17   2.3e-15   52.0   0.8     3    83     4    89     2    90 0.97 -
d1ji1a2b.71.1.1      -             83 d2fhfa4b.71.1.1.aln  -             84   2.1e-14   48.9   3.0   1   1   6.1e-16   2.3e-14   48.8   3.0     2    82     2    82     1    83 0.95 -
d1ea9c2b.71.1.1      -             80 d2fhfa4b.71.1.1.aln  -             84   4.8e-14   47.7   0.0   1   1   1.4e-15   5.1e-14   47.7   0.0     2    82     2    78     1    80 0.94 -
d1j0ha2b.71.1.1      -             83 d2fhfa4b.71.1.1.aln  -             84   9.9e-14   46.7   0.0   1   1   2.8e-15     1e-13   46.7   0.0     3    83     4    82     2    83 0.95 -
d1wzaa1b.71.1.1      -             79 d2fhfa4b.71.1.1.aln  -             84     7e-13   44.0   0.1   1   1     2e-14   7.5e-13   43.9   0.1     3    83     2    78     1    79 0.94 -
d1g5aa1b.71.1.1      -             74 d2fhfa4b.71.1.1.aln  -             84   1.2e-11   40.1   0.0   1   1   3.3e-13   1.2e-11   40.0   0.0     8    81     4    72     1    74 0.96 -
d1ua7a1b.71.1.1      -             78 d2fhfa4b.71.1.1.aln  -             84   3.6e-10   35.3   0.2   1   1     1e-11   3.8e-10   35.2   0.2     5    83     4    77     1    78 0.89 -
d1gjwa1b.71.1.1      -             64 d2fhfa4b.71.1.1.aln  -             84     1e-09   33.9   0.0   1   1   2.7e-11     1e-09   33.9   0.0     7    73     5    63     1    64 0.92 -
d1r7aa1b.71.1.1      -             70 d2fhfa4b.71.1.1.aln  -             84   4.4e-09   31.8   0.0   1   1   1.6e-10   6.1e-09   31.4   0.0     3    83     6    66     4    67 0.95 -
d1mxga1b.71.1.1      -             74 d2fhfa4b.71.1.1.aln  -             84   1.2e-08   30.4   1.1   1   1   3.7e-10   1.4e-08   30.2   1.1     3    84     3    71     1    71 0.90 -
d2bhua2b.71.1.1      -             72 d2fhfa4b.71.1.1.aln  -             84   4.9e-07   25.3   0.0   1   1   1.7e-08   6.2e-07   24.9   0.0     3    82     3    72     1    72 0.87 -
d1gcya1b.71.1.1      -             61 d2fhfa4b.71.1.1.aln  -             84   1.1e-05   21.0   0.3   1   1   4.1e-07   1.6e-05   20.5   0.3     3    82     3    60     1    61 0.92 -
d1lwha1b.71.1.1      -             50 d2fhfa4b.71.1.1.aln  -             84   7.5e-05   18.3   0.0   1   1   2.1e-06   7.8e-05   18.2   0.0     4    40     3    39     1    50 0.83 -
d1ht6a1b.71.1.1      -             57 d2fhfa4b.71.1.1.aln  -             84    0.0004   15.9   0.0   1   1   1.6e-05    0.0006   15.4   0.0     3    62     4    47     2    57 0.78 -
#
# Program:         hmmsearch
# Version:         3.1b2 (February 2015)
# Pipeline mode:   SEARCH
# Query file:      hmmModels30/d2fhfa4b.71.1.1.hmm
# Target file:     scop/scopTestSeq.fasta
# Option settings: hmmsearch --domtblout hmmModels30/d2fhfa4b.71.1.1.out -E 1 hmmModels30/d2fhfa4b.71.1.1.hmm scop/scopTestSeq.fasta 
# Current dir:     /home/anastasia/SBAS/TME8
# Date:            Sat Apr  8 15:33:54 2023
# [ok]
