#                                                                            --- full sequence --- -------------- this domain -------------   hmm coord   ali coord   env coord
# target name        accession   tlen query name           accession   qlen   E-value  score  bias   #  of  c-Evalue  i-Evalue  score  bias  from    to  from    to  from    to  acc description of target
#------------------- ---------- ----- -------------------- ---------- ----- --------- ------ ----- --- --- --------- --------- ------ ----- ----- ----- ----- ----- ----- ----- ---- ---------------------
d1bf2a1b.1.18.2      -            162 d2fhfa1b.1.18.2.aln  -            108   4.5e-54  176.9   7.0   1   1   1.5e-55   6.5e-54  176.4   7.0     1   108     6   121     6   121 0.99 -
d1ji1a1b.1.18.2      -            122 d2fhfa1b.1.18.2.aln  -            108   9.5e-26   85.8   2.4   1   1   2.4e-27   1.1e-25   85.7   2.4     1   108     7   122     7   122 0.98 -
d1j0ha1b.1.18.2      -            123 d2fhfa1b.1.18.2.aln  -            108   1.9e-22   75.2   0.0   1   1   4.9e-24   2.2e-22   75.0   0.0     2   108     4   118     3   118 0.98 -
d2fhfa2b.1.18.2      -            125 d2fhfa1b.1.18.2.aln  -            108     3e-21   71.4   0.3   1   1   7.5e-23   3.3e-21   71.2   0.3     2   107     6   119     5   120 0.98 -
d1m7xa1b.1.18.2      -            110 d2fhfa1b.1.18.2.aln  -            108   2.6e-18   61.9   0.0   1   1   6.3e-20   2.8e-18   61.8   0.0     2   107     2   106     1   107 0.98 -
d1txka1b.1.18.2      -            115 d2fhfa1b.1.18.2.aln  -            108   4.1e-18   61.3   0.8   1   1     1e-19   4.5e-18   61.1   0.8     2   108     7   113     6   113 0.97 -
d1ut9a2b.1.18.2      -             98 d2fhfa1b.1.18.2.aln  -            108   3.3e-17   58.3   0.1   1   1     8e-19   3.5e-17   58.3   0.1    11   103     3    95     1    98 0.97 -
d1edqa1b.1.18.2      -            109 d2fhfa1b.1.18.2.aln  -            108     1e-15   53.6   3.7   1   1   2.5e-17   1.1e-15   53.5   3.7     3   106     3   106     1   108 0.96 -
d1clca2b.1.18.2      -            100 d2fhfa1b.1.18.2.aln  -            108   5.4e-15   51.2   0.2   1   1   1.4e-16     6e-15   51.1   0.2     1    99     6    99     6   100 0.96 -
d1qbaa1b.1.18.2      -            105 d2fhfa1b.1.18.2.aln  -            108   1.4e-14   49.9   0.0   1   1   3.4e-16   1.5e-14   49.8   0.0     2   103     2   103     1   105 0.97 -
d1k3ia1b.1.18.2      -            102 d2fhfa1b.1.18.2.aln  -            108   3.1e-14   48.8   1.7   1   1   7.5e-16   3.3e-14   48.7   1.7     5   100     2    97     1   102 0.94 -
d1w8oa1b.1.18.2      -            103 d2fhfa1b.1.18.2.aln  -            108   1.4e-13   46.7   0.9   1   1   3.4e-15   1.5e-13   46.6   0.9     5   106     2   103     1   103 0.98 -
d1h3ga1b.1.18.2      -             93 d2fhfa1b.1.18.2.aln  -            108   1.4e-12   43.5   0.0   1   1   3.2e-14   1.4e-12   43.5   0.0     6    91     2    87     1    93 0.95 -
d2bhua1b.1.18.2      -             97 d2fhfa1b.1.18.2.aln  -            108   3.7e-12   42.1   0.0   1   1   9.8e-14   4.3e-12   41.9   0.0     7    96     2    91     1    96 0.96 -
d2bvya1b.1.18.2      -             94 d2fhfa1b.1.18.2.aln  -            108   2.7e-10   36.1  10.4   1   1   6.7e-12   2.9e-10   36.0  10.4    11   103     1    93     1    94 0.98 -
d1ulva2b.1.18.2      -             89 d2fhfa1b.1.18.2.aln  -            108   3.7e-10   35.7   4.2   1   1   9.4e-12   4.1e-10   35.5   4.2    12    85     5    78     1    86 0.94 -
d1f1sa2b.1.18.2      -             78 d2fhfa1b.1.18.2.aln  -            108   6.7e-09   31.6   0.5   1   1   1.6e-10   7.2e-09   31.5   0.5    20    97     1    78     1    78 0.97 -
d3bmva1b.1.18.2      -             83 d2fhfa1b.1.18.2.aln  -            108   2.9e-08   29.6   2.5   1   1   7.2e-10   3.2e-08   29.5   2.5    19    99     2    82     1    83 0.97 -
#
# Program:         hmmsearch
# Version:         3.1b2 (February 2015)
# Pipeline mode:   SEARCH
# Query file:      hmmModels30/d2fhfa1b.1.18.2.hmm
# Target file:     scop/scopTestSeq.fasta
# Option settings: hmmsearch --domtblout hmmModels30/d2fhfa1b.1.18.2.out -E 1 hmmModels30/d2fhfa1b.1.18.2.hmm scop/scopTestSeq.fasta 
# Current dir:     /home/anastasia/SBAS/TME8
# Date:            Sat Apr  8 15:33:54 2023
# [ok]
