#                                                                            --- full sequence --- -------------- this domain -------------   hmm coord   ali coord   env coord
# target name        accession   tlen query name           accession   qlen   E-value  score  bias   #  of  c-Evalue  i-Evalue  score  bias  from    to  from    to  from    to  acc description of target
#------------------- ---------- ----- -------------------- ---------- ----- --------- ------ ----- --- --- --------- --------- ------ ----- ----- ----- ----- ----- ----- ----- ---- ---------------------
d1p0ha_d.108.1.1     -            308 d2fiaa1d.108.1.1.aln -            263    2e-109  360.7   0.1   1   2  4.5e-110  8.9e-109  358.6   0.0    45   263     1   227     1   227 1.00 -
d1p0ha_d.108.1.1     -            308 d2fiaa1d.108.1.1.aln -            263    2e-109  360.7   0.1   2   2       1.3        26   -0.2   0.0   140   156   235   251   228   303 0.60 -
d2p0wa_d.108.1.1     -            319 d2fiaa1d.108.1.1.aln -            263   4.1e-97  320.4   0.1   1   2         4        80   -1.8   0.0    80   123     9    52     2    63 0.82 -
d2p0wa_d.108.1.1     -            319 d2fiaa1d.108.1.1.aln -            263   4.1e-97  320.4   0.1   2   2   4.7e-98   9.2e-97  319.2   0.0     1   236    79   319    79   319 1.00 -
d1boba_d.108.1.1     -            315 d2fiaa1d.108.1.1.aln -            263   1.9e-87  288.7   0.4   1   1   1.1e-88   2.2e-87  288.5   0.4     1   236    75   315    75   315 1.00 -
d2pq8a_d.108.1.1     -            271 d2fiaa1d.108.1.1.aln -            263   1.5e-84  279.2   0.0   1   1   8.6e-86   1.7e-84  279.0   0.0     1   263     1   271     1   271 1.00 -
d1u6ma_d.108.1.1     -            189 d2fiaa1d.108.1.1.aln -            263   2.4e-23   78.6   0.0   1   1   1.3e-24   2.6e-23   78.5   0.0    27   223     3   187     1   189 0.98 -
d1tiqa_d.108.1.1     -            173 d2fiaa1d.108.1.1.aln -            263   3.1e-19   65.1   0.2   1   1   1.7e-20   3.3e-19   65.0   0.2    50   229     4   171     1   173 0.94 -
d2gana1d.108.1.1     -            182 d2fiaa1d.108.1.1.aln -            263   6.8e-18   60.7   0.0   1   1   3.8e-19   7.5e-18   60.6   0.0    30   223     1   181     1   182 0.95 -
d1z4ea1d.108.1.1     -            150 d2fiaa1d.108.1.1.aln -            263   1.4e-17   59.7   0.0   1   1   7.4e-19   1.5e-17   59.6   0.0   114   208    61   143     3   148 0.88 -
d1ufha_d.108.1.1     -            155 d2fiaa1d.108.1.1.aln -            263   8.7e-16   53.8   0.3   1   1   5.1e-17     1e-15   53.6   0.3    56   211     8   151     2   155 0.94 -
d1y9ka1d.108.1.1     -            152 d2fiaa1d.108.1.1.aln -            263   6.1e-15   51.0   0.0   1   1   3.8e-16   7.4e-15   50.7   0.0   116   224    40   146    22   151 0.89 -
d1mk4a_d.108.1.1     -            157 d2fiaa1d.108.1.1.aln -            263   1.7e-14   49.6   0.0   1   1   9.5e-16   1.9e-14   49.4   0.0    97   199    31   129     4   150 0.83 -
d1ghea_d.108.1.1     -            170 d2fiaa1d.108.1.1.aln -            263   6.2e-14   47.7   0.0   1   1   3.9e-15   7.7e-14   47.4   0.0    59   197    11   146     3   154 0.93 -
d2fl4a1d.108.1.1     -            146 d2fiaa1d.108.1.1.aln -            263   3.2e-13   45.4   0.2   1   1   1.8e-14   3.5e-13   45.2   0.2    72   207     6   130     1   145 0.85 -
d2ae6a1d.108.1.1     -            161 d2fiaa1d.108.1.1.aln -            263   3.3e-13   45.3   0.0   1   1   1.9e-14   3.7e-13   45.2   0.0    59   224     2   155     1   160 0.94 -
d1vkca_d.108.1.1     -            149 d2fiaa1d.108.1.1.aln -            263   3.6e-13   45.2   0.1   1   1   2.1e-14   4.1e-13   45.0   0.1    68   198    15   142     7   147 0.92 -
d1i12a_d.108.1.1     -            157 d2fiaa1d.108.1.1.aln -            263   3.9e-13   45.1   0.0   1   1     2e-14   3.9e-13   45.1   0.0   118   213    75   155     7   157 0.85 -
d1yk3a1d.108.1.1     -            198 d2fiaa1d.108.1.1.aln -            263     3e-12   42.2   0.0   1   1   1.6e-13   3.2e-12   42.1   0.0    47   232     2   195     1   198 0.97 -
d1wwza1d.108.1.1     -            157 d2fiaa1d.108.1.1.aln -            263   3.8e-12   41.8   0.0   1   1   2.2e-13   4.3e-12   41.7   0.0    53   209     4   146     1   155 0.89 -
d2euia1d.108.1.1     -            153 d2fiaa1d.108.1.1.aln -            263   4.5e-12   41.6   0.0   1   1   2.5e-13   4.9e-12   41.5   0.0   114   213    56   144    14   151 0.79 -
d2atra1d.108.1.1     -            137 d2fiaa1d.108.1.1.aln -            263   4.8e-12   41.5   0.0   1   1   2.7e-13   5.4e-12   41.3   0.0    69   219     9   135     3   137 0.90 -
d1y9wa1d.108.1.1     -            140 d2fiaa1d.108.1.1.aln -            263   1.7e-11   39.7   0.0   1   1   8.7e-13   1.7e-11   39.7   0.0   135   225    63   139    11   140 0.94 -
d1bo4a_d.108.1.1     -            137 d2fiaa1d.108.1.1.aln -            263     3e-11   38.9   0.0   1   1   1.7e-12   3.3e-11   38.8   0.0    56   193     6   137     2   137 0.92 -
d2b5ga_d.108.1.1     -            168 d2fiaa1d.108.1.1.aln -            263   3.7e-11   38.6   0.0   1   1   2.2e-12   4.3e-11   38.4   0.0    73   221    25   161    11   167 0.89 -
d2cy2a1d.108.1.1     -            174 d2fiaa1d.108.1.1.aln -            263   6.3e-11   37.9   0.0   1   1   3.5e-12   6.9e-11   37.7   0.0    54   224     7   165     1   170 0.88 -
d1m4ia_d.108.1.1     -            181 d2fiaa1d.108.1.1.aln -            263   7.1e-11   37.7   0.0   1   1   3.7e-12   7.4e-11   37.6   0.0    69   238    12   181     1   181 0.92 -
d1cjwa_d.108.1.1     -            166 d2fiaa1d.108.1.1.aln -            263   2.3e-10   36.0   0.0   1   1   1.2e-11   2.3e-10   36.0   0.0    82   215    36   155     2   166 0.83 -
d1qsma_d.108.1.1     -            150 d2fiaa1d.108.1.1.aln -            263   3.1e-10   35.6   0.0   1   1   1.9e-11   3.7e-10   35.3   0.0    72   196    18   140     4   149 0.88 -
d2jdca1d.108.1.1     -            145 d2fiaa1d.108.1.1.aln -            263   6.4e-10   34.6   0.1   1   1   3.2e-11   6.4e-10   34.6   0.1   124   210    57   128     8   144 0.86 -
d2fcka1d.108.1.1     -            178 d2fiaa1d.108.1.1.aln -            263   1.2e-09   33.7   0.1   1   1   6.9e-11   1.4e-09   33.5   0.1    65   212    24   168     5   173 0.86 -
d2g3aa1d.108.1.1     -            137 d2fiaa1d.108.1.1.aln -            263   3.7e-09   32.1   0.0   1   1     2e-10   3.9e-09   32.0   0.0   137   225    62   136    22   137 0.93 -
d1yx0a1d.108.1.1     -            151 d2fiaa1d.108.1.1.aln -            263   6.4e-09   31.3   0.0   1   1   3.8e-10   7.4e-09   31.1   0.0   119   199    54   130    36   149 0.88 -
d1n71a_d.108.1.1     -            180 d2fiaa1d.108.1.1.aln -            263   9.1e-09   30.8   0.0   1   1   5.6e-10   1.1e-08   30.5   0.0    60   208    13   156     2   173 0.91 -
d1nsla_d.108.1.1     -            180 d2fiaa1d.108.1.1.aln -            263   1.2e-08   30.4   0.0   1   1   6.9e-10   1.4e-08   30.2   0.0    57   208    15   155     4   177 0.88 -
d2fiwa1d.108.1.1     -            156 d2fiaa1d.108.1.1.aln -            263     5e-08   28.3   0.0   1   1   2.9e-09   5.7e-08   28.2   0.0    89   205    32   133    14   152 0.78 -
d1xeba_d.108.1.1     -            149 d2fiaa1d.108.1.1.aln -            263   6.9e-08   27.9   0.1   1   1   4.2e-09   8.4e-08   27.6   0.1    84   211    20   136     3   146 0.82 -
d1y7ra1d.108.1.1     -            133 d2fiaa1d.108.1.1.aln -            263   1.1e-07   27.3   0.0   1   1   5.6e-09   1.1e-07   27.2   0.0   122   193    50   118    22   132 0.89 -
d1q2ya_d.108.1.1     -            140 d2fiaa1d.108.1.1.aln -            263   5.2e-07   25.0   0.0   1   1   2.8e-08   5.5e-07   24.9   0.0    95   195    26   120     2   138 0.80 -
d1z4ra1d.108.1.1     -            162 d2fiaa1d.108.1.1.aln -            263   6.2e-07   24.8   0.0   1   1   3.7e-08   7.3e-07   24.5   0.0    74   221    16   148     9   160 0.86 -
d1r57a_d.108.1.1     -            102 d2fiaa1d.108.1.1.aln -            263   1.8e-05   20.0   0.0   1   1     9e-07   1.8e-05   20.0   0.0   124   179    28    79     3    93 0.78 -
d2aj6a1d.108.1.1     -            118 d2fiaa1d.108.1.1.aln -            263   5.9e-05   18.3   0.0   1   1     3e-06   5.9e-05   18.3   0.0   113   172    59   115     4   118 0.80 -
#
# Program:         hmmsearch
# Version:         3.1b2 (February 2015)
# Pipeline mode:   SEARCH
# Query file:      hmmModels30/d2fiaa1d.108.1.1.hmm
# Target file:     scop/scopTestSeq.fasta
# Option settings: hmmsearch --domtblout hmmModels30/d2fiaa1d.108.1.1.out -E 1 hmmModels30/d2fiaa1d.108.1.1.hmm scop/scopTestSeq.fasta 
# Current dir:     /home/anastasia/SBAS/TME8
# Date:            Sat Apr  8 15:33:54 2023
# [ok]
