#                                                                            --- full sequence --- -------------- this domain -------------   hmm coord   ali coord   env coord
# target name        accession   tlen query name           accession   qlen   E-value  score  bias   #  of  c-Evalue  i-Evalue  score  bias  from    to  from    to  from    to  acc description of target
#------------------- ---------- ----- -------------------- ---------- ----- --------- ------ ----- --- --- --------- --------- ------ ----- ----- ----- ----- ----- ----- ----- ---- ---------------------
d1z9ha1a.45.1.1      -            161 d2fnoa1a.45.1.1.aln  -            143   1.6e-49  163.2   0.0   1   1   2.5e-51   1.8e-49  163.0   0.0     2   143    13   161    12   161 0.99 -
d1eema1a.45.1.1      -            139 d2fnoa1a.45.1.1.aln  -            143   4.7e-45  148.6   0.3   1   1   7.3e-47   5.3e-45  148.5   0.3     4   142     2   132     1   133 0.98 -
d1tu7a1a.45.1.1      -            131 d2fnoa1a.45.1.1.aln  -            143   2.5e-43  143.1   0.0   1   1   3.8e-45   2.7e-43  142.9   0.0     4   139     1   130     1   131 0.98 -
d1nhya1a.45.1.1      -            144 d2fnoa1a.45.1.1.aln  -            143   6.2e-43  141.8   0.0   1   1   9.7e-45   6.9e-43  141.6   0.0     2   138     9   144     8   144 0.99 -
d1k3ya1a.45.1.1      -            142 d2fnoa1a.45.1.1.aln  -            143   3.4e-42  139.4   0.0   1   1   5.3e-44   3.8e-42  139.2   0.0     2   142     1   136     1   137 0.98 -
d1tw9a1a.45.1.1      -            129 d2fnoa1a.45.1.1.aln  -            143   8.7e-42  138.1   0.0   1   1   1.3e-43   9.6e-42  137.9   0.0     3   132     1   129     1   129 0.99 -
d2c4ja1a.45.1.1      -            133 d2fnoa1a.45.1.1.aln  -            143   1.3e-40  134.3   0.1   1   1     2e-42   1.4e-40  134.1   0.1     2   142     1   131     1   132 0.99 -
d1okta1a.45.1.1      -            126 d2fnoa1a.45.1.1.aln  -            143   2.1e-40  133.6   1.3   1   1   3.2e-42   2.3e-40  133.4   1.3     3   131     1   125     1   126 0.98 -
d2cvda1a.45.1.1      -            124 d2fnoa1a.45.1.1.aln  -            143   1.9e-39  130.5   0.1   1   1   2.8e-41     2e-39  130.4   0.1     2   131     2   123     1   124 0.99 -
d1k0ma1a.45.1.1      -            149 d2fnoa1a.45.1.1.aln  -            143   2.8e-39  129.9   0.0   1   1   4.3e-41   3.1e-39  129.8   0.0     1   143     4   148     4   148 0.99 -
d1gnwa1a.45.1.1      -            126 d2fnoa1a.45.1.1.aln  -            143   1.7e-35  117.7   0.2   1   1   2.6e-37   1.9e-35  117.5   0.2     2   123     2   125     1   126 0.98 -
#
# Program:         hmmsearch
# Version:         3.1b2 (February 2015)
# Pipeline mode:   SEARCH
# Query file:      hmmModels30/d2fnoa1a.45.1.1.hmm
# Target file:     scop/scopTestSeq.fasta
# Option settings: hmmsearch --domtblout hmmModels30/d2fnoa1a.45.1.1.out -E 1 hmmModels30/d2fnoa1a.45.1.1.hmm scop/scopTestSeq.fasta 
# Current dir:     /home/anastasia/SBAS/TME8
# Date:            Sat Apr  8 15:33:54 2023
# [ok]
