#                                                                            --- full sequence --- -------------- this domain -------------   hmm coord   ali coord   env coord
# target name        accession   tlen query name           accession   qlen   E-value  score  bias   #  of  c-Evalue  i-Evalue  score  bias  from    to  from    to  from    to  acc description of target
#------------------- ---------- ----- -------------------- ---------- ----- --------- ------ ----- --- --- --------- --------- ------ ----- ----- ----- ----- ----- ----- ----- ---- ---------------------
d1g41a_c.37.1.20     -            443 d2fnaa2c.37.1.20.aln -            280  5.6e-138  454.2   4.9   1   1    2e-139  6.5e-138  454.0   4.9     1   280     1   429     1   429 1.00 -
d1um8a_c.37.1.20     -            364 d2fnaa2c.37.1.20.aln -            280   5.1e-96  316.5   2.7   1   1   1.8e-97   5.9e-96  316.3   2.7     2   279     5   357     4   358 0.99 -
d1svma_c.37.1.20     -            362 d2fnaa2c.37.1.20.aln -            280   3.6e-86  284.2   0.0   1   1   1.2e-87   4.1e-86  284.1   0.0     1   280     5   358     5   358 1.00 -
d1r6bx3c.37.1.20     -            315 d2fnaa2c.37.1.20.aln -            280   4.8e-67  221.5   0.2   1   1   1.6e-68   5.3e-67  221.3   0.2     2   279    10   306     9   307 0.99 -
d1g8pa_c.37.1.20     -            333 d2fnaa2c.37.1.20.aln -            280   7.6e-58  191.3   0.0   1   1   2.7e-59   8.8e-58  191.1   0.0     2   280     8   319     7   319 0.99 -
d1sxja2c.37.1.20     -            253 d2fnaa2c.37.1.20.aln -            280   7.5e-44  145.4   0.0   1   1   2.5e-45   8.3e-44  145.3   0.0     2   273     2   251     1   253 0.99 -
d1lv7a_c.37.1.20     -            256 d2fnaa2c.37.1.20.aln -            280     5e-42  139.4   0.0   1   1   1.7e-43   5.5e-42  139.3   0.0     3   280     1   256     1   256 0.98 -
d1fnna2c.37.1.20     -            276 d2fnaa2c.37.1.20.aln -            280   3.5e-40  133.4   0.0   1   1   1.2e-41   3.8e-40  133.2   0.0     4   279     6   276     3   276 0.98 -
d2a5yb3c.37.1.20     -            277 d2fnaa2c.37.1.20.aln -            280   2.1e-39  130.8   0.0   1   1   7.1e-41   2.3e-39  130.7   0.0     4   279     4   273     1   274 0.98 -
d1w5sa2c.37.1.20     -            287 d2fnaa2c.37.1.20.aln -            280   2.4e-39  130.6   0.0   1   1   8.2e-41   2.7e-39  130.5   0.0     2   275     4   286     3   287 0.99 -
d1u0ja_c.37.1.20     -            267 d2fnaa2c.37.1.20.aln -            280   1.5e-38  128.0   0.0   1   1   5.1e-40   1.7e-38  127.9   0.0     4   280     8   267     5   267 0.98 -
d1in4a2c.37.1.20     -            238 d2fnaa2c.37.1.20.aln -            280     2e-38  127.6   1.5   1   1   6.6e-40   2.2e-38  127.5   1.5     7   273     2   238     1   238 0.98 -
d1njfa_c.37.1.20     -            239 d2fnaa2c.37.1.20.aln -            280   4.3e-38  126.5   0.0   1   1   1.5e-39   5.1e-38  126.3   0.0     4   256     2   224     1   232 0.98 -
d1iqpa2c.37.1.20     -            231 d2fnaa2c.37.1.20.aln -            280   9.3e-38  125.4   0.4   1   1   3.3e-39   1.1e-37  125.2   0.4     6   267     5   229     2   231 0.98 -
d1d2na_c.37.1.20     -            246 d2fnaa2c.37.1.20.aln -            280   2.1e-30  101.3   0.0   1   1   7.2e-32   2.4e-30  101.1   0.0     2   276     1   245     1   246 0.96 -
d1ny5a2c.37.1.20     -            247 d2fnaa2c.37.1.20.aln -            280     3e-23   77.8   0.1   1   1     1e-24   3.3e-23   77.7   0.1     5   276     5   247     1   247 0.96 -
d1a5ta2c.37.1.20     -            207 d2fnaa2c.37.1.20.aln -            280   1.5e-19   65.6   0.0   1   1   5.3e-21   1.7e-19   65.5   0.0    14   256     2   196     1   206 0.96 -
d1l8qa2c.37.1.20     -            213 d2fnaa2c.37.1.20.aln -            280     6e-17   57.2   1.0   1   1   2.2e-18   7.2e-17   56.9   1.0     5   262     4   206     1   212 0.96 -
d1tuea_c.37.1.20     -            205 d2fnaa2c.37.1.20.aln -            280   2.9e-16   54.9   0.0   1   1   1.1e-17   3.5e-16   54.6   0.0    46   268    22   204     2   205 0.95 -
d2gnoa2c.37.1.20     -            198 d2fnaa2c.37.1.20.aln -            280   1.5e-13   46.0   0.0   1   1   6.9e-15   2.3e-13   45.4   0.0    80   264    46   196     1   198 0.88 -
d2p65a_c.37.1.20     -            185 d2fnaa2c.37.1.20.aln -            280   9.1e-13   43.4   0.6   1   2   3.9e-08   1.3e-06   23.3   0.0     9    73     9    67     1    70 0.88 -
d2p65a_c.37.1.20     -            185 d2fnaa2c.37.1.20.aln -            280   9.1e-13   43.4   0.6   2   2   7.2e-07   2.4e-05   19.1   0.1   111   252    71   183    68   185 0.93 -
d1jqlb_c.37.1.20     -            140 d2fnaa2c.37.1.20.aln -            280   4.2e-07   24.9   0.0   1   1   1.3e-08   4.4e-07   24.8   0.0   115   274     5   137     1   140 0.95 -
d1y63a_c.37.1.1      -            174 d2fnaa2c.37.1.20.aln -            280    0.0012   13.5   0.0   1   1   8.4e-05    0.0028   12.3   0.0    49    72     7    30     5    36 0.94 -
d3kb2a_c.37.1.1      -            171 d2fnaa2c.37.1.20.aln -            280    0.0024   12.5   0.0   1   2     0.001     0.033    8.8   0.0    51    78     4    31     2    56 0.84 -
d3kb2a_c.37.1.1      -            171 d2fnaa2c.37.1.20.aln -            280    0.0024   12.5   0.0   2   2      0.14       4.7    1.7   0.0   177   218   102   143    78   147 0.82 -
#
# Program:         hmmsearch
# Version:         3.1b2 (February 2015)
# Pipeline mode:   SEARCH
# Query file:      hmmModels30/d2fnaa2c.37.1.20.hmm
# Target file:     scop/scopTestSeq.fasta
# Option settings: hmmsearch --domtblout hmmModels30/d2fnaa2c.37.1.20.out -E 1 hmmModels30/d2fnaa2c.37.1.20.hmm scop/scopTestSeq.fasta 
# Current dir:     /home/anastasia/SBAS/TME8
# Date:            Sat Apr  8 15:33:54 2023
# [ok]
