#                                                                            --- full sequence --- -------------- this domain -------------   hmm coord   ali coord   env coord
# target name        accession   tlen query name           accession   qlen   E-value  score  bias   #  of  c-Evalue  i-Evalue  score  bias  from    to  from    to  from    to  acc description of target
#------------------- ---------- ----- -------------------- ---------- ----- --------- ------ ----- --- --- --------- --------- ------ ----- ----- ----- ----- ----- ----- ----- ---- ---------------------
d1ohwa_c.67.1.4      -            461 d2fnua_c.67.1.4.aln  -            396  1.6e-175  579.3   0.0   1   1  2.2e-177  1.7e-175  579.1   0.0     2   396    15   461    14   461 1.00 -
d1zoda_c.67.1.4      -            431 d2fnua_c.67.1.4.aln  -            396  4.4e-144  475.7   0.0   1   1  6.3e-146    5e-144  475.6   0.0     1   395     2   429     2   430 1.00 -
d3piua_c.67.1.4      -            416 d2fnua_c.67.1.4.aln  -            396  2.1e-128  424.1   0.0   1   1  3.1e-130  2.4e-128  423.9   0.0     1   396     7   415     7   415 0.99 -
d1vefa1c.67.1.4      -            387 d2fnua_c.67.1.4.aln  -            396  1.5e-122  404.8   0.0   1   1  2.1e-124  1.7e-122  404.7   0.0     4   394     1   387     1   387 0.99 -
d1bs0a_c.67.1.4      -            383 d2fnua_c.67.1.4.aln  -            396  2.1e-120  397.8   0.0   1   1  2.9e-122  2.3e-120  397.6   0.0     3   392     1   382     1   383 0.99 -
d2bwna1c.67.1.4      -            396 d2fnua_c.67.1.4.aln  -            396  3.9e-119  393.6   0.0   1   1  5.5e-121  4.3e-119  393.4   0.0     2   393     7   396     6   396 0.99 -
d2dkja_c.67.1.4      -            402 d2fnua_c.67.1.4.aln  -            396  1.2e-109  362.4   0.0   1   1  1.7e-111  1.3e-109  362.2   0.0     2   396     2   400     1   400 0.99 -
d1w23a_c.67.1.4      -            360 d2fnua_c.67.1.4.aln  -            396  3.5e-106  350.9   0.0   1   1    5e-108  3.9e-106  350.8   0.0    18   395     2   356     1   357 0.99 -
d1o69a_c.67.1.4      -            374 d2fnua_c.67.1.4.aln  -            396  6.1e-103  340.3   0.1   1   1  8.6e-105  6.8e-103  340.1   0.1     3   394     2   374     1   374 0.99 -
d2epja_c.67.1.0      -            426 d2fnua_c.67.1.4.aln  -            396   4.3e-18   60.9   0.0   1   1   7.2e-20   5.7e-18   60.5   0.0    28   358    36   383    32   404 0.81 -
#
# Program:         hmmsearch
# Version:         3.1b2 (February 2015)
# Pipeline mode:   SEARCH
# Query file:      hmmModels30/d2fnua_c.67.1.4.hmm
# Target file:     scop/scopTestSeq.fasta
# Option settings: hmmsearch --domtblout hmmModels30/d2fnua_c.67.1.4.out -E 1 hmmModels30/d2fnua_c.67.1.4.hmm scop/scopTestSeq.fasta 
# Current dir:     /home/anastasia/SBAS/TME8
# Date:            Sat Apr  8 15:33:54 2023
# [ok]
