#                                                                            --- full sequence --- -------------- this domain -------------   hmm coord   ali coord   env coord
# target name        accession   tlen query name           accession   qlen   E-value  score  bias   #  of  c-Evalue  i-Evalue  score  bias  from    to  from    to  from    to  acc description of target
#------------------- ---------- ----- -------------------- ---------- ----- --------- ------ ----- --- --- --------- --------- ------ ----- ----- ----- ----- ----- ----- ----- ---- ---------------------
d1p0ha_d.108.1.1     -            308 d2fsra1d.108.1.1.aln -            184   2.1e-89  293.7   0.3   1   3   2.2e-88   4.1e-87  286.2   0.0     2   184     1   200     1   200 1.00 -
d1p0ha_d.108.1.1     -            308 d2fsra1d.108.1.1.aln -            184   2.1e-89  293.7   0.3   2   3      0.19       3.6    2.8   0.0    88   112   226   250   216   253 0.87 -
d1p0ha_d.108.1.1     -            308 d2fsra1d.108.1.1.aln -            184   2.1e-89  293.7   0.3   3   3      0.58        11    1.2   0.0   125   153   275   298   261   306 0.77 -
d2p0wa_d.108.1.1     -            319 d2fsra1d.108.1.1.aln -            184   2.3e-68  225.1   0.0   1   1   1.6e-69   2.9e-68  224.7   0.0     1   184    99   319    99   319 0.99 -
d1boba_d.108.1.1     -            315 d2fsra1d.108.1.1.aln -            184   1.5e-63  209.4   0.0   1   1   9.5e-65   1.8e-63  209.1   0.0     1   184    95   315    95   315 0.99 -
d2pq8a_d.108.1.1     -            271 d2fsra1d.108.1.1.aln -            184   2.7e-46  153.1   0.0   1   1   1.7e-47   3.1e-46  152.9   0.0     1   184    21   244    21   244 0.99 -
d1u6ma_d.108.1.1     -            189 d2fsra1d.108.1.1.aln -            184   7.3e-25   83.3   0.0   1   1   4.6e-26   8.7e-25   83.0   0.0    14   171    13   187     3   189 0.95 -
d1yk3a1d.108.1.1     -            198 d2fsra1d.108.1.1.aln -            184   3.3e-24   81.1   0.0   1   1     2e-25   3.7e-24   81.0   0.0     2   170    23   194    22   198 0.96 -
d1z4ea1d.108.1.1     -            150 d2fsra1d.108.1.1.aln -            184   4.6e-24   80.7   0.1   1   1   3.1e-25   5.8e-24   80.3   0.1    14   158     8   145     3   148 0.95 -
d1tiqa_d.108.1.1     -            173 d2fsra1d.108.1.1.aln -            184   6.6e-23   76.9   0.1   1   1   4.1e-24   7.7e-23   76.7   0.1    10   178     7   172     3   173 0.96 -
d2gana1d.108.1.1     -            182 d2fsra1d.108.1.1.aln -            184   1.1e-20   69.7   0.0   1   1   6.2e-22   1.2e-20   69.6   0.0     6   171     4   181     1   182 0.95 -
d1i12a_d.108.1.1     -            157 d2fsra1d.108.1.1.aln -            184     4e-19   64.6   0.0   1   1   2.5e-20   4.7e-19   64.3   0.0     9   161     9   155     3   157 0.95 -
d1y9ka1d.108.1.1     -            152 d2fsra1d.108.1.1.aln -            184   1.4e-16   56.3   0.0   1   1   8.2e-18   1.5e-16   56.1   0.0    41   173    19   147     3   152 0.87 -
d1mk4a_d.108.1.1     -            157 d2fsra1d.108.1.1.aln -            184   3.8e-16   54.9   0.0   1   1   2.3e-17   4.3e-16   54.7   0.0    34   153    22   126     1   143 0.76 -
d2cy2a1d.108.1.1     -            174 d2fsra1d.108.1.1.aln -            184   7.2e-16   54.0   0.3   1   1   4.5e-17   8.4e-16   53.7   0.3     6   159     4   154     2   174 0.87 -
d2euia1d.108.1.1     -            153 d2fsra1d.108.1.1.aln -            184   1.6e-15   52.8   0.1   1   1     1e-16   1.9e-15   52.6   0.1    17   160     5   143     1   149 0.87 -
d1ufha_d.108.1.1     -            155 d2fsra1d.108.1.1.aln -            184   2.8e-15   52.0   0.4   1   1   1.6e-16     3e-15   51.9   0.4     7   160     4   152     1   155 0.89 -
d1vkca_d.108.1.1     -            149 d2fsra1d.108.1.1.aln -            184   4.1e-15   51.5   0.1   1   1   2.6e-16   4.8e-15   51.3   0.1    30   158    20   144     9   148 0.92 -
d1qsma_d.108.1.1     -            150 d2fsra1d.108.1.1.aln -            184     1e-14   50.2   0.0   1   1   5.6e-16     1e-14   50.2   0.0    17   156     6   142     1   150 0.94 -
d1y9wa1d.108.1.1     -            140 d2fsra1d.108.1.1.aln -            184   1.9e-14   49.3   0.0   1   1   1.3e-15   2.4e-14   49.0   0.0    90   174    61   140    45   140 0.95 -
d2atra1d.108.1.1     -            137 d2fsra1d.108.1.1.aln -            184   2.8e-14   48.8   0.0   1   1   1.8e-15   3.4e-14   48.5   0.0    28   168    13   136     4   137 0.91 -
d1wwza1d.108.1.1     -            157 d2fsra1d.108.1.1.aln -            184   8.2e-14   47.3   0.0   1   1   5.6e-15     1e-13   46.9   0.0    13   162     7   151     2   156 0.91 -
d2ae6a1d.108.1.1     -            161 d2fsra1d.108.1.1.aln -            184   1.4e-13   46.5   0.0   1   1   8.5e-15   1.6e-13   46.3   0.0    59   174    50   159    25   161 0.87 -
d2fl4a1d.108.1.1     -            146 d2fsra1d.108.1.1.aln -            184   2.3e-13   45.8   0.2   1   1   1.4e-14   2.6e-13   45.6   0.2    32   161    17   136     5   146 0.79 -
d2b5ga_d.108.1.1     -            168 d2fsra1d.108.1.1.aln -            184   4.5e-13   44.9   0.0   1   1   2.7e-14     5e-13   44.7   0.0     6   170     4   162     1   166 0.85 -
d1cjwa_d.108.1.1     -            166 d2fsra1d.108.1.1.aln -            184   1.2e-12   43.5   0.0   1   1   6.9e-14   1.3e-12   43.4   0.0    59   163    64   155    38   166 0.86 -
d2g3aa1d.108.1.1     -            137 d2fsra1d.108.1.1.aln -            184   1.4e-12   43.2   0.0   1   1   1.3e-13   2.4e-12   42.5   0.0    93   174    61   137     2   137 0.79 -
d1z4ra1d.108.1.1     -            162 d2fsra1d.108.1.1.aln -            184   1.5e-12   43.1   0.0   1   1   9.2e-14   1.7e-12   42.9   0.0    11   178     4   157     1   161 0.93 -
d1ghea_d.108.1.1     -            170 d2fsra1d.108.1.1.aln -            184   4.5e-12   41.6   0.1   1   1   2.8e-13   5.2e-12   41.4   0.1     8   160     5   151     2   167 0.91 -
d1n71a_d.108.1.1     -            180 d2fsra1d.108.1.1.aln -            184   7.3e-12   40.9   0.0   1   1   4.6e-13   8.7e-12   40.7   0.0    27   167    23   167     4   179 0.93 -
d1bo4a_d.108.1.1     -            137 d2fsra1d.108.1.1.aln -            184   1.3e-11   40.1   0.0   1   1   7.8e-13   1.5e-11   39.9   0.0    24   149    17   137     6   137 0.93 -
d2fiaa1d.108.1.1     -            157 d2fsra1d.108.1.1.aln -            184   1.7e-11   39.7   0.1   1   1   9.7e-13   1.8e-11   39.6   0.1    14   165     2   145     1   156 0.90 -
d1yx0a1d.108.1.1     -            151 d2fsra1d.108.1.1.aln -            184   2.6e-11   39.1   0.0   1   1   1.4e-12   2.7e-11   39.1   0.0    17   158     4   135     1   151 0.88 -
d2jdca1d.108.1.1     -            145 d2fsra1d.108.1.1.aln -            184   2.8e-11   39.0   0.1   1   1   1.5e-12   2.8e-11   39.0   0.1    83   161    59   131     9   145 0.91 -
d1m4ia_d.108.1.1     -            181 d2fsra1d.108.1.1.aln -            184   4.1e-11   38.5   0.1   1   1   2.2e-12   4.1e-11   38.5   0.1    18   151     5   140     1   179 0.89 -
d2fcka1d.108.1.1     -            178 d2fsra1d.108.1.1.aln -            184   2.2e-10   36.1   0.3   1   1   1.4e-11   2.7e-10   35.8   0.3     3   161     2   161     1   170 0.92 -
d1y7ra1d.108.1.1     -            133 d2fsra1d.108.1.1.aln -            184   5.5e-09   31.5   0.0   1   1   3.2e-10   5.9e-09   31.4   0.0    87   153    58   120     5   132 0.88 -
d1nsla_d.108.1.1     -            180 d2fsra1d.108.1.1.aln -            184   1.4e-08   30.2   0.0   1   1   9.3e-10   1.7e-08   29.9   0.0     7   158     5   157     2   173 0.91 -
d1xeba_d.108.1.1     -            149 d2fsra1d.108.1.1.aln -            184   1.5e-08   30.1   0.7   1   1   1.2e-09   2.3e-08   29.5   0.7    88   159    70   136     1   144 0.88 -
d1q2ya_d.108.1.1     -            140 d2fsra1d.108.1.1.aln -            184   1.5e-08   30.1   0.4   1   1   1.3e-09   2.5e-08   29.4   0.4    81   155    54   125     4   139 0.80 -
d2fiwa1d.108.1.1     -            156 d2fsra1d.108.1.1.aln -            184   2.2e-08   29.6   0.0   1   1   1.4e-09   2.6e-08   29.3   0.0    25   159    16   139     3   153 0.76 -
d1r57a_d.108.1.1     -            102 d2fsra1d.108.1.1.aln -            184   1.1e-06   24.1   0.0   1   1   5.9e-08   1.1e-06   24.0   0.0    89   137    32    80     7    93 0.88 -
d2aj6a1d.108.1.1     -            118 d2fsra1d.108.1.1.aln -            184     5e-06   21.9   0.0   1   1   2.9e-07   5.5e-06   21.7   0.0    39   129    27   115     2   117 0.82 -
d1xmta_d.108.1.1     -             95 d2fsra1d.108.1.1.aln -            184   8.3e-05   17.9   0.0   1   1   4.8e-06   8.9e-05   17.8   0.0    80   132    20    72     4    85 0.89 -
#
# Program:         hmmsearch
# Version:         3.1b2 (February 2015)
# Pipeline mode:   SEARCH
# Query file:      hmmModels30/d2fsra1d.108.1.1.hmm
# Target file:     scop/scopTestSeq.fasta
# Option settings: hmmsearch --domtblout hmmModels30/d2fsra1d.108.1.1.out -E 1 hmmModels30/d2fsra1d.108.1.1.hmm scop/scopTestSeq.fasta 
# Current dir:     /home/anastasia/SBAS/TME8
# Date:            Sat Apr  8 15:33:54 2023
# [ok]
