#                                                                            --- full sequence --- -------------- this domain -------------   hmm coord   ali coord   env coord
# target name        accession   tlen query name           accession   qlen   E-value  score  bias   #  of  c-Evalue  i-Evalue  score  bias  from    to  from    to  from    to  acc description of target
#------------------- ---------- ----- -------------------- ---------- ----- --------- ------ ----- --- --- --------- --------- ------ ----- ----- ----- ----- ----- ----- ----- ---- ---------------------
d2arza1b.45.1.1      -            238 d2fura1b.45.1.1.aln  -            156   4.5e-77  252.9   0.0   1   1     1e-78   5.6e-77  252.6   0.0     1   156     1   161     1   161 0.99 -
d2vpaa_b.45.1.1      -            215 d2fura1b.45.1.1.aln  -            156   4.9e-63  207.3   0.0   1   1     1e-64   5.9e-63  207.1   0.0     1   156    40   208    40   208 0.99 -
d1rfea_b.45.1.1      -            160 d2fura1b.45.1.1.aln  -            156   4.8e-36  119.7   0.0   1   1   9.2e-38   5.2e-36  119.5   0.0     2   151     8   156     7   160 0.97 -
d2htia1b.45.1.1      -            156 d2fura1b.45.1.1.aln  -            156   5.7e-33  109.7   0.0   1   1   1.1e-34   6.2e-33  109.5   0.0     2   151     2   155     1   156 0.98 -
d1xhna1b.45.1.1      -            170 d2fura1b.45.1.1.aln  -            156   1.1e-32  108.8   0.0   1   1   2.1e-34   1.2e-32  108.6   0.0     2   155     5   169     4   170 0.98 -
d2i02a1b.45.1.1      -            143 d2fura1b.45.1.1.aln  -            156   1.1e-31  105.4   0.0   1   1   2.2e-33   1.3e-31  105.3   0.0     2   150     4   142     3   143 0.98 -
d2fg9a1b.45.1.1      -            157 d2fura1b.45.1.1.aln  -            156   3.8e-31  103.7   0.0   1   1   7.2e-33   4.1e-31  103.6   0.0     2   152     5   153     4   157 0.97 -
d1w9aa_b.45.1.1      -            142 d2fura1b.45.1.1.aln  -            156   3.9e-29   97.2   0.0   1   1   7.5e-31   4.2e-29   97.1   0.0     5   150     2   140     1   142 0.95 -
d2hq7a1b.45.1.1      -            141 d2fura1b.45.1.1.aln  -            156   8.3e-28   92.9   0.0   1   1   1.6e-29   8.9e-28   92.8   0.0     5   148     6   138     2   141 0.96 -
d2fhqa1b.45.1.1      -            135 d2fura1b.45.1.1.aln  -            156   2.1e-27   91.5   0.0   1   1   4.1e-29   2.3e-27   91.4   0.0     3   145     3   132     1   135 0.96 -
d2hq9a1b.45.1.1      -            148 d2fura1b.45.1.1.aln  -            156   7.3e-27   89.8   0.0   1   1   1.4e-28   7.9e-27   89.7   0.0     3   150     6   147     4   148 0.96 -
d1vl7a_b.45.1.1      -            135 d2fura1b.45.1.1.aln  -            156   6.5e-25   83.5   0.0   1   1   1.2e-26   6.9e-25   83.4   0.0    10   146     3   130     1   135 0.96 -
d3a6ra_b.45.1.1      -            122 d2fura1b.45.1.1.aln  -            156   3.2e-17   58.5   0.0   1   1   6.1e-19   3.5e-17   58.4   0.0     7   114     5   109     1   121 0.92 -
d2asfa1b.45.1.1      -            125 d2fura1b.45.1.1.aln  -            156   3.4e-17   58.4   0.0   1   1   6.8e-19   3.8e-17   58.2   0.0     7   112     3   103     1   121 0.93 -
#
# Program:         hmmsearch
# Version:         3.1b2 (February 2015)
# Pipeline mode:   SEARCH
# Query file:      hmmModels30/d2fura1b.45.1.1.hmm
# Target file:     scop/scopTestSeq.fasta
# Option settings: hmmsearch --domtblout hmmModels30/d2fura1b.45.1.1.out -E 1 hmmModels30/d2fura1b.45.1.1.hmm scop/scopTestSeq.fasta 
# Current dir:     /home/anastasia/SBAS/TME8
# Date:            Sat Apr  8 15:33:54 2023
# [ok]
