#                                                                            --- full sequence --- -------------- this domain -------------   hmm coord   ali coord   env coord
# target name        accession   tlen query name           accession   qlen   E-value  score  bias   #  of  c-Evalue  i-Evalue  score  bias  from    to  from    to  from    to  acc description of target
#------------------- ---------- ----- -------------------- ---------- ----- --------- ------ ----- --- --- --------- --------- ------ ----- ----- ----- ----- ----- ----- ----- ---- ---------------------
d1z6om1a.25.1.1      -            191 d2fzfa1a.25.1.1.aln  -            171   2.4e-59  195.3   0.0   1   1   3.7e-61   2.7e-59  195.2   0.0     2   171    11   183    10   183 0.99 -
d1z6oa1a.25.1.1      -            200 d2fzfa1a.25.1.1.aln  -            171   4.8e-59  194.3  11.7   1   1   7.5e-61   5.4e-59  194.2  11.7     1   171    14   193    14   193 0.99 -
d1tjoa_a.25.1.1      -            180 d2fzfa1a.25.1.1.aln  -            171   7.8e-57  187.1   7.7   1   1   1.2e-58   8.8e-57  187.0   7.7     1   169    18   179    18   180 0.99 -
d1nf4a_a.25.1.1      -            169 d2fzfa1a.25.1.1.aln  -            171   3.5e-55  181.7   4.5   1   1   5.5e-57   3.9e-55  181.6   4.5     4   170     1   158     1   159 0.99 -
d1lb3a_a.25.1.1      -            179 d2fzfa1a.25.1.1.aln  -            171   2.1e-50  166.2   0.1   1   1   3.3e-52   2.3e-50  166.0   0.1     3   171     2   174     1   174 0.99 -
d3bvfa_a.25.1.1      -            172 d2fzfa1a.25.1.1.aln  -            171   1.7e-49  163.2   6.7   1   1   2.7e-51   1.9e-49  163.1   6.7     1   169     1   171     1   172 0.99 -
d2y3qa_a.25.1.1      -            158 d2fzfa1a.25.1.1.aln  -            171   6.8e-48  158.0   2.8   1   1     1e-49   7.4e-48  157.9   2.8     7   170     2   156     1   157 0.98 -
d1zs3a1a.25.1.1      -            171 d2fzfa1a.25.1.1.aln  -            171   1.8e-44  146.9   0.7   1   1   2.8e-46     2e-44  146.7   0.7     1   168     4   170     4   171 0.99 -
d2cf7a_a.25.1.1      -            159 d2fzfa1a.25.1.1.aln  -            171   4.6e-43  142.3   0.0   1   1     7e-45     5e-43  142.2   0.0     1   167     1   158     1   159 0.98 -
d1vjxa_a.25.1.1      -            149 d2fzfa1a.25.1.1.aln  -            171   1.5e-32  108.1   6.5   1   1   2.3e-34   1.6e-32  108.0   6.5     3   165     1   148     1   149 0.98 -
d1yuza1a.25.1.1      -            135 d2fzfa1a.25.1.1.aln  -            171   8.8e-27   89.3   0.7   1   1   1.5e-28   1.1e-26   89.0   0.7     7   142     2   128     1   134 0.94 -
#
# Program:         hmmsearch
# Version:         3.1b2 (February 2015)
# Pipeline mode:   SEARCH
# Query file:      hmmModels30/d2fzfa1a.25.1.1.hmm
# Target file:     scop/scopTestSeq.fasta
# Option settings: hmmsearch --domtblout hmmModels30/d2fzfa1a.25.1.1.out -E 1 hmmModels30/d2fzfa1a.25.1.1.hmm scop/scopTestSeq.fasta 
# Current dir:     /home/anastasia/SBAS/TME8
# Date:            Sat Apr  8 15:33:54 2023
# [ok]
