#                                                                            --- full sequence --- -------------- this domain -------------   hmm coord   ali coord   env coord
# target name        accession   tlen query name           accession   qlen   E-value  score  bias   #  of  c-Evalue  i-Evalue  score  bias  from    to  from    to  from    to  acc description of target
#------------------- ---------- ----- -------------------- ---------- ----- --------- ------ ----- --- --- --------- --------- ------ ----- ----- ----- ----- ----- ----- ----- ---- ---------------------
d1z0xa2a.121.1.1     -            149 d2g3ba2a.121.1.1.aln -            125   8.4e-42  137.5   0.0   1   1   3.6e-43   9.9e-42  137.3   0.0     3   125     1   125     1   125 0.99 -
d3c07a2a.121.1.1     -            146 d2g3ba2a.121.1.1.aln -            125   3.3e-27   90.5   1.6   1   1   1.4e-28   3.8e-27   90.3   1.6     1   125     1   127     1   127 0.99 -
d2g7la2a.121.1.1     -            144 d2g3ba2a.121.1.1.aln -            125   3.6e-25   83.9   9.6   1   1   1.5e-26   4.1e-25   83.8   9.6     3   125     2   126     1   126 0.99 -
d1ui5a2a.121.1.1     -            133 d2g3ba2a.121.1.1.aln -            125     3e-24   81.0   0.4   1   1   1.3e-25   3.5e-24   80.8   0.4     6   124     1   118     1   119 0.98 -
d1t33a2a.121.1.1     -            132 d2g3ba2a.121.1.1.aln -            125   1.1e-23   79.2   0.2   1   1   4.4e-25   1.2e-23   79.0   0.2     1   125     3   129     3   129 0.99 -
d2i10a2a.121.1.1     -            116 d2g3ba2a.121.1.1.aln -            125   6.9e-21   70.1   3.0   1   1   2.8e-22   7.6e-21   70.0   3.0     2   115     3   115     2   116 0.98 -
d2fbqa2a.121.1.1     -            134 d2g3ba2a.121.1.1.aln -            125   5.1e-20   67.3   0.3   1   1   2.1e-21   5.6e-20   67.2   0.3     2   122     2   123     1   126 0.97 -
d2gfna2a.121.1.1     -            119 d2g3ba2a.121.1.1.aln -            125   3.5e-19   64.7   6.2   1   1   1.4e-20   3.8e-19   64.6   6.2     3   121     2   119     1   119 0.97 -
d2id3a2a.121.1.1     -            123 d2g3ba2a.121.1.1.aln -            125   4.5e-19   64.3   6.0   1   1   1.8e-20   4.9e-19   64.2   6.0     1   121     2   121     2   123 0.98 -
d2g7ga2a.121.1.1     -            132 d2g3ba2a.121.1.1.aln -            125   7.5e-19   63.6   7.8   1   1   3.1e-20   8.4e-19   63.4   7.8     3   124     1   124     1   125 0.98 -
d2hyja2a.121.1.1     -            118 d2g3ba2a.121.1.1.aln -            125   2.1e-18   62.2   4.8   1   1   8.1e-20   2.2e-18   62.1   4.8     3   116     4   116     2   118 0.97 -
d2g7sa2a.121.1.1     -            116 d2g3ba2a.121.1.1.aln -            125   6.7e-18   60.5   1.7   1   1   2.7e-19   7.3e-18   60.4   1.7     1   116     2   115     2   116 0.98 -
d1rkta2a.121.1.1     -            123 d2g3ba2a.121.1.1.aln -            125   1.2e-16   56.6   0.0   1   1   4.5e-18   1.2e-16   56.5   0.0     7   123     3   121     1   123 0.95 -
d2d6ya2a.121.1.1     -            118 d2g3ba2a.121.1.1.aln -            125   2.6e-16   55.4   1.6   1   1   1.1e-17   2.9e-16   55.3   1.6     1   116     2   117     2   118 0.98 -
d2gena2a.121.1.1     -            118 d2g3ba2a.121.1.1.aln -            125   4.3e-16   54.7   5.5   1   1   1.7e-17   4.7e-16   54.6   5.5     4   118     2   118     1   118 0.98 -
d1t56a2a.121.1.1     -            120 d2g3ba2a.121.1.1.aln -            125   2.9e-15   52.0   1.4   1   1   1.3e-16   3.5e-15   51.8   1.4     1   118     2   117     2   119 0.97 -
d2oi8a2a.121.1.1     -            130 d2g3ba2a.121.1.1.aln -            125   5.5e-15   51.2   1.9   1   1   2.1e-16   5.8e-15   51.1   1.9     6   122     7   125     2   128 0.93 -
d1vi0a2a.121.1.1     -            117 d2g3ba2a.121.1.1.aln -            125   8.1e-15   50.6   0.0   1   1   3.2e-16   8.7e-15   50.5   0.0     7   122     3   117     1   117 0.97 -
d2id6a2a.121.1.1     -            125 d2g3ba2a.121.1.1.aln -            125   2.6e-14   49.0   0.0   1   1     1e-15   2.8e-14   48.9   0.0     6   124     3   123     1   124 0.97 -
d2fx0a2a.121.1.1     -            122 d2g3ba2a.121.1.1.aln -            125     4e-14   48.4   0.0   1   1   1.7e-15   4.7e-14   48.1   0.0     2   114     3   117     2   121 0.96 -
d1sgma2a.121.1.1     -            111 d2g3ba2a.121.1.1.aln -            125   1.4e-13   46.6   0.0   1   1   5.6e-15   1.5e-13   46.5   0.0     1   116     2   111     2   111 0.98 -
d2hkua2a.121.1.1     -            121 d2g3ba2a.121.1.1.aln -            125   1.5e-13   46.6   0.1   1   1   5.8e-15   1.6e-13   46.4   0.1     3   121     3   120     1   121 0.97 -
d2fq4a2a.121.1.1     -            115 d2g3ba2a.121.1.1.aln -            125   3.3e-13   45.4   0.0   1   1   1.3e-14   3.6e-13   45.3   0.0     3   117     1   114     1   115 0.97 -
d2iu5a2a.121.1.1     -            109 d2g3ba2a.121.1.1.aln -            125   2.2e-12   42.7   0.0   1   1   8.9e-14   2.4e-12   42.6   0.0     7   117     4   108     1   109 0.97 -
d2np5a2a.121.1.1     -            118 d2g3ba2a.121.1.1.aln -            125   1.1e-11   40.5   2.9   1   1   4.5e-13   1.2e-11   40.4   2.9     3   122     3   114     1   117 0.96 -
d2np3a2a.121.1.1     -            112 d2g3ba2a.121.1.1.aln -            125   2.5e-11   39.4   6.5   1   1   9.9e-13   2.7e-11   39.3   6.5     3   122     3   108     1   111 0.95 -
d2fd5a2a.121.1.1     -            104 d2g3ba2a.121.1.1.aln -            125   4.6e-09   32.1   2.8   1   1   1.9e-10   5.3e-09   31.9   2.8     5   110     3    99     1   103 0.95 -
d2o7ta2a.121.1.1     -            110 d2g3ba2a.121.1.1.aln -            125   5.6e-09   31.8   0.0   1   1   2.4e-10   6.4e-09   31.6   0.0    11   119     6   110     3   110 0.95 -
d1zk8a2a.121.1.1     -            105 d2g3ba2a.121.1.1.aln -            125   7.3e-09   31.4   0.0   1   1   3.2e-10   8.7e-09   31.2   0.0     5   116     5   102     1   105 0.93 -
#
# Program:         hmmsearch
# Version:         3.1b2 (February 2015)
# Pipeline mode:   SEARCH
# Query file:      hmmModels30/d2g3ba2a.121.1.1.hmm
# Target file:     scop/scopTestSeq.fasta
# Option settings: hmmsearch --domtblout hmmModels30/d2g3ba2a.121.1.1.out -E 1 hmmModels30/d2g3ba2a.121.1.1.hmm scop/scopTestSeq.fasta 
# Current dir:     /home/anastasia/SBAS/TME8
# Date:            Sat Apr  8 15:33:54 2023
# [ok]
