#                                                                            --- full sequence --- -------------- this domain -------------   hmm coord   ali coord   env coord
# target name        accession   tlen query name           accession   qlen   E-value  score  bias   #  of  c-Evalue  i-Evalue  score  bias  from    to  from    to  from    to  acc description of target
#------------------- ---------- ----- -------------------- ---------- ----- --------- ------ ----- --- --- --------- --------- ------ ----- ----- ----- ----- ----- ----- ----- ---- ---------------------
d2pq8a_d.108.1.1     -            271 d2g3aa1d.108.1.1.aln -            177   2.7e-71  234.5   0.1   1   1   1.9e-72   3.4e-71  234.2   0.1     1   177    40   234    40   234 1.00 -
d2p0wa_d.108.1.1     -            319 d2g3aa1d.108.1.1.aln -            177   3.8e-71  234.0   0.8   1   1     3e-72   5.5e-71  233.5   0.8     1   177   119   305   119   305 1.00 -
d1boba_d.108.1.1     -            315 d2g3aa1d.108.1.1.aln -            177   4.8e-63  207.6   0.5   1   1   3.5e-64   6.3e-63  207.2   0.5     1   177   111   301   111   301 0.99 -
d1p0ha_d.108.1.1     -            308 d2g3aa1d.108.1.1.aln -            177     2e-50  166.5   0.0   1   2       0.1       1.9    3.8   0.0    92   114    73    95    38   100 0.69 -
d1p0ha_d.108.1.1     -            308 d2g3aa1d.108.1.1.aln -            177     2e-50  166.5   0.0   2   2     6e-50   1.1e-48  160.9   0.0     1   176   112   304   112   305 0.99 -
d1u6ma_d.108.1.1     -            189 d2g3aa1d.108.1.1.aln -            177   2.6e-28   94.5   0.1   1   1   1.6e-29   2.9e-28   94.3   0.1    10   168    13   187     5   189 0.96 -
d1yk3a1d.108.1.1     -            198 d2g3aa1d.108.1.1.aln -            177   7.1e-27   89.8   0.0   1   1   4.4e-28     8e-27   89.6   0.0     3   169    24   196    22   198 0.97 -
d2gana1d.108.1.1     -            182 d2g3aa1d.108.1.1.aln -            177   2.9e-26   87.8   0.3   1   1   1.7e-27   3.2e-26   87.7   0.3     6   167     4   180     1   182 0.93 -
d1tiqa_d.108.1.1     -            173 d2g3aa1d.108.1.1.aln -            177   4.6e-26   87.2   0.2   1   1   2.9e-27   5.4e-26   87.0   0.2     3   167     3   164     1   170 0.96 -
d2b5ga_d.108.1.1     -            168 d2g3aa1d.108.1.1.aln -            177     1e-22   76.3   0.1   1   1   6.2e-24   1.1e-22   76.1   0.1    15   167     5   162     1   167 0.95 -
d1i12a_d.108.1.1     -            157 d2g3aa1d.108.1.1.aln -            177   3.9e-22   74.4   0.0   1   1   2.5e-23   4.6e-22   74.2   0.0     9   159    10   156     7   157 0.96 -
d1m4ia_d.108.1.1     -            181 d2g3aa1d.108.1.1.aln -            177   7.1e-22   73.5   0.0   1   1   4.6e-23   8.4e-22   73.3   0.0    12   173     2   161     1   164 0.97 -
d2cy2a1d.108.1.1     -            174 d2g3aa1d.108.1.1.aln -            177     1e-21   73.0   0.1   1   1   6.5e-23   1.2e-21   72.8   0.1     4   166     3   162     1   170 0.93 -
d1z4ea1d.108.1.1     -            150 d2g3aa1d.108.1.1.aln -            177   1.6e-20   69.2   0.0   1   1     1e-21   1.9e-20   68.9   0.0    17   154     9   144     2   148 0.88 -
d1wwza1d.108.1.1     -            157 d2g3aa1d.108.1.1.aln -            177   7.5e-20   66.9   0.2   1   1   4.4e-21     8e-20   66.9   0.2     8   161     5   153     1   157 0.93 -
d1ufha_d.108.1.1     -            155 d2g3aa1d.108.1.1.aln -            177   2.2e-19   65.4   0.5   1   1   1.4e-20   2.6e-19   65.2   0.5    47   157    46   152    10   154 0.93 -
d1mk4a_d.108.1.1     -            157 d2g3aa1d.108.1.1.aln -            177   4.9e-19   64.3   0.0   1   1   3.5e-20   6.5e-19   63.9   0.0    23   160     8   136     2   147 0.94 -
d1y9wa1d.108.1.1     -            140 d2g3aa1d.108.1.1.aln -            177   1.4e-18   62.8   0.8   1   1   8.4e-20   1.5e-18   62.7   0.8    32   169    11   138     2   140 0.88 -
d2fiaa1d.108.1.1     -            157 d2g3aa1d.108.1.1.aln -            177   1.6e-18   62.6   0.9   1   1   9.3e-20   1.7e-18   62.5   0.9    15   170     6   153     1   157 0.93 -
d1vkca_d.108.1.1     -            149 d2g3aa1d.108.1.1.aln -            177   5.3e-18   60.9   0.9   1   1   3.2e-19   5.9e-18   60.8   0.9    14   154     8   143     1   148 0.89 -
d2euia1d.108.1.1     -            153 d2g3aa1d.108.1.1.aln -            177   1.2e-17   59.8   0.1   1   1     8e-19   1.5e-17   59.5   0.1    19   159     7   145     3   152 0.94 -
d1qsma_d.108.1.1     -            150 d2g3aa1d.108.1.1.aln -            177   1.3e-17   59.6   0.0   1   1   8.4e-19   1.5e-17   59.4   0.0    14   154     7   143     2   149 0.96 -
d2fcka1d.108.1.1     -            178 d2g3aa1d.108.1.1.aln -            177     2e-17   59.0   0.1   1   1   1.2e-18   2.2e-17   58.9   0.1     2   163     1   168     1   178 0.88 -
d1y9ka1d.108.1.1     -            152 d2g3aa1d.108.1.1.aln -            177   3.9e-17   58.1   0.0   1   1   2.3e-18   4.3e-17   58.0   0.0    45   170    22   137     6   144 0.92 -
d2fl4a1d.108.1.1     -            146 d2g3aa1d.108.1.1.aln -            177     3e-16   55.2   0.5   1   1   1.8e-17   3.2e-16   55.1   0.5    19   168     5   146     1   146 0.92 -
d1yx0a1d.108.1.1     -            151 d2g3aa1d.108.1.1.aln -            177   3.2e-16   55.1   0.0   1   1   2.1e-17   3.8e-16   54.9   0.0    24   170    11   150     8   151 0.95 -
d1nsla_d.108.1.1     -            180 d2g3aa1d.108.1.1.aln -            177     4e-16   54.8   0.0   1   1   2.3e-17   4.3e-16   54.7   0.0     4   169     5   171     2   179 0.94 -
d1ghea_d.108.1.1     -            170 d2g3aa1d.108.1.1.aln -            177   4.6e-15   51.4   0.0   1   1   2.9e-16   5.4e-15   51.1   0.0    16   162    15   156     3   168 0.92 -
d2ae6a1d.108.1.1     -            161 d2g3aa1d.108.1.1.aln -            177   4.7e-15   51.3   0.1   1   1   2.7e-16   4.9e-15   51.3   0.1    35   168    27   154     1   159 0.88 -
d2jdca1d.108.1.1     -            145 d2g3aa1d.108.1.1.aln -            177   9.5e-15   50.3   0.1   1   1   5.6e-16     1e-14   50.2   0.1    23   169     4   142     1   145 0.91 -
d1n71a_d.108.1.1     -            180 d2g3aa1d.108.1.1.aln -            177   2.3e-14   49.1   0.0   1   1   1.3e-15   2.4e-14   49.0   0.0    11   174     9   177     1   180 0.94 -
d2atra1d.108.1.1     -            137 d2g3aa1d.108.1.1.aln -            177   7.2e-14   47.5   0.1   1   1     5e-15   9.1e-14   47.1   0.1    26   154    11   125     2   129 0.92 -
d2fiwa1d.108.1.1     -            156 d2g3aa1d.108.1.1.aln -            177   7.4e-13   44.2   0.0   1   1   4.7e-14   8.7e-13   43.9   0.0    23   169    13   152     7   156 0.83 -
d1xeba_d.108.1.1     -            149 d2g3aa1d.108.1.1.aln -            177   9.7e-13   43.8   0.5   1   1   6.4e-14   1.2e-12   43.5   0.5    31   155    21   135     4   147 0.91 -
d1cjwa_d.108.1.1     -            166 d2g3aa1d.108.1.1.aln -            177   1.3e-11   40.1   0.0   1   1   7.2e-13   1.3e-11   40.1   0.0    72   171    69   166     3   166 0.85 -
d1z4ra1d.108.1.1     -            162 d2g3aa1d.108.1.1.aln -            177   1.9e-11   39.6   0.0   1   1   1.2e-12   2.1e-11   39.4   0.0    20   171    14   159     7   162 0.88 -
d1y7ra1d.108.1.1     -            133 d2g3aa1d.108.1.1.aln -            177   2.2e-11   39.4   0.0   1   1   1.4e-12   2.5e-11   39.2   0.0    72   153    50   123    23   131 0.84 -
d1bo4a_d.108.1.1     -            137 d2g3aa1d.108.1.1.aln -            177   3.1e-11   38.9   0.0   1   1   1.9e-12   3.5e-11   38.7   0.0    11   148     4   137     1   137 0.89 -
d1q2ya_d.108.1.1     -            140 d2g3aa1d.108.1.1.aln -            177   3.8e-10   35.3   0.0   1   1   2.6e-11   4.7e-10   35.0   0.0    23   169     8   139     2   140 0.83 -
d1r57a_d.108.1.1     -            102 d2g3aa1d.108.1.1.aln -            177   8.2e-09   31.0   0.1   1   1   4.7e-10   8.6e-09   30.9   0.1    59   148    12    94     3   102 0.74 -
d2aj6a1d.108.1.1     -            118 d2g3aa1d.108.1.1.aln -            177     4e-08   28.8   0.0   1   1   2.2e-09     4e-08   28.7   0.0    15   128     7   115     1   118 0.89 -
d2fsra1d.108.1.1     -            164 d2g3aa1d.108.1.1.aln -            177     8e-08   27.8   0.0   1   1   4.8e-09   8.9e-08   27.6   0.0    10   151     7   146     4   164 0.93 -
d2g3aa1d.108.1.1     -            137 d2g3aa1d.108.1.1.aln -            177   1.6e-06   23.5   0.0   1   1   1.1e-07     2e-06   23.2   0.0    92   153    61   119    40   131 0.85 -
d1xmta_d.108.1.1     -             95 d2g3aa1d.108.1.1.aln -            177    0.0032   12.8   0.0   1   1   0.00018    0.0033   12.7   0.0    97   133    38    74     3    86 0.82 -
#
# Program:         hmmsearch
# Version:         3.1b2 (February 2015)
# Pipeline mode:   SEARCH
# Query file:      hmmModels30/d2g3aa1d.108.1.1.hmm
# Target file:     scop/scopTestSeq.fasta
# Option settings: hmmsearch --domtblout hmmModels30/d2g3aa1d.108.1.1.out -E 1 hmmModels30/d2g3aa1d.108.1.1.hmm scop/scopTestSeq.fasta 
# Current dir:     /home/anastasia/SBAS/TME8
# Date:            Sat Apr  8 15:33:54 2023
# [ok]
