#                                                                            --- full sequence --- -------------- this domain -------------   hmm coord   ali coord   env coord
# target name        accession   tlen query name           accession   qlen   E-value  score  bias   #  of  c-Evalue  i-Evalue  score  bias  from    to  from    to  from    to  acc description of target
#------------------- ---------- ----- -------------------- ---------- ----- --------- ------ ----- --- --- --------- --------- ------ ----- ----- ----- ----- ----- ----- ----- ---- ---------------------
d1t33a1a.4.1.9       -             88 d2g7sa1a.4.1.9.aln   -             75   3.3e-31  102.5   1.8   1   1     1e-32   3.8e-31  102.3   1.8     1    75     8    81     8    81 0.98 -
d2id6a1a.4.1.9       -             75 d2g7sa1a.4.1.9.aln   -             75   2.5e-27   90.0   0.3   1   1     7e-29   2.6e-27   90.0   0.3     5    74     3    72     1    73 0.96 -
d1rkta1a.4.1.9       -             81 d2g7sa1a.4.1.9.aln   -             75   8.7e-27   88.3   0.2   1   1   2.6e-28   9.6e-27   88.2   0.2     1    74     7    80     7    81 0.98 -
d1vi0a1a.4.1.9       -             72 d2g7sa1a.4.1.9.aln   -             75   1.4e-26   87.6   0.1   1   1   4.1e-28   1.5e-26   87.5   0.1     6    74     2    70     1    71 0.96 -
d1ui5a1a.4.1.9       -             71 d2g7sa1a.4.1.9.aln   -             75   9.5e-25   81.8   2.0   1   1   2.6e-26   9.9e-25   81.7   2.0     2    69     2    69     1    71 0.94 -
d2oi8a1a.4.1.9       -             79 d2g7sa1a.4.1.9.aln   -             75   2.2e-24   80.6   0.7   1   1   6.4e-26   2.4e-24   80.5   0.7     2    73     6    77     5    79 0.97 -
d2gfna1a.4.1.9       -             77 d2g7sa1a.4.1.9.aln   -             75   3.8e-24   79.8   0.4   1   1   1.1e-25   4.1e-24   79.7   0.4     2    74     3    75     2    76 0.97 -
d2gena1a.4.1.9       -             70 d2g7sa1a.4.1.9.aln   -             75   6.3e-24   79.1   0.6   1   1   1.8e-25   6.7e-24   79.0   0.6     6    73     1    68     1    70 0.96 -
d1sgma1a.4.1.9       -             73 d2g7sa1a.4.1.9.aln   -             75   4.7e-23   76.3   0.0   1   1   1.3e-24     5e-23   76.3   0.0     5    74     2    72     1    73 0.97 -
d2i10a1a.4.1.9       -             69 d2g7sa1a.4.1.9.aln   -             75   1.6e-22   74.6   0.0   1   1   4.5e-24   1.7e-22   74.5   0.0     8    73     3    68     1    69 0.95 -
d2np5a1a.4.1.9       -             69 d2g7sa1a.4.1.9.aln   -             75   2.4e-22   74.0   0.2   1   1   6.8e-24   2.5e-22   74.0   0.2     7    71     3    67     1    69 0.96 -
d1t56a1a.4.1.9       -             73 d2g7sa1a.4.1.9.aln   -             75   5.1e-22   73.0   0.0   1   1   1.4e-23   5.4e-22   72.9   0.0     4    74     2    72     1    73 0.97 -
d2fd5a1a.4.1.9       -             76 d2g7sa1a.4.1.9.aln   -             75   5.1e-22   73.0   0.1   1   1   1.4e-23   5.4e-22   72.9   0.1     2    71     4    73     3    76 0.96 -
d2iu5a1a.4.1.9       -             71 d2g7sa1a.4.1.9.aln   -             75   8.7e-22   72.3   0.1   1   1   2.4e-23   9.2e-22   72.2   0.1     2    68     3    69     2    71 0.95 -
d2hyja1a.4.1.9       -             75 d2g7sa1a.4.1.9.aln   -             75     1e-21   72.1   0.2   1   1   2.8e-23   1.1e-21   72.0   0.2     2    72     2    72     1    75 0.96 -
d2np3a1a.4.1.9       -             65 d2g7sa1a.4.1.9.aln   -             75   7.6e-21   69.2   0.3   1   1   2.5e-22   9.5e-21   68.9   0.3    10    67     1    58     1    64 0.93 -
d2o7ta1a.4.1.9       -             78 d2g7sa1a.4.1.9.aln   -             75   3.3e-20   67.2   0.0   1   1   9.4e-22   3.5e-20   67.1   0.0     2    73     4    76     3    78 0.93 -
d1zk8a1a.4.1.9       -             72 d2g7sa1a.4.1.9.aln   -             75   8.8e-19   62.6   0.1   1   1   2.5e-20   9.3e-19   62.6   0.1     6    73     4    71     1    72 0.97 -
d2id3a1a.4.1.9       -             68 d2g7sa1a.4.1.9.aln   -             75   2.2e-17   58.2   0.1   1   1     6e-19   2.3e-17   58.1   0.1     4    66     5    67     2    68 0.95 -
d2g7ga1a.4.1.9       -             65 d2g7sa1a.4.1.9.aln   -             75   1.1e-15   52.7   0.0   1   1   3.1e-17   1.2e-15   52.7   0.0     6    70     2    64     1    65 0.96 -
d2g7sa1a.4.1.9       -             74 d2g7sa1a.4.1.9.aln   -             75   2.9e-10   35.4   0.0   1   1   8.4e-12   3.1e-10   35.2   0.0     6    65     5    64     2    73 0.88 -
#
# Program:         hmmsearch
# Version:         3.1b2 (February 2015)
# Pipeline mode:   SEARCH
# Query file:      hmmModels30/d2g7sa1a.4.1.9.hmm
# Target file:     scop/scopTestSeq.fasta
# Option settings: hmmsearch --domtblout hmmModels30/d2g7sa1a.4.1.9.out -E 1 hmmModels30/d2g7sa1a.4.1.9.hmm scop/scopTestSeq.fasta 
# Current dir:     /home/anastasia/SBAS/TME8
# Date:            Sat Apr  8 15:33:54 2023
# [ok]
