#                                                                            --- full sequence --- -------------- this domain -------------   hmm coord   ali coord   env coord
# target name        accession   tlen query name           accession   qlen   E-value  score  bias   #  of  c-Evalue  i-Evalue  score  bias  from    to  from    to  from    to  acc description of target
#------------------- ---------- ----- -------------------- ---------- ----- --------- ------ ----- --- --- --------- --------- ------ ----- ----- ----- ----- ----- ----- ----- ---- ---------------------
d1z0xa2a.121.1.1     -            149 d2g7ga2a.121.1.1.aln -            124     1e-37  124.7   0.0   1   1   4.4e-39   1.2e-37  124.5   0.0     2   123     2   127     1   128 0.99 -
d2g7la2a.121.1.1     -            144 d2g7ga2a.121.1.1.aln -            124   1.1e-36  121.4   8.3   1   1   4.5e-38   1.2e-36  121.3   8.3     1   124     1   137     1   137 0.99 -
d3c07a2a.121.1.1     -            146 d2g7ga2a.121.1.1.aln -            124   1.2e-30  102.0   2.0   1   1   5.6e-32   1.5e-30  101.6   2.0     2   123     1   125     1   126 0.98 -
d1ui5a2a.121.1.1     -            133 d2g7ga2a.121.1.1.aln -            124   8.7e-26   86.2   0.4   1   1   4.1e-27   1.1e-25   85.9   0.4     2   124     2   119     1   119 0.98 -
d1t33a2a.121.1.1     -            132 d2g7ga2a.121.1.1.aln -            124   5.2e-24   80.5   0.2   1   1   2.1e-25   5.7e-24   80.4   0.2     1   121     5   126     5   129 0.98 -
d2fbqa2a.121.1.1     -            134 d2g7ga2a.121.1.1.aln -            124   1.6e-22   75.7   0.3   1   1   6.5e-24   1.8e-22   75.5   0.3     2   123     4   128     3   129 0.98 -
d2i10a2a.121.1.1     -            116 d2g7ga2a.121.1.1.aln -            124   1.6e-21   72.4   2.9   1   1   6.5e-23   1.8e-21   72.3   2.9     2   114     2   113     1   116 0.92 -
d2hyja2a.121.1.1     -            118 d2g7ga2a.121.1.1.aln -            124   2.3e-20   68.7   4.3   1   1   9.3e-22   2.5e-20   68.6   4.3     4   121     4   117     1   118 0.98 -
d2gfna2a.121.1.1     -            119 d2g7ga2a.121.1.1.aln -            124     6e-20   67.4   7.2   1   1   2.4e-21   6.5e-20   67.2   7.2     3   121     3   119     1   119 0.99 -
d1rkta2a.121.1.1     -            123 d2g7ga2a.121.1.1.aln -            124   1.7e-19   65.9   0.1   1   1   7.4e-21     2e-19   65.7   0.1     2   121     4   120     3   122 0.97 -
d2id3a2a.121.1.1     -            123 d2g7ga2a.121.1.1.aln -            124     2e-18   62.5   5.4   1   1   8.3e-20   2.3e-18   62.3   5.4     3   120     6   116     4   119 0.94 -
d1t56a2a.121.1.1     -            120 d2g7ga2a.121.1.1.aln -            124   8.6e-18   60.4   1.7   1   1   3.5e-19   9.4e-18   60.3   1.7     1   121     2   119     2   120 0.98 -
d2g3ba2a.121.1.1     -            116 d2g7ga2a.121.1.1.aln -            124     2e-17   59.2   2.2   1   1   8.1e-19   2.2e-17   59.1   2.2     1   122     1   115     1   116 0.97 -
d2g7sa2a.121.1.1     -            116 d2g7ga2a.121.1.1.aln -            124   1.4e-16   56.5   1.8   1   1   5.7e-18   1.6e-16   56.4   1.8     2   119     2   115     1   116 0.98 -
d2gena2a.121.1.1     -            118 d2g7ga2a.121.1.1.aln -            124   2.1e-16   55.9   6.3   1   1   8.3e-18   2.3e-16   55.8   6.3     2   120     2   117     1   118 0.97 -
d1vi0a2a.121.1.1     -            117 d2g7ga2a.121.1.1.aln -            124   9.4e-16   53.8   0.0   1   1   3.8e-17     1e-15   53.7   0.0     2   121     1   117     1   117 0.98 -
d2fx0a2a.121.1.1     -            122 d2g7ga2a.121.1.1.aln -            124   1.5e-15   53.1   0.0   1   1   6.1e-17   1.7e-15   53.0   0.0     3   120     6   121     4   122 0.98 -
d2d6ya2a.121.1.1     -            118 d2g7ga2a.121.1.1.aln -            124   2.7e-15   52.3   0.9   1   1   1.1e-16     3e-15   52.2   0.9     2   122     2   115     1   117 0.98 -
d2id6a2a.121.1.1     -            125 d2g7ga2a.121.1.1.aln -            124   4.4e-15   51.7   0.0   1   1   1.8e-16   4.8e-15   51.6   0.0     2   123     2   123     1   124 0.98 -
d2hkua2a.121.1.1     -            121 d2g7ga2a.121.1.1.aln -            124   5.1e-15   51.5   0.1   1   1   1.9e-16   5.3e-15   51.4   0.1     7   121     7   119     1   121 0.92 -
d2oi8a2a.121.1.1     -            130 d2g7ga2a.121.1.1.aln -            124   7.9e-14   47.6   1.8   1   1   3.1e-15   8.5e-14   47.5   1.8     4   121     6   126     3   129 0.96 -
d2np5a2a.121.1.1     -            118 d2g7ga2a.121.1.1.aln -            124   2.8e-13   45.8   3.3   1   1   1.2e-14   3.3e-13   45.6   3.3     2   121     3   113     2   115 0.98 -
d2fq4a2a.121.1.1     -            115 d2g7ga2a.121.1.1.aln -            124     7e-13   44.6   0.0   1   1   2.8e-14   7.6e-13   44.4   0.0     2   121     2   115     1   115 0.97 -
d2o7ta2a.121.1.1     -            110 d2g7ga2a.121.1.1.aln -            124   1.2e-12   43.9   0.0   1   1   4.6e-14   1.3e-12   43.7   0.0     3   123     2   110     1   110 0.94 -
d1sgma2a.121.1.1     -            111 d2g7ga2a.121.1.1.aln -            124     1e-11   40.8   0.0   1   1   4.1e-13   1.1e-11   40.7   0.0     2   119     2   110     1   111 0.96 -
d2iu5a2a.121.1.1     -            109 d2g7ga2a.121.1.1.aln -            124   4.2e-11   38.8   0.0   1   1   1.7e-12   4.5e-11   38.7   0.0     5   119     2   107     1   109 0.96 -
d2np3a2a.121.1.1     -            112 d2g7ga2a.121.1.1.aln -            124   3.6e-10   35.8   7.4   1   1     2e-11   5.4e-10   35.2   7.4     2   123     3   109     2   110 0.94 -
d2fd5a2a.121.1.1     -            104 d2g7ga2a.121.1.1.aln -            124   7.3e-08   28.4   2.2   1   1   2.9e-09     8e-08   28.2   2.2     8   118     7   102     2   104 0.86 -
d1zk8a2a.121.1.1     -            105 d2g7ga2a.121.1.1.aln -            124   2.2e-06   23.6   0.0   1   1   8.8e-08   2.4e-06   23.5   0.0     4   117     3   103     1   105 0.92 -
#
# Program:         hmmsearch
# Version:         3.1b2 (February 2015)
# Pipeline mode:   SEARCH
# Query file:      hmmModels30/d2g7ga2a.121.1.1.hmm
# Target file:     scop/scopTestSeq.fasta
# Option settings: hmmsearch --domtblout hmmModels30/d2g7ga2a.121.1.1.out -E 1 hmmModels30/d2g7ga2a.121.1.1.hmm scop/scopTestSeq.fasta 
# Current dir:     /home/anastasia/SBAS/TME8
# Date:            Sat Apr  8 15:33:54 2023
# [ok]
