#                                                                            --- full sequence --- -------------- this domain -------------   hmm coord   ali coord   env coord
# target name        accession   tlen query name           accession   qlen   E-value  score  bias   #  of  c-Evalue  i-Evalue  score  bias  from    to  from    to  from    to  acc description of target
#------------------- ---------- ----- -------------------- ---------- ----- --------- ------ ----- --- --- --------- --------- ------ ----- ----- ----- ----- ----- ----- ----- ---- ---------------------
d1t33a1a.4.1.9       -             88 d2g7ga1a.4.1.9.aln   -             75   4.8e-31  101.9   2.0   1   1   1.5e-32   5.5e-31  101.8   2.0     1    75     8    81     8    81 0.98 -
d2id6a1a.4.1.9       -             75 d2g7ga1a.4.1.9.aln   -             75   2.3e-27   90.1   0.3   1   1   6.6e-29   2.5e-27   90.1   0.3     4    74     2    72     1    73 0.97 -
d1vi0a1a.4.1.9       -             72 d2g7ga1a.4.1.9.aln   -             75   1.2e-26   87.8   0.1   1   1   3.5e-28   1.3e-26   87.8   0.1     6    74     2    70     1    71 0.97 -
d1rkta1a.4.1.9       -             81 d2g7ga1a.4.1.9.aln   -             75   1.3e-26   87.8   0.1   1   1   3.7e-28   1.4e-26   87.7   0.1     2    74     8    80     7    81 0.98 -
d1ui5a1a.4.1.9       -             71 d2g7ga1a.4.1.9.aln   -             75   2.5e-24   80.4   1.7   1   1   6.9e-26   2.6e-24   80.4   1.7     2    70     2    69     1    71 0.93 -
d2gfna1a.4.1.9       -             77 d2g7ga1a.4.1.9.aln   -             75   6.4e-24   79.1   0.2   1   1   1.8e-25   6.8e-24   79.0   0.2     2    74     3    75     2    76 0.97 -
d2gena1a.4.1.9       -             70 d2g7ga1a.4.1.9.aln   -             75   6.7e-24   79.1   0.6   1   1   1.9e-25   7.1e-24   79.0   0.6     6    73     1    68     1    70 0.96 -
d2oi8a1a.4.1.9       -             79 d2g7ga1a.4.1.9.aln   -             75   7.7e-24   78.9   0.6   1   1   2.2e-25   8.3e-24   78.8   0.6     2    74     6    78     5    79 0.97 -
d1sgma1a.4.1.9       -             73 d2g7ga1a.4.1.9.aln   -             75   2.9e-23   77.0   0.0   1   1   8.2e-25   3.1e-23   76.9   0.0     5    74     2    72     1    73 0.97 -
d2i10a1a.4.1.9       -             69 d2g7ga1a.4.1.9.aln   -             75   1.4e-22   74.8   0.0   1   1     4e-24   1.5e-22   74.8   0.0     9    72     4    67     1    69 0.96 -
d2np5a1a.4.1.9       -             69 d2g7ga1a.4.1.9.aln   -             75   5.2e-22   73.0   0.1   1   1   1.4e-23   5.4e-22   73.0   0.1     7    71     3    67     1    69 0.96 -
d2iu5a1a.4.1.9       -             71 d2g7ga1a.4.1.9.aln   -             75   5.5e-22   72.9   0.1   1   1   1.5e-23   5.7e-22   72.9   0.1     2    68     3    69     2    71 0.95 -
d2g7sa1a.4.1.9       -             74 d2g7ga1a.4.1.9.aln   -             75   1.1e-21   72.0   0.0   1   1   2.9e-23   1.1e-21   72.0   0.0     3    73     2    72     1    74 0.95 -
d1t56a1a.4.1.9       -             73 d2g7ga1a.4.1.9.aln   -             75   1.1e-21   72.0   0.0   1   1   3.1e-23   1.2e-21   71.9   0.0     4    74     2    72     1    73 0.97 -
d2hyja1a.4.1.9       -             75 d2g7ga1a.4.1.9.aln   -             75   1.6e-21   71.5   0.2   1   1   4.4e-23   1.6e-21   71.4   0.2     2    72     2    72     1    75 0.96 -
d2np3a1a.4.1.9       -             65 d2g7ga1a.4.1.9.aln   -             75   1.8e-21   71.3   0.3   1   1   5.8e-23   2.2e-21   71.0   0.3    10    70     1    61     1    64 0.92 -
d2fd5a1a.4.1.9       -             76 d2g7ga1a.4.1.9.aln   -             75   4.5e-21   70.0   0.1   1   1   1.4e-22   5.1e-21   69.8   0.1     2    68     4    70     3    74 0.95 -
d2o7ta1a.4.1.9       -             78 d2g7ga1a.4.1.9.aln   -             75   7.1e-20   66.2   0.0   1   1     2e-21   7.6e-20   66.1   0.0     2    73     4    76     3    78 0.93 -
d1zk8a1a.4.1.9       -             72 d2g7ga1a.4.1.9.aln   -             75   2.9e-18   61.0   0.0   1   1   9.2e-20   3.5e-18   60.8   0.0     6    73     4    71     2    72 0.97 -
d2id3a1a.4.1.9       -             68 d2g7ga1a.4.1.9.aln   -             75   3.3e-17   57.6   0.0   1   1     9e-19   3.4e-17   57.6   0.0     4    66     5    67     2    68 0.94 -
d2g7ga1a.4.1.9       -             65 d2g7ga1a.4.1.9.aln   -             75   2.1e-06   23.0   0.0   1   1   5.8e-08   2.2e-06   23.0   0.0     6    47     2    41     1    59 0.91 -
#
# Program:         hmmsearch
# Version:         3.1b2 (February 2015)
# Pipeline mode:   SEARCH
# Query file:      hmmModels30/d2g7ga1a.4.1.9.hmm
# Target file:     scop/scopTestSeq.fasta
# Option settings: hmmsearch --domtblout hmmModels30/d2g7ga1a.4.1.9.out -E 1 hmmModels30/d2g7ga1a.4.1.9.hmm scop/scopTestSeq.fasta 
# Current dir:     /home/anastasia/SBAS/TME8
# Date:            Sat Apr  8 15:33:54 2023
# [ok]
