#                                                                            --- full sequence --- -------------- this domain -------------   hmm coord   ali coord   env coord
# target name        accession   tlen query name           accession   qlen   E-value  score  bias   #  of  c-Evalue  i-Evalue  score  bias  from    to  from    to  from    to  acc description of target
#------------------- ---------- ----- -------------------- ---------- ----- --------- ------ ----- --- --- --------- --------- ------ ----- ----- ----- ----- ----- ----- ----- ---- ---------------------
d1p1ja1c.2.1.3       -            411 d2g82a1c.2.1.3.aln   -            245  1.5e-146  482.4   0.8   1   1  5.4e-148  1.8e-146  482.1   0.8     1   245     8   256     8   256 1.00 -
d3cina1c.2.1.3       -            276 d2g82a1c.2.1.3.aln   -            245     1e-72  240.6   0.0   1   1   3.4e-74   1.1e-72  240.4   0.0     1   245     1   276     1   276 1.00 -
d1gr0a1c.2.1.3       -            244 d2g82a1c.2.1.3.aln   -            245   1.6e-51  171.2   0.0   1   1   5.3e-53   1.7e-51  171.0   0.0     1   237     1   244     1   244 0.99 -
d2nvwa1c.2.1.3       -            238 d2g82a1c.2.1.3.aln   -            245   5.4e-40  133.4   0.0   1   1   1.8e-41     6e-40  133.2   0.0     8   242     1   237     1   238 0.99 -
d1h6da1c.2.1.3       -            222 d2g82a1c.2.1.3.aln   -            245   2.1e-36  121.6   0.0   1   1     7e-38   2.3e-36  121.5   0.0    18   242     1   219     1   222 0.98 -
d1h9aa1c.2.1.3       -            196 d2g82a1c.2.1.3.aln   -            245   2.8e-24   81.9   0.0   1   1   9.4e-26   3.1e-24   81.8   0.0    47   240     3   194     1   196 0.97 -
d1qkia1c.2.1.3       -            204 d2g82a1c.2.1.3.aln   -            245   5.1e-23   77.8   0.0   1   1   1.7e-24   5.6e-23   77.7   0.0    32   236     3   202     1   204 0.97 -
d1ydwa1c.2.1.3       -            185 d2g82a1c.2.1.3.aln   -            245   7.8e-20   67.4   0.0   1   1   2.6e-21   8.6e-20   67.2   0.0    50   238     1   182     1   185 0.97 -
d1tlta1c.2.1.3       -            165 d2g82a1c.2.1.3.aln   -            245   1.9e-19   66.1   0.0   1   1   6.4e-21   2.1e-19   66.0   0.0    50   230     1   163     1   165 0.98 -
d1zh8a1c.2.1.3       -            182 d2g82a1c.2.1.3.aln   -            245   3.3e-19   65.3   0.0   1   1   1.1e-20   3.7e-19   65.2   0.0    49   235     2   177     1   181 0.94 -
d1vkna1c.2.1.3       -            177 d2g82a1c.2.1.3.aln   -            245   4.1e-15   51.9   0.0   1   1   1.3e-16   4.3e-15   51.9   0.0    50   224     1   166     1   177 0.87 -
d1cf2o1c.2.1.3       -            172 d2g82a1c.2.1.3.aln   -            245   3.1e-14   49.0   0.4   1   1   1.1e-15   3.6e-14   48.8   0.4    52   204     2   155     1   170 0.95 -
d1e5qa1c.2.1.3       -            183 d2g82a1c.2.1.3.aln   -            245   4.7e-14   48.5   0.1   1   1   1.5e-15     5e-14   48.4   0.1    53   242     4   180     1   183 0.97 -
d1xeaa1c.2.1.3       -            168 d2g82a1c.2.1.3.aln   -            245   5.2e-14   48.3   0.0   1   1   1.8e-15   5.8e-14   48.1   0.0    51   235     2   167     1   168 0.95 -
d1drua1c.2.1.3       -            161 d2g82a1c.2.1.3.aln   -            245   1.9e-13   46.5   0.0   1   1   6.2e-15     2e-13   46.4   0.0    50   227     2   160     1   161 0.97 -
d1f06a1c.2.1.3       -            171 d2g82a1c.2.1.3.aln   -            245   9.4e-12   40.9   0.0   1   1   2.9e-13   9.7e-12   40.9   0.0    53   226     5   167     1   171 0.91 -
d1t4ba1c.2.1.3       -            147 d2g82a1c.2.1.3.aln   -            245     2e-10   36.6   0.0   1   1   6.7e-12   2.2e-10   36.4   0.0    52   186     3   132     1   146 0.94 -
d1ebfa1c.2.1.3       -            169 d2g82a1c.2.1.3.aln   -            245   2.6e-09   32.9   0.1   1   1   8.7e-11   2.8e-09   32.8   0.1    49   201     2   147     1   167 0.94 -
d1lc0a1c.2.1.3       -            173 d2g82a1c.2.1.3.aln   -            245   1.1e-07   27.6   0.0   1   1   4.3e-09   1.4e-07   27.3   0.0    48   183     4   128     1   172 0.79 -
d1nvmb1c.2.1.3       -            158 d2g82a1c.2.1.3.aln   -            245   1.6e-07   27.1   0.0   1   1   5.2e-09   1.7e-07   27.0   0.0    53   195     6   138     1   157 0.89 -
d1yl7a1c.2.1.3       -            136 d2g82a1c.2.1.3.aln   -            245   3.8e-07   25.8   0.0   1   1   9.2e-07     3e-05   19.6   0.0   114   198    38   118     1   126 0.88 -
d1j5pa4c.2.1.3       -            133 d2g82a1c.2.1.3.aln   -            245   1.5e-05   20.6   1.0   1   1   3.7e-05    0.0012   14.4   1.0    52   173     3   104     1   127 0.85 -
d1q0qa2c.2.1.3       -            152 d2g82a1c.2.1.3.aln   -            245   0.00012   17.7   0.0   1   1   3.8e-06   0.00012   17.6   0.0    52   163     3   109     1   145 0.81 -
d1vm6a3c.2.1.3       -            129 d2g82a1c.2.1.3.aln   -            245    0.0018   13.8   0.0   1   2     0.034       1.1    4.6   0.1    52    90     2    36     1    39 0.84 -
d1vm6a3c.2.1.3       -            129 d2g82a1c.2.1.3.aln   -            245    0.0018   13.8   0.0   2   2    0.0036      0.12    7.8   0.0   118   176    39    97    36   117 0.90 -
#
# Program:         hmmsearch
# Version:         3.1b2 (February 2015)
# Pipeline mode:   SEARCH
# Query file:      hmmModels30/d2g82a1c.2.1.3.hmm
# Target file:     scop/scopTestSeq.fasta
# Option settings: hmmsearch --domtblout hmmModels30/d2g82a1c.2.1.3.out -E 1 hmmModels30/d2g82a1c.2.1.3.hmm scop/scopTestSeq.fasta 
# Current dir:     /home/anastasia/SBAS/TME8
# Date:            Sat Apr  8 15:33:54 2023
# [ok]
