#                                                                            --- full sequence --- -------------- this domain -------------   hmm coord   ali coord   env coord
# target name        accession   tlen query name           accession   qlen   E-value  score  bias   #  of  c-Evalue  i-Evalue  score  bias  from    to  from    to  from    to  acc description of target
#------------------- ---------- ----- -------------------- ---------- ----- --------- ------ ----- --- --- --------- --------- ------ ----- ----- ----- ----- ----- ----- ----- ---- ---------------------
d1p0ha_d.108.1.1     -            308 d2gana1d.108.1.1.aln -            249  9.9e-106  348.6   0.1   1   2  3.4e-106  6.4e-105  346.0   0.0    38   249     1   230     1   230 1.00 -
d1p0ha_d.108.1.1     -            308 d2gana1d.108.1.1.aln -            249  9.9e-106  348.6   0.1   2   2       1.1        21    0.3   0.0   164   188   278   298   232   306 0.57 -
d2p0wa_d.108.1.1     -            319 d2gana1d.108.1.1.aln -            249   1.9e-81  269.1   0.0   1   1   1.3e-82   2.4e-81  268.8   0.0     1   219    79   319    79   319 1.00 -
d1boba_d.108.1.1     -            315 d2gana1d.108.1.1.aln -            249   3.8e-77  255.0   0.2   1   1   2.4e-78   4.6e-77  254.7   0.2     1   219    75   315    75   315 1.00 -
d2pq8a_d.108.1.1     -            271 d2gana1d.108.1.1.aln -            249   6.5e-77  254.2   0.0   1   1   3.9e-78   7.3e-77  254.1   0.0     1   249     1   271     1   271 1.00 -
d1u6ma_d.108.1.1     -            189 d2gana1d.108.1.1.aln -            249   1.4e-23   79.6   0.0   1   1     8e-25   1.5e-23   79.4   0.0    27   205     3   186     1   189 0.93 -
d1tiqa_d.108.1.1     -            173 d2gana1d.108.1.1.aln -            249   1.3e-22   76.3   0.2   1   1   7.7e-24   1.5e-22   76.2   0.2    41   213     2   172     1   173 0.96 -
d1z4ea1d.108.1.1     -            150 d2gana1d.108.1.1.aln -            249   1.9e-20   69.3   0.1   1   1   1.2e-21   2.2e-20   69.1   0.1    48   193     6   145     1   148 0.93 -
d1yk3a1d.108.1.1     -            198 d2gana1d.108.1.1.aln -            249   5.1e-20   67.9   0.0   1   1     3e-21   5.6e-20   67.7   0.0    20   206     2   195     1   198 0.96 -
d1i12a_d.108.1.1     -            157 d2gana1d.108.1.1.aln -            249   8.5e-18   60.6   0.0   1   1   5.2e-19   9.7e-18   60.4   0.0    49   195    10   154     5   157 0.87 -
d2fl4a1d.108.1.1     -            146 d2gana1d.108.1.1.aln -            249     2e-16   56.1   0.2   1   1   1.1e-17   2.1e-16   56.0   0.2    53   199     4   139     1   146 0.88 -
d1mk4a_d.108.1.1     -            157 d2gana1d.108.1.1.aln -            249   6.1e-16   54.5   0.0   1   1   3.9e-17   7.4e-16   54.2   0.0    58   205    13   143     2   157 0.86 -
d1ufha_d.108.1.1     -            155 d2gana1d.108.1.1.aln -            249   1.4e-15   53.3   0.3   1   1     8e-17   1.5e-15   53.2   0.3    44   196     3   153     1   155 0.97 -
d1ghea_d.108.1.1     -            170 d2gana1d.108.1.1.aln -            249   6.7e-14   47.8   0.0   1   1   4.1e-15   7.7e-14   47.6   0.0    71   193    30   149    19   168 0.91 -
d2fcka1d.108.1.1     -            178 d2gana1d.108.1.1.aln -            249   7.4e-14   47.7   0.1   1   1   4.4e-15   8.3e-14   47.5   0.1    46   197     6   162     1   172 0.92 -
d1y9ka1d.108.1.1     -            152 d2gana1d.108.1.1.aln -            249   1.1e-13   47.1   0.0   1   1   6.2e-15   1.2e-13   47.0   0.0    90   203    21   142     1   151 0.80 -
d2ae6a1d.108.1.1     -            161 d2gana1d.108.1.1.aln -            249     3e-13   45.7   0.0   1   1   1.8e-14   3.3e-13   45.6   0.0    46   207     4   155     1   160 0.90 -
d1m4ia_d.108.1.1     -            181 d2gana1d.108.1.1.aln -            249   3.7e-13   45.4   0.0   1   1   2.1e-14     4e-13   45.3   0.0    46   221     5   181     1   181 0.95 -
d2b5ga_d.108.1.1     -            168 d2gana1d.108.1.1.aln -            249   8.3e-13   44.2   0.0   1   1   4.8e-14   9.1e-13   44.1   0.0    78   205    46   162     5   167 0.80 -
d2cy2a1d.108.1.1     -            174 d2gana1d.108.1.1.aln -            249   1.2e-12   43.8   0.0   1   1   6.3e-14   1.2e-12   43.7   0.0    49   208     9   166     1   174 0.93 -
d2euia1d.108.1.1     -            153 d2gana1d.108.1.1.aln -            249   1.4e-12   43.5   0.0   1   1   8.5e-14   1.6e-12   43.3   0.0    85   195    37   143    18   150 0.81 -
d1wwza1d.108.1.1     -            157 d2gana1d.108.1.1.aln -            249   2.2e-12   42.9   0.0   1   1   1.2e-13   2.2e-12   42.8   0.0    48   195     6   149     1   157 0.91 -
d1vkca_d.108.1.1     -            149 d2gana1d.108.1.1.aln -            249   1.2e-11   40.5   0.1   1   1   6.9e-13   1.3e-11   40.3   0.1    69   194    27   145     1   148 0.80 -
d1qsma_d.108.1.1     -            150 d2gana1d.108.1.1.aln -            249   1.4e-11   40.2   0.0   1   1   8.6e-13   1.6e-11   40.0   0.0    72   197    25   148     7   150 0.90 -
d1y9wa1d.108.1.1     -            140 d2gana1d.108.1.1.aln -            249   1.6e-11   40.0   0.0   1   1   9.7e-13   1.8e-11   39.8   0.0   127   208    62   139     4   140 0.85 -
d2atra1d.108.1.1     -            137 d2gana1d.108.1.1.aln -            249   1.9e-11   39.8   0.0   1   1   1.3e-12   2.5e-11   39.4   0.0    67   203    20   136     2   137 0.79 -
d1yx0a1d.108.1.1     -            151 d2gana1d.108.1.1.aln -            249   4.4e-11   38.6   0.0   1   1   2.6e-12   4.9e-11   38.4   0.0    56   194     7   136     3   151 0.91 -
d1cjwa_d.108.1.1     -            166 d2gana1d.108.1.1.aln -            249   6.3e-11   38.1   0.0   1   1   3.3e-12   6.3e-11   38.1   0.0    97   199    54   156     8   166 0.83 -
d2jdca1d.108.1.1     -            145 d2gana1d.108.1.1.aln -            249   1.9e-10   36.5   0.0   1   1   1.1e-11   2.1e-10   36.4   0.0    57   194    10   129     2   144 0.82 -
d2g3aa1d.108.1.1     -            137 d2gana1d.108.1.1.aln -            249   5.1e-10   35.1   0.0   1   1   6.5e-11   1.2e-09   33.9   0.0   129   208    61   136    11   137 0.81 -
d1n71a_d.108.1.1     -            180 d2gana1d.108.1.1.aln -            249   5.5e-10   35.0   0.0   1   1   3.3e-11   6.3e-10   34.8   0.0    45   203     5   168     1   178 0.94 -
d1bo4a_d.108.1.1     -            137 d2gana1d.108.1.1.aln -            249   1.9e-09   33.2   0.0   1   1   1.1e-10   2.1e-09   33.1   0.0    51   186     8   137     2   137 0.83 -
d1z4ra1d.108.1.1     -            162 d2gana1d.108.1.1.aln -            249   2.4e-09   32.9   0.0   1   1   1.5e-10   2.8e-09   32.7   0.0    50   213    11   157     2   161 0.91 -
d1nsla_d.108.1.1     -            180 d2gana1d.108.1.1.aln -            249   4.5e-09   32.0   0.0   1   1   2.7e-10   5.1e-09   31.8   0.0    66   193    24   157     3   177 0.82 -
d2fiwa1d.108.1.1     -            156 d2gana1d.108.1.1.aln -            249   7.6e-09   31.3   0.0   1   1   4.6e-10   8.6e-09   31.1   0.0    58   193    14   138     2   155 0.86 -
d1xeba_d.108.1.1     -            149 d2gana1d.108.1.1.aln -            249   1.7e-08   30.1   0.1   1   1   1.3e-09   2.4e-08   29.7   0.1    53   199     8   141     1   145 0.76 -
d2fiaa1d.108.1.1     -            157 d2gana1d.108.1.1.aln -            249   1.8e-08   30.1   0.0   1   1   1.1e-09   2.1e-08   29.8   0.0   111   198    58   143    30   155 0.85 -
d1y7ra1d.108.1.1     -            133 d2gana1d.108.1.1.aln -            249     8e-08   27.9   0.0   1   1   5.2e-09   9.7e-08   27.6   0.0   124   193    59   125    46   133 0.88 -
d1q2ya_d.108.1.1     -            140 d2gana1d.108.1.1.aln -            249   9.5e-08   27.7   0.0   1   1   6.1e-09   1.2e-07   27.4   0.0    59   200     9   132     4   140 0.83 -
d2aj6a1d.108.1.1     -            118 d2gana1d.108.1.1.aln -            249   1.7e-06   23.6   0.0   1   1   9.3e-08   1.8e-06   23.5   0.0    57   164    13   114     1   117 0.81 -
d2gana1d.108.1.1     -            182 d2gana1d.108.1.1.aln -            249   2.5e-05   19.7   0.0   1   1   1.8e-06   3.4e-05   19.3   0.0   129   190   107   165    83   181 0.80 -
d1r57a_d.108.1.1     -            102 d2gana1d.108.1.1.aln -            249   0.00015   17.2   0.0   1   1   8.7e-06   0.00016   17.1   0.0   121   172    28    79     4    92 0.79 -
d1xmta_d.108.1.1     -             95 d2gana1d.108.1.1.aln -            249    0.0013   14.1   0.0   1   1     7e-05    0.0013   14.1   0.0   116   166    20    70     5    87 0.87 -
#
# Program:         hmmsearch
# Version:         3.1b2 (February 2015)
# Pipeline mode:   SEARCH
# Query file:      hmmModels30/d2gana1d.108.1.1.hmm
# Target file:     scop/scopTestSeq.fasta
# Option settings: hmmsearch --domtblout hmmModels30/d2gana1d.108.1.1.out -E 1 hmmModels30/d2gana1d.108.1.1.hmm scop/scopTestSeq.fasta 
# Current dir:     /home/anastasia/SBAS/TME8
# Date:            Sat Apr  8 15:33:54 2023
# [ok]
