#                                                                            --- full sequence --- -------------- this domain -------------   hmm coord   ali coord   env coord
# target name        accession   tlen query name           accession   qlen   E-value  score  bias   #  of  c-Evalue  i-Evalue  score  bias  from    to  from    to  from    to  acc description of target
#------------------- ---------- ----- -------------------- ---------- ----- --------- ------ ----- --- --- --------- --------- ------ ----- ----- ----- ----- ----- ----- ----- ---- ---------------------
d3bpza_b.82.3.2      -            194 d2gaua2b.82.3.2.aln  -            137   2.8e-72  236.2   0.3   1   2       4.8   3.2e+02   -3.6   0.0    11    31    11    31     5    34 0.66 -
d3bpza_b.82.3.2      -            194 d2gaua2b.82.3.2.aln  -            137   2.8e-72  236.2   0.3   2   2   6.2e-74   4.1e-72  235.7   0.1     1   137    57   193    57   193 0.99 -
d1cx4a2b.82.3.2      -            147 d2gaua2b.82.3.2.aln  -            137   4.2e-45  148.2   0.1   1   1   7.1e-47   4.7e-45  148.1   0.1    12   136     2   137     1   138 0.99 -
d1o7fa2b.82.3.2      -            155 d2gaua2b.82.3.2.aln  -            137     2e-42  139.6   0.0   1   1   3.4e-44   2.2e-42  139.4   0.0     2   136    14   154    13   155 0.98 -
d1vp6a_b.82.3.2      -            133 d2gaua2b.82.3.2.aln  -            137   6.3e-40  131.5   0.0   1   1     1e-41   6.8e-40  131.4   0.0     4   135     3   132     1   133 0.98 -
d1cx4a1b.82.3.2      -            136 d2gaua2b.82.3.2.aln  -            137   1.4e-39  130.4   0.0   1   1   2.3e-41   1.5e-39  130.2   0.0     2   128     6   136     5   136 0.98 -
d1zyba2b.82.3.2      -            147 d2gaua2b.82.3.2.aln  -            137   4.9e-39  128.6   0.0   1   1   8.3e-41   5.5e-39  128.4   0.0     7   137     1   146     1   146 0.99 -
d1o7fa3b.82.3.2      -            124 d2gaua2b.82.3.2.aln  -            137   3.4e-35  116.1   0.0   1   1   5.7e-37   3.7e-35  116.0   0.0     4   122     2   123     1   124 0.98 -
d1wgpa_b.82.3.2      -            137 d2gaua2b.82.3.2.aln  -            137     4e-33  109.4   0.0   1   1   6.6e-35   4.3e-33  109.3   0.0    10   133     4   135     1   137 0.97 -
d3e5ua2b.82.3.2      -            139 d2gaua2b.82.3.2.aln  -            137   7.8e-29   95.5   0.0   1   1   1.3e-30   8.5e-29   95.4   0.0     2   136     2   138     1   139 0.98 -
d1o5la1b.82.3.2      -            129 d2gaua2b.82.3.2.aln  -            137   1.2e-20   69.0   0.1   1   1     2e-22   1.3e-20   68.9   0.1     2   126     4   129     3   129 0.97 -
d2zcwa2b.82.3.2      -            112 d2gaua2b.82.3.2.aln  -            137   1.5e-12   42.8   0.0   1   1   2.4e-14   1.6e-12   42.7   0.0     8   126     1   112     1   112 0.97 -
d2gaua2b.82.3.2      -            142 d2gaua2b.82.3.2.aln  -            137   3.4e-06   22.2   0.0   1   1   6.3e-08   4.1e-06   21.9   0.0    26   132    14   126    10   131 0.88 -
#
# Program:         hmmsearch
# Version:         3.1b2 (February 2015)
# Pipeline mode:   SEARCH
# Query file:      hmmModels30/d2gaua2b.82.3.2.hmm
# Target file:     scop/scopTestSeq.fasta
# Option settings: hmmsearch --domtblout hmmModels30/d2gaua2b.82.3.2.out -E 1 hmmModels30/d2gaua2b.82.3.2.hmm scop/scopTestSeq.fasta 
# Current dir:     /home/anastasia/SBAS/TME8
# Date:            Sat Apr  8 15:33:54 2023
# [ok]
