#                                                                            --- full sequence --- -------------- this domain -------------   hmm coord   ali coord   env coord
# target name        accession   tlen query name           accession   qlen   E-value  score  bias   #  of  c-Evalue  i-Evalue  score  bias  from    to  from    to  from    to  acc description of target
#------------------- ---------- ----- -------------------- ---------- ----- --------- ------ ----- --- --- --------- --------- ------ ----- ----- ----- ----- ----- ----- ----- ---- ---------------------
d3fvsa_c.67.1.1      -            419 d2gb3a1c.67.1.1.aln  -            368    1e-149  493.7   0.0   1   1  1.9e-151  1.1e-149  493.5   0.0     1   368    17   402    17   402 1.00 -
d1gdea_c.67.1.1      -            388 d2gb3a1c.67.1.1.aln  -            368    2e-138  456.5   0.0   1   1  3.8e-140  2.3e-138  456.3   0.0     1   368    17   384    17   384 0.99 -
d1bw0a_c.67.1.1      -            412 d2gb3a1c.67.1.1.aln  -            368    1e-136  450.9   0.0   1   1  1.9e-138  1.2e-136  450.7   0.0     2   367    19   411    18   412 0.99 -
d2hoxa_c.67.1.1      -            425 d2gb3a1c.67.1.1.aln  -            368  1.2e-133  440.9   0.0   1   1  2.2e-135  1.3e-133  440.7   0.0     1   368    17   409    17   409 1.00 -
d1lc5a_c.67.1.1      -            355 d2gb3a1c.67.1.1.aln  -            368  9.5e-108  355.6   0.0   1   1  1.7e-109  1.1e-107  355.4   0.0     1   363     1   355     1   355 0.99 -
d1fg7a_c.67.1.1      -            354 d2gb3a1c.67.1.1.aln  -            368  1.9e-106  351.3   0.0   1   1  3.4e-108  2.1e-106  351.2   0.0     7   363     6   353     1   354 0.98 -
d1v72a1c.67.1.1      -            345 d2gb3a1c.67.1.1.aln  -            368    4e-104  343.6   0.0   1   1  7.4e-106  4.5e-104  343.5   0.0     8   364     1   343     1   345 0.99 -
d1svva_c.67.1.1      -            340 d2gb3a1c.67.1.1.aln  -            368  8.7e-103  339.3   0.0   1   1  1.6e-104  9.7e-103  339.1   0.0    12   364     2   339     1   340 0.99 -
d1m6sa_c.67.1.1      -            343 d2gb3a1c.67.1.1.aln  -            368  5.4e-102  336.6   0.0   1   1    1e-103  6.1e-102  336.5   0.0    11   367     1   340     1   341 0.99 -
d2gb3a1c.67.1.1      -            389 d2gb3a1c.67.1.1.aln  -            368   2.3e-37  124.0   0.0   1   1   4.8e-39   2.9e-37  123.7   0.0    14   334    33   347    23   366 0.89 -
d3ftba_c.67.1.0      -            334 d2gb3a1c.67.1.1.aln  -            368   1.1e-17   59.2   0.0   1   1   2.3e-19   1.4e-17   58.9   0.0    74   362    51   330    31   333 0.82 -
d3piua_c.67.1.4      -            416 d2gb3a1c.67.1.1.aln  -            368   8.9e-17   56.3   0.0   1   1   1.9e-18   1.2e-16   55.9   0.0    38   286    57   325    43   391 0.78 -
d1ua7a2c.1.8.1       -            344 d2gb3a1c.67.1.1.aln  -            368    0.0051   11.0   0.0   1   1   0.00016    0.0094   10.1   0.0   163   214    73   125    68   134 0.89 -
#
# Program:         hmmsearch
# Version:         3.1b2 (February 2015)
# Pipeline mode:   SEARCH
# Query file:      hmmModels30/d2gb3a1c.67.1.1.hmm
# Target file:     scop/scopTestSeq.fasta
# Option settings: hmmsearch --domtblout hmmModels30/d2gb3a1c.67.1.1.out -E 1 hmmModels30/d2gb3a1c.67.1.1.hmm scop/scopTestSeq.fasta 
# Current dir:     /home/anastasia/SBAS/TME8
# Date:            Sat Apr  8 15:33:54 2023
# [ok]
