#                                                                            --- full sequence --- -------------- this domain -------------   hmm coord   ali coord   env coord
# target name        accession   tlen query name           accession   qlen   E-value  score  bias   #  of  c-Evalue  i-Evalue  score  bias  from    to  from    to  from    to  acc description of target
#------------------- ---------- ----- -------------------- ---------- ----- --------- ------ ----- --- --- --------- --------- ------ ----- ----- ----- ----- ----- ----- ----- ---- ---------------------
d1t33a1a.4.1.9       -             88 d2gena1a.4.1.9.aln   -             75   1.4e-31  103.7   1.7   1   1   4.4e-33   1.6e-31  103.5   1.7     1    74     8    80     8    81 0.98 -
d2id6a1a.4.1.9       -             75 d2gena1a.4.1.9.aln   -             75     4e-27   89.4   0.3   1   1   1.1e-28   4.3e-27   89.3   0.3     5    74     3    72     1    73 0.97 -
d1vi0a1a.4.1.9       -             72 d2gena1a.4.1.9.aln   -             75     1e-26   88.1   0.1   1   1   2.9e-28   1.1e-26   88.0   0.1     6    74     2    70     1    71 0.97 -
d1rkta1a.4.1.9       -             81 d2gena1a.4.1.9.aln   -             75   2.2e-26   87.0   0.2   1   1   6.5e-28   2.4e-26   86.9   0.2     1    74     7    80     7    81 0.98 -
d1ui5a1a.4.1.9       -             71 d2gena1a.4.1.9.aln   -             75   1.2e-24   81.5   1.8   1   1   3.3e-26   1.2e-24   81.5   1.8     2    69     2    69     1    71 0.94 -
d2oi8a1a.4.1.9       -             79 d2gena1a.4.1.9.aln   -             75     6e-24   79.2   0.7   1   1   1.7e-25   6.5e-24   79.1   0.7     2    73     6    77     5    79 0.97 -
d2gfna1a.4.1.9       -             77 d2gena1a.4.1.9.aln   -             75   2.2e-23   77.4   0.3   1   1   6.3e-25   2.3e-23   77.3   0.3     2    73     3    74     2    76 0.96 -
d2i10a1a.4.1.9       -             69 d2gena1a.4.1.9.aln   -             75   7.8e-23   75.7   0.0   1   1   2.2e-24   8.1e-23   75.6   0.0     8    72     3    67     1    69 0.95 -
d2o7ta1a.4.1.9       -             78 d2gena1a.4.1.9.aln   -             75   2.4e-22   74.1   0.0   1   1   6.7e-24   2.5e-22   74.0   0.0     2    73     4    75     3    77 0.94 -
d2iu5a1a.4.1.9       -             71 d2gena1a.4.1.9.aln   -             75   2.8e-22   73.9   0.1   1   1   7.8e-24   2.9e-22   73.8   0.1     2    69     3    70     2    71 0.95 -
d2np5a1a.4.1.9       -             69 d2gena1a.4.1.9.aln   -             75   2.9e-22   73.9   0.2   1   1     8e-24     3e-22   73.8   0.2     7    71     3    67     1    69 0.96 -
d2g7sa1a.4.1.9       -             74 d2gena1a.4.1.9.aln   -             75   3.7e-22   73.5   0.0   1   1     1e-23   3.9e-22   73.5   0.0     3    74     2    73     1    74 0.96 -
d1t56a1a.4.1.9       -             73 d2gena1a.4.1.9.aln   -             75   3.8e-22   73.5   0.0   1   1   1.1e-23   4.1e-22   73.4   0.0     4    74     2    72     1    73 0.97 -
d2fd5a1a.4.1.9       -             76 d2gena1a.4.1.9.aln   -             75     6e-22   72.8   0.1   1   1   1.7e-23   6.4e-22   72.8   0.1     2    71     4    73     3    76 0.97 -
d2hyja1a.4.1.9       -             75 d2gena1a.4.1.9.aln   -             75   2.6e-21   70.8   0.2   1   1   7.1e-23   2.7e-21   70.8   0.2     2    72     2    72     1    75 0.96 -
d1sgma1a.4.1.9       -             73 d2gena1a.4.1.9.aln   -             75   1.3e-20   68.5   0.0   1   1   3.8e-22   1.4e-20   68.4   0.0     5    74     2    71     1    72 0.95 -
d2np3a1a.4.1.9       -             65 d2gena1a.4.1.9.aln   -             75   1.9e-20   68.1   0.3   1   1   6.4e-22   2.4e-20   67.7   0.3    10    67     1    58     1    64 0.91 -
d1zk8a1a.4.1.9       -             72 d2gena1a.4.1.9.aln   -             75   9.7e-19   62.6   0.1   1   1   2.7e-20     1e-18   62.5   0.1     6    74     4    72     1    72 0.97 -
d2gena1a.4.1.9       -             70 d2gena1a.4.1.9.aln   -             75   1.7e-17   58.5   0.3   1   1   5.2e-19     2e-17   58.4   0.3     6    58     1    53     1    69 0.86 -
d2id3a1a.4.1.9       -             68 d2gena1a.4.1.9.aln   -             75     5e-17   57.1   0.1   1   1   1.4e-18   5.2e-17   57.0   0.1     4    66     5    67     2    68 0.95 -
d2g7ga1a.4.1.9       -             65 d2gena1a.4.1.9.aln   -             75   7.1e-16   53.4   0.0   1   1     2e-17   7.5e-16   53.3   0.0     6    70     2    64     1    65 0.96 -
#
# Program:         hmmsearch
# Version:         3.1b2 (February 2015)
# Pipeline mode:   SEARCH
# Query file:      hmmModels30/d2gena1a.4.1.9.hmm
# Target file:     scop/scopTestSeq.fasta
# Option settings: hmmsearch --domtblout hmmModels30/d2gena1a.4.1.9.out -E 1 hmmModels30/d2gena1a.4.1.9.hmm scop/scopTestSeq.fasta 
# Current dir:     /home/anastasia/SBAS/TME8
# Date:            Sat Apr  8 15:33:54 2023
# [ok]
