#                                                                            --- full sequence --- -------------- this domain -------------   hmm coord   ali coord   env coord
# target name        accession   tlen query name           accession   qlen   E-value  score  bias   #  of  c-Evalue  i-Evalue  score  bias  from    to  from    to  from    to  acc description of target
#------------------- ---------- ----- -------------------- ---------- ----- --------- ------ ----- --- --- --------- --------- ------ ----- ----- ----- ----- ----- ----- ----- ---- ---------------------
d1t33a1a.4.1.9       -             88 d2gfna1a.4.1.9.aln   -             75     9e-31  101.0   1.9   1   1   2.7e-32     1e-30  100.8   1.9     1    75     8    81     8    81 0.98 -
d2id6a1a.4.1.9       -             75 d2gfna1a.4.1.9.aln   -             75   2.6e-27   89.9   0.4   1   1   7.3e-29   2.7e-27   89.8   0.4     4    74     2    72     1    73 0.96 -
d1vi0a1a.4.1.9       -             72 d2gfna1a.4.1.9.aln   -             75   1.3e-26   87.7   0.1   1   1   3.8e-28   1.4e-26   87.6   0.1     6    74     2    70     1    71 0.96 -
d1rkta1a.4.1.9       -             81 d2gfna1a.4.1.9.aln   -             75   2.9e-26   86.6   0.1   1   1   8.5e-28   3.2e-26   86.4   0.1     1    74     7    80     7    81 0.98 -
d1ui5a1a.4.1.9       -             71 d2gfna1a.4.1.9.aln   -             75   7.8e-25   82.0   1.6   1   1   2.2e-26   8.1e-25   81.9   1.6     2    69     2    69     1    71 0.94 -
d2gena1a.4.1.9       -             70 d2gfna1a.4.1.9.aln   -             75   8.4e-24   78.7   0.6   1   1   2.4e-25   8.9e-24   78.6   0.6     6    73     1    68     1    70 0.96 -
d2oi8a1a.4.1.9       -             79 d2gfna1a.4.1.9.aln   -             75   2.1e-23   77.4   0.6   1   1   5.9e-25   2.2e-23   77.3   0.6     2    73     6    77     5    79 0.97 -
d2i10a1a.4.1.9       -             69 d2gfna1a.4.1.9.aln   -             75   6.5e-23   75.8   0.0   1   1   1.8e-24   6.8e-23   75.8   0.0     9    72     4    67     1    69 0.95 -
d1sgma1a.4.1.9       -             73 d2gfna1a.4.1.9.aln   -             75     1e-22   75.2   0.0   1   1   2.8e-24   1.1e-22   75.2   0.0     5    74     2    72     1    73 0.97 -
d2g7sa1a.4.1.9       -             74 d2gfna1a.4.1.9.aln   -             75   3.3e-22   73.6   0.0   1   1   9.2e-24   3.5e-22   73.5   0.0     4    74     3    73     1    74 0.96 -
d2fd5a1a.4.1.9       -             76 d2gfna1a.4.1.9.aln   -             75   3.6e-22   73.5   0.0   1   1     1e-23   3.8e-22   73.4   0.0     2    71     4    73     3    76 0.97 -
d1t56a1a.4.1.9       -             73 d2gfna1a.4.1.9.aln   -             75   5.6e-22   72.8   0.0   1   1   1.6e-23   5.9e-22   72.8   0.0     4    74     2    72     1    73 0.97 -
d2iu5a1a.4.1.9       -             71 d2gfna1a.4.1.9.aln   -             75   5.6e-22   72.8   0.1   1   1   1.6e-23   5.9e-22   72.8   0.1     2    68     3    69     2    71 0.95 -
d2np5a1a.4.1.9       -             69 d2gfna1a.4.1.9.aln   -             75   1.2e-21   71.7   0.1   1   1   3.4e-23   1.3e-21   71.7   0.1     7    71     3    67     1    69 0.96 -
d2hyja1a.4.1.9       -             75 d2gfna1a.4.1.9.aln   -             75   1.6e-21   71.4   0.2   1   1   4.5e-23   1.7e-21   71.3   0.2     2    72     2    72     1    75 0.96 -
d2np3a1a.4.1.9       -             65 d2gfna1a.4.1.9.aln   -             75   8.9e-21   69.0   0.3   1   1   2.6e-22   9.9e-21   68.8   0.3    10    70     1    61     1    65 0.92 -
d2o7ta1a.4.1.9       -             78 d2gfna1a.4.1.9.aln   -             75   3.9e-20   66.9   0.0   1   1   1.1e-21   4.1e-20   66.8   0.0     2    73     4    76     3    78 0.93 -
d1zk8a1a.4.1.9       -             72 d2gfna1a.4.1.9.aln   -             75   7.3e-19   62.9   0.0   1   1     2e-20   7.6e-19   62.8   0.0     6    73     4    71     1    72 0.97 -
d2id3a1a.4.1.9       -             68 d2gfna1a.4.1.9.aln   -             75   3.1e-17   57.7   0.0   1   1   8.4e-19   3.2e-17   57.6   0.0     4    66     5    67     2    68 0.94 -
d2g7ga1a.4.1.9       -             65 d2gfna1a.4.1.9.aln   -             75   1.2e-15   52.6   0.0   1   1   3.3e-17   1.2e-15   52.5   0.0     6    70     2    64     1    65 0.96 -
d2gfna1a.4.1.9       -             77 d2gfna1a.4.1.9.aln   -             75   1.1e-14   49.4   0.2   1   1   3.3e-16   1.3e-14   49.3   0.2     4    71     5    72     3    76 0.94 -
#
# Program:         hmmsearch
# Version:         3.1b2 (February 2015)
# Pipeline mode:   SEARCH
# Query file:      hmmModels30/d2gfna1a.4.1.9.hmm
# Target file:     scop/scopTestSeq.fasta
# Option settings: hmmsearch --domtblout hmmModels30/d2gfna1a.4.1.9.out -E 1 hmmModels30/d2gfna1a.4.1.9.hmm scop/scopTestSeq.fasta 
# Current dir:     /home/anastasia/SBAS/TME8
# Date:            Sat Apr  8 15:33:54 2023
# [ok]
