#                                                                            --- full sequence --- -------------- this domain -------------   hmm coord   ali coord   env coord
# target name        accession   tlen query name           accession   qlen   E-value  score  bias   #  of  c-Evalue  i-Evalue  score  bias  from    to  from    to  from    to  acc description of target
#------------------- ---------- ----- -------------------- ---------- ----- --------- ------ ----- --- --- --------- --------- ------ ----- ----- ----- ----- ----- ----- ----- ---- ---------------------
d1z0xa2a.121.1.1     -            149 d2gfna2a.121.1.1.aln -            124   6.5e-36  118.7   0.0   1   1   2.7e-37   7.4e-36  118.6   0.0     2   123     2   131     1   132 0.99 -
d3c07a2a.121.1.1     -            146 d2gfna2a.121.1.1.aln -            124   1.2e-29   98.6   1.8   1   1   5.1e-31   1.4e-29   98.4   1.8     2   123     2   128     1   129 0.98 -
d2g7la2a.121.1.1     -            144 d2gfna2a.121.1.1.aln -            124   3.1e-27   90.8   9.1   1   1   1.3e-28   3.4e-27   90.6   9.1     2   123     2   131     1   132 0.99 -
d1rkta2a.121.1.1     -            123 d2gfna2a.121.1.1.aln -            124   8.3e-25   83.0   0.0   1   1   3.4e-26   9.1e-25   82.8   0.0     2   123     5   119     4   120 0.96 -
d2g7ga2a.121.1.1     -            132 d2gfna2a.121.1.1.aln -            124   1.1e-22   76.1   7.9   1   1   4.4e-24   1.2e-22   76.0   7.9     2   122     2   130     1   132 0.98 -
d2oi8a2a.121.1.1     -            130 d2gfna2a.121.1.1.aln -            124   3.2e-22   74.6   1.8   1   1   1.3e-23   3.6e-22   74.5   1.8     5   122     1   116     1   118 0.98 -
d2fbqa2a.121.1.1     -            134 d2gfna2a.121.1.1.aln -            124   5.8e-21   70.6   0.4   1   1   2.4e-22   6.5e-21   70.4   0.4     3   122     2   129     1   131 0.98 -
d2id6a2a.121.1.1     -            125 d2gfna2a.121.1.1.aln -            124   9.2e-21   69.9   0.0   1   1   3.7e-22     1e-20   69.8   0.0     2   121     2   124     1   125 0.98 -
d2d6ya2a.121.1.1     -            118 d2gfna2a.121.1.1.aln -            124   5.2e-20   67.5   1.1   1   1   2.1e-21   5.6e-20   67.4   1.1     5   122     2   114     1   116 0.98 -
d1ui5a2a.121.1.1     -            133 d2gfna2a.121.1.1.aln -            124   5.1e-19   64.3   1.4   1   1   2.1e-20   5.6e-19   64.2   1.4     2   123     2   131     1   132 0.98 -
d1t33a2a.121.1.1     -            132 d2gfna2a.121.1.1.aln -            124   1.4e-18   62.9   0.2   1   1   5.7e-20   1.5e-18   62.8   0.2     1   122     2   126     2   128 0.98 -
d2fx0a2a.121.1.1     -            122 d2gfna2a.121.1.1.aln -            124   2.5e-18   62.1   0.0   1   1   9.8e-20   2.7e-18   62.0   0.0     3   122     3   121     1   122 0.97 -
d2g7sa2a.121.1.1     -            116 d2gfna2a.121.1.1.aln -            124   7.8e-18   60.5   2.1   1   1   3.1e-19   8.5e-18   60.4   2.1     2   120     2   115     1   116 0.98 -
d1t56a2a.121.1.1     -            120 d2gfna2a.121.1.1.aln -            124   5.9e-17   57.7   2.1   1   1   2.3e-18   6.3e-17   57.6   2.1     3   120     1   117     1   120 0.97 -
d2hyja2a.121.1.1     -            118 d2gfna2a.121.1.1.aln -            124   6.1e-17   57.6   4.8   1   1   2.4e-18   6.5e-17   57.5   4.8     3   121     3   116     1   118 0.97 -
d2id3a2a.121.1.1     -            123 d2gfna2a.121.1.1.aln -            124   1.3e-16   56.6   6.8   1   1     5e-18   1.4e-16   56.5   6.8     5   122     5   121     1   123 0.96 -
d2gena2a.121.1.1     -            118 d2gfna2a.121.1.1.aln -            124   1.6e-16   56.2   6.4   1   1   6.5e-18   1.8e-16   56.1   6.4     2   122     2   117     1   118 0.97 -
d2i10a2a.121.1.1     -            116 d2gfna2a.121.1.1.aln -            124   2.6e-16   55.6   2.6   1   1     1e-17   2.8e-16   55.5   2.6     2   122     2   115     1   116 0.97 -
d2g3ba2a.121.1.1     -            116 d2gfna2a.121.1.1.aln -            124   3.3e-16   55.3   2.1   1   1   1.3e-17   3.6e-16   55.1   2.1     4   122     1   113     1   115 0.98 -
d2hkua2a.121.1.1     -            121 d2gfna2a.121.1.1.aln -            124   2.3e-15   52.5   0.1   1   1   9.1e-17   2.5e-15   52.4   0.1     5   122     1   119     1   121 0.97 -
d2iu5a2a.121.1.1     -            109 d2gfna2a.121.1.1.aln -            124   3.5e-14   48.7   0.0   1   1   1.4e-15   3.9e-14   48.6   0.0     8   121     2   108     1   109 0.98 -
d1vi0a2a.121.1.1     -            117 d2gfna2a.121.1.1.aln -            124   7.1e-13   44.5   0.0   1   1   2.8e-14   7.6e-13   44.4   0.0     3   116     2   111     1   117 0.94 -
d2fq4a2a.121.1.1     -            115 d2gfna2a.121.1.1.aln -            124   7.9e-13   44.4   0.0   1   1   3.1e-14   8.6e-13   44.3   0.0     2   121     2   113     1   115 0.97 -
d2np3a2a.121.1.1     -            112 d2gfna2a.121.1.1.aln -            124   5.9e-12   41.5   6.4   1   1   2.3e-13   6.2e-12   41.5   6.4    12   122     9   111     1   112 0.93 -
d1zk8a2a.121.1.1     -            105 d2gfna2a.121.1.1.aln -            124   1.1e-11   40.7   0.0   1   1   4.5e-13   1.2e-11   40.5   0.0     3   121     3   105     1   105 0.97 -
d2np5a2a.121.1.1     -            118 d2gfna2a.121.1.1.aln -            124   1.3e-11   40.4   3.1   1   1   5.3e-13   1.5e-11   40.3   3.1     4   122     3   116     1   118 0.97 -
d2o7ta2a.121.1.1     -            110 d2gfna2a.121.1.1.aln -            124   1.1e-10   37.5   0.0   1   1   4.2e-12   1.2e-10   37.4   0.0     8   121     5   110     1   110 0.97 -
d1sgma2a.121.1.1     -            111 d2gfna2a.121.1.1.aln -            124     2e-10   36.6   0.0   1   1   8.1e-12   2.2e-10   36.5   0.0     2   121     2   110     1   111 0.96 -
d2fd5a2a.121.1.1     -            104 d2gfna2a.121.1.1.aln -            124   8.5e-09   31.4   3.5   1   1   5.7e-10   1.6e-08   30.5   3.5     2   119     2   103     1   104 0.96 -
#
# Program:         hmmsearch
# Version:         3.1b2 (February 2015)
# Pipeline mode:   SEARCH
# Query file:      hmmModels30/d2gfna2a.121.1.1.hmm
# Target file:     scop/scopTestSeq.fasta
# Option settings: hmmsearch --domtblout hmmModels30/d2gfna2a.121.1.1.out -E 1 hmmModels30/d2gfna2a.121.1.1.hmm scop/scopTestSeq.fasta 
# Current dir:     /home/anastasia/SBAS/TME8
# Date:            Sat Apr  8 15:33:54 2023
# [ok]
