#                                                                            --- full sequence --- -------------- this domain -------------   hmm coord   ali coord   env coord
# target name        accession   tlen query name           accession   qlen   E-value  score  bias   #  of  c-Evalue  i-Evalue  score  bias  from    to  from    to  from    to  acc description of target
#------------------- ---------- ----- -------------------- ---------- ----- --------- ------ ----- --- --- --------- --------- ------ ----- ----- ----- ----- ----- ----- ----- ---- ---------------------
d2nuja1d.38.1.1      -            159 d2gf6a1d.38.1.1.aln  -            139   2.4e-56  184.9   0.0   1   1   5.2e-58   2.8e-56  184.7   0.0     1   138    18   155    18   156 0.98 -
d1vpma_d.38.1.1      -            155 d2gf6a1d.38.1.1.aln  -            139   1.8e-46  152.9   0.1   1   1   3.8e-48     2e-46  152.7   0.1     2   138     6   139     5   140 0.98 -
d2hx5a1d.38.1.1      -            144 d2gf6a1d.38.1.1.aln  -            139   5.6e-43  141.6   0.0   1   1   1.2e-44   6.1e-43  141.5   0.0     1   136     1   143     1   144 0.99 -
d1lo7a_d.38.1.1      -            140 d2gf6a1d.38.1.1.aln  -            139     4e-42  138.8   0.0   1   1   8.3e-44   4.4e-42  138.7   0.0     5   136     2   140     1   140 0.98 -
d3bjka_d.38.1.1      -            140 d2gf6a1d.38.1.1.aln  -            139   5.3e-42  138.4   0.0   1   1   1.1e-43   5.7e-42  138.3   0.0     5   136     3   134     1   137 0.97 -
d2hlja1d.38.1.1      -            156 d2gf6a1d.38.1.1.aln  -            139     4e-41  135.6   0.1   1   1   8.6e-43   4.5e-41  135.4   0.1     1   138     7   143     7   144 0.99 -
d2oafa1d.38.1.1      -            143 d2gf6a1d.38.1.1.aln  -            139     9e-41  134.4   0.0   1   1   1.9e-42   9.9e-41  134.3   0.0     1   138     3   142     3   143 0.99 -
d2gvha1d.38.1.1      -            135 d2gf6a1d.38.1.1.aln  -            139   3.4e-39  129.3   0.2   1   1   7.1e-41   3.7e-39  129.2   0.2     2   135     4   134     3   135 0.98 -
d1s5ua_d.38.1.1      -            129 d2gf6a1d.38.1.1.aln  -            139   6.7e-39  128.4   1.0   1   1   1.4e-40   7.3e-39  128.2   1.0     6   133     2   129     1   129 0.99 -
d2oiwa1d.38.1.1      -            131 d2gf6a1d.38.1.1.aln  -            139   2.2e-37  123.5   0.4   1   1   4.6e-39   2.4e-37  123.3   0.4     6   139     1   130     1   130 0.99 -
d3qy3a1d.38.1.1      -            130 d2gf6a1d.38.1.1.aln  -            139   2.6e-36  120.0   0.1   1   1   5.5e-38   2.9e-36  119.8   0.1     6   133     3   129     1   130 0.98 -
d1njka_d.38.1.1      -            133 d2gf6a1d.38.1.1.aln  -            139   6.1e-34  112.3   0.0   1   1   1.3e-35   6.7e-34  112.2   0.0     6   137     1   132     1   133 0.98 -
d2gf6a1d.38.1.1      -            134 d2gf6a1d.38.1.1.aln  -            139   2.7e-07   26.0   0.0   1   1   2.2e-08   1.2e-06   23.9   0.0    10   130     9   128     6   132 0.87 -
d3f5oa_d.38.1.5      -            138 d2gf6a1d.38.1.1.aln  -            139    0.0004   15.7   0.0   1   1     1e-05   0.00052   15.3   0.0    12    92    42   122    34   134 0.92 -
d2hboa1d.38.1.5      -            142 d2gf6a1d.38.1.1.aln  -            139    0.0015   13.9   0.0   1   1   4.8e-05    0.0025   13.1   0.0     6    73    31    97    28   102 0.90 -
#
# Program:         hmmsearch
# Version:         3.1b2 (February 2015)
# Pipeline mode:   SEARCH
# Query file:      hmmModels30/d2gf6a1d.38.1.1.hmm
# Target file:     scop/scopTestSeq.fasta
# Option settings: hmmsearch --domtblout hmmModels30/d2gf6a1d.38.1.1.out -E 1 hmmModels30/d2gf6a1d.38.1.1.hmm scop/scopTestSeq.fasta 
# Current dir:     /home/anastasia/SBAS/TME8
# Date:            Sat Apr  8 15:33:54 2023
# [ok]
