#                                                                            --- full sequence --- -------------- this domain -------------   hmm coord   ali coord   env coord
# target name        accession   tlen query name           accession   qlen   E-value  score  bias   #  of  c-Evalue  i-Evalue  score  bias  from    to  from    to  from    to  acc description of target
#------------------- ---------- ----- -------------------- ---------- ----- --------- ------ ----- --- --- --------- --------- ------ ----- ----- ----- ----- ----- ----- ----- ---- ---------------------
d1kkoa2d.54.1.1      -            160 d2gl5a2d.54.1.1.aln  -            128   2.6e-53  175.2   0.0   1   1   4.2e-55     3e-53  175.0   0.0     1   128    21   158    21   158 0.99 -
d1wuea2d.54.1.1      -            126 d2gl5a2d.54.1.1.aln  -            128   3.8e-45  148.8   0.0   1   1   5.9e-47   4.2e-45  148.7   0.0     1   126     1   126     1   126 0.99 -
d1sjda2d.54.1.1      -            125 d2gl5a2d.54.1.1.aln  -            128   4.4e-39  129.2   0.1   1   1   6.8e-41   4.8e-39  129.1   0.1     1   126     1   125     1   125 0.98 -
d1yeya2d.54.1.1      -            139 d2gl5a2d.54.1.1.aln  -            128   2.4e-38  126.8   0.2   1   1   3.6e-40   2.6e-38  126.7   0.2     2   127     2   138     1   139 0.99 -
d1r0ma2d.54.1.1      -            127 d2gl5a2d.54.1.1.aln  -            128   3.7e-38  126.2   0.1   1   1   5.6e-40     4e-38  126.1   0.1     2   126     4   127     3   127 0.99 -
d2mnra2d.54.1.1      -            130 d2gl5a2d.54.1.1.aln  -            128   3.5e-36  119.8   0.3   1   1   5.3e-38   3.8e-36  119.7   0.3     2   128     3   129     2   129 0.98 -
d2akza2d.54.1.1      -            139 d2gl5a2d.54.1.1.aln  -            128   1.7e-35  117.6   0.0   1   1   2.7e-37   1.9e-35  117.4   0.0     2   128     1   137     1   137 0.99 -
d1jpdx2d.54.1.1      -            116 d2gl5a2d.54.1.1.aln  -            128   7.2e-35  115.6   0.1   1   1   1.1e-36   8.1e-35  115.4   0.1     1   125     2   115     2   116 0.98 -
d2gdqa2d.54.1.1      -            115 d2gl5a2d.54.1.1.aln  -            128   6.6e-34  112.5   0.0   1   1   1.1e-35   7.8e-34  112.2   0.0     1   126     1   115     1   115 0.99 -
d1r6wa2d.54.1.1      -            101 d2gl5a2d.54.1.1.aln  -            128   5.9e-23   77.1   0.0   1   1   9.1e-25   6.5e-23   76.9   0.0     1   114     1    99     1   101 0.97 -
d2gl5a2d.54.1.1      -            122 d2gl5a2d.54.1.1.aln  -            128     1e-06   24.5   0.0   1   1   4.9e-08   3.5e-06   22.8   0.0    21   126    15   122     1   122 0.73 -
#
# Program:         hmmsearch
# Version:         3.1b2 (February 2015)
# Pipeline mode:   SEARCH
# Query file:      hmmModels30/d2gl5a2d.54.1.1.hmm
# Target file:     scop/scopTestSeq.fasta
# Option settings: hmmsearch --domtblout hmmModels30/d2gl5a2d.54.1.1.out -E 1 hmmModels30/d2gl5a2d.54.1.1.hmm scop/scopTestSeq.fasta 
# Current dir:     /home/anastasia/SBAS/TME8
# Date:            Sat Apr  8 15:33:54 2023
# [ok]
