#                                                                            --- full sequence --- -------------- this domain -------------   hmm coord   ali coord   env coord
# target name        accession   tlen query name           accession   qlen   E-value  score  bias   #  of  c-Evalue  i-Evalue  score  bias  from    to  from    to  from    to  acc description of target
#------------------- ---------- ----- -------------------- ---------- ----- --------- ------ ----- --- --- --------- --------- ------ ----- ----- ----- ----- ----- ----- ----- ---- ---------------------
d2dw4a2c.3.1.2       -            450 d2gmha1c.3.1.2.aln   -            341  4.1e-155  512.1   0.0   1   1  1.5e-156  4.7e-155  511.9   0.0     1   340     2   449     2   450 1.00 -
d2iida1c.3.1.2       -            371 d2gmha1c.3.1.2.aln   -            341  2.9e-105  348.2   0.0   1   1    1e-106  3.2e-105  348.1   0.0     1   340    27   370    27   371 0.99 -
d1b5qa1c.3.1.2       -            348 d2gmha1c.3.1.2.aln   -            341   1.6e-94  312.9   0.0   1   1   5.8e-96   1.8e-94  312.7   0.0     5   340     1   344     1   345 0.99 -
d1seza1c.3.1.2       -            374 d2gmha1c.3.1.2.aln   -            341   2.2e-89  296.0   0.0   1   1   7.7e-91   2.4e-89  295.9   0.0     5   338     2   372     1   374 0.99 -
d2f5va1c.3.1.2       -            380 d2gmha1c.3.1.2.aln   -            341     9e-85  280.8   0.0   1   1   3.2e-86     1e-84  280.7   0.0     1   340     1   373     1   374 0.99 -
d1ju2a1c.3.1.2       -            352 d2gmha1c.3.1.2.aln   -            341   3.8e-81  268.9   0.0   1   1   1.4e-82   4.3e-81  268.7   0.0     2   340    24   347    23   348 0.99 -
d1kdga1c.3.1.2       -            361 d2gmha1c.3.1.2.aln   -            341   1.5e-78  260.4   0.0   1   1   5.2e-80   1.6e-78  260.3   0.0     3   340     1   357     1   358 0.99 -
d1pn0a1c.3.1.2       -            361 d2gmha1c.3.1.2.aln   -            341   5.4e-78  258.6   0.0   1   1   1.9e-79     6e-78  258.4   0.0     2   340     5   360     4   361 0.99 -
d1n4wa1c.3.1.2       -            368 d2gmha1c.3.1.2.aln   -            341   1.2e-77  257.4   0.0   1   1   4.2e-79   1.3e-77  257.3   0.0     4   340     2   365     1   366 0.99 -
d2ivda1c.3.1.2       -            348 d2gmha1c.3.1.2.aln   -            341   4.4e-67  222.7   0.6   1   1   1.5e-68   4.9e-67  222.5   0.6     5   337     1   346     1   348 0.99 -
d3c96a1c.3.1.2       -            289 d2gmha1c.3.1.2.aln   -            341   1.2e-51  172.0   0.2   1   1   4.2e-53   1.3e-51  171.8   0.2     4   332     1   288     1   289 0.98 -
d1k0ia1c.3.1.2       -            293 d2gmha1c.3.1.2.aln   -            341   1.2e-51  171.9   0.0   1   1   4.3e-53   1.3e-51  171.8   0.0     4   332     2   291     1   293 0.99 -
d1pj5a2c.3.1.2       -            306 d2gmha1c.3.1.2.aln   -            341   5.3e-51  169.8   0.0   1   1   1.9e-52   5.9e-51  169.7   0.0     4   338     1   303     1   306 0.98 -
d2gf3a1c.3.1.2       -            282 d2gmha1c.3.1.2.aln   -            341   3.9e-46  153.8   0.0   1   1   1.4e-47   4.4e-46  153.6   0.0     2   340     1   281     1   282 0.98 -
d1ryia1c.3.1.2       -            277 d2gmha1c.3.1.2.aln   -            341   1.2e-43  145.6   0.0   1   1   4.2e-45   1.3e-43  145.5   0.0     1   333     1   276     1   277 0.98 -
d2voua1c.3.1.2       -            266 d2gmha1c.3.1.2.aln   -            341   2.2e-42  141.5   0.1   1   1   8.5e-44   2.7e-42  141.2   0.1     2   325     2   264     1   266 0.98 -
d2gv8a1c.3.1.5       -            336 d2gmha1c.3.1.2.aln   -            341   3.5e-08   29.0   0.0   1   1   2.3e-09   7.2e-08   28.0   0.0     6    55     6    51     3    54 0.89 -
d1nhpa2c.3.1.5       -            123 d2gmha1c.3.1.2.aln   -            341   4.4e-07   25.4   0.1   1   1   1.6e-08   5.2e-07   25.2   0.1     6    63    32    90    31   105 0.77 -
d2gmha1c.3.1.2       -            381 d2gmha1c.3.1.2.aln   -            341   7.8e-06   21.3   0.1   1   1   3.9e-07   1.2e-05   20.6   0.1     6    24    34    52    31    54 0.93 -
d1w4xa1c.3.1.5       -            299 d2gmha1c.3.1.2.aln   -            341   4.2e-05   18.9   0.1   1   1     2e-06   6.3e-05   18.3   0.1     5    41     8    44     5    54 0.90 -
d1xhca2c.3.1.5       -            122 d2gmha1c.3.1.2.aln   -            341   8.7e-05   17.8   0.5   1   1   3.3e-06    0.0001   17.6   0.5     2    30    30    58    29    69 0.86 -
d1fl2a2c.3.1.5       -            126 d2gmha1c.3.1.2.aln   -            341   0.00021   16.6   0.3   1   1   9.5e-06    0.0003   16.1   0.3     5    37    31    63    29    68 0.93 -
d1v59a1c.3.1.5       -            234 d2gmha1c.3.1.2.aln   -            341    0.0017   13.6   0.3   1   1   8.4e-05    0.0026   13.0   0.3     4    27     5    28     3    47 0.72 -
d1gpja2c.2.1.7       -            159 d2gmha1c.3.1.2.aln   -            341    0.0027   12.9   0.2   1   1   0.00013    0.0041   12.4   0.2     6    32    26    53    24    61 0.86 -
d1fl2a1c.3.1.5       -            185 d2gmha1c.3.1.2.aln   -            341    0.0057   11.9   3.5   1   1   0.00032      0.01   11.1   3.5     5    20     2    17     1    19 0.94 -
#
# Program:         hmmsearch
# Version:         3.1b2 (February 2015)
# Pipeline mode:   SEARCH
# Query file:      hmmModels30/d2gmha1c.3.1.2.hmm
# Target file:     scop/scopTestSeq.fasta
# Option settings: hmmsearch --domtblout hmmModels30/d2gmha1c.3.1.2.out -E 1 hmmModels30/d2gmha1c.3.1.2.hmm scop/scopTestSeq.fasta 
# Current dir:     /home/anastasia/SBAS/TME8
# Date:            Sat Apr  8 15:33:54 2023
# [ok]
