#                                                                            --- full sequence --- -------------- this domain -------------   hmm coord   ali coord   env coord
# target name        accession   tlen query name           accession   qlen   E-value  score  bias   #  of  c-Evalue  i-Evalue  score  bias  from    to  from    to  from    to  acc description of target
#------------------- ---------- ----- -------------------- ---------- ----- --------- ------ ----- --- --- --------- --------- ------ ----- ----- ----- ----- ----- ----- ----- ---- ---------------------
d1g41a_c.37.1.20     -            443 d2gnoa2c.37.1.20.aln -            275  2.5e-135  445.7   4.3   1   1  8.3e-137  2.8e-135  445.4   4.3     1   275     1   434     1   434 1.00 -
d1um8a_c.37.1.20     -            364 d2gnoa2c.37.1.20.aln -            275   3.2e-96  317.3   2.5   1   1   1.1e-97   3.6e-96  317.2   2.5     2   274     5   362     4   363 0.99 -
d1svma_c.37.1.20     -            362 d2gnoa2c.37.1.20.aln -            275     3e-81  268.3   0.0   1   1   9.9e-83   3.4e-81  268.1   0.0     2   274    13   345    12   346 0.99 -
d1r6bx3c.37.1.20     -            315 d2gnoa2c.37.1.20.aln -            275   6.1e-57  188.5   0.2   1   1     2e-58   6.8e-57  188.4   0.2     2   273    10   302     9   304 0.99 -
d1g8pa_c.37.1.20     -            333 d2gnoa2c.37.1.20.aln -            275   6.3e-51  168.8   0.0   1   1     2e-52     7e-51  168.7   0.0     2   273     8   316     7   318 0.99 -
d1fnna2c.37.1.20     -            276 d2gnoa2c.37.1.20.aln -            275   6.3e-40  132.7   0.0   1   1     2e-41   6.9e-40  132.6   0.0     3   273     5   274     3   276 0.98 -
d2a5yb3c.37.1.20     -            277 d2gnoa2c.37.1.20.aln -            275   5.9e-38  126.3   0.0   1   1   1.9e-39   6.5e-38  126.1   0.0     2   273     5   271     4   273 0.98 -
d1w5sa2c.37.1.20     -            287 d2gnoa2c.37.1.20.aln -            275   3.2e-37  123.8   0.0   1   1     1e-38   3.5e-37  123.7   0.0     3   270     5   285     3   287 0.98 -
d1lv7a_c.37.1.20     -            256 d2gnoa2c.37.1.20.aln -            275     4e-37  123.5   0.0   1   1   1.4e-38   4.9e-37  123.2   0.0     3   271     1   253     1   255 0.98 -
d1njfa_c.37.1.20     -            239 d2gnoa2c.37.1.20.aln -            275   4.1e-36  120.2   0.0   1   1   1.3e-37   4.5e-36  120.1   0.0     4   261     2   236     1   239 0.97 -
d1sxja2c.37.1.20     -            253 d2gnoa2c.37.1.20.aln -            275   6.4e-36  119.6   0.0   1   1     2e-37     7e-36  119.4   0.0     3   268     3   252     1   253 0.98 -
d1in4a2c.37.1.20     -            238 d2gnoa2c.37.1.20.aln -            275   1.5e-34  115.1   1.1   1   1   4.8e-36   1.6e-34  115.0   1.1     7   271     2   238     1   238 0.97 -
d1iqpa2c.37.1.20     -            231 d2gnoa2c.37.1.20.aln -            275   8.9e-33  109.3   0.4   1   1   3.2e-34   1.1e-32  109.0   0.4     6   262     5   230     2   231 0.97 -
d2fnaa2c.37.1.20     -            283 d2gnoa2c.37.1.20.aln -            275   7.6e-32  106.2   0.5   1   1   2.5e-33   8.5e-32  106.1   0.5     3   271     8   282     6   283 0.98 -
d1u0ja_c.37.1.20     -            267 d2gnoa2c.37.1.20.aln -            275   1.2e-30  102.3   0.0   1   1   3.8e-32   1.3e-30  102.2   0.0     3   270     7   266     5   267 0.98 -
d1d2na_c.37.1.20     -            246 d2gnoa2c.37.1.20.aln -            275   1.2e-28   95.7   0.0   1   1     4e-30   1.4e-28   95.5   0.0     3   270     2   245     1   246 0.96 -
d1ny5a2c.37.1.20     -            247 d2gnoa2c.37.1.20.aln -            275   7.7e-24   80.0   0.1   1   1   2.5e-25   8.5e-24   79.8   0.1     5   267     5   244     1   247 0.96 -
d1l8qa2c.37.1.20     -            213 d2gnoa2c.37.1.20.aln -            275   5.9e-19   63.9   1.0   1   1   1.9e-20   6.5e-19   63.8   1.0     4   222     3   188     1   213 0.92 -
d2p65a_c.37.1.20     -            185 d2gnoa2c.37.1.20.aln -            275   9.6e-19   63.2   0.2   1   1   6.7e-20   2.3e-18   62.0   0.2    13   215     7   178     2   184 0.95 -
d1a5ta2c.37.1.20     -            207 d2gnoa2c.37.1.20.aln -            275   1.8e-16   55.8   0.0   1   1   6.3e-18   2.2e-16   55.5   0.0    14   251     2   197     1   204 0.94 -
d1tuea_c.37.1.20     -            205 d2gnoa2c.37.1.20.aln -            275   7.6e-15   50.5   0.0   1   1   2.5e-16   8.5e-15   50.3   0.0    10   263     3   205     1   205 0.96 -
d1jqlb_c.37.1.20     -            140 d2gnoa2c.37.1.20.aln -            275   1.6e-06   23.2   0.0   1   1   5.4e-08   1.9e-06   22.9   0.0   100   226    24   139    19   140 0.95 -
d1y63a_c.37.1.1      -            174 d2gnoa2c.37.1.20.aln -            275   0.00014   16.8   0.0   1   2   1.2e-05   0.00041   15.3   0.1    49    72     7    30     3    36 0.93 -
d1y63a_c.37.1.1      -            174 d2gnoa2c.37.1.20.aln -            275   0.00014   16.8   0.0   2   2       1.2        40   -1.1   0.0   152   167   124   143    44   169 0.61 -
#
# Program:         hmmsearch
# Version:         3.1b2 (February 2015)
# Pipeline mode:   SEARCH
# Query file:      hmmModels30/d2gnoa2c.37.1.20.hmm
# Target file:     scop/scopTestSeq.fasta
# Option settings: hmmsearch --domtblout hmmModels30/d2gnoa2c.37.1.20.out -E 1 hmmModels30/d2gnoa2c.37.1.20.hmm scop/scopTestSeq.fasta 
# Current dir:     /home/anastasia/SBAS/TME8
# Date:            Sat Apr  8 15:33:54 2023
# [ok]
