#                                                                            --- full sequence --- -------------- this domain -------------   hmm coord   ali coord   env coord
# target name        accession   tlen query name           accession   qlen   E-value  score  bias   #  of  c-Evalue  i-Evalue  score  bias  from    to  from    to  from    to  acc description of target
#------------------- ---------- ----- -------------------- ---------- ----- --------- ------ ----- --- --- --------- --------- ------ ----- ----- ----- ----- ----- ----- ----- ---- ---------------------
d2fhfa4b.71.1.1      -            118 d2guya1b.71.1.1.aln  -             84   1.5e-30  100.8   0.3   1   1   4.4e-32   1.7e-30  100.6   0.3     1    84    16   106    16   106 0.99 -
d1bf2a2b.71.1.1      -            113 d2guya1b.71.1.1.aln  -             84   1.3e-25   85.0   3.6   1   1   3.9e-27   1.5e-25   84.7   3.6     1    83    18   107    18   108 0.98 -
d1szna1b.71.1.1      -            103 d2guya1b.71.1.1.aln  -             84   1.2e-20   69.1   0.1   1   1   3.4e-22   1.3e-20   68.9   0.1     1    84    12   101    12   101 0.98 -
d1m7xa2b.71.1.1      -            106 d2guya1b.71.1.1.aln  -             84   1.6e-20   68.7   0.0   1   1   4.7e-22   1.9e-20   68.5   0.0     3    83    18   105    16   106 0.96 -
d3bmva3b.71.1.1      -             89 d2guya1b.71.1.1.aln  -             84   5.4e-18   60.6   2.6   1   1   1.5e-19   5.8e-18   60.5   2.6     5    82     3    87     1    89 0.97 -
d1h3ga2b.71.1.1      -             83 d2guya1b.71.1.1.aln  -             84   1.3e-17   59.3   0.0   1   1   3.6e-19   1.4e-17   59.2   0.0     6    83     3    80     1    81 0.97 -
d1uasa1b.71.1.1      -             89 d2guya1b.71.1.1.aln  -             84   1.6e-17   59.1   1.5   1   1   4.4e-19   1.7e-17   59.0   1.5     5    81     5    88     3    89 0.96 -
d1ji1a2b.71.1.1      -             83 d2guya1b.71.1.1.aln  -             84   2.5e-17   58.5   2.5   1   1   6.7e-19   2.7e-17   58.4   2.5     3    81     2    83     1    83 0.98 -
d1ea9c2b.71.1.1      -             80 d2guya1b.71.1.1.aln  -             84   1.9e-15   52.5   0.0   1   1     5e-17     2e-15   52.4   0.0     3    82     2    78     1    80 0.96 -
d1j0ha2b.71.1.1      -             83 d2guya1b.71.1.1.aln  -             84   2.9e-14   48.7   0.0   1   1   7.9e-16   3.1e-14   48.6   0.0     2    84     2    83     1    83 0.97 -
d1e43a1b.71.1.1      -             90 d2guya1b.71.1.1.aln  -             84     2e-13   45.9   1.2   1   1   5.6e-15   2.2e-13   45.8   1.2     1    81     2    89     2    90 0.97 -
d1wzaa1b.71.1.1      -             79 d2guya1b.71.1.1.aln  -             84   2.7e-13   45.6   0.0   1   1   7.1e-15   2.8e-13   45.5   0.0     4    82     4    79     1    79 0.93 -
d1g5aa1b.71.1.1      -             74 d2guya1b.71.1.1.aln  -             84   1.2e-12   43.5   0.0   1   1   3.2e-14   1.2e-12   43.4   0.0     7    81     2    73     1    74 0.97 -
d1ua7a1b.71.1.1      -             78 d2guya1b.71.1.1.aln  -             84   4.7e-12   41.6   0.3   1   1   1.3e-13   5.1e-12   41.5   0.3     3    81     1    77     1    78 0.97 -
d1mxga1b.71.1.1      -             74 d2guya1b.71.1.1.aln  -             84   1.4e-10   36.9   0.6   1   1   3.7e-12   1.5e-10   36.8   0.6     5    82     2    73     1    74 0.96 -
d1gjwa1b.71.1.1      -             64 d2guya1b.71.1.1.aln  -             84   2.6e-09   32.8   0.0   1   1   6.9e-11   2.7e-09   32.7   0.0     7    71     3    63     1    64 0.94 -
d2bhua2b.71.1.1      -             72 d2guya1b.71.1.1.aln  -             84   6.8e-07   25.1   0.0   1   1   1.9e-08   7.4e-07   25.0   0.0     3    79     2    71     1    72 0.94 -
d1gcya1b.71.1.1      -             61 d2guya1b.71.1.1.aln  -             84   2.2e-05   20.3   1.0   1   1   8.3e-07   3.3e-05   19.7   1.0     7    80     6    60     2    61 0.94 -
d1r7aa1b.71.1.1      -             70 d2guya1b.71.1.1.aln  -             84   0.00015   17.5   0.1   1   1   4.3e-06   0.00017   17.4   0.1     2    82     2    68     1    70 0.91 -
d1ht6a1b.71.1.1      -             57 d2guya1b.71.1.1.aln  -             84   0.00033   16.5   0.1   1   1   9.7e-06   0.00038   16.3   0.1    21    81    11    57     2    57 0.84 -
#
# Program:         hmmsearch
# Version:         3.1b2 (February 2015)
# Pipeline mode:   SEARCH
# Query file:      hmmModels30/d2guya1b.71.1.1.hmm
# Target file:     scop/scopTestSeq.fasta
# Option settings: hmmsearch --domtblout hmmModels30/d2guya1b.71.1.1.out -E 1 hmmModels30/d2guya1b.71.1.1.hmm scop/scopTestSeq.fasta 
# Current dir:     /home/anastasia/SBAS/TME8
# Date:            Sat Apr  8 15:33:54 2023
# [ok]
