#                                                                            --- full sequence --- -------------- this domain -------------   hmm coord   ali coord   env coord
# target name        accession   tlen query name           accession   qlen   E-value  score  bias   #  of  c-Evalue  i-Evalue  score  bias  from    to  from    to  from    to  acc description of target
#------------------- ---------- ----- -------------------- ---------- ----- --------- ------ ----- --- --- --------- --------- ------ ----- ----- ----- ----- ----- ----- ----- ---- ---------------------
d3hl8a_c.55.3.5      -            470 d2hbja2c.55.3.5.aln  -            396    1e-214  708.6   3.6   1   1  2.1e-216  1.2e-214  708.4   3.6     1   396    67   467    67   467 1.00 -
d1s5ja1c.55.3.5      -            410 d2hbja2c.55.3.5.aln  -            396  1.5e-167  553.4   0.2   1   1  2.9e-169  1.6e-167  553.2   0.2     1   396     1   410     1   410 1.00 -
d1q8ia1c.55.3.5      -            388 d2hbja2c.55.3.5.aln  -            396  2.3e-147  486.9   0.0   1   1  4.6e-149  2.6e-147  486.7   0.0    13   395     1   388     1   388 1.00 -
d3mxma_c.55.3.5      -            229 d2hbja2c.55.3.5.aln  -            396   1.4e-33  112.2   0.0   1   1   2.8e-35   1.6e-33  112.0   0.0   158   385     1   228     1   229 0.99 -
d1kfsa1c.55.3.5      -            195 d2hbja2c.55.3.5.aln  -            396   2.1e-26   88.6   0.1   1   1     4e-28   2.3e-26   88.5   0.1   183   377     3   195     1   195 0.98 -
d1vk0a_c.55.3.5      -            206 d2hbja2c.55.3.5.aln  -            396   1.2e-24   82.8   0.0   1   1   2.3e-26   1.3e-24   82.7   0.0   182   384     3   203     1   206 0.98 -
d1w0ha_c.55.3.5      -            200 d2hbja2c.55.3.5.aln  -            396   1.3e-24   82.7   0.0   1   1   2.5e-26   1.4e-24   82.6   0.0   182   384     2   200     1   200 0.98 -
d1x9ma1c.55.3.5      -            204 d2hbja2c.55.3.5.aln  -            396   1.4e-24   82.5   0.0   1   1   2.8e-26   1.6e-24   82.4   0.0   178   381     1   203     1   204 0.98 -
d2f96a1c.55.3.5      -            202 d2hbja2c.55.3.5.aln  -            396   7.6e-24   80.2   0.0   1   1   1.5e-25   8.3e-24   80.0   0.0   177   385     2   201     1   202 0.98 -
d1yt3a3c.55.3.5      -            193 d2hbja2c.55.3.5.aln  -            396   1.7e-22   75.7   0.0   1   1   3.3e-24   1.9e-22   75.6   0.0   185   382     2   192     1   193 0.97 -
d2py5a1c.55.3.5      -            183 d2hbja2c.55.3.5.aln  -            396   8.3e-19   63.6   0.0   1   1   1.6e-20     9e-19   63.5   0.0   182   368     2   179     1   183 0.97 -
d2igia_c.55.3.5      -            180 d2hbja2c.55.3.5.aln  -            396   1.7e-18   62.5   0.0   1   1   3.3e-20   1.9e-18   62.4   0.0   183   378     2   180     1   180 0.98 -
d2guia_c.55.3.5      -            176 d2hbja2c.55.3.5.aln  -            396   2.4e-17   58.7   0.0   1   1   9.8e-19   5.5e-17   57.6   0.0   187   374     3   173     1   176 0.94 -
d1wlja_c.55.3.5      -            173 d2hbja2c.55.3.5.aln  -            396   9.5e-16   53.5   0.0   1   1     2e-17   1.1e-15   53.2   0.0   188   371     2   167     1   172 0.97 -
#
# Program:         hmmsearch
# Version:         3.1b2 (February 2015)
# Pipeline mode:   SEARCH
# Query file:      hmmModels30/d2hbja2c.55.3.5.hmm
# Target file:     scop/scopTestSeq.fasta
# Option settings: hmmsearch --domtblout hmmModels30/d2hbja2c.55.3.5.out -E 1 hmmModels30/d2hbja2c.55.3.5.hmm scop/scopTestSeq.fasta 
# Current dir:     /home/anastasia/SBAS/TME8
# Date:            Sat Apr  8 15:33:55 2023
# [ok]
