#                                                                            --- full sequence --- -------------- this domain -------------   hmm coord   ali coord   env coord
# target name        accession   tlen query name           accession   qlen   E-value  score  bias   #  of  c-Evalue  i-Evalue  score  bias  from    to  from    to  from    to  acc description of target
#------------------- ---------- ----- -------------------- ---------- ----- --------- ------ ----- --- --- --------- --------- ------ ----- ----- ----- ----- ----- ----- ----- ---- ---------------------
d2hx1a_c.108.1.0     -            284 d2hi0a_c.108.1.0.aln -            248  1.3e-101  334.6   0.1   1   1  1.7e-103  1.7e-101  334.3   0.1     1   244    13   283    13   284 1.00 -
d3fzqa_c.108.1.0     -            271 d2hi0a_c.108.1.0.aln -            248   5.9e-94  309.6   8.9   1   1   6.8e-96   6.7e-94  309.4   8.9     2   248     2   257     1   257 0.99 -
d3dnpa_c.108.1.0     -            275 d2hi0a_c.108.1.0.aln -            248   2.5e-90  297.7   0.4   1   1   2.9e-92   2.9e-90  297.5   0.4     2   248     1   257     1   257 0.99 -
d2x4da_c.108.1.0     -            270 d2hi0a_c.108.1.0.aln -            248   6.6e-88  289.8   0.0   1   1   7.5e-90   7.4e-88  289.6   0.0     2   248    12   270    11   270 0.99 -
d3qnma_c.108.1.0     -            231 d2hi0a_c.108.1.0.aln -            248   7.5e-79  260.1   0.0   1   1   8.5e-81   8.4e-79  259.9   0.0     1   244     2   231     2   231 0.99 -
d2hoqa_c.108.1.0     -            237 d2hi0a_c.108.1.0.aln -            248   3.2e-77  254.7   0.0   1   1   3.7e-79   3.6e-77  254.6   0.0     1   247     1   228     1   229 0.99 -
d2w43a_c.108.1.0     -            201 d2hi0a_c.108.1.0.aln -            248   6.6e-58  191.5   1.0   1   1   2.8e-56   2.7e-54  179.6   1.0     2   247     1   201     1   201 0.98 -
d2hi0a_c.108.1.0     -            240 d2hi0a_c.108.1.0.aln -            248   2.7e-06   22.5   0.1   1   2   9.4e-06   0.00092   14.1   0.1     1    38     3    40     3    46 0.92 -
d2hi0a_c.108.1.0     -            240 d2hi0a_c.108.1.0.aln -            248   2.7e-06   22.5   0.1   2   2    0.0021      0.21    6.4   0.0   166   244   165   238   152   240 0.85 -
#
# Program:         hmmsearch
# Version:         3.1b2 (February 2015)
# Pipeline mode:   SEARCH
# Query file:      hmmModels30/d2hi0a_c.108.1.0.hmm
# Target file:     scop/scopTestSeq.fasta
# Option settings: hmmsearch --domtblout hmmModels30/d2hi0a_c.108.1.0.out -E 1 hmmModels30/d2hi0a_c.108.1.0.hmm scop/scopTestSeq.fasta 
# Current dir:     /home/anastasia/SBAS/TME8
# Date:            Sat Apr  8 15:33:55 2023
# [ok]
