#                                                                            --- full sequence --- -------------- this domain -------------   hmm coord   ali coord   env coord
# target name        accession   tlen query name           accession   qlen   E-value  score  bias   #  of  c-Evalue  i-Evalue  score  bias  from    to  from    to  from    to  acc description of target
#------------------- ---------- ----- -------------------- ---------- ----- --------- ------ ----- --- --- --------- --------- ------ ----- ----- ----- ----- ----- ----- ----- ---- ---------------------
d3c07a2a.121.1.1     -            146 d2hkua2a.121.1.1.aln -            124   8.1e-50  163.3   1.7   1   1   4.2e-51   1.2e-49  162.8   1.7     1   124    23   146    23   146 0.99 -
d1z0xa2a.121.1.1     -            149 d2hkua2a.121.1.1.aln -            124     8e-42  137.5   0.0   1   1   3.4e-43   9.2e-42  137.3   0.0     1   124     4   127     4   127 0.99 -
d2g7la2a.121.1.1     -            144 d2hkua2a.121.1.1.aln -            124   3.7e-24   80.6   9.4   1   1   1.5e-25   4.2e-24   80.4   9.4     1   124     4   127     4   127 0.98 -
d1ui5a2a.121.1.1     -            133 d2hkua2a.121.1.1.aln -            124   4.4e-24   80.4   1.1   1   1     2e-25   5.3e-24   80.1   1.1    10   123     5   118     1   119 0.97 -
d2fbqa2a.121.1.1     -            134 d2hkua2a.121.1.1.aln -            124   1.4e-19   65.8   0.4   1   1   5.8e-21   1.6e-19   65.7   0.4     2   123     7   128     6   129 0.98 -
d1t56a2a.121.1.1     -            120 d2hkua2a.121.1.1.aln -            124   3.8e-18   61.2   1.7   1   1   1.5e-19   4.2e-18   61.1   1.7     5   116     3   114     1   119 0.97 -
d1vi0a2a.121.1.1     -            117 d2hkua2a.121.1.1.aln -            124     1e-17   59.8   0.0   1   1     4e-19   1.1e-17   59.7   0.0     7   119     3   115     1   117 0.97 -
d2hyja2a.121.1.1     -            118 d2hkua2a.121.1.1.aln -            124     3e-17   58.3   6.0   1   1   1.3e-18   3.4e-17   58.1   6.0     5   115     6   116     3   118 0.96 -
d2fx0a2a.121.1.1     -            122 d2hkua2a.121.1.1.aln -            124   1.2e-16   56.4   0.0   1   1     5e-18   1.4e-16   56.2   0.0     3   116     3   116     1   121 0.96 -
d2gfna2a.121.1.1     -            119 d2hkua2a.121.1.1.aln -            124   1.3e-15   53.0   6.9   1   1   5.2e-17   1.4e-15   52.9   6.9     2   119     2   118     1   119 0.97 -
d2i10a2a.121.1.1     -            116 d2hkua2a.121.1.1.aln -            124   1.7e-15   52.6   3.2   1   1   7.2e-17     2e-15   52.5   3.2    12   114    13   115     4   116 0.94 -
d1t33a2a.121.1.1     -            132 d2hkua2a.121.1.1.aln -            124   1.8e-15   52.6   0.1   1   1   7.2e-17     2e-15   52.5   0.1     4   122     9   127     6   129 0.97 -
d2id3a2a.121.1.1     -            123 d2hkua2a.121.1.1.aln -            124   3.1e-15   51.8   6.1   1   1   1.2e-16   3.3e-15   51.7   6.1     6   119     7   120     2   123 0.95 -
d1rkta2a.121.1.1     -            123 d2hkua2a.121.1.1.aln -            124   3.3e-15   51.8   0.0   1   1   1.2e-16   3.4e-15   51.7   0.0     8   121     7   120     1   123 0.95 -
d2g7ga2a.121.1.1     -            132 d2hkua2a.121.1.1.aln -            124   5.9e-15   50.9   9.2   1   1   2.4e-16   6.5e-15   50.8   9.2     2   123     5   126     4   127 0.97 -
d2g7sa2a.121.1.1     -            116 d2hkua2a.121.1.1.aln -            124   6.9e-15   50.7   1.8   1   1   2.8e-16   7.5e-15   50.6   1.8     2   115     2   115     1   116 0.98 -
d2g3ba2a.121.1.1     -            116 d2hkua2a.121.1.1.aln -            124   5.2e-14   47.9   1.7   1   1     2e-15   5.6e-14   47.8   1.7     4   117     3   116     1   116 0.95 -
d2id6a2a.121.1.1     -            125 d2hkua2a.121.1.1.aln -            124     1e-13   46.9   0.0   1   1   4.1e-15   1.1e-13   46.8   0.0     2   121     2   121     1   124 0.97 -
d2d6ya2a.121.1.1     -            118 d2hkua2a.121.1.1.aln -            124   2.3e-13   45.8   1.2   1   1     9e-15   2.5e-13   45.7   1.2     6   119     3   116     1   118 0.97 -
d2np5a2a.121.1.1     -            118 d2hkua2a.121.1.1.aln -            124   2.4e-13   45.7   4.0   1   1     1e-14   2.8e-13   45.5   4.0     2   122     3   115     2   117 0.98 -
d2gena2a.121.1.1     -            118 d2hkua2a.121.1.1.aln -            124     4e-13   45.0   6.4   1   1   1.6e-14   4.3e-13   44.9   6.4     5   120     2   117     1   118 0.98 -
d1zk8a2a.121.1.1     -            105 d2hkua2a.121.1.1.aln -            124   1.5e-11   39.9   0.0   1   1   5.9e-13   1.6e-11   39.9   0.0    18   119     4   105     1   105 0.96 -
d2oi8a2a.121.1.1     -            130 d2hkua2a.121.1.1.aln -            124   3.9e-11   38.6   2.9   1   1   1.6e-12   4.2e-11   38.5   2.9     6   120     6   120     1   124 0.95 -
d2iu5a2a.121.1.1     -            109 d2hkua2a.121.1.1.aln -            124   1.3e-10   36.9   0.0   1   1   5.2e-12   1.4e-10   36.8   0.0     9   116     3   108     1   109 0.98 -
d2fq4a2a.121.1.1     -            115 d2hkua2a.121.1.1.aln -            124   5.8e-10   34.8   0.0   1   1   2.3e-11   6.3e-10   34.7   0.0     5   119     2   113     1   115 0.96 -
d2np3a2a.121.1.1     -            112 d2hkua2a.121.1.1.aln -            124   3.9e-08   29.0   7.8   1   1   1.9e-08   5.3e-07   25.3   7.8     6   121     7   108     2   110 0.94 -
d1sgma2a.121.1.1     -            111 d2hkua2a.121.1.1.aln -            124     5e-08   28.6   0.0   1   1     2e-09   5.3e-08   28.5   0.0     6   114     3   110     1   111 0.96 -
d2fd5a2a.121.1.1     -            104 d2hkua2a.121.1.1.aln -            124   6.2e-08   28.3   3.6   1   1   2.6e-09   7.1e-08   28.1   3.6     6   111     4   100     1   104 0.91 -
d2o7ta2a.121.1.1     -            110 d2hkua2a.121.1.1.aln -            124     3e-07   26.1   0.0   1   1   1.3e-08   3.5e-07   25.9   0.0    12   116     5   109     2   110 0.97 -
#
# Program:         hmmsearch
# Version:         3.1b2 (February 2015)
# Pipeline mode:   SEARCH
# Query file:      hmmModels30/d2hkua2a.121.1.1.hmm
# Target file:     scop/scopTestSeq.fasta
# Option settings: hmmsearch --domtblout hmmModels30/d2hkua2a.121.1.1.out -E 1 hmmModels30/d2hkua2a.121.1.1.hmm scop/scopTestSeq.fasta 
# Current dir:     /home/anastasia/SBAS/TME8
# Date:            Sat Apr  8 15:33:55 2023
# [ok]
