#                                                                            --- full sequence --- -------------- this domain -------------   hmm coord   ali coord   env coord
# target name        accession   tlen query name           accession   qlen   E-value  score  bias   #  of  c-Evalue  i-Evalue  score  bias  from    to  from    to  from    to  acc description of target
#------------------- ---------- ----- -------------------- ---------- ----- --------- ------ ----- --- --- --------- --------- ------ ----- ----- ----- ----- ----- ----- ----- ---- ---------------------
d2nuja1d.38.1.1      -            159 d2hlja1d.38.1.1.aln  -            141   8.1e-55  179.8   0.0   1   1     2e-56   9.3e-55  179.6   0.0     2   140    19   154    18   155 0.98 -
d2hx5a1d.38.1.1      -            144 d2hlja1d.38.1.1.aln  -            141   4.1e-50  164.6   0.0   1   1   9.7e-52   4.5e-50  164.4   0.0     1   139     1   143     1   144 0.98 -
d1vpma_d.38.1.1      -            155 d2hlja1d.38.1.1.aln  -            141   4.4e-48  158.0   0.1   1   1   1.1e-49     5e-48  157.8   0.1     2   140     6   137     5   138 0.98 -
d2oiwa1d.38.1.1      -            131 d2hlja1d.38.1.1.aln  -            141   5.4e-43  141.5   0.3   1   1   1.3e-44     6e-43  141.4   0.3     6   141     1   129     1   129 0.98 -
d2oafa1d.38.1.1      -            143 d2hlja1d.38.1.1.aln  -            141   1.4e-42  140.1   0.0   1   1   3.5e-44   1.6e-42  140.0   0.0     2   140     5   141     4   142 0.97 -
d1s5ua_d.38.1.1      -            129 d2hlja1d.38.1.1.aln  -            141   9.8e-42  137.4   0.8   1   1   2.3e-43   1.1e-41  137.3   0.8     6   136     2   129     1   129 0.98 -
d3bjka_d.38.1.1      -            140 d2hlja1d.38.1.1.aln  -            141   1.1e-41  137.2   0.0   1   1   2.7e-43   1.2e-41  137.1   0.0     4   139     2   133     1   135 0.98 -
d1lo7a_d.38.1.1      -            140 d2hlja1d.38.1.1.aln  -            141   1.3e-41  137.1   0.0   1   1     3e-43   1.4e-41  136.9   0.0     6   138     3   139     1   140 0.96 -
d2gf6a1d.38.1.1      -            134 d2hlja1d.38.1.1.aln  -            141   9.4e-41  134.2   0.0   1   1   2.2e-42     1e-40  134.1   0.0     3   138     2   133     1   134 0.97 -
d3qy3a1d.38.1.1      -            130 d2hlja1d.38.1.1.aln  -            141   4.1e-38  125.7   0.0   1   1   9.7e-40   4.5e-38  125.6   0.0     6   136     3   129     1   130 0.98 -
d1njka_d.38.1.1      -            133 d2hlja1d.38.1.1.aln  -            141   5.8e-38  125.2   0.0   1   1   1.4e-39   6.3e-38  125.1   0.0     7   140     2   132     1   133 0.98 -
d2gvha1d.38.1.1      -            135 d2hlja1d.38.1.1.aln  -            141   1.2e-36  121.0   0.1   1   1   2.7e-38   1.3e-36  120.9   0.1     2   139     4   134     3   135 0.98 -
d3f5oa_d.38.1.5      -            138 d2hlja1d.38.1.1.aln  -            141   1.4e-07   26.7   0.0   1   1     6e-09   2.8e-07   25.8   0.0     8   102    38   122    32   135 0.77 -
d1wlua_d.38.1.5      -            117 d2hlja1d.38.1.1.aln  -            141     2e-07   26.2   0.0   1   1   6.1e-09   2.8e-07   25.7   0.0    12   114    26   115    17   117 0.89 -
d2hboa1d.38.1.5      -            142 d2hlja1d.38.1.1.aln  -            141   4.1e-06   22.0   0.0   1   1   2.3e-07   1.1e-05   20.6   0.0     9   114    34   126    29   140 0.84 -
d1ixla_d.38.1.5      -            130 d2hlja1d.38.1.1.aln  -            141   2.3e-05   19.5   0.0   1   1   6.9e-07   3.2e-05   19.1   0.0    57   118    65   124    40   127 0.84 -
d2hlja1d.38.1.1      -            156 d2hlja1d.38.1.1.aln  -            141   3.8e-05   18.8   0.0   1   1   9.3e-07   4.3e-05   18.7   0.0    60   113    56   110     2   124 0.73 -
#
# Program:         hmmsearch
# Version:         3.1b2 (February 2015)
# Pipeline mode:   SEARCH
# Query file:      hmmModels30/d2hlja1d.38.1.1.hmm
# Target file:     scop/scopTestSeq.fasta
# Option settings: hmmsearch --domtblout hmmModels30/d2hlja1d.38.1.1.out -E 1 hmmModels30/d2hlja1d.38.1.1.hmm scop/scopTestSeq.fasta 
# Current dir:     /home/anastasia/SBAS/TME8
# Date:            Sat Apr  8 15:33:55 2023
# [ok]
