#                                                                            --- full sequence --- -------------- this domain -------------   hmm coord   ali coord   env coord
# target name        accession   tlen query name           accession   qlen   E-value  score  bias   #  of  c-Evalue  i-Evalue  score  bias  from    to  from    to  from    to  acc description of target
#------------------- ---------- ----- -------------------- ---------- ----- --------- ------ ----- --- --- --------- --------- ------ ----- ----- ----- ----- ----- ----- ----- ---- ---------------------
d2fbka1a.4.5.28      -            172 d2hr3a1a.4.5.28.aln  -            141   4.2e-58  190.6   0.0   1   1   1.3e-59   4.9e-58  190.4   0.0     2   141    33   172    32   172 0.99 -
d2fxaa1a.4.5.28      -            162 d2hr3a1a.4.5.28.aln  -            141   4.1e-54  177.7   0.0   1   1   1.2e-55   4.6e-54  177.5   0.0     2   141     9   148     8   148 0.99 -
d1lj9a_a.4.5.28      -            144 d2hr3a1a.4.5.28.aln  -            141   8.4e-41  134.6   1.5   1   1   2.4e-42   9.3e-41  134.4   1.5     7   140     2   135     1   136 0.98 -
d2etha1a.4.5.28      -            140 d2hr3a1a.4.5.28.aln  -            141   7.6e-40  131.5   0.1   1   1   2.1e-41   8.3e-40  131.3   0.1     2   141     2   139     1   139 0.98 -
d2fbia1a.4.5.28      -            136 d2hr3a1a.4.5.28.aln  -            141   2.7e-38  126.5   0.6   1   1   7.3e-40   2.9e-38  126.4   0.6     7   138     3   134     1   136 0.98 -
d1s3ja_a.4.5.28      -            143 d2hr3a1a.4.5.28.aln  -            141   1.5e-37  124.0   4.0   1   1   4.2e-39   1.7e-37  123.9   4.0     2   140     3   141     2   142 0.98 -
d3echa_a.4.5.28      -            142 d2hr3a1a.4.5.28.aln  -            141     6e-37  122.1   0.1   1   1   1.7e-38   6.6e-37  121.9   0.1     2   138     5   141     4   142 0.98 -
d1jgsa_a.4.5.28      -            138 d2hr3a1a.4.5.28.aln  -            141   1.8e-35  117.3   0.0   1   1   4.9e-37   1.9e-35  117.2   0.0     4   135     4   135     1   138 0.91 -
d3broa1a.4.5.28      -            135 d2hr3a1a.4.5.28.aln  -            141     7e-35  115.4   5.5   1   1   1.9e-36   7.6e-35  115.3   5.5     5   137     2   134     1   135 0.98 -
d2a61a1a.4.5.28      -            139 d2hr3a1a.4.5.28.aln  -            141   2.4e-34  113.6   0.0   1   1   6.7e-36   2.6e-34  113.5   0.0     6   141     4   137     1   137 0.97 -
d2fbha1a.4.5.28      -            137 d2hr3a1a.4.5.28.aln  -            141   7.9e-34  112.0   0.2   1   1   2.2e-35   8.6e-34  111.8   0.2     8   141     3   136     1   136 0.98 -
d1p4xa1a.4.5.28      -            125 d2hr3a1a.4.5.28.aln  -            141   2.2e-32  107.3   2.0   1   1     6e-34   2.4e-32  107.2   2.0     2   122     4   124     3   125 0.97 -
d1p4xa2a.4.5.28      -            125 d2hr3a1a.4.5.28.aln  -            141   1.1e-30  101.8   3.6   1   1   2.9e-32   1.1e-30  101.7   3.6     2   120     3   121     2   125 0.96 -
d1hsja1a.4.5.28      -            115 d2hr3a1a.4.5.28.aln  -            141   1.3e-28   95.0   4.0   1   1   3.7e-30   1.5e-28   94.9   4.0     2   114     2   114     1   115 0.98 -
d3jw4a_a.4.5.0       -            137 d2hr3a1a.4.5.28.aln  -            141   8.3e-21   69.8   0.2   1   1   2.2e-22   8.8e-21   69.7   0.2    22   134    20   132     4   137 0.92 -
d1ub9a_a.4.5.28      -            100 d2hr3a1a.4.5.28.aln  -            141   2.5e-20   68.2   0.0   1   1   6.9e-22   2.7e-20   68.1   0.0    17   116     1    98     1   100 0.96 -
d3bjaa_a.4.5.0       -            139 d2hr3a1a.4.5.28.aln  -            141   3.9e-18   61.1   0.1   1   1   1.1e-19   4.5e-18   60.9   0.1    21   137    20   136    14   139 0.91 -
d3ctaa1a.4.5.28      -             85 d2hr3a1a.4.5.28.aln  -            141   2.1e-15   52.2   0.3   1   1   6.1e-17   2.4e-15   52.1   0.3    45   113    18    83     2    85 0.93 -
d2hr3a1a.4.5.28      -            145 d2hr3a1a.4.5.28.aln  -            141     5e-11   38.1   0.2   1   2       1.1        44   -0.6   0.0    53    71     7    25     6    26 0.73 -
d2hr3a1a.4.5.28      -            145 d2hr3a1a.4.5.28.aln  -            141     5e-11   38.1   0.2   2   2   6.4e-12   2.5e-10   35.8   0.0    49   103    50   104    35   140 0.84 -
d3df8a_a.4.5.0       -            109 d2hr3a1a.4.5.28.aln  -            141    0.0046   12.3   0.1   1   1   0.00021    0.0082   11.4   0.1    59   108    54    99    18   104 0.75 -
#
# Program:         hmmsearch
# Version:         3.1b2 (February 2015)
# Pipeline mode:   SEARCH
# Query file:      hmmModels30/d2hr3a1a.4.5.28.hmm
# Target file:     scop/scopTestSeq.fasta
# Option settings: hmmsearch --domtblout hmmModels30/d2hr3a1a.4.5.28.out -E 1 hmmModels30/d2hr3a1a.4.5.28.hmm scop/scopTestSeq.fasta 
# Current dir:     /home/anastasia/SBAS/TME8
# Date:            Sat Apr  8 15:33:55 2023
# [ok]
