#                                                                            --- full sequence --- -------------- this domain -------------   hmm coord   ali coord   env coord
# target name        accession   tlen query name           accession   qlen   E-value  score  bias   #  of  c-Evalue  i-Evalue  score  bias  from    to  from    to  from    to  acc description of target
#------------------- ---------- ----- -------------------- ---------- ----- --------- ------ ----- --- --- --------- --------- ------ ----- ----- ----- ----- ----- ----- ----- ---- ---------------------
d2nuja1d.38.1.1      -            159 d2hx5a1d.38.1.1.aln  -            140   3.6e-57  187.6   0.0   1   1   7.7e-59     4e-57  187.4   0.0     2   140    21   159    20   159 0.99 -
d2hlja1d.38.1.1      -            156 d2hx5a1d.38.1.1.aln  -            140   2.1e-48  159.2   0.0   1   1   4.6e-50   2.4e-48  159.0   0.0     1   140     1   141     1   141 0.99 -
d1vpma_d.38.1.1      -            155 d2hx5a1d.38.1.1.aln  -            140   2.5e-44  146.0   0.1   1   1   5.4e-46   2.8e-44  145.8   0.1     2   140     8   143     7   143 0.98 -
d2oafa1d.38.1.1      -            143 d2hx5a1d.38.1.1.aln  -            140   1.1e-40  134.1   0.0   1   1   2.4e-42   1.2e-40  134.0   0.0     2   136     6   142     5   143 0.98 -
d1lo7a_d.38.1.1      -            140 d2hx5a1d.38.1.1.aln  -            140   2.4e-40  133.1   0.0   1   1     5e-42   2.6e-40  132.9   0.0     3   140     2   139     1   139 0.98 -
d2oiwa1d.38.1.1      -            131 d2hx5a1d.38.1.1.aln  -            140   3.9e-40  132.4   0.4   1   1   8.1e-42   4.3e-40  132.3   0.4     4   137     1   130     1   131 0.99 -
d3qy3a1d.38.1.1      -            130 d2hx5a1d.38.1.1.aln  -            140   4.7e-40  132.1   0.1   1   1   9.8e-42   5.1e-40  132.0   0.1     3   131     2   129     1   130 0.98 -
d3bjka_d.38.1.1      -            140 d2hx5a1d.38.1.1.aln  -            140   8.6e-40  131.3   0.0   1   1   1.8e-41   9.2e-40  131.2   0.0     4   139     4   139     1   140 0.97 -
d2gf6a1d.38.1.1      -            134 d2hx5a1d.38.1.1.aln  -            140   2.5e-37  123.3   0.0   1   1   5.3e-39   2.8e-37  123.2   0.0     2   133     3   133     2   134 0.98 -
d1s5ua_d.38.1.1      -            129 d2hx5a1d.38.1.1.aln  -            140   3.1e-37  123.0   0.7   1   1   6.5e-39   3.4e-37  122.9   0.7     4   130     2   128     1   129 0.95 -
d2gvha1d.38.1.1      -            135 d2hx5a1d.38.1.1.aln  -            140   1.8e-36  120.6   0.1   1   1   3.7e-38   1.9e-36  120.4   0.1     2   133     6   134     5   135 0.98 -
d1njka_d.38.1.1      -            133 d2hx5a1d.38.1.1.aln  -            140   2.1e-36  120.3   0.0   1   1   4.4e-38   2.3e-36  120.2   0.0     4   136     1   133     1   133 0.99 -
d3f5oa_d.38.1.5      -            138 d2hx5a1d.38.1.1.aln  -            140   6.5e-05   18.3   0.0   1   1   1.5e-06     8e-05   18.0   0.0     6    79    38   111    33   132 0.90 -
d2hx5a1d.38.1.1      -            144 d2hx5a1d.38.1.1.aln  -            140   0.00022   16.5   0.0   1   1   5.2e-06   0.00028   16.2   0.0     6    63     8    66     5   135 0.85 -
d2hboa1d.38.1.5      -            142 d2hx5a1d.38.1.1.aln  -            140    0.0027   13.0   0.0   1   1   6.5e-05    0.0034   12.7   0.0     6    72    33    98    29   118 0.89 -
#
# Program:         hmmsearch
# Version:         3.1b2 (February 2015)
# Pipeline mode:   SEARCH
# Query file:      hmmModels30/d2hx5a1d.38.1.1.hmm
# Target file:     scop/scopTestSeq.fasta
# Option settings: hmmsearch --domtblout hmmModels30/d2hx5a1d.38.1.1.out -E 1 hmmModels30/d2hx5a1d.38.1.1.hmm scop/scopTestSeq.fasta 
# Current dir:     /home/anastasia/SBAS/TME8
# Date:            Sat Apr  8 15:33:55 2023
# [ok]
