#                                                                            --- full sequence --- -------------- this domain -------------   hmm coord   ali coord   env coord
# target name        accession   tlen query name           accession   qlen   E-value  score  bias   #  of  c-Evalue  i-Evalue  score  bias  from    to  from    to  from    to  acc description of target
#------------------- ---------- ----- -------------------- ---------- ----- --------- ------ ----- --- --- --------- --------- ------ ----- ----- ----- ----- ----- ----- ----- ---- ---------------------
d1z0xa2a.121.1.1     -            149 d2hyja2a.121.1.1.aln -            125   2.5e-51  168.6   0.0   1   1   1.1e-52   2.9e-51  168.4   0.0     1   125     1   125     1   125 0.99 -
d3c07a2a.121.1.1     -            146 d2hyja2a.121.1.1.aln -            125   1.2e-49  163.2   1.3   1   1   5.3e-51   1.4e-49  162.9   1.3     1   124    23   146    23   146 0.99 -
d2g7la2a.121.1.1     -            144 d2hyja2a.121.1.1.aln -            125   5.6e-39  128.7   8.3   1   1   2.7e-40   7.3e-39  128.4   8.3     1   125     1   138     1   138 0.99 -
d2fbqa2a.121.1.1     -            134 d2hyja2a.121.1.1.aln -            125   3.2e-19   64.9   0.7   1   1   1.3e-20   3.5e-19   64.8   0.7     3   124     5   128     3   129 0.98 -
d1ui5a2a.121.1.1     -            133 d2hyja2a.121.1.1.aln -            125   1.7e-17   59.3   0.9   1   1     7e-19   1.9e-17   59.2   0.9     2   123     2   123     1   125 0.97 -
d2oi8a2a.121.1.1     -            130 d2hyja2a.121.1.1.aln -            125   3.8e-17   58.2   2.0   1   1   1.7e-18   4.6e-17   57.9   2.0     6   119     2   115     1   120 0.97 -
d2g7ga2a.121.1.1     -            132 d2hyja2a.121.1.1.aln -            125   8.3e-17   57.1   8.1   1   1   3.6e-18   9.8e-17   56.9   8.1     3   114     3   114     1   124 0.97 -
d1vi0a2a.121.1.1     -            117 d2hyja2a.121.1.1.aln -            125   5.9e-16   54.3   0.0   1   1   2.3e-17   6.4e-16   54.2   0.0     7   120     3   116     1   117 0.97 -
d2fx0a2a.121.1.1     -            122 d2hyja2a.121.1.1.aln -            125   1.9e-15   52.7   0.0   1   1   7.8e-17   2.1e-15   52.5   0.0     3   115     3   115     1   121 0.95 -
d1t33a2a.121.1.1     -            132 d2hyja2a.121.1.1.aln -            125   8.2e-15   50.7   0.1   1   1   3.3e-16   8.9e-15   50.5   0.1     4   123     5   124     2   126 0.97 -
d1rkta2a.121.1.1     -            123 d2hyja2a.121.1.1.aln -            125   2.9e-14   48.9   0.0   1   1   1.1e-15     3e-14   48.8   0.0     4   121     3   120     1   123 0.96 -
d2np5a2a.121.1.1     -            118 d2hyja2a.121.1.1.aln -            125   7.1e-14   47.6   3.4   1   1   2.9e-15   7.8e-14   47.5   3.4     2   124     3   117     2   118 0.97 -
d2i10a2a.121.1.1     -            116 d2hyja2a.121.1.1.aln -            125   1.1e-13   47.0   3.3   1   1   4.4e-15   1.2e-13   46.9   3.3     5   119     2   116     1   116 0.98 -
d2d6ya2a.121.1.1     -            118 d2hyja2a.121.1.1.aln -            125   1.3e-12   43.5   0.9   1   1   5.3e-14   1.4e-12   43.4   0.9     5   124     2   117     1   118 0.97 -
d2g7sa2a.121.1.1     -            116 d2hyja2a.121.1.1.aln -            125   1.3e-12   43.5   1.5   1   1   5.2e-14   1.4e-12   43.4   1.5     2   117     2   113     1   116 0.96 -
d2gena2a.121.1.1     -            118 d2hyja2a.121.1.1.aln -            125   4.4e-12   41.8   6.1   1   1   1.9e-13   5.1e-12   41.6   6.1     3   121     3   118     1   118 0.90 -
d1t56a2a.121.1.1     -            120 d2hyja2a.121.1.1.aln -            125   6.2e-12   41.4   2.0   1   1   2.6e-13   7.2e-12   41.1   2.0     5   117     4   115     1   119 0.95 -
d2hkua2a.121.1.1     -            121 d2hyja2a.121.1.1.aln -            125   6.3e-12   41.3   0.1   1   1   2.5e-13   6.7e-12   41.2   0.1     3   120     3   120     1   121 0.97 -
d2gfna2a.121.1.1     -            119 d2hyja2a.121.1.1.aln -            125   6.5e-12   41.3   6.6   1   1   2.6e-13     7e-12   41.2   6.6     3   119     3   118     1   119 0.97 -
d2g3ba2a.121.1.1     -            116 d2hyja2a.121.1.1.aln -            125     1e-11   40.6   1.7   1   1   4.1e-13   1.1e-11   40.5   1.7     6   116     3   115     1   116 0.92 -
d2id3a2a.121.1.1     -            123 d2hyja2a.121.1.1.aln -            125   8.4e-11   37.7   5.4   1   1   3.8e-12     1e-10   37.4   5.4    16   125    17   122     5   122 0.93 -
d1zk8a2a.121.1.1     -            105 d2hyja2a.121.1.1.aln -            125   6.7e-10   34.8   0.0   1   1   2.7e-11   7.5e-10   34.6   0.0     3   119     3   105     1   105 0.98 -
d1sgma2a.121.1.1     -            111 d2hyja2a.121.1.1.aln -            125   7.9e-10   34.5   0.0   1   1   3.1e-11   8.5e-10   34.4   0.0     6   119     3   111     1   111 0.97 -
d2id6a2a.121.1.1     -            125 d2hyja2a.121.1.1.aln -            125   1.3e-09   33.9   0.0   1   1   4.8e-11   1.3e-09   33.8   0.0     2   119     2   119     1   125 0.93 -
d2iu5a2a.121.1.1     -            109 d2hyja2a.121.1.1.aln -            125   8.7e-09   31.2   0.0   1   1   3.4e-10   9.3e-09   31.1   0.0     3   119     3   107     1   109 0.97 -
d2np3a2a.121.1.1     -            112 d2hyja2a.121.1.1.aln -            125   4.2e-08   29.0   7.1   1   1   1.7e-09   4.5e-08   28.9   7.1     4   123     5   110     2   112 0.95 -
d2fq4a2a.121.1.1     -            115 d2hyja2a.121.1.1.aln -            125   7.8e-08   28.1   0.0   1   1   3.1e-09   8.4e-08   28.0   0.0     5   123     2   113     1   115 0.97 -
d2fd5a2a.121.1.1     -            104 d2hyja2a.121.1.1.aln -            125   8.3e-08   28.0   2.9   1   1   3.5e-09   9.5e-08   27.8   2.9     7   118     5   103     2   104 0.96 -
d2o7ta2a.121.1.1     -            110 d2hyja2a.121.1.1.aln -            125   1.9e-05   20.4   0.0   1   1   6.8e-07   1.9e-05   20.4   0.0    24   123    23   110     1   110 0.89 -
#
# Program:         hmmsearch
# Version:         3.1b2 (February 2015)
# Pipeline mode:   SEARCH
# Query file:      hmmModels30/d2hyja2a.121.1.1.hmm
# Target file:     scop/scopTestSeq.fasta
# Option settings: hmmsearch --domtblout hmmModels30/d2hyja2a.121.1.1.out -E 1 hmmModels30/d2hyja2a.121.1.1.hmm scop/scopTestSeq.fasta 
# Current dir:     /home/anastasia/SBAS/TME8
# Date:            Sat Apr  8 15:33:55 2023
# [ok]
