#                                                                            --- full sequence --- -------------- this domain -------------   hmm coord   ali coord   env coord
# target name        accession   tlen query name           accession   qlen   E-value  score  bias   #  of  c-Evalue  i-Evalue  score  bias  from    to  from    to  from    to  acc description of target
#------------------- ---------- ----- -------------------- ---------- ----- --------- ------ ----- --- --- --------- --------- ------ ----- ----- ----- ----- ----- ----- ----- ---- ---------------------
d2arza1b.45.1.1      -            238 d2i02a1b.45.1.1.aln  -            160   7.5e-74  242.4   0.1   1   2   2.1e-75   1.2e-73  241.7   0.0     1   160     1   164     1   164 0.99 -
d2arza1b.45.1.1      -            238 d2i02a1b.45.1.1.aln  -            160   7.5e-74  242.4   0.1   2   2       6.5   3.7e+02   -3.6   0.0    10    31   179   200   177   201 0.79 -
d2vpaa_b.45.1.1      -            215 d2i02a1b.45.1.1.aln  -            160   4.3e-67  220.4   0.0   1   1     1e-68   5.8e-67  220.0   0.0     1   160    42   201    42   201 0.99 -
d2fura1b.45.1.1      -            193 d2i02a1b.45.1.1.aln  -            160     2e-43  143.5   0.0   1   1     4e-45   2.3e-43  143.3   0.0     3   160     1   161     1   161 0.99 -
d2fg9a1b.45.1.1      -            157 d2i02a1b.45.1.1.aln  -            160     1e-36  121.7   0.0   1   1     2e-38   1.1e-36  121.5   0.0     5   160     7   157     3   157 0.97 -
d1rfea_b.45.1.1      -            160 d2i02a1b.45.1.1.aln  -            160     2e-36  120.7   0.0   1   1   3.9e-38   2.2e-36  120.6   0.0     4   158     8   158     5   160 0.97 -
d2htia1b.45.1.1      -            156 d2i02a1b.45.1.1.aln  -            160   6.6e-36  119.1   0.0   1   1   1.3e-37   7.2e-36  118.9   0.0     3   155     1   155     1   156 0.99 -
d1xhna1b.45.1.1      -            170 d2i02a1b.45.1.1.aln  -            160   7.3e-34  112.4   0.0   1   1   1.4e-35   8.1e-34  112.3   0.0     3   158     8   169     6   170 0.97 -
d2hq9a1b.45.1.1      -            148 d2i02a1b.45.1.1.aln  -            160   6.7e-30   99.5   0.0   1   1   1.3e-31   7.3e-30   99.4   0.0     3   155     4   147     2   148 0.96 -
d1w9aa_b.45.1.1      -            142 d2i02a1b.45.1.1.aln  -            160   1.1e-29   98.9   0.0   1   1     2e-31   1.2e-29   98.8   0.0     7   153     2   138     1   142 0.97 -
d2hq7a1b.45.1.1      -            141 d2i02a1b.45.1.1.aln  -            160   2.2e-29   97.8   0.0   1   1   4.3e-31   2.4e-29   97.7   0.0     3   155     2   140     1   141 0.98 -
d2fhqa1b.45.1.1      -            135 d2i02a1b.45.1.1.aln  -            160   1.4e-23   79.0   0.0   1   1   2.7e-25   1.5e-23   78.8   0.0     5   152     3   134     1   135 0.97 -
d1vl7a_b.45.1.1      -            135 d2i02a1b.45.1.1.aln  -            160   2.6e-23   78.1   0.0   1   1   5.1e-25   2.8e-23   78.0   0.0    12   153     3   132     1   135 0.95 -
d2asfa1b.45.1.1      -            125 d2i02a1b.45.1.1.aln  -            160   2.1e-17   58.9   0.0   1   1   7.5e-19   4.2e-17   57.9   0.0     8   127     2   114     1   125 0.90 -
d3a6ra_b.45.1.1      -            122 d2i02a1b.45.1.1.aln  -            160   1.2e-15   53.2   0.0   1   1   3.7e-17   2.1e-15   52.4   0.0     8   112     4   103     1   122 0.92 -
#
# Program:         hmmsearch
# Version:         3.1b2 (February 2015)
# Pipeline mode:   SEARCH
# Query file:      hmmModels30/d2i02a1b.45.1.1.hmm
# Target file:     scop/scopTestSeq.fasta
# Option settings: hmmsearch --domtblout hmmModels30/d2i02a1b.45.1.1.out -E 1 hmmModels30/d2i02a1b.45.1.1.hmm scop/scopTestSeq.fasta 
# Current dir:     /home/anastasia/SBAS/TME8
# Date:            Sat Apr  8 15:33:55 2023
# [ok]
