#                                                                            --- full sequence --- -------------- this domain -------------   hmm coord   ali coord   env coord
# target name        accession   tlen query name           accession   qlen   E-value  score  bias   #  of  c-Evalue  i-Evalue  score  bias  from    to  from    to  from    to  acc description of target
#------------------- ---------- ----- -------------------- ---------- ----- --------- ------ ----- --- --- --------- --------- ------ ----- ----- ----- ----- ----- ----- ----- ---- ---------------------
d1z0xa2a.121.1.1     -            149 d2i10a2a.121.1.1.aln -            122   4.8e-37  122.2   0.0   1   1   2.4e-38   6.6e-37  121.8   0.0     1   122     1   125     1   125 0.99 -
d3c07a2a.121.1.1     -            146 d2i10a2a.121.1.1.aln -            122   9.4e-31  102.0   1.6   1   1   4.4e-32   1.2e-30  101.6   1.6     3   122     2   123     1   123 0.99 -
d2fbqa2a.121.1.1     -            134 d2i10a2a.121.1.1.aln -            122   2.5e-26   87.7   0.2   1   1     1e-27   2.8e-26   87.6   0.2     2   121     8   130     7   131 0.98 -
d2g7la2a.121.1.1     -            144 d2i10a2a.121.1.1.aln -            122   3.6e-24   80.8   9.1   1   1   1.5e-25   4.1e-24   80.6   9.1     1   122     1   125     1   125 0.99 -
d1ui5a2a.121.1.1     -            133 d2i10a2a.121.1.1.aln -            122   4.1e-23   77.4   0.7   1   1   1.8e-24   4.8e-23   77.2   0.7     4   122     1   121     1   121 0.98 -
d1t33a2a.121.1.1     -            132 d2i10a2a.121.1.1.aln -            122   1.4e-22   75.7   0.2   1   1   5.6e-24   1.5e-22   75.5   0.2     2   121     6   130     5   131 0.98 -
d2hyja2a.121.1.1     -            118 d2i10a2a.121.1.1.aln -            122   2.6e-20   68.4   5.7   1   1     1e-21   2.8e-20   68.2   5.7     3   116     6   117     4   118 0.97 -
d2id3a2a.121.1.1     -            123 d2i10a2a.121.1.1.aln -            122   1.3e-19   66.1   6.2   1   1   5.9e-21   1.6e-19   65.8   6.2     2   120     5   121     4   122 0.98 -
d1rkta2a.121.1.1     -            123 d2i10a2a.121.1.1.aln -            122   1.2e-18   63.0   0.0   1   1   4.6e-20   1.2e-18   63.0   0.0     5   117     6   120     2   123 0.95 -
d2gfna2a.121.1.1     -            119 d2i10a2a.121.1.1.aln -            122   7.1e-18   60.5   5.6   1   1   2.8e-19   7.7e-18   60.4   5.6     2   115     3   118     2   119 0.98 -
d1t56a2a.121.1.1     -            120 d2i10a2a.121.1.1.aln -            122   3.2e-17   58.4   2.0   1   1   1.4e-18   3.8e-17   58.2   2.0     2   116     2   114     1   118 0.97 -
d1vi0a2a.121.1.1     -            117 d2i10a2a.121.1.1.aln -            122   4.3e-17   58.0   0.0   1   1   1.7e-18   4.5e-17   57.9   0.0     6   119     4   115     1   117 0.96 -
d2gena2a.121.1.1     -            118 d2i10a2a.121.1.1.aln -            122   7.2e-17   57.3   5.9   1   1   2.9e-18   7.8e-17   57.2   5.9     2   119     2   116     1   118 0.97 -
d2g7ga2a.121.1.1     -            132 d2i10a2a.121.1.1.aln -            122   7.7e-17   57.2   8.4   1   1   3.1e-18   8.5e-17   57.0   8.4     2   121     2   124     1   125 0.99 -
d2oi8a2a.121.1.1     -            130 d2i10a2a.121.1.1.aln -            122     1e-16   56.8   2.2   1   1   4.2e-18   1.2e-16   56.6   2.2     3   119     1   119     1   122 0.98 -
d2id6a2a.121.1.1     -            125 d2i10a2a.121.1.1.aln -            122   1.1e-16   56.7   0.0   1   1   4.3e-18   1.2e-16   56.6   0.0     3   121     5   123     3   124 0.96 -
d2d6ya2a.121.1.1     -            118 d2i10a2a.121.1.1.aln -            122   2.1e-15   52.6   1.1   1   1   8.4e-17   2.3e-15   52.5   1.1     2   120     1   118     1   118 0.98 -
d2fq4a2a.121.1.1     -            115 d2i10a2a.121.1.1.aln -            122   3.1e-15   52.0   0.0   1   1   1.3e-16   3.4e-15   51.9   0.0     2   116     2   114     1   115 0.98 -
d2g3ba2a.121.1.1     -            116 d2i10a2a.121.1.1.aln -            122   4.2e-15   51.6   1.9   1   1   1.7e-16   4.5e-15   51.5   1.9     3   119     4   116     2   116 0.97 -
d2g7sa2a.121.1.1     -            116 d2i10a2a.121.1.1.aln -            122     5e-15   51.4   2.5   1   1   2.1e-16   5.8e-15   51.2   2.5     6   115     8   115     4   116 0.96 -
d2fx0a2a.121.1.1     -            122 d2i10a2a.121.1.1.aln -            122   2.2e-14   49.3   0.0   1   1   8.5e-16   2.3e-14   49.2   0.0     5   120     7   121     3   122 0.96 -
d2hkua2a.121.1.1     -            121 d2i10a2a.121.1.1.aln -            122   5.4e-13   44.8   0.1   1   1   2.3e-14   6.2e-13   44.6   0.1    11   120    10   118     2   120 0.95 -
d2np5a2a.121.1.1     -            118 d2i10a2a.121.1.1.aln -            122     4e-12   42.0   3.8   1   1   1.6e-13   4.3e-12   41.9   3.8     2   117     4   114     3   118 0.96 -
d1sgma2a.121.1.1     -            111 d2i10a2a.121.1.1.aln -            122   4.4e-12   41.9   0.0   1   1   1.7e-13   4.7e-12   41.8   0.0     5   114     8   110     4   111 0.93 -
d2iu5a2a.121.1.1     -            109 d2i10a2a.121.1.1.aln -            122   4.3e-10   35.5   0.0   1   1   1.7e-11   4.7e-10   35.4   0.0     6   118     2   108     1   109 0.96 -
d2fd5a2a.121.1.1     -            104 d2i10a2a.121.1.1.aln -            122   4.5e-10   35.4   2.7   1   1   1.8e-11     5e-10   35.3   2.7     4   105     4    99     1   103 0.96 -
d2np3a2a.121.1.1     -            112 d2i10a2a.121.1.1.aln -            122   9.8e-10   34.3   6.5   1   1   5.1e-11   1.4e-09   33.9   6.5     4   120     6   111     3   112 0.97 -
d1zk8a2a.121.1.1     -            105 d2i10a2a.121.1.1.aln -            122   1.6e-07   27.2   0.0   1   1   6.6e-09   1.8e-07   27.0   0.0     3   115     3   105     1   105 0.98 -
d2o7ta2a.121.1.1     -            110 d2i10a2a.121.1.1.aln -            122   1.3e-06   24.3   0.0   1   1   5.1e-08   1.4e-06   24.2   0.0     6   112     7   109     2   110 0.93 -
#
# Program:         hmmsearch
# Version:         3.1b2 (February 2015)
# Pipeline mode:   SEARCH
# Query file:      hmmModels30/d2i10a2a.121.1.1.hmm
# Target file:     scop/scopTestSeq.fasta
# Option settings: hmmsearch --domtblout hmmModels30/d2i10a2a.121.1.1.out -E 1 hmmModels30/d2i10a2a.121.1.1.hmm scop/scopTestSeq.fasta 
# Current dir:     /home/anastasia/SBAS/TME8
# Date:            Sat Apr  8 15:33:55 2023
# [ok]
