#                                                                            --- full sequence --- -------------- this domain -------------   hmm coord   ali coord   env coord
# target name        accession   tlen query name           accession   qlen   E-value  score  bias   #  of  c-Evalue  i-Evalue  score  bias  from    to  from    to  from    to  acc description of target
#------------------- ---------- ----- -------------------- ---------- ----- --------- ------ ----- --- --- --------- --------- ------ ----- ----- ----- ----- ----- ----- ----- ---- ---------------------
d1t33a1a.4.1.9       -             88 d2i10a1a.4.1.9.aln   -             75     1e-30  100.9   1.6   1   1   3.1e-32   1.2e-30  100.7   1.6     1    75     8    81     8    81 0.98 -
d2id6a1a.4.1.9       -             75 d2i10a1a.4.1.9.aln   -             75   6.8e-28   91.8   0.3   1   1   1.9e-29   7.3e-28   91.8   0.3     4    74     2    72     1    73 0.96 -
d1rkta1a.4.1.9       -             81 d2i10a1a.4.1.9.aln   -             75   3.3e-26   86.5   0.1   1   1   9.6e-28   3.6e-26   86.3   0.1     1    74     7    80     7    81 0.98 -
d1vi0a1a.4.1.9       -             72 d2i10a1a.4.1.9.aln   -             75   3.7e-26   86.3   0.1   1   1   1.1e-27     4e-26   86.2   0.1     6    74     2    70     1    71 0.96 -
d1ui5a1a.4.1.9       -             71 d2i10a1a.4.1.9.aln   -             75     2e-24   80.8   1.9   1   1   5.4e-26     2e-24   80.7   1.9     2    69     2    69     1    71 0.94 -
d2gfna1a.4.1.9       -             77 d2i10a1a.4.1.9.aln   -             75     3e-24   80.2   0.3   1   1   8.4e-26   3.2e-24   80.1   0.3     2    74     3    75     2    76 0.97 -
d2oi8a1a.4.1.9       -             79 d2i10a1a.4.1.9.aln   -             75   8.9e-24   78.6   0.7   1   1   2.6e-25   9.6e-24   78.5   0.7     2    73     6    77     5    79 0.97 -
d2gena1a.4.1.9       -             70 d2i10a1a.4.1.9.aln   -             75   1.7e-23   77.7   0.8   1   1   4.9e-25   1.8e-23   77.7   0.8     6    72     1    67     1    70 0.96 -
d1sgma1a.4.1.9       -             73 d2i10a1a.4.1.9.aln   -             75   1.6e-22   74.7   0.0   1   1   4.4e-24   1.6e-22   74.6   0.0     5    74     2    72     1    73 0.97 -
d2np5a1a.4.1.9       -             69 d2i10a1a.4.1.9.aln   -             75     2e-22   74.3   0.2   1   1   5.7e-24   2.1e-22   74.2   0.2     7    71     3    67     1    69 0.96 -
d2fd5a1a.4.1.9       -             76 d2i10a1a.4.1.9.aln   -             75   7.9e-22   72.4   0.0   1   1   2.2e-23   8.3e-22   72.3   0.0     2    71     4    73     3    76 0.96 -
d2g7sa1a.4.1.9       -             74 d2i10a1a.4.1.9.aln   -             75     1e-21   72.0   0.0   1   1   2.9e-23   1.1e-21   72.0   0.0     3    74     2    73     1    74 0.96 -
d1t56a1a.4.1.9       -             73 d2i10a1a.4.1.9.aln   -             75   1.1e-21   72.0   0.0   1   1     3e-23   1.1e-21   71.9   0.0     4    74     2    72     1    73 0.97 -
d2iu5a1a.4.1.9       -             71 d2i10a1a.4.1.9.aln   -             75   1.5e-21   71.5   0.1   1   1   4.1e-23   1.6e-21   71.5   0.1     2    68     3    69     2    71 0.95 -
d2np3a1a.4.1.9       -             65 d2i10a1a.4.1.9.aln   -             75     4e-21   70.1   0.3   1   1   1.2e-22   4.4e-21   70.0   0.3    10    70     1    61     1    65 0.93 -
d2hyja1a.4.1.9       -             75 d2i10a1a.4.1.9.aln   -             75   4.5e-21   70.0   0.2   1   1   1.2e-22   4.7e-21   69.9   0.2     2    72     2    72     1    75 0.96 -
d2o7ta1a.4.1.9       -             78 d2i10a1a.4.1.9.aln   -             75   4.6e-20   66.8   0.0   1   1   1.3e-21   4.8e-20   66.7   0.0     2    73     4    76     3    78 0.92 -
d1zk8a1a.4.1.9       -             72 d2i10a1a.4.1.9.aln   -             75   2.4e-18   61.3   0.1   1   1   6.7e-20   2.5e-18   61.2   0.1     6    73     4    71     1    72 0.97 -
d2id3a1a.4.1.9       -             68 d2i10a1a.4.1.9.aln   -             75   3.7e-17   57.4   0.0   1   1     1e-18   3.9e-17   57.4   0.0     4    66     5    67     2    68 0.95 -
d2g7ga1a.4.1.9       -             65 d2i10a1a.4.1.9.aln   -             75   8.5e-16   53.1   0.1   1   1   2.4e-17   8.9e-16   53.0   0.1     6    70     2    64     1    65 0.96 -
d2i10a1a.4.1.9       -             69 d2i10a1a.4.1.9.aln   -             75     7e-14   46.9   0.0   1   1     2e-15   7.7e-14   46.8   0.0    11    71     6    66     3    69 0.96 -
#
# Program:         hmmsearch
# Version:         3.1b2 (February 2015)
# Pipeline mode:   SEARCH
# Query file:      hmmModels30/d2i10a1a.4.1.9.hmm
# Target file:     scop/scopTestSeq.fasta
# Option settings: hmmsearch --domtblout hmmModels30/d2i10a1a.4.1.9.out -E 1 hmmModels30/d2i10a1a.4.1.9.hmm scop/scopTestSeq.fasta 
# Current dir:     /home/anastasia/SBAS/TME8
# Date:            Sat Apr  8 15:33:55 2023
# [ok]
