#                                                                            --- full sequence --- -------------- this domain -------------   hmm coord   ali coord   env coord
# target name        accession   tlen query name           accession   qlen   E-value  score  bias   #  of  c-Evalue  i-Evalue  score  bias  from    to  from    to  from    to  acc description of target
#------------------- ---------- ----- -------------------- ---------- ----- --------- ------ ----- --- --- --------- --------- ------ ----- ----- ----- ----- ----- ----- ----- ---- ---------------------
d1z6na1c.47.1.1      -            166 d2i4aa_c.47.1.1.aln  -            114   4.6e-54  176.5   0.0   1   1   8.6e-56   5.6e-54  176.2   0.0     1   114    30   142    30   142 0.99 -
d1sena_c.47.1.1      -            135 d2i4aa_c.47.1.1.aln  -            114   1.7e-40  132.8   0.0   1   1     3e-42     2e-40  132.6   0.0     2   114     2   114     1   114 0.98 -
d1zmaa1c.47.1.1      -            115 d2i4aa_c.47.1.1.aln  -            114   2.2e-32  106.6   0.0   1   1   3.8e-34   2.5e-32  106.5   0.0     1   114     2   115     2   115 0.99 -
d2fwha_c.47.1.1      -            117 d2i4aa_c.47.1.1.aln  -            114   6.3e-32  105.2   0.0   1   1   1.1e-33   6.9e-32  105.0   0.0     4   114     1   114     1   114 0.98 -
d1r26a_c.47.1.1      -            113 d2i4aa_c.47.1.1.aln  -            114   3.3e-31  102.8   0.0   1   1   5.5e-33   3.6e-31  102.7   0.0     1   112     2   112     2   113 0.97 -
d1wjka_c.47.1.1      -            100 d2i4aa_c.47.1.1.aln  -            114   2.2e-23   77.6   0.0   1   1   3.6e-25   2.4e-23   77.5   0.0    12   109     2    98     1   100 0.95 -
d1abaa_c.47.1.1      -             87 d2i4aa_c.47.1.1.aln  -            114   2.3e-20   67.9   0.0   1   1   3.7e-22   2.5e-20   67.8   0.0    24   106     1    86     1    87 0.97 -
d1ttza_c.47.1.1      -             75 d2i4aa_c.47.1.1.aln  -            114   1.4e-14   49.3   0.0   1   1   2.2e-16   1.5e-14   49.2   0.0    29   105     2    73     1    75 0.94 -
d1iloa_c.47.1.1      -             77 d2i4aa_c.47.1.1.aln  -            114   2.2e-14   48.6   0.1   1   1   3.7e-16   2.5e-14   48.5   0.1    24   108     1    75     1    77 0.95 -
d2i4aa_c.47.1.1      -            107 d2i4aa_c.47.1.1.aln  -            114   5.3e-07   24.8   0.0   1   1   8.7e-09   5.7e-07   24.7   0.0    18    72    13    67     2    97 0.76 -
d3gnja_c.47.1.0      -            111 d2i4aa_c.47.1.1.aln  -            114   7.4e-06   21.1   0.0   1   1   1.3e-07   8.8e-06   20.9   0.0    18    82    15    78     4   100 0.82 -
d2hzfa_c.47.1.0      -            110 d2i4aa_c.47.1.1.aln  -            114   9.7e-05   17.6   0.0   1   1   1.8e-06   0.00012   17.3   0.0    29    97    18    87     5   101 0.81 -
#
# Program:         hmmsearch
# Version:         3.1b2 (February 2015)
# Pipeline mode:   SEARCH
# Query file:      hmmModels30/d2i4aa_c.47.1.1.hmm
# Target file:     scop/scopTestSeq.fasta
# Option settings: hmmsearch --domtblout hmmModels30/d2i4aa_c.47.1.1.out -E 1 hmmModels30/d2i4aa_c.47.1.1.hmm scop/scopTestSeq.fasta 
# Current dir:     /home/anastasia/SBAS/TME8
# Date:            Sat Apr  8 15:33:55 2023
# [ok]
