#                                                                            --- full sequence --- -------------- this domain -------------   hmm coord   ali coord   env coord
# target name        accession   tlen query name           accession   qlen   E-value  score  bias   #  of  c-Evalue  i-Evalue  score  bias  from    to  from    to  from    to  acc description of target
#------------------- ---------- ----- -------------------- ---------- ----- --------- ------ ----- --- --- --------- --------- ------ ----- ----- ----- ----- ----- ----- ----- ---- ---------------------
d1jeta_c.94.1.1      -            517 d2i6ea1c.94.1.1.aln  -            349  1.9e-125  414.0  16.6   1   1  7.6e-127  2.2e-125  413.8  16.6     1   349    11   514    11   514 1.00 -
d1vr5a1c.94.1.1      -            535 d2i6ea1c.94.1.1.aln  -            349  1.8e-121  400.9  20.7   1   1  7.6e-123  2.1e-121  400.7  20.7     1   349     3   522     3   522 1.00 -
d3vlva_c.94.1.1      -            490 d2i6ea1c.94.1.1.aln  -            349  2.5e-112  370.9  14.3   1   1  9.9e-114  2.8e-112  370.7  14.3     2   349    13   471    12   471 1.00 -
d2nooa_c.94.1.1      -            496 d2i6ea1c.94.1.1.aln  -            349  1.6e-106  351.7   1.9   1   1  6.4e-108  1.8e-106  351.6   1.9     4   348     2   495     1   496 0.99 -
d1xoca1c.94.1.1      -            504 d2i6ea1c.94.1.1.aln  -            349  3.5e-105  347.4  19.9   1   1  1.4e-106  3.9e-105  347.2  19.9     3   348     6   501     4   502 0.99 -
d1uqwa_c.94.1.1      -            487 d2i6ea1c.94.1.1.aln  -            349    3e-101  334.4  14.4   1   1  1.2e-102  3.3e-101  334.3  14.4     2   349     2   487     1   487 1.00 -
d1eu8a_c.94.1.1      -            407 d2i6ea1c.94.1.1.aln  -            349   1.1e-69  230.6  11.4   1   1   4.4e-71   1.2e-69  230.4  11.4     2   348     5   404     4   405 0.99 -
d1ursa_c.94.1.1      -            367 d2i6ea1c.94.1.1.aln  -            349   4.2e-58  192.5  12.0   1   1   1.7e-59   4.7e-58  192.4  12.0     2   346     1   366     1   367 0.99 -
d3thia_c.94.1.1      -            362 d2i6ea1c.94.1.1.aln  -            349   1.5e-50  167.7   0.2   1   1     6e-52   1.7e-50  167.5   0.2     3   349     5   358     3   358 0.98 -
d1r9la_c.94.1.1      -            309 d2i6ea1c.94.1.1.aln  -            349   8.2e-44  145.5  11.6   1   1   3.2e-45   9.1e-44  145.4  11.6    15   323     2   307     1   309 0.99 -
d1ixha_c.94.1.1      -            321 d2i6ea1c.94.1.1.aln  -            349   2.1e-36  121.2  11.8   1   1   8.6e-38   2.4e-36  120.9  11.8     5   320     4   314     1   320 0.98 -
d1q35a_c.94.1.1      -            318 d2i6ea1c.94.1.1.aln  -            349   7.2e-35  116.1   2.5   1   1   2.8e-36     8e-35  116.0   2.5     2   347     2   315     1   317 0.98 -
d1pb7a_c.94.1.1      -            289 d2i6ea1c.94.1.1.aln  -            349   5.6e-32  106.6   0.0   1   1   2.2e-33   6.2e-32  106.5   0.0     2   332     3   285     2   289 0.98 -
d1nnfa_c.94.1.1      -            308 d2i6ea1c.94.1.1.aln  -            349   2.9e-30  101.0  11.5   1   1   1.2e-31   3.4e-30  100.7  11.5     3   332     1   295     1   306 0.98 -
d1sbpa_c.94.1.1      -            309 d2i6ea1c.94.1.1.aln  -            349   1.1e-27   92.5   9.3   1   1   4.2e-29   1.2e-27   92.4   9.3     4   348     6   307     3   308 0.97 -
d1us5a_c.94.1.1      -            298 d2i6ea1c.94.1.1.aln  -            349     7e-23   76.7   0.0   1   1   2.8e-24   7.9e-23   76.5   0.0     2   347     3   294     2   296 0.97 -
d1twya_c.94.1.1      -            249 d2i6ea1c.94.1.1.aln  -            349   1.3e-20   69.2   0.1   1   1   5.3e-22   1.5e-20   69.0   0.1     4   317     2   247     1   249 0.98 -
d1sw5a_c.94.1.1      -            270 d2i6ea1c.94.1.1.aln  -            349     5e-20   67.3   4.4   1   1   2.1e-21   5.9e-20   67.1   4.4     7   337     7   268     2   270 0.97 -
d1xt8a1c.94.1.1      -            248 d2i6ea1c.94.1.1.aln  -            349   1.7e-15   52.4   3.2   1   1   7.8e-17   2.2e-15   52.0   3.2    22   331    18   242    12   248 0.96 -
d2nxoa1c.94.1.1      -            277 d2i6ea1c.94.1.1.aln  -            349   1.8e-15   52.3   0.0   1   1   6.9e-17   1.9e-15   52.2   0.0     5   335     6   269     2   277 0.95 -
d1al3a_c.94.1.1      -            237 d2i6ea1c.94.1.1.aln  -            349   2.8e-13   45.1   0.0   1   1   1.6e-14   4.6e-13   44.4   0.0     6   329     1   234     1   237 0.96 -
d1atga_c.94.1.1      -            231 d2i6ea1c.94.1.1.aln  -            349   2.1e-12   42.3   0.7   1   1   8.6e-14   2.4e-12   42.0   0.7     7   316     4   227     1   230 0.93 -
d1ii5a_c.94.1.1      -            226 d2i6ea1c.94.1.1.aln  -            349   1.4e-11   39.5   0.2   1   1   6.1e-13   1.7e-11   39.2   0.2    26   330    14   226     5   226 0.97 -
d2esna2c.94.1.1      -            212 d2i6ea1c.94.1.1.aln  -            349     2e-10   35.7   0.0   1   1   9.7e-12   2.7e-10   35.3   0.0    22   288     5   179     1   211 0.90 -
d2ozza1c.94.1.1      -            228 d2i6ea1c.94.1.1.aln  -            349     3e-10   35.1   0.0   1   1   1.2e-11   3.5e-10   34.9   0.0     2   319     3   224     2   228 0.96 -
d2czla1c.94.1.1      -            270 d2i6ea1c.94.1.1.aln  -            349   9.3e-10   33.5   0.0   1   1   3.6e-11     1e-09   33.4   0.0     4   339     4   267     1   270 0.97 -
d1i6aa_c.94.1.1      -            212 d2i6ea1c.94.1.1.aln  -            349   1.4e-06   23.0   0.0   1   1   6.3e-08   1.8e-06   22.7   0.0     6   230     2   179     1   190 0.95 -
d2qmwa1c.94.1.1      -            184 d2i6ea1c.94.1.1.aln  -            349   3.2e-06   21.9   0.2   1   1   2.2e-07   6.2e-06   20.9   0.2    24   233     4   153     1   184 0.89 -
#
# Program:         hmmsearch
# Version:         3.1b2 (February 2015)
# Pipeline mode:   SEARCH
# Query file:      hmmModels30/d2i6ea1c.94.1.1.hmm
# Target file:     scop/scopTestSeq.fasta
# Option settings: hmmsearch --domtblout hmmModels30/d2i6ea1c.94.1.1.out -E 1 hmmModels30/d2i6ea1c.94.1.1.hmm scop/scopTestSeq.fasta 
# Current dir:     /home/anastasia/SBAS/TME8
# Date:            Sat Apr  8 15:33:55 2023
# [ok]
