#                                                                            --- full sequence --- -------------- this domain -------------   hmm coord   ali coord   env coord
# target name        accession   tlen query name           accession   qlen   E-value  score  bias   #  of  c-Evalue  i-Evalue  score  bias  from    to  from    to  from    to  acc description of target
#------------------- ---------- ----- -------------------- ---------- ----- --------- ------ ----- --- --- --------- --------- ------ ----- ----- ----- ----- ----- ----- ----- ---- ---------------------
d1t33a1a.4.1.9       -             88 d2id6a1a.4.1.9.aln   -             75   8.3e-32  104.3   1.8   1   1   2.5e-33   9.5e-32  104.2   1.8     1    75     8    81     8    81 0.98 -
d1rkta1a.4.1.9       -             81 d2id6a1a.4.1.9.aln   -             75   1.1e-26   88.0   0.1   1   1   3.2e-28   1.2e-26   87.8   0.1     1    74     7    80     7    81 0.98 -
d1vi0a1a.4.1.9       -             72 d2id6a1a.4.1.9.aln   -             75   3.1e-26   86.5   0.1   1   1   8.7e-28   3.3e-26   86.4   0.1     6    74     2    70     1    71 0.96 -
d1ui5a1a.4.1.9       -             71 d2id6a1a.4.1.9.aln   -             75   1.2e-24   81.4   2.0   1   1   3.4e-26   1.3e-24   81.3   2.0     2    69     2    69     1    71 0.94 -
d2oi8a1a.4.1.9       -             79 d2id6a1a.4.1.9.aln   -             75   2.8e-24   80.2   0.8   1   1   8.1e-26     3e-24   80.1   0.8     2    73     6    77     5    79 0.97 -
d2gfna1a.4.1.9       -             77 d2id6a1a.4.1.9.aln   -             75   5.2e-24   79.4   0.4   1   1   1.5e-25   5.6e-24   79.3   0.4     2    74     3    75     2    76 0.96 -
d2gena1a.4.1.9       -             70 d2id6a1a.4.1.9.aln   -             75   1.1e-23   78.3   0.8   1   1   3.1e-25   1.2e-23   78.2   0.8     6    73     1    68     1    70 0.96 -
d1sgma1a.4.1.9       -             73 d2id6a1a.4.1.9.aln   -             75     4e-23   76.5   0.0   1   1   1.1e-24   4.2e-23   76.4   0.0     5    74     2    72     1    73 0.97 -
d2i10a1a.4.1.9       -             69 d2id6a1a.4.1.9.aln   -             75   4.3e-23   76.4   0.0   1   1   1.2e-24   4.5e-23   76.4   0.0     9    72     4    67     1    69 0.95 -
d1t56a1a.4.1.9       -             73 d2id6a1a.4.1.9.aln   -             75   2.6e-22   73.9   0.0   1   1   7.3e-24   2.8e-22   73.8   0.0     4    74     2    72     1    73 0.97 -
d2g7sa1a.4.1.9       -             74 d2id6a1a.4.1.9.aln   -             75   3.9e-22   73.4   0.0   1   1   1.1e-23   4.1e-22   73.3   0.0     4    74     3    73     1    74 0.96 -
d2np5a1a.4.1.9       -             69 d2id6a1a.4.1.9.aln   -             75   4.3e-22   73.2   0.2   1   1   1.2e-23   4.5e-22   73.1   0.2     7    71     3    67     1    69 0.96 -
d2fd5a1a.4.1.9       -             76 d2id6a1a.4.1.9.aln   -             75   5.2e-22   73.0   0.1   1   1   1.5e-23   5.5e-22   72.9   0.1     2    71     4    73     3    76 0.97 -
d2iu5a1a.4.1.9       -             71 d2id6a1a.4.1.9.aln   -             75     7e-22   72.5   0.1   1   1     2e-23   7.4e-22   72.5   0.1     2    69     3    70     2    71 0.95 -
d2hyja1a.4.1.9       -             75 d2id6a1a.4.1.9.aln   -             75   1.5e-21   71.5   0.2   1   1   4.3e-23   1.6e-21   71.4   0.2     2    72     2    72     1    75 0.96 -
d2np3a1a.4.1.9       -             65 d2id6a1a.4.1.9.aln   -             75   6.6e-21   69.4   0.4   1   1   1.9e-22   7.2e-21   69.3   0.4    10    71     1    62     1    65 0.94 -
d2o7ta1a.4.1.9       -             78 d2id6a1a.4.1.9.aln   -             75     5e-20   66.6   0.0   1   1   1.4e-21   5.3e-20   66.5   0.0     2    73     4    76     3    78 0.93 -
d2id6a1a.4.1.9       -             75 d2id6a1a.4.1.9.aln   -             75   5.9e-19   63.2   0.2   1   1   1.9e-20   7.1e-19   62.9   0.2     6    68     4    66     2    70 0.92 -
d1zk8a1a.4.1.9       -             72 d2id6a1a.4.1.9.aln   -             75   1.1e-18   62.3   0.1   1   1   3.1e-20   1.2e-18   62.2   0.1     6    73     4    71     1    72 0.97 -
d2id3a1a.4.1.9       -             68 d2id6a1a.4.1.9.aln   -             75   6.1e-17   56.7   0.1   1   1   1.7e-18   6.3e-17   56.7   0.1     4    66     5    67     2    68 0.94 -
d2g7ga1a.4.1.9       -             65 d2id6a1a.4.1.9.aln   -             75   9.8e-16   52.9   0.1   1   1   2.7e-17     1e-15   52.8   0.1     6    70     2    64     1    65 0.96 -
#
# Program:         hmmsearch
# Version:         3.1b2 (February 2015)
# Pipeline mode:   SEARCH
# Query file:      hmmModels30/d2id6a1a.4.1.9.hmm
# Target file:     scop/scopTestSeq.fasta
# Option settings: hmmsearch --domtblout hmmModels30/d2id6a1a.4.1.9.out -E 1 hmmModels30/d2id6a1a.4.1.9.hmm scop/scopTestSeq.fasta 
# Current dir:     /home/anastasia/SBAS/TME8
# Date:            Sat Apr  8 15:33:55 2023
# [ok]
