#                                                                            --- full sequence --- -------------- this domain -------------   hmm coord   ali coord   env coord
# target name        accession   tlen query name           accession   qlen   E-value  score  bias   #  of  c-Evalue  i-Evalue  score  bias  from    to  from    to  from    to  acc description of target
#------------------- ---------- ----- -------------------- ---------- ----- --------- ------ ----- --- --- --------- --------- ------ ----- ----- ----- ----- ----- ----- ----- ---- ---------------------
d3c07a2a.121.1.1     -            146 d2id3a2a.121.1.1.aln -            124   3.8e-38  125.7   1.3   1   1   1.7e-39   4.5e-38  125.5   1.3     1   124    22   145    22   145 0.99 -
d1z0xa2a.121.1.1     -            149 d2id3a2a.121.1.1.aln -            124   6.8e-38  124.9   0.0   1   1   2.8e-39   7.7e-38  124.7   0.0     2   123    18   139    17   140 0.98 -
d2g7la2a.121.1.1     -            144 d2id3a2a.121.1.1.aln -            124     1e-25   85.8   5.8   1   1   4.6e-27   1.2e-25   85.5   5.8     2   123    18   139    17   140 0.98 -
d2fbqa2a.121.1.1     -            134 d2id3a2a.121.1.1.aln -            124     1e-19   66.5   0.2   1   1   4.2e-21   1.1e-19   66.3   0.2     3   122     9   130     7   132 0.97 -
d2hyja2a.121.1.1     -            118 d2id3a2a.121.1.1.aln -            124   7.5e-19   63.7   4.0   1   1   2.9e-20     8e-19   63.6   4.0     4   116     4   116     1   118 0.96 -
d1t33a2a.121.1.1     -            132 d2id3a2a.121.1.1.aln -            124   8.2e-18   60.3   0.2   1   1   3.3e-19     9e-18   60.2   0.2     4   123     8   127     5   128 0.97 -
d1vi0a2a.121.1.1     -            117 d2id3a2a.121.1.1.aln -            124   3.1e-17   58.5   0.0   1   1   1.2e-18   3.3e-17   58.4   0.0     9   121     4   116     1   117 0.97 -
d1rkta2a.121.1.1     -            123 d2id3a2a.121.1.1.aln -            124   3.3e-16   55.2   0.0   1   1   1.3e-17   3.5e-16   55.1   0.0     6   122     4   120     1   122 0.95 -
d2fx0a2a.121.1.1     -            122 d2id3a2a.121.1.1.aln -            124   3.9e-16   55.0   0.0   1   1   1.5e-17   4.2e-16   54.8   0.0     4   120     3   121     1   122 0.97 -
d2gfna2a.121.1.1     -            119 d2id3a2a.121.1.1.aln -            124   7.2e-16   54.1   6.2   1   1   2.9e-17   7.8e-16   54.0   6.2     3   121     2   119     1   119 0.98 -
d2i10a2a.121.1.1     -            116 d2id3a2a.121.1.1.aln -            124   8.1e-16   53.9   2.5   1   1   3.2e-17   8.6e-16   53.8   2.5     4   115     4   115     1   116 0.96 -
d2g7sa2a.121.1.1     -            116 d2id3a2a.121.1.1.aln -            124   1.1e-15   53.5   1.9   1   1   4.4e-17   1.2e-15   53.4   1.9     3   116     2   115     1   116 0.98 -
d2id6a2a.121.1.1     -            125 d2id3a2a.121.1.1.aln -            124   2.7e-15   52.2   0.0   1   1   1.1e-16     3e-15   52.1   0.0     3   124     2   125     1   125 0.98 -
d1t56a2a.121.1.1     -            120 d2id3a2a.121.1.1.aln -            124   2.9e-15   52.2   2.0   1   1   1.1e-16   3.1e-15   52.1   2.0     2   116     2   118     1   120 0.97 -
d1ui5a2a.121.1.1     -            133 d2id3a2a.121.1.1.aln -            124   3.5e-15   51.9   1.8   1   1   1.4e-16   3.9e-15   51.7   1.8     3   122     5   126     3   128 0.97 -
d2g7ga2a.121.1.1     -            132 d2id3a2a.121.1.1.aln -            124   9.2e-15   50.5   8.2   1   1   3.7e-16     1e-14   50.4   8.2     2   122     8   128     7   130 0.98 -
d2g3ba2a.121.1.1     -            116 d2id3a2a.121.1.1.aln -            124   1.4e-14   50.0   1.4   1   1   5.3e-16   1.5e-14   49.9   1.4    14   117    12   115     1   116 0.93 -
d2gena2a.121.1.1     -            118 d2id3a2a.121.1.1.aln -            124   9.8e-14   47.2   4.8   1   1   3.8e-15     1e-13   47.2   4.8    10   121     6   117     1   118 0.96 -
d2d6ya2a.121.1.1     -            118 d2id3a2a.121.1.1.aln -            124   2.4e-13   46.0   1.0   1   1   9.7e-15   2.6e-13   45.9   1.0     2   117     2   117     1   118 0.98 -
d2hkua2a.121.1.1     -            121 d2id3a2a.121.1.1.aln -            124   1.6e-12   43.3   0.1   1   1   6.4e-14   1.7e-12   43.2   0.1     3   121     6   118     4   121 0.95 -
d2fd5a2a.121.1.1     -            104 d2id3a2a.121.1.1.aln -            124   2.1e-12   43.0   2.2   1   1   8.2e-14   2.2e-12   42.9   2.2     5   108     6    99     2   104 0.92 -
d1zk8a2a.121.1.1     -            105 d2id3a2a.121.1.1.aln -            124   2.3e-12   42.8   0.0   1   1   9.1e-14   2.5e-12   42.7   0.0    11   119     3   104     1   105 0.95 -
d2np5a2a.121.1.1     -            118 d2id3a2a.121.1.1.aln -            124   4.1e-12   42.0   3.6   1   1   1.6e-13   4.4e-12   41.9   3.6     3   123     3   115     1   116 0.97 -
d2oi8a2a.121.1.1     -            130 d2id3a2a.121.1.1.aln -            124   6.5e-12   41.4   2.0   1   1   2.5e-13   6.8e-12   41.3   2.0     2   120     4   124     3   128 0.91 -
d1sgma2a.121.1.1     -            111 d2id3a2a.121.1.1.aln -            124   2.1e-11   39.7   0.0   1   1   8.3e-13   2.3e-11   39.6   0.0     3   115     3   110     1   111 0.94 -
d2np3a2a.121.1.1     -            112 d2id3a2a.121.1.1.aln -            124   2.7e-11   39.4   6.9   1   1   1.2e-12   3.1e-11   39.2   6.9     2   122     2   108     1   110 0.97 -
d2iu5a2a.121.1.1     -            109 d2id3a2a.121.1.1.aln -            124   6.3e-11   38.2   0.0   1   1   2.5e-12   6.8e-11   38.1   0.0    10   119     3   108     1   109 0.97 -
d2fq4a2a.121.1.1     -            115 d2id3a2a.121.1.1.aln -            124   8.9e-10   34.5   0.0   1   1   3.5e-11   9.5e-10   34.4   0.0     4   118     4   112     1   115 0.95 -
d2o7ta2a.121.1.1     -            110 d2id3a2a.121.1.1.aln -            124   1.6e-08   30.4   0.0   1   1   6.2e-10   1.7e-08   30.4   0.0     6   111     4   103     1   110 0.94 -
#
# Program:         hmmsearch
# Version:         3.1b2 (February 2015)
# Pipeline mode:   SEARCH
# Query file:      hmmModels30/d2id3a2a.121.1.1.hmm
# Target file:     scop/scopTestSeq.fasta
# Option settings: hmmsearch --domtblout hmmModels30/d2id3a2a.121.1.1.out -E 1 hmmModels30/d2id3a2a.121.1.1.hmm scop/scopTestSeq.fasta 
# Current dir:     /home/anastasia/SBAS/TME8
# Date:            Sat Apr  8 15:33:55 2023
# [ok]
