#                                                                            --- full sequence --- -------------- this domain -------------   hmm coord   ali coord   env coord
# target name        accession   tlen query name           accession   qlen   E-value  score  bias   #  of  c-Evalue  i-Evalue  score  bias  from    to  from    to  from    to  acc description of target
#------------------- ---------- ----- -------------------- ---------- ----- --------- ------ ----- --- --- --------- --------- ------ ----- ----- ----- ----- ----- ----- ----- ---- ---------------------
d1t33a1a.4.1.9       -             88 d2id3a1a.4.1.9.aln   -             75   3.4e-31  102.4   1.5   1   1     1e-32   3.8e-31  102.2   1.5     1    75     8    81     8    81 0.98 -
d2id6a1a.4.1.9       -             75 d2id3a1a.4.1.9.aln   -             75   4.1e-27   89.3   0.3   1   1   1.2e-28   4.3e-27   89.2   0.3     4    74     2    72     1    73 0.96 -
d1rkta1a.4.1.9       -             81 d2id3a1a.4.1.9.aln   -             75   1.5e-26   87.5   0.2   1   1   4.4e-28   1.7e-26   87.3   0.2     1    74     7    80     7    81 0.98 -
d1vi0a1a.4.1.9       -             72 d2id3a1a.4.1.9.aln   -             75   2.2e-26   86.9   0.1   1   1   6.3e-28   2.4e-26   86.8   0.1     6    74     2    70     1    71 0.96 -
d1ui5a1a.4.1.9       -             71 d2id3a1a.4.1.9.aln   -             75   1.4e-24   81.1   1.5   1   1   3.9e-26   1.5e-24   81.1   1.5     3    69     3    69     1    71 0.94 -
d2gfna1a.4.1.9       -             77 d2id3a1a.4.1.9.aln   -             75   4.6e-24   79.5   0.2   1   1   1.3e-25     5e-24   79.4   0.2     2    74     3    75     2    76 0.97 -
d2oi8a1a.4.1.9       -             79 d2id3a1a.4.1.9.aln   -             75     8e-24   78.8   0.5   1   1   2.3e-25   8.6e-24   78.6   0.5     2    73     6    77     5    79 0.97 -
d2gena1a.4.1.9       -             70 d2id3a1a.4.1.9.aln   -             75   8.3e-24   78.7   0.6   1   1   2.3e-25   8.7e-24   78.6   0.6     6    73     1    68     1    70 0.96 -
d1sgma1a.4.1.9       -             73 d2id3a1a.4.1.9.aln   -             75   3.3e-23   76.8   0.0   1   1   9.3e-25   3.5e-23   76.7   0.0     5    74     2    72     1    73 0.97 -
d2i10a1a.4.1.9       -             69 d2id3a1a.4.1.9.aln   -             75   3.7e-23   76.6   0.0   1   1     1e-24   3.8e-23   76.6   0.0     8    72     3    67     1    69 0.95 -
d2g7sa1a.4.1.9       -             74 d2id3a1a.4.1.9.aln   -             75   2.2e-22   74.1   0.0   1   1   6.2e-24   2.3e-22   74.0   0.0     4    74     3    73     1    74 0.96 -
d1t56a1a.4.1.9       -             73 d2id3a1a.4.1.9.aln   -             75   4.1e-22   73.3   0.0   1   1   1.2e-23   4.4e-22   73.2   0.0     4    74     2    72     1    73 0.97 -
d2iu5a1a.4.1.9       -             71 d2id3a1a.4.1.9.aln   -             75   5.5e-22   72.9   0.1   1   1   1.5e-23   5.8e-22   72.8   0.1     2    68     3    69     2    71 0.95 -
d2fd5a1a.4.1.9       -             76 d2id3a1a.4.1.9.aln   -             75   6.2e-22   72.7   0.0   1   1   1.7e-23   6.5e-22   72.6   0.0     2    71     4    73     3    76 0.97 -
d2np5a1a.4.1.9       -             69 d2id3a1a.4.1.9.aln   -             75   1.1e-21   71.9   0.1   1   1     3e-23   1.1e-21   71.9   0.1     7    71     3    67     1    69 0.96 -
d2hyja1a.4.1.9       -             75 d2id3a1a.4.1.9.aln   -             75   2.9e-21   70.5   0.1   1   1   8.1e-23     3e-21   70.5   0.1     2    72     2    72     1    75 0.96 -
d2np3a1a.4.1.9       -             65 d2id3a1a.4.1.9.aln   -             75   9.8e-21   68.8   0.3   1   1   2.8e-22   1.1e-20   68.7   0.3    10    71     1    62     1    65 0.94 -
d2o7ta1a.4.1.9       -             78 d2id3a1a.4.1.9.aln   -             75   8.9e-20   65.8   0.0   1   1   2.5e-21   9.4e-20   65.7   0.0     2    73     4    76     3    78 0.93 -
d1zk8a1a.4.1.9       -             72 d2id3a1a.4.1.9.aln   -             75     6e-19   63.1   0.1   1   1   1.7e-20   6.3e-19   63.1   0.1     6    73     4    71     1    72 0.97 -
d2g7ga1a.4.1.9       -             65 d2id3a1a.4.1.9.aln   -             75   4.9e-16   53.8   0.0   1   1   1.4e-17   5.1e-16   53.7   0.0     6    70     2    64     1    65 0.96 -
d2id3a1a.4.1.9       -             68 d2id3a1a.4.1.9.aln   -             75   9.3e-07   24.1   0.1   1   1   2.8e-08   1.1e-06   23.9   0.1     7    44     8    45     5    65 0.90 -
#
# Program:         hmmsearch
# Version:         3.1b2 (February 2015)
# Pipeline mode:   SEARCH
# Query file:      hmmModels30/d2id3a1a.4.1.9.hmm
# Target file:     scop/scopTestSeq.fasta
# Option settings: hmmsearch --domtblout hmmModels30/d2id3a1a.4.1.9.out -E 1 hmmModels30/d2id3a1a.4.1.9.hmm scop/scopTestSeq.fasta 
# Current dir:     /home/anastasia/SBAS/TME8
# Date:            Sat Apr  8 15:33:55 2023
# [ok]
