#                                                                            --- full sequence --- -------------- this domain -------------   hmm coord   ali coord   env coord
# target name        accession   tlen query name           accession   qlen   E-value  score  bias   #  of  c-Evalue  i-Evalue  score  bias  from    to  from    to  from    to  acc description of target
#------------------- ---------- ----- -------------------- ---------- ----- --------- ------ ----- --- --- --------- --------- ------ ----- ----- ----- ----- ----- ----- ----- ---- ---------------------
d1z0xa2a.121.1.1     -            149 d2id6a2a.121.1.1.aln -            121   3.3e-34  112.9   0.0   1   1   1.4e-35   3.9e-34  112.7   0.0     1   120     2   125     2   126 0.99 -
d3c07a2a.121.1.1     -            146 d2id6a2a.121.1.1.aln -            121   5.9e-34  112.1   1.5   1   1   2.7e-35   7.3e-34  111.8   1.5     1   121     1   121     1   121 0.99 -
d2fbqa2a.121.1.1     -            134 d2id6a2a.121.1.1.aln -            121   1.2e-25   85.4   0.2   1   1   4.7e-27   1.3e-25   85.3   0.2     2   120     7   129     6   130 0.98 -
d1ui5a2a.121.1.1     -            133 d2id6a2a.121.1.1.aln -            121   2.8e-24   81.0   0.4   1   1   1.2e-25   3.3e-24   80.7   0.4     7   119     3   115     1   117 0.97 -
d2g7la2a.121.1.1     -            144 d2id6a2a.121.1.1.aln -            121   6.8e-22   73.3   9.5   1   1   2.8e-23   7.7e-22   73.1   9.5     2   120     5   127     4   128 0.98 -
d2oi8a2a.121.1.1     -            130 d2id6a2a.121.1.1.aln -            121   2.3e-21   71.6   2.4   1   1   9.5e-23   2.6e-21   71.4   2.4     5   120     2   117     1   118 0.98 -
d1rkta2a.121.1.1     -            123 d2id6a2a.121.1.1.aln -            121     1e-20   69.5   0.0   1   1     4e-22   1.1e-20   69.4   0.0     3   120     3   120     1   121 0.96 -
d2i10a2a.121.1.1     -            116 d2id6a2a.121.1.1.aln -            121   5.3e-19   64.0   3.7   1   1   2.1e-20   5.6e-19   63.9   3.7     6   113     8   115     3   116 0.96 -
d2id3a2a.121.1.1     -            123 d2id6a2a.121.1.1.aln -            121   8.6e-19   63.3   7.5   1   1   3.8e-20     1e-18   63.1   7.5     2   118     4   120     3   122 0.96 -
d2hyja2a.121.1.1     -            118 d2id6a2a.121.1.1.aln -            121   1.5e-18   62.6   5.8   1   1   5.8e-20   1.6e-18   62.5   5.8     4   115     6   117     3   118 0.96 -
d2g3ba2a.121.1.1     -            116 d2id6a2a.121.1.1.aln -            121   1.7e-18   62.4   2.1   1   1   6.7e-20   1.8e-18   62.3   2.1     4   116     4   116     1   116 0.97 -
d2gfna2a.121.1.1     -            119 d2id6a2a.121.1.1.aln -            121   3.6e-18   61.3   7.0   1   1   1.4e-19   3.9e-18   61.2   7.0     3   118     3   118     1   119 0.97 -
d2d6ya2a.121.1.1     -            118 d2id6a2a.121.1.1.aln -            121   4.2e-18   61.1   1.2   1   1   1.7e-19   4.5e-18   61.0   1.2     4   118     2   116     1   118 0.98 -
d1t33a2a.121.1.1     -            132 d2id6a2a.121.1.1.aln -            121   3.1e-17   58.3   0.1   1   1   1.3e-18   3.5e-17   58.2   0.1     2   120     4   126     3   127 0.92 -
d1vi0a2a.121.1.1     -            117 d2id6a2a.121.1.1.aln -            121   7.1e-17   57.2   0.0   1   1   2.8e-18   7.6e-17   57.1   0.0     5   119     2   116     1   117 0.96 -
d2fx0a2a.121.1.1     -            122 d2id6a2a.121.1.1.aln -            121   1.1e-15   53.3   0.0   1   1   4.9e-17   1.3e-15   53.1   0.0     3   113     4   118     2   121 0.97 -
d1t56a2a.121.1.1     -            120 d2id6a2a.121.1.1.aln -            121   2.2e-15   52.4   1.8   1   1   9.6e-17   2.6e-15   52.1   1.8     1   113     3   115     3   119 0.98 -
d2gena2a.121.1.1     -            118 d2id6a2a.121.1.1.aln -            121   2.3e-15   52.3   6.7   1   1   9.3e-17   2.5e-15   52.2   6.7     4   120     2   118     1   118 0.98 -
d2g7sa2a.121.1.1     -            116 d2id6a2a.121.1.1.aln -            121     1e-14   50.3   2.2   1   1     4e-16   1.1e-14   50.1   2.2     4   113     1   114     1   116 0.96 -
d2g7ga2a.121.1.1     -            132 d2id6a2a.121.1.1.aln -            121   9.4e-14   47.1   9.0   1   1   3.9e-15   1.1e-13   47.0   9.0     2   117     2   117     1   121 0.97 -
d2hkua2a.121.1.1     -            121 d2id6a2a.121.1.1.aln -            121   1.3e-13   46.7   0.1   1   1   5.2e-15   1.4e-13   46.6   0.1     4   119     5   120     2   121 0.97 -
d2np5a2a.121.1.1     -            118 d2id6a2a.121.1.1.aln -            121   2.1e-12   42.8   4.7   1   1   8.5e-14   2.3e-12   42.7   4.7     2   120     3   114     2   115 0.97 -
d2fq4a2a.121.1.1     -            115 d2id6a2a.121.1.1.aln -            121   3.5e-12   42.1   0.0   1   1   1.4e-13   3.7e-12   42.0   0.0     4   114     3   113     1   115 0.94 -
d1sgma2a.121.1.1     -            111 d2id6a2a.121.1.1.aln -            121   4.6e-11   38.5   0.0   1   1   1.8e-12   4.9e-11   38.4   0.0     4   113     1   110     1   111 0.97 -
d2iu5a2a.121.1.1     -            109 d2id6a2a.121.1.1.aln -            121   8.1e-11   37.7   0.0   1   1   3.3e-12   9.1e-11   37.5   0.0     5   116     2   109     1   109 0.98 -
d1zk8a2a.121.1.1     -            105 d2id6a2a.121.1.1.aln -            121   5.9e-10   34.9   0.0   1   1   2.3e-11   6.2e-10   34.9   0.0     2   101     3   102     2   105 0.94 -
d2fd5a2a.121.1.1     -            104 d2id6a2a.121.1.1.aln -            121   1.4e-09   33.7   3.2   1   1   6.5e-11   1.8e-09   33.4   3.2     7   108     6    99     2   103 0.94 -
d2np3a2a.121.1.1     -            112 d2id6a2a.121.1.1.aln -            121   1.6e-08   30.3   7.5   1   1   7.9e-10   2.1e-08   29.9   7.5     2   120     3   108     2   109 0.97 -
d2o7ta2a.121.1.1     -            110 d2id6a2a.121.1.1.aln -            121   4.2e-08   29.0   0.0   1   1   1.7e-09   4.6e-08   28.9   0.0     1   116     1   110     1   110 0.97 -
#
# Program:         hmmsearch
# Version:         3.1b2 (February 2015)
# Pipeline mode:   SEARCH
# Query file:      hmmModels30/d2id6a2a.121.1.1.hmm
# Target file:     scop/scopTestSeq.fasta
# Option settings: hmmsearch --domtblout hmmModels30/d2id6a2a.121.1.1.out -E 1 hmmModels30/d2id6a2a.121.1.1.hmm scop/scopTestSeq.fasta 
# Current dir:     /home/anastasia/SBAS/TME8
# Date:            Sat Apr  8 15:33:55 2023
# [ok]
