#                                                                            --- full sequence --- -------------- this domain -------------   hmm coord   ali coord   env coord
# target name        accession   tlen query name           accession   qlen   E-value  score  bias   #  of  c-Evalue  i-Evalue  score  bias  from    to  from    to  from    to  acc description of target
#------------------- ---------- ----- -------------------- ---------- ----- --------- ------ ----- --- --- --------- --------- ------ ----- ----- ----- ----- ----- ----- ----- ---- ---------------------
d2dw4a2c.3.1.2       -            450 d2iida1c.3.1.2.aln   -            355  2.9e-156  515.5   0.0   1   1  1.1e-157  3.2e-156  515.3   0.0     1   353     2   450     2   450 1.00 -
d2gmha1c.3.1.2       -            381 d2iida1c.3.1.2.aln   -            355  1.4e-117  388.2   0.0   1   1  5.2e-119  1.6e-117  388.0   0.0     2   355    30   378    29   378 0.99 -
d1seza1c.3.1.2       -            374 d2iida1c.3.1.2.aln   -            355   1.8e-98  325.3   0.0   1   1  6.7e-100     2e-98  325.1   0.0     5   354     2   358     1   359 0.99 -
d2f5va1c.3.1.2       -            380 d2iida1c.3.1.2.aln   -            355   1.5e-92  305.9   0.0   1   1   5.4e-94   1.6e-92  305.7   0.0     1   354     1   376     1   377 0.99 -
d1b5qa1c.3.1.2       -            348 d2iida1c.3.1.2.aln   -            355   6.3e-90  297.2   0.0   1   1   2.3e-91     7e-90  297.1   0.0     5   354     1   346     1   347 0.99 -
d1kdga1c.3.1.2       -            361 d2iida1c.3.1.2.aln   -            355   4.2e-86  284.6   0.0   1   1   1.6e-87   4.7e-86  284.5   0.0     3   353     1   359     1   361 0.99 -
d1pn0a1c.3.1.2       -            361 d2iida1c.3.1.2.aln   -            355   1.9e-80  266.0   0.0   1   1     7e-82   2.1e-80  265.9   0.0     2   353     5   355     4   357 0.99 -
d1n4wa1c.3.1.2       -            368 d2iida1c.3.1.2.aln   -            355   7.2e-78  257.6   0.0   1   1   2.6e-79     8e-78  257.4   0.0     4   352     2   366     1   368 0.99 -
d1ju2a1c.3.1.2       -            352 d2iida1c.3.1.2.aln   -            355   2.1e-73  242.9   0.0   1   1   7.9e-75   2.4e-73  242.7   0.0     1   354     7   350     7   351 0.99 -
d2ivda1c.3.1.2       -            348 d2iida1c.3.1.2.aln   -            355   5.9e-67  221.7   1.0   1   1   2.2e-68   6.6e-67  221.5   1.0     5   353     1   337     1   339 0.98 -
d1pj5a2c.3.1.2       -            306 d2iida1c.3.1.2.aln   -            355     2e-57  190.3   0.0   1   1   7.4e-59   2.2e-57  190.2   0.0     4   346     1   303     1   306 0.98 -
d1k0ia1c.3.1.2       -            293 d2iida1c.3.1.2.aln   -            355   1.2e-49  164.7   0.0   1   1   4.4e-51   1.3e-49  164.6   0.0     4   350     2   291     1   293 0.98 -
d1ryia1c.3.1.2       -            277 d2iida1c.3.1.2.aln   -            355   2.7e-49  163.6   0.0   1   1   9.8e-51     3e-49  163.4   0.0     1   341     1   276     1   277 0.98 -
d2gf3a1c.3.1.2       -            282 d2iida1c.3.1.2.aln   -            355   1.8e-48  160.8   0.0   1   1   6.6e-50     2e-48  160.7   0.0     3   321     2   254     1   282 0.94 -
d3c96a1c.3.1.2       -            289 d2iida1c.3.1.2.aln   -            355     6e-44  146.0   0.6   1   1   2.2e-45   6.6e-44  145.9   0.6     5   347     2   285     1   289 0.98 -
d2voua1c.3.1.2       -            266 d2iida1c.3.1.2.aln   -            355   5.7e-41  136.2   0.1   1   1   2.3e-42   6.8e-41  135.9   0.1     2   290     2   251     1   254 0.98 -
d2iida1c.3.1.2       -            371 d2iida1c.3.1.2.aln   -            355   5.6e-12   40.8   0.3   1   1   2.6e-13     8e-12   40.3   0.3     4    49    30    75    27    88 0.84 -
d1w4xa1c.3.1.5       -            299 d2iida1c.3.1.2.aln   -            355   1.1e-06   23.4   0.5   1   1   6.6e-08     2e-06   22.6   0.5     3    41     6    44     5    45 0.94 -
d1nhpa2c.3.1.5       -            123 d2iida1c.3.1.2.aln   -            355     2e-06   22.5   0.2   1   1   1.1e-07   3.3e-06   21.8   0.2     6    35    32    61    31    72 0.90 -
d1fl2a2c.3.1.5       -            126 d2iida1c.3.1.2.aln   -            355   2.9e-05   18.8   0.2   1   1   1.3e-06   3.8e-05   18.4   0.2     5    42    31    67    29    78 0.92 -
d1xhca2c.3.1.5       -            122 d2iida1c.3.1.2.aln   -            355   4.3e-05   18.2   0.3   1   1   2.1e-06   6.4e-05   17.6   0.3     5    36    33    64    30    68 0.88 -
d1v59a1c.3.1.5       -            234 d2iida1c.3.1.2.aln   -            355   5.6e-05   17.8   0.2   1   1     3e-06   9.2e-05   17.1   0.2     5    41     6    42     3    47 0.92 -
d2gv8a1c.3.1.5       -            336 d2iida1c.3.1.2.aln   -            355    0.0011   13.6   0.1   1   1   5.5e-05    0.0017   12.9   0.1     6    23     6    23     5    44 0.71 -
d1v59a2c.3.1.5       -            122 d2iida1c.3.1.2.aln   -            355    0.0019   12.8   0.5   1   1   9.5e-05    0.0029   12.2   0.3     6    43    25    61    21    84 0.79 -
d1gpja2c.2.1.7       -            159 d2iida1c.3.1.2.aln   -            355    0.0032   12.0   0.4   1   1   0.00015    0.0044   11.6   0.4     7    33    27    53    24    72 0.87 -
d1fl2a1c.3.1.5       -            185 d2iida1c.3.1.2.aln   -            355    0.0053   11.3   3.8   1   1   0.00029    0.0088   10.6   3.8     5    20     2    17     1    19 0.95 -
#
# Program:         hmmsearch
# Version:         3.1b2 (February 2015)
# Pipeline mode:   SEARCH
# Query file:      hmmModels30/d2iida1c.3.1.2.hmm
# Target file:     scop/scopTestSeq.fasta
# Option settings: hmmsearch --domtblout hmmModels30/d2iida1c.3.1.2.out -E 1 hmmModels30/d2iida1c.3.1.2.hmm scop/scopTestSeq.fasta 
# Current dir:     /home/anastasia/SBAS/TME8
# Date:            Sat Apr  8 15:33:55 2023
# [ok]
