#                                                                            --- full sequence --- -------------- this domain -------------   hmm coord   ali coord   env coord
# target name        accession   tlen query name           accession   qlen   E-value  score  bias   #  of  c-Evalue  i-Evalue  score  bias  from    to  from    to  from    to  acc description of target
#------------------- ---------- ----- -------------------- ---------- ----- --------- ------ ----- --- --- --------- --------- ------ ----- ----- ----- ----- ----- ----- ----- ---- ---------------------
d2k5ga1d.129.3.5     -            183 d2il5a1d.129.3.5.aln -            156   2.5e-60  198.4   0.1   1   1   3.7e-62   2.9e-60  198.2   0.1     2   156    16   167    15   167 0.98 -
d1xfsa_d.129.3.5     -            165 d2il5a1d.129.3.5.aln -            156   2.5e-51  169.2   0.1   1   1   3.5e-53   2.8e-51  169.0   0.1     2   155     2   165     1   165 0.98 -
d1xuva_d.129.3.5     -            163 d2il5a1d.129.3.5.aln -            156   3.4e-49  162.3   0.1   1   1   4.7e-51   3.7e-49  162.1   0.1     2   155     9   161     8   162 0.98 -
d3elia1d.129.3.5     -            143 d2il5a1d.129.3.5.aln -            156   1.7e-46  153.5   0.5   1   1   2.3e-48   1.8e-46  153.4   0.5     6   150     2   143     1   143 0.99 -
d2l65a1d.129.3.5     -            155 d2il5a1d.129.3.5.aln -            156   8.5e-45  148.0   1.2   1   1   1.2e-46   9.4e-45  147.8   1.2     4   155     1   154     1   155 0.98 -
d2nn5a1d.129.3.5     -            160 d2il5a1d.129.3.5.aln -            156   5.2e-43  142.2   0.4   1   1   7.4e-45   5.8e-43  142.0   0.4     1   155     8   157     8   158 0.98 -
d1z94a1d.129.3.5     -            143 d2il5a1d.129.3.5.aln -            156     1e-42  141.2   0.0   1   1   1.4e-44   1.1e-42  141.1   0.0     5   151     2   142     1   143 0.98 -
d1xn5a_d.129.3.5     -            138 d2il5a1d.129.3.5.aln -            156     5e-41  135.7   2.6   1   1   6.9e-43   5.5e-41  135.6   2.6     2   151     2   138     1   138 0.98 -
d1x53a1d.129.3.5     -            132 d2il5a1d.129.3.5.aln -            156   9.8e-35  115.3   0.3   1   1   1.4e-36   1.1e-34  115.2   0.3     3   154     2   132     1   132 0.98 -
d2il5a1d.129.3.5     -            164 d2il5a1d.129.3.5.aln -            156   3.5e-09   32.3   0.1   1   1   5.9e-11   4.7e-09   31.9   0.1     6    87     8    88     3   115 0.81 -
#
# Program:         hmmsearch
# Version:         3.1b2 (February 2015)
# Pipeline mode:   SEARCH
# Query file:      hmmModels30/d2il5a1d.129.3.5.hmm
# Target file:     scop/scopTestSeq.fasta
# Option settings: hmmsearch --domtblout hmmModels30/d2il5a1d.129.3.5.out -E 1 hmmModels30/d2il5a1d.129.3.5.hmm scop/scopTestSeq.fasta 
# Current dir:     /home/anastasia/SBAS/TME8
# Date:            Sat Apr  8 15:33:55 2023
# [ok]
