#                                                                            --- full sequence --- -------------- this domain -------------   hmm coord   ali coord   env coord
# target name        accession   tlen query name           accession   qlen   E-value  score  bias   #  of  c-Evalue  i-Evalue  score  bias  from    to  from    to  from    to  acc description of target
#------------------- ---------- ----- -------------------- ---------- ----- --------- ------ ----- --- --- --------- --------- ------ ----- ----- ----- ----- ----- ----- ----- ---- ---------------------
d1t33a1a.4.1.9       -             88 d2iu5a1a.4.1.9.aln   -             75   4.1e-31  102.1   1.7   1   1   1.2e-32   4.7e-31  101.9   1.7     1    75     8    81     8    81 0.98 -
d2id6a1a.4.1.9       -             75 d2iu5a1a.4.1.9.aln   -             75   1.9e-27   90.4   0.2   1   1   5.3e-29     2e-27   90.3   0.2     4    74     2    72     1    73 0.96 -
d1rkta1a.4.1.9       -             81 d2iu5a1a.4.1.9.aln   -             75   2.6e-26   86.7   0.2   1   1   7.6e-28   2.9e-26   86.6   0.2     2    74     8    80     7    81 0.98 -
d1vi0a1a.4.1.9       -             72 d2iu5a1a.4.1.9.aln   -             75   9.4e-26   84.9   0.1   1   1   2.7e-27     1e-25   84.8   0.1     6    74     2    70     1    71 0.96 -
d1ui5a1a.4.1.9       -             71 d2iu5a1a.4.1.9.aln   -             75   1.7e-24   80.9   2.0   1   1   4.7e-26   1.8e-24   80.9   2.0     2    69     2    69     1    71 0.94 -
d2oi8a1a.4.1.9       -             79 d2iu5a1a.4.1.9.aln   -             75   2.7e-24   80.3   0.7   1   1   7.7e-26   2.9e-24   80.2   0.7     2    73     6    77     5    79 0.97 -
d2gena1a.4.1.9       -             70 d2iu5a1a.4.1.9.aln   -             75   3.6e-24   79.8   0.8   1   1     1e-25   3.8e-24   79.8   0.8     6    73     1    68     1    70 0.96 -
d2gfna1a.4.1.9       -             77 d2iu5a1a.4.1.9.aln   -             75     5e-24   79.4   0.4   1   1   1.4e-25   5.3e-24   79.3   0.4     2    74     3    75     2    76 0.97 -
d1sgma1a.4.1.9       -             73 d2iu5a1a.4.1.9.aln   -             75     3e-23   76.9   0.0   1   1   8.6e-25   3.2e-23   76.8   0.0     5    74     2    72     1    73 0.97 -
d2i10a1a.4.1.9       -             69 d2iu5a1a.4.1.9.aln   -             75   4.7e-23   76.3   0.0   1   1   1.3e-24   4.9e-23   76.2   0.0     9    72     4    67     1    69 0.95 -
d2g7sa1a.4.1.9       -             74 d2iu5a1a.4.1.9.aln   -             75   4.3e-22   73.2   0.0   1   1   1.2e-23   4.6e-22   73.1   0.0     3    74     2    73     1    74 0.96 -
d1t56a1a.4.1.9       -             73 d2iu5a1a.4.1.9.aln   -             75   4.6e-22   73.1   0.0   1   1   1.3e-23   4.9e-22   73.0   0.0     4    74     2    72     1    73 0.97 -
d2np5a1a.4.1.9       -             69 d2iu5a1a.4.1.9.aln   -             75   4.8e-22   73.1   0.3   1   1   1.3e-23     5e-22   73.0   0.3     7    71     3    67     1    69 0.96 -
d2hyja1a.4.1.9       -             75 d2iu5a1a.4.1.9.aln   -             75   9.2e-22   72.1   0.3   1   1   2.6e-23   9.6e-22   72.1   0.3     2    72     2    72     1    75 0.96 -
d2fd5a1a.4.1.9       -             76 d2iu5a1a.4.1.9.aln   -             75     1e-21   72.0   0.1   1   1   2.9e-23   1.1e-21   71.9   0.1     2    71     4    73     3    76 0.97 -
d2np3a1a.4.1.9       -             65 d2iu5a1a.4.1.9.aln   -             75   2.9e-21   70.5   0.4   1   1   8.6e-23   3.2e-21   70.4   0.4    10    71     1    62     1    65 0.94 -
d2o7ta1a.4.1.9       -             78 d2iu5a1a.4.1.9.aln   -             75   1.6e-20   68.2   0.0   1   1   4.5e-22   1.7e-20   68.1   0.0     2    73     4    76     3    78 0.94 -
d1zk8a1a.4.1.9       -             72 d2iu5a1a.4.1.9.aln   -             75   1.5e-18   61.8   0.1   1   1   4.3e-20   1.6e-18   61.8   0.1     6    73     4    71     1    72 0.97 -
d2id3a1a.4.1.9       -             68 d2iu5a1a.4.1.9.aln   -             75   2.2e-17   58.1   0.1   1   1   6.1e-19   2.3e-17   58.1   0.1     4    66     5    67     2    68 0.95 -
d2g7ga1a.4.1.9       -             65 d2iu5a1a.4.1.9.aln   -             75   3.9e-16   54.1   0.1   1   1   1.1e-17   4.1e-16   54.1   0.1     6    70     2    64     1    65 0.96 -
d2iu5a1a.4.1.9       -             71 d2iu5a1a.4.1.9.aln   -             75   2.5e-09   32.3   0.0   1   1   7.9e-11     3e-09   32.1   0.0     9    54    10    55     6    67 0.89 -
#
# Program:         hmmsearch
# Version:         3.1b2 (February 2015)
# Pipeline mode:   SEARCH
# Query file:      hmmModels30/d2iu5a1a.4.1.9.hmm
# Target file:     scop/scopTestSeq.fasta
# Option settings: hmmsearch --domtblout hmmModels30/d2iu5a1a.4.1.9.out -E 1 hmmModels30/d2iu5a1a.4.1.9.hmm scop/scopTestSeq.fasta 
# Current dir:     /home/anastasia/SBAS/TME8
# Date:            Sat Apr  8 15:33:55 2023
# [ok]
