#                                                                            --- full sequence --- -------------- this domain -------------   hmm coord   ali coord   env coord
# target name        accession   tlen query name           accession   qlen   E-value  score  bias   #  of  c-Evalue  i-Evalue  score  bias  from    to  from    to  from    to  acc description of target
#------------------- ---------- ----- -------------------- ---------- ----- --------- ------ ----- --- --- --------- --------- ------ ----- ----- ----- ----- ----- ----- ----- ---- ---------------------
d1z0xa2a.121.1.1     -            149 d2iu5a2a.121.1.1.aln -            123   7.1e-36  118.0   0.0   1   1     3e-37   8.2e-36  117.8   0.0     1   122    20   141    20   142 0.99 -
d3c07a2a.121.1.1     -            146 d2iu5a2a.121.1.1.aln -            123   8.2e-34  111.4   2.2   1   1   3.8e-35     1e-33  111.1   2.2     1   122    22   143    22   144 0.99 -
d2g7la2a.121.1.1     -            144 d2iu5a2a.121.1.1.aln -            123   1.7e-27   91.1   7.6   1   1     8e-29   2.2e-27   90.7   7.6     2   122    18   138    17   139 0.98 -
d1ui5a2a.121.1.1     -            133 d2iu5a2a.121.1.1.aln -            123   4.5e-23   76.9   2.4   1   1   1.8e-24     5e-23   76.7   2.4     2   122     4   124     3   125 0.98 -
d1t33a2a.121.1.1     -            132 d2iu5a2a.121.1.1.aln -            123   5.2e-22   73.4   0.1   1   1   2.1e-23   5.8e-22   73.3   0.1     4   122    13   131    10   132 0.98 -
d2fbqa2a.121.1.1     -            134 d2iu5a2a.121.1.1.aln -            123   1.8e-21   71.7   0.2   1   1   7.3e-23     2e-21   71.6   0.2     2   122     8   128     7   129 0.98 -
d2hyja2a.121.1.1     -            118 d2iu5a2a.121.1.1.aln -            123   9.3e-21   69.4   5.4   1   1   3.6e-22   9.8e-21   69.3   5.4     4   115     4   115     1   118 0.96 -
d2d6ya2a.121.1.1     -            118 d2iu5a2a.121.1.1.aln -            123   4.5e-19   64.0   1.5   1   1   1.8e-20   4.8e-19   63.9   1.5     6   120     2   116     1   118 0.97 -
d2i10a2a.121.1.1     -            116 d2iu5a2a.121.1.1.aln -            123   5.7e-19   63.7   4.1   1   1   2.2e-20     6e-19   63.6   4.1     5   115     5   115     1   116 0.97 -
d2oi8a2a.121.1.1     -            130 d2iu5a2a.121.1.1.aln -            123   8.7e-19   63.1   1.4   1   1   3.6e-20   9.9e-19   62.9   1.4     2   120    11   129    10   130 0.97 -
d1t56a2a.121.1.1     -            120 d2iu5a2a.121.1.1.aln -            123   1.6e-18   62.2   2.3   1   1   6.6e-20   1.8e-18   62.1   2.3     6   118     3   115     1   119 0.97 -
d2id3a2a.121.1.1     -            123 d2iu5a2a.121.1.1.aln -            123     8e-18   60.0   6.9   1   1   3.5e-19   9.4e-18   59.7   6.9     9   122     9   122     2   123 0.95 -
d2g7sa2a.121.1.1     -            116 d2iu5a2a.121.1.1.aln -            123   1.1e-17   59.5   2.7   1   1   4.4e-19   1.2e-17   59.4   2.7     3   116     2   115     1   116 0.98 -
d1vi0a2a.121.1.1     -            117 d2iu5a2a.121.1.1.aln -            123     3e-17   58.1   0.0   1   1   1.2e-18   3.3e-17   58.0   0.0     8   120     3   115     1   117 0.97 -
d1rkta2a.121.1.1     -            123 d2iu5a2a.121.1.1.aln -            123   7.9e-17   56.8   0.0   1   1   3.1e-18   8.4e-17   56.7   0.0     5   121     3   119     1   121 0.95 -
d2fx0a2a.121.1.1     -            122 d2iu5a2a.121.1.1.aln -            123   1.6e-16   55.8   0.0   1   1   6.2e-18   1.7e-16   55.7   0.0     3   120     2   119     1   122 0.96 -
d2gena2a.121.1.1     -            118 d2iu5a2a.121.1.1.aln -            123   2.4e-16   55.2   5.7   1   1   9.3e-18   2.5e-16   55.1   5.7     5   120     6   116     2   118 0.95 -
d2gfna2a.121.1.1     -            119 d2iu5a2a.121.1.1.aln -            123   9.7e-16   53.3   7.8   1   1   3.8e-17     1e-15   53.2   7.8     4   119     3   117     1   119 0.96 -
d2id6a2a.121.1.1     -            125 d2iu5a2a.121.1.1.aln -            123   1.3e-15   52.8   0.0   1   1   5.2e-17   1.4e-15   52.7   0.0     3   121     2   120     1   122 0.97 -
d2g3ba2a.121.1.1     -            116 d2iu5a2a.121.1.1.aln -            123   3.4e-15   51.5   2.3   1   1   1.3e-16   3.6e-15   51.4   2.3     5   117     3   115     1   116 0.96 -
d2fq4a2a.121.1.1     -            115 d2iu5a2a.121.1.1.aln -            123   3.1e-14   48.4   0.0   1   1   1.2e-15   3.3e-14   48.3   0.0     7   116     4   113     1   115 0.96 -
d2g7ga2a.121.1.1     -            132 d2iu5a2a.121.1.1.aln -            123     3e-13   45.3  10.3   1   1   1.2e-14   3.3e-13   45.1  10.3     1   122     8   129     8   130 0.98 -
d1sgma2a.121.1.1     -            111 d2iu5a2a.121.1.1.aln -            123   3.8e-13   44.9   0.0   1   1   1.5e-14     4e-13   44.9   0.0     2   115     2   110     1   111 0.92 -
d2hkua2a.121.1.1     -            121 d2iu5a2a.121.1.1.aln -            123     2e-12   42.6   0.1   1   1   8.1e-14   2.2e-12   42.5   0.1     4   122     7   119     4   120 0.95 -
d2np5a2a.121.1.1     -            118 d2iu5a2a.121.1.1.aln -            123   2.4e-12   42.4   4.7   1   1   9.4e-14   2.6e-12   42.3   4.7     3   121     3   113     1   115 0.97 -
d2fd5a2a.121.1.1     -            104 d2iu5a2a.121.1.1.aln -            123   3.8e-12   41.7   3.8   1   1   1.5e-13   4.1e-12   41.6   3.8     4   114     5   103     2   104 0.96 -
d1zk8a2a.121.1.1     -            105 d2iu5a2a.121.1.1.aln -            123   2.6e-10   35.8   0.0   1   1   1.1e-11   2.9e-10   35.6   0.0     7   122     2   105     1   105 0.97 -
d2np3a2a.121.1.1     -            112 d2iu5a2a.121.1.1.aln -            123   2.6e-09   32.6   8.6   1   1   1.3e-10   3.5e-09   32.2   8.6     3   120     3   106     1   108 0.96 -
d2o7ta2a.121.1.1     -            110 d2iu5a2a.121.1.1.aln -            123   7.7e-08   27.9   0.0   1   1     3e-09   8.2e-08   27.8   0.0     6   118     4   110     1   110 0.95 -
#
# Program:         hmmsearch
# Version:         3.1b2 (February 2015)
# Pipeline mode:   SEARCH
# Query file:      hmmModels30/d2iu5a2a.121.1.1.hmm
# Target file:     scop/scopTestSeq.fasta
# Option settings: hmmsearch --domtblout hmmModels30/d2iu5a2a.121.1.1.out -E 1 hmmModels30/d2iu5a2a.121.1.1.hmm scop/scopTestSeq.fasta 
# Current dir:     /home/anastasia/SBAS/TME8
# Date:            Sat Apr  8 15:33:55 2023
# [ok]
