#                                                                            --- full sequence --- -------------- this domain -------------   hmm coord   ali coord   env coord
# target name        accession   tlen query name           accession   qlen   E-value  score  bias   #  of  c-Evalue  i-Evalue  score  bias  from    to  from    to  from    to  acc description of target
#------------------- ---------- ----- -------------------- ---------- ----- --------- ------ ----- --- --- --------- --------- ------ ----- ----- ----- ----- ----- ----- ----- ---- ---------------------
d2vnud3b.40.4.5      -            148 d2ix0a3b.40.4.5.aln  -            101   4.2e-39  128.5   0.1   1   1   2.1e-40   5.2e-39  128.2   0.1     1   101    21   124    21   124 0.99 -
d1d7qa_b.40.4.5      -            143 d2ix0a3b.40.4.5.aln  -            101   3.1e-38  125.7   0.9   1   1   1.8e-39   4.5e-38  125.2   0.9     1   101     3   106     3   106 0.99 -
d2nn6i1b.40.4.5      -            125 d2ix0a3b.40.4.5.aln  -            101   2.2e-25   84.5   0.1   1   1   1.1e-26   2.6e-25   84.2   0.1     6   100     1    97     1    98 0.98 -
d3bzka4b.40.4.5      -             94 d2ix0a3b.40.4.5.aln  -            101   3.3e-17   58.2   0.7   1   1   1.4e-18   3.4e-17   58.2   0.7     2    89     8    87     7    94 0.93 -
d1jt8a_b.40.4.5      -            102 d2ix0a3b.40.4.5.aln  -            101   9.1e-16   53.6   0.4   1   1   4.1e-17     1e-15   53.5   0.4     2   101     4    95     3    95 0.97 -
d1wi5a_b.40.4.5      -            119 d2ix0a3b.40.4.5.aln  -            101   1.4e-15   52.9   0.1   1   1   6.4e-17   1.6e-15   52.8   0.1     3   100     3   103     1   104 0.96 -
d1go3e1b.40.4.5      -            106 d2ix0a3b.40.4.5.aln  -            101   3.4e-15   51.7   0.4   1   1   1.6e-16   3.9e-15   51.6   0.4    10   101     1    94     1    94 0.98 -
d2uubl1b.40.4.5      -            118 d2ix0a3b.40.4.5.aln  -            101   2.2e-11   39.5   0.6   1   1   1.1e-12   2.6e-11   39.3   0.6     3   100     3   103     1   104 0.97 -
d1kl9a2b.40.4.5      -             86 d2ix0a3b.40.4.5.aln  -            101   5.9e-11   38.1   1.0   1   1   2.6e-12   6.4e-11   38.0   1.0     3    91     4    86     2    86 0.95 -
d1smxa_b.40.4.5      -             87 d2ix0a3b.40.4.5.aln  -            101   7.5e-11   37.8   0.0   1   1   3.3e-12   8.2e-11   37.7   0.0    22    96    12    87     3    87 0.93 -
d2nn6h1b.40.4.5      -             95 d2ix0a3b.40.4.5.aln  -            101   1.6e-10   36.8   0.1   1   1   7.7e-12   1.9e-10   36.5   0.1     6    92     2    90     1    93 0.96 -
d2ja9a1b.40.4.5      -             90 d2ix0a3b.40.4.5.aln  -            101   1.7e-10   36.6   0.0   1   1   8.2e-12     2e-10   36.4   0.0     7    97     2    84     1    87 0.96 -
d2uubq1b.40.4.5      -            100 d2ix0a3b.40.4.5.aln  -            101   7.7e-10   34.6   2.6   1   1   3.4e-11   8.4e-10   34.4   2.6     6    95     8   100     3   100 0.94 -
d1y14b1b.40.4.5      -             91 d2ix0a3b.40.4.5.aln  -            101   1.2e-09   34.0   0.0   1   1     5e-11   1.2e-09   33.9   0.0    10    95     1    89     1    91 0.97 -
d2je6i1b.40.4.5      -             87 d2ix0a3b.40.4.5.aln  -            101     3e-09   32.7   0.8   1   1   1.5e-10   3.6e-09   32.4   0.8     6    96     1    86     1    87 0.94 -
d1luza_b.40.4.5      -             85 d2ix0a3b.40.4.5.aln  -            101   3.6e-09   32.4   0.2   1   1   1.5e-10   3.8e-09   32.3   0.2     8    95     4    84     1    85 0.95 -
d1jjga_b.40.4.5      -            102 d2ix0a3b.40.4.5.aln  -            101   2.5e-08   29.7   0.4   1   1   1.1e-09   2.7e-08   29.6   0.4     2    96     4   101     3   102 0.97 -
d1wfqa_b.40.4.5      -             89 d2ix0a3b.40.4.5.aln  -            101   4.1e-07   25.8   0.0   1   1   1.8e-08   4.6e-07   25.7   0.0    15    95     9    86     2    89 0.92 -
d1e3pa2b.40.4.5      -             62 d2ix0a3b.40.4.5.aln  -            101   4.5e-07   25.7   0.2   1   1   1.9e-08   4.7e-07   25.6   0.2    18    81     1    60     1    62 0.94 -
d3i4oa_b.40.4.5      -             68 d2ix0a3b.40.4.5.aln  -            101   5.5e-07   25.4   0.1   1   1   2.3e-08   5.8e-07   25.3   0.1    14    88     4    66     1    68 0.93 -
d1hh2p1b.40.4.5      -             72 d2ix0a3b.40.4.5.aln  -            101   5.9e-06   22.1   0.1   1   1   2.4e-07   5.9e-06   22.1   0.1    11    86     2    67     1    72 0.89 -
d2asba1b.40.4.5      -             76 d2ix0a3b.40.4.5.aln  -            101   1.2e-05   21.1   0.1   1   1   5.1e-07   1.3e-05   21.0   0.1    11    90     3    75     1    76 0.95 -
d2vnud1b.40.4.5      -             95 d2ix0a3b.40.4.5.aln  -            101   2.3e-05   20.2   0.0   1   1   9.5e-07   2.4e-05   20.2   0.0     7    96     2    94     1    95 0.92 -
d1khia2b.40.4.5      -             71 d2ix0a3b.40.4.5.aln  -            101   3.9e-05   19.4   0.1   1   1   1.7e-06   4.1e-05   19.4   0.1     8    80     2    68     1    71 0.95 -
d1ne3a_b.40.4.5      -             68 d2ix0a3b.40.4.5.aln  -            101   4.9e-05   19.1   0.0   1   1   2.2e-06   5.3e-05   19.0   0.0    18    71     8    53     3    66 0.90 -
d1bkba2b.40.4.5      -             65 d2ix0a3b.40.4.5.aln  -            101   6.7e-05   18.7   0.1   1   1   2.8e-06     7e-05   18.7   0.1    15    85     2    63     1    65 0.93 -
d1t9ha1b.40.4.5      -             67 d2ix0a3b.40.4.5.aln  -            101   0.00011   18.1   0.1   1   1   4.5e-06   0.00011   18.0   0.1    16    86     2    63     1    67 0.93 -
d2vnud2b.40.4.5      -             88 d2ix0a3b.40.4.5.aln  -            101   0.00015   17.6   0.6   1   1   7.3e-06   0.00018   17.3   0.6    11    92     8    85     2    87 0.94 -
d2ix0a2b.40.4.5      -             79 d2ix0a3b.40.4.5.aln  -            101   0.00043   16.1   0.0   1   1   1.9e-05   0.00047   16.0   0.0    19    91    12    77     5    79 0.88 -
d1a62a2b.40.4.5      -             78 d2ix0a3b.40.4.5.aln  -            101     0.001   14.9   0.0   1   1   4.5e-05    0.0011   14.8   0.0    16    91     4    70     1    76 0.92 -
d1u0la1b.40.4.5      -             66 d2ix0a3b.40.4.5.aln  -            101    0.0022   13.8   0.2   1   1   9.5e-05    0.0023   13.8   0.2    18    80     5    56     2    66 0.88 -
d2ix0a1b.40.4.5      -             90 d2ix0a3b.40.4.5.aln  -            101    0.0024   13.7   0.0   1   1    0.0001    0.0026   13.6   0.0     9    99     4    89     1    90 0.91 -
#
# Program:         hmmsearch
# Version:         3.1b2 (February 2015)
# Pipeline mode:   SEARCH
# Query file:      hmmModels30/d2ix0a3b.40.4.5.hmm
# Target file:     scop/scopTestSeq.fasta
# Option settings: hmmsearch --domtblout hmmModels30/d2ix0a3b.40.4.5.out -E 1 hmmModels30/d2ix0a3b.40.4.5.hmm scop/scopTestSeq.fasta 
# Current dir:     /home/anastasia/SBAS/TME8
# Date:            Sat Apr  8 15:33:55 2023
# [ok]
