#                                                                            --- full sequence --- -------------- this domain -------------   hmm coord   ali coord   env coord
# target name        accession   tlen query name           accession   qlen   E-value  score  bias   #  of  c-Evalue  i-Evalue  score  bias  from    to  from    to  from    to  acc description of target
#------------------- ---------- ----- -------------------- ---------- ----- --------- ------ ----- --- --- --------- --------- ------ ----- ----- ----- ----- ----- ----- ----- ---- ---------------------
d2vnud3b.40.4.5      -            148 d2ix0a2b.40.4.5.aln  -             93   3.9e-31  102.3   0.0   1   1   3.2e-32   7.5e-31  101.4   0.0     1    93    15   112    15   112 0.99 -
d1d7qa_b.40.4.5      -            143 d2ix0a2b.40.4.5.aln  -             93   3.2e-30   99.4   0.3   1   1     2e-31   4.6e-30   98.9   0.3     1    93     8   105     8   105 0.99 -
d2nn6i1b.40.4.5      -            125 d2ix0a2b.40.4.5.aln  -             93   4.7e-24   79.7   0.1   1   1   2.3e-25   5.4e-24   79.5   0.1     1    93     1    97     1    97 0.98 -
d3bzka4b.40.4.5      -             94 d2ix0a2b.40.4.5.aln  -             93   3.7e-17   57.6   0.6   1   1   1.8e-18   4.1e-17   57.5   0.6     3    92    14    92    12    93 0.92 -
d1wi5a_b.40.4.5      -            119 d2ix0a2b.40.4.5.aln  -             93   1.7e-15   52.3   0.0   1   1     8e-17   1.9e-15   52.2   0.0     2    93     7   103     6   103 0.93 -
d1jt8a_b.40.4.5      -            102 d2ix0a2b.40.4.5.aln  -             93   5.7e-15   50.6   0.3   1   1   2.7e-16   6.2e-15   50.5   0.3     2    91     3    92     2    94 0.96 -
d1go3e1b.40.4.5      -            106 d2ix0a2b.40.4.5.aln  -             93   1.3e-14   49.5   0.4   1   1   6.5e-16   1.5e-14   49.3   0.4     5    91     1    91     1    93 0.97 -
d2uubq1b.40.4.5      -            100 d2ix0a2b.40.4.5.aln  -             93   1.6e-13   46.0   1.6   1   1   8.3e-15   1.9e-13   45.7   1.6     9    91     4    83     1    85 0.94 -
d1kl9a2b.40.4.5      -             86 d2ix0a2b.40.4.5.aln  -             93   2.5e-12   42.2   1.5   1   1   1.2e-13   2.7e-12   42.0   1.5     2    83     8    85     7    86 0.97 -
d2nn6h1b.40.4.5      -             95 d2ix0a2b.40.4.5.aln  -             93   3.9e-11   38.4   0.0   1   1     2e-12   4.5e-11   38.1   0.0     2    86     3    91     2    94 0.95 -
d2uubl1b.40.4.5      -            118 d2ix0a2b.40.4.5.aln  -             93   4.4e-11   38.2   1.3   1   1   2.2e-12   5.1e-11   38.0   1.3     2    91    12   106    11   108 0.95 -
d2je6i1b.40.4.5      -             87 d2ix0a2b.40.4.5.aln  -             93   6.1e-11   37.7   1.0   1   1     3e-12   6.9e-11   37.6   1.0     1    90     1    87     1    87 0.96 -
d1luza_b.40.4.5      -             85 d2ix0a2b.40.4.5.aln  -             93   1.2e-10   36.8   0.3   1   1   5.4e-12   1.3e-10   36.7   0.3     3    88     4    84     2    85 0.95 -
d2ja9a1b.40.4.5      -             90 d2ix0a2b.40.4.5.aln  -             93   2.7e-10   35.6   0.0   1   1   1.3e-11   2.9e-10   35.6   0.0     2    90     2    84     1    87 0.96 -
d1smxa_b.40.4.5      -             87 d2ix0a2b.40.4.5.aln  -             93   3.5e-10   35.3   0.0   1   1   1.7e-11     4e-10   35.1   0.0     9    89     4    87     2    87 0.96 -
d2vnud2b.40.4.5      -             88 d2ix0a2b.40.4.5.aln  -             93   4.5e-09   31.7   0.5   1   1   2.1e-10     5e-09   31.6   0.5     7    77     9    82     3    87 0.94 -
d1e3pa2b.40.4.5      -             62 d2ix0a2b.40.4.5.aln  -             93   7.2e-09   31.1   0.2   1   1   3.2e-10   7.5e-09   31.0   0.2    13    73     1    59     1    62 0.94 -
d1y14b1b.40.4.5      -             91 d2ix0a2b.40.4.5.aln  -             93   7.2e-09   31.1   0.0   1   1   3.3e-10   7.7e-09   31.0   0.0     5    91     1    84     1    86 0.94 -
d1jjga_b.40.4.5      -            102 d2ix0a2b.40.4.5.aln  -             93     2e-07   26.5   0.4   1   1   9.9e-09   2.3e-07   26.3   0.4     1    89     8   101     8   102 0.97 -
d1wfqa_b.40.4.5      -             89 d2ix0a2b.40.4.5.aln  -             93   2.3e-07   26.3   0.0   1   1   1.1e-08   2.5e-07   26.2   0.0     8    90     7    88     1    89 0.92 -
d2vnud1b.40.4.5      -             95 d2ix0a2b.40.4.5.aln  -             93   2.9e-07   26.0   0.0   1   1   1.3e-08   3.1e-07   25.9   0.0     1    88     1    93     1    95 0.95 -
d2ix0a3b.40.4.5      -             87 d2ix0a2b.40.4.5.aln  -             93   7.2e-07   24.7   0.1   1   1   3.5e-08   8.2e-07   24.5   0.1    10    89     6    85     2    87 0.94 -
d2ix0a1b.40.4.5      -             90 d2ix0a2b.40.4.5.aln  -             93     1e-06   24.2   0.0   1   1   4.6e-08   1.1e-06   24.2   0.0     6    91     3    88     1    90 0.94 -
d3i4oa_b.40.4.5      -             68 d2ix0a2b.40.4.5.aln  -             93   1.1e-06   24.1   0.2   1   1   4.8e-08   1.1e-06   24.1   0.2     9    82     4    67     1    68 0.92 -
d1x6oa2b.40.4.5      -             79 d2ix0a2b.40.4.5.aln  -             93   1.2e-06   24.0   0.0   1   1   5.3e-08   1.2e-06   23.9   0.0     5    77     3    71     1    79 0.91 -
d1hh2p1b.40.4.5      -             72 d2ix0a2b.40.4.5.aln  -             93   2.7e-06   22.9   0.2   1   1   1.2e-07   2.8e-06   22.8   0.2     6    82     2    70     1    72 0.92 -
d1ne3a_b.40.4.5      -             68 d2ix0a2b.40.4.5.aln  -             93   3.7e-06   22.4   0.0   1   1   1.7e-07   3.9e-06   22.4   0.0    12    66     7    55     2    67 0.88 -
d1khia2b.40.4.5      -             71 d2ix0a2b.40.4.5.aln  -             93     1e-05   21.0   0.1   1   1   4.4e-07     1e-05   21.0   0.1     3    72     2    67     1    71 0.91 -
d2asba1b.40.4.5      -             76 d2ix0a2b.40.4.5.aln  -             93     2e-05   20.1   0.1   1   1   8.9e-07   2.1e-05   20.0   0.1     5    82     2    74     1    76 0.92 -
d1a62a2b.40.4.5      -             78 d2ix0a2b.40.4.5.aln  -             93   6.5e-05   18.4   0.0   1   1   3.3e-06   7.7e-05   18.2   0.0    10    85     3    71     1    76 0.92 -
d1t9ha1b.40.4.5      -             67 d2ix0a2b.40.4.5.aln  -             93   9.8e-05   17.9   0.1   1   1   4.2e-06   9.8e-05   17.9   0.1    11    74     2    58     1    67 0.90 -
d1bkba2b.40.4.5      -             65 d2ix0a2b.40.4.5.aln  -             93   0.00012   17.6   0.2   1   1   5.1e-06   0.00012   17.6   0.2    11    79     3    64     1    65 0.91 -
d1u0la1b.40.4.5      -             66 d2ix0a2b.40.4.5.aln  -             93   0.00069   15.2   0.2   1   1   3.4e-05    0.0008   15.0   0.2    12    72     4    55     2    66 0.86 -
d1c9oa_b.40.4.5      -             66 d2ix0a2b.40.4.5.aln  -             93    0.0026   13.3   0.1   1   1   0.00012    0.0027   13.3   0.1    10    79     3    62     1    66 0.90 -
#
# Program:         hmmsearch
# Version:         3.1b2 (February 2015)
# Pipeline mode:   SEARCH
# Query file:      hmmModels30/d2ix0a2b.40.4.5.hmm
# Target file:     scop/scopTestSeq.fasta
# Option settings: hmmsearch --domtblout hmmModels30/d2ix0a2b.40.4.5.out -E 1 hmmModels30/d2ix0a2b.40.4.5.hmm scop/scopTestSeq.fasta 
# Current dir:     /home/anastasia/SBAS/TME8
# Date:            Sat Apr  8 15:33:55 2023
# [ok]
