#                                                                            --- full sequence --- -------------- this domain -------------   hmm coord   ali coord   env coord
# target name        accession   tlen query name           accession   qlen   E-value  score  bias   #  of  c-Evalue  i-Evalue  score  bias  from    to  from    to  from    to  acc description of target
#------------------- ---------- ----- -------------------- ---------- ----- --------- ------ ----- --- --- --------- --------- ------ ----- ----- ----- ----- ----- ----- ----- ---- ---------------------
d1pvma4d.37.1.1      -            142 d2j9la1d.37.1.1.aln  -            136   1.1e-47  157.0   0.7   1   1   2.7e-49   1.2e-47  156.8   0.7     1   136     1   131     1   131 0.99 -
d2yzqa1d.37.1.1      -            156 d2j9la1d.37.1.1.aln  -            136   2.3e-46  152.7   0.1   1   1   5.9e-48   2.6e-46  152.5   0.1     2   131     3   156     2   156 0.98 -
d3ddja1d.37.1.1      -            141 d2j9la1d.37.1.1.aln  -            136   2.4e-38  126.7   6.4   1   1   6.2e-40   2.7e-38  126.5   6.4     3   135     2   134     1   135 0.98 -
d2v8qe2d.37.1.1      -            159 d2j9la1d.37.1.1.aln  -            136   7.2e-38  125.2   0.0   1   1   1.9e-39   8.1e-38  125.0   0.0     1   136    11   158    11   158 0.98 -
d2yzia1d.37.1.1      -            132 d2j9la1d.37.1.1.aln  -            136   1.6e-37  124.0   0.7   1   1   4.1e-39   1.8e-37  123.9   0.7     1   136     3   131     3   131 0.96 -
d1o50a3d.37.1.1      -            145 d2j9la1d.37.1.1.aln  -            136   2.4e-37  123.5   1.1   1   1   6.2e-39   2.7e-37  123.3   1.1     2   135     3   144     2   145 0.98 -
d2yzqa2d.37.1.1      -            122 d2j9la1d.37.1.1.aln  -            136   1.5e-36  120.9   1.9   1   1   3.8e-38   1.7e-36  120.7   1.9     3   135     1   121     1   122 0.96 -
d2d4za3d.37.1.1      -            161 d2j9la1d.37.1.1.aln  -            136   3.9e-35  116.3   0.0   1   1     1e-36   4.4e-35  116.1   0.0     1   131     9   160     9   161 0.99 -
d3ddja2d.37.1.1      -            135 d2j9la1d.37.1.1.aln  -            136   1.3e-34  114.6   0.1   1   1   3.4e-36   1.5e-34  114.4   0.1     3   133     1   133     1   135 0.97 -
d1y5ha3d.37.1.1      -            123 d2j9la1d.37.1.1.aln  -            136   4.1e-34  113.0   0.0   1   1     1e-35   4.5e-34  112.9   0.0     4   130     2   122     1   123 0.98 -
d2nyca1d.37.1.1      -            140 d2j9la1d.37.1.1.aln  -            136   3.8e-33  109.9   0.6   1   1   9.5e-35   4.2e-33  109.7   0.6     2   131     5   138     4   140 0.98 -
d1vr9a3d.37.1.1      -            121 d2j9la1d.37.1.1.aln  -            136   8.4e-33  108.8   0.0   1   1   2.2e-34   9.5e-33  108.6   0.0     3   134     1   120     1   121 0.97 -
d2rc3a1d.37.1.1      -            127 d2j9la1d.37.1.1.aln  -            136   1.2e-32  108.2   2.3   1   1     3e-34   1.3e-32  108.1   2.3     3   130     2   125     1   127 0.97 -
d2ouxa2d.37.1.1      -            127 d2j9la1d.37.1.1.aln  -            136   8.7e-32  105.5   6.6   1   1   2.2e-33   9.6e-32  105.3   6.6     4   134     2   125     1   127 0.97 -
d1pbja3d.37.1.1      -            120 d2j9la1d.37.1.1.aln  -            136   1.6e-31  104.7   6.3   1   1   3.9e-33   1.7e-31  104.5   6.3     4   130     1   119     1   120 0.94 -
d1zfja4d.37.1.1      -            126 d2j9la1d.37.1.1.aln  -            136   2.9e-30  100.5   0.1   1   1   7.4e-32   3.2e-30  100.4   0.1     9   135     3   121     1   122 0.94 -
d2riha_d.37.1.1      -            131 d2j9la1d.37.1.1.aln  -            136   4.8e-30   99.8   0.2   1   1   1.2e-31   5.4e-30   99.7   0.2     3   133     1   125     1   128 0.95 -
d2j9la1d.37.1.1      -            169 d2j9la1d.37.1.1.aln  -            136   1.4e-15   53.0   0.1   1   1   4.1e-17   1.8e-15   52.6   0.1    20   131    26   156    18   160 0.92 -
#
# Program:         hmmsearch
# Version:         3.1b2 (February 2015)
# Pipeline mode:   SEARCH
# Query file:      hmmModels30/d2j9la1d.37.1.1.hmm
# Target file:     scop/scopTestSeq.fasta
# Option settings: hmmsearch --domtblout hmmModels30/d2j9la1d.37.1.1.out -E 1 hmmModels30/d2j9la1d.37.1.1.hmm scop/scopTestSeq.fasta 
# Current dir:     /home/anastasia/SBAS/TME8
# Date:            Sat Apr  8 15:33:55 2023
# [ok]
