#                                                                            --- full sequence --- -------------- this domain -------------   hmm coord   ali coord   env coord
# target name        accession   tlen query name           accession   qlen   E-value  score  bias   #  of  c-Evalue  i-Evalue  score  bias  from    to  from    to  from    to  acc description of target
#------------------- ---------- ----- -------------------- ---------- ----- --------- ------ ----- --- --- --------- --------- ------ ----- ----- ----- ----- ----- ----- ----- ---- ---------------------
d1p0ha_d.108.1.1     -            308 d2jdca1d.108.1.1.aln -            175   4.5e-75  247.1   0.3   1   3   1.8e-72   3.3e-71  234.5   0.0     1   175     2   194     2   194 1.00 -
d1p0ha_d.108.1.1     -            308 d2jdca1d.108.1.1.aln -            175   4.5e-75  247.1   0.3   2   3      0.13       2.3    3.8   0.0    56   110   198   248   196   251 0.72 -
d1p0ha_d.108.1.1     -            308 d2jdca1d.108.1.1.aln -            175   4.5e-75  247.1   0.3   3   3     0.038       0.7    5.5   0.0   129   152   277   300   274   306 0.87 -
d2p0wa_d.108.1.1     -            319 d2jdca1d.108.1.1.aln -            175   2.5e-58  192.6   0.1   1   1     2e-59   3.7e-58  192.0   0.1     1   175    43   237    43   237 0.99 -
d1boba_d.108.1.1     -            315 d2jdca1d.108.1.1.aln -            175   1.9e-57  189.7   0.1   1   1   1.3e-58   2.3e-57  189.4   0.1     1   175    40   233    40   233 0.99 -
d2pq8a_d.108.1.1     -            271 d2jdca1d.108.1.1.aln -            175   2.1e-44  147.2   0.0   1   1   1.5e-45   2.8e-44  146.8   0.0     1   175    36   232    36   232 0.99 -
d1tiqa_d.108.1.1     -            173 d2jdca1d.108.1.1.aln -            175   1.8e-23   79.0   0.0   1   1   1.1e-24     2e-23   78.9   0.0     6   173     3   170     1   172 0.97 -
d1u6ma_d.108.1.1     -            189 d2jdca1d.108.1.1.aln -            175   7.2e-23   77.1   0.1   1   1   4.3e-24     8e-23   76.9   0.1     2   168    13   187    12   189 0.97 -
d1z4ea1d.108.1.1     -            150 d2jdca1d.108.1.1.aln -            175   1.1e-22   76.5   0.1   1   1   7.4e-24   1.4e-22   76.2   0.1    15   155    11   145     2   148 0.94 -
d1i12a_d.108.1.1     -            157 d2jdca1d.108.1.1.aln -            175   1.3e-22   76.2   0.0   1   1   8.6e-24   1.6e-22   76.0   0.0     5   158     6   155     3   157 0.96 -
d2cy2a1d.108.1.1     -            174 d2jdca1d.108.1.1.aln -            175   1.8e-21   72.6   1.1   1   1     1e-22   1.9e-21   72.5   1.1     3   168     3   167     1   174 0.91 -
d1ufha_d.108.1.1     -            155 d2jdca1d.108.1.1.aln -            175   3.4e-21   71.6   0.3   1   1     2e-22   3.7e-21   71.5   0.3    17   157    16   152     2   155 0.94 -
d2fiaa1d.108.1.1     -            157 d2jdca1d.108.1.1.aln -            175   6.2e-21   70.8   0.4   1   1   3.7e-22   6.7e-21   70.7   0.4     3   171     3   154     1   157 0.96 -
d2gana1d.108.1.1     -            182 d2jdca1d.108.1.1.aln -            175   7.5e-21   70.5   0.2   1   1   4.5e-22   8.2e-21   70.4   0.2     6   167    17   180    12   182 0.95 -
d1yk3a1d.108.1.1     -            198 d2jdca1d.108.1.1.aln -            175   9.1e-21   70.2   0.0   1   1   5.8e-22   1.1e-20   70.0   0.0    19   171    36   197    20   198 0.96 -
d1mk4a_d.108.1.1     -            157 d2jdca1d.108.1.1.aln -            175   2.5e-19   65.5   0.0   1   1   1.7e-20   3.1e-19   65.2   0.0     9   169     2   145     1   149 0.94 -
d1y9wa1d.108.1.1     -            140 d2jdca1d.108.1.1.aln -            175   8.4e-19   63.8   0.4   1   1   4.9e-20   8.9e-19   63.8   0.4    26   170     8   139     1   140 0.95 -
d1vkca_d.108.1.1     -            149 d2jdca1d.108.1.1.aln -            175   9.7e-19   63.6   1.0   1   1     6e-20   1.1e-18   63.5   1.0     9   153     5   142     1   148 0.90 -
d1y9ka1d.108.1.1     -            152 d2jdca1d.108.1.1.aln -            175   3.5e-18   61.8   0.0   1   1     2e-19   3.7e-18   61.7   0.0    25   173     3   150     1   152 0.94 -
d2b5ga_d.108.1.1     -            168 d2jdca1d.108.1.1.aln -            175   1.1e-17   60.2   0.0   1   1   7.1e-19   1.3e-17   60.0   0.0    17   166    15   161     6   166 0.90 -
d1n71a_d.108.1.1     -            180 d2jdca1d.108.1.1.aln -            175   2.4e-17   59.1   0.0   1   1   1.4e-18   2.6e-17   59.0   0.0     6   170     5   178     1   180 0.96 -
d2euia1d.108.1.1     -            153 d2jdca1d.108.1.1.aln -            175   4.9e-17   58.1   0.1   1   1   2.9e-18   5.3e-17   58.0   0.1    17   162     7   148     1   151 0.89 -
d1cjwa_d.108.1.1     -            166 d2jdca1d.108.1.1.aln -            175   1.1e-16   57.0   0.0   1   1   6.7e-18   1.2e-16   56.8   0.0    11   170     8   165     3   166 0.86 -
d1wwza1d.108.1.1     -            157 d2jdca1d.108.1.1.aln -            175   4.9e-16   54.8   0.2   1   1   3.1e-17   5.7e-16   54.6   0.2     7   159     5   151     1   155 0.95 -
d2ae6a1d.108.1.1     -            161 d2jdca1d.108.1.1.aln -            175   6.3e-16   54.5   0.0   1   1   4.1e-17   7.5e-16   54.2   0.0    28   170    21   156     2   160 0.84 -
d1qsma_d.108.1.1     -            150 d2jdca1d.108.1.1.aln -            175     1e-15   53.8   0.0   1   1   5.8e-17   1.1e-15   53.8   0.0    16   157     7   146     1   150 0.92 -
d2atra1d.108.1.1     -            137 d2jdca1d.108.1.1.aln -            175   5.4e-15   51.5   0.0   1   1   3.1e-16   5.8e-15   51.4   0.0    13   164     4   135     1   137 0.96 -
d1z4ra1d.108.1.1     -            162 d2jdca1d.108.1.1.aln -            175     1e-14   50.6   0.0   1   1   5.6e-16     1e-14   50.5   0.0    58   174    42   156     2   157 0.85 -
d2fiwa1d.108.1.1     -            156 d2jdca1d.108.1.1.aln -            175   1.4e-14   50.1   0.0   1   1   8.3e-16   1.5e-14   50.0   0.0    16   162     7   145     1   155 0.93 -
d2g3aa1d.108.1.1     -            137 d2jdca1d.108.1.1.aln -            175     2e-14   49.6   0.0   1   1   1.6e-15   2.9e-14   49.0   0.0    28   170    10   136     3   137 0.86 -
d1bo4a_d.108.1.1     -            137 d2jdca1d.108.1.1.aln -            175   2.2e-14   49.5   0.0   1   1   1.3e-15   2.4e-14   49.3   0.0    13   148     8   137     2   137 0.95 -
d2fl4a1d.108.1.1     -            146 d2jdca1d.108.1.1.aln -            175   3.6e-13   45.5   0.2   1   1   2.2e-14     4e-13   45.4   0.2    31   155    13   133     1   145 0.85 -
d1yx0a1d.108.1.1     -            151 d2jdca1d.108.1.1.aln -            175   2.1e-12   43.0   0.0   1   1   1.2e-13   2.2e-12   43.0   0.0    18   167     7   147     1   151 0.92 -
d2fcka1d.108.1.1     -            178 d2jdca1d.108.1.1.aln -            175   1.6e-11   40.1   0.1   1   1   1.1e-12   2.1e-11   39.8   0.1     9   155     8   158     3   173 0.81 -
d1ghea_d.108.1.1     -            170 d2jdca1d.108.1.1.aln -            175   1.6e-11   40.1   0.1   1   1   9.9e-13   1.8e-11   40.0   0.1     3   154     3   148     1   168 0.94 -
d1xeba_d.108.1.1     -            149 d2jdca1d.108.1.1.aln -            175     2e-11   39.8   0.6   1   1   1.5e-12   2.8e-11   39.3   0.6    10   166     3   146     2   148 0.86 -
d2aj6a1d.108.1.1     -            118 d2jdca1d.108.1.1.aln -            175   2.1e-11   39.7   0.0   1   1   1.4e-12   2.6e-11   39.5   0.0     5   129     2   115     1   117 0.91 -
d1y7ra1d.108.1.1     -            133 d2jdca1d.108.1.1.aln -            175   1.5e-10   36.9   0.0   1   1     9e-12   1.6e-10   36.8   0.0    74   154    45   124    28   133 0.88 -
d1q2ya_d.108.1.1     -            140 d2jdca1d.108.1.1.aln -            175   4.2e-10   35.5   0.1   1   1     3e-11   5.5e-10   35.1   0.1    46   168    23   138     4   140 0.84 -
d1nsla_d.108.1.1     -            180 d2jdca1d.108.1.1.aln -            175   2.8e-09   32.8   0.0   1   1   1.7e-10   3.1e-09   32.7   0.0     5   157     3   159     1   175 0.91 -
d2jdca1d.108.1.1     -            145 d2jdca1d.108.1.1.aln -            175     5e-08   28.7   0.2   1   1     5e-09   9.1e-08   27.9   0.2    77   153    53   126    45   133 0.89 -
d1m4ia_d.108.1.1     -            181 d2jdca1d.108.1.1.aln -            175   6.6e-06   21.8   0.1   1   1   3.9e-07   7.1e-06   21.7   0.1     4   175     3   181     1   181 0.94 -
d1xmta_d.108.1.1     -             95 d2jdca1d.108.1.1.aln -            175   0.00016   17.4   0.0   1   1   9.7e-06   0.00018   17.2   0.0    84   130    24    70     4    77 0.86 -
d1r57a_d.108.1.1     -            102 d2jdca1d.108.1.1.aln -            175   0.00016   17.4   0.0   1   1   1.1e-05    0.0002   17.0   0.0    85   138    28    85    22    92 0.86 -
d2fsra1d.108.1.1     -            164 d2jdca1d.108.1.1.aln -            175    0.0025   13.4   0.0   1   1   0.00016     0.003   13.2   0.0     7   148     4   143     2   162 0.86 -
#
# Program:         hmmsearch
# Version:         3.1b2 (February 2015)
# Pipeline mode:   SEARCH
# Query file:      hmmModels30/d2jdca1d.108.1.1.hmm
# Target file:     scop/scopTestSeq.fasta
# Option settings: hmmsearch --domtblout hmmModels30/d2jdca1d.108.1.1.out -E 1 hmmModels30/d2jdca1d.108.1.1.hmm scop/scopTestSeq.fasta 
# Current dir:     /home/anastasia/SBAS/TME8
# Date:            Sat Apr  8 15:33:55 2023
# [ok]
