#                                                                            --- full sequence --- -------------- this domain -------------   hmm coord   ali coord   env coord
# target name        accession   tlen query name           accession   qlen   E-value  score  bias   #  of  c-Evalue  i-Evalue  score  bias  from    to  from    to  from    to  acc description of target
#------------------- ---------- ----- -------------------- ---------- ----- --------- ------ ----- --- --- --------- --------- ------ ----- ----- ----- ----- ----- ----- ----- ---- ---------------------
d3n9ka_c.1.8.3       -            394 d2je8a5c.1.8.3.aln   -            355  3.4e-110  363.9  23.0   1   1  1.1e-111  3.9e-110  363.8  23.0     1   354    32   391    32   392 0.99 -
d1ur4a_c.1.8.3       -            387 d2je8a5c.1.8.3.aln   -            355  1.3e-105  348.9  12.6   1   1  3.9e-107  1.4e-105  348.8  12.6     2   354     3   381     2   382 0.99 -
d1uuqa_c.1.8.3       -            410 d2je8a5c.1.8.3.aln   -            355   1.7e-98  325.4  17.3   1   1  5.4e-100     2e-98  325.3  17.3     1   354     3   398     3   399 0.99 -
d1edga_c.1.8.3       -            380 d2je8a5c.1.8.3.aln   -            355   2.7e-98  324.8  16.1   1   1  8.4e-100     3e-98  324.7  16.1     1   355    25   380    25   380 0.99 -
d1ecea_c.1.8.3       -            358 d2je8a5c.1.8.3.aln   -            355   6.9e-78  257.7  15.3   1   1   2.1e-79   7.6e-78  257.6  15.3     5   354    12   355     8   356 0.98 -
d1rh9a1c.1.8.3       -            370 d2je8a5c.1.8.3.aln   -            355   1.6e-76  253.2   9.8   1   1   5.3e-78   1.9e-76  252.9   9.8     1   350     3   359     3   363 0.99 -
d1qw9a2c.1.8.3       -            367 d2je8a5c.1.8.3.aln   -            355   1.4e-75  250.1   1.1   1   1   4.5e-77   1.6e-75  249.9   1.1     5   354     2   366     1   367 0.99 -
d1ceoa_c.1.8.3       -            340 d2je8a5c.1.8.3.aln   -            355     2e-74  246.3   0.9   1   1   6.2e-76   2.2e-74  246.2   0.9    11   353     2   338     1   340 0.99 -
d1hjua_c.1.8.3       -            332 d2je8a5c.1.8.3.aln   -            355   8.2e-71  234.4  16.0   1   1   2.8e-72     1e-70  234.1  16.0    13   354     3   332     2   332 0.98 -
d1vjza_c.1.8.3       -            325 d2je8a5c.1.8.3.aln   -            355   3.3e-68  225.9   0.1   1   1     1e-69   3.6e-68  225.7   0.1    19   351     2   320     1   324 0.98 -
d1qnra_c.1.8.3       -            344 d2je8a5c.1.8.3.aln   -            355   2.5e-67  222.9  23.7   1   1   7.8e-69   2.8e-67  222.8  23.7     4   352     3   342     1   344 0.99 -
d2nt0a2c.1.8.3       -            354 d2je8a5c.1.8.3.aln   -            355   5.6e-64  211.9   0.0   1   1   1.8e-65   6.3e-64  211.8   0.0     2   353     1   351     1   353 0.99 -
d1odza_c.1.8.3       -            381 d2je8a5c.1.8.3.aln   -            355   1.3e-61  204.1  10.8   1   1   4.2e-63   1.5e-61  204.0  10.8     1   354     5   380     5   381 0.99 -
d1w91a2c.1.8.3       -            347 d2je8a5c.1.8.3.aln   -            355   2.2e-61  203.4   0.0   1   1     7e-63   2.5e-61  203.2   0.0     2   355     7   343     6   343 0.98 -
d2vzsa5c.1.8.3       -            339 d2je8a5c.1.8.3.aln   -            355   1.4e-56  187.6   1.1   1   1   4.5e-58   1.6e-56  187.4   1.1     2   351     2   338     1   339 0.99 -
d1h1na_c.1.8.3       -            305 d2je8a5c.1.8.3.aln   -            355   5.2e-56  185.7  14.3   1   1   1.6e-57   5.7e-56  185.6  14.3    10   349     4   304     1   305 0.98 -
d1jz8a5c.1.8.3       -            292 d2je8a5c.1.8.3.aln   -            355   1.6e-47  157.8   0.1   1   1     5e-49   1.8e-47  157.6   0.1     2   354     2   292     1   292 0.99 -
d7a3ha_c.1.8.3       -            300 d2je8a5c.1.8.3.aln   -            355   1.7e-45  151.1  11.5   1   1   5.7e-47     2e-45  150.9  11.5     4   334     6   289     3   300 0.94 -
d1bqca_c.1.8.3       -            302 d2je8a5c.1.8.3.aln   -            355   6.3e-45  149.3   8.2   1   1   2.2e-46   7.9e-45  149.0   8.2     7   352     2   297     1   299 0.94 -
d1nofa2c.1.8.3       -            277 d2je8a5c.1.8.3.aln   -            355   9.5e-39  129.0   3.8   1   1     3e-40   1.1e-38  128.8   3.8    18   352     1   275     1   277 0.98 -
d1i1wa_c.1.8.3       -            303 d2je8a5c.1.8.3.aln   -            355   2.7e-38  127.4   6.1   1   1   8.4e-40     3e-38  127.3   6.1    14   354     3   302     1   303 0.98 -
d2v3ga_c.1.8.3       -            273 d2je8a5c.1.8.3.aln   -            355   1.1e-30  102.4  23.3   1   1   3.4e-32   1.2e-30  102.3  23.3    17   348     3   269     1   273 0.96 -
#
# Program:         hmmsearch
# Version:         3.1b2 (February 2015)
# Pipeline mode:   SEARCH
# Query file:      hmmModels30/d2je8a5c.1.8.3.hmm
# Target file:     scop/scopTestSeq.fasta
# Option settings: hmmsearch --domtblout hmmModels30/d2je8a5c.1.8.3.out -E 1 hmmModels30/d2je8a5c.1.8.3.hmm scop/scopTestSeq.fasta 
# Current dir:     /home/anastasia/SBAS/TME8
# Date:            Sat Apr  8 15:33:55 2023
# [ok]
