#                                                                            --- full sequence --- -------------- this domain -------------   hmm coord   ali coord   env coord
# target name        accession   tlen query name           accession   qlen   E-value  score  bias   #  of  c-Evalue  i-Evalue  score  bias  from    to  from    to  from    to  acc description of target
#------------------- ---------- ----- -------------------- ---------- ----- --------- ------ ----- --- --- --------- --------- ------ ----- ----- ----- ----- ----- ----- ----- ---- ---------------------
d1d7qa_b.40.4.5      -            143 d2je6i1b.40.4.5.aln  -             94   1.3e-31  104.3   0.4   1   2   5.3e-33   1.3e-31  104.3   0.4     1    94     2   112     2   112 0.99 -
d1d7qa_b.40.4.5      -            143 d2je6i1b.40.4.5.aln  -             94   1.3e-31  104.3   0.4   2   2       5.6   1.4e+02   -1.1   0.2    48    70   116   138   113   140 0.76 -
d2vnud3b.40.4.5      -            148 d2je6i1b.40.4.5.aln  -             94   1.1e-27   91.9   0.0   1   1   5.4e-29   1.3e-27   91.5   0.0     1    94     9   119     9   119 0.99 -
d2nn6i1b.40.4.5      -            125 d2je6i1b.40.4.5.aln  -             94   1.9e-19   65.5   0.0   1   1   9.2e-21   2.3e-19   65.2   0.0     1    94     1   104     1   104 0.98 -
d1wi5a_b.40.4.5      -            119 d2je6i1b.40.4.5.aln  -             94   1.2e-16   56.6   0.1   1   1   5.5e-18   1.3e-16   56.4   0.1     2    94    11   106    10   106 0.98 -
d2uubl1b.40.4.5      -            118 d2je6i1b.40.4.5.aln  -             94   6.7e-16   54.2   2.3   1   1   3.1e-17   7.6e-16   54.0   2.3     1    93     9   111     9   112 0.98 -
d1go3e1b.40.4.5      -            106 d2je6i1b.40.4.5.aln  -             94   1.6e-15   53.0   0.5   1   1   7.3e-17   1.8e-15   52.8   0.5    11    94     2    89     1    89 0.98 -
d1jt8a_b.40.4.5      -            102 d2je6i1b.40.4.5.aln  -             94   4.1e-14   48.4   0.1   1   1   1.8e-15   4.4e-14   48.3   0.1     3    92     4   100     2   102 0.97 -
d3bzka4b.40.4.5      -             94 d2je6i1b.40.4.5.aln  -             94     6e-13   44.7   1.3   1   1   2.7e-14   6.7e-13   44.6   1.3     4    84    10    84     7    89 0.93 -
d1kl9a2b.40.4.5      -             86 d2je6i1b.40.4.5.aln  -             94   2.6e-12   42.7   0.8   1   1   1.1e-13   2.8e-12   42.6   0.8     2    87     3    84     2    86 0.93 -
d1luza_b.40.4.5      -             85 d2je6i1b.40.4.5.aln  -             94   5.6e-10   35.3   0.3   1   1   2.4e-11   5.9e-10   35.2   0.3     9    94     5    85     1    85 0.97 -
d2uubq1b.40.4.5      -            100 d2je6i1b.40.4.5.aln  -             94   1.4e-09   33.9   2.8   1   1   6.5e-11   1.6e-09   33.8   2.8     4    93     6    92     3    93 0.96 -
d1wfqa_b.40.4.5      -             89 d2je6i1b.40.4.5.aln  -             94   3.6e-08   29.5   0.0   1   1   1.5e-09   3.8e-08   29.4   0.0     2    83     3    85     2    89 0.94 -
d2vnud2b.40.4.5      -             88 d2je6i1b.40.4.5.aln  -             94   6.9e-08   28.6   0.4   1   1     3e-09   7.4e-08   28.5   0.4     6    87     3    87     1    88 0.95 -
d1jjga_b.40.4.5      -            102 d2je6i1b.40.4.5.aln  -             94   1.3e-07   27.7   0.3   1   1   5.6e-09   1.4e-07   27.6   0.3     7    87    10    94     5   101 0.92 -
d2nn6h1b.40.4.5      -             95 d2je6i1b.40.4.5.aln  -             94   3.6e-07   26.3   0.1   1   1   1.6e-08   3.9e-07   26.2   0.1     1    90     1    90     1    94 0.97 -
d1y14b1b.40.4.5      -             91 d2je6i1b.40.4.5.aln  -             94   4.8e-07   25.9   0.0   1   1   2.1e-08   5.1e-07   25.8   0.0     2    91     2    89     1    91 0.94 -
d2ja9a1b.40.4.5      -             90 d2je6i1b.40.4.5.aln  -             94   2.2e-06   23.8   0.0   1   1   9.4e-08   2.3e-06   23.7   0.0     5    88     9    88     5    90 0.94 -
d2ix0a1b.40.4.5      -             90 d2je6i1b.40.4.5.aln  -             94   4.3e-06   22.8   0.0   1   1   1.9e-07   4.7e-06   22.7   0.0     2    92     4    90     3    90 0.96 -
d2ix0a3b.40.4.5      -             87 d2je6i1b.40.4.5.aln  -             94   7.1e-06   22.1   0.1   1   1     3e-07   7.3e-06   22.1   0.1     5    86     4    84     1    87 0.86 -
d1khia2b.40.4.5      -             71 d2je6i1b.40.4.5.aln  -             94   1.1e-05   21.6   0.1   1   1   4.6e-07   1.1e-05   21.5   0.1     8    81     2    71     1    71 0.96 -
d2vnud1b.40.4.5      -             95 d2je6i1b.40.4.5.aln  -             94   1.2e-05   21.4   0.0   1   1   4.8e-07   1.2e-05   21.4   0.0     3    79     8    83     6    95 0.85 -
d1t9ha1b.40.4.5      -             67 d2je6i1b.40.4.5.aln  -             94   0.00012   18.2   0.2   1   1   5.2e-06   0.00013   18.1   0.2     6    78     1    65     1    67 0.88 -
d1e3pa2b.40.4.5      -             62 d2je6i1b.40.4.5.aln  -             94   0.00012   18.2   0.1   1   1   5.3e-06   0.00013   18.1   0.1    18    78     1    59     1    62 0.93 -
d1c9oa_b.40.4.5      -             66 d2je6i1b.40.4.5.aln  -             94   0.00035   16.8   0.1   1   1   1.5e-05   0.00036   16.7   0.1     7    77     3    64     1    66 0.90 -
d1hh2p1b.40.4.5      -             72 d2je6i1b.40.4.5.aln  -             94    0.0012   15.1   0.1   1   1   4.9e-05    0.0012   15.0   0.1     5    78     3    70     1    72 0.86 -
d1ueba2b.40.4.5      -             63 d2je6i1b.40.4.5.aln  -             94    0.0014   14.8   0.0   1   1   6.3e-05    0.0015   14.7   0.0    15    78     2    61     1    63 0.90 -
d3i4oa_b.40.4.5      -             68 d2je6i1b.40.4.5.aln  -             94     0.002   14.3   0.2   1   1   8.9e-05    0.0022   14.2   0.2     6    77     4    68     1    68 0.95 -
d1smxa_b.40.4.5      -             87 d2je6i1b.40.4.5.aln  -             94    0.0023   14.1   0.0   1   1   9.8e-05    0.0024   14.1   0.0     2    87     2    86     1    87 0.94 -
d1ne3a_b.40.4.5      -             68 d2je6i1b.40.4.5.aln  -             94    0.0028   13.9   0.1   1   1   0.00011    0.0028   13.9   0.1     8    76     5    67     1    68 0.89 -
d1x6oa2b.40.4.5      -             79 d2je6i1b.40.4.5.aln  -             94    0.0038   13.4   0.0   1   1   0.00016     0.004   13.4   0.0     9    78     5    76     1    79 0.93 -
d1a62a2b.40.4.5      -             78 d2je6i1b.40.4.5.aln  -             94    0.0038   13.4   0.0   1   1   0.00015    0.0038   13.4   0.0    13    81     9    74     1    78 0.93 -
d2ix0a2b.40.4.5      -             79 d2je6i1b.40.4.5.aln  -             94    0.0061   12.8   0.0   1   1    0.0003    0.0074   12.5   0.0     7    71    10    69     6    77 0.86 -
#
# Program:         hmmsearch
# Version:         3.1b2 (February 2015)
# Pipeline mode:   SEARCH
# Query file:      hmmModels30/d2je6i1b.40.4.5.hmm
# Target file:     scop/scopTestSeq.fasta
# Option settings: hmmsearch --domtblout hmmModels30/d2je6i1b.40.4.5.out -E 1 hmmModels30/d2je6i1b.40.4.5.hmm scop/scopTestSeq.fasta 
# Current dir:     /home/anastasia/SBAS/TME8
# Date:            Sat Apr  8 15:33:55 2023
# [ok]
