#                                                                            --- full sequence --- -------------- this domain -------------   hmm coord   ali coord   env coord
# target name        accession   tlen query name           accession   qlen   E-value  score  bias   #  of  c-Evalue  i-Evalue  score  bias  from    to  from    to  from    to  acc description of target
#------------------- ---------- ----- -------------------- ---------- ----- --------- ------ ----- --- --- --------- --------- ------ ----- ----- ----- ----- ----- ----- ----- ---- ---------------------
d1kola2c.2.1.1       -            195 d2jhfa2c.2.1.1.aln   -            180   4.6e-64  210.9   0.9   1   1     9e-66   5.1e-64  210.8   0.9     5   180     2   191     1   191 0.99 -
d1pqwa_c.2.1.1       -            183 d2jhfa2c.2.1.1.aln   -            180   2.4e-60  198.8   0.6   1   1   4.8e-62   2.7e-60  198.6   0.6     4   180     1   176     1   176 0.99 -
d1qora2c.2.1.1       -            179 d2jhfa2c.2.1.1.aln   -            180     5e-59  194.5   0.3   1   1   9.7e-61   5.5e-59  194.4   0.3     2   179     2   178     1   179 0.99 -
d2dm6a2c.2.1.1       -            182 d2jhfa2c.2.1.1.aln   -            180   4.4e-58  191.4   0.1   1   1   8.6e-60   4.9e-58  191.3   0.1     4   179     5   179     2   180 0.98 -
d1gu7a2c.2.1.1       -            189 d2jhfa2c.2.1.1.aln   -            180   2.2e-57  189.1   0.0   1   1   4.4e-59   2.5e-57  189.0   0.0     2   180     2   189     1   189 0.96 -
d1vj0a2c.2.1.1       -            182 d2jhfa2c.2.1.1.aln   -            180     8e-57  187.3   0.0   1   1   1.6e-58   8.8e-57  187.2   0.0     2   179     2   181     1   182 0.98 -
d1yb5a2c.2.1.1       -            174 d2jhfa2c.2.1.1.aln   -            180   1.1e-55  183.6   2.1   1   1   2.2e-57   1.3e-55  183.4   2.1     2   180     2   174     1   174 0.99 -
d1jqba2c.2.1.1       -            174 d2jhfa2c.2.1.1.aln   -            180   8.9e-53  174.1   2.6   1   1   1.7e-54   9.8e-53  174.0   2.6     4   175     3   173     1   174 0.98 -
d1pl8a2c.2.1.1       -            171 d2jhfa2c.2.1.1.aln   -            180   1.3e-48  160.6   3.5   1   1   2.5e-50   1.4e-48  160.5   3.5     5   170     3   170     1   171 0.98 -
d1o89a2c.2.1.1       -            177 d2jhfa2c.2.1.1.aln   -            180   1.9e-47  156.8   0.2   1   1   3.7e-49   2.1e-47  156.7   0.2     2   179     5   174     4   175 0.98 -
d1h2ba2c.2.1.1       -            172 d2jhfa2c.2.1.1.aln   -            180     2e-47  156.7   1.7   1   1   3.9e-49   2.2e-47  156.6   1.7     2   168     5   170     4   172 0.98 -
d1piwa2c.2.1.1       -            168 d2jhfa2c.2.1.1.aln   -            180   6.1e-44  145.4   0.0   1   1   1.2e-45   6.6e-44  145.3   0.0     3   170     3   166     1   168 0.98 -
d2jhfa2c.2.1.1       -            176 d2jhfa2c.2.1.1.aln   -            180   2.8e-15   52.0   0.8   1   1   5.6e-17   3.2e-15   51.8   0.8     9   108     9   108     3   165 0.87 -
d1luaa1c.2.1.7       -            191 d2jhfa2c.2.1.1.aln   -            180     0.057    8.6   8.0   1   1    0.0019      0.11    7.7   8.0    20    70    14    64     4    68 0.83 -
#
# Program:         hmmsearch
# Version:         3.1b2 (February 2015)
# Pipeline mode:   SEARCH
# Query file:      hmmModels30/d2jhfa2c.2.1.1.hmm
# Target file:     scop/scopTestSeq.fasta
# Option settings: hmmsearch --domtblout hmmModels30/d2jhfa2c.2.1.1.out -E 1 hmmModels30/d2jhfa2c.2.1.1.hmm scop/scopTestSeq.fasta 
# Current dir:     /home/anastasia/SBAS/TME8
# Date:            Sat Apr  8 15:33:55 2023
# [ok]
