#                                                                            --- full sequence --- -------------- this domain -------------   hmm coord   ali coord   env coord
# target name        accession   tlen query name           accession   qlen   E-value  score  bias   #  of  c-Evalue  i-Evalue  score  bias  from    to  from    to  from    to  acc description of target
#------------------- ---------- ----- -------------------- ---------- ----- --------- ------ ----- --- --- --------- --------- ------ ----- ----- ----- ----- ----- ----- ----- ---- ---------------------
d1piwa1b.35.1.2      -            193 d2jhfa1b.35.1.2.aln  -            179   2.1e-66  218.4   0.9   1   1   3.2e-68   2.3e-66  218.3   0.9     2   179     5   189     4   189 0.98 -
d1f8fa1b.35.1.2      -            195 d2jhfa1b.35.1.2.aln  -            179   1.5e-64  212.4   0.1   1   1   2.4e-66   1.7e-64  212.2   0.1     4   176     2   195     1   195 0.99 -
d1pl8a1b.35.1.2      -            186 d2jhfa1b.35.1.2.aln  -            179   9.7e-63  206.5   0.0   1   1   1.5e-64   1.1e-62  206.3   0.0     2   178     3   182     2   183 0.98 -
d1kola1b.35.1.2      -            202 d2jhfa1b.35.1.2.aln  -            179   7.2e-60  197.1   0.4   1   1   1.1e-61   8.1e-60  197.0   0.4     2   179     3   198     2   198 0.98 -
d1h2ba1b.35.1.2      -            172 d2jhfa1b.35.1.2.aln  -            179   1.3e-54  180.0   0.0   1   1     2e-56   1.4e-54  179.9   0.0     2   176     1   172     1   172 0.98 -
d1jqba1b.35.1.2      -            178 d2jhfa1b.35.1.2.aln  -            179     2e-54  179.4   0.0   1   1   3.1e-56   2.2e-54  179.3   0.0     9   177     2   174     1   176 0.98 -
d1gu7a1b.35.1.2      -            176 d2jhfa1b.35.1.2.aln  -            179     4e-46  152.3   0.0   1   1   6.2e-48   4.5e-46  152.2   0.0     2   178     2   175     1   176 0.97 -
d1yb5a1b.35.1.2      -            151 d2jhfa1b.35.1.2.aln  -            179     2e-43  143.5   0.0   1   1   3.5e-44   2.5e-42  140.0   0.0     2   176     1   150     1   151 0.97 -
d1o89a1b.35.1.2      -            147 d2jhfa1b.35.1.2.aln  -            179   2.4e-34  114.0   0.0   1   1   3.6e-36   2.6e-34  113.9   0.0     5   175     2   146     1   147 0.98 -
d2dm6a1b.35.1.2      -            148 d2jhfa1b.35.1.2.aln  -            179   7.9e-32  105.8   0.0   1   1   1.3e-33   9.6e-32  105.5   0.0     2   176     3   148     2   148 0.98 -
d2jhfa1b.35.1.2      -            199 d2jhfa1b.35.1.2.aln  -            179   3.5e-25   84.1   0.0   1   1   6.4e-27   4.6e-25   83.7   0.0    13   167    16   191     6   197 0.86 -
#
# Program:         hmmsearch
# Version:         3.1b2 (February 2015)
# Pipeline mode:   SEARCH
# Query file:      hmmModels30/d2jhfa1b.35.1.2.hmm
# Target file:     scop/scopTestSeq.fasta
# Option settings: hmmsearch --domtblout hmmModels30/d2jhfa1b.35.1.2.out -E 1 hmmModels30/d2jhfa1b.35.1.2.hmm scop/scopTestSeq.fasta 
# Current dir:     /home/anastasia/SBAS/TME8
# Date:            Sat Apr  8 15:33:55 2023
# [ok]
