#                                                                            --- full sequence --- -------------- this domain -------------   hmm coord   ali coord   env coord
# target name        accession   tlen query name           accession   qlen   E-value  score  bias   #  of  c-Evalue  i-Evalue  score  bias  from    to  from    to  from    to  acc description of target
#------------------- ---------- ----- -------------------- ---------- ----- --------- ------ ----- --- --- --------- --------- ------ ----- ----- ----- ----- ----- ----- ----- ---- ---------------------
d1kt7a_b.60.1.1      -            175 d2joza1b.60.1.1.aln  -            169   5.6e-55  181.5   0.2   1   1     1e-56   6.1e-55  181.3   0.2     2   166     2   175     1   175 0.99 -
d1i4ua_b.60.1.1      -            181 d2joza1b.60.1.1.aln  -            169   1.9e-54  179.7   0.6   1   1   3.5e-56   2.1e-54  179.6   0.6     1   169    12   177    12   177 0.99 -
d3s26a_b.60.1.1      -            176 d2joza1b.60.1.1.aln  -            169   5.4e-53  175.0   0.0   1   1   9.7e-55   5.9e-53  174.9   0.0     3   168     5   175     3   176 0.98 -
d1kxoa_b.60.1.1      -            171 d2joza1b.60.1.1.aln  -            169   4.8e-50  165.4   0.5   1   1   8.6e-52   5.2e-50  165.3   0.5     2   167     4   170     3   171 0.98 -
d1lf7a_b.60.1.1      -            171 d2joza1b.60.1.1.aln  -            169   7.2e-49  161.6   0.0   1   1   1.3e-50     8e-49  161.4   0.0     4   168     2   162     1   163 0.98 -
d1qwda_b.60.1.1      -            167 d2joza1b.60.1.1.aln  -            169   2.3e-48  160.0   0.0   1   1   4.2e-50   2.6e-48  159.8   0.0     2   162    12   166    11   167 0.98 -
d3kffa_b.60.1.1      -            152 d2joza1b.60.1.1.aln  -            169   2.7e-48  159.7   0.2   1   1   4.9e-50     3e-48  159.6   0.2    16   168     2   151     1   152 0.98 -
d1x8qa_b.60.1.1      -            184 d2joza1b.60.1.1.aln  -            169   6.2e-48  158.6   7.1   1   1   1.1e-49   6.9e-48  158.4   7.1     2   169     1   175     1   175 0.99 -
d3saoa_b.60.1.1      -            155 d2joza1b.60.1.1.aln  -            169   9.2e-48  158.0   0.3   1   1   1.7e-49     1e-47  157.8   0.3    18   168     1   149     1   150 0.98 -
d1epba_b.60.1.1      -            160 d2joza1b.60.1.1.aln  -            169   9.4e-46  151.5   0.1   1   1   1.7e-47     1e-45  151.3   0.1    12   167     1   154     1   156 0.99 -
d1qfta_b.60.1.1      -            175 d2joza1b.60.1.1.aln  -            169     4e-42  139.7   9.1   1   1   7.2e-44   4.4e-42  139.5   9.1     2   168     2   174     1   175 0.99 -
d1dzka_b.60.1.1      -            148 d2joza1b.60.1.1.aln  -            169   7.8e-38  125.7   0.1   1   1   1.4e-39   8.6e-38  125.6   0.1    19   167     2   148     1   148 0.99 -
d1xkia_b.60.1.1      -            139 d2joza1b.60.1.1.aln  -            169   2.5e-33  111.1   0.0   1   1   4.4e-35   2.7e-33  110.9   0.0    20   161     2   138     1   139 0.98 -
#
# Program:         hmmsearch
# Version:         3.1b2 (February 2015)
# Pipeline mode:   SEARCH
# Query file:      hmmModels30/d2joza1b.60.1.1.hmm
# Target file:     scop/scopTestSeq.fasta
# Option settings: hmmsearch --domtblout hmmModels30/d2joza1b.60.1.1.out -E 1 hmmModels30/d2joza1b.60.1.1.hmm scop/scopTestSeq.fasta 
# Current dir:     /home/anastasia/SBAS/TME8
# Date:            Sat Apr  8 15:33:55 2023
# [ok]
