#                                                                            --- full sequence --- -------------- this domain -------------   hmm coord   ali coord   env coord
# target name        accession   tlen query name           accession   qlen   E-value  score  bias   #  of  c-Evalue  i-Evalue  score  bias  from    to  from    to  from    to  acc description of target
#------------------- ---------- ----- -------------------- ---------- ----- --------- ------ ----- --- --- --------- --------- ------ ----- ----- ----- ----- ----- ----- ----- ---- ---------------------
d2k5ga1d.129.3.5     -            183 d2l65a1d.129.3.5.aln -            155   1.1e-56  186.7   0.0   1   1   1.6e-58   1.2e-56  186.5   0.0     2   154    14   165    13   166 0.98 -
d1xfsa_d.129.3.5     -            165 d2l65a1d.129.3.5.aln -            155   1.2e-55  183.3   0.1   1   1   1.7e-57   1.4e-55  183.1   0.1     4   155     2   165     1   165 0.99 -
d2il5a1d.129.3.5     -            164 d2l65a1d.129.3.5.aln -            155   2.8e-54  178.9   2.3   1   1   3.9e-56   3.1e-54  178.7   2.3     1   155     1   164     1   164 0.99 -
d1xuva_d.129.3.5     -            163 d2l65a1d.129.3.5.aln -            155   2.8e-50  165.9   0.1   1   1   3.9e-52   3.1e-50  165.7   0.1     2   154     7   160     6   161 0.99 -
d2nn5a1d.129.3.5     -            160 d2l65a1d.129.3.5.aln -            155   9.7e-47  154.4   0.2   1   1   1.4e-48   1.1e-46  154.2   0.2     2   154     7   148     6   149 0.98 -
d3elia1d.129.3.5     -            143 d2l65a1d.129.3.5.aln -            155   1.3e-45  150.7   0.1   1   1   1.8e-47   1.4e-45  150.6   0.1     8   150     2   143     1   143 0.98 -
d1z94a1d.129.3.5     -            143 d2l65a1d.129.3.5.aln -            155   1.6e-42  140.7   0.0   1   1   2.2e-44   1.7e-42  140.6   0.0     7   151     2   142     1   143 0.98 -
d1xn5a_d.129.3.5     -            138 d2l65a1d.129.3.5.aln -            155   1.6e-41  137.4   1.6   1   1   2.2e-43   1.8e-41  137.3   1.6     4   150     2   137     1   138 0.98 -
d1x53a1d.129.3.5     -            132 d2l65a1d.129.3.5.aln -            155     1e-35  118.6   0.3   1   1   1.4e-37   1.1e-35  118.4   0.3     5   153     2   131     1   132 0.98 -
d2l65a1d.129.3.5     -            155 d2l65a1d.129.3.5.aln -            155   1.9e-05   20.2   0.3   1   1   3.2e-07   2.5e-05   19.8   0.3    35   152    30   151    22   154 0.72 -
#
# Program:         hmmsearch
# Version:         3.1b2 (February 2015)
# Pipeline mode:   SEARCH
# Query file:      hmmModels30/d2l65a1d.129.3.5.hmm
# Target file:     scop/scopTestSeq.fasta
# Option settings: hmmsearch --domtblout hmmModels30/d2l65a1d.129.3.5.out -E 1 hmmModels30/d2l65a1d.129.3.5.hmm scop/scopTestSeq.fasta 
# Current dir:     /home/anastasia/SBAS/TME8
# Date:            Sat Apr  8 15:33:55 2023
# [ok]
