#                                                                            --- full sequence --- -------------- this domain -------------   hmm coord   ali coord   env coord
# target name        accession   tlen query name           accession   qlen   E-value  score  bias   #  of  c-Evalue  i-Evalue  score  bias  from    to  from    to  from    to  acc description of target
#------------------- ---------- ----- -------------------- ---------- ----- --------- ------ ----- --- --- --------- --------- ------ ----- ----- ----- ----- ----- ----- ----- ---- ---------------------
d3c07a2a.121.1.1     -            146 d2np3a2a.121.1.1.aln -            125   8.5e-46  150.7   1.8   1   1   3.9e-47   1.1e-45  150.4   1.8     4   125     1   123     1   123 0.99 -
d1z0xa2a.121.1.1     -            149 d2np3a2a.121.1.1.aln -            125   8.1e-38  125.0   0.0   1   1   3.3e-39   9.1e-38  124.8   0.0     1   124     5   136     5   137 0.99 -
d2g7la2a.121.1.1     -            144 d2np3a2a.121.1.1.aln -            125   4.4e-26   87.1   7.3   1   1   1.8e-27     5e-26   86.9   7.3     3   124     9   133     7   134 0.97 -
d2fbqa2a.121.1.1     -            134 d2np3a2a.121.1.1.aln -            125   7.5e-20   67.0   0.6   1   1     3e-21   8.2e-20   66.9   0.6     2   124     2   129     1   130 0.98 -
d1rkta2a.121.1.1     -            123 d2np3a2a.121.1.1.aln -            125   2.2e-19   65.5   0.0   1   1   8.5e-21   2.3e-19   65.4   0.0     5   121     4   120     1   123 0.96 -
d2i10a2a.121.1.1     -            116 d2np3a2a.121.1.1.aln -            125   2.7e-19   65.2   3.4   1   1   1.1e-20   2.9e-19   65.1   3.4     3   119     4   115     2   116 0.97 -
d2g3ba2a.121.1.1     -            116 d2np3a2a.121.1.1.aln -            125   1.1e-17   60.0   1.3   1   1   4.4e-19   1.2e-17   59.9   1.3     7   121     6   115     1   116 0.94 -
d1t56a2a.121.1.1     -            120 d2np3a2a.121.1.1.aln -            125   2.7e-17   58.7   2.1   1   1   1.1e-18   2.9e-17   58.6   2.1     2   119     2   118     1   120 0.97 -
d2gfna2a.121.1.1     -            119 d2np3a2a.121.1.1.aln -            125   1.3e-16   56.5   6.4   1   1   5.2e-18   1.4e-16   56.4   6.4     3   120     4   118     2   119 0.97 -
d1t33a2a.121.1.1     -            132 d2np3a2a.121.1.1.aln -            125   1.5e-16   56.4   0.2   1   1   6.1e-18   1.7e-16   56.2   0.2     1   123     4   131     4   132 0.98 -
d2g7ga2a.121.1.1     -            132 d2np3a2a.121.1.1.aln -            125   2.7e-16   55.6   8.1   1   1   1.1e-17   2.9e-16   55.4   8.1     4   124     8   131     5   132 0.97 -
d2id3a2a.121.1.1     -            123 d2np3a2a.121.1.1.aln -            125   3.9e-16   55.0   6.4   1   1   1.5e-17   4.1e-16   54.9   6.4     4   123     5   119     2   121 0.96 -
d2g7sa2a.121.1.1     -            116 d2np3a2a.121.1.1.aln -            125     6e-16   54.4   2.1   1   1   2.4e-17   6.5e-16   54.3   2.1     1   119     1   115     1   116 0.97 -
d2hyja2a.121.1.1     -            118 d2np3a2a.121.1.1.aln -            125   7.5e-16   54.1   5.3   1   1   3.3e-17   8.9e-16   53.9   5.3     4   120     5   116     3   118 0.97 -
d2id6a2a.121.1.1     -            125 d2np3a2a.121.1.1.aln -            125   1.3e-15   53.3   0.0   1   1     5e-17   1.4e-15   53.3   0.0     1   115     1   118     1   125 0.96 -
d2gena2a.121.1.1     -            118 d2np3a2a.121.1.1.aln -            125   2.1e-15   52.7   6.2   1   1   8.2e-17   2.2e-15   52.6   6.2     4   122     2   115     1   118 0.95 -
d1vi0a2a.121.1.1     -            117 d2np3a2a.121.1.1.aln -            125   4.3e-15   51.6   0.0   1   1   1.7e-16   4.6e-15   51.5   0.0     7   124     3   116     1   117 0.96 -
d1ui5a2a.121.1.1     -            133 d2np3a2a.121.1.1.aln -            125   2.3e-14   49.3   2.3   1   1   9.1e-16   2.5e-14   49.2   2.3     3   123     6   131     4   133 0.97 -
d2hkua2a.121.1.1     -            121 d2np3a2a.121.1.1.aln -            125   2.7e-14   49.1   0.1   1   1     1e-15   2.8e-14   49.0   0.1    11   121     8   120     1   121 0.92 -
d2d6ya2a.121.1.1     -            118 d2np3a2a.121.1.1.aln -            125   4.7e-14   48.3   1.5   1   1   1.9e-15   5.2e-14   48.2   1.5     1   120     2   117     2   118 0.98 -
d2fx0a2a.121.1.1     -            122 d2np3a2a.121.1.1.aln -            125   4.8e-14   48.3   0.0   1   1   1.9e-15   5.1e-14   48.2   0.0     4   124     4   121     1   122 0.97 -
d1zk8a2a.121.1.1     -            105 d2np3a2a.121.1.1.aln -            125   2.8e-13   45.8   0.0   1   1   1.1e-14   3.1e-13   45.7   0.0    16   123     2   105     1   105 0.97 -
d2np5a2a.121.1.1     -            118 d2np3a2a.121.1.1.aln -            125   7.1e-12   41.3   4.6   1   1   2.9e-13   7.9e-12   41.1   4.6     2   122     4   114     3   117 0.97 -
d2fq4a2a.121.1.1     -            115 d2np3a2a.121.1.1.aln -            125   9.7e-12   40.8   0.0   1   1   3.8e-13     1e-11   40.7   0.0     4   121     2   114     1   115 0.97 -
d2oi8a2a.121.1.1     -            130 d2np3a2a.121.1.1.aln -            125   5.5e-11   38.4   3.0   1   1   2.3e-12   6.3e-11   38.2   3.0     1   120     1   125     1   129 0.96 -
d1sgma2a.121.1.1     -            111 d2np3a2a.121.1.1.aln -            125     8e-11   37.9   0.0   1   1   3.1e-12   8.5e-11   37.8   0.0    12   120     6   111     1   111 0.95 -
d2iu5a2a.121.1.1     -            109 d2np3a2a.121.1.1.aln -            125   1.3e-10   37.2   0.0   1   1   5.1e-12   1.4e-10   37.1   0.0     4   117     2   108     1   109 0.97 -
d2fd5a2a.121.1.1     -            104 d2np3a2a.121.1.1.aln -            125   2.5e-10   36.3   2.7   1   1   9.8e-12   2.7e-10   36.2   2.7     7   119     4   103     1   104 0.97 -
d2o7ta2a.121.1.1     -            110 d2np3a2a.121.1.1.aln -            125   6.9e-06   22.0   0.0   1   1   2.7e-07   7.5e-06   21.8   0.0     5   121     2   109     1   110 0.94 -
#
# Program:         hmmsearch
# Version:         3.1b2 (February 2015)
# Pipeline mode:   SEARCH
# Query file:      hmmModels30/d2np3a2a.121.1.1.hmm
# Target file:     scop/scopTestSeq.fasta
# Option settings: hmmsearch --domtblout hmmModels30/d2np3a2a.121.1.1.out -E 1 hmmModels30/d2np3a2a.121.1.1.hmm scop/scopTestSeq.fasta 
# Current dir:     /home/anastasia/SBAS/TME8
# Date:            Sat Apr  8 15:33:55 2023
# [ok]
