#                                                                            --- full sequence --- -------------- this domain -------------   hmm coord   ali coord   env coord
# target name        accession   tlen query name           accession   qlen   E-value  score  bias   #  of  c-Evalue  i-Evalue  score  bias  from    to  from    to  from    to  acc description of target
#------------------- ---------- ----- -------------------- ---------- ----- --------- ------ ----- --- --- --------- --------- ------ ----- ----- ----- ----- ----- ----- ----- ---- ---------------------
d1t33a1a.4.1.9       -             88 d2np3a1a.4.1.9.aln   -             75   1.2e-31  104.0   1.6   1   1   3.5e-33   1.3e-31  103.8   1.6     1    75     8    81     8    81 0.98 -
d2id6a1a.4.1.9       -             75 d2np3a1a.4.1.9.aln   -             75   3.7e-27   89.5   0.3   1   1   1.1e-28     4e-27   89.5   0.3     4    74     2    72     1    73 0.97 -
d1vi0a1a.4.1.9       -             72 d2np3a1a.4.1.9.aln   -             75   5.3e-27   89.1   0.1   1   1   1.5e-28   5.6e-27   89.0   0.1     6    74     2    70     1    71 0.97 -
d1rkta1a.4.1.9       -             81 d2np3a1a.4.1.9.aln   -             75   1.5e-26   87.6   0.2   1   1   4.5e-28   1.7e-26   87.5   0.2     1    74     7    80     7    81 0.98 -
d1ui5a1a.4.1.9       -             71 d2np3a1a.4.1.9.aln   -             75   1.5e-24   81.2   1.8   1   1   4.2e-26   1.6e-24   81.1   1.8     2    69     2    69     1    71 0.94 -
d2oi8a1a.4.1.9       -             79 d2np3a1a.4.1.9.aln   -             75   4.6e-24   79.7   0.8   1   1   1.3e-25   4.9e-24   79.5   0.8     2    73     6    77     5    79 0.97 -
d2gena1a.4.1.9       -             70 d2np3a1a.4.1.9.aln   -             75   8.7e-24   78.8   0.7   1   1   2.5e-25   9.2e-24   78.7   0.7     6    73     1    68     1    70 0.96 -
d2gfna1a.4.1.9       -             77 d2np3a1a.4.1.9.aln   -             75   5.1e-23   76.3   0.3   1   1   1.4e-24   5.4e-23   76.2   0.3     2    73     3    74     2    76 0.96 -
d2i10a1a.4.1.9       -             69 d2np3a1a.4.1.9.aln   -             75   6.2e-23   76.0   0.0   1   1   1.7e-24   6.5e-23   76.0   0.0     9    72     4    67     1    69 0.95 -
d2o7ta1a.4.1.9       -             78 d2np3a1a.4.1.9.aln   -             75   1.7e-22   74.7   0.0   1   1   4.7e-24   1.7e-22   74.6   0.0     2    73     4    75     3    77 0.95 -
d2iu5a1a.4.1.9       -             71 d2np3a1a.4.1.9.aln   -             75   3.5e-22   73.6   0.1   1   1   9.9e-24   3.7e-22   73.5   0.1     2    69     3    70     2    71 0.95 -
d1t56a1a.4.1.9       -             73 d2np3a1a.4.1.9.aln   -             75     4e-22   73.4   0.0   1   1   1.1e-23   4.2e-22   73.3   0.0     4    74     2    72     1    73 0.97 -
d2np5a1a.4.1.9       -             69 d2np3a1a.4.1.9.aln   -             75   5.2e-22   73.1   0.2   1   1   1.4e-23   5.4e-22   73.0   0.2     7    71     3    67     1    69 0.96 -
d2g7sa1a.4.1.9       -             74 d2np3a1a.4.1.9.aln   -             75   5.8e-22   72.9   0.0   1   1   1.6e-23     6e-22   72.9   0.0     3    74     2    73     1    74 0.95 -
d2fd5a1a.4.1.9       -             76 d2np3a1a.4.1.9.aln   -             75   6.1e-22   72.8   0.1   1   1   1.9e-23   7.2e-22   72.6   0.1     2    71     4    73     3    75 0.97 -
d2hyja1a.4.1.9       -             75 d2np3a1a.4.1.9.aln   -             75   4.1e-21   70.2   0.2   1   1   1.1e-22   4.3e-21   70.1   0.2     2    72     2    72     1    75 0.96 -
d1sgma1a.4.1.9       -             73 d2np3a1a.4.1.9.aln   -             75   5.6e-21   69.7   0.0   1   1   1.6e-22     6e-21   69.7   0.0     5    74     2    71     1    72 0.96 -
d1zk8a1a.4.1.9       -             72 d2np3a1a.4.1.9.aln   -             75   6.6e-19   63.1   0.1   1   1   1.8e-20   6.9e-19   63.1   0.1     6    74     4    72     1    72 0.97 -
d2id3a1a.4.1.9       -             68 d2np3a1a.4.1.9.aln   -             75   9.2e-17   56.3   0.1   1   1   2.5e-18   9.5e-17   56.2   0.1     4    66     5    67     2    68 0.95 -
d2np3a1a.4.1.9       -             65 d2np3a1a.4.1.9.aln   -             75   5.6e-16   53.7   0.5   1   1   2.1e-17   7.9e-16   53.3   0.5    10    58     1    49     1    63 0.96 -
d2g7ga1a.4.1.9       -             65 d2np3a1a.4.1.9.aln   -             75   6.1e-16   53.6   0.0   1   1   1.7e-17   6.4e-16   53.5   0.0     6    70     2    64     1    65 0.96 -
#
# Program:         hmmsearch
# Version:         3.1b2 (February 2015)
# Pipeline mode:   SEARCH
# Query file:      hmmModels30/d2np3a1a.4.1.9.hmm
# Target file:     scop/scopTestSeq.fasta
# Option settings: hmmsearch --domtblout hmmModels30/d2np3a1a.4.1.9.out -E 1 hmmModels30/d2np3a1a.4.1.9.hmm scop/scopTestSeq.fasta 
# Current dir:     /home/anastasia/SBAS/TME8
# Date:            Sat Apr  8 15:33:55 2023
# [ok]
