#                                                                            --- full sequence --- -------------- this domain -------------   hmm coord   ali coord   env coord
# target name        accession   tlen query name           accession   qlen   E-value  score  bias   #  of  c-Evalue  i-Evalue  score  bias  from    to  from    to  from    to  acc description of target
#------------------- ---------- ----- -------------------- ---------- ----- --------- ------ ----- --- --- --------- --------- ------ ----- ----- ----- ----- ----- ----- ----- ---- ---------------------
d1t33a1a.4.1.9       -             88 d2np5a1a.4.1.9.aln   -             75   7.4e-31  101.3   1.9   1   1   2.3e-32   8.5e-31  101.1   1.9     1    75     8    81     8    81 0.98 -
d2id6a1a.4.1.9       -             75 d2np5a1a.4.1.9.aln   -             75   3.3e-27   89.6   0.3   1   1   9.4e-29   3.5e-27   89.5   0.3     4    74     2    72     1    73 0.96 -
d1vi0a1a.4.1.9       -             72 d2np5a1a.4.1.9.aln   -             75   2.1e-26   87.0   0.1   1   1   5.8e-28   2.2e-26   86.9   0.1     6    74     2    70     1    71 0.96 -
d1rkta1a.4.1.9       -             81 d2np5a1a.4.1.9.aln   -             75   2.6e-26   86.7   0.1   1   1   7.6e-28   2.8e-26   86.6   0.1     1    74     7    80     7    81 0.98 -
d1ui5a1a.4.1.9       -             71 d2np5a1a.4.1.9.aln   -             75   1.2e-24   81.3   1.8   1   1   3.4e-26   1.3e-24   81.3   1.8     2    69     2    69     1    71 0.94 -
d2oi8a1a.4.1.9       -             79 d2np5a1a.4.1.9.aln   -             75   8.8e-24   78.6   0.7   1   1   2.5e-25   9.4e-24   78.5   0.7     2    73     6    77     5    79 0.97 -
d2gena1a.4.1.9       -             70 d2np5a1a.4.1.9.aln   -             75   8.9e-24   78.6   0.7   1   1   2.5e-25   9.4e-24   78.5   0.7     6    73     1    68     1    70 0.96 -
d2gfna1a.4.1.9       -             77 d2np5a1a.4.1.9.aln   -             75   2.1e-23   77.4   0.3   1   1     6e-25   2.2e-23   77.3   0.3     2    74     3    75     2    76 0.97 -
d1sgma1a.4.1.9       -             73 d2np5a1a.4.1.9.aln   -             75   2.7e-23   77.1   0.0   1   1   7.5e-25   2.8e-23   77.0   0.0     5    74     2    72     1    73 0.97 -
d2i10a1a.4.1.9       -             69 d2np5a1a.4.1.9.aln   -             75   8.4e-23   75.5   0.0   1   1   2.3e-24   8.7e-23   75.4   0.0     9    72     4    67     1    69 0.95 -
d1t56a1a.4.1.9       -             73 d2np5a1a.4.1.9.aln   -             75   3.5e-22   73.5   0.0   1   1   9.9e-24   3.7e-22   73.4   0.0     4    74     2    72     1    73 0.97 -
d2g7sa1a.4.1.9       -             74 d2np5a1a.4.1.9.aln   -             75   3.9e-22   73.3   0.0   1   1   1.1e-23   4.1e-22   73.2   0.0     4    73     3    72     1    74 0.95 -
d2iu5a1a.4.1.9       -             71 d2np5a1a.4.1.9.aln   -             75   7.8e-22   72.4   0.1   1   1   2.2e-23   8.1e-22   72.3   0.1     2    68     3    69     2    71 0.95 -
d2fd5a1a.4.1.9       -             76 d2np5a1a.4.1.9.aln   -             75   1.4e-21   71.6   0.0   1   1   3.9e-23   1.4e-21   71.5   0.0     2    71     4    73     3    76 0.96 -
d2hyja1a.4.1.9       -             75 d2np5a1a.4.1.9.aln   -             75   3.3e-21   70.4   0.2   1   1   9.1e-23   3.4e-21   70.3   0.2     2    72     2    72     1    75 0.96 -
d2np3a1a.4.1.9       -             65 d2np5a1a.4.1.9.aln   -             75   7.2e-21   69.3   0.3   1   1   2.1e-22   7.9e-21   69.1   0.3    10    70     1    61     1    65 0.93 -
d2o7ta1a.4.1.9       -             78 d2np5a1a.4.1.9.aln   -             75   5.5e-20   66.4   0.0   1   1   1.6e-21   5.8e-20   66.3   0.0     2    73     4    76     3    78 0.92 -
d1zk8a1a.4.1.9       -             72 d2np5a1a.4.1.9.aln   -             75   1.4e-18   62.0   0.1   1   1   3.8e-20   1.4e-18   61.9   0.1     6    73     4    71     1    72 0.97 -
d2id3a1a.4.1.9       -             68 d2np5a1a.4.1.9.aln   -             75     9e-17   56.1   0.0   1   1   2.5e-18   9.3e-17   56.1   0.0     4    65     5    66     2    68 0.94 -
d2np5a1a.4.1.9       -             69 d2np5a1a.4.1.9.aln   -             75   7.7e-16   53.2   0.1   1   1   2.2e-17   8.5e-16   53.0   0.1     8    70     4    66     2    69 0.95 -
d2g7ga1a.4.1.9       -             65 d2np5a1a.4.1.9.aln   -             75   1.2e-15   52.6   0.0   1   1   3.3e-17   1.2e-15   52.5   0.0     6    70     2    64     1    65 0.96 -
#
# Program:         hmmsearch
# Version:         3.1b2 (February 2015)
# Pipeline mode:   SEARCH
# Query file:      hmmModels30/d2np5a1a.4.1.9.hmm
# Target file:     scop/scopTestSeq.fasta
# Option settings: hmmsearch --domtblout hmmModels30/d2np5a1a.4.1.9.out -E 1 hmmModels30/d2np5a1a.4.1.9.hmm scop/scopTestSeq.fasta 
# Current dir:     /home/anastasia/SBAS/TME8
# Date:            Sat Apr  8 15:33:55 2023
# [ok]
