#                                                                            --- full sequence --- -------------- this domain -------------   hmm coord   ali coord   env coord
# target name        accession   tlen query name           accession   qlen   E-value  score  bias   #  of  c-Evalue  i-Evalue  score  bias  from    to  from    to  from    to  acc description of target
#------------------- ---------- ----- -------------------- ---------- ----- --------- ------ ----- --- --- --------- --------- ------ ----- ----- ----- ----- ----- ----- ----- ---- ---------------------
d2hlja1d.38.1.1      -            156 d2nuja1d.38.1.1.aln  -            138     7e-51  167.4   0.0   1   1   1.6e-52     8e-51  167.2   0.0     1   138     1   139     1   139 0.99 -
d1vpma_d.38.1.1      -            155 d2nuja1d.38.1.1.aln  -            138   4.2e-47  155.1   0.1   1   1   9.7e-49   4.8e-47  154.9   0.1     1   137     7   140     7   141 0.98 -
d2oafa1d.38.1.1      -            143 d2nuja1d.38.1.1.aln  -            138     6e-42  138.4   0.0   1   1   1.3e-43   6.6e-42  138.3   0.0     2   136     6   142     5   143 0.98 -
d3bjka_d.38.1.1      -            140 d2nuja1d.38.1.1.aln  -            138   8.9e-42  137.9   0.0   1   1     2e-43   9.7e-42  137.7   0.0     3   135     3   135     1   138 0.97 -
d2hx5a1d.38.1.1      -            144 d2nuja1d.38.1.1.aln  -            138     1e-41  137.7   0.0   1   1   2.3e-43   1.1e-41  137.5   0.0     2   137     4   140     3   141 0.99 -
d1lo7a_d.38.1.1      -            140 d2nuja1d.38.1.1.aln  -            138   1.9e-40  133.6   0.0   1   1   4.2e-42   2.1e-40  133.4   0.0     3   138     2   139     1   139 0.98 -
d2gvha1d.38.1.1      -            135 d2nuja1d.38.1.1.aln  -            138   3.8e-39  129.3   0.1   1   1   8.5e-41   4.2e-39  129.2   0.1     2   134     6   135     5   135 0.98 -
d2gf6a1d.38.1.1      -            134 d2nuja1d.38.1.1.aln  -            138   4.3e-39  129.2   0.0   1   1   9.5e-41   4.7e-39  129.0   0.0     2   133     3   133     2   134 0.98 -
d2oiwa1d.38.1.1      -            131 d2nuja1d.38.1.1.aln  -            138   3.4e-38  126.3   0.3   1   1   7.6e-40   3.7e-38  126.1   0.3     4   137     1   130     1   131 0.99 -
d3qy3a1d.38.1.1      -            130 d2nuja1d.38.1.1.aln  -            138   4.3e-38  125.9   0.0   1   1   9.6e-40   4.7e-38  125.8   0.0     3   131     2   129     1   130 0.98 -
d1s5ua_d.38.1.1      -            129 d2nuja1d.38.1.1.aln  -            138   4.8e-38  125.8   0.6   1   1   1.1e-39   5.2e-38  125.6   0.6     4   131     2   128     1   129 0.98 -
d1njka_d.38.1.1      -            133 d2nuja1d.38.1.1.aln  -            138   2.3e-37  123.6   0.1   1   1   5.1e-39   2.5e-37  123.4   0.1     4   136     1   133     1   133 0.99 -
d2nuja1d.38.1.1      -            159 d2nuja1d.38.1.1.aln  -            138     4e-09   32.1   0.0   1   1   1.2e-10   5.8e-09   31.6   0.0     7   124    26   143    21   149 0.79 -
d2hboa1d.38.1.5      -            142 d2nuja1d.38.1.1.aln  -            138    0.0003   16.3   0.0   1   1   7.8e-06   0.00039   15.9   0.0     9    70    36    96    30   113 0.89 -
d1wlua_d.38.1.5      -            117 d2nuja1d.38.1.1.aln  -            138    0.0021   13.6   0.0   1   1   5.3e-05    0.0026   13.3   0.0    11    82    27    95    21   113 0.76 -
d3f5oa_d.38.1.5      -            138 d2nuja1d.38.1.1.aln  -            138    0.0058   12.1   0.0   1   1   0.00016    0.0077   11.7   0.0     8    79    40   111    34   132 0.86 -
#
# Program:         hmmsearch
# Version:         3.1b2 (February 2015)
# Pipeline mode:   SEARCH
# Query file:      hmmModels30/d2nuja1d.38.1.1.hmm
# Target file:     scop/scopTestSeq.fasta
# Option settings: hmmsearch --domtblout hmmModels30/d2nuja1d.38.1.1.out -E 1 hmmModels30/d2nuja1d.38.1.1.hmm scop/scopTestSeq.fasta 
# Current dir:     /home/anastasia/SBAS/TME8
# Date:            Sat Apr  8 15:33:55 2023
# [ok]
