#                                                                            --- full sequence --- -------------- this domain -------------   hmm coord   ali coord   env coord
# target name        accession   tlen query name           accession   qlen   E-value  score  bias   #  of  c-Evalue  i-Evalue  score  bias  from    to  from    to  from    to  acc description of target
#------------------- ---------- ----- -------------------- ---------- ----- --------- ------ ----- --- --- --------- --------- ------ ----- ----- ----- ----- ----- ----- ----- ---- ---------------------
d1t33a1a.4.1.9       -             88 d2o7ta1a.4.1.9.aln   -             74   1.5e-30  100.5   1.7   1   1   4.6e-32   1.7e-30  100.3   1.7     1    74     9    81     9    81 0.98 -
d2id6a1a.4.1.9       -             75 d2o7ta1a.4.1.9.aln   -             74     3e-27   89.9   0.3   1   1   8.6e-29   3.2e-27   89.8   0.3     4    73     3    72     1    73 0.96 -
d1vi0a1a.4.1.9       -             72 d2o7ta1a.4.1.9.aln   -             74   1.1e-26   88.1   0.1   1   1   3.2e-28   1.2e-26   88.0   0.1     5    73     2    70     1    71 0.97 -
d1rkta1a.4.1.9       -             81 d2o7ta1a.4.1.9.aln   -             74   2.9e-26   86.7   0.1   1   1   8.6e-28   3.2e-26   86.6   0.1     1    73     8    80     8    81 0.97 -
d1ui5a1a.4.1.9       -             71 d2o7ta1a.4.1.9.aln   -             74   1.3e-24   81.4   1.9   1   1   3.7e-26   1.4e-24   81.3   1.9     2    69     3    70     2    71 0.95 -
d2gfna1a.4.1.9       -             77 d2o7ta1a.4.1.9.aln   -             74   8.2e-24   78.9   0.4   1   1   2.3e-25   8.8e-24   78.8   0.4     2    73     4    75     3    76 0.96 -
d2gena1a.4.1.9       -             70 d2o7ta1a.4.1.9.aln   -             74   9.9e-24   78.6   0.7   1   1   2.8e-25     1e-23   78.5   0.7     5    72     1    68     1    70 0.96 -
d2oi8a1a.4.1.9       -             79 d2o7ta1a.4.1.9.aln   -             74     1e-23   78.5   0.7   1   1     3e-25   1.1e-23   78.4   0.7     2    72     7    77     6    79 0.97 -
d1sgma1a.4.1.9       -             73 d2o7ta1a.4.1.9.aln   -             74   1.4e-23   78.1   0.0   1   1   4.1e-25   1.5e-23   78.0   0.0     4    73     2    72     1    73 0.97 -
d2i10a1a.4.1.9       -             69 d2o7ta1a.4.1.9.aln   -             74   7.9e-23   75.7   0.0   1   1   2.2e-24   8.2e-23   75.7   0.0     7    71     3    67     1    69 0.95 -
d2np5a1a.4.1.9       -             69 d2o7ta1a.4.1.9.aln   -             74   2.6e-22   74.1   0.2   1   1   7.1e-24   2.7e-22   74.0   0.2     6    70     3    67     1    69 0.96 -
d2g7sa1a.4.1.9       -             74 d2o7ta1a.4.1.9.aln   -             74   2.7e-22   74.0   0.0   1   1   7.4e-24   2.8e-22   74.0   0.0     3    73     3    73     1    74 0.96 -
d1t56a1a.4.1.9       -             73 d2o7ta1a.4.1.9.aln   -             74   4.5e-22   73.3   0.0   1   1   1.3e-23   4.8e-22   73.2   0.0     3    73     2    72     1    73 0.97 -
d2iu5a1a.4.1.9       -             71 d2o7ta1a.4.1.9.aln   -             74   4.7e-22   73.2   0.1   1   1   1.3e-23     5e-22   73.2   0.1     3    68     5    70     3    71 0.95 -
d2fd5a1a.4.1.9       -             76 d2o7ta1a.4.1.9.aln   -             74   6.4e-22   72.8   0.1   1   1   1.8e-23   6.8e-22   72.7   0.1     1    70     4    73     4    76 0.97 -
d2hyja1a.4.1.9       -             75 d2o7ta1a.4.1.9.aln   -             74   1.7e-21   71.4   0.2   1   1   4.9e-23   1.8e-21   71.3   0.2     2    71     3    72     2    75 0.96 -
d2np3a1a.4.1.9       -             65 d2o7ta1a.4.1.9.aln   -             74   4.1e-21   70.2   0.3   1   1   1.2e-22   4.5e-21   70.1   0.3     9    69     1    61     1    65 0.93 -
d1zk8a1a.4.1.9       -             72 d2o7ta1a.4.1.9.aln   -             74   6.8e-19   63.1   0.1   1   1   1.9e-20   7.1e-19   63.0   0.1     5    72     4    71     1    72 0.97 -
d2id3a1a.4.1.9       -             68 d2o7ta1a.4.1.9.aln   -             74   1.5e-16   55.6   0.1   1   1   4.1e-18   1.5e-16   55.6   0.1     3    65     5    67     3    68 0.95 -
d2g7ga1a.4.1.9       -             65 d2o7ta1a.4.1.9.aln   -             74   1.4e-15   52.5   0.0   1   1   3.8e-17   1.4e-15   52.5   0.0     5    69     2    64     1    65 0.96 -
d2o7ta1a.4.1.9       -             78 d2o7ta1a.4.1.9.aln   -             74   2.9e-07   25.8   0.0   1   1   9.2e-09   3.4e-07   25.6   0.0     4    60     7    63     4    69 0.92 -
#
# Program:         hmmsearch
# Version:         3.1b2 (February 2015)
# Pipeline mode:   SEARCH
# Query file:      hmmModels30/d2o7ta1a.4.1.9.hmm
# Target file:     scop/scopTestSeq.fasta
# Option settings: hmmsearch --domtblout hmmModels30/d2o7ta1a.4.1.9.out -E 1 hmmModels30/d2o7ta1a.4.1.9.hmm scop/scopTestSeq.fasta 
# Current dir:     /home/anastasia/SBAS/TME8
# Date:            Sat Apr  8 15:33:56 2023
# [ok]
