#                                                                            --- full sequence --- -------------- this domain -------------   hmm coord   ali coord   env coord
# target name        accession   tlen query name           accession   qlen   E-value  score  bias   #  of  c-Evalue  i-Evalue  score  bias  from    to  from    to  from    to  acc description of target
#------------------- ---------- ----- -------------------- ---------- ----- --------- ------ ----- --- --- --------- --------- ------ ----- ----- ----- ----- ----- ----- ----- ---- ---------------------
d1z0xa2a.121.1.1     -            149 d2o7ta2a.121.1.1.aln -            124   2.4e-36  119.6   0.0   1   1     1e-37   2.7e-36  119.4   0.0     2   123     2   127     1   128 0.99 -
d3c07a2a.121.1.1     -            146 d2o7ta2a.121.1.1.aln -            124   1.9e-35  116.6   1.9   1   1   8.4e-37   2.3e-35  116.4   1.9     3   124     2   123     1   123 0.98 -
d1ui5a2a.121.1.1     -            133 d2o7ta2a.121.1.1.aln -            124   1.6e-27   91.1   0.5   1   1   7.1e-29   1.9e-27   90.9   0.5     8   123     3   118     1   119 0.97 -
d2fbqa2a.121.1.1     -            134 d2o7ta2a.121.1.1.aln -            124   5.4e-23   76.6   0.2   1   1   2.2e-24     6e-23   76.4   0.2     3   124     7   132     5   132 0.98 -
d2g7la2a.121.1.1     -            144 d2o7ta2a.121.1.1.aln -            124   6.7e-23   76.3   9.5   1   1   2.7e-24   7.4e-23   76.1   9.5     1   123     3   129     3   130 0.98 -
d2id3a2a.121.1.1     -            123 d2o7ta2a.121.1.1.aln -            124   6.1e-21   70.0   7.0   1   1   2.4e-22   6.6e-21   69.9   7.0     2   120     3   121     2   123 0.97 -
d1rkta2a.121.1.1     -            123 d2o7ta2a.121.1.1.aln -            124   1.2e-20   69.0   0.0   1   1   4.9e-22   1.3e-20   68.9   0.0     5   122     4   121     1   123 0.96 -
d2i10a2a.121.1.1     -            116 d2o7ta2a.121.1.1.aln -            124     2e-19   65.1   3.8   1   1   7.8e-21   2.1e-19   65.0   3.8     6   114     7   115     2   116 0.96 -
d2hyja2a.121.1.1     -            118 d2o7ta2a.121.1.1.aln -            124   7.2e-19   63.3   5.5   1   1   2.8e-20   7.6e-19   63.2   5.5     5   116     6   117     2   118 0.96 -
d2g3ba2a.121.1.1     -            116 d2o7ta2a.121.1.1.aln -            124   9.6e-19   62.9   2.1   1   1   3.8e-20     1e-18   62.8   2.1     3   117     2   116     1   116 0.97 -
d2d6ya2a.121.1.1     -            118 d2o7ta2a.121.1.1.aln -            124   1.1e-18   62.8   1.2   1   1   4.2e-20   1.1e-18   62.6   1.2     5   119     2   116     1   118 0.98 -
d2gfna2a.121.1.1     -            119 d2o7ta2a.121.1.1.aln -            124   1.8e-18   62.0   7.2   1   1   7.3e-20     2e-18   61.9   7.2     5   119     4   118     1   119 0.97 -
d2id6a2a.121.1.1     -            125 d2o7ta2a.121.1.1.aln -            124   4.1e-18   60.9   0.0   1   1   1.6e-19   4.4e-18   60.8   0.0     4   122     4   122     1   124 0.97 -
d1t33a2a.121.1.1     -            132 d2o7ta2a.121.1.1.aln -            124   6.1e-18   60.3   0.1   1   1   2.5e-19   6.7e-18   60.2   0.1     2   122     3   127     2   129 0.97 -
d1t56a2a.121.1.1     -            120 d2o7ta2a.121.1.1.aln -            124   7.4e-18   60.0   2.2   1   1   2.9e-19   7.9e-18   59.9   2.2     4   120     2   118     1   120 0.98 -
d2g7ga2a.121.1.1     -            132 d2o7ta2a.121.1.1.aln -            124   1.8e-17   58.8   8.7   1   1   7.2e-19     2e-17   58.7   8.7     2   124     6   132     5   132 0.98 -
d2fx0a2a.121.1.1     -            122 d2o7ta2a.121.1.1.aln -            124   7.2e-17   56.9   0.0   1   1   2.8e-18   7.6e-17   56.8   0.0     4   120     4   120     1   122 0.96 -
d1vi0a2a.121.1.1     -            117 d2o7ta2a.121.1.1.aln -            124   1.3e-16   56.1   0.0   1   1     5e-18   1.4e-16   56.0   0.0     6   121     2   117     1   117 0.97 -
d2g7sa2a.121.1.1     -            116 d2o7ta2a.121.1.1.aln -            124   1.6e-15   52.5   2.0   1   1   6.5e-17   1.8e-15   52.4   2.0     5   115     1   115     1   116 0.97 -
d2gena2a.121.1.1     -            118 d2o7ta2a.121.1.1.aln -            124   1.3e-14   49.6   6.8   1   1   5.1e-16   1.4e-14   49.5   6.8     3   121     2   118     1   118 0.97 -
d2oi8a2a.121.1.1     -            130 d2o7ta2a.121.1.1.aln -            124   6.8e-14   47.3   3.4   1   1   2.7e-15   7.3e-14   47.2   3.4     2   122     2   126     1   128 0.97 -
d2fq4a2a.121.1.1     -            115 d2o7ta2a.121.1.1.aln -            124   1.5e-13   46.2   0.0   1   1   5.7e-15   1.6e-13   46.1   0.0     5   115     3   113     1   115 0.95 -
d2hkua2a.121.1.1     -            121 d2o7ta2a.121.1.1.aln -            124   1.7e-13   46.0   0.1   1   1   6.8e-15   1.8e-13   45.9   0.1     3   120     3   120     1   121 0.97 -
d2np5a2a.121.1.1     -            118 d2o7ta2a.121.1.1.aln -            124   1.2e-12   43.3   3.8   1   1   5.1e-14   1.4e-12   43.1   3.8     3   122     3   115     1   117 0.96 -
d1sgma2a.121.1.1     -            111 d2o7ta2a.121.1.1.aln -            124   1.5e-11   39.8   0.0   1   1   5.8e-13   1.6e-11   39.7   0.0     6   114     2   110     1   111 0.96 -
d2iu5a2a.121.1.1     -            109 d2o7ta2a.121.1.1.aln -            124   4.8e-11   38.1   0.0   1   1     2e-12   5.4e-11   37.9   0.0     9   117     3   109     1   109 0.97 -
d2np3a2a.121.1.1     -            112 d2o7ta2a.121.1.1.aln -            124   1.8e-09   33.1   7.3   1   1   8.3e-11   2.3e-09   32.7   7.3     2   121     2   108     1   111 0.97 -
d1zk8a2a.121.1.1     -            105 d2o7ta2a.121.1.1.aln -            124   1.8e-09   33.1   0.0   1   1   7.6e-11   2.1e-09   32.9   0.0    17   119     7   105     2   105 0.96 -
d2fd5a2a.121.1.1     -            104 d2o7ta2a.121.1.1.aln -            124   1.7e-08   29.9   3.5   1   1   7.3e-10     2e-08   29.7   3.5     6   109     4    99     1   103 0.95 -
#
# Program:         hmmsearch
# Version:         3.1b2 (February 2015)
# Pipeline mode:   SEARCH
# Query file:      hmmModels30/d2o7ta2a.121.1.1.hmm
# Target file:     scop/scopTestSeq.fasta
# Option settings: hmmsearch --domtblout hmmModels30/d2o7ta2a.121.1.1.out -E 1 hmmModels30/d2o7ta2a.121.1.1.hmm scop/scopTestSeq.fasta 
# Current dir:     /home/anastasia/SBAS/TME8
# Date:            Sat Apr  8 15:33:56 2023
# [ok]
