#                                                                            --- full sequence --- -------------- this domain -------------   hmm coord   ali coord   env coord
# target name        accession   tlen query name           accession   qlen   E-value  score  bias   #  of  c-Evalue  i-Evalue  score  bias  from    to  from    to  from    to  acc description of target
#------------------- ---------- ----- -------------------- ---------- ----- --------- ------ ----- --- --- --------- --------- ------ ----- ----- ----- ----- ----- ----- ----- ---- ---------------------
d1z0xa2a.121.1.1     -            149 d2oi8a2a.121.1.1.aln -            121   2.7e-39  129.5   0.0   1   1   1.4e-40   3.7e-39  129.0   0.0     1   121     1   121     1   121 0.99 -
d3c07a2a.121.1.1     -            146 d2oi8a2a.121.1.1.aln -            121   2.5e-28   94.2   1.3   1   1   1.1e-29   3.1e-28   93.9   1.3     1   121     1   121     1   121 0.99 -
d1t33a2a.121.1.1     -            132 d2oi8a2a.121.1.1.aln -            121   1.6e-25   85.2   0.2   1   1   6.4e-27   1.8e-25   85.1   0.2     2   120     6   126     5   127 0.98 -
d2g7la2a.121.1.1     -            144 d2oi8a2a.121.1.1.aln -            121   1.8e-25   85.0   8.4   1   1   7.6e-27   2.1e-25   84.8   8.4     2   121     2   123     1   123 0.99 -
d1ui5a2a.121.1.1     -            133 d2oi8a2a.121.1.1.aln -            121     1e-23   79.4   0.3   1   1   4.5e-25   1.2e-23   79.1   0.3     7   119     3   115     1   117 0.97 -
d2fbqa2a.121.1.1     -            134 d2oi8a2a.121.1.1.aln -            121   1.5e-20   69.2   0.2   1   1     6e-22   1.6e-20   69.1   0.2     2   120     3   123     2   124 0.98 -
d2hyja2a.121.1.1     -            118 d2oi8a2a.121.1.1.aln -            121   3.6e-20   68.0   5.1   1   1   1.5e-21     4e-20   67.8   5.1     3   116     5   118     3   118 0.97 -
d2gfna2a.121.1.1     -            119 d2oi8a2a.121.1.1.aln -            121     1e-19   66.5   6.3   1   1     4e-21   1.1e-19   66.4   6.3     3   118     3   118     1   119 0.97 -
d1rkta2a.121.1.1     -            123 d2oi8a2a.121.1.1.aln -            121   2.3e-19   65.4   0.0   1   1   9.1e-21   2.5e-19   65.3   0.0     2   120     2   120     1   121 0.98 -
d2g7ga2a.121.1.1     -            132 d2oi8a2a.121.1.1.aln -            121   1.2e-18   63.1   7.2   1   1   4.8e-20   1.3e-18   63.0   7.2     2   118     2   118     1   121 0.98 -
d2i10a2a.121.1.1     -            116 d2oi8a2a.121.1.1.aln -            121   4.4e-18   61.3   2.9   1   1   1.7e-19   4.7e-18   61.2   2.9     3   113     5   115     3   116 0.97 -
d2gena2a.121.1.1     -            118 d2oi8a2a.121.1.1.aln -            121   1.2e-17   59.8   5.3   1   1   4.8e-19   1.3e-17   59.7   5.3     3   120     3   118     1   118 0.98 -
d2id3a2a.121.1.1     -            123 d2oi8a2a.121.1.1.aln -            121   2.8e-17   58.7   5.5   1   1   1.1e-18     3e-17   58.6   5.5     2   119     4   121     3   123 0.97 -
d2id6a2a.121.1.1     -            125 d2oi8a2a.121.1.1.aln -            121   6.5e-17   57.5   0.0   1   1   2.6e-18     7e-17   57.4   0.0     3   119     4   120     2   122 0.97 -
d2g3ba2a.121.1.1     -            116 d2oi8a2a.121.1.1.aln -            121   1.3e-16   56.6   1.9   1   1     5e-18   1.4e-16   56.5   1.9     2   116     2   116     1   116 0.98 -
d1t56a2a.121.1.1     -            120 d2oi8a2a.121.1.1.aln -            121   1.5e-16   56.4   1.5   1   1   6.2e-18   1.7e-16   56.2   1.5     1   114     3   116     3   119 0.98 -
d2d6ya2a.121.1.1     -            118 d2oi8a2a.121.1.1.aln -            121   1.6e-16   56.2   0.8   1   1   6.4e-18   1.8e-16   56.1   0.8     4   119     2   117     1   118 0.98 -
d1vi0a2a.121.1.1     -            117 d2oi8a2a.121.1.1.aln -            121     4e-16   55.0   0.0   1   1   1.6e-17   4.3e-16   54.9   0.0     6   119     3   116     1   117 0.96 -
d2fx0a2a.121.1.1     -            122 d2oi8a2a.121.1.1.aln -            121     5e-14   48.2   0.0   1   1   1.9e-15   5.3e-14   48.1   0.0     3   118     4   119     2   122 0.95 -
d2np5a2a.121.1.1     -            118 d2oi8a2a.121.1.1.aln -            121   1.3e-13   46.8   3.4   1   1   5.4e-15   1.5e-13   46.7   3.4     1   120     2   114     2   115 0.97 -
d2iu5a2a.121.1.1     -            109 d2oi8a2a.121.1.1.aln -            121   3.7e-13   45.4   0.0   1   1   1.5e-14     4e-13   45.3   0.0     8   116     3   109     1   109 0.98 -
d2g7sa2a.121.1.1     -            116 d2oi8a2a.121.1.1.aln -            121     6e-13   44.8   1.7   1   1   2.4e-14   6.4e-13   44.7   1.7     5   114     7   115     3   116 0.94 -
d2hkua2a.121.1.1     -            121 d2oi8a2a.121.1.1.aln -            121   2.8e-12   42.6   0.1   1   1   1.1e-13     3e-12   42.5   0.1     2   119     3   120     2   121 0.97 -
d1sgma2a.121.1.1     -            111 d2oi8a2a.121.1.1.aln -            121   2.2e-11   39.7   0.0   1   1   8.6e-13   2.3e-11   39.6   0.0     3   113     5   110     3   111 0.93 -
d2fq4a2a.121.1.1     -            115 d2oi8a2a.121.1.1.aln -            121     3e-11   39.3   0.0   1   1   1.2e-12   3.2e-11   39.2   0.0     4   115     3   114     1   115 0.96 -
d2np3a2a.121.1.1     -            112 d2oi8a2a.121.1.1.aln -            121   1.3e-10   37.3   6.5   1   1   6.5e-12   1.8e-10   36.8   6.5     1   120     2   108     2   109 0.97 -
d2fd5a2a.121.1.1     -            104 d2oi8a2a.121.1.1.aln -            121   1.7e-10   36.8   2.1   1   1   7.6e-12   2.1e-10   36.6   2.1     6   109     5   100     2   104 0.95 -
d1zk8a2a.121.1.1     -            105 d2oi8a2a.121.1.1.aln -            121     4e-07   26.0   0.0   1   1   1.6e-08   4.4e-07   25.9   0.0     9   117     2   104     1   105 0.97 -
d2o7ta2a.121.1.1     -            110 d2oi8a2a.121.1.1.aln -            121   4.6e-07   25.8   0.0   1   1   1.8e-08     5e-07   25.7   0.0     1   116     1   110     1   110 0.97 -
#
# Program:         hmmsearch
# Version:         3.1b2 (February 2015)
# Pipeline mode:   SEARCH
# Query file:      hmmModels30/d2oi8a2a.121.1.1.hmm
# Target file:     scop/scopTestSeq.fasta
# Option settings: hmmsearch --domtblout hmmModels30/d2oi8a2a.121.1.1.out -E 1 hmmModels30/d2oi8a2a.121.1.1.hmm scop/scopTestSeq.fasta 
# Current dir:     /home/anastasia/SBAS/TME8
# Date:            Sat Apr  8 15:33:56 2023
# [ok]
