#                                                                            --- full sequence --- -------------- this domain -------------   hmm coord   ali coord   env coord
# target name        accession   tlen query name           accession   qlen   E-value  score  bias   #  of  c-Evalue  i-Evalue  score  bias  from    to  from    to  from    to  acc description of target
#------------------- ---------- ----- -------------------- ---------- ----- --------- ------ ----- --- --- --------- --------- ------ ----- ----- ----- ----- ----- ----- ----- ---- ---------------------
d2nuja1d.38.1.1      -            159 d2oiwa1d.38.1.1.aln  -            138   1.7e-55  182.2   0.0   1   1   3.5e-57   1.9e-55  182.0   0.0     2   137    19   154    18   155 0.98 -
d2hx5a1d.38.1.1      -            144 d2oiwa1d.38.1.1.aln  -            138   1.6e-48  159.6   0.0   1   1   3.2e-50   1.8e-48  159.5   0.0     1   136     1   143     1   144 0.99 -
d1vpma_d.38.1.1      -            155 d2oiwa1d.38.1.1.aln  -            138   3.2e-45  148.9   0.1   1   1   6.6e-47   3.7e-45  148.7   0.1     2   137     6   138     5   139 0.98 -
d2oafa1d.38.1.1      -            143 d2oiwa1d.38.1.1.aln  -            138   3.1e-41  136.1   0.0   1   1     6e-43   3.4e-41  135.9   0.0     1   137     3   141     3   142 0.99 -
d1s5ua_d.38.1.1      -            129 d2oiwa1d.38.1.1.aln  -            138   1.2e-40  134.2   1.0   1   1   2.3e-42   1.3e-40  134.0   1.0     6   133     2   129     1   129 0.99 -
d2gf6a1d.38.1.1      -            134 d2oiwa1d.38.1.1.aln  -            138   1.9e-40  133.5   0.0   1   1   3.7e-42   2.1e-40  133.3   0.0     3   134     2   132     1   134 0.98 -
d1lo7a_d.38.1.1      -            140 d2oiwa1d.38.1.1.aln  -            138   4.1e-40  132.4   0.0   1   1     8e-42   4.5e-40  132.3   0.0     6   137     3   139     1   140 0.98 -
d3bjka_d.38.1.1      -            140 d2oiwa1d.38.1.1.aln  -            138   6.6e-40  131.7   0.0   1   1   1.3e-41   7.1e-40  131.6   0.0     6   136     4   134     1   136 0.97 -
d2hlja1d.38.1.1      -            156 d2oiwa1d.38.1.1.aln  -            138   5.5e-39  128.7   0.1   1   1   1.1e-40   6.2e-39  128.6   0.1     1   137     7   142     7   143 0.99 -
d1njka_d.38.1.1      -            133 d2oiwa1d.38.1.1.aln  -            138   1.4e-36  121.0   0.0   1   1   2.7e-38   1.5e-36  120.8   0.0     6   137     1   132     1   133 0.98 -
d2gvha1d.38.1.1      -            135 d2oiwa1d.38.1.1.aln  -            138   1.9e-36  120.5   0.1   1   1   3.8e-38   2.1e-36  120.4   0.1     2   135     4   134     3   135 0.98 -
d3qy3a1d.38.1.1      -            130 d2oiwa1d.38.1.1.aln  -            138   4.8e-35  116.0   0.1   1   1   9.3e-37   5.2e-35  115.9   0.1     6   133     3   129     1   130 0.98 -
d2oiwa1d.38.1.1      -            131 d2oiwa1d.38.1.1.aln  -            138   2.9e-08   29.3   0.1   1   1   2.2e-09   1.2e-07   27.2   0.1    13   135     8   126     1   128 0.73 -
d1wlua_d.38.1.5      -            117 d2oiwa1d.38.1.1.aln  -            138    0.0011   14.4   0.0   1   1   2.4e-05    0.0013   14.1   0.0    13    92    27   103    17   114 0.87 -
#
# Program:         hmmsearch
# Version:         3.1b2 (February 2015)
# Pipeline mode:   SEARCH
# Query file:      hmmModels30/d2oiwa1d.38.1.1.hmm
# Target file:     scop/scopTestSeq.fasta
# Option settings: hmmsearch --domtblout hmmModels30/d2oiwa1d.38.1.1.out -E 1 hmmModels30/d2oiwa1d.38.1.1.hmm scop/scopTestSeq.fasta 
# Current dir:     /home/anastasia/SBAS/TME8
# Date:            Sat Apr  8 15:33:56 2023
# [ok]
