#                                                                            --- full sequence --- -------------- this domain -------------   hmm coord   ali coord   env coord
# target name        accession   tlen query name           accession   qlen   E-value  score  bias   #  of  c-Evalue  i-Evalue  score  bias  from    to  from    to  from    to  acc description of target
#------------------- ---------- ----- -------------------- ---------- ----- --------- ------ ----- --- --- --------- --------- ------ ----- ----- ----- ----- ----- ----- ----- ---- ---------------------
d1t33a1a.4.1.9       -             88 d2oi8a1a.4.1.9.aln   -             75   5.4e-32  105.0   1.6   1   1   1.6e-33   6.2e-32  104.9   1.6     1    75     8    81     8    81 0.98 -
d2id6a1a.4.1.9       -             75 d2oi8a1a.4.1.9.aln   -             75   1.4e-27   90.9   0.3   1   1     4e-29   1.5e-27   90.8   0.3     4    74     2    72     1    73 0.97 -
d1rkta1a.4.1.9       -             81 d2oi8a1a.4.1.9.aln   -             75   2.4e-27   90.1   0.2   1   1     7e-29   2.6e-27   90.0   0.2     1    74     7    80     7    81 0.98 -
d1vi0a1a.4.1.9       -             72 d2oi8a1a.4.1.9.aln   -             75   9.7e-27   88.2   0.1   1   1   2.8e-28     1e-26   88.1   0.1     6    74     2    70     1    71 0.97 -
d1ui5a1a.4.1.9       -             71 d2oi8a1a.4.1.9.aln   -             75   8.6e-25   82.0   1.9   1   1   2.4e-26     9e-25   81.9   1.9     2    69     2    69     1    71 0.94 -
d2gena1a.4.1.9       -             70 d2oi8a1a.4.1.9.aln   -             75   1.1e-23   78.4   0.7   1   1   3.2e-25   1.2e-23   78.3   0.7     6    71     1    66     1    70 0.95 -
d2i10a1a.4.1.9       -             69 d2oi8a1a.4.1.9.aln   -             75   1.1e-22   75.3   0.0   1   1   2.9e-24   1.1e-22   75.2   0.0     8    72     3    67     1    69 0.95 -
d2o7ta1a.4.1.9       -             78 d2oi8a1a.4.1.9.aln   -             75   1.4e-22   74.9   0.0   1   1     4e-24   1.5e-22   74.8   0.0     2    73     4    75     3    77 0.95 -
d2gfna1a.4.1.9       -             77 d2oi8a1a.4.1.9.aln   -             75   1.4e-22   74.9   0.3   1   1     4e-24   1.5e-22   74.8   0.3     2    73     3    74     2    76 0.96 -
d2g7sa1a.4.1.9       -             74 d2oi8a1a.4.1.9.aln   -             75   1.7e-22   74.6   0.0   1   1   4.8e-24   1.8e-22   74.5   0.0     3    74     2    73     1    74 0.96 -
d2iu5a1a.4.1.9       -             71 d2oi8a1a.4.1.9.aln   -             75   1.9e-22   74.5   0.1   1   1   5.3e-24     2e-22   74.4   0.1     2    69     3    70     2    71 0.95 -
d1t56a1a.4.1.9       -             73 d2oi8a1a.4.1.9.aln   -             75   3.4e-22   73.6   0.0   1   1   9.6e-24   3.6e-22   73.6   0.0     4    74     2    72     1    73 0.97 -
d2np5a1a.4.1.9       -             69 d2oi8a1a.4.1.9.aln   -             75   4.3e-22   73.3   0.2   1   1   1.2e-23   4.5e-22   73.3   0.2     7    71     3    67     1    69 0.96 -
d2fd5a1a.4.1.9       -             76 d2oi8a1a.4.1.9.aln   -             75   6.3e-22   72.8   0.1   1   1   1.8e-23   6.7e-22   72.7   0.1     2    71     4    73     3    76 0.97 -
d2hyja1a.4.1.9       -             75 d2oi8a1a.4.1.9.aln   -             75     2e-21   71.2   0.2   1   1   5.6e-23   2.1e-21   71.1   0.2     2    72     2    72     1    75 0.96 -
d1sgma1a.4.1.9       -             73 d2oi8a1a.4.1.9.aln   -             75     9e-21   69.1   0.0   1   1   2.6e-22   9.6e-21   69.0   0.0     5    74     2    71     1    72 0.95 -
d2np3a1a.4.1.9       -             65 d2oi8a1a.4.1.9.aln   -             75   1.1e-20   68.9   0.4   1   1   3.5e-22   1.3e-20   68.6   0.4    10    66     1    57     1    64 0.91 -
d1zk8a1a.4.1.9       -             72 d2oi8a1a.4.1.9.aln   -             75   1.5e-18   62.0   0.1   1   1   4.2e-20   1.6e-18   61.9   0.1     6    74     4    72     1    72 0.97 -
d2id3a1a.4.1.9       -             68 d2oi8a1a.4.1.9.aln   -             75   7.9e-17   56.5   0.1   1   1   2.2e-18   8.2e-17   56.4   0.1     3    66     4    67     2    68 0.95 -
d2g7ga1a.4.1.9       -             65 d2oi8a1a.4.1.9.aln   -             75   1.3e-15   52.5   0.0   1   1   3.7e-17   1.4e-15   52.4   0.0     6    70     2    64     1    65 0.95 -
d2oi8a1a.4.1.9       -             79 d2oi8a1a.4.1.9.aln   -             75   3.6e-11   38.3   0.4   1   1   1.2e-12   4.4e-11   38.1   0.4     6    72    10    76     7    78 0.92 -
#
# Program:         hmmsearch
# Version:         3.1b2 (February 2015)
# Pipeline mode:   SEARCH
# Query file:      hmmModels30/d2oi8a1a.4.1.9.hmm
# Target file:     scop/scopTestSeq.fasta
# Option settings: hmmsearch --domtblout hmmModels30/d2oi8a1a.4.1.9.out -E 1 hmmModels30/d2oi8a1a.4.1.9.hmm scop/scopTestSeq.fasta 
# Current dir:     /home/anastasia/SBAS/TME8
# Date:            Sat Apr  8 15:33:56 2023
# [ok]
