#                                                                            --- full sequence --- -------------- this domain -------------   hmm coord   ali coord   env coord
# target name        accession   tlen query name           accession   qlen   E-value  score  bias   #  of  c-Evalue  i-Evalue  score  bias  from    to  from    to  from    to  acc description of target
#------------------- ---------- ----- -------------------- ---------- ----- --------- ------ ----- --- --- --------- --------- ------ ----- ----- ----- ----- ----- ----- ----- ---- ---------------------
d2bg1a1e.3.1.1       -            453 d2olua2e.3.1.1.aln   -            345  8.5e-150  493.9  15.9   1   1  2.4e-151  1.1e-149  493.5  15.9     1   345    60   434    60   434 1.00 -
d2v2ff_e.3.1.1       -            384 d2olua2e.3.1.1.aln   -            345  2.3e-110  364.2  17.7   1   1  5.9e-112  2.8e-110  364.0  17.7     1   345    39   379    39   379 1.00 -
d2drwa1e.3.1.1       -            362 d2olua2e.3.1.1.aln   -            345   1.2e-89  296.1   0.0   1   1     3e-91   1.4e-89  295.9   0.0     3   344     1   356     1   357 0.99 -
d2hdsa_e.3.1.1       -            358 d2olua2e.3.1.1.aln   -            345   5.8e-89  293.9   1.7   1   1   1.4e-90   6.5e-89  293.7   1.7     1   344     1   354     1   355 0.99 -
d2dcfa1e.3.1.1       -            388 d2olua2e.3.1.1.aln   -            345   4.3e-87  287.7   0.0   1   1     1e-88   4.8e-87  287.6   0.0     2   345     4   377     3   377 1.00 -
d1ci9a_e.3.1.1       -            377 d2olua2e.3.1.1.aln   -            345   3.3e-85  281.5   0.0   1   1     8e-87   3.7e-85  281.3   0.0     2   344     2   371     1   372 0.99 -
d1yqsa_e.3.1.1       -            345 d2olua2e.3.1.1.aln   -            345   5.1e-85  280.9   5.5   1   1   1.4e-86   6.3e-85  280.6   5.5     5   333     4   344     2   345 0.99 -
d1vqqa3e.3.1.1       -            341 d2olua2e.3.1.1.aln   -            345   2.7e-77  255.5  10.8   1   1   6.4e-79     3e-77  255.3  10.8     1   331     6   340     6   341 0.99 -
d1ei5a3e.3.1.1       -            333 d2olua2e.3.1.1.aln   -            345   1.4e-73  243.3   0.0   1   1   3.3e-75   1.5e-73  243.1   0.0     2   331     1   331     1   333 0.99 -
d1qmea4e.3.1.1       -            357 d2olua2e.3.1.1.aln   -            345   5.4e-73  241.4   4.8   1   1   1.3e-74     6e-73  241.2   4.8     2   344     5   356     4   357 0.99 -
d1tvfa2e.3.1.1       -            301 d2olua2e.3.1.1.aln   -            345   1.4e-62  207.1  16.6   1   1   3.4e-64   1.6e-62  206.9  16.6     2   315     5   300     4   301 0.99 -
d1e25a_e.3.1.1       -            278 d2olua2e.3.1.1.aln   -            345   1.2e-50  167.9   0.1   1   1   3.1e-52   1.5e-50  167.6   0.1    22   313     5   277     2   278 0.98 -
d1xp4a2e.3.1.1       -            269 d2olua2e.3.1.1.aln   -            345   3.5e-50  166.3   5.9   1   1   8.4e-52   3.9e-50  166.2   5.9    27   315     2   268     1   269 0.99 -
d1xa1a_e.3.1.1       -            246 d2olua2e.3.1.1.aln   -            345   5.5e-43  142.7   6.7   1   2   2.5e-28   1.1e-26   89.0   1.8    21   173     2   142     1   144 0.98 -
d1xa1a_e.3.1.1       -            246 d2olua2e.3.1.1.aln   -            345   5.5e-43  142.7   6.7   2   2   1.5e-18   6.9e-17   56.8   0.2   213   315   144   246   143   246 0.98 -
d1es5a_e.3.1.1       -            260 d2olua2e.3.1.1.aln   -            345   5.9e-43  142.6  14.1   1   1   1.4e-44   6.5e-43  142.4  14.1    27   315     3   260     1   260 0.99 -
d1alqa_e.3.1.1       -            263 d2olua2e.3.1.1.aln   -            345   2.7e-41  137.1   3.1   1   1   6.5e-43     3e-41  137.0   3.1    22   309     2   262     1   263 0.99 -
d2p74a_e.3.1.1       -            263 d2olua2e.3.1.1.aln   -            345   5.9e-38  126.1   2.7   1   1   1.4e-39   6.5e-38  126.0   2.7    26   313     2   261     1   263 0.98 -
#
# Program:         hmmsearch
# Version:         3.1b2 (February 2015)
# Pipeline mode:   SEARCH
# Query file:      hmmModels30/d2olua2e.3.1.1.hmm
# Target file:     scop/scopTestSeq.fasta
# Option settings: hmmsearch --domtblout hmmModels30/d2olua2e.3.1.1.out -E 1 hmmModels30/d2olua2e.3.1.1.hmm scop/scopTestSeq.fasta 
# Current dir:     /home/anastasia/SBAS/TME8
# Date:            Sat Apr  8 15:33:56 2023
# [ok]
