#                                                                            --- full sequence --- -------------- this domain -------------   hmm coord   ali coord   env coord
# target name        accession   tlen query name           accession   qlen   E-value  score  bias   #  of  c-Evalue  i-Evalue  score  bias  from    to  from    to  from    to  acc description of target
#------------------- ---------- ----- -------------------- ---------- ----- --------- ------ ----- --- --- --------- --------- ------ ----- ----- ----- ----- ----- ----- ----- ---- ---------------------
d1boba_d.108.1.1     -            315 d2p0wa_d.108.1.1.aln -            240   1.8e-99  327.8   0.3   1   1  1.2e-100   2.2e-99  327.5   0.3     1   210    83   315    83   315 1.00 -
d1p0ha_d.108.1.1     -            308 d2p0wa_d.108.1.1.aln -            240   1.6e-98  324.6   0.0   1   2   6.8e-99   1.3e-97  321.7   0.0    30   240     1   230     1   230 1.00 -
d1p0ha_d.108.1.1     -            308 d2p0wa_d.108.1.1.aln -            240   1.6e-98  324.6   0.0   2   2      0.79        15    0.7   0.0   126   142   236   252   231   305 0.55 -
d2pq8a_d.108.1.1     -            271 d2p0wa_d.108.1.1.aln -            240   2.8e-77  255.1   0.0   1   1   1.7e-78   3.1e-77  255.0   0.0     1   240     1   271     1   271 1.00 -
d1u6ma_d.108.1.1     -            189 d2p0wa_d.108.1.1.aln -            240     9e-23   76.7   0.0   1   1   5.3e-24   9.9e-23   76.5   0.0    27   197     3   187     1   189 0.96 -
d1yk3a1d.108.1.1     -            198 d2p0wa_d.108.1.1.aln -            240   5.2e-22   74.2   0.0   1   1     3e-23   5.6e-22   74.1   0.0    11   197     3   195     1   198 0.95 -
d1tiqa_d.108.1.1     -            173 d2p0wa_d.108.1.1.aln -            240     2e-21   72.3   0.5   1   1   1.2e-22   2.2e-21   72.2   0.5    34   203     3   171     1   173 0.92 -
d2gana1d.108.1.1     -            182 d2p0wa_d.108.1.1.aln -            240   3.8e-21   71.4   0.0   1   1   2.2e-22   4.1e-21   71.2   0.0    22   197     2   181     1   182 0.94 -
d1z4ea1d.108.1.1     -            150 d2p0wa_d.108.1.1.aln -            240     1e-19   66.6   0.1   1   1   6.6e-21   1.2e-19   66.4   0.1    44   184    10   145     3   149 0.94 -
d1i12a_d.108.1.1     -            157 d2p0wa_d.108.1.1.aln -            240   2.8e-16   55.4   0.0   1   1   1.6e-17   3.1e-16   55.3   0.0    48   186    20   154     5   157 0.89 -
d1mk4a_d.108.1.1     -            157 d2p0wa_d.108.1.1.aln -            240   2.1e-15   52.5   0.0   1   1   1.1e-16   2.1e-15   52.5   0.0   105   199    53   146     5   157 0.83 -
d1ufha_d.108.1.1     -            155 d2p0wa_d.108.1.1.aln -            240   7.5e-15   50.7   0.2   1   1   4.4e-16   8.3e-15   50.6   0.2    39   187     8   153     2   155 0.89 -
d2euia1d.108.1.1     -            153 d2p0wa_d.108.1.1.aln -            240   9.7e-15   50.4   0.1   1   1     6e-16   1.1e-14   50.2   0.1    44   186     4   143     1   150 0.91 -
d1y9ka1d.108.1.1     -            152 d2p0wa_d.108.1.1.aln -            240   1.4e-14   49.8   0.0   1   1   8.8e-16   1.7e-14   49.6   0.0    88   204    27   142     9   150 0.85 -
d1wwza1d.108.1.1     -            157 d2p0wa_d.108.1.1.aln -            240   2.3e-14   49.2   0.0   1   1   1.4e-15   2.7e-14   48.9   0.0    38   185     4   148     1   156 0.89 -
d2cy2a1d.108.1.1     -            174 d2p0wa_d.108.1.1.aln -            240   1.8e-13   46.2   0.0   1   1     1e-14   1.9e-13   46.2   0.0    33   198     3   165     1   174 0.90 -
d1m4ia_d.108.1.1     -            181 d2p0wa_d.108.1.1.aln -            240   3.8e-13   45.2   0.0   1   1   2.2e-14   4.1e-13   45.1   0.0    44   211     3   180     1   181 0.94 -
d1vkca_d.108.1.1     -            149 d2p0wa_d.108.1.1.aln -            240   8.5e-13   44.0   0.1   1   1   4.9e-14   9.2e-13   43.9   0.1    68   185    30   145    10   149 0.86 -
d2ae6a1d.108.1.1     -            161 d2p0wa_d.108.1.1.aln -            240   9.5e-13   43.9   0.0   1   1   5.5e-14     1e-12   43.7   0.0   104   197    62   154    21   160 0.88 -
d1qsma_d.108.1.1     -            150 d2p0wa_d.108.1.1.aln -            240   1.4e-12   43.3   0.0   1   1     8e-14   1.5e-12   43.2   0.0    48   189     9   149     1   150 0.92 -
d2fl4a1d.108.1.1     -            146 d2p0wa_d.108.1.1.aln -            240     2e-12   42.8   0.2   1   1   1.1e-13     2e-12   42.8   0.2    46   189     7   138     1   146 0.78 -
d1y9wa1d.108.1.1     -            140 d2p0wa_d.108.1.1.aln -            240   1.1e-11   40.3   0.0   1   1   6.8e-13   1.3e-11   40.2   0.0   118   199    61   139    13   140 0.92 -
d2atra1d.108.1.1     -            137 d2p0wa_d.108.1.1.aln -            240   1.6e-11   39.8   0.0   1   1     1e-12   1.9e-11   39.6   0.0    61   193    18   135     5   137 0.82 -
d2b5ga_d.108.1.1     -            168 d2p0wa_d.108.1.1.aln -            240   1.7e-11   39.8   0.0   1   1   9.2e-13   1.7e-11   39.7   0.0   106   195    73   161    20   167 0.91 -
d2fcka1d.108.1.1     -            178 d2p0wa_d.108.1.1.aln -            240   5.7e-11   38.1   0.0   1   1   3.5e-12   6.5e-11   37.9   0.0    34   189     5   163     1   172 0.94 -
d2fiaa1d.108.1.1     -            157 d2p0wa_d.108.1.1.aln -            240   7.2e-11   37.7   0.1   1   1   4.1e-12   7.6e-11   37.6   0.1    44   191     4   145     1   156 0.84 -
d1bo4a_d.108.1.1     -            137 d2p0wa_d.108.1.1.aln -            240   8.3e-11   37.5   0.0   1   1   5.1e-12   9.6e-11   37.3   0.0    49   177    14   137     3   137 0.75 -
d1ghea_d.108.1.1     -            170 d2p0wa_d.108.1.1.aln -            240   3.8e-10   35.3   0.0   1   1   2.3e-11   4.2e-10   35.2   0.0    68   183    37   148     4   157 0.84 -
d1yx0a1d.108.1.1     -            151 d2p0wa_d.108.1.1.aln -            240   4.8e-10   35.0   0.0   1   1   2.6e-11   4.9e-10   35.0   0.0    45   188     4   139     1   151 0.89 -
d2jdca1d.108.1.1     -            145 d2p0wa_d.108.1.1.aln -            240   6.2e-10   34.6   0.0   1   1   3.3e-11   6.2e-10   34.6   0.0   105   186    53   130     2   144 0.79 -
d2g3aa1d.108.1.1     -            137 d2p0wa_d.108.1.1.aln -            240   7.1e-10   34.5   0.0   1   1   5.3e-11   9.9e-10   34.0   0.0   121   199    61   136     9   137 0.87 -
d2p0wa_d.108.1.1     -            319 d2p0wa_d.108.1.1.aln -            240   2.8e-09   32.5   0.0   1   1   2.1e-10     4e-09   32.0   0.0    47   207   137   316   133   319 0.81 -
d1n71a_d.108.1.1     -            180 d2p0wa_d.108.1.1.aln -            240   4.7e-09   31.8   0.0   1   1     3e-10   5.7e-09   31.5   0.0    48   194    16   168     4   179 0.92 -
d1cjwa_d.108.1.1     -            166 d2p0wa_d.108.1.1.aln -            240   5.6e-09   31.5   0.0   1   1   3.2e-10   5.9e-09   31.4   0.0   105   192    74   158    42   166 0.86 -
d1q2ya_d.108.1.1     -            140 d2p0wa_d.108.1.1.aln -            240   8.6e-09   30.9   0.1   1   1     6e-10   1.1e-08   30.5   0.1    50   184     8   125     2   139 0.71 -
d2fiwa1d.108.1.1     -            156 d2p0wa_d.108.1.1.aln -            240   2.2e-08   29.6   0.0   1   1   1.4e-09   2.6e-08   29.3   0.0    58   185    21   139     3   155 0.77 -
d1y7ra1d.108.1.1     -            133 d2p0wa_d.108.1.1.aln -            240   6.1e-08   28.1   0.0   1   1   3.3e-09   6.2e-08   28.1   0.0   107   186    50   127    10   133 0.83 -
d1xeba_d.108.1.1     -            149 d2p0wa_d.108.1.1.aln -            240   6.5e-08   28.0   0.0   1   1     4e-09   7.6e-08   27.8   0.0    62   190    21   141     2   145 0.77 -
d1z4ra1d.108.1.1     -            162 d2p0wa_d.108.1.1.aln -            240     7e-08   27.9   0.0   1   1     4e-09   7.6e-08   27.8   0.0    66   202    31   155     2   161 0.79 -
d1nsla_d.108.1.1     -            180 d2p0wa_d.108.1.1.aln -            240   1.7e-07   26.7   0.0   1   1   1.1e-08   2.1e-07   26.4   0.0    34   184     4   157     2   170 0.91 -
d1r57a_d.108.1.1     -            102 d2p0wa_d.108.1.1.aln -            240   6.1e-06   21.6   0.0   1   1   3.3e-07   6.2e-06   21.6   0.0   118   166    33    81     9    98 0.86 -
d2aj6a1d.108.1.1     -            118 d2p0wa_d.108.1.1.aln -            240   5.8e-05   18.4   0.1   1   1   3.3e-06   6.3e-05   18.3   0.1    98   157    58   115     6   117 0.73 -
d1xmta_d.108.1.1     -             95 d2p0wa_d.108.1.1.aln -            240   0.00092   14.4   0.0   1   1   5.2e-05   0.00097   14.4   0.0   109   159    21    71     3    84 0.86 -
#
# Program:         hmmsearch
# Version:         3.1b2 (February 2015)
# Pipeline mode:   SEARCH
# Query file:      hmmModels30/d2p0wa_d.108.1.1.hmm
# Target file:     scop/scopTestSeq.fasta
# Option settings: hmmsearch --domtblout hmmModels30/d2p0wa_d.108.1.1.out -E 1 hmmModels30/d2p0wa_d.108.1.1.hmm scop/scopTestSeq.fasta 
# Current dir:     /home/anastasia/SBAS/TME8
# Date:            Sat Apr  8 15:33:56 2023
# [ok]
