#                                                                            --- full sequence --- -------------- this domain -------------   hmm coord   ali coord   env coord
# target name        accession   tlen query name           accession   qlen   E-value  score  bias   #  of  c-Evalue  i-Evalue  score  bias  from    to  from    to  from    to  acc description of target
#------------------- ---------- ----- -------------------- ---------- ----- --------- ------ ----- --- --- --------- --------- ------ ----- ----- ----- ----- ----- ----- ----- ---- ---------------------
d2bg1a1e.3.1.1       -            453 d2p74a_e.3.1.1.aln   -            356  1.4e-150  496.5  17.3   1   1  3.6e-152  1.7e-150  496.2  17.3     1   356    10   399    10   399 1.00 -
d2olua2e.3.1.1       -            400 d2p74a_e.3.1.1.aln   -            356    1e-113  375.2  16.0   1   1  2.5e-115  1.2e-113  375.0  16.0     2   356    14   373    13   373 0.99 -
d2v2ff_e.3.1.1       -            384 d2p74a_e.3.1.1.aln   -            356   2.1e-94  311.7  21.9   1   1     5e-96   2.3e-94  311.5  21.9     2   356     8   375     7   375 0.99 -
d2drwa1e.3.1.1       -            362 d2p74a_e.3.1.1.aln   -            356   1.9e-88  292.1   0.0   1   1   4.5e-90   2.1e-88  292.0   0.0     4   354     2   355     1   357 0.99 -
d1ci9a_e.3.1.1       -            377 d2p74a_e.3.1.1.aln   -            356   1.6e-87  289.0   0.0   1   1   3.8e-89   1.8e-87  288.9   0.0     2   355     2   376     1   377 0.99 -
d2dcfa1e.3.1.1       -            388 d2p74a_e.3.1.1.aln   -            356   3.1e-86  284.8   0.0   1   1   7.5e-88   3.5e-86  284.6   0.0     2   355     4   376     3   377 0.99 -
d2hdsa_e.3.1.1       -            358 d2p74a_e.3.1.1.aln   -            356   3.8e-85  281.2   1.2   1   1   9.1e-87   4.2e-85  281.1   1.2     2   356     2   352     1   352 0.99 -
d1yqsa_e.3.1.1       -            345 d2p74a_e.3.1.1.aln   -            356   2.3e-84  278.6   3.1   1   1   5.6e-86   2.6e-84  278.5   3.1     5   353     4   344     1   345 0.99 -
d1ei5a3e.3.1.1       -            333 d2p74a_e.3.1.1.aln   -            356   1.4e-74  246.4   0.0   1   1   3.4e-76   1.6e-74  246.3   0.0     4   340     3   333     1   333 0.99 -
d1qmea4e.3.1.1       -            357 d2p74a_e.3.1.1.aln   -            356   1.5e-73  243.0   4.8   1   1   3.7e-75   1.7e-73  242.9   4.8     2   355     6   356     5   357 0.99 -
d1vqqa3e.3.1.1       -            341 d2p74a_e.3.1.1.aln   -            356   2.8e-70  232.3  14.9   1   1   6.8e-72   3.2e-70  232.2  14.9     6   349     2   340     1   341 0.99 -
d1tvfa2e.3.1.1       -            301 d2p74a_e.3.1.1.aln   -            356   1.6e-60  200.3  18.7   1   1   3.7e-62   1.7e-60  200.1  18.7     2   322     5   301     4   301 0.99 -
d1e25a_e.3.1.1       -            278 d2p74a_e.3.1.1.aln   -            356   1.3e-48  161.1   0.0   1   1     3e-50   1.4e-48  161.0   0.0    21   324     4   277     1   278 0.98 -
d1xp4a2e.3.1.1       -            269 d2p74a_e.3.1.1.aln   -            356   1.5e-48  160.9   6.3   1   1   3.5e-50   1.6e-48  160.7   6.3    27   321     2   268     1   269 0.98 -
d1xa1a_e.3.1.1       -            246 d2p74a_e.3.1.1.aln   -            356   1.5e-44  147.7  14.6   1   1   3.5e-46   1.6e-44  147.6  14.6    64   329     2   245     1   246 0.98 -
d1es5a_e.3.1.1       -            260 d2p74a_e.3.1.1.aln   -            356   5.6e-40  132.7  14.8   1   1   1.3e-41   6.2e-40  132.5  14.8    27   320     3   259     1   260 0.98 -
d1alqa_e.3.1.1       -            263 d2p74a_e.3.1.1.aln   -            356   1.4e-34  114.9   6.3   1   1   3.6e-36   1.7e-34  114.6   6.3    34   321     9   263     3   263 0.98 -
#
# Program:         hmmsearch
# Version:         3.1b2 (February 2015)
# Pipeline mode:   SEARCH
# Query file:      hmmModels30/d2p74a_e.3.1.1.hmm
# Target file:     scop/scopTestSeq.fasta
# Option settings: hmmsearch --domtblout hmmModels30/d2p74a_e.3.1.1.out -E 1 hmmModels30/d2p74a_e.3.1.1.hmm scop/scopTestSeq.fasta 
# Current dir:     /home/anastasia/SBAS/TME8
# Date:            Sat Apr  8 15:33:56 2023
# [ok]
