#                                                                            --- full sequence --- -------------- this domain -------------   hmm coord   ali coord   env coord
# target name        accession   tlen query name           accession   qlen   E-value  score  bias   #  of  c-Evalue  i-Evalue  score  bias  from    to  from    to  from    to  acc description of target
#------------------- ---------- ----- -------------------- ---------- ----- --------- ------ ----- --- --- --------- --------- ------ ----- ----- ----- ----- ----- ----- ----- ---- ---------------------
d1lj8a4c.2.1.6       -            286 d2pv7a2c.2.1.6.aln   -            187     1e-95  314.3   0.0   1   1   2.4e-97   1.2e-95  314.1   0.0     1   187    27   243    27   243 1.00 -
d1jaya_c.2.1.6       -            212 d2pv7a2c.2.1.6.aln   -            187   1.4e-48  160.6   0.1   1   1   3.2e-50   1.6e-48  160.4   0.1     2   186     3   195     1   196 0.98 -
d1evya2c.2.1.6       -            189 d2pv7a2c.2.1.6.aln   -            187   5.4e-42  139.1   0.0   1   1   1.2e-43     6e-42  138.9   0.0     2   177     9   189     8   189 0.99 -
d1mv8a2c.2.1.6       -            202 d2pv7a2c.2.1.6.aln   -            187   1.7e-41  137.5   0.0   1   1   3.8e-43   1.9e-41  137.3   0.0     1   187     1   197     1   197 0.99 -
d1dlja2c.2.1.6       -            196 d2pv7a2c.2.1.6.aln   -            187   3.8e-38  126.6   0.0   1   1   8.5e-40   4.2e-38  126.4   0.0     1   187     1   191     1   191 0.99 -
d1f0ya2c.2.1.6       -            192 d2pv7a2c.2.1.6.aln   -            187   1.8e-36  121.1   1.4   1   1     4e-38     2e-36  120.9   1.4     1   187     5   192     5   192 0.99 -
d1bg6a2c.2.1.6       -            184 d2pv7a2c.2.1.6.aln   -            187   3.4e-36  120.2   0.1   1   1   7.6e-38   3.7e-36  120.0   0.1     2   184     3   183     2   184 0.97 -
d1txga2c.2.1.6       -            180 d2pv7a2c.2.1.6.aln   -            187   2.9e-33  110.6   0.0   1   1   6.6e-35   3.3e-33  110.5   0.0     1   182     1   180     1   180 0.99 -
d1ks9a2c.2.1.6       -            167 d2pv7a2c.2.1.6.aln   -            187   2.1e-32  107.8   0.0   1   1   4.8e-34   2.3e-32  107.7   0.0     1   172     1   166     1   167 0.99 -
d2f1ka2c.2.1.6       -            165 d2pv7a2c.2.1.6.aln   -            187   5.3e-31  103.2   0.0   1   1   1.2e-32   5.9e-31  103.1   0.0     1   177     1   164     1   165 0.98 -
d1yqga2c.2.1.6       -            152 d2pv7a2c.2.1.6.aln   -            187     2e-27   91.6   0.1   1   1   4.4e-29   2.2e-27   91.5   0.1     1   163     1   150     1   152 0.97 -
d1vpda2c.2.1.6       -            161 d2pv7a2c.2.1.6.aln   -            187   2.8e-27   91.1   0.5   1   1   6.3e-29   3.1e-27   91.0   0.5     1   174     1   159     1   161 0.98 -
d2ahra2c.2.1.6       -            152 d2pv7a2c.2.1.6.aln   -            187     2e-26   88.4   0.0   1   1   4.4e-28   2.1e-26   88.2   0.0     1   164     1   150     1   152 0.99 -
d1i36a2c.2.1.6       -            152 d2pv7a2c.2.1.6.aln   -            187   7.8e-24   79.9   0.1   1   1   1.7e-25   8.6e-24   79.7   0.1     2   168     2   151     1   152 0.97 -
d2i76a2c.2.1.6       -            153 d2pv7a2c.2.1.6.aln   -            187   5.1e-23   77.2   0.0   1   1   1.1e-24   5.6e-23   77.1   0.0     4   165     3   152     1   153 0.97 -
d1gpja2c.2.1.7       -            159 d2pv7a2c.2.1.6.aln   -            187   9.8e-08   27.4   0.2   1   1   3.5e-09   1.7e-07   26.6   0.1     2   100    26   119    25   124 0.86 -
#
# Program:         hmmsearch
# Version:         3.1b2 (February 2015)
# Pipeline mode:   SEARCH
# Query file:      hmmModels30/d2pv7a2c.2.1.6.hmm
# Target file:     scop/scopTestSeq.fasta
# Option settings: hmmsearch --domtblout hmmModels30/d2pv7a2c.2.1.6.out -E 1 hmmModels30/d2pv7a2c.2.1.6.hmm scop/scopTestSeq.fasta 
# Current dir:     /home/anastasia/SBAS/TME8
# Date:            Sat Apr  8 15:33:56 2023
# [ok]
