#                                                                            --- full sequence --- -------------- this domain -------------   hmm coord   ali coord   env coord
# target name        accession   tlen query name           accession   qlen   E-value  score  bias   #  of  c-Evalue  i-Evalue  score  bias  from    to  from    to  from    to  acc description of target
#------------------- ---------- ----- -------------------- ---------- ----- --------- ------ ----- --- --- --------- --------- ------ ----- ----- ----- ----- ----- ----- ----- ---- ---------------------
d1s8na_c.23.1.1      -            190 d2r25b_c.23.1.1.aln  -            134   3.2e-60  197.3   0.7   1   1   9.5e-62   4.4e-60  196.9   0.7     2   134     2   132     1   132 0.99 -
d1k66a_c.23.1.1      -            149 d2r25b_c.23.1.1.aln  -            134   2.2e-46  152.5   0.0   1   1   5.3e-48   2.4e-46  152.4   0.0     2   133     5   148     4   149 0.98 -
d2v0na2c.23.1.1      -            153 d2r25b_c.23.1.1.aln  -            134   1.6e-42  140.0   0.1   1   1     4e-44   1.9e-42  139.8   0.1     3   134    13   142    11   142 0.98 -
d1dz3a_c.23.1.1      -            123 d2r25b_c.23.1.1.aln  -            134   2.4e-41  136.2   0.0   1   1   5.6e-43   2.6e-41  136.1   0.0     4   123     2   122     1   123 0.98 -
d1kgsa2c.23.1.1      -            122 d2r25b_c.23.1.1.aln  -            134   1.4e-40  133.8   0.1   1   1   3.3e-42   1.5e-40  133.6   0.1     4   125     2   121     1   122 0.98 -
d1mb3a_c.23.1.1      -            123 d2r25b_c.23.1.1.aln  -            134   4.4e-40  132.1   0.1   1   1     1e-41   4.8e-40  132.0   0.1     4   124     2   122     1   123 0.97 -
d1jbea_c.23.1.1      -            128 d2r25b_c.23.1.1.aln  -            134   6.4e-39  128.4   0.0   1   1   1.5e-40   6.9e-39  128.3   0.0     3   124     4   126     2   128 0.97 -
d1dbwa_c.23.1.1      -            123 d2r25b_c.23.1.1.aln  -            134   9.6e-33  108.4   0.2   1   1   2.3e-34     1e-32  108.3   0.2     2   124     2   122     1   123 0.96 -
d2b4aa1c.23.1.1      -            118 d2r25b_c.23.1.1.aln  -            134   4.9e-27   89.9   0.0   1   1   1.1e-28   5.3e-27   89.8   0.0     2   121     1   116     1   118 0.96 -
d3cfya_c.23.1.0      -            130 d2r25b_c.23.1.1.aln  -            134   5.1e-26   86.6   0.2   1   1   1.3e-27     6e-26   86.4   0.2     5   125     4   122     1   129 0.94 -
d2r25b_c.23.1.1      -            133 d2r25b_c.23.1.1.aln  -            134   2.4e-25   84.5   0.0   1   1   5.8e-27   2.7e-25   84.3   0.0     4   115     3   119     1   129 0.92 -
d3heba_c.23.1.0      -            142 d2r25b_c.23.1.1.aln  -            134     3e-23   77.6   0.0   1   1   7.5e-25   3.5e-23   77.4   0.0     6   120     3   128     1   139 0.95 -
d3khta_c.23.1.0      -            132 d2r25b_c.23.1.1.aln  -            134   7.2e-22   73.2   0.0   1   1   1.7e-23   8.1e-22   73.0   0.0     4   107     2   107     1   130 0.90 -
d3eqza_c.23.1.0      -            124 d2r25b_c.23.1.1.aln  -            134     1e-12   43.5   0.0   1   1   2.5e-14   1.1e-12   43.4   0.0     5    98     3    92     1   124 0.74 -
d3ktoa_c.23.1.0      -            122 d2r25b_c.23.1.1.aln  -            134   5.8e-11   37.9   0.5   1   1   1.4e-12   6.7e-11   37.7   0.5     7   122     4   119     2   122 0.78 -
d2plna_c.23.1.0      -            118 d2r25b_c.23.1.1.aln  -            134   1.3e-08   30.2   0.1   1   1   3.7e-10   1.7e-08   29.9   0.1     4   119     5   115     3   118 0.79 -
d1q0qa2c.2.1.3       -            152 d2r25b_c.23.1.1.aln  -            134    0.0026   13.1   0.7   1   2      0.25        12    1.3   0.0    64    96    15    47    12    52 0.73 -
d1q0qa2c.2.1.3       -            152 d2r25b_c.23.1.1.aln  -            134    0.0026   13.1   0.7   2   2    0.0004     0.019   10.4   0.3     8    53    55    98    48   120 0.79 -
#
# Program:         hmmsearch
# Version:         3.1b2 (February 2015)
# Pipeline mode:   SEARCH
# Query file:      hmmModels30/d2r25b_c.23.1.1.hmm
# Target file:     scop/scopTestSeq.fasta
# Option settings: hmmsearch --domtblout hmmModels30/d2r25b_c.23.1.1.out -E 1 hmmModels30/d2r25b_c.23.1.1.hmm scop/scopTestSeq.fasta 
# Current dir:     /home/anastasia/SBAS/TME8
# Date:            Sat Apr  8 15:33:56 2023
# [ok]
