#                                                                            --- full sequence --- -------------- this domain -------------   hmm coord   ali coord   env coord
# target name        accession   tlen query name           accession   qlen   E-value  score  bias   #  of  c-Evalue  i-Evalue  score  bias  from    to  from    to  from    to  acc description of target
#------------------- ---------- ----- -------------------- ---------- ----- --------- ------ ----- --- --- --------- --------- ------ ----- ----- ----- ----- ----- ----- ----- ---- ---------------------
d1pvma4d.37.1.1      -            142 d2rc3a1d.37.1.1.aln  -            137   6.1e-46  151.3   0.7   1   1   1.6e-47   6.8e-46  151.2   0.7     2   136     1   130     1   131 0.98 -
d2yzqa1d.37.1.1      -            156 d2rc3a1d.37.1.1.aln  -            137     4e-44  145.4   0.1   1   1     1e-45   4.4e-44  145.3   0.1     2   131     2   155     1   156 0.98 -
d2j9la1d.37.1.1      -            169 d2rc3a1d.37.1.1.aln  -            137   1.1e-39  131.0   0.3   1   1   2.9e-41   1.3e-39  130.9   0.3     2   136     4   160     3   161 0.98 -
d2v8qe2d.37.1.1      -            159 d2rc3a1d.37.1.1.aln  -            137     4e-39  129.3   0.0   1   1     1e-40   4.5e-39  129.1   0.0     2   137    13   158    12   158 0.98 -
d1o50a3d.37.1.1      -            145 d2rc3a1d.37.1.1.aln  -            137   1.7e-37  124.0   1.1   1   1   4.4e-39   1.9e-37  123.8   1.1     2   136     2   144     1   145 0.98 -
d3ddja1d.37.1.1      -            141 d2rc3a1d.37.1.1.aln  -            137   2.6e-37  123.4   6.5   1   1   6.6e-39   2.9e-37  123.2   6.5     4   135     2   133     1   135 0.98 -
d2yzia1d.37.1.1      -            132 d2rc3a1d.37.1.1.aln  -            137   5.2e-37  122.4   0.7   1   1   1.3e-38   5.8e-37  122.2   0.7     2   136     3   130     2   131 0.96 -
d2d4za3d.37.1.1      -            161 d2rc3a1d.37.1.1.aln  -            137   2.4e-36  120.2   0.0   1   1   6.3e-38   2.8e-36  120.1   0.0     2   132     9   160     8   161 0.99 -
d2yzqa2d.37.1.1      -            122 d2rc3a1d.37.1.1.aln  -            137   1.5e-35  117.7   1.9   1   1   3.9e-37   1.7e-35  117.5   1.9     4   136     1   121     1   122 0.96 -
d1y5ha3d.37.1.1      -            123 d2rc3a1d.37.1.1.aln  -            137   1.7e-34  114.3   0.0   1   1   4.1e-36   1.8e-34  114.2   0.0     5   131     2   122     1   123 0.98 -
d3ddja2d.37.1.1      -            135 d2rc3a1d.37.1.1.aln  -            137   4.1e-34  113.0   0.1   1   1     1e-35   4.5e-34  112.9   0.1     4   135     1   134     1   135 0.97 -
d2nyca1d.37.1.1      -            140 d2rc3a1d.37.1.1.aln  -            137   1.8e-33  110.9   0.4   1   1   4.5e-35     2e-33  110.8   0.4     2   132     4   138     3   140 0.97 -
d1vr9a3d.37.1.1      -            121 d2rc3a1d.37.1.1.aln  -            137   2.5e-33  110.5   0.0   1   1   6.5e-35   2.8e-33  110.3   0.0     4   134     1   119     1   121 0.97 -
d2ouxa2d.37.1.1      -            127 d2rc3a1d.37.1.1.aln  -            137   1.5e-31  104.8   6.7   1   1   3.7e-33   1.6e-31  104.6   6.7     6   135     3   125     1   127 0.97 -
d2riha_d.37.1.1      -            131 d2rc3a1d.37.1.1.aln  -            137   4.2e-31  103.3   0.3   1   1   1.1e-32   4.7e-31  103.1   0.3     5   134     2   125     1   128 0.95 -
d1pbja3d.37.1.1      -            120 d2rc3a1d.37.1.1.aln  -            137     1e-30  102.0   6.4   1   1   2.6e-32   1.1e-30  101.9   6.4     5   131     1   119     1   120 0.94 -
d1zfja4d.37.1.1      -            126 d2rc3a1d.37.1.1.aln  -            137   1.7e-30  101.3   0.1   1   1   4.4e-32   1.9e-30  101.1   0.1    10   135     3   120     1   122 0.94 -
d2rc3a1d.37.1.1      -            127 d2rc3a1d.37.1.1.aln  -            137   4.6e-20   67.5   0.9   1   1   3.4e-20   1.5e-18   62.6   0.9    15   129    16   123    15   126 0.90 -
#
# Program:         hmmsearch
# Version:         3.1b2 (February 2015)
# Pipeline mode:   SEARCH
# Query file:      hmmModels30/d2rc3a1d.37.1.1.hmm
# Target file:     scop/scopTestSeq.fasta
# Option settings: hmmsearch --domtblout hmmModels30/d2rc3a1d.37.1.1.out -E 1 hmmModels30/d2rc3a1d.37.1.1.hmm scop/scopTestSeq.fasta 
# Current dir:     /home/anastasia/SBAS/TME8
# Date:            Sat Apr  8 15:33:56 2023
# [ok]
