#                                                                            --- full sequence --- -------------- this domain -------------   hmm coord   ali coord   env coord
# target name        accession   tlen query name           accession   qlen   E-value  score  bias   #  of  c-Evalue  i-Evalue  score  bias  from    to  from    to  from    to  acc description of target
#------------------- ---------- ----- -------------------- ---------- ----- --------- ------ ----- --- --- --------- --------- ------ ----- ----- ----- ----- ----- ----- ----- ---- ---------------------
d1omra_a.39.1.5      -            201 d2scpa_a.39.1.5.aln  -            175   2.8e-67  221.5   2.3   1   1   5.3e-69   3.2e-67  221.3   2.3     2   175     7   189     6   189 0.99 -
d1jbaa_a.39.1.5      -            189 d2scpa_a.39.1.5.aln  -            175   1.2e-63  209.7   2.5   1   1   2.2e-65   1.3e-63  209.5   2.5     1   175     2   187     2   187 0.99 -
d1qv0a_a.39.1.5      -            189 d2scpa_a.39.1.5.aln  -            175   1.6e-57  189.7   0.2   1   1   2.9e-59   1.8e-57  189.6   0.2     2   174     4   182     3   183 0.99 -
d2sasa_a.39.1.5      -            185 d2scpa_a.39.1.5.aln  -            175   6.2e-52  171.5   1.1   1   1   1.1e-53   6.9e-52  171.4   1.1     1   172     3   184     3   185 0.99 -
d2zfda1a.39.1.5      -            183 d2scpa_a.39.1.5.aln  -            175   3.5e-51  169.1   4.2   1   1   6.4e-53   3.9e-51  168.9   4.2     6   175     2   175     1   175 0.98 -
d1exra_a.39.1.5      -            146 d2scpa_a.39.1.5.aln  -            175   1.5e-49  163.7   6.2   1   1   3.1e-51   1.9e-49  163.4   6.2    14   162     2   145     1   146 0.98 -
d1xo5a_a.39.1.5      -            180 d2scpa_a.39.1.5.aln  -            175   1.5e-47  157.3   0.1   1   1   2.6e-49   1.6e-47  157.2   0.1     3   174     3   179     1   180 0.98 -
d1nyaa_a.39.1.5      -            176 d2scpa_a.39.1.5.aln  -            175   9.2e-45  148.2   0.6   1   1   1.7e-46     1e-44  148.0   0.6     2   173     3   174     2   176 0.98 -
d1jfka_a.39.1.5      -            134 d2scpa_a.39.1.5.aln  -            175   2.7e-37  123.8   5.8   1   1     5e-39     3e-37  123.7   5.8    23   161     2   133     1   134 0.96 -
d1s6ja_a.39.1.5      -             87 d2scpa_a.39.1.5.aln  -            175   3.8e-25   84.3   2.8   1   1   6.7e-27   4.1e-25   84.2   2.8    77   163     3    87     1    87 0.97 -
d1j7qa_a.39.1.5      -             86 d2scpa_a.39.1.5.aln  -            175   8.3e-22   73.4   0.1   1   1   1.5e-23   8.8e-22   73.3   0.1    81   166     2    86     1    86 0.96 -
d2scpa_a.39.1.5      -            174 d2scpa_a.39.1.5.aln  -            175   4.7e-11   38.4   4.2   1   2   5.2e-05    0.0032   12.9   0.7    97   131     8    42     2    53 0.81 -
d2scpa_a.39.1.5      -            174 d2scpa_a.39.1.5.aln  -            175   4.7e-11   38.4   4.2   2   2   2.9e-09   1.8e-07   26.7   0.2    71   158    67   151    51   161 0.70 -
d1ctaa_a.39.1.5      -             34 d2scpa_a.39.1.5.aln  -            175   5.1e-11   38.3   0.1   1   1   8.7e-13   5.3e-11   38.2   0.1    92   125     2    34     1    34 0.92 -
#
# Program:         hmmsearch
# Version:         3.1b2 (February 2015)
# Pipeline mode:   SEARCH
# Query file:      hmmModels30/d2scpa_a.39.1.5.hmm
# Target file:     scop/scopTestSeq.fasta
# Option settings: hmmsearch --domtblout hmmModels30/d2scpa_a.39.1.5.out -E 1 hmmModels30/d2scpa_a.39.1.5.hmm scop/scopTestSeq.fasta 
# Current dir:     /home/anastasia/SBAS/TME8
# Date:            Sat Apr  8 15:33:56 2023
# [ok]
