#                                                                            --- full sequence --- -------------- this domain -------------   hmm coord   ali coord   env coord
# target name        accession   tlen query name           accession   qlen   E-value  score  bias   #  of  c-Evalue  i-Evalue  score  bias  from    to  from    to  from    to  acc description of target
#------------------- ---------- ----- -------------------- ---------- ----- --------- ------ ----- --- --- --------- --------- ------ ----- ----- ----- ----- ----- ----- ----- ---- ---------------------
d1d7qa_b.40.4.5      -            143 d2uubl1b.40.4.5.aln  -             91   1.9e-30  100.5   0.2   1   1   1.1e-31   2.7e-30  100.0   0.2     1    91    11   105    11   105 0.99 -
d2vnud3b.40.4.5      -            148 d2uubl1b.40.4.5.aln  -             91   2.3e-30  100.2   0.0   1   1   1.4e-31   3.5e-30   99.7   0.0     1    91     8   105     8   105 0.99 -
d2nn6i1b.40.4.5      -            125 d2uubl1b.40.4.5.aln  -             91   8.7e-23   76.0   0.0   1   1   4.2e-24     1e-22   75.8   0.0     1    91     1    97     1    97 0.98 -
d3bzka4b.40.4.5      -             94 d2uubl1b.40.4.5.aln  -             91   3.7e-20   67.6   0.7   1   1   1.7e-21   4.1e-20   67.5   0.7     2    89    13    91    12    93 0.93 -
d1jt8a_b.40.4.5      -            102 d2uubl1b.40.4.5.aln  -             91   6.8e-16   53.9   0.3   1   1     3e-17   7.3e-16   53.9   0.3     5    89     4    92     1    94 0.95 -
d1go3e1b.40.4.5      -            106 d2uubl1b.40.4.5.aln  -             91   9.5e-15   50.3   0.5   1   1   4.7e-16   1.1e-14   50.1   0.5     5    89     1    91     1    93 0.98 -
d2uubq1b.40.4.5      -            100 d2uubl1b.40.4.5.aln  -             91   1.4e-14   49.7   1.7   1   1   7.2e-16   1.7e-14   49.5   1.7     8    89     2    83     1    85 0.97 -
d1luza_b.40.4.5      -             85 d2uubl1b.40.4.5.aln  -             91   2.7e-13   45.6   0.3   1   1   1.2e-14   2.8e-13   45.6   0.3     3    86     4    84     2    85 0.95 -
d1y14b1b.40.4.5      -             91 d2uubl1b.40.4.5.aln  -             91     3e-13   45.5   0.0   1   1   1.4e-14   3.2e-13   45.4   0.0     5    90     1    85     1    86 0.96 -
d1wi5a_b.40.4.5      -            119 d2uubl1b.40.4.5.aln  -             91   7.3e-13   44.2   0.0   1   1   3.6e-14   8.6e-13   44.0   0.0     9    89    14   101     6   103 0.74 -
d2je6i1b.40.4.5      -             87 d2uubl1b.40.4.5.aln  -             91   1.2e-12   43.5   1.0   1   1   5.6e-14   1.3e-12   43.4   1.0     1    87     1    86     1    87 0.97 -
d1kl9a2b.40.4.5      -             86 d2uubl1b.40.4.5.aln  -             91   2.7e-12   42.5   1.4   1   1   1.2e-13   2.9e-12   42.3   1.4     2    81     8    85     7    86 0.96 -
d2ja9a1b.40.4.5      -             90 d2uubl1b.40.4.5.aln  -             91   4.1e-12   41.8   0.0   1   1   1.9e-13   4.4e-12   41.7   0.0     2    88     2    84     1    87 0.97 -
d2nn6h1b.40.4.5      -             95 d2uubl1b.40.4.5.aln  -             91   7.9e-10   34.6   0.1   1   1   3.7e-11   8.8e-10   34.4   0.1     2    83     3    90     2    94 0.95 -
d1e3pa2b.40.4.5      -             62 d2uubl1b.40.4.5.aln  -             91   1.4e-09   33.7   0.3   1   1   6.4e-11   1.5e-09   33.6   0.3    13    73     1    61     1    62 0.96 -
d2ix0a3b.40.4.5      -             87 d2uubl1b.40.4.5.aln  -             91   1.7e-08   30.3   0.1   1   1   7.7e-10   1.8e-08   30.2   0.1    11    87     7    85     2    87 0.94 -
d1smxa_b.40.4.5      -             87 d2uubl1b.40.4.5.aln  -             91   3.5e-08   29.3   0.0   1   1   1.6e-09   3.8e-08   29.2   0.0    10    87     3    87     1    87 0.96 -
d2asba1b.40.4.5      -             76 d2uubl1b.40.4.5.aln  -             91   4.9e-08   28.8   0.1   1   1   2.2e-09   5.1e-08   28.7   0.1     6    81     3    75     1    76 0.93 -
d1jjga_b.40.4.5      -            102 d2uubl1b.40.4.5.aln  -             91   2.3e-07   26.6   0.3   1   1   1.1e-08   2.6e-07   26.5   0.3     1    87     8   101     8   102 0.98 -
d1wfqa_b.40.4.5      -             89 d2uubl1b.40.4.5.aln  -             91   3.6e-07   26.0   0.0   1   1   1.6e-08   3.8e-07   26.0   0.0     7    88     6    88     1    89 0.94 -
d2vnud1b.40.4.5      -             95 d2uubl1b.40.4.5.aln  -             91   1.1e-06   24.5   0.0   1   1     5e-08   1.2e-06   24.4   0.0     1    86     1    93     1    95 0.95 -
d1hh2p1b.40.4.5      -             72 d2uubl1b.40.4.5.aln  -             91   3.7e-06   22.8   0.4   1   1   2.2e-07   5.2e-06   22.3   0.4     6    79     7    69     3    72 0.86 -
d2vnud2b.40.4.5      -             88 d2uubl1b.40.4.5.aln  -             91     9e-06   21.6   0.5   1   1   4.4e-07     1e-05   21.4   0.5     3    87     5    84     3    87 0.94 -
d2ix0a1b.40.4.5      -             90 d2uubl1b.40.4.5.aln  -             91     1e-05   21.4   0.0   1   1   4.6e-07   1.1e-05   21.3   0.0     3    90     3    89     1    90 0.96 -
d1a62a2b.40.4.5      -             78 d2uubl1b.40.4.5.aln  -             91   1.5e-05   20.9   0.0   1   1   6.5e-07   1.6e-05   20.8   0.0    11    87     4    75     1    78 0.93 -
d3i4oa_b.40.4.5      -             68 d2uubl1b.40.4.5.aln  -             91   2.1e-05   20.4   0.1   1   1     9e-07   2.2e-05   20.4   0.1     9    80     4    67     1    68 0.93 -
d1bkba2b.40.4.5      -             65 d2uubl1b.40.4.5.aln  -             91   3.7e-05   19.6   0.2   1   1   1.6e-06   3.8e-05   19.6   0.2    10    77     2    64     1    65 0.91 -
d1khia2b.40.4.5      -             71 d2uubl1b.40.4.5.aln  -             91     7e-05   18.7   0.2   1   1   3.1e-06   7.3e-05   18.7   0.2     3    73     2    70     1    71 0.90 -
d2ix0a2b.40.4.5      -             79 d2uubl1b.40.4.5.aln  -             91   0.00041   16.3   0.0   1   1   1.8e-05   0.00044   16.2   0.0     9    80     7    75     1    78 0.87 -
d1x6oa2b.40.4.5      -             79 d2uubl1b.40.4.5.aln  -             91   0.00082   15.3   0.0   1   1   3.4e-05   0.00082   15.3   0.0     8    77     4    73     1    79 0.86 -
d1t9ha1b.40.4.5      -             67 d2uubl1b.40.4.5.aln  -             91    0.0016   14.4   0.2   1   1   7.1e-05    0.0017   14.3   0.2    11    71     2    57     1    66 0.91 -
d1ueba2b.40.4.5      -             63 d2uubl1b.40.4.5.aln  -             91    0.0022   13.9   0.0   1   1   9.5e-05    0.0023   13.9   0.0    10    70     2    60     1    63 0.94 -
d1c9oa_b.40.4.5      -             66 d2uubl1b.40.4.5.aln  -             91    0.0039   13.1   0.1   1   1   0.00018    0.0043   13.0   0.1    10    77     3    62     1    66 0.87 -
#
# Program:         hmmsearch
# Version:         3.1b2 (February 2015)
# Pipeline mode:   SEARCH
# Query file:      hmmModels30/d2uubl1b.40.4.5.hmm
# Target file:     scop/scopTestSeq.fasta
# Option settings: hmmsearch --domtblout hmmModels30/d2uubl1b.40.4.5.out -E 1 hmmModels30/d2uubl1b.40.4.5.hmm scop/scopTestSeq.fasta 
# Current dir:     /home/anastasia/SBAS/TME8
# Date:            Sat Apr  8 15:33:56 2023
# [ok]
