#                                                                            --- full sequence --- -------------- this domain -------------   hmm coord   ali coord   env coord
# target name        accession   tlen query name           accession   qlen   E-value  score  bias   #  of  c-Evalue  i-Evalue  score  bias  from    to  from    to  from    to  acc description of target
#------------------- ---------- ----- -------------------- ---------- ----- --------- ------ ----- --- --- --------- --------- ------ ----- ----- ----- ----- ----- ----- ----- ---- ---------------------
d1s8na_c.23.1.1      -            190 d2v0na2c.23.1.1.aln  -            125     2e-57  188.0   0.2   1   1   5.7e-59   2.8e-57  187.6   0.2     2   125     2   124     1   124 0.99 -
d1k66a_c.23.1.1      -            149 d2v0na2c.23.1.1.aln  -            125   4.5e-42  138.5   0.0   1   1     1e-43     5e-42  138.3   0.0     2   124     5   140     4   141 0.98 -
d1dz3a_c.23.1.1      -            123 d2v0na2c.23.1.1.aln  -            125   3.5e-41  135.6   0.0   1   1   7.7e-43   3.8e-41  135.5   0.0     4   122     2   122     1   123 0.98 -
d2r25b_c.23.1.1      -            133 d2v0na2c.23.1.1.aln  -            125   4.5e-40  132.0   0.1   1   1     1e-41     5e-40  131.8   0.1     3   124     2   129     1   130 0.97 -
d1mb3a_c.23.1.1      -            123 d2v0na2c.23.1.1.aln  -            125   1.1e-39  130.7   0.1   1   1   2.4e-41   1.2e-39  130.6   0.1     4   123     2   122     1   123 0.98 -
d1jbea_c.23.1.1      -            128 d2v0na2c.23.1.1.aln  -            125   9.7e-39  127.7   0.0   1   1   2.2e-40   1.1e-38  127.5   0.0     2   123     3   126     2   128 0.97 -
d1kgsa2c.23.1.1      -            122 d2v0na2c.23.1.1.aln  -            125   3.1e-38  126.0   0.1   1   1   6.9e-40   3.4e-38  125.9   0.1     3   124     1   121     1   122 0.96 -
d1dbwa_c.23.1.1      -            123 d2v0na2c.23.1.1.aln  -            125   2.6e-32  106.9   0.2   1   1   5.7e-34   2.8e-32  106.8   0.2     2   123     2   122     1   123 0.97 -
d3cfya_c.23.1.0      -            130 d2v0na2c.23.1.1.aln  -            125   1.4e-27   91.7   0.1   1   1   3.6e-29   1.8e-27   91.3   0.1     5   122     4   120     2   122 0.97 -
d2b4aa1c.23.1.1      -            118 d2v0na2c.23.1.1.aln  -            125   8.6e-27   89.1   0.0   1   1   1.9e-28   9.4e-27   88.9   0.0     2   120     1   116     1   118 0.93 -
d3heba_c.23.1.0      -            142 d2v0na2c.23.1.1.aln  -            125   3.2e-22   74.3   0.0   1   1     8e-24     4e-22   74.0   0.0     5   119     2   128     1   132 0.92 -
d3khta_c.23.1.0      -            132 d2v0na2c.23.1.1.aln  -            125   7.1e-20   66.7   0.0   1   1   1.5e-21   7.6e-20   66.6   0.0     4   105     2   106     1   126 0.91 -
d3eqza_c.23.1.0      -            124 d2v0na2c.23.1.1.aln  -            125   4.3e-13   44.8   0.0   1   1   1.1e-14   5.3e-13   44.5   0.0     5    85     3    81     1   124 0.75 -
d2v0na2c.23.1.1      -            153 d2v0na2c.23.1.1.aln  -            125     5e-11   38.1   0.0   1   1   1.4e-12   7.1e-11   37.6   0.0     5   123    15   132    13   134 0.90 -
d3ktoa_c.23.1.0      -            122 d2v0na2c.23.1.1.aln  -            125   3.4e-09   32.2   0.3   1   1   8.8e-11   4.4e-09   31.9   0.3     7   121     4   119     2   122 0.74 -
d2plna_c.23.1.0      -            118 d2v0na2c.23.1.1.aln  -            125   1.3e-07   27.0   0.1   1   1   3.8e-09   1.9e-07   26.6   0.1     4   118     5   115     3   118 0.76 -
#
# Program:         hmmsearch
# Version:         3.1b2 (February 2015)
# Pipeline mode:   SEARCH
# Query file:      hmmModels30/d2v0na2c.23.1.1.hmm
# Target file:     scop/scopTestSeq.fasta
# Option settings: hmmsearch --domtblout hmmModels30/d2v0na2c.23.1.1.out -E 1 hmmModels30/d2v0na2c.23.1.1.hmm scop/scopTestSeq.fasta 
# Current dir:     /home/anastasia/SBAS/TME8
# Date:            Sat Apr  8 15:33:56 2023
# [ok]
