#                                                                            --- full sequence --- -------------- this domain -------------   hmm coord   ali coord   env coord
# target name        accession   tlen query name           accession   qlen   E-value  score  bias   #  of  c-Evalue  i-Evalue  score  bias  from    to  from    to  from    to  acc description of target
#------------------- ---------- ----- -------------------- ---------- ----- --------- ------ ----- --- --- --------- --------- ------ ----- ----- ----- ----- ----- ----- ----- ---- ---------------------
d2dw4a2c.3.1.2       -            450 d2voua1c.3.1.2.aln   -            352  8.5e-154  507.5   0.0   1   1  3.1e-155  9.5e-154  507.3   0.0     1   351     3   449     3   450 1.00 -
d2iida1c.3.1.2       -            371 d2voua1c.3.1.2.aln   -            352  9.4e-101  333.0   0.0   1   1  3.5e-102  1.1e-100  332.9   0.0     2   351    29   370    28   371 0.99 -
d2gmha1c.3.1.2       -            381 d2voua1c.3.1.2.aln   -            352  8.5e-100  329.9   0.0   1   1  3.2e-101  9.6e-100  329.7   0.0     2   349    31   380    30   381 0.99 -
d1b5qa1c.3.1.2       -            348 d2voua1c.3.1.2.aln   -            352   1.4e-93  309.5   0.0   1   1   5.1e-95   1.5e-93  309.3   0.0     4   351     1   344     1   345 0.99 -
d2f5va1c.3.1.2       -            380 d2voua1c.3.1.2.aln   -            352   7.1e-90  297.3   0.0   1   1   2.6e-91   7.9e-90  297.1   0.0     2   351     3   375     2   376 0.99 -
d1seza1c.3.1.2       -            374 d2voua1c.3.1.2.aln   -            352   6.4e-87  287.5   0.0   1   1   2.3e-88   7.1e-87  287.4   0.0     4   348     2   371     1   374 0.98 -
d1pn0a1c.3.1.2       -            361 d2voua1c.3.1.2.aln   -            352   1.1e-86  286.7   0.0   1   1   4.2e-88   1.3e-86  286.6   0.0     2   351     6   360     5   361 0.99 -
d1kdga1c.3.1.2       -            361 d2voua1c.3.1.2.aln   -            352   1.1e-83  276.9   0.0   1   1   3.9e-85   1.2e-83  276.8   0.0     2   350     1   357     1   359 0.99 -
d1n4wa1c.3.1.2       -            368 d2voua1c.3.1.2.aln   -            352   9.7e-83  273.8   0.1   1   1   3.5e-84   1.1e-82  273.6   0.1     3   351     2   366     1   367 0.99 -
d1ju2a1c.3.1.2       -            352 d2voua1c.3.1.2.aln   -            352   1.9e-69  230.1   0.0   1   1   6.8e-71   2.1e-69  229.9   0.0     5   350     4   347     1   349 0.99 -
d2ivda1c.3.1.2       -            348 d2voua1c.3.1.2.aln   -            352   2.2e-64  213.4   0.4   1   1   8.1e-66   2.5e-64  213.3   0.4     4   348     1   346     1   348 0.98 -
d1pj5a2c.3.1.2       -            306 d2voua1c.3.1.2.aln   -            352   9.6e-51  168.6   0.0   1   1   3.5e-52   1.1e-50  168.4   0.0     3   346     1   304     1   306 0.99 -
d1ryia1c.3.1.2       -            277 d2voua1c.3.1.2.aln   -            352   2.4e-48  160.7   0.0   1   1   9.4e-50   2.8e-48  160.4   0.0     1   292     2   252     2   276 0.96 -
d1k0ia1c.3.1.2       -            293 d2voua1c.3.1.2.aln   -            352   2.2e-46  154.2   0.0   1   1   8.4e-48   2.5e-46  154.0   0.0     3   347     2   291     1   293 0.96 -
d3c96a1c.3.1.2       -            289 d2voua1c.3.1.2.aln   -            352   4.5e-44  146.6   0.2   1   1   1.7e-45   5.3e-44  146.4   0.2     3   346     1   287     1   289 0.99 -
d2gf3a1c.3.1.2       -            282 d2voua1c.3.1.2.aln   -            352   4.1e-42  140.2   0.0   1   1   1.6e-43   4.9e-42  139.9   0.0     2   301     2   260     1   274 0.96 -
d1nhpa2c.3.1.5       -            123 d2voua1c.3.1.2.aln   -            352   1.5e-06   23.2   0.0   1   1   5.9e-08   1.8e-06   22.9   0.0     5    38    32    65    31    88 0.91 -
d2gv8a1c.3.1.5       -            336 d2voua1c.3.1.2.aln   -            352   5.9e-06   21.2   0.0   1   1   2.9e-07   8.7e-06   20.7   0.0     5    40     6    43     5    68 0.91 -
d1w4xa1c.3.1.5       -            299 d2voua1c.3.1.2.aln   -            352   9.3e-06   20.6   0.1   1   1     5e-07   1.5e-05   19.9   0.1     3    40     7    44     6    49 0.90 -
d1v59a1c.3.1.5       -            234 d2voua1c.3.1.2.aln   -            352   1.6e-05   19.8   0.2   1   1   8.3e-07   2.5e-05   19.2   0.2     5    41     7    43     4    57 0.92 -
d1xhca2c.3.1.5       -            122 d2voua1c.3.1.2.aln   -            352   0.00013   16.9   0.0   1   1   4.5e-06   0.00014   16.8   0.0     4    39    33    68    30    96 0.79 -
d2voua1c.3.1.2       -            266 d2voua1c.3.1.2.aln   -            352   0.00042   15.1   0.2   1   1   2.1e-05   0.00064   14.6   0.2     5    36     6    37     3    46 0.91 -
d1v59a2c.3.1.5       -            122 d2voua1c.3.1.2.aln   -            352   0.00047   15.0   0.4   1   2   2.5e-05   0.00076   14.3   0.2     3    44    23    64    21    86 0.83 -
d1v59a2c.3.1.5       -            122 d2voua1c.3.1.2.aln   -            352   0.00047   15.0   0.4   2   2       1.5        45   -1.4   0.0   239   267    77   105    65   116 0.72 -
d1fl2a1c.3.1.5       -            185 d2voua1c.3.1.2.aln   -            352   0.00082   14.2   2.6   1   1   4.7e-05    0.0014   13.4   2.6     3    19     1    17     1    24 0.95 -
d1gpja2c.2.1.7       -            159 d2voua1c.3.1.2.aln   -            352   0.00085   14.2   0.2   1   1   4.2e-05    0.0013   13.6   0.2     4    35    25    56    24    60 0.92 -
d1fl2a2c.3.1.5       -            126 d2voua1c.3.1.2.aln   -            352   0.00087   14.1   0.4   1   1   4.7e-05    0.0014   13.4   0.4     4    36    31    63    29    67 0.93 -
#
# Program:         hmmsearch
# Version:         3.1b2 (February 2015)
# Pipeline mode:   SEARCH
# Query file:      hmmModels30/d2voua1c.3.1.2.hmm
# Target file:     scop/scopTestSeq.fasta
# Option settings: hmmsearch --domtblout hmmModels30/d2voua1c.3.1.2.out -E 1 hmmModels30/d2voua1c.3.1.2.hmm scop/scopTestSeq.fasta 
# Current dir:     /home/anastasia/SBAS/TME8
# Date:            Sat Apr  8 15:33:56 2023
# [ok]
