#                                                                            --- full sequence --- -------------- this domain -------------   hmm coord   ali coord   env coord
# target name        accession   tlen query name           accession   qlen   E-value  score  bias   #  of  c-Evalue  i-Evalue  score  bias  from    to  from    to  from    to  acc description of target
#------------------- ---------- ----- -------------------- ---------- ----- --------- ------ ----- --- --- --------- --------- ------ ----- ----- ----- ----- ----- ----- ----- ---- ---------------------
d3h93a_c.47.1.0      -            192 d2wcia_c.47.1.0.aln  -            178   2.8e-75  247.7   0.0   1   1   3.9e-77   3.1e-75  247.5   0.0     1   178     6   185     6   185 1.00 -
d3c7ma_c.47.1.0      -            195 d2wcia_c.47.1.0.aln  -            178   2.8e-72  237.9   2.7   1   1   3.9e-74   3.1e-72  237.7   2.7     1   178     1   195     1   195 1.00 -
d3feua_c.47.1.0      -            183 d2wcia_c.47.1.0.aln  -            178   6.4e-67  220.4   0.1   1   1   9.1e-69   7.2e-67  220.2   0.1     1   178     3   183     3   183 1.00 -
d2v1ma_c.47.1.0      -            163 d2wcia_c.47.1.0.aln  -            178   1.6e-51  170.3   0.0   1   1   2.3e-53   1.8e-51  170.1   0.0     5   178     1   162     1   162 0.99 -
d2xhfa_c.47.1.0      -            156 d2wcia_c.47.1.0.aln  -            178   1.6e-40  134.4   0.0   1   1   2.3e-42   1.8e-40  134.3   0.0     1   146     3   156     3   156 0.99 -
d3gnja_c.47.1.0      -            111 d2wcia_c.47.1.0.aln  -            178   3.5e-22   74.7   0.3   1   1   4.8e-24   3.8e-22   74.6   0.3    10   123     2   111     1   111 0.98 -
d3h79a_c.47.1.0      -            115 d2wcia_c.47.1.0.aln  -            178   4.2e-22   74.4   0.0   1   1   5.8e-24   4.6e-22   74.3   0.0     4   116     2   114     1   115 0.98 -
d3fz4a_c.47.1.0      -            119 d2wcia_c.47.1.0.aln  -            178   1.8e-21   72.3   0.0   1   1   2.5e-23     2e-21   72.2   0.0     7   125     2   118     1   119 0.98 -
d2hzfa_c.47.1.0      -            110 d2wcia_c.47.1.0.aln  -            178     3e-21   71.6   0.0   1   1     4e-23   3.2e-21   71.6   0.0     5   117     1   108     1   110 0.96 -
d3qmxa_c.47.1.0      -             99 d2wcia_c.47.1.0.aln  -            178   1.3e-15   53.3   0.0   1   1   1.7e-17   1.3e-15   53.2   0.0     6   108     2    94     1    99 0.93 -
#
# Program:         hmmsearch
# Version:         3.1b2 (February 2015)
# Pipeline mode:   SEARCH
# Query file:      hmmModels30/d2wcia_c.47.1.0.hmm
# Target file:     scop/scopTestSeq.fasta
# Option settings: hmmsearch --domtblout hmmModels30/d2wcia_c.47.1.0.out -E 1 hmmModels30/d2wcia_c.47.1.0.hmm scop/scopTestSeq.fasta 
# Current dir:     /home/anastasia/SBAS/TME8
# Date:            Sat Apr  8 15:33:56 2023
# [ok]
