#                                                                            --- full sequence --- -------------- this domain -------------   hmm coord   ali coord   env coord
# target name        accession   tlen query name           accession   qlen   E-value  score  bias   #  of  c-Evalue  i-Evalue  score  bias  from    to  from    to  from    to  acc description of target
#------------------- ---------- ----- -------------------- ---------- ----- --------- ------ ----- --- --- --------- --------- ------ ----- ----- ----- ----- ----- ----- ----- ---- ---------------------
d2yzqa1d.37.1.1      -            156 d2yzqa2d.37.1.1.aln  -            138     2e-48  159.5   0.1   1   1   5.1e-50   2.2e-48  159.4   0.1     2   132     2   156     1   156 0.99 -
d1pvma4d.37.1.1      -            142 d2yzqa2d.37.1.1.aln  -            138   2.3e-43  143.1   0.8   1   1   5.9e-45   2.6e-43  143.0   0.8     2   137     1   131     1   132 0.98 -
d2j9la1d.37.1.1      -            169 d2yzqa2d.37.1.1.aln  -            138   5.4e-42  138.7   0.4   1   1   1.4e-43   6.1e-42  138.5   0.4     2   138     9   162     8   162 0.99 -
d2v8qe2d.37.1.1      -            159 d2yzqa2d.37.1.1.aln  -            138   5.3e-41  135.5   0.0   1   1   1.4e-42   5.9e-41  135.3   0.0     2   138    13   159    12   159 0.98 -
d2yzia1d.37.1.1      -            132 d2yzqa2d.37.1.1.aln  -            138   8.7e-39  128.3   0.7   1   1   2.2e-40   9.5e-39  128.2   0.7     2   137     3   131     2   132 0.97 -
d1o50a3d.37.1.1      -            145 d2yzqa2d.37.1.1.aln  -            138   1.7e-38  127.3   1.2   1   1   4.3e-40   1.9e-38  127.2   1.2     2   136     2   144     1   145 0.98 -
d3ddja1d.37.1.1      -            141 d2yzqa2d.37.1.1.aln  -            138   3.2e-38  126.5   6.2   1   1     8e-40   3.5e-38  126.3   6.2     4   137     2   135     1   136 0.98 -
d2nyca1d.37.1.1      -            140 d2yzqa2d.37.1.1.aln  -            138   2.4e-36  120.4   0.5   1   1   5.9e-38   2.6e-36  120.3   0.5     4   132     9   138     6   140 0.97 -
d1y5ha3d.37.1.1      -            123 d2yzqa2d.37.1.1.aln  -            138   1.4e-35  117.9   0.0   1   1   3.4e-37   1.5e-35  117.8   0.0     6   131     3   122     1   123 0.98 -
d2d4za3d.37.1.1      -            161 d2yzqa2d.37.1.1.aln  -            138   3.7e-35  116.5   0.0   1   1     1e-36   4.5e-35  116.3   0.0     1   137     8   148     8   149 0.98 -
d1vr9a3d.37.1.1      -            121 d2yzqa2d.37.1.1.aln  -            138     4e-32  106.7   0.1   1   1     1e-33   4.5e-32  106.5   0.1     4   135     1   120     1   121 0.96 -
d2rc3a1d.37.1.1      -            127 d2yzqa2d.37.1.1.aln  -            138     5e-32  106.4   1.4   1   1   1.2e-33   5.4e-32  106.3   1.4     5   131     6   125     2   127 0.93 -
d3ddja2d.37.1.1      -            135 d2yzqa2d.37.1.1.aln  -            138   7.5e-32  105.8   0.1   1   1   1.9e-33   8.2e-32  105.7   0.1     4   134     1   133     1   135 0.96 -
d1pbja3d.37.1.1      -            120 d2yzqa2d.37.1.1.aln  -            138   3.2e-31  103.8   6.3   1   1     8e-33   3.5e-31  103.6   6.3     5   132     1   120     1   120 0.98 -
d2riha_d.37.1.1      -            131 d2yzqa2d.37.1.1.aln  -            138   2.6e-29   97.6   0.2   1   1   6.7e-31   2.9e-29   97.4   0.2     4   136     1   127     1   129 0.90 -
d1zfja4d.37.1.1      -            126 d2yzqa2d.37.1.1.aln  -            138   6.6e-29   96.3   0.1   1   1   1.7e-30   7.3e-29   96.2   0.1     7   136     2   121     1   123 0.96 -
d2ouxa2d.37.1.1      -            127 d2yzqa2d.37.1.1.aln  -            138   1.1e-28   95.5   6.5   1   1   2.8e-30   1.2e-28   95.4   6.5     3   136     5   126     3   127 0.95 -
d2yzqa2d.37.1.1      -            122 d2yzqa2d.37.1.1.aln  -            138   7.1e-28   92.9   0.9   1   2   1.1e-14   4.7e-13   44.9   0.0    77   129     3    55     1    59 0.96 -
d2yzqa2d.37.1.1      -            122 d2yzqa2d.37.1.1.aln  -            138   7.1e-28   92.9   0.9   2   2   1.7e-15   7.6e-14   47.5   0.3    72   131    57   116    54   122 0.84 -
#
# Program:         hmmsearch
# Version:         3.1b2 (February 2015)
# Pipeline mode:   SEARCH
# Query file:      hmmModels30/d2yzqa2d.37.1.1.hmm
# Target file:     scop/scopTestSeq.fasta
# Option settings: hmmsearch --domtblout hmmModels30/d2yzqa2d.37.1.1.out -E 1 hmmModels30/d2yzqa2d.37.1.1.hmm scop/scopTestSeq.fasta 
# Current dir:     /home/anastasia/SBAS/TME8
# Date:            Sat Apr  8 15:33:56 2023
# [ok]
