#                                                                            --- full sequence --- -------------- this domain -------------   hmm coord   ali coord   env coord
# target name        accession   tlen query name           accession   qlen   E-value  score  bias   #  of  c-Evalue  i-Evalue  score  bias  from    to  from    to  from    to  acc description of target
#------------------- ---------- ----- -------------------- ---------- ----- --------- ------ ----- --- --- --------- --------- ------ ----- ----- ----- ----- ----- ----- ----- ---- ---------------------
d1pvma4d.37.1.1      -            142 d2yzqa1d.37.1.1.aln  -            136   6.3e-47  154.4   0.8   1   1   1.6e-48     7e-47  154.2   0.8     1   135     1   130     1   131 0.98 -
d2j9la1d.37.1.1      -            169 d2yzqa1d.37.1.1.aln  -            136   1.4e-43  143.5   0.4   1   1   3.7e-45   1.6e-43  143.3   0.4     2   135     5   160     4   161 0.99 -
d2d4za3d.37.1.1      -            161 d2yzqa1d.37.1.1.aln  -            136   5.8e-40  131.8   0.0   1   1   1.5e-41   6.5e-40  131.7   0.0     1   131     9   160     9   161 0.99 -
d1o50a3d.37.1.1      -            145 d2yzqa1d.37.1.1.aln  -            136     2e-38  126.9   1.1   1   1     5e-40   2.2e-38  126.7   1.1     2   135     3   144     2   145 0.98 -
d2v8qe2d.37.1.1      -            159 d2yzqa1d.37.1.1.aln  -            136   1.2e-37  124.3   0.0   1   1   3.1e-39   1.4e-37  124.1   0.0     2   136    12   158    11   158 0.98 -
d2nyca1d.37.1.1      -            140 d2yzqa1d.37.1.1.aln  -            136   1.6e-37  123.9   0.3   1   1   4.1e-39   1.8e-37  123.8   0.3     3   131     9   138     7   140 0.98 -
d2yzqa2d.37.1.1      -            122 d2yzqa1d.37.1.1.aln  -            136   4.1e-37  122.6   1.8   1   1     1e-38   4.5e-37  122.5   1.8     3   135     1   121     1   122 0.98 -
d3ddja1d.37.1.1      -            141 d2yzqa1d.37.1.1.aln  -            136   8.1e-37  121.6   5.8   1   1     2e-38     9e-37  121.5   5.8     3   134     2   133     1   135 0.98 -
d2yzia1d.37.1.1      -            132 d2yzqa1d.37.1.1.aln  -            136   1.6e-36  120.7   0.8   1   1   3.9e-38   1.7e-36  120.6   0.8     3   135     5   130     3   131 0.97 -
d1y5ha3d.37.1.1      -            123 d2yzqa1d.37.1.1.aln  -            136   1.9e-35  117.2   0.0   1   1   4.7e-37   2.1e-35  117.1   0.0     4   130     2   122     1   123 0.98 -
d1vr9a3d.37.1.1      -            121 d2yzqa1d.37.1.1.aln  -            136   2.1e-33  110.6   0.1   1   1   5.4e-35   2.3e-33  110.4   0.1     3   134     1   120     1   121 0.98 -
d3ddja2d.37.1.1      -            135 d2yzqa1d.37.1.1.aln  -            136   4.8e-33  109.4   0.1   1   1   1.2e-34   5.3e-33  109.3   0.1     3   134     1   134     1   135 0.95 -
d2ouxa2d.37.1.1      -            127 d2yzqa1d.37.1.1.aln  -            136   2.9e-32  106.9   6.7   1   1   7.2e-34   3.2e-32  106.8   6.7     4   134     2   125     1   127 0.97 -
d2rc3a1d.37.1.1      -            127 d2yzqa1d.37.1.1.aln  -            136   2.8e-31  103.7   2.0   1   1   6.9e-33     3e-31  103.6   2.0     3   130     2   125     1   127 0.96 -
d1zfja4d.37.1.1      -            126 d2yzqa1d.37.1.1.aln  -            136     2e-30  100.9   0.1   1   1     5e-32   2.2e-30  100.8   0.1     6   134     2   120     1   122 0.97 -
d1pbja3d.37.1.1      -            120 d2yzqa1d.37.1.1.aln  -            136   4.5e-30   99.8   5.9   1   1   1.1e-31     5e-30   99.6   5.9     4   130     1   119     1   120 0.96 -
d2riha_d.37.1.1      -            131 d2yzqa1d.37.1.1.aln  -            136   1.6e-29   98.0   0.3   1   1     4e-31   1.7e-29   97.9   0.3     4   134     2   126     1   128 0.93 -
d2yzqa1d.37.1.1      -            156 d2yzqa1d.37.1.1.aln  -            136   6.2e-20   67.0   0.5   1   2   1.2e-10   5.4e-09   31.5   0.0    85   132    15    62     5    66 0.90 -
d2yzqa1d.37.1.1      -            156 d2yzqa1d.37.1.1.aln  -            136   6.2e-20   67.0   0.5   2   2   2.3e-11   9.9e-10   33.9   0.1    70   130    95   155    76   156 0.93 -
#
# Program:         hmmsearch
# Version:         3.1b2 (February 2015)
# Pipeline mode:   SEARCH
# Query file:      hmmModels30/d2yzqa1d.37.1.1.hmm
# Target file:     scop/scopTestSeq.fasta
# Option settings: hmmsearch --domtblout hmmModels30/d2yzqa1d.37.1.1.out -E 1 hmmModels30/d2yzqa1d.37.1.1.hmm scop/scopTestSeq.fasta 
# Current dir:     /home/anastasia/SBAS/TME8
# Date:            Sat Apr  8 15:33:56 2023
# [ok]
