#                                                                            --- full sequence --- -------------- this domain -------------   hmm coord   ali coord   env coord
# target name        accession   tlen query name           accession   qlen   E-value  score  bias   #  of  c-Evalue  i-Evalue  score  bias  from    to  from    to  from    to  acc description of target
#------------------- ---------- ----- -------------------- ---------- ----- --------- ------ ----- --- --- --------- --------- ------ ----- ----- ----- ----- ----- ----- ----- ---- ---------------------
d2yzqa1d.37.1.1      -            156 d2yzia1d.37.1.1.aln  -            137   3.8e-48  158.4   0.1   1   1   9.6e-50   4.2e-48  158.3   0.1     1   132     2   156     2   156 0.99 -
d1pvma4d.37.1.1      -            142 d2yzia1d.37.1.1.aln  -            137   2.6e-43  142.7   0.7   1   1   6.7e-45   2.9e-43  142.6   0.7     2   136     2   130     1   131 0.98 -
d2j9la1d.37.1.1      -            169 d2yzia1d.37.1.1.aln  -            137   6.6e-41  135.0   0.5   1   1   1.7e-42   7.4e-41  134.8   0.5     2   136     5   160     4   161 0.98 -
d2v8qe2d.37.1.1      -            159 d2yzia1d.37.1.1.aln  -            137   5.1e-39  128.9   0.0   1   1   1.3e-40   5.7e-39  128.7   0.0     1   136    11   157    11   158 0.98 -
d2nyca1d.37.1.1      -            140 d2yzia1d.37.1.1.aln  -            137   1.8e-37  123.9   0.3   1   1   4.4e-39   1.9e-37  123.8   0.3     3   132     9   138     7   140 0.98 -
d1o50a3d.37.1.1      -            145 d2yzia1d.37.1.1.aln  -            137   1.4e-36  121.0   1.1   1   1   3.6e-38   1.6e-36  120.8   1.1     1   136     2   144     2   145 0.98 -
d2d4za3d.37.1.1      -            161 d2yzia1d.37.1.1.aln  -            137   3.4e-36  119.7   0.0   1   1   9.6e-38   4.2e-36  119.4   0.0     2   136    10   147     9   151 0.98 -
d3ddja1d.37.1.1      -            141 d2yzia1d.37.1.1.aln  -            137   5.2e-35  115.9   6.4   1   1   1.3e-36   5.7e-35  115.7   6.4     3   136     2   134     1   135 0.97 -
d2yzqa2d.37.1.1      -            122 d2yzia1d.37.1.1.aln  -            137   1.8e-34  114.1   2.0   1   1   4.5e-36     2e-34  114.0   2.0     3   136     1   121     1   122 0.98 -
d1y5ha3d.37.1.1      -            123 d2yzia1d.37.1.1.aln  -            137   1.8e-33  110.9   0.0   1   1   4.5e-35     2e-33  110.8   0.0     4   131     2   122     1   123 0.97 -
d3ddja2d.37.1.1      -            135 d2yzia1d.37.1.1.aln  -            137   1.8e-32  107.6   0.1   1   1   4.5e-34     2e-32  107.5   0.1     3   134     1   133     1   135 0.98 -
d2rc3a1d.37.1.1      -            127 d2yzia1d.37.1.1.aln  -            137   2.9e-32  107.0   1.9   1   1   7.2e-34   3.2e-32  106.9   1.9     3   131     2   125     1   127 0.97 -
d2ouxa2d.37.1.1      -            127 d2yzia1d.37.1.1.aln  -            137   4.6e-31  103.1   5.0   1   1   1.2e-32   5.2e-31  102.9   5.0     5   135     3   125     1   127 0.97 -
d1pbja3d.37.1.1      -            120 d2yzia1d.37.1.1.aln  -            137   2.9e-30  100.5   6.9   1   1   7.2e-32   3.2e-30  100.4   6.9     4   132     1   120     1   120 0.95 -
d2riha_d.37.1.1      -            131 d2yzia1d.37.1.1.aln  -            137   1.7e-29   98.0   0.4   1   1   4.2e-31   1.9e-29   97.9   0.4     4   135     2   126     1   128 0.95 -
d1vr9a3d.37.1.1      -            121 d2yzia1d.37.1.1.aln  -            137   3.6e-29   97.0   0.1   1   1   1.8e-30   7.8e-29   95.9   0.1     3   135     1   120     1   121 0.95 -
d1zfja4d.37.1.1      -            126 d2yzia1d.37.1.1.aln  -            137   1.2e-27   92.0   0.1   1   1   3.2e-29   1.4e-27   91.8   0.1     2   135     2   120     1   122 0.96 -
d2yzia1d.37.1.1      -            132 d2yzia1d.37.1.1.aln  -            137   2.9e-24   81.1   1.2   1   1   8.2e-25   3.6e-23   77.5   1.2     5   133     7   127     6   131 0.94 -
#
# Program:         hmmsearch
# Version:         3.1b2 (February 2015)
# Pipeline mode:   SEARCH
# Query file:      hmmModels30/d2yzia1d.37.1.1.hmm
# Target file:     scop/scopTestSeq.fasta
# Option settings: hmmsearch --domtblout hmmModels30/d2yzia1d.37.1.1.out -E 1 hmmModels30/d2yzia1d.37.1.1.hmm scop/scopTestSeq.fasta 
# Current dir:     /home/anastasia/SBAS/TME8
# Date:            Sat Apr  8 15:33:56 2023
# [ok]
