#                                                                            --- full sequence --- -------------- this domain -------------   hmm coord   ali coord   env coord
# target name        accession   tlen query name           accession   qlen   E-value  score  bias   #  of  c-Evalue  i-Evalue  score  bias  from    to  from    to  from    to  acc description of target
#------------------- ---------- ----- -------------------- ---------- ----- --------- ------ ----- --- --- --------- --------- ------ ----- ----- ----- ----- ----- ----- ----- ---- ---------------------
d1q33a_d.113.1.1     -            292 d3a6sa_d.113.1.1.aln -            162   2.4e-80  263.6   0.1   1   1   6.2e-82   3.1e-80  263.3   0.1     1   162    67   274    67   274 0.98 -
d1g0sa_d.113.1.1     -            209 d3a6sa_d.113.1.1.aln -            162   3.1e-45  149.5   0.3   1   1     7e-47   3.5e-45  149.3   0.3     2   161    31   205    30   206 0.97 -
d3zr0a_d.113.1.1     -            154 d3a6sa_d.113.1.1.aln -            162   5.6e-36  119.4   0.0   1   1   1.2e-37   6.1e-36  119.2   0.0    16   159     3   146     1   149 0.96 -
d1jkna_d.113.1.1     -            165 d3a6sa_d.113.1.1.aln -            162   1.2e-35  118.3   0.0   1   1   2.7e-37   1.3e-35  118.2   0.0     3   158     2   164     1   165 0.98 -
d2b06a1d.113.1.1     -            155 d3a6sa_d.113.1.1.aln -            162     4e-35  116.6   0.0   1   1     9e-37   4.4e-35  116.4   0.0     7   160     1   153     1   155 0.98 -
d1nqza_d.113.1.1     -            187 d3a6sa_d.113.1.1.aln -            162     6e-35  116.0   0.0   1   1   1.4e-36   6.7e-35  115.8   0.0     2   160    21   183    20   185 0.97 -
d1vhza_d.113.1.1     -            186 d3a6sa_d.113.1.1.aln -            162   1.4e-34  114.8   0.0   1   1   3.1e-36   1.5e-34  114.7   0.0     3   158    18   185    16   186 0.95 -
d1v8ya_d.113.1.1     -            158 d3a6sa_d.113.1.1.aln -            162   4.1e-34  113.3   0.2   1   1   9.2e-36   4.6e-34  113.1   0.2     6   158     2   157     1   158 0.95 -
d3o69a_d.113.1.1     -            190 d3a6sa_d.113.1.1.aln -            162   1.8e-33  111.2   0.1   1   1   4.1e-35     2e-33  111.0   0.1     2   159    19   189    18   190 0.96 -
d1sjya_d.113.1.1     -            158 d3a6sa_d.113.1.1.aln -            162   2.4e-33  110.8   0.0   1   1   5.4e-35   2.6e-33  110.7   0.0     6   160     2   156     1   158 0.97 -
d1k2ea_d.113.1.1     -            152 d3a6sa_d.113.1.1.aln -            162   2.1e-32  107.7   0.3   1   1   4.7e-34   2.3e-32  107.6   0.3    18   161     2   150     1   151 0.96 -
d2fvva1d.113.1.1     -            135 d3a6sa_d.113.1.1.aln -            162   2.1e-30  101.2   0.4   1   1   4.6e-32   2.3e-30  101.1   0.4     4   141     2   132     1   135 0.97 -
d1ktga_d.113.1.1     -            137 d3a6sa_d.113.1.1.aln -            162   9.1e-30   99.2   0.0   1   1     2e-31     1e-29   99.0   0.0    15   157     4   135     1   137 0.96 -
d2b0va1d.113.1.1     -            146 d3a6sa_d.113.1.1.aln -            162   8.2e-29   96.1   0.0   1   1   1.8e-30   8.9e-29   95.9   0.0    14   160     2   145     1   146 0.97 -
d2azwa1d.113.1.1     -            147 d3a6sa_d.113.1.1.aln -            162   6.7e-27   89.8   0.4   1   1   1.5e-28   7.4e-27   89.7   0.4     2   155     2   145     1   147 0.95 -
d3a6sa_d.113.1.1     -            129 d3a6sa_d.113.1.1.aln -            162   2.1e-15   52.5   0.3   1   1     5e-17   2.4e-15   52.2   0.3    16    89     4    77     2   117 0.82 -
#
# Program:         hmmsearch
# Version:         3.1b2 (February 2015)
# Pipeline mode:   SEARCH
# Query file:      hmmModels30/d3a6sa_d.113.1.1.hmm
# Target file:     scop/scopTestSeq.fasta
# Option settings: hmmsearch --domtblout hmmModels30/d3a6sa_d.113.1.1.out -E 1 hmmModels30/d3a6sa_d.113.1.1.hmm scop/scopTestSeq.fasta 
# Current dir:     /home/anastasia/SBAS/TME8
# Date:            Sat Apr  8 15:33:56 2023
# [ok]
