#                                                                            --- full sequence --- -------------- this domain -------------   hmm coord   ali coord   env coord
# target name        accession   tlen query name           accession   qlen   E-value  score  bias   #  of  c-Evalue  i-Evalue  score  bias  from    to  from    to  from    to  acc description of target
#------------------- ---------- ----- -------------------- ---------- ----- --------- ------ ----- --- --- --------- --------- ------ ----- ----- ----- ----- ----- ----- ----- ---- ---------------------
d2arza1b.45.1.1      -            238 d3a6ra_b.45.1.1.aln  -            154   5.9e-72  236.3   0.0   1   1   1.4e-73   7.8e-72  235.9   0.0     2   154     1   159     1   159 0.99 -
d2vpaa_b.45.1.1      -            215 d3a6ra_b.45.1.1.aln  -            154   7.6e-61  200.2   0.0   1   1   1.6e-62   9.1e-61  199.9   0.0     1   154    39   207    39   207 0.99 -
d2fura1b.45.1.1      -            193 d3a6ra_b.45.1.1.aln  -            154   4.1e-41  136.1   0.0   1   1   8.4e-43   4.7e-41  135.9   0.0     2   153     2   163     1   164 0.98 -
d1rfea_b.45.1.1      -            160 d3a6ra_b.45.1.1.aln  -            154   3.7e-35  116.8   0.0   1   1   7.1e-37     4e-35  116.6   0.0     2   151     7   157     6   160 0.96 -
d2htia1b.45.1.1      -            156 d3a6ra_b.45.1.1.aln  -            154   1.2e-32  108.5   0.0   1   1   2.4e-34   1.4e-32  108.4   0.0     3   150     2   155     1   156 0.97 -
d2i02a1b.45.1.1      -            143 d3a6ra_b.45.1.1.aln  -            154   4.2e-32  106.8   0.0   1   1   8.2e-34   4.6e-32  106.7   0.0     2   149     3   142     2   143 0.98 -
d2fg9a1b.45.1.1      -            157 d3a6ra_b.45.1.1.aln  -            154   7.1e-31  102.8   0.0   1   1   1.4e-32   7.8e-31  102.7   0.0     3   150     5   157     3   157 0.98 -
d2hq9a1b.45.1.1      -            148 d3a6ra_b.45.1.1.aln  -            154   1.8e-28   95.0   0.0   1   1   3.5e-30     2e-28   94.9   0.0     3   150     5   148     3   148 0.97 -
d1xhna1b.45.1.1      -            170 d3a6ra_b.45.1.1.aln  -            154   2.5e-27   91.3   0.0   1   1     5e-29   2.8e-27   91.2   0.0     2   151     4   168     3   170 0.98 -
d2hq7a1b.45.1.1      -            141 d3a6ra_b.45.1.1.aln  -            154   3.3e-27   90.9   0.0   1   1   6.8e-29   3.8e-27   90.7   0.0     6   147     6   138     2   141 0.96 -
d1w9aa_b.45.1.1      -            142 d3a6ra_b.45.1.1.aln  -            154   5.1e-27   90.3   0.0   1   1   9.8e-29   5.5e-27   90.2   0.0     6   150     2   141     1   142 0.91 -
d2fhqa1b.45.1.1      -            135 d3a6ra_b.45.1.1.aln  -            154   6.5e-27   90.0   0.0   1   1   1.3e-28   7.1e-27   89.9   0.0     4   145     3   133     1   135 0.97 -
d1vl7a_b.45.1.1      -            135 d3a6ra_b.45.1.1.aln  -            154   1.2e-25   85.9   0.0   1   1   2.3e-27   1.3e-25   85.8   0.0    11   144     3   129     1   135 0.95 -
d2asfa1b.45.1.1      -            125 d3a6ra_b.45.1.1.aln  -            154   9.3e-19   63.5   0.0   1   1     2e-20   1.1e-18   63.2   0.0     7   116     2   106     1   122 0.92 -
#
# Program:         hmmsearch
# Version:         3.1b2 (February 2015)
# Pipeline mode:   SEARCH
# Query file:      hmmModels30/d3a6ra_b.45.1.1.hmm
# Target file:     scop/scopTestSeq.fasta
# Option settings: hmmsearch --domtblout hmmModels30/d3a6ra_b.45.1.1.out -E 1 hmmModels30/d3a6ra_b.45.1.1.hmm scop/scopTestSeq.fasta 
# Current dir:     /home/anastasia/SBAS/TME8
# Date:            Sat Apr  8 15:33:56 2023
# [ok]
