#                                                                            --- full sequence --- -------------- this domain -------------   hmm coord   ali coord   env coord
# target name        accession   tlen query name           accession   qlen   E-value  score  bias   #  of  c-Evalue  i-Evalue  score  bias  from    to  from    to  from    to  acc description of target
#------------------- ---------- ----- -------------------- ---------- ----- --------- ------ ----- --- --- --------- --------- ------ ----- ----- ----- ----- ----- ----- ----- ---- ---------------------
d2nuja1d.38.1.1      -            159 d3bjka_d.38.1.1.aln  -            138   3.4e-54  177.9   0.0   1   1     8e-56   3.9e-54  177.7   0.0     2   137    20   155    19   156 0.98 -
d2hx5a1d.38.1.1      -            144 d3bjka_d.38.1.1.aln  -            138   6.2e-48  157.6   0.0   1   1   1.4e-49   6.8e-48  157.5   0.0     2   135     3   143     2   144 0.98 -
d2hlja1d.38.1.1      -            156 d3bjka_d.38.1.1.aln  -            138   4.9e-47  154.7   0.1   1   1   1.1e-48   5.6e-47  154.5   0.1     2   138     1   138     1   138 0.99 -
d2oafa1d.38.1.1      -            143 d3bjka_d.38.1.1.aln  -            138   3.4e-42  139.0   0.0   1   1   7.6e-44   3.8e-42  138.9   0.0     2   136     5   141     4   143 0.98 -
d1s5ua_d.38.1.1      -            129 d3bjka_d.38.1.1.aln  -            138   3.7e-41  135.7   0.9   1   1   8.2e-43     4e-41  135.5   0.9     5   132     2   129     1   129 0.98 -
d2gf6a1d.38.1.1      -            134 d3bjka_d.38.1.1.aln  -            138     5e-41  135.2   0.0   1   1   1.1e-42   5.4e-41  135.1   0.0     2   133     2   132     1   134 0.98 -
d1lo7a_d.38.1.1      -            140 d3bjka_d.38.1.1.aln  -            138   7.9e-40  131.4   0.0   1   1   1.7e-41   8.6e-40  131.2   0.0     5   136     3   139     1   140 0.98 -
d2oiwa1d.38.1.1      -            131 d3bjka_d.38.1.1.aln  -            138   1.6e-39  130.3   0.3   1   1   3.7e-41   1.8e-39  130.2   0.3     5   138     1   130     1   130 0.98 -
d3qy3a1d.38.1.1      -            130 d3bjka_d.38.1.1.aln  -            138   3.8e-39  129.2   0.1   1   1   8.4e-41   4.1e-39  129.0   0.1     4   132     2   129     1   130 0.98 -
d1vpma_d.38.1.1      -            155 d3bjka_d.38.1.1.aln  -            138   1.4e-38  127.3   0.1   1   1   3.3e-40   1.6e-38  127.1   0.1     2   137     7   139     6   140 0.98 -
d1njka_d.38.1.1      -            133 d3bjka_d.38.1.1.aln  -            138   8.7e-36  118.3   0.1   1   1   1.9e-37   9.6e-36  118.1   0.1     4   136     2   132     1   133 0.97 -
d2gvha1d.38.1.1      -            135 d3bjka_d.38.1.1.aln  -            138   1.2e-32  108.1   0.1   1   1   2.6e-34   1.3e-32  108.0   0.1     2   134     5   134     4   135 0.98 -
d3bjka_d.38.1.1      -            140 d3bjka_d.38.1.1.aln  -            138   6.4e-09   31.2   0.0   1   1   9.6e-10   4.7e-08   28.4   0.0    41   134    33   132     4   135 0.77 -
d3f5oa_d.38.1.5      -            138 d3bjka_d.38.1.1.aln  -            138   0.00022   16.6   0.0   1   1   9.1e-05    0.0045   12.3   0.0    58   108    81   132    34   135 0.77 -
d1ixla_d.38.1.5      -            130 d3bjka_d.38.1.1.aln  -            138    0.0017   13.7   0.0   1   2      0.21        10    1.4   0.0    16    37    39    60    33    68 0.83 -
d1ixla_d.38.1.5      -            130 d3bjka_d.38.1.1.aln  -            138    0.0017   13.7   0.0   2   2   0.00039     0.019   10.2   0.0    61   110    72   120    64   126 0.86 -
d1wlua_d.38.1.5      -            117 d3bjka_d.38.1.1.aln  -            138    0.0058   11.9   0.2   1   1    0.0023      0.11    7.8   0.2    12    42    27    57    20   111 0.75 -
#
# Program:         hmmsearch
# Version:         3.1b2 (February 2015)
# Pipeline mode:   SEARCH
# Query file:      hmmModels30/d3bjka_d.38.1.1.hmm
# Target file:     scop/scopTestSeq.fasta
# Option settings: hmmsearch --domtblout hmmModels30/d3bjka_d.38.1.1.out -E 1 hmmModels30/d3bjka_d.38.1.1.hmm scop/scopTestSeq.fasta 
# Current dir:     /home/anastasia/SBAS/TME8
# Date:            Sat Apr  8 15:33:57 2023
# [ok]
