#                                                                            --- full sequence --- -------------- this domain -------------   hmm coord   ali coord   env coord
# target name        accession   tlen query name           accession   qlen   E-value  score  bias   #  of  c-Evalue  i-Evalue  score  bias  from    to  from    to  from    to  acc description of target
#------------------- ---------- ----- -------------------- ---------- ----- --------- ------ ----- --- --- --------- --------- ------ ----- ----- ----- ----- ----- ----- ----- ---- ---------------------
d1bf2a1b.1.18.2      -            162 d3bmva1b.1.18.2.aln  -            110   2.6e-52  171.1   6.3   1   1   7.9e-54   3.5e-52  170.7   6.3     1   110    25   134    25   134 0.99 -
d1j0ha1b.1.18.2      -            123 d3bmva1b.1.18.2.aln  -            110   2.8e-30  100.1   0.0   1   1   7.3e-32   3.2e-30  100.0   0.0     4   110     1   107     1   107 0.99 -
d1ji1a1b.1.18.2      -            122 d3bmva1b.1.18.2.aln  -            110     1e-27   91.9   3.6   1   1   2.6e-29   1.1e-27   91.8   3.6     1   110     4   113     4   113 0.98 -
d2fhfa2b.1.18.2      -            125 d3bmva1b.1.18.2.aln  -            110   5.1e-27   89.7   0.6   1   1   1.3e-28   5.8e-27   89.5   0.6     1   109    16   124    16   125 0.98 -
d1txka1b.1.18.2      -            115 d3bmva1b.1.18.2.aln  -            110   1.2e-20   69.2   0.9   1   1     3e-22   1.3e-20   69.0   0.9     2   109     7   114     6   115 0.98 -
d1m7xa1b.1.18.2      -            110 d3bmva1b.1.18.2.aln  -            110   2.7e-19   64.8   0.0   1   1   6.8e-21     3e-19   64.6   0.0     3   108     2   107     1   109 0.98 -
d2fhfa1b.1.18.2      -            115 d3bmva1b.1.18.2.aln  -            110   1.5e-18   62.4   3.4   1   1   3.6e-20   1.6e-18   62.3   3.4     3   106     9   112     7   115 0.96 -
d1ut9a2b.1.18.2      -             98 d3bmva1b.1.18.2.aln  -            110   4.2e-17   57.7   0.2   1   1     1e-18   4.6e-17   57.6   0.2     9   105     1    96     1    98 0.97 -
d1w8oa1b.1.18.2      -            103 d3bmva1b.1.18.2.aln  -            110   3.4e-16   54.8   0.8   1   1   8.3e-18   3.6e-16   54.7   0.8     5   106     1   102     1   103 0.97 -
d1edqa1b.1.18.2      -            109 d3bmva1b.1.18.2.aln  -            110   1.5e-15   52.7   2.9   1   1   3.8e-17   1.7e-15   52.6   2.9     4   108     4   108     1   109 0.96 -
d1k3ia1b.1.18.2      -            102 d3bmva1b.1.18.2.aln  -            110   2.4e-14   48.8   0.8   1   1   5.8e-16   2.6e-14   48.8   0.8     7   102     3    98     1   102 0.96 -
d1qbaa1b.1.18.2      -            105 d3bmva1b.1.18.2.aln  -            110   2.8e-14   48.6   0.0   1   1   6.8e-16     3e-14   48.5   0.0     3   104     2   103     1   105 0.96 -
d1clca2b.1.18.2      -            100 d3bmva1b.1.18.2.aln  -            110   2.4e-13   45.6   0.0   1   1     6e-15   2.6e-13   45.5   0.0     1   100     6    99     6   100 0.95 -
d2bhua1b.1.18.2      -             97 d3bmva1b.1.18.2.aln  -            110   6.1e-13   44.3   0.0   1   1   1.5e-14   6.6e-13   44.2   0.0     7   101     2    96     1    97 0.97 -
d1h3ga1b.1.18.2      -             93 d3bmva1b.1.18.2.aln  -            110     6e-12   41.1   0.0   1   1   1.5e-13   6.4e-12   41.1   0.0     6    96     3    93     1    93 0.97 -
d2bvya1b.1.18.2      -             94 d3bmva1b.1.18.2.aln  -            110   6.3e-11   37.9   9.8   1   1   1.5e-12   6.8e-11   37.7   9.8    12   104     2    93     1    94 0.98 -
d1f1sa2b.1.18.2      -             78 d3bmva1b.1.18.2.aln  -            110   1.6e-09   33.4   0.2   1   1   3.7e-11   1.6e-09   33.3   0.2    16    91     2    77     1    78 0.94 -
d1ulva2b.1.18.2      -             89 d3bmva1b.1.18.2.aln  -            110   3.1e-08   29.2   5.7   1   1   7.6e-10   3.3e-08   29.1   5.7     8   101     1    87     1    89 0.94 -
#
# Program:         hmmsearch
# Version:         3.1b2 (February 2015)
# Pipeline mode:   SEARCH
# Query file:      hmmModels30/d3bmva1b.1.18.2.hmm
# Target file:     scop/scopTestSeq.fasta
# Option settings: hmmsearch --domtblout hmmModels30/d3bmva1b.1.18.2.out -E 1 hmmModels30/d3bmva1b.1.18.2.hmm scop/scopTestSeq.fasta 
# Current dir:     /home/anastasia/SBAS/TME8
# Date:            Sat Apr  8 15:33:57 2023
# [ok]
