#                                                                            --- full sequence --- -------------- this domain -------------   hmm coord   ali coord   env coord
# target name        accession   tlen query name           accession   qlen   E-value  score  bias   #  of  c-Evalue  i-Evalue  score  bias  from    to  from    to  from    to  acc description of target
#------------------- ---------- ----- -------------------- ---------- ----- --------- ------ ----- --- --- --------- --------- ------ ----- ----- ----- ----- ----- ----- ----- ---- ---------------------
d1m7xa2b.71.1.1      -            106 d3bmva3b.71.1.1.aln  -             84   2.7e-26   87.1   0.0   1   1   8.2e-28   3.1e-26   86.9   0.0     2    83     4    91     3    92 0.98 -
d2fhfa4b.71.1.1      -            118 d3bmva3b.71.1.1.aln  -             84   8.3e-26   85.5   0.2   1   1   2.6e-27   9.9e-26   85.3   0.2     1    84    17   106    17   106 0.98 -
d1bf2a2b.71.1.1      -            113 d3bmva3b.71.1.1.aln  -             84   5.1e-25   83.0   3.4   1   1   1.6e-26   6.1e-25   82.8   3.4     2    84    17   105    16   105 0.98 -
d1szna1b.71.1.1      -            103 d3bmva3b.71.1.1.aln  -             84   1.6e-21   71.8   0.4   1   1     5e-23   1.9e-21   71.6   0.4     1    83    11    98    11    99 0.98 -
d2guya1b.71.1.1      -             95 d3bmva3b.71.1.1.aln  -             84   2.4e-18   61.7   0.3   1   1   7.1e-20   2.7e-18   61.5   0.3     1    84     1    87     1    87 0.98 -
d1uasa1b.71.1.1      -             89 d3bmva3b.71.1.1.aln  -             84   3.3e-18   61.3   1.0   1   1   9.7e-20   3.6e-18   61.1   1.0     7    83     6    88     3    89 0.96 -
d1e43a1b.71.1.1      -             90 d3bmva3b.71.1.1.aln  -             84   1.9e-17   58.9   1.3   1   1   5.4e-19     2e-17   58.7   1.3     1    81     3    89     3    90 0.98 -
d1ji1a2b.71.1.1      -             83 d3bmva3b.71.1.1.aln  -             84   5.9e-17   57.3   2.9   1   1   1.7e-18   6.4e-17   57.1   2.9     2    81     2    83     1    83 0.98 -
d1ea9c2b.71.1.1      -             80 d3bmva3b.71.1.1.aln  -             84   6.3e-17   57.2   0.0   1   1   1.8e-18   6.6e-17   57.1   0.0     2    82     2    78     1    80 0.95 -
d1j0ha2b.71.1.1      -             83 d3bmva3b.71.1.1.aln  -             84   8.8e-14   47.1   0.0   1   1   2.5e-15   9.5e-14   47.0   0.0     3    84     4    83     2    83 0.96 -
d1h3ga2b.71.1.1      -             83 d3bmva3b.71.1.1.aln  -             84   1.3e-13   46.5   0.0   1   1   3.8e-15   1.4e-13   46.4   0.0     5    82     3    82     1    83 0.95 -
d1wzaa1b.71.1.1      -             79 d3bmva3b.71.1.1.aln  -             84     3e-12   42.2   0.0   1   1   8.6e-14   3.2e-12   42.1   0.0     2    83     1    78     1    79 0.97 -
d1mxga1b.71.1.1      -             74 d3bmva3b.71.1.1.aln  -             84   1.3e-11   40.2   0.9   1   1   3.7e-13   1.4e-11   40.1   0.9     2    80     2    74     1    74 0.94 -
d1ua7a1b.71.1.1      -             78 d3bmva3b.71.1.1.aln  -             84     5e-11   38.3   0.2   1   1   1.4e-12   5.4e-11   38.2   0.2     3    81     2    77     1    78 0.95 -
d1g5aa1b.71.1.1      -             74 d3bmva3b.71.1.1.aln  -             84   8.1e-09   31.2   0.0   1   1   2.3e-10   8.5e-09   31.2   0.0     5    77     4    72     1    74 0.95 -
d1gjwa1b.71.1.1      -             64 d3bmva3b.71.1.1.aln  -             84   9.9e-08   27.8   0.0   1   1   2.7e-09     1e-07   27.7   0.0     7    73     2    63     1    64 0.93 -
d1r7aa1b.71.1.1      -             70 d3bmva3b.71.1.1.aln  -             84   3.5e-07   26.0   0.1   1   1     1e-08   3.8e-07   25.9   0.1     1    79     3    69     3    70 0.94 -
d2bhua2b.71.1.1      -             72 d3bmva3b.71.1.1.aln  -             84   1.9e-06   23.7   0.0   1   1   5.4e-08     2e-06   23.6   0.0     2    79     1    71     1    72 0.94 -
d1gcya1b.71.1.1      -             61 d3bmva3b.71.1.1.aln  -             84     1e-05   21.4   0.6   1   1   2.8e-07     1e-05   21.3   0.6     4    70     4    59     1    61 0.93 -
d1lwha1b.71.1.1      -             50 d3bmva3b.71.1.1.aln  -             84    0.0035   13.2   0.0   1   1   0.00012    0.0046   12.8   0.0     3    33     2    32     1    50 0.92 -
d1kwga1b.71.1.1      -             54 d3bmva3b.71.1.1.aln  -             84    0.0052   12.7   0.0   1   1   0.00016     0.006   12.5   0.0    10    75     3    53     1    54 0.92 -
#
# Program:         hmmsearch
# Version:         3.1b2 (February 2015)
# Pipeline mode:   SEARCH
# Query file:      hmmModels30/d3bmva3b.71.1.1.hmm
# Target file:     scop/scopTestSeq.fasta
# Option settings: hmmsearch --domtblout hmmModels30/d3bmva3b.71.1.1.out -E 1 hmmModels30/d3bmva3b.71.1.1.hmm scop/scopTestSeq.fasta 
# Current dir:     /home/anastasia/SBAS/TME8
# Date:            Sat Apr  8 15:33:57 2023
# [ok]
