#                                                                            --- full sequence --- -------------- this domain -------------   hmm coord   ali coord   env coord
# target name        accession   tlen query name           accession   qlen   E-value  score  bias   #  of  c-Evalue  i-Evalue  score  bias  from    to  from    to  from    to  acc description of target
#------------------- ---------- ----- -------------------- ---------- ----- --------- ------ ----- --- --- --------- --------- ------ ----- ----- ----- ----- ----- ----- ----- ---- ---------------------
d1uoka2c.1.8.1       -            479 d3bmva4c.1.8.1.aln   -            456  2.2e-154  510.3  19.1   1   1  6.1e-156  2.4e-154  510.1  19.1     9   454     1   478     1   479 0.99 -
d1g5aa2c.1.8.1       -            554 d3bmva4c.1.8.1.aln   -            456  2.4e-149  493.7   2.6   1   1  8.9e-151  3.5e-149  493.1   2.6     1   456    38   554    38   554 0.99 -
d2fhfa5c.1.8.1       -            563 d3bmva4c.1.8.1.aln   -            456  6.2e-145  479.1   1.8   1   1  1.8e-146    7e-145  478.9   1.8     2   456     7   563     6   563 1.00 -
d1gjwa2c.1.8.1       -            572 d3bmva4c.1.8.1.aln   -            456  6.9e-132  436.1   0.0   1   1    2e-133  7.8e-132  435.9   0.0     1   455    45   571    45   572 1.00 -
d1wzaa2c.1.8.1       -            409 d3bmva4c.1.8.1.aln   -            456  2.1e-118  391.6  13.1   1   1    6e-120  2.4e-118  391.5  13.1    14   454     2   408     1   409 0.99 -
d1bf2a3c.1.8.1       -            475 d3bmva4c.1.8.1.aln   -            456  3.6e-118  390.9  14.8   1   1    1e-119    4e-118  390.7  14.8     1   455     1   472     1   473 0.99 -
d1h3ga3c.1.8.1       -            422 d3bmva4c.1.8.1.aln   -            456  1.4e-101  336.2   8.8   1   1  4.3e-103  1.7e-101  335.9   8.8    10   456     5   422     2   422 0.98 -
d1ji1a3c.1.8.1       -            432 d3bmva4c.1.8.1.aln   -            456   1.7e-98  326.0  21.5   1   1  4.8e-100   1.9e-98  325.9  21.5     8   456     2   432     1   432 0.99 -
d1wdpa_c.1.8.1       -            493 d3bmva4c.1.8.1.aln   -            456   1.6e-93  309.7   0.0   1   1   4.5e-95   1.8e-93  309.5   0.0     1   455    11   486    11   487 0.99 -
d2bhua3c.1.8.1       -            420 d3bmva4c.1.8.1.aln   -            456   5.8e-93  307.8   1.4   1   1   3.3e-93   1.3e-91  303.4   1.4     2   455     2   419     1   420 0.99 -
d1x1na1c.1.8.1       -            523 d3bmva4c.1.8.1.aln   -            456   1.7e-90  299.6   0.0   1   1     5e-92     2e-90  299.5   0.0     2   453    11   520    10   523 0.98 -
d2guya2c.1.8.1       -            381 d3bmva4c.1.8.1.aln   -            456   2.2e-84  279.6   8.4   1   1   6.9e-86   2.7e-84  279.2   8.4    10   436     2   379     1   381 0.96 -
d1r7aa2c.1.8.1       -            434 d3bmva4c.1.8.1.aln   -            456   1.3e-83  277.0   0.2   1   1   3.7e-85   1.5e-83  276.8   0.2    14   455     1   431     1   432 0.99 -
d1m7xa3c.1.8.1       -            396 d3bmva4c.1.8.1.aln   -            456   7.9e-82  271.1  14.6   1   1   2.6e-83     1e-81  270.7  14.6     2   455     2   392     1   393 0.98 -
d1e43a2c.1.8.1       -            393 d3bmva4c.1.8.1.aln   -            456   7.5e-72  238.2  15.8   1   1   2.1e-73   8.2e-72  238.1  15.8    16   384     2   374     1   393 0.97 -
d1ht6a2c.1.8.1       -            347 d3bmva4c.1.8.1.aln   -            456     1e-70  234.5   5.5   1   1   3.1e-72   1.2e-70  234.2   5.5    16   378     1   329     1   344 0.97 -
d1vema2c.1.8.1       -            417 d3bmva4c.1.8.1.aln   -            456   6.9e-67  221.9   7.2   1   1   2.1e-68   8.3e-67  221.6   7.2     1   387     9   394     9   411 0.97 -
d1ua7a2c.1.8.1       -            344 d3bmva4c.1.8.1.aln   -            456   1.3e-61  204.5  12.5   1   1   4.1e-63   1.6e-61  204.1  12.5    44   399    13   330     2   343 0.94 -
d1kwga2c.1.8.1       -            393 d3bmva4c.1.8.1.aln   -            456   4.3e-56  186.3   0.0   1   1   1.3e-57   5.2e-56  186.0   0.0     1   435    10   372    10   393 0.96 -
d3bmva4c.1.8.1       -            406 d3bmva4c.1.8.1.aln   -            456   4.6e-35  116.9  12.8   1   2     3e-30   1.2e-28   95.8   7.3    17   227    15   245    10   266 0.90 -
d3bmva4c.1.8.1       -            406 d3bmva4c.1.8.1.aln   -            456   4.6e-35  116.9  12.8   2   2   1.6e-08   6.2e-07   24.2   0.2   325   454   320   405   304   406 0.78 -
#
# Program:         hmmsearch
# Version:         3.1b2 (February 2015)
# Pipeline mode:   SEARCH
# Query file:      hmmModels30/d3bmva4c.1.8.1.hmm
# Target file:     scop/scopTestSeq.fasta
# Option settings: hmmsearch --domtblout hmmModels30/d3bmva4c.1.8.1.out -E 1 hmmModels30/d3bmva4c.1.8.1.hmm scop/scopTestSeq.fasta 
# Current dir:     /home/anastasia/SBAS/TME8
# Date:            Sat Apr  8 15:33:57 2023
# [ok]
