#                                                                            --- full sequence --- -------------- this domain -------------   hmm coord   ali coord   env coord
# target name        accession   tlen query name           accession   qlen   E-value  score  bias   #  of  c-Evalue  i-Evalue  score  bias  from    to  from    to  from    to  acc description of target
#------------------- ---------- ----- -------------------- ---------- ----- --------- ------ ----- --- --- --------- --------- ------ ----- ----- ----- ----- ----- ----- ----- ---- ---------------------
d1o7fa2b.82.3.2      -            155 d3bpza_b.82.3.2.aln  -            137   1.4e-53  175.7   0.0   1   1   2.4e-55   1.6e-53  175.6   0.0     1   137    19   155    19   155 0.99 -
d1cx4a2b.82.3.2      -            147 d3bpza_b.82.3.2.aln  -            137   1.6e-44  146.4   0.1   1   1   2.7e-46   1.8e-44  146.3   0.1     6   136     2   137     1   138 0.98 -
d1cx4a1b.82.3.2      -            136 d3bpza_b.82.3.2.aln  -            137   1.8e-43  143.0   0.0   1   1     3e-45     2e-43  142.9   0.0     2   128    12   136    11   136 0.98 -
d1zyba2b.82.3.2      -            147 d3bpza_b.82.3.2.aln  -            137   2.9e-43  142.3   0.0   1   1   4.9e-45   3.2e-43  142.2   0.0     1   136     1   145     1   146 0.99 -
d2gaua2b.82.3.2      -            142 d3bpza_b.82.3.2.aln  -            137   8.4e-41  134.3   0.0   1   1   1.4e-42   9.3e-41  134.2   0.0     9   137     3   131     1   131 0.98 -
d1o7fa3b.82.3.2      -            124 d3bpza_b.82.3.2.aln  -            137   2.1e-39  129.8   0.0   1   1   3.5e-41   2.3e-39  129.7   0.0     2   122     6   123     5   124 0.98 -
d1vp6a_b.82.3.2      -            133 d3bpza_b.82.3.2.aln  -            137     1e-38  127.6   0.0   1   1   1.7e-40   1.1e-38  127.4   0.0     2   135     7   132     6   133 0.98 -
d3e5ua2b.82.3.2      -            139 d3bpza_b.82.3.2.aln  -            137   1.8e-38  126.8   0.0   1   1   3.1e-40     2e-38  126.6   0.0     6   137     1   139     1   139 0.99 -
d1o5la1b.82.3.2      -            129 d3bpza_b.82.3.2.aln  -            137   6.1e-38  125.1   0.0   1   1     1e-39   6.9e-38  124.9   0.0    20   136     1   117     1   118 0.98 -
d1wgpa_b.82.3.2      -            137 d3bpza_b.82.3.2.aln  -            137   8.5e-37  121.4   0.0   1   1   1.4e-38   9.2e-37  121.3   0.0     3   133     3   135     1   137 0.97 -
d2zcwa2b.82.3.2      -            112 d3bpza_b.82.3.2.aln  -            137   2.3e-25   84.4   0.0   1   1   3.7e-27   2.5e-25   84.3   0.0    31   136     2   110     1   111 0.97 -
d3bpza_b.82.3.2      -            194 d3bpza_b.82.3.2.aln  -            137   9.1e-15   50.0   0.0   1   1   1.9e-16   1.3e-14   49.6   0.0     7   127    69   183    65   192 0.93 -
#
# Program:         hmmsearch
# Version:         3.1b2 (February 2015)
# Pipeline mode:   SEARCH
# Query file:      hmmModels30/d3bpza_b.82.3.2.hmm
# Target file:     scop/scopTestSeq.fasta
# Option settings: hmmsearch --domtblout hmmModels30/d3bpza_b.82.3.2.out -E 1 hmmModels30/d3bpza_b.82.3.2.hmm scop/scopTestSeq.fasta 
# Current dir:     /home/anastasia/SBAS/TME8
# Date:            Sat Apr  8 15:33:57 2023
# [ok]
