#                                                                            --- full sequence --- -------------- this domain -------------   hmm coord   ali coord   env coord
# target name        accession   tlen query name           accession   qlen   E-value  score  bias   #  of  c-Evalue  i-Evalue  score  bias  from    to  from    to  from    to  acc description of target
#------------------- ---------- ----- -------------------- ---------- ----- --------- ------ ----- --- --- --------- --------- ------ ----- ----- ----- ----- ----- ----- ----- ---- ---------------------
d2fbka1a.4.5.28      -            172 d3broa1a.4.5.28.aln  -            142   1.1e-58  192.6   0.2   1   1   3.2e-60   1.3e-58  192.4   0.2     2   142    32   172    31   172 0.99 -
d2fxaa1a.4.5.28      -            162 d3broa1a.4.5.28.aln  -            142   2.6e-54  178.4   0.0   1   1   7.5e-56   2.9e-54  178.3   0.0     2   142     8   148     7   148 0.99 -
d2etha1a.4.5.28      -            140 d3broa1a.4.5.28.aln  -            142   8.9e-40  131.3   0.0   1   1   2.5e-41   9.8e-40  131.2   0.0     3   142     2   139     1   139 0.98 -
d1lj9a_a.4.5.28      -            144 d3broa1a.4.5.28.aln  -            142     2e-39  130.2   1.3   1   1   5.6e-41   2.2e-39  130.0   1.3     8   141     2   135     1   136 0.98 -
d2fbia1a.4.5.28      -            136 d3broa1a.4.5.28.aln  -            142   1.4e-38  127.5   0.9   1   1   3.7e-40   1.5e-38  127.4   0.9     8   139     3   134     1   136 0.98 -
d1s3ja_a.4.5.28      -            143 d3broa1a.4.5.28.aln  -            142     1e-37  124.6   4.0   1   1   2.8e-39   1.1e-37  124.5   4.0     2   141     2   141     1   142 0.98 -
d3echa_a.4.5.28      -            142 d3broa1a.4.5.28.aln  -            142   6.8e-37  122.0   0.2   1   1   1.9e-38   7.5e-37  121.8   0.2     3   139     5   141     3   142 0.98 -
d1jgsa_a.4.5.28      -            138 d3broa1a.4.5.28.aln  -            142   1.7e-35  117.4   0.0   1   1   4.7e-37   1.9e-35  117.3   0.0     5   137     4   136     1   138 0.96 -
d2fbha1a.4.5.28      -            137 d3broa1a.4.5.28.aln  -            142     5e-34  112.7   0.6   1   1   1.4e-35   5.4e-34  112.6   0.6     9   142     3   136     1   136 0.98 -
d2a61a1a.4.5.28      -            139 d3broa1a.4.5.28.aln  -            142   6.5e-34  112.3   0.0   1   1   1.8e-35   7.1e-34  112.2   0.0     7   142     4   137     1   137 0.97 -
d2hr3a1a.4.5.28      -            145 d3broa1a.4.5.28.aln  -            142     1e-32  108.4   0.4   1   1   2.8e-34   1.1e-32  108.3   0.4     3   142     3   142     1   142 0.98 -
d1p4xa1a.4.5.28      -            125 d3broa1a.4.5.28.aln  -            142   2.2e-32  107.3   1.2   1   1   6.1e-34   2.4e-32  107.2   1.2     2   123     3   124     2   125 0.97 -
d1p4xa2a.4.5.28      -            125 d3broa1a.4.5.28.aln  -            142   9.4e-31  102.1   2.7   1   1   2.5e-32     1e-30  102.0   2.7     3   122     3   122     1   125 0.96 -
d1hsja1a.4.5.28      -            115 d3broa1a.4.5.28.aln  -            142   1.9e-28   94.6   2.6   1   1   5.2e-30     2e-28   94.5   2.6     3   115     2   114     1   115 0.98 -
d1ub9a_a.4.5.28      -            100 d3broa1a.4.5.28.aln  -            142   1.1e-20   69.4   0.0   1   1   3.1e-22   1.2e-20   69.3   0.0    19   116     2    97     1   100 0.96 -
d3jw4a_a.4.5.0       -            137 d3broa1a.4.5.28.aln  -            142   5.5e-19   63.9   0.2   1   1   1.5e-20     6e-19   63.8   0.2    24   134    21   131     6   137 0.90 -
d3bjaa_a.4.5.0       -            139 d3broa1a.4.5.28.aln  -            142   1.1e-17   59.7   0.1   1   1   3.2e-19   1.2e-17   59.5   0.1    21   139    19   137    12   139 0.93 -
d3ctaa1a.4.5.28      -             85 d3broa1a.4.5.28.aln  -            142   8.2e-16   53.6   0.2   1   1   2.3e-17     9e-16   53.5   0.2    46   115    18    84     2    85 0.93 -
d3broa1a.4.5.28      -            135 d3broa1a.4.5.28.aln  -            142   3.3e-14   48.4   2.9   1   1   9.4e-16   3.7e-14   48.3   2.9    17   137    13   133     2   135 0.93 -
d3df8a_a.4.5.0       -            109 d3broa1a.4.5.28.aln  -            142     0.005   12.2   0.1   1   1   0.00018    0.0071   11.7   0.1    60   109    54    99    18   104 0.82 -
#
# Program:         hmmsearch
# Version:         3.1b2 (February 2015)
# Pipeline mode:   SEARCH
# Query file:      hmmModels30/d3broa1a.4.5.28.hmm
# Target file:     scop/scopTestSeq.fasta
# Option settings: hmmsearch --domtblout hmmModels30/d3broa1a.4.5.28.out -E 1 hmmModels30/d3broa1a.4.5.28.hmm scop/scopTestSeq.fasta 
# Current dir:     /home/anastasia/SBAS/TME8
# Date:            Sat Apr  8 15:33:57 2023
# [ok]
