#                                                                            --- full sequence --- -------------- this domain -------------   hmm coord   ali coord   env coord
# target name        accession   tlen query name           accession   qlen   E-value  score  bias   #  of  c-Evalue  i-Evalue  score  bias  from    to  from    to  from    to  acc description of target
#------------------- ---------- ----- -------------------- ---------- ----- --------- ------ ----- --- --- --------- --------- ------ ----- ----- ----- ----- ----- ----- ----- ---- ---------------------
d1z0xa2a.121.1.1     -            149 d3c07a2a.121.1.1.aln -            124   3.5e-48  158.2   0.0   1   1   1.5e-49     4e-48  158.0   0.0     1   124     5   128     5   128 0.99 -
d2g7la2a.121.1.1     -            144 d3c07a2a.121.1.1.aln -            124   1.1e-39  130.7   7.3   1   1   5.7e-41   1.5e-39  130.4   7.3     1   124    14   137    14   137 0.99 -
d1ui5a2a.121.1.1     -            133 d3c07a2a.121.1.1.aln -            124   7.1e-29   95.9   0.5   1   1   3.2e-30   8.4e-29   95.7   0.5     8   124     3   119     1   119 0.97 -
d1t33a2a.121.1.1     -            132 d3c07a2a.121.1.1.aln -            124   6.7e-22   73.4   0.1   1   1   2.8e-23   7.4e-22   73.3   0.1     1   123     2   124     2   125 0.98 -
d2oi8a2a.121.1.1     -            130 d3c07a2a.121.1.1.aln -            124   1.4e-21   72.4   2.0   1   1   5.8e-23   1.5e-21   72.2   2.0     5   121     1   117     1   120 0.97 -
d1rkta2a.121.1.1     -            123 d3c07a2a.121.1.1.aln -            124   2.2e-21   71.7   0.0   1   1   9.1e-23   2.4e-21   71.6   0.0     3   122     2   121     1   123 0.98 -
d1t56a2a.121.1.1     -            120 d3c07a2a.121.1.1.aln -            124   8.6e-20   66.6   2.0   1   1   3.6e-21   9.4e-20   66.5   2.0     4   121     2   119     1   120 0.98 -
d2id3a2a.121.1.1     -            123 d3c07a2a.121.1.1.aln -            124   1.3e-19   66.0   6.6   1   1   5.3e-21   1.4e-19   65.9   6.6     2   120     3   121     2   123 0.97 -
d2fbqa2a.121.1.1     -            134 d3c07a2a.121.1.1.aln -            124   8.3e-19   63.4   0.2   1   1   3.5e-20   9.2e-19   63.3   0.2     4   124     8   128     5   128 0.98 -
d2hyja2a.121.1.1     -            118 d3c07a2a.121.1.1.aln -            124   1.3e-18   62.8   5.4   1   1   5.1e-20   1.3e-18   62.8   5.4     4   116     5   117     2   118 0.96 -
d1vi0a2a.121.1.1     -            117 d3c07a2a.121.1.1.aln -            124   1.6e-18   62.5   0.0   1   1   6.6e-20   1.7e-18   62.4   0.0     7   120     3   116     1   117 0.97 -
d2gfna2a.121.1.1     -            119 d3c07a2a.121.1.1.aln -            124   4.3e-18   61.1   6.4   1   1   1.7e-19   4.6e-18   61.0   6.4     6   118     5   117     1   119 0.96 -
d2g7ga2a.121.1.1     -            132 d3c07a2a.121.1.1.aln -            124     7e-18   60.5   9.3   1   1   2.9e-19   7.5e-18   60.3   9.3     3   121     7   125     5   128 0.95 -
d2gena2a.121.1.1     -            118 d3c07a2a.121.1.1.aln -            124   1.3e-17   59.6   6.1   1   1   5.2e-19   1.4e-17   59.5   6.1     4   121     2   118     1   118 0.98 -
d2g7sa2a.121.1.1     -            116 d3c07a2a.121.1.1.aln -            124   1.8e-17   59.1   1.9   1   1   7.3e-19   1.9e-17   59.0   1.9     1   114     1   114     1   116 0.98 -
d2fx0a2a.121.1.1     -            122 d3c07a2a.121.1.1.aln -            124   2.4e-17   58.7   0.0   1   1   9.5e-19   2.5e-17   58.7   0.0     3   119     3   119     1   122 0.95 -
d2i10a2a.121.1.1     -            116 d3c07a2a.121.1.1.aln -            124   4.3e-17   57.9   4.0   1   1   1.8e-18   4.6e-17   57.8   4.0     2   114     3   115     2   116 0.97 -
d2g3ba2a.121.1.1     -            116 d3c07a2a.121.1.1.aln -            124   9.2e-17   56.8   2.0   1   1   3.8e-18   9.9e-17   56.7   2.0     4   117     3   116     1   116 0.96 -
d2d6ya2a.121.1.1     -            118 d3c07a2a.121.1.1.aln -            124   3.9e-16   54.8   1.5   1   1   1.6e-17   4.3e-16   54.7   1.5     1   117     2   118     2   118 0.98 -
d2id6a2a.121.1.1     -            125 d3c07a2a.121.1.1.aln -            124   7.4e-16   53.9   0.0   1   1   3.1e-17   8.1e-16   53.8   0.0     2   123     2   123     1   124 0.98 -
d2hkua2a.121.1.1     -            121 d3c07a2a.121.1.1.aln -            124   1.8e-15   52.6   0.1   1   1   7.5e-17     2e-15   52.5   0.1     2   121     2   121     1   121 0.97 -
d2fq4a2a.121.1.1     -            115 d3c07a2a.121.1.1.aln -            124   6.6e-15   50.8   0.0   1   1   2.7e-16   7.1e-15   50.7   0.0     4   115     2   113     1   115 0.96 -
d2np5a2a.121.1.1     -            118 d3c07a2a.121.1.1.aln -            124   1.4e-14   49.8   3.5   1   1   5.9e-16   1.5e-14   49.7   3.5     5   121     5   114     2   117 0.96 -
d1sgma2a.121.1.1     -            111 d3c07a2a.121.1.1.aln -            124   2.1e-13   46.0   0.0   1   1   8.4e-15   2.2e-13   45.9   0.0     3   113     4   109     2   111 0.94 -
d2o7ta2a.121.1.1     -            110 d3c07a2a.121.1.1.aln -            124   5.5e-13   44.6   0.0   1   1   2.2e-14   5.9e-13   44.6   0.0     6   111     2   107     1   110 0.96 -
d2iu5a2a.121.1.1     -            109 d3c07a2a.121.1.1.aln -            124   6.9e-13   44.3   0.0   1   1   2.9e-14   7.5e-13   44.2   0.0    10   117     2   109     1   109 0.98 -
d1zk8a2a.121.1.1     -            105 d3c07a2a.121.1.1.aln -            124   1.6e-11   40.0   0.0   1   1   6.4e-13   1.7e-11   39.8   0.0    16   118     2   104     1   105 0.97 -
d2fd5a2a.121.1.1     -            104 d3c07a2a.121.1.1.aln -            124   4.3e-08   28.9   3.2   1   1   1.8e-09   4.7e-08   28.7   3.2     4   111     2   101     1   104 0.96 -
d2np3a2a.121.1.1     -            112 d3c07a2a.121.1.1.aln -            124   8.9e-08   27.8   8.1   1   1     6e-09   1.6e-07   27.1   8.1     2   121     2   108     1   111 0.97 -
d1xeba_d.108.1.1     -            149 d3c07a2a.121.1.1.aln -            124    0.0021   13.7   1.2   1   2   0.00011     0.003   13.2   0.1     5    40    53    88    50    89 0.93 -
d1xeba_d.108.1.1     -            149 d3c07a2a.121.1.1.aln -            124    0.0021   13.7   1.2   2   2       5.8   1.5e+02   -1.9   0.1    15    36    99   120    94   123 0.52 -
#
# Program:         hmmsearch
# Version:         3.1b2 (February 2015)
# Pipeline mode:   SEARCH
# Query file:      hmmModels30/d3c07a2a.121.1.1.hmm
# Target file:     scop/scopTestSeq.fasta
# Option settings: hmmsearch --domtblout hmmModels30/d3c07a2a.121.1.1.out -E 1 hmmModels30/d3c07a2a.121.1.1.hmm scop/scopTestSeq.fasta 
# Current dir:     /home/anastasia/SBAS/TME8
# Date:            Sat Apr  8 15:33:57 2023
# [ok]
