#                                                                            --- full sequence --- -------------- this domain -------------   hmm coord   ali coord   env coord
# target name        accession   tlen query name           accession   qlen   E-value  score  bias   #  of  c-Evalue  i-Evalue  score  bias  from    to  from    to  from    to  acc description of target
#------------------- ---------- ----- -------------------- ---------- ----- --------- ------ ----- --- --- --------- --------- ------ ----- ----- ----- ----- ----- ----- ----- ---- ---------------------
d2efja_c.66.1.0      -            377 d3c3pa_c.66.1.0.aln  -            221  2.1e-119  392.5   0.0   1   2     0.047       6.1    1.9   0.0    31    45    53    67    49    85 0.86 -
d2efja_c.66.1.0      -            377 d3c3pa_c.66.1.0.aln  -            221  2.1e-119  392.5   0.0   2   2  2.5e-120  3.3e-118  388.6   0.0     1   221    95   336    95   336 1.00 -
d3evfa_c.66.1.0      -            261 d3c3pa_c.66.1.0.aln  -            221   5.6e-83  273.4   0.0   1   1     5e-85   6.6e-83  273.2   0.0     2   221    43   261    42   261 0.99 -
d3d2la_c.66.1.0      -            238 d3c3pa_c.66.1.0.aln  -            221   1.5e-82  272.0   0.0   1   1   1.3e-84   1.7e-82  271.8   0.0     1   220     1   237     1   238 0.99 -
d2nyua_c.66.1.0      -            189 d3c3pa_c.66.1.0.aln  -            221   4.3e-54  179.0   0.0   1   1   3.6e-56   4.7e-54  178.8   0.0     8   219     2   188     1   189 0.99 -
d3doua_c.66.1.0      -            181 d3c3pa_c.66.1.0.aln  -            221   1.1e-49  164.6   0.0   1   1   9.1e-52   1.2e-49  164.4   0.0     7   220     1   180     1   181 0.99 -
d3e05a_c.66.1.0      -            191 d3c3pa_c.66.1.0.aln  -            221   5.6e-48  158.9   0.0   1   1   4.8e-50   6.3e-48  158.8   0.0     7   220     1   191     1   191 0.99 -
#
# Program:         hmmsearch
# Version:         3.1b2 (February 2015)
# Pipeline mode:   SEARCH
# Query file:      hmmModels30/d3c3pa_c.66.1.0.hmm
# Target file:     scop/scopTestSeq.fasta
# Option settings: hmmsearch --domtblout hmmModels30/d3c3pa_c.66.1.0.out -E 1 hmmModels30/d3c3pa_c.66.1.0.hmm scop/scopTestSeq.fasta 
# Current dir:     /home/anastasia/SBAS/TME8
# Date:            Sat Apr  8 15:33:57 2023
# [ok]
