#                                                                            --- full sequence --- -------------- this domain -------------   hmm coord   ali coord   env coord
# target name        accession   tlen query name           accession   qlen   E-value  score  bias   #  of  c-Evalue  i-Evalue  score  bias  from    to  from    to  from    to  acc description of target
#------------------- ---------- ----- -------------------- ---------- ----- --------- ------ ----- --- --- --------- --------- ------ ----- ----- ----- ----- ----- ----- ----- ---- ---------------------
d2dw4a2c.3.1.2       -            450 d3c96a1c.3.1.2.aln   -            363  4.3e-166  548.2   0.0   1   1  1.6e-167  4.8e-166  548.0   0.0     1   362     2   448     2   449 1.00 -
d2iida1c.3.1.2       -            371 d3c96a1c.3.1.2.aln   -            363    2e-103  342.0   0.0   1   1  7.3e-105  2.2e-103  341.8   0.0     1   362    27   369    27   370 0.99 -
d2gmha1c.3.1.2       -            381 d3c96a1c.3.1.2.aln   -            363   3.3e-99  328.1   0.0   1   1  1.2e-100   3.7e-99  327.9   0.0     2   362    30   381    29   381 0.99 -
d1b5qa1c.3.1.2       -            348 d3c96a1c.3.1.2.aln   -            363   1.7e-98  325.8   0.1   1   1  6.1e-100   1.8e-98  325.6   0.1     5   362     1   343     1   344 0.99 -
d1seza1c.3.1.2       -            374 d3c96a1c.3.1.2.aln   -            363   8.5e-93  307.0   0.0   1   1   3.1e-94   9.4e-93  306.9   0.0     5   361     2   372     1   374 0.99 -
d2f5va1c.3.1.2       -            380 d3c96a1c.3.1.2.aln   -            363   3.4e-88  291.9   0.0   1   1   1.2e-89   3.7e-88  291.7   0.0     1   362     1   377     1   378 0.99 -
d1kdga1c.3.1.2       -            361 d3c96a1c.3.1.2.aln   -            363     2e-83  276.2   0.0   1   1   7.3e-85   2.2e-83  276.0   0.0     3   360     1   359     1   361 0.99 -
d1n4wa1c.3.1.2       -            368 d3c96a1c.3.1.2.aln   -            363   2.3e-81  269.4   0.1   1   1   8.4e-83   2.6e-81  269.2   0.1     4   360     2   367     1   368 0.99 -
d1pn0a1c.3.1.2       -            361 d3c96a1c.3.1.2.aln   -            363   6.3e-80  264.7   0.0   1   1   2.3e-81     7e-80  264.5   0.0     2   362     5   359     4   360 0.99 -
d1ju2a1c.3.1.2       -            352 d3c96a1c.3.1.2.aln   -            363   2.2e-64  213.5   0.1   1   1   8.1e-66   2.4e-64  213.4   0.1     5   362     3   351     1   352 0.99 -
d2ivda1c.3.1.2       -            348 d3c96a1c.3.1.2.aln   -            363   3.4e-64  212.9   0.1   1   1   1.2e-65   3.8e-64  212.8   0.1     5   361     1   347     1   348 0.99 -
d1pj5a2c.3.1.2       -            306 d3c96a1c.3.1.2.aln   -            363     5e-55  182.7   0.0   1   1   1.8e-56   5.6e-55  182.6   0.0     4   358     1   304     1   306 0.98 -
d1k0ia1c.3.1.2       -            293 d3c96a1c.3.1.2.aln   -            363   1.7e-48  161.2   0.0   1   1   7.8e-50   2.4e-48  160.8   0.0     4   361     2   291     1   293 0.96 -
d1ryia1c.3.1.2       -            277 d3c96a1c.3.1.2.aln   -            363   4.7e-46  153.2   0.0   1   1   1.9e-47   5.7e-46  152.9   0.0     1   287     1   251     1   259 0.97 -
d2voua1c.3.1.2       -            266 d3c96a1c.3.1.2.aln   -            363   9.5e-42  139.1   0.1   1   2   2.4e-42   7.3e-41  136.1   0.1     2   277     2   236     1   252 0.98 -
d2voua1c.3.1.2       -            266 d3c96a1c.3.1.2.aln   -            363   9.5e-42  139.1   0.1   2   2      0.52        16    0.2   0.0   331   360   236   265   232   266 0.91 -
d2gf3a1c.3.1.2       -            282 d3c96a1c.3.1.2.aln   -            363   2.2e-41  137.9   0.0   1   1   8.5e-43   2.6e-41  137.6   0.0     2   289     1   252     1   279 0.96 -
d2gv8a1c.3.1.5       -            336 d3c96a1c.3.1.2.aln   -            363   2.6e-07   25.7   0.1   1   2   2.1e-08   6.4e-07   24.5   0.0     6    44     6    46     4    55 0.86 -
d2gv8a1c.3.1.5       -            336 d3c96a1c.3.1.2.aln   -            363   2.6e-07   25.7   0.1   2   2       4.1   1.3e+02   -2.8   0.0   321   341    99   119    97   121 0.89 -
d1w4xa1c.3.1.5       -            299 d3c96a1c.3.1.2.aln   -            363     6e-07   24.6   0.1   1   2   1.6e-07   4.9e-06   21.6   0.1     3    41     6    44     5    48 0.88 -
d1w4xa1c.3.1.5       -            299 d3c96a1c.3.1.2.aln   -            363     6e-07   24.6   0.1   2   2       0.4        12    0.5   0.0   105   152   202   250   167   256 0.82 -
d3c96a1c.3.1.2       -            289 d3c96a1c.3.1.2.aln   -            363   2.1e-06   22.8   0.7   1   1   1.3e-07   4.1e-06   21.8   0.7     6    44     3    42     1    58 0.85 -
d1nhpa2c.3.1.5       -            123 d3c96a1c.3.1.2.aln   -            363     7e-06   21.1   0.0   1   1   2.6e-07     8e-06   20.9   0.0     6    40    32    66    30    99 0.85 -
d1xhca2c.3.1.5       -            122 d3c96a1c.3.1.2.aln   -            363   1.7e-05   19.7   0.4   1   1   6.9e-07   2.1e-05   19.5   0.4     4    37    32    65    29    70 0.89 -
d1fl2a2c.3.1.5       -            126 d3c96a1c.3.1.2.aln   -            363   6.9e-05   17.8   0.3   1   1   3.2e-06   9.6e-05   17.3   0.3     5    37    31    63    29    69 0.93 -
d1v59a1c.3.1.5       -            234 d3c96a1c.3.1.2.aln   -            363   0.00063   14.6   0.2   1   1   3.2e-05   0.00098   14.0   0.2     6    41     7    42     3    45 0.78 -
d1gpja2c.2.1.7       -            159 d3c96a1c.3.1.2.aln   -            363    0.0022   12.9   0.1   1   1   7.5e-05    0.0023   12.8   0.1     5    35    25    55    23   133 0.84 -
d1fl2a1c.3.1.5       -            185 d3c96a1c.3.1.2.aln   -            363    0.0042   11.9   3.7   1   1   0.00021    0.0064   11.3   3.7     4    20     1    17     1    19 0.94 -
d1v59a2c.3.1.5       -            122 d3c96a1c.3.1.2.aln   -            363    0.0062   11.4   1.1   1   2   0.00036     0.011   10.5   0.3     4    42    23    61    21    78 0.90 -
d1v59a2c.3.1.5       -            122 d3c96a1c.3.1.2.aln   -            363    0.0062   11.4   1.1   2   2      0.89        27   -0.6   0.0   240   262    82   104    65   115 0.73 -
#
# Program:         hmmsearch
# Version:         3.1b2 (February 2015)
# Pipeline mode:   SEARCH
# Query file:      hmmModels30/d3c96a1c.3.1.2.hmm
# Target file:     scop/scopTestSeq.fasta
# Option settings: hmmsearch --domtblout hmmModels30/d3c96a1c.3.1.2.out -E 1 hmmModels30/d3c96a1c.3.1.2.hmm scop/scopTestSeq.fasta 
# Current dir:     /home/anastasia/SBAS/TME8
# Date:            Sat Apr  8 15:33:57 2023
# [ok]
