#                                                                            --- full sequence --- -------------- this domain -------------   hmm coord   ali coord   env coord
# target name        accession   tlen query name           accession   qlen   E-value  score  bias   #  of  c-Evalue  i-Evalue  score  bias  from    to  from    to  from    to  acc description of target
#------------------- ---------- ----- -------------------- ---------- ----- --------- ------ ----- --- --- --------- --------- ------ ----- ----- ----- ----- ----- ----- ----- ---- ---------------------
d3heba_c.23.1.0      -            142 d3cfya_c.23.1.0.aln  -            132     4e-59  193.7   0.0   1   1     9e-61   4.5e-59  193.5   0.0     2   132     2   140     1   140 0.99 -
d3khta_c.23.1.0      -            132 d3cfya_c.23.1.0.aln  -            132   6.4e-55  180.1   0.1   1   1   1.4e-56   7.1e-55  179.9   0.1     1   132     2   131     2   131 0.99 -
d3eqza_c.23.1.0      -            124 d3cfya_c.23.1.0.aln  -            132   1.2e-46  153.3   0.1   1   1   2.6e-48   1.3e-46  153.2   0.1     1   126     2   124     2   124 0.99 -
d3ktoa_c.23.1.0      -            122 d3cfya_c.23.1.0.aln  -            132   8.9e-45  147.3   0.2   1   1     2e-46   9.7e-45  147.1   0.2     2   125     2   122     1   122 0.98 -
d2plna_c.23.1.0      -            118 d3cfya_c.23.1.0.aln  -            132   3.7e-40  132.3   0.0   1   1   8.3e-42   4.1e-40  132.2   0.0     7   131     1   117     1   118 0.98 -
d1jbea_c.23.1.1      -            128 d3cfya_c.23.1.0.aln  -            132   5.7e-15   50.8   0.0   1   1   1.4e-16     7e-15   50.5   0.0     4   113     8   115     6   125 0.84 -
d1k66a_c.23.1.1      -            149 d3cfya_c.23.1.0.aln  -            132   1.7e-14   49.3   0.0   1   1   8.6e-16   4.2e-14   48.0   0.0     4   120    10   135     7   143 0.81 -
d3cfya_c.23.1.0      -            130 d3cfya_c.23.1.0.aln  -            132   3.7e-14   48.2   0.1   1   1   8.8e-16   4.3e-14   47.9   0.1     1   113     3   110     3   122 0.87 -
d1kgsa2c.23.1.1      -            122 d3cfya_c.23.1.0.aln  -            132   8.3e-14   47.0   0.0   1   1     2e-15   9.9e-14   46.8   0.0     1   120     2   116     2   121 0.89 -
d1mb3a_c.23.1.1      -            123 d3cfya_c.23.1.0.aln  -            132   5.2e-13   44.5   0.0   1   1   1.2e-14   6.1e-13   44.2   0.0     2   111     3   109     2   121 0.91 -
d1dz3a_c.23.1.1      -            123 d3cfya_c.23.1.0.aln  -            132   7.2e-13   44.0   0.0   1   1   1.8e-14   8.8e-13   43.7   0.0     3   120     4   119     2   121 0.85 -
d1dbwa_c.23.1.1      -            123 d3cfya_c.23.1.0.aln  -            132   5.3e-12   41.2   0.1   1   1   1.3e-13   6.2e-12   41.0   0.1     2   114     5   112     4   120 0.83 -
d2r25b_c.23.1.1      -            133 d3cfya_c.23.1.0.aln  -            132   1.8e-10   36.2   0.2   1   1   4.5e-12   2.2e-10   35.9   0.2     2   109     4   113     3   122 0.86 -
d1s8na_c.23.1.1      -            190 d3cfya_c.23.1.0.aln  -            132   1.5e-09   33.3   0.1   1   1   4.1e-11     2e-09   32.8   0.1     2   125     5   123     4   129 0.84 -
d2v0na2c.23.1.1      -            153 d3cfya_c.23.1.0.aln  -            132   1.6e-05   20.2   0.1   1   1   5.8e-07   2.9e-05   19.4   0.1     2   109    15   117    14   132 0.76 -
d2b4aa1c.23.1.1      -            118 d3cfya_c.23.1.0.aln  -            132   0.00027   16.2   0.0   1   1   6.3e-06   0.00031   16.1   0.0     2    86     4    84     3   112 0.75 -
#
# Program:         hmmsearch
# Version:         3.1b2 (February 2015)
# Pipeline mode:   SEARCH
# Query file:      hmmModels30/d3cfya_c.23.1.0.hmm
# Target file:     scop/scopTestSeq.fasta
# Option settings: hmmsearch --domtblout hmmModels30/d3cfya_c.23.1.0.out -E 1 hmmModels30/d3cfya_c.23.1.0.hmm scop/scopTestSeq.fasta 
# Current dir:     /home/anastasia/SBAS/TME8
# Date:            Sat Apr  8 15:33:57 2023
# [ok]
