#                                                                            --- full sequence --- -------------- this domain -------------   hmm coord   ali coord   env coord
# target name        accession   tlen query name           accession   qlen   E-value  score  bias   #  of  c-Evalue  i-Evalue  score  bias  from    to  from    to  from    to  acc description of target
#------------------- ---------- ----- -------------------- ---------- ----- --------- ------ ----- --- --- --------- --------- ------ ----- ----- ----- ----- ----- ----- ----- ---- ---------------------
d2efja_c.66.1.0      -            377 d3d2la_c.66.1.0.aln  -            230  2.8e-132  434.3   0.0   1   1  3.1e-134  3.5e-132  434.0   0.0     1   230     1   230     1   230 1.00 -
d3evfa_c.66.1.0      -            261 d3d2la_c.66.1.0.aln  -            230   2.7e-96  316.6   0.0   1   1   2.7e-98   3.1e-96  316.4   0.0     1   230    19   261    19   261 0.99 -
d3c3pa_c.66.1.0      -            210 d3d2la_c.66.1.0.aln  -            230   2.1e-55  182.8   0.0   1   1     2e-57   2.3e-55  182.7   0.0     9   227     1   209     1   210 0.99 -
d2nyua_c.66.1.0      -            189 d3d2la_c.66.1.0.aln  -            230   1.1e-51  170.6   0.0   1   1   1.1e-53   1.2e-51  170.5   0.0    15   228     1   188     1   189 0.99 -
d3e05a_c.66.1.0      -            191 d3d2la_c.66.1.0.aln  -            230     2e-44  146.9   0.0   1   1     2e-46   2.2e-44  146.7   0.0    15   229     1   191     1   191 0.98 -
d3doua_c.66.1.0      -            181 d3d2la_c.66.1.0.aln  -            230     4e-44  145.9   0.0   1   1   3.9e-46   4.4e-44  145.7   0.0    15   229     1   180     1   181 0.99 -
d3d2la_c.66.1.0      -            238 d3d2la_c.66.1.0.aln  -            230    0.0042   11.7   0.0   1   1   4.8e-05    0.0054   11.3   0.0    47    87    25    65     8   120 0.74 -
#
# Program:         hmmsearch
# Version:         3.1b2 (February 2015)
# Pipeline mode:   SEARCH
# Query file:      hmmModels30/d3d2la_c.66.1.0.hmm
# Target file:     scop/scopTestSeq.fasta
# Option settings: hmmsearch --domtblout hmmModels30/d3d2la_c.66.1.0.out -E 1 hmmModels30/d3d2la_c.66.1.0.hmm scop/scopTestSeq.fasta 
# Current dir:     /home/anastasia/SBAS/TME8
# Date:            Sat Apr  8 15:33:57 2023
# [ok]
