#                                                                            --- full sequence --- -------------- this domain -------------   hmm coord   ali coord   env coord
# target name        accession   tlen query name           accession   qlen   E-value  score  bias   #  of  c-Evalue  i-Evalue  score  bias  from    to  from    to  from    to  acc description of target
#------------------- ---------- ----- -------------------- ---------- ----- --------- ------ ----- --- --- --------- --------- ------ ----- ----- ----- ----- ----- ----- ----- ---- ---------------------
d2yzqa1d.37.1.1      -            156 d3ddja1d.37.1.1.aln  -            133   9.6e-45  147.2   1.2   1   2   4.2e-45   1.8e-43  143.1   0.1     1   132     1   132     1   133 0.99 -
d2yzqa1d.37.1.1      -            156 d3ddja1d.37.1.1.aln  -            133   9.6e-45  147.2   1.2   2   2     0.026       1.1    4.6   0.1    38    58   133   153   130   155 0.86 -
d2j9la1d.37.1.1      -            169 d3ddja1d.37.1.1.aln  -            133     8e-44  144.3   0.5   1   1   2.1e-45     9e-44  144.1   0.5     2   133     4   162     3   162 0.99 -
d1pvma4d.37.1.1      -            142 d3ddja1d.37.1.1.aln  -            133   1.6e-42  140.0   0.6   1   1   4.2e-44   1.8e-42  139.9   0.6     2   132     1   131     1   132 0.99 -
d2v8qe2d.37.1.1      -            159 d3ddja1d.37.1.1.aln  -            133   1.7e-37  123.8   0.0   1   1   4.3e-39   1.9e-37  123.6   0.0     1   132    10   158    10   159 0.99 -
d1o50a3d.37.1.1      -            145 d3ddja1d.37.1.1.aln  -            133   4.2e-37  122.5   1.8   1   1   2.1e-38   9.4e-37  121.4   1.8     1   131     1   144     1   145 0.99 -
d2yzia1d.37.1.1      -            132 d3ddja1d.37.1.1.aln  -            133   1.8e-34  114.0   0.6   1   1   4.4e-36   1.9e-34  113.9   0.6     2   132     3   131     2   132 0.97 -
d1y5ha3d.37.1.1      -            123 d3ddja1d.37.1.1.aln  -            133   3.3e-34  113.1   0.0   1   1   8.2e-36   3.6e-34  113.0   0.0     5   126     2   122     1   123 0.98 -
d2d4za3d.37.1.1      -            161 d3ddja1d.37.1.1.aln  -            133   5.7e-34  112.4   0.0   1   1   1.6e-35   7.2e-34  112.0   0.0     2   132     9   144     8   151 0.99 -
d2yzqa2d.37.1.1      -            122 d3ddja1d.37.1.1.aln  -            133   1.3e-32  108.0   1.3   1   1   3.2e-34   1.4e-32  107.9   1.3     4   131     1   121     1   122 0.98 -
d1vr9a3d.37.1.1      -            121 d3ddja1d.37.1.1.aln  -            133     2e-32  107.4   0.1   1   1     5e-34   2.2e-32  107.2   0.1     4   129     1   119     1   121 0.98 -
d3ddja2d.37.1.1      -            135 d3ddja1d.37.1.1.aln  -            133   3.3e-32  106.7   0.1   1   1   8.3e-34   3.6e-32  106.5   0.1     4   130     1   134     1   135 0.97 -
d2nyca1d.37.1.1      -            140 d3ddja1d.37.1.1.aln  -            133   5.9e-32  105.8   0.2   1   1   1.5e-33   6.4e-32  105.7   0.2     2   127     4   138     3   140 0.98 -
d2ouxa2d.37.1.1      -            127 d3ddja1d.37.1.1.aln  -            133   2.1e-30  100.8   5.3   1   1   5.1e-32   2.2e-30  100.7   5.3     6   131     3   126     1   127 0.97 -
d2rc3a1d.37.1.1      -            127 d3ddja1d.37.1.1.aln  -            133   4.7e-30   99.7   1.3   1   1   1.2e-31   5.1e-30   99.6   1.3     4   127     2   126     1   127 0.97 -
d1pbja3d.37.1.1      -            120 d3ddja1d.37.1.1.aln  -            133   7.5e-29   95.8   6.1   1   1   1.9e-30   8.2e-29   95.7   6.1     5   125     1   118     1   120 0.97 -
d2riha_d.37.1.1      -            131 d3ddja1d.37.1.1.aln  -            133   8.3e-28   92.4   0.3   1   1   2.1e-29   9.1e-28   92.3   0.3     5   131     2   127     1   129 0.94 -
d1zfja4d.37.1.1      -            126 d3ddja1d.37.1.1.aln  -            133   1.7e-27   91.4   0.1   1   1   4.4e-29   1.9e-27   91.2   0.1     3   131     2   121     1   123 0.96 -
d3ddja1d.37.1.1      -            141 d3ddja1d.37.1.1.aln  -            133   4.9e-18   60.8   4.3   1   2   7.5e-11   3.3e-09   32.2   0.3    76   129     8    61     1    65 0.84 -
d3ddja1d.37.1.1      -            141 d3ddja1d.37.1.1.aln  -            133   4.9e-18   60.8   4.3   2   2   2.5e-10   1.1e-08   30.6   0.5     2    61    71   130    70   137 0.94 -
#
# Program:         hmmsearch
# Version:         3.1b2 (February 2015)
# Pipeline mode:   SEARCH
# Query file:      hmmModels30/d3ddja1d.37.1.1.hmm
# Target file:     scop/scopTestSeq.fasta
# Option settings: hmmsearch --domtblout hmmModels30/d3ddja1d.37.1.1.out -E 1 hmmModels30/d3ddja1d.37.1.1.hmm scop/scopTestSeq.fasta 
# Current dir:     /home/anastasia/SBAS/TME8
# Date:            Sat Apr  8 15:33:57 2023
# [ok]
