#                                                                            --- full sequence --- -------------- this domain -------------   hmm coord   ali coord   env coord
# target name        accession   tlen query name           accession   qlen   E-value  score  bias   #  of  c-Evalue  i-Evalue  score  bias  from    to  from    to  from    to  acc description of target
#------------------- ---------- ----- -------------------- ---------- ----- --------- ------ ----- --- --- --------- --------- ------ ----- ----- ----- ----- ----- ----- ----- ---- ---------------------
d1pvma4d.37.1.1      -            142 d3ddja2d.37.1.1.aln  -            137   3.8e-45  148.7   0.6   1   1     1e-46   4.3e-45  148.6   0.6     2   135     1   129     1   131 0.97 -
d2yzqa1d.37.1.1      -            156 d3ddja2d.37.1.1.aln  -            137   7.6e-45  147.8   0.1   1   1     2e-46   8.4e-45  147.6   0.1     2   131     2   155     1   156 0.99 -
d2j9la1d.37.1.1      -            169 d3ddja2d.37.1.1.aln  -            137   4.4e-40  132.3   0.3   1   1   1.2e-41     5e-40  132.2   0.3     3   136     5   160     3   161 0.98 -
d2v8qe2d.37.1.1      -            159 d3ddja2d.37.1.1.aln  -            137   4.6e-40  132.3   0.0   1   1   1.2e-41   5.2e-40  132.1   0.0     1   136    10   158    10   159 0.98 -
d1o50a3d.37.1.1      -            145 d3ddja2d.37.1.1.aln  -            137   7.3e-38  125.2   1.1   1   1     2e-39   8.1e-38  125.0   1.1     1   136     1   144     1   145 0.98 -
d2yzia1d.37.1.1      -            132 d3ddja2d.37.1.1.aln  -            137   3.3e-37  123.0   0.7   1   1   8.8e-39   3.6e-37  122.9   0.7     2   136     3   130     2   131 0.96 -
d3ddja1d.37.1.1      -            141 d3ddja2d.37.1.1.aln  -            137   4.9e-37  122.5   6.6   1   1   1.3e-38   5.4e-37  122.3   6.6     4   135     2   133     1   135 0.98 -
d2nyca1d.37.1.1      -            140 d3ddja2d.37.1.1.aln  -            137   6.3e-37  122.1   0.4   1   1   1.7e-38   6.9e-37  122.0   0.4     4   132     9   138     6   140 0.97 -
d2yzqa2d.37.1.1      -            122 d3ddja2d.37.1.1.aln  -            137     1e-35  118.2   1.8   1   1   2.7e-37   1.1e-35  118.1   1.8     4   135     1   120     1   122 0.96 -
d2d4za3d.37.1.1      -            161 d3ddja2d.37.1.1.aln  -            137   2.3e-35  117.1   0.0   1   1   6.3e-37   2.6e-35  116.9   0.0     2   132     9   160     8   161 0.99 -
d1y5ha3d.37.1.1      -            123 d3ddja2d.37.1.1.aln  -            137   5.1e-35  115.9   0.0   1   1   1.3e-36   5.6e-35  115.8   0.0     6   131     3   122     1   123 0.96 -
d1vr9a3d.37.1.1      -            121 d3ddja2d.37.1.1.aln  -            137   1.5e-32  108.0   0.1   1   1   4.1e-34   1.7e-32  107.8   0.1     4   135     1   120     1   121 0.97 -
d2ouxa2d.37.1.1      -            127 d3ddja2d.37.1.1.aln  -            137   9.2e-32  105.4   6.7   1   1   2.4e-33     1e-31  105.3   6.7     6   135     3   125     1   127 0.96 -
d2rc3a1d.37.1.1      -            127 d3ddja2d.37.1.1.aln  -            137   2.3e-31  104.1   1.7   1   1   6.2e-33   2.6e-31  103.9   1.7     8   131     9   125     2   127 0.91 -
d1pbja3d.37.1.1      -            120 d3ddja2d.37.1.1.aln  -            137   3.4e-31  103.6   6.5   1   1   8.9e-33   3.7e-31  103.4   6.5     5   131     1   119     1   120 0.96 -
d2riha_d.37.1.1      -            131 d3ddja2d.37.1.1.aln  -            137     1e-29   98.7   0.3   1   1   2.8e-31   1.2e-29   98.6   0.3     5   133     2   124     1   128 0.92 -
d1zfja4d.37.1.1      -            126 d3ddja2d.37.1.1.aln  -            137   2.4e-28   94.3   0.2   1   1   1.3e-29   5.3e-28   93.2   0.2     4   135     3   120     1   122 0.94 -
d3ddja2d.37.1.1      -            135 d3ddja2d.37.1.1.aln  -            137   1.7e-16   56.0   0.1   1   1   3.7e-12   1.5e-10   36.7   0.1     5    59    75   129    71   134 0.92 -
d1khta_c.37.1.1      -            190 d3ddja2d.37.1.1.aln  -            137    0.0027   13.2   0.6   1   1   0.00016    0.0068   11.9   0.6     9    95     4    94     2    96 0.75 -
#
# Program:         hmmsearch
# Version:         3.1b2 (February 2015)
# Pipeline mode:   SEARCH
# Query file:      hmmModels30/d3ddja2d.37.1.1.hmm
# Target file:     scop/scopTestSeq.fasta
# Option settings: hmmsearch --domtblout hmmModels30/d3ddja2d.37.1.1.out -E 1 hmmModels30/d3ddja2d.37.1.1.hmm scop/scopTestSeq.fasta 
# Current dir:     /home/anastasia/SBAS/TME8
# Date:            Sat Apr  8 15:33:57 2023
# [ok]
