#                                                                            --- full sequence --- -------------- this domain -------------   hmm coord   ali coord   env coord
# target name        accession   tlen query name           accession   qlen   E-value  score  bias   #  of  c-Evalue  i-Evalue  score  bias  from    to  from    to  from    to  acc description of target
#------------------- ---------- ----- -------------------- ---------- ----- --------- ------ ----- --- --- --------- --------- ------ ----- ----- ----- ----- ----- ----- ----- ---- ---------------------
d3r6ua_c.94.1.0      -            272 d3delb_c.94.1.0.aln  -            234   6.2e-99  325.8   1.5   1   1  9.1e-101   7.2e-99  325.6   1.5     2   234     1   242     1   242 1.00 -
d3tqla_c.94.1.0      -            227 d3delb_c.94.1.0.aln  -            234   1.9e-93  307.9   0.0   1   1   2.6e-95   2.1e-93  307.7   0.0     2   227     2   227     1   227 0.99 -
d2q88a_c.94.1.0      -            257 d3delb_c.94.1.0.aln  -            234   6.1e-90  296.4   0.0   1   1   8.8e-92   6.9e-90  296.2   0.0     1   234    11   246    11   246 0.99 -
d3kzga_c.94.1.0      -            228 d3delb_c.94.1.0.aln  -            234   4.6e-87  286.9   0.1   1   1   6.5e-89   5.1e-87  286.8   0.1     2   227     3   228     2   228 0.99 -
d3h7ma_c.94.1.0      -            228 d3delb_c.94.1.0.aln  -            234   3.3e-83  274.3   0.0   1   1   4.7e-85   3.7e-83  274.2   0.0     1   232     4   228     4   228 0.99 -
d3i6va_c.94.1.0      -            218 d3delb_c.94.1.0.aln  -            234   2.8e-79  261.5   0.0   1   1   3.9e-81   3.1e-79  261.3   0.0     3   234     1   218     1   218 0.99 -
d3delb_c.94.1.0      -            232 d3delb_c.94.1.0.aln  -            234   1.1e-30  102.4   0.0   1   1   1.9e-32   1.5e-30  102.0   0.0     4   227     3   221     1   224 0.89 -
d1xt8a1c.94.1.1      -            248 d3delb_c.94.1.0.aln  -            234   1.2e-20   69.6   0.3   1   1   2.1e-22   1.6e-20   69.1   0.3     4   213    13   217    10   233 0.85 -
d1ii5a_c.94.1.1      -            226 d3delb_c.94.1.0.aln  -            234   4.2e-17   58.0   0.0   1   1   6.3e-19   4.9e-17   57.8   0.0    12   227    13   225     6   226 0.86 -
d1pb7a_c.94.1.1      -            289 d3delb_c.94.1.0.aln  -            234   8.8e-06   20.9   0.0   1   1     2e-07   1.6e-05   20.1   0.0    47   105   100   158    93   281 0.78 -
#
# Program:         hmmsearch
# Version:         3.1b2 (February 2015)
# Pipeline mode:   SEARCH
# Query file:      hmmModels30/d3delb_c.94.1.0.hmm
# Target file:     scop/scopTestSeq.fasta
# Option settings: hmmsearch --domtblout hmmModels30/d3delb_c.94.1.0.out -E 1 hmmModels30/d3delb_c.94.1.0.hmm scop/scopTestSeq.fasta 
# Current dir:     /home/anastasia/SBAS/TME8
# Date:            Sat Apr  8 15:33:57 2023
# [ok]
