#                                                                            --- full sequence --- -------------- this domain -------------   hmm coord   ali coord   env coord
# target name        accession   tlen query name           accession   qlen   E-value  score  bias   #  of  c-Evalue  i-Evalue  score  bias  from    to  from    to  from    to  acc description of target
#------------------- ---------- ----- -------------------- ---------- ----- --------- ------ ----- --- --- --------- --------- ------ ----- ----- ----- ----- ----- ----- ----- ---- ---------------------
d2r6ja_c.2.1.0       -            310 d3ehea_c.2.1.0.aln   -            253  1.1e-122  403.7   0.0   1   1  1.8e-124  1.3e-122  403.5   0.0     1   253     1   283     1   283 1.00 -
d3i4fa_c.2.1.0       -            250 d3ehea_c.2.1.0.aln   -            253  8.6e-110  361.5   0.6   1   1  1.3e-111  9.6e-110  361.3   0.6     3   253     2   250     1   250 0.99 -
d3f1la_c.2.1.0       -            245 d3ehea_c.2.1.0.aln   -            253   1.2e-99  328.3   0.0   1   1  1.8e-101   1.3e-99  328.1   0.0     2   249    11   244    10   245 0.99 -
d3l77a_c.2.1.0       -            235 d3ehea_c.2.1.0.aln   -            253   8.6e-88  289.4   0.0   1   1   1.3e-89   9.5e-88  289.2   0.0     3   253     2   235     1   235 0.99 -
d1gpja2c.2.1.7       -            159 d3ehea_c.2.1.0.aln   -            253   0.00014   16.7   0.1   1   1   2.9e-06    0.0002   16.2   0.1     3    71    24    96    22   102 0.80 -
d1o89a2c.2.1.1       -            177 d3ehea_c.2.1.0.aln   -            253   0.00015   16.7   0.0   1   1   2.8e-06    0.0002   16.2   0.0     5    38    34    68    31   105 0.84 -
d1vpda2c.2.1.6       -            161 d3ehea_c.2.1.0.aln   -            253   0.00037   15.4   0.0   1   2     7e-05     0.005   11.7   0.0    13    45     9    41     4    84 0.69 -
d1vpda2c.2.1.6       -            161 d3ehea_c.2.1.0.aln   -            253   0.00037   15.4   0.0   2   2      0.06       4.3    2.1   0.0   188   240    85   145    80   157 0.84 -
d1jaya_c.2.1.6       -            212 d3ehea_c.2.1.0.aln   -            253   0.00041   15.2   0.5   1   2   1.1e-05   0.00079   14.3   0.2     7    46     5    43     1    64 0.88 -
d1jaya_c.2.1.6       -            212 d3ehea_c.2.1.0.aln   -            253   0.00041   15.2   0.5   2   2       1.4     1e+02   -2.4   0.0    33    56   108   131   106   136 0.78 -
d1luaa1c.2.1.7       -            191 d3ehea_c.2.1.0.aln   -            253   0.00067   14.5   0.1   1   1   1.2e-05   0.00083   14.2   0.1     4    62    24    95    21   125 0.77 -
d1nhpa2c.3.1.5       -            123 d3ehea_c.2.1.0.aln   -            253    0.0027   12.5   0.1   1   1   4.1e-05    0.0029   12.4   0.1     7    34    33    60    29   111 0.81 -
d3ehea_c.2.1.0       -            303 d3ehea_c.2.1.0.aln   -            253    0.0065   11.3   0.0   1   2     0.002      0.15    6.9   0.0     6    24     2    20     1    54 0.86 -
d3ehea_c.2.1.0       -            303 d3ehea_c.2.1.0.aln   -            253    0.0065   11.3   0.0   2   2     0.046       3.3    2.4   0.0   111   150    83   118    71   159 0.75 -
#
# Program:         hmmsearch
# Version:         3.1b2 (February 2015)
# Pipeline mode:   SEARCH
# Query file:      hmmModels30/d3ehea_c.2.1.0.hmm
# Target file:     scop/scopTestSeq.fasta
# Option settings: hmmsearch --domtblout hmmModels30/d3ehea_c.2.1.0.out -E 1 hmmModels30/d3ehea_c.2.1.0.hmm scop/scopTestSeq.fasta 
# Current dir:     /home/anastasia/SBAS/TME8
# Date:            Sat Apr  8 15:33:57 2023
# [ok]
