#                                                                            --- full sequence --- -------------- this domain -------------   hmm coord   ali coord   env coord
# target name        accession   tlen query name           accession   qlen   E-value  score  bias   #  of  c-Evalue  i-Evalue  score  bias  from    to  from    to  from    to  acc description of target
#------------------- ---------- ----- -------------------- ---------- ----- --------- ------ ----- --- --- --------- --------- ------ ----- ----- ----- ----- ----- ----- ----- ---- ---------------------
d1xfsa_d.129.3.5     -            165 d3elia1d.129.3.5.aln -            156   2.1e-60  198.8   0.0   1   1   2.9e-62   2.3e-60  198.7   0.0     2   155     2   165     1   165 0.99 -
d2il5a1d.129.3.5     -            164 d3elia1d.129.3.5.aln -            156   1.1e-55  183.5   2.4   1   1   1.6e-57   1.2e-55  183.3   2.4     1   155     3   156     3   157 0.99 -
d2k5ga1d.129.3.5     -            183 d3elia1d.129.3.5.aln -            156   1.7e-55  182.9   0.0   1   1   2.4e-57   1.9e-55  182.7   0.0     2   156    16   179    15   179 0.99 -
d1xuva_d.129.3.5     -            163 d3elia1d.129.3.5.aln -            156   2.7e-55  182.3   0.1   1   1   3.8e-57     3e-55  182.1   0.1     2   154     9   160     8   162 0.98 -
d2nn5a1d.129.3.5     -            160 d3elia1d.129.3.5.aln -            156   8.4e-48  157.9   0.4   1   1   1.2e-49   9.5e-48  157.7   0.4     1   155     8   151     8   152 0.98 -
d2l65a1d.129.3.5     -            155 d3elia1d.129.3.5.aln -            156   1.9e-45  150.3   1.2   1   1   2.6e-47   2.1e-45  150.1   1.2     2   155     1   154     1   155 0.99 -
d1xn5a_d.129.3.5     -            138 d3elia1d.129.3.5.aln -            156   8.2e-43  141.7   1.9   1   1   1.1e-44     9e-43  141.6   1.9     2   150     2   137     1   138 0.98 -
d1z94a1d.129.3.5     -            143 d3elia1d.129.3.5.aln -            156   1.2e-42  141.1   0.0   1   1   1.7e-44   1.3e-42  141.0   0.0     5   151     2   142     1   143 0.98 -
d1x53a1d.129.3.5     -            132 d3elia1d.129.3.5.aln -            156   2.4e-36  120.7   0.8   1   1   3.4e-38   2.7e-36  120.5   0.8     3   153     2   131     1   132 0.97 -
d3elia1d.129.3.5     -            143 d3elia1d.129.3.5.aln -            156   4.2e-15   51.7   0.1   1   1   5.9e-17   4.7e-15   51.5   0.1     6   133     2   138     1   143 0.78 -
#
# Program:         hmmsearch
# Version:         3.1b2 (February 2015)
# Pipeline mode:   SEARCH
# Query file:      hmmModels30/d3elia1d.129.3.5.hmm
# Target file:     scop/scopTestSeq.fasta
# Option settings: hmmsearch --domtblout hmmModels30/d3elia1d.129.3.5.out -E 1 hmmModels30/d3elia1d.129.3.5.hmm scop/scopTestSeq.fasta 
# Current dir:     /home/anastasia/SBAS/TME8
# Date:            Sat Apr  8 15:33:57 2023
# [ok]
