#                                                                            --- full sequence --- -------------- this domain -------------   hmm coord   ali coord   env coord
# target name        accession   tlen query name           accession   qlen   E-value  score  bias   #  of  c-Evalue  i-Evalue  score  bias  from    to  from    to  from    to  acc description of target
#------------------- ---------- ----- -------------------- ---------- ----- --------- ------ ----- --- --- --------- --------- ------ ----- ----- ----- ----- ----- ----- ----- ---- ---------------------
d3heba_c.23.1.0      -            142 d3eqza_c.23.1.0.aln  -            131   2.5e-58  190.9   0.0   1   1   5.7e-60   2.8e-58  190.7   0.0     1   131     1   140     1   140 0.99 -
d3khta_c.23.1.0      -            132 d3eqza_c.23.1.0.aln  -            131   7.4e-56  182.9   0.1   1   1   1.7e-57   8.2e-56  182.8   0.1     1   131     2   132     2   132 0.99 -
d3cfya_c.23.1.0      -            130 d3eqza_c.23.1.0.aln  -            131   1.9e-50  165.4   0.1   1   1   4.3e-52   2.1e-50  165.2   0.1     1   131     3   129     3   129 0.99 -
d3ktoa_c.23.1.0      -            122 d3eqza_c.23.1.0.aln  -            131   9.9e-45  146.9   0.3   1   1   2.2e-46   1.1e-44  146.8   0.3     1   124     1   122     1   122 0.99 -
d2plna_c.23.1.0      -            118 d3eqza_c.23.1.0.aln  -            131   1.5e-41  136.7   0.1   1   1   3.2e-43   1.6e-41  136.5   0.1     8   122     2   118     1   118 0.98 -
d1kgsa2c.23.1.1      -            122 d3eqza_c.23.1.0.aln  -            131   3.8e-17   57.7   0.0   1   1   9.5e-19   4.7e-17   57.4   0.0     1   122     2   119     2   121 0.91 -
d1k66a_c.23.1.1      -            149 d3eqza_c.23.1.0.aln  -            131   7.9e-17   56.6   0.0   1   1   3.9e-18   1.9e-16   55.4   0.0     4   126    10   141     7   146 0.85 -
d1jbea_c.23.1.1      -            128 d3eqza_c.23.1.0.aln  -            131   9.8e-17   56.3   0.0   1   1   2.5e-18   1.2e-16   56.0   0.0     4   115     8   118     6   126 0.93 -
d1mb3a_c.23.1.1      -            123 d3eqza_c.23.1.0.aln  -            131   3.5e-15   51.3   0.0   1   1   8.3e-17   4.1e-15   51.1   0.0     2   121     3   120     2   122 0.95 -
d1dz3a_c.23.1.1      -            123 d3eqza_c.23.1.0.aln  -            131   3.6e-15   51.3   0.0   1   1   8.5e-17   4.2e-15   51.1   0.0     3   119     4   119     2   122 0.94 -
d2r25b_c.23.1.1      -            133 d3eqza_c.23.1.0.aln  -            131   8.2e-14   46.9   0.0   1   1   1.9e-15   9.5e-14   46.7   0.0     2   116     4   121     3   131 0.87 -
d1dbwa_c.23.1.1      -            123 d3eqza_c.23.1.0.aln  -            131   1.6e-13   46.0   0.0   1   1   3.5e-15   1.7e-13   45.8   0.0    20   119    23   118     4   122 0.76 -
d1s8na_c.23.1.1      -            190 d3eqza_c.23.1.0.aln  -            131   1.2e-12   43.2   0.1   1   2   4.7e-14   2.3e-12   42.2   0.1     3   124     6   123     4   129 0.83 -
d1s8na_c.23.1.1      -            190 d3eqza_c.23.1.0.aln  -            131   1.2e-12   43.2   0.1   2   2       4.7   2.3e+02   -3.1   0.0    59    77   158   176   157   178 0.79 -
d2b4aa1c.23.1.1      -            118 d3eqza_c.23.1.0.aln  -            131   4.8e-07   25.0   0.0   1   1   1.5e-08   7.3e-07   24.4   0.0     2   116     4   112     3   118 0.76 -
d3eqza_c.23.1.0      -            124 d3eqza_c.23.1.0.aln  -            131   1.1e-06   23.8   0.1   1   1     3e-08   1.5e-06   23.4   0.1     2    86     3    82     2   119 0.82 -
d2v0na2c.23.1.1      -            153 d3eqza_c.23.1.0.aln  -            131   6.9e-05   18.0   0.1   1   1   2.1e-06    0.0001   17.5   0.1    40   122    49   131    14   138 0.75 -
#
# Program:         hmmsearch
# Version:         3.1b2 (February 2015)
# Pipeline mode:   SEARCH
# Query file:      hmmModels30/d3eqza_c.23.1.0.hmm
# Target file:     scop/scopTestSeq.fasta
# Option settings: hmmsearch --domtblout hmmModels30/d3eqza_c.23.1.0.out -E 1 hmmModels30/d3eqza_c.23.1.0.hmm scop/scopTestSeq.fasta 
# Current dir:     /home/anastasia/SBAS/TME8
# Date:            Sat Apr  8 15:33:57 2023
# [ok]
