#                                                                            --- full sequence --- -------------- this domain -------------   hmm coord   ali coord   env coord
# target name        accession   tlen query name           accession   qlen   E-value  score  bias   #  of  c-Evalue  i-Evalue  score  bias  from    to  from    to  from    to  acc description of target
#------------------- ---------- ----- -------------------- ---------- ----- --------- ------ ----- --- --- --------- --------- ------ ----- ----- ----- ----- ----- ----- ----- ---- ---------------------
d3k69a_a.4.5.0       -            155 d3f8ba_a.4.5.0.aln   -            136   2.7e-54  178.3   0.0   1   1   4.6e-56     3e-54  178.1   0.0     1   136     2   153     2   153 0.99 -
d3bjaa_a.4.5.0       -            139 d3f8ba_a.4.5.0.aln   -            136   2.9e-53  175.0   1.0   1   1   4.8e-55   3.2e-53  174.8   1.0     1   136     4   139     4   139 0.99 -
d2xiga_a.4.5.0       -            148 d3f8ba_a.4.5.0.aln   -            136     8e-53  173.5   4.3   1   1   1.4e-54   8.9e-53  173.4   4.3     2   136     1   139     1   139 0.99 -
d3jw4a_a.4.5.0       -            137 d3f8ba_a.4.5.0.aln   -            136     9e-49  160.4   0.4   1   1   1.5e-50     1e-48  160.3   0.4     1   135     1   137     1   137 0.99 -
d3qu3a_a.4.5.0       -            122 d3f8ba_a.4.5.0.aln   -            136   1.3e-37  124.3   0.0   1   1   2.1e-39   1.4e-37  124.2   0.0     3   130     1   122     1   122 0.99 -
d3df8a_a.4.5.0       -            109 d3f8ba_a.4.5.0.aln   -            136   9.4e-30   98.8   0.0   1   1   1.6e-31     1e-29   98.7   0.0    17   134     1   109     1   109 0.99 -
d2fbia1a.4.5.28      -            136 d3f8ba_a.4.5.0.aln   -            136   1.5e-06   23.7   0.1   1   1   2.9e-08   1.9e-06   23.3   0.1    22   133    22   133    18   134 0.93 -
d1lj9a_a.4.5.28      -            144 d3f8ba_a.4.5.0.aln   -            136   1.9e-05   20.1   0.3   1   1   3.6e-07   2.3e-05   19.8   0.3    24    96    23    95     2   133 0.87 -
d1s3ja_a.4.5.28      -            143 d3f8ba_a.4.5.0.aln   -            136   0.00065   15.1   0.1   1   1   1.5e-05   0.00097   14.6   0.1    22    92    27    97     8   138 0.82 -
d3broa1a.4.5.28      -            135 d3f8ba_a.4.5.0.aln   -            136   0.00079   14.9   0.7   1   1   1.4e-05   0.00092   14.7   0.7    23    97    22    98     2   131 0.83 -
d2a61a1a.4.5.28      -            139 d3f8ba_a.4.5.0.aln   -            136    0.0012   14.3   0.0   1   1   3.6e-05    0.0024   13.3   0.0    59   131    59   131     3   136 0.74 -
d1jgsa_a.4.5.28      -            138 d3f8ba_a.4.5.0.aln   -            136    0.0065   11.9   0.0   1   1   0.00011    0.0075   11.7   0.0    61   130    65   135    10   136 0.82 -
#
# Program:         hmmsearch
# Version:         3.1b2 (February 2015)
# Pipeline mode:   SEARCH
# Query file:      hmmModels30/d3f8ba_a.4.5.0.hmm
# Target file:     scop/scopTestSeq.fasta
# Option settings: hmmsearch --domtblout hmmModels30/d3f8ba_a.4.5.0.out -E 1 hmmModels30/d3f8ba_a.4.5.0.hmm scop/scopTestSeq.fasta 
# Current dir:     /home/anastasia/SBAS/TME8
# Date:            Sat Apr  8 15:33:57 2023
# [ok]
