#                                                                            --- full sequence --- -------------- this domain -------------   hmm coord   ali coord   env coord
# target name        accession   tlen query name           accession   qlen   E-value  score  bias   #  of  c-Evalue  i-Evalue  score  bias  from    to  from    to  from    to  acc description of target
#------------------- ---------- ----- -------------------- ---------- ----- --------- ------ ----- --- --- --------- --------- ------ ----- ----- ----- ----- ----- ----- ----- ---- ---------------------
d3h93a_c.47.1.0      -            192 d3feua_c.47.1.0.aln  -            145   9.3e-62  202.7   0.0   1   1   1.5e-63   1.2e-61  202.3   0.0     1   145     4   148     4   148 1.00 -
d3c7ma_c.47.1.0      -            195 d3feua_c.47.1.0.aln  -            145   5.4e-58  190.5   2.7   1   1     9e-60   7.1e-58  190.1   2.7     1   145     5   158     5   158 0.99 -
d2v1ma_c.47.1.0      -            163 d3feua_c.47.1.0.aln  -            145   2.4e-52  172.1   0.0   1   1   3.5e-54   2.8e-52  171.9   0.0     1   145     1   147     1   147 0.99 -
d2xhfa_c.47.1.0      -            156 d3feua_c.47.1.0.aln  -            145     7e-50  164.2   0.0   1   1   9.9e-52   7.8e-50  164.0   0.0     1   145    12   156    12   156 0.99 -
d3gnja_c.47.1.0      -            111 d3feua_c.47.1.0.aln  -            145   2.5e-26   87.8   0.3   1   1   3.6e-28   2.8e-26   87.6   0.3     1   121     1   111     1   111 0.98 -
d3h79a_c.47.1.0      -            115 d3feua_c.47.1.0.aln  -            145   2.1e-25   84.8   0.0   1   1   2.8e-27   2.2e-25   84.7   0.0     3   121     2   115     1   115 0.98 -
d2wcia_c.47.1.0      -            113 d3feua_c.47.1.0.aln  -            145   1.8e-23   78.5   0.0   1   1   2.4e-25   1.9e-23   78.4   0.0     9   127     2   111     1   113 0.95 -
d2hzfa_c.47.1.0      -            110 d3feua_c.47.1.0.aln  -            145   1.9e-23   78.4   0.0   1   1   2.6e-25   2.1e-23   78.3   0.0     7   121     1   107     1   110 0.97 -
d3fz4a_c.47.1.0      -            119 d3feua_c.47.1.0.aln  -            145   8.9e-23   76.3   0.0   1   1   1.2e-24   9.6e-23   76.1   0.0     6   126     2   119     1   119 0.98 -
d3qmxa_c.47.1.0      -             99 d3feua_c.47.1.0.aln  -            145   1.1e-21   72.8   0.0   1   1   1.4e-23   1.1e-21   72.7   0.0     8   117     2    98     1    99 0.96 -
#
# Program:         hmmsearch
# Version:         3.1b2 (February 2015)
# Pipeline mode:   SEARCH
# Query file:      hmmModels30/d3feua_c.47.1.0.hmm
# Target file:     scop/scopTestSeq.fasta
# Option settings: hmmsearch --domtblout hmmModels30/d3feua_c.47.1.0.out -E 1 hmmModels30/d3feua_c.47.1.0.hmm scop/scopTestSeq.fasta 
# Current dir:     /home/anastasia/SBAS/TME8
# Date:            Sat Apr  8 15:33:57 2023
# [ok]
