#                                                                            --- full sequence --- -------------- this domain -------------   hmm coord   ali coord   env coord
# target name        accession   tlen query name           accession   qlen   E-value  score  bias   #  of  c-Evalue  i-Evalue  score  bias  from    to  from    to  from    to  acc description of target
#------------------- ---------- ----- -------------------- ---------- ----- --------- ------ ----- --- --- --------- --------- ------ ----- ----- ----- ----- ----- ----- ----- ---- ---------------------
d3r6ua_c.94.1.0      -            272 d3h7ma_c.94.1.0.aln  -            239  1.5e-100  331.2   1.8   1   1  2.2e-102  1.7e-100  331.0   1.8     1   239     1   263     1   263 1.00 -
d3tqla_c.94.1.0      -            227 d3h7ma_c.94.1.0.aln  -            239   1.4e-95  314.9   0.1   1   1     2e-97   1.6e-95  314.7   0.1     1   228     2   227     2   227 1.00 -
d2q88a_c.94.1.0      -            257 d3h7ma_c.94.1.0.aln  -            239   3.3e-91  300.6   0.0   1   1   4.7e-93   3.7e-91  300.4   0.0     1   239    12   250    12   250 0.99 -
d3kzga_c.94.1.0      -            228 d3h7ma_c.94.1.0.aln  -            239   1.6e-90  298.4   0.1   1   1   2.2e-92   1.7e-90  298.2   0.1     2   228     4   228     3   228 0.99 -
d3delb_c.94.1.0      -            232 d3h7ma_c.94.1.0.aln  -            239     1e-88  292.5   0.0   1   1   1.4e-90   1.1e-88  292.3   0.0     1   239     1   232     1   232 0.99 -
d3i6va_c.94.1.0      -            218 d3h7ma_c.94.1.0.aln  -            239     1e-78  259.7   0.0   1   1   1.4e-80   1.1e-78  259.6   0.0     2   235     1   218     1   218 0.99 -
d3h7ma_c.94.1.0      -            228 d3h7ma_c.94.1.0.aln  -            239   2.4e-20   68.6   0.0   1   1   3.9e-22   3.1e-20   68.3   0.0     2   227     6   222     5   227 0.95 -
d1xt8a1c.94.1.1      -            248 d3h7ma_c.94.1.0.aln  -            239   5.3e-20   67.5   0.8   1   1   1.1e-21   8.5e-20   66.8   0.8     4   225    14   228    11   235 0.85 -
d1ii5a_c.94.1.1      -            226 d3h7ma_c.94.1.0.aln  -            239   2.3e-09   32.7   0.0   1   1   3.7e-11   2.9e-09   32.3   0.0    11   227    13   224     6   226 0.85 -
d1pb7a_c.94.1.1      -            289 d3h7ma_c.94.1.0.aln  -            239   0.00029   16.0   0.0   1   1   8.8e-06   0.00069   14.7   0.0    45   162    99   226    92   282 0.67 -
#
# Program:         hmmsearch
# Version:         3.1b2 (February 2015)
# Pipeline mode:   SEARCH
# Query file:      hmmModels30/d3h7ma_c.94.1.0.hmm
# Target file:     scop/scopTestSeq.fasta
# Option settings: hmmsearch --domtblout hmmModels30/d3h7ma_c.94.1.0.out -E 1 hmmModels30/d3h7ma_c.94.1.0.hmm scop/scopTestSeq.fasta 
# Current dir:     /home/anastasia/SBAS/TME8
# Date:            Sat Apr  8 15:33:57 2023
# [ok]
