#                                                                            --- full sequence --- -------------- this domain -------------   hmm coord   ali coord   env coord
# target name        accession   tlen query name           accession   qlen   E-value  score  bias   #  of  c-Evalue  i-Evalue  score  bias  from    to  from    to  from    to  acc description of target
#------------------- ---------- ----- -------------------- ---------- ----- --------- ------ ----- --- --- --------- --------- ------ ----- ----- ----- ----- ----- ----- ----- ---- ---------------------
d2vnud3b.40.4.5      -            148 d3i4oa_b.40.4.5.aln  -             91   4.7e-27   89.7   0.0   1   1   2.7e-28   6.8e-27   89.2   0.0     1    91    26   122    26   122 0.99 -
d2nn6i1b.40.4.5      -            125 d3i4oa_b.40.4.5.aln  -             91   1.1e-25   85.3   0.1   1   1     5e-27   1.3e-25   85.1   0.1     1    90     1    95     1    96 0.98 -
d1d7qa_b.40.4.5      -            143 d3i4oa_b.40.4.5.aln  -             91   5.8e-24   79.8   0.0   1   1   3.6e-25   9.1e-24   79.2   0.0     2    91    24   119    23   119 0.98 -
d1wi5a_b.40.4.5      -            119 d3i4oa_b.40.4.5.aln  -             91   9.9e-22   72.7   0.0   1   1   4.6e-23   1.2e-21   72.5   0.0     3    89    17   100    15   102 0.95 -
d3bzka4b.40.4.5      -             94 d3i4oa_b.40.4.5.aln  -             91   3.5e-18   61.4   0.8   1   1   1.6e-19     4e-18   61.2   0.8     1    82    12    88    12    92 0.93 -
d1jt8a_b.40.4.5      -            102 d3i4oa_b.40.4.5.aln  -             91   1.5e-14   49.8   0.2   1   1   6.4e-16   1.6e-14   49.7   0.2     2    90     4    92     3    93 0.97 -
d2uubq1b.40.4.5      -            100 d3i4oa_b.40.4.5.aln  -             91     6e-13   44.7   2.3   1   1   2.8e-14   7.2e-13   44.4   2.3     8    90     2    83     1    84 0.97 -
d2je6i1b.40.4.5      -             87 d3i4oa_b.40.4.5.aln  -             91   4.5e-12   41.9   0.6   1   1   1.9e-13   4.9e-12   41.7   0.6     1    88     1    86     1    87 0.95 -
d1go3e1b.40.4.5      -            106 d3i4oa_b.40.4.5.aln  -             91   6.8e-12   41.3   0.5   1   1   3.2e-13   8.1e-12   41.0   0.5     5    90     1    91     1    92 0.97 -
d1y14b1b.40.4.5      -             91 d3i4oa_b.40.4.5.aln  -             91     1e-11   40.7   0.0   1   1   4.3e-13   1.1e-11   40.6   0.0     5    87     1    87     1    91 0.95 -
d1kl9a2b.40.4.5      -             86 d3i4oa_b.40.4.5.aln  -             91   1.9e-11   39.9   1.1   1   1   8.1e-13   2.1e-11   39.8   1.1     1    82     7    85     7    86 0.97 -
d2uubl1b.40.4.5      -            118 d3i4oa_b.40.4.5.aln  -             91   1.9e-11   39.9   1.6   1   1   9.3e-13   2.4e-11   39.6   1.6     3    90     7   100     5   101 0.97 -
d2ja9a1b.40.4.5      -             90 d3i4oa_b.40.4.5.aln  -             91   1.8e-10   36.7   0.0   1   1   8.1e-12   2.1e-10   36.6   0.0     2    89     2    84     1    86 0.95 -
d1luza_b.40.4.5      -             85 d3i4oa_b.40.4.5.aln  -             91   1.8e-10   36.7   0.4   1   1   7.5e-12   1.9e-10   36.7   0.4     3    86     4    83     2    85 0.94 -
d1smxa_b.40.4.5      -             87 d3i4oa_b.40.4.5.aln  -             91   4.7e-10   35.4   0.0   1   1   2.1e-11   5.2e-10   35.3   0.0    15    85    10    84     3    87 0.92 -
d2nn6h1b.40.4.5      -             95 d3i4oa_b.40.4.5.aln  -             91   4.9e-10   35.4   0.0   1   1     2e-11   5.2e-10   35.3   0.0     2    84     3    90     2    95 0.95 -
d1e3pa2b.40.4.5      -             62 d3i4oa_b.40.4.5.aln  -             91   5.4e-10   35.2   0.2   1   1   2.3e-11   5.8e-10   35.1   0.2    13    74     1    61     1    62 0.96 -
d1wfqa_b.40.4.5      -             89 d3i4oa_b.40.4.5.aln  -             91   1.4e-09   33.9   0.0   1   1     6e-11   1.5e-09   33.8   0.0     8    86     7    85     3    89 0.95 -
d1jjga_b.40.4.5      -            102 d3i4oa_b.40.4.5.aln  -             91   2.2e-08   30.1   0.3   1   1   9.5e-10   2.4e-08   29.9   0.3     1    87     8   100     8   102 0.96 -
d2ix0a3b.40.4.5      -             87 d3i4oa_b.40.4.5.aln  -             91   2.7e-08   29.8   0.1   1   1   1.1e-09   2.7e-08   29.8   0.1     8    85     4    82     1    87 0.92 -
d1hh2p1b.40.4.5      -             72 d3i4oa_b.40.4.5.aln  -             91   2.2e-07   26.9   0.1   1   1   9.9e-09   2.5e-07   26.7   0.1    18    82    11    71     6    72 0.91 -
d1u0la1b.40.4.5      -             66 d3i4oa_b.40.4.5.aln  -             91     9e-07   24.9   0.2   1   1   3.7e-08   9.4e-07   24.9   0.2    12    73     4    57     2    66 0.89 -
d2vnud1b.40.4.5      -             95 d3i4oa_b.40.4.5.aln  -             91   1.5e-06   24.3   0.0   1   1   6.5e-08   1.7e-06   24.1   0.0     1    88     1    94     1    95 0.96 -
d2vnud2b.40.4.5      -             88 d3i4oa_b.40.4.5.aln  -             91   1.6e-06   24.2   0.5   1   1   6.6e-08   1.7e-06   24.1   0.5    10    89     3    85     1    87 0.95 -
d2asba1b.40.4.5      -             76 d3i4oa_b.40.4.5.aln  -             91   1.6e-06   24.1   0.1   1   1     7e-08   1.8e-06   24.0   0.1     6    82     3    75     1    76 0.93 -
d1t9ha1b.40.4.5      -             67 d3i4oa_b.40.4.5.aln  -             91   2.5e-06   23.5   0.2   1   1     1e-07   2.6e-06   23.4   0.2    11    73     2    58     1    66 0.94 -
d2ix0a2b.40.4.5      -             79 d3i4oa_b.40.4.5.aln  -             91   7.6e-06   22.0   0.0   1   1   3.3e-07   8.3e-06   21.8   0.0    16    83    14    77     6    79 0.92 -
d2ix0a1b.40.4.5      -             90 d3i4oa_b.40.4.5.aln  -             91   5.5e-05   19.2   0.0   1   1   2.3e-06     6e-05   19.1   0.0     8    90     8    87     2    88 0.90 -
d1khia2b.40.4.5      -             71 d3i4oa_b.40.4.5.aln  -             91   0.00083   15.5   0.1   1   1     4e-05     0.001   15.2   0.1     3    72     2    68     1    71 0.91 -
d1a62a2b.40.4.5      -             78 d3i4oa_b.40.4.5.aln  -             91   0.00093   15.3   0.0   1   1     4e-05     0.001   15.2   0.0    12    85     5    72     1    77 0.75 -
d1x6oa2b.40.4.5      -             79 d3i4oa_b.40.4.5.aln  -             91    0.0029   13.7   0.0   1   1   0.00012    0.0031   13.6   0.0    39    76    35    71     2    77 0.74 -
#
# Program:         hmmsearch
# Version:         3.1b2 (February 2015)
# Pipeline mode:   SEARCH
# Query file:      hmmModels30/d3i4oa_b.40.4.5.hmm
# Target file:     scop/scopTestSeq.fasta
# Option settings: hmmsearch --domtblout hmmModels30/d3i4oa_b.40.4.5.out -E 1 hmmModels30/d3i4oa_b.40.4.5.hmm scop/scopTestSeq.fasta 
# Current dir:     /home/anastasia/SBAS/TME8
# Date:            Sat Apr  8 15:33:57 2023
# [ok]
