#                                                                            --- full sequence --- -------------- this domain -------------   hmm coord   ali coord   env coord
# target name        accession   tlen query name           accession   qlen   E-value  score  bias   #  of  c-Evalue  i-Evalue  score  bias  from    to  from    to  from    to  acc description of target
#------------------- ---------- ----- -------------------- ---------- ----- --------- ------ ----- --- --- --------- --------- ------ ----- ----- ----- ----- ----- ----- ----- ---- ---------------------
d3k69a_a.4.5.0       -            155 d3jw4a_a.4.5.0.aln   -            138   3.3e-61  201.3   0.0   1   1   3.8e-63   3.7e-61  201.1   0.0     1   138    17   155    17   155 0.99 -
d2xiga_a.4.5.0       -            148 d3jw4a_a.4.5.0.aln   -            138   1.3e-56  186.4   3.5   1   1   1.5e-58   1.4e-56  186.2   3.5     1   138     1   146     1   146 1.00 -
d3bjaa_a.4.5.0       -            139 d3jw4a_a.4.5.0.aln   -            138   1.4e-52  173.3   0.9   1   1   1.5e-54   1.5e-52  173.2   0.9     1   138     1   138     1   138 0.99 -
d3qu3a_a.4.5.0       -            122 d3jw4a_a.4.5.0.aln   -            138   1.6e-38  127.8   0.0   1   1   1.7e-40   1.7e-38  127.7   0.0     9   133     2   122     1   122 0.98 -
d3df8a_a.4.5.0       -            109 d3jw4a_a.4.5.0.aln   -            138     1e-30  102.5   0.0   1   1   1.1e-32   1.1e-30  102.4   0.0     5   122     1   109     1   109 0.99 -
d3f8ba_a.4.5.0       -            105 d3jw4a_a.4.5.0.aln   -            138   8.5e-30   99.5   0.2   1   1   9.4e-32   9.3e-30   99.4   0.2     6   122     2   105     1   105 0.99 -
d2fbia1a.4.5.28      -            136 d3jw4a_a.4.5.0.aln   -            138   0.00019   17.4   0.1   1   1   2.3e-06   0.00023   17.1   0.1    35   136    37   133    21   135 0.85 -
d3ctaa1a.4.5.28      -             85 d3jw4a_a.4.5.0.aln   -            138   0.00023   17.1   0.1   1   1   2.5e-06   0.00025   17.0   0.1    48   105    22    78     1    82 0.79 -
#
# Program:         hmmsearch
# Version:         3.1b2 (February 2015)
# Pipeline mode:   SEARCH
# Query file:      hmmModels30/d3jw4a_a.4.5.0.hmm
# Target file:     scop/scopTestSeq.fasta
# Option settings: hmmsearch --domtblout hmmModels30/d3jw4a_a.4.5.0.out -E 1 hmmModels30/d3jw4a_a.4.5.0.hmm scop/scopTestSeq.fasta 
# Current dir:     /home/anastasia/SBAS/TME8
# Date:            Sat Apr  8 15:33:57 2023
# [ok]
