#                                                                            --- full sequence --- -------------- this domain -------------   hmm coord   ali coord   env coord
# target name        accession   tlen query name           accession   qlen   E-value  score  bias   #  of  c-Evalue  i-Evalue  score  bias  from    to  from    to  from    to  acc description of target
#------------------- ---------- ----- -------------------- ---------- ----- --------- ------ ----- --- --- --------- --------- ------ ----- ----- ----- ----- ----- ----- ----- ---- ---------------------
d1e2ka_c.37.1.1      -            329 d3kb2a_c.37.1.1.aln  -            207  4.1e-114  374.8   0.0   1   1  1.2e-115  4.9e-114  374.5   0.0     1   207     2   208     2   208 1.00 -
d1p5zb_c.37.1.1      -            241 d3kb2a_c.37.1.1.aln  -            207   2.3e-58  192.7   0.0   1   1   8.5e-60   3.4e-58  192.1   0.0     3   206     2   206     1   207 0.99 -
d1deka_c.37.1.1      -            241 d3kb2a_c.37.1.1.aln  -            207   1.5e-55  183.5   0.0   1   1   4.3e-57   1.7e-55  183.3   0.0     3   207     1   206     1   206 0.99 -
d1t0hb_c.37.1.1      -            219 d3kb2a_c.37.1.1.aln  -            207   1.9e-49  163.6   0.0   1   1   5.4e-51   2.1e-49  163.4   0.0     1   206    13   218    13   219 0.99 -
d1vhta_c.37.1.1      -            208 d3kb2a_c.37.1.1.aln  -            207   7.2e-38  125.7   0.5   1   1     2e-39   7.9e-38  125.6   0.5     3   206     3   204     1   205 0.98 -
d1gsia_c.37.1.1      -            208 d3kb2a_c.37.1.1.aln  -            207   5.7e-37  122.8   0.0   1   1   1.8e-38     7e-37  122.5   0.0     4   202     1   199     1   203 0.98 -
d1qf9a_c.37.1.1      -            194 d3kb2a_c.37.1.1.aln  -            207   1.5e-36  121.4   0.0   1   1   4.3e-38   1.7e-36  121.3   0.0     3   192     6   192     4   194 0.98 -
d1khta_c.37.1.1      -            190 d3kb2a_c.37.1.1.aln  -            207     2e-35  117.7   0.2   1   1   5.6e-37   2.2e-35  117.6   0.2     4   192     2   189     1   190 0.99 -
d1kjwa2c.37.1.1      -            199 d3kb2a_c.37.1.1.aln  -            207   4.9e-34  113.2   0.0   1   1   1.3e-35   5.3e-34  113.1   0.0     6   203     9   197     4   199 0.97 -
d1zina1c.37.1.1      -            183 d3kb2a_c.37.1.1.aln  -            207   5.5e-34  113.1   0.0   1   1   1.5e-35     6e-34  112.9   0.0     4   192     1   181     1   183 0.98 -
d1lw7a2c.37.1.1      -            192 d3kb2a_c.37.1.1.aln  -            207   2.7e-31  104.3   0.0   1   1   7.5e-33     3e-31  104.1   0.0     3   198     7   191     5   192 0.98 -
d1kgda_c.37.1.1      -            178 d3kb2a_c.37.1.1.aln  -            207   8.8e-31  102.6   0.2   1   1   2.5e-32   9.8e-31  102.4   0.2     1   193     1   178     1   178 0.99 -
d1yj5a2c.37.1.1      -            172 d3kb2a_c.37.1.1.aln  -            207   4.1e-25   84.1   0.0   1   1   1.1e-26   4.5e-25   83.9   0.0    10   194     3   171     1   172 0.98 -
d1y63a_c.37.1.1      -            174 d3kb2a_c.37.1.1.aln  -            207   4.9e-25   83.8   0.5   1   1   1.4e-26   5.4e-25   83.7   0.5     1   192     3   173     3   174 0.98 -
d2grja_c.37.1.1      -            179 d3kb2a_c.37.1.1.aln  -            207   6.9e-25   83.3   0.1   1   1   1.9e-26   7.7e-25   83.2   0.1     1   197     1   179     1   179 0.98 -
d1ly1a_c.37.1.1      -            152 d3kb2a_c.37.1.1.aln  -            207   9.8e-24   79.6   0.0   1   1     3e-25   1.2e-23   79.3   0.0     2   126     1   123     1   131 0.97 -
d1g41a_c.37.1.20     -            443 d3kb2a_c.37.1.1.aln  -            207     7e-06   21.2   0.0   1   1   3.5e-07   1.4e-05   20.3   0.0     2    72    48   121    47   130 0.87 -
d3akea_c.37.1.0      -            208 d3kb2a_c.37.1.1.aln  -            207    0.0017   13.5   1.6   1   2    0.0014     0.056    8.5   0.0     5    28     4    27     1    38 0.88 -
d3akea_c.37.1.0      -            208 d3kb2a_c.37.1.1.aln  -            207    0.0017   13.5   1.6   2   2     0.033       1.3    4.0   0.5   155   188   138   171   135   180 0.91 -
d1um8a_c.37.1.20     -            364 d3kb2a_c.37.1.1.aln  -            207    0.0058   11.7   0.0   1   1    0.0003     0.012   10.7   0.0     5    28    70    93    68   135 0.85 -
d1in4a2c.37.1.20     -            238 d3kb2a_c.37.1.1.aln  -            207    0.0072   11.4   0.0   1   1   0.00031     0.012   10.6   0.0     6    34    38    66    37    71 0.87 -
#
# Program:         hmmsearch
# Version:         3.1b2 (February 2015)
# Pipeline mode:   SEARCH
# Query file:      hmmModels30/d3kb2a_c.37.1.1.hmm
# Target file:     scop/scopTestSeq.fasta
# Option settings: hmmsearch --domtblout hmmModels30/d3kb2a_c.37.1.1.out -E 1 hmmModels30/d3kb2a_c.37.1.1.hmm scop/scopTestSeq.fasta 
# Current dir:     /home/anastasia/SBAS/TME8
# Date:            Sat Apr  8 15:33:57 2023
# [ok]
