#                                                                            --- full sequence --- -------------- this domain -------------   hmm coord   ali coord   env coord
# target name        accession   tlen query name           accession   qlen   E-value  score  bias   #  of  c-Evalue  i-Evalue  score  bias  from    to  from    to  from    to  acc description of target
#------------------- ---------- ----- -------------------- ---------- ----- --------- ------ ----- --- --- --------- --------- ------ ----- ----- ----- ----- ----- ----- ----- ---- ---------------------
d1i4ua_b.60.1.1      -            181 d3kffa_b.60.1.1.aln  -            170     2e-55  182.9   0.7   1   1     4e-57   2.3e-55  182.8   0.7     2   170    14   177    13   177 0.99 -
d1kt7a_b.60.1.1      -            175 d3kffa_b.60.1.1.aln  -            170   2.7e-54  179.2   0.1   1   1   5.4e-56     3e-54  179.1   0.1     2   167     3   175     2   175 0.99 -
d3s26a_b.60.1.1      -            176 d3kffa_b.60.1.1.aln  -            170   1.6e-53  176.8   0.1   1   1   3.1e-55   1.7e-53  176.6   0.1     2   169     5   175     4   176 0.98 -
d1kxoa_b.60.1.1      -            171 d3kffa_b.60.1.1.aln  -            170     1e-51  170.9   0.7   1   1     2e-53   1.1e-51  170.7   0.7     1   168     4   170     4   171 0.99 -
d1lf7a_b.60.1.1      -            171 d3kffa_b.60.1.1.aln  -            170   1.3e-49  164.0   0.0   1   1   2.5e-51   1.4e-49  163.9   0.0     3   169     2   162     1   163 0.98 -
d1x8qa_b.60.1.1      -            184 d3kffa_b.60.1.1.aln  -            170   1.5e-48  160.6   6.7   1   1   2.9e-50   1.6e-48  160.4   6.7     1   170     1   175     1   175 0.99 -
d1qwda_b.60.1.1      -            167 d3kffa_b.60.1.1.aln  -            170   2.6e-48  159.8   0.0   1   1   5.1e-50   2.9e-48  159.6   0.0     2   164    13   167    12   167 0.98 -
d1epba_b.60.1.1      -            160 d3kffa_b.60.1.1.aln  -            170     2e-45  150.4   0.1   1   1   3.8e-47   2.2e-45  150.3   0.1    11   168     1   154     1   156 0.98 -
d3saoa_b.60.1.1      -            155 d3kffa_b.60.1.1.aln  -            170   3.7e-45  149.5   0.5   1   1   7.2e-47   4.1e-45  149.4   0.5    17   169     1   149     1   150 0.98 -
d1qfta_b.60.1.1      -            175 d3kffa_b.60.1.1.aln  -            170   1.4e-44  147.6   8.7   1   1   2.8e-46   1.6e-44  147.5   8.7     2   169     8   174     7   175 0.98 -
d1dzka_b.60.1.1      -            148 d3kffa_b.60.1.1.aln  -            170   6.8e-38  125.9   0.1   1   1   1.3e-39   7.5e-38  125.7   0.1    18   168     2   148     1   148 0.98 -
d1xkia_b.60.1.1      -            139 d3kffa_b.60.1.1.aln  -            170   3.4e-35  117.1   0.0   1   1   6.7e-37   3.8e-35  116.9   0.0    18   162     1   138     1   139 0.98 -
d2joza1b.60.1.1      -            126 d3kffa_b.60.1.1.aln  -            170     2e-21   72.3   0.2   1   1   5.3e-23     3e-21   71.7   0.2     5   157     2   125     1   126 0.98 -
d3kffa_b.60.1.1      -            152 d3kffa_b.60.1.1.aln  -            170   2.3e-19   65.6   0.1   1   1   4.5e-21   2.5e-19   65.4   0.1    20   168     7   150     2   152 0.92 -
#
# Program:         hmmsearch
# Version:         3.1b2 (February 2015)
# Pipeline mode:   SEARCH
# Query file:      hmmModels30/d3kffa_b.60.1.1.hmm
# Target file:     scop/scopTestSeq.fasta
# Option settings: hmmsearch --domtblout hmmModels30/d3kffa_b.60.1.1.out -E 1 hmmModels30/d3kffa_b.60.1.1.hmm scop/scopTestSeq.fasta 
# Current dir:     /home/anastasia/SBAS/TME8
# Date:            Sat Apr  8 15:33:57 2023
# [ok]
