#                                                                            --- full sequence --- -------------- this domain -------------   hmm coord   ali coord   env coord
# target name        accession   tlen query name           accession   qlen   E-value  score  bias   #  of  c-Evalue  i-Evalue  score  bias  from    to  from    to  from    to  acc description of target
#------------------- ---------- ----- -------------------- ---------- ----- --------- ------ ----- --- --- --------- --------- ------ ----- ----- ----- ----- ----- ----- ----- ---- ---------------------
d3heba_c.23.1.0      -            142 d3ktoa_c.23.1.0.aln  -            132   1.2e-58  191.9   0.0   1   1   2.8e-60   1.4e-58  191.8   0.0     3   132     2   140     1   140 0.99 -
d3khta_c.23.1.0      -            132 d3ktoa_c.23.1.0.aln  -            132   8.6e-56  182.7   0.1   1   1   1.9e-57   9.5e-56  182.6   0.1     2   132     2   132     1   132 0.99 -
d3cfya_c.23.1.0      -            130 d3ktoa_c.23.1.0.aln  -            132   2.2e-50  165.2   0.1   1   1   4.9e-52   2.4e-50  165.1   0.1     2   132     3   129     2   129 0.99 -
d3eqza_c.23.1.0      -            124 d3ktoa_c.23.1.0.aln  -            132   1.9e-45  149.3   0.0   1   1   4.3e-47   2.1e-45  149.1   0.0     2   126     2   124     1   124 0.99 -
d2plna_c.23.1.0      -            118 d3ktoa_c.23.1.0.aln  -            132   9.5e-42  137.3   0.1   1   1   2.1e-43     1e-41  137.2   0.1     8   123     1   118     1   118 0.99 -
d1mb3a_c.23.1.1      -            123 d3ktoa_c.23.1.0.aln  -            132   1.7e-19   65.3   0.0   1   1   3.8e-21   1.9e-19   65.2   0.0     2   119     2   117     1   122 0.95 -
d1jbea_c.23.1.1      -            128 d3ktoa_c.23.1.0.aln  -            132     2e-17   58.6   0.0   1   1   4.8e-19   2.4e-17   58.4   0.0     5   112     7   114     5   124 0.92 -
d1dz3a_c.23.1.1      -            123 d3ktoa_c.23.1.0.aln  -            132   7.1e-17   56.8   0.0   1   1   1.7e-18   8.3e-17   56.6   0.0     3   119     3   118     1   121 0.93 -
d1kgsa2c.23.1.1      -            122 d3ktoa_c.23.1.0.aln  -            132     2e-16   55.4   0.1   1   1   4.5e-18   2.2e-16   55.2   0.1     2   123     2   118     1   122 0.86 -
d1k66a_c.23.1.1      -            149 d3ktoa_c.23.1.0.aln  -            132   2.1e-15   52.1   0.0   1   1   1.3e-16   6.4e-15   50.5   0.0     4   126     9   140     7   145 0.88 -
d2r25b_c.23.1.1      -            133 d3ktoa_c.23.1.0.aln  -            132   1.9e-14   49.0   0.1   1   1   4.4e-16   2.2e-14   48.8   0.1     2   115     3   119     2   130 0.84 -
d1s8na_c.23.1.1      -            190 d3ktoa_c.23.1.0.aln  -            132   3.7e-13   44.8   0.0   1   2   1.8e-14   8.9e-13   43.6   0.0     3   126     5   124     3   130 0.83 -
d1s8na_c.23.1.1      -            190 d3ktoa_c.23.1.0.aln  -            132   3.7e-13   44.8   0.0   2   2       2.3   1.1e+02   -2.1   0.0    60    78   158   176   156   178 0.84 -
d1dbwa_c.23.1.1      -            123 d3ktoa_c.23.1.0.aln  -            132   5.7e-11   37.7   0.0   1   1   1.4e-12   7.1e-11   37.4   0.0    46   111    46   109    17   121 0.83 -
d2b4aa1c.23.1.1      -            118 d3ktoa_c.23.1.0.aln  -            132   4.3e-07   25.2   0.0   1   1   1.1e-08   5.3e-07   24.9   0.0     3    86     4    85     3   116 0.79 -
d2v0na2c.23.1.1      -            153 d3ktoa_c.23.1.0.aln  -            132   1.2e-05   20.5   0.1   1   1   5.1e-07   2.5e-05   19.4   0.1     3   114    15   122    14   137 0.79 -
d3ktoa_c.23.1.0      -            122 d3ktoa_c.23.1.0.aln  -            132   0.00079   14.6   0.1   1   1     2e-05     0.001   14.3   0.1     6   108     5   105     1   118 0.74 -
#
# Program:         hmmsearch
# Version:         3.1b2 (February 2015)
# Pipeline mode:   SEARCH
# Query file:      hmmModels30/d3ktoa_c.23.1.0.hmm
# Target file:     scop/scopTestSeq.fasta
# Option settings: hmmsearch --domtblout hmmModels30/d3ktoa_c.23.1.0.out -E 1 hmmModels30/d3ktoa_c.23.1.0.hmm scop/scopTestSeq.fasta 
# Current dir:     /home/anastasia/SBAS/TME8
# Date:            Sat Apr  8 15:33:57 2023
# [ok]
