#                                                                            --- full sequence --- -------------- this domain -------------   hmm coord   ali coord   env coord
# target name        accession   tlen query name           accession   qlen   E-value  score  bias   #  of  c-Evalue  i-Evalue  score  bias  from    to  from    to  from    to  acc description of target
#------------------- ---------- ----- -------------------- ---------- ----- --------- ------ ----- --- --- --------- --------- ------ ----- ----- ----- ----- ----- ----- ----- ---- ---------------------
d1uuqa_c.1.8.3       -            410 d3n9ka_c.1.8.3.aln   -            350  4.6e-120  396.4  17.8   1   1  1.5e-121  5.2e-120  396.2  17.8     1   350     1   408     1   408 1.00 -
d1ur4a_c.1.8.3       -            387 d3n9ka_c.1.8.3.aln   -            350  8.3e-113  372.5  12.5   1   1  2.6e-114  9.4e-113  372.3  12.5     1   349     2   384     2   385 0.99 -
d1edga_c.1.8.3       -            380 d3n9ka_c.1.8.3.aln   -            350   1.7e-98  325.4  16.7   1   1  5.3e-100   1.9e-98  325.3  16.7     2   350    22   380    21   380 0.99 -
d1qw9a2c.1.8.3       -            367 d3n9ka_c.1.8.3.aln   -            350   1.2e-80  266.7   2.5   1   1   3.7e-82   1.3e-80  266.6   2.5     2   347    20   366    19   367 0.99 -
d1rh9a1c.1.8.3       -            370 d3n9ka_c.1.8.3.aln   -            350   2.7e-80  265.6   9.7   1   1   8.3e-82     3e-80  265.5   9.7     2   348     2   366     1   368 0.99 -
d1ecea_c.1.8.3       -            358 d3n9ka_c.1.8.3.aln   -            350   1.4e-74  246.8  15.3   1   1   4.5e-76   1.6e-74  246.6  15.3     2   348     5   357     4   358 0.99 -
d1hjua_c.1.8.3       -            332 d3n9ka_c.1.8.3.aln   -            350   4.3e-70  232.0  16.1   1   1   1.3e-71   4.8e-70  231.9  16.1    14   345     4   331     1   332 0.99 -
d2je8a5c.1.8.3       -            348 d3n9ka_c.1.8.3.aln   -            350   7.8e-69  227.9   6.1   1   1   2.4e-70   8.7e-69  227.7   6.1     2   348     9   348     8   348 0.99 -
d1qnra_c.1.8.3       -            344 d3n9ka_c.1.8.3.aln   -            350   1.6e-68  226.8  22.5   1   1   5.1e-70   1.8e-68  226.7  22.5     2   350     3   344     2   344 0.99 -
d1ceoa_c.1.8.3       -            340 d3n9ka_c.1.8.3.aln   -            350   2.5e-67  222.9   1.8   1   1   7.7e-69   2.8e-67  222.8   1.8    11   348     2   336     1   338 0.98 -
d1odza_c.1.8.3       -            381 d3n9ka_c.1.8.3.aln   -            350   3.1e-64  212.8  10.2   1   1   9.5e-66   3.4e-64  212.6  10.2     3   349    10   378     8   379 0.99 -
d1vjza_c.1.8.3       -            325 d3n9ka_c.1.8.3.aln   -            350   9.2e-63  207.9   0.2   1   1   2.8e-64     1e-62  207.8   0.2    18   347     2   321     1   324 0.98 -
d1w91a2c.1.8.3       -            347 d3n9ka_c.1.8.3.aln   -            350   4.3e-61  202.4   0.0   1   1   1.3e-62   4.8e-61  202.3   0.0     5   348     1   344     1   346 0.99 -
d1h1na_c.1.8.3       -            305 d3n9ka_c.1.8.3.aln   -            350   1.4e-57  190.8  13.5   1   1   4.8e-59   1.7e-57  190.6  13.5    11   341     5   301     2   305 0.98 -
d2nt0a2c.1.8.3       -            354 d3n9ka_c.1.8.3.aln   -            350   2.6e-57  190.0   0.0   1   1   8.1e-59   2.9e-57  189.8   0.0     6   349     1   352     1   353 0.99 -
d2vzsa5c.1.8.3       -            339 d3n9ka_c.1.8.3.aln   -            350   2.1e-56  187.0   1.7   1   1   6.4e-58   2.3e-56  186.9   1.7     3   346     6   338     4   339 0.99 -
d1bqca_c.1.8.3       -            302 d3n9ka_c.1.8.3.aln   -            350   5.7e-51  169.2   7.6   1   1   1.8e-52   6.3e-51  169.0   7.6     9   347     2   300     1   302 0.98 -
d1jz8a5c.1.8.3       -            292 d3n9ka_c.1.8.3.aln   -            350   1.2e-43  145.1   0.4   1   1   1.1e-44   4.1e-43  143.3   0.4     4   346     2   291     1   292 0.98 -
d7a3ha_c.1.8.3       -            300 d3n9ka_c.1.8.3.aln   -            350   9.6e-43  142.1  11.4   1   1   2.9e-44     1e-42  142.0  11.4     3   339     2   293     1   300 0.96 -
d1nofa2c.1.8.3       -            277 d3n9ka_c.1.8.3.aln   -            350   9.7e-37  122.3   3.7   1   1     3e-38   1.1e-36  122.2   3.7    15   345     2   276     1   277 0.99 -
d2v3ga_c.1.8.3       -            273 d3n9ka_c.1.8.3.aln   -            350   1.1e-36  122.2  22.2   1   1   3.4e-38   1.2e-36  122.0  22.2    15   333     2   270     1   273 0.98 -
d1i1wa_c.1.8.3       -            303 d3n9ka_c.1.8.3.aln   -            350   2.3e-36  121.1   5.3   1   1     7e-38   2.5e-36  121.0   5.3    14   347     6   301     1   303 0.97 -
#
# Program:         hmmsearch
# Version:         3.1b2 (February 2015)
# Pipeline mode:   SEARCH
# Query file:      hmmModels30/d3n9ka_c.1.8.3.hmm
# Target file:     scop/scopTestSeq.fasta
# Option settings: hmmsearch --domtblout hmmModels30/d3n9ka_c.1.8.3.out -E 1 hmmModels30/d3n9ka_c.1.8.3.hmm scop/scopTestSeq.fasta 
# Current dir:     /home/anastasia/SBAS/TME8
# Date:            Sat Apr  8 15:33:57 2023
# [ok]
