#                                                                            --- full sequence --- -------------- this domain -------------   hmm coord   ali coord   env coord
# target name        accession   tlen query name           accession   qlen   E-value  score  bias   #  of  c-Evalue  i-Evalue  score  bias  from    to  from    to  from    to  acc description of target
#------------------- ---------- ----- -------------------- ---------- ----- --------- ------ ----- --- --- --------- --------- ------ ----- ----- ----- ----- ----- ----- ----- ---- ---------------------
d1q33a_d.113.1.1     -            292 d3o69a_d.113.1.1.aln -            174   5.2e-87  285.7   0.0   1   1   1.4e-88   6.8e-87  285.4   0.0     1   174    88   274    88   274 0.99 -
d1g0sa_d.113.1.1     -            209 d3o69a_d.113.1.1.aln -            174   1.7e-52  173.3   0.9   1   1     4e-54     2e-52  173.2   0.9     2   173    33   209    32   209 0.99 -
d1vhza_d.113.1.1     -            186 d3o69a_d.113.1.1.aln -            174   1.8e-40  134.2   0.0   1   1   4.1e-42     2e-40  134.0   0.0     2   165    15   185    14   186 0.98 -
d1nqza_d.113.1.1     -            187 d3o69a_d.113.1.1.aln -            174   1.6e-38  127.9   0.0   1   1   3.6e-40   1.8e-38  127.7   0.0     2   173    10   179     9   180 0.98 -
d1v8ya_d.113.1.1     -            158 d3o69a_d.113.1.1.aln -            174   4.4e-38  126.4   0.1   1   1   9.9e-40   4.9e-38  126.3   0.1     1   162     1   158     1   158 0.98 -
d2b06a1d.113.1.1     -            155 d3o69a_d.113.1.1.aln -            174   2.2e-37  124.1   0.0   1   1   4.9e-39   2.4e-37  124.0   0.0    20   174     3   155     1   155 0.97 -
d3zr0a_d.113.1.1     -            154 d3o69a_d.113.1.1.aln -            174   2.5e-35  117.5   0.0   1   1   5.5e-37   2.7e-35  117.3   0.0    25   172     3   146     1   148 0.97 -
d1jkna_d.113.1.1     -            165 d3o69a_d.113.1.1.aln -            174   2.1e-33  111.2   0.0   1   1   4.5e-35   2.2e-33  111.1   0.0    15   173     4   160     1   161 0.97 -
d1sjya_d.113.1.1     -            158 d3o69a_d.113.1.1.aln -            174   2.6e-33  110.9   0.0   1   1     6e-35     3e-33  110.7   0.0    14   166     2   153     1   157 0.98 -
d1ktga_d.113.1.1     -            137 d3o69a_d.113.1.1.aln -            174   9.3e-33  109.1   0.0   1   1     2e-34     1e-32  109.0   0.0    24   155     3   134     1   137 0.97 -
d3a6sa_d.113.1.1     -            129 d3o69a_d.113.1.1.aln -            174   4.9e-32  106.7   0.4   1   1   1.1e-33   5.2e-32  106.6   0.4    24   152     2   127     1   129 0.97 -
d2azwa1d.113.1.1     -            147 d3o69a_d.113.1.1.aln -            174     6e-31  103.2   0.2   1   1   1.3e-32   6.4e-31  103.1   0.2    11   159     2   145     1   147 0.97 -
d2fvva1d.113.1.1     -            135 d3o69a_d.113.1.1.aln -            174   5.3e-29   96.9   0.3   1   1   1.2e-30   5.7e-29   96.8   0.3    14   149     2   132     1   135 0.94 -
d2b0va1d.113.1.1     -            146 d3o69a_d.113.1.1.aln -            174   7.7e-29   96.3   0.0   1   1   1.7e-30   8.2e-29   96.2   0.0    25   169     4   143     1   146 0.96 -
d1k2ea_d.113.1.1     -            152 d3o69a_d.113.1.1.aln -            174   2.3e-27   91.6   0.1   1   1   4.9e-29   2.4e-27   91.5   0.1    33   173    10   142     1   143 0.90 -
d3o69a_d.113.1.1     -            190 d3o69a_d.113.1.1.aln -            174    0.0009   14.7   0.1   1   1   2.5e-05    0.0012   14.3   0.1    17   115    36   138    27   162 0.80 -
#
# Program:         hmmsearch
# Version:         3.1b2 (February 2015)
# Pipeline mode:   SEARCH
# Query file:      hmmModels30/d3o69a_d.113.1.1.hmm
# Target file:     scop/scopTestSeq.fasta
# Option settings: hmmsearch --domtblout hmmModels30/d3o69a_d.113.1.1.out -E 1 hmmModels30/d3o69a_d.113.1.1.hmm scop/scopTestSeq.fasta 
# Current dir:     /home/anastasia/SBAS/TME8
# Date:            Sat Apr  8 15:33:58 2023
# [ok]
