#                                                                            --- full sequence --- -------------- this domain -------------   hmm coord   ali coord   env coord
# target name        accession   tlen query name           accession   qlen   E-value  score  bias   #  of  c-Evalue  i-Evalue  score  bias  from    to  from    to  from    to  acc description of target
#------------------- ---------- ----- -------------------- ---------- ----- --------- ------ ----- --- --- --------- --------- ------ ----- ----- ----- ----- ----- ----- ----- ---- ---------------------
d1ohwa_c.67.1.4      -            461 d3piua_c.67.1.4.aln  -            397  9.1e-178  586.4   0.0   1   1  1.4e-179    1e-177  586.3   0.0     1   397    13   458    13   458 1.00 -
d1zoda_c.67.1.4      -            431 d3piua_c.67.1.4.aln  -            397  4.8e-148  488.6   0.0   1   1  7.5e-150  5.4e-148  488.4   0.0     1   397     1   427     1   427 0.99 -
d1vefa1c.67.1.4      -            387 d3piua_c.67.1.4.aln  -            397  1.8e-124  411.0   0.0   1   1  2.7e-126    2e-124  410.8   0.0     5   396     1   385     1   386 0.99 -
d2bwna1c.67.1.4      -            396 d3piua_c.67.1.4.aln  -            397    4e-123  406.5   0.0   1   1  6.2e-125  4.4e-123  406.4   0.0     1   396     4   395     4   396 0.99 -
d1bs0a_c.67.1.4      -            383 d3piua_c.67.1.4.aln  -            397  1.2e-120  398.3   0.0   1   1  1.9e-122  1.4e-120  398.2   0.0     5   395     1   381     1   383 0.99 -
d2dkja_c.67.1.4      -            402 d3piua_c.67.1.4.aln  -            397  2.6e-114  377.5   0.0   1   1  4.1e-116  2.9e-114  377.3   0.0     1   395     4   401     4   402 0.99 -
d2fnua_c.67.1.4      -            373 d3piua_c.67.1.4.aln  -            397  6.8e-109  359.7   0.6   1   1  1.1e-110  7.6e-109  359.5   0.6     4   394     1   373     1   373 0.99 -
d1o69a_c.67.1.4      -            374 d3piua_c.67.1.4.aln  -            397  1.1e-105  349.1   0.1   1   1  1.7e-107  1.2e-105  348.9   0.1    16   396     2   372     1   373 0.99 -
d1w23a_c.67.1.4      -            360 d3piua_c.67.1.4.aln  -            397  1.1e-100  332.6   0.1   1   1  1.9e-102  1.4e-100  332.3   0.1    19   396     2   360     1   360 0.99 -
d2epja_c.67.1.0      -            426 d3piua_c.67.1.4.aln  -            397   6.9e-19   63.3   0.0   1   1   1.6e-20   1.1e-18   62.6   0.0    26   353    33   374    24   387 0.88 -
d2c81a_c.67.1.0      -            409 d3piua_c.67.1.4.aln  -            397   1.9e-08   28.9   0.0   1   1   3.4e-10   2.5e-08   28.6   0.0    38   185    38   177    13   207 0.81 -
#
# Program:         hmmsearch
# Version:         3.1b2 (February 2015)
# Pipeline mode:   SEARCH
# Query file:      hmmModels30/d3piua_c.67.1.4.hmm
# Target file:     scop/scopTestSeq.fasta
# Option settings: hmmsearch --domtblout hmmModels30/d3piua_c.67.1.4.out -E 1 hmmModels30/d3piua_c.67.1.4.hmm scop/scopTestSeq.fasta 
# Current dir:     /home/anastasia/SBAS/TME8
# Date:            Sat Apr  8 15:33:58 2023
# [ok]
