#                                                                            --- full sequence --- -------------- this domain -------------   hmm coord   ali coord   env coord
# target name        accession   tlen query name           accession   qlen   E-value  score  bias   #  of  c-Evalue  i-Evalue  score  bias  from    to  from    to  from    to  acc description of target
#------------------- ---------- ----- -------------------- ---------- ----- --------- ------ ----- --- --- --------- --------- ------ ----- ----- ----- ----- ----- ----- ----- ---- ---------------------
d2nuja1d.38.1.1      -            159 d3qy3a1d.38.1.1.aln  -            140   1.3e-56  185.9   0.0   1   1   2.8e-58   1.5e-56  185.7   0.0     2   139    20   155    19   156 0.98 -
d2hlja1d.38.1.1      -            156 d3qy3a1d.38.1.1.aln  -            140   3.3e-44  145.7   0.0   1   1     7e-46   3.7e-44  145.5   0.0     2   140     1   140     1   140 0.98 -
d2hx5a1d.38.1.1      -            144 d3qy3a1d.38.1.1.aln  -            140   5.4e-44  145.0   0.0   1   1   1.1e-45     6e-44  144.9   0.0     2   137     3   143     2   144 0.99 -
d1vpma_d.38.1.1      -            155 d3qy3a1d.38.1.1.aln  -            140   3.4e-43  142.4   0.1   1   1   7.2e-45   3.8e-43  142.3   0.1     2   139     7   139     6   140 0.98 -
d1lo7a_d.38.1.1      -            140 d3qy3a1d.38.1.1.aln  -            140   4.3e-41  135.6   0.0   1   1   8.9e-43   4.7e-41  135.5   0.0     4   137     2   140     1   140 0.97 -
d2oafa1d.38.1.1      -            143 d3qy3a1d.38.1.1.aln  -            140   9.9e-41  134.4   0.0   1   1   2.1e-42   1.1e-40  134.3   0.0     2   138     5   141     4   143 0.98 -
d2gf6a1d.38.1.1      -            134 d3qy3a1d.38.1.1.aln  -            140   1.6e-40  133.8   0.0   1   1   3.2e-42   1.7e-40  133.7   0.0     2   136     2   133     1   134 0.97 -
d3bjka_d.38.1.1      -            140 d3qy3a1d.38.1.1.aln  -            140   6.9e-40  131.7   0.0   1   1   1.4e-41   7.4e-40  131.6   0.0     4   136     3   133     1   137 0.97 -
d2oiwa1d.38.1.1      -            131 d3qy3a1d.38.1.1.aln  -            140   8.7e-38  124.9   0.5   1   1   1.8e-39   9.6e-38  124.8   0.5     5   140     1   130     1   130 0.99 -
d1s5ua_d.38.1.1      -            129 d3qy3a1d.38.1.1.aln  -            140   4.3e-37  122.6   0.8   1   1   8.9e-39   4.7e-37  122.5   0.8     5   133     2   128     1   129 0.95 -
d1njka_d.38.1.1      -            133 d3qy3a1d.38.1.1.aln  -            140   7.1e-37  121.9   0.0   1   1   1.5e-38   7.7e-37  121.8   0.0     5   138     1   132     1   133 0.98 -
d2gvha1d.38.1.1      -            135 d3qy3a1d.38.1.1.aln  -            140   3.6e-36  119.7   0.2   1   1   7.5e-38   3.9e-36  119.5   0.2     2   136     5   134     4   135 0.98 -
d3qy3a1d.38.1.1      -            130 d3qy3a1d.38.1.1.aln  -            140   1.4e-08   30.2   0.3   1   1   4.3e-10   2.3e-08   29.6   0.3    11    46     9    44     3   130 0.82 -
d1wlua_d.38.1.5      -            117 d3qy3a1d.38.1.1.aln  -            140    0.0011   14.4   0.2   1   1   8.1e-05    0.0042   12.5   0.2    11    39    26    54    17   112 0.76 -
d2hboa1d.38.1.5      -            142 d3qy3a1d.38.1.1.aln  -            140    0.0054   12.2   0.0   1   1   0.00016    0.0085   11.5   0.0     7    41    33    67    29    81 0.84 -
#
# Program:         hmmsearch
# Version:         3.1b2 (February 2015)
# Pipeline mode:   SEARCH
# Query file:      hmmModels30/d3qy3a1d.38.1.1.hmm
# Target file:     scop/scopTestSeq.fasta
# Option settings: hmmsearch --domtblout hmmModels30/d3qy3a1d.38.1.1.out -E 1 hmmModels30/d3qy3a1d.38.1.1.hmm scop/scopTestSeq.fasta 
# Current dir:     /home/anastasia/SBAS/TME8
# Date:            Sat Apr  8 15:33:58 2023
# [ok]
