#                                                                            --- full sequence --- -------------- this domain -------------   hmm coord   ali coord   env coord
# target name        accession   tlen query name           accession   qlen   E-value  score  bias   #  of  c-Evalue  i-Evalue  score  bias  from    to  from    to  from    to  acc description of target
#------------------- ---------- ----- -------------------- ---------- ----- --------- ------ ----- --- --- --------- --------- ------ ----- ----- ----- ----- ----- ----- ----- ---- ---------------------
d1i4ua_b.60.1.1      -            181 d3saoa_b.60.1.1.aln  -            169   4.1e-55  182.0   0.8   1   1   8.2e-57   4.6e-55  181.8   0.8     1   169    12   177    12   177 0.99 -
d1kt7a_b.60.1.1      -            175 d3saoa_b.60.1.1.aln  -            169   7.2e-55  181.2   0.2   1   1   1.4e-56     8e-55  181.0   0.2     2   166     2   175     1   175 0.99 -
d3s26a_b.60.1.1      -            176 d3saoa_b.60.1.1.aln  -            169   3.8e-52  172.3   0.1   1   1   7.4e-54   4.2e-52  172.2   0.1     3   168     5   175     3   176 0.98 -
d1kxoa_b.60.1.1      -            171 d3saoa_b.60.1.1.aln  -            169   5.6e-50  165.3   0.6   1   1   1.1e-51   6.2e-50  165.1   0.6     2   167     4   170     3   171 0.98 -
d1x8qa_b.60.1.1      -            184 d3saoa_b.60.1.1.aln  -            169   6.7e-50  165.0   6.8   1   1   1.3e-51   7.5e-50  164.8   6.8     2   169     1   175     1   175 0.99 -
d1qwda_b.60.1.1      -            167 d3saoa_b.60.1.1.aln  -            169   7.1e-49  161.7   0.0   1   1   1.4e-50     8e-49  161.5   0.0     2   163    12   167    11   167 0.98 -
d1lf7a_b.60.1.1      -            171 d3saoa_b.60.1.1.aln  -            169   2.3e-48  160.0   0.0   1   1   4.6e-50   2.6e-48  159.8   0.0     4   168     2   162     1   163 0.98 -
d1epba_b.60.1.1      -            160 d3saoa_b.60.1.1.aln  -            169   3.7e-46  152.8   0.1   1   1   7.3e-48   4.1e-46  152.7   0.1    12   167     1   154     1   156 0.99 -
d3kffa_b.60.1.1      -            152 d3saoa_b.60.1.1.aln  -            169   4.7e-46  152.5   0.2   1   1   9.1e-48   5.1e-46  152.4   0.2    16   168     2   151     1   152 0.98 -
d1qfta_b.60.1.1      -            175 d3saoa_b.60.1.1.aln  -            169   1.9e-43  144.0   9.0   1   1   3.7e-45   2.1e-43  143.9   9.0     1   168     1   174     1   175 0.99 -
d1dzka_b.60.1.1      -            148 d3saoa_b.60.1.1.aln  -            169   7.8e-37  122.5   0.2   1   1   1.5e-38   8.5e-37  122.4   0.2    19   167     2   148     1   148 0.98 -
d1xkia_b.60.1.1      -            139 d3saoa_b.60.1.1.aln  -            169   3.2e-33  110.7   0.0   1   1   6.2e-35   3.5e-33  110.6   0.0    20   161     2   138     1   139 0.98 -
d2joza1b.60.1.1      -            126 d3saoa_b.60.1.1.aln  -            169   7.5e-22   73.7   0.1   1   1   1.5e-23   8.3e-22   73.6   0.1    27   164     2   125     1   126 0.98 -
d3saoa_b.60.1.1      -            155 d3saoa_b.60.1.1.aln  -            169   2.4e-19   65.6   0.2   1   1   4.7e-21   2.7e-19   65.4   0.2    19   166     2   147     1   150 0.88 -
#
# Program:         hmmsearch
# Version:         3.1b2 (February 2015)
# Pipeline mode:   SEARCH
# Query file:      hmmModels30/d3saoa_b.60.1.1.hmm
# Target file:     scop/scopTestSeq.fasta
# Option settings: hmmsearch --domtblout hmmModels30/d3saoa_b.60.1.1.out -E 1 hmmModels30/d3saoa_b.60.1.1.hmm scop/scopTestSeq.fasta 
# Current dir:     /home/anastasia/SBAS/TME8
# Date:            Sat Apr  8 15:33:58 2023
# [ok]
