#                                                                            --- full sequence --- -------------- this domain -------------   hmm coord   ali coord   env coord
# target name        accession   tlen query name           accession   qlen   E-value  score  bias   #  of  c-Evalue  i-Evalue  score  bias  from    to  from    to  from    to  acc description of target
#------------------- ---------- ----- -------------------- ---------- ----- --------- ------ ----- --- --- --------- --------- ------ ----- ----- ----- ----- ----- ----- ----- ---- ---------------------
d1vr5a1c.94.1.1      -            535 d3thia_c.94.1.1.aln  -            311  5.9e-112  369.7   9.4   1   1  2.7e-113    8e-112  369.3   9.4     1   311   117   471   117   471 1.00 -
d1jeta_c.94.1.1      -            517 d3thia_c.94.1.1.aln  -            311  2.8e-104  344.6  10.3   1   2       1.4        41   -0.8   0.0   269   288   101   120    64   130 0.85 -
d1jeta_c.94.1.1      -            517 d3thia_c.94.1.1.aln  -            311  2.8e-104  344.6  10.3   2   2  9.4e-106  2.8e-104  344.6  10.3     1   311   142   466   142   466 1.00 -
d1xoca1c.94.1.1      -            504 d3thia_c.94.1.1.aln  -            311   2.8e-91  301.8  16.9   1   1   1.3e-92   3.7e-91  301.5  16.9     1   311   119   454   119   454 1.00 -
d2nooa_c.94.1.1      -            496 d3thia_c.94.1.1.aln  -            311   1.6e-90  299.4   0.3   1   1   8.5e-92   2.5e-90  298.7   0.3     1   311   113   448   113   448 1.00 -
d3vlva_c.94.1.1      -            490 d3thia_c.94.1.1.aln  -            311   2.2e-83  275.9   9.0   1   1   9.3e-85   2.7e-83  275.6   9.0     1   311   118   449   118   449 1.00 -
d1uqwa_c.94.1.1      -            487 d3thia_c.94.1.1.aln  -            311   1.3e-81  270.1  10.1   1   1   6.4e-83   1.9e-81  269.6  10.1     1   311   116   439   116   439 1.00 -
d1eu8a_c.94.1.1      -            407 d3thia_c.94.1.1.aln  -            311   1.2e-66  220.9   5.7   1   1   5.1e-68   1.5e-66  220.6   5.7     1   310    94   403    94   404 0.99 -
d1ursa_c.94.1.1      -            367 d3thia_c.94.1.1.aln  -            311   5.7e-54  179.3   6.7   1   1   2.5e-55   7.2e-54  179.0   6.7     1   310    65   367    65   367 1.00 -
d1r9la_c.94.1.1      -            309 d3thia_c.94.1.1.aln  -            311   3.8e-39  130.7  11.2   1   1   1.4e-40   4.2e-39  130.5  11.2     1   303     9   309     9   309 0.99 -
d1q35a_c.94.1.1      -            318 d3thia_c.94.1.1.aln  -            311   1.8e-36  121.9   2.5   1   1   7.4e-38   2.2e-36  121.6   2.5     5   310     5   311     2   312 0.98 -
d1sbpa_c.94.1.1      -            309 d3thia_c.94.1.1.aln  -            311   1.5e-32  109.0   9.2   1   1   5.5e-34   1.6e-32  108.9   9.2     4   308     2   300     1   303 0.99 -
d1ixha_c.94.1.1      -            321 d3thia_c.94.1.1.aln  -            311   1.7e-32  108.8  10.8   1   1   6.3e-34   1.9e-32  108.7  10.8     6   311     3   321     1   321 0.99 -
d1nnfa_c.94.1.1      -            308 d3thia_c.94.1.1.aln  -            311   6.1e-31  103.7  10.9   1   1   2.2e-32   6.5e-31  103.6  10.9    21   309    20   306     1   308 0.94 -
d1pb7a_c.94.1.1      -            289 d3thia_c.94.1.1.aln  -            311   1.4e-30  102.5   0.0   1   1   5.3e-32   1.5e-30  102.4   0.0     1   292     1   288     1   289 0.99 -
d2i6ea1c.94.1.1      -            272 d3thia_c.94.1.1.aln  -            311   3.3e-28   94.7   0.0   1   1   1.2e-29   3.6e-28   94.6   0.0    12   277     2   271     1   272 0.93 -
d2nxoa1c.94.1.1      -            277 d3thia_c.94.1.1.aln  -            311   1.6e-26   89.2   0.0   1   1   6.1e-28   1.8e-26   89.0   0.0    11   283     2   274     1   277 0.98 -
d1us5a_c.94.1.1      -            298 d3thia_c.94.1.1.aln  -            311   5.6e-21   71.0   0.3   1   1   2.1e-22   6.1e-21   70.9   0.3    10   300     6   296     1   298 0.96 -
d1twya_c.94.1.1      -            249 d3thia_c.94.1.1.aln  -            311   1.4e-19   66.4   0.1   1   1   5.5e-21   1.6e-19   66.2   0.1    44   286    14   247     2   249 0.97 -
d1xt8a1c.94.1.1      -            248 d3thia_c.94.1.1.aln  -            311   6.5e-19   64.2   4.0   1   1   2.4e-20     7e-19   64.1   4.0    29   276     4   242     1   248 0.95 -
d1ii5a_c.94.1.1      -            226 d3thia_c.94.1.1.aln  -            311   8.6e-19   63.8   0.4   1   1   3.4e-20   9.9e-19   63.6   0.4    30   261     3   221     1   224 0.97 -
d1sw5a_c.94.1.1      -            270 d3thia_c.94.1.1.aln  -            311   6.4e-18   60.9   2.8   1   1   2.6e-19   7.5e-18   60.7   2.8    15   286     7   265     1   269 0.96 -
d2czla1c.94.1.1      -            270 d3thia_c.94.1.1.aln  -            311   1.9e-16   56.1   0.0   1   1   8.2e-18   2.4e-16   55.8   0.0    18   274     8   257     2   269 0.93 -
d2ozza1c.94.1.1      -            228 d3thia_c.94.1.1.aln  -            311   2.2e-16   55.9   0.0   1   1   8.3e-18   2.4e-16   55.8   0.0    29   256     3   220     1   228 0.95 -
d1atga_c.94.1.1      -            231 d3thia_c.94.1.1.aln  -            311   1.1e-12   43.8   1.0   1   1   4.2e-14   1.2e-12   43.6   1.0    31   252    23   229     9   231 0.97 -
d1al3a_c.94.1.1      -            237 d3thia_c.94.1.1.aln  -            311   3.2e-12   42.2   0.0   1   1   1.1e-13   3.3e-12   42.2   0.0    10   256     4   231     1   237 0.93 -
d2esna2c.94.1.1      -            212 d3thia_c.94.1.1.aln  -            311   3.6e-10   35.5   0.0   1   1   1.5e-11   4.3e-10   35.2   0.0    93   267    50   211    41   212 0.95 -
d2qmwa1c.94.1.1      -            184 d3thia_c.94.1.1.aln  -            311   0.00015   17.0   0.1   1   1     6e-06   0.00017   16.8   0.1   113   250    50   183     4   184 0.92 -
#
# Program:         hmmsearch
# Version:         3.1b2 (February 2015)
# Pipeline mode:   SEARCH
# Query file:      hmmModels30/d3thia_c.94.1.1.hmm
# Target file:     scop/scopTestSeq.fasta
# Option settings: hmmsearch --domtblout hmmModels30/d3thia_c.94.1.1.out -E 1 hmmModels30/d3thia_c.94.1.1.hmm scop/scopTestSeq.fasta 
# Current dir:     /home/anastasia/SBAS/TME8
# Date:            Sat Apr  8 15:33:58 2023
# [ok]
