#                                                                            --- full sequence --- -------------- this domain -------------   hmm coord   ali coord   env coord
# target name        accession   tlen query name           accession   qlen   E-value  score  bias   #  of  c-Evalue  i-Evalue  score  bias  from    to  from    to  from    to  acc description of target
#------------------- ---------- ----- -------------------- ---------- ----- --------- ------ ----- --- --- --------- --------- ------ ----- ----- ----- ----- ----- ----- ----- ---- ---------------------
d3r6ua_c.94.1.0      -            272 d3tqla_c.94.1.0.aln  -            235  6.3e-101  332.3   1.5   1   1    1e-102  7.2e-101  332.2   1.5     2   235     1   246     1   246 0.99 -
d2q88a_c.94.1.0      -            257 d3tqla_c.94.1.0.aln  -            235   1.8e-89  294.8   0.0   1   1   2.9e-91   2.1e-89  294.6   0.0     1   235    12   250    12   250 0.99 -
d3delb_c.94.1.0      -            232 d3tqla_c.94.1.0.aln  -            235   5.6e-87  286.7   0.0   1   1   8.8e-89   6.3e-87  286.5   0.0     2   235     2   232     1   232 0.99 -
d3kzga_c.94.1.0      -            228 d3tqla_c.94.1.0.aln  -            235   7.5e-85  279.7   0.1   1   1   1.2e-86   8.4e-85  279.6   0.1     2   224     3   228     2   228 0.99 -
d3h7ma_c.94.1.0      -            228 d3tqla_c.94.1.0.aln  -            235   9.1e-81  266.4   0.0   1   1   1.4e-82     1e-80  266.2   0.0     2   228     6   227     5   228 0.99 -
d3i6va_c.94.1.0      -            218 d3tqla_c.94.1.0.aln  -            235   1.6e-76  252.5   0.0   1   1   2.4e-78   1.7e-76  252.4   0.0     2   231     1   218     1   218 0.99 -
d3tqla_c.94.1.0      -            227 d3tqla_c.94.1.0.aln  -            235   4.3e-36  120.2   0.0   1   1   6.8e-38   4.9e-36  120.0   0.0     5   224     6   227     2   227 0.89 -
d1xt8a1c.94.1.1      -            248 d3tqla_c.94.1.0.aln  -            235   1.6e-12   43.0   0.4   1   2   6.2e-14   4.4e-12   41.6   0.3     5   175    15   186    11   233 0.73 -
d1xt8a1c.94.1.1      -            248 d3tqla_c.94.1.0.aln  -            235   1.6e-12   43.0   0.4   2   2      0.45        32   -0.5   0.0    72   113   203   246   188   248 0.59 -
d1ii5a_c.94.1.1      -            226 d3tqla_c.94.1.0.aln  -            235   2.2e-08   29.4   0.0   1   1   3.8e-10   2.7e-08   29.2   0.0    10   224    12   225     6   226 0.81 -
d1sw5a_c.94.1.1      -            270 d3tqla_c.94.1.0.aln  -            235   9.8e-05   17.5   0.0   1   1   2.3e-06   0.00016   16.8   0.0    95   207   102   213    95   229 0.88 -
d1pb7a_c.94.1.1      -            289 d3tqla_c.94.1.0.aln  -            235   0.00046   15.3   0.0   1   2   1.4e-05     0.001   14.2   0.0    46    98   100   152    94   217 0.84 -
d1pb7a_c.94.1.1      -            289 d3tqla_c.94.1.0.aln  -            235   0.00046   15.3   0.0   2   2       4.1   2.9e+02   -3.7   0.0   187   210   246   266   245   282 0.52 -
#
# Program:         hmmsearch
# Version:         3.1b2 (February 2015)
# Pipeline mode:   SEARCH
# Query file:      hmmModels30/d3tqla_c.94.1.0.hmm
# Target file:     scop/scopTestSeq.fasta
# Option settings: hmmsearch --domtblout hmmModels30/d3tqla_c.94.1.0.out -E 1 hmmModels30/d3tqla_c.94.1.0.hmm scop/scopTestSeq.fasta 
# Current dir:     /home/anastasia/SBAS/TME8
# Date:            Sat Apr  8 15:33:58 2023
# [ok]
