#                                                                            --- full sequence --- -------------- this domain -------------   hmm coord   ali coord   env coord
# target name        accession   tlen query name           accession   qlen   E-value  score  bias   #  of  c-Evalue  i-Evalue  score  bias  from    to  from    to  from    to  acc description of target
#------------------- ---------- ----- -------------------- ---------- ----- --------- ------ ----- --- --- --------- --------- ------ ----- ----- ----- ----- ----- ----- ----- ---- ---------------------
d1vr5a1c.94.1.1      -            535 d3vlva_c.94.1.1.aln  -            321    5e-111  366.2  11.0   1   1  2.5e-112  6.8e-111  365.7  11.0     1   321    17   414    17   414 1.00 -
d1jeta_c.94.1.1      -            517 d3vlva_c.94.1.1.aln  -            321    8e-103  339.3  11.1   1   1  3.7e-104    1e-102  338.9  11.1     1   321    24   410    24   410 1.00 -
d1uqwa_c.94.1.1      -            487 d3vlva_c.94.1.1.aln  -            321   1.6e-94  312.0   9.5   1   1   9.5e-96   2.6e-94  311.3   9.5     1   320    14   388    14   389 1.00 -
d2nooa_c.94.1.1      -            496 d3vlva_c.94.1.1.aln  -            321   4.1e-88  290.9   2.5   1   1   1.8e-89   4.8e-88  290.7   2.5     3   321    13   392    11   392 0.99 -
d1xoca1c.94.1.1      -            504 d3vlva_c.94.1.1.aln  -            321     2e-77  255.9  15.3   1   2   7.2e-79     2e-77  255.9  15.3     1   321    17   399    17   399 0.99 -
d1xoca1c.94.1.1      -            504 d3vlva_c.94.1.1.aln  -            321     2e-77  255.9  15.3   2   2       1.8        50   -1.5   1.2   182   235   438   490   407   497 0.70 -
d1eu8a_c.94.1.1      -            407 d3vlva_c.94.1.1.aln  -            321   3.3e-66  219.0   7.6   1   1   1.4e-67   3.8e-66  218.8   7.6     4   320     4   374     1   375 0.99 -
d1ursa_c.94.1.1      -            367 d3vlva_c.94.1.1.aln  -            321   9.7e-56  184.7   8.9   1   1   4.1e-57   1.1e-55  184.5   8.9     6   320     2   338     1   339 0.99 -
d3thia_c.94.1.1      -            362 d3vlva_c.94.1.1.aln  -            321   2.6e-46  153.7   0.2   1   1     1e-47   2.8e-46  153.6   0.2     6   320     4   345     1   346 0.99 -
d1r9la_c.94.1.1      -            309 d3vlva_c.94.1.1.aln  -            321   1.7e-43  144.5  10.1   1   1   6.7e-45   1.8e-43  144.4  10.1     2   308     3   304     2   309 0.98 -
d1q35a_c.94.1.1      -            318 d3vlva_c.94.1.1.aln  -            321   3.5e-39  130.3   3.8   1   1   1.4e-40   3.9e-39  130.2   3.8     9   313     3   305     1   313 0.97 -
d1nnfa_c.94.1.1      -            308 d3vlva_c.94.1.1.aln  -            321   1.6e-36  121.6  12.7   1   1   6.6e-38   1.8e-36  121.4  12.7    11   317     3   305     1   308 0.97 -
d1sbpa_c.94.1.1      -            309 d3vlva_c.94.1.1.aln  -            321   1.3e-35  118.6   9.7   1   1   5.3e-37   1.4e-35  118.5   9.7     3   321     3   307     1   307 0.98 -
d1ixha_c.94.1.1      -            321 d3vlva_c.94.1.1.aln  -            321   1.2e-32  108.9  11.7   1   1   4.7e-34   1.3e-32  108.8  11.7     7   319     6   319     1   321 0.97 -
d1pb7a_c.94.1.1      -            289 d3vlva_c.94.1.1.aln  -            321   4.9e-31  103.6   0.0   1   1     2e-32   5.5e-31  103.4   0.0     2   307     2   289     1   289 0.97 -
d2nxoa1c.94.1.1      -            277 d3vlva_c.94.1.1.aln  -            321   5.9e-27   90.2   0.0   1   1   2.3e-28   6.3e-27   90.1   0.0     8   295     5   275     1   277 0.94 -
d1us5a_c.94.1.1      -            298 d3vlva_c.94.1.1.aln  -            321   8.6e-27   89.6   0.1   1   1   3.5e-28   9.4e-27   89.5   0.1     5   300    12   293     8   298 0.97 -
d1sw5a_c.94.1.1      -            270 d3vlva_c.94.1.1.aln  -            321   7.4e-22   73.4   4.7   1   1     3e-23   8.2e-22   73.3   4.7     8   298     3   270     1   270 0.96 -
d2i6ea1c.94.1.1      -            272 d3vlva_c.94.1.1.aln  -            321   3.4e-21   71.3   0.0   1   1   1.5e-22     4e-21   71.0   0.0     5   285     1   268     1   272 0.94 -
d2czla1c.94.1.1      -            270 d3vlva_c.94.1.1.aln  -            321   1.5e-20   69.2   0.0   1   1   5.9e-22   1.6e-20   69.0   0.0     6   293     2   265     1   270 0.95 -
d1twya_c.94.1.1      -            249 d3vlva_c.94.1.1.aln  -            321   5.1e-20   67.4   0.0   1   1   2.2e-21     6e-20   67.2   0.0    13   275     7   246     2   249 0.93 -
d1al3a_c.94.1.1      -            237 d3vlva_c.94.1.1.aln  -            321   2.3e-17   58.7   0.0   1   1   9.3e-19   2.5e-17   58.6   0.0     1   272     1   236     1   237 0.98 -
d1atga_c.94.1.1      -            231 d3vlva_c.94.1.1.aln  -            321   3.3e-17   58.2   1.0   1   1   1.4e-18   3.8e-17   58.0   1.0    12   262     5   229     2   231 0.97 -
d1xt8a1c.94.1.1      -            248 d3vlva_c.94.1.1.aln  -            321   3.8e-16   54.7   5.4   1   1   1.6e-17   4.4e-16   54.5   5.4    17   287     9   244     2   248 0.96 -
d1i6aa_c.94.1.1      -            212 d3vlva_c.94.1.1.aln  -            321   1.9e-12   42.5   0.0   1   1   7.9e-14   2.1e-12   42.4   0.0     5   261     4   211     1   212 0.96 -
d1ii5a_c.94.1.1      -            226 d3vlva_c.94.1.1.aln  -            321   4.5e-12   41.3   0.1   1   1     2e-13   5.4e-12   41.0   0.1    21   268    17   224     6   226 0.95 -
d2ozza1c.94.1.1      -            228 d3vlva_c.94.1.1.aln  -            321   2.7e-08   28.9   0.0   1   1   1.2e-09   3.2e-08   28.7   0.0     6   268     6   221     1   228 0.97 -
d1ve4a1c.94.1.1      -            206 d3vlva_c.94.1.1.aln  -            321   8.3e-08   27.3   0.0   1   1   3.3e-09   8.9e-08   27.2   0.0    47   204    38   159    17   202 0.90 -
d2esna2c.94.1.1      -            212 d3vlva_c.94.1.1.aln  -            321   6.6e-07   24.4   0.0   1   1     6e-08   1.6e-06   23.1   0.0    10   266     2   210     1   212 0.93 -
d1ixca2c.94.1.1      -            205 d3vlva_c.94.1.1.aln  -            321   1.9e-06   22.8   0.0   1   1   1.2e-07   3.3e-06   22.0   0.0     8   200     4   161     2   204 0.93 -
#
# Program:         hmmsearch
# Version:         3.1b2 (February 2015)
# Pipeline mode:   SEARCH
# Query file:      hmmModels30/d3vlva_c.94.1.1.hmm
# Target file:     scop/scopTestSeq.fasta
# Option settings: hmmsearch --domtblout hmmModels30/d3vlva_c.94.1.1.out -E 1 hmmModels30/d3vlva_c.94.1.1.hmm scop/scopTestSeq.fasta 
# Current dir:     /home/anastasia/SBAS/TME8
# Date:            Sat Apr  8 15:33:58 2023
# [ok]
